train losses      0:	0.6738	0.6645	  0.58	0.5247	0.7826	0.8046	0.6254	0.5691	 1.562	 1.601	 1.522	 1.516	
val losses        0:	 0.566	0.5707	0.6138	0.6194	 1.235	 1.443	 3.927	 1.641	 2.675	 2.665	 1.457	 1.606	 | 1.585 mean
                     	 1.492	 1.581	 1.555	  1.43	   3.3	 3.533	 5.041	 2.751	 6.964	  6.98	 3.813	 4.141	 | 4.617 quantile
                      	 4.862	 5.826	 3.202	 3.721	 7.114	 6.352	 6.747	 4.143	 12.98	 12.55	 6.018	 6.027	 | 12.98 max

train losses      2:	 0.634	0.6073	0.4821	0.4748	0.7264	0.7524	0.6034	0.5716	  1.49	  1.56	 1.488	  1.51	
val losses        2:	 1.054	0.6098	0.5368	0.5483	 1.198	 0.954	0.8321	0.6114	 2.811	 2.806	  1.84	 1.589	 | 1.282 mean
                     	 1.968	 1.556	 1.281	 1.258	 2.976	 2.693	 1.858	 1.495	 7.086	 7.157	 4.545	 3.661	 | 4.126 quantile
                      	 5.167	 5.127	 2.454	  3.11	 6.877	 7.075	 3.246	 2.825	 13.87	 13.24	 6.444	 6.996	 | 13.87 max

train losses      4:	0.5244	0.5341	0.4345	0.4309	0.6273	0.6741	0.5295	0.5298	 1.358	 1.483	 1.439	 1.463	
val losses        4:	0.4286	0.4481	0.4165	0.4615	0.7772	0.8771	0.5083	0.4855	 2.085	 2.433	  1.35	 1.342	 | 0.9678 mean
                     	 1.143	 1.253	 1.025	 1.161	 2.115	 2.438	 1.255	 1.268	 5.389	 6.383	 3.205	 3.336	 | 3.327 quantile
                      	 3.383	 4.211	 2.564	 3.333	 6.234	 6.267	 2.382	 2.571	 11.06	 12.27	 6.012	 5.896	 | 12.27 max

train losses      6:	0.4538	 0.492	0.4017	0.4083	0.5689	0.6362	0.5073	0.5147	 1.175	 1.363	 1.386	 1.425	
val losses        6:	 0.407	0.4454	0.3539	0.3556	0.7604	0.8483	0.4761	0.4759	 1.783	  2.22	 1.327	 1.327	 | 0.8984 mean
                     	 1.076	 1.236	0.8897	0.9269	 2.007	 2.333	 1.195	 1.255	 4.642	 5.899	 3.074	 3.234	 | 3.049 quantile
                      	  3.58	 4.348	 2.118	 2.877	 5.949	 6.038	 2.381	 2.554	 10.35	 11.72	  5.71	 5.906	 | 11.72 max

train losses      8:	0.4336	0.4887	0.4036	0.4135	0.5206	0.6137	 0.503	0.5075	0.9621	 1.186	 1.324	  1.38	
val losses        8:	0.3798	 0.465	  0.36	0.3601	0.6752	0.8278	0.4841	 0.484	 1.407	 1.888	 1.286	   1.3	 | 0.8265 mean
                     	 1.038	 1.309	0.9068	 0.932	 1.888	 2.341	 1.222	 1.267	  3.74	 5.079	 2.913	 3.144	 | 2.694 quantile
                      	 3.171	 4.238	 2.242	 2.994	 5.583	 5.906	 2.191	 2.541	 9.369	 11.02	 5.473	 5.602	 | 11.02 max

train losses     10:	0.4222	0.4745	0.4103	 0.419	0.5017	0.5816	 0.515	0.5071	0.7948	0.9725	 1.261	 1.319	
val losses       10:	0.3531	0.4387	0.3632	0.3504	0.6528	0.7558	0.5016	0.4787	 1.055	 1.504	 1.214	 1.248	 | 0.7429 mean
                     	0.9752	 1.218	0.9121	0.8959	 1.851	 2.193	 1.254	  1.26	 2.928	 4.142	 2.755	 2.996	 | 2.337 quantile
                      	 3.016	 3.866	 2.149	 2.874	 5.077	 5.815	 2.288	 2.735	 8.028	 10.06	 5.061	  5.28	 | 10.06 max

train losses     12:	 0.419	0.4519	0.4185	0.4305	0.5085	0.5421	0.5251	0.5063	0.7172	0.7992	 1.204	 1.246	
val losses       12:	 0.334	0.3983	0.3682	0.3469	0.6336	0.6826	0.5053	0.4739	0.8703	 1.132	 1.157	  1.19	 | 0.6743 mean
                     	 0.911	 1.095	0.9317	0.9012	 1.809	 1.974	 1.248	  1.23	 2.598	 3.519	 2.772	 2.869	 | 2.117 quantile
                      	 2.604	 3.576	 2.098	 2.785	 4.761	 5.463	 2.322	 2.721	 6.854	 9.018	 4.658	 4.744	 | 9.018 max

train losses     14:	0.4065	0.4359	0.4223	0.4362	0.5215	0.5119	0.5233	0.5018	0.7092	0.7268	 1.158	 1.177	
val losses       14:	0.3071	0.3626	0.3593	0.3407	0.6378	0.6523	 0.501	0.4651	0.8538	0.9741	 1.101	 1.141	 | 0.6413 mean
                     	0.8381	 1.023	0.9094	 0.883	 1.769	  1.87	 1.259	 1.209	 2.181	 2.914	 2.773	 2.767	 | 1.975 quantile
                      	 2.421	 3.287	 2.163	 2.729	  4.77	 4.965	 2.221	 2.785	 6.002	 7.926	 4.268	 4.442	 | 7.926 max

train losses     16:	 0.413	0.4301	0.4237	0.4319	0.5119	0.4997	0.5111	0.4974	0.8453	0.8201	 1.137	 1.134	
val losses       16:	0.2934	0.3471	0.3481	 0.323	0.6268	 0.619	0.4849	0.4571	 1.065	 1.047	 1.044	 1.075	 | 0.6442 mean
                     	0.7805	0.9587	0.8796	0.8478	 1.789	  1.79	 1.218	 1.178	 2.377	 2.561	 2.747	 2.713	 | 2.002 quantile
                      	 2.568	 3.069	 2.199	 2.904	 4.993	 4.809	 2.147	 2.765	 5.606	 7.007	 4.027	 4.321	 | 7.007 max

train losses     18:	0.4155	 0.434	0.4287	0.4302	0.5167	0.5152	0.5046	0.4955	0.9232	0.9068	 1.161	 1.143	
val losses       18:	0.2741	0.3243	0.3463	0.3153	0.6059	0.6155	0.4543	0.4455	 1.011	   1.0	 1.035	 1.074	 | 0.6252 mean
                     	0.7485	0.8994	0.8696	0.8434	  1.67	 1.756	 1.158	 1.165	 2.662	 2.801	 2.753	 2.713	 | 2.009 quantile
                      	 2.101	 2.821	 2.277	 2.872	 5.044	 4.448	 2.039	  2.79	 5.812	 6.953	  4.29	   4.4	 | 6.953 max

train losses     20:	 0.399	0.4226	0.4244	0.4218	0.5096	0.5051	 0.496	0.4929	0.7959	0.7926	 1.113	 1.114	
val losses       20:	 0.283	0.3261	 0.344	0.3209	0.6519	0.6047	0.4644	0.4419	 1.246	 1.207	 1.068	 1.102	 | 0.6717 mean
                     	0.7656	0.9039	0.8633	0.8561	 1.791	 1.692	 1.158	 1.153	 2.712	 2.621	 2.783	 2.703	 | 2.105 quantile
                      	 2.096	 2.567	 2.482	 2.923	 5.098	 4.438	 2.064	 2.878	 4.894	 5.891	 4.395	 4.437	 | 5.891 max

train losses     22:	0.3861	0.4096	0.4172	0.4172	0.5064	0.5008	0.4848	0.4813	0.7243	0.7332	 1.117	 1.115	
val losses       22:	0.2754	0.3027	0.3401	0.3212	0.6044	0.5943	0.4493	0.4425	 0.889	0.8835	 1.068	 1.076	 | 0.6038 mean
                     	0.7429	0.8381	0.8475	0.8396	 1.687	 1.662	 1.127	  1.15	 2.152	 2.332	 2.833	 2.767	 | 1.894 quantile
                      	 2.318	 2.511	  2.22	 2.913	 5.066	  4.33	 2.158	 2.837	 4.213	 5.255	 4.547	  4.33	 | 5.255 max

train losses     24:	0.3744	0.3937	0.4084	0.4077	0.4775	0.4721	0.4731	0.4694	0.6209	0.6289	 1.064	 1.061	
val losses       24:	0.2648	0.2931	0.3388	0.3138	0.5822	0.5702	0.4365	0.4331	0.7167	0.7408	 1.071	 1.072	 | 0.5694 mean
                     	0.7236	0.7912	0.8416	0.8294	 1.586	 1.618	 1.096	  1.13	 1.817	 2.065	 2.717	 2.656	 | 1.775 quantile
                      	 2.087	 2.471	 2.264	 2.995	  4.73	 3.952	 1.848	 2.851	 3.518	 4.663	  4.51	 4.382	 | 4.73 max

train losses     26:	 0.365	0.3824	 0.403	0.4019	0.4557	0.4539	0.4579	 0.458	0.5969	0.5898	 1.045	  1.04	
val losses       26:	0.2601	0.2834	0.3374	0.3111	0.5568	0.5398	0.4339	0.4292	0.7244	0.7128	 1.034	 1.044	 | 0.5556 mean
                     	0.7154	0.7694	 0.847	0.8209	 1.509	 1.527	 1.096	 1.116	 1.654	 1.835	  2.67	 2.622	 | 1.682 quantile
                      	 2.168	 2.387	 2.241	 2.962	 4.763	 3.908	  1.89	 2.891	 2.808	 3.868	 4.416	 4.252	 | 4.763 max

train losses     28:	0.3553	0.3712	0.3953	0.3945	0.4373	0.4369	0.4464	0.4477	0.5772	0.5836	 1.018	 1.017	
val losses       28:	0.2593	0.2728	0.3352	0.3085	0.5365	0.5257	0.4257	0.4225	0.6829	0.6748	  1.03	 1.043	 | 0.5431 mean
                     	 0.716	0.7501	0.8313	0.8138	 1.415	 1.489	 1.075	 1.093	 1.624	 1.781	 2.758	 2.665	 | 1.673 quantile
                      	 2.122	 2.324	 2.187	  2.91	 4.622	 3.813	 1.884	 2.818	 2.953	 3.784	 4.146	  4.05	 | 4.622 max

train losses     30:	0.3442	0.3564	0.3887	0.3882	0.4294	0.4255	 0.438	0.4364	0.5688	0.5703	  1.01	 1.007	
val losses       30:	0.2511	0.2589	0.3324	0.3075	 0.524	0.5094	 0.422	0.4164	0.6813	0.6679	 1.018	 1.033	 | 0.5351 mean
                     	0.6884	0.7094	0.8212	0.8162	 1.372	 1.436	 1.075	 1.078	 1.631	 1.732	 2.727	 2.651	 | 1.637 quantile
                      	 2.122	 2.203	 2.234	 2.907	 4.514	 3.602	 1.835	 2.912	 2.883	 3.509	 4.127	 3.995	 | 4.514 max

train losses     32:	0.3387	0.3501	0.3827	0.3817	0.4199	0.4172	 0.429	0.4285	0.5558	0.5604	0.9821	0.9799	
val losses       32:	 0.249	0.2537	0.3292	0.3065	0.5135	0.4992	0.4185	0.4117	0.6797	0.6512	0.9936	 1.009	 | 0.5262 mean
                     	0.6838	0.6939	0.8171	 0.813	  1.35	 1.411	  1.06	 1.062	   1.6	  1.62	 2.757	 2.645	 | 1.595 quantile
                      	 2.139	 2.299	  2.15	 2.917	  4.34	 3.416	 1.744	 2.874	 2.767	 3.157	 4.173	 4.152	 | 4.34 max

train losses     34:	0.3335	0.3451	0.3788	0.3786	0.4116	0.4101	0.4214	0.4217	 0.547	0.5514	0.9549	0.9547	
val losses       34:	0.2459	0.2495	0.3283	0.3063	0.5093	0.4915	0.4179	0.4084	0.6718	0.6388	 1.009	 1.018	 | 0.5246 mean
                     	0.6671	0.6863	 0.816	0.8081	  1.33	 1.376	 1.051	 1.058	 1.571	 1.554	 2.706	 2.631	 | 1.591 quantile
                      	 2.117	 2.172	  2.23	 2.986	 4.293	 3.368	 1.771	 2.887	 2.764	 2.834	 4.091	 4.036	 | 4.293 max

train losses     36:	0.3269	0.3417	0.3754	 0.375	0.4047	0.4045	 0.417	0.4156	0.5518	0.5538	  0.95	0.9465	
val losses       36:	0.2408	0.2482	0.3273	0.3053	0.5009	0.4841	0.4154	0.4069	0.6595	0.6189	 1.004	 1.011	 | 0.5185 mean
                     	0.6649	0.6861	 0.814	0.8112	 1.304	 1.357	 1.041	 1.048	 1.574	 1.534	 2.761	 2.656	 | 1.588 quantile
                      	 2.085	 2.272	 2.154	 2.994	 4.219	  3.27	 1.785	 2.904	 2.697	 2.667	  4.03	 3.945	 | 4.219 max

train losses     38:	0.3243	0.3365	0.3722	0.3707	 0.398	0.3975	0.4117	0.4097	0.5365	0.5416	0.9366	0.9328	
val losses       38:	0.2387	0.2455	0.3268	0.3047	0.4841	0.4649	0.4127	0.4047	0.6682	0.6142	0.9753	0.9847	 | 0.5104 mean
                     	0.6561	  0.67	0.8138	0.8099	 1.255	 1.301	 1.019	 1.027	 1.554	  1.47	 2.711	 2.659	 | 1.548 quantile
                      	 2.074	 2.247	 2.193	  2.97	 4.063	 3.172	 1.741	 2.805	 2.749	 2.442	 4.136	 4.555	 | 4.555 max

train losses     40:	0.3211	0.3359	0.3697	0.3695	0.3975	0.3965	0.4086	0.4074	0.5347	 0.539	 1.017	 1.009	
val losses       40:	0.2391	0.2384	0.3263	0.3036	0.4763	0.4585	0.4123	0.4021	0.6516	  0.61	 1.015	 1.018	 | 0.5126 mean
                     	0.6623	0.6454	0.8116	0.8065	 1.248	 1.287	  1.02	 1.031	 1.525	 1.469	 2.597	 2.522	 | 1.547 quantile
                      	  2.09	 2.005	 2.122	  2.95	 3.932	 3.051	 1.742	  2.88	 2.791	 2.343	 4.498	  4.48	 | 4.498 max

train losses     42:	0.3206	0.3324	0.3669	0.3656	0.3942	0.3911	0.4023	0.3998	0.5519	0.5576	0.9445	 0.937	
val losses       42:	0.2381	0.2377	0.3252	0.3045	  0.47	0.4481	0.4098	0.4019	0.6819	0.6373	 1.013	 1.017	 | 0.5154 mean
                     	0.6491	0.6522	0.8157	0.8078	 1.239	 1.247	  1.02	 1.028	 1.572	 1.508	   2.7	 2.615	 | 1.58 quantile
                      	 2.115	 2.118	 2.208	 2.957	 3.952	 2.928	 1.709	 2.833	 2.769	 2.199	 4.144	 4.101	 | 4.144 max

train losses     44:	0.3172	0.3336	0.3663	0.3637	0.3893	0.3907	0.4024	0.3988	0.5733	0.5799	0.9524	 0.954	
val losses       44:	 0.239	0.2379	0.3254	0.3039	0.4675	0.4463	0.4068	0.3992	0.6529	0.6222	  1.04	 1.036	 | 0.5148 mean
                     	0.6464	0.6581	  0.81	0.8096	 1.224	 1.243	 1.021	 1.021	 1.544	 1.504	 2.693	 2.618	 | 1.571 quantile
                      	 2.222	 2.185	 2.137	 2.962	 3.992	 2.997	 1.824	 2.891	 2.698	 2.413	 4.097	  4.02	 | 4.097 max

train losses     46:	0.3206	0.3309	 0.363	0.3609	 0.386	0.3861	 0.396	0.3942	0.5596	0.5663	0.8765	0.8739	
val losses       46:	0.2376	0.2321	0.3245	 0.304	0.4606	0.4345	0.4075	0.3984	0.6846	0.6529	 1.031	  1.03	 | 0.5165 mean
                     	0.6465	0.6391	0.8134	0.8073	 1.207	 1.217	 1.019	 1.011	 1.556	 1.518	 2.602	 2.512	 | 1.553 quantile
                      	 2.176	 2.131	 2.219	 2.997	 3.786	 2.739	 1.738	 2.906	 2.868	 2.373	 4.186	  4.08	 | 4.186 max

train losses     48:	0.3182	0.3324	0.3629	0.3607	0.3826	0.3859	0.3963	0.3942	0.5932	0.5919	0.9257	0.9265	
val losses       48:	0.2381	0.2329	0.3242	 0.304	0.4671	0.4414	0.4029	0.3962	0.6484	0.6343	 1.019	 1.015	 | 0.5103 mean
                     	0.6576	0.6437	0.8115	0.8064	 1.179	 1.225	 1.005	 1.014	 1.523	 1.553	 2.699	 2.544	 | 1.555 quantile
                      	 2.221	 2.206	  2.14	 2.986	 3.844	 2.871	 1.855	 2.927	 2.568	 2.442	 4.024	 4.228	 | 4.228 max

train losses     50:	 0.333	0.3428	0.3615	0.3584	 0.389	0.3898	0.3967	0.3955	0.6279	0.6323	0.9862	0.9895	
val losses       50:	0.2379	0.2348	0.3243	0.3041	0.4601	0.4305	0.4044	 0.397	0.7115	0.7097	 1.071	 1.052	 | 0.5282 mean
                     	0.6332	0.6336	 0.817	0.8108	 1.202	   1.2	 1.007	   1.0	 1.653	 1.667	 2.683	  2.54	 | 1.617 quantile
                      	 2.104	 2.213	 2.175	 3.047	 3.728	  2.68	 1.809	 2.957	 3.009	 2.483	 4.337	 4.221	 | 4.337 max

train losses     52:	0.3695	0.3866	0.3745	0.3713	0.4145	0.4131	0.4206	0.4122	0.6985	0.6935	 1.207	 1.209	
val losses       52:	0.2568	0.2863	0.3279	 0.313	0.4777	0.4452	0.4113	0.4027	0.7604	0.7808	 1.276	 1.197	 | 0.5779 mean
                     	 0.697	0.7598	0.8315	0.8333	 1.274	 1.249	 1.015	0.9936	 1.823	 1.909	 2.902	 2.765	 | 1.797 quantile
                      	 2.117	  2.33	 2.181	 3.058	 3.992	 2.969	 1.959	 2.907	 3.171	 3.482	  5.17	 4.472	 | 5.17 max

train losses     54:	0.4545	0.5194	0.4159	0.4089	0.5217	0.5326	0.4883	0.4649	0.9005	0.8789	 1.596	 1.594	
val losses       54:	 0.335	0.4145	0.3692	0.3429	0.6161	0.5792	 0.441	0.4276	 1.123	  1.12	 1.294	 1.233	 | 0.6913 mean
                     	0.8671	 1.087	0.9317	0.8714	 1.703	 1.679	 1.091	 1.072	 2.996	 2.961	 3.032	 3.029	 | 2.229 quantile
                      	 2.751	 3.555	 2.396	 2.896	 5.121	  4.12	 2.062	 2.672	 5.232	 5.186	 5.762	 4.667	 | 5.762 max

train losses     56:	0.5712	 0.591	0.4471	0.4677	0.7504	 0.739	0.5272	0.5162	 1.174	 1.137	 1.269	 1.235	
val losses       56:	0.3831	0.4498	0.3638	0.3483	0.8372	0.8253	0.4508	0.4352	 1.475	 1.507	 1.393	 1.297	 | 0.8137 mean
                     	 1.051	 1.226	0.9115	0.8868	 2.265	 2.116	  1.11	 1.112	  3.73	 3.814	 3.231	 3.183	 | 2.634 quantile
                      	 2.949	  4.27	 2.129	 3.181	 5.898	 4.823	 1.901	 2.834	 5.707	 5.694	 6.636	 5.443	 | 6.636 max

train losses     58:	0.4881	0.5309	0.4181	0.4262	0.6034	0.6213	0.4969	0.4832	   1.0	 1.047	 1.238	 1.197	
val losses       58:	0.3869	0.4326	0.3558	0.3347	0.7858	  0.74	0.4519	0.4483	 1.587	 1.586	 1.383	 1.316	 | 0.8174 mean
                     	 1.101	 1.252	 0.908	0.8668	 2.286	 2.219	  1.14	 1.169	 4.009	 4.002	 3.286	 3.296	 | 2.755 quantile
                      	 3.006	 4.415	 2.277	 3.261	 6.636	 5.487	 2.018	 2.726	 5.857	 5.895	 6.458	  5.05	 | 6.636 max

train losses     60:	0.4527	0.4884	0.4044	0.4073	0.5335	0.5518	0.4898	 0.477	 0.839	0.8684	  1.17	 1.146	
val losses       60:	 0.365	0.4123	0.3544	0.3344	0.7339	0.6937	0.4596	0.4524	 1.318	 1.306	 1.342	 1.304	 | 0.7563 mean
                     	  1.04	  1.19	0.9033	0.8667	 2.156	 2.073	 1.207	 1.183	 3.408	 3.347	 3.207	 3.216	 | 2.476 quantile
                      	 3.005	  3.86	 2.237	 3.152	  6.39	 5.085	 2.141	 2.685	 5.052	 5.072	 5.648	 5.026	 | 6.39 max

train losses     62:	0.4195	0.4499	0.3891	0.3871	0.4768	0.4883	0.4557	0.4461	 0.694	0.6887	 1.079	 1.066	
val losses       62:	0.3486	0.4076	0.3418	0.3239	0.6701	0.6281	0.4424	0.4278	0.9579	0.9182	 1.294	 1.264	 | 0.6687 mean
                     	0.9792	 1.122	 0.864	0.8465	 1.898	 1.861	 1.127	 1.101	 2.427	 2.468	 3.101	 3.019	 | 2.151 quantile
                      	 2.804	 3.625	 2.254	 3.027	 5.712	  4.58	 1.911	 2.452	 3.623	 3.809	 5.408	 5.083	 | 5.712 max

train losses     64:	0.3932	0.4126	0.3772	0.3739	0.4499	 0.455	0.4348	0.4307	 0.616	0.6148	0.9939	0.9909	
val losses       64:	0.3312	 0.371	0.3359	0.3197	0.6102	0.5743	0.4314	0.4202	0.7711	0.7198	 1.227	 1.185	 | 0.6081 mean
                     	0.9201	 1.042	0.8443	0.8416	 1.735	 1.671	 1.097	 1.069	 1.896	 1.923	 2.907	 2.818	 | 1.899 quantile
                      	 2.724	 3.168	 2.285	 3.052	 5.023	 4.027	 1.794	 2.543	  2.98	  2.94	  5.29	 5.056	 | 5.29 max

train losses     66:	0.3715	0.3897	0.3673	0.3626	0.4299	0.4288	 0.422	0.4201	0.5727	0.5711	0.9314	0.9333	
val losses       66:	0.3169	0.3396	0.3338	0.3158	0.5691	0.5331	0.4264	0.4183	0.7988	0.7422	 1.169	 1.139	 | 0.5918 mean
                     	0.8635	0.9631	0.8409	0.8335	  1.59	 1.546	 1.086	  1.07	 1.822	 1.844	 2.822	 2.766	 | 1.818 quantile
                      	 2.656	 2.874	 2.236	 3.036	 4.531	 3.613	 1.698	 2.703	 2.911	 2.874	 4.922	 4.763	 | 4.922 max

train losses     68:	0.3484	0.3689	0.3626	0.3571	0.4064	0.4083	 0.411	0.4101	0.5474	0.5564	0.8805	0.8821	
val losses       68:	0.2845	0.3157	0.3319	0.3132	0.5355	 0.498	0.4206	0.4167	0.7411	0.7123	 1.091	 1.079	 | 0.5617 mean
                     	0.7734	0.8783	 0.836	0.8277	 1.477	 1.433	 1.074	 1.077	 1.823	 1.852	  2.81	 2.743	 | 1.757 quantile
                      	 2.438	 2.626	 2.193	 3.043	 4.272	 3.399	 1.756	 2.677	 2.787	 3.027	 4.577	 4.435	 | 4.577 max

train losses     70:	0.3374	0.3564	0.3567	0.3527	0.3962	0.3964	0.4008	0.4002	0.5318	0.5379	0.8461	0.8459	
val losses       70:	0.2835	0.3073	0.3304	 0.312	0.5111	0.4759	 0.414	0.4114	0.6867	0.6575	 1.051	 1.049	 | 0.5408 mean
                     	0.7606	0.8434	0.8334	0.8264	 1.386	 1.364	 1.065	 1.057	 1.715	 1.697	 2.695	 2.657	 | 1.678 quantile
                      	 2.266	 2.508	 2.188	 3.035	 4.066	 3.225	 1.719	 2.655	 2.751	 2.837	 4.366	 4.286	 | 4.366 max

train losses     72:	0.3284	0.3459	0.3529	0.3489	0.3881	 0.388	0.3918	0.3918	0.5209	0.5236	0.8235	0.8224	
val losses       72:	0.2752	0.2968	0.3294	 0.311	0.4919	0.4591	0.4071	0.4043	0.6511	0.6078	 1.024	 1.022	 | 0.5234 mean
                     	0.7351	0.8091	 0.834	0.8204	 1.332	 1.324	 1.045	 1.033	 1.584	 1.508	 2.664	 2.625	 | 1.608 quantile
                      	 2.144	 2.328	 2.181	  3.02	  3.87	 3.079	 1.753	 2.717	 2.755	 2.558	  4.09	 4.059	 | 4.09 max

train losses     74:	0.3167	0.3358	0.3513	0.3461	 0.381	0.3831	0.3862	0.3858	0.5116	0.5138	0.8005	0.8006	
val losses       74:	0.2606	0.2803	0.3287	0.3104	0.4802	 0.449	0.4003	0.3962	0.6285	0.5715	 1.006	 1.002	 | 0.5095 mean
                     	 0.693	 0.761	0.8316	 0.816	 1.297	 1.297	 1.019	 1.018	 1.511	 1.411	 2.629	 2.552	 | 1.558 quantile
                      	 2.033	 2.325	 2.155	 3.057	 3.736	  2.93	 1.808	 2.719	 2.693	 2.421	 3.906	 3.911	 | 3.911 max

train losses     76:	0.3101	0.3295	0.3478	0.3429	0.3758	 0.377	0.3809	0.3793	0.5078	0.5085	0.7865	 0.783	
val losses       76:	0.2503	0.2685	 0.328	  0.31	0.4708	0.4421	0.3961	0.3922	0.6156	0.5509	0.9932	0.9889	 | 0.5006 mean
                     	0.6734	0.7336	0.8311	0.8128	 1.263	 1.275	 1.001	 1.011	  1.45	 1.329	 2.603	 2.516	 | 1.523 quantile
                      	 1.934	 2.307	 2.142	 3.078	 3.635	  2.86	 1.798	 2.801	 2.645	 2.301	 3.703	 3.975	 | 3.975 max

train losses     78:	0.3062	 0.325	0.3457	0.3415	0.3716	0.3733	 0.376	0.3744	0.4997	 0.503	0.7688	0.7664	
val losses       78:	0.2448	0.2625	0.3271	0.3091	0.4648	0.4365	0.3941	0.3891	0.6122	0.5429	 0.988	0.9842	 | 0.4963 mean
                     	0.6605	0.7125	0.8275	0.8089	 1.241	 1.258	0.9841	0.9954	   1.4	 1.271	 2.612	 2.513	 | 1.507 quantile
                      	 1.942	 2.232	 2.119	 3.073	 3.511	 2.795	 1.757	 2.811	 2.797	 2.348	 3.781	  3.98	 | 3.98 max

train losses     80:	0.3031	0.3218	 0.344	0.3397	0.3662	0.3681	0.3713	0.3701	0.4963	0.4983	0.7539	0.7498	
val losses       80:	0.2427	0.2593	 0.326	0.3085	0.4595	0.4324	0.3933	0.3876	0.6097	 0.536	0.9875	0.9839	 | 0.4939 mean
                     	0.6579	0.6913	 0.823	0.8074	  1.22	 1.244	0.9685	0.9817	 1.399	 1.265	 2.592	 2.509	 | 1.498 quantile
                      	 1.944	  2.16	 2.108	 3.074	 3.508	 2.791	 1.798	 2.829	 2.754	 2.232	 3.721	 3.911	 | 3.911 max

train losses     82:	0.2996	0.3175	0.3421	0.3377	0.3624	0.3636	0.3686	 0.366	0.4924	0.4953	0.7434	0.7374	
val losses       82:	0.2412	0.2541	0.3252	0.3082	0.4537	0.4267	0.3915	0.3862	0.6076	0.5357	0.9873	0.9823	 | 0.4916 mean
                     	0.6568	0.6769	0.8249	0.8058	 1.217	 1.236	0.9588	0.9769	 1.401	 1.254	 2.575	 2.471	 | 1.479 quantile
                      	 1.994	 2.132	 2.106	 3.092	 3.475	 2.741	 1.842	 2.858	 2.716	 2.095	 3.761	 3.889	 | 3.889 max

train losses     84:	0.2961	0.3164	0.3406	0.3358	0.3589	0.3619	0.3648	0.3632	0.4891	0.4925	0.7278	0.7247	
val losses       84:	 0.239	0.2519	0.3247	0.3078	0.4483	0.4224	0.3903	0.3841	0.6076	0.5347	0.9867	0.9806	 | 0.4898 mean
                     	0.6536	0.6702	0.8236	0.8018	 1.204	 1.221	0.9558	 0.967	 1.406	 1.252	  2.57	 2.473	 | 1.475 quantile
                      	 1.988	 2.181	 2.106	 3.093	 3.395	 2.666	 1.848	 2.867	 2.664	 2.148	 3.746	 3.898	 | 3.898 max

train losses     86:	0.2944	0.3138	0.3389	0.3338	0.3547	0.3563	0.3625	0.3603	 0.485	0.4879	0.7155	0.7119	
val losses       86:	0.2358	0.2461	0.3243	0.3072	 0.443	0.4184	0.3883	0.3824	0.6057	0.5299	 0.982	0.9764	 | 0.4866 mean
                     	0.6413	0.6518	0.8219	0.8013	 1.171	 1.201	0.9487	0.9652	 1.403	 1.231	 2.562	 2.447	 | 1.46 quantile
                      	 2.008	  2.05	 2.119	 3.089	  3.35	 2.645	 1.847	 2.923	 2.668	 2.122	 3.786	 3.933	 | 3.933 max

train losses     88:	0.2916	0.3113	0.3372	 0.333	0.3506	0.3536	0.3601	0.3578	0.4851	 0.485	0.7023	   0.7	
val losses       88:	0.2336	0.2399	0.3241	 0.307	0.4389	0.4145	 0.387	0.3813	0.6016	0.5234	0.9711	0.9665	 | 0.4824 mean
                     	0.6408	0.6397	0.8196	0.8035	  1.16	 1.181	0.9436	0.9638	 1.408	 1.223	 2.544	 2.451	 | 1.453 quantile
                      	 2.022	 2.022	  2.11	 3.096	 3.343	 2.631	 1.895	 2.949	 2.738	 2.147	 3.766	 3.914	 | 3.914 max

train losses     90:	0.2892	0.3087	0.3362	0.3319	0.3486	0.3521	0.3565	0.3546	0.4819	0.4826	0.6931	0.6892	
val losses       90:	0.2323	0.2385	0.3237	0.3067	 0.433	0.4078	0.3868	0.3807	0.6004	0.5176	0.9706	0.9656	 | 0.4803 mean
                     	0.6376	0.6336	0.8193	0.8005	 1.145	 1.167	0.9414	0.9666	   1.4	 1.202	 2.545	 2.467	 | 1.437 quantile
                      	 2.029	 1.964	 2.101	 3.117	 3.312	 2.579	 1.914	 2.944	 2.794	 2.151	 3.819	 3.948	 | 3.948 max

train losses     92:	0.2875	0.3064	0.3348	0.3301	 0.346	0.3477	0.3542	0.3512	0.4777	0.4804	0.6818	0.6789	
val losses       92:	0.2323	0.2398	0.3236	 0.306	0.4269	0.4028	0.3862	0.3801	 0.598	0.5117	0.9635	 0.958	 | 0.4774 mean
                     	0.6351	0.6291	0.8194	0.8002	 1.129	 1.152	 0.941	0.9652	 1.398	 1.183	  2.55	 2.469	 | 1.434 quantile
                      	 2.066	 1.988	 2.125	 3.085	 3.209	 2.491	 1.932	 2.976	 2.652	 2.105	 3.887	 4.061	 | 4.061 max

train losses     94:	0.2846	0.3027	0.3328	0.3287	0.3437	0.3445	0.3535	0.3506	0.4734	0.4774	0.6714	0.6681	
val losses       94:	0.2298	0.2323	0.3235	0.3055	0.4214	0.3952	0.3849	 0.379	0.5954	0.5152	0.9671	0.9607	 | 0.4758 mean
                     	0.6237	0.6158	0.8147	0.7993	 1.104	 1.125	0.9346	0.9525	 1.395	 1.192	 2.517	 2.416	 | 1.427 quantile
                      	 2.032	 1.961	 2.116	 3.087	 3.173	 2.434	 1.962	 2.972	 2.674	 2.111	  3.81	 3.983	 | 3.983 max

train losses     96:	0.2832	0.3013	0.3325	0.3266	0.3408	0.3428	0.3506	0.3485	0.4724	0.4747	0.6652	0.6622	
val losses       96:	0.2283	0.2286	0.3227	0.3049	0.4171	0.3877	0.3841	0.3782	0.5969	 0.515	0.9633	0.9573	 | 0.4737 mean
                     	0.6183	0.6031	0.8138	0.7974	 1.092	 1.099	0.9326	0.9585	 1.392	 1.186	 2.514	 2.413	 | 1.416 quantile
                      	 2.114	 1.971	 2.112	  3.05	 3.187	 2.403	 1.946	 2.984	 2.607	 2.202	 3.885	 3.923	 | 3.923 max

train losses     98:	0.2815	0.2998	0.3311	0.3258	0.3372	0.3392	0.3496	0.3475	0.4689	0.4718	0.6551	0.6504	
val losses       98:	0.2261	0.2242	0.3227	0.3047	0.4158	0.3862	0.3843	0.3784	0.5963	0.5129	0.9638	0.9572	 | 0.4727 mean
                     	0.6185	 0.594	 0.814	0.7963	  1.09	 1.096	0.9331	0.9577	  1.39	 1.186	 2.509	 2.402	 | 1.415 quantile
                      	 2.141	 1.958	 2.114	 3.073	 3.133	 2.329	 1.959	 2.996	 2.634	  2.15	 3.969	 3.918	 | 3.969 max

train losses    100:	0.2809	0.2985	0.3303	0.3252	0.3364	0.3368	0.3481	0.3449	0.4681	0.4689	0.6469	0.6412	
val losses      100:	0.2263	 0.224	0.3224	0.3042	0.4109	0.3814	0.3841	0.3784	0.5931	0.5064	0.9413	0.9375	 | 0.4675 mean
                     	0.6156	0.5878	0.8131	0.7956	 1.077	 1.075	0.9268	0.9531	 1.395	  1.18	 2.506	 2.386	 | 1.396 quantile
                      	 2.105	 1.899	 2.113	 3.078	 3.108	 2.309	 1.957	 3.042	  2.62	 2.169	 3.825	 3.974	 | 3.974 max

train losses    102:	0.2786	0.2981	0.3295	0.3244	0.3355	0.3355	0.3462	0.3441	0.4657	0.4686	0.6429	0.6391	
val losses      102:	0.2242	0.2195	0.3221	0.3036	0.4087	0.3785	0.3835	0.3778	0.5937	0.5142	0.9603	0.9516	 | 0.4698 mean
                     	0.6159	0.5864	0.8129	0.7962	 1.069	  1.07	0.9355	0.9564	 1.386	 1.191	 2.487	 2.377	 | 1.406 quantile
                      	 2.115	 1.882	 2.125	 3.056	 3.115	  2.27	  1.95	 3.093	 2.631	 2.276	 3.965	 3.918	 | 3.965 max

train losses    104:	0.2777	0.2954	0.3282	 0.323	0.3327	0.3351	0.3441	0.3413	0.4628	0.4655	0.6422	0.6385	
val losses      104:	0.2228	0.2164	0.3219	0.3035	 0.404	0.3722	0.3831	0.3769	0.5899	0.5065	 0.961	0.9528	 | 0.4676 mean
                     	0.6111	0.5784	0.8151	0.7944	 1.049	 1.048	0.9341	0.9587	 1.385	 1.178	 2.457	 2.362	 | 1.398 quantile
                      	 2.112	 1.863	 2.124	 3.087	 3.094	 2.268	 2.045	 3.018	  2.63	 2.295	 4.034	 3.931	 | 4.034 max

train losses    106:	0.2757	0.2947	0.3275	0.3217	0.3294	 0.331	0.3422	0.3395	0.4634	0.4638	0.6445	0.6444	
val losses      106:	0.2357	0.2404	0.3223	0.3031	0.3979	0.3736	0.3824	0.3766	0.5916	0.5029	0.9253	0.9277	 | 0.4649 mean
                     	0.6262	0.6051	0.8159	0.7919	 1.043	 1.031	0.9259	0.9458	 1.392	 1.161	 2.573	 2.499	 | 1.383 quantile
                      	 2.101	 1.807	 2.129	 3.091	 2.993	 2.152	 2.026	 3.093	 2.676	 2.165	 4.208	 4.375	 | 4.375 max

train losses    108:	0.2764	 0.294	0.3258	0.3206	0.3285	0.3318	0.3416	0.3402	0.4624	 0.464	0.6713	0.6658	
val losses      108:	0.2244	0.2167	0.3214	0.3023	0.4003	0.3666	0.3834	0.3777	0.5898	0.5066	 1.022	 1.008	 | 0.4765 mean
                     	0.6149	0.5795	0.8109	0.7889	 1.042	 1.012	 0.936	0.9605	 1.392	 1.172	  2.54	 2.443	 | 1.454 quantile
                      	 2.187	 1.905	 2.151	 3.066	 3.035	  2.18	 2.065	 3.074	 2.714	 2.286	 4.243	 4.277	 | 4.277 max

train losses    110:	0.2764	 0.299	0.3259	0.3202	0.3279	0.3312	 0.342	0.3399	0.4601	0.4628	 0.723	 0.719	
val losses      110:	0.2239	0.2132	0.3217	0.3021	0.3969	0.3647	0.3837	0.3786	0.5882	0.5111	0.9978	0.9835	 | 0.4721 mean
                     	0.6112	0.5817	0.8128	0.7914	 1.027	 1.016	0.9338	0.9637	 1.383	 1.189	 2.447	 2.374	 | 1.426 quantile
                      	 2.139	 1.955	 2.157	 3.062	 2.967	  2.08	 2.073	 3.044	 2.587	 2.365	 3.872	 3.907	 | 3.907 max

train losses    112:	0.2749	0.2901	0.3246	0.3193	0.3253	0.3277	0.3395	0.3375	0.4579	  0.46	0.7034	0.7039	
val losses      112:	0.2242	0.2259	 0.322	0.3025	0.3886	0.3639	 0.383	0.3774	 0.589	0.5022	0.9681	0.9701	 | 0.4681 mean
                     	0.6125	0.5862	0.8102	0.7886	 1.027	   1.0	0.9238	0.9366	 1.373	 1.145	 2.563	 2.536	 | 1.405 quantile
                      	 2.054	  1.87	 2.121	 3.118	 2.877	 2.083	 2.037	 3.069	 2.518	 2.207	 3.993	 4.113	 | 4.113 max

train losses    114:	0.2772	0.2945	0.3241	0.3188	0.3269	0.3323	0.3409	0.3381	0.4571	 0.456	0.7591	0.7518	
val losses      114:	0.2235	0.2155	0.3213	0.3018	0.3908	0.3612	0.3826	0.3769	0.5851	0.5079	0.9951	0.9708	 | 0.4694 mean
                     	0.6078	0.5785	0.8144	0.7918	 1.022	 1.002	0.9345	 0.959	 1.371	 1.182	 2.492	 2.394	 | 1.429 quantile
                      	 2.129	 1.864	 2.105	 3.021	 2.989	 2.108	 1.973	  3.11	 2.576	 2.264	 3.849	 3.863	 | 3.863 max

train losses    116:	0.2731	0.2887	0.3237	 0.318	0.3288	0.3305	0.3394	0.3384	0.4618	0.4572	 0.693	0.6883	
val losses      116:	0.2211	0.2149	0.3218	0.3012	 0.387	0.3574	0.3814	0.3757	0.5882	0.5027	0.9449	0.9463	 | 0.4619 mean
                     	0.6023	0.5686	0.8147	0.7927	 1.019	0.9858	0.9345	  0.94	 1.384	 1.165	 2.594	 2.552	 | 1.401 quantile
                      	 2.018	 1.935	 2.129	  3.05	 2.977	 2.125	 2.031	 3.052	 2.571	 2.324	 4.013	 4.232	 | 4.232 max

train losses    118:	0.2724	0.2916	0.3229	0.3175	0.3272	0.3328	0.3403	0.3384	 0.462	0.4641	0.8004	0.7964	
val losses      118:	0.2215	0.2149	0.3217	0.3013	 0.391	 0.359	0.3837	 0.379	0.5901	0.5192	0.9864	0.9688	 | 0.4697 mean
                     	 0.609	0.5816	0.8149	0.7898	 1.019	0.9939	0.9411	0.9548	 1.382	 1.224	 2.518	 2.505	 | 1.448 quantile
                      	 2.113	  1.93	 2.117	 3.066	 2.957	 2.065	 2.026	 3.038	 2.657	 2.297	  3.66	 3.952	 | 3.952 max

train losses    120:	0.2762	0.2907	0.3221	0.3163	0.3265	 0.329	0.3402	0.3377	0.4672	0.4655	0.7506	0.7457	
val losses      120:	0.2198	0.2138	0.3209	0.3005	0.3939	0.3584	  0.38	 0.374	0.5854	0.4928	 1.009	 1.006	 | 0.4712 mean
                     	0.6099	0.5731	0.8082	0.7883	 1.024	0.9901	0.9262	0.9392	 1.377	  1.14	 2.767	   2.7	 | 1.472 quantile
                      	 2.081	 1.909	 2.134	 3.073	 2.932	 2.071	 2.107	 3.055	 2.662	  2.16	 4.169	 4.416	 | 4.416 max

train losses    122:	0.2705	0.2846	0.3218	0.3161	0.3204	0.3264	0.3368	0.3337	0.4615	0.4617	0.7174	0.7148	
val losses      122:	0.2197	0.2098	0.3206	0.3004	0.3892	0.3547	0.3808	0.3761	0.5901	0.4961	0.9685	0.9585	 | 0.4637 mean
                     	   0.6	 0.564	0.8095	 0.788	 1.016	0.9805	0.9334	0.9414	 1.393	 1.156	 2.586	 2.488	 | 1.425 quantile
                      	 2.127	 1.871	 2.094	 3.054	 2.751	 1.904	 2.076	 3.082	 2.759	 2.132	 3.636	 3.892	 | 3.892 max

train losses    124:	0.2733	 0.286	0.3204	0.3148	0.3199	0.3257	0.3346	0.3325	0.4564	0.4548	0.6533	0.6508	
val losses      124:	0.2179	0.2063	0.3202	0.3001	0.3802	0.3468	0.3798	0.3751	0.5858	0.4966	0.9333	0.9301	 | 0.456 mean
                     	0.6045	 0.558	0.8084	0.7858	0.9814	0.9404	0.9398	0.9472	 1.386	 1.163	 2.561	  2.46	 | 1.379 quantile
                      	 2.144	 1.896	 2.119	 3.092	 2.697	 1.859	 2.174	 3.231	 2.694	 2.231	  3.74	 4.007	 | 4.007 max

train losses    126:	0.2673	0.2808	  0.32	0.3138	0.3191	0.3237	0.3327	  0.33	0.4597	0.4614	0.6105	0.6078	
val losses      126:	0.2181	0.2008	0.3209	0.3003	0.3767	0.3425	0.3811	0.3749	0.5903	0.5121	0.9643	0.9589	 | 0.4617 mean
                     	0.5998	0.5412	0.8127	0.7828	0.9713	0.9297	0.9375	0.9479	 1.373	 1.196	 2.527	 2.402	 | 1.38 quantile
                      	 2.143	 1.769	 2.115	 3.059	 2.757	 1.805	 2.141	 3.188	 2.734	  2.45	 3.587	 3.677	 | 3.677 max

train losses    128:	0.2651	0.2805	 0.319	0.3129	0.3165	0.3214	0.3303	0.3286	0.4615	0.4632	0.6012	0.5983	
val losses      128:	0.2169	0.2002	0.3205	0.2994	0.3797	0.3436	0.3805	0.3753	0.5925	0.5088	0.9379	0.9358	 | 0.4576 mean
                     	0.5994	0.5422	0.8055	0.7824	 0.975	0.9361	0.9403	 0.959	 1.392	 1.193	 2.494	 2.376	 | 1.369 quantile
                      	 2.198	 1.923	 2.125	 3.055	 2.824	 1.875	 2.152	 3.157	  2.68	 2.533	 3.631	 3.907	 | 3.907 max

train losses    130:	0.2635	0.2788	0.3183	0.3114	0.3195	0.3248	0.3276	0.3251	0.4611	0.4677	0.5927	0.5894	
val losses      130:	0.2178	0.2002	0.3201	0.2991	 0.376	0.3391	0.3793	0.3735	0.5873	0.5046	0.9358	0.9326	 | 0.4555 mean
                     	0.5973	0.5487	0.8104	 0.782	0.9577	0.9109	0.9397	0.9465	 1.386	  1.19	 2.466	 2.371	 | 1.364 quantile
                      	 2.165	 1.833	 2.114	 3.056	 2.715	 1.803	 2.159	  3.16	 2.571	 2.488	 3.632	  3.79	 | 3.79 max

train losses    132:	0.2631	0.2769	 0.318	0.3112	0.3208	0.3258	0.3261	0.3237	0.4652	0.4696	0.5843	 0.583	
val losses      132:	0.2166	0.1999	  0.32	0.2987	0.3746	0.3384	0.3783	 0.373	0.5906	 0.503	 0.922	0.9192	 | 0.4529 mean
                     	0.5957	0.5396	 0.807	0.7818	0.9486	0.9031	0.9351	0.9491	 1.397	 1.192	  2.46	 2.373	 | 1.362 quantile
                      	 2.197	 1.831	 2.136	 3.052	 2.638	 1.827	   2.1	 3.178	 2.679	 2.561	 3.657	 3.782	 | 3.782 max

train losses    134:	0.2623	0.2769	0.3174	0.3111	0.3211	0.3269	0.3254	 0.323	0.4721	 0.476	0.5839	0.5817	
val losses      134:	0.2153	0.1977	0.3199	0.2989	0.3738	0.3386	0.3772	0.3719	0.5889	0.5034	0.9107	0.9057	 | 0.4502 mean
                     	0.5902	0.5388	0.8043	0.7787	0.9517	0.9137	0.9371	0.9416	 1.375	 1.177	 2.443	 2.359	 | 1.347 quantile
                      	 2.149	 1.818	 2.126	 3.072	 2.647	 1.826	 2.194	 3.195	 2.663	 2.653	 3.665	 3.865	 | 3.865 max

train losses    136:	0.2616	0.2742	 0.317	  0.31	0.3182	0.3269	0.3253	0.3238	0.4757	0.4785	 0.585	0.5839	
val losses      136:	0.2151	0.1976	0.3194	0.2978	0.3743	0.3364	0.3768	0.3715	0.5932	0.5129	0.9076	0.9033	 | 0.4505 mean
                     	 0.591	0.5346	 0.807	0.7795	 0.957	0.9055	0.9339	0.9458	   1.4	 1.215	   2.4	 2.321	 | 1.357 quantile
                      	 2.224	 1.856	 2.132	 3.065	 2.662	 1.814	 2.087	   3.2	  2.61	 2.767	 3.734	 3.783	 | 3.783 max

train losses    138:	0.2616	0.2747	0.3149	0.3091	0.3227	0.3297	0.3241	 0.323	0.4823	0.4852	0.5892	0.5843	
val losses      138:	0.2159	0.1985	0.3198	0.2984	0.3747	0.3369	0.3767	0.3708	0.5985	0.5258	0.9086	0.9032	 | 0.4523 mean
                     	0.5921	 0.536	0.8103	0.7793	0.9534	 0.917	 0.936	0.9315	 1.421	 1.258	 2.413	 2.321	 | 1.362 quantile
                      	  2.14	 1.923	 2.152	 3.048	 2.703	 1.855	  2.12	 3.101	 2.587	  2.78	 3.836	  3.87	 | 3.87 max

train losses    140:	0.2619	0.2777	0.3149	0.3084	0.3283	0.3372	0.3238	0.3223	 0.494	0.4998	0.6045	0.6022	
val losses      140:	0.2156	0.1979	0.3199	0.2983	0.3668	0.3302	0.3784	0.3728	0.5993	 0.525	0.9092	0.9033	 | 0.4514 mean
                     	0.5923	0.5285	0.8097	0.7815	0.9358	0.8961	0.9359	0.9395	 1.411	  1.25	 2.415	 2.331	 | 1.352 quantile
                      	 2.049	 1.862	 2.134	 3.054	 2.653	 1.772	 2.218	 3.199	 2.587	  2.78	 3.962	 3.873	 | 3.962 max

train losses    142:	0.2633	0.2775	0.3153	0.3083	 0.335	 0.345	0.3238	0.3214	0.5077	0.5089	0.6155	0.6132	
val losses      142:	0.2152	0.1957	0.3203	0.2985	0.3649	0.3286	0.3789	0.3727	0.6045	0.5325	 0.915	0.9074	 | 0.4528 mean
                     	0.5861	 0.521	0.8047	0.7818	0.9315	0.8947	0.9358	0.9374	 1.425	 1.263	 2.423	 2.332	 | 1.357 quantile
                      	 2.144	 1.741	 2.125	 3.054	 2.665	 1.809	 2.228	 3.174	 2.573	 2.976	 4.071	 3.971	 | 4.071 max

train losses    144:	0.2646	0.2792	0.3137	0.3078	0.3335	0.3435	 0.324	0.3225	0.5037	0.5039	0.6352	0.6298	
val losses      144:	 0.219	0.2021	0.3204	0.2984	0.3684	0.3425	0.3772	 0.372	0.6005	0.5272	0.9146	0.9056	 | 0.454 mean
                     	0.5905	0.5252	0.8102	0.7808	0.9771	0.9149	0.9299	0.9308	 1.405	 1.233	 2.451	 2.356	 | 1.353 quantile
                      	 2.081	  1.71	 2.105	 3.045	 2.653	 1.844	 2.199	 3.175	 2.606	 2.752	 3.991	 3.939	 | 3.991 max

train losses    146:	0.2697	0.2824	 0.314	0.3077	0.3339	0.3468	0.3257	 0.323	0.4949	0.4946	0.6821	0.6805	
val losses      146:	 0.224	0.2098	0.3204	 0.298	0.3817	0.3654	0.3781	0.3734	0.5984	0.5316	0.9288	 0.919	 | 0.4607 mean
                     	0.5947	 0.546	0.8125	0.7791	 1.012	0.9599	0.9275	 0.946	 1.401	 1.234	 2.474	 2.392	 | 1.376 quantile
                      	 2.115	 1.769	 2.156	 3.088	 2.754	 1.889	 2.188	 3.116	 2.707	 2.666	 3.869	 3.872	 | 3.872 max

train losses    148:	0.2807	0.2911	0.3133	0.3069	0.3487	0.3587	0.3254	0.3251	0.4955	0.4873	0.7247	0.7204	
val losses      148:	0.2344	0.2197	0.3193	0.2971	0.3956	0.3845	0.3774	0.3728	0.5939	0.5247	0.9506	0.9391	 | 0.4674 mean
                     	0.6193	0.5629	0.8037	0.7765	 1.045	 1.011	0.9259	0.9481	 1.397	 1.225	 2.536	 2.466	 | 1.4 quantile
                      	 2.052	 1.797	 2.093	 3.074	 2.763	  1.89	 2.184	 3.024	 2.705	 2.436	 4.064	 4.205	 | 4.205 max

train losses    150:	0.2943	0.2955	0.3145	0.3075	 0.341	0.3524	0.3312	0.3312	0.4877	0.4872	0.7324	0.7284	
val losses      150:	0.2258	0.2125	0.3182	0.2966	0.3944	0.3581	0.3777	0.3739	0.6036	0.5363	0.9647	0.9557	 | 0.4681 mean
                     	0.6097	0.5806	0.7976	 0.777	 1.028	0.9807	0.9375	0.9389	 1.414	 1.235	 2.643	 2.586	 | 1.426 quantile
                      	 2.055	 1.829	 2.201	 3.077	 2.748	  1.91	 2.144	 3.161	 2.832	 2.139	 4.322	 4.484	 | 4.484 max

train losses    152:	0.2852	0.2903	0.3139	 0.307	0.3284	0.3362	0.3325	0.3326	0.4941	0.4947	0.7069	0.6986	
val losses      152:	 0.228	0.2102	 0.319	0.2964	0.3933	0.3622	0.3842	0.3776	0.6163	0.5344	0.9526	0.9448	 | 0.4682 mean
                     	0.6158	 0.569	0.8024	0.7801	 0.997	0.9726	 0.949	 0.928	 1.451	 1.241	 2.598	 2.489	 | 1.439 quantile
                      	 2.125	 1.982	 2.153	 3.093	 2.619	 1.991	 2.151	 3.096	 2.748	 1.952	 3.864	 3.983	 | 3.983 max

train losses    154:	0.2755	0.2854	0.3136	0.3063	 0.317	0.3298	0.3285	0.3278	0.4929	0.4984	 0.659	0.6532	
val losses      154:	0.2213	0.2097	0.3192	0.2967	0.3878	0.3571	0.3824	0.3755	0.6373	0.5594	0.9665	0.9577	 | 0.4726 mean
                     	0.6077	0.5674	0.8094	0.7761	0.9804	0.9666	0.9441	0.9318	 1.475	 1.281	 2.692	 2.582	 | 1.446 quantile
                      	 2.058	 1.903	 2.141	 3.004	 2.624	 1.798	 2.118	 3.096	 2.797	 2.047	 4.224	 4.319	 | 4.319 max

train losses    156:	0.2689	0.2818	 0.313	0.3047	0.3113	0.3195	  0.32	0.3184	0.4862	0.4959	0.6275	0.6241	
val losses      156:	0.2157	0.1982	 0.319	0.2965	0.3762	0.3498	0.3836	 0.377	0.6279	0.5477	0.9438	0.9344	 | 0.4642 mean
                     	0.5876	0.5229	0.8039	0.7722	0.9754	0.9486	0.9389	0.9548	 1.458	 1.254	 2.604	 2.505	 | 1.41 quantile
                      	 2.099	 1.817	 2.193	 3.076	 2.559	 1.738	 2.033	 3.086	 2.801	 2.031	 3.801	 4.055	 | 4.055 max

train losses    158:	0.2633	0.2707	0.3109	0.3032	0.3144	0.3214	0.3189	0.3174	0.4788	0.4842	0.5996	0.5981	
val losses      158:	0.2162	0.1923	0.3189	0.2964	0.3763	0.3507	0.3841	0.3791	0.6055	0.5406	0.9456	 0.937	 | 0.4619 mean
                     	0.5932	0.5076	0.7998	 0.775	  0.97	0.9312	0.9425	0.9631	  1.42	 1.256	   2.5	 2.393	 | 1.373 quantile
                      	 2.087	 1.783	 2.145	 3.073	  2.64	 1.757	 2.131	 3.124	 2.686	 2.243	   3.7	 3.912	 | 3.912 max

train losses    160:	0.2599	0.2698	0.3104	0.3033	0.3227	0.3301	0.3194	0.3163	0.4789	0.4823	0.6065	0.6045	
val losses      160:	0.2206	0.1971	0.3193	0.2971	0.3709	0.3395	0.3789	0.3739	0.5976	 0.541	0.9305	0.9217	 | 0.4573 mean
                     	0.6067	0.5296	0.8083	0.7773	0.9577	0.9068	0.9511	0.9433	 1.375	 1.234	 2.465	 2.344	 | 1.347 quantile
                      	 2.149	 1.945	 2.119	 3.099	 2.633	 1.812	 2.175	 3.153	 2.587	 2.339	 3.702	 3.925	 | 3.925 max

train losses    162:	0.2579	0.2675	0.3102	0.3021	0.3205	0.3212	0.3155	0.3142	0.4891	0.4904	0.6385	 0.636	
val losses      162:	0.2167	0.1959	0.3195	0.2977	0.3652	0.3307	0.3799	0.3745	0.5852	0.5286	0.9644	0.9503	 | 0.4591 mean
                     	0.5888	0.5258	0.8088	0.7772	0.9426	0.8939	0.9537	0.9271	 1.366	 1.227	 2.458	 2.393	 | 1.364 quantile
                      	 2.195	 1.878	 2.122	 3.082	 2.626	 1.803	 2.149	 3.204	 2.468	  2.63	 3.874	 3.833	 | 3.874 max

train losses    164:	 0.256	 0.267	0.3099	0.3017	0.3095	0.3111	0.3138	0.3129	 0.466	0.4667	0.6198	0.6205	
val losses      164:	0.2117	0.1913	0.3184	0.2962	0.3662	0.3307	0.3776	0.3728	0.5821	 0.519	0.9495	 0.936	 | 0.4543 mean
                     	0.5731	0.5107	0.7989	0.7785	0.9238	0.8961	0.9522	0.9451	  1.36	 1.231	 2.438	 2.361	 | 1.354 quantile
                      	 2.093	 1.717	 2.146	 3.061	 2.548	 1.887	  2.11	 3.134	 2.503	 2.722	 3.618	 3.636	 | 3.636 max

train losses    166:	0.2544	0.2659	0.3092	0.3015	0.3097	0.3152	0.3131	0.3112	0.4487	0.4502	0.5621	0.5587	
val losses      166:	0.2068	0.1877	0.3177	0.2946	0.3659	0.3293	0.3793	0.3739	 0.583	0.5011	0.9408	0.9303	 | 0.4509 mean
                     	0.5683	0.5035	 0.802	0.7748	0.9176	0.8861	0.9423	0.9521	 1.375	 1.193	 2.471	 2.354	 | 1.354 quantile
                      	 2.177	 1.653	 2.163	 3.037	 2.358	 1.807	 2.093	 3.191	 2.479	 2.809	 3.743	 3.828	 | 3.828 max

train losses    168:	0.2528	0.2666	0.3081	0.3006	0.3109	0.3173	0.3127	0.3124	 0.448	0.4497	0.5346	0.5306	
val losses      168:	0.2088	 0.191	0.3172	0.2945	0.3693	0.3317	0.3773	0.3727	0.5952	0.5128	0.9482	0.9383	 | 0.4548 mean
                     	0.5827	0.5143	 0.797	0.7707	0.9338	 0.908	0.9424	0.9511	 1.397	 1.233	 2.481	 2.368	 | 1.37 quantile
                      	 2.209	 1.752	 2.169	 3.028	 2.456	 1.771	 2.177	 3.125	 2.527	  2.82	 3.821	 4.052	 | 4.052 max

train losses    170:	0.2493	0.2629	0.3076	0.2992	0.3035	0.3071	0.3109	0.3082	0.4408	0.4416	0.5254	0.5221	
val losses      170:	0.2079	0.1907	0.3176	0.2948	0.3661	0.3306	0.3781	0.3727	 0.594	 0.518	0.9344	0.9251	 | 0.4525 mean
                     	0.5751	0.5134	0.7976	0.7709	0.9478	0.8971	0.9277	0.9468	 1.391	 1.233	 2.453	 2.345	 | 1.364 quantile
                      	 2.051	 1.753	 2.175	 3.081	 2.534	 1.728	 2.145	 3.151	 2.646	 2.661	 3.703	   3.9	 | 3.9 max

train losses    172:	  0.25	0.2606	0.3067	0.2987	 0.298	0.3003	 0.306	0.3043	0.4295	0.4309	0.5154	0.5113	
val losses      172:	0.2086	0.1872	0.3174	0.2946	0.3587	0.3248	0.3755	0.3706	0.5846	0.5109	0.9166	0.9081	 | 0.4465 mean
                     	0.5774	0.5051	0.8024	 0.772	 0.941	0.8746	0.9464	0.9377	 1.376	 1.205	 2.432	 2.323	 | 1.336 quantile
                      	 2.095	 1.761	 2.138	 3.066	 2.531	 1.672	 2.147	 3.184	 2.589	 2.549	 3.608	 3.853	 | 3.853 max

train losses    174:	0.2491	0.2587	0.3061	0.2977	0.2947	0.2978	0.3064	0.3044	0.4293	  0.43	0.5129	0.5101	
val losses      174:	0.2071	0.1857	0.3174	0.2942	0.3535	 0.317	 0.375	0.3699	0.5789	0.5036	0.9021	0.8934	 | 0.4415 mean
                     	0.5747	0.4984	0.7999	0.7673	0.9114	0.8497	0.9452	 0.934	 1.352	 1.179	 2.415	 2.292	 | 1.311 quantile
                      	 2.203	 1.793	 2.139	 3.028	 2.526	 1.726	  2.17	 3.229	 2.557	 2.591	 3.634	 3.881	 | 3.881 max

train losses    176:	0.2472	0.2585	0.3054	0.2978	0.2944	 0.298	 0.305	0.3035	  0.43	0.4289	0.5125	0.5082	
val losses      176:	0.2056	0.1836	0.3169	0.2939	0.3501	0.3165	0.3757	0.3708	0.5768	0.5007	0.8824	0.8777	 | 0.4376 mean
                     	0.5709	0.4989	0.8016	0.7672	0.9037	0.8484	0.9453	0.9355	 1.344	 1.163	 2.378	 2.268	 | 1.297 quantile
                      	 2.194	 1.708	 2.144	 3.098	 2.493	 1.681	 2.193	 3.232	 2.608	 2.469	 3.644	 3.833	 | 3.833 max

train losses    178:	0.2458	0.2557	0.3047	0.2971	0.2918	0.2946	0.3035	0.3021	0.4348	 0.435	 0.512	0.5094	
val losses      178:	0.2051	 0.186	0.3168	0.2933	0.3495	0.3118	0.3758	0.3718	0.5778	0.4981	0.8885	0.8813	 | 0.438 mean
                     	0.5727	0.5052	0.7963	0.7715	0.8963	0.8442	0.9416	0.9307	 1.343	 1.172	 2.378	 2.286	 | 1.31 quantile
                      	 2.171	 1.777	 2.162	 3.082	  2.51	  1.72	 2.165	 3.133	 2.504	 2.494	 3.634	 3.887	 | 3.887 max

train losses    180:	0.2452	0.2559	0.3036	 0.296	0.2913	0.2958	0.3042	 0.302	0.4451	0.4459	0.5126	0.5091	
val losses      180:	0.2052	 0.185	0.3162	0.2925	0.3522	0.3167	0.3745	0.3714	0.5874	0.5099	0.8981	 0.888	 | 0.4414 mean
                     	0.5706	0.5036	0.7962	0.7667	0.9126	  0.85	0.9369	0.9321	 1.357	 1.191	 2.371	 2.271	 | 1.319 quantile
                      	 2.156	 1.729	 2.172	 3.061	 2.516	 1.685	 2.221	 3.147	 2.495	 2.594	 3.656	 3.903	 | 3.903 max

train losses    182:	0.2449	0.2556	0.3039	0.2954	  0.29	0.2946	0.3023	0.3016	0.4586	 0.458	0.5157	0.5112	
val losses      182:	0.2069	0.1868	0.3161	0.2922	0.3547	 0.316	0.3747	0.3706	 0.597	0.5265	0.8947	0.8857	 | 0.4435 mean
                     	0.5782	0.5058	0.7989	0.7657	0.9087	0.8522	0.9442	0.9334	 1.394	 1.236	 2.386	  2.29	 | 1.333 quantile
                      	 2.061	 1.759	 2.167	 3.067	 2.579	 1.762	 2.117	 3.167	   2.5	 2.729	 3.751	 3.968	 | 3.968 max

train losses    184:	0.2458	0.2545	0.3029	0.2944	 0.291	0.2945	0.3009	0.2988	0.4747	0.4745	0.5167	0.5137	
val losses      184:	0.2059	0.1834	 0.316	0.2921	 0.353	0.3154	0.3758	0.3716	 0.601	0.5341	0.9023	 0.891	 | 0.4451 mean
                     	0.5697	0.4976	0.7963	0.7637	0.9086	0.8578	0.9342	 0.938	 1.408	 1.263	 2.401	 2.284	 | 1.34 quantile
                      	 2.123	 1.677	 2.162	 3.071	 2.531	 1.743	 2.086	 3.141	 2.507	 2.775	 3.804	 3.943	 | 3.943 max

train losses    186:	0.2465	0.2555	0.3024	0.2944	0.2894	0.2929	 0.301	0.2981	0.4942	0.4889	0.5274	0.5242	
val losses      186:	 0.207	0.1837	0.3159	0.2915	0.3502	0.3136	0.3744	0.3709	0.6084	0.5465	0.8898	0.8799	 | 0.4443 mean
                     	0.5704	0.4997	0.7998	0.7615	0.9058	0.8511	0.9323	0.9392	 1.433	 1.303	  2.37	 2.263	 | 1.336 quantile
                      	 2.101	 1.708	 2.178	 3.072	  2.51	 1.711	 2.129	 3.196	 2.396	 2.846	 3.732	 3.935	 | 3.935 max

train losses    188:	0.2478	0.2558	0.3023	 0.294	0.2895	0.2926	   0.3	0.2986	0.5064	0.5049	0.5312	0.5291	
val losses      188:	0.2069	0.1835	0.3162	0.2914	0.3485	0.3143	0.3751	0.3714	0.6102	0.5541	0.8847	0.8744	 | 0.4442 mean
                     	0.5811	0.4941	0.7977	0.7604	0.9081	0.8563	0.9311	0.9452	 1.439	 1.329	 2.349	 2.261	 | 1.339 quantile
                      	 2.154	 1.717	 2.166	 3.066	 2.455	  1.72	 2.166	 3.178	 2.469	 2.874	 3.764	 3.969	 | 3.969 max

train losses    190:	0.2487	 0.256	 0.302	0.2944	0.2896	0.2927	0.3012	0.3007	0.5146	0.5106	  0.54	0.5379	
val losses      190:	0.2062	0.1829	0.3166	0.2914	0.3486	0.3094	0.3745	  0.37	0.6096	0.5544	0.8889	 0.879	 | 0.4443 mean
                     	0.5733	0.4969	0.7949	0.7569	 0.901	0.8418	0.9313	0.9398	 1.445	 1.309	 2.345	 2.251	 | 1.338 quantile
                      	 2.151	 1.779	 2.188	 3.045	 2.528	 1.732	 2.134	 3.176	 2.442	 2.864	 3.737	 3.891	 | 3.891 max

train losses    192:	 0.248	0.2567	0.3021	0.2941	0.2909	0.2914	 0.305	0.3042	0.4907	0.4875	0.5414	0.5374	
val losses      192:	0.2078	0.1838	0.3167	0.2919	0.3459	0.3123	0.3775	 0.373	0.5999	0.5367	 0.887	0.8767	 | 0.4424 mean
                     	0.5687	0.4979	 0.791	0.7592	0.9086	0.8412	0.9335	0.9314	 1.398	 1.249	  2.33	 2.232	 | 1.317 quantile
                      	 2.131	 1.722	 2.169	 3.078	 2.487	 1.705	 2.184	 3.157	 2.519	 2.696	 3.868	 3.857	 | 3.868 max

train losses    194:	0.2471	0.2556	0.3019	0.2933	0.2907	0.2943	0.3042	0.3032	0.4657	0.4626	0.5446	0.5412	
val losses      194:	0.2079	0.1869	 0.316	0.2914	0.3508	0.3146	 0.375	0.3697	0.5998	0.5391	0.9018	0.8896	 | 0.4452 mean
                     	0.5706	0.5082	0.7957	0.7627	0.9166	0.8526	0.9455	0.9236	 1.417	 1.264	 2.364	  2.28	 | 1.338 quantile
                      	 2.134	 1.743	 2.165	 3.075	 2.536	 1.756	 2.126	 3.121	 2.521	 2.599	 4.037	 3.947	 | 4.037 max

train losses    196:	0.2465	0.2547	0.3013	0.2929	0.2904	 0.294	0.3026	0.3014	0.4419	0.4397	0.5483	0.5438	
val losses      196:	0.2071	0.1857	0.3155	0.2916	 0.351	0.3173	0.3716	0.3687	 0.599	0.5388	0.9029	0.8926	 | 0.4451 mean
                     	0.5731	0.4977	0.7976	0.7639	0.9251	0.8557	0.9312	0.9278	 1.406	 1.258	 2.395	   2.3	 | 1.33 quantile
                      	 2.093	 1.666	 2.186	  3.12	 2.519	 1.697	 2.164	 3.215	 2.548	 2.611	 3.897	 3.913	 | 3.913 max

train losses    198:	0.2463	0.2551	 0.302	0.2931	 0.291	0.2965	0.3124	 0.312	0.4266	0.4254	0.5646	0.5568	
val losses      198:	0.2063	0.1833	 0.315	0.2905	 0.352	0.3151	0.3757	0.3707	0.5875	 0.516	0.9098	0.8991	 | 0.4434 mean
                     	0.5719	0.5036	0.7969	0.7573	0.9329	0.8465	 0.947	0.9174	 1.367	   1.2	 2.422	 2.335	 | 1.323 quantile
                      	 2.103	 1.786	 2.161	 3.078	 2.481	  1.65	 2.155	 3.125	 2.566	 2.515	 3.879	 3.864	 | 3.879 max

train losses    200:	0.2469	0.2598	0.3029	0.2948	0.2962	0.3004	0.3317	0.3308	0.4222	 0.425	0.5802	0.5728	
val losses      200:	0.2075	 0.184	 0.315	0.2905	0.3567	0.3189	0.3814	0.3758	0.5871	0.5134	0.9111	0.8996	 | 0.4451 mean
                     	 0.578	0.5006	0.7971	0.7631	0.9449	0.8614	0.9554	0.9296	 1.373	 1.192	  2.43	 2.343	 | 1.335 quantile
                      	  2.16	 1.713	 2.177	 3.092	 2.595	 1.715	 2.091	 3.146	 2.542	  2.47	 3.612	 3.738	 | 3.738 max

train losses    202:	0.2586	 0.261	0.3054	0.2976	0.3016	0.3029	0.3502	0.3522	0.4332	0.4382	0.6026	0.5952	
val losses      202:	0.2106	0.1889	0.3155	0.2911	0.3634	0.3251	0.4049	0.3989	0.5905	0.5074	 0.913	0.9011	 | 0.4509 mean
                     	0.5801	0.5046	0.7994	0.7648	0.9636	0.8732	0.9914	 0.969	  1.36	 1.163	  2.49	 2.382	 | 1.35 quantile
                      	 1.971	 1.593	 2.149	 3.091	  2.59	 1.699	 2.072	 3.001	 2.568	 2.367	 3.839	 4.015	 | 4.015 max

train losses    204:	0.2657	0.2678	0.3074	0.2992	0.3042	0.3064	0.3341	0.3358	0.4578	 0.476	0.6239	0.6155	
val losses      204:	0.2176	0.1937	0.3159	 0.291	0.3735	0.3383	0.3978	0.3914	0.5911	0.5206	0.9297	0.9153	 | 0.4563 mean
                     	0.5927	0.5219	0.7916	0.7679	0.9717	0.9023	0.9853	0.9543	 1.387	 1.225	 2.507	 2.391	 | 1.367 quantile
                      	  2.04	 1.674	  2.16	  3.02	 2.604	 1.791	 1.885	 2.779	 2.571	 2.243	 3.819	 3.897	 | 3.897 max

train losses    206:	0.2717	0.2711	0.3069	0.2983	0.3198	0.3238	0.3252	0.3248	0.5352	0.5583	0.6703	0.6562	
val losses      206:	0.2278	0.2101	0.3171	0.2921	0.3865	0.3598	0.3841	0.3788	0.6579	0.6172	0.9305	0.9179	 | 0.4733 mean
                     	0.6223	0.5443	0.8023	0.7652	 1.018	0.9826	0.9545	0.9336	 1.538	 1.437	  2.56	  2.47	 | 1.455 quantile
                      	 1.899	 1.835	  2.14	 3.134	 2.618	 1.749	 2.067	 3.216	 2.718	 2.217	   4.0	 4.189	 | 4.189 max

train losses    208:	0.3114	0.3119	  0.32	0.3092	0.3496	0.3602	0.3412	  0.34	0.7579	0.8535	0.9019	 0.862	
val losses      208:	0.2426	0.2665	0.3398	0.3145	0.4543	0.4267	0.3881	 0.384	0.9326	0.9667	 1.098	 1.081	 | 0.5746 mean
                     	0.6586	0.7168	0.8453	0.8034	 1.226	 1.203	0.9755	0.9835	 2.222	 2.383	 2.751	 2.681	 | 1.854 quantile
                      	 1.983	 2.335	 2.308	 3.039	  3.36	 2.556	 1.977	 2.974	 3.993	  4.45	 4.245	 4.172	 | 4.45 max

train losses    210:	0.3808	0.3834	0.3475	0.3335	0.4647	0.4881	0.3899	0.3955	0.8718	0.9156	 1.143	 1.148	
val losses      210:	0.3034	 0.335	0.3524	0.3271	0.6025	0.5973	0.4082	0.4016	 1.229	 1.265	 1.371	 1.359	 | 0.7126 mean
                     	0.8314	0.9268	0.8871	0.8536	 1.627	 1.643	 1.044	 1.055	 3.093	 3.274	 3.307	 3.281	 | 2.425 quantile
                      	 2.324	 2.874	 2.113	 3.094	 4.328	 3.688	 2.064	  3.13	 5.156	 5.818	 5.342	 5.216	 | 5.818 max

train losses    212:	0.4075	0.4421	 0.343	0.3338	0.5017	0.5258	0.4185	0.4222	0.9575	0.9589	 1.128	 1.118	
val losses      212:	0.3806	0.4612	0.3502	0.3296	0.5884	 0.579	0.4176	0.4073	 1.449	 1.465	 1.418	 1.414	 | 0.7717 mean
                     	0.9803	 1.206	0.8797	0.8648	 1.665	  1.66	 1.054	 1.072	 3.479	 3.583	 3.356	 3.302	 | 2.623 quantile
                      	 2.691	 3.846	 2.241	 2.997	 4.368	 3.762	 1.842	 2.867	 5.721	 5.875	 5.296	 4.971	 | 5.875 max

train losses    214:	0.4176	0.4587	0.3379	 0.329	0.5422	0.5744	0.4149	0.4177	0.8894	0.9423	 1.018	   1.0	
val losses      214:	0.3302	0.4104	0.3381	0.3187	0.5995	 0.595	0.4238	0.4313	 1.264	 1.261	 1.282	 1.268	 | 0.7101 mean
                     	0.9115	 1.085	0.8574	0.8361	 1.597	 1.594	 1.072	 1.106	 3.039	 3.113	 2.963	 2.985	 | 2.333 quantile
                      	 2.815	 3.226	 2.192	 3.111	  4.01	  3.44	 1.936	 3.053	  4.64	 4.841	 4.864	 4.526	 | 4.864 max

train losses    216:	0.3833	0.4189	0.3408	0.3326	0.4925	0.5187	0.4168	0.4182	0.6596	0.7126	0.8851	0.8717	
val losses      216:	0.3084	0.3156	0.3325	0.3079	0.5334	0.5206	0.4207	0.4231	0.8042	0.8271	 1.272	 1.212	 | 0.6064 mean
                     	0.8287	0.8868	0.8363	0.8016	 1.462	 1.436	 1.087	 1.107	 1.929	 2.079	 2.881	 2.781	 | 1.886 quantile
                      	 2.479	 2.277	 2.197	 2.953	 3.627	  2.88	 1.909	 2.756	 3.049	 3.144	 4.988	 4.671	 | 4.988 max

train losses    218:	0.3564	0.3803	0.3325	0.3229	0.4311	0.4446	0.3859	0.3878	0.5941	0.5961	0.7642	 0.757	
val losses      218:	0.2916	0.2796	 0.339	0.3128	0.5141	0.4977	0.4393	0.4299	0.7053	0.6788	 1.126	 1.077	 | 0.5575 mean
                     	0.8105	0.7899	0.8465	0.8146	 1.385	 1.337	 1.092	   1.1	 1.679	 1.736	 2.711	 2.627	 | 1.704 quantile
                      	  2.57	 2.063	 2.194	 2.869	 3.923	 3.088	 1.973	 2.457	 2.892	 2.977	 4.567	 4.191	 | 4.567 max

train losses    220:	0.3162	0.3387	  0.32	0.3121	0.3685	0.3808	 0.363	0.3663	0.5255	0.5311	0.6682	0.6653	
val losses      220:	0.2861	0.2738	0.3325	0.3073	0.4923	0.4558	0.4183	0.4132	0.6659	0.6141	 1.054	 1.023	 | 0.528 mean
                     	0.7801	0.7438	0.8336	0.8022	 1.295	 1.236	 1.062	 1.073	 1.604	 1.518	 2.641	 2.537	 | 1.604 quantile
                      	 2.469	 2.112	 2.128	 2.881	 3.896	 3.053	 1.947	 2.665	 2.511	 2.503	 4.185	 3.881	 | 4.185 max

train losses    222:	0.3039	0.3097	0.3178	0.3091	0.3515	0.3608	0.3507	0.3527	 0.487	0.4915	0.6251	0.6203	
val losses      222:	0.2684	0.2438	0.3288	0.3049	0.4679	0.4321	0.4027	0.3996	0.6537	0.6143	 1.005	 0.974	 | 0.508 mean
                     	 0.739	0.6813	0.8261	0.8009	 1.233	 1.171	 1.014	  1.04	 1.555	 1.508	 2.573	 2.442	 | 1.53 quantile
                      	 2.204	 1.899	 2.148	 2.935	 3.722	 2.885	   1.8	 2.912	 2.756	 2.555	 3.804	  3.91	 | 3.91 max

train losses    224:	0.2839	0.2921	0.3144	0.3054	0.3393	0.3447	0.3404	0.3419	0.4634	0.4675	0.5852	0.5824	
val losses      224:	  0.26	0.2405	0.3266	0.3037	 0.459	0.4194	0.3982	0.3937	0.6468	0.6032	0.9499	0.9335	 | 0.4945 mean
                     	0.7282	 0.656	 0.825	0.7924	 1.181	 1.135	 1.001	 1.016	 1.524	  1.44	 2.495	 2.389	 | 1.463 quantile
                      	 1.997	 1.754	 2.137	  2.97	 3.451	  2.67	 1.833	 2.896	 2.825	 2.356	 3.844	 3.977	 | 3.977 max

train losses    226:	0.2745	0.2827	0.3127	0.3037	0.3285	 0.333	0.3315	0.3315	0.4467	0.4561	0.5581	 0.554	
val losses      226:	0.2484	0.2274	0.3252	0.3026	0.4446	0.4046	 0.392	0.3856	0.6246	0.5757	 0.944	0.9303	 | 0.4838 mean
                     	0.6943	0.6214	0.8213	0.7828	 1.137	 1.095	0.9765	   1.0	 1.458	 1.354	  2.47	 2.358	 | 1.434 quantile
                      	 1.937	 1.875	 2.162	 3.012	 3.264	 2.533	 1.797	 3.067	 2.823	 2.306	 3.836	 4.053	 | 4.053 max

train losses    228:	0.2668	0.2757	0.3105	0.3015	0.3214	0.3254	0.3226	0.3239	0.4372	0.4437	 0.533	 0.529	
val losses      228:	0.2405	0.2246	0.3242	0.3015	0.4274	0.3907	0.3867	0.3791	0.6062	0.5426	0.9578	0.9439	 | 0.4771 mean
                     	0.6632	0.6073	0.8204	0.7775	 1.086	 1.055	0.9646	0.9709	 1.385	 1.266	 2.457	 2.374	 | 1.404 quantile
                      	 1.936	 1.792	 2.175	 3.017	 3.073	 2.325	 1.867	 2.974	 2.761	 2.421	 3.804	 3.991	 | 3.991 max

train losses    230:	0.2603	0.2705	0.3086	0.2999	0.3141	0.3205	0.3162	0.3165	0.4305	0.4374	0.5191	0.5139	
val losses      230:	0.2336	0.2209	0.3229	0.3004	0.4152	0.3833	0.3832	0.3758	 0.601	0.5349	0.9368	0.9228	 | 0.4692 mean
                     	 0.647	0.5886	0.8173	0.7768	 1.065	 1.044	0.9582	0.9532	 1.385	 1.241	 2.452	 2.374	 | 1.389 quantile
                      	 2.005	  1.81	 2.167	 3.058	   3.0	  2.28	 1.891	 3.003	 2.781	 2.445	 3.912	 4.121	 | 4.121 max

train losses    232:	0.2585	0.2668	0.3069	0.2979	0.3086	0.3135	0.3091	0.3091	0.4271	0.4323	0.5102	0.5058	
val losses      232:	0.2289	0.2155	0.3221	0.2989	0.4089	0.3773	0.3805	0.3732	0.5969	0.5313	0.9318	0.9193	 | 0.4654 mean
                     	0.6333	0.5755	0.8071	0.7737	 1.043	 1.026	0.9453	0.9486	 1.375	 1.239	  2.47	 2.383	 | 1.38 quantile
                      	 2.039	 1.838	 2.174	 3.071	  2.93	 2.197	 1.946	 2.997	 2.723	 2.358	 3.882	 4.141	 | 4.141 max

train losses    234:	0.2549	0.2623	0.3066	0.2976	0.3063	 0.311	0.3072	0.3062	0.4252	0.4281	0.5047	0.4994	
val losses      234:	 0.224	0.2108	0.3218	0.2982	0.4041	0.3722	0.3777	0.3707	0.5963	0.5318	0.9344	0.9228	 | 0.4637 mean
                     	0.6253	0.5622	0.8072	0.7702	 1.041	  1.02	0.9392	0.9367	 1.376	 1.246	 2.441	 2.372	 | 1.379 quantile
                      	 1.997	 1.807	 2.176	 3.076	 2.896	 2.214	 2.037	 3.049	 2.721	 2.421	 3.787	 4.061	 | 4.061 max

train losses    236:	0.2501	0.2597	0.3054	0.2962	0.3009	0.3064	 0.304	0.3027	0.4212	0.4238	0.4994	0.4948	
val losses      236:	0.2225	0.2078	0.3216	0.2976	0.3972	0.3663	0.3755	0.3689	0.5976	0.5309	0.9265	0.9171	 | 0.4608 mean
                     	0.6191	0.5536	0.8078	0.7722	 1.022	 1.012	0.9305	0.9307	 1.378	 1.236	 2.462	 2.375	 | 1.373 quantile
                      	  2.02	 1.762	 2.167	 3.085	 2.833	 2.116	 2.092	 3.175	 2.658	 2.351	 3.872	 4.112	 | 4.112 max

train losses    238:	0.2471	0.2563	0.3046	0.2956	0.2979	0.3023	0.2998	   0.3	0.4195	0.4186	0.4927	0.4882	
val losses      238:	0.2205	0.2042	0.3215	0.2972	0.3912	0.3603	0.3744	 0.369	0.5975	 0.531	0.9267	0.9161	 | 0.4591 mean
                     	  0.61	0.5448	0.8048	 0.771	 1.005	0.9871	0.9334	0.9465	 1.384	 1.231	 2.436	 2.367	 | 1.367 quantile
                      	 1.997	  1.73	 2.172	 3.118	 2.809	 2.063	 2.119	 3.194	 2.649	 2.388	 3.783	 4.025	 | 4.025 max

train losses    240:	0.2457	0.2552	0.3036	0.2944	0.2944	0.2991	0.2963	0.2962	0.4157	0.4153	 0.485	0.4814	
val losses      240:	0.2182	0.2006	0.3211	0.2965	0.3867	 0.355	0.3739	0.3684	0.5963	0.5287	0.9187	0.9088	 | 0.4561 mean
                     	0.6058	0.5347	0.8045	0.7682	0.9909	0.9746	0.9301	0.9361	 1.383	 1.228	 2.431	  2.35	 | 1.361 quantile
                      	 2.017	 1.725	 2.164	 3.077	 2.751	  1.97	  2.12	 3.178	 2.686	 2.501	 3.873	 4.101	 | 4.101 max

train losses    242:	0.2437	0.2514	 0.302	0.2937	0.2945	0.2978	0.2977	0.2973	0.4137	 0.415	0.4858	0.4816	
val losses      242:	0.2163	0.1983	0.3206	0.2958	0.3811	0.3502	0.3734	0.3682	0.5987	0.5294	0.9119	0.9025	 | 0.4539 mean
                     	0.6087	0.5312	0.8066	0.7663	0.9844	0.9551	0.9336	0.9319	 1.379	 1.224	 2.422	 2.314	 | 1.351 quantile
                      	 2.029	 1.618	 2.181	 3.063	 2.671	 1.939	  2.14	 3.182	  2.69	 2.384	 3.985	  4.21	 | 4.21 max

train losses    244:	0.2429	0.2508	0.3022	0.2928	0.2919	0.2942	0.2929	0.2938	0.4132	0.4146	0.4817	0.4793	
val losses      244:	0.2152	0.1971	0.3201	0.2953	0.3772	0.3451	0.3722	0.3669	0.5963	0.5284	0.9164	0.9056	 | 0.453 mean
                     	0.6047	0.5322	0.8042	 0.764	0.9663	0.9396	0.9329	0.9319	 1.384	 1.219	 2.401	 2.305	 | 1.354 quantile
                      	 2.049	 1.688	 2.178	 3.079	 2.609	 1.946	 2.148	 3.161	 2.649	 2.415	 3.788	 3.981	 | 3.981 max

train losses    246:	0.2403	0.2485	0.3011	0.2923	0.2903	0.2943	0.2915	0.2926	 0.409	 0.409	0.4788	0.4764	
val losses      246:	0.2138	0.1949	  0.32	 0.295	0.3728	0.3421	0.3721	0.3666	0.5927	0.5235	0.9119	0.9017	 | 0.4506 mean
                     	0.5984	0.5264	0.8008	0.7625	0.9638	0.9272	0.9357	0.9339	 1.372	 1.211	 2.404	 2.308	 | 1.352 quantile
                      	 2.012	 1.669	 2.187	 3.074	 2.561	 1.892	 2.138	 3.237	 2.698	 2.371	 3.777	 3.977	 | 3.977 max

train losses    248:	0.2399	0.2483	   0.3	0.2914	0.2879	0.2908	0.2908	0.2916	0.4084	  0.41	0.4772	0.4731	
val losses      248:	0.2124	 0.194	0.3191	0.2941	 0.369	0.3365	0.3713	0.3662	0.5927	0.5254	0.9082	0.8971	 | 0.4488 mean
                     	0.5981	0.5191	0.8003	0.7627	0.9536	0.9092	0.9311	0.9305	 1.371	 1.218	  2.39	 2.299	 | 1.343 quantile
                      	  2.07	 1.686	 2.189	 3.063	 2.558	 1.854	  2.15	 3.218	 2.619	 2.368	 3.788	 4.002	 | 4.002 max

train losses    250:	0.2382	0.2456	0.2997	0.2909	0.2848	0.2892	0.2901	0.2889	0.4051	0.4062	0.4712	0.4678	
val losses      250:	 0.212	0.1883	0.3191	0.2939	0.3662	0.3328	0.3714	0.3664	0.5929	0.5252	0.9142	0.9027	 | 0.4488 mean
                     	   0.6	0.5035	0.8003	0.7625	0.9475	0.8952	0.9304	0.9298	 1.371	 1.209	 2.412	 2.297	 | 1.336 quantile
                      	 1.992	 1.564	 2.196	 3.096	 2.551	 1.827	 2.176	 3.192	 2.584	 2.361	 3.699	 3.924	 | 3.924 max

train losses    252:	0.2375	0.2453	0.3001	0.2906	0.2885	0.2874	0.2882	0.2884	0.4051	0.4033	0.4727	0.4694	
val losses      252:	0.2105	 0.187	0.3189	0.2935	 0.364	0.3312	0.3719	 0.367	 0.593	0.5252	0.9056	0.8961	 | 0.447 mean
                     	 0.591	0.5058	0.7999	0.7628	0.9462	0.8892	0.9324	0.9296	 1.371	 1.202	 2.406	 2.304	 | 1.334 quantile
                      	 1.981	 1.571	 2.205	 3.091	 2.541	 1.805	 2.131	 3.248	  2.56	 2.345	  3.85	 4.063	 | 4.063 max

train losses    254:	 0.236	0.2441	 0.299	0.2893	 0.285	0.2863	0.2881	0.2874	0.4054	0.4042	0.4709	0.4678	
val losses      254:	0.2101	0.1871	0.3186	0.2929	0.3633	0.3287	0.3712	0.3662	0.5921	 0.523	0.9143	0.9033	 | 0.4476 mean
                     	0.5865	0.5104	0.7982	0.7593	0.9442	0.8841	0.9319	0.9265	 1.368	 1.205	 2.394	 2.291	 | 1.335 quantile
                      	 2.052	 1.558	 2.211	 3.067	 2.495	 1.799	 2.138	 3.195	 2.619	 2.445	 3.867	  4.06	 | 4.06 max

train losses    256:	0.2366	0.2441	0.2976	0.2881	0.2819	0.2847	 0.287	0.2858	0.4025	0.4055	0.4686	0.4637	
val losses      256:	0.2086	0.1873	0.3181	0.2924	0.3593	0.3252	0.3707	0.3658	0.5918	0.5246	0.9042	0.8946	 | 0.4452 mean
                     	0.5884	0.5083	0.7999	0.7589	0.9309	0.8685	0.9258	0.9225	 1.374	 1.207	  2.39	 2.293	 | 1.328 quantile
                      	 2.051	 1.567	   2.2	 3.055	 2.517	 1.803	 2.143	 3.222	  2.67	  2.27	 3.916	 4.117	 | 4.117 max

train losses    258:	0.2359	0.2428	0.2978	0.2875	0.2817	0.2834	0.2859	 0.285	0.4005	0.4003	0.4664	0.4634	
val losses      258:	0.2075	0.1862	0.3176	0.2918	0.3558	0.3215	0.3706	0.3656	0.5889	0.5204	0.8966	0.8884	 | 0.4426 mean
                     	0.5788	0.5124	0.7978	0.7574	0.9219	0.8558	0.9298	0.9309	 1.363	 1.193	  2.36	 2.278	 | 1.322 quantile
                      	 2.064	 1.621	 2.205	 3.062	 2.489	 1.802	 2.202	 3.259	 2.638	  2.34	 3.883	 4.067	 | 4.067 max

train losses    260:	0.2328	0.2405	0.2974	0.2876	0.2818	0.2842	0.2849	0.2856	   0.4	0.4014	0.4666	0.4646	
val losses      260:	0.2059	0.1829	0.3175	0.2914	 0.353	0.3172	0.3702	0.3651	 0.592	0.5254	0.8941	0.8857	 | 0.4417 mean
                     	0.5789	 0.498	0.7989	0.7551	0.9158	0.8495	0.9342	0.9258	  1.36	 1.204	 2.367	 2.281	 | 1.316 quantile
                      	 2.099	 1.522	 2.214	 3.036	 2.422	 1.796	 2.204	 3.285	 2.602	  2.45	 3.752	 3.951	 | 3.951 max

train losses    262:	0.2334	0.2396	0.2967	0.2871	 0.281	0.2813	0.2856	 0.284	   0.4	0.3983	0.4658	0.4602	
val losses      262:	0.2062	0.1829	0.3173	 0.291	 0.353	0.3175	0.3701	0.3657	0.5932	0.5275	0.8898	0.8821	 | 0.4413 mean
                     	0.5816	0.5024	0.7957	0.7562	  0.92	0.8514	0.9343	0.9292	 1.354	 1.208	 2.359	 2.281	 | 1.32 quantile
                      	 2.076	 1.614	 2.224	 3.052	 2.417	 1.734	 2.197	 3.313	 2.633	 2.375	 3.704	 3.901	 | 3.901 max

train losses    264:	0.2324	0.2407	0.2956	0.2866	0.2771	0.2793	0.2847	0.2846	 0.399	0.3986	0.4617	0.4588	
val losses      264:	0.2051	0.1829	0.3172	 0.291	0.3524	 0.319	0.3689	0.3645	0.5891	0.5243	0.8897	0.8817	 | 0.4405 mean
                     	0.5811	 0.499	   0.8	0.7565	  0.92	 0.849	0.9304	0.9271	 1.364	   1.2	 2.372	  2.27	 | 1.322 quantile
                      	 2.091	 1.548	  2.22	 3.047	 2.427	 1.721	 2.206	 3.263	 2.575	 2.398	 3.748	 3.951	 | 3.951 max

train losses    266:	0.2332	0.2397	0.2947	0.2858	0.2774	0.2794	0.2845	0.2846	0.3971	0.3991	0.4586	0.4554	
val losses      266:	0.2056	0.1826	0.3168	0.2903	 0.351	0.3164	0.3702	0.3658	0.5901	0.5231	0.8915	0.8828	 | 0.4405 mean
                     	0.5788	0.4967	0.7989	0.7539	0.9197	 0.853	0.9337	0.9289	 1.366	 1.205	 2.373	  2.27	 | 1.32 quantile
                      	   2.1	  1.57	 2.219	 3.045	 2.463	 1.713	 2.212	 3.228	 2.543	 2.474	 3.694	 3.902	 | 3.902 max

train losses    268:	0.2325	0.2387	0.2953	0.2848	0.2757	0.2804	 0.283	0.2825	0.3957	0.3974	0.4608	0.4576	
val losses      268:	0.2041	0.1827	0.3163	0.2897	0.3515	0.3147	0.3713	0.3667	 0.592	0.5245	0.8899	0.8825	 | 0.4405 mean
                     	 0.576	0.4969	0.7943	0.7539	0.9066	0.8493	0.9354	0.9323	 1.355	 1.206	 2.351	 2.256	 | 1.321 quantile
                      	 2.095	 1.621	 2.227	 3.041	 2.455	 1.725	 2.152	 3.224	  2.63	  2.42	 3.746	 3.944	 | 3.944 max

train losses    270:	0.2319	0.2372	0.2942	0.2847	0.2765	0.2788	0.2825	0.2823	0.3946	0.3974	0.4648	0.4602	
val losses      270:	0.2023	0.1826	0.3158	0.2894	0.3488	0.3109	0.3706	0.3659	0.5887	0.5183	0.8931	0.8847	 | 0.4393 mean
                     	0.5697	 0.501	0.7924	0.7536	0.9025	0.8288	0.9281	0.9305	 1.366	  1.19	  2.34	 2.241	 | 1.318 quantile
                      	 2.106	 1.543	 2.234	 3.044	 2.401	 1.668	  2.23	  3.23	 2.623	 2.463	 3.766	 3.988	 | 3.988 max

train losses    272:	0.2308	0.2381	0.2937	0.2844	0.2754	0.2775	0.2823	0.2827	0.3944	0.3954	 0.463	0.4597	
val losses      272:	0.2033	0.1814	0.3158	0.2891	 0.347	0.3134	0.3696	0.3655	0.5878	0.5192	0.8858	0.8788	 | 0.4381 mean
                     	0.5742	0.4978	0.7923	0.7541	0.9042	0.8428	 0.928	0.9271	 1.357	 1.194	 2.349	 2.259	 | 1.314 quantile
                      	 2.051	 1.576	 2.224	 3.062	 2.372	 1.622	  2.25	 3.237	 2.642	 2.445	 3.733	  3.93	 | 3.93 max

train losses    274:	0.2297	 0.237	0.2929	 0.284	0.2745	 0.277	0.2813	0.2805	0.3945	0.3946	0.4605	0.4563	
val losses      274:	0.2032	0.1798	0.3158	 0.289	0.3464	0.3085	0.3692	0.3657	0.5875	0.5226	0.8807	0.8742	 | 0.4369 mean
                     	0.5781	0.4917	0.7913	 0.753	0.9047	0.8266	0.9319	 0.931	 1.363	 1.199	 2.315	 2.246	 | 1.313 quantile
                      	 2.143	 1.532	 2.255	 3.063	 2.451	 1.688	 2.266	 3.244	 2.605	 2.396	  3.82	  3.98	 | 3.98 max

train losses    276:	0.2303	0.2365	0.2927	 0.283	0.2748	 0.278	0.2813	0.2804	0.3945	0.3934	0.4661	0.4625	
val losses      276:	 0.202	0.1804	0.3156	0.2888	0.3439	0.3078	0.3694	0.3658	0.5877	0.5214	0.8913	0.8824	 | 0.438 mean
                     	0.5712	0.4891	0.7929	0.7522	0.9027	0.8397	0.9341	0.9271	 1.364	 1.196	  2.33	 2.238	 | 1.319 quantile
                      	  2.09	 1.505	 2.216	 3.056	 2.433	 1.693	 2.256	 3.226	 2.631	 2.369	 3.737	 3.922	 | 3.922 max

train losses    278:	0.2299	0.2353	0.2922	0.2823	0.2745	 0.275	0.2808	0.2813	0.3917	0.3914	 0.467	0.4638	
val losses      278:	0.2019	0.1792	0.3155	0.2887	0.3429	0.3083	0.3702	0.3653	0.5871	0.5225	0.8922	0.8821	 | 0.438 mean
                     	0.5666	0.4881	0.7935	0.7506	0.8912	0.8296	0.9371	0.9267	  1.36	 1.198	 2.326	 2.244	 | 1.314 quantile
                      	 2.139	 1.526	 2.235	 3.096	 2.364	 1.651	 2.211	 3.248	 2.522	  2.36	 3.825	 3.993	 | 3.993 max

train losses    280:	0.2303	0.2362	0.2916	0.2818	0.2743	0.2776	0.2801	0.2796	0.3919	 0.393	0.4705	0.4669	
val losses      280:	0.2007	 0.176	0.3155	0.2885	0.3412	 0.305	0.3686	 0.364	0.5842	0.5167	0.8838	 0.874	 | 0.4348 mean
                     	0.5668	0.4803	0.7873	0.7556	0.8917	0.8243	0.9313	0.9298	  1.35	 1.179	 2.299	 2.237	 | 1.308 quantile
                      	 2.074	 1.489	 2.245	 3.072	 2.385	 1.668	  2.24	 3.248	 2.543	  2.39	 4.075	 4.221	 | 4.221 max

train losses    282:	0.2301	 0.234	0.2912	0.2821	0.2746	 0.275	0.2801	0.2802	0.3929	0.3914	0.4745	0.4721	
val losses      282:	0.2008	0.1792	0.3149	 0.288	0.3408	0.3044	  0.37	0.3641	0.5858	0.5182	0.8847	0.8745	 | 0.4354 mean
                     	0.5632	0.4867	0.7894	0.7497	0.8861	0.8223	0.9409	0.9266	 1.347	 1.192	 2.328	 2.272	 | 1.308 quantile
                      	   2.1	 1.587	 2.252	 3.045	 2.376	 1.659	  2.17	  3.22	 2.634	 2.356	 4.058	 4.231	 | 4.231 max

train losses    284:	0.2289	0.2344	0.2926	 0.282	0.2727	0.2751	0.2795	 0.279	0.3891	0.3916	0.4876	0.4844	
val losses      284:	0.2013	0.1791	0.3153	 0.288	0.3422	0.3084	0.3713	 0.366	 0.585	0.5157	0.9024	0.8921	 | 0.4389 mean
                     	0.5706	0.4875	0.7834	0.7539	 0.895	0.8309	0.9429	0.9336	 1.369	 1.198	 2.373	 2.288	 | 1.325 quantile
                      	 2.092	 1.462	 2.247	 3.037	  2.39	 1.646	 2.173	 3.254	 2.536	 2.419	 3.984	 4.121	 | 4.121 max

train losses    286:	0.2311	 0.235	0.2907	0.2803	0.2718	0.2756	0.2795	0.2783	0.3915	0.3913	0.4933	0.4887	
val losses      286:	0.2008	0.1788	0.3153	0.2875	0.3411	0.3074	0.3707	0.3665	0.5861	0.5171	0.9092	0.8999	 | 0.44 mean
                     	0.5692	0.4917	0.7854	0.7492	0.8916	0.8319	0.9365	0.9287	 1.355	 1.183	 2.361	  2.27	 | 1.324 quantile
                      	  2.14	 1.485	 2.277	 3.032	 2.395	 1.681	 2.223	 3.286	 2.611	 2.413	  3.99	 4.135	 | 4.135 max

train losses    288:	0.2298	0.2346	0.2902	0.2807	0.2746	0.2758	 0.279	0.2787	0.3914	0.3905	0.4927	0.4911	
val losses      288:	0.2002	0.1782	0.3148	0.2874	0.3385	0.3033	0.3692	0.3635	0.5855	0.5191	0.8851	0.8784	 | 0.4353 mean
                     	0.5635	0.4828	0.7884	0.7475	0.8805	0.8206	0.9347	0.9192	 1.356	 1.185	 2.325	 2.253	 | 1.307 quantile
                      	 2.069	 1.482	  2.25	 3.039	 2.427	 1.637	 2.212	  3.32	 2.605	 2.457	 4.237	 4.367	 | 4.367 max

train losses    290:	  0.23	0.2336	0.2905	0.2804	0.2729	0.2749	0.2791	0.2771	0.3911	0.3901	0.5139	0.5097	
val losses      290:	0.1994	0.1759	0.3152	0.2875	 0.339	0.3043	0.3687	0.3645	0.5825	0.5175	0.9095	0.8979	 | 0.4385 mean
                     	0.5578	0.4777	0.7845	0.7486	0.8676	0.8113	0.9302	0.9294	 1.346	 1.189	   2.4	 2.302	 | 1.317 quantile
                      	 2.174	 1.459	 2.281	 3.065	 2.411	 1.671	 2.231	 3.369	   2.6	 2.496	 3.866	 4.015	 | 4.015 max

train losses    292:	0.2295	0.2326	0.2898	0.2807	0.2718	0.2756	0.2778	0.2777	0.3884	0.3906	0.5052	0.5005	
val losses      292:	0.2005	0.1761	0.3145	0.2876	0.3395	0.3033	0.3685	0.3631	0.5811	0.5104	0.9211	0.9092	 | 0.4396 mean
                     	0.5707	0.4863	0.7908	0.7486	0.8729	0.8193	0.9298	0.9266	 1.349	 1.204	 2.395	 2.288	 | 1.328 quantile
                      	 2.136	 1.486	 2.224	  3.06	 2.371	 1.699	 2.263	 3.236	 2.564	 2.541	  3.78	 3.984	 | 3.984 max

train losses    294:	0.2289	0.2341	0.2895	  0.28	 0.273	0.2749	0.2771	0.2779	0.3895	0.3904	0.4869	0.4832	
val losses      294:	0.1997	0.1768	0.3146	0.2875	0.3406	0.3018	0.3695	0.3649	0.5833	0.5145	0.8829	0.8766	 | 0.4344 mean
                     	0.5607	0.4809	0.7825	0.7494	 0.884	0.8145	0.9379	 0.935	 1.344	 1.203	 2.312	 2.239	 | 1.3 quantile
                      	 2.117	 1.501	 2.267	 3.137	 2.395	 1.638	 2.228	 3.331	 2.569	 2.415	 3.957	 4.181	 | 4.181 max

train losses    296:	0.2282	0.2337	0.2895	0.2791	0.2719	0.2748	0.2776	0.2766	0.3863	0.3902	0.4748	0.4718	
val losses      296:	 0.198	0.1755	 0.314	0.2868	0.3369	0.3001	0.3665	0.3617	0.5829	0.5174	0.8723	0.8654	 | 0.4315 mean
                     	0.5604	0.4774	0.7813	0.7444	0.8815	0.8114	0.9294	0.9173	 1.348	 1.201	 2.315	 2.211	 | 1.294 quantile
                      	 2.129	 1.473	 2.251	 3.086	 2.413	 1.579	 2.233	 3.321	  2.53	 2.435	 3.727	 3.896	 | 3.896 max

train losses    298:	 0.228	0.2342	0.2889	0.2792	0.2713	0.2725	0.2771	0.2763	0.3895	0.3881	0.4753	 0.471	
val losses      298:	0.1986	0.1751	0.3142	0.2866	0.3366	0.2965	0.3673	0.3631	0.5793	0.5114	0.9047	0.8928	 | 0.4355 mean
                     	0.5671	0.4737	0.7788	0.7462	0.8776	0.7992	0.9288	0.9278	 1.339	 1.182	 2.354	  2.25	 | 1.31 quantile
                      	  2.16	 1.562	 2.275	 3.099	 2.387	 1.672	 2.265	  3.29	  2.44	 2.425	 3.824	 3.894	 | 3.894 max

