train losses      0:	0.7272	0.6829	0.6736	0.5713	0.8134	0.8591	0.6762	0.6038	 1.635	 1.679	 1.514	 1.518	
val losses        0:	  1.27	0.6542	0.5702	 1.167	0.8637	 1.426	 2.978	 2.087	 3.304	 1.448	 2.246	 2.282	 | 1.691 mean
                     	 2.245	 1.893	 1.472	 2.073	 2.068	 2.767	 4.074	 3.164	 6.235	 3.993	 5.704	 5.996	 | 4.199 quantile
                      	 4.214	  6.97	 3.494	 4.039	 4.758	 5.283	 5.948	 4.775	 9.835	 7.394	 8.871	 10.01	 | 10.01 max

train losses      2:	 0.577	0.5686	0.4619	0.4694	0.7048	0.7419	 0.577	0.5474	 1.516	 1.592	 1.461	 1.473	
val losses        2:	0.4543	0.5782	0.5012	0.5572	 0.566	0.6293	0.9312	0.5305	 1.236	 1.377	  1.73	  1.72	 | 0.9008 mean
                     	 1.235	 1.627	 1.288	 1.348	 1.561	 1.715	 1.913	 1.492	 3.539	 3.837	 4.732	 4.902	 | 2.888 quantile
                      	 4.101	 6.367	 3.251	 3.023	 4.025	 3.699	 3.348	 3.296	 6.124	 7.397	 7.647	 7.765	 | 7.765 max

train losses      4:	0.4892	0.5256	0.4295	0.4275	0.6192	0.6742	0.5165	0.5195	 1.367	 1.507	 1.413	 1.429	
val losses        4:	0.3775	0.5015	0.4472	0.4389	0.4735	0.5591	0.4994	0.4665	 1.054	 1.292	 1.623	  1.67	 | 0.7835 mean
                     	 1.041	 1.397	 1.152	 1.138	 1.337	 1.568	 1.381	  1.38	  3.14	 3.563	 4.659	 4.784	 | 2.654 quantile
                      	  3.47	 5.648	  2.92	 2.808	 3.223	 3.253	 2.992	 3.201	 5.439	 6.815	 7.665	 7.604	 | 7.665 max

train losses      6:	0.4512	0.4954	0.4061	0.4158	0.5688	0.6348	0.4977	0.5107	 1.167	  1.37	 1.353	 1.389	
val losses        6:	0.3614	0.4992	0.4479	 0.429	0.4477	0.5257	0.4746	0.4697	0.8503	 1.138	 1.549	 1.613	 | 0.7338 mean
                     	0.9697	 1.359	 1.152	 1.143	 1.225	  1.47	 1.292	 1.361	 2.692	 3.211	 4.511	 4.645	 | 2.468 quantile
                      	 3.292	 5.192	 3.032	 3.355	 2.951	 2.924	 2.798	 3.292	 4.253	 5.942	 7.153	 7.136	 | 7.153 max

train losses      8:	0.4329	0.4868	0.4062	0.4192	0.5268	0.6042	0.5031	0.5091	0.9489	 1.172	 1.289	 1.339	
val losses        8:	0.3166	0.4747	0.4333	0.4283	0.3826	0.4871	0.4811	0.4554	0.6993	0.9499	 1.457	 1.538	 | 0.6753 mean
                     	0.8873	 1.272	 1.146	 1.139	 1.039	 1.349	 1.287	 1.316	 1.981	 2.652	 4.227	 4.474	 | 2.215 quantile
                      	 3.028	 4.845	 2.982	 2.995	 2.377	  2.89	 2.807	 3.055	 3.549	 5.484	 6.564	 6.744	 | 6.744 max

train losses     10:	0.4296	0.4676	0.4134	0.4288	0.5223	0.5749	0.5164	0.5133	0.8446	0.9809	 1.226	  1.28	
val losses       10:	0.2968	0.4387	0.4304	0.4139	0.3627	0.4447	0.4911	 0.452	0.5645	0.7571	 1.371	 1.438	 | 0.6218 mean
                     	0.8184	 1.192	  1.13	 1.125	 1.004	 1.241	 1.292	 1.316	 1.491	 2.097	  3.95	 4.208	 | 1.995 quantile
                      	 2.565	 4.396	 3.005	 3.027	  2.36	 2.744	 2.848	 2.993	 3.019	 4.633	 6.011	 6.464	 | 6.464 max

train losses     12:	0.4277	0.4531	0.4229	0.4419	0.5417	0.5378	0.5278	0.5143	0.8959	0.9222	 1.177	  1.21	
val losses       12:	0.2845	0.3969	0.4267	0.4255	0.4008	0.4069	0.4953	0.4403	0.6981	0.7616	  1.29	 1.329	 | 0.613 mean
                     	0.7789	 1.059	 1.123	 1.135	  1.08	 1.102	 1.278	 1.293	   1.6	 1.714	 3.675	 3.873	 | 1.879 quantile
                      	  2.27	 4.181	 2.935	 2.912	 2.688	 2.516	 2.948	 2.915	 2.518	 3.896	 5.705	 6.267	 | 6.267 max

train losses     14:	0.4083	0.4343	0.4225	0.4369	0.5262	0.5124	0.5197	0.5057	0.8223	0.8455	 1.133	 1.149	
val losses       14:	0.2626	 0.381	0.4269	0.4162	0.3617	0.3928	0.4653	 0.426	0.6757	0.7201	 1.235	 1.274	 | 0.5864 mean
                     	0.6888	 1.022	 1.104	  1.12	 1.003	 1.024	 1.244	  1.22	 1.906	 1.875	 3.408	 3.665	 | 1.897 quantile
                      	 2.037	 3.725	 2.899	 2.946	 2.305	 2.292	 2.786	  2.83	 3.052	 3.635	 5.305	 5.987	 | 5.987 max

train losses     16:	0.3985	0.4184	0.4208	0.4256	0.5124	0.4968	0.5038	0.4951	0.7081	 0.718	 1.102	 1.107	
val losses       16:	0.2466	0.3444	0.4249	0.4113	0.3384	0.3627	0.4526	0.4241	0.5053	0.5532	 1.206	 1.235	 | 0.542 mean
                     	 0.644	0.9306	  1.11	 1.105	0.9683	0.9452	 1.222	 1.214	 1.238	 1.352	 3.249	 3.404	 | 1.736 quantile
                      	 1.789	 3.463	 2.979	 2.859	 2.135	 2.069	  2.67	 2.713	  2.01	 3.177	 5.336	 5.989	 | 5.989 max

train losses     18:	0.3877	0.4047	0.4153	0.4177	0.4961	0.4797	0.4889	0.4853	0.6658	0.6752	 1.079	 1.081	
val losses       18:	0.2582	0.3315	 0.422	0.4056	0.3396	0.3471	0.4333	0.4242	0.4321	0.4748	 1.192	 1.211	 | 0.5226 mean
                     	0.6524	0.8766	 1.098	 1.083	0.9508	0.8927	 1.187	 1.185	 1.134	 1.275	 3.168	 3.311	 | 1.688 quantile
                      	 1.875	 3.208	 2.774	 2.952	 2.075	 1.842	 2.377	 2.657	 2.196	 2.858	 5.291	 5.725	 | 5.725 max

train losses     20:	0.3809	 0.397	0.4112	0.4119	0.4829	0.4704	0.4774	0.4759	0.6532	0.6561	 1.058	 1.056	
val losses       20:	0.2282	0.3181	0.4195	0.4009	0.3283	0.3393	0.4168	0.4056	 0.409	 0.437	 1.212	 1.215	 | 0.5108 mean
                     	0.6084	0.8583	  1.09	 1.072	0.9245	0.8945	 1.153	 1.141	 1.062	 1.134	 3.182	 3.263	 | 1.68 quantile
                      	 1.854	 2.937	 2.734	 2.768	  2.02	 1.899	 2.241	  2.57	 1.953	 2.532	 4.933	 5.328	 | 5.328 max

train losses     22:	0.3745	0.3859	0.4058	0.4044	0.4687	 0.456	0.4681	0.4655	0.6143	0.6155	  1.04	 1.039	
val losses       22:	0.2366	0.3121	0.4174	0.3988	0.3206	0.3304	0.4129	0.4047	0.4219	0.4501	 1.174	 1.189	 | 0.5057 mean
                     	 0.614	0.8273	 1.085	 1.054	0.8901	0.8675	 1.123	 1.141	 1.075	 1.171	 3.113	 3.279	 | 1.647 quantile
                      	 1.891	 2.799	 2.864	 2.741	 1.966	  1.84	 2.319	  2.44	 2.051	 2.395	 5.409	 5.648	 | 5.648 max

train losses     24:	0.3644	0.3776	0.3989	0.3975	0.4577	 0.445	0.4585	0.4544	0.6088	0.6061	 1.033	 1.033	
val losses       24:	0.2301	0.3121	0.4174	0.3981	0.3132	0.3245	0.4095	0.4003	0.4076	0.4378	 1.186	 1.211	 | 0.504 mean
                     	 0.594	0.8377	 1.088	 1.064	0.8764	0.8546	 1.114	 1.128	 1.065	 1.122	 3.386	 3.463	 | 1.64 quantile
                      	 1.851	 2.776	  2.77	 2.725	 1.989	 1.689	 2.307	 2.216	 2.106	 2.122	 4.917	  4.98	 | 4.98 max

train losses     26:	0.3594	0.3713	0.3938	0.3936	0.4493	0.4414	0.4524	0.4482	0.6285	0.6314	 1.035	 1.038	
val losses       26:	0.2312	0.3336	0.4173	 0.397	0.3111	0.3274	0.4075	0.3956	0.5265	0.5117	 1.343	 1.362	 | 0.547 mean
                     	0.6027	0.8923	 1.067	  1.06	0.8553	0.8703	 1.092	 1.116	 1.257	 1.298	  3.41	 3.504	 | 1.817 quantile
                      	 2.044	 2.745	 2.825	 2.704	 1.977	 1.678	 2.189	 2.243	 2.314	 2.358	 4.903	 5.013	 | 5.013 max

train losses     28:	0.3825	0.3855	0.3954	0.3938	0.4695	0.4649	0.4562	0.4476	0.6926	0.6952	 1.119	  1.12	
val losses       28:	0.3123	0.3839	0.4186	0.3983	0.3694	0.4011	0.4042	0.3937	 0.416	0.4608	 1.202	 1.227	 | 0.5323 mean
                     	0.7681	0.8852	 1.084	 1.057	 1.007	 1.002	 1.103	 1.115	 1.049	 1.202	 3.258	 3.297	 | 1.643 quantile
                      	 2.013	 2.401	 2.971	 2.742	 1.951	 1.869	 2.221	 2.293	 2.079	 2.362	  5.46	 5.488	 | 5.488 max

train losses     30:	0.4084	0.4171	0.4129	0.4051	0.4823	0.4943	 0.468	0.4592	0.6605	0.6735	 1.115	 1.086	
val losses       30:	0.3218	0.4184	0.4446	0.4004	 0.353	0.3607	0.4084	0.3997	 0.488	0.5461	 1.324	 1.329	 | 0.5662 mean
                     	0.7736	 0.961	 1.138	  1.06	0.9069	0.9213	 1.112	 1.128	 1.247	 1.439	 3.512	  3.51	 | 1.8 quantile
                      	 2.208	 2.524	 2.708	 2.867	 2.334	 1.919	 2.212	 2.325	 2.626	 2.527	 5.933	 5.824	 | 5.933 max

train losses     32:	0.4075	0.4199	0.4045	0.4045	0.4714	0.4739	0.4637	0.4555	0.6319	0.6385	 1.063	 1.045	
val losses       32:	0.2484	0.3723	 0.441	0.4127	0.3163	0.3285	0.4113	0.3954	0.4591	   0.5	 1.335	 1.315	 | 0.5447 mean
                     	0.6347	0.9706	  1.13	 1.083	0.8506	0.8599	 1.113	  1.09	 1.161	 1.276	 3.564	 3.569	 | 1.776 quantile
                      	 2.062	 2.409	 3.062	 2.793	 2.013	 1.655	 2.223	 2.336	 2.288	 2.252	 5.803	 5.777	 | 5.803 max

train losses     34:	0.3733	0.3954	0.3877	0.3917	0.4531	0.4528	0.4478	0.4409	 0.638	0.6461	0.9909	0.9887	
val losses       34:	  0.25	 0.364	  0.42	0.4008	0.3715	0.3992	0.4093	0.3936	 0.608	0.7062	 1.225	 1.217	 | 0.5637 mean
                     	  0.64	0.9475	 1.089	 1.068	0.9342	0.9641	 1.084	 1.075	 1.374	 1.541	 3.333	 3.382	 | 1.712 quantile
                      	 1.785	 2.325	 2.862	  2.87	 2.109	 1.997	 2.182	 2.168	 2.565	 2.723	 5.293	 5.345	 | 5.345 max

train losses     36:	0.3695	0.3931	0.3872	0.3896	0.4441	0.4453	0.4442	0.4359	 0.692	 0.702	0.9769	0.9733	
val losses       36:	  0.24	0.3324	0.4127	0.3984	0.3006	0.3221	 0.406	0.3863	0.4858	0.5624	 1.186	 1.189	 | 0.5185 mean
                     	0.6271	0.8613	 1.085	 1.063	0.7952	0.8169	 1.069	 1.084	 1.211	 1.316	  3.19	 3.304	 | 1.632 quantile
                      	 1.902	   2.3	 2.742	 2.997	 1.961	 1.685	 2.385	 2.074	 1.953	 2.455	 5.109	  5.55	 | 5.55 max

train losses     38:	 0.373	0.3828	0.3835	0.3897	0.4375	0.4395	0.4384	0.4307	0.6605	0.6605	0.9734	0.9643	
val losses       38:	0.2551	0.3233	0.4143	 0.402	0.2933	0.3211	0.4059	0.3866	0.5795	0.6336	 1.161	 1.167	 | 0.5285 mean
                     	0.6533	0.8537	 1.077	 1.064	0.7709	0.8112	 1.079	  1.07	 1.352	 1.382	  3.06	 3.081	 | 1.628 quantile
                      	 1.795	  2.23	 2.825	 2.817	 1.692	 1.663	 2.481	  2.08	 2.082	 2.495	  4.91	 5.169	 | 5.169 max

train losses     40:	 0.355	0.3646	 0.377	0.3809	0.4273	0.4268	0.4322	0.4233	0.6351	0.6175	0.9311	0.9264	
val losses       40:	 0.243	0.3116	0.4125	0.4003	0.2888	0.3091	 0.405	0.3834	0.4769	 0.534	 1.125	 1.138	 | 0.5024 mean
                     	0.6306	0.8265	 1.082	 1.059	0.7629	0.7928	 1.076	 1.048	 1.179	 1.273	 2.972	 2.975	 | 1.596 quantile
                      	 1.729	 2.052	  2.75	 2.873	 1.598	 1.443	 2.235	 2.014	 1.936	 2.725	 5.054	 5.206	 | 5.206 max

train losses     42:	0.3488	0.3517	0.3727	0.3743	0.4187	0.4177	0.4238	0.4187	0.5715	0.5629	0.9057	0.9033	
val losses       42:	0.2418	0.3097	  0.41	0.3974	 0.292	0.3172	0.3986	0.3825	0.3824	0.4408	 1.131	 1.153	 | 0.488 mean
                     	0.6312	0.8276	 1.081	 1.059	0.7529	0.8153	 1.079	 1.042	0.9685	 1.123	 3.005	 2.985	 | 1.597 quantile
                      	 1.841	 2.107	 2.892	 2.843	 1.672	 1.808	 2.227	 2.043	 1.767	 2.393	 5.054	 5.322	 | 5.322 max

train losses     44:	0.3416	0.3433	0.3681	0.3702	0.4054	0.4013	0.4165	0.4118	0.5492	 0.543	0.8869	0.8873	
val losses       44:	0.2361	0.3068	 0.409	0.3959	0.2857	0.2982	0.3896	0.3789	0.3842	0.4288	 1.135	 1.156	 | 0.4836 mean
                     	0.6215	0.8223	 1.078	 1.048	0.7434	0.7823	 1.065	 1.046	0.9429	 1.107	 3.013	 3.007	 | 1.582 quantile
                      	 1.745	 2.131	 2.745	 2.774	 1.706	 1.506	  2.18	   2.0	 1.846	 2.307	 5.347	 5.357	 | 5.357 max

train losses     46:	0.3258	0.3327	0.3625	0.3636	0.3959	0.3927	0.4091	0.4049	0.5351	0.5316	 0.865	0.8635	
val losses       46:	0.2279	0.2994	0.4072	0.3941	0.2769	0.2901	0.3847	0.3737	0.3917	 0.439	 1.126	  1.14	 | 0.4792 mean
                     	0.6018	0.8085	 1.074	 1.049	0.7272	0.7552	  1.04	 1.031	0.9455	 1.112	 2.953	 2.922	 | 1.563 quantile
                      	 1.777	 2.051	 2.736	 2.736	 1.486	  1.41	 2.236	 1.981	 1.914	 2.383	 5.086	 5.185	 | 5.185 max

train losses     48:	0.3202	0.3275	0.3586	0.3592	0.3865	0.3863	0.4012	0.3999	  0.53	0.5261	0.8392	0.8357	
val losses       48:	0.2258	0.2968	 0.407	0.3923	0.2721	 0.284	 0.383	0.3721	0.3809	0.4305	 1.111	 1.124	 | 0.4732 mean
                     	0.6039	0.7995	  1.07	 1.045	0.7191	0.7522	 1.041	 1.016	0.9482	   1.1	 2.917	 2.859	 | 1.557 quantile
                      	 1.715	 2.178	 2.754	 2.754	 1.446	 1.412	 2.149	 1.926	 1.911	 2.364	 5.307	 5.347	 | 5.347 max

train losses     50:	0.3178	0.3253	0.3567	0.3574	0.3824	0.3807	0.3985	0.3942	0.5212	0.5175	0.8148	0.8127	
val losses       50:	0.2217	0.2979	0.4072	0.3924	0.2678	0.2778	0.3806	 0.371	0.3817	0.4367	 1.102	 1.115	 | 0.471 mean
                     	0.5785	0.7886	 1.072	 1.052	0.7105	0.7349	  1.03	 1.017	0.9683	 1.094	 2.831	 2.835	 | 1.563 quantile
                      	 1.737	 2.147	   2.8	 2.867	 1.461	 1.348	 2.168	 1.907	 1.897	 2.285	 5.177	  5.28	 | 5.28 max

train losses     52:	0.3127	0.3183	0.3539	 0.354	0.3773	0.3746	0.3928	0.3887	0.5143	0.5105	0.7973	 0.795	
val losses       52:	0.2182	0.2941	0.4061	0.3918	 0.268	0.2762	0.3788	0.3697	0.3807	0.4389	 1.094	 1.109	 | 0.4688 mean
                     	0.5785	0.7735	 1.072	 1.055	0.7157	 0.739	 1.028	 1.011	0.9716	 1.091	 2.814	 2.905	 | 1.57 quantile
                      	 1.664	 2.195	 2.758	 2.831	 1.424	 1.386	 2.084	 1.883	 1.955	 2.245	 5.175	 5.228	 | 5.228 max

train losses     54:	0.3082	0.3148	0.3501	0.3508	 0.371	0.3695	0.3889	0.3852	0.5119	0.5035	0.7944	0.7929	
val losses       54:	0.2173	0.2916	0.4063	0.3911	0.2653	0.2725	0.3775	0.3687	0.3749	0.4261	 1.092	 1.107	 | 0.4658 mean
                     	0.5781	0.7685	 1.075	 1.056	0.7105	0.7184	 1.026	0.9979	0.9596	 1.072	 2.815	 2.926	 | 1.563 quantile
                      	 1.646	 2.117	 2.769	 2.777	 1.458	 1.343	  2.02	 1.908	 1.842	  2.25	 4.851	 4.912	 | 4.912 max

train losses     56:	0.3083	0.3122	0.3481	0.3477	0.3681	0.3659	0.3847	0.3811	0.5087	0.5046	0.8276	0.8247	
val losses       56:	0.2228	 0.294	0.4042	0.3898	0.2636	0.2683	0.3767	0.3677	0.3784	0.4218	 1.122	 1.134	 | 0.4703 mean
                     	0.5937	0.7861	 1.063	 1.051	   0.7	0.7083	 1.029	0.9951	0.9699	 1.058	 2.941	 3.048	 | 1.565 quantile
                      	 1.624	 2.209	 2.745	 2.829	  1.34	 1.393	  2.11	 1.918	 1.921	 2.295	 4.875	 4.926	 | 4.926 max

train losses     58:	0.3081	0.3128	0.3469	0.3469	 0.366	0.3669	 0.385	0.3809	0.5117	0.5081	0.8986	 0.893	
val losses       58:	0.2275	0.2997	0.4047	0.3906	0.2634	0.2705	0.3806	 0.371	0.3956	0.4351	 1.162	 1.169	 | 0.4808 mean
                     	   0.6	0.7848	 1.066	 1.046	0.7099	0.7152	 1.044	 1.022	0.9906	 1.108	 2.989	 3.102	 | 1.582 quantile
                      	 1.673	 2.222	 2.762	 2.797	 1.306	 1.421	 1.998	 1.966	  1.95	 2.487	 5.505	 5.602	 | 5.602 max

train losses     60:	0.3082	 0.313	 0.345	0.3445	0.3658	0.3665	0.3832	0.3787	0.5136	0.5068	0.8689	0.8677	
val losses       60:	0.2241	0.2831	0.4053	0.3898	0.2683	0.2725	0.3799	0.3689	0.3958	0.4234	  1.17	 1.181	 | 0.4802 mean
                     	0.5914	0.7353	 1.064	 1.043	0.7057	0.7048	 1.035	 1.011	0.9758	 1.107	 3.127	 3.074	 | 1.59 quantile
                      	 1.783	 2.174	 2.795	 2.742	 1.276	 1.234	 1.974	 1.977	 2.041	 2.365	 5.532	 5.602	 | 5.602 max

train losses     62:	0.3125	 0.317	0.3453	0.3457	0.3675	0.3684	0.3828	0.3787	0.5191	0.5149	0.8155	0.8143	
val losses       62:	0.2279	0.2904	0.4041	0.3895	0.2632	0.2614	0.3768	0.3676	0.4121	0.4412	  1.16	 1.166	 | 0.48 mean
                     	0.6057	 0.749	 1.064	 1.048	0.6716	0.6829	 1.024	0.9933	  1.03	 1.117	 3.038	 3.011	 | 1.595 quantile
                      	 1.781	  2.14	 2.724	 2.862	 1.357	 1.267	 2.046	 1.898	 1.931	 2.394	  5.27	 5.394	 | 5.394 max

train losses     64:	0.3117	0.3176	0.3447	0.3426	0.3658	0.3668	0.3801	0.3754	0.5272	 0.523	 0.789	0.7842	
val losses       64:	0.2549	0.3075	0.4039	0.3891	0.2738	0.2835	0.3799	0.3716	0.4371	0.4613	 1.114	 1.124	 | 0.4834 mean
                     	0.6225	0.7477	 1.064	  1.05	0.7016	 0.711	 1.022	0.9996	 1.065	 1.153	 2.885	 2.896	 | 1.527 quantile
                      	 1.842	 2.164	 2.776	 2.792	  1.46	 1.368	 1.915	 1.815	 2.066	 2.572	 5.294	 5.267	 | 5.294 max

train losses     66:	0.3114	0.3141	0.3424	0.3404	  0.37	0.3727	0.3759	0.3718	0.5276	0.5206	0.7511	0.7469	
val losses       66:	0.2468	0.3042	0.4038	0.3897	0.2756	 0.285	 0.376	0.3714	0.4443	0.4635	  1.08	 1.093	 | 0.4778 mean
                     	0.6165	0.7559	 1.061	 1.042	0.7056	0.7222	 1.009	0.9962	 1.065	 1.164	 2.811	 2.776	 | 1.525 quantile
                      	 1.714	 2.024	 2.734	 2.828	 1.543	 1.362	 2.051	 1.889	 2.149	 2.593	  5.05	 5.135	 | 5.135 max

train losses     68:	0.3063	  0.31	0.3395	0.3388	0.3715	 0.372	0.3734	0.3689	0.5109	0.5075	0.7132	0.7135	
val losses       68:	0.2287	0.2939	0.4038	0.3889	0.2707	0.2782	0.3773	0.3706	0.4166	0.4555	 1.097	 1.106	 | 0.4739 mean
                     	0.5982	0.7568	 1.062	 1.042	0.6912	0.7131	 1.019	0.9977	 1.013	 1.144	 2.787	 2.729	 | 1.527 quantile
                      	 1.661	 2.076	 2.749	 2.748	  1.39	 1.285	 1.914	  1.81	 2.065	  2.64	 5.242	 5.352	 | 5.352 max

train losses     70:	0.3014	0.3081	0.3381	0.3363	0.3622	 0.364	 0.371	0.3661	   0.5	0.4977	0.7313	0.7285	
val losses       70:	0.2245	0.2888	0.4045	 0.389	0.2747	0.2764	0.3775	0.3702	0.3779	0.4286	  1.13	 1.129	 | 0.4726 mean
                     	0.5963	0.7511	 1.059	 1.046	0.7026	0.7204	 1.011	  0.99	0.9433	  1.08	 2.875	 2.795	 | 1.538 quantile
                      	 1.738	 2.023	 2.791	 2.829	 1.373	 1.308	 2.021	 1.841	 1.969	 2.491	 5.502	 5.505	 | 5.505 max

train losses     72:	0.2991	0.3049	0.3355	0.3341	0.3602	0.3618	0.3678	0.3639	0.4951	0.4918	0.7793	0.7792	
val losses       72:	 0.223	0.2821	0.4032	0.3884	0.2616	0.2648	0.3739	0.3636	0.3736	0.4273	 1.103	 1.107	 | 0.4643 mean
                     	0.5924	0.7433	 1.062	 1.052	 0.674	0.6904	 1.012	0.9898	0.9499	 1.061	 2.822	 2.801	 | 1.544 quantile
                      	 1.682	 2.027	 2.792	 2.844	 1.363	 1.346	 2.012	 1.924	 1.991	 2.279	 5.339	 5.384	 | 5.384 max

train losses     74:	0.2932	0.2987	0.3336	0.3329	0.3507	0.3502	0.3645	0.3602	0.4959	0.4896	0.7353	0.7387	
val losses       74:	0.2201	0.2691	0.4023	0.3883	0.2531	0.2559	0.3755	 0.366	0.3779	0.4411	 1.094	 1.099	 | 0.4618 mean
                     	0.5859	0.7002	 1.062	 1.045	0.6525	0.6626	 1.012	0.9826	0.9609	 1.097	 2.745	 2.764	 | 1.532 quantile
                      	 1.624	 1.915	 2.767	 2.833	 1.287	 1.249	 1.982	 1.793	 1.908	 2.145	 4.997	 5.026	 | 5.026 max

train losses     76:	0.2933	0.2979	 0.334	0.3319	0.3451	0.3478	0.3643	0.3594	0.4962	0.4943	0.6866	0.6891	
val losses       76:	0.2167	0.2685	 0.402	0.3875	0.2577	0.2646	0.3734	 0.365	0.3919	0.4582	 1.072	  1.08	 | 0.4615 mean
                     	0.5711	0.7093	 1.065	 1.043	0.6642	0.6782	 1.003	0.9824	 1.015	  1.12	 2.694	  2.73	 | 1.549 quantile
                      	 1.732	 1.936	 2.773	 2.837	 1.239	 1.239	 1.964	 1.807	 2.035	 2.138	 4.665	 4.689	 | 4.689 max

train losses     78:	0.2912	 0.297	 0.332	0.3301	0.3541	 0.359	0.3614	0.3571	0.5011	0.5041	 0.671	0.6698	
val losses       78:	0.2159	 0.271	0.4021	 0.388	0.2598	0.2663	0.3728	0.3645	0.3973	0.4626	 1.055	 1.066	 | 0.4601 mean
                     	0.5742	0.7167	 1.058	 1.045	0.6749	0.6905	 1.008	0.9786	 1.015	 1.124	 2.681	 2.672	 | 1.515 quantile
                      	 1.782	 1.967	 2.768	 2.879	 1.258	 1.259	 1.911	 1.812	  2.12	 2.131	  4.86	 5.018	 | 5.018 max

train losses     80:	0.2913	0.2974	0.3296	 0.327	0.3663	0.3741	0.3581	0.3534	0.5005	0.5065	0.6708	 0.669	
val losses       80:	0.2195	 0.276	0.4017	0.3877	0.2668	0.2788	0.3716	0.3612	0.3927	0.4609	  1.06	 1.069	 | 0.4622 mean
                     	0.5812	0.7151	 1.061	 1.039	0.6984	0.7011	0.9978	0.9776	 1.001	 1.116	 2.723	 2.672	 | 1.512 quantile
                      	 1.744	 2.143	 2.774	  2.84	 1.356	 1.307	 1.927	 1.856	 1.957	 2.146	 4.982	 5.121	 | 5.121 max

train losses     82:	0.2896	0.2964	 0.329	0.3267	0.3516	0.3583	 0.356	0.3526	0.5081	0.5127	0.6542	0.6536	
val losses       82:	0.2227	0.2786	0.4022	0.3881	0.2908	0.3074	0.3732	0.3633	0.4137	0.4926	 1.061	 1.071	 | 0.472 mean
                     	0.5864	0.7227	 1.063	 1.043	0.7227	0.7525	0.9998	0.9765	 1.044	 1.172	 2.723	 2.702	 | 1.517 quantile
                      	 1.664	 1.954	 2.786	 2.814	 1.366	 1.321	 1.916	 1.878	 2.105	 2.135	 4.901	 4.985	 | 4.985 max

train losses     84:	0.2864	0.2922	0.3278	0.3251	0.3441	0.3494	0.3554	0.3507	0.5075	0.5087	0.6287	0.6268	
val losses       84:	0.2211	0.2734	0.4031	0.3882	0.2838	0.2949	0.3712	0.3625	0.4421	0.5177	 1.074	  1.08	 | 0.476 mean
                     	0.5744	0.7106	 1.062	 1.043	0.6963	0.7397	  1.01	0.9759	 1.117	 1.213	 2.691	 2.658	 | 1.516 quantile
                      	 1.775	  1.89	  2.78	   2.8	 1.272	 1.146	  1.94	  1.82	  2.22	 2.123	 4.903	 4.963	 | 4.963 max

train losses     86:	0.2825	0.2888	0.3268	 0.324	0.3355	  0.34	0.3513	 0.347	0.5048	 0.508	0.6171	0.6164	
val losses       86:	0.2151	0.2636	0.4025	0.3878	 0.263	0.2723	0.3703	0.3611	0.4511	0.5264	  1.07	 1.077	 | 0.4717 mean
                     	0.5698	0.6834	 1.067	 1.039	0.6707	   0.7	0.9927	0.9683	  1.13	 1.229	 2.699	 2.629	 | 1.515 quantile
                      	 1.768	 1.953	 2.837	 2.815	 1.178	  1.28	 1.924	 1.779	 2.258	 2.164	 4.844	 4.922	 | 4.922 max

train losses     88:	0.2805	0.2858	 0.325	0.3217	0.3364	0.3392	0.3485	0.3446	 0.504	 0.504	0.6361	0.6338	
val losses       88:	0.2148	0.2588	0.4015	0.3873	0.2515	0.2581	0.3728	0.3635	0.4624	0.5396	   1.1	 1.106	 | 0.4763 mean
                     	0.5644	0.6836	 1.066	 1.043	 0.657	 0.671	 1.007	0.9777	 1.128	 1.233	 2.833	 2.744	 | 1.522 quantile
                      	 1.642	 1.953	 2.743	 2.793	 1.237	 1.202	 1.888	 1.806	 2.261	 2.236	 5.141	 5.174	 | 5.174 max

train losses     90:	0.2816	0.2863	0.3241	0.3202	0.3338	0.3338	0.3498	0.3453	0.5184	 0.514	0.6955	0.6965	
val losses       90:	0.2158	0.2617	0.4011	0.3867	0.2471	  0.25	0.3729	0.3614	0.4923	 0.556	  1.14	 1.142	 | 0.4856 mean
                     	0.5669	0.6934	 1.068	  1.04	0.6472	0.6629	 1.005	0.9791	 1.191	 1.275	 2.948	 2.879	 | 1.557 quantile
                      	 1.666	 1.974	 2.791	 2.797	 1.252	 1.198	 2.006	 1.814	 2.241	 2.362	 5.577	 5.581	 | 5.581 max

train losses     92:	0.2844	0.2877	0.3238	0.3201	0.3337	0.3368	0.3497	 0.346	0.5189	0.5103	0.7312	0.7341	
val losses       92:	0.2189	0.2622	0.4004	0.3856	0.2535	0.2541	0.3733	0.3608	0.5096	 0.551	 1.126	 1.128	 | 0.4852 mean
                     	0.5689	0.7052	 1.061	 1.039	0.6495	0.6623	 1.004	0.9799	  1.21	  1.25	 2.941	 2.869	 | 1.551 quantile
                      	 1.755	 1.887	  2.78	 2.852	 1.286	 1.276	  2.02	  1.75	 2.299	 2.406	 5.517	 5.364	 | 5.517 max

train losses     94:	0.3068	0.3261	0.3296	0.3272	0.3524	0.3542	0.3656	0.3653	0.5834	 0.588	 0.722	0.7192	
val losses       94:	0.2442	0.2799	0.4029	0.3891	0.2775	0.2664	0.3938	0.3843	0.6826	0.7402	 1.258	 1.255	 | 0.5478 mean
                     	0.6322	0.7361	 1.066	 1.048	0.6903	0.6763	 1.054	 1.029	 1.523	 1.605	 3.217	 3.178	 | 1.717 quantile
                      	 1.582	 2.179	 2.757	 2.853	 1.393	 1.332	 1.929	 2.029	 2.257	 2.652	 6.092	 6.136	 | 6.136 max

train losses     96:	0.3686	0.3864	0.3499	0.3434	0.4265	0.4311	0.4097	0.4086	0.8352	0.7932	0.9469	0.9371	
val losses       96:	0.2872	 0.292	0.4117	0.3992	 0.315	0.2915	0.4018	0.3985	0.7851	0.8373	 1.515	 1.494	 | 0.6191 mean
                     	0.6885	0.7845	 1.083	 1.057	0.7977	0.7597	 1.124	 1.103	 1.766	 1.818	 3.936	  3.78	 | 1.987 quantile
                      	 2.218	 2.523	 2.717	 2.729	 1.555	 1.726	 1.969	 1.966	 3.139	 2.683	 6.955	 6.933	 | 6.955 max

train losses     98:	0.4039	0.4416	0.3704	0.3702	0.4867	0.5022	0.4385	0.4371	0.9806	0.9546	 1.088	 1.082	
val losses       98:	0.2594	0.3397	0.4264	0.4117	0.3305	0.3259	0.4285	0.4351	0.6159	0.6467	 1.521	 1.507	 | 0.604 mean
                     	0.6727	0.8554	 1.092	 1.078	0.8103	0.8251	 1.182	 1.155	 1.649	 1.558	 4.236	  4.16	 | 1.972 quantile
                      	 2.154	 3.149	 2.825	 2.906	  1.54	 1.704	 2.252	 2.417	   3.2	 3.134	 6.654	 6.694	 | 6.694 max

train losses    100:	0.4155	0.4282	0.3682	0.3648	0.4842	0.4964	0.4353	0.4318	0.8577	0.8537	  1.06	 1.047	
val losses      100:	0.2702	0.3407	0.4132	0.3973	0.3285	0.3533	0.4185	0.4111	0.8008	0.8212	 1.501	  1.49	 | 0.6289 mean
                     	0.6964	0.8709	  1.09	 1.071	0.8253	0.8939	  1.18	 1.151	 1.766	 1.872	 4.163	 4.045	 | 1.987 quantile
                      	 1.939	 2.612	 2.839	 2.726	 1.574	 1.745	 2.287	 2.375	 3.196	 3.684	 6.631	 6.549	 | 6.631 max

train losses    102:	0.4177	0.4375	0.3611	0.3618	0.4644	0.4803	0.4351	0.4279	0.7724	0.7601	0.9928	 0.976	
val losses      102:	0.3095	0.3837	0.4102	0.4059	0.3583	0.3783	0.4259	0.4172	0.5153	0.5193	 1.373	 1.343	 | 0.57 mean
                     	0.7606	0.9605	 1.086	 1.075	0.8458	0.9402	 1.171	 1.153	 1.327	 1.287	 3.743	 3.675	 | 1.794 quantile
                      	 2.259	 2.465	 2.829	 2.904	 1.717	 2.176	 2.238	 2.312	 2.322	 2.427	 6.199	 6.267	 | 6.267 max

train losses    104:	 0.386	 0.412	0.3502	0.3489	0.4259	0.4386	0.4148	0.4071	0.6514	0.6404	0.8906	0.8729	
val losses      104:	0.2993	0.3253	0.4126	0.3981	0.2813	0.3292	0.4065	0.3978	0.4604	0.4942	 1.254	 1.234	 | 0.5244 mean
                     	0.7348	0.8212	 1.082	 1.078	 0.743	0.8468	  1.12	 1.107	 1.207	 1.233	 3.404	 3.361	 | 1.68 quantile
                      	 1.905	 2.192	 2.786	 2.791	 1.382	 1.534	 2.116	 2.241	 2.535	 2.433	  5.52	 5.557	 | 5.557 max

train losses    106:	0.3496	0.3717	0.3412	0.3379	0.4002	0.4162	0.3978	0.3907	0.5867	0.5839	0.8031	 0.794	
val losses      106:	0.2682	0.3172	0.4076	0.3964	0.2901	0.3303	0.4054	 0.401	0.4661	0.4735	 1.176	 1.189	 | 0.5101 mean
                     	0.6933	0.8169	 1.077	 1.072	0.7463	0.8289	 1.113	 1.092	 1.109	 1.194	 3.032	 3.033	 | 1.644 quantile
                      	 2.017	 2.053	 2.802	 2.872	 1.569	 1.306	 2.023	 2.145	 2.258	 2.302	 5.208	  5.28	 | 5.28 max

train losses    108:	0.3251	0.3336	0.3334	0.3295	0.3782	0.3868	0.3792	0.3759	0.5508	0.5421	0.7212	0.7235	
val losses      108:	0.2577	0.3082	0.4088	0.3945	0.2751	0.2747	0.3947	0.3857	0.3945	0.4488	 1.109	 1.118	 | 0.4809 mean
                     	0.6554	0.8119	 1.084	 1.063	0.7114	 0.693	 1.083	 1.068	0.9561	 1.119	 2.919	 2.848	 | 1.555 quantile
                      	 1.812	 2.184	 2.782	 2.932	 1.255	 1.448	 2.007	 2.057	 1.873	 2.315	 4.852	 4.984	 | 4.984 max

train losses    110:	0.3122	0.3184	0.3298	0.3255	 0.364	0.3663	0.3678	0.3653	0.5195	0.5131	0.6776	0.6762	
val losses      110:	0.2482	0.2959	 0.408	0.3944	0.2689	  0.27	 0.389	  0.38	0.3817	0.4304	 1.096	 1.103	 | 0.4721 mean
                     	 0.636	0.7934	 1.083	 1.062	0.6733	0.6775	 1.072	 1.046	0.9662	 1.078	 2.874	  2.83	 | 1.541 quantile
                      	 1.764	 2.229	 2.771	 2.885	 1.261	 1.311	 1.983	 2.064	 1.754	 2.256	 4.913	 4.802	 | 4.913 max

train losses    112:	0.2996	0.3039	0.3266	0.3217	0.3507	0.3534	0.3611	0.3586	0.4992	0.4932	0.6407	0.6402	
val losses      112:	 0.238	0.2943	0.4061	0.3935	0.2643	0.2676	0.3853	0.3763	0.3809	0.4289	  1.08	  1.09	 | 0.4672 mean
                     	0.6195	0.7742	 1.075	 1.064	0.6702	0.6723	 1.057	 1.026	0.9707	 1.097	 2.818	 2.772	 | 1.542 quantile
                      	 1.836	 2.182	  2.79	 2.828	 1.322	  1.27	 1.945	 2.002	 1.729	 2.343	 4.767	 4.714	 | 4.767 max

train losses    114:	0.2906	 0.299	0.3241	0.3192	0.3425	0.3448	0.3534	0.3506	0.4889	0.4843	 0.623	0.6222	
val losses      114:	0.2292	0.2895	 0.404	0.3917	0.2608	0.2652	0.3814	 0.372	0.3759	 0.423	 1.072	 1.082	 | 0.4622 mean
                     	0.6124	0.7609	 1.071	 1.061	0.6654	0.6632	 1.042	 1.011	0.9721	  1.07	 2.738	 2.654	 | 1.536 quantile
                      	 1.766	 2.148	 2.826	 2.795	 1.364	 1.249	 1.989	 1.969	 1.802	 2.234	 4.811	 4.734	 | 4.811 max

train losses    116:	0.2871	0.2929	 0.322	0.3174	0.3374	0.3403	0.3469	0.3439	0.4798	0.4787	0.6035	0.6028	
val losses      116:	0.2278	0.2822	0.4031	0.3905	0.2563	 0.263	0.3789	0.3684	0.3729	0.4187	 1.067	 1.077	 | 0.4588 mean
                     	0.6054	0.7408	 1.073	 1.055	0.6502	0.6616	 1.027	 0.997	 0.959	 1.053	 2.735	 2.641	 | 1.529 quantile
                      	 1.715	 2.193	 2.845	 2.826	 1.429	 1.212	 1.981	 1.918	 1.893	 2.204	 4.893	 4.807	 | 4.893 max

train losses    118:	0.2813	 0.288	0.3202	0.3151	0.3304	0.3336	0.3449	0.3404	 0.473	0.4713	0.5893	0.5888	
val losses      118:	0.2265	0.2767	0.4022	0.3889	0.2532	0.2554	0.3772	0.3659	0.3694	0.4168	 1.066	 1.075	 | 0.4561 mean
                     	0.6042	0.7382	 1.071	 1.046	0.6395	0.6438	 1.019	0.9956	0.9599	 1.065	 2.725	 2.622	 | 1.526 quantile
                      	 1.711	 2.037	 2.828	 2.869	 1.379	 1.195	 1.928	 1.908	 1.866	 2.219	 4.929	 4.896	 | 4.929 max

train losses    120:	0.2777	0.2849	0.3192	0.3132	0.3274	0.3308	0.3384	0.3352	0.4698	0.4661	0.5783	0.5784	
val losses      120:	0.2215	0.2757	0.4019	0.3883	0.2511	0.2533	0.3765	0.3658	0.3684	0.4186	 1.059	 1.069	 | 0.4541 mean
                     	0.5839	 0.733	 1.074	 1.045	0.6383	0.6469	 1.014	0.9833	0.9516	 1.054	   2.7	  2.61	 | 1.526 quantile
                      	 1.717	 2.144	 2.811	 2.895	 1.397	 1.136	 1.884	 1.842	 1.863	 2.154	 4.886	 4.891	 | 4.891 max

train losses    122:	0.2753	0.2836	0.3174	0.3119	 0.323	0.3264	0.3372	0.3335	0.4653	0.4615	0.5679	0.5677	
val losses      122:	0.2186	0.2748	0.4014	0.3876	 0.251	0.2481	0.3743	0.3635	0.3666	 0.415	 1.059	 1.068	 | 0.4523 mean
                     	0.5777	0.7315	  1.07	 1.045	0.6324	0.6326	0.9999	0.9853	0.9415	  1.05	  2.68	 2.609	 | 1.515 quantile
                      	 1.707	  2.14	 2.801	 2.866	 1.416	  1.18	 1.867	 1.854	 1.895	  2.14	 4.845	 4.839	 | 4.845 max

train losses    124:	0.2702	0.2795	0.3158	0.3109	0.3211	0.3224	 0.333	0.3303	 0.463	0.4592	0.5579	0.5564	
val losses      124:	0.2157	0.2707	0.4012	0.3871	0.2464	0.2461	 0.373	0.3629	0.3677	0.4163	 1.053	  1.06	 | 0.45 mean
                     	0.5764	0.7226	 1.069	 1.045	0.6308	0.6284	0.9979	0.9796	0.9364	 1.048	 2.677	 2.604	 | 1.506 quantile
                      	 1.786	 2.104	 2.796	 2.854	 1.299	 1.115	 1.801	 1.837	 1.865	 2.118	 4.952	 4.905	 | 4.952 max

train losses    126:	0.2692	0.2764	0.3152	0.3094	0.3177	 0.321	0.3325	0.3296	0.4595	0.4568	0.5523	0.5525	
val losses      126:	 0.216	0.2684	0.4011	0.3868	0.2447	0.2448	0.3726	0.3623	0.3673	0.4153	 1.054	  1.06	 | 0.4495 mean
                     	0.5647	0.7207	 1.067	 1.043	0.6266	0.6276	0.9955	0.9794	0.9409	 1.051	 2.685	 2.594	 | 1.503 quantile
                      	 1.732	 2.049	 2.797	 2.838	 1.293	 1.119	 1.865	 1.848	 1.865	  2.14	 4.945	 4.893	 | 4.945 max

train losses    128:	0.2685	0.2755	0.3138	0.3083	0.3149	0.3162	0.3298	 0.327	0.4551	0.4528	0.5448	0.5432	
val losses      128:	0.2149	0.2713	0.4009	0.3862	0.2421	0.2407	0.3717	0.3611	0.3689	0.4162	 1.058	 1.064	 | 0.4497 mean
                     	0.5715	0.7246	 1.067	 1.039	0.6237	0.6151	0.9908	0.9747	0.9471	 1.045	 2.689	 2.599	 | 1.511 quantile
                      	 1.728	 2.029	 2.805	 2.836	 1.184	 1.142	 1.861	 1.783	 1.868	  2.17	 4.951	 4.936	 | 4.951 max

train losses    130:	0.2653	0.2732	0.3121	 0.307	0.3132	0.3152	0.3282	0.3249	0.4538	 0.449	0.5418	0.5419	
val losses      130:	0.2115	0.2679	0.4005	 0.386	0.2404	 0.238	0.3712	0.3607	 0.368	0.4176	 1.057	 1.062	 | 0.4484 mean
                     	0.5675	 0.718	 1.064	 1.041	0.6241	0.6075	0.9935	0.9703	 0.939	  1.05	 2.658	 2.562	 | 1.506 quantile
                      	  1.77	 2.012	 2.812	 2.827	 1.258	 1.171	 1.867	 1.788	 1.843	 2.146	 5.086	 5.068	 | 5.086 max

train losses    132:	0.2633	0.2716	 0.312	0.3058	0.3083	0.3134	0.3249	0.3207	0.4513	0.4473	0.5338	0.5332	
val losses      132:	0.2116	0.2662	 0.401	0.3856	0.2401	0.2362	 0.371	0.3607	 0.369	0.4169	 1.061	 1.066	 | 0.4487 mean
                     	0.5578	0.7138	 1.062	 1.038	0.6217	0.6053	0.9985	0.9732	0.9391	 1.052	 2.669	 2.589	 | 1.51 quantile
                      	  1.71	 2.017	 2.795	 2.851	 1.207	 1.126	 1.818	 1.768	 1.866	 2.162	 5.144	 5.098	 | 5.144 max

train losses    134:	0.2613	0.2691	0.3115	0.3047	0.3087	0.3126	0.3248	0.3218	0.4479	0.4453	0.5327	0.5315	
val losses      134:	0.2112	0.2649	0.4011	0.3854	0.2396	0.2353	0.3697	0.3584	0.3703	0.4197	 1.051	 1.056	 | 0.4469 mean
                     	0.5617	0.7143	 1.068	  1.04	0.6194	0.6036	0.9866	0.9643	 0.954	 1.052	 2.655	 2.573	 | 1.497 quantile
                      	 1.695	 1.972	  2.83	 2.837	 1.126	  1.17	 1.818	 1.757	 1.844	 2.193	 4.879	  4.84	 | 4.879 max

train losses    136:	0.2615	0.2699	  0.31	0.3037	0.3059	0.3087	0.3216	0.3188	 0.443	0.4397	0.5279	0.5266	
val losses      136:	0.2093	0.2619	0.4006	0.3849	0.2368	0.2328	0.3694	0.3586	0.3679	0.4176	 1.055	 1.059	 | 0.4461 mean
                     	 0.558	0.7067	 1.066	 1.042	0.6083	0.5989	0.9835	0.9666	0.9456	 1.043	 2.666	 2.585	 | 1.499 quantile
                      	  1.73	 1.983	 2.816	 2.802	 1.195	 1.143	 1.818	 1.763	  1.81	 2.042	 4.974	 4.911	 | 4.974 max

train losses    138:	0.2594	0.2666	 0.309	0.3026	0.3043	0.3076	0.3216	 0.318	 0.444	0.4403	0.5225	 0.524	
val losses      138:	0.2097	0.2624	0.4005	0.3847	0.2365	0.2325	0.3684	0.3573	0.3663	0.4151	 1.052	 1.056	 | 0.4451 mean
                     	0.5543	0.7126	 1.062	 1.041	  0.61	0.5885	0.9884	0.9617	0.9476	  1.04	 2.671	 2.583	 | 1.489 quantile
                      	 1.704	 2.014	 2.807	 2.815	 1.171	 1.178	 1.795	  1.75	 1.841	 2.067	 4.912	 4.854	 | 4.912 max

train losses    140:	 0.259	0.2671	0.3081	0.3017	 0.302	0.3077	0.3197	0.3165	0.4436	0.4382	0.5187	0.5188	
val losses      140:	 0.208	0.2627	0.4002	0.3844	0.2352	0.2307	 0.368	0.3571	0.3664	0.4168	 1.048	 1.051	 | 0.4441 mean
                     	0.5522	 0.707	 1.059	 1.042	0.6114	0.5889	0.9871	0.9699	0.9456	 1.036	 2.664	  2.58	 | 1.484 quantile
                      	 1.756	 1.987	 2.814	 2.826	 1.142	 1.142	 1.812	 1.718	 1.855	 2.137	 4.842	 4.883	 | 4.883 max

train losses    142:	0.2585	0.2635	0.3084	0.3007	0.3027	0.3055	0.3182	 0.314	0.4391	0.4384	0.5167	0.5142	
val losses      142:	0.2079	0.2599	0.3998	0.3838	0.2352	0.2296	0.3687	0.3573	0.3673	0.4178	 1.049	 1.052	 | 0.4441 mean
                     	0.5502	0.7011	 1.059	 1.043	0.6081	0.5893	0.9917	0.9649	0.9481	 1.037	 2.649	  2.56	 | 1.485 quantile
                      	 1.701	 1.962	 2.798	 2.839	 1.142	 1.088	 1.818	 1.756	 1.889	 2.136	 4.963	 4.907	 | 4.963 max

train losses    144:	0.2574	0.2626	0.3074	0.3002	0.3009	0.3038	0.3176	 0.314	0.4366	0.4355	0.5204	0.5188	
val losses      144:	0.2078	0.2568	0.4007	0.3843	0.2334	 0.228	0.3676	0.3575	0.3677	0.4164	 1.051	 1.054	 | 0.4438 mean
                     	0.5478	0.6852	 1.063	 1.039	0.6114	0.5861	0.9951	0.9671	0.9468	 1.041	 2.628	  2.56	 | 1.489 quantile
                      	 1.705	 1.876	 2.786	 2.839	 1.113	 1.087	 1.847	 1.761	 1.806	 2.125	 4.835	 4.851	 | 4.851 max

train losses    146:	0.2579	0.2623	0.3068	0.2986	0.2977	0.3032	0.3158	0.3125	 0.436	 0.435	 0.523	0.5201	
val losses      146:	 0.209	0.2593	0.4003	0.3844	0.2339	0.2285	 0.368	 0.358	 0.369	0.4172	 1.073	 1.076	 | 0.448 mean
                     	 0.551	0.6967	 1.065	 1.041	0.6037	0.5786	0.9906	 0.968	0.9471	 1.058	  2.65	 2.587	 | 1.5 quantile
                      	 1.634	 1.895	 2.803	 2.824	 1.158	  1.15	   1.8	 1.711	 1.836	 2.088	 4.957	 4.928	 | 4.957 max

train losses    148:	0.2549	0.2612	0.3054	0.2985	0.2972	0.3011	0.3159	 0.313	0.4339	0.4319	0.5133	0.5142	
val losses      148:	0.2048	0.2586	   0.4	0.3841	 0.233	0.2293	0.3674	0.3581	0.3665	0.4167	  1.07	 1.073	 | 0.4468 mean
                     	0.5564	0.6918	 1.064	 1.042	0.6041	0.5941	0.9892	0.9662	 0.943	 1.048	 2.663	 2.596	 | 1.51 quantile
                      	 1.697	 1.963	 2.812	 2.827	  1.09	 1.097	 1.857	 1.767	 1.863	 2.098	 4.914	 4.916	 | 4.916 max

train losses    150:	0.2563	0.2603	0.3052	0.2972	0.2955	0.2995	0.3132	0.3109	0.4334	0.4296	0.5236	0.5226	
val losses      150:	0.2037	0.2565	   0.4	0.3837	0.2316	0.2274	0.3664	0.3566	0.3655	0.4152	 1.072	 1.074	 | 0.446 mean
                     	0.5532	0.6876	 1.066	 1.039	0.6089	0.5851	0.9871	0.9616	0.9431	 1.047	  2.66	 2.579	 | 1.5 quantile
                      	 1.671	 1.915	  2.82	 2.814	 1.079	  1.15	 1.851	  1.75	 1.794	 2.089	 4.928	 4.878	 | 4.928 max

train losses    152:	0.2521	0.2595	0.3057	0.2978	0.2956	0.2982	0.3129	0.3101	0.4341	0.4302	0.5082	 0.507	
val losses      152:	0.2037	0.2533	   0.4	0.3836	0.2317	0.2256	 0.368	0.3586	0.3636	0.4149	 1.051	 1.055	 | 0.4424 mean
                     	0.5451	0.6849	 1.064	 1.039	0.5953	0.5819	0.9962	0.9687	0.9389	 1.035	 2.682	 2.591	 | 1.477 quantile
                      	 1.688	 1.862	  2.79	 2.825	 1.141	 1.169	 1.875	 1.787	 1.812	   2.1	 4.836	 4.815	 | 4.836 max

train losses    154:	0.2535	0.2584	0.3048	0.2972	0.2941	 0.299	0.3106	0.3074	0.4312	0.4284	0.5006	0.4995	
val losses      154:	0.2045	 0.253	0.3998	0.3834	0.2308	0.2254	0.3677	0.3577	0.3631	0.4155	 1.046	 1.049	 | 0.4413 mean
                     	0.5433	0.6847	 1.064	 1.038	0.5981	0.5761	0.9919	0.9646	0.9382	 1.042	 2.654	 2.566	 | 1.473 quantile
                      	 1.682	 1.841	  2.77	 2.829	 1.093	 1.134	 1.844	  1.76	 1.808	 2.098	 4.801	 4.857	 | 4.857 max

train losses    156:	0.2524	 0.257	0.3041	0.2961	0.2951	 0.298	0.3114	 0.307	0.4305	0.4258	0.4955	0.4947	
val losses      156:	0.2034	0.2528	0.3995	0.3832	0.2308	0.2249	0.3669	0.3575	0.3642	0.4136	 1.045	 1.048	 | 0.4408 mean
                     	0.5442	0.6761	 1.061	 1.037	0.5935	0.5761	0.9903	 0.965	0.9388	 1.038	 2.623	  2.56	 | 1.481 quantile
                      	 1.687	  1.89	 2.784	 2.827	 1.081	 1.115	  1.84	 1.754	 1.814	 2.104	 4.862	 4.843	 | 4.862 max

train losses    158:	0.2515	0.2572	0.3036	0.2964	0.2932	0.2957	0.3093	0.3067	0.4308	0.4287	0.4953	 0.492	
val losses      158:	 0.204	0.2525	0.3992	0.3829	0.2293	0.2245	0.3666	0.3568	0.3639	0.4155	 1.041	 1.044	 | 0.44 mean
                     	0.5456	0.6785	  1.06	 1.037	0.5913	0.5789	0.9928	0.9641	0.9427	 1.041	 2.633	 2.562	 | 1.476 quantile
                      	 1.681	 1.849	 2.791	 2.821	 1.081	 1.115	 1.856	 1.786	 1.821	 2.105	 4.772	 4.801	 | 4.801 max

train losses    160:	0.2514	0.2564	0.3029	0.2954	0.2926	0.2978	0.3099	0.3061	0.4283	0.4254	0.4904	0.4895	
val losses      160:	0.2038	0.2527	0.3992	0.3829	0.2297	0.2238	0.3664	0.3564	0.3646	 0.418	 1.041	 1.045	 | 0.4403 mean
                     	0.5473	0.6848	 1.058	 1.038	0.5937	0.5751	0.9908	0.9624	0.9411	 1.037	 2.641	 2.563	 | 1.469 quantile
                      	  1.66	 1.839	 2.803	 2.822	 1.057	 1.153	 1.834	 1.768	 1.834	 2.109	 4.799	 4.834	 | 4.834 max

train losses    162:	0.2514	0.2562	0.3041	0.2961	0.2925	 0.294	0.3093	0.3066	0.4296	 0.424	0.4906	0.4901	
val losses      162:	0.2024	0.2534	0.3988	0.3824	0.2301	0.2236	0.3661	0.3557	0.3643	0.4161	 1.045	 1.049	 | 0.4406 mean
                     	0.5443	0.6837	  1.06	 1.038	 0.592	0.5727	0.9851	0.9548	0.9411	 1.038	 2.655	 2.559	 | 1.474 quantile
                      	 1.684	 1.832	 2.796	 2.811	 1.109	 1.176	 1.818	 1.755	 1.832	 2.109	 4.862	 4.899	 | 4.899 max

train losses    164:	0.2517	 0.256	0.3025	0.2945	0.2933	0.2934	0.3073	0.3047	0.4248	 0.425	 0.489	 0.487	
val losses      164:	0.2017	0.2521	0.3987	0.3821	0.2282	0.2234	0.3658	0.3557	 0.364	0.4151	  1.04	 1.043	 | 0.4392 mean
                     	0.5358	0.6758	 1.062	 1.039	0.5956	0.5761	0.9859	0.9567	0.9396	 1.035	 2.626	 2.553	 | 1.474 quantile
                      	 1.665	 1.823	 2.806	 2.805	 1.083	 1.114	 1.815	  1.74	 1.803	 2.107	 4.816	 4.842	 | 4.842 max

train losses    166:	0.2518	 0.256	0.3028	0.2944	0.2905	0.2946	0.3091	0.3062	0.4263	0.4235	0.4861	0.4834	
val losses      166:	0.2012	0.2513	0.3986	 0.382	0.2286	0.2226	0.3648	0.3545	0.3633	0.4151	 1.042	 1.046	 | 0.4392 mean
                     	0.5382	0.6784	 1.063	 1.038	 0.594	0.5728	0.9818	0.9512	0.9459	 1.036	 2.635	 2.557	 | 1.469 quantile
                      	 1.661	 1.844	 2.817	 2.801	 1.077	 1.129	 1.806	 1.751	 1.792	 2.105	 4.819	 4.854	 | 4.854 max

train losses    168:	0.2501	 0.254	 0.303	0.2949	0.2905	 0.294	0.3083	0.3047	0.4281	0.4243	0.4852	0.4824	
val losses      168:	0.2022	0.2497	0.3985	0.3819	0.2298	0.2222	 0.366	0.3561	0.3633	0.4147	 1.043	 1.046	 | 0.4394 mean
                     	0.5363	0.6764	 1.059	 1.036	0.5913	0.5695	0.9854	0.9592	0.9409	 1.029	 2.636	 2.547	 | 1.473 quantile
                      	  1.64	  1.85	 2.801	 2.807	 1.067	 1.126	 1.826	 1.757	 1.798	 2.105	 4.856	 4.886	 | 4.886 max

train losses    170:	0.2498	0.2552	0.3027	0.2943	0.2886	0.2927	0.3077	0.3045	0.4247	0.4229	0.4817	0.4804	
val losses      170:	 0.201	0.2507	0.3987	0.3822	0.2283	0.2227	0.3665	0.3569	0.3637	0.4153	  1.04	 1.043	 | 0.4391 mean
                     	0.5381	0.6807	 1.061	 1.038	0.5908	0.5751	0.9863	0.9595	0.9299	 1.036	 2.631	 2.536	 | 1.474 quantile
                      	 1.644	 1.858	 2.794	 2.811	  1.06	 1.138	 1.848	 1.772	 1.823	 2.102	 4.785	 4.808	 | 4.808 max

train losses    172:	  0.25	0.2552	0.3021	0.2944	0.2871	0.2921	0.3073	0.3047	0.4225	0.4202	0.4818	0.4813	
val losses      172:	0.2021	 0.251	0.3988	0.3821	0.2274	0.2225	0.3664	0.3563	0.3641	0.4152	  1.04	 1.043	 | 0.4391 mean
                     	 0.539	0.6745	 1.064	 1.035	0.5875	0.5765	0.9901	0.9554	0.9402	 1.038	 2.627	 2.544	 | 1.474 quantile
                      	  1.64	 1.817	 2.785	 2.819	 1.064	 1.125	 1.836	 1.753	 1.835	 2.086	 4.806	  4.82	 | 4.82 max

train losses    174:	0.2499	0.2557	0.3024	0.2938	0.2882	0.2919	0.3055	0.3027	0.4223	0.4195	0.4816	0.4796	
val losses      174:	0.2014	0.2496	0.3983	0.3818	0.2269	0.2219	0.3658	0.3552	0.3643	0.4164	  1.04	 1.043	 | 0.4387 mean
                     	0.5397	0.6747	 1.059	 1.033	0.5895	0.5707	0.9837	0.9545	0.9409	 1.042	 2.639	 2.549	 | 1.47 quantile
                      	 1.659	 1.833	  2.79	 2.819	 1.078	 1.116	 1.843	 1.763	 1.772	 2.123	 4.751	 4.757	 | 4.757 max

train losses    176:	0.2491	0.2537	0.3014	0.2936	0.2874	 0.292	0.3052	0.3031	 0.424	0.4214	0.4799	0.4784	
val losses      176:	0.2009	0.2489	0.3984	0.3819	0.2276	0.2213	0.3662	0.3562	0.3651	0.4182	  1.04	 1.042	 | 0.4389 mean
                     	0.5366	0.6801	 1.058	 1.032	0.5862	0.5668	0.9845	0.9579	0.9428	  1.04	 2.623	 2.542	 | 1.471 quantile
                      	 1.656	 1.824	 2.788	 2.801	 1.095	 1.138	 1.832	 1.764	 1.782	 2.082	 4.798	 4.723	 | 4.798 max

train losses    178:	0.2493	0.2528	0.3019	0.2928	0.2883	0.2915	0.3055	0.3032	0.4215	0.4189	0.4796	0.4771	
val losses      178:	0.2017	  0.25	0.3982	0.3817	0.2267	 0.221	0.3661	0.3557	0.3644	0.4168	 1.043	 1.046	 | 0.4392 mean
                     	0.5368	0.6825	  1.06	 1.031	 0.586	0.5687	 0.987	0.9557	0.9396	 1.043	 2.617	 2.548	 | 1.47 quantile
                      	 1.614	 1.799	 2.786	 2.812	 1.074	 1.117	  1.84	 1.769	 1.814	 2.101	 4.782	 4.785	 | 4.785 max

train losses    180:	0.2466	0.2522	0.3013	0.2933	0.2882	0.2903	0.3047	0.3025	0.4243	0.4198	0.4784	0.4764	
val losses      180:	0.1997	0.2485	0.3981	0.3816	0.2269	0.2204	0.3663	0.3562	0.3637	0.4158	  1.04	 1.042	 | 0.4383 mean
                     	0.5334	0.6766	 1.061	 1.031	0.5833	0.5714	0.9896	0.9575	0.9413	 1.036	 2.614	 2.541	 | 1.473 quantile
                      	 1.629	 1.826	 2.784	 2.795	 1.052	  1.12	 1.853	 1.777	  1.79	 2.094	  4.79	 4.711	 | 4.79 max

train losses    182:	0.2479	0.2533	 0.301	0.2931	0.2861	0.2915	0.3028	0.2999	0.4208	0.4193	0.4767	0.4738	
val losses      182:	0.1998	0.2484	0.3979	0.3812	0.2261	0.2202	0.3656	0.3546	0.3644	0.4162	  1.04	 1.042	 | 0.4381 mean
                     	0.5336	0.6714	 1.059	 1.031	 0.587	0.5681	 0.989	  0.95	0.9361	 1.026	 2.621	  2.55	 | 1.469 quantile
                      	 1.707	 1.816	 2.786	 2.801	 1.032	 1.101	 1.848	 1.769	 1.819	 2.091	 4.773	 4.776	 | 4.776 max

train losses    184:	0.2475	0.2519	0.3009	0.2923	0.2863	0.2909	 0.304	0.3012	0.4207	 0.418	0.4749	0.4751	
val losses      184:	0.2001	0.2482	 0.398	0.3812	0.2264	0.2198	0.3656	0.3551	0.3653	0.4172	 1.035	 1.037	 | 0.4375 mean
                     	0.5349	0.6734	 1.057	  1.03	0.5862	0.5683	0.9929	0.9491	0.9432	 1.034	 2.616	 2.541	 | 1.464 quantile
                      	 1.675	 1.793	 2.768	 2.796	  1.04	 1.119	 1.845	 1.765	 1.794	 2.117	 4.735	 4.732	 | 4.735 max

train losses    186:	0.2468	0.2513	0.2999	0.2911	 0.285	0.2901	 0.303	0.3001	0.4213	0.4166	0.4765	0.4737	
val losses      186:	0.1999	0.2493	0.3978	 0.381	0.2261	0.2202	0.3653	0.3547	0.3657	0.4173	 1.037	  1.04	 | 0.4379 mean
                     	0.5373	0.6769	 1.056	 1.031	0.5892	0.5692	0.9888	0.9458	0.9417	 1.038	 2.605	 2.534	 | 1.463 quantile
                      	 1.664	 1.799	 2.793	 2.801	 1.046	  1.12	 1.838	 1.756	 1.784	 2.111	 4.769	 4.753	 | 4.769 max

train losses    188:	 0.246	0.2504	0.3002	0.2922	0.2849	0.2894	0.3024	0.2989	0.4215	0.4178	0.4727	0.4723	
val losses      188:	0.1986	0.2467	0.3979	 0.381	0.2249	0.2194	0.3659	0.3561	0.3644	0.4157	 1.038	 1.041	 | 0.4375 mean
                     	0.5334	0.6707	 1.058	 1.029	 0.583	0.5699	0.9917	0.9526	0.9462	  1.04	 2.601	 2.534	 | 1.461 quantile
                      	 1.652	 1.787	 2.793	   2.8	 1.047	 1.126	 1.818	 1.737	 1.814	 2.079	 4.807	 4.754	 | 4.807 max

train losses    190:	0.2485	0.2524	0.2995	0.2914	0.2831	0.2873	0.3028	   0.3	0.4169	0.4156	0.4722	0.4707	
val losses      190:	0.1986	0.2479	0.3977	0.3806	0.2254	0.2194	0.3661	0.3554	0.3643	0.4165	 1.036	 1.039	 | 0.4373 mean
                     	 0.533	0.6757	 1.057	 1.027	0.5842	0.5646	0.9869	  0.95	0.9322	 1.035	 2.597	  2.53	 | 1.457 quantile
                      	 1.635	  1.79	 2.791	 2.804	 1.048	 1.167	 1.832	 1.747	 1.792	 2.095	 4.708	 4.716	 | 4.716 max

train losses    192:	0.2465	0.2519	   0.3	0.2915	0.2845	0.2885	0.3015	0.2989	0.4187	0.4155	0.4733	0.4712	
val losses      192:	0.1991	 0.247	0.3976	0.3805	0.2245	0.2186	0.3653	0.3542	0.3638	0.4158	 1.036	 1.039	 | 0.4367 mean
                     	0.5327	0.6765	 1.053	 1.025	0.5826	0.5688	0.9878	0.9509	0.9298	 1.034	 2.605	 2.518	 | 1.457 quantile
                      	  1.64	 1.797	 2.793	  2.79	 1.052	  1.12	 1.814	 1.735	 1.777	 2.065	 4.783	 4.795	 | 4.795 max

train losses    194:	0.2466	 0.251	0.2989	0.2905	0.2847	0.2879	0.2997	0.2969	0.4177	0.4158	0.4705	0.4686	
val losses      194:	0.1985	0.2481	0.3975	0.3804	0.2243	 0.219	0.3651	0.3546	0.3646	0.4157	 1.038	 1.041	 | 0.4372 mean
                     	0.5317	0.6743	 1.059	 1.026	0.5799	 0.567	0.9912	0.9505	0.9406	  1.03	 2.611	 2.539	 | 1.453 quantile
                      	 1.659	 1.839	 2.791	 2.789	 1.049	 1.136	 1.818	 1.725	 1.787	 2.069	 4.859	 4.804	 | 4.859 max

train losses    196:	0.2462	0.2507	0.2985	0.2906	0.2838	0.2885	0.2996	0.2979	0.4175	0.4155	0.4686	0.4692	
val losses      196:	0.1991	0.2482	0.3971	0.3802	0.2243	0.2188	0.3652	0.3549	0.3639	0.4147	 1.036	  1.04	 | 0.4369 mean
                     	0.5336	0.6828	 1.059	 1.028	0.5781	0.5642	0.9863	0.9535	 0.936	 1.037	   2.6	 2.514	 | 1.46 quantile
                      	 1.652	 1.794	  2.77	 2.781	 1.053	 1.145	 1.818	 1.734	 1.773	 2.064	 4.767	 4.767	 | 4.767 max

train losses    198:	 0.245	0.2488	0.2982	0.2899	0.2811	0.2877	0.2986	0.2966	0.4163	0.4129	0.4684	0.4678	
val losses      198:	0.1986	0.2463	 0.397	0.3801	0.2239	0.2183	0.3655	0.3552	 0.363	0.4154	  1.03	 1.034	 | 0.4356 mean
                     	0.5318	0.6706	 1.054	 1.027	0.5737	0.5655	0.9872	0.9492	0.9346	 1.033	 2.588	 2.507	 | 1.448 quantile
                      	 1.635	  1.79	 2.788	  2.79	 1.027	 1.134	 1.843	 1.774	 1.795	 2.073	 4.773	 4.768	 | 4.773 max

train losses    200:	0.2464	0.2497	0.2978	0.2895	0.2825	0.2869	0.3002	0.2988	0.4164	0.4138	0.4674	0.4669	
val losses      200:	0.1993	0.2442	0.3972	0.3802	0.2233	0.2181	0.3655	0.3553	0.3622	 0.414	 1.033	 1.035	 | 0.4356 mean
                     	0.5317	0.6621	 1.053	 1.026	0.5742	0.5655	0.9933	0.9528	0.9314	 1.033	 2.608	 2.523	 | 1.445 quantile
                      	 1.668	 1.783	 2.776	 2.777	 1.014	 1.098	 1.817	 1.765	 1.837	 2.064	 4.767	 4.774	 | 4.774 max

train losses    202:	0.2454	0.2484	0.2974	0.2898	 0.282	0.2859	0.2979	0.2957	0.4157	0.4121	0.4647	 0.462	
val losses      202:	0.1992	0.2448	0.3972	0.3802	0.2226	 0.218	0.3653	0.3553	0.3631	0.4141	 1.033	 1.036	 | 0.4358 mean
                     	0.5332	0.6628	 1.056	 1.031	0.5787	0.5613	0.9986	0.9538	0.9301	 1.028	 2.601	 2.527	 | 1.45 quantile
                      	  1.63	 1.782	 2.782	 2.766	 1.018	 1.087	 1.844	 1.777	 1.793	 2.021	 4.795	  4.73	 | 4.795 max

train losses    204:	0.2446	0.2487	0.2966	0.2881	0.2811	0.2859	0.2997	0.2975	0.4144	0.4139	0.4673	0.4659	
val losses      204:	0.1991	0.2459	 0.397	0.3798	0.2227	 0.218	0.3644	0.3539	0.3641	0.4148	 1.032	 1.035	 | 0.4356 mean
                     	0.5345	0.6628	 1.057	 1.028	0.5751	0.5663	0.9896	0.9504	0.9368	 1.029	 2.593	 2.516	 | 1.45 quantile
                      	 1.619	 1.771	 2.774	  2.78	 1.042	 1.133	 1.843	 1.766	 1.791	  2.07	 4.735	 4.721	 | 4.735 max

train losses    206:	 0.245	0.2488	0.2976	0.2892	0.2819	0.2855	 0.299	0.2957	0.4146	0.4112	0.4655	0.4619	
val losses      206:	0.1985	0.2445	0.3967	0.3796	0.2219	0.2177	0.3643	0.3537	0.3638	0.4151	 1.034	 1.037	 | 0.4356 mean
                     	0.5349	0.6696	 1.058	 1.027	0.5747	 0.561	0.9958	0.9503	0.9396	 1.035	 2.586	 2.512	 | 1.451 quantile
                      	 1.596	 1.778	 2.781	  2.79	 1.042	 1.128	 1.831	 1.748	 1.804	 2.056	 4.762	 4.734	 | 4.762 max

train losses    208:	0.2448	0.2482	0.2967	0.2881	  0.28	0.2847	0.2984	0.2973	0.4151	0.4099	0.4638	0.4631	
val losses      208:	0.1985	 0.244	0.3964	0.3795	 0.222	0.2179	0.3649	0.3543	0.3649	0.4155	 1.034	 1.037	 | 0.4357 mean
                     	0.5335	 0.667	 1.056	 1.027	0.5736	0.5598	0.9965	0.9486	0.9412	 1.032	 2.585	 2.524	 | 1.449 quantile
                      	 1.636	 1.759	 2.784	 2.775	 1.044	 1.111	 1.826	 1.764	 1.797	 2.057	  4.79	 4.791	 | 4.791 max

train losses    210:	0.2438	0.2468	0.2969	0.2885	0.2816	0.2844	0.2977	0.2949	0.4148	0.4112	0.4621	0.4612	
val losses      210:	0.1994	 0.246	0.3966	0.3793	0.2222	 0.217	0.3641	0.3541	0.3641	0.4155	 1.031	 1.034	 | 0.4352 mean
                     	0.5348	0.6711	 1.056	 1.025	0.5717	0.5572	0.9899	0.9499	0.9375	 1.032	 2.577	 2.509	 | 1.449 quantile
                      	 1.624	 1.743	 2.788	 2.775	 1.023	  1.15	 1.844	 1.776	 1.792	 2.058	 4.766	 4.774	 | 4.774 max

train losses    212:	0.2443	0.2465	0.2963	0.2873	0.2797	0.2824	0.2973	0.2942	0.4118	0.4092	0.4633	0.4625	
val losses      212:	0.1978	0.2441	0.3962	 0.379	0.2222	0.2173	0.3642	0.3541	0.3628	0.4145	 1.032	 1.035	 | 0.4349 mean
                     	0.5303	0.6616	 1.054	 1.024	 0.571	0.5578	0.9913	0.9467	0.9393	 1.032	 2.585	 2.521	 | 1.448 quantile
                      	  1.64	 1.822	 2.781	 2.771	 1.017	 1.121	 1.847	 1.785	 1.777	 2.064	 4.889	 4.872	 | 4.889 max

train losses    214:	0.2433	0.2464	0.2961	0.2873	0.2788	0.2834	0.2955	0.2931	0.4106	0.4094	0.4619	0.4596	
val losses      214:	0.1976	0.2428	0.3958	0.3788	0.2223	0.2177	0.3643	0.3536	0.3627	0.4139	  1.03	 1.033	 | 0.4344 mean
                     	 0.531	0.6639	  1.05	 1.021	0.5758	0.5645	0.9896	0.9487	0.9321	 1.033	 2.585	 2.522	 | 1.446 quantile
                      	 1.633	 1.777	 2.793	 2.779	 1.027	 1.089	 1.854	 1.791	 1.815	 2.023	 4.787	 4.806	 | 4.806 max

train losses    216:	 0.244	0.2463	0.2963	0.2876	0.2799	0.2839	0.2962	0.2931	0.4095	  0.41	0.4595	0.4572	
val losses      216:	0.2003	0.2431	0.3962	0.3791	0.2227	0.2174	0.3641	0.3533	0.3631	0.4149	 1.029	 1.033	 | 0.4347 mean
                     	0.5404	0.6641	 1.053	 1.024	0.5756	0.5585	0.9896	0.9506	0.9375	 1.032	 2.573	 2.515	 | 1.445 quantile
                      	 1.637	 1.749	 2.798	 2.788	 1.029	 1.102	 1.841	 1.769	 1.789	 2.041	 4.697	 4.714	 | 4.714 max

train losses    218:	0.2417	0.2477	0.2955	0.2875	0.2783	0.2826	 0.295	0.2934	 0.411	0.4095	0.4602	0.4602	
val losses      218:	0.1977	0.2435	0.3959	0.3788	0.2221	0.2169	0.3648	0.3547	0.3632	0.4163	  1.03	 1.033	 | 0.4348 mean
                     	0.5294	 0.657	 1.055	 1.023	0.5771	0.5626	0.9899	0.9518	0.9369	 1.037	 2.566	   2.5	 | 1.446 quantile
                      	 1.653	 1.788	 2.796	 2.796	 1.009	 1.106	 1.835	 1.759	 1.787	  2.03	 4.718	 4.712	 | 4.718 max

train losses    220:	0.2418	0.2456	0.2957	0.2866	0.2785	0.2822	0.2956	0.2929	0.4116	0.4086	0.4579	0.4561	
val losses      220:	0.1958	0.2414	0.3957	0.3787	0.2217	0.2163	 0.365	0.3552	0.3634	0.4144	 1.031	 1.034	 | 0.4343 mean
                     	0.5309	0.6601	 1.051	 1.021	 0.577	0.5624	  0.99	0.9509	0.9409	 1.029	 2.571	 2.496	 | 1.45 quantile
                      	 1.623	 1.774	 2.797	 2.791	 1.018	 1.093	 1.834	 1.779	 1.794	 2.038	  4.79	 4.811	 | 4.811 max

train losses    222:	0.2426	0.2455	0.2954	0.2861	0.2787	0.2826	0.2954	0.2929	0.4122	0.4068	0.4573	0.4552	
val losses      222:	0.1961	0.2424	0.3956	0.3785	0.2215	0.2148	0.3646	0.3547	0.3632	0.4138	 1.028	 1.032	 | 0.4338 mean
                     	0.5286	0.6579	 1.052	 1.021	0.5754	0.5592	0.9964	0.9509	0.9431	 1.031	 2.573	 2.494	 | 1.445 quantile
                      	 1.629	 1.768	 2.789	 2.816	  1.03	   1.1	 1.825	 1.755	 1.758	  2.05	 4.706	 4.709	 | 4.709 max

train losses    224:	0.2428	0.2463	0.2948	0.2865	0.2775	0.2833	0.2944	0.2912	0.4097	0.4065	0.4549	0.4519	
val losses      224:	 0.198	0.2433	0.3954	0.3785	  0.22	0.2148	0.3633	0.3528	0.3642	0.4162	 1.027	  1.03	 | 0.4336 mean
                     	 0.535	0.6677	 1.053	 1.023	0.5741	0.5506	 0.988	0.9436	0.9461	 1.036	  2.57	 2.503	 | 1.439 quantile
                      	 1.614	 1.736	 2.787	 2.792	 1.021	 1.086	 1.814	 1.729	 1.759	 2.064	 4.747	 4.707	 | 4.747 max

train losses    226:	0.2414	0.2447	0.2943	0.2852	0.2772	0.2806	0.2933	0.2907	0.4094	0.4088	0.4551	 0.451	
val losses      226:	0.1968	0.2427	0.3953	0.3783	0.2191	0.2151	0.3637	0.3537	0.3641	 0.414	 1.031	 1.035	 | 0.4341 mean
                     	0.5288	0.6629	 1.052	 1.022	0.5684	0.5551	  0.99	0.9448	0.9462	 1.031	 2.568	 2.501	 | 1.444 quantile
                      	 1.616	 1.745	 2.782	 2.795	 1.018	 1.117	 1.825	  1.74	 1.812	 2.066	 4.818	 4.796	 | 4.818 max

train losses    228:	0.2432	0.2455	0.2935	0.2853	0.2778	0.2801	 0.294	0.2908	0.4072	0.4073	0.4548	0.4547	
val losses      228:	0.1961	0.2423	0.3953	0.3783	0.2192	0.2141	0.3636	0.3535	0.3643	0.4164	 1.024	 1.028	 | 0.4329 mean
                     	0.5293	 0.662	 1.054	 1.022	0.5677	0.5577	0.9923	0.9456	0.9424	 1.037	 2.559	 2.491	 | 1.441 quantile
                      	 1.622	 1.753	 2.779	 2.782	 1.018	 1.098	  1.82	 1.761	 1.774	 2.071	 4.751	 4.742	 | 4.751 max

train losses    230:	0.2421	0.2445	0.2937	0.2851	0.2762	0.2814	0.2935	0.2915	0.4087	0.4061	0.4559	0.4541	
val losses      230:	0.1965	0.2407	0.3949	0.3779	0.2188	 0.214	0.3641	0.3534	0.3627	0.4134	  1.03	 1.034	 | 0.4334 mean
                     	0.5316	0.6574	 1.052	 1.021	0.5646	0.5477	0.9898	 0.944	0.9385	 1.033	  2.58	 2.511	 | 1.44 quantile
                      	 1.599	 1.726	 2.788	 2.787	 1.031	   1.1	 1.832	 1.774	 1.779	 2.085	 4.769	 4.769	 | 4.769 max

train losses    232:	0.2417	0.2456	0.2936	0.2849	0.2768	0.2795	0.2917	0.2896	0.4041	0.4054	0.4504	0.4504	
val losses      232:	0.1965	0.2395	0.3947	0.3777	0.2196	0.2145	0.3641	0.3533	0.3637	0.4154	 1.024	 1.028	 | 0.4326 mean
                     	0.5344	0.6512	 1.049	 1.016	0.5666	0.5572	 0.993	0.9457	0.9336	 1.041	 2.571	 2.496	 | 1.441 quantile
                      	 1.594	 1.737	 2.786	 2.789	 1.004	 1.091	 1.834	 1.783	 1.795	 2.066	 4.714	 4.692	 | 4.714 max

train losses    234:	0.2415	0.2448	 0.293	0.2839	0.2766	0.2794	0.2923	0.2908	0.4054	0.4034	0.4527	0.4526	
val losses      234:	0.1954	0.2387	0.3941	0.3772	0.2203	0.2142	0.3642	0.3536	0.3625	0.4131	 1.026	 1.031	 | 0.4325 mean
                     	0.5314	0.6512	 1.052	 1.017	0.5723	0.5515	0.9892	0.9435	0.9361	 1.037	 2.577	 2.502	 | 1.44 quantile
                      	 1.618	 1.738	 2.782	  2.78	 1.032	 1.057	 1.832	 1.766	 1.777	 2.044	 4.725	 4.741	 | 4.741 max

train losses    236:	0.2406	0.2436	0.2928	0.2843	0.2765	0.2803	0.2901	0.2881	0.4063	0.4021	0.4531	0.4529	
val losses      236:	0.1954	0.2408	0.3945	0.3773	0.2197	0.2144	0.3631	0.3517	0.3629	0.4148	 1.024	 1.028	 | 0.4322 mean
                     	0.5289	0.6538	 1.051	 1.018	0.5692	0.5553	0.9914	0.9453	0.9382	 1.038	 2.566	 2.487	 | 1.442 quantile
                      	 1.609	 1.713	 2.803	 2.801	 1.009	 1.077	 1.798	 1.731	  1.78	 2.064	 4.749	 4.744	 | 4.749 max

train losses    238:	0.2416	0.2437	0.2936	0.2848	0.2756	0.2808	0.2913	0.2889	0.4051	0.4028	 0.449	0.4477	
val losses      238:	0.1948	0.2396	0.3946	0.3775	0.2187	0.2141	0.3637	0.3532	0.3632	 0.417	 1.022	 1.025	 | 0.4319 mean
                     	0.5246	0.6534	 1.051	 1.021	 0.568	0.5567	 0.985	0.9444	0.9373	 1.043	 2.559	 2.475	 | 1.437 quantile
                      	 1.641	 1.726	 2.796	 2.808	0.9975	 1.075	 1.855	 1.767	  1.75	 2.037	 4.757	 4.755	 | 4.757 max

train losses    240:	  0.24	 0.242	0.2928	0.2844	 0.275	0.2787	 0.291	0.2894	 0.405	0.4015	0.4521	0.4492	
val losses      240:	0.1935	0.2377	0.3943	0.3772	0.2176	0.2125	0.3643	0.3539	0.3614	0.4128	 1.022	 1.026	 | 0.4311 mean
                     	0.5222	0.6451	  1.05	 1.019	0.5641	0.5479	0.9854	0.9437	0.9374	 1.038	 2.554	  2.48	 | 1.436 quantile
                      	 1.611	 1.726	 2.778	 2.771	0.9789	 1.101	  1.85	 1.769	 1.775	 2.086	 4.713	 4.716	 | 4.716 max

train losses    242:	0.2403	0.2434	0.2919	0.2828	0.2763	0.2797	0.2899	0.2877	 0.405	0.4037	0.4488	0.4477	
val losses      242:	0.1953	0.2391	0.3942	0.3771	0.2171	 0.213	0.3637	0.3529	0.3621	0.4149	 1.019	 1.023	 | 0.431 mean
                     	0.5244	0.6611	 1.047	 1.018	0.5626	0.5471	0.9832	0.9412	0.9374	  1.04	 2.554	 2.489	 | 1.43 quantile
                      	 1.609	 1.679	 2.785	 2.778	0.9683	 1.082	 1.842	  1.77	 1.803	 2.061	 4.753	 4.764	 | 4.764 max

train losses    244:	0.2396	0.2433	0.2924	0.2837	0.2746	0.2784	0.2888	0.2882	0.4061	0.4035	0.4497	 0.447	
val losses      244:	0.1942	0.2387	0.3944	0.3773	0.2181	0.2133	0.3643	0.3542	0.3625	0.4154	  1.02	 1.024	 | 0.4313 mean
                     	0.5232	0.6553	 1.046	 1.016	0.5643	0.5485	0.9907	0.9413	0.9399	 1.037	 2.542	 2.489	 | 1.432 quantile
                      	 1.567	 1.688	 2.782	 2.779	0.9852	 1.105	 1.856	 1.789	 1.801	 2.036	 4.872	 4.876	 | 4.876 max

train losses    246:	0.2411	0.2434	0.2924	0.2831	0.2738	0.2781	0.2896	0.2872	0.4037	 0.401	0.4475	0.4435	
val losses      246:	0.1949	0.2407	 0.394	0.3769	0.2183	0.2117	0.3634	0.3529	0.3638	 0.415	 1.021	 1.026	 | 0.4316 mean
                     	0.5246	0.6627	 1.048	 1.013	0.5627	0.5478	0.9823	 0.945	0.9466	  1.04	 2.547	 2.496	 | 1.435 quantile
                      	 1.574	  1.69	  2.78	 2.777	 1.011	 1.085	 1.896	  1.81	 1.782	 2.097	 4.728	 4.729	 | 4.729 max

train losses    248:	0.2389	0.2417	 0.292	0.2834	0.2735	0.2782	0.2882	0.2872	0.4041	0.4027	0.4445	0.4421	
val losses      248:	0.1957	0.2408	0.3937	0.3767	 0.217	0.2126	0.3632	0.3524	0.3628	0.4153	 1.025	 1.029	 | 0.432 mean
                     	0.5279	0.6589	 1.045	 1.016	 0.559	0.5485	0.9852	 0.943	0.9337	 1.043	 2.545	 2.489	 | 1.435 quantile
                      	  1.61	 1.724	  2.78	 2.778	0.9865	 1.096	 1.835	 1.774	 1.818	 2.055	 4.838	 4.813	 | 4.838 max

train losses    250:	0.2408	 0.242	0.2914	0.2829	0.2739	0.2746	 0.288	0.2871	0.4032	0.4002	0.4438	0.4434	
val losses      250:	0.1963	0.2378	0.3936	0.3764	0.2169	0.2121	0.3634	0.3529	0.3615	0.4141	 1.024	 1.028	 | 0.4313 mean
                     	0.5324	0.6561	 1.044	 1.016	 0.564	0.5465	0.9884	0.9399	0.9379	 1.036	 2.555	 2.485	 | 1.434 quantile
                      	 1.594	 1.699	 2.779	 2.769	 1.012	 1.089	 1.862	 1.815	 1.768	 2.051	 4.853	 4.831	 | 4.853 max

train losses    252:	0.2394	0.2414	0.2912	0.2827	0.2736	0.2765	0.2882	 0.287	 0.403	0.3998	0.4449	0.4442	
val losses      252:	0.1951	0.2367	0.3936	0.3764	0.2166	0.2119	0.3631	0.3522	0.3619	0.4136	 1.023	 1.027	 | 0.431 mean
                     	0.5285	0.6474	 1.043	 1.014	0.5614	0.5423	0.9879	0.9393	0.9391	 1.037	 2.544	  2.49	 | 1.429 quantile
                      	 1.596	 1.682	 2.787	 2.785	0.9942	 1.086	  1.85	 1.801	 1.755	 2.038	 4.789	 4.798	 | 4.798 max

train losses    254:	0.2389	0.2401	0.2911	 0.283	 0.273	0.2764	0.2877	0.2863	0.4021	 0.399	 0.442	0.4402	
val losses      254:	0.1943	0.2374	0.3936	0.3763	0.2165	0.2116	 0.363	0.3521	 0.362	0.4138	 1.021	 1.025	 | 0.4306 mean
                     	0.5252	0.6481	 1.044	 1.015	0.5609	 0.546	0.9857	0.9382	0.9378	 1.035	 2.545	 2.476	 | 1.431 quantile
                      	 1.579	 1.674	  2.79	 2.791	 1.023	 1.055	  1.85	 1.785	 1.765	 2.035	 4.824	 4.827	 | 4.827 max

train losses    256:	0.2405	0.2401	0.2907	 0.282	0.2745	0.2758	0.2868	0.2861	0.4023	0.4009	0.4465	0.4451	
val losses      256:	0.1946	0.2379	0.3935	0.3763	0.2159	0.2115	0.3632	0.3523	0.3625	 0.414	  1.02	 1.025	 | 0.4305 mean
                     	0.5268	0.6547	 1.041	 1.017	0.5623	0.5477	0.9828	0.9413	0.9398	 1.036	 2.537	 2.475	 | 1.43 quantile
                      	 1.611	 1.703	 2.794	 2.776	 1.024	 1.051	 1.846	 1.788	 1.771	 2.037	 4.768	 4.798	 | 4.798 max

train losses    258:	0.2391	0.2414	0.2909	0.2821	0.2724	 0.275	 0.288	0.2863	 0.403	0.4008	0.4431	0.4417	
val losses      258:	0.1934	0.2382	0.3935	0.3763	0.2155	0.2115	 0.363	0.3519	0.3622	0.4145	  1.02	 1.024	 | 0.4304 mean
                     	0.5231	0.6521	 1.044	 1.016	0.5604	0.5447	0.9841	0.9425	0.9361	 1.037	 2.542	 2.474	 | 1.43 quantile
                      	 1.586	 1.686	   2.8	 2.782	 0.995	  1.04	 1.836	 1.776	 1.759	 2.017	   4.8	 4.807	 | 4.807 max

train losses    260:	0.2376	0.2421	0.2914	0.2825	0.2715	0.2777	0.2879	0.2856	0.4021	0.3981	0.4444	0.4438	
val losses      260:	0.1938	0.2383	0.3935	0.3763	0.2156	0.2115	0.3625	0.3517	0.3617	0.4142	 1.021	 1.025	 | 0.4304 mean
                     	0.5228	0.6563	 1.043	 1.013	0.5604	0.5456	0.9834	0.9459	0.9314	 1.034	 2.548	 2.476	 | 1.428 quantile
                      	 1.589	 1.694	 2.791	 2.777	0.9908	 1.045	 1.839	 1.773	 1.764	 2.037	 4.777	 4.776	 | 4.777 max

train losses    262:	 0.239	0.2415	0.2912	0.2823	0.2725	 0.277	0.2866	0.2849	0.3992	0.3987	0.4415	0.4406	
val losses      262:	 0.194	0.2388	0.3934	0.3761	0.2152	0.2118	0.3627	0.3523	0.3618	0.4146	  1.02	 1.024	 | 0.4304 mean
                     	0.5219	0.6568	 1.044	 1.013	0.5567	0.5465	 0.986	0.9423	0.9323	 1.035	 2.544	  2.47	 | 1.43 quantile
                      	  1.58	 1.702	 2.781	 2.772	0.9971	 1.048	 1.831	 1.769	 1.762	 2.041	 4.794	 4.789	 | 4.794 max

train losses    264:	0.2392	0.2415	0.2907	0.2822	0.2731	0.2765	 0.285	0.2842	0.4002	0.3985	 0.441	0.4394	
val losses      264:	0.1933	0.2383	0.3934	0.3761	0.2155	0.2114	0.3632	0.3527	 0.362	0.4139	 1.019	 1.023	 | 0.4302 mean
                     	0.5215	0.6546	 1.045	 1.014	0.5582	0.5497	 0.989	0.9437	0.9345	 1.031	  2.54	 2.474	 | 1.431 quantile
                      	 1.578	 1.693	 2.778	 2.775	 1.031	 1.054	 1.841	 1.776	 1.749	 2.048	 4.798	 4.782	 | 4.798 max

train losses    266:	0.2364	0.2408	0.2906	0.2818	0.2709	0.2776	0.2852	0.2849	0.4029	 0.398	0.4424	0.4418	
val losses      266:	0.1929	0.2378	0.3933	0.3761	0.2151	0.2111	0.3627	0.3519	0.3619	0.4138	  1.02	 1.024	 | 0.4301 mean
                     	0.5212	0.6525	 1.046	 1.014	0.5551	0.5449	0.9822	0.9428	0.9371	 1.039	 2.549	 2.475	 | 1.431 quantile
                      	 1.586	 1.688	 2.784	 2.781	 1.005	 1.051	 1.841	 1.773	 1.771	 2.046	 4.779	 4.784	 | 4.784 max

train losses    268:	0.2372	0.2403	0.2908	0.2811	0.2716	0.2754	0.2868	0.2843	0.4014	0.3985	0.4406	0.4389	
val losses      268:	0.1926	0.2385	0.3933	0.3762	0.2153	 0.211	0.3626	 0.352	 0.362	0.4146	 1.018	 1.021	 | 0.4298 mean
                     	0.5203	 0.654	 1.045	 1.016	0.5582	0.5461	0.9834	0.9421	0.9325	 1.038	 2.542	 2.486	 | 1.425 quantile
                      	 1.593	 1.691	 2.786	 2.772	 1.016	 1.039	 1.828	 1.763	 1.789	  2.05	 4.747	  4.74	 | 4.747 max

train losses    270:	0.2385	  0.24	0.2907	0.2812	 0.272	0.2759	0.2858	 0.283	0.4008	0.3981	0.4451	0.4415	
val losses      270:	0.1932	0.2385	0.3932	 0.376	0.2153	0.2106	0.3624	0.3515	0.3618	0.4139	 1.016	  1.02	 | 0.4294 mean
                     	0.5199	0.6541	 1.046	 1.015	0.5552	0.5453	0.9868	0.9401	 0.935	 1.032	  2.53	 2.474	 | 1.427 quantile
                      	 1.597	 1.682	 2.794	 2.777	 1.004	 1.058	 1.831	 1.766	 1.792	 2.053	 4.754	 4.777	 | 4.777 max

train losses    272:	0.2382	0.2386	0.2897	0.2808	0.2717	0.2752	0.2869	0.2845	0.3996	0.3986	0.4407	0.4381	
val losses      272:	0.1926	0.2373	0.3933	0.3759	0.2154	0.2109	0.3633	0.3527	0.3615	0.4142	 1.016	  1.02	 | 0.4294 mean
                     	 0.521	0.6503	 1.041	 1.014	0.5582	0.5464	0.9878	0.9439	0.9417	 1.036	  2.54	 2.482	 | 1.427 quantile
                      	 1.605	 1.684	 2.778	 2.778	 1.018	 1.046	 1.834	 1.775	 1.754	 2.027	 4.762	 4.738	 | 4.762 max

train losses    274:	0.2384	0.2402	0.2899	0.2811	0.2722	0.2739	0.2858	0.2842	0.4014	0.3983	 0.442	0.4402	
val losses      274:	0.1927	0.2371	0.3931	0.3758	0.2153	0.2103	0.3631	0.3525	0.3618	0.4136	 1.018	 1.021	 | 0.4295 mean
                     	0.5201	0.6504	 1.042	 1.013	0.5592	0.5429	0.9861	0.9431	  0.94	 1.035	 2.537	 2.478	 | 1.427 quantile
                      	  1.62	 1.688	 2.768	 2.771	  1.01	 1.047	 1.839	 1.784	 1.769	  2.04	 4.729	 4.757	 | 4.757 max

train losses    276:	0.2387	0.2401	0.2897	0.2806	0.2712	0.2746	0.2841	0.2845	0.3982	0.3969	0.4365	0.4375	
val losses      276:	0.1937	0.2376	0.3931	0.3757	0.2156	0.2104	0.3625	0.3517	0.3622	0.4157	 1.018	 1.022	 | 0.4299 mean
                     	0.5214	0.6579	 1.043	 1.012	0.5575	0.5426	0.9856	0.9407	0.9358	 1.037	 2.542	  2.48	 | 1.429 quantile
                      	 1.596	  1.68	 2.773	 2.778	0.9888	 1.069	 1.849	 1.775	 1.776	 2.031	 4.753	 4.772	 | 4.772 max

train losses    278:	0.2374	0.2419	0.2902	0.2807	0.2705	 0.275	0.2858	0.2842	0.4002	0.3961	0.4405	0.4396	
val losses      278:	0.1934	0.2373	 0.393	0.3755	0.2153	0.2101	0.3624	0.3512	0.3621	 0.416	 1.015	 1.019	 | 0.4292 mean
                     	0.5213	0.6578	 1.044	 1.011	0.5604	0.5429	0.9807	0.9403	0.9362	 1.039	 2.532	  2.47	 | 1.425 quantile
                      	 1.582	 1.666	 2.779	 2.785	 1.003	 1.045	 1.837	 1.772	 1.796	 2.025	 4.758	 4.758	 | 4.758 max

train losses    280:	 0.238	0.2388	0.2898	0.2804	0.2722	0.2726	0.2849	0.2828	0.3995	 0.397	0.4376	0.4376	
val losses      280:	0.1931	0.2367	0.3927	0.3753	0.2149	0.2099	0.3626	0.3515	0.3619	0.4154	 1.016	  1.02	 | 0.4292 mean
                     	0.5225	0.6535	 1.043	 1.013	0.5579	0.5434	0.9827	0.9422	0.9311	 1.036	 2.538	 2.478	 | 1.428 quantile
                      	 1.569	 1.687	 2.773	 2.783	0.9842	 1.051	 1.831	 1.755	 1.793	 2.024	 4.726	 4.729	 | 4.729 max

train losses    282:	0.2378	  0.24	0.2896	0.2803	0.2698	0.2735	0.2837	0.2828	 0.395	0.3967	0.4383	0.4382	
val losses      282:	 0.192	0.2362	0.3928	0.3753	0.2149	0.2096	0.3624	0.3515	0.3619	0.4152	 1.017	 1.021	 | 0.4292 mean
                     	0.5211	0.6518	 1.041	 1.014	0.5564	0.5439	0.9809	0.9427	0.9337	 1.036	 2.539	 2.481	 | 1.426 quantile
                      	 1.602	 1.686	 2.774	  2.78	 1.015	 1.054	 1.841	 1.757	 1.776	 2.041	 4.755	 4.727	 | 4.755 max

train losses    284:	0.2373	0.2389	0.2895	0.2798	0.2714	0.2736	0.2851	0.2838	0.3994	0.3974	0.4387	0.4356	
val losses      284:	0.1922	 0.235	0.3928	0.3754	0.2146	0.2097	0.3629	0.3525	0.3617	0.4143	 1.014	 1.018	 | 0.4286 mean
                     	 0.518	0.6447	 1.043	 1.013	0.5543	0.5441	0.9847	0.9437	0.9334	 1.037	 2.526	 2.473	 | 1.426 quantile
                      	 1.617	 1.673	 2.775	 2.781	   1.0	 1.037	  1.84	 1.766	 1.779	 2.011	 4.718	 4.748	 | 4.748 max

train losses    286:	0.2376	 0.239	0.2894	0.2805	0.2708	 0.272	0.2845	0.2824	0.4004	0.3961	0.4406	0.4383	
val losses      286:	0.1925	0.2352	0.3927	0.3754	0.2145	0.2101	0.3626	 0.352	 0.362	0.4144	 1.015	 1.018	 | 0.4287 mean
                     	 0.519	0.6421	 1.043	 1.014	0.5595	0.5443	 0.984	0.9436	0.9338	 1.037	  2.53	 2.475	 | 1.426 quantile
                      	   1.6	 1.654	  2.78	 2.783	 1.002	 1.048	 1.849	 1.778	 1.792	 1.999	 4.737	  4.74	 | 4.74 max

train losses    288:	0.2365	0.2401	0.2891	  0.28	0.2708	0.2737	 0.284	0.2823	0.4002	0.3963	0.4387	0.4355	
val losses      288:	0.1926	0.2359	0.3926	0.3752	0.2141	0.2101	0.3618	0.3509	0.3623	0.4145	 1.018	 1.021	 | 0.4291 mean
                     	  0.52	0.6453	 1.043	 1.014	0.5539	0.5408	 0.985	0.9441	0.9352	 1.038	  2.54	 2.472	 | 1.424 quantile
                      	 1.622	 1.671	 2.777	  2.78	0.9922	 1.051	 1.831	  1.76	 1.794	 2.032	 4.793	 4.786	 | 4.793 max

train losses    290:	0.2366	0.2401	0.2894	0.2804	0.2703	 0.272	0.2843	0.2825	0.3967	0.3963	0.4377	0.4365	
val losses      290:	0.1923	0.2371	0.3925	0.3751	0.2145	0.2097	0.3619	0.3509	0.3625	0.4154	 1.014	 1.018	 | 0.4286 mean
                     	0.5228	0.6524	 1.042	 1.012	0.5536	 0.542	0.9837	0.9419	 0.933	 1.041	  2.54	 2.479	 | 1.421 quantile
                      	 1.617	 1.655	 2.788	 2.789	   1.0	 1.056	 1.832	 1.756	 1.778	 2.014	 4.776	 4.763	 | 4.776 max

train losses    292:	0.2365	0.2398	0.2888	0.2798	0.2707	0.2713	0.2831	0.2813	0.4011	0.3972	0.4387	0.4359	
val losses      292:	0.1924	0.2361	0.3926	0.3751	0.2147	0.2087	0.3621	0.3511	0.3619	0.4142	 1.015	 1.019	 | 0.4286 mean
                     	0.5194	0.6487	 1.041	 1.011	 0.552	0.5397	0.9826	0.9378	0.9326	 1.041	 2.531	  2.48	 | 1.427 quantile
                      	 1.589	 1.668	 2.794	 2.792	  1.02	 1.039	 1.831	 1.751	 1.785	 2.013	 4.752	 4.741	 | 4.752 max

train losses    294:	0.2376	0.2384	0.2894	  0.28	0.2714	0.2712	0.2839	0.2821	0.3971	0.3959	0.4359	0.4344	
val losses      294:	0.1936	0.2369	0.3927	0.3752	0.2142	0.2092	 0.362	 0.351	0.3627	0.4152	 1.016	  1.02	 | 0.429 mean
                     	0.5249	0.6527	 1.044	 1.012	0.5508	0.5408	0.9805	0.9379	0.9389	  1.04	 2.542	 2.479	 | 1.425 quantile
                      	 1.567	 1.673	   2.8	 2.787	 0.996	 1.043	 1.817	 1.746	 1.789	 1.992	 4.765	 4.762	 | 4.765 max

train losses    296:	0.2363	0.2398	0.2893	0.2797	0.2714	0.2734	0.2836	0.2817	0.3972	0.3964	0.4359	0.4351	
val losses      296:	0.1933	0.2379	0.3927	0.3753	0.2145	0.2091	0.3625	0.3518	0.3637	0.4164	 1.016	  1.02	 | 0.4294 mean
                     	0.5243	 0.658	 1.043	 1.013	0.5537	0.5436	0.9858	0.9392	0.9335	 1.036	 2.539	 2.479	 | 1.421 quantile
                      	 1.562	 1.665	 2.786	  2.78	 1.028	 1.063	 1.844	 1.773	 1.783	 2.004	 4.789	 4.771	 | 4.789 max

train losses    298:	0.2369	0.2389	0.2894	0.2804	0.2702	0.2732	0.2838	0.2816	0.3962	0.3941	 0.436	0.4325	
val losses      298:	0.1923	0.2369	0.3926	0.3753	0.2142	0.2096	0.3629	0.3523	0.3638	0.4155	 1.016	  1.02	 | 0.4293 mean
                     	0.5233	0.6537	 1.042	 1.015	0.5559	0.5416	0.9888	0.9394	0.9352	 1.034	  2.55	 2.474	 | 1.425 quantile
                      	 1.575	 1.668	  2.77	  2.77	0.9946	 1.062	 1.863	 1.793	 1.784	 1.999	  4.77	 4.758	 | 4.77 max

