train losses      0:	0.7003	 0.657	 0.541	0.4985	0.7915	0.8417	  0.63	0.5637	 1.641	 1.669	 1.529	 1.516	
val losses        0:	 1.069	0.5362	0.8603	 1.519	 1.537	  1.54	 5.114	 3.457	 4.187	 0.969	 2.758	 2.981	 | 2.211 mean
                     	 2.116	 1.419	 1.856	  2.36	 2.711	 2.712	 6.097	 4.496	 6.152	 2.563	 5.218	 5.243	 | 5.281 quantile
                      	 3.586	 4.896	 3.475	 4.481	 4.634	 4.386	 7.541	   6.3	 8.716	 4.549	 8.735	 8.081	 | 8.735 max

train losses      2:	0.5959	0.6033	0.4918	0.5024	0.7268	0.7635	 0.576	0.5611	 1.554	 1.624	 1.497	 1.506	
val losses        2:	0.4528	0.8491	0.9508	0.4694	0.4822	0.6549	 1.192	0.4865	0.7969	 1.069	 1.168	 1.212	 | 0.8153 mean
                     	 1.253	 1.711	 1.836	  1.15	 1.328	 1.645	 2.177	 1.246	 2.448	 2.658	 2.756	 3.003	 | 2.133 quantile
                      	 3.034	 3.868	 3.265	 2.984	 2.883	 3.325	 3.571	 3.307	 4.564	 4.661	 5.255	 5.968	 | 5.968 max

train losses      4:	0.5062	0.5431	0.4488	0.4447	0.6342	0.6956	0.5319	0.5311	 1.411	 1.546	 1.444	 1.464	
val losses        4:	0.3871	0.4262	0.3947	0.4111	 0.476	0.4358	 0.423	0.4474	0.6951	0.8265	 1.155	 1.181	 | 0.6049 mean
                     	 1.128	   1.1	  1.03	 1.046	 1.212	 1.132	 1.123	 1.165	 2.032	 2.182	 2.838	 2.799	 | 1.863 quantile
                      	 3.288	 3.831	 2.279	 2.883	 2.609	 3.499	 2.453	 2.763	 3.758	 4.295	 5.578	 4.954	 | 5.578 max

train losses      6:	0.4648	0.5096	0.4132	0.4206	0.5811	0.6487	0.5088	0.5155	 1.207	 1.414	  1.38	 1.419	
val losses        6:	0.3874	0.3677	0.3809	0.3753	0.3883	0.4064	0.4048	0.4338	0.6308	0.7595	 1.112	 1.142	 | 0.5657 mean
                     	 1.031	0.9996	 1.006	0.9999	0.9994	 1.019	 1.062	  1.08	 1.769	 1.982	 2.695	 2.692	 | 1.762 quantile
                      	 2.706	  4.23	 2.316	 2.622	 2.092	  3.26	 2.198	 2.973	 3.174	 3.568	 4.602	 4.846	 | 4.846 max

train losses      8:	0.4397	0.4955	0.4134	0.4245	0.5368	0.6183	 0.509	0.5161	0.9834	 1.216	 1.311	 1.367	
val losses        8:	0.3429	0.3365	0.3766	0.3735	0.3359	0.4045	0.3998	0.4008	0.5564	 0.628	 1.096	 1.107	 | 0.5299 mean
                     	0.9196	0.9131	 1.004	0.9801	0.8736	   1.0	  1.04	 1.061	 1.454	 1.645	 2.721	 2.743	 | 1.645 quantile
                      	 2.536	 4.273	 2.196	 2.836	 1.781	 3.256	 2.166	 2.973	 2.908	 2.914	  4.46	 4.604	 | 4.604 max

train losses     10:	0.4383	0.4843	0.4189	0.4327	0.5235	0.5901	0.5267	0.5165	0.8276	0.9981	 1.248	 1.302	
val losses       10:	0.3373	0.3401	0.3624	 0.369	 0.331	0.4351	0.4162	0.4159	0.9623	0.8027	 1.103	 1.095	 | 0.5808 mean
                     	0.9249	0.9154	0.9537	0.9693	0.8466	 1.043	  1.07	  1.07	 2.082	 1.897	  2.69	 2.801	 | 1.748 quantile
                      	 2.477	 4.426	 2.276	  2.87	 1.691	 2.946	 2.549	 3.083	 3.402	 2.897	 4.106	 4.404	 | 4.426 max

train losses     12:	 0.441	0.4713	0.4309	0.4467	0.5519	0.5588	0.5375	0.5214	0.8954	0.9257	 1.198	 1.234	
val losses       12:	0.3214	0.3496	0.3714	0.3703	0.3637	0.3657	0.3907	 0.391	0.7573	0.6378	 1.138	 1.104	 | 0.5468 mean
                     	 0.834	0.8743	0.9713	0.9749	0.9252	0.8721	  1.02	 1.025	 1.692	 1.505	 2.709	 2.739	 | 1.628 quantile
                      	 2.354	 4.298	  2.12	 2.711	  1.72	  2.74	 2.556	 2.911	 2.991	 2.693	 4.739	 4.338	 | 4.739 max

train losses     14:	0.4315	0.4716	0.4377	0.4541	0.5803	0.5382	0.5388	0.5171	0.9822	0.9528	 1.166	 1.175	
val losses       14:	0.2834	0.3021	0.3698	0.3649	0.3847	0.3943	0.3729	0.3696	 1.201	 1.154	 1.196	 1.142	 | 0.6279 mean
                     	0.7349	0.7687	0.9692	 0.978	 0.952	 0.949	0.9667	0.9962	 2.541	 2.355	 2.848	 2.733	 | 2.023 quantile
                      	 2.087	 3.896	 2.131	 2.759	 1.767	 2.261	 2.537	 2.664	 3.689	 3.527	 5.307	 4.637	 | 5.307 max

train losses     16:	0.4301	0.4504	0.4356	0.4379	0.5466	0.5175	0.5269	0.5091	 0.909	0.8647	 1.139	 1.147	
val losses       16:	0.2767	0.2591	 0.362	0.3603	 0.333	0.3201	 0.366	0.3726	 0.584	0.5727	 1.207	 1.177	 | 0.5159 mean
                     	0.6951	0.6637	0.9423	0.9633	0.8672	0.8133	0.9556	 1.009	 1.385	  1.32	 2.897	 2.744	 | 1.605 quantile
                      	 2.041	 3.596	 2.151	 2.689	 1.591	 2.048	  2.42	 2.432	 2.751	 2.029	 5.714	 4.916	 | 5.714 max

train losses     18:	0.4333	0.4597	0.4306	0.4297	0.5252	0.5068	0.5085	0.5019	0.8447	0.8719	 1.113	 1.115	
val losses       18:	0.2594	0.2549	0.3626	0.3591	0.3794	0.4182	0.3631	0.3798	0.4549	0.4749	  1.22	 1.184	 | 0.5091 mean
                     	0.6833	  0.65	 0.938	0.9477	0.9566	 1.032	0.9756	 1.049	 1.298	 1.178	 3.016	 2.719	 | 1.584 quantile
                      	 2.025	  3.38	 2.165	  2.83	 1.833	 2.005	 2.218	 2.375	 2.481	 1.901	 5.713	 5.288	 | 5.713 max

train losses     20:	0.4019	 0.421	0.4246	0.4236	0.5095	0.5146	0.4962	0.4932	0.7252	0.7301	 1.096	 1.087	
val losses       20:	0.2753	0.2413	0.3625	 0.353	0.2994	0.3119	 0.348	0.3589	0.5177	0.4716	 1.221	 1.195	 | 0.4962 mean
                     	0.7001	0.6166	0.9503	0.9338	0.7549	0.7758	0.9286	0.9733	 1.381	 1.128	 2.978	 2.778	 | 1.642 quantile
                      	 2.101	 3.361	 2.326	 2.705	 1.678	 1.844	 2.191	 2.284	 2.325	   2.0	 5.738	 5.286	 | 5.738 max

train losses     22:	0.3878	0.4036	0.4185	0.4164	0.4851	0.4778	0.4899	0.4816	0.6693	0.6775	 1.063	 1.059	
val losses       22:	0.2393	0.2295	0.3592	0.3498	0.3006	0.3059	0.3622	0.3619	0.5591	0.5102	 1.216	  1.19	 | 0.4986 mean
                     	0.6298	0.6046	 0.941	 0.928	0.7561	0.7633	0.9683	 1.004	  1.44	 1.234	 2.897	 2.759	 | 1.654 quantile
                      	 1.987	 3.064	  2.17	 2.625	 1.481	 1.589	 2.275	 2.271	 2.319	 2.102	 5.447	 5.252	 | 5.447 max

train losses     24:	0.3805	0.3957	0.4121	0.4096	0.4733	0.4624	0.4761	0.4696	0.6332	0.6399	 1.044	 1.041	
val losses       24:	0.2403	0.2303	0.3557	 0.348	 0.296	0.3044	0.3478	0.3507	0.4371	0.3724	 1.198	  1.18	 | 0.4717 mean
                     	0.6281	0.5971	0.9301	0.9253	0.7576	0.7632	0.9268	0.9744	  1.13	0.9824	 2.852	 2.759	 | 1.528 quantile
                      	 1.889	 3.024	 2.117	 2.683	 1.686	 1.488	  2.12	 2.213	 2.162	 1.515	 5.469	 5.286	 | 5.469 max

train losses     26:	0.3725	0.3849	0.4018	0.4027	0.4616	0.4609	0.4652	0.4621	 0.605	0.6021	 1.046	 1.047	
val losses       26:	0.2354	0.2252	0.3534	0.3476	0.2927	 0.295	0.3473	0.3435	0.4182	0.3795	 1.197	 1.174	 | 0.4674 mean
                     	0.6211	0.5965	0.9278	0.9185	0.7379	0.7326	0.9215	0.9576	 1.134	0.9822	 2.882	 2.812	 | 1.528 quantile
                      	   1.7	 2.897	 2.147	 2.644	 1.769	 1.489	 2.082	 2.212	 1.916	 1.599	 5.678	 5.423	 | 5.678 max

train losses     28:	0.3671	0.3784	0.3969	0.3961	0.4502	0.4463	0.4549	0.4504	0.5845	0.5871	 1.014	 1.013	
val losses       28:	0.2415	0.2182	0.3538	0.3476	0.2882	0.2912	0.3488	0.3467	0.4296	0.3933	 1.305	 1.262	 | 0.4855 mean
                     	0.6518	0.5673	0.9344	0.9311	 0.724	0.7202	0.9335	0.9567	 1.109	 1.024	 2.994	 2.914	 | 1.723 quantile
                      	 1.736	 2.591	 2.148	 2.639	 1.732	 1.478	  2.17	  2.37	 2.223	 1.589	 5.758	 5.529	 | 5.758 max

train losses     30:	0.3581	0.3714	0.3931	0.3928	0.4436	 0.439	0.4507	0.4444	 0.579	0.5794	 1.068	 1.057	
val losses       30:	0.2371	0.2086	0.3516	0.3466	0.2838	0.2891	0.3419	0.3411	0.4231	0.3916	 1.202	 1.193	 | 0.4674 mean
                     	0.6188	0.5491	0.9158	0.9207	 0.714	0.7195	0.9163	0.9427	 1.126	0.9738	 3.045	 2.914	 | 1.547 quantile
                      	  1.74	 2.421	 2.105	 2.779	 1.644	 1.352	 2.106	 2.315	 2.091	 1.524	 6.151	 5.975	 | 6.151 max

train losses     32:	0.3585	0.3683	0.3912	0.3928	0.4428	0.4373	0.4506	0.4411	0.5716	0.5765	 1.079	 1.072	
val losses       32:	0.2345	0.2122	0.3527	0.3483	0.2847	0.2872	0.3452	0.3497	0.4199	0.3936	 1.388	 1.371	 | 0.4989 mean
                     	0.6359	0.5585	0.9318	0.9249	0.7094	0.7172	0.9179	0.9638	 1.089	0.9909	 3.334	  3.28	 | 1.812 quantile
                      	 1.686	 2.093	 2.122	 2.732	 1.714	 1.348	 2.143	  2.36	  2.16	 1.607	 6.397	 6.137	 | 6.397 max

train losses     34:	0.3712	0.3815	0.3947	0.4011	0.4499	0.4408	0.4586	0.4475	 0.592	0.5916	 1.255	 1.232	
val losses       34:	0.2364	0.2096	0.3528	0.3477	 0.296	0.2953	0.3449	0.3426	0.4195	0.4012	 1.219	 1.207	 | 0.4727 mean
                     	0.6286	0.5387	0.9199	0.9203	0.7679	0.7296	0.9189	0.9407	 1.119	0.9897	 2.876	 2.856	 | 1.619 quantile
                      	 1.729	 2.125	 2.162	 2.747	 1.872	 1.463	 2.175	 2.275	 2.015	 1.592	 5.861	 5.633	 | 5.861 max

train losses     36:	0.3942	0.4057	0.4016	0.4101	0.4636	0.4543	0.4634	0.4552	0.6124	0.6195	 1.184	 1.172	
val losses       36:	0.2473	0.2273	  0.36	0.3558	0.3048	0.3009	0.3435	0.3402	0.4139	0.4015	 1.205	 1.226	 | 0.4772 mean
                     	0.6428	0.5696	0.9436	 0.933	 0.771	0.7627	0.9164	0.9339	 1.114	 1.004	 2.609	 2.658	 | 1.645 quantile
                      	 1.601	 2.552	 2.202	 2.766	 1.814	 1.415	 2.219	 2.262	 1.844	 1.739	  4.51	 4.517	 | 4.517 max

train losses     38:	0.4033	0.4111	0.3991	0.4051	0.4789	 0.475	0.4621	0.4585	0.6458	0.6548	 1.117	 1.107	
val losses       38:	0.2423	0.2177	0.3555	0.3508	0.3257	0.3282	0.3418	0.3415	0.4896	0.5461	 1.081	 1.083	 | 0.4752 mean
                     	0.6369	0.5565	0.9153	0.9273	0.8276	0.8271	0.8977	0.9444	   1.3	 1.254	 2.509	 2.546	 | 1.494 quantile
                      	 1.615	 2.401	 2.234	 2.701	 1.719	 1.452	 2.071	 2.155	 2.225	 2.331	 4.773	 4.382	 | 4.773 max

train losses     40:	0.3792	0.3903	0.3901	0.3937	0.4885	0.4938	0.4521	0.4437	0.7868	 0.794	 1.022	 1.018	
val losses       40:	 0.234	0.2132	0.3546	0.3504	0.3026	0.3115	0.3525	0.3439	0.5012	0.5303	 1.138	 1.139	 | 0.481 mean
                     	 0.616	0.5576	 0.924	0.9271	0.7581	0.7937	0.9327	0.9533	 1.322	 1.222	 2.718	 2.695	 | 1.548 quantile
                      	 1.576	 2.057	 2.145	 2.712	 1.703	 1.647	  2.06	 2.147	 2.142	 2.117	 5.378	 5.398	 | 5.398 max

train losses     42:	0.3804	0.3835	  0.39	 0.387	0.4583	0.4641	0.4497	0.4404	0.7809	0.7997	0.9577	 0.958	
val losses       42:	0.2478	0.2056	0.3535	0.3463	0.3326	0.3466	 0.357	0.3375	0.5031	0.5306	 1.206	  1.18	 | 0.4956 mean
                     	 0.649	0.5362	0.9152	0.9169	0.8271	0.8382	0.9582	0.9492	 1.311	 1.217	 2.918	 2.883	 | 1.578 quantile
                      	 1.646	 2.271	 2.265	 2.748	 1.682	 1.752	 2.106	 2.137	 2.141	 2.022	 6.131	 5.985	 | 6.131 max

train losses     44:	0.3691	0.3755	0.3799	0.3805	0.4434	0.4466	0.4364	0.4265	0.6534	0.6454	0.9136	0.9178	
val losses       44:	0.2362	 0.219	0.3541	0.3459	0.2888	0.2963	 0.346	0.3356	0.4763	0.4674	 1.209	 1.174	 | 0.479 mean
                     	0.6478	0.5745	0.9258	0.9198	0.7393	0.7277	0.9421	0.9261	 1.251	 1.124	 2.992	   2.9	 | 1.53 quantile
                      	 1.721	   2.3	  2.28	 2.793	 1.628	 1.546	 1.998	 2.079	  2.37	 1.853	 6.387	 6.088	 | 6.387 max

train losses     46:	  0.35	 0.361	0.3743	 0.376	0.4231	0.4214	0.4256	0.4188	0.5763	0.5761	0.8942	 0.892	
val losses       46:	0.2397	0.2235	 0.349	0.3443	0.2866	0.2874	0.3363	0.3328	0.4438	0.4374	 1.217	 1.185	 | 0.4735 mean
                     	0.6516	0.5859	0.9128	 0.914	0.7181	0.7113	0.9062	0.9224	 1.164	 1.085	 2.994	 2.919	 | 1.555 quantile
                      	 1.792	 2.149	 2.235	 2.776	 1.577	 1.246	 2.005	 2.118	 2.157	 1.752	 6.462	 6.204	 | 6.462 max

train losses     48:	0.3402	0.3475	0.3687	0.3697	0.4074	0.4076	0.4164	0.4118	0.5485	0.5417	0.8668	0.8656	
val losses       48:	 0.248	 0.225	0.3486	0.3441	0.2925	  0.31	0.3353	0.3329	0.4198	0.4101	 1.201	 1.179	 | 0.4705 mean
                     	0.6477	0.5805	0.9122	0.9161	0.7452	 0.765	0.9013	0.9233	 1.084	 1.045	 2.874	 2.855	 | 1.541 quantile
                      	 1.767	 2.173	 2.197	 2.724	 1.627	 1.512	 1.959	 2.143	 2.097	 1.693	 6.301	 6.211	 | 6.301 max

train losses     50:	0.3326	0.3452	0.3642	 0.364	0.4015	0.3992	0.4074	0.4035	0.5347	0.5322	0.8497	0.8496	
val losses       50:	0.2377	0.2118	0.3496	0.3433	0.2689	0.2775	0.3324	0.3297	0.4115	0.4109	  1.17	 1.156	 | 0.4583 mean
                     	0.6482	0.5575	0.9096	0.9169	0.6879	0.6772	0.8964	0.9146	   1.1	  1.03	 2.826	 2.793	 | 1.517 quantile
                      	 1.741	  2.14	 2.265	 2.718	 1.519	  1.41	 2.006	 2.136	 2.245	 1.652	 5.984	 5.884	 | 5.984 max

train losses     52:	0.3217	0.3287	0.3592	 0.359	0.3869	0.3856	0.4019	0.3971	0.5242	0.5227	0.8242	0.8257	
val losses       52:	0.2355	0.2152	0.3483	 0.343	0.2744	0.2768	0.3351	0.3307	0.4171	0.4162	 1.166	 1.153	 | 0.4592 mean
                     	 0.649	0.5642	 0.908	0.9246	0.7104	0.6839	0.8978	0.9224	 1.122	 1.012	 2.805	   2.8	 | 1.53 quantile
                      	 1.719	 2.016	 2.303	 2.706	 1.724	 1.349	 2.039	 2.082	 2.191	 1.672	 5.837	 5.845	 | 5.845 max

train losses     54:	0.3173	 0.325	0.3573	0.3572	0.3838	0.3865	0.3968	0.3935	0.5182	0.5163	0.8077	0.8084	
val losses       54:	0.2344	0.2082	0.3485	0.3433	0.2737	0.2764	0.3337	0.3281	0.4203	0.4166	 1.167	 1.151	 | 0.4585 mean
                     	0.6482	0.5563	0.9078	0.9212	0.7103	0.6784	0.8958	0.9133	 1.134	 1.024	 2.784	 2.784	 | 1.533 quantile
                      	 1.728	 2.144	 2.252	 2.682	 1.695	 1.492	 2.067	 2.115	 2.175	 1.611	 5.796	 5.723	 | 5.796 max

train losses     56:	0.3113	0.3185	0.3542	0.3535	0.3773	0.3776	0.3935	0.3885	0.5149	0.5111	0.7892	 0.789	
val losses       56:	0.2308	0.2051	0.3487	0.3428	0.2664	0.2698	0.3326	0.3274	0.4227	0.4166	 1.169	 1.152	 | 0.4569 mean
                     	0.6405	0.5444	 0.907	0.9209	0.6805	0.6591	0.9006	0.9065	  1.13	 1.026	 2.757	 2.778	 | 1.54 quantile
                      	 1.728	  2.12	 2.253	 2.704	 1.653	 1.473	 2.069	  2.17	 2.186	 1.606	 5.835	 5.741	 | 5.835 max

train losses     58:	0.3078	0.3171	 0.352	0.3506	0.3701	0.3705	0.3894	0.3849	 0.509	0.5067	 0.775	0.7738	
val losses       58:	0.2277	 0.203	 0.348	0.3419	0.2643	0.2668	0.3318	0.3253	0.4209	0.4119	 1.143	 1.128	 | 0.4511 mean
                     	0.6259	0.5364	0.9037	0.9206	0.6688	0.6472	  0.89	0.8991	 1.113	 1.014	 2.709	 2.722	 | 1.504 quantile
                      	 1.682	 1.974	 2.287	 2.694	  1.56	 1.309	 2.005	 2.121	 2.244	 1.601	 5.722	 5.645	 | 5.722 max

train losses     60:	0.3056	0.3142	0.3496	0.3487	0.3667	0.3668	 0.387	0.3826	0.5042	0.5036	0.7551	0.7564	
val losses       60:	0.2281	0.2028	0.3471	0.3418	0.2635	0.2663	0.3315	0.3252	0.4251	0.4137	 1.125	 1.116	 | 0.4489 mean
                     	0.6245	0.5399	0.8998	0.9207	0.6596	0.6524	0.8811	0.8963	 1.118	  1.01	 2.699	 2.741	 | 1.48 quantile
                      	 1.784	 1.945	 2.283	 2.711	 1.549	 1.253	  2.01	 2.128	 2.235	 1.572	 5.668	 5.603	 | 5.668 max

train losses     62:	0.3028	0.3108	0.3464	0.3467	0.3621	0.3633	0.3841	0.3807	0.5032	 0.498	0.7526	0.7546	
val losses       62:	0.2258	0.1992	0.3468	0.3412	0.2605	0.2623	0.3315	0.3242	0.4201	0.4111	 1.149	  1.13	 | 0.4501 mean
                     	0.6235	0.5256	0.9089	0.9208	0.6605	0.6436	0.9017	0.8938	 1.102	 1.023	 2.641	 2.647	 | 1.517 quantile
                      	 1.842	 1.938	 2.264	 2.686	 1.596	 1.235	 2.015	 2.123	 2.307	 1.656	 5.275	 5.258	 | 5.275 max

train losses     64:	0.2992	0.3077	0.3456	0.3444	0.3589	0.3583	0.3798	0.3752	0.4987	 0.497	0.7431	 0.745	
val losses       64:	0.2234	 0.196	0.3465	0.3405	0.2599	0.2614	0.3314	0.3241	0.4262	0.4138	 1.125	 1.114	 | 0.4469 mean
                     	0.6155	0.5177	0.8989	0.9186	0.6566	0.6443	0.8883	0.8903	 1.121	 1.025	 2.721	 2.705	 | 1.5 quantile
                      	 1.715	 1.643	 2.295	 2.699	 1.513	 1.247	 1.976	 2.061	 2.328	 1.602	 5.683	 5.617	 | 5.683 max

train losses     66:	0.2991	0.3074	0.3435	0.3423	0.3572	0.3558	0.3775	 0.373	 0.495	0.4935	0.7382	0.7371	
val losses       66:	0.2184	0.1918	0.3458	0.3403	0.2579	0.2594	0.3311	0.3235	0.4174	0.4035	 1.136	 1.124	 | 0.4457 mean
                     	0.6065	0.5062	0.8966	0.9185	0.6577	0.6396	0.8857	0.8951	 1.105	0.9996	 2.742	 2.728	 | 1.507 quantile
                      	 1.738	 1.774	 2.264	  2.71	 1.531	 1.202	 2.007	   2.1	  2.16	 1.604	 5.729	  5.55	 | 5.729 max

train losses     68:	0.3003	 0.306	0.3426	0.3403	0.3522	0.3523	0.3766	0.3712	0.4948	0.4924	0.7856	0.7831	
val losses       68:	0.2244	0.1952	0.3459	0.3399	0.2604	0.2591	0.3322	0.3255	0.4201	0.4132	 1.199	 1.179	 | 0.4578 mean
                     	0.6185	0.5161	0.9022	0.9172	0.6721	0.6391	0.8914	0.9063	 1.095	 1.035	 2.728	 2.716	 | 1.579 quantile
                      	 1.643	 1.874	 2.279	  2.69	 1.637	 1.381	 2.052	 2.145	 2.328	 1.663	 5.293	 5.101	 | 5.293 max

train losses     70:	0.2978	0.3064	0.3406	0.3379	0.3529	0.3521	0.3739	0.3693	0.4884	0.4919	0.8178	0.8124	
val losses       70:	0.2298	0.2085	0.3463	0.3418	0.2614	0.2638	 0.333	0.3307	0.4401	0.4257	 1.341	 1.335	 | 0.4881 mean
                     	0.6388	0.5524	0.8901	0.9272	0.6749	0.6454	0.8786	0.8922	 1.158	  1.02	 3.179	 3.232	 | 1.733 quantile
                      	 1.695	 1.483	 2.292	 2.762	 1.451	  1.58	 1.949	 2.049	  2.25	 1.766	  6.21	 6.041	 | 6.21 max

train losses     72:	0.2968	0.3044	0.3393	0.3376	0.3542	0.3562	0.3749	0.3706	0.4892	0.4899	0.8815	0.8827	
val losses       72:	0.2201	0.1965	0.3458	0.3403	0.2541	0.2576	0.3295	0.3232	0.4226	0.4104	 1.073	 1.072	 | 0.4371 mean
                     	0.6106	0.5184	0.8935	0.9153	0.6509	0.6357	0.8785	0.8851	 1.113	0.9953	 2.661	 2.728	 | 1.436 quantile
                      	 1.564	 1.528	 2.267	 2.755	 1.478	 1.265	 2.048	  2.12	 2.206	 1.642	 5.061	 5.052	 | 5.061 max

train losses     74:	0.2993	0.3042	0.3376	0.3357	0.3525	0.3533	0.3697	 0.366	0.4952	0.4878	0.8178	0.8212	
val losses       74:	0.2271	 0.201	0.3459	 0.341	0.2569	0.2572	0.3285	0.3233	0.4352	0.4175	 1.141	 1.151	 | 0.4521 mean
                     	0.6334	0.5369	0.8857	 0.924	0.6621	0.6257	0.8784	 0.887	 1.156	 1.019	 2.751	 2.899	 | 1.507 quantile
                      	 1.464	 1.628	 2.315	 2.762	 1.358	 1.426	 2.015	 2.132	 2.227	 1.629	 4.952	  4.93	 | 4.952 max

train losses     76:	0.2989	0.3091	0.3384	0.3355	0.3572	0.3645	0.3738	 0.368	0.4994	0.4946	 1.016	 1.011	
val losses       76:	0.2343	 0.211	0.3455	0.3397	0.2834	0.2892	0.3326	0.3268	0.4201	0.3967	 1.213	 1.223	 | 0.4679 mean
                     	0.6151	0.5415	0.8882	0.9196	0.7143	0.6967	0.8852	0.8914	 1.091	 0.971	 2.857	 2.982	 | 1.608 quantile
                      	 1.608	 1.489	 2.275	 2.794	 1.517	  1.37	 1.892	 2.023	 2.048	 1.514	 5.289	 5.369	 | 5.369 max

train losses     78:	0.3303	 0.332	0.3377	0.3348	0.4027	0.4222	 0.377	0.3725	0.5187	0.5113	0.9878	0.9904	
val losses       78:	0.2624	0.2286	0.3449	0.3404	0.2933	0.3088	0.3332	0.3299	0.4353	0.4226	  1.17	  1.17	 | 0.47 mean
                     	0.6691	0.5679	 0.888	 0.921	0.7236	0.7354	0.8809	0.8809	 1.151	 1.013	 3.047	 3.006	 | 1.504 quantile
                      	 1.442	 1.472	 2.271	 2.765	  1.52	 1.177	 2.073	 2.173	 2.321	 1.644	 6.054	 5.995	 | 6.054 max

train losses     80:	0.3581	0.3821	0.3425	0.3415	0.4477	0.4525	0.3837	0.3798	0.5374	0.5377	0.9499	0.9516	
val losses       80:	0.2807	0.2533	0.3461	0.3404	0.3127	0.3204	0.3372	0.3319	0.4339	0.4184	 1.105	 1.114	 | 0.4661 mean
                     	0.7035	0.6188	0.8877	0.9148	0.7668	0.7761	0.9039	0.8951	 1.117	 1.021	 2.851	 2.865	 | 1.481 quantile
                      	 1.593	 1.317	 2.189	 2.745	 1.834	 1.347	 2.177	 2.249	 2.187	 1.744	 5.359	 5.295	 | 5.359 max

train losses     82:	0.3459	0.3569	0.3421	0.3415	0.4195	 0.424	0.3846	  0.38	0.5766	0.5829	0.8398	0.8336	
val losses       82:	0.2416	0.2379	0.3468	0.3407	0.3025	0.3044	0.3322	0.3292	0.4487	0.4335	 1.163	 1.166	 | 0.4705 mean
                     	0.6498	0.6018	0.8937	0.9198	0.7236	0.7656	0.8819	0.9143	 1.154	 1.037	 3.036	 2.995	 | 1.541 quantile
                      	 1.899	 1.462	 2.262	 2.698	  1.69	 1.814	 2.009	 2.095	 2.001	 1.692	 5.842	 5.799	 | 5.842 max

train losses     84:	0.3375	0.3542	0.3445	0.3425	0.4377	0.4353	  0.39	0.3834	0.7309	0.7443	0.7689	0.7608	
val losses       84:	0.2199	0.1944	0.3454	 0.341	0.2673	0.2734	0.3414	0.3355	0.4554	0.4215	 1.171	 1.163	 | 0.4608 mean
                     	0.5751	0.5155	0.8902	0.9185	0.6953	0.6744	0.9061	 0.934	 1.129	 1.025	 2.927	  2.89	 | 1.529 quantile
                      	 1.584	 1.283	  2.22	 2.691	 1.618	 1.372	 2.008	 2.054	 1.983	 1.716	 6.166	 6.184	 | 6.184 max

train losses     86:	 0.333	0.3486	0.3458	0.3429	  0.41	0.4185	0.3972	0.3941	0.8642	0.8863	0.7143	0.7109	
val losses       86:	0.2189	0.2296	0.3482	0.3399	0.3064	0.3127	0.3431	0.3303	0.5482	 0.539	 1.173	 1.159	 | 0.4874 mean
                     	0.5824	0.5692	0.8945	0.9163	0.7717	 0.773	0.8991	0.9048	 1.324	 1.257	 2.865	 2.894	 | 1.517 quantile
                      	 1.669	 1.456	 2.266	 2.762	 1.507	 1.458	 1.869	 1.909	 2.152	 1.783	 6.267	 5.982	 | 6.267 max

train losses     88:	0.3437	0.3616	0.3486	0.3462	0.4106	0.4087	0.4031	0.3938	0.8239	0.8318	0.7318	0.7337	
val losses       88:	0.2338	0.2106	  0.35	0.3404	0.2628	0.2731	0.3353	0.3268	0.5743	0.5851	 1.141	 1.132	 | 0.4804 mean
                     	 0.625	0.5393	 0.893	0.9192	0.6764	0.6888	0.9011	0.9155	 1.445	 1.386	 2.795	 2.801	 | 1.536 quantile
                      	 1.749	 1.357	 2.184	 2.787	 1.522	  1.41	 1.922	 1.993	 2.503	 2.078	 6.187	  6.03	 | 6.187 max

train losses     90:	0.3405	0.3487	0.3483	 0.344	0.3959	0.3915	0.3959	 0.387	 0.668	0.6805	0.7564	0.7662	
val losses       90:	0.2364	0.2069	0.3463	0.3398	 0.272	0.2779	0.3332	0.3252	0.4322	 0.409	 1.123	 1.119	 | 0.4517 mean
                     	0.6504	0.5416	0.8936	0.9126	0.7062	0.6938	0.8813	0.8812	 1.095	 1.008	 2.748	 2.807	 | 1.47 quantile
                      	 1.621	 1.495	 2.272	 2.752	 1.436	 1.504	 1.998	 2.096	 2.318	 1.729	 6.057	 5.759	 | 6.057 max

train losses     92:	0.3183	0.3268	0.3392	0.3365	0.3743	0.3769	0.3806	0.3734	0.5675	0.5595	0.7593	0.7696	
val losses       92:	0.2255	0.2058	0.3452	0.3384	0.2673	0.2664	0.3343	0.3246	 0.448	 0.411	 1.145	  1.15	 | 0.4551 mean
                     	 0.615	0.5397	0.8837	0.9124	0.7061	0.6604	 0.888	0.8803	 1.134	 1.039	 2.776	 2.871	 | 1.498 quantile
                      	 1.569	 1.409	   2.3	 2.728	 1.443	 1.431	 1.996	 2.068	 2.012	 1.837	 5.873	 5.816	 | 5.873 max

train losses     94:	0.3036	0.3155	0.3345	0.3308	0.3602	0.3635	0.3714	0.3663	0.5227	0.5121	0.7151	0.7134	
val losses       94:	0.2326	0.2053	0.3452	0.3391	0.2654	0.2665	  0.33	 0.326	0.4373	0.4247	 1.134	 1.134	 | 0.4533 mean
                     	0.6381	0.5351	0.8907	0.9119	0.6865	0.6588	 0.877	0.8821	 1.149	 1.035	 2.839	 2.809	 | 1.478 quantile
                      	  1.68	 1.414	 2.273	 2.714	 1.396	  1.27	 2.019	 2.139	  2.34	  1.74	 6.159	 6.084	 | 6.159 max

train losses     96:	0.2961	 0.307	0.3329	0.3287	0.3506	0.3526	0.3646	 0.359	0.5035	0.5012	0.6548	0.6531	
val losses       96:	0.2271	0.1942	0.3473	0.3391	0.2613	0.2658	0.3311	0.3243	0.4546	0.4426	 1.143	 1.136	 | 0.4555 mean
                     	0.6261	0.5055	0.8975	0.9215	0.6603	0.6552	0.8854	0.8837	 1.163	 1.058	 2.816	 2.789	 | 1.506 quantile
                      	  1.63	 1.337	 2.183	 2.736	 1.436	  1.18	 1.887	 2.005	 1.945	 1.657	 6.066	  5.82	 | 6.066 max

train losses     98:	0.2915	0.2991	0.3293	0.3249	 0.344	0.3445	0.3599	 0.354	0.4932	0.4881	0.6295	0.6272	
val losses       98:	0.2202	0.1913	0.3458	 0.338	0.2527	0.2568	0.3268	0.3192	0.4202	0.4001	 1.134	 1.126	 | 0.4442 mean
                     	0.6059	0.5048	0.8876	0.9173	0.6455	0.6325	0.8745	0.8786	 1.095	0.9898	 2.731	 2.818	 | 1.481 quantile
                      	 1.594	 1.221	  2.26	  2.72	 1.481	  1.16	 1.966	 2.088	 2.047	 1.591	  6.06	 6.055	 | 6.06 max

train losses    100:	 0.285	0.2924	 0.328	0.3229	0.3369	 0.339	0.3534	 0.348	0.4811	 0.478	 0.611	0.6097	
val losses      100:	0.2153	0.1906	0.3451	0.3385	0.2541	0.2569	0.3271	 0.318	0.4163	0.4056	 1.104	 1.099	 | 0.4392 mean
                     	0.5878	0.5056	0.8844	0.9161	0.6504	0.6223	0.8657	0.8666	 1.081	0.9961	 2.709	 2.716	 | 1.457 quantile
                      	 1.563	 1.352	 2.245	 2.714	  1.46	 1.239	 1.944	 2.052	 2.154	 1.546	 5.828	 5.824	 | 5.828 max

train losses    102:	0.2809	0.2874	0.3256	0.3211	 0.334	 0.334	 0.349	0.3438	0.4735	0.4708	0.5975	0.5976	
val losses      102:	0.2137	0.1882	0.3444	0.3378	 0.254	0.2542	0.3263	0.3171	0.4228	0.4099	 1.107	 1.103	 | 0.4399 mean
                     	0.5914	 0.495	0.8873	0.9144	0.6439	0.6192	0.8716	0.8632	  1.11	0.9863	  2.71	 2.728	 | 1.457 quantile
                      	 1.613	 1.357	 2.266	 2.726	 1.495	 1.322	 1.961	 2.053	 2.094	  1.52	 5.767	 5.693	 | 5.767 max

train losses    104:	0.2768	0.2844	0.3242	0.3199	0.3287	0.3305	 0.347	0.3415	0.4665	0.4651	0.5925	0.5896	
val losses      104:	0.2123	0.1855	0.3443	0.3378	0.2534	0.2516	0.3264	0.3159	0.4232	 0.408	 1.104	 1.101	 | 0.4386 mean
                     	0.5874	0.4825	0.8885	0.9116	0.6497	0.6196	0.8731	0.8615	 1.107	0.9779	 2.689	 2.774	 | 1.456 quantile
                      	 1.579	 1.281	 2.271	 2.731	 1.383	 1.358	 1.943	 2.047	 2.049	   1.5	 5.664	 5.568	 | 5.664 max

train losses    106:	0.2764	0.2826	0.3231	0.3172	0.3268	 0.329	0.3442	0.3386	0.4627	0.4627	0.5931	0.5935	
val losses      106:	0.2108	0.1861	0.3441	0.3374	0.2523	0.2524	0.3262	0.3152	0.4217	 0.408	 1.101	 1.101	 | 0.438 mean
                     	0.5794	0.4906	0.8903	0.9118	0.6449	0.6174	 0.866	0.8591	 1.116	0.9807	 2.671	 2.771	 | 1.452 quantile
                      	 1.517	 1.291	 2.275	 2.737	 1.548	 1.414	 1.968	 2.052	 2.066	 1.547	 5.761	 5.666	 | 5.761 max

train losses    108:	0.2733	0.2795	0.3216	0.3162	0.3228	0.3259	 0.341	0.3356	0.4606	0.4607	0.6098	0.6089	
val losses      108:	0.2049	0.1821	0.3435	0.3368	0.2496	  0.25	0.3259	0.3153	0.4204	0.4038	 1.102	   1.1	 | 0.4362 mean
                     	0.5618	0.4824	0.8877	0.9109	0.6394	0.6096	0.8624	0.8542	 1.114	 0.975	 2.659	 2.751	 | 1.447 quantile
                      	 1.507	 1.383	 2.264	 2.735	 1.414	 1.377	 1.965	 2.043	 2.037	 1.451	 5.472	 5.403	 | 5.472 max

train losses    110:	0.2711	0.2786	0.3206	0.3152	0.3226	0.3235	0.3411	0.3352	0.4605	0.4583	0.6311	0.6326	
val losses      110:	 0.205	0.1804	 0.343	0.3364	0.2502	0.2489	0.3249	0.3136	0.4211	0.4053	 1.087	 1.087	 | 0.4336 mean
                     	0.5624	0.4763	0.8837	0.9112	0.6487	 0.613	0.8656	0.8506	 1.119	0.9743	 2.653	 2.748	 | 1.434 quantile
                      	  1.47	  1.28	 2.281	 2.748	 1.366	 1.391	 1.992	 2.058	 2.079	 1.452	 5.316	 5.252	 | 5.316 max

train losses    112:	0.2687	 0.277	0.3186	0.3133	0.3219	0.3225	0.3387	0.3327	0.4538	0.4529	0.6489	0.6509	
val losses      112:	0.2044	0.1797	0.3427	 0.336	 0.249	0.2475	0.3247	0.3138	0.4193	0.4009	  1.08	 1.076	 | 0.4312 mean
                     	 0.562	0.4768	0.8828	0.9094	 0.637	0.6048	0.8582	 0.849	 1.107	 0.963	 2.634	 2.725	 | 1.425 quantile
                      	 1.515	 1.267	 2.299	 2.746	  1.58	 1.352	 1.991	 2.058	 2.049	 1.475	 5.318	 5.291	 | 5.318 max

train losses    114:	0.2684	0.2742	 0.318	0.3118	0.3163	0.3195	0.3371	0.3317	 0.454	0.4527	0.6284	0.6298	
val losses      114:	0.2046	0.1775	0.3422	0.3358	0.2494	0.2479	 0.324	0.3144	0.4177	   0.4	  1.09	 1.082	 | 0.4321 mean
                     	0.5654	0.4645	 0.883	0.9105	0.6356	0.6024	0.8594	0.8502	   1.1	0.9703	 2.655	  2.71	 | 1.44 quantile
                      	 1.548	 1.261	 2.278	 2.739	 1.418	 1.367	 1.994	 2.078	 2.103	 1.495	 5.502	  5.35	 | 5.502 max

train losses    116:	0.2673	0.2732	0.3174	0.3106	0.3154	 0.316	0.3342	 0.328	0.4536	0.4519	0.5907	0.5902	
val losses      116:	0.2074	  0.18	0.3424	0.3358	0.2474	0.2454	0.3232	0.3137	0.4207	0.4019	 1.108	 1.099	 | 0.4354 mean
                     	0.5777	0.4711	0.8807	0.9122	0.6351	0.6032	0.8591	0.8487	 1.106	 0.981	  2.73	 2.723	 | 1.458 quantile
                      	 1.557	 1.312	 2.294	 2.712	 1.338	 1.386	 1.969	 2.053	 2.053	 1.514	 5.437	  5.47	 | 5.47 max

train losses    118:	0.2654	0.2745	 0.316	0.3096	0.3133	0.3152	0.3322	0.3266	0.4494	0.4492	 0.563	0.5643	
val losses      118:	0.2042	0.1782	0.3422	0.3353	0.2445	0.2438	0.3234	0.3131	0.4211	   0.4	  1.12	  1.11	 | 0.4363 mean
                     	0.5686	0.4713	0.8803	0.9064	0.6251	0.6041	0.8675	0.8411	 1.109	0.9666	 2.736	 2.733	 | 1.477 quantile
                      	 1.531	 1.288	 2.284	 2.725	 1.418	 1.347	 1.987	 2.078	 2.011	 1.487	 5.526	 5.533	 | 5.533 max

train losses    120:	0.2644	0.2722	0.3154	0.3095	0.3108	0.3148	0.3314	0.3259	0.4477	0.4452	0.5534	0.5506	
val losses      120:	0.2018	0.1758	0.3416	 0.335	 0.244	0.2428	0.3236	 0.313	0.4206	0.3985	 1.127	 1.115	 | 0.4366 mean
                     	0.5667	0.4649	0.8814	0.9033	0.6211	0.5999	0.8589	0.8426	   1.1	0.9685	 2.734	 2.721	 | 1.482 quantile
                      	 1.517	 1.307	 2.284	  2.74	 1.404	 1.304	 1.996	 2.093	 2.078	 1.495	 5.558	  5.58	 | 5.58 max

train losses    122:	0.2625	0.2699	0.3145	0.3074	0.3097	0.3114	0.3287	0.3241	 0.446	0.4447	0.5537	0.5528	
val losses      122:	0.2005	0.1742	0.3412	0.3347	0.2429	0.2431	0.3232	0.3135	0.4209	0.3972	 1.141	 1.126	 | 0.4382 mean
                     	0.5579	0.4582	0.8796	0.9034	0.6315	0.6018	0.8553	0.8466	   1.1	0.9801	 2.736	 2.741	 | 1.504 quantile
                      	 1.525	 1.271	 2.274	 2.729	 1.387	  1.26	  1.99	 2.093	 2.057	 1.516	 5.422	 5.416	 | 5.422 max

train losses    124:	0.2624	0.2703	0.3131	0.3066	 0.309	0.3114	0.3269	0.3219	0.4435	0.4431	0.5646	0.5629	
val losses      124:	 0.202	0.1735	0.3413	0.3345	0.2436	0.2436	0.3232	0.3132	0.4202	0.3972	 1.141	 1.126	 | 0.4383 mean
                     	0.5614	0.4561	0.8761	0.9062	0.6231	0.5951	0.8562	0.8427	 1.091	0.9809	 2.751	 2.755	 | 1.514 quantile
                      	  1.57	  1.33	 2.284	 2.721	 1.361	 1.267	 1.978	 2.089	 2.095	 1.488	 5.315	 5.313	 | 5.315 max

train losses    126:	0.2614	0.2676	0.3127	 0.306	0.3066	0.3083	0.3267	0.3208	0.4434	0.4425	 0.592	0.5909	
val losses      126:	0.2011	0.1741	0.3414	0.3342	0.2419	0.2436	0.3233	0.3134	0.4201	0.3973	 1.161	 1.146	 | 0.4414 mean
                     	0.5607	0.4578	0.8762	0.9017	 0.623	0.5958	 0.848	0.8439	 1.107	 0.983	 2.796	 2.811	 | 1.528 quantile
                      	 1.494	 1.314	 2.278	 2.726	 1.456	  1.23	  1.99	 2.062	  2.07	 1.533	 5.343	 5.342	 | 5.343 max

train losses    128:	 0.262	0.2663	 0.312	0.3054	 0.307	0.3098	0.3253	0.3211	0.4412	0.4381	0.6357	0.6336	
val losses      128:	0.1992	0.1726	0.3411	0.3344	0.2424	0.2444	0.3227	0.3131	0.4199	0.3985	 1.169	 1.154	 | 0.4427 mean
                     	0.5527	0.4506	0.8801	 0.905	0.6255	0.5962	 0.852	0.8437	 1.099	0.9884	 2.843	 2.837	 | 1.538 quantile
                      	 1.507	 1.318	 2.277	 2.721	 1.392	 1.221	 1.983	 2.068	 2.053	 1.541	 5.578	  5.61	 | 5.61 max

train losses    130:	0.2599	0.2656	0.3112	0.3033	0.3062	0.3064	0.3249	0.3201	0.4381	0.4403	0.6618	0.6581	
val losses      130:	0.1989	0.1722	0.3409	 0.334	0.2397	0.2413	 0.322	0.3124	0.4197	0.3953	 1.121	  1.11	 | 0.4339 mean
                     	0.5517	 0.451	 0.878	0.9047	0.6204	0.5961	0.8457	 0.834	 1.109	0.9665	  2.73	 2.726	 | 1.482 quantile
                      	 1.548	 1.405	 2.279	 2.728	 1.348	 1.204	 1.966	 2.044	 1.982	 1.524	 5.243	 5.213	 | 5.243 max

train losses    132:	0.2599	0.2649	0.3104	0.3026	0.3041	0.3062	0.3239	0.3189	0.4379	0.4369	0.6291	0.6264	
val losses      132:	0.1984	 0.172	0.3406	0.3334	0.2413	0.2441	0.3208	0.3115	0.4195	0.3944	 1.078	 1.071	 | 0.4271 mean
                     	0.5525	0.4566	0.8775	0.9018	0.6206	0.5942	0.8448	0.8288	 1.108	0.9622	 2.588	 2.614	 | 1.44 quantile
                      	 1.524	 1.224	 2.281	 2.736	 1.344	  1.21	  1.96	 2.034	 1.994	 1.533	 4.964	 4.904	 | 4.964 max

train losses    134:	0.2598	0.2638	0.3095	 0.302	0.3038	0.3075	0.3198	0.3166	0.4338	0.4365	 0.559	0.5589	
val losses      134:	0.1989	0.1725	0.3405	0.3329	0.2405	0.2451	0.3208	0.3116	0.4233	0.3954	 1.074	 1.066	 | 0.4268 mean
                     	0.5478	0.4544	0.8749	0.9037	0.6164	0.5972	 0.855	0.8271	 1.106	0.9544	 2.574	 2.637	 | 1.415 quantile
                      	 1.466	 1.205	  2.25	 2.748	 1.385	 1.239	 1.937	 2.022	 1.898	 1.476	 5.006	 5.033	 | 5.033 max

train losses    136:	0.2582	0.2644	0.3094	0.3007	0.3018	0.3045	0.3203	0.3157	0.4337	0.4356	0.5362	 0.535	
val losses      136:	0.1953	0.1709	  0.34	0.3326	0.2388	0.2425	0.3229	0.3124	0.4216	0.3916	 1.085	 1.078	 | 0.4276 mean
                     	0.5423	0.4466	0.8728	0.9048	0.6134	 0.591	0.8578	0.8385	  1.09	0.9323	 2.658	 2.728	 | 1.41 quantile
                      	 1.451	 1.336	 2.256	  2.76	 1.339	 1.129	 1.941	 2.038	 1.868	 1.505	  5.21	 5.167	 | 5.21 max

train losses    138:	0.2581	0.2637	0.3087	0.3004	0.2994	0.3038	 0.318	0.3133	0.4339	0.4326	0.5305	0.5305	
val losses      138:	0.1966	0.1712	0.3398	0.3325	0.2386	0.2423	0.3219	0.3109	 0.422	0.3935	 1.088	 1.083	 | 0.4284 mean
                     	0.5358	0.4446	0.8689	 0.905	0.6186	0.5886	0.8449	0.8318	 1.093	0.9433	 2.668	 2.756	 | 1.418 quantile
                      	 1.471	 1.284	 2.243	  2.75	 1.401	 1.171	 1.928	 2.005	 1.926	 1.517	 5.205	 5.207	 | 5.207 max

train losses    140:	 0.255	0.2633	0.3063	0.2987	0.2979	0.3014	0.3153	 0.311	0.4308	0.4324	0.5414	0.5433	
val losses      140:	0.1937	0.1709	0.3399	0.3323	0.2393	0.2399	0.3215	0.3103	0.4216	0.3918	 1.087	 1.086	 | 0.4279 mean
                     	0.5355	0.4546	0.8745	0.9036	0.6151	0.5852	0.8442	 0.836	 1.081	0.9393	 2.669	 2.755	 | 1.416 quantile
                      	 1.492	 1.392	 2.251	 2.746	 1.319	 1.162	 1.982	 2.074	 1.934	 1.505	 5.155	  5.17	 | 5.17 max

train losses    142:	0.2544	0.2619	0.3067	0.2984	0.2982	0.2999	 0.315	0.3103	0.4316	0.4267	0.5559	0.5538	
val losses      142:	0.1927	0.1701	  0.34	0.3324	0.2357	0.2375	0.3213	0.3103	  0.42	0.3937	 1.072	 1.069	 | 0.4246 mean
                     	0.5363	0.4523	0.8736	 0.905	0.6144	 0.584	0.8391	0.8323	 1.078	0.9498	 2.639	 2.689	 | 1.403 quantile
                      	 1.471	 1.276	 2.274	 2.749	 1.438	 1.178	  1.99	  2.09	 1.996	 1.551	  5.17	 5.172	 | 5.172 max

train losses    144:	0.2547	0.2615	0.3052	0.2968	0.2953	0.2981	0.3126	0.3083	0.4297	0.4274	0.5592	  0.56	
val losses      144:	0.1924	0.1677	0.3396	0.3322	0.2348	0.2345	0.3217	0.3106	0.4188	0.3913	 1.073	 1.066	 | 0.4236 mean
                     	0.5288	0.4391	0.8752	0.9014	0.6023	0.5866	0.8513	0.8277	 1.079	0.9434	 2.663	 2.666	 | 1.401 quantile
                      	 1.464	 1.273	 2.283	 2.725	 1.407	 1.228	 1.994	 2.084	 1.936	 1.491	 5.172	 5.107	 | 5.172 max

train losses    146:	0.2537	  0.26	 0.305	 0.296	0.2939	0.2993	0.3134	0.3089	0.4305	0.4268	0.5433	0.5445	
val losses      146:	0.1949	0.1694	 0.339	0.3316	0.2366	0.2354	0.3216	0.3107	0.4208	0.3936	 1.083	 1.073	 | 0.4258 mean
                     	0.5411	0.4434	0.8716	0.9014	0.6121	0.5804	0.8493	0.8285	 1.093	0.9571	 2.659	 2.615	 | 1.42 quantile
                      	  1.42	 1.251	 2.266	 2.723	 1.434	 1.283	 1.973	 2.069	 2.008	 1.477	 5.065	 5.037	 | 5.065 max

train losses    148:	0.2523	0.2581	0.3046	0.2964	0.2945	0.2967	0.3117	0.3079	0.4255	 0.425	0.5239	0.5257	
val losses      148:	0.1934	0.1674	0.3385	0.3312	0.2354	0.2346	0.3218	0.3099	0.4194	0.3903	   1.1	 1.089	 | 0.4275 mean
                     	0.5379	0.4419	0.8688	0.9005	0.5993	0.5873	0.8482	0.8335	  1.09	 0.953	 2.669	 2.629	 | 1.437 quantile
                      	 1.446	 1.276	 2.276	 2.744	 1.476	 1.249	 1.929	 2.032	 1.963	 1.488	 5.047	 5.036	 | 5.047 max

train losses    150:	0.2525	0.2585	0.3031	0.2944	 0.294	0.2958	0.3099	0.3053	0.4254	0.4258	0.5034	0.5046	
val losses      150:	0.1944	0.1688	 0.338	 0.331	0.2349	0.2349	0.3211	0.3108	0.4216	0.3941	 1.149	 1.133	 | 0.436 mean
                     	0.5369	 0.447	0.8687	0.9011	0.6065	0.5849	0.8465	0.8334	 1.095	0.9519	 2.727	 2.723	 | 1.506 quantile
                      	 1.454	 1.262	 2.312	  2.74	 1.554	 1.249	 1.967	 2.057	  1.95	 1.526	 5.255	 5.269	 | 5.269 max

train losses    152:	0.2525	0.2598	0.3024	0.2944	0.2908	0.2937	0.3075	0.3035	0.4237	0.4229	0.5105	0.5084	
val losses      152:	 0.194	0.1668	0.3379	0.3307	 0.233	0.2349	0.3221	0.3111	0.4223	0.3902	 1.154	 1.139	 | 0.4363 mean
                     	0.5384	0.4374	0.8679	0.8988	0.6036	0.5794	0.8519	0.8369	 1.091	0.9493	 2.741	  2.74	 | 1.516 quantile
                      	 1.459	 1.335	 2.307	 2.726	 1.529	 1.234	 1.935	 2.044	 1.875	 1.482	 5.154	 5.132	 | 5.154 max

train losses    154:	0.2501	0.2547	0.3015	0.2935	0.2908	 0.293	0.3067	0.3033	0.4235	0.4234	0.5232	0.5195	
val losses      154:	0.1905	0.1653	 0.338	 0.331	0.2318	 0.233	0.3219	0.3102	0.4267	0.3957	 1.164	  1.15	 | 0.4382 mean
                     	0.5279	0.4318	0.8716	0.9008	0.5948	0.5816	0.8497	0.8335	 1.098	0.9591	 2.767	 2.782	 | 1.529 quantile
                      	 1.466	 1.243	 2.307	 2.721	 1.519	 1.243	 1.921	 1.999	 1.861	 1.434	 5.242	 5.253	 | 5.253 max

train losses    156:	0.2495	0.2555	0.3014	0.2929	0.2893	0.2927	0.3066	0.3029	0.4316	0.4265	0.5685	0.5649	
val losses      156:	0.1941	0.1682	0.3383	0.3308	0.2324	0.2315	0.3215	0.3104	0.4242	0.3952	 1.151	 1.141	 | 0.4366 mean
                     	0.5388	0.4407	0.8672	0.9003	0.6009	0.5728	0.8443	0.8217	 1.093	0.9583	 2.782	  2.76	 | 1.506 quantile
                      	 1.441	 1.206	 2.285	 2.761	 1.467	 1.214	 1.908	 1.993	 1.878	 1.463	 5.206	   5.2	 | 5.206 max

train losses    158:	0.2517	0.2551	0.3013	0.2926	0.2912	 0.293	0.3056	0.3022	0.4332	0.4265	0.5964	0.5932	
val losses      158:	0.1908	0.1668	0.3379	0.3304	0.2316	0.2348	0.3198	0.3097	0.4221	0.3909	 1.109	 1.102	 | 0.4288 mean
                     	0.5253	0.4368	0.8655	0.9005	0.6008	0.5742	0.8434	0.8295	 1.085	0.9555	 2.717	 2.697	 | 1.457 quantile
                      	 1.463	 1.303	 2.266	 2.756	 1.361	 1.209	 1.923	 2.004	 1.926	 1.557	 5.076	 5.079	 | 5.079 max

train losses    160:	0.2493	0.2541	0.3005	0.2913	0.2887	0.2906	0.3056	0.3037	0.4283	0.4246	0.5721	0.5702	
val losses      160:	0.1924	0.1642	0.3377	0.3305	0.2323	0.2359	0.3219	0.3116	0.4236	0.3937	  1.07	 1.065	 | 0.4232 mean
                     	0.5303	 0.431	0.8675	0.8993	0.6003	0.5689	0.8501	  0.82	 1.088	0.9596	 2.626	 2.623	 | 1.407 quantile
                      	 1.512	 1.189	 2.271	 2.752	 1.336	 1.224	 1.917	 1.997	 1.952	 1.569	 4.876	 4.881	 | 4.881 max

train losses    162:	0.2485	0.2551	0.2989	0.2904	0.2899	 0.294	0.3054	0.3023	0.4266	0.4253	0.5158	 0.514	
val losses      162:	0.1929	0.1654	 0.337	0.3295	0.2365	0.2398	0.3249	0.3138	0.4273	0.3925	 1.061	 1.058	 | 0.4232 mean
                     	0.5369	 0.434	0.8695	0.8961	0.6101	0.5663	0.8493	0.8314	 1.112	0.9605	  2.62	 2.669	 | 1.391 quantile
                      	 1.462	 1.367	 2.258	 2.762	 1.354	 1.138	  1.83	 1.906	 1.933	 1.503	 4.897	 4.883	 | 4.897 max

train losses    164:	0.2481	0.2577	0.2982	  0.29	0.2915	0.2966	0.3074	0.3027	0.4272	 0.427	 0.491	0.4897	
val losses      164:	0.1911	0.1698	 0.338	0.3298	0.2361	0.2405	0.3305	0.3193	0.4187	0.3882	 1.073	 1.069	 | 0.4253 mean
                     	0.5317	0.4482	0.8688	0.8957	0.6053	0.5828	  0.86	0.8468	 1.078	0.9559	 2.656	 2.685	 | 1.4 quantile
                      	 1.488	 1.362	 2.212	 2.785	 1.397	 1.002	 1.812	 1.886	 1.872	 1.612	 5.094	 5.074	 | 5.094 max

train losses    166:	0.2488	0.2557	0.2983	0.2891	 0.295	0.2984	0.3054	0.3029	0.4294	0.4283	0.4875	0.4866	
val losses      166:	0.1901	0.1693	0.3377	0.3295	0.2374	0.2419	0.3311	0.3197	0.4237	0.3931	 1.075	 1.074	 | 0.4268 mean
                     	0.5267	 0.442	0.8727	0.8964	0.6045	0.5795	0.8674	0.8486	 1.085	0.9694	 2.673	 2.734	 | 1.401 quantile
                      	 1.437	 1.304	 2.236	 2.794	 1.339	  1.05	 1.817	 1.903	 1.942	  1.65	 5.287	 5.284	 | 5.287 max

train losses    168:	0.2491	0.2547	0.2976	0.2882	0.2925	0.2987	0.3061	0.3018	0.4263	0.4275	0.4954	0.4957	
val losses      168:	0.1893	0.1667	0.3366	0.3293	0.2299	 0.233	0.3223	0.3108	 0.423	0.3901	 1.071	  1.07	 | 0.4227 mean
                     	0.5224	0.4458	0.8682	0.8979	0.5889	0.5677	0.8405	0.8253	 1.084	0.9501	 2.648	 2.703	 | 1.4 quantile
                      	 1.416	 1.379	 2.264	 2.759	  1.34	 1.187	 1.946	 2.043	 2.018	 1.574	 5.094	 5.118	 | 5.118 max

train losses    170:	0.2488	0.2557	0.2971	 0.288	0.2906	0.2934	0.3004	0.2972	0.4263	0.4229	0.4919	0.4914	
val losses      170:	0.1839	0.1628	0.3358	0.3287	0.2278	  0.23	0.3219	0.3105	0.4195	0.3861	 1.078	 1.071	 | 0.4213 mean
                     	0.5079	0.4279	0.8663	0.8967	0.5773	0.5578	0.8488	 0.829	 1.063	0.9519	 2.651	 2.641	 | 1.407 quantile
                      	  1.36	 1.304	 2.258	 2.754	  1.48	 1.177	 1.941	 2.041	 1.988	 1.569	 5.073	 5.047	 | 5.073 max

train losses    172:	0.2474	0.2525	0.2968	0.2872	0.2861	0.2922	0.3006	0.2983	0.4212	0.4183	0.4759	0.4757	
val losses      172:	0.1875	0.1653	0.3364	0.3286	0.2304	0.2294	 0.321	0.3086	0.4213	0.3891	 1.083	 1.075	 | 0.423 mean
                     	0.5211	0.4317	0.8684	0.8969	0.5868	0.5684	0.8422	 0.833	  1.09	0.9389	 2.658	 2.623	 | 1.422 quantile
                      	 1.393	 1.288	 2.297	 2.764	 1.308	 1.204	 1.963	 2.058	 1.905	 1.587	 4.944	 4.932	 | 4.944 max

train losses    174:	0.2463	0.2516	0.2956	0.2864	0.2858	0.2884	0.2981	0.2953	0.4166	0.4168	  0.47	0.4707	
val losses      174:	0.1865	0.1636	0.3361	0.3286	0.2309	0.2299	0.3229	0.3098	0.4248	0.3909	  1.09	  1.08	 | 0.4245 mean
                     	0.5175	0.4284	0.8609	0.8961	0.5868	0.5709	0.8537	0.8216	 1.095	0.9355	 2.644	  2.61	 | 1.437 quantile
                      	 1.438	 1.333	 2.289	 2.756	 1.398	 1.207	 1.954	 2.042	 1.804	 1.622	 4.882	 4.831	 | 4.882 max

train losses    176:	0.2449	0.2491	0.2954	0.2851	0.2868	0.2889	0.2945	0.2908	0.4151	0.4136	0.4694	0.4685	
val losses      176:	0.1852	0.1615	0.3358	 0.328	0.2272	0.2286	0.3218	0.3094	0.4297	0.3972	 1.101	 1.092	 | 0.4265 mean
                     	0.5138	0.4259	0.8605	0.8946	0.5783	 0.565	0.8583	0.8305	 1.087	0.9501	 2.662	 2.633	 | 1.456 quantile
                      	 1.437	 1.311	 2.321	 2.746	 1.484	 1.164	 1.979	 2.079	 1.825	 1.651	 4.876	 4.837	 | 4.876 max

train losses    178:	0.2441	0.2495	0.2938	0.2851	0.2847	 0.287	0.2954	0.2928	0.4131	0.4142	0.4667	0.4664	
val losses      178:	  0.19	0.1638	 0.335	 0.328	0.2301	0.2307	0.3213	0.3091	0.4368	0.4041	 1.085	 1.078	 | 0.426 mean
                     	0.5215	 0.429	0.8659	0.8938	0.5946	0.5722	0.8476	0.8335	 1.105	0.9561	 2.648	 2.617	 | 1.434 quantile
                      	 1.465	 1.295	 2.351	 2.738	 1.408	 1.243	 2.008	 2.091	 1.793	 1.546	 4.948	 4.945	 | 4.948 max

train losses    180:	0.2444	 0.248	0.2943	0.2845	0.2839	 0.286	0.2935	0.2908	 0.412	 0.416	0.4705	0.4687	
val losses      180:	0.1861	0.1606	0.3348	0.3276	0.2288	0.2277	0.3209	0.3091	0.4247	0.3911	  1.09	 1.083	 | 0.4237 mean
                     	0.5195	0.4246	0.8598	0.8942	0.5875	0.5591	 0.847	0.8338	 1.083	0.9325	 2.675	 2.629	 | 1.438 quantile
                      	 1.398	  1.28	 2.298	  2.75	 1.411	 1.219	 2.023	 2.107	 1.816	 1.445	 4.999	 5.003	 | 5.003 max

train losses    182:	0.2422	0.2471	0.2934	0.2833	0.2821	0.2835	0.2936	0.2911	0.4137	0.4143	0.4774	0.4734	
val losses      182:	0.1866	0.1589	0.3351	0.3276	0.2257	0.2294	0.3204	0.3079	0.4184	0.3859	 1.098	 1.091	 | 0.4237 mean
                     	0.5122	0.4126	0.8631	0.8994	 0.582	0.5576	0.8475	0.8321	 1.047	0.9426	 2.727	  2.67	 | 1.441 quantile
                      	 1.441	 1.263	 2.322	 2.738	 1.356	 1.143	 2.019	 2.093	 2.059	  1.58	 4.999	 5.008	 | 5.008 max

train losses    184:	0.2423	0.2467	0.2916	0.2822	0.2793	0.2826	0.2925	0.2905	0.4133	0.4122	0.4856	0.4815	
val losses      184:	0.1834	0.1585	0.3348	0.3267	0.2251	0.2287	0.3205	0.3075	0.4183	0.3832	 1.086	 1.083	 | 0.4213 mean
                     	0.5082	0.4131	0.8588	0.8969	0.5825	0.5502	0.8441	0.8246	 1.056	0.9269	 2.717	 2.661	 | 1.41 quantile
                      	 1.377	 1.292	 2.307	 2.768	  1.33	 1.136	 1.989	 2.062	 1.962	 1.504	 5.107	 5.118	 | 5.118 max

train losses    186:	0.2406	0.2464	 0.292	0.2823	0.2795	 0.282	0.2903	0.2882	0.4218	0.4181	0.4852	0.4801	
val losses      186:	0.1835	0.1593	0.3343	0.3264	0.2288	0.2333	0.3205	0.3078	0.4212	0.3822	 1.084	 1.082	 | 0.4219 mean
                     	0.5012	0.4199	 0.864	0.8919	0.5891	0.5615	0.8459	 0.822	 1.074	0.9131	 2.691	 2.682	 | 1.401 quantile
                      	 1.395	 1.325	   2.3	 2.749	 1.298	 1.068	 1.936	 2.008	 1.833	 1.469	 5.286	 5.316	 | 5.316 max

train losses    188:	0.2401	0.2468	0.2907	0.2813	0.2796	0.2808	0.2902	0.2884	0.4248	0.4237	0.4861	 0.483	
val losses      188:	0.1849	0.1611	0.3349	0.3263	0.2385	0.2444	  0.32	0.3079	0.4191	0.3821	 1.081	 1.077	 | 0.4231 mean
                     	0.5072	0.4231	0.8666	0.8906	0.6029	0.5849	0.8362	0.8201	 1.048	0.9438	 2.693	 2.666	 | 1.4 quantile
                      	  1.38	 1.295	 2.256	 2.758	  1.39	 1.018	 1.962	  2.04	 2.001	 1.492	 5.246	 5.239	 | 5.246 max

train losses    190:	0.2412	0.2474	0.2914	0.2815	0.2846	0.2863	0.2902	0.2876	0.4255	0.4218	 0.483	0.4809	
val losses      190:	0.1845	0.1592	0.3343	0.3265	0.2325	0.2378	0.3195	0.3072	0.4216	0.3901	 1.081	 1.078	 | 0.4227 mean
                     	 0.501	0.4109	0.8643	0.8946	0.5964	0.5711	0.8393	0.8287	 1.055	0.9612	 2.702	 2.682	 | 1.408 quantile
                      	 1.373	 1.234	 2.301	 2.766	 1.382	 1.008	 1.992	 2.094	 2.107	 1.587	  5.12	 5.189	 | 5.189 max

train losses    192:	 0.242	0.2471	0.2905	0.2803	0.2823	0.2861	0.2912	0.2882	0.4149	0.4134	0.4825	0.4802	
val losses      192:	 0.183	0.1592	0.3337	0.3262	0.2246	 0.227	  0.32	0.3078	0.4185	0.3871	 1.081	 1.081	 | 0.4207 mean
                     	 0.502	0.4082	0.8623	0.8917	0.5801	 0.546	0.8446	0.8362	 1.062	0.9376	 2.683	 2.684	 | 1.409 quantile
                      	 1.374	 1.328	 2.298	 2.761	 1.292	 1.137	 1.961	  2.07	 1.917	 1.566	 5.115	 5.144	 | 5.144 max

train losses    194:	 0.244	0.2488	0.2908	0.2805	0.2787	0.2841	0.2914	0.2883	0.4095	0.4105	0.4804	0.4804	
val losses      194:	0.1854	0.1592	0.3343	0.3269	0.2291	0.2302	0.3252	 0.312	0.4228	0.3901	  1.07	  1.07	 | 0.4213 mean
                     	0.5138	0.4173	0.8623	0.8943	0.5954	0.5574	0.8651	0.8517	 1.068	0.9486	 2.649	 2.658	 | 1.398 quantile
                      	 1.357	 1.193	 2.334	 2.731	 1.391	 1.222	 2.031	 2.123	 1.914	 1.615	 5.003	 5.039	 | 5.039 max

train losses    196:	0.2447	0.2499	0.2892	0.2796	0.2763	0.2804	0.2902	0.2894	 0.409	0.4095	0.4786	0.4792	
val losses      196:	0.1984	0.1672	0.3338	0.3272	0.2311	0.2297	 0.325	0.3127	0.4294	 0.394	 1.072	 1.067	 | 0.4239 mean
                     	0.5478	 0.442	 0.858	0.8919	0.6032	0.5579	0.8639	0.8459	 1.072	0.9683	 2.612	 2.619	 | 1.415 quantile
                      	 1.424	  1.14	 2.364	 2.747	 1.373	 1.259	 2.005	 2.104	 2.173	 1.717	 4.914	 4.948	 | 4.948 max

train losses    198:	 0.244	0.2496	0.2891	0.2793	0.2791	0.2823	0.2898	0.2869	0.4058	0.4105	0.4714	0.4685	
val losses      198:	0.1952	0.1696	0.3342	0.3268	  0.24	0.2394	0.3225	0.3097	0.4256	0.3949	 1.064	  1.06	 | 0.4235 mean
                     	0.5389	0.4476	0.8569	0.8909	0.6203	0.5785	0.8527	0.8408	 1.078	0.9713	 2.622	 2.627	 | 1.4 quantile
                      	 1.346	 1.176	 2.336	 2.753	 1.513	  1.33	 2.015	 2.091	 1.963	 1.741	 4.833	 4.866	 | 4.866 max

train losses    200:	0.2456	0.2476	0.2881	0.2782	  0.28	0.2845	0.2852	0.2825	0.4084	0.4089	0.4733	0.4735	
val losses      200:	 0.189	0.1668	0.3338	0.3263	0.2335	0.2327	0.3226	0.3096	0.4199	0.3895	 1.051	  1.05	 | 0.4187 mean
                     	0.5268	0.4431	0.8589	0.8905	0.5998	0.5614	0.8608	0.8475	 1.061	0.9488	  2.59	 2.607	 | 1.374 quantile
                      	 1.399	 1.146	  2.33	 2.767	 1.594	 1.247	 1.978	 2.104	 1.873	 1.632	 4.831	 4.844	 | 4.844 max

train losses    202:	0.2428	0.2468	0.2879	0.2781	0.2791	0.2825	0.2848	0.2821	0.4099	0.4106	 0.472	0.4704	
val losses      202:	0.1903	0.1658	0.3328	0.3256	0.2297	0.2277	0.3205	0.3079	0.4177	0.3915	 1.054	 1.049	 | 0.4177 mean
                     	0.5196	0.4378	0.8589	0.8922	0.5929	0.5566	0.8509	0.8386	 1.062	0.9629	 2.543	 2.554	 | 1.395 quantile
                      	 1.415	 1.235	 2.341	 2.726	  1.39	 1.229	  1.96	 2.104	 2.061	 1.723	 4.571	 4.609	 | 4.609 max

train losses    204:	0.2412	0.2442	0.2872	 0.277	0.2804	0.2831	0.2846	0.2815	0.4201	0.4165	0.4663	 0.466	
val losses      204:	0.1851	0.1626	0.3325	0.3245	0.2309	0.2309	0.3191	0.3067	0.4317	0.3986	 1.051	 1.047	 | 0.4184 mean
                     	0.5094	0.4294	0.8582	0.8907	0.5909	0.5593	0.8335	0.8186	 1.106	0.9648	 2.551	 2.555	 | 1.39 quantile
                      	 1.429	 1.282	 2.288	 2.754	 1.338	 1.221	 1.914	 2.067	 1.831	 1.589	 4.642	 4.685	 | 4.685 max

train losses    206:	0.2407	0.2441	0.2864	0.2757	0.2847	0.2872	0.2825	0.2803	0.4114	0.4093	0.4662	0.4674	
val losses      206:	0.1817	0.1601	0.3328	0.3245	0.2267	 0.232	0.3195	0.3071	0.4243	0.3886	 1.048	 1.044	 | 0.4157 mean
                     	0.4967	0.4189	0.8611	0.8852	0.5882	0.5557	0.8328	 0.815	 1.083	0.9259	 2.544	  2.56	 | 1.383 quantile
                      	 1.338	 1.294	 2.277	 2.732	  1.33	 1.105	 1.888	  2.03	 1.727	 1.422	 4.585	 4.654	 | 4.654 max

train losses    208:	0.2402	0.2441	0.2866	0.2761	0.2801	0.2822	0.2815	0.2791	0.4009	0.4006	0.4706	0.4709	
val losses      208:	0.1851	0.1595	0.3327	0.3244	0.2432	0.2524	0.3205	  0.31	 0.418	0.3837	 1.061	 1.056	 | 0.4205 mean
                     	0.5063	0.4282	0.8588	0.8866	0.6195	0.5925	0.8396	0.8234	 1.049	0.9371	  2.52	 2.506	 | 1.405 quantile
                      	 1.355	 1.351	 2.228	 2.762	  1.39	0.9939	 1.866	 1.963	 1.994	 1.569	 4.496	 4.583	 | 4.583 max

train losses    210:	0.2397	0.2431	0.2859	0.2745	0.2833	0.2887	  0.28	0.2773	0.4102	0.4121	0.4554	0.4547	
val losses      210:	0.1853	  0.16	0.3328	0.3249	0.2315	0.2366	0.3192	0.3086	0.4459	0.4063	 1.049	 1.046	 | 0.4205 mean
                     	   0.5	0.4194	0.8664	0.8893	0.5996	 0.561	0.8332	0.8128	 1.133	0.9599	  2.58	 2.578	 | 1.388 quantile
                      	 1.347	 1.352	 2.235	 2.769	 1.369	0.9879	 1.853	 1.963	 1.774	 1.478	 4.755	 4.762	 | 4.762 max

train losses    212:	0.2386	0.2447	0.2855	0.2748	0.2892	0.2919	0.2806	0.2773	0.4135	0.4144	0.4537	0.4515	
val losses      212:	 0.183	0.1572	0.3325	0.3246	0.2251	0.2289	 0.318	0.3062	0.4312	 0.396	 1.045	 1.043	 | 0.4159 mean
                     	 0.505	0.4082	0.8571	0.8883	0.5835	0.5487	0.8304	0.8081	 1.101	0.9458	 2.563	 2.551	 | 1.378 quantile
                      	 1.325	 1.324	 2.285	  2.78	  1.42	 1.018	 1.828	 1.951	 1.764	 1.526	 4.541	 4.568	 | 4.568 max

train losses    214:	0.2391	0.2446	0.2837	0.2737	0.2844	0.2901	0.2798	 0.276	0.3985	0.4019	0.4685	0.4682	
val losses      214:	0.1839	0.1572	0.3316	0.3242	0.2268	0.2317	  0.32	0.3078	0.4195	0.3832	 1.085	 1.079	 | 0.4209 mean
                     	0.5042	0.4062	0.8553	0.8865	0.5763	0.5674	 0.838	0.8159	 1.047	0.9531	 2.541	 2.519	 | 1.433 quantile
                      	 1.377	  1.25	 2.268	 2.729	 1.455	0.9554	 1.914	 2.028	 2.085	 1.639	 4.491	 4.504	 | 4.504 max

train losses    216:	0.2377	0.2413	0.2843	0.2735	0.2826	 0.285	0.2792	0.2774	0.4076	0.4123	0.4507	0.4506	
val losses      216:	0.1849	0.1623	0.3313	0.3246	0.2292	0.2261	  0.32	0.3083	0.4575	0.4363	 1.048	 1.048	 | 0.4231 mean
                     	0.5075	0.4176	0.8527	0.8863	0.5989	0.5481	0.8341	0.8318	 1.171	 1.032	 2.584	 2.628	 | 1.39 quantile
                      	  1.29	 1.312	  2.33	 2.733	 1.415	 1.276	 1.908	 2.054	 1.847	 1.575	 4.883	 4.838	 | 4.883 max

train losses    218:	0.2394	0.2431	0.2832	0.2735	0.2721	 0.274	0.2785	0.2766	0.4185	0.4283	0.4487	0.4483	
val losses      218:	0.1841	0.1595	0.3317	0.3244	0.2261	0.2253	0.3237	0.3118	0.4181	0.3812	 1.048	 1.046	 | 0.4149 mean
                     	0.5022	0.4147	0.8536	0.8881	0.5699	0.5526	0.8547	0.8483	 1.069	0.9288	 2.592	  2.59	 | 1.377 quantile
                      	 1.426	 1.196	 2.368	 2.729	 1.544	 1.188	 1.982	 2.132	 1.837	 1.489	 4.581	 4.644	 | 4.644 max

train losses    220:	 0.236	0.2401	0.2833	0.2731	0.2726	0.2765	 0.282	0.2802	0.4093	0.4101	0.4497	0.4498	
val losses      220:	0.1863	0.1573	0.3309	0.3243	0.2243	 0.229	0.3248	0.3131	0.4358	0.4149	 1.076	  1.07	 | 0.4239 mean
                     	0.5107	0.4093	 0.854	0.8871	0.5776	0.5538	0.8641	0.8487	 1.102	 1.047	 2.544	 2.531	 | 1.44 quantile
                      	 1.389	 1.231	 2.338	  2.74	 1.404	0.9733	 1.966	 2.095	 2.279	 1.842	 4.425	 4.402	 | 4.425 max

train losses    222:	0.2381	0.2404	0.2831	0.2735	0.2728	 0.273	 0.284	0.2837	0.4148	0.4158	0.4383	0.4359	
val losses      222:	0.1808	0.1561	0.3314	0.3243	 0.225	0.2252	0.3195	0.3073	0.4453	0.4205	 1.049	  1.05	 | 0.4196 mean
                     	0.4971	0.4035	0.8494	0.8816	0.5745	0.5424	0.8402	0.8268	 1.147	 1.003	 2.606	 2.648	 | 1.39 quantile
                      	 1.299	 1.083	  2.35	 2.722	 1.465	  1.22	 1.898	 2.035	 1.725	 1.582	 4.729	 4.774	 | 4.774 max

train losses    224:	0.2364	0.2405	0.2829	0.2726	0.2696	0.2715	0.2807	0.2807	0.4099	0.4135	0.4595	0.4593	
val losses      224:	0.1795	0.1549	0.3311	 0.324	0.2215	0.2239	0.3191	0.3078	0.4372	0.4072	 1.034	 1.036	 | 0.4146 mean
                     	0.4925	0.4025	0.8534	0.8851	0.5621	0.5448	0.8372	0.8211	 1.118	0.9648	 2.526	 2.601	 | 1.377 quantile
                      	 1.302	 1.164	 2.287	 2.747	 1.471	 1.129	 1.868	 1.991	 1.701	 1.487	 4.435	 4.487	 | 4.487 max

train losses    226:	0.2352	0.2395	0.2821	0.2709	0.2687	 0.269	0.2813	0.2804	0.3954	0.3965	0.4669	0.4666	
val losses      226:	0.1831	0.1565	 0.331	0.3235	0.2314	 0.236	0.3232	0.3108	0.4205	0.3983	 1.082	 1.078	 | 0.4228 mean
                     	 0.501	0.4119	0.8493	0.8848	 0.591	  0.56	0.8463	0.8358	 1.058	 1.022	 2.493	 2.502	 | 1.441 quantile
                      	 1.317	 1.234	  2.33	 2.739	 1.396	0.9734	 1.923	 2.027	 2.196	 1.748	 4.254	 4.238	 | 4.254 max

train losses    228:	0.2335	0.2384	0.2815	0.2712	0.2697	0.2724	 0.281	0.2804	0.4002	0.4021	  0.45	0.4494	
val losses      228:	0.1811	0.1551	0.3316	0.3242	0.2231	0.2296	0.3205	0.3082	0.4215	0.3885	 1.041	 1.039	 | 0.4136 mean
                     	0.4951	 0.405	0.8556	0.8811	0.5791	 0.553	0.8265	0.8189	 1.082	0.9552	 2.549	 2.566	 | 1.38 quantile
                      	 1.298	 1.341	 2.259	 2.724	 1.465	 1.003	 1.855	 1.994	 1.826	 1.646	 4.506	 4.533	 | 4.533 max

train losses    230:	0.2341	0.2364	0.2807	0.2697	0.2678	0.2733	0.2767	0.2744	0.4016	0.4024	0.4557	0.4533	
val losses      230:	0.1807	0.1567	0.3315	0.3235	0.2207	0.2271	0.3234	0.3102	0.4493	0.4253	 1.049	 1.054	 | 0.4209 mean
                     	0.4881	0.4131	0.8634	0.8873	 0.576	0.5441	0.8391	0.8275	 1.171	0.9986	 2.583	 2.666	 | 1.4 quantile
                      	  1.27	 1.206	 2.255	 2.716	 1.341	 1.048	  1.82	 1.917	 1.848	 1.552	 4.571	 4.595	 | 4.595 max

train losses    232:	0.2353	0.2387	0.2794	0.2687	0.2712	0.2732	 0.278	0.2755	0.3981	0.4036	0.5012	0.5017	
val losses      232:	0.1823	0.1566	 0.331	0.3235	0.2304	0.2357	0.3215	0.3088	0.4189	0.3836	 1.034	 1.034	 | 0.4133 mean
                     	0.5016	0.4165	0.8543	0.8835	0.5834	0.5573	0.8395	0.8242	 1.062	 0.958	 2.437	 2.483	 | 1.383 quantile
                      	 1.277	 1.194	 2.271	 2.719	 1.417	0.9658	 1.893	 2.012	 2.015	 1.577	 4.217	 4.233	 | 4.233 max

train losses    234:	0.2361	0.2388	 0.281	0.2707	0.2758	0.2802	0.2752	0.2749	0.3977	0.3994	0.4975	0.4984	
val losses      234:	0.1827	0.1539	0.3309	 0.324	0.2207	0.2233	0.3207	 0.308	 0.419	0.3838	  1.04	 1.039	 | 0.4122 mean
                     	0.4939	0.4039	0.8502	0.8815	0.5656	0.5381	0.8464	0.8299	 1.069	0.9593	 2.489	  2.48	 | 1.393 quantile
                      	 1.284	 1.292	 2.284	 2.699	 1.432	 1.034	 1.914	 2.033	 1.968	 1.661	 4.192	 4.204	 | 4.204 max

train losses    236:	0.2356	0.2403	0.2795	0.2687	0.2749	0.2783	0.2746	0.2733	0.4025	0.3982	 0.483	0.4824	
val losses      236:	0.1804	0.1577	 0.331	0.3248	0.2468	0.2453	0.3264	0.3153	0.4481	0.4186	 1.037	 1.035	 | 0.4222 mean
                     	0.4914	0.4086	0.8551	0.8888	0.6348	0.5973	0.8548	 0.838	 1.151	0.9811	 2.521	 2.544	 | 1.381 quantile
                      	 1.285	  1.18	 2.347	  2.68	 1.466	 1.349	 2.013	 2.142	 1.805	 1.484	 4.402	 4.406	 | 4.406 max

train losses    238:	0.2373	0.2413	  0.28	0.2702	0.2806	0.2865	0.2802	0.2782	0.4056	0.4035	0.4707	0.4698	
val losses      238:	0.1944	0.1659	0.3313	0.3252	0.2479	0.2408	0.3293	0.3163	0.4312	0.3966	 1.062	 1.056	 | 0.4248 mean
                     	0.5205	0.4281	0.8541	0.8846	0.6326	 0.588	0.8619	0.8573	 1.112	0.9716	 2.522	  2.52	 | 1.416 quantile
                      	 1.382	 1.208	 2.388	 2.684	 1.487	 1.273	 2.027	  2.14	  1.81	 1.494	 4.358	 4.361	 | 4.361 max

train losses    240:	0.2386	0.2505	0.2804	0.2704	0.2881	0.2973	0.2922	0.2914	 0.398	0.3966	0.4616	 0.463	
val losses      240:	0.1919	0.1631	0.3305	0.3238	0.2425	0.2391	0.3287	0.3157	0.4196	0.3826	 1.107	 1.098	 | 0.4285 mean
                     	0.5152	0.4258	0.8556	0.8816	0.6296	0.5799	 0.867	0.8589	 1.064	0.9498	 2.603	 2.598	 | 1.461 quantile
                      	  1.37	 1.224	 2.376	 2.695	 1.554	 1.271	 2.027	  2.17	 1.937	 1.495	 4.479	 4.516	 | 4.516 max

train losses    242:	0.2424	0.2496	0.2807	0.2703	 0.288	0.2976	0.2867	0.2863	0.3937	 0.395	0.4403	0.4427	
val losses      242:	0.1801	0.1583	0.3309	0.3235	0.2432	0.2418	0.3229	0.3104	0.4396	 0.413	 1.062	 1.057	 | 0.4235 mean
                     	0.4972	0.4093	0.8485	0.8831	0.6324	0.5792	0.8488	0.8303	 1.121	0.9665	 2.608	 2.568	 | 1.407 quantile
                      	 1.247	 1.122	 2.344	 2.719	 1.537	 1.268	 1.922	  2.05	 1.807	  1.51	  4.66	 4.664	 | 4.664 max

train losses    244:	0.2456	0.2498	0.2802	 0.269	0.2924	0.3021	0.2803	0.2797	0.4094	0.4122	0.4219	0.4204	
val losses      244:	0.1819	0.1572	0.3311	0.3248	0.2398	0.2385	0.3208	0.3079	 0.432	0.3931	 1.056	 1.052	 | 0.4196 mean
                     	0.4976	0.4067	0.8528	 0.889	0.6257	0.5706	 0.843	0.8239	 1.112	0.9582	 2.607	 2.594	 | 1.388 quantile
                      	 1.299	 1.179	 2.369	 2.708	 1.513	 1.234	 1.958	 2.054	 1.838	 1.524	 4.852	 4.833	 | 4.852 max

train losses    246:	0.2406	0.2431	0.2793	0.2684	0.2846	  0.29	0.2774	0.2769	0.4142	0.4122	0.4249	0.4235	
val losses      246:	0.1866	0.1595	0.3337	0.3249	0.2263	0.2306	0.3205	 0.309	0.4287	0.3945	 1.055	 1.053	 | 0.4185 mean
                     	 0.516	0.4184	0.8587	0.8809	0.5852	 0.552	0.8421	0.8189	 1.066	0.9597	   2.6	 2.604	 | 1.384 quantile
                      	 1.385	 1.093	  2.27	 2.768	 1.372	 1.159	 1.899	 1.997	 1.895	 1.625	 4.839	 4.914	 | 4.914 max

train losses    248:	 0.237	0.2405	0.2798	 0.268	0.2729	0.2767	0.2746	 0.274	0.4177	0.4156	0.4294	0.4289	
val losses      248:	0.1861	0.1589	0.3305	0.3227	0.2251	0.2262	0.3185	0.3064	0.4278	0.3888	  1.05	  1.05	 | 0.4159 mean
                     	 0.512	 0.418	0.8521	0.8795	0.5784	 0.541	0.8397	0.8275	 1.067	0.9557	  2.59	 2.628	 | 1.375 quantile
                      	 1.338	 1.108	 2.351	 2.736	 1.447	 1.087	 1.905	 2.051	 1.814	 1.504	 4.881	 4.901	 | 4.901 max

train losses    250:	0.2346	0.2371	0.2773	0.2673	0.2662	0.2682	0.2727	0.2721	0.4159	0.4181	0.4254	0.4229	
val losses      250:	0.1838	0.1585	0.3295	0.3224	0.2246	0.2273	0.3171	0.3054	0.4262	0.3961	 1.046	 1.046	 | 0.4152 mean
                     	0.4979	 0.416	0.8531	0.8871	0.5715	0.5473	0.8332	0.8163	 1.076	0.9787	 2.569	 2.603	 | 1.376 quantile
                      	 1.379	 1.158	 2.373	  2.76	 1.578	 1.107	 1.951	   2.1	 1.827	 1.521	 4.891	   4.9	 | 4.9 max

train losses    252:	0.2321	0.2363	0.2772	 0.267	0.2674	0.2704	0.2703	 0.269	0.4184	0.4181	0.4243	 0.424	
val losses      252:	0.1804	 0.154	0.3297	0.3228	0.2241	0.2235	0.3179	0.3061	0.4239	  0.39	  1.04	 1.038	 | 0.4126 mean
                     	0.4887	0.4004	0.8538	0.8812	0.5773	0.5482	0.8445	0.8155	 1.068	0.9726	 2.556	 2.596	 | 1.378 quantile
                      	 1.308	 1.114	  2.34	 2.727	 1.454	  1.11	 1.944	  2.07	 1.877	 1.551	  4.69	  4.71	 | 4.71 max

train losses    254:	0.2321	0.2354	0.2773	 0.266	0.2656	0.2676	0.2701	0.2695	0.4127	0.4164	0.4224	0.4207	
val losses      254:	0.1766	0.1531	0.3293	0.3216	0.2204	0.2205	0.3193	0.3074	0.4223	0.3883	 1.037	 1.036	 | 0.411 mean
                     	0.4779	0.3971	0.8534	0.8843	0.5603	0.5317	0.8344	0.8156	 1.058	0.9693	 2.528	 2.582	 | 1.367 quantile
                      	 1.277	 1.154	 2.312	 2.738	 1.514	 1.079	 1.849	 1.985	 1.926	 1.521	 4.633	 4.647	 | 4.647 max

train losses    256:	 0.234	0.2369	0.2748	0.2644	0.2635	 0.264	0.2697	0.2677	0.4036	0.4089	0.4235	0.4229	
val losses      256:	0.1795	0.1548	0.3303	0.3221	0.2187	0.2213	0.3204	0.3084	0.4172	0.3843	 1.033	 1.031	 | 0.4101 mean
                     	0.4914	0.4006	0.8563	0.8856	0.5679	0.5299	0.8334	0.8126	 1.056	0.9572	 2.514	 2.566	 | 1.365 quantile
                      	 1.272	  1.22	 2.297	 2.721	 1.405	 1.035	 1.824	 1.939	 1.962	 1.473	 4.568	 4.576	 | 4.576 max

train losses    258:	0.2319	0.2366	0.2753	0.2643	0.2629	0.2631	0.2663	0.2649	0.3937	0.3988	0.4272	0.4269	
val losses      258:	0.1784	0.1525	0.3296	0.3217	0.2236	0.2219	 0.319	0.3069	0.4247	0.3903	 1.034	 1.033	 | 0.4113 mean
                     	0.4864	0.3988	 0.854	0.8837	 0.578	0.5442	0.8304	0.8003	 1.093	0.9431	 2.507	 2.584	 | 1.372 quantile
                      	 1.232	 1.152	 2.327	 2.715	 1.516	 1.065	 1.854	 1.953	 1.811	 1.505	  4.36	 4.364	 | 4.364 max

train losses    260:	0.2313	0.2341	0.2746	0.2641	0.2644	0.2654	0.2651	0.2636	 0.387	0.3951	0.4392	0.4382	
val losses      260:	0.1786	0.1525	0.3293	0.3213	0.2215	0.2219	0.3204	 0.308	0.4167	 0.382	 1.027	 1.027	 | 0.4088 mean
                     	0.4903	0.3973	0.8535	0.8844	0.5688	0.5349	0.8331	 0.807	 1.048	0.9381	 2.462	 2.516	 | 1.361 quantile
                      	 1.282	 1.168	 2.344	  2.72	 1.507	 1.039	  1.78	 1.926	 1.787	 1.494	 4.232	 4.263	 | 4.263 max

train losses    262:	0.2293	0.2333	0.2743	 0.263	0.2649	0.2666	 0.267	0.2648	 0.388	0.3959	0.4458	0.4455	
val losses      262:	0.1798	0.1558	0.3292	0.3215	0.2196	0.2219	0.3209	0.3086	0.4169	0.3844	 1.029	 1.028	 | 0.4096 mean
                     	0.4926	0.4103	0.8511	 0.882	0.5671	0.5347	0.8318	0.8131	 1.062	 0.944	 2.433	 2.487	 | 1.373 quantile
                      	 1.288	 1.252	   2.3	 2.711	 1.406	 1.075	 1.828	 1.942	 1.834	 1.495	 4.226	 4.279	 | 4.279 max

train losses    264:	0.2304	0.2353	 0.274	0.2625	0.2666	0.2681	0.2683	0.2654	0.3956	0.4002	0.4519	0.4502	
val losses      264:	0.1768	0.1516	0.3301	0.3218	0.2182	0.2199	0.3233	 0.311	0.4221	0.3922	 1.027	  1.03	 | 0.4103 mean
                     	0.4814	0.3996	0.8532	0.8815	0.5611	0.5376	0.8272	 0.815	 1.079	0.9536	 2.494	 2.593	 | 1.36 quantile
                      	 1.278	 1.169	 2.258	 2.704	 1.434	 1.084	 1.791	 1.906	  1.73	 1.492	 4.409	  4.41	 | 4.41 max

train losses    266:	0.2314	 0.235	0.2748	0.2642	0.2677	0.2696	0.2709	0.2705	0.4029	0.4152	0.4921	0.4915	
val losses      266:	  0.18	0.1528	0.3283	 0.321	0.2182	0.2208	0.3192	0.3071	0.4248	 0.392	 1.025	 1.026	 | 0.4096 mean
                     	0.4857	 0.399	0.8479	0.8771	0.5585	0.5305	0.8313	 0.815	 1.088	0.9762	 2.394	 2.451	 | 1.369 quantile
                      	 1.275	 1.088	 2.324	 2.714	 1.402	 1.088	 1.821	  1.95	 1.893	 1.487	 4.407	 4.372	 | 4.407 max

train losses    268:	0.2337	0.2379	0.2741	0.2638	0.2653	0.2677	0.2702	0.2692	0.4063	0.4173	0.5166	0.5151	
val losses      268:	0.1778	0.1538	 0.329	0.3215	0.2201	0.2238	0.3221	0.3121	0.4145	0.3828	 1.037	 1.037	 | 0.4109 mean
                     	0.4864	0.3953	 0.848	0.8803	0.5745	0.5347	 0.838	0.8092	 1.049	0.9485	 2.463	 2.459	 | 1.379 quantile
                      	 1.213	 1.064	 2.261	 2.708	 1.447	0.9961	 1.853	 1.985	 1.922	 1.417	 4.218	 4.195	 | 4.218 max

train losses    270:	0.2346	0.2409	 0.277	0.2658	0.2689	0.2718	0.2702	  0.27	0.4229	0.4201	0.5459	0.5445	
val losses      270:	0.1795	0.1552	0.3289	0.3218	0.2202	0.2227	0.3232	0.3127	0.4168	0.3905	 1.077	 1.073	 | 0.4184 mean
                     	0.4913	0.4086	0.8566	0.8775	0.5636	0.5335	0.8504	0.8285	 1.043	 0.999	 2.518	 2.519	 | 1.432 quantile
                      	 1.263	 1.171	 2.308	 2.693	 1.472	 1.015	 1.948	 2.078	 1.982	 1.541	 4.244	 4.268	 | 4.268 max

train losses    272:	0.2728	0.2772	0.3017	0.2928	0.3243	0.3196	0.2888	0.2886	0.5354	 0.509	0.7489	0.7523	
val losses      272:	0.1925	0.1725	0.3341	0.3272	0.2621	0.2631	 0.339	0.3288	0.4441	0.4049	 1.043	 1.049	 | 0.43 mean
                     	0.5154	0.4407	0.8586	0.8819	0.6674	0.6231	0.8816	0.8655	 1.079	 1.009	 2.657	 2.727	 | 1.383 quantile
                      	 1.311	 1.336	 2.223	 2.698	 1.438	  1.41	 1.786	 1.923	  1.73	 1.779	  4.56	 4.534	 | 4.56 max

train losses    274:	0.3101	0.3538	0.3147	0.3044	0.4031	0.4181	0.3663	0.3643	0.6773	 0.681	  1.25	 1.228	
val losses      274:	0.1997	0.3068	0.4091	 0.403	 0.278	0.2917	0.3595	0.3518	0.4958	0.4719	 1.436	 1.413	 | 0.5347 mean
                     	0.5066	 0.738	 1.051	 1.099	0.6794	0.7123	0.9149	0.9291	 1.191	 1.149	 3.211	  3.23	 | 1.916 quantile
                      	 1.424	 1.556	 2.377	 3.046	 1.372	 1.384	 1.919	  2.05	 2.137	 2.104	  4.64	 4.755	 | 4.755 max

train losses    276:	0.4126	0.4147	0.3502	0.3452	0.4817	0.4857	0.4169	0.4177	0.7888	 0.853	 1.179	 1.166	
val losses      276:	0.2931	0.2527	0.3644	0.3579	0.5493	0.5899	0.4079	0.4091	 0.656	0.5711	 1.139	 1.148	 | 0.5615 mean
                     	0.7819	0.6714	0.9448	0.9598	 1.226	 1.206	  1.01	0.9726	 1.499	 1.402	 2.892	  2.99	 | 1.619 quantile
                      	 2.154	 1.949	 2.383	   2.6	  2.35	 1.685	 2.446	 2.582	 3.271	 2.494	 4.667	 5.029	 | 5.029 max

train losses    278:	0.3983	 0.448	0.3395	0.3273	0.5026	0.5459	0.4627	0.4658	 1.461	 1.315	 1.076	 1.083	
val losses      278:	0.2436	0.2421	0.3742	0.3669	  0.33	0.3691	0.3448	0.3386	 1.037	0.9714	 1.032	 1.048	 | 0.5582 mean
                     	0.6276	0.6048	 0.977	0.9904	0.8362	0.9084	0.9096	0.8949	 2.379	 2.067	 2.681	  2.68	 | 1.806 quantile
                      	 1.725	 1.546	 2.409	 2.517	 1.692	 1.747	 2.682	 2.823	   3.5	 2.886	 4.667	 4.756	 | 4.756 max

train losses    280:	0.4226	0.4377	0.3356	0.3257	0.4969	0.5221	0.4273	0.4292	 1.132	 1.156	 1.055	 1.046	
val losses      280:	0.2755	0.2538	0.3583	0.3472	0.2849	0.2786	0.3597	0.3507	 0.568	0.5625	 1.094	 1.121	 | 0.4879 mean
                     	0.7083	0.6544	0.9186	 0.917	0.7377	0.6881	0.9541	0.9383	 1.417	 1.406	  2.84	 2.875	 | 1.558 quantile
                      	 1.811	  1.62	 2.134	 2.783	 1.588	 1.468	 2.445	 2.488	 3.045	 2.544	 4.785	 4.914	 | 4.914 max

train losses    282:	0.4316	0.4317	0.3405	 0.332	0.4705	0.4915	0.4145	 0.416	0.9073	0.8817	0.9233	0.9286	
val losses      282:	0.3385	0.2993	0.3477	0.3384	0.3385	0.3325	0.4016	0.3977	0.6401	0.5755	   1.2	 1.201	 | 0.5342 mean
                     	0.8313	0.7446	0.9127	0.9343	 0.853	 0.777	 1.022	 1.032	 1.589	 1.408	 2.994	  3.01	 | 1.684 quantile
                      	 2.243	 2.213	 2.252	 2.652	 1.596	 1.493	 2.306	 2.369	 2.494	 2.282	 5.818	 5.942	 | 5.942 max

train losses    284:	0.3919	0.3934	 0.324	0.3161	0.4245	0.4475	0.3926	0.3973	0.7051	0.6974	0.8161	0.8146	
val losses      284:	0.2826	0.2606	0.3468	0.3398	0.2891	0.3214	0.3576	0.3593	0.5132	0.4658	 1.095	 1.092	 | 0.477 mean
                     	0.7509	0.6803	0.8994	0.9205	0.7245	0.7954	0.9448	0.9636	 1.355	 1.142	 2.785	 2.778	 | 1.52 quantile
                      	 2.048	 2.382	 2.163	  2.67	 1.733	 1.829	 1.901	 1.996	 2.394	 2.037	 4.861	 4.942	 | 4.942 max

train losses    286:	0.3425	0.3572	0.3162	0.3068	 0.394	0.4096	0.3804	0.3827	0.6119	0.6217	 0.708	0.7056	
val losses      286:	0.2535	0.2363	0.3443	0.3374	 0.282	0.2917	 0.342	0.3385	  0.47	0.4476	 1.152	  1.15	 | 0.4705 mean
                     	0.6832	0.6156	0.8977	0.9106	0.7262	0.7271	0.9005	0.9327	 1.166	 1.084	 2.891	 2.867	 | 1.548 quantile
                      	 1.972	 2.012	  2.13	 2.709	 1.454	 1.678	 2.109	 2.159	 1.938	 1.884	 5.642	 5.578	 | 5.642 max

train losses    288:	0.3295	0.3409	0.3137	 0.303	0.3721	0.3828	0.3672	0.3696	0.5554	0.5533	0.6525	0.6482	
val losses      288:	0.2951	0.2539	0.3451	0.3389	0.2663	0.2713	0.3372	0.3323	0.4399	0.4289	  1.14	 1.139	 | 0.4657 mean
                     	0.7511	0.6883	0.9014	0.9158	0.6573	0.6786	0.8949	0.8932	 1.087	0.9957	 2.789	   2.8	 | 1.509 quantile
                      	 1.951	   1.8	 2.195	 2.716	 1.503	 1.271	 2.245	 2.289	 1.701	 1.703	 5.707	 5.696	 | 5.707 max

train losses    290:	0.3106	0.3147	0.3114	0.3014	0.3497	0.3601	0.3535	0.3559	0.5125	0.5185	0.5932	0.5894	
val losses      290:	0.2299	0.2162	 0.345	0.3379	  0.27	0.2717	0.3364	0.3327	0.4218	0.3963	 1.156	 1.153	 | 0.4555 mean
                     	0.6015	0.5783	0.8976	0.9136	0.6676	0.6682	0.8852	0.8923	 1.045	  0.95	 2.757	 2.806	 | 1.531 quantile
                      	  1.74	 1.685	 2.208	 2.774	 1.459	 1.182	 2.047	 2.096	 1.703	   1.7	 5.595	 5.609	 | 5.609 max

train losses    292:	0.2995	0.3003	 0.307	0.2968	0.3389	0.3471	0.3438	0.3463	0.4845	0.4874	0.5516	0.5484	
val losses      292:	0.2148	0.2111	0.3435	0.3361	0.2609	0.2619	0.3314	0.3253	0.4146	0.3913	 1.113	  1.11	 | 0.4429 mean
                     	0.5624	0.5549	0.8896	0.9124	0.6435	0.6452	0.8697	0.8772	  1.05	0.9433	 2.725	  2.77	 | 1.465 quantile
                      	 1.578	 1.607	  2.26	 2.747	 1.423	  1.09	 2.065	 2.149	 1.867	 1.641	  5.29	 5.308	 | 5.308 max

train losses    294:	0.2905	0.2944	0.3031	0.2928	0.3242	0.3343	0.3305	0.3322	0.4639	0.4657	0.5299	0.5256	
val losses      294:	 0.211	0.2124	0.3423	0.3345	0.2532	0.2607	 0.327	0.3179	0.4189	0.4022	 1.113	 1.107	 | 0.4417 mean
                     	0.5511	0.5558	0.8908	0.9065	0.6325	 0.642	0.8544	0.8521	 1.063	 0.957	 2.736	 2.774	 | 1.468 quantile
                      	 1.563	 1.619	 2.248	 2.752	 1.412	 1.078	 2.087	 2.145	 1.952	 1.639	 5.451	 5.489	 | 5.489 max

train losses    296:	0.2813	0.2878	0.2996	  0.29	 0.316	0.3279	0.3186	0.3199	  0.45	0.4538	0.5103	0.5053	
val losses      296:	0.2098	0.2039	0.3415	0.3332	0.2487	 0.252	0.3253	0.3142	0.4189	   0.4	 1.102	 1.096	 | 0.4371 mean
                     	0.5484	0.5314	0.8832	0.9076	0.6217	 0.629	0.8571	0.8445	 1.064	0.9692	 2.738	 2.762	 | 1.441 quantile
                      	 1.628	 1.662	 2.244	 2.732	 1.454	 1.124	 2.188	 2.234	 2.108	 1.616	 5.343	 5.383	 | 5.383 max

train losses    298:	0.2748	0.2804	0.2985	0.2885	0.3102	0.3182	0.3109	0.3119	0.4413	0.4399	0.4933	0.4898	
val losses      298:	 0.208	0.2004	0.3412	 0.333	 0.248	0.2487	0.3258	0.3132	0.4171	0.3981	 1.108	 1.101	 | 0.4369 mean
                     	0.5461	0.5199	 0.882	0.9054	0.6173	  0.62	0.8485	0.8353	 1.079	0.9705	 2.718	 2.772	 | 1.458 quantile
                      	 1.775	 1.662	 2.222	 2.739	 1.443	 1.156	 2.147	 2.228	 2.035	 1.569	 5.329	 5.378	 | 5.378 max

