train losses      0:	0.5663	0.5919	 0.337	 0.337	0.7161	0.7601	0.4621	0.4703	  1.59	 1.603	 1.497	 1.491	
val losses        0:	0.4953	0.5822	 0.401	0.3996	0.7876	 0.647	 0.377	0.4503	  1.49	 1.533	 1.115	 1.137	 | 0.7846 mean
                     	   1.4	 1.378	0.9399	0.9225	 1.966	 1.819	0.9973	 1.137	 4.632	 4.549	 3.207	 3.336	 | 2.488 quantile
                      	 5.919	 5.876	 2.583	 1.809	 5.563	 5.421	 3.075	 2.555	 9.046	 8.992	 5.669	 6.164	 | 9.046 max

train losses      2:	0.5516	0.5934	0.3411	0.3317	0.7183	0.7532	0.4688	0.4705	 1.553	 1.572	 1.493	 1.485	
val losses        2:	0.4749	0.6246	  1.86	 1.709	0.6078	0.6032	0.5844	0.4872	 1.663	 1.441	 1.313	 1.758	 | 1.094 mean
                     	 1.356	  1.47	 2.465	 2.308	 1.706	  1.72	  1.28	   1.2	 4.844	 4.304	 3.447	 3.897	 | 2.777 quantile
                      	   5.2	  4.83	 4.228	  3.25	 5.116	 5.256	 3.808	 2.449	 9.956	 9.206	 6.121	 7.116	 | 9.956 max

train losses      4:	0.5496	0.6096	0.4128	0.3798	0.7087	 0.753	0.5175	0.4693	  1.38	 1.393	 1.489	 1.476	
val losses        4:	0.4453	0.7781	 1.315	 1.242	0.6598	0.6158	0.7541	0.3806	 1.995	 1.468	 1.176	 1.296	 | 1.01 mean
                     	 1.262	 1.642	 2.228	 1.999	 1.754	  1.71	 1.538	0.9735	 4.174	 3.724	 3.279	  3.34	 | 2.726 quantile
                      	  4.62	 3.822	 4.706	 3.038	 4.277	 5.208	 4.323	 2.739	 6.999	 5.514	 5.909	 6.369	 | 6.999 max

train losses      6:	0.5317	 0.679	 0.493	0.3995	0.7463	  0.74	0.5307	0.4699	  1.28	 1.266	 1.489	 1.474	
val losses        6:	0.4022	0.5031	0.4509	0.3118	0.6127	0.5737	 0.436	0.3816	0.8473	0.8778	 1.054	 1.031	 | 0.6235 mean
                     	 1.231	 1.426	 1.187	0.8335	 1.669	 1.616	  1.13	0.9832	 2.434	 2.465	 3.266	 3.374	 | 1.868 quantile
                      	  4.95	 4.172	 2.972	  2.15	 4.225	 4.869	 3.626	 2.999	 4.825	 5.464	  5.69	 6.079	 | 6.079 max

train losses      8:	0.5211	0.6285	0.4614	0.3518	0.7462	0.7331	0.4834	0.4697	 1.091	 1.127	 1.489	 1.477	
val losses        8:	0.3994	0.5014	0.3697	0.3215	0.6215	0.5854	0.3866	0.3792	0.9362	0.9204	 1.034	 1.045	 | 0.625 mean
                     	   1.2	 1.372	0.9628	0.8206	 1.686	 1.714	 1.005	0.9679	 2.479	  2.44	 3.366	 3.338	 | 1.923 quantile
                      	 4.618	 3.736	 2.723	 1.981	  4.39	  4.45	 3.334	 2.879	 4.576	 5.178	  5.53	 6.192	 | 6.192 max

train losses     10:	0.5077	 0.643	 0.399	0.3517	0.7114	0.7244	0.4779	0.4733	 0.997	0.9907	 1.478	 1.455	
val losses       10:	0.4247	0.5962	 0.337	0.3183	  0.61	0.6197	0.3732	0.3864	 1.063	0.9096	 1.042	 1.086	 | 0.6472 mean
                     	 1.204	 1.528	0.8594	0.8164	 1.675	 1.766	0.9845	0.9891	 2.491	 2.326	 3.279	 3.266	 | 1.92 quantile
                      	 4.298	 3.367	 2.562	 1.949	 4.225	 4.218	 3.055	 2.738	 4.385	 4.449	 5.433	  5.99	 | 5.99 max

train losses     12:	0.4918	0.5939	0.3722	0.3448	0.7119	0.7211	0.4794	0.4712	0.8811	0.9088	 1.468	 1.436	
val losses       12:	0.3796	0.4572	0.3161	0.2918	0.6038	0.5714	0.3799	 0.376	0.8433	0.8266	 1.026	0.9998	 | 0.5893 mean
                     	 1.097	 1.318	0.8097	0.7678	 1.665	 1.627	 1.002	  0.95	 2.339	 2.381	 3.258	  3.23	 | 1.894 quantile
                      	 4.575	 3.227	 2.521	 2.133	 4.285	 4.255	 2.964	 2.909	 4.469	 4.101	 5.242	 5.449	 | 5.449 max

train losses     14:	 0.483	0.5578	0.3614	0.3508	0.7117	0.7212	0.4849	0.4759	0.8765	0.8735	 1.452	 1.409	
val losses       14:	0.3573	0.3821	0.2904	0.2919	0.5664	0.5614	 0.388	0.3758	 0.723	0.6643	 1.025	 1.017	 | 0.5536 mean
                     	 1.035	 1.126	0.7412	0.7687	 1.606	 1.606	 1.011	0.9551	 2.089	 1.921	 3.268	 3.184	 | 1.728 quantile
                      	 4.188	 2.931	 1.952	 2.167	 4.504	 4.429	 3.159	 2.899	 4.625	  4.22	 5.317	 5.585	 | 5.585 max

train losses     16:	0.4565	0.5316	0.3581	0.3762	0.6932	0.7141	 0.488	 0.479	0.8433	0.7628	 1.414	 1.368	
val losses       16:	0.3586	0.3884	0.2943	0.3005	0.5701	 0.571	0.3873	0.3837	0.7744	0.6987	 1.045	 1.066	 | 0.5698 mean
                     	 1.025	 1.098	0.7517	0.7979	 1.637	  1.67	 1.033	0.9854	 2.092	 1.974	 3.146	  3.14	 | 1.742 quantile
                      	 3.595	 2.906	 1.888	 2.242	 4.639	   4.3	 3.173	 2.656	 4.327	 3.791	 5.735	 6.056	 | 6.056 max

train losses     18:	0.4276	0.5134	0.3497	0.4084	0.6873	0.7092	0.4868	0.4741	0.7207	0.7066	 1.333	 1.272	
val losses       18:	0.3239	0.3659	0.2876	0.3326	0.5719	0.5649	0.3918	0.3683	0.7274	0.6685	0.9984	 1.006	 | 0.5506 mean
                     	0.9322	 1.023	0.7315	0.8713	  1.62	 1.624	  1.05	0.9457	 2.023	 1.823	 2.985	 2.926	 | 1.691 quantile
                      	 3.501	 2.777	 2.249	 2.242	 4.295	 3.973	 3.059	 2.742	 3.566	 3.757	 5.261	 5.575	 | 5.575 max

train losses     20:	0.4082	0.5234	0.3479	0.4461	 0.683	0.7186	0.4846	0.4757	0.6981	0.7089	 1.217	 1.176	
val losses       20:	0.3133	0.3601	0.2819	0.3479	 0.558	0.5602	0.3852	0.3639	0.6982	0.6535	0.9925	 1.003	 | 0.5432 mean
                     	0.8697	0.9922	0.7247	0.9039	 1.616	 1.618	 1.004	0.9511	 1.878	 1.767	 2.829	 2.911	 | 1.681 quantile
                      	 3.633	  3.14	 2.285	 2.426	  4.39	 4.232	 3.098	 2.522	 3.533	 3.085	 4.933	 5.223	 | 5.223 max

train losses     22:	0.4014	0.4904	0.3614	0.4143	0.6908	0.7259	0.4735	0.4681	0.7027	0.7252	  1.11	 1.089	
val losses       22:	0.3021	0.3468	0.2881	0.3207	0.5688	0.5588	0.3707	0.3627	0.6616	0.6511	 1.026	 1.051	 | 0.5423 mean
                     	 0.818	0.9392	0.7455	0.8631	 1.657	 1.629	0.9757	0.9579	 1.787	 1.736	 2.744	 2.818	 | 1.706 quantile
                      	 3.569	  3.21	 2.442	 2.305	 4.311	 4.288	 2.958	 2.862	 3.074	 3.144	 4.932	 5.119	 | 5.119 max

train losses     24:	0.3848	0.4983	0.3491	 0.358	0.6797	0.7181	0.4759	0.4706	0.5866	0.5716	 1.202	 1.159	
val losses       24:	0.2882	0.3165	0.2861	0.3067	0.5479	0.5511	0.3626	0.3658	0.5888	  0.55	0.9757	0.9973	 | 0.5114 mean
                     	0.8187	0.8724	0.7361	0.8424	  1.61	 1.578	0.9503	0.9726	 1.682	 1.473	 2.786	 2.883	 | 1.602 quantile
                      	   3.0	 3.034	 2.425	 2.293	 4.518	 4.314	 2.949	 3.246	 2.717	 2.487	 4.757	 4.862	 | 4.862 max

train losses     26:	0.3991	0.4448	0.3525	0.3636	0.6747	0.7021	0.4603	 0.474	0.5898	0.6356	 1.261	 1.261	
val losses       26:	0.3621	0.2871	0.2947	0.2924	0.5467	0.5462	 0.366	0.3661	0.5824	0.5567	0.9815	0.9807	 | 0.5135 mean
                     	 1.004	 0.818	0.7452	0.8112	 1.589	  1.58	0.9529	0.9539	 1.666	 1.479	 2.732	 2.759	 | 1.616 quantile
                      	 3.178	 2.617	 2.325	 2.105	 4.535	 4.201	 3.084	 3.179	 2.585	 2.542	 4.992	 4.889	 | 4.992 max

train losses     28:	0.3904	0.4348	 0.346	0.3444	0.6651	0.6918	0.4601	0.4636	0.6058	0.6003	 1.133	 1.115	
val losses       28:	0.4071	0.3175	0.2932	0.2959	 0.541	0.5366	0.3662	0.3707	0.6042	0.5839	 1.031	 1.035	 | 0.5319 mean
                     	0.9402	0.8199	0.7588	0.8051	 1.563	 1.536	 0.967	0.9822	 1.655	 1.498	 2.622	 2.731	 | 1.657 quantile
                      	 2.511	 2.769	 2.584	 2.083	 4.354	 4.308	  3.12	 2.923	 2.851	 2.679	 4.485	 5.037	 | 5.037 max

train losses     30:	0.3652	0.4116	0.3504	0.3355	0.6524	0.6774	0.4594	 0.465	0.5828	0.5798	 1.048	 1.012	
val losses       30:	0.2918	0.2798	0.2896	0.2884	0.5344	0.5261	0.3621	0.3714	0.5896	0.5412	0.9854	0.9897	 | 0.5041 mean
                     	0.8209	0.8074	0.7374	0.7834	 1.573	 1.498	0.9454	0.9847	 1.604	   1.4	 2.715	 2.731	 | 1.609 quantile
                      	 2.621	 2.632	 2.435	 2.098	 4.123	 4.017	 3.131	 3.037	 2.739	  2.39	 4.252	 4.141	 | 4.252 max

train losses     32:	 0.377	0.3822	0.3507	0.3356	 0.644	0.6651	0.4586	 0.468	0.5632	 0.543	0.9473	0.9372	
val losses       32:	0.2935	0.2726	0.2869	0.2871	0.5248	0.5181	 0.358	0.3748	0.6216	0.5656	 1.019	 1.026	 | 0.5123 mean
                     	0.8029	0.7269	0.7144	0.7807	 1.553	 1.461	0.9316	 0.991	 1.709	 1.509	 2.842	 2.926	 | 1.638 quantile
                      	 2.499	 2.595	 2.364	 2.086	 4.189	 4.021	 3.078	 3.175	 2.674	 2.363	 4.195	 4.127	 | 4.195 max

train losses     34:	0.3664	0.3781	0.3545	0.3347	0.6292	0.6497	0.4549	0.4664	 0.545	0.5416	0.8926	0.8865	
val losses       34:	0.2908	0.2694	0.2861	0.2901	0.5098	0.5023	0.3565	0.3739	0.6002	  0.56	 1.021	 1.018	 | 0.5065 mean
                     	0.7986	0.7141	0.7163	 0.791	 1.507	 1.425	0.9253	0.9854	 1.657	 1.533	 2.851	 2.905	 | 1.625 quantile
                      	  2.48	 2.414	 2.547	 2.116	 4.017	 3.584	 3.071	 3.021	  2.72	 2.326	  4.45	 4.207	 | 4.45 max

train losses     36:	0.3686	0.3761	0.3558	 0.333	0.6117	0.6345	0.4529	0.4622	0.5402	0.5217	0.8489	0.8342	
val losses       36:	 0.293	0.2671	0.2881	 0.285	0.4932	0.4868	0.3543	0.3717	0.5632	0.5381	0.9799	0.9688	 | 0.4908 mean
                     	0.8312	0.7173	0.7157	0.7731	 1.456	 1.358	0.9187	0.9799	 1.539	 1.418	 2.702	  2.75	 | 1.553 quantile
                      	 2.469	 2.338	 2.495	  2.08	 3.613	   3.3	 2.954	 2.967	 2.643	 2.377	 3.986	 3.806	 | 3.986 max

train losses     38:	0.4051	0.3832	0.3539	0.3334	0.5957	0.6229	0.4523	 0.461	 0.532	0.5061	0.8296	0.8145	
val losses       38:	0.3442	0.2922	0.2915	0.2847	0.4844	0.4872	0.3533	  0.37	0.5739	0.5419	0.9797	0.9615	 | 0.497 mean
                     	0.9562	0.7901	0.7255	0.7729	 1.412	 1.368	0.9074	0.9692	 1.547	 1.411	 2.689	 2.715	 | 1.54 quantile
                      	 2.665	 2.264	 2.384	  2.09	 3.281	 2.886	 2.977	 2.871	 2.728	 2.439	 4.112	 4.009	 | 4.112 max

train losses     40:	0.3737	0.3866	0.3545	 0.333	0.5747	0.5937	0.4538	0.4632	0.6009	0.5831	0.9501	0.9366	
val losses       40:	0.3182	 0.274	0.2877	0.2841	0.4573	0.4586	0.3529	0.3706	0.5934	0.5657	0.9682	0.9533	 | 0.4903 mean
                     	0.8843	0.7411	0.7162	0.7708	 1.362	 1.293	0.9062	  0.97	 1.625	  1.51	 2.598	 2.634	 | 1.533 quantile
                      	 2.636	 2.203	 2.404	 2.098	 3.274	 2.956	 2.958	 2.838	 2.948	 2.478	 3.884	 3.664	 | 3.884 max

train losses     42:	0.4606	 0.438	0.3501	0.3373	0.5787	  0.61	0.4546	0.4629	0.5684	0.5369	 1.006	 0.983	
val losses       42:	0.3922	  0.31	0.2926	0.2855	0.4674	0.4796	0.3526	0.3695	0.5861	0.5419	0.9849	0.9809	 | 0.5036 mean
                     	  1.04	0.8285	0.7322	0.7673	 1.348	 1.314	0.9028	0.9631	  1.56	 1.383	 2.609	 2.624	 | 1.552 quantile
                      	 2.896	 2.494	 2.398	 2.062	 3.209	 2.753	 3.015	 3.009	 2.582	 2.402	 3.939	 3.846	 | 3.939 max

train losses     44:	0.4249	0.4084	0.3507	0.3323	0.5442	0.5715	0.4534	0.4619	0.5315	0.5382	0.8831	0.8667	
val losses       44:	0.3097	0.2778	0.2841	0.2868	0.4319	0.4364	0.3522	0.3688	0.5704	 0.547	 0.952	 0.949	 | 0.4805 mean
                     	0.8826	 0.769	0.7077	0.7725	 1.262	 1.216	0.9105	0.9652	 1.558	 1.553	 2.597	 2.594	 | 1.543 quantile
                      	 2.715	 2.339	 2.501	 2.121	 2.968	 2.751	 2.939	 2.896	 2.767	 2.355	 3.865	 3.611	 | 3.865 max

train losses     46:	0.3935	0.3947	0.3452	0.3341	0.5196	0.5419	0.4525	0.4604	0.5403	0.5373	0.7983	0.7914	
val losses       46:	0.3272	0.3049	0.2829	0.2868	0.4185	0.4273	0.3536	0.3703	0.5895	0.5687	 0.965	0.9578	 | 0.4877 mean
                     	 0.904	0.8022	0.7164	0.7694	 1.212	 1.158	0.9074	0.9711	 1.618	 1.425	 2.649	 2.631	 | 1.52 quantile
                      	 2.759	 2.504	 2.528	 2.137	 2.984	  2.91	 2.973	 2.869	 2.897	 2.368	 4.008	 3.891	 | 4.008 max

train losses     48:	0.3959	 0.395	0.3447	0.3369	0.5001	0.5233	0.4532	0.4615	0.5162	0.5067	0.8513	0.8398	
val losses       48:	0.3266	0.3169	0.2835	0.2857	0.4038	0.4111	 0.353	0.3709	0.5766	0.5494	 0.997	0.9835	 | 0.4882 mean
                     	0.8943	0.8255	0.7165	0.7699	 1.145	 1.108	0.8986	0.9711	 1.571	 1.404	 2.719	 2.723	 | 1.542 quantile
                      	 2.722	 2.615	 2.527	  2.13	  2.74	 2.834	 2.947	 2.869	 2.775	 2.278	 4.238	 3.965	 | 4.238 max

train losses     50:	 0.387	0.3895	0.3432	0.3332	0.4735	0.4939	0.4531	0.4603	0.4885	0.4908	0.7714	0.7552	
val losses       50:	0.3097	0.2855	0.2844	 0.285	0.3784	0.3835	0.3531	0.3711	0.5742	0.5517	 1.023	 1.014	 | 0.4845 mean
                     	0.8826	0.7721	0.7178	0.7688	 1.057	 1.033	0.9025	0.9646	 1.558	 1.467	 2.665	 2.624	 | 1.564 quantile
                      	 2.665	 2.487	 2.569	 2.104	 2.484	 2.567	  2.92	 2.872	 2.624	 2.495	 4.382	 4.127	 | 4.382 max

train losses     52:	0.3805	0.3838	0.3424	0.3339	0.4546	 0.471	0.4529	0.4604	0.4652	 0.457	 0.711	0.7027	
val losses       52:	0.3034	 0.276	0.2839	0.2856	0.3614	0.3688	0.3526	0.3693	0.5675	 0.549	0.9721	0.9661	 | 0.4713 mean
                     	0.8562	0.7514	0.7186	0.7775	0.9844	0.9886	0.8942	0.9603	 1.546	 1.427	 2.645	 2.631	 | 1.496 quantile
                      	  2.68	 2.397	 2.517	 2.089	 2.308	  2.24	 2.949	 2.872	 2.636	 2.437	 4.141	 3.863	 | 4.141 max

train losses     54:	0.3651	0.3697	0.3416	 0.333	0.4305	0.4467	0.4526	0.4608	0.4549	 0.449	 0.645	0.6377	
val losses       54:	0.2894	0.2685	 0.283	0.2854	0.3492	0.3559	0.3536	0.3692	0.5735	0.5537	0.9933	0.9761	 | 0.4709 mean
                     	0.8106	0.7213	0.7165	 0.775	0.9366	0.9433	0.8919	0.9588	 1.553	 1.402	 2.699	 2.696	 | 1.503 quantile
                      	 2.651	 2.668	 2.488	  2.09	 2.202	 2.221	 2.989	 2.831	 2.776	 2.348	 4.282	 3.935	 | 4.282 max

train losses     56:	0.3461	 0.355	0.3409	0.3336	  0.41	0.4265	0.4527	0.4619	0.4501	0.4496	 0.688	0.6724	
val losses       56:	0.2766	0.2528	0.2837	0.2865	0.3341	0.3431	 0.354	0.3686	 0.573	0.5465	0.9924	0.9762	 | 0.4656 mean
                     	0.7829	0.6826	 0.721	0.7735	0.8754	0.9016	   0.9	0.9518	 1.556	  1.43	 2.663	 2.674	 | 1.496 quantile
                      	 2.677	 2.713	 2.459	 2.094	 2.155	 2.021	 3.057	 2.882	 2.683	 2.402	  3.95	 3.615	 | 3.95 max

train losses     58:	0.3296	0.3387	0.3403	0.3336	0.3923	0.4092	0.4531	 0.463	0.4433	0.4408	0.7514	0.7404	
val losses       58:	0.2649	0.2424	 0.283	0.2861	0.3271	0.3355	0.3548	0.3692	0.5848	0.5575	   1.0	0.9895	 | 0.4663 mean
                     	 0.741	0.6539	 0.724	0.7746	0.8555	0.8814	 0.903	0.9494	 1.593	 1.478	 2.619	  2.59	 | 1.523 quantile
                      	 2.612	 2.845	 2.442	 2.089	 2.101	 1.912	 3.046	 2.814	 2.902	 2.443	 4.188	 3.858	 | 4.188 max

train losses     60:	 0.317	0.3277	0.3395	0.3343	0.3795	0.3972	0.4543	0.4643	0.4692	0.4665	0.8691	0.8666	
val losses       60:	0.2613	0.2302	0.2844	0.2858	0.3211	0.3336	0.3543	 0.368	0.6139	0.5819	0.9917	0.9822	 | 0.4674 mean
                     	0.7213	0.6314	0.7324	  0.77	 0.825	0.8608	0.9032	0.9514	 1.703	 1.477	 2.516	 2.489	 | 1.508 quantile
                      	 2.604	 2.703	 2.454	 2.049	 2.226	 2.146	 3.096	 2.711	 2.783	 2.674	 4.139	  3.89	 | 4.139 max

train losses     62:	0.3054	0.3151	0.3394	0.3322	0.3731	0.3885	 0.453	0.4619	0.4866	0.4829	0.6967	0.6884	
val losses       62:	0.2487	0.2254	 0.283	0.2884	0.3164	0.3231	0.3547	0.3683	 0.594	0.5765	0.9902	0.9854	 | 0.4628 mean
                     	0.6868	0.6122	0.7284	  0.78	0.8165	 0.835	0.9071	0.9524	 1.633	 1.453	  2.58	  2.58	 | 1.498 quantile
                      	 2.508	 2.618	 2.453	   2.1	 2.134	 1.979	 3.076	 2.737	 2.864	 2.412	  4.15	 3.864	 | 4.15 max

train losses     64:	0.2993	0.3016	0.3395	0.3323	0.3624	0.3773	0.4536	0.4615	0.4669	 0.461	0.6684	0.6616	
val losses       64:	0.2423	0.2236	0.2835	 0.289	0.3125	0.3208	0.3551	0.3679	0.5961	0.5644	0.9857	0.9712	 | 0.4593 mean
                     	0.6694	0.5951	0.7274	0.7776	0.8063	0.8362	0.9023	0.9518	 1.615	 1.503	 2.686	 2.647	 | 1.489 quantile
                      	 2.366	 2.734	 2.395	 2.129	 2.015	 1.802	  3.06	  2.75	 2.819	 2.493	 4.195	 3.665	 | 4.195 max

train losses     66:	0.2862	0.2931	0.3387	0.3318	0.3507	0.3648	0.4527	0.4612	0.4519	0.4491	0.6081	0.5997	
val losses       66:	0.2332	0.2207	0.2825	0.2862	 0.304	0.3127	0.3552	 0.369	0.5787	0.5525	0.9806	0.9668	 | 0.4535 mean
                     	0.6429	 0.577	0.7256	0.7749	0.7807	0.8063	0.9042	0.9497	 1.591	  1.46	 2.642	 2.643	 | 1.482 quantile
                      	 2.263	 2.748	 2.408	 2.109	 1.974	 1.829	 2.992	 2.748	   2.8	  2.38	 4.109	 3.766	 | 4.109 max

train losses     68:	0.2787	0.2815	0.3377	0.3318	0.3463	0.3583	0.4524	0.4608	0.4364	0.4364	0.6461	0.6394	
val losses       68:	0.2273	 0.209	0.2828	0.2857	0.3104	0.3222	0.3549	0.3688	0.5849	0.5527	0.9727	 0.957	 | 0.4524 mean
                     	0.6225	0.5467	0.7255	0.7724	0.7887	0.8063	0.9062	0.9448	 1.559	 1.425	 2.549	  2.55	 | 1.46 quantile
                      	 2.167	 2.626	  2.35	 2.091	 2.127	 2.029	 2.961	 2.744	 2.609	 2.445	 4.053	 3.782	 | 4.053 max

train losses     70:	0.2732	0.2732	0.3371	 0.331	0.3376	 0.347	0.4524	0.4608	0.4386	 0.429	0.6894	 0.682	
val losses       70:	0.2255	0.2101	0.2814	0.2859	0.3007	0.3098	0.3547	0.3683	0.5899	0.5599	0.9875	 0.977	 | 0.4542 mean
                     	0.6158	0.5451	 0.718	0.7715	0.7602	0.7805	 0.906	0.9456	 1.598	 1.475	 2.583	 2.581	 | 1.496 quantile
                      	 2.241	 2.703	 2.307	 2.092	  1.99	 1.838	 2.945	 2.756	 2.772	 2.356	 4.174	 3.913	 | 4.174 max

train losses     72:	0.2708	0.2676	0.3368	0.3303	0.3316	0.3398	0.4522	0.4597	0.4077	0.4011	 0.617	0.6117	
val losses       72:	0.2244	0.2076	0.2813	0.2864	0.2985	0.3108	0.3547	0.3676	0.5822	 0.557	0.9791	 0.973	 | 0.4519 mean
                     	0.6136	0.5415	0.7231	0.7716	0.7535	0.7797	0.9076	0.9453	 1.583	 1.498	  2.56	 2.568	 | 1.485 quantile
                      	 2.096	 2.617	 2.304	 2.106	 1.926	 1.828	 2.932	 2.772	 2.744	 2.442	 4.084	 3.825	 | 4.084 max

train losses     74:	0.2706	0.2655	0.3364	0.3298	0.3273	0.3354	0.4516	 0.459	0.4124	0.4133	0.5818	0.5743	
val losses       74:	0.2246	0.2033	0.2813	0.2858	0.2991	0.3094	0.3544	0.3676	0.5854	0.5584	0.9735	0.9663	 | 0.4508 mean
                     	0.6173	0.5302	0.7192	0.7693	0.7648	0.7763	0.9042	0.9425	 1.579	 1.433	 2.546	 2.557	 | 1.476 quantile
                      	 2.068	 2.552	  2.25	 2.108	 1.957	 1.824	 2.921	 2.763	 2.879	 2.435	 4.163	 3.832	 | 4.163 max

train losses     76:	0.2713	0.2676	0.3364	0.3298	0.3227	0.3322	0.4511	0.4586	0.4236	0.4244	0.5208	0.5171	
val losses       76:	  0.24	0.2042	0.2818	0.2848	0.3138	0.3399	 0.354	0.3676	0.5823	0.5438	 0.977	0.9744	 | 0.4553 mean
                     	0.6493	0.5334	0.7208	0.7653	0.7836	0.8296	0.9028	0.9447	 1.567	 1.436	 2.534	 2.566	 | 1.477 quantile
                      	 2.068	 2.404	 2.235	 2.092	 2.033	 1.995	 2.896	 2.718	 2.719	 2.353	 4.212	 3.901	 | 4.212 max

train losses     78:	0.2785	 0.272	 0.336	0.3299	0.3485	0.3585	 0.451	0.4584	0.4533	0.4438	0.5138	0.5046	
val losses       78:	0.2323	0.2011	 0.281	0.2853	0.3084	0.3206	0.3536	0.3673	0.6228	 0.599	0.9619	0.9553	 | 0.4574 mean
                     	0.6264	0.5212	0.7138	0.7666	  0.78	0.7914	0.9068	0.9435	 1.687	 1.572	 2.554	 2.552	 | 1.494 quantile
                      	 2.057	 2.442	 2.238	  2.09	 2.036	  1.97	  2.89	 2.724	 2.941	 2.655	 4.114	 3.758	 | 4.114 max

train losses     80:	0.2728	 0.271	0.3361	0.3292	0.3132	0.3213	0.4516	 0.459	0.5402	0.5343	 0.594	0.5866	
val losses       80:	 0.229	0.1996	0.2811	0.2841	0.3072	0.3233	0.3536	0.3671	0.6343	0.5915	0.9545	0.9471	 | 0.456 mean
                     	 0.622	 0.526	0.7182	0.7634	0.7672	0.7932	0.9069	0.9427	 1.659	 1.617	  2.48	 2.502	 | 1.495 quantile
                      	 2.106	 2.372	 2.266	 2.082	 1.969	 1.911	 2.867	 2.686	  3.01	 2.785	 4.045	 3.746	 | 4.045 max

train losses     82:	0.2836	0.2769	0.3356	0.3294	0.3614	 0.372	 0.451	0.4583	0.4137	0.4023	0.5713	0.5655	
val losses       82:	0.2308	0.1992	0.2807	0.2838	0.3496	0.3689	 0.354	0.3675	0.5959	0.5584	0.9462	0.9417	 | 0.4564 mean
                     	0.6293	0.5194	0.7178	0.7618	0.8588	0.8883	0.9013	0.9425	 1.594	 1.423	 2.481	 2.508	 | 1.46 quantile
                      	 2.093	 2.369	 2.258	 2.084	 2.195	 2.135	 2.861	 2.738	 2.635	 2.695	 3.913	 3.652	 | 3.913 max

train losses     84:	0.2752	0.2653	0.3358	0.3299	0.3872	0.4039	0.4512	0.4583	0.4571	0.4492	 0.541	0.5348	
val losses       84:	0.2322	0.1973	0.2806	 0.284	0.3706	0.3862	0.3535	0.3677	0.5837	0.5634	0.9576	0.9506	 | 0.4606 mean
                     	0.6302	0.5188	0.7162	0.7661	0.8935	0.9137	0.9007	0.9446	 1.587	  1.43	 2.535	 2.532	 | 1.464 quantile
                      	 2.084	 2.347	 2.248	 2.073	 2.207	 2.148	 2.852	 2.728	 2.643	  2.66	 3.906	 3.656	 | 3.906 max

train losses     86:	0.2681	0.2631	0.3357	0.3298	0.3621	0.3719	0.4508	0.4581	0.4058	0.4114	0.5268	0.5207	
val losses       86:	0.2242	0.1959	0.2805	0.2842	0.3027	0.3145	0.3541	0.3687	0.5826	0.5614	0.9907	0.9915	 | 0.4542 mean
                     	0.6093	0.5098	0.7181	 0.762	0.7618	0.7672	0.9074	0.9517	 1.588	 1.487	 2.535	 2.578	 | 1.509 quantile
                      	 2.026	  2.42	 2.249	  2.08	  1.95	 1.873	 2.822	 2.721	 2.823	 2.555	 4.237	 3.979	 | 4.237 max

train losses     88:	0.2778	0.2677	0.3359	0.3296	0.3287	0.3362	0.4509	0.4578	0.4783	0.4829	  0.48	0.4717	
val losses       88:	0.2177	0.2014	0.2801	0.2853	0.2989	0.3055	0.3538	0.3671	0.6097	0.5709	0.9495	0.9431	 | 0.4486 mean
                     	0.6027	0.5195	0.7167	0.7646	0.7674	0.7814	0.8991	0.9428	 1.651	 1.515	 2.491	 2.478	 | 1.47 quantile
                      	 2.076	 2.535	 2.246	 2.105	 1.807	 1.905	  2.84	 2.769	 3.089	 2.611	 4.152	 3.804	 | 4.152 max

train losses     90:	0.2678	0.2595	0.3355	0.3285	0.3063	0.3131	0.4507	0.4576	0.4125	0.4083	 0.463	0.4597	
val losses       90:	0.2215	 0.213	0.2797	0.2851	0.2867	 0.296	0.3541	0.3681	0.6092	0.5644	 0.994	0.9868	 | 0.4549 mean
                     	0.6013	0.5488	0.7181	0.7649	0.7362	0.7561	0.9116	0.9476	 1.637	 1.459	 2.528	 2.554	 | 1.507 quantile
                      	 2.088	 2.642	  2.28	 2.097	 1.716	 1.742	 2.816	 2.739	 2.913	 2.415	   4.3	 3.955	 | 4.3 max

train losses     92:	0.2576	0.2476	0.3354	0.3284	0.2916	0.2928	0.4504	 0.457	0.4139	0.4114	 0.436	0.4288	
val losses       92:	0.2212	0.2119	0.2797	0.2849	0.2834	0.2949	0.3537	0.3666	0.5886	0.5603	0.9449	0.9382	 | 0.444 mean
                     	0.5904	0.5424	0.7187	0.7661	0.7155	0.7304	0.9023	0.9388	 1.571	 1.458	 2.527	 2.508	 | 1.446 quantile
                      	 1.982	 2.574	 2.276	 2.098	 1.787	 1.713	 2.849	 2.771	 2.559	 2.559	 3.931	  3.66	 | 3.931 max

train losses     94:	0.2589	0.2472	0.3352	0.3283	0.2917	0.2936	0.4503	0.4574	0.4069	0.4053	0.4599	0.4554	
val losses       94:	0.2192	0.2135	0.2796	0.2845	0.2844	0.2973	0.3541	0.3665	0.5939	0.5722	0.9573	0.9522	 | 0.4479 mean
                     	0.5923	0.5405	 0.718	0.7649	0.7325	 0.758	0.9024	0.9352	 1.605	  1.55	 2.513	 2.535	 | 1.471 quantile
                      	 2.062	 2.595	 2.268	 2.097	 1.572	 1.618	 2.857	 2.725	 2.688	 2.703	 4.053	 3.723	 | 4.053 max

train losses     96:	0.2592	 0.246	0.3351	 0.328	0.3014	0.3076	0.4505	0.4576	0.3891	0.3903	0.5432	0.5346	
val losses       96:	 0.221	 0.214	0.2795	0.2854	0.2999	0.3107	0.3539	0.3664	0.5964	0.5589	 0.948	0.9416	 | 0.448 mean
                     	0.6029	0.5436	0.7164	0.7662	0.8017	0.7996	0.9088	0.9378	 1.595	 1.481	 2.454	 2.478	 | 1.465 quantile
                      	 2.111	 2.654	 2.274	 2.099	 1.717	 1.837	  2.85	 2.687	 2.932	 2.431	 4.045	 3.724	 | 4.045 max

train losses     98:	 0.253	0.2403	0.3348	0.3279	 0.299	 0.303	0.4505	0.4579	0.3989	0.4014	0.5279	0.5242	
val losses       98:	0.2172	0.2049	0.2794	0.2855	 0.294	0.3034	0.3537	0.3662	0.5982	 0.559	0.9368	0.9332	 | 0.4443 mean
                     	0.5899	0.5277	0.7162	0.7682	0.7564	0.7751	0.9074	0.9361	 1.591	 1.422	 2.442	 2.455	 | 1.448 quantile
                      	 2.033	 2.529	 2.256	 2.103	  1.62	 1.677	 2.842	 2.687	  2.89	 2.383	 3.986	 3.669	 | 3.986 max

train losses    100:	0.2502	0.2386	0.3348	0.3278	0.2913	0.2902	0.4501	 0.457	0.4433	0.4396	0.5226	0.5178	
val losses      100:	0.2163	0.2057	0.2799	0.2842	  0.28	0.2932	0.3531	0.3663	0.5939	0.5664	0.9805	0.9752	 | 0.4496 mean
                     	0.5871	0.5286	0.7165	0.7663	0.7085	0.7354	0.9099	0.9367	 1.579	 1.456	 2.524	 2.541	 | 1.478 quantile
                      	 1.973	 2.434	 2.235	 2.077	  1.66	 1.616	 2.813	  2.67	  2.55	 2.607	 4.141	  3.84	 | 4.141 max

train losses    102:	 0.255	0.2405	0.3346	0.3281	 0.293	0.2981	0.4499	0.4571	0.3975	0.3972	0.4441	0.4449	
val losses      102:	 0.219	  0.21	0.2793	0.2855	0.2828	0.2959	0.3535	 0.366	0.5935	0.5719	0.9396	0.9373	 | 0.4445 mean
                     	0.5888	0.5394	0.7174	0.7652	0.7273	0.7454	0.9067	0.9335	 1.605	  1.55	 2.487	 2.489	 | 1.464 quantile
                      	 2.042	 2.531	 2.267	 2.095	 1.629	 1.611	 2.833	 2.681	 2.763	 2.524	 4.002	 3.683	 | 4.002 max

train losses    104:	0.2625	0.2464	0.3349	0.3276	0.3115	0.3203	0.4496	0.4563	0.4387	0.4323	0.3982	 0.387	
val losses      104:	0.2293	0.2218	0.2791	0.2853	0.3044	0.3189	0.3534	0.3667	0.6124	0.5741	0.9943	0.9876	 | 0.4606 mean
                     	0.6119	 0.557	0.7169	0.7656	0.8014	0.8144	0.9139	0.9384	  1.65	 1.544	 2.531	 2.558	 | 1.522 quantile
                      	   2.1	 2.589	 2.266	 2.093	 1.762	 1.815	 2.784	 2.645	 3.038	 2.573	 4.404	 4.062	 | 4.404 max

train losses    106:	0.2536	0.2417	0.3345	0.3275	0.2966	0.3006	0.4496	0.4565	0.4081	0.4075	0.3585	0.3558	
val losses      106:	0.2172	0.2095	0.2791	0.2853	 0.297	0.3078	0.3535	0.3662	0.6106	 0.571	0.9427	0.9366	 | 0.4481 mean
                     	0.5888	0.5343	0.7169	0.7638	0.7759	0.7901	0.9052	0.9337	 1.629	 1.446	 2.498	 2.475	 | 1.458 quantile
                      	  2.07	 2.522	 2.265	 2.105	 1.679	 1.717	 2.822	  2.68	  2.99	 2.476	 4.046	 3.707	 | 4.046 max

train losses    108:	0.2503	0.2359	0.3346	0.3274	0.2828	0.2821	0.4493	0.4562	0.3896	0.3892	0.3835	0.3781	
val losses      108:	0.2141	0.2025	0.2798	0.2839	0.2765	0.2904	0.3537	0.3667	0.5944	0.5661	0.9621	0.9569	 | 0.4456 mean
                     	0.5878	0.5171	0.7164	 0.763	0.7016	0.7212	0.9083	0.9337	 1.578	 1.452	 2.518	 2.537	 | 1.468 quantile
                      	 1.963	 2.363	 2.232	 2.081	 1.586	 1.533	 2.804	 2.675	  2.62	 2.689	 4.108	 3.797	 | 4.108 max

train losses    110:	0.2517	0.2372	0.3344	0.3277	0.2809	0.2814	0.4496	0.4565	0.3838	0.3805	0.4193	0.4178	
val losses      110:	0.2131	   0.2	0.2793	 0.284	0.2732	0.2866	0.3536	0.3663	0.6043	 0.583	0.9326	0.9251	 | 0.4417 mean
                     	0.5777	0.5165	0.7168	0.7639	0.6894	 0.708	0.9021	0.9345	 1.622	 1.578	 2.524	 2.484	 | 1.45 quantile
                      	 1.882	 2.382	 2.258	 2.085	 1.587	 1.557	 2.811	 2.674	 2.693	 2.717	 3.827	 3.518	 | 3.827 max

train losses    112:	0.2494	0.2364	0.3344	0.3273	 0.276	 0.278	0.4495	0.4566	 0.357	0.3593	0.5022	 0.496	
val losses      112:	0.2132	0.2031	0.2792	0.2838	0.2799	0.2929	0.3533	0.3669	0.5979	0.5608	0.9779	0.9762	 | 0.4488 mean
                     	0.5744	0.5217	0.7165	0.7641	0.7301	0.7397	0.9083	0.9355	 1.592	   1.5	 2.483	 2.532	 | 1.5 quantile
                      	 1.926	  2.43	 2.258	 2.071	 1.615	 1.455	 2.767	 2.605	 2.906	 2.522	 4.261	  3.95	 | 4.261 max

train losses    114:	0.2464	0.2348	0.3342	0.3271	0.2698	0.2696	  0.45	0.4569	0.3762	0.3776	0.4929	 0.488	
val losses      114:	0.2103	0.1973	 0.279	0.2847	0.2798	0.2932	0.3529	0.3658	0.6411	0.6039	 0.935	0.9306	 | 0.4478 mean
                     	0.5751	0.5083	0.7139	 0.766	0.7315	0.7485	0.9125	0.9338	 1.686	 1.538	 2.439	 2.444	 | 1.471 quantile
                      	 1.977	 2.443	  2.25	 2.092	 1.646	 1.531	 2.787	 2.612	 3.074	 2.634	 3.969	 3.651	 | 3.969 max

train losses    116:	0.2443	0.2293	0.3342	 0.327	0.2647	0.2604	0.4493	 0.456	0.3593	0.3547	0.3977	0.3935	
val losses      116:	0.2112	 0.196	0.2793	0.2837	0.2731	0.2876	0.3532	0.3664	0.5967	0.5645	0.9878	0.9837	 | 0.4486 mean
                     	0.5753	0.5045	 0.714	0.7642	0.6934	0.7049	0.9117	0.9356	 1.616	  1.46	 2.522	 2.538	 | 1.492 quantile
                      	 1.885	 2.286	 2.225	 2.068	 1.568	 1.523	 2.784	 2.612	 2.759	 2.413	 4.229	 3.901	 | 4.229 max

train losses    118:	0.2431	0.2288	 0.334	 0.327	0.2575	0.2538	0.4492	0.4556	0.3468	0.3469	0.3358	 0.334	
val losses      118:	0.2112	0.1938	0.2791	 0.284	0.2741	0.2902	0.3529	0.3654	0.5954	0.5716	0.9446	0.9397	 | 0.4419 mean
                     	0.5782	0.4983	0.7152	0.7649	0.6953	0.7175	0.9037	0.9302	 1.593	 1.523	  2.55	 2.485	 | 1.449 quantile
                      	 1.778	 2.254	 2.241	  2.08	 1.609	  1.61	 2.811	 2.641	 2.675	 2.601	 3.994	 3.686	 | 3.994 max

train losses    120:	0.2422	0.2295	 0.334	0.3268	0.2615	0.2596	0.4488	0.4556	 0.315	0.3173	0.3552	0.3509	
val losses      120:	  0.21	 0.197	0.2792	0.2833	0.2688	 0.283	0.3532	0.3667	0.5983	0.5648	 1.019	 1.014	 | 0.4531 mean
                     	0.5688	0.5077	0.7137	0.7615	0.6902	0.7018	0.9108	0.9338	 1.602	 1.505	 2.535	 2.562	 | 1.534 quantile
                      	 1.878	 2.336	 2.242	 2.066	  1.58	 1.399	 2.792	  2.59	 2.871	 2.546	 4.472	 4.152	 | 4.472 max

train losses    122:	0.2405	0.2275	0.3338	0.3268	0.2561	0.2528	0.4492	0.4557	0.3261	 0.327	0.3771	0.3716	
val losses      122:	0.2082	0.1942	0.2791	 0.285	0.2751	 0.289	0.3531	0.3652	0.6039	 0.565	 0.935	0.9275	 | 0.44 mean
                     	0.5673	0.4987	0.7153	0.7649	0.7192	0.7364	0.9009	0.9264	  1.61	 1.477	  2.56	 2.502	 | 1.44 quantile
                      	 1.913	 2.326	 2.226	 2.096	 1.675	 1.498	 2.847	 2.655	 2.928	 2.498	 3.831	 3.527	 | 3.831 max

train losses    124:	0.2388	0.2259	0.3337	0.3265	0.2484	0.2436	0.4486	0.4555	 0.328	0.3268	0.3922	 0.393	
val losses      124:	0.2076	0.1927	0.2795	0.2833	0.2678	0.2823	0.3535	0.3668	 0.603	 0.571	 1.016	 1.014	 | 0.4531 mean
                     	0.5657	0.4951	0.7143	0.7619	0.6893	0.7024	0.9088	0.9338	 1.603	 1.465	 2.557	 2.555	 | 1.526 quantile
                      	 1.847	 2.253	 2.214	 2.066	 1.612	 1.313	 2.804	 2.599	 2.662	 2.697	 4.402	 4.091	 | 4.402 max

train losses    126:	0.2386	0.2262	0.3337	0.3268	0.2499	0.2467	 0.449	0.4553	 0.362	0.3567	0.4105	0.4099	
val losses      126:	0.2087	 0.195	0.2791	 0.284	 0.264	0.2794	0.3528	0.3654	0.5973	0.5722	0.9378	0.9298	 | 0.4388 mean
                     	0.5684	0.5012	0.7143	0.7606	0.6762	0.6905	0.9025	 0.927	 1.591	 1.491	 2.517	 2.478	 | 1.435 quantile
                      	 1.834	 2.244	 2.225	 2.083	 1.532	 1.413	  2.82	 2.637	 2.669	 2.731	 3.887	 3.584	 | 3.887 max

train losses    128:	0.2407	0.2254	0.3337	0.3267	0.2525	0.2482	0.4489	0.4559	0.3044	0.3025	0.3785	0.3764	
val losses      128:	0.2123	0.1982	0.2788	0.2842	0.2711	 0.286	0.3531	0.3659	0.6079	0.5746	0.9575	0.9565	 | 0.4455 mean
                     	0.5748	0.5066	0.7141	0.7616	0.7074	0.7032	 0.903	0.9267	 1.642	 1.517	 2.529	 2.524	 | 1.474 quantile
                      	 1.882	 2.276	  2.26	 2.081	 1.674	 1.332	 2.812	 2.598	 2.943	 2.657	 4.128	 3.813	 | 4.128 max

train losses    130:	0.2409	0.2268	0.3337	0.3266	0.2637	0.2641	0.4487	0.4551	0.3596	0.3587	0.3268	0.3193	
val losses      130:	0.2106	0.1983	0.2789	0.2841	 0.276	0.2922	0.3526	0.3656	0.6002	0.5606	0.9702	0.9665	 | 0.4463 mean
                     	0.5698	0.5072	0.7128	0.7612	0.7227	0.7307	0.9087	0.9288	 1.604	 1.489	 2.503	   2.5	 | 1.481 quantile
                      	 1.861	 2.286	 2.226	 2.084	 1.691	 1.428	 2.773	 2.581	 2.948	 2.594	 4.294	 3.981	 | 4.294 max

train losses    132:	0.2394	 0.225	0.3335	0.3265	0.2603	 0.257	0.4486	0.4551	0.3094	0.3124	0.3011	0.2965	
val losses      132:	0.2096	0.1991	0.2788	0.2844	 0.285	0.2967	0.3536	 0.366	0.6009	0.5631	0.9526	0.9492	 | 0.4449 mean
                     	0.5691	0.5067	0.7153	0.7633	 0.748	0.7539	0.9024	0.9225	 1.585	 1.446	 2.547	 2.502	 | 1.451 quantile
                      	 1.931	 2.327	 2.237	 2.093	 1.799	 1.498	 2.836	 2.654	 2.811	 2.637	 4.056	 3.741	 | 4.056 max

train losses    134:	0.2397	0.2219	0.3334	0.3263	0.2601	0.2543	0.4487	0.4553	0.3342	0.3353	0.3283	0.3245	
val losses      134:	  0.21	0.1978	0.2789	0.2834	0.2848	0.2983	0.3538	 0.366	0.6057	0.5748	0.9545	0.9514	 | 0.4466 mean
                     	 0.571	 0.502	0.7144	0.7603	0.7564	0.7634	0.9024	0.9254	  1.59	 1.461	 2.519	 2.502	 | 1.455 quantile
                      	 1.915	 2.222	 2.215	 2.077	 1.778	 1.554	 2.852	 2.652	 2.635	 2.794	 4.068	 3.757	 | 4.068 max

train losses    136:	0.2429	0.2259	0.3334	0.3264	0.2761	0.2764	0.4487	0.4554	0.3177	0.3138	0.3747	0.3722	
val losses      136:	0.2142	 0.205	0.2786	0.2845	0.2824	0.2999	0.3532	0.3657	0.5976	 0.567	0.9504	0.9468	 | 0.4455 mean
                     	 0.577	0.5197	0.7144	0.7637	0.7492	0.7594	0.9012	0.9283	 1.597	 1.498	 2.512	 2.485	 | 1.462 quantile
                      	 1.956	 2.343	 2.238	 2.086	  1.83	 1.516	 2.843	 2.658	 2.836	 2.514	 4.013	  3.69	 | 4.013 max

train losses    138:	0.2465	0.2284	0.3334	0.3264	0.2933	0.2973	0.4487	0.4558	0.2888	0.2875	0.4088	0.4069	
val losses      138:	0.2175	0.2074	0.2786	0.2845	0.2948	0.3111	0.3532	0.3658	0.6041	0.5687	0.9512	0.9498	 | 0.4489 mean
                     	0.5777	0.5226	0.7152	0.7636	 0.778	 0.774	 0.903	0.9276	 1.608	 1.521	 2.503	 2.488	 | 1.47 quantile
                      	 1.947	 2.341	 2.243	 2.085	 1.824	 1.557	 2.837	 2.654	 2.951	 2.676	 4.095	 3.773	 | 4.095 max

train losses    140:	0.2438	0.2273	0.3332	0.3261	0.2935	0.2966	0.4489	0.4556	0.3011	0.3076	0.4262	0.4211	
val losses      140:	0.2124	0.2045	0.2788	0.2841	0.2986	0.3129	0.3527	0.3653	0.5996	 0.563	0.9602	0.9593	 | 0.4493 mean
                     	0.5725	0.5176	0.7159	 0.762	0.7737	0.7821	0.9058	0.9274	  1.59	 1.494	 2.468	 2.471	 | 1.47 quantile
                      	 1.916	 2.286	 2.226	 2.079	 1.787	 1.528	 2.811	 2.639	 2.845	 2.514	 4.197	 3.885	 | 4.197 max

train losses    142:	0.2414	0.2243	0.3331	0.3263	0.2857	0.2868	0.4489	0.4557	0.2836	 0.289	0.3664	0.3646	
val losses      142:	0.2111	0.2014	0.2788	0.2843	0.2838	0.2959	0.3532	0.3654	0.6014	0.5655	0.9506	0.9508	 | 0.4452 mean
                     	0.5704	0.5116	0.7165	0.7627	0.7523	0.7547	0.9037	0.9238	 1.592	 1.471	  2.47	 2.476	 | 1.456 quantile
                      	 1.956	 2.299	 2.233	 2.086	 1.819	 1.481	  2.83	 2.659	 2.835	  2.59	  4.17	 3.847	 | 4.17 max

train losses    144:	0.2428	0.2236	0.3332	0.3262	0.2717	0.2693	0.4488	0.4555	0.2768	0.2799	0.3263	0.3239	
val losses      144:	0.2086	0.1953	0.2788	0.2836	0.2619	0.2749	0.3526	0.3654	0.6003	0.5676	 0.968	0.9662	 | 0.4436 mean
                     	0.5657	0.4967	0.7155	0.7623	0.6789	0.6771	0.9097	0.9317	 1.599	 1.474	 2.482	 2.501	 | 1.476 quantile
                      	 1.872	 2.181	 2.224	 2.073	 1.617	 1.308	 2.798	 2.611	 2.837	 2.565	 4.283	  3.95	 | 4.283 max

train losses    146:	0.2385	 0.222	0.3331	 0.326	0.2565	 0.254	0.4484	0.4549	0.2754	0.2778	0.2823	0.2808	
val losses      146:	0.2074	0.1949	0.2786	0.2836	0.2607	0.2748	0.3523	0.3649	0.6073	0.5727	0.9504	0.9496	 | 0.4414 mean
                     	0.5554	0.4967	0.7135	0.7619	  0.67	0.6764	0.9079	0.9279	 1.625	 1.524	  2.48	 2.489	 | 1.461 quantile
                      	 1.851	 2.214	 2.239	 2.078	  1.52	 1.427	 2.789	 2.595	 2.931	 2.682	 4.224	 3.896	 | 4.224 max

train losses    148:	0.2346	  0.22	 0.333	0.3258	0.2464	0.2417	0.4481	0.4546	0.2723	0.2756	0.2565	0.2538	
val losses      148:	0.2048	0.1915	0.2789	0.2832	0.2574	0.2714	0.3524	0.3649	0.6034	0.5693	0.9658	0.9638	 | 0.4422 mean
                     	0.5515	0.4889	 0.715	0.7617	0.6611	0.6759	0.9083	0.9306	 1.596	 1.517	 2.478	 2.505	 | 1.481 quantile
                      	 1.827	 2.177	 2.217	 2.068	 1.572	 1.302	 2.785	 2.573	 2.858	 2.672	 4.313	 3.991	 | 4.313 max

train losses    150:	0.2325	0.2166	0.3329	0.3257	0.2355	0.2285	0.4481	0.4545	 0.269	0.2712	0.2467	0.2438	
val losses      150:	0.2044	0.1915	 0.279	0.2836	0.2598	0.2757	0.3524	0.3644	0.6097	0.5742	 0.936	0.9319	 | 0.4385 mean
                     	0.5511	0.4863	0.7143	0.7615	0.6776	0.6885	0.9039	0.9241	 1.623	 1.531	  2.48	 2.463	 | 1.459 quantile
                      	 1.867	 2.173	  2.21	 2.075	 1.659	 1.211	 2.803	 2.571	 2.902	 2.814	 4.095	 3.781	 | 4.095 max

train losses    152:	0.2319	0.2153	0.3328	0.3255	0.2318	0.2236	0.4479	0.4545	0.2712	0.2733	0.3023	0.2995	
val losses      152:	0.2048	0.1901	 0.279	 0.283	0.2557	0.2718	0.3523	 0.365	0.6062	0.5735	0.9808	0.9776	 | 0.445 mean
                     	0.5522	0.4869	0.7144	  0.76	0.6614	 0.672	0.9087	0.9301	 1.602	 1.544	  2.49	 2.521	 | 1.507 quantile
                      	 1.847	 2.117	 2.205	  2.06	 1.612	 1.244	 2.774	 2.517	 2.851	 2.743	 4.374	 4.054	 | 4.374 max

train losses    154:	0.2308	 0.215	0.3327	0.3256	0.2286	 0.221	0.4483	0.4546	0.2752	0.2742	0.3573	0.3553	
val losses      154:	0.2049	0.1894	0.2788	0.2839	0.2541	0.2698	0.3523	0.3646	0.6144	0.5784	0.9273	0.9201	 | 0.4365 mean
                     	0.5519	 0.483	0.7129	 0.761	0.6586	 0.661	0.9012	0.9254	 1.648	 1.542	 2.582	 2.522	 | 1.449 quantile
                      	 1.825	 2.107	 2.211	  2.08	 1.531	 1.359	 2.808	 2.569	 2.954	 2.778	 3.787	 3.525	 | 3.787 max

train losses    156:	0.2301	0.2154	0.3326	0.3254	 0.227	0.2188	0.4482	 0.455	0.2833	0.2824	0.4824	0.4812	
val losses      156:	0.2045	0.1888	0.2789	0.2826	 0.253	0.2699	0.3524	0.3659	0.6029	0.5724	 1.028	 1.025	 | 0.452 mean
                     	0.5509	0.4835	0.7143	0.7621	0.6609	0.6614	0.9166	0.9375	 1.603	 1.539	 2.573	 2.564	 | 1.547 quantile
                      	 1.766	 2.052	 2.201	 2.046	 1.584	  1.27	 2.736	 2.465	 2.865	 2.697	  4.42	 4.112	 | 4.42 max

train losses    158:	0.2297	0.2174	0.3326	0.3257	0.2257	0.2194	0.4487	 0.455	0.2863	0.2798	0.5403	 0.539	
val losses      158:	0.2048	0.1917	0.2788	0.2833	0.2527	0.2694	0.3512	0.3644	0.6047	0.5735	0.9292	0.9253	 | 0.4358 mean
                     	0.5519	0.4917	 0.713	0.7594	0.6535	0.6622	0.9098	0.9287	 1.627	  1.53	 2.456	 2.431	 | 1.449 quantile
                      	 1.844	 2.153	 2.204	 2.071	 1.556	 1.355	 2.757	 2.517	 2.924	 2.666	  3.97	 3.669	 | 3.97 max

train losses    160:	0.2324	0.2139	0.3326	0.3254	0.2257	0.2133	0.4479	0.4544	0.2738	0.2705	0.3282	0.3264	
val losses      160:	0.2066	0.1903	0.2786	0.2834	0.2593	 0.271	0.3521	0.3646	 0.614	0.5772	0.9474	 0.946	 | 0.4409 mean
                     	 0.565	0.4873	0.7136	0.7574	0.6718	0.6721	0.9083	0.9269	 1.648	 1.531	 2.443	 2.448	 | 1.478 quantile
                      	 1.848	 2.075	 2.211	  2.07	 1.687	  1.24	 2.781	  2.52	 3.043	 2.853	 4.179	 3.856	 | 4.179 max

train losses    162:	0.2312	0.2144	0.3326	0.3254	 0.222	0.2135	0.4477	0.4538	0.2583	0.2544	0.2644	0.2615	
val losses      162:	 0.204	0.1912	0.2787	0.2832	0.2519	0.2679	0.3519	0.3651	0.6018	0.5676	0.9817	0.9789	 | 0.4437 mean
                     	0.5475	0.4865	0.7123	0.7594	0.6582	0.6567	0.9102	0.9299	 1.599	 1.492	 2.494	 2.519	 | 1.5 quantile
                      	 1.723	 2.074	 2.194	 2.071	 1.577	 1.271	 2.748	 2.524	 2.872	 2.584	 4.419	 4.105	 | 4.419 max

train losses    164:	 0.229	0.2138	0.3324	0.3254	0.2209	0.2128	0.4475	0.4535	 0.267	0.2658	0.2687	0.2648	
val losses      164:	0.2032	0.1891	0.2785	0.2832	0.2522	0.2669	0.3515	0.3645	0.6017	0.5661	0.9456	0.9433	 | 0.4372 mean
                     	 0.544	0.4838	0.7126	0.7602	0.6563	0.6551	 0.908	0.9278	   1.6	 1.528	 2.447	 2.451	 | 1.459 quantile
                      	 1.815	 2.093	 2.204	  2.07	 1.593	 1.338	 2.769	 2.548	 2.987	 2.659	 4.183	 3.864	 | 4.183 max

train losses    166:	0.2289	0.2114	0.3324	0.3252	0.2207	0.2082	0.4476	0.4538	0.2818	0.2817	0.2417	0.2388	
val losses      166:	0.2037	0.1861	0.2786	0.2832	0.2525	0.2673	 0.352	0.3647	 0.611	0.5743	0.9342	 0.931	 | 0.4366 mean
                     	0.5415	0.4756	0.7135	0.7621	0.6587	0.6577	0.9029	0.9238	 1.603	 1.525	 2.465	 2.448	 | 1.449 quantile
                      	 1.733	 1.966	 2.187	 2.069	 1.573	  1.29	 2.803	 2.568	 2.849	  2.67	 4.135	 3.823	 | 4.135 max

train losses    168:	0.2279	0.2118	0.3323	0.3251	0.2201	0.2107	0.4474	0.4536	0.3525	0.3552	0.2235	0.2182	
val losses      168:	0.2024	0.1883	0.2786	0.2828	0.2507	0.2664	0.3516	0.3647	0.6078	0.5678	0.9722	0.9696	 | 0.4419 mean
                     	0.5402	0.4804	0.7108	0.7612	0.6575	0.6593	0.9075	0.9293	 1.608	  1.56	 2.484	 2.502	 | 1.495 quantile
                      	 1.738	 2.056	 2.176	 2.068	 1.612	 1.268	 2.759	  2.53	 3.016	 2.665	 4.362	 4.054	 | 4.362 max

train losses    170:	0.2281	0.2117	0.3322	0.3249	0.2192	0.2094	0.4474	0.4534	0.3826	0.3868	 0.221	0.2172	
val losses      170:	 0.203	0.1859	0.2785	0.2831	0.2518	 0.266	0.3522	0.3647	0.6425	0.5982	0.9248	0.9193	 | 0.4392 mean
                     	0.5431	0.4732	0.7146	0.7593	0.6554	0.6496	0.9067	0.9241	 1.675	 1.586	 2.468	 2.441	 | 1.452 quantile
                      	 1.769	 2.015	 2.182	 2.082	 1.579	  1.31	 2.832	 2.588	 2.839	 2.982	  4.01	 3.702	 | 4.01 max

train losses    172:	0.2279	0.2103	0.3322	 0.325	0.2206	0.2091	0.4473	0.4536	 0.394	0.3997	0.2582	0.2541	
val losses      172:	0.2026	0.1864	0.2787	0.2825	0.2526	0.2687	0.3517	0.3646	0.6067	0.5706	0.9754	0.9728	 | 0.4428 mean
                     	0.5398	0.4781	0.7122	0.7597	0.6589	0.6655	0.9081	0.9286	 1.589	 1.495	 2.472	 2.493	 | 1.494 quantile
                      	 1.772	 2.018	 2.162	 2.069	 1.617	 1.211	 2.768	  2.52	 3.015	  2.73	 4.374	 4.064	 | 4.374 max

train losses    174:	0.2275	0.2121	0.3321	 0.325	0.2166	0.2076	0.4476	0.4534	0.3439	0.3471	0.2969	0.2936	
val losses      174:	0.2023	0.1843	0.2785	0.2826	0.2499	0.2682	 0.352	0.3643	0.6233	0.5821	0.9227	0.9161	 | 0.4355 mean
                     	0.5456	0.4695	0.7128	0.7575	0.6451	0.6583	0.9039	0.9226	 1.608	 1.486	 2.487	 2.449	 | 1.43 quantile
                      	 1.744	 1.986	 2.179	 2.081	 1.579	 1.323	 2.821	 2.576	 2.678	 2.918	 3.965	 3.657	 | 3.965 max

train losses    176:	0.2274	0.2096	0.3321	 0.325	 0.218	0.2064	0.4477	 0.454	0.3202	0.3235	0.3721	0.3701	
val losses      176:	0.2024	 0.185	0.2786	0.2824	0.2501	 0.266	0.3516	0.3644	0.6007	0.5727	0.9412	0.9382	 | 0.4361 mean
                     	0.5395	0.4691	0.7132	0.7605	0.6513	0.6573	0.9076	0.9254	  1.61	 1.434	 2.456	 2.457	 | 1.455 quantile
                      	 1.761	 1.977	 2.166	 2.068	 1.594	 1.227	 2.786	 2.542	 2.871	 2.606	 4.116	 3.801	 | 4.116 max

train losses    178:	 0.226	 0.212	0.3321	 0.325	0.2155	0.2076	0.4479	 0.454	0.2959	 0.297	0.4601	0.4571	
val losses      178:	0.2019	0.1893	0.2786	0.2826	0.2468	0.2657	0.3509	 0.364	0.6068	0.5764	0.9404	0.9367	 | 0.4367 mean
                     	0.5418	0.4869	 0.713	0.7574	0.6525	0.6565	0.9121	0.9266	  1.64	 1.523	 2.466	 2.456	 | 1.459 quantile
                      	 1.785	 2.042	  2.18	 2.065	 1.621	 1.246	 2.744	 2.496	 2.974	 2.782	 4.078	 3.767	 | 4.078 max

train losses    180:	0.2281	0.2098	 0.332	0.3248	0.2156	0.2028	0.4476	0.4538	0.2685	0.2709	0.4073	0.4055	
val losses      180:	0.2036	 0.187	0.2784	0.2828	 0.253	0.2659	0.3514	0.3641	0.6011	0.5683	0.9313	0.9298	 | 0.4347 mean
                     	0.5466	0.4795	0.7144	0.7584	0.6583	0.6573	0.9084	0.9263	 1.604	 1.525	 2.424	 2.421	 | 1.461 quantile
                      	 1.816	 2.047	 2.182	 2.068	 1.673	 1.294	 2.783	  2.52	 2.934	 2.714	 4.096	  3.78	 | 4.096 max

train losses    182:	0.2269	0.2088	 0.332	0.3247	0.2135	 0.202	0.4472	0.4532	0.2628	0.2645	0.2977	0.2959	
val losses      182:	0.2013	0.1863	0.2785	0.2826	0.2473	0.2634	0.3512	0.3641	   0.6	 0.566	0.9731	0.9708	 | 0.4404 mean
                     	0.5363	0.4772	0.7129	0.7595	0.6476	0.6488	0.9124	0.9284	 1.606	 1.524	 2.458	 2.502	 | 1.492 quantile
                      	 1.781	 1.953	 2.162	 2.057	 1.604	 1.305	 2.752	 2.493	 2.892	 2.729	 4.341	 4.023	 | 4.341 max

train losses    184:	0.2249	0.2089	0.3318	0.3246	0.2134	0.2042	0.4469	0.4528	0.2543	0.2559	0.2274	0.2259	
val losses      184:	 0.201	0.1855	0.2784	0.2827	0.2472	 0.263	 0.351	0.3636	0.5987	0.5659	0.9408	0.9391	 | 0.4347 mean
                     	0.5339	0.4733	0.7118	0.7579	0.6492	0.6454	0.9085	0.9274	 1.599	 1.521	 2.458	 2.439	 | 1.455 quantile
                      	 1.749	 1.953	 2.178	 2.064	   1.6	 1.344	 2.785	 2.527	 2.926	  2.74	 4.194	 3.879	 | 4.194 max

train losses    186:	0.2249	0.2073	0.3317	0.3245	 0.215	0.2034	0.4468	0.4527	0.2473	0.2476	0.2006	0.1987	
val losses      186:	0.2019	0.1846	0.2786	0.2825	0.2482	 0.263	0.3511	 0.364	0.5987	0.5668	0.9679	0.9651	 | 0.4394 mean
                     	 0.539	0.4746	0.7138	0.7605	0.6394	0.6479	0.9102	0.9295	 1.587	   1.5	 2.464	  2.48	 | 1.483 quantile
                      	 1.809	 1.892	 2.162	 2.055	 1.564	 1.356	 2.773	 2.504	 2.856	 2.621	 4.335	  4.02	 | 4.335 max

train losses    188:	0.2242	0.2065	0.3316	0.3244	0.2134	0.2013	0.4468	0.4526	0.2527	0.2518	0.2006	 0.199	
val losses      188:	0.2007	0.1856	0.2786	0.2828	0.2469	 0.263	0.3508	0.3634	0.6046	 0.571	0.9292	0.9254	 | 0.4335 mean
                     	0.5337	0.4708	0.7121	0.7598	 0.644	0.6465	0.9056	0.9247	  1.62	 1.531	 2.468	 2.435	 | 1.45 quantile
                      	 1.749	  1.94	 2.159	 2.068	 1.567	 1.315	 2.788	 2.517	 2.986	 2.787	 4.102	 3.792	 | 4.102 max

train losses    190:	0.2236	0.2065	0.3315	0.3243	0.2118	0.2012	0.4466	0.4525	 0.271	0.2687	 0.228	0.2273	
val losses      190:	0.2009	0.1842	0.2785	0.2823	0.2466	0.2639	0.3513	0.3641	0.6007	0.5691	0.9676	0.9643	 | 0.4395 mean
                     	0.5349	0.4716	0.7146	0.7595	0.6384	0.6445	 0.908	0.9288	 1.587	 1.497	 2.467	 2.488	 | 1.484 quantile
                      	 1.838	 1.908	 2.161	 2.053	 1.573	 1.309	 2.784	   2.5	 2.821	 2.654	 4.334	 4.021	 | 4.334 max

train losses    192:	0.2233	0.2059	0.3315	0.3244	0.2118	   0.2	0.4469	0.4526	0.3063	0.3031	0.2882	0.2863	
val losses      192:	0.2014	0.1859	0.2785	 0.283	0.2467	0.2617	0.3506	0.3633	0.6245	0.5928	0.9196	0.9139	 | 0.4352 mean
                     	0.5348	0.4755	0.7124	0.7606	0.6484	0.6458	0.9051	0.9219	 1.693	 1.576	 2.459	 2.433	 | 1.457 quantile
                      	 1.783	 1.961	 2.162	 2.073	 1.598	 1.308	 2.782	 2.512	 3.123	 2.931	 3.955	  3.65	 | 3.955 max

train losses    194:	0.2235	0.2057	0.3314	0.3242	0.2121	0.1997	0.4469	0.4528	0.3497	0.3446	0.3247	0.3248	
val losses      194:	0.2017	 0.183	0.2785	0.2822	0.2466	0.2642	0.3515	0.3641	0.6104	0.5801	0.9494	0.9477	 | 0.4383 mean
                     	0.5362	0.4679	0.7152	0.7592	0.6387	0.6433	0.9076	0.9265	 1.614	 1.524	  2.45	 2.459	 | 1.472 quantile
                      	 1.814	  1.85	 2.166	 2.058	 1.567	 1.314	 2.806	 2.506	  2.77	 2.611	   4.2	   3.9	 | 4.2 max

train losses    196:	0.2224	0.2081	0.3315	0.3246	0.2133	0.2055	0.4469	0.4526	0.3444	0.3384	0.3797	 0.376	
val losses      196:	0.2025	0.1885	0.2784	0.2825	0.2453	0.2607	0.3508	0.3637	  0.61	0.5834	0.9615	 0.957	 | 0.4404 mean
                     	0.5381	0.4842	0.7119	0.7598	0.6485	0.6488	0.9116	0.9259	 1.676	 1.551	 2.467	 2.482	 | 1.489 quantile
                      	 1.798	 1.997	 2.168	  2.07	   1.6	 1.297	 2.738	 2.474	 3.097	 2.835	 4.282	 3.972	 | 4.282 max

train losses    198:	0.2258	0.2057	0.3315	0.3243	0.2154	0.2001	 0.447	0.4527	0.3023	 0.299	0.2913	0.2893	
val losses      198:	0.2032	 0.185	0.2782	0.2828	 0.251	 0.262	0.3519	0.3641	0.6134	0.5742	0.9227	0.9177	 | 0.4339 mean
                     	0.5433	0.4738	0.7132	0.7585	0.6574	0.6479	0.9044	0.9211	 1.632	 1.539	 2.487	 2.429	 | 1.45 quantile
                      	 1.781	 1.963	 2.194	 2.081	 1.706	 1.242	 2.855	  2.55	 3.067	 3.057	 3.961	 3.647	 | 3.961 max

train losses    200:	0.2233	0.2058	0.3315	0.3243	0.2101	0.1997	0.4466	0.4522	0.2512	0.2474	0.2762	0.2742	
val losses      200:	0.2004	0.1873	0.2783	0.2824	0.2456	0.2618	0.3514	0.3643	0.5996	 0.568	0.9755	0.9732	 | 0.4406 mean
                     	0.5325	0.4771	0.7121	0.7623	0.6482	0.6509	0.9077	0.9254	 1.599	 1.483	 2.473	 2.498	 | 1.492 quantile
                      	 1.786	 1.943	 2.168	 2.064	 1.619	 1.187	  2.76	   2.5	 2.856	  2.58	 4.352	 4.048	 | 4.352 max

train losses    202:	0.2224	 0.206	0.3314	0.3243	0.2094	0.1995	0.4464	 0.452	0.2463	0.2462	0.2803	0.2778	
val losses      202:	   0.2	0.1854	0.2781	0.2826	0.2476	0.2605	0.3511	0.3637	0.5996	0.5673	0.9364	0.9336	 | 0.4338 mean
                     	0.5277	 0.474	0.7108	0.7593	 0.652	0.6516	0.9038	0.9211	  1.61	 1.515	  2.45	 2.429	 | 1.448 quantile
                      	 1.787	 1.993	 2.175	 2.072	 1.707	 1.239	 2.794	 2.531	 3.044	 2.838	 4.168	 3.853	 | 4.168 max

train losses    204:	0.2233	0.2026	0.3313	0.3241	0.2117	0.1966	0.4466	0.4522	0.2451	0.2435	0.2488	0.2466	
val losses      204:	0.2006	0.1846	0.2781	0.2827	0.2532	0.2651	0.3514	0.3638	0.5987	0.5648	0.9359	0.9335	 | 0.4344 mean
                     	0.5345	  0.47	 0.713	0.7583	0.6663	0.6631	0.9044	0.9197	 1.592	 1.497	 2.445	 2.438	 | 1.444 quantile
                      	   1.8	 1.915	 2.158	 2.067	   1.7	 1.232	 2.829	 2.559	 2.924	 2.579	 4.156	 3.844	 | 4.156 max

train losses    206:	0.2215	 0.204	0.3311	 0.324	0.2105	0.2004	0.4463	0.4518	0.2479	0.2484	0.2383	 0.236	
val losses      206:	0.1991	0.1854	0.2782	0.2824	0.2466	0.2611	 0.351	0.3636	0.5982	0.5637	0.9601	0.9586	 | 0.4373 mean
                     	0.5253	0.4734	0.7119	0.7622	0.6453	0.6457	0.9093	 0.924	 1.595	 1.498	  2.45	 2.465	 | 1.476 quantile
                      	 1.825	 1.927	 2.148	 2.064	 1.651	 1.226	 2.792	 2.526	 2.995	 2.683	 4.307	 3.994	 | 4.307 max

train losses    208:	0.2217	0.2034	0.3311	0.3238	0.2136	 0.203	0.4464	0.4517	0.2463	0.2459	0.2235	0.2206	
val losses      208:	0.2001	0.1828	0.2782	0.2826	0.2478	0.2596	0.3512	0.3635	0.6015	0.5668	0.9274	0.9239	 | 0.4321 mean
                     	 0.531	0.4664	0.7134	0.7603	0.6447	0.6433	0.9056	0.9204	 1.587	 1.497	 2.436	  2.43	 | 1.435 quantile
                      	 1.829	 1.888	 2.146	 2.072	 1.648	 1.278	 2.851	 2.573	 2.922	 2.593	 4.072	 3.763	 | 4.072 max

train losses    210:	0.2214	0.2028	 0.331	0.3237	0.2133	0.2011	0.4463	0.4517	0.2523	0.2539	0.2359	0.2345	
val losses      210:	0.1994	0.1828	0.2784	0.2823	0.2451	0.2589	 0.351	0.3635	0.5995	0.5645	0.9629	0.9614	 | 0.4375 mean
                     	0.5294	0.4674	0.7115	0.7608	0.6408	0.6388	0.9079	0.9249	 1.607	  1.49	 2.452	 2.465	 | 1.479 quantile
                      	  1.88	 1.876	 2.137	 2.064	 1.595	   1.3	 2.805	 2.524	 3.008	 2.647	 4.303	 3.996	 | 4.303 max

train losses    212:	0.2212	0.2035	0.3308	0.3236	0.2088	0.1976	0.4463	0.4515	  0.25	0.2502	 0.226	0.2233	
val losses      212:	0.2004	0.1819	0.2784	0.2824	0.2461	0.2622	0.3509	0.3631	0.6023	 0.567	0.9263	0.9224	 | 0.4319 mean
                     	0.5376	0.4652	0.7107	0.7607	0.6331	0.6357	0.9049	0.9186	 1.593	 1.493	 2.451	 2.429	 | 1.431 quantile
                      	 1.893	 1.837	 2.138	  2.07	 1.562	 1.344	 2.841	 2.559	 2.895	  2.59	 4.055	 3.751	 | 4.055 max

train losses    214:	0.2202	0.2021	0.3308	0.3235	0.2072	0.1943	0.4461	0.4514	  0.26	0.2624	0.2471	0.2468	
val losses      214:	0.1999	0.1817	0.2785	0.2822	0.2441	0.2581	0.3509	0.3633	0.6006	0.5704	0.9656	0.9638	 | 0.4382 mean
                     	0.5322	0.4665	0.7096	0.7606	0.6444	0.6365	0.9079	0.9268	 1.612	 1.484	 2.444	 2.473	 | 1.487 quantile
                      	 1.909	 1.844	 2.132	 2.062	 1.584	 1.285	 2.798	 2.503	 3.052	  2.68	 4.324	 4.021	 | 4.324 max

train losses    216:	0.2217	0.2048	0.3307	0.3235	0.2128	0.2017	0.4461	 0.451	0.2887	 0.286	0.2528	0.2513	
val losses      216:	0.2021	0.1813	0.2785	0.2823	0.2473	0.2635	0.3509	0.3628	0.6035	0.5698	0.9214	0.9167	 | 0.4317 mean
                     	0.5405	0.4651	0.7097	 0.762	0.6382	0.6382	0.9035	0.9169	 1.592	 1.491	 2.448	  2.43	 | 1.425 quantile
                      	 1.913	 1.768	 2.128	 2.073	  1.55	 1.374	 2.847	 2.554	  2.83	 2.563	 3.995	 3.698	 | 3.995 max

train losses    218:	0.2212	0.2035	0.3307	0.3235	0.2335	0.2235	0.4459	0.4511	0.3251	0.3254	0.2978	 0.296	
val losses      218:	0.2015	0.1814	0.2786	0.2822	0.2489	  0.26	0.3509	 0.363	0.6205	0.5981	0.9583	0.9564	 | 0.4416 mean
                     	0.5374	0.4663	0.7097	 0.761	0.6613	0.6489	0.9077	0.9266	 1.692	 1.534	 2.444	 2.452	 | 1.501 quantile
                      	  1.83	 1.818	 2.127	 2.067	  1.65	 1.282	 2.804	 2.501	 3.186	 2.832	 4.322	  4.02	 | 4.322 max

train losses    220:	0.2257	0.2101	0.3307	0.3236	 0.232	0.2228	0.4459	0.4508	 0.357	0.3492	0.3333	0.3345	
val losses      220:	0.2015	0.1804	0.2784	 0.282	0.2469	0.2576	0.3507	0.3626	0.6054	0.5731	0.9327	0.9307	 | 0.4335 mean
                     	0.5367	 0.463	0.7113	0.7599	0.6499	0.6336	0.9065	0.9213	 1.588	 1.496	 2.453	 2.434	 | 1.44 quantile
                      	 1.885	 1.747	 2.128	 2.067	 1.625	 1.361	 2.831	 2.534	  2.75	  2.63	 4.116	 3.816	 | 4.116 max

train losses    222:	0.2232	0.2056	0.3309	0.3236	0.2303	0.2185	 0.446	0.4512	0.3582	0.3577	0.2949	0.2928	
val losses      222:	0.2012	0.1829	0.2784	0.2827	0.2826	 0.294	0.3511	0.3627	0.6128	 0.591	0.9327	0.9304	 | 0.4419 mean
                     	 0.534	0.4666	0.7122	0.7611	0.7327	0.7345	 0.906	0.9167	 1.696	 1.527	 2.441	 2.434	 | 1.47 quantile
                      	 1.764	 1.897	 2.135	 2.077	 1.767	 1.306	 2.841	 2.538	  3.09	 2.786	 4.186	 3.877	 | 4.186 max

train losses    224:	0.2257	0.2071	0.3309	0.3236	0.2309	0.2223	0.4457	0.4506	0.2932	0.2874	0.2512	0.2523	
val losses      224:	0.1996	0.1846	 0.278	0.2823	0.2685	0.2776	0.3508	0.3628	0.6182	0.5824	0.9553	0.9524	 | 0.4427 mean
                     	0.5337	0.4747	0.7115	0.7603	0.7149	0.7062	 0.909	0.9216	 1.658	 1.555	 2.464	 2.454	 | 1.495 quantile
                      	 1.797	 1.909	  2.16	 2.066	 1.904	 1.295	 2.804	 2.478	 3.077	 3.242	 4.274	 3.965	 | 4.274 max

train losses    226:	0.2228	0.2044	0.3309	0.3235	0.2302	0.2232	0.4458	0.4507	0.2615	0.2557	0.2474	0.2456	
val losses      226:	0.1986	0.1826	0.2779	0.2826	0.2482	0.2594	 0.351	0.3629	0.6016	0.5708	0.9335	0.9313	 | 0.4334 mean
                     	0.5191	0.4645	0.7121	0.7624	0.6553	0.6511	0.9054	0.9194	 1.591	 1.504	 2.455	 2.431	 | 1.451 quantile
                      	 1.822	 1.923	 2.156	 2.069	 1.644	 1.201	 2.814	  2.52	 2.857	 2.665	 4.127	 3.817	 | 4.127 max

train losses    228:	0.2216	 0.201	0.3307	0.3235	0.2245	0.2134	0.4458	0.4508	0.2501	0.2491	0.2587	0.2574	
val losses      228:	0.1991	0.1839	0.2779	0.2823	0.2448	0.2577	0.3509	 0.363	0.6009	0.5675	0.9347	0.9323	 | 0.4329 mean
                     	0.5248	  0.47	0.7112	0.7632	0.6334	0.6389	 0.911	 0.922	 1.615	 1.522	 2.444	 2.426	 | 1.46 quantile
                      	 1.784	 1.911	 2.157	 2.066	 1.591	 1.303	 2.817	 2.519	 3.076	 2.947	 4.223	 3.902	 | 4.223 max

train losses    230:	0.2193	0.2007	0.3304	0.3233	0.2114	0.1996	0.4457	0.4505	0.2645	0.2661	0.2866	0.2835	
val losses      230:	0.1981	0.1833	0.2779	0.2821	0.2493	0.2629	0.3504	0.3628	0.5963	0.5622	0.9426	0.9412	 | 0.4341 mean
                     	0.5251	0.4687	0.7118	0.7619	0.6347	0.6457	0.9095	0.9258	 1.597	 1.506	 2.448	 2.454	 | 1.455 quantile
                      	 1.835	 1.878	 2.148	 2.065	 1.476	 1.508	 2.818	 2.515	 3.038	 2.789	 4.166	 3.853	 | 4.166 max

train losses    232:	0.2184	   0.2	0.3303	0.3231	0.2124	0.1999	0.4454	  0.45	0.2618	0.2643	0.2676	0.2654	
val losses      232:	0.1993	0.1825	0.2779	0.2823	0.2498	0.2625	0.3506	0.3627	0.6062	0.5694	0.9247	0.9227	 | 0.4326 mean
                     	0.5287	0.4658	0.7125	0.7621	0.6406	0.6455	0.9088	0.9196	 1.592	 1.504	 2.435	 2.418	 | 1.443 quantile
                      	 1.863	 1.837	 2.137	  2.07	 1.468	 1.503	 2.849	 2.548	 2.935	 2.614	 4.114	 3.802	 | 4.114 max

train losses    234:	0.2181	0.1996	0.3301	 0.323	0.2201	0.2084	0.4451	0.4495	0.2554	0.2591	0.2593	0.2573	
val losses      234:	0.1983	0.1814	0.2781	0.2821	0.2443	0.2564	0.3503	0.3622	0.5979	0.5646	0.9491	0.9478	 | 0.4344 mean
                     	0.5249	0.4635	0.7125	0.7602	0.6392	0.6364	0.9101	0.9217	 1.603	  1.48	 2.437	 2.452	 | 1.465 quantile
                      	 1.891	 1.849	 2.128	  2.06	 1.614	 1.292	 2.811	 2.516	 2.999	 2.664	 4.241	 3.937	 | 4.241 max

train losses    236:	0.2186	0.2002	  0.33	0.3228	0.2185	0.2067	0.4448	0.4491	0.2422	0.2446	0.2263	0.2251	
val losses      236:	0.1981	0.1819	 0.278	0.2821	0.2493	0.2616	0.3505	 0.362	0.6016	 0.566	0.9267	0.9244	 | 0.4318 mean
                     	0.5218	0.4621	0.7124	0.7613	0.6611	0.6649	0.9028	0.9178	 1.592	 1.475	 2.434	 2.416	 | 1.438 quantile
                      	 1.933	 1.856	 2.123	 2.064	 1.711	  1.22	 2.859	 2.556	 2.906	 2.611	 4.153	  3.85	 | 4.153 max

train losses    238:	0.2178	0.1993	0.3299	0.3228	0.2093	0.1966	0.4445	0.4488	0.2401	0.2414	0.2137	 0.214	
val losses      238:	0.1979	0.1816	0.2782	0.2821	0.2549	0.2678	0.3502	0.3616	0.5992	0.5691	0.9538	0.9515	 | 0.4373 mean
                     	0.5202	0.4611	0.7119	0.7605	0.6862	0.6893	0.9057	0.9204	 1.613	 1.472	 2.445	 2.454	 | 1.473 quantile
                      	 1.976	 1.843	 2.109	 2.061	 1.755	 1.241	 2.838	 2.525	 2.983	 2.664	 4.317	 4.014	 | 4.317 max

train losses    240:	0.2189	0.1998	0.3298	0.3226	0.2088	0.1966	0.4445	0.4486	 0.246	0.2454	0.1923	0.1902	
val losses      240:	0.1989	 0.181	0.2782	0.2823	0.2465	0.2592	  0.35	0.3613	0.5978	0.5669	0.9266	0.9241	 | 0.4311 mean
                     	0.5279	0.4615	0.7092	0.7608	0.6523	0.6516	 0.903	 0.916	 1.603	 1.473	 2.446	 2.424	 | 1.44 quantile
                      	 2.023	 1.775	 2.103	 2.068	 1.683	 1.212	 2.856	 2.534	 2.951	 2.708	 4.135	  3.84	 | 4.135 max

train losses    242:	0.2193	0.2009	0.3297	0.3225	0.2089	0.1972	0.4443	0.4485	0.2642	0.2629	0.2066	0.2074	
val losses      242:	0.2008	0.1814	0.2782	0.2822	0.2425	0.2553	0.3499	0.3615	0.6027	0.5757	 0.955	0.9532	 | 0.4365 mean
                     	0.5318	0.4661	0.7082	0.7615	0.6334	0.6314	0.9088	0.9231	 1.632	 1.502	 2.441	 2.458	 | 1.484 quantile
                      	 2.078	 1.792	 2.098	 2.063	 1.608	 1.292	 2.816	 2.481	 2.986	 2.772	 4.304	 4.006	 | 4.304 max

train losses    244:	0.2201	0.2014	0.3297	0.3224	0.2047	0.1919	0.4443	0.4482	0.2723	0.2709	0.2184	0.2165	
val losses      244:	0.2038	0.1823	0.2784	0.2823	0.2424	 0.256	0.3497	0.3611	0.6019	0.5701	0.9193	0.9157	 | 0.4303 mean
                     	0.5405	0.4688	0.7079	0.7614	0.6261	0.6251	0.9067	0.9188	 1.628	 1.511	 2.454	 2.418	 | 1.442 quantile
                      	 2.065	 1.821	 2.094	  2.07	 1.509	 1.392	 2.852	 2.516	 3.002	 2.885	 4.009	 3.722	 | 4.009 max

train losses    246:	  0.22	0.2033	0.3296	0.3223	0.2031	0.1902	 0.444	0.4479	 0.292	0.2887	0.2592	0.2593	
val losses      246:	0.2028	0.1829	0.2785	0.2821	0.2409	0.2549	  0.35	0.3616	0.6041	0.5764	 0.969	0.9685	 | 0.4393 mean
                     	0.5371	0.4729	0.7084	0.7599	0.6354	0.6326	0.9071	0.9227	 1.631	 1.506	 2.459	 2.479	 | 1.502 quantile
                      	 2.145	 1.817	 2.094	  2.06	 1.592	 1.292	 2.818	 2.486	 2.981	 2.874	 4.348	 4.052	 | 4.348 max

train losses    248:	 0.222	0.2061	0.3297	0.3223	0.2096	0.1967	0.4441	0.4477	0.3069	0.3092	0.2809	0.2799	
val losses      248:	0.2046	0.1819	0.2786	0.2822	0.2443	0.2551	0.3496	0.3609	0.6084	0.5737	0.9166	0.9136	 | 0.4308 mean
                     	0.5441	0.4639	 0.706	0.7612	0.6435	0.6363	0.9067	0.9181	 1.631	 1.541	 2.436	 2.399	 | 1.448 quantile
                      	 2.035	 1.808	  2.09	 2.071	 1.624	 1.331	 2.861	 2.522	 3.133	 3.093	 3.983	 3.704	 | 3.983 max

train losses    250:	0.2297	0.2132	0.3297	0.3223	0.2058	0.1905	0.4439	0.4474	0.3174	0.3129	 0.284	 0.282	
val losses      250:	0.2106	 0.188	0.2786	0.2819	0.2465	0.2571	0.3502	0.3615	0.6056	0.5732	0.9516	0.9531	 | 0.4382 mean
                     	 0.557	0.4865	 0.705	0.7589	0.6525	0.6459	 0.906	0.9219	 1.602	 1.487	 2.434	  2.44	 | 1.471 quantile
                      	 2.221	 1.888	 2.091	 2.058	 1.675	 1.215	 2.874	 2.526	 2.837	 2.671	 4.285	 3.991	 | 4.285 max

train losses    252:	0.2282	0.2171	  0.33	0.3224	0.2064	0.1946	0.4435	 0.447	0.2764	0.2846	0.2474	0.2489	
val losses      252:	0.2028	0.1819	0.2786	0.2821	0.2497	0.2605	0.3494	0.3607	0.6113	0.5796	0.9378	0.9379	 | 0.436 mean
                     	0.5366	0.4666	0.7054	0.7625	 0.659	0.6614	 0.907	0.9206	 1.628	 1.561	  2.43	 2.431	 | 1.469 quantile
                      	 2.044	 1.835	 2.093	 2.065	 1.694	 1.195	 2.834	 2.489	 3.151	 3.165	 4.199	 3.913	 | 4.199 max

train losses    254:	0.2372	0.2205	  0.33	0.3223	0.2038	0.1864	0.4432	0.4465	0.2728	0.2727	0.2071	0.2067	
val losses      254:	0.2078	0.1837	0.2784	 0.282	0.2472	0.2555	  0.35	0.3611	0.6022	0.5689	0.9401	0.9404	 | 0.4348 mean
                     	0.5511	0.4706	0.7066	 0.759	0.6534	0.6429	0.9051	0.9189	 1.604	 1.528	  2.42	 2.426	 | 1.463 quantile
                      	 2.074	 1.799	 2.105	 2.061	 1.687	 1.237	 2.894	 2.524	 2.997	 2.799	 4.224	 3.929	 | 4.224 max

train losses    256:	0.2332	 0.219	0.3297	0.3223	0.2035	0.1902	0.4428	0.4457	 0.263	0.2633	 0.191	0.1906	
val losses      256:	 0.203	0.1814	0.2782	0.2822	0.2403	0.2528	0.3494	0.3605	0.6002	0.5665	0.9367	0.9368	 | 0.4323 mean
                     	0.5351	0.4675	0.7063	0.7608	0.6228	 0.624	0.9049	0.9171	 1.582	 1.483	 2.431	 2.432	 | 1.447 quantile
                      	 2.116	 1.811	 2.099	 2.065	 1.547	 1.315	 2.877	 2.541	 2.849	 2.602	 4.202	 3.907	 | 4.202 max

train losses    258:	0.2266	0.2121	0.3296	0.3222	0.2021	  0.19	0.4423	 0.445	0.2674	0.2717	0.1865	0.1849	
val losses      258:	0.2003	  0.18	0.2782	0.2822	0.2412	0.2533	0.3493	  0.36	0.5973	 0.567	0.9378	0.9372	 | 0.432 mean
                     	0.5301	0.4623	0.7091	0.7594	0.6294	0.6288	0.9055	0.9185	  1.62	 1.489	 2.421	 2.421	 | 1.46 quantile
                      	 2.119	 1.802	 2.119	 2.065	 1.608	 1.273	 2.891	 2.558	 3.107	 2.877	 4.223	  3.93	 | 4.223 max

train losses    260:	0.2225	0.2048	 0.329	0.3221	0.2017	0.1871	0.4418	0.4441	 0.252	0.2515	0.1995	0.2014	
val losses      260:	0.1997	0.1795	 0.278	0.2821	0.2433	0.2549	 0.349	0.3596	0.6056	 0.571	0.9459	0.9455	 | 0.4345 mean
                     	0.5289	0.4613	0.7097	0.7608	0.6261	0.6248	0.9066	0.9165	 1.576	 1.476	 2.434	 2.448	 | 1.456 quantile
                      	 2.108	 1.749	 2.113	 2.067	 1.535	 1.405	  2.91	 2.592	 2.858	 2.649	  4.26	 3.964	 | 4.26 max

train losses    262:	0.2185	0.1994	0.3286	0.3219	0.1995	0.1855	0.4411	0.4429	0.2458	0.2477	0.2103	0.2064	
val losses      262:	0.1977	0.1792	0.2779	0.2823	0.2404	0.2538	0.3485	0.3588	0.5962	0.5654	0.9239	0.9216	 | 0.4288 mean
                     	0.5226	0.4566	0.7093	0.7613	0.6257	0.6275	0.9019	0.9106	 1.611	 1.473	  2.43	 2.421	 | 1.433 quantile
                      	 2.114	 1.777	 2.109	 2.075	 1.586	 1.296	 2.939	 2.636	 3.017	 2.696	 4.092	 3.809	 | 4.092 max

train losses    264:	0.2151	0.1982	0.3282	0.3218	0.1997	0.1879	  0.44	0.4414	0.2473	0.2465	0.2578	0.2595	
val losses      264:	0.1969	0.1788	0.2777	0.2821	0.2403	0.2524	0.3478	0.3579	0.5992	0.5682	0.9744	0.9737	 | 0.4374 mean
                     	0.5182	0.4585	0.7102	0.7579	0.6287	0.6293	0.9025	0.9128	   1.6	 1.474	 2.464	 2.496	 | 1.48 quantile
                      	 2.158	 1.731	 2.109	 2.057	 1.629	  1.29	 2.891	 2.594	 2.903	 2.604	 4.362	 4.072	 | 4.362 max

train losses    266:	0.2168	0.1967	0.3279	0.3219	0.2045	0.1903	0.4393	0.4399	0.2519	0.2489	0.2807	0.2762	
val losses      266:	0.1977	0.1787	0.2777	0.2826	0.2428	0.2549	0.3479	0.3574	0.5981	0.5685	0.9204	0.9134	 | 0.4283 mean
                     	 0.521	0.4541	0.7062	0.7639	0.6461	0.6427	0.8935	0.9034	 1.624	 1.479	 2.516	 2.465	 | 1.426 quantile
                      	 2.071	 1.767	 2.098	 2.083	 1.648	  1.29	 2.983	 2.677	 3.039	 2.732	 3.881	 3.601	 | 3.881 max

train losses    268:	0.2155	0.1974	0.3276	0.3217	0.2015	0.1893	 0.438	0.4385	0.2626	0.2574	0.3011	0.3018	
val losses      268:	0.1978	0.1781	0.2776	0.2822	0.2407	 0.253	0.3469	0.3565	 0.597	0.5685	 1.014	 1.014	 | 0.4438 mean
                     	0.5191	 0.458	0.7081	0.7576	0.6343	  0.63	0.8975	 0.912	 1.592	 1.467	 2.542	 2.555	 | 1.521 quantile
                      	 2.209	 1.705	 2.099	 2.053	 1.666	 1.247	 2.884	 2.563	 2.891	 2.679	 4.452	 4.161	 | 4.452 max

train losses    270:	0.2164	0.1982	0.3275	0.3218	0.1982	0.1847	0.4371	0.4366	0.2703	 0.265	0.2977	0.2961	
val losses      270:	0.1976	0.1789	0.2775	0.2827	0.2418	0.2529	0.3462	0.3555	0.6026	0.5736	0.9167	 0.912	 | 0.4282 mean
                     	0.5198	0.4539	0.7054	0.7661	0.6332	0.6359	0.8948	0.9041	 1.645	 1.508	 2.453	 2.431	 | 1.427 quantile
                      	 2.026	 1.792	 2.091	 2.084	 1.599	 1.346	 2.973	 2.642	 3.046	 2.875	 3.939	 3.658	 | 3.939 max

train losses    272:	0.2178	0.1964	0.3271	0.3216	0.1988	0.1845	0.4355	0.4343	0.2552	0.2493	0.2555	0.2547	
val losses      272:	   0.2	0.1781	0.2774	0.2823	0.2435	0.2545	0.3456	0.3541	0.6017	 0.572	0.9446	0.9441	 | 0.4331 mean
                     	0.5265	0.4588	0.7066	0.7593	  0.64	0.6371	0.8908	0.9052	 1.615	 1.496	 2.432	 2.424	 | 1.469 quantile
                      	 2.174	 1.723	 2.097	 2.066	 1.689	 1.215	 2.993	 2.633	  3.03	 2.942	 4.236	 3.946	 | 4.236 max

train losses    274:	0.2143	0.1968	0.3267	0.3217	0.2027	 0.193	0.4333	0.4311	 0.242	0.2366	0.2383	0.2379	
val losses      274:	0.1968	0.1788	0.2773	0.2826	0.2389	0.2499	0.3436	0.3521	0.5974	0.5671	0.9612	0.9616	 | 0.434 mean
                     	0.5123	0.4539	0.7035	0.7605	0.6189	 0.621	0.8888	0.9025	 1.619	 1.489	 2.458	  2.47	 | 1.476 quantile
                      	 2.172	 1.722	 2.072	 2.066	 1.554	 1.381	 2.933	 2.621	  2.99	 2.897	 4.307	 4.022	 | 4.307 max

train losses    276:	0.2167	0.1937	0.3263	0.3217	0.2047	0.1909	0.4309	0.4274	0.2382	0.2345	0.2309	0.2243	
val losses      276:	0.2011	 0.178	0.2774	0.2828	0.2427	0.2525	0.3429	0.3504	   0.6	0.5682	0.9207	 0.917	 | 0.4278 mean
                     	0.5286	0.4553	0.7038	0.7654	0.6363	0.6309	0.8834	0.8923	  1.61	 1.509	 2.479	 2.439	 | 1.435 quantile
                      	 2.198	 1.733	 2.079	 2.078	  1.64	 1.308	 3.061	 2.752	 3.036	 2.911	 3.998	 3.711	 | 3.998 max

train losses    278:	0.2133	0.1924	0.3257	0.3217	0.2018	0.1878	0.4278	0.4233	0.2416	0.2415	0.2414	0.2392	
val losses      278:	0.1971	0.1779	0.2775	0.2828	0.2409	0.2521	0.3402	0.3478	 0.596	0.5656	0.9916	0.9922	 | 0.4385 mean
                     	0.5139	0.4543	0.7033	0.7624	0.6407	0.6337	0.8792	0.8908	 1.619	 1.489	 2.494	 2.538	 | 1.507 quantile
                      	 2.196	 1.748	 2.065	  2.07	 1.625	  1.33	 2.965	 2.681	 3.066	 2.865	 4.417	 4.142	 | 4.417 max

train losses    280:	0.2153	0.1944	0.3251	0.3218	0.1978	0.1849	0.4237	0.4171	0.2632	0.2618	0.2427	0.2367	
val losses      280:	0.2014	0.1779	0.2775	 0.283	0.2408	0.2512	 0.339	0.3458	0.6073	0.5736	0.9172	0.9123	 | 0.4272 mean
                     	0.5316	 0.454	0.7086	0.7647	0.6334	0.6292	0.8749	0.8791	 1.604	 1.506	   2.5	 2.428	 | 1.422 quantile
                      	 2.271	 1.739	 2.059	 2.093	 1.631	 1.389	 3.115	 2.823	 2.929	 2.719	 3.914	 3.633	 | 3.914 max

train losses    282:	0.2141	0.1933	0.3248	 0.322	0.2041	0.1908	0.4186	0.4108	0.2975	0.3021	0.2451	0.2425	
val losses      282:	0.1999	 0.177	0.2779	0.2831	0.2445	0.2559	0.3346	0.3418	0.5978	0.5695	0.9684	0.9707	 | 0.4351 mean
                     	 0.525	 0.451	0.7066	0.7599	0.6538	0.6414	 0.866	0.8741	 1.617	 1.485	 2.457	 2.471	 | 1.49 quantile
                      	  2.29	 1.701	 2.028	 2.077	 1.645	 1.319	 3.022	  2.72	 3.171	 2.791	 4.365	   4.1	 | 4.365 max

train losses    284:	0.2228	0.2019	0.3239	0.3223	0.2007	0.1893	0.4125	0.4023	0.3318	0.3302	0.2502	0.2474	
val losses      284:	0.2072	0.1801	0.2778	 0.283	 0.241	0.2498	0.3326	0.3386	0.6252	0.5855	0.9266	0.9276	 | 0.4312 mean
                     	0.5434	0.4619	0.7124	0.7613	 0.631	0.6181	0.8586	0.8649	 1.618	  1.55	 2.423	 2.442	 | 1.439 quantile
                      	 2.294	 1.705	 2.064	 2.081	 1.587	 1.486	 3.143	 2.841	 2.862	 2.663	 4.095	 3.826	 | 4.095 max

train losses    286:	0.2235	0.2028	 0.324	0.3225	0.2029	0.1893	0.4044	0.3933	0.3364	0.3397	0.2518	0.2461	
val losses      286:	0.2101	0.1801	0.2787	0.2833	 0.242	0.2538	0.3265	0.3331	0.5992	0.5753	0.9241	0.9243	 | 0.4275 mean
                     	0.5541	0.4629	0.7112	0.7628	0.6455	0.6377	0.8498	0.8525	 1.625	 1.478	 2.457	 2.431	 | 1.441 quantile
                      	 2.334	  1.73	 2.052	 2.093	 1.605	 1.354	 3.162	 2.862	 3.169	 2.734	 4.096	 3.848	 | 4.096 max

train losses    288:	 0.231	0.2115	0.3228	0.3229	0.1997	 0.193	0.3952	0.3823	0.3207	0.3168	0.2604	0.2724	
val losses      288:	0.2117	0.1852	0.2786	0.2836	0.2374	0.2484	0.3231	 0.329	0.6151	0.5771	0.9761	0.9824	 | 0.4373 mean
                     	 0.549	0.4784	0.7098	0.7615	 0.627	0.6232	0.8394	0.8392	 1.602	 1.534	  2.48	 2.519	 | 1.488 quantile
                      	 2.449	 1.783	 2.121	 2.062	 1.627	 1.375	 3.233	 2.975	 2.813	 2.693	 4.349	 4.105	 | 4.349 max

train losses    290:	0.2291	0.2116	0.3227	0.3224	0.2039	0.1917	 0.384	0.3711	 0.283	0.2806	0.2468	0.2409	
val losses      290:	0.2083	0.1785	0.2789	0.2829	0.2467	0.2587	0.3189	0.3259	0.5992	0.5723	0.9202	0.9173	 | 0.4257 mean
                     	0.5465	0.4585	0.7105	0.7632	0.6701	0.6639	0.8203	0.8256	  1.62	 1.454	 2.484	 2.454	 | 1.421 quantile
                      	 2.348	 1.699	 2.086	 2.088	 1.697	 1.293	 3.312	 3.066	 3.005	 2.595	  3.98	  3.74	 | 3.98 max

train losses    292:	0.2347	0.2126	0.3224	0.3218	0.2003	0.1923	 0.371	0.3589	0.2601	 0.258	0.2392	0.2388	
val losses      292:	  0.21	0.1852	0.2803	0.2828	0.2424	0.2567	0.3133	0.3214	0.5951	0.5663	0.9493	 0.953	 | 0.4297 mean
                     	0.5473	0.4768	0.7142	0.7614	0.6484	0.6521	0.8024	0.8172	 1.588	 1.479	 2.433	 2.456	 | 1.458 quantile
                      	 2.474	  1.85	 2.136	 2.065	 1.764	 1.177	 3.395	 3.135	 3.038	 2.866	 4.302	 4.072	 | 4.302 max

train losses    294:	0.2354	0.2199	0.3227	0.3206	 0.199	0.1909	0.3574	0.3476	0.2619	0.2557	0.2251	0.2309	
val losses      294:	0.2125	0.1824	0.2805	0.2823	0.2397	0.2525	0.3067	0.3178	0.5967	 0.566	0.9387	0.9422	 | 0.4265 mean
                     	0.5512	0.4651	0.7116	0.7623	0.6382	0.6468	0.7904	0.8123	 1.585	 1.435	 2.428	 2.454	 | 1.432 quantile
                      	 2.442	 1.788	 2.082	 2.071	 1.696	 1.302	 3.358	 3.111	 2.855	 2.642	 4.141	 3.905	 | 4.141 max

train losses    296:	0.2359	0.2144	 0.323	0.3185	0.2024	0.1911	0.3448	0.3376	0.2637	0.2589	0.2172	0.2131	
val losses      296:	0.2086	0.1832	0.2818	0.2817	0.2482	0.2613	0.3037	0.3171	0.6002	0.5739	0.9317	0.9332	 | 0.4271 mean
                     	0.5466	0.4701	0.7167	 0.762	0.6755	 0.671	0.7803	0.8089	 1.628	 1.487	 2.459	  2.43	 | 1.444 quantile
                      	 2.495	 1.833	  2.07	 2.065	 1.785	 1.171	 3.402	 3.138	 3.041	 2.907	 4.116	 3.871	 | 4.116 max

train losses    298:	0.2365	0.2207	0.3221	0.3164	0.1952	0.1883	0.3347	  0.33	0.2814	0.2711	0.2151	0.2218	
val losses      298:	0.2124	0.1861	0.2812	0.2813	0.2375	0.2517	0.3032	0.3178	0.5958	0.5709	0.9531	0.9578	 | 0.4291 mean
                     	0.5507	0.4771	0.7183	0.7578	 0.629	0.6351	0.7726	0.8099	 1.595	 1.461	  2.43	 2.465	 | 1.461 quantile
                      	 2.458	 1.803	 2.034	 2.042	 1.719	 1.287	 3.333	  3.02	 2.824	 2.817	 4.245	 4.001	 | 4.245 max

