train losses      0:	0.6369	 0.631	0.4201	0.4227	0.7708	0.7916	0.5291	 0.545	 1.611	 1.623	 1.498	  1.48	
val losses        0:	 1.593	0.7179	0.7383	 0.448	0.8974	 1.193	0.8444	 1.107	  1.57	 1.585	 2.418	  1.78	 | 1.241 mean
                     	 2.585	 1.966	 1.576	 1.211	  2.12	 2.648	 1.898	 2.141	  3.98	 4.249	 6.085	 5.081	 | 3.364 quantile
                      	 4.475	 6.563	 3.675	 3.052	 4.479	 4.572	 3.974	 3.964	 7.808	 7.918	  10.0	 8.825	 | 10.0 max

train losses      2:	0.5745	0.5853	 0.392	0.3928	0.7446	0.7672	0.5052	0.5108	 1.585	 1.598	 1.465	 1.462	
val losses        2:	0.4881	0.6594	 0.439	0.4182	0.5818	0.6242	0.4771	0.4651	 1.312	 1.386	 1.712	 1.709	 | 0.856 mean
                     	 1.513	 1.965	 1.147	 1.147	 1.732	 1.796	 1.385	 1.396	 3.766	 3.857	 4.914	 4.935	 | 2.959 quantile
                      	 5.405	  7.08	 3.001	 2.762	 3.794	 3.766	 2.967	  3.16	 6.321	 6.825	 7.936	 7.908	 | 7.936 max

train losses      4:	0.5438	0.5551	0.3687	0.3685	0.7243	0.7466	0.4884	0.4957	 1.557	 1.566	 1.446	 1.451	
val losses        4:	0.4882	0.6416	0.4303	0.4144	0.5775	0.6211	0.4766	0.4581	 1.304	 1.376	 1.715	 1.718	 | 0.8517 mean
                     	 1.524	 1.902	 1.134	 1.124	 1.729	 1.774	 1.416	 1.379	 3.709	 3.811	 4.938	 4.939	 | 2.938 quantile
                      	 4.637	 5.675	 2.964	 2.833	 3.756	 3.803	 2.994	 3.049	 6.229	 6.837	 7.983	 7.884	 | 7.983 max

train losses      6:	0.5373	0.5483	0.3797	0.3776	0.7162	0.7364	0.4966	0.5061	 1.503	  1.51	 1.428	  1.44	
val losses        6:	0.4592	0.5917	0.4344	0.4184	0.5582	0.6074	  0.48	 0.466	 1.224	 1.294	 1.671	  1.69	 | 0.8246 mean
                     	 1.364	 1.749	 1.148	 1.137	 1.672	  1.74	 1.418	 1.402	 3.548	 3.568	 4.763	 4.864	 | 2.848 quantile
                      	 4.076	 4.794	  2.92	 2.697	 3.693	 3.772	 3.049	  3.06	 5.905	 6.333	  7.81	 7.873	 | 7.873 max

train losses      8:	0.5416	0.5513	0.4011	0.3995	0.7102	0.7255	0.5166	 0.529	  1.42	 1.424	 1.406	 1.426	
val losses        8:	0.4522	0.5787	 0.436	0.4214	0.5306	0.5795	0.4818	0.4713	 1.144	 1.219	 1.634	 1.666	 | 0.8012 mean
                     	  1.36	 1.689	 1.153	 1.144	 1.588	 1.675	 1.422	 1.414	  3.34	 3.376	 4.697	 4.839	 | 2.739 quantile
                      	 3.838	 4.808	 2.998	 2.766	 3.473	 3.467	 3.007	  3.06	 5.498	 5.783	  7.73	 7.812	 | 7.812 max

train losses     10:	0.5609	0.5701	0.4286	0.4318	0.7102	0.7169	0.5463	0.5598	 1.295	 1.302	  1.38	 1.409	
val losses       10:	0.4499	 0.573	0.4349	0.4268	0.5051	0.5527	0.4857	0.4773	 1.031	 1.108	 1.579	 1.627	 | 0.771 mean
                     	 1.331	 1.633	 1.146	 1.144	 1.527	 1.614	 1.434	 1.427	 3.033	 3.058	 4.564	 4.741	 | 2.604 quantile
                      	 3.569	 4.553	 3.003	 2.971	 3.399	 3.256	 2.962	 3.072	 4.737	 5.187	 7.441	 7.576	 | 7.576 max

train losses     12:	  0.58	 0.588	0.4508	0.4599	0.7158	0.7108	0.5725	 0.584	 1.166	 1.183	 1.354	 1.391	
val losses       12:	0.4451	0.5566	0.4287	0.4269	0.4816	0.5258	0.4861	0.4769	0.8476	0.9496	 1.523	 1.587	 | 0.7279 mean
                     	 1.302	 1.574	 1.143	 1.149	 1.462	 1.506	 1.423	 1.427	 2.482	   2.6	 4.357	 4.589	 | 2.399 quantile
                      	 3.347	 4.333	  3.02	 2.947	 3.312	 3.139	 2.984	 3.081	 3.873	 4.453	 7.345	 7.475	 | 7.475 max

train losses     14:	0.5843	0.5866	0.4637	0.4783	0.7144	0.7024	0.5825	0.5937	 1.082	 1.103	 1.323	 1.372	
val losses       14:	0.4294	0.5451	0.4272	0.4273	0.4745	0.5182	0.4782	0.4681	0.7429	0.8579	  1.47	 1.556	 | 0.6996 mean
                     	 1.268	 1.545	 1.136	  1.15	 1.413	 1.448	 1.383	 1.377	 2.244	 2.303	 4.201	 4.539	 | 2.251 quantile
                      	 3.456	  4.62	 2.879	 2.828	 3.133	 3.017	 3.024	 3.163	 3.094	 4.224	 7.254	 7.438	 | 7.438 max

train losses     16:	  0.58	 0.579	0.4638	0.4818	0.7028	0.6939	0.5777	0.5878	 1.027	 1.044	 1.293	 1.347	
val losses       16:	0.4187	 0.542	0.4302	0.4308	0.4714	 0.517	0.4725	0.4599	0.8067	0.9015	 1.431	  1.53	 | 0.701 mean
                     	 1.249	 1.542	 1.146	 1.166	 1.392	 1.448	 1.355	 1.374	 2.387	 2.335	 4.106	 4.431	 | 2.239 quantile
                      	 3.366	 4.508	  2.85	 2.914	 3.277	 2.949	  2.97	 3.203	 3.495	 4.588	 6.954	 7.297	 | 7.297 max

train losses     18:	0.5912	0.5964	0.4815	0.4983	0.7132	0.7027	0.5913	0.5994	  1.12	  1.14	 1.286	 1.341	
val losses       18:	0.4187	0.5395	0.4267	0.4307	0.4611	0.5045	 0.474	0.4611	0.8447	0.9119	 1.414	 1.516	 | 0.7002 mean
                     	 1.232	 1.511	 1.136	 1.166	   1.4	 1.426	 1.363	 1.388	 2.353	 2.367	 4.081	 4.404	 | 2.236 quantile
                      	 3.341	 4.443	 2.826	 2.907	 3.105	 2.974	 2.972	 3.165	 3.603	 4.299	 6.665	 7.144	 | 7.144 max

train losses     20:	0.6038	0.6124	0.4844	0.5046	0.7385	0.7194	0.5946	0.6034	 1.146	 1.171	  1.29	 1.333	
val losses       20:	0.4255	0.5387	0.4274	 0.428	0.4657	0.5081	0.4741	0.4638	0.8771	0.9702	 1.419	 1.511	 | 0.7091 mean
                     	 1.264	 1.548	 1.146	 1.155	  1.39	 1.447	 1.368	 1.396	 2.504	 2.507	 4.147	 4.396	 | 2.277 quantile
                      	 3.421	 4.553	 2.834	 2.891	 3.106	 2.875	 2.993	  3.13	 4.317	 4.748	 6.789	 7.218	 | 7.218 max

train losses     22:	0.5731	0.5725	0.4486	0.4607	  0.69	0.6884	0.5594	0.5684	 1.125	 1.139	 1.265	 1.308	
val losses       22:	0.4227	0.5463	0.4298	0.4232	0.4745	0.5229	0.4775	 0.469	0.9064	0.9992	  1.42	 1.499	 | 0.7158 mean
                     	 1.269	 1.548	 1.146	 1.142	 1.427	 1.483	 1.372	 1.384	 2.671	 2.616	 4.127	 4.354	 | 2.295 quantile
                      	  3.35	 4.416	  2.82	  2.93	 3.113	   2.8	 3.035	 3.116	 3.869	 5.057	 6.682	 7.106	 | 7.106 max

train losses     24:	0.5459	0.5531	0.4359	0.4421	0.6636	 0.667	0.5432	0.5514	 1.048	 1.061	 1.233	 1.279	
val losses       24:	0.4125	0.5217	0.4285	 0.422	0.4576	0.5039	0.4732	0.4609	0.7566	 0.852	 1.369	 1.458	 | 0.6764 mean
                     	 1.232	 1.497	 1.141	  1.14	 1.375	 1.419	 1.378	 1.381	 2.195	  2.14	 3.989	 4.229	 | 2.109 quantile
                      	 3.135	 4.127	 2.819	 2.836	 2.998	 2.803	 2.993	 3.123	 3.396	 3.731	 6.422	 6.898	 | 6.898 max

train losses     26:	0.5448	0.5464	0.4382	0.4416	0.6615	0.6588	0.5449	0.5544	0.9443	0.9549	 1.205	  1.25	
val losses       26:	0.3991	0.5105	0.4277	0.4204	0.4409	0.4866	0.4722	0.4587	0.6815	 0.769	 1.323	 1.419	 | 0.6507 mean
                     	 1.177	 1.456	 1.137	 1.136	 1.335	 1.372	 1.372	 1.381	 1.981	 1.951	 3.807	  4.11	 | 2.017 quantile
                      	 3.042	 3.959	 2.773	 2.859	  2.94	  2.77	 3.019	 3.208	 2.759	 3.203	  6.18	 6.813	 | 6.813 max

train losses     28:	0.5416	0.5449	 0.435	0.4408	 0.655	0.6515	 0.543	 0.553	0.8953	0.9131	 1.179	 1.221	
val losses       28:	0.3839	0.4938	0.4269	 0.419	0.4296	0.4712	0.4716	0.4589	0.6246	0.7122	 1.269	 1.369	 | 0.6275 mean
                     	 1.133	  1.39	 1.138	 1.142	 1.286	 1.318	 1.359	 1.392	 1.828	 1.809	 3.623	 3.963	 | 1.935 quantile
                      	 2.887	 3.801	 2.797	 2.808	 2.745	 2.526	 2.992	 3.209	 2.619	 3.045	 5.755	 6.517	 | 6.517 max

train losses     30:	0.5275	0.5316	0.4251	0.4316	0.6358	0.6326	0.5328	0.5432	0.8904	 0.901	 1.149	  1.19	
val losses       30:	0.3817	0.4987	0.4272	0.4181	0.4248	0.4661	0.4715	0.4571	0.6306	0.7168	 1.264	 1.354	 | 0.6259 mean
                     	 1.122	 1.397	 1.143	 1.134	  1.26	 1.306	 1.362	 1.379	  1.83	 1.855	 3.553	 3.908	 | 1.929 quantile
                      	   2.7	 3.773	 2.875	  2.84	 2.742	 2.549	 2.974	 3.187	 2.604	 3.146	 5.448	 6.237	 | 6.237 max

train losses     32:	0.5155	0.5179	0.4153	0.4198	0.6251	0.6225	0.5238	0.5337	0.8824	0.8929	 1.126	 1.166	
val losses       32:	 0.382	 0.498	0.4256	0.4164	0.4244	0.4684	0.4709	0.4558	0.6488	0.7268	 1.275	  1.36	 | 0.6293 mean
                     	 1.124	 1.405	 1.141	  1.13	 1.267	 1.311	 1.356	 1.382	 1.866	 1.865	  3.61	 3.901	 | 1.945 quantile
                      	 2.808	 3.734	 2.915	 2.842	 2.764	  2.45	 2.966	 3.149	 2.618	 3.149	  5.46	 6.202	 | 6.202 max

train losses     34:	0.5098	0.5145	0.4083	0.4142	0.6123	0.6114	0.5175	0.5273	0.8676	0.8798	 1.107	 1.145	
val losses       34:	 0.376	0.4918	0.4266	 0.415	0.4191	0.4632	0.4696	0.4546	 0.636	 0.718	  1.25	 1.328	 | 0.6207 mean
                     	 1.094	 1.376	 1.142	 1.128	  1.26	 1.302	 1.364	 1.366	  1.84	 1.823	 3.547	 3.842	 | 1.917 quantile
                      	 2.628	 3.512	 2.995	 2.799	 2.666	 2.509	 2.952	 3.115	 2.522	 3.166	 5.347	 6.081	 | 6.081 max

train losses     36:	0.5032	 0.508	0.4064	  0.41	0.6041	0.6041	0.5119	0.5216	0.8553	0.8648	 1.084	 1.124	
val losses       36:	0.3704	0.4859	0.4265	0.4146	0.4109	0.4548	0.4697	0.4536	0.6296	0.7025	 1.239	  1.31	 | 0.614 mean
                     	 1.075	 1.353	 1.144	 1.128	 1.227	 1.284	 1.366	 1.362	 1.814	 1.778	 3.514	 3.791	 | 1.894 quantile
                      	 2.551	 3.505	 3.064	 2.823	 2.621	 2.357	 2.958	 3.085	 2.702	 3.216	 5.258	 5.994	 | 5.994 max

train losses     38:	0.4961	0.5022	0.4003	0.4046	0.5906	0.5917	0.5076	0.5175	0.8443	0.8548	 1.074	 1.109	
val losses       38:	0.3697	 0.493	0.4255	0.4135	0.4059	0.4514	  0.47	0.4527	0.6395	0.7114	 1.249	 1.309	 | 0.6159 mean
                     	 1.069	  1.38	 1.142	 1.126	 1.215	 1.279	 1.371	 1.358	 1.835	  1.81	 3.493	 3.742	 | 1.9 quantile
                      	 2.584	 3.531	 3.039	 2.825	 2.648	 2.343	 2.983	 3.102	 2.657	 3.163	 5.379	 5.978	 | 5.978 max

train losses     40:	0.4944	0.5002	0.3962	0.3997	0.5884	0.5902	0.5025	 0.511	0.8494	0.8545	 1.095	 1.118	
val losses       40:	0.3661	0.4857	0.4248	 0.413	0.4082	0.4512	0.4698	 0.452	0.6359	0.7013	 1.267	 1.314	 | 0.6157 mean
                     	  1.05	 1.348	 1.144	 1.123	 1.211	 1.271	  1.37	 1.369	 1.854	 1.793	 3.496	 3.685	 | 1.894 quantile
                      	 2.611	 3.342	  3.01	 2.838	 2.556	 2.342	 2.895	 3.036	 2.576	 3.148	 5.489	 6.015	 | 6.015 max

train losses     42:	0.4909	0.4958	0.3929	0.3952	0.5819	0.5868	0.4998	0.5081	0.8418	0.8481	 1.119	 1.138	
val losses       42:	 0.357	0.4741	0.4249	0.4132	0.3991	0.4348	 0.469	0.4545	0.6104	0.6757	 1.273	 1.318	 | 0.6087 mean
                     	 1.032	 1.318	 1.146	 1.125	  1.19	 1.233	 1.369	 1.391	 1.785	 1.737	 3.551	 3.693	 | 1.871 quantile
                      	 2.524	 3.206	 3.043	 2.804	 2.667	 2.324	 2.918	 3.078	  2.55	 2.845	 5.408	 5.942	 | 5.942 max

train losses     44:	0.4961	0.5043	0.3892	0.3919	0.5786	0.5809	0.4978	0.5065	0.8559	0.8572	 1.116	 1.132	
val losses       44:	 0.361	0.4839	0.4247	0.4127	0.3939	0.4287	0.4687	0.4537	0.6382	0.7032	 1.309	 1.347	 | 0.6187 mean
                     	  1.05	  1.35	 1.139	 1.123	 1.158	 1.208	 1.357	 1.365	 1.824	 1.759	 3.788	 3.881	 | 1.903 quantile
                      	 2.528	 3.255	 3.012	 2.807	 2.431	 2.121	 2.894	 3.077	 2.604	 3.068	 5.745	 6.093	 | 6.093 max

train losses     46:	0.4838	0.4904	0.3831	0.3832	 0.566	0.5699	0.4894	0.5003	0.8421	0.8516	  1.07	 1.098	
val losses       46:	0.3576	0.4834	0.4242	0.4133	0.3803	0.4137	0.4676	0.4537	0.6134	0.6808	 1.286	 1.323	 | 0.6081 mean
                     	 1.022	 1.344	 1.138	 1.126	 1.111	 1.158	 1.363	 1.369	 1.736	 1.728	 3.648	  3.76	 | 1.868 quantile
                      	  2.72	 3.299	 3.005	 2.855	 2.361	 2.136	 2.919	 3.102	 2.801	 2.657	  5.23	 5.628	 | 5.628 max

train losses     48:	0.4803	0.4848	 0.382	  0.38	0.5618	0.5631	0.4874	0.4983	0.8186	0.8338	 1.047	 1.074	
val losses       48:	0.3547	0.4744	0.4244	0.4137	0.3727	0.4052	0.4681	0.4539	0.5987	0.6704	 1.227	 1.262	 | 0.5938 mean
                     	 1.009	 1.302	 1.139	 1.123	  1.08	 1.118	 1.354	 1.371	   1.7	   1.7	 3.493	 3.604	 | 1.814 quantile
                      	 2.585	 3.085	 3.022	 2.795	 2.236	 2.078	 2.917	 3.132	 2.549	 2.773	 5.049	  5.44	 | 5.44 max

train losses     50:	0.4765	0.4832	0.3787	0.3785	0.5498	0.5534	0.4828	0.4947	 0.827	0.8398	  1.02	  1.04	
val losses       50:	0.3636	0.4816	0.4241	0.4132	0.3714	0.4096	 0.468	0.4534	0.6051	0.6799	 1.204	 1.234	 | 0.5923 mean
                     	 1.036	 1.332	 1.138	 1.127	 1.063	 1.141	 1.365	 1.367	 1.724	 1.719	 3.383	 3.512	 | 1.807 quantile
                      	 2.579	 3.114	 3.014	 2.812	 2.333	  2.14	 2.888	 3.045	 2.598	 2.756	 5.055	 5.413	 | 5.413 max

train losses     52:	0.4666	0.4756	0.3752	0.3732	0.5481	0.5526	0.4791	0.4909	0.8257	0.8391	 0.988	 1.011	
val losses       52:	0.3519	0.4639	0.4243	0.4127	0.3667	0.3999	0.4676	0.4538	0.6052	0.6763	 1.192	 1.219	 | 0.5862 mean
                     	0.9906	 1.275	 1.138	 1.121	 1.039	 1.088	  1.37	 1.377	 1.701	 1.679	 3.295	 3.416	 | 1.797 quantile
                      	 2.386	 2.917	 3.048	 2.814	 2.183	 2.018	 2.859	 3.039	 2.777	 2.787	 5.112	 5.425	 | 5.425 max

train losses     54:	0.4653	0.4753	 0.374	0.3702	0.5408	0.5437	0.4758	0.4878	0.8169	0.8291	0.9741	0.9943	
val losses       54:	0.3518	 0.461	0.4239	0.4131	0.3676	0.4051	0.4668	0.4517	0.6163	0.6926	  1.18	 1.203	 | 0.586 mean
                     	0.9872	 1.274	 1.136	 1.124	  1.04	 1.107	 1.353	 1.369	 1.734	 1.708	 3.283	 3.451	 | 1.791 quantile
                      	 2.445	 2.843	 3.025	  2.81	 2.205	 2.024	 2.893	 3.043	 2.652	 2.849	 5.119	  5.43	 | 5.43 max

train losses     56:	0.4604	0.4656	0.3706	0.3663	0.5332	0.5368	0.4723	0.4834	0.8105	0.8238	0.9664	0.9892	
val losses       56:	0.3537	0.4675	0.4238	0.4123	0.3598	0.3986	0.4679	0.4524	0.6165	 0.695	 1.193	 1.216	 | 0.5881 mean
                     	0.9993	 1.301	 1.136	 1.123	 1.022	 1.092	 1.358	 1.362	 1.719	 1.707	 3.315	 3.432	 | 1.813 quantile
                      	  2.39	 3.008	 3.034	 2.838	 2.271	 2.121	 2.883	 3.006	 2.833	 2.982	  5.11	 5.345	 | 5.345 max

train losses     58:	0.4563	0.4602	0.3683	0.3635	0.5265	0.5311	0.4704	0.4815	0.8103	0.8231	0.9575	0.9778	
val losses       58:	0.3456	0.4594	0.4238	 0.412	0.3546	0.3896	0.4682	0.4524	0.6169	0.6917	 1.195	 1.219	 | 0.5857 mean
                     	0.9678	 1.275	 1.141	 1.118	 1.007	 1.058	  1.36	 1.371	 1.707	 1.716	 3.241	 3.391	 | 1.787 quantile
                      	 2.468	  2.81	 3.036	 2.814	 2.145	 2.067	 2.896	 3.014	 2.858	 3.045	 5.127	 5.418	 | 5.418 max

train losses     60:	0.4641	0.4706	0.3669	 0.362	0.5291	0.5328	0.4712	 0.481	0.8561	 0.874	 1.005	 1.019	
val losses       60:	0.3509	0.4652	0.4242	0.4125	0.3561	0.3895	0.4674	0.4522	 0.625	0.7015	  1.22	 1.245	 | 0.5925 mean
                     	0.9885	  1.29	 1.134	 1.121	 1.028	 1.083	 1.361	 1.373	  1.76	 1.767	 3.315	 3.423	 | 1.829 quantile
                      	 2.427	 3.232	 3.047	 2.849	  2.12	 2.073	  2.91	 3.037	 3.057	 3.002	   5.5	 5.763	 | 5.763 max

train losses     62:	0.4966	 0.502	0.3727	0.3701	0.5643	0.5724	 0.479	0.4903	  1.07	   1.1	 1.154	 1.158	
val losses       62:	0.3568	0.4635	0.4236	0.4132	0.3794	0.4105	0.4698	0.4551	0.7514	0.8018	 1.288	 1.312	 | 0.6271 mean
                     	0.9857	 1.273	 1.135	 1.125	 1.047	 1.111	 1.363	 1.367	 2.023	 1.978	 3.576	 3.688	 | 1.925 quantile
                      	 2.698	 3.129	 3.054	 2.829	 2.154	 2.116	 2.908	 3.044	 3.696	 3.387	 5.948	 6.097	 | 6.097 max

train losses     64:	0.4988	0.5093	0.3634	0.3591	0.6017	0.6069	0.4729	0.4848	 1.071	 1.081	  1.12	 1.127	
val losses       64:	0.3785	0.4992	0.4242	 0.413	0.4252	0.4648	0.4693	 0.453	0.9199	0.9809	 1.398	 1.414	 | 0.6866 mean
                     	 1.081	 1.395	 1.142	 1.123	 1.247	 1.287	  1.38	 1.375	 2.387	 2.455	  3.89	  3.92	 | 2.158 quantile
                      	 2.871	  3.54	 3.035	  2.87	 2.696	 2.311	 2.935	 3.064	 3.835	  3.73	 5.694	 5.868	 | 5.868 max

train losses     66:	0.4889	0.4993	0.3568	0.3525	0.5727	0.5896	0.4698	0.4809	 1.031	 1.046	 1.137	 1.155	
val losses       66:	0.3888	0.5166	 0.424	0.4135	0.4272	0.4734	0.4691	0.4552	0.8097	0.8831	 1.393	 1.407	 | 0.6717 mean
                     	 1.113	 1.438	 1.145	 1.126	 1.248	 1.319	 1.367	 1.373	 2.194	 2.177	  3.88	 3.909	 | 2.086 quantile
                      	 3.094	 3.404	 3.058	 2.857	  2.66	  2.45	  2.98	 3.077	 3.444	 3.279	 6.561	 6.607	 | 6.607 max

train losses     68:	0.4807	 0.495	0.3567	0.3501	0.5573	0.5694	0.4685	0.4788	0.9687	0.9718	 1.101	 1.114	
val losses       68:	0.3985	0.5319	0.4243	0.4143	 0.389	0.4254	0.4673	0.4515	0.7001	0.7525	 1.312	 1.321	 | 0.6324 mean
                     	 1.136	 1.504	 1.147	  1.13	  1.09	 1.135	 1.352	 1.361	 1.804	 1.847	 3.647	 3.644	 | 1.902 quantile
                      	 2.913	  3.36	 3.002	 2.871	 2.326	 2.043	 2.947	 3.052	 3.295	 2.717	 6.125	 6.133	 | 6.133 max

train losses     70:	 0.471	0.4805	0.3577	0.3498	0.5418	0.5512	0.4689	 0.479	0.8759	0.8783	 1.029	 1.043	
val losses       70:	0.3752	0.5019	0.4245	0.4131	0.3569	0.3932	0.4692	0.4544	0.6317	0.7014	 1.255	 1.254	 | 0.6026 mean
                     	 1.055	 1.406	 1.142	 1.118	0.9832	 1.035	 1.351	 1.377	 1.686	 1.668	 3.561	 3.597	 | 1.813 quantile
                      	 2.882	 3.301	  2.99	 2.854	 2.123	 2.193	 2.892	 3.009	 2.679	 2.767	 5.736	 5.737	 | 5.737 max

train losses     72:	0.4563	0.4702	0.3538	0.3481	 0.524	 0.535	0.4637	0.4731	0.8371	0.8443	0.9815	0.9964	
val losses       72:	0.3656	0.4846	0.4245	0.4131	0.3677	0.4025	0.4704	0.4554	0.6048	0.6795	 1.219	 1.223	 | 0.5925 mean
                     	 1.037	 1.361	 1.142	 1.118	 1.017	 1.076	 1.359	 1.374	 1.729	 1.645	 3.413	  3.45	 | 1.808 quantile
                      	 2.802	 3.355	 3.015	 2.829	 2.053	 2.111	 2.869	 2.976	 2.512	 2.848	 5.331	 5.348	 | 5.348 max

train losses     74:	0.4522	0.4599	0.3513	0.3456	0.5149	0.5241	0.4598	0.4703	0.8141	0.8165	0.9389	0.9489	
val losses       74:	0.3575	0.4732	 0.424	0.4124	0.3732	0.4085	0.4704	0.4549	0.6199	 0.687	 1.173	  1.18	 | 0.5862 mean
                     	 1.003	 1.323	 1.143	 1.119	 1.038	 1.107	 1.363	 1.369	 1.737	 1.691	 3.168	 3.229	 | 1.798 quantile
                      	  2.63	 3.238	 3.008	 2.806	 2.168	 2.121	 2.893	 2.947	 2.541	 2.908	 4.692	 4.867	 | 4.867 max

train losses     76:	0.4442	0.4515	0.3485	0.3425	0.5135	0.5228	 0.458	0.4683	 0.797	0.8001	0.9083	0.9217	
val losses       76:	0.3579	0.4728	0.4236	0.4119	0.3638	0.3971	0.4699	0.4551	0.6031	 0.671	 1.157	  1.17	 | 0.5795 mean
                     	 1.012	 1.313	 1.141	 1.125	 1.011	 1.084	 1.365	 1.377	 1.749	 1.682	 3.138	 3.203	 | 1.805 quantile
                      	  2.57	 2.993	  2.99	 2.808	 2.086	 1.998	 2.885	 2.932	 2.574	 2.946	 4.701	 4.912	 | 4.912 max

train losses     78:	0.4394	0.4489	0.3473	0.3414	0.5061	 0.517	0.4569	0.4673	0.7795	0.7841	0.8873	0.9016	
val losses       78:	0.3568	0.4667	0.4235	0.4119	0.3582	0.3914	0.4694	0.4533	0.5999	0.6698	 1.181	 1.193	 | 0.5813 mean
                     	0.9989	 1.286	 1.141	 1.121	 1.002	 1.054	 1.365	 1.369	 1.736	 1.663	 3.191	 3.254	 | 1.784 quantile
                      	 2.538	 2.939	 2.999	 2.809	 2.044	 2.006	 2.906	 2.959	 2.732	 3.042	 5.024	 5.094	 | 5.094 max

train losses     80:	 0.438	0.4461	0.3449	0.3401	0.4995	0.5085	0.4559	0.4649	0.7688	0.7705	0.8725	0.8852	
val losses       80:	0.3469	0.4595	0.4236	0.4123	0.3547	0.3851	0.4686	0.4531	0.5917	0.6628	 1.183	 1.195	 | 0.578 mean
                     	0.9654	 1.273	 1.139	  1.12	0.9998	  1.04	 1.361	 1.371	 1.654	 1.615	 3.218	  3.29	 | 1.779 quantile
                      	 2.313	 2.791	 3.016	 2.825	 2.048	 2.009	 2.877	 2.951	 2.578	 2.963	 4.941	 5.118	 | 5.118 max

train losses     82:	0.4346	0.4425	0.3436	0.3385	0.4939	0.5028	0.4541	0.4639	 0.759	0.7601	0.8573	0.8724	
val losses       82:	 0.343	0.4544	0.4234	0.4121	0.3486	0.3773	0.4689	 0.453	0.5726	0.6366	 1.164	 1.177	 | 0.5693 mean
                     	0.9541	 1.258	  1.14	 1.124	0.9685	 1.011	 1.359	 1.371	 1.604	 1.557	 3.175	 3.246	 | 1.752 quantile
                      	 2.374	 2.744	 3.016	  2.82	 1.906	 1.985	  2.87	 2.953	 2.521	 2.829	 4.779	 4.987	 | 4.987 max

train losses     84:	0.4346	 0.444	0.3427	0.3367	0.4905	0.5015	0.4533	0.4628	0.7534	0.7547	 0.842	0.8554	
val losses       84:	0.3471	0.4632	0.4233	0.4123	0.3481	0.3778	0.4688	0.4531	0.5852	0.6516	 1.161	 1.172	 | 0.572 mean
                     	0.9724	 1.281	 1.138	  1.12	0.9538	 1.007	 1.361	 1.371	 1.654	 1.604	 3.154	 3.203	 | 1.762 quantile
                      	 2.312	 2.824	 2.999	 2.827	 2.058	 1.917	 2.869	 2.928	 2.551	 2.752	  4.87	 5.078	 | 5.078 max

train losses     86:	0.4324	0.4406	0.3408	0.3363	 0.486	0.4987	0.4519	0.4614	 0.749	0.7485	0.8351	0.8477	
val losses       86:	0.3406	0.4541	0.4231	0.4122	0.3454	0.3732	0.4686	0.4526	0.5763	0.6401	 1.151	 1.164	 | 0.5667 mean
                     	0.9468	 1.254	  1.14	 1.123	0.9523	0.9984	 1.359	 1.375	 1.607	 1.571	 3.116	 3.146	 | 1.744 quantile
                      	 2.311	 2.769	 2.994	 2.824	 2.014	 1.946	 2.864	 2.924	 2.567	 2.897	 4.821	  4.93	 | 4.93 max

train losses     88:	0.4275	0.4383	0.3395	0.3348	0.4841	0.4952	 0.452	  0.46	0.7461	0.7459	 0.825	0.8378	
val losses       88:	0.3414	0.4575	0.4231	0.4121	0.3429	0.3705	0.4689	 0.453	0.5687	0.6315	 1.151	 1.164	 | 0.5654 mean
                     	0.9529	 1.267	 1.141	 1.122	0.9313	 0.998	 1.361	 1.375	 1.587	 1.535	  3.11	 3.161	 | 1.738 quantile
                      	 2.315	 2.756	 2.994	 2.816	 1.958	 1.981	 2.888	 2.938	 2.493	 2.919	 4.898	 5.038	 | 5.038 max

train losses     90:	0.4271	0.4379	0.3387	0.3337	0.4811	0.4929	0.4507	0.4592	0.7386	0.7395	 0.815	0.8272	
val losses       90:	0.3384	0.4569	0.4231	0.4122	0.3412	0.3718	0.4677	0.4518	0.5791	 0.644	 1.171	 1.181	 | 0.5699 mean
                     	0.9427	 1.278	 1.138	 1.124	0.9361	 0.992	 1.361	 1.367	 1.618	 1.601	 3.239	 3.272	 | 1.759 quantile
                      	 2.295	 2.745	 2.985	  2.83	 1.972	 1.998	 2.892	 2.957	 2.664	 2.894	 5.057	 5.152	 | 5.152 max

train losses     92:	0.4247	0.4376	0.3378	0.3324	0.4781	  0.49	0.4497	0.4582	0.7349	0.7378	0.8054	0.8176	
val losses       92:	0.3358	0.4505	0.4231	0.4123	0.3382	0.3661	0.4682	0.4526	0.5688	  0.63	  1.16	 1.171	 | 0.5647 mean
                     	0.9272	 1.251	 1.139	 1.124	0.9286	0.9749	 1.356	 1.366	 1.572	  1.54	 3.171	 3.245	 | 1.742 quantile
                      	 2.278	 2.787	 2.991	  2.83	 1.889	 1.912	 2.884	 2.943	 2.588	 2.889	 5.148	 5.188	 | 5.188 max

train losses     94:	0.4242	0.4362	0.3368	0.3317	0.4782	0.4891	0.4493	0.4579	0.7316	0.7336	0.7962	0.8074	
val losses       94:	0.3333	0.4506	0.4231	0.4121	 0.335	0.3629	0.4683	0.4523	0.5683	0.6244	  1.15	 1.161	 | 0.5618 mean
                     	0.9282	 1.252	  1.14	 1.123	0.9177	0.9755	 1.351	 1.368	 1.556	 1.515	 3.113	 3.173	 | 1.727 quantile
                      	 2.446	 2.751	 2.977	 2.816	 1.851	 1.821	 2.888	 2.951	 2.517	 2.884	 4.959	 5.054	 | 5.054 max

train losses     96:	0.4254	 0.437	0.3363	0.3306	 0.474	0.4863	0.4489	0.4577	0.7269	0.7302	0.8112	0.8215	
val losses       96:	0.3356	0.4525	0.4232	0.4123	0.3319	0.3592	0.4681	0.4515	0.5721	 0.633	 1.165	 1.175	 | 0.565 mean
                     	0.9316	 1.261	 1.138	 1.126	0.9189	0.9577	 1.354	 1.366	 1.572	 1.562	 3.111	 3.143	 | 1.745 quantile
                      	 2.275	 2.765	 2.997	 2.822	 1.874	 1.833	 2.894	 2.957	 2.586	 2.908	 5.249	 5.366	 | 5.366 max

train losses     98:	0.4232	 0.434	 0.335	0.3296	0.4743	 0.484	0.4483	0.4566	0.7358	0.7392	0.8364	0.8464	
val losses       98:	0.3391	0.4559	0.4231	0.4124	0.3381	0.3655	 0.468	0.4519	0.5808	0.6435	 1.175	 1.186	 | 0.5699 mean
                     	0.9496	 1.267	 1.138	 1.125	0.9224	0.9719	 1.355	 1.366	 1.614	 1.585	 3.183	 3.194	 | 1.748 quantile
                      	 2.182	  2.89	 3.003	 2.838	 1.921	 1.883	 2.888	 2.943	 2.563	 2.959	 5.313	 5.415	 | 5.415 max

train losses    100:	0.4222	0.4326	0.3349	0.3298	 0.472	0.4848	0.4483	0.4565	0.7186	0.7243	0.8092	0.8196	
val losses      100:	0.3344	0.4502	 0.423	0.4124	0.3336	0.3585	0.4684	0.4524	0.5706	0.6302	 1.164	 1.177	 | 0.5646 mean
                     	0.9226	 1.256	 1.139	 1.125	0.9012	 0.961	 1.352	 1.368	 1.568	 1.568	 3.147	 3.157	 | 1.747 quantile
                      	 2.213	 2.718	 2.995	 2.815	  1.91	 1.879	 2.878	 2.925	 2.664	 2.806	 4.981	 5.112	 | 5.112 max

train losses    102:	0.4217	0.4329	 0.334	 0.329	0.4698	0.4803	0.4471	0.4559	0.7151	 0.721	0.7888	0.7996	
val losses      102:	0.3335	0.4505	0.4231	0.4124	0.3282	0.3535	 0.468	 0.452	0.5658	0.6243	 1.157	  1.17	 | 0.5615 mean
                     	0.9307	 1.255	 1.139	 1.126	0.8837	0.9432	 1.355	 1.369	 1.592	 1.525	 3.099	 3.125	 | 1.742 quantile
                      	 2.499	 2.931	 2.992	 2.825	 1.861	 1.907	 2.871	 2.932	 2.578	 2.704	 5.241	 5.346	 | 5.346 max

train losses    104:	0.4223	0.4349	0.3341	0.3285	0.4703	0.4828	0.4479	0.4556	 0.722	0.7286	0.8172	 0.824	
val losses      104:	0.3333	0.4502	 0.423	0.4125	0.3291	0.3542	0.4684	0.4527	0.5657	0.6228	 1.154	 1.166	 | 0.561 mean
                     	0.9294	 1.267	 1.136	 1.124	0.8799	0.9536	 1.356	 1.366	 1.573	 1.512	 3.081	 3.104	 | 1.733 quantile
                      	 2.323	 2.696	 2.995	 2.821	 1.831	 1.855	 2.854	 2.921	 2.502	  2.65	 4.952	  5.07	 | 5.07 max

train losses    106:	0.4226	0.4333	0.3334	0.3279	0.4713	0.4855	0.4471	0.4549	0.7215	0.7297	0.8233	0.8333	
val losses      106:	0.3336	0.4486	0.4231	0.4125	 0.339	0.3664	0.4688	0.4526	0.5759	0.6283	 1.148	 1.158	 | 0.5629 mean
                     	0.9242	 1.254	 1.139	 1.127	0.9194	  0.97	 1.351	 1.361	 1.616	 1.515	 3.054	 3.089	 | 1.723 quantile
                      	 2.444	 2.989	 2.979	 2.837	 1.976	 1.898	 2.879	 2.948	 2.475	 2.735	 5.235	 5.355	 | 5.355 max

train losses    108:	0.4227	0.4346	0.3328	0.3274	0.4707	0.4834	0.4468	0.4551	0.7079	0.7142	0.7969	0.8079	
val losses      108:	0.3362	0.4489	0.4231	0.4122	 0.332	0.3541	 0.468	0.4516	0.5745	 0.629	 1.166	 1.172	 | 0.564 mean
                     	0.9278	 1.235	 1.137	 1.125	0.9027	0.9425	 1.344	 1.362	 1.571	 1.543	 3.096	 3.118	 | 1.735 quantile
                      	 2.323	 2.807	 2.996	 2.824	 1.903	 1.867	 2.877	 2.947	 2.573	 2.683	 5.262	 5.271	 | 5.271 max

train losses    110:	0.4202	0.4302	0.3322	0.3269	 0.464	0.4777	0.4464	0.4539	0.7065	0.7152	0.7703	0.7803	
val losses      110:	 0.334	0.4503	0.4229	0.4124	0.3226	0.3468	0.4677	0.4519	0.5554	0.6114	 1.155	 1.163	 | 0.5577 mean
                     	0.9404	 1.256	 1.139	 1.125	0.8738	0.9184	 1.343	 1.359	 1.539	 1.511	  3.15	 3.146	 | 1.725 quantile
                      	 2.361	 2.897	 2.999	 2.824	 1.855	 1.792	 2.879	 2.949	 2.661	 2.525	 5.067	   5.0	 | 5.067 max

train losses    112:	0.4186	0.4293	0.3324	0.3264	0.4622	0.4756	0.4462	0.4538	0.7031	0.7099	0.7548	0.7644	
val losses      112:	0.3335	0.4524	0.4232	0.4125	0.3244	0.3495	 0.468	0.4523	0.5718	0.6319	 1.162	 1.169	 | 0.5625 mean
                     	0.9294	 1.251	 1.139	 1.121	0.8742	0.9183	 1.347	 1.357	 1.537	 1.566	 3.128	  3.19	 | 1.733 quantile
                      	 2.335	 2.756	 2.989	 2.821	  1.87	 1.858	 2.864	 2.926	 2.621	 2.751	 5.297	 5.283	 | 5.297 max

train losses    114:	0.4175	 0.431	0.3319	0.3264	0.4616	0.4763	0.4452	0.4536	0.7062	  0.71	0.7851	0.7931	
val losses      114:	 0.333	0.4509	0.4231	0.4123	0.3239	0.3511	0.4678	0.4525	0.5828	 0.642	 1.163	  1.17	 | 0.5644 mean
                     	0.9338	 1.258	 1.138	 1.124	0.8594	0.9346	 1.344	 1.361	 1.587	 1.582	 3.146	 3.186	 | 1.742 quantile
                      	 2.548	 2.864	 2.987	 2.829	 1.912	 1.884	 2.863	 2.925	 2.649	 2.841	 5.074	 5.204	 | 5.204 max

train losses    116:	0.4166	0.4274	0.3315	0.3256	0.4591	0.4748	 0.446	0.4541	0.7097	0.7153	0.8011	0.8088	
val losses      116:	 0.332	0.4475	0.4228	0.4124	0.3219	0.3442	0.4682	0.4527	0.5732	0.6307	 1.144	 1.155	 | 0.5587 mean
                     	0.9189	 1.246	 1.138	 1.126	0.8543	0.9153	 1.345	 1.367	 1.552	 1.554	 3.122	  3.16	 | 1.717 quantile
                      	 2.387	 2.819	 2.994	 2.829	 1.832	 1.778	 2.875	 2.927	  2.76	 2.788	 5.102	 5.086	 | 5.102 max

train losses    118:	0.4152	0.4257	0.3311	0.3254	0.4587	0.4726	0.4445	0.4526	0.6954	0.7042	0.7559	0.7633	
val losses      118:	0.3326	0.4459	 0.423	0.4124	0.3253	0.3498	0.4682	0.4521	0.5662	0.6228	 1.159	 1.169	 | 0.5606 mean
                     	0.9215	 1.231	 1.138	 1.126	 0.865	0.9252	  1.35	 1.362	 1.561	 1.527	 3.083	 3.097	 | 1.736 quantile
                      	 2.392	 2.732	 3.001	 2.833	 1.919	 1.792	 2.857	 2.909	  2.63	 2.793	 5.083	 5.243	 | 5.243 max

train losses    120:	0.4185	0.4306	0.3308	 0.325	0.4548	0.4723	0.4443	 0.452	0.6994	0.7017	 0.746	0.7515	
val losses      120:	0.3347	0.4467	 0.423	0.4124	0.3214	0.3462	0.4679	0.4519	0.5661	0.6202	 1.139	 1.148	 | 0.5565 mean
                     	 0.938	  1.24	  1.14	 1.126	0.8632	 0.921	 1.352	 1.362	 1.571	 1.562	 3.007	 3.033	 | 1.726 quantile
                      	 2.499	 2.775	 2.995	 2.821	  1.81	 1.743	 2.841	 2.899	 2.643	 2.656	 5.143	 5.046	 | 5.143 max

train losses    122:	0.4151	0.4265	 0.331	0.3251	0.4595	0.4728	0.4442	0.4522	0.6902	0.6971	0.7504	0.7585	
val losses      122:	0.3348	0.4508	0.4228	0.4124	0.3279	0.3538	0.4684	0.4523	0.5675	0.6283	 1.157	 1.167	 | 0.562 mean
                     	0.9364	 1.256	 1.138	 1.124	0.8988	0.9438	 1.351	 1.369	  1.57	 1.573	 3.058	 3.049	 | 1.739 quantile
                      	 2.438	 2.869	 2.995	  2.83	 1.817	 1.821	 2.861	 2.914	 2.624	 2.601	 5.103	 5.191	 | 5.191 max

train losses    124:	0.4145	0.4253	0.3302	0.3245	0.4579	0.4724	0.4446	0.4524	0.6841	0.6899	0.7703	0.7764	
val losses      124:	0.3344	0.4511	0.4227	0.4123	0.3265	 0.352	0.4682	0.4517	0.5655	0.6277	 1.153	 1.163	 | 0.5607 mean
                     	0.9359	 1.263	 1.137	 1.128	 0.874	0.9387	 1.358	 1.367	 1.586	  1.55	 3.011	 3.011	 | 1.737 quantile
                      	 2.503	 2.616	 2.992	 2.832	 1.847	 1.889	  2.87	 2.928	 2.545	 2.802	 5.247	 5.314	 | 5.314 max

train losses    126:	0.4177	 0.427	0.3304	0.3244	0.4586	0.4717	0.4448	0.4527	0.6906	0.6907	0.7416	0.7481	
val losses      126:	 0.335	0.4501	0.4228	0.4124	0.3282	 0.356	0.4673	0.4512	 0.574	0.6375	 1.157	 1.165	 | 0.5631 mean
                     	 0.938	 1.266	 1.138	 1.125	0.8804	0.9509	 1.354	 1.367	 1.603	 1.574	 3.033	 3.051	 | 1.74 quantile
                      	 2.421	 2.819	 2.989	 2.839	 1.839	 1.916	 2.856	 2.906	 2.589	 2.783	 5.215	 5.297	 | 5.297 max

train losses    128:	0.4125	0.4213	0.3301	0.3246	0.4549	 0.469	0.4443	0.4521	0.6847	0.6887	0.7281	0.7335	
val losses      128:	0.3283	0.4409	0.4228	0.4123	0.3216	0.3449	0.4675	0.4512	0.5668	0.6207	 1.139	 1.147	 | 0.5552 mean
                     	0.9049	 1.229	 1.138	 1.125	0.8607	0.9242	 1.352	 1.368	 1.568	 1.537	 3.007	 3.037	 | 1.708 quantile
                      	 2.433	 2.826	 2.989	 2.837	 1.804	 1.851	 2.853	 2.905	 2.577	 2.768	 5.113	 5.118	 | 5.118 max

train losses    130:	0.4147	0.4225	0.3296	0.3239	0.4518	0.4671	0.4437	0.4522	0.6787	0.6835	0.7201	0.7249	
val losses      130:	0.3338	0.4503	0.4228	0.4123	0.3169	0.3416	 0.468	0.4521	0.5559	0.6159	  1.14	 1.148	 | 0.5548 mean
                     	0.9333	  1.26	 1.138	 1.125	0.8486	0.9089	 1.347	 1.365	 1.542	 1.495	 3.073	 3.109	 | 1.71 quantile
                      	 2.444	 2.873	 2.995	 2.836	 1.811	 1.799	  2.87	 2.923	 2.742	 2.598	 5.358	 5.424	 | 5.424 max

train losses    132:	0.4129	0.4232	0.3297	0.3236	0.4493	0.4663	0.4428	0.4504	0.6791	 0.688	0.7109	0.7182	
val losses      132:	0.3282	0.4423	0.4229	0.4124	0.3147	0.3401	0.4676	0.4515	0.5663	0.6233	 1.142	 1.151	 | 0.5552 mean
                     	0.9132	 1.227	 1.139	 1.123	0.8406	0.9033	 1.345	 1.364	 1.564	 1.527	  3.05	 3.074	 | 1.698 quantile
                      	  2.43	 2.702	 2.997	 2.828	 1.841	 1.803	 2.884	 2.941	 2.606	 2.633	 5.324	 5.219	 | 5.324 max

train losses    134:	0.4119	 0.423	0.3294	0.3235	0.4523	0.4663	0.4428	0.4499	0.6757	  0.68	0.7104	0.7177	
val losses      134:	0.3308	0.4499	0.4228	0.4123	0.3202	0.3479	0.4669	0.4509	0.5752	0.6327	 1.127	 1.134	 | 0.5559 mean
                     	 0.928	 1.264	 1.137	 1.122	0.8611	0.9108	 1.343	 1.359	  1.58	 1.582	 3.043	 3.098	 | 1.7 quantile
                      	 2.438	 2.883	 2.995	 2.833	 1.824	 1.783	 2.862	 2.917	 2.543	 2.748	 5.186	 5.254	 | 5.254 max

train losses    136:	0.4114	0.4227	0.3293	0.3233	0.4505	0.4668	 0.444	 0.452	0.6798	0.6826	0.7135	0.7201	
val losses      136:	0.3319	0.4523	0.4228	0.4123	0.3195	0.3447	0.4675	0.4521	0.5672	0.6278	 1.142	 1.149	 | 0.5575 mean
                     	0.9366	 1.266	 1.137	 1.126	0.8589	0.9007	 1.348	  1.36	 1.558	 1.563	 3.003	 3.059	 | 1.703 quantile
                      	  2.52	 2.768	 2.991	 2.831	 1.862	 1.879	 2.871	  2.93	  2.57	 2.786	 5.287	 5.319	 | 5.319 max

train losses    138:	0.4091	0.4188	0.3293	0.3232	0.4484	0.4625	0.4424	0.4504	0.6757	0.6817	 0.712	0.7185	
val losses      138:	 0.329	0.4465	0.4228	0.4124	0.3183	0.3418	0.4672	0.4513	0.5757	0.6381	  1.14	 1.147	 | 0.5575 mean
                     	 0.911	 1.253	 1.138	 1.127	0.8694	0.9196	 1.345	 1.362	 1.625	 1.584	  3.06	  3.12	 | 1.712 quantile
                      	 2.408	 3.012	  2.99	 2.834	 1.776	 1.894	 2.879	 2.934	 2.602	 2.784	 5.225	 5.334	 | 5.334 max

train losses    140:	0.4074	0.4173	0.3291	0.3229	0.4489	0.4646	0.4428	0.4506	0.6752	0.6763	0.6993	0.7046	
val losses      140:	0.3257	0.4394	0.4229	0.4125	0.3148	0.3364	0.4671	0.4514	0.5615	0.6206	  1.13	 1.138	 | 0.5517 mean
                     	0.9004	 1.219	 1.137	 1.125	0.8472	0.8917	 1.342	 1.366	 1.603	 1.545	 3.036	 3.082	 | 1.689 quantile
                      	 2.284	 2.696	 2.993	  2.83	 1.756	 1.812	 2.863	  2.92	 2.701	 2.667	 5.214	 5.231	 | 5.231 max

train losses    142:	0.4135	0.4226	0.3292	0.3229	0.4467	0.4631	0.4427	0.4504	0.6717	0.6757	0.6897	 0.695	
val losses      142:	0.3279	0.4477	0.4227	0.4125	0.3108	0.3311	 0.467	0.4513	0.5618	0.6185	 1.123	 1.133	 | 0.5506 mean
                     	0.9235	 1.248	 1.136	 1.124	0.8161	0.8854	 1.343	 1.362	 1.557	 1.551	 3.005	 3.004	 | 1.684 quantile
                      	 2.404	 3.032	 2.995	 2.833	 1.755	 1.781	 2.851	 2.916	 2.659	 2.636	 5.309	 5.344	 | 5.344 max

train losses    144:	0.4081	 0.419	0.3289	0.3228	0.4463	0.4603	0.4427	0.4505	0.6707	0.6733	0.6925	 0.697	
val losses      144:	0.3251	0.4447	0.4227	0.4125	0.3158	0.3369	0.4673	0.4514	0.5688	0.6307	  1.13	  1.14	 | 0.5538 mean
                     	0.9146	 1.234	 1.135	 1.124	0.8435	 0.903	 1.343	 1.363	 1.586	 1.566	 3.005	 3.005	 | 1.705 quantile
                      	  2.34	  2.84	 2.993	 2.836	  1.82	  1.84	 2.858	 2.913	 2.564	  2.78	 5.257	 5.289	 | 5.289 max

train losses    146:	0.4079	0.4185	0.3289	0.3227	0.4457	0.4597	0.4426	0.4502	0.6694	0.6735	0.7052	0.7096	
val losses      146:	0.3268	 0.443	0.4229	0.4125	 0.314	0.3352	0.4668	0.4508	0.5569	0.6163	 1.136	 1.145	 | 0.5522 mean
                     	0.9149	 1.228	 1.137	 1.127	0.8357	0.8887	 1.343	 1.365	 1.565	  1.52	 3.036	 3.053	 | 1.682 quantile
                      	 2.346	 2.996	 2.988	 2.839	 1.711	 1.841	 2.863	 2.916	 2.658	 2.572	  5.33	 5.369	 | 5.369 max

train losses    148:	0.4075	0.4177	0.3287	0.3225	 0.444	0.4593	0.4424	0.4508	0.6659	 0.672	0.7104	0.7147	
val losses      148:	 0.329	0.4462	0.4227	0.4124	0.3111	 0.332	0.4667	0.4504	0.5549	0.6131	 1.135	 1.145	 | 0.5515 mean
                     	0.9258	 1.238	 1.136	 1.127	0.8305	0.8938	  1.34	 1.367	 1.535	 1.499	 3.046	 3.035	 | 1.694 quantile
                      	 2.491	 3.035	 2.991	  2.84	 1.737	 1.801	 2.862	 2.923	 2.617	 2.506	  5.17	 5.251	 | 5.251 max

train losses    150:	0.4097	0.4183	0.3285	0.3224	0.4458	0.4609	0.4418	0.4501	0.6699	0.6687	0.6919	 0.695	
val losses      150:	0.3295	0.4456	0.4229	0.4126	0.3129	0.3331	0.4672	0.4511	0.5662	 0.626	  1.13	 1.138	 | 0.5529 mean
                     	 0.925	 1.235	 1.137	 1.126	0.8459	0.8899	 1.342	 1.363	 1.564	 1.522	 3.025	 3.037	 | 1.685 quantile
                      	 2.465	 2.806	 2.992	 2.835	 1.669	 1.755	  2.89	 2.945	 2.686	 2.643	 5.178	 5.202	 | 5.202 max

train losses    152:	0.4095	0.4177	0.3284	0.3223	0.4443	0.4595	0.4415	0.4493	0.6678	0.6706	0.6821	 0.687	
val losses      152:	0.3266	0.4419	0.4229	0.4126	0.3048	0.3286	0.4669	0.4507	0.5653	0.6256	 1.132	 1.138	 | 0.5513 mean
                     	0.9163	 1.236	 1.134	 1.126	0.8303	0.8715	 1.338	 1.356	  1.57	 1.517	  3.04	 3.055	 | 1.691 quantile
                      	 2.434	 2.835	 2.992	 2.837	 1.721	  1.74	 2.891	 2.946	 2.637	 2.598	 5.324	   5.4	 | 5.4 max

train losses    154:	0.4105	0.4197	0.3282	0.3222	0.4422	0.4575	0.4415	 0.449	0.6674	0.6691	0.6896	0.6939	
val losses      154:	 0.328	0.4457	0.4228	0.4125	0.3073	0.3287	0.4663	0.4506	0.5645	0.6291	 1.137	 1.142	 | 0.5529 mean
                     	0.9174	 1.248	 1.134	 1.127	0.8197	0.8739	 1.341	 1.361	 1.577	 1.533	 3.069	 3.075	 | 1.699 quantile
                      	 2.477	 2.864	 2.982	 2.841	 1.802	 1.801	 2.864	 2.921	 2.555	 2.536	 5.489	 5.419	 | 5.489 max

train losses    156:	0.4083	0.4198	0.3282	0.3219	0.4425	 0.459	0.4421	0.4501	0.6654	0.6695	0.7119	0.7163	
val losses      156:	0.3278	0.4459	0.4228	0.4125	0.3087	0.3313	0.4662	0.4504	0.5775	0.6354	 1.142	 1.147	 | 0.5557 mean
                     	0.9176	  1.24	 1.135	 1.123	0.8262	0.8774	 1.336	 1.358	 1.573	  1.54	 3.052	 3.092	 | 1.695 quantile
                      	 2.321	 2.901	 2.989	 2.838	 1.711	 1.847	 2.893	 2.949	 2.527	 2.697	 5.886	 5.792	 | 5.886 max

train losses    158:	0.4056	0.4162	0.3284	 0.322	0.4427	 0.461	0.4414	0.4494	0.6715	0.6747	0.7283	0.7307	
val losses      158:	0.3289	0.4467	0.4228	0.4125	0.3138	0.3356	 0.467	0.4511	0.5646	0.6177	 1.138	 1.146	 | 0.5537 mean
                     	0.9178	 1.243	 1.135	 1.127	0.8273	0.8922	 1.336	 1.364	 1.527	 1.529	 3.123	 3.113	 | 1.687 quantile
                      	 2.499	 2.644	 2.986	 2.835	 1.866	 1.866	 2.888	 2.939	 2.746	 2.706	 5.765	 5.704	 | 5.765 max

train losses    160:	0.4102	0.4181	0.3281	0.3218	0.4455	0.4577	0.4415	0.4494	0.6901	0.6979	0.7126	0.7161	
val losses      160:	0.3282	0.4416	0.4227	0.4125	0.3091	  0.33	0.4669	 0.451	0.5735	 0.633	 1.124	  1.13	 | 0.5518 mean
                     	0.9173	 1.236	 1.135	 1.126	 0.836	0.8637	 1.338	 1.359	 1.541	 1.555	 3.045	 3.038	 | 1.691 quantile
                      	 2.318	 2.882	 2.995	 2.841	 1.745	 1.819	 2.887	 2.941	 2.587	 2.696	 5.617	  5.55	 | 5.617 max

train losses    162:	0.4094	0.4211	0.3282	0.3217	0.4432	0.4589	 0.442	0.4497	0.7074	 0.711	0.6872	0.6889	
val losses      162:	 0.325	0.4383	0.4228	0.4125	0.3008	0.3189	0.4675	0.4517	0.5682	0.6214	 1.117	 1.126	 | 0.5474 mean
                     	 0.903	 1.212	 1.134	 1.126	 0.789	0.8391	 1.345	 1.357	 1.526	  1.52	 2.997	 3.008	 | 1.686 quantile
                      	 2.262	 2.719	 2.993	 2.834	 1.628	 1.806	 2.877	 2.934	 2.655	 2.646	 5.231	 5.182	 | 5.231 max

train losses    164:	0.4083	0.4185	0.3281	0.3218	0.4451	0.4584	0.4416	0.4495	0.7168	0.7274	0.6819	0.6857	
val losses      164:	0.3252	0.4357	0.4228	0.4125	0.3066	0.3249	0.4669	0.4509	0.5651	0.6131	 1.113	 1.123	 | 0.5466 mean
                     	 0.903	 1.215	 1.139	  1.13	0.8165	0.8548	 1.338	 1.362	 1.511	 1.539	 2.949	 2.941	 | 1.675 quantile
                      	 2.435	 2.675	 2.996	 2.837	 1.676	 1.721	 2.848	 2.904	 2.489	 2.768	 4.902	 4.986	 | 4.986 max

train losses    166:	0.4063	0.4165	0.3281	0.3214	 0.445	0.4627	0.4416	0.4492	0.7304	0.7388	0.6802	0.6813	
val losses      166:	 0.327	 0.441	0.4228	0.4126	0.3096	0.3275	0.4677	0.4514	0.5675	0.6271	 1.133	  1.14	 | 0.5522 mean
                     	0.9046	 1.236	 1.135	 1.124	0.8171	0.8603	 1.345	 1.369	 1.547	 1.519	 2.948	 2.959	 | 1.704 quantile
                      	 2.521	 2.982	 2.987	 2.841	 1.797	 1.777	 2.864	 2.921	 2.567	 2.645	 5.445	 5.497	 | 5.497 max

train losses    168:	0.4066	0.4169	0.3278	0.3216	0.4417	0.4602	0.4408	0.4488	 0.716	0.7219	0.6787	0.6809	
val losses      168:	0.3257	0.4395	0.4228	0.4125	0.3051	 0.323	0.4676	0.4515	0.5594	 0.618	 1.136	 1.144	 | 0.5504 mean
                     	0.9035	 1.232	 1.136	 1.128	0.8085	0.8584	 1.343	 1.365	 1.544	 1.512	 2.967	 3.002	 | 1.694 quantile
                      	 2.347	 2.608	 2.989	 2.843	 1.707	 1.795	 2.869	 2.927	 2.482	 2.531	  5.27	 5.307	 | 5.307 max

train losses    170:	0.4061	0.4166	0.3279	0.3213	0.4421	0.4556	0.4419	0.4497	0.6836	0.6902	0.6709	0.6742	
val losses      170:	0.3276	0.4445	0.4228	0.4124	0.3073	0.3292	0.4666	0.4503	0.5638	0.6246	 1.136	 1.142	 | 0.5523 mean
                     	 0.907	 1.249	 1.135	 1.126	0.8151	0.8842	 1.337	 1.367	 1.521	 1.557	 2.993	 3.034	 | 1.701 quantile
                      	 2.438	  2.88	 2.984	 2.838	 1.731	 1.805	 2.863	 2.921	 2.484	  2.46	 5.428	  5.36	 | 5.428 max

train losses    172:	0.4074	0.4155	0.3279	0.3214	0.4403	 0.454	0.4408	0.4489	0.6836	0.6836	0.6685	0.6705	
val losses      172:	0.3234	0.4385	0.4228	0.4126	0.3084	0.3299	0.4669	0.4511	0.5661	0.6266	 1.132	 1.138	 | 0.5513 mean
                     	0.8986	 1.213	 1.136	 1.126	0.8306	0.8707	 1.345	 1.365	 1.549	 1.533	 3.016	 3.055	 | 1.693 quantile
                      	 2.358	 2.799	 2.985	 2.839	 1.659	 1.807	 2.869	 2.926	 2.511	 2.509	 5.428	 5.484	 | 5.484 max

train losses    174:	0.4075	0.4146	0.3278	0.3211	0.4416	0.4537	0.4414	0.4491	0.6735	0.6757	0.6683	0.6683	
val losses      174:	 0.323	0.4406	0.4228	0.4125	0.3049	0.3253	0.4662	0.4505	  0.57	0.6318	  1.13	 1.134	 | 0.551 mean
                     	0.9165	 1.234	 1.138	 1.127	 0.805	0.8606	 1.334	 1.361	 1.547	  1.55	 3.007	  3.07	 | 1.69 quantile
                      	 2.365	 2.684	 2.982	 2.836	 1.718	 1.793	  2.86	 2.917	 2.612	 2.551	 5.419	 5.444	 | 5.444 max

train losses    176:	0.4047	0.4154	0.3279	0.3211	0.4373	0.4527	0.4412	0.4491	 0.658	0.6607	0.6747	0.6745	
val losses      176:	0.3253	0.4434	0.4229	0.4126	 0.308	0.3267	0.4659	0.4499	0.5639	 0.623	 1.146	  1.15	 | 0.5531 mean
                     	0.9175	 1.225	 1.137	 1.126	0.8258	0.8693	  1.33	 1.363	 1.522	 1.511	  3.05	 3.064	 | 1.695 quantile
                      	 2.461	 2.767	 2.988	 2.837	 1.657	 1.777	 2.866	 2.915	 2.482	 2.488	 5.661	 5.676	 | 5.676 max

train losses    178:	0.4022	 0.413	0.3278	 0.321	0.4376	0.4524	0.4408	0.4488	0.6586	0.6631	0.6884	0.6901	
val losses      178:	0.3233	0.4381	0.4229	0.4126	0.3074	0.3231	0.4662	0.4505	0.5623	0.6256	 1.135	  1.14	 | 0.5506 mean
                     	0.9086	 1.215	 1.137	 1.125	0.8174	0.8625	 1.338	 1.364	 1.543	 1.509	 3.049	 3.099	 | 1.693 quantile
                      	 2.456	 3.131	 2.982	 2.836	 1.672	 1.761	 2.863	 2.917	  2.56	 2.647	 5.424	 5.346	 | 5.424 max

train losses    180:	0.3999	0.4101	0.3276	0.3209	0.4367	0.4526	0.4405	0.4486	0.6536	0.6598	 0.686	0.6899	
val losses      180:	 0.323	0.4392	0.4226	0.4125	0.3021	0.3212	0.4657	0.4501	0.5719	0.6322	 1.118	 1.124	 | 0.5485 mean
                     	0.9062	 1.236	 1.138	 1.125	0.7958	0.8471	 1.337	  1.36	 1.538	 1.564	 3.026	 3.025	 | 1.678 quantile
                      	 2.446	 2.609	 2.982	 2.833	 1.767	 1.842	  2.87	 2.928	  2.66	 2.688	 5.367	 5.304	 | 5.367 max

train losses    182:	0.4054	0.4135	0.3274	0.3209	0.4364	0.4531	0.4401	0.4483	0.6505	0.6547	0.6761	0.6785	
val losses      182:	0.3243	0.4438	0.4227	0.4125	0.3046	 0.325	0.4656	0.4496	0.5684	0.6281	 1.113	 1.119	 | 0.548 mean
                     	0.9165	 1.241	 1.137	 1.125	0.8074	0.8595	  1.34	 1.362	 1.526	  1.54	 2.976	 2.999	 | 1.667 quantile
                      	 2.474	 3.111	 2.981	 2.839	 1.708	 1.822	 2.876	 2.931	 2.706	 2.633	  5.35	 5.276	 | 5.35 max

train losses    184:	0.4037	0.4117	0.3276	0.3209	0.4356	0.4491	0.4399	0.4478	0.6482	0.6501	0.6659	0.6686	
val losses      184:	0.3243	0.4434	0.4227	0.4125	0.3053	0.3255	0.4657	0.4498	0.5666	0.6296	 1.124	 1.132	 | 0.5501 mean
                     	0.8986	 1.247	 1.136	 1.125	0.8066	0.8662	 1.341	  1.36	 1.542	 1.541	  3.02	 3.048	 | 1.683 quantile
                      	 2.451	 2.825	 2.992	 2.838	   1.8	 1.759	 2.871	 2.926	 2.503	 2.487	 5.297	 5.233	 | 5.297 max

train losses    186:	0.4038	0.4103	0.3274	0.3209	0.4351	0.4487	0.4404	0.4482	0.6513	0.6553	0.6586	0.6614	
val losses      186:	 0.323	 0.437	0.4227	0.4125	0.3068	0.3258	0.4662	0.4498	0.5522	0.6166	 1.127	 1.134	 | 0.5478 mean
                     	0.8929	 1.208	 1.138	 1.124	0.8152	0.8707	 1.338	 1.365	 1.493	 1.486	 2.971	 2.994	 | 1.687 quantile
                      	 2.416	 2.842	 2.984	 2.836	 1.731	 1.808	 2.837	 2.894	 2.575	 2.449	 5.348	 5.436	 | 5.436 max

train losses    188:	0.4029	0.4125	0.3276	0.3209	0.4358	  0.45	0.4406	0.4484	0.6454	0.6496	0.6823	0.6827	
val losses      188:	0.3241	 0.437	0.4227	0.4125	0.3087	0.3272	0.4663	0.4501	0.5503	0.6113	 1.144	 1.153	 | 0.5506 mean
                     	0.9005	 1.207	 1.135	 1.126	0.8199	0.8657	  1.34	 1.361	 1.518	 1.472	 2.962	 2.994	 | 1.709 quantile
                      	 2.431	 2.874	 2.986	  2.84	 1.696	 1.724	 2.845	 2.899	 2.529	 2.627	 5.223	 5.214	 | 5.223 max

train losses    190:	0.4026	0.4113	0.3275	0.3208	 0.436	0.4473	  0.44	0.4482	0.6457	0.6484	0.7127	0.7126	
val losses      190:	0.3227	 0.437	0.4227	0.4125	 0.305	0.3241	0.4658	0.4495	0.5573	0.6182	 1.145	 1.153	 | 0.5511 mean
                     	0.8916	 1.214	 1.137	 1.126	0.8097	0.8674	 1.339	 1.358	 1.543	 1.511	 2.964	 2.975	 | 1.703 quantile
                      	 2.412	 2.864	 2.986	 2.841	 1.721	 1.739	 2.869	 2.919	 2.446	 2.548	 5.226	  5.31	 | 5.31 max

train losses    192:	0.4037	0.4104	0.3272	0.3205	0.4342	0.4508	0.4395	0.4471	0.6467	0.6509	0.7035	0.7033	
val losses      192:	 0.322	0.4349	0.4226	0.4125	0.3057	 0.328	0.4655	0.4495	0.5594	0.6176	 1.144	 1.152	 | 0.5511 mean
                     	0.8959	 1.214	 1.138	 1.125	 0.798	0.8735	 1.335	 1.355	 1.508	 1.511	 2.946	 2.937	 | 1.693 quantile
                      	 2.374	 2.736	  2.98	 2.839	 1.727	 1.704	  2.85	 2.903	 2.574	  2.58	 5.264	 5.289	 | 5.289 max

train losses    194:	0.4029	0.4123	0.3274	0.3207	0.4343	0.4485	0.4408	0.4483	0.6439	0.6449	0.6833	0.6874	
val losses      194:	0.3247	0.4397	0.4227	0.4125	0.3094	0.3308	0.4655	0.4494	 0.559	0.6197	 1.113	 1.121	 | 0.5472 mean
                     	0.9025	 1.211	 1.137	 1.123	 0.825	0.8762	 1.331	  1.36	  1.56	  1.52	 2.926	 2.948	 | 1.672 quantile
                      	 2.384	 3.015	 2.983	 2.841	 1.662	 1.718	 2.863	 2.917	 2.461	 2.426	 5.247	 5.283	 | 5.283 max

train losses    196:	0.4019	0.4117	0.3272	0.3205	0.4348	0.4489	0.4407	0.4484	0.6454	0.6512	0.6774	0.6791	
val losses      196:	0.3249	0.4423	0.4226	0.4125	0.3102	0.3341	0.4652	0.4497	0.5709	0.6351	 1.131	 1.136	 | 0.5529 mean
                     	0.9052	 1.244	 1.134	 1.124	0.8365	0.8897	 1.329	  1.36	 1.598	 1.568	 2.976	 3.016	 | 1.702 quantile
                      	 2.573	 2.947	 2.989	 2.843	  1.74	 1.739	 2.856	 2.905	 2.473	 2.547	 5.579	 5.633	 | 5.633 max

train losses    198:	0.4022	0.4113	0.3271	0.3202	0.4318	0.4455	0.4397	0.4473	0.6443	0.6459	0.6741	0.6739	
val losses      198:	0.3208	0.4351	0.4227	0.4125	0.2999	0.3157	 0.465	0.4496	0.5449	0.6009	 1.123	 1.128	 | 0.5432 mean
                     	0.8995	 1.205	 1.136	 1.124	0.8056	0.8367	 1.332	 1.355	   1.5	 1.469	 2.958	 3.021	 | 1.665 quantile
                      	 2.373	 2.908	 2.984	 2.841	 1.669	 1.601	 2.866	 2.913	 2.487	  2.44	 5.463	 5.485	 | 5.485 max

train losses    200:	0.4013	 0.409	 0.327	0.3203	0.4336	0.4466	0.4395	0.4473	0.6462	 0.648	0.6604	0.6616	
val losses      200:	0.3197	0.4343	0.4228	0.4125	0.3034	0.3226	0.4645	0.4488	0.5574	0.6177	 1.125	 1.132	 | 0.5468 mean
                     	0.8822	 1.203	 1.136	 1.125	0.8077	0.8514	  1.33	 1.354	 1.529	 1.513	 2.967	 3.006	 | 1.669 quantile
                      	 2.425	 2.847	 2.983	 2.836	 1.662	 1.653	 2.843	 2.887	  2.52	 2.496	 5.516	 5.543	 | 5.543 max

train losses    202:	0.3986	0.4068	0.3274	0.3206	0.4284	0.4466	0.4393	0.4471	0.6481	0.6513	0.6662	0.6689	
val losses      202:	0.3243	0.4379	0.4226	0.4124	0.3055	0.3252	0.4643	0.4489	 0.566	 0.627	 1.128	 1.133	 | 0.5496 mean
                     	0.9021	 1.221	 1.136	 1.124	0.8124	0.8664	 1.332	 1.354	 1.581	 1.549	 2.993	 3.043	 | 1.696 quantile
                      	  2.47	 2.996	 2.979	 2.842	 1.721	 1.724	 2.856	 2.897	 2.552	 2.427	 5.465	 5.483	 | 5.483 max

train losses    204:	0.4032	0.4119	0.3272	0.3204	0.4296	0.4456	0.4393	0.4468	0.6466	0.6463	0.6837	0.6833	
val losses      204:	0.3232	0.4396	0.4227	0.4125	 0.304	0.3253	0.4648	0.4496	0.5498	0.6111	 1.129	 1.135	 | 0.5472 mean
                     	0.9126	 1.214	 1.136	 1.125	0.8009	0.8482	 1.335	 1.353	 1.528	 1.496	 2.964	 3.009	 | 1.685 quantile
                      	 2.581	 3.191	 2.971	 2.839	 1.684	 1.743	 2.857	 2.902	 2.427	 2.418	 5.335	 5.414	 | 5.414 max

train losses    206:	0.4002	0.4068	0.3272	0.3203	0.4324	0.4476	0.4391	0.4468	0.6368	0.6406	0.6735	0.6733	
val losses      206:	0.3197	0.4331	0.4226	0.4124	0.2963	0.3137	0.4645	0.4492	0.5557	0.6224	  1.13	 1.134	 | 0.5461 mean
                     	 0.888	 1.205	 1.134	 1.123	0.7951	0.8323	 1.336	  1.35	 1.533	 1.506	 3.016	  3.07	 | 1.685 quantile
                      	  2.54	 2.824	 2.976	 2.839	 1.639	 1.688	 2.849	 2.896	 2.558	 2.344	 5.457	 5.536	 | 5.536 max

train losses    208:	 0.401	0.4094	0.3274	0.3205	0.4316	0.4451	0.4407	0.4482	0.6399	 0.644	  0.66	0.6581	
val losses      208:	0.3224	0.4384	0.4227	0.4125	0.3043	0.3269	0.4647	0.4492	0.5584	0.6255	 1.124	 1.129	 | 0.5481 mean
                     	0.9095	 1.225	 1.136	 1.124	0.8126	0.8529	 1.331	 1.352	  1.56	 1.509	 2.942	 2.975	 | 1.688 quantile
                      	 2.453	 3.172	 2.977	 2.836	 1.731	 1.651	 2.881	 2.926	 2.534	  2.47	 5.371	 5.403	 | 5.403 max

train losses    210:	 0.399	0.4077	0.3269	0.3203	0.4308	0.4454	0.4389	0.4461	0.6386	0.6426	 0.651	0.6505	
val losses      210:	 0.324	0.4427	0.4227	0.4124	0.3071	0.3293	0.4646	0.4488	0.5537	0.6181	 1.122	  1.13	 | 0.5479 mean
                     	0.9057	 1.227	 1.135	 1.125	0.8206	0.8748	 1.338	 1.351	  1.51	 1.482	 2.951	 3.012	 | 1.676 quantile
                      	 2.486	 2.928	 2.979	 2.841	 1.715	 1.753	 2.853	 2.898	 2.474	 2.377	 5.316	 5.343	 | 5.343 max

train losses    212:	0.3999	0.4095	0.3273	0.3205	0.4333	0.4473	0.4392	0.4468	  0.64	0.6428	0.6411	0.6401	
val losses      212:	0.3255	0.4436	0.4227	0.4124	0.3087	0.3304	0.4641	0.4482	 0.546	0.6137	 1.108	 1.114	 | 0.5448 mean
                     	0.9244	  1.23	 1.134	 1.125	0.8248	0.8763	 1.333	 1.351	 1.526	 1.498	 2.936	 2.996	 | 1.663 quantile
                      	 2.374	 2.966	 2.983	 2.841	 1.642	 1.725	 2.846	  2.89	 2.542	 2.318	  5.24	 5.198	 | 5.24 max

train losses    214:	0.3977	0.4049	0.3272	0.3203	0.4299	0.4443	 0.439	0.4467	0.6378	0.6421	0.6374	0.6373	
val losses      214:	0.3206	0.4361	0.4227	0.4125	0.3016	0.3221	0.4642	0.4485	0.5517	0.6162	 1.104	 1.111	 | 0.5426 mean
                     	0.8794	 1.205	 1.134	 1.123	0.7944	0.8478	 1.328	 1.348	 1.518	 1.505	  2.94	 2.947	 | 1.667 quantile
                      	 2.482	 2.936	  2.98	  2.84	 1.653	 1.744	 2.859	 2.904	 2.503	 2.508	 5.307	 5.322	 | 5.322 max

train losses    216:	0.4018	0.4067	 0.327	0.3202	0.4292	0.4426	0.4391	0.4467	0.6336	0.6358	0.6388	0.6379	
val losses      216:	0.3244	0.4406	0.4226	0.4124	0.3036	 0.323	0.4639	0.4481	0.5547	0.6207	 1.113	  1.12	 | 0.5455 mean
                     	0.9094	 1.226	 1.134	 1.123	0.8133	  0.86	 1.326	 1.345	 1.512	 1.512	 2.939	 2.996	 | 1.669 quantile
                      	  2.38	 2.996	 2.984	 2.843	 1.691	 1.718	 2.851	 2.894	 2.522	   2.4	 5.226	 5.255	 | 5.255 max

train losses    218:	0.3986	0.4072	0.3271	0.3204	0.4301	0.4436	0.4387	0.4466	0.6402	0.6457	0.6399	0.6394	
val losses      218:	0.3206	0.4369	0.4227	0.4126	0.2998	0.3176	0.4642	0.4482	0.5545	0.6211	 1.116	 1.123	 | 0.5447 mean
                     	0.8903	 1.212	 1.135	 1.123	0.8059	0.8494	 1.336	 1.348	 1.528	 1.504	 2.945	  2.99	 | 1.672 quantile
                      	 2.385	 3.043	 2.992	 2.839	 1.607	 1.699	 2.862	 2.903	 2.462	 2.374	 5.433	 5.402	 | 5.433 max

train losses    220:	0.3981	0.4072	0.3271	0.3203	0.4273	0.4429	0.4382	 0.446	0.6396	0.6422	0.6361	0.6353	
val losses      220:	0.3248	0.4414	0.4227	0.4125	0.3033	 0.322	0.4638	0.4477	0.5623	0.6249	 1.118	 1.125	 | 0.5473 mean
                     	0.9153	 1.231	 1.136	 1.124	0.8042	0.8542	 1.329	  1.35	 1.572	 1.511	 2.936	 2.963	 | 1.68 quantile
                      	 2.489	 2.978	  2.98	  2.84	 1.641	 1.748	 2.858	 2.897	 2.527	 2.538	 5.342	 5.363	 | 5.363 max

train losses    222:	0.3996	0.4093	0.3268	  0.32	 0.429	0.4442	0.4378	0.4457	0.6403	0.6424	0.6308	0.6319	
val losses      222:	0.3245	 0.437	0.4227	0.4125	0.3075	0.3279	0.4635	0.4477	0.5615	0.6287	 1.116	 1.124	 | 0.5478 mean
                     	 0.906	 1.213	 1.136	 1.124	 0.839	0.8634	 1.323	 1.346	 1.564	 1.514	 2.932	  2.98	 | 1.678 quantile
                      	 2.433	 3.041	 2.975	 2.841	 1.673	 1.669	  2.85	 2.891	 2.676	 2.423	 5.395	 5.341	 | 5.395 max

train losses    224:	0.3967	0.4059	0.3268	  0.32	0.4278	0.4448	0.4378	0.4452	0.6374	0.6424	0.6314	0.6317	
val losses      224:	0.3207	0.4296	0.4227	0.4125	0.3006	0.3173	0.4633	0.4473	0.5575	0.6215	 1.119	 1.127	 | 0.5449 mean
                     	0.8886	 1.191	 1.136	 1.125	0.8023	0.8383	 1.328	 1.351	 1.554	 1.496	 2.942	 2.953	 | 1.677 quantile
                      	 2.294	 2.757	 2.988	 2.839	 1.745	 1.716	 2.844	 2.886	 2.609	 2.454	 5.547	 5.561	 | 5.561 max

train losses    226:	0.3988	0.4055	0.3268	0.3199	0.4258	0.4395	0.4372	 0.445	0.6385	0.6373	0.6272	0.6255	
val losses      226:	0.3215	0.4354	0.4227	0.4125	0.2968	0.3144	0.4633	0.4475	0.5614	0.6237	 1.114	 1.121	 | 0.5445 mean
                     	0.8927	 1.225	 1.135	 1.124	0.8003	0.8199	 1.329	 1.352	 1.563	 1.515	 2.967	   3.0	 | 1.673 quantile
                      	 2.299	 3.149	 2.981	 2.838	 1.644	 1.747	 2.854	 2.898	 2.429	 2.427	 5.377	 5.333	 | 5.377 max

train losses    228:	0.3966	0.4046	 0.327	0.3199	0.4283	0.4437	0.4371	0.4452	0.6388	0.6402	0.6258	0.6258	
val losses      228:	0.3199	0.4304	0.4226	0.4124	0.3018	0.3195	0.4631	0.4474	0.5578	0.6233	 1.119	 1.127	 | 0.5454 mean
                     	 0.888	 1.194	 1.135	 1.124	0.8149	  0.85	 1.323	 1.349	 1.576	 1.523	 2.945	 2.982	 | 1.682 quantile
                      	 2.347	 2.854	  2.98	 2.834	 1.587	 1.727	 2.874	 2.919	 2.513	 2.378	 5.567	 5.517	 | 5.567 max

train losses    230:	0.3963	0.4077	0.3267	0.3199	0.4284	0.4409	0.4372	0.4454	0.6383	0.6446	0.6243	0.6235	
val losses      230:	0.3222	0.4399	0.4226	0.4124	0.3007	0.3184	0.4632	0.4477	0.5584	0.6219	 1.115	 1.124	 | 0.5455 mean
                     	0.9043	 1.232	 1.133	 1.122	0.8064	 0.845	 1.322	  1.34	  1.55	 1.515	 2.942	 2.967	 | 1.672 quantile
                      	 2.356	  3.04	 2.978	 2.842	 1.678	 1.749	 2.864	 2.902	 2.449	 2.489	 5.361	 5.435	 | 5.435 max

train losses    232:	0.3964	0.4071	0.3268	0.3199	0.4258	0.4424	0.4375	0.4446	0.6444	0.6461	0.6252	0.6251	
val losses      232:	0.3253	0.4405	0.4226	0.4124	0.3001	0.3187	0.4627	0.4466	0.5661	0.6257	 1.113	 1.121	 | 0.5462 mean
                     	0.9057	 1.228	 1.134	 1.123	0.7939	0.8569	 1.327	 1.346	 1.565	 1.545	 2.932	 2.963	 | 1.672 quantile
                      	 2.239	 3.121	 2.982	 2.845	 1.677	 1.729	 2.873	 2.909	 2.548	 2.436	 5.515	  5.48	 | 5.515 max

train losses    234:	0.3989	0.4066	0.3267	0.3198	0.4245	 0.439	0.4367	0.4447	0.6419	0.6455	0.6291	0.6274	
val losses      234:	0.3237	0.4402	0.4225	0.4123	0.2974	0.3163	0.4624	0.4465	0.5637	0.6308	 1.113	 1.121	 | 0.5458 mean
                     	0.9104	 1.229	 1.133	 1.125	0.7862	0.8378	 1.327	 1.344	 1.551	 1.533	  2.93	 2.933	 | 1.669 quantile
                      	  2.31	 2.939	 2.981	 2.844	 1.692	 1.676	 2.845	 2.885	  2.47	 2.415	 5.428	 5.414	 | 5.428 max

train losses    236:	0.3975	0.4038	0.3268	0.3198	0.4273	0.4427	0.4371	0.4448	0.6409	 0.643	0.6296	0.6284	
val losses      236:	0.3252	0.4393	0.4226	0.4124	0.3046	0.3249	0.4624	0.4468	0.5627	0.6255	 1.119	 1.127	 | 0.5476 mean
                     	0.9085	 1.216	 1.133	 1.124	0.8095	0.8516	 1.322	 1.348	 1.582	 1.521	 2.984	 3.003	 | 1.678 quantile
                      	 2.367	 3.084	 2.982	  2.84	 1.722	 1.686	 2.841	 2.881	 2.657	 2.497	 5.453	 5.477	 | 5.477 max

train losses    238:	0.3985	0.4057	0.3268	0.3199	0.4276	 0.443	 0.436	0.4443	0.6371	0.6405	0.6283	0.6279	
val losses      238:	 0.324	 0.435	0.4226	0.4124	0.2974	0.3152	0.4621	0.4464	0.5492	0.6125	 1.115	 1.122	 | 0.5428 mean
                     	0.9007	 1.199	 1.135	 1.122	 0.788	 0.824	 1.322	 1.346	 1.553	 1.489	 2.899	 2.955	 | 1.658 quantile
                      	 2.282	  2.95	 2.985	 2.842	 1.674	 1.628	 2.836	 2.876	 2.502	 2.402	 5.385	 5.404	 | 5.404 max

train losses    240:	0.3972	0.4053	0.3268	0.3198	0.4267	0.4402	0.4366	0.4444	  0.64	0.6449	0.6298	0.6285	
val losses      240:	0.3201	0.4313	0.4225	0.4124	0.2948	0.3098	0.4623	0.4465	0.5484	0.6081	 1.124	 1.132	 | 0.5427 mean
                     	0.8934	   1.2	 1.133	 1.123	0.7795	0.8197	 1.322	 1.344	  1.55	 1.474	 2.941	 2.974	 | 1.689 quantile
                      	 2.384	 2.925	 2.976	 2.836	 1.678	 1.562	 2.832	 2.872	  2.38	 2.286	 5.606	 5.624	 | 5.624 max

train losses    242:	0.3982	 0.405	0.3268	0.3199	0.4275	 0.441	0.4372	0.4451	0.6329	0.6393	0.6374	0.6368	
val losses      242:	0.3229	0.4356	0.4225	0.4124	0.3002	0.3192	 0.462	0.4457	0.5593	  0.62	  1.12	 1.127	 | 0.5456 mean
                     	0.9051	 1.207	 1.135	 1.123	0.8063	0.8526	 1.326	 1.348	 1.595	 1.513	 2.951	 2.966	 | 1.681 quantile
                      	 2.421	 3.037	 2.976	 2.835	 1.663	 1.598	 2.852	 2.894	 2.364	 2.374	 5.422	 5.443	 | 5.443 max

train losses    244:	0.3961	 0.404	0.3267	0.3198	0.4296	0.4446	0.4359	0.4438	0.6334	0.6436	0.6425	0.6408	
val losses      244:	0.3198	0.4356	0.4225	0.4123	0.3026	0.3218	0.4614	0.4455	0.5488	0.6094	 1.125	 1.133	 | 0.5449 mean
                     	0.8825	 1.205	 1.132	  1.12	0.8188	 0.854	 1.327	 1.341	 1.555	 1.505	 2.912	 2.941	 | 1.695 quantile
                      	 2.413	 3.163	 2.972	 2.839	 1.696	 1.647	 2.829	 2.869	 2.327	 2.449	 5.251	 5.295	 | 5.295 max

train losses    246:	0.3977	0.4068	0.3267	0.3198	0.4253	0.4418	0.4354	0.4433	0.6307	0.6354	0.6554	0.6542	
val losses      246:	0.3208	0.4348	0.4225	0.4124	0.3024	  0.32	0.4611	0.4449	0.5539	0.6124	  1.12	 1.127	 | 0.5444 mean
                     	0.8891	 1.204	 1.132	 1.122	0.7967	 0.839	 1.324	  1.34	  1.55	  1.48	 2.883	 2.922	 | 1.67 quantile
                      	 2.423	 2.798	  2.97	 2.846	 1.617	 1.663	 2.847	 2.887	 2.542	 2.438	 5.481	 5.499	 | 5.499 max

train losses    248:	0.3965	0.4058	0.3267	0.3196	  0.43	0.4435	 0.437	0.4447	0.6318	0.6391	0.6616	0.6599	
val losses      248:	0.3197	0.4361	0.4226	0.4124	0.3008	0.3202	0.4614	0.4455	0.5554	0.6192	 1.124	 1.133	 | 0.5458 mean
                     	0.9022	 1.217	 1.135	 1.122	0.8127	0.8518	 1.322	 1.339	 1.571	 1.497	  2.97	 2.985	 | 1.69 quantile
                      	 2.329	 3.092	  2.97	 2.844	 1.673	 1.711	 2.848	 2.887	 2.474	 2.395	 5.431	 5.464	 | 5.464 max

train losses    250:	0.3973	0.4045	0.3267	0.3199	0.4285	0.4409	0.4367	0.4444	0.6312	0.6329	0.6527	0.6533	
val losses      250:	0.3195	0.4347	0.4225	0.4124	 0.297	0.3122	0.4603	0.4444	0.5596	0.6173	 1.117	 1.123	 | 0.5433 mean
                     	0.8749	 1.215	 1.133	 1.122	0.7811	0.8379	 1.318	 1.337	 1.508	 1.491	 2.909	 2.933	 | 1.658 quantile
                      	 2.307	 2.869	 2.968	 2.843	 1.619	 1.678	 2.863	 2.902	 2.587	 2.382	 5.382	 5.447	 | 5.447 max

train losses    252:	0.3976	0.4059	0.3265	0.3196	0.4261	0.4397	0.4355	0.4431	0.6323	0.6371	0.6464	0.6437	
val losses      252:	0.3233	 0.441	0.4225	0.4124	0.2988	0.3168	0.4599	0.4443	0.5622	0.6239	 1.115	 1.121	 | 0.5452 mean
                     	0.8957	 1.245	 1.134	 1.124	0.8047	0.8446	 1.318	 1.336	  1.57	  1.51	 2.944	 2.988	 | 1.671 quantile
                      	 2.414	 3.103	 2.972	 2.834	 1.595	 1.683	 2.843	 2.881	  2.54	 2.395	 5.303	 5.303	 | 5.303 max

train losses    254:	0.3957	0.4057	0.3268	0.3196	 0.424	0.4388	0.4356	 0.443	 0.635	0.6401	0.6309	0.6279	
val losses      254:	0.3207	0.4328	0.4227	0.4125	0.2946	0.3097	0.4602	0.4443	 0.553	0.6109	 1.124	 1.128	 | 0.5428 mean
                     	0.8988	 1.212	 1.136	 1.122	0.7738	0.8169	 1.314	 1.339	 1.523	 1.503	  2.94	 2.965	 | 1.672 quantile
                      	 2.396	 3.143	 2.976	 2.836	 1.567	 1.724	 2.821	 2.858	 2.471	 2.474	 5.452	 5.492	 | 5.492 max

train losses    256:	0.3976	0.4062	0.3266	0.3198	0.4241	0.4391	 0.435	0.4428	0.6379	0.6388	0.6399	0.6386	
val losses      256:	0.3215	0.4387	0.4226	0.4124	0.2976	0.3143	0.4605	 0.445	0.5611	0.6286	  1.12	 1.123	 | 0.5454 mean
                     	0.8878	 1.222	 1.135	  1.12	0.7879	0.8381	 1.311	 1.334	 1.525	 1.518	 2.986	  3.05	 | 1.675 quantile
                      	 2.431	 2.974	 2.968	 2.837	 1.654	 1.681	 2.837	 2.873	 2.619	 2.429	 5.218	 5.263	 | 5.263 max

train losses    258:	0.3966	 0.405	0.3267	0.3196	0.4265	 0.441	0.4352	0.4425	0.6317	 0.635	0.6627	0.6612	
val losses      258:	 0.321	0.4393	0.4225	0.4123	0.2939	0.3094	0.4598	0.4444	0.5637	0.6309	 1.137	  1.14	 | 0.5479 mean
                     	0.8966	 1.232	 1.136	 1.121	0.7752	0.8384	 1.306	 1.328	 1.511	 1.555	 2.971	 3.027	 | 1.693 quantile
                      	 2.428	 3.067	 2.967	 2.837	 1.649	 1.669	  2.85	 2.885	 2.617	 2.519	 5.479	 5.548	 | 5.548 max

train losses    260:	0.3978	0.4055	0.3267	0.3196	0.4221	0.4384	0.4356	0.4432	0.6315	0.6317	0.6802	0.6764	
val losses      260:	0.3173	0.4321	0.4226	0.4124	0.2897	0.3044	0.4599	0.4448	0.5564	0.6161	 1.133	 1.135	 | 0.5437 mean
                     	0.8728	 1.206	 1.136	  1.12	0.7695	0.8168	 1.305	 1.332	 1.469	 1.501	 3.046	  3.11	 | 1.674 quantile
                      	 2.309	 3.068	 2.969	 2.837	 1.611	 1.593	 2.841	 2.875	 2.535	 2.372	 5.098	 5.175	 | 5.175 max

train losses    262:	0.3982	0.4063	0.3267	0.3197	0.4249	0.4392	0.4347	0.4425	0.6395	0.6442	0.6586	0.6566	
val losses      262:	0.3215	0.4387	0.4225	0.4124	0.3069	 0.327	0.4593	0.4435	0.5635	0.6288	 1.125	  1.13	 | 0.5483 mean
                     	0.8919	 1.221	 1.134	 1.121	0.8358	0.8671	 1.309	 1.335	 1.577	 1.517	 2.987	 3.041	 | 1.674 quantile
                      	 2.426	 2.949	 2.962	 2.841	 1.679	 1.687	 2.842	 2.879	 2.597	 2.664	 5.215	 5.245	 | 5.245 max

train losses    264:	0.3948	0.4037	0.3267	0.3197	0.4269	0.4415	0.4341	0.4419	0.6467	 0.649	0.6591	0.6567	
val losses      264:	0.3241	0.4411	0.4224	0.4122	0.3055	0.3299	0.4584	0.4425	0.5607	0.6257	 1.123	 1.127	 | 0.5477 mean
                     	0.8921	 1.233	 1.136	 1.121	0.8225	0.8763	 1.311	 1.331	 1.589	 1.501	 2.909	 2.961	 | 1.675 quantile
                      	  2.39	 3.191	 2.966	  2.84	 1.733	 1.759	 2.841	 2.879	 2.449	 2.498	 5.542	 5.607	 | 5.607 max

train losses    266:	0.3966	 0.403	0.3265	0.3193	 0.424	0.4415	0.4339	0.4414	 0.646	0.6494	0.6496	0.6483	
val losses      266:	0.3201	0.4357	0.4225	0.4123	   0.3	  0.32	0.4585	0.4425	0.5697	0.6436	 1.115	  1.12	 | 0.5466 mean
                     	0.8831	 1.214	 1.133	 1.121	0.8033	0.8494	 1.312	 1.328	 1.552	 1.569	 2.911	  2.95	 | 1.668 quantile
                      	 2.344	 3.001	 2.963	 2.842	 1.682	 1.626	 2.829	 2.865	 2.586	  2.51	 5.237	 5.188	 | 5.237 max

train losses    268:	0.3992	0.4031	0.3265	0.3194	0.4242	0.4362	0.4333	 0.441	0.6432	0.6477	0.6447	0.6427	
val losses      268:	0.3211	0.4392	0.4224	0.4123	0.2956	0.3146	0.4589	0.4428	0.5594	0.6222	 1.125	 1.131	 | 0.5454 mean
                     	0.8912	 1.226	 1.134	  1.12	0.7783	0.8491	 1.318	 1.332	 1.565	 1.504	 2.925	 2.963	 | 1.678 quantile
                      	 2.407	 3.167	 2.964	 2.842	 1.672	 1.685	 2.825	  2.86	 2.415	  2.46	 5.243	 5.272	 | 5.272 max

train losses    270:	0.3947	0.4026	0.3265	0.3195	0.4289	0.4444	0.4336	0.4411	0.6375	0.6406	0.6554	0.6525	
val losses      270:	 0.321	0.4345	0.4223	0.4123	0.3003	0.3175	 0.459	0.4429	0.5667	0.6318	 1.146	 1.153	 | 0.5506 mean
                     	0.8863	 1.213	 1.134	  1.12	0.8002	0.8449	  1.32	 1.341	 1.619	 1.538	 2.958	 2.988	 | 1.715 quantile
                      	 2.309	 2.863	 2.966	 2.835	 1.628	 1.623	 2.836	 2.873	 2.531	  2.52	 5.055	 5.089	 | 5.089 max

train losses    272:	0.3974	 0.404	0.3267	0.3195	0.4231	0.4388	0.4341	0.4416	0.6345	 0.637	0.6761	 0.675	
val losses      272:	0.3159	0.4224	0.4223	0.4122	 0.294	0.3074	0.4575	0.4415	 0.548	0.6046	  1.14	 1.147	 | 0.5427 mean
                     	0.8667	 1.173	 1.133	 1.121	0.7638	0.8148	 1.314	 1.335	 1.522	 1.477	 2.917	 2.927	 | 1.68 quantile
                      	 2.347	 2.763	 2.957	 2.838	  1.71	  1.69	 2.827	 2.864	 2.394	 2.417	 5.091	 5.109	 | 5.109 max

train losses    274:	 0.398	 0.406	0.3264	0.3194	0.4243	0.4387	0.4334	0.4411	0.6353	0.6422	0.6815	0.6793	
val losses      274:	0.3205	0.4326	0.4224	0.4122	0.3033	 0.321	0.4584	0.4421	0.5562	0.6182	 1.138	 1.144	 | 0.5474 mean
                     	0.8884	 1.214	 1.134	 1.121	0.8358	0.8627	 1.313	 1.334	 1.543	 1.491	 3.021	 3.055	 | 1.693 quantile
                      	 2.492	 3.109	 2.952	 2.837	 1.727	 1.735	 2.835	 2.869	 2.345	 2.466	  5.43	 5.501	 | 5.501 max

train losses    276:	 0.396	0.4047	0.3262	0.3194	 0.426	0.4396	0.4329	0.4408	0.6343	0.6437	0.6836	0.6818	
val losses      276:	0.3188	0.4303	0.4222	0.4121	0.2989	0.3135	0.4569	0.4413	0.5555	0.6102	 1.117	 1.121	 | 0.5415 mean
                     	0.8822	 1.206	 1.134	  1.12	0.7696	0.8237	 1.302	  1.32	 1.492	 1.489	 3.018	 3.028	 | 1.659 quantile
                      	 2.225	 2.915	 2.957	 2.833	 1.714	 1.628	 2.796	 2.832	 2.473	 2.349	 5.024	 5.007	 | 5.024 max

train losses    278:	0.3998	0.4076	0.3265	0.3195	0.4289	0.4439	0.4339	0.4413	0.6488	0.6488	0.6951	0.6932	
val losses      278:	0.3216	0.4349	0.4223	0.4121	0.2938	0.3116	0.4566	 0.441	0.5716	0.6347	 1.119	 1.124	 | 0.5453 mean
                     	0.8936	 1.222	 1.132	 1.117	0.7848	0.8302	 1.298	  1.32	 1.508	 1.505	 2.973	 3.016	 | 1.661 quantile
                      	 2.448	 3.016	 2.959	 2.832	 1.639	 1.742	 2.818	 2.856	 2.471	 2.586	 5.295	 5.365	 | 5.365 max

train losses    280:	0.3974	0.4038	0.3262	0.3193	0.4315	0.4461	0.4322	0.4399	0.6724	 0.669	 0.677	0.6737	
val losses      280:	0.3216	0.4344	0.4223	0.4121	0.2991	 0.313	0.4565	0.4408	0.5811	0.6361	 1.133	 1.136	 | 0.5488 mean
                     	0.8957	 1.204	 1.134	 1.117	0.7702	0.8237	 1.306	 1.326	 1.572	 1.567	 3.028	 3.066	 | 1.676 quantile
                      	  2.53	 2.945	 2.955	 2.836	 1.628	 1.685	 2.842	 2.878	 2.522	 2.675	  5.46	   5.5	 | 5.5 max

train losses    282:	0.4018	0.4086	0.3267	0.3194	0.4416	0.4573	0.4341	0.4414	0.7562	0.7528	0.7058	0.7029	
val losses      282:	0.3179	0.4283	0.4222	0.4121	0.2998	0.3152	0.4571	0.4412	0.6055	0.6483	 1.137	 1.141	 | 0.5521 mean
                     	0.8799	 1.195	 1.134	 1.118	0.7956	0.8339	 1.302	  1.32	 1.614	 1.557	 3.045	 3.066	 | 1.694 quantile
                      	 2.501	 3.001	 2.962	 2.851	   1.6	 1.668	 2.822	 2.856	 2.555	 2.713	 5.148	 5.208	 | 5.208 max

train losses    284:	0.4199	0.4311	0.3268	0.3198	0.4851	0.5034	0.4353	 0.443	 0.921	0.9161	0.7588	0.7602	
val losses      284:	0.3264	0.4457	0.4223	0.4122	0.3306	0.3524	0.4596	0.4432	0.7371	0.7793	  1.16	 1.166	 | 0.5862 mean
                     	0.9103	 1.248	 1.134	  1.12	0.8595	0.9282	 1.324	 1.327	 1.845	 1.799	 3.037	 3.069	 | 1.787 quantile
                      	 2.495	 3.026	  2.96	 2.849	 1.896	 1.982	 2.862	   2.9	 3.185	 3.316	 5.485	 5.425	 | 5.485 max

train losses    286:	0.4315	0.4435	0.3268	0.3198	0.4884	0.5095	0.4385	0.4465	 1.023	 1.026	0.8708	 0.869	
val losses      286:	0.3477	0.4739	0.4226	0.4123	0.3558	0.3872	0.4599	0.4433	0.8346	0.8698	 1.197	 1.197	 | 0.6168 mean
                     	0.9537	  1.33	 1.135	 1.122	0.9593	 1.045	 1.327	 1.321	 2.267	 2.164	  3.07	 3.117	 | 1.929 quantile
                      	 2.318	 3.161	 2.967	 2.854	 2.177	 1.999	 2.919	  2.96	 3.679	 5.004	 6.007	 5.992	 | 6.007 max

train losses    288:	0.4457	0.4578	0.3271	0.3198	0.4904	0.5095	0.4393	 0.447	 0.964	0.9792	0.9616	0.9574	
val losses      288:	 0.354	 0.476	0.4226	0.4126	 0.349	0.3757	0.4641	0.4473	0.8236	0.8749	 1.264	 1.258	 | 0.6268 mean
                     	0.9722	 1.349	 1.135	 1.126	0.9551	 1.025	 1.337	 1.347	 2.227	 2.108	 3.526	 3.601	 | 1.965 quantile
                      	  2.18	 3.052	 2.976	 2.862	 2.262	 1.917	 2.878	 2.916	 3.801	 4.973	 6.079	 6.033	 | 6.079 max

train losses    290:	0.4349	0.4426	0.3271	0.3201	0.4751	0.4941	0.4408	0.4481	0.8491	0.8572	0.8775	0.8761	
val losses      290:	0.3364	0.4461	0.4225	0.4123	0.3053	0.3246	0.4585	0.4423	  0.61	0.6598	 1.114	 1.115	 | 0.5538 mean
                     	0.9274	 1.252	 1.134	 1.116	 0.781	0.8209	 1.318	 1.335	 1.549	 1.581	 2.795	 2.789	 | 1.671 quantile
                      	   2.4	 2.938	 2.959	 2.846	 1.556	 1.579	 2.886	 2.933	 2.715	 2.677	 5.423	 5.391	 | 5.423 max

train losses    292:	0.4154	0.4229	0.3267	0.3196	 0.452	 0.467	0.4365	0.4441	0.7536	0.7588	0.8336	0.8292	
val losses      292:	 0.348	0.4645	0.4224	0.4121	0.3181	0.3414	0.4597	0.4434	0.6466	0.7078	 1.167	  1.17	 | 0.5751 mean
                     	 0.973	 1.312	 1.135	 1.122	0.8645	0.9223	 1.334	 1.341	 1.799	 1.666	 3.157	 3.112	 | 1.771 quantile
                      	 2.578	 3.063	 2.952	 2.852	 1.769	 1.661	 2.879	 2.927	  2.65	 2.902	  5.72	 5.673	 | 5.72 max

train losses    294:	0.4036	0.4127	0.3264	0.3193	 0.446	0.4623	0.4349	0.4422	0.7189	0.7195	0.7478	 0.746	
val losses      294:	0.3307	0.4466	0.4223	 0.412	0.3272	0.3517	0.4572	0.4417	0.5972	0.6665	  1.15	 1.153	 | 0.563 mean
                     	0.9129	  1.26	 1.136	 1.121	0.8916	0.9418	 1.311	 1.323	 1.619	 1.626	 2.994	 3.037	 | 1.7 quantile
                      	  2.37	 2.735	 2.948	 2.844	 1.812	 1.755	 2.825	 2.872	 2.507	 2.649	 5.816	 5.885	 | 5.885 max

train losses    296:	0.4059	0.4108	0.3269	0.3196	0.4364	0.4505	0.4349	0.4425	0.6924	0.6957	0.7219	0.7195	
val losses      296:	0.3315	0.4474	0.4224	0.4122	0.3129	0.3406	0.4573	0.4424	0.5838	0.6492	 1.134	 1.134	 | 0.5556 mean
                     	0.9063	 1.246	 1.136	 1.121	0.8105	0.9008	   1.3	 1.322	 1.564	 1.567	 3.018	 3.068	 | 1.69 quantile
                      	 2.397	 2.881	 2.946	 2.845	 1.732	 1.877	 2.788	 2.826	 2.518	 2.553	 5.378	 5.341	 | 5.378 max

train losses    298:	0.3994	0.4056	0.3263	0.3193	0.4312	0.4478	0.4337	0.4402	0.6656	0.6684	0.6856	0.6808	
val losses      298:	0.3281	0.4391	0.4224	0.4122	0.3178	0.3465	0.4564	 0.441	 0.562	0.6265	 1.142	 1.145	 | 0.5532 mean
                     	0.9104	 1.228	 1.136	 1.118	0.8625	0.9212	 1.317	  1.32	 1.558	 1.549	 2.994	 3.008	 | 1.694 quantile
                      	 2.219	  2.87	 2.958	 2.836	 1.821	 1.806	 2.804	 2.834	 2.348	  2.68	 5.341	 5.412	 | 5.412 max

