train losses      0:	0.7052	0.6512	0.5395	0.4945	0.7897	0.8354	0.6273	0.5627	 1.621	 1.646	 1.504	  1.49	
val losses        0:	 1.799	0.6612	0.5806	 2.265	  1.61	 2.062	 4.643	 3.463	 5.684	 1.441	 3.293	 3.643	 | 2.595 mean
                     	 2.823	 1.908	 1.495	 3.199	 2.904	 3.475	  5.76	 4.618	 8.705	 3.988	 7.164	 7.809	 | 6.122 quantile
                      	 4.593	  7.02	  3.41	 5.179	 5.494	 5.984	 7.613	 6.359	 12.34	 7.675	 10.61	 11.69	 | 12.34 max

train losses      2:	0.5999	0.6016	0.4839	0.4993	0.7263	0.7649	0.5964	0.5624	 1.538	 1.603	 1.477	 1.482	
val losses        2:	0.4567	0.7561	 1.065	 0.853	0.6139	0.6474	  2.02	0.5248	 1.267	 1.498	 1.884	 1.759	 | 1.112 mean
                     	 1.236	 1.804	 2.025	 1.762	 1.697	  1.77	 3.091	 1.492	 3.622	 4.022	 4.908	 4.965	 | 3.108 quantile
                      	  4.26	 5.768	 3.942	 3.537	 4.402	 3.717	 4.735	  3.38	 6.294	 7.987	 7.773	 8.145	 | 8.145 max

train losses      4:	 0.506	0.5351	0.4431	0.4396	0.6326	0.6897	0.5235	0.5268	 1.398	 1.527	 1.428	 1.439	
val losses        4:	 0.399	0.5358	0.5161	0.6523	0.4987	0.5617	 0.719	0.4799	 1.082	 1.271	 1.621	 1.669	 | 0.8338 mean
                     	 1.099	 1.436	 1.266	 1.489	 1.393	 1.584	 1.685	 1.389	 3.244	  3.51	 4.649	 4.804	 | 2.673 quantile
                      	 3.452	 5.135	 3.028	 3.437	 3.319	 3.357	 3.608	  3.23	 5.004	 6.941	 7.898	 7.802	 | 7.898 max

train losses      6:	0.4611	0.5014	0.4074	0.4169	0.5786	0.6423	0.5019	0.5125	 1.204	 1.399	 1.363	 1.398	
val losses        6:	0.3649	0.5021	0.4373	0.4303	0.5085	 0.527	0.4761	0.4543	0.8286	 1.124	 1.528	 1.604	 | 0.7322 mean
                     	0.9516	 1.368	 1.148	  1.14	 1.283	 1.463	   1.3	 1.334	 2.619	 3.179	 4.416	 4.621	 | 2.423 quantile
                      	 3.099	  4.98	 2.984	 3.418	 3.023	 2.984	 2.873	 3.139	 4.155	  6.01	 7.015	 7.068	 | 7.068 max

train losses      8:	0.4361	0.4897	0.4071	0.4196	0.5345	0.6093	 0.503	0.5114	0.9806	 1.207	   1.3	 1.351	
val losses        8:	0.3125	0.4676	0.4331	 0.426	0.3832	0.4919	0.4818	0.4556	0.6632	0.9305	 1.442	 1.524	 | 0.6676 mean
                     	0.8726	 1.252	 1.144	  1.14	 1.038	 1.344	 1.284	 1.306	 1.952	 2.609	 4.166	 4.436	 | 2.186 quantile
                      	 2.887	 4.695	 2.993	 3.063	 2.474	 2.872	 2.914	 3.096	 3.423	 5.438	 6.402	 6.769	 | 6.769 max

train losses     10:	0.4305	0.4756	0.4124	0.4277	0.5225	0.5817	0.5151	0.5108	0.8475	 1.003	 1.239	 1.292	
val losses       10:	0.2931	0.4318	0.4288	0.4122	0.3616	0.4453	0.4891	0.4486	0.5682	0.7378	 1.357	 1.427	 | 0.6168 mean
                     	 0.803	 1.168	 1.131	 1.115	0.9879	 1.227	 1.281	 1.297	  1.55	 2.055	 3.888	  4.12	 | 1.989 quantile
                      	 2.491	 4.441	 3.018	 2.991	 2.407	 2.787	 2.802	 3.101	 3.006	  4.66	 5.956	 6.299	 | 6.299 max

train losses     12:	0.4379	0.4662	0.4291	0.4471	0.5596	0.5582	0.5327	0.5203	 1.066	 1.036	 1.192	 1.227	
val losses       12:	0.2786	0.3924	0.4258	0.4223	0.3928	0.4039	0.4884	0.4406	0.5211	0.6031	 1.277	 1.321	 | 0.5806 mean
                     	0.7443	 1.048	 1.121	  1.14	 1.064	 1.099	 1.272	 1.294	 1.293	 1.566	 3.598	 3.796	 | 1.828 quantile
                      	  2.13	 4.015	 2.947	 2.845	  2.62	 2.476	 2.938	   2.9	 2.362	 3.891	  5.51	 5.964	 | 5.964 max

train losses     14:	0.4285	0.4524	0.4305	0.4475	0.5521	0.5276	0.5294	0.5148	0.9826	 1.002	  1.15	 1.165	
val losses       14:	0.2618	0.3667	  0.43	0.4178	0.3834	0.3985	0.4676	0.4236	0.6304	0.6974	 1.206	 1.246	 | 0.5774 mean
                     	0.6764	0.9785	 1.118	 1.122	0.9977	 1.023	 1.234	 1.232	 1.448	 1.553	 3.264	 3.522	 | 1.783 quantile
                      	 2.064	 3.696	 2.891	 2.864	 2.652	 2.163	  2.87	  2.81	 2.631	 3.332	 5.102	 5.767	 | 5.767 max

train losses     16:	0.4109	0.4364	0.4271	0.4308	0.5254	0.5072	0.5162	 0.501	0.8573	0.8435	 1.119	 1.124	
val losses       16:	0.2605	0.3462	0.4268	0.4121	0.3543	0.3696	0.4546	0.4214	0.6595	0.7005	 1.179	  1.21	 | 0.5662 mean
                     	0.6564	0.9279	 1.118	 1.111	0.9692	0.9465	 1.218	 1.205	  1.48	 1.594	 3.143	 3.334	 | 1.748 quantile
                      	 1.929	  3.43	 2.894	  2.75	 2.439	  2.04	 2.695	  2.57	  2.22	 3.288	 5.183	 5.814	 | 5.814 max

train losses     18:	0.4006	 0.416	0.4233	0.4227	0.5069	0.4866	 0.497	0.4904	0.8005	0.7926	 1.091	 1.093	
val losses       18:	 0.242	0.3196	0.4214	0.4073	0.3263	0.3503	0.4333	0.4181	0.5296	 0.533	 1.161	 1.177	 | 0.5266 mean
                     	0.6451	 0.857	 1.107	 1.087	0.8874	0.9028	 1.203	 1.179	 1.464	 1.429	 3.086	 3.266	 | 1.728 quantile
                      	 1.827	 2.896	 2.905	 2.807	 2.191	 1.904	 2.462	 2.677	  2.55	 2.926	 4.978	 5.569	 | 5.569 max

train losses     20:	0.3872	0.4062	0.4159	 0.416	 0.494	 0.481	0.4837	0.4822	0.6963	0.7153	 1.064	 1.063	
val losses       20:	0.2335	0.3236	0.4209	0.4025	0.3234	0.3432	0.4198	0.4056	0.4827	0.5626	 1.146	 1.165	 | 0.5191 mean
                     	0.6203	0.8662	 1.087	 1.077	0.8905	0.8831	 1.168	 1.138	 1.136	 1.289	 3.064	 3.116	 | 1.646 quantile
                      	 1.845	  3.07	 2.839	 2.741	 2.115	 1.889	 2.334	 2.681	 1.936	 2.575	 5.192	   5.6	 | 5.6 max

train losses     22:	0.3789	0.3932	0.4106	0.4099	 0.482	0.4675	0.4741	0.4714	0.6293	0.6383	 1.044	 1.045	
val losses       22:	0.2375	 0.312	0.4187	0.4021	 0.317	0.3348	0.4136	0.4038	0.3981	0.4364	 1.186	   1.2	 | 0.505 mean
                     	0.6258	0.8333	 1.087	 1.067	0.8843	0.8615	 1.128	 1.143	 1.022	 1.122	 3.156	 3.119	 | 1.614 quantile
                      	 1.911	 2.934	  2.83	 2.784	  2.09	 1.776	 2.371	 2.599	 1.907	 2.315	 5.685	 5.997	 | 5.997 max

train losses     24:	0.3771	0.3872	0.4075	0.4057	0.4684	0.4598	0.4693	0.4653	0.6227	0.6325	 1.106	 1.102	
val losses       24:	0.2307	0.3068	0.4173	0.4012	0.3097	0.3269	0.4097	0.3987	 0.398	  0.45	 1.199	 1.212	 | 0.505 mean
                     	 0.614	0.8391	 1.092	 1.058	0.8647	0.8564	 1.113	 1.126	 1.009	 1.136	 3.162	 3.159	 | 1.615 quantile
                      	 1.983	 2.708	 2.828	 2.694	 2.045	 1.808	 2.377	 2.491	 2.124	 2.208	 5.825	 6.115	 | 6.115 max

train losses     26:	0.3745	0.3852	0.4025	0.4032	0.4643	0.4586	0.4693	0.4645	0.6248	0.6196	 1.199	 1.197	
val losses       26:	0.2424	0.3126	0.4186	0.4004	0.3211	0.3364	0.4116	0.3899	0.3908	0.4452	 1.268	 1.274	 | 0.5175 mean
                     	0.6316	0.8492	 1.086	 1.059	0.8535	0.8653	 1.122	 1.096	 1.003	 1.144	  3.37	 3.415	 | 1.658 quantile
                      	  1.98	 2.669	 2.697	 2.716	 2.082	 1.712	   2.5	 2.445	 2.062	  2.04	 6.076	 6.341	 | 6.341 max

train losses     28:	0.3683	0.3754	0.3995	0.3985	0.4557	0.4488	0.4656	0.4555	  0.62	0.6174	 1.115	 1.102	
val losses       28:	0.2297	0.3172	0.4146	0.3979	0.3081	0.3196	0.4029	0.3887	0.4556	0.5191	 1.272	 1.286	 | 0.526 mean
                     	0.5998	 0.861	 1.075	 1.055	0.8362	0.8513	 1.118	   1.1	 1.129	 1.213	 3.448	 3.506	 | 1.726 quantile
                      	 1.858	 2.615	  2.75	 2.737	 2.012	 1.697	 2.196	 2.305	 2.463	 2.294	 5.635	  5.51	 | 5.635 max

train losses     30:	0.3605	0.3715	0.3915	0.3915	0.4494	0.4449	0.4507	0.4435	0.6323	0.6392	 1.064	  1.06	
val losses       30:	0.2279	0.2933	0.4095	0.3965	0.3056	0.3162	 0.406	0.3908	0.4627	0.5533	 1.228	 1.235	 | 0.5188 mean
                     	0.5974	0.7883	 1.074	 1.056	0.8201	0.8178	 1.103	 1.106	 1.123	  1.24	 3.436	 3.532	 | 1.634 quantile
                      	 1.887	 2.215	  2.83	 2.851	 1.731	 1.628	 2.378	 2.277	 2.145	 2.362	 5.895	 5.893	 | 5.895 max

train losses     32:	0.3598	0.3714	0.3873	0.3885	0.4388	0.4384	0.4439	0.4363	0.6447	0.6487	   1.0	0.9995	
val losses       32:	0.2365	0.3071	0.4111	0.3984	0.2991	 0.316	0.4038	0.3864	0.5158	0.5883	 1.168	 1.187	 | 0.5182 mean
                     	0.6232	0.8241	  1.07	 1.058	0.7961	0.8288	 1.087	 1.079	 1.201	 1.293	 3.265	 3.338	 | 1.599 quantile
                      	  1.81	 2.546	 2.744	 2.829	 1.834	 1.613	 2.373	 2.251	 2.327	  2.41	 5.322	 5.381	 | 5.381 max

train losses     34:	0.3618	0.3659	 0.385	 0.386	0.4293	0.4281	0.4375	0.4316	0.6394	0.6413	0.9556	 0.958	
val losses       34:	0.2523	0.3011	0.4123	0.3988	0.2938	0.3051	0.3987	0.3865	0.5005	0.5856	 1.168	 1.185	 | 0.5156 mean
                     	0.6443	 0.814	 1.077	 1.059	0.7779	0.7969	  1.06	 1.054	 1.189	  1.33	 3.004	 3.105	 | 1.627 quantile
                      	 1.859	 2.186	 2.789	 2.868	 1.942	 1.486	 2.227	 2.191	 1.964	 2.559	 5.267	 5.448	 | 5.448 max

train losses     36:	0.3613	0.3636	0.3805	0.3825	0.4246	0.4209	0.4382	0.4288	0.6168	0.6177	0.9327	0.9274	
val losses       36:	 0.255	0.3024	0.4124	0.3984	0.2931	0.3078	0.3917	0.3839	0.5131	0.5894	 1.092	 1.113	 | 0.5043 mean
                     	0.6766	0.8172	 1.093	 1.069	0.7563	0.8093	 1.046	 1.042	 1.204	 1.303	 2.809	 2.888	 | 1.567 quantile
                      	 1.896	 2.269	 2.815	 2.822	 1.774	 1.512	 2.174	 2.068	 2.186	 2.431	 4.729	 4.979	 | 4.979 max

train losses     38:	0.3461	0.3507	0.3753	0.3769	0.4142	0.4102	 0.425	0.4207	0.5834	0.5823	0.9162	0.9115	
val losses       38:	 0.247	0.3053	0.4101	0.3974	0.2904	0.3041	0.3901	0.3809	0.4558	0.5258	 1.122	 1.139	 | 0.4973 mean
                     	0.6373	0.8255	 1.075	 1.051	0.7739	 0.807	 1.045	 1.044	 1.128	 1.224	 2.897	  2.93	 | 1.575 quantile
                      	 2.031	 2.346	 2.763	 2.803	 1.811	 1.499	 2.127	 2.177	 2.194	 2.297	 5.181	 5.221	 | 5.221 max

train losses     40:	0.3391	0.3437	  0.37	0.3713	0.4095	0.4084	0.4189	0.4143	0.5598	 0.557	0.9029	0.8991	
val losses       40:	 0.246	0.3043	0.4086	0.3948	0.2823	0.2991	0.3915	0.3759	0.4282	0.5035	  1.13	 1.146	 | 0.4925 mean
                     	0.6376	0.8231	 1.078	 1.054	0.7541	0.7777	 1.047	 1.027	 1.072	 1.204	 2.951	 2.944	 | 1.575 quantile
                      	 1.901	  2.14	 2.797	 2.781	 1.758	 1.511	 2.168	 2.034	  2.06	 2.426	 5.415	 5.484	 | 5.484 max

train losses     42:	0.3372	0.3444	0.3676	 0.368	0.4077	0.4056	 0.412	0.4112	0.5482	0.5386	0.9286	 0.929	
val losses       42:	0.2354	0.3003	0.4077	0.3935	0.2776	0.2883	0.3888	0.3741	0.3785	0.4552	 1.169	 1.179	 | 0.4873 mean
                     	0.6114	0.8034	 1.082	 1.047	 0.741	 0.765	 1.045	 1.032	0.9883	 1.123	 3.047	 3.063	 | 1.58 quantile
                      	 1.892	 2.019	 2.801	 2.757	  1.62	 1.381	 2.181	 2.043	 1.876	 2.241	 5.739	 5.867	 | 5.867 max

train losses     44:	0.3404	0.3444	0.3678	0.3686	0.4158	0.4139	 0.412	0.4104	0.5474	0.5333	0.9788	0.9784	
val losses       44:	0.2445	 0.307	0.4072	0.3929	0.2889	0.3082	0.3918	0.3745	0.3757	0.4485	 1.173	 1.189	 | 0.4918 mean
                     	0.6297	0.8189	 1.073	 1.046	 0.755	 0.796	 1.063	 1.023	0.9609	  1.11	 3.111	 3.123	 | 1.59 quantile
                      	 1.823	 2.252	 2.745	 2.683	 1.561	 1.573	 2.062	 2.104	 1.904	 2.381	 5.853	 5.924	 | 5.924 max

train losses     46:	0.3671	0.3722	0.3773	0.3868	0.4588	0.4558	0.4357	0.4249	0.5763	0.5604	 1.125	 1.162	
val losses       46:	0.2879	0.3459	0.4132	0.4005	0.3312	0.3772	0.4083	0.3908	0.3986	0.4669	 1.316	 1.313	 | 0.5375 mean
                     	0.7222	0.8648	 1.085	 1.052	0.8511	0.9163	 1.108	 1.091	 1.041	  1.15	 3.507	  3.58	 | 1.712 quantile
                      	 2.104	 2.716	 2.744	 2.868	 1.813	 1.891	 2.339	 2.181	  1.84	 2.303	 6.638	  6.58	 | 6.638 max

train losses     48:	0.3973	0.4138	0.3942	0.4076	0.5007	0.5013	0.4521	0.4412	0.6144	0.6037	 1.092	 1.111	
val losses       48:	0.2652	0.3154	0.4101	0.4141	0.3462	0.3545	0.4152	0.4024	0.4097	0.4621	 1.458	 1.466	 | 0.5599 mean
                     	0.6874	0.8186	 1.084	 1.083	0.9384	0.9155	  1.11	   1.1	 1.046	  1.16	  3.86	 4.009	 | 1.88 quantile
                      	 2.091	 2.636	 2.783	 2.899	 1.898	  1.77	 2.131	 2.344	 2.022	 2.594	 6.304	 6.426	 | 6.426 max

train losses     50:	0.3757	 0.389	 0.381	0.3924	0.4629	 0.453	0.4358	 0.431	0.5861	0.5968	 1.082	 1.077	
val losses       50:	0.2986	0.3129	0.4069	0.4088	0.3242	0.3231	0.4066	0.3918	0.4015	  0.46	 1.374	 1.372	 | 0.54 mean
                     	0.7483	0.8518	 1.082	 1.061	0.8516	 0.815	 1.092	 1.079	0.9684	 1.175	 3.692	 3.774	 | 1.781 quantile
                      	 1.753	 2.179	   2.8	 2.898	 1.886	 1.484	 2.293	 2.245	 2.175	 2.288	 6.455	  6.48	 | 6.48 max

train losses     52:	0.3651	0.3795	0.3756	 0.376	0.4551	0.4546	0.4275	0.4242	0.6681	0.6555	 1.012	 1.003	
val losses       52:	0.2686	 0.302	0.4065	0.3996	0.5304	0.5381	0.4089	0.4025	0.4801	0.5647	 1.259	 1.257	 | 0.5682 mean
                     	0.7086	0.7892	  1.07	 1.064	 1.138	 1.196	 1.096	 1.081	 1.159	 1.425	 3.515	 3.583	 | 1.697 quantile
                      	  2.14	 2.018	 2.774	 2.923	 2.043	 1.791	 2.145	 2.214	 2.328	 2.556	 5.814	 5.776	 | 5.814 max

train losses     54:	0.3895	0.4056	0.3771	0.3795	0.5026	0.5134	0.4291	 0.425	0.8733	0.8279	0.9368	0.9375	
val losses       54:	0.2843	0.3512	0.4103	0.4001	 0.385	0.4194	0.4042	0.3995	0.5213	0.6268	 1.208	 1.223	 | 0.5528 mean
                     	 0.743	0.8424	 1.086	 1.068	 0.954	0.9884	 1.104	 1.115	 1.345	 1.449	 3.351	 3.468	 | 1.677 quantile
                      	 1.956	 2.695	 2.756	 3.075	 1.686	 1.968	 2.193	 2.322	 2.136	 2.704	 5.748	 5.844	 | 5.844 max

train losses     56:	0.3835	0.3948	 0.366	0.3653	0.4522	0.4521	0.4273	0.4173	0.6704	0.6675	0.8872	0.8799	
val losses       56:	0.2634	0.3235	0.4107	0.3989	0.3094	0.3086	0.3988	0.3871	0.6319	0.7064	 1.111	 1.123	 | 0.5311 mean
                     	 0.681	0.8418	 1.083	 1.056	0.7977	0.8027	 1.082	 1.057	 1.453	 1.556	 3.028	 3.113	 | 1.646 quantile
                      	 2.109	 2.279	 2.839	 2.938	 1.756	 1.657	 2.164	 2.073	 2.491	 2.773	 4.735	 4.951	 | 4.951 max

train losses     58:	0.3603	0.3708	0.3641	0.3631	0.4199	0.4173	0.4187	0.4132	0.6188	0.6156	0.8505	0.8457	
val losses       58:	0.2688	0.3109	0.4082	0.3962	0.3056	0.3342	0.3965	 0.379	0.4067	0.4524	 1.115	 1.118	 | 0.491 mean
                     	0.6838	0.8319	 1.077	 1.051	0.7812	0.8483	 1.051	  1.03	 1.013	  1.16	 2.891	  2.87	 | 1.565 quantile
                      	 1.965	 2.093	 2.828	 2.908	 1.424	 1.539	 2.332	 2.005	 1.986	 2.548	 4.707	 4.769	 | 4.769 max

train losses     60:	0.3366	0.3493	0.3602	0.3597	0.3991	0.3999	0.4098	0.4041	0.5489	0.5521	0.8386	0.8429	
val losses       60:	0.2387	0.2941	0.4067	0.3931	0.2815	0.2853	0.3884	0.3751	0.3953	0.4391	 1.065	 1.066	 | 0.4691 mean
                     	0.6323	0.7729	 1.081	 1.057	0.7148	0.7261	 1.051	 1.029	0.9928	 1.158	 2.819	  2.77	 | 1.538 quantile
                      	 1.826	 2.088	 2.815	 2.798	 1.383	 1.524	 2.118	  2.12	 2.136	 1.928	 4.505	  4.63	 | 4.63 max

train losses     62:	0.3231	0.3353	0.3524	0.3525	0.3887	0.3859	0.3951	0.3911	0.5339	0.5237	 0.792	0.7921	
val losses       62:	0.2359	 0.291	0.4055	0.3929	 0.275	 0.281	0.3876	0.3764	  0.38	0.4193	 1.063	 1.076	 | 0.4653 mean
                     	 0.623	0.7771	 1.073	 1.051	0.7172	0.7225	  1.04	 1.025	0.9525	 1.087	 2.806	 2.815	 | 1.526 quantile
                      	 1.879	 2.111	 2.785	  2.81	 1.365	  1.41	 1.962	  1.97	 1.947	 1.996	 4.813	 4.937	 | 4.937 max

train losses     64:	0.3121	0.3216	0.3482	 0.348	0.3791	0.3776	0.3883	0.3836	0.5208	 0.518	0.7791	0.7783	
val losses       64:	0.2287	0.2847	 0.405	0.3926	0.2797	 0.295	0.3824	0.3699	0.3716	0.4272	 1.075	 1.089	 | 0.4667 mean
                     	0.5987	0.7597	 1.077	 1.045	0.7291	0.7466	 1.021	0.9991	0.9304	 1.088	 2.817	 2.808	 | 1.535 quantile
                      	 1.879	  2.07	 2.777	 2.782	 1.375	 1.469	 2.049	 1.951	  1.96	 2.158	 5.117	 5.221	 | 5.221 max

train losses     66:	0.3059	0.3163	0.3458	0.3449	0.3709	0.3702	0.3836	0.3799	0.5153	0.5079	0.7512	 0.751	
val losses       66:	0.2258	0.2802	0.4045	0.3924	0.2733	0.2836	0.3811	0.3697	0.3749	0.4365	 1.077	  1.09	 | 0.4658 mean
                     	0.5891	0.7554	 1.078	 1.047	0.7083	0.7365	 1.022	0.9998	0.9872	 1.092	 2.803	  2.74	 | 1.529 quantile
                      	 1.847	 1.975	  2.81	 2.818	 1.356	 1.413	 2.095	 1.913	 1.852	 2.246	 5.199	 5.339	 | 5.339 max

train losses     68:	0.3016	0.3114	0.3445	0.3423	0.3645	0.3642	  0.38	0.3759	0.5064	 0.499	0.7349	 0.734	
val losses       68:	0.2243	0.2755	0.4036	 0.391	0.2642	0.2673	0.3806	0.3713	0.3635	0.4207	 1.063	 1.072	 | 0.4582 mean
                     	0.5858	0.7369	 1.067	 1.043	0.6897	0.6973	 1.019	 1.005	0.9392	 1.071	 2.745	 2.692	 | 1.52 quantile
                      	 1.866	   2.0	 2.805	 2.819	 1.294	 1.274	  1.98	 1.916	 1.911	 2.052	 5.049	 5.109	 | 5.109 max

train losses     70:	0.2988	 0.307	0.3414	0.3401	0.3611	0.3588	0.3754	0.3715	0.5022	0.4973	0.7164	0.7157	
val losses       70:	0.2237	0.2803	0.4032	 0.391	0.2624	0.2657	0.3793	0.3677	0.3661	0.4229	 1.065	 1.073	 | 0.4583 mean
                     	0.5878	0.7433	 1.066	 1.045	0.6869	0.6937	 1.014	0.9895	0.9302	 1.062	 2.725	 2.686	 | 1.512 quantile
                      	 1.851	 1.995	 2.831	 2.792	 1.238	  1.31	 2.055	 1.917	 1.887	 2.073	 5.035	 5.169	 | 5.169 max

train losses     72:	0.2953	0.3019	0.3397	0.3384	0.3564	0.3557	0.3708	0.3665	0.4977	0.4928	0.7039	0.7035	
val losses       72:	0.2211	 0.272	0.4032	0.3904	0.2622	0.2636	0.3787	0.3671	0.3708	0.4255	 1.063	  1.07	 | 0.4573 mean
                     	0.5762	0.7438	 1.064	 1.045	0.6868	0.6932	 1.013	0.9966	0.9306	 1.077	 2.759	 2.708	 | 1.507 quantile
                      	 1.934	 1.993	 2.794	 2.793	 1.315	 1.347	 2.009	 1.888	 1.934	 2.128	  5.11	 5.195	 | 5.195 max

train losses     74:	 0.293	 0.302	0.3381	0.3361	0.3529	0.3525	0.3676	0.3643	0.4937	0.4864	0.6912	0.6906	
val losses       74:	0.2201	0.2712	0.4028	0.3895	0.2603	0.2613	0.3762	0.3645	0.3693	0.4208	 1.059	 1.065	 | 0.455 mean
                     	0.5779	0.7274	 1.062	 1.043	0.6813	0.6822	 1.002	0.9889	0.9323	 1.063	 2.751	 2.704	 | 1.499 quantile
                      	 1.913	 1.968	 2.775	 2.805	 1.256	 1.298	 1.965	 1.905	 1.854	 2.072	 5.043	 5.172	 | 5.172 max

train losses     76:	0.2896	0.2979	0.3361	0.3332	0.3491	0.3491	0.3657	0.3603	  0.49	0.4829	0.6783	0.6787	
val losses       76:	0.2171	0.2713	0.4022	0.3889	0.2558	0.2558	0.3753	0.3647	0.3673	0.4189	 1.057	 1.063	 | 0.4531 mean
                     	0.5787	0.7294	 1.064	 1.041	0.6681	0.6688	 1.001	0.9794	0.9157	 1.049	 2.712	 2.664	 | 1.499 quantile
                      	 1.929	   2.0	 2.769	 2.815	   1.2	 1.325	 2.006	 1.869	 1.862	 2.065	 5.081	 5.103	 | 5.103 max

train losses     78:	0.2887	0.2955	0.3344	0.3318	0.3448	0.3458	0.3618	0.3566	0.4862	0.4818	0.6651	0.6648	
val losses       78:	0.2168	 0.269	0.4024	0.3889	0.2547	0.2538	0.3748	0.3648	0.3717	0.4254	 1.043	  1.05	 | 0.4513 mean
                     	0.5802	0.7309	 1.062	 1.041	0.6643	0.6649	 1.002	0.9753	0.9244	 1.068	 2.654	 2.643	 | 1.494 quantile
                      	 1.847	 2.008	 2.789	 2.793	  1.21	 1.344	 2.016	 1.889	 1.867	  2.12	 4.931	 4.996	 | 4.996 max

train losses     80:	0.2871	 0.294	0.3328	0.3299	0.3437	0.3432	0.3612	0.3575	0.4839	0.4779	0.6597	0.6581	
val losses       80:	0.2179	0.2665	0.4022	0.3889	0.2539	0.2522	0.3749	0.3632	0.3689	0.4199	 1.043	 1.049	 | 0.4501 mean
                     	0.5785	0.7316	 1.061	 1.042	0.6606	0.6624	 1.003	0.9784	0.9242	 1.052	 2.661	 2.658	 | 1.49 quantile
                      	 1.846	 1.979	 2.748	 2.805	 1.163	  1.32	 2.005	  1.85	 1.899	   2.0	 4.935	 5.021	 | 5.021 max

train losses     82:	0.2874	0.2914	0.3309	 0.329	0.3426	0.3423	0.3581	0.3541	0.4814	0.4752	0.6865	0.6799	
val losses       82:	0.2155	0.2681	 0.402	0.3889	0.2518	0.2514	0.3735	 0.363	0.3728	0.4226	  1.07	 1.073	 | 0.4544 mean
                     	0.5728	0.7209	 1.064	 1.042	0.6657	0.6551	 1.004	0.9786	0.9159	 1.063	 2.711	 2.708	 | 1.478 quantile
                      	 1.735	 1.935	 2.758	   2.8	 1.191	 1.294	 2.034	 1.786	 1.974	 2.145	 5.032	 5.109	 | 5.109 max

train losses     84:	 0.288	0.2944	0.3293	 0.327	0.3426	0.3412	0.3589	0.3525	0.4788	 0.476	0.7641	0.7513	
val losses       84:	 0.231	0.2784	 0.402	0.3884	0.2627	0.2617	0.3723	0.3613	0.3773	0.4234	 1.131	 1.134	 | 0.4686 mean
                     	0.5947	0.7517	  1.06	 1.044	0.6771	0.6755	 1.002	 0.985	0.9527	 1.064	 2.891	 2.929	 | 1.536 quantile
                      	 1.655	 2.075	 2.766	 2.784	 1.186	 1.354	 1.974	 1.844	 1.925	 2.181	 4.509	  4.84	 | 4.84 max

train losses     86:	0.2944	0.2978	0.3298	0.3273	0.3509	0.3488	0.3599	0.3549	0.4823	0.4828	0.9365	0.9169	
val losses       86:	0.2175	0.2727	0.4031	0.3893	0.2613	0.2589	0.3738	0.3633	0.3859	0.4379	  1.17	 1.165	 | 0.4749 mean
                     	0.5767	0.7465	  1.07	 1.045	0.6829	0.6644	 1.006	0.9814	0.9606	 1.101	 2.907	  2.96	 | 1.583 quantile
                      	 1.635	  1.94	 2.767	 2.757	  1.23	 1.265	 1.998	 1.878	 1.911	 2.291	 5.544	  5.62	 | 5.62 max

train losses     88:	0.2885	0.2944	0.3286	0.3253	0.3488	0.3518	0.3584	0.3537	0.4851	0.4869	0.8471	0.8421	
val losses       88:	0.2205	0.2731	0.4028	0.3894	0.2857	0.2943	0.3783	0.3676	0.3842	0.4298	 1.205	 1.204	 | 0.4863 mean
                     	0.5868	0.7412	 1.061	 1.044	0.7295	 0.731	 1.028	0.9915	0.9498	 1.096	 2.982	 2.928	 | 1.616 quantile
                      	 1.817	 1.908	  2.77	 2.784	 1.274	 1.372	 2.113	 1.976	  2.07	 2.219	 5.981	 5.914	 | 5.981 max

train losses     90:	0.2937	0.2952	0.3286	0.3253	0.3614	0.3621	0.3574	0.3524	0.4986	0.5014	0.9081	0.8995	
val losses       90:	0.2243	 0.258	0.4023	0.3878	0.2903	0.2858	0.3838	0.3763	0.4035	0.4525	 1.253	 1.255	 | 0.4978 mean
                     	0.6018	0.7091	 1.073	 1.041	0.7225	0.7078	 1.026	0.9953	0.9855	 1.121	 3.086	 3.094	 | 1.694 quantile
                      	 1.667	 1.952	 2.779	 2.744	 1.269	 1.397	 2.044	 2.077	 2.031	 2.112	  5.86	 5.806	 | 5.86 max

train losses     92:	0.2909	0.2986	0.3281	0.3244	0.3741	0.3769	0.3564	0.3521	   0.5	0.5026	0.7522	0.7538	
val losses       92:	0.2234	0.2688	0.4022	0.3883	 0.313	 0.323	0.3773	0.3672	0.3905	 0.447	  1.13	 1.131	 | 0.4801 mean
                     	0.5938	0.7161	 1.066	  1.04	0.7479	0.7581	 1.003	0.9837	0.9373	 1.109	 2.771	 2.817	 | 1.554 quantile
                      	  1.87	 1.957	 2.752	 2.777	 1.271	   1.4	 2.069	 1.839	 2.085	  2.15	 5.368	 5.369	 | 5.369 max

train losses     94:	 0.289	0.2941	0.3263	 0.322	0.3575	0.3609	0.3549	0.3502	0.4973	 0.493	0.7064	0.7063	
val losses       94:	0.2271	0.2528	0.4019	0.3874	0.3061	0.2999	0.3822	0.3736	0.3829	0.4304	 1.072	 1.073	 | 0.4658 mean
                     	0.6016	0.6876	 1.065	 1.036	0.7163	 0.729	 1.011	0.9849	0.9484	  1.06	 2.666	 2.608	 | 1.497 quantile
                      	 1.853	 1.808	 2.763	 2.824	 1.221	 1.341	 2.029	 1.825	  1.85	 2.125	 4.895	 4.879	 | 4.895 max

train losses     96:	0.2877	0.2952	0.3264	0.3219	0.3456	 0.351	0.3524	0.3485	0.4964	 0.495	0.6658	 0.664	
val losses       96:	0.2217	0.2635	0.4016	0.3867	0.2793	0.2773	0.3762	0.3631	0.4036	0.4494	 1.036	  1.04	 | 0.4582 mean
                     	0.5922	0.7044	 1.073	 1.035	0.6912	0.6895	0.9966	0.9778	 1.007	 1.128	 2.663	 2.566	 | 1.46 quantile
                      	  1.88	 1.804	 2.831	 2.848	 1.241	 1.502	  2.02	 1.793	 1.845	 2.219	  4.75	 4.725	 | 4.75 max

train losses     98:	0.2813	0.2889	0.3231	 0.319	0.3392	0.3416	0.3481	0.3444	0.5129	0.5111	0.6369	0.6363	
val losses       98:	0.2137	0.2717	0.4017	0.3865	0.2581	0.2613	0.3717	0.3606	0.4011	0.4495	 1.035	 1.039	 | 0.4542 mean
                     	0.5724	0.7171	 1.064	 1.032	 0.657	0.6606	   1.0	0.9905	0.9934	 1.144	 2.684	 2.599	 | 1.456 quantile
                      	 1.901	 1.844	  2.76	 2.734	 1.239	 1.406	 2.025	  1.84	 1.889	 2.269	 5.128	  5.05	 | 5.128 max

train losses    100:	0.2795	 0.288	0.3224	0.3178	0.3284	 0.329	0.3448	0.3404	0.5141	0.5091	 0.616	0.6156	
val losses      100:	0.2196	0.2705	 0.401	 0.386	0.2487	0.2457	0.3736	 0.365	 0.402	0.4411	 1.038	 1.043	 | 0.4528 mean
                     	 0.572	 0.698	 1.061	 1.028	0.6507	0.6352	 1.004	0.9804	0.9842	 1.113	 2.668	 2.577	 | 1.474 quantile
                      	  1.85	 2.001	 2.765	 2.736	 1.119	 1.185	 1.942	  1.84	 2.106	 2.064	 5.177	 5.117	 | 5.177 max

train losses    102:	0.2767	0.2828	 0.321	0.3165	0.3257	 0.325	0.3415	0.3376	0.5064	0.5037	0.5902	0.5899	
val losses      102:	0.2196	0.2664	0.4003	0.3853	0.2469	0.2417	0.3705	0.3615	0.4256	0.4697	  1.07	 1.073	 | 0.4609 mean
                     	0.5804	0.6937	 1.068	 1.033	0.6416	0.6297	0.9888	0.9717	  1.02	 1.174	 2.694	 2.595	 | 1.496 quantile
                      	 1.869	 1.895	 2.776	 2.783	 1.087	 1.275	 1.924	 1.837	 2.282	 2.131	 5.395	 5.433	 | 5.433 max

train losses    104:	 0.274	0.2808	0.3202	0.3159	0.3235	0.3241	0.3401	0.3362	0.4954	0.4966	0.5902	0.5888	
val losses      104:	0.2109	0.2625	0.4007	 0.385	0.2501	 0.246	0.3708	0.3609	0.4244	0.4661	 1.035	 1.042	 | 0.4545 mean
                     	0.5616	 0.704	 1.058	  1.03	0.6407	0.6329	0.9891	0.9728	 1.007	 1.169	  2.62	 2.532	 | 1.48 quantile
                      	  1.87	 1.872	 2.718	 2.728	 1.118	 1.194	 1.888	 1.819	 2.153	 2.137	 5.319	 5.292	 | 5.319 max

train losses    106:	0.2739	 0.279	0.3184	 0.313	0.3238	 0.324	0.3384	 0.334	0.4879	0.4878	0.5989	0.5991	
val losses      106:	0.2099	 0.262	0.4005	0.3851	 0.243	 0.239	0.3712	0.3612	0.4358	0.4674	 1.038	 1.044	 | 0.4547 mean
                     	0.5671	0.6939	 1.062	 1.032	 0.639	0.6266	0.9955	0.9775	 1.048	 1.155	  2.65	 2.579	 | 1.465 quantile
                      	 1.821	 1.883	 2.733	 2.724	 1.103	 1.155	 1.889	 1.789	 1.988	  2.26	 5.192	 5.214	 | 5.214 max

train losses    108:	0.2711	0.2755	0.3176	0.3128	0.3219	0.3219	0.3356	0.3313	0.4838	0.4821	0.5816	0.5812	
val losses      108:	0.2081	0.2544	0.3997	0.3843	0.2429	0.2357	0.3713	0.3604	0.4147	0.4504	 1.042	 1.048	 | 0.451 mean
                     	0.5573	0.6759	 1.059	 1.036	0.6356	0.6169	0.9912	0.9793	0.9833	 1.135	 2.665	 2.594	 | 1.458 quantile
                      	 1.855	 1.846	 2.744	 2.701	 1.082	 1.164	 1.898	   1.8	 2.061	 2.088	 5.136	 5.147	 | 5.147 max

train losses    110:	0.2694	0.2732	0.3168	0.3119	0.3211	0.3193	0.3354	0.3304	0.4775	0.4717	0.5753	 0.575	
val losses      110:	0.2083	0.2541	0.3996	0.3843	0.2414	0.2343	0.3707	0.3611	0.4118	 0.449	 1.029	 1.035	 | 0.4483 mean
                     	0.5562	0.6854	  1.06	 1.032	0.6308	0.6073	0.9918	0.9643	 1.021	 1.105	 2.607	 2.547	 | 1.44 quantile
                      	 1.803	 1.879	 2.709	 2.705	  1.11	 1.196	 1.897	 1.788	 2.003	 2.169	 5.068	 5.131	 | 5.131 max

train losses    112:	0.2689	0.2733	0.3153	0.3101	0.3217	 0.319	0.3335	0.3286	0.4766	0.4726	0.6077	0.6036	
val losses      112:	0.2094	0.2542	0.3997	0.3844	0.2387	0.2325	0.3694	  0.36	0.3983	0.4446	 1.027	 1.031	 | 0.4457 mean
                     	0.5574	0.6856	 1.059	 1.035	0.6286	0.6131	0.9871	0.9632	0.9938	 1.105	 2.581	 2.558	 | 1.444 quantile
                      	 1.758	 1.867	 2.768	 2.743	 1.108	  1.19	  1.94	 1.744	 1.973	 2.155	 4.916	 4.929	 | 4.929 max

train losses    114:	0.2685	0.2719	0.3138	0.3086	0.3184	0.3196	0.3324	0.3282	0.4921	0.4881	0.6366	 0.631	
val losses      114:	0.2092	0.2586	0.3998	0.3837	0.2433	0.2382	0.3688	0.3596	 0.416	0.4641	 1.058	 1.059	 | 0.4549 mean
                     	 0.552	0.6974	 1.058	  1.03	0.6279	0.6138	0.9814	0.9688	  1.05	 1.138	 2.665	 2.687	 | 1.479 quantile
                      	 1.741	  1.91	 2.761	 2.731	 1.127	 1.224	 1.889	 1.738	  2.08	 2.248	 5.099	 5.058	 | 5.099 max

train losses    116:	0.2659	0.2707	0.3137	0.3076	0.3202	0.3195	0.3285	0.3239	0.4858	0.4864	0.5939	0.5919	
val losses      116:	0.2057	0.2478	0.3986	0.3829	0.2434	0.2376	0.3713	0.3629	0.4057	0.4536	 1.073	 1.075	 | 0.4548 mean
                     	0.5546	0.6707	 1.057	 1.031	0.6304	0.6187	0.9933	0.9679	0.9827	 1.133	 2.649	 2.584	 | 1.507 quantile
                      	 1.897	 1.896	 2.775	 2.747	 1.088	 1.122	 1.898	 1.706	 2.167	 2.065	 5.367	 5.349	 | 5.367 max

train losses    118:	 0.264	0.2719	0.3128	0.3072	0.3172	0.3187	0.3287	0.3251	0.4718	0.4768	0.5821	0.5825	
val losses      118:	0.2041	0.2504	0.3982	0.3824	0.2398	0.2319	0.3702	0.3595	0.4026	0.4512	 1.047	 1.053	 | 0.4492 mean
                     	0.5499	0.6924	 1.057	 1.028	0.6222	0.6053	0.9889	0.9721	0.9838	  1.11	 2.619	 2.555	 | 1.456 quantile
                      	 1.882	   1.8	 2.755	 2.771	 1.154	 1.168	 1.989	 1.693	 2.043	 2.105	 5.245	 5.215	 | 5.245 max

train losses    120:	0.2645	0.2701	0.3126	0.3069	 0.313	0.3152	0.3293	0.3257	0.4649	0.4664	0.6672	0.6671	
val losses      120:	0.2046	0.2552	0.3992	0.3836	0.2416	0.2323	0.3711	0.3599	0.4024	0.4436	 1.068	 1.077	 | 0.4532 mean
                     	0.5515	 0.703	 1.055	 1.036	 0.628	0.6124	0.9997	0.9707	0.9669	 1.103	 2.787	  2.72	 | 1.461 quantile
                      	  1.84	 1.878	 2.759	 2.701	  1.13	 1.197	 1.937	 1.731	 2.044	 2.174	 5.416	 5.503	 | 5.503 max

train losses    122:	0.2606	0.2668	0.3116	0.3056	0.3107	0.3131	0.3274	 0.323	0.4659	0.4609	0.6572	0.6619	
val losses      122:	0.2053	0.2526	0.3987	0.3828	 0.245	0.2351	  0.37	0.3581	0.4039	0.4348	 1.113	 1.112	 | 0.4593 mean
                     	0.5432	0.6881	 1.052	 1.027	0.6233	0.6076	0.9928	0.9746	0.9631	 1.079	 2.833	 2.784	 | 1.507 quantile
                      	 1.805	  1.76	 2.753	 2.719	 1.144	 1.253	  1.95	 1.759	 2.092	 2.097	 5.355	 5.332	 | 5.355 max

train losses    124:	0.2633	0.2675	0.3106	 0.305	0.3105	0.3124	0.3258	0.3224	0.4588	0.4521	0.6601	 0.659	
val losses      124:	0.2046	0.2467	0.3984	0.3827	0.2455	0.2338	0.3696	0.3593	0.3838	0.4197	 1.124	  1.12	 | 0.4573 mean
                     	0.5443	0.6623	 1.056	 1.027	0.6183	0.5994	 0.994	0.9758	0.9547	 1.045	 2.777	 2.723	 | 1.51 quantile
                      	 1.798	 1.854	 2.714	 2.756	 1.023	 1.214	 1.881	 1.692	 1.991	 1.978	 4.949	   5.0	 | 5.0 max

train losses    126:	0.2685	0.2711	0.3103	0.3046	 0.313	0.3126	0.3262	0.3219	0.4662	0.4535	0.8412	0.8376	
val losses      126:	0.2066	0.2585	0.3984	0.3828	0.2434	0.2382	0.3696	0.3597	0.3963	0.4381	 1.137	 1.138	 | 0.4639 mean
                     	0.5582	0.7207	 1.053	 1.031	0.6124	0.6119	0.9999	0.9723	0.9817	 1.088	 2.939	 2.906	 | 1.497 quantile
                      	 1.783	 1.826	 2.726	  2.78	 1.091	 1.294	 1.863	 1.751	 1.989	 2.159	 5.512	 5.483	 | 5.512 max

train losses    128:	0.2684	0.2697	0.3092	0.3029	0.3111	0.3136	 0.325	 0.322	0.4613	0.4544	 0.664	0.6624	
val losses      128:	0.2096	0.2472	0.3971	0.3812	0.2494	0.2411	0.3719	0.3605	0.3866	0.4177	 1.159	 1.157	 | 0.4649 mean
                     	0.5465	 0.672	 1.054	 1.033	0.6194	 0.612	0.9952	0.9589	0.9666	 1.078	 3.076	 3.018	 | 1.53 quantile
                      	  1.89	 1.727	 2.707	  2.76	 1.015	 1.221	 1.968	 1.704	 1.983	 2.039	 5.389	  5.37	 | 5.389 max

train losses    130:	0.2642	0.2734	 0.309	0.3026	0.3107	0.3118	 0.326	0.3228	0.4516	0.4511	0.6356	0.6354	
val losses      130:	 0.203	0.2487	0.3965	0.3812	0.2536	0.2439	 0.375	0.3654	0.3839	0.4241	 1.086	 1.087	 | 0.454 mean
                     	0.5409	0.6752	 1.049	 1.021	0.6266	0.6114	0.9867	0.9647	0.9869	 1.084	 2.829	 2.769	 | 1.477 quantile
                      	 1.759	 1.853	 2.721	 2.759	 1.107	 1.225	 1.839	 1.666	 1.931	 2.038	 5.019	 5.044	 | 5.044 max

train losses    132:	0.2636	0.2701	0.3087	0.3019	0.3124	0.3147	 0.322	 0.318	 0.458	0.4537	0.5826	0.5797	
val losses      132:	0.2035	0.2488	0.3968	0.3807	0.2546	0.2497	0.3707	0.3582	 0.376	0.4373	 1.025	  1.03	 | 0.4443 mean
                     	0.5438	0.6749	 1.056	 1.025	0.6392	 0.627	0.9866	 0.957	 0.958	 1.111	 2.646	 2.542	 | 1.446 quantile
                      	 1.775	 1.863	  2.71	 2.762	 1.123	 1.287	 1.965	 1.679	 1.879	 2.119	 4.847	 4.875	 | 4.875 max

train losses    134:	0.2614	0.2691	0.3084	0.3008	0.3128	0.3162	0.3216	0.3191	0.4653	0.4726	0.5528	0.5514	
val losses      134:	0.2016	0.2517	0.3961	0.3804	0.2486	0.2479	0.3688	0.3569	 0.392	0.4576	 1.023	 1.029	 | 0.4462 mean
                     	0.5367	0.6796	 1.052	 1.029	0.6249	0.6247	0.9823	0.9472	0.9927	 1.124	 2.586	 2.509	 | 1.441 quantile
                      	 1.991	 1.674	 2.724	 2.732	 1.202	 1.256	  1.95	 1.653	 1.913	 2.315	 4.936	 4.944	 | 4.944 max

train losses    136:	0.2603	0.2657	0.3069	0.2992	 0.311	0.3119	0.3197	0.3152	0.4971	0.4994	0.5313	0.5298	
val losses      136:	0.2027	0.2493	0.3962	0.3804	0.2449	0.2423	0.3712	0.3628	0.4009	0.4575	 1.046	 1.051	 | 0.4505 mean
                     	0.5397	0.6914	 1.047	 1.025	0.6077	0.6131	0.9852	0.9741	 1.029	 1.129	 2.655	 2.551	 | 1.456 quantile
                      	 1.859	 1.755	 2.712	 2.739	  1.13	 1.233	 1.901	 1.665	 1.937	 2.227	 5.286	 5.338	 | 5.338 max

train losses    138:	 0.259	0.2645	0.3066	0.2996	0.3068	0.3112	 0.318	0.3141	0.5329	0.5295	0.5272	0.5278	
val losses      138:	0.2046	0.2559	0.3963	0.3805	0.2498	0.2468	0.3675	0.3573	0.4086	0.4524	 1.016	 1.021	 | 0.4464 mean
                     	0.5402	0.7021	 1.045	 1.027	0.6087	0.6293	  0.98	0.9578	 1.035	 1.131	  2.59	 2.498	 | 1.439 quantile
                      	 1.778	 1.778	 2.785	 2.727	  1.19	 1.221	 1.834	 1.674	 1.939	 2.292	 5.123	 5.128	 | 5.128 max

train losses    140:	0.2576	0.2657	0.3055	0.2979	0.3077	0.3115	0.3158	0.3129	0.5122	0.5129	0.5156	0.5155	
val losses      140:	0.2058	0.2534	0.3958	0.3802	0.2533	0.2463	 0.367	0.3571	0.4125	0.4549	 1.014	 1.019	 | 0.4466 mean
                     	0.5474	0.6834	 1.049	  1.03	0.6227	0.6185	0.9886	0.9564	 1.031	 1.135	 2.556	 2.465	 | 1.432 quantile
                      	 1.764	 1.787	 2.736	 2.793	 1.145	  1.29	 1.844	 1.693	 1.989	 2.252	  5.01	 5.012	 | 5.012 max

train losses    142:	  0.26	0.2651	0.3054	 0.298	0.3125	0.3148	0.3155	 0.312	0.4992	0.5012	0.5061	0.5051	
val losses      142:	0.2138	 0.248	0.3957	0.3793	0.2504	0.2455	 0.367	0.3571	0.4301	0.4752	 1.011	 1.016	 | 0.4491 mean
                     	0.5664	0.6876	 1.043	 1.022	0.6261	0.6049	0.9884	0.9528	 1.061	 1.153	  2.55	 2.488	 | 1.422 quantile
                      	 1.828	 1.741	 2.739	 2.764	 1.135	 1.216	 1.845	 1.631	 2.117	 2.225	 4.972	 4.949	 | 4.972 max

train losses    144:	0.2599	0.2656	0.3035	0.2962	0.3086	0.3154	0.3126	0.3097	0.4901	0.4878	0.5053	0.5038	
val losses      144:	0.2052	0.2431	0.3952	0.3792	0.2567	0.2575	0.3678	0.3569	0.4357	0.4825	 1.011	 1.015	 | 0.4504 mean
                     	0.5467	0.6682	 1.044	 1.025	0.6316	0.6368	0.9807	0.9592	 1.057	 1.174	 2.511	 2.465	 | 1.43 quantile
                      	  1.82	 1.791	  2.76	 2.754	 1.139	 1.224	 1.864	 1.597	 2.059	 2.257	 4.746	 4.798	 | 4.798 max

train losses    146:	0.2572	0.2613	 0.304	0.2954	0.3039	0.3068	0.3126	0.3089	0.4635	0.4561	0.5176	0.5153	
val losses      146:	0.2024	0.2438	 0.395	0.3785	0.2521	0.2509	0.3663	0.3559	0.4158	0.4643	 1.008	 1.012	 | 0.4454 mean
                     	 0.538	0.6657	 1.049	 1.021	0.6285	0.6267	 0.982	0.9537	 1.028	  1.15	 2.539	  2.46	 | 1.428 quantile
                      	 1.799	  1.87	 2.803	 2.783	 1.062	 1.187	  1.86	 1.678	 2.149	 2.131	 5.023	 5.034	 | 5.034 max

train losses    148:	0.2543	0.2582	0.3029	0.2952	0.3038	0.3067	0.3117	0.3085	0.4419	0.4432	0.5211	0.5193	
val losses      148:	0.2006	0.2435	0.3949	0.3789	0.2424	0.2353	 0.366	0.3565	0.3862	0.4344	 1.019	 1.022	 | 0.44 mean
                     	0.5342	 0.658	 1.044	 1.021	 0.609	0.6023	 0.982	0.9521	0.9609	 1.069	  2.58	 2.454	 | 1.433 quantile
                      	 1.781	 1.894	 2.755	 2.761	 1.133	 1.178	 1.927	 1.634	 2.074	 2.078	 5.052	 5.057	 | 5.057 max

train losses    150:	0.2536	0.2571	0.3008	0.2934	0.3032	0.3046	0.3092	0.3051	0.4353	0.4381	0.5092	0.5076	
val losses      150:	0.1989	0.2417	0.3938	0.3778	0.2356	0.2292	0.3641	0.3557	0.3744	0.4326	 1.032	 1.033	 | 0.4391 mean
                     	0.5249	0.6556	 1.043	 1.016	0.5987	0.5899	0.9811	0.9512	0.9599	 1.062	  2.58	 2.484	 | 1.444 quantile
                      	 1.747	 1.835	 2.733	 2.752	 1.168	 1.191	   1.9	 1.626	 1.952	 2.091	 4.999	 5.019	 | 5.019 max

train losses    152:	0.2531	0.2577	0.3005	0.2933	0.2992	0.3014	0.3072	0.3046	0.4308	0.4336	0.5071	0.5063	
val losses      152:	0.1962	0.2405	0.3933	 0.377	0.2299	0.2225	0.3638	0.3543	 0.371	0.4229	 1.029	 1.034	 | 0.4362 mean
                     	0.5281	0.6534	 1.044	  1.02	0.5873	0.5767	0.9786	0.9494	0.9496	 1.048	 2.586	 2.498	 | 1.44 quantile
                      	 1.829	 1.779	  2.75	 2.755	 1.076	 1.162	 1.833	 1.661	  1.97	 2.122	 5.066	 5.099	 | 5.099 max

train losses    154:	0.2518	0.2552	0.2995	0.2925	0.2964	0.2969	 0.305	0.3025	0.4291	0.4297	0.5482	0.5466	
val losses      154:	0.1963	0.2395	0.3934	0.3772	0.2269	0.2197	0.3657	0.3569	0.3668	0.4155	 1.031	 1.037	 | 0.4355 mean
                     	0.5315	0.6516	 1.048	  1.02	0.5847	0.5767	0.9846	0.9626	0.9338	 1.034	 2.598	 2.514	 | 1.416 quantile
                      	  1.77	 1.776	 2.731	  2.75	 1.012	 1.119	 1.812	 1.657	 2.026	 2.003	 5.327	 5.334	 | 5.334 max

train losses    156:	 0.251	0.2559	0.2989	0.2908	0.2943	0.2982	0.3042	0.3012	0.4253	0.4222	0.5561	0.5572	
val losses      156:	0.1975	 0.243	0.3942	0.3778	0.2279	0.2236	 0.366	0.3569	0.3714	0.4207	 1.041	 1.045	 | 0.4388 mean
                     	 0.536	0.6602	 1.046	 1.017	0.5877	0.5867	0.9852	0.9655	0.9528	  1.04	 2.646	 2.575	 | 1.418 quantile
                      	 1.666	 1.755	 2.725	 2.732	 1.097	 1.126	 1.843	 1.668	 2.062	 2.105	 5.186	 5.187	 | 5.187 max

train losses    158:	0.2514	0.2541	0.2981	0.2904	0.2944	0.2982	 0.303	0.3003	0.4288	0.4286	0.5237	0.5251	
val losses      158:	0.2004	0.2438	0.3934	0.3765	0.2315	0.2268	0.3663	0.3558	0.3696	0.4249	  1.06	 1.059	 | 0.4423 mean
                     	0.5367	0.6506	 1.051	 1.013	 0.593	  0.58	0.9913	0.9665	0.9659	 1.049	 2.671	 2.595	 | 1.442 quantile
                      	 1.669	  1.85	 2.755	 2.759	 1.131	 1.157	 1.862	 1.663	 2.012	 2.114	 4.838	 4.865	 | 4.865 max

train losses    160:	0.2517	0.2559	0.2988	0.2907	 0.295	0.2977	 0.306	0.3032	0.4323	0.4433	0.6072	0.6025	
val losses      160:	0.1984	0.2413	0.3929	0.3766	0.2273	0.2203	0.3689	0.3546	0.3739	0.4347	 1.053	 1.052	 | 0.4412 mean
                     	0.5365	0.6617	 1.048	 1.022	0.5828	0.5682	0.9956	 0.961	0.9771	 1.068	 2.665	 2.588	 | 1.431 quantile
                      	 1.738	 1.782	 2.778	 2.786	 1.087	 1.114	 1.892	 1.654	 1.881	 1.952	 4.978	 4.972	 | 4.978 max

train losses    162:	0.2515	0.2543	0.2982	0.2907	0.2937	 0.296	0.3076	0.3058	0.4246	0.4332	0.6697	0.6643	
val losses      162:	0.1993	0.2427	 0.393	0.3765	0.2298	0.2229	0.3709	0.3592	0.4051	 0.458	  1.06	 1.062	 | 0.4483 mean
                     	0.5329	0.6588	 1.044	 1.016	0.5829	0.5861	0.9892	0.9639	 1.065	 1.146	  2.74	  2.65	 | 1.429 quantile
                      	 1.806	 1.813	 2.737	 2.731	 1.019	 1.092	 1.851	 1.692	 2.005	 2.041	 5.224	 5.212	 | 5.224 max

train losses    164:	0.2508	0.2546	0.2967	0.2888	0.2931	0.2973	0.3053	0.3027	0.4607	0.4603	0.5493	0.5491	
val losses      164:	0.2032	 0.241	0.3923	0.3761	0.2258	0.2192	0.3752	0.3638	0.4224	0.4675	 1.056	  1.06	 | 0.4503 mean
                     	0.5452	0.6362	 1.048	 1.016	0.5777	0.5653	0.9911	 0.981	 1.092	 1.186	 2.697	 2.639	 | 1.43 quantile
                      	 1.778	 1.713	 2.785	 2.764	0.9843	 1.071	 1.807	 1.752	 2.158	 1.938	 5.294	 5.217	 | 5.294 max

train losses    166:	0.2505	0.2545	0.2976	0.2881	0.2932	0.2975	0.3083	0.3063	0.4875	0.4795	0.5101	0.5115	
val losses      166:	0.2024	0.2427	0.3926	0.3761	0.2408	0.2401	0.3675	 0.356	0.3673	0.4335	 1.014	 1.019	 | 0.4377 mean
                     	0.5427	0.6616	 1.047	 1.019	0.6145	0.5873	0.9922	 0.959	0.9584	 1.098	 2.543	 2.452	 | 1.428 quantile
                      	 1.763	  1.89	 2.781	 2.797	 1.158	 1.221	 1.796	 1.794	 1.933	 2.003	 4.831	 4.886	 | 4.886 max

train losses    168:	0.2509	0.2547	0.2976	0.2884	0.3025	 0.305	0.3069	0.3041	0.4557	0.4537	0.4837	0.4816	
val losses      168:	0.1959	0.2386	0.3929	0.3755	 0.232	0.2317	0.3646	0.3564	0.3689	0.4278	 0.988	0.9901	 | 0.4302 mean
                     	0.5252	 0.646	 1.046	 1.011	0.5901	0.5851	0.9858	0.9621	0.9554	 1.072	 2.463	 2.376	 | 1.407 quantile
                      	  1.71	 1.779	 2.779	 2.724	 1.037	  1.22	 1.849	 1.697	 1.989	 1.979	 4.645	 4.657	 | 4.657 max

train losses    170:	0.2491	0.2542	0.2958	0.2869	0.2967	0.2979	0.3014	0.2988	0.4373	 0.438	0.5123	0.5079	
val losses      170:	0.1948	0.2358	0.3922	0.3755	0.2274	 0.223	0.3664	0.3573	0.3694	0.4192	0.9971	 1.001	 | 0.4299 mean
                     	0.5161	0.6469	 1.042	 1.016	0.5807	0.5771	0.9822	0.9612	0.9688	  1.05	 2.496	 2.377	 | 1.411 quantile
                      	 1.694	 1.749	 2.748	 2.698	 1.099	 1.169	 1.832	 1.615	 2.025	 1.871	 4.963	 4.968	 | 4.968 max

train losses    172:	0.2475	 0.251	0.2948	0.2856	0.2895	0.2914	   0.3	0.2978	0.4437	0.4402	0.5124	0.5105	
val losses      172:	0.1997	0.2421	0.3925	0.3759	 0.228	0.2267	 0.367	0.3584	0.3712	0.4261	 1.011	 1.015	 | 0.4344 mean
                     	0.5282	0.6557	 1.039	 1.016	0.5904	0.5852	0.9852	0.9616	0.9779	 1.069	 2.571	 2.459	 | 1.424 quantile
                      	 1.629	 1.815	 2.761	 2.671	 1.073	 1.088	 1.777	 1.631	 2.027	 1.997	 5.138	 5.099	 | 5.138 max

train losses    174:	 0.249	0.2509	0.2939	0.2856	 0.289	0.2886	0.2963	0.2941	0.4406	0.4389	0.4855	0.4831	
val losses      174:	0.1984	0.2425	0.3906	0.3739	0.2245	0.2219	0.3637	0.3532	0.3712	0.4213	 1.036	 1.037	 | 0.4362 mean
                     	0.5261	0.6387	 1.046	 1.009	0.5871	0.5667	0.9813	0.9541	0.9595	  1.05	 2.579	 2.477	 | 1.439 quantile
                      	 1.732	 1.825	 2.752	 2.728	  1.03	 1.035	 1.861	 1.645	 2.185	 2.026	 5.234	 5.208	 | 5.234 max

train losses    176:	0.2468	  0.25	 0.294	0.2845	0.2865	0.2872	0.2959	0.2932	0.4331	0.4392	0.5106	0.5098	
val losses      176:	0.1929	0.2395	0.3901	0.3735	0.2223	0.2195	0.3632	0.3534	0.3833	0.4381	 1.035	 1.037	 | 0.4373 mean
                     	0.5134	0.6622	 1.042	 1.008	0.5844	0.5721	0.9823	0.9501	0.9622	 1.066	 2.561	 2.456	 | 1.446 quantile
                      	 1.667	 1.816	 2.772	  2.77	 1.046	 1.059	 1.789	 1.629	 2.033	 2.082	 5.216	 5.236	 | 5.236 max

train losses    178:	 0.245	0.2486	0.2923	0.2838	0.2841	0.2834	0.2955	0.2926	0.4238	0.4293	0.5393	0.5406	
val losses      178:	0.1949	0.2404	0.3898	0.3732	0.2281	0.2277	0.3652	0.3548	0.3868	0.4396	 1.019	 1.023	 | 0.4369 mean
                     	0.5156	0.6452	 1.037	 1.002	0.5929	0.5771	0.9706	0.9503	 0.964	  1.09	 2.552	 2.435	 | 1.445 quantile
                      	 1.619	 1.785	 2.733	 2.746	 1.168	 1.128	 1.828	 1.688	 2.194	 2.075	 5.094	 5.081	 | 5.094 max

train losses    180:	 0.245	0.2471	0.2929	0.2833	 0.287	0.2869	0.2955	0.2929	0.4202	0.4251	0.5119	0.5128	
val losses      180:	0.1975	0.2325	  0.39	0.3732	0.2283	0.2259	0.3649	0.3538	0.3905	0.4376	 1.008	 1.012	 | 0.4345 mean
                     	0.5257	0.6405	 1.041	 1.003	0.5928	0.5789	0.9742	0.9466	0.9793	 1.086	 2.521	 2.427	 | 1.431 quantile
                      	 1.659	 1.791	 2.742	 2.761	 1.052	 1.114	 1.786	 1.657	 2.162	 2.169	 4.976	 5.002	 | 5.002 max

train losses    182:	0.2426	 0.247	0.2918	0.2822	0.2866	0.2861	0.2938	0.2924	 0.422	0.4218	0.4727	 0.472	
val losses      182:	0.1949	0.2336	  0.39	0.3736	 0.234	0.2298	 0.364	0.3524	 0.378	0.4249	0.9947	0.9974	 | 0.4306 mean
                     	0.5237	0.6331	 1.042	 1.009	0.6028	0.5903	0.9795	0.9452	0.9716	 1.053	 2.491	 2.422	 | 1.411 quantile
                      	 1.702	 1.707	 2.772	 2.778	 1.061	 1.021	 1.806	 1.627	 2.098	 2.064	 4.847	 4.851	 | 4.851 max

train losses    184:	0.2439	0.2481	0.2903	0.2821	0.2911	0.2936	0.2932	0.2912	0.4105	0.4105	0.4817	0.4786	
val losses      184:	0.1941	 0.238	0.3896	0.3732	0.2285	0.2236	0.3629	0.3527	0.3712	0.4219	 1.004	 1.005	 | 0.4304 mean
                     	0.5199	0.6383	 1.037	 1.006	0.5962	0.5802	0.9763	0.9425	 0.968	 1.053	  2.52	 2.459	 | 1.395 quantile
                      	 1.698	 1.806	 2.727	 2.773	 1.077	 1.047	 1.793	 1.627	 2.053	 1.957	 4.837	 4.829	 | 4.837 max

train losses    186:	0.2453	0.2499	0.2905	0.2814	0.2904	0.2937	0.2891	0.2874	 0.413	0.4103	0.5194	0.5181	
val losses      186:	0.1953	0.2377	0.3902	0.3728	0.2243	 0.223	0.3672	0.3595	 0.375	0.4233	0.9986	 1.001	 | 0.4307 mean
                     	0.5175	0.6368	 1.036	 1.005	0.5854	0.5701	0.9759	0.9493	 0.967	 1.059	 2.542	 2.445	 | 1.385 quantile
                      	 1.632	 1.779	 2.722	 2.737	 1.033	 1.102	 1.739	 1.703	 2.056	 1.925	 4.907	  4.93	 | 4.93 max

train losses    188:	0.2434	0.2466	0.2892	0.2804	0.2821	0.2835	0.2933	0.2915	0.4292	0.4219	0.5212	0.5207	
val losses      188:	0.2096	0.2511	0.3905	0.3731	0.2432	0.2517	0.3664	0.3589	0.3796	0.4334	  1.01	 1.016	 | 0.4403 mean
                     	0.5326	0.6364	  1.04	 1.009	0.6212	0.6017	0.9916	0.9554	0.9916	 1.086	 2.521	 2.453	 | 1.41 quantile
                      	 1.629	 1.865	 2.724	 2.717	   1.1	 1.272	 1.792	 1.671	 2.006	 1.987	 5.076	 5.074	 | 5.076 max

train losses    190:	0.2459	0.2484	0.2889	0.2804	0.3022	0.3052	0.2934	0.2917	0.4507	0.4459	0.4774	0.4765	
val losses      190:	 0.198	0.2386	0.3909	0.3734	0.2473	0.2504	0.3758	0.3704	0.3891	0.4425	 1.017	 1.021	 | 0.4429 mean
                     	0.5271	0.6433	 1.034	 1.008	0.6361	0.6025	 1.006	0.9756	 1.013	 1.112	  2.55	 2.437	 | 1.42 quantile
                      	 1.636	 1.748	  2.68	 2.683	 1.227	 1.279	  1.79	 1.717	 2.031	 2.157	 5.073	 5.105	 | 5.105 max

train losses    192:	0.2431	0.2464	0.2888	0.2799	0.2992	0.3025	0.2941	0.2922	0.4696	0.4756	0.4669	0.4646	
val losses      192:	0.1945	0.2387	0.3913	0.3742	0.2364	0.2388	0.3729	0.3677	0.3874	0.4356	 1.004	 1.005	 | 0.4371 mean
                     	0.5194	0.6433	  1.03	 1.009	0.6144	0.6253	0.9935	0.9647	0.9996	   1.1	 2.501	   2.4	 | 1.414 quantile
                      	 1.717	   1.7	 2.729	 2.676	 1.089	 1.175	 1.762	 1.666	 2.049	  2.15	 5.007	 5.032	 | 5.032 max

train losses    194:	0.2449	0.2467	 0.288	0.2788	0.2946	0.2998	0.2948	0.2926	0.4553	0.4593	 0.496	 0.494	
val losses      194:	0.1906	 0.235	0.3901	0.3726	 0.233	0.2317	0.3683	0.3611	0.3882	0.4312	 1.012	 1.012	 | 0.4355 mean
                     	0.5162	0.6329	 1.032	 1.007	0.6009	0.6012	0.9947	0.9503	0.9686	 1.073	 2.531	 2.427	 | 1.418 quantile
                      	 1.651	 1.712	 2.736	 2.744	 1.083	 1.024	 1.758	 1.635	 2.057	 1.988	 5.056	 5.076	 | 5.076 max

train losses    196:	0.2456	0.2455	0.2878	0.2794	0.2951	0.2988	 0.295	0.2951	 0.428	0.4282	0.5053	0.5055	
val losses      196:	0.1968	0.2316	0.3899	0.3723	0.2393	0.2442	0.3666	0.3591	0.4147	0.4429	 1.011	 1.014	 | 0.4402 mean
                     	0.5178	  0.62	 1.034	 1.003	0.6127	0.6046	0.9971	0.9635	 1.008	 1.123	 2.544	 2.431	 | 1.421 quantile
                      	 1.644	 1.725	  2.74	  2.68	 1.135	 1.144	 1.706	 1.684	 2.369	 2.261	 5.316	 5.321	 | 5.321 max

train losses    198:	0.2439	 0.245	0.2871	0.2784	0.2853	0.2872	0.2897	0.2873	0.4299	0.4301	0.4801	0.4796	
val losses      198:	0.2006	0.2348	0.3897	0.3714	0.2302	0.2282	0.3628	0.3524	0.4031	0.4389	0.9981	 1.001	 | 0.4343 mean
                     	0.5231	0.6198	 1.036	 1.003	0.5925	0.5789	0.9752	0.9519	0.9936	 1.097	 2.479	  2.42	 | 1.421 quantile
                      	  1.65	 1.788	 2.729	 2.683	 1.069	 1.128	 1.807	 1.635	 2.261	 2.234	 4.847	 4.858	 | 4.858 max

train losses    200:	 0.243	0.2438	0.2869	0.2778	0.2814	0.2854	0.2863	0.2837	0.4189	0.4197	0.4565	0.4591	
val losses      200:	0.1971	0.2304	 0.389	0.3716	 0.227	0.2226	0.3632	0.3517	0.3787	0.4212	0.9961	0.9975	 | 0.4288 mean
                     	0.5264	0.6127	  1.03	 1.002	0.5815	0.5725	0.9656	 0.945	0.9732	 1.057	 2.478	 2.406	 | 1.388 quantile
                      	 1.676	 1.723	 2.797	 2.795	 1.047	 1.015	 1.788	 1.572	 1.973	 2.049	 4.811	  4.83	 | 4.83 max

train losses    202:	0.2413	0.2428	0.2867	0.2771	0.2793	 0.284	0.2848	0.2824	0.4053	 0.404	0.4773	0.4755	
val losses      202:	0.1915	0.2291	0.3875	  0.37	0.2202	0.2163	 0.365	0.3528	0.3718	  0.42	0.9974	0.9982	 | 0.4267 mean
                     	0.5121	0.6241	 1.034	0.9983	0.5724	0.5562	0.9757	0.9488	0.9558	 1.045	 2.485	 2.448	 | 1.373 quantile
                      	 1.692	 1.777	 2.743	  2.74	 1.058	 1.046	 1.803	 1.609	 1.982	 1.908	 4.738	 4.719	 | 4.738 max

train losses    204:	0.2408	0.2411	0.2862	 0.277	0.2779	0.2772	0.2834	0.2808	0.4196	 0.413	0.5222	0.5174	
val losses      204:	0.1924	0.2308	0.3876	0.3703	 0.222	0.2191	 0.363	 0.352	0.3824	0.4329	 1.003	 1.006	 | 0.4301 mean
                     	0.5202	0.6257	 1.036	0.9941	0.5749	0.5628	0.9791	0.9502	0.9872	 1.085	 2.503	 2.446	 | 1.39 quantile
                      	 1.679	 1.742	 2.713	 2.741	 1.087	 1.131	 1.753	 1.581	 2.028	 2.022	 4.909	 4.925	 | 4.925 max

train losses    206:	0.2402	0.2406	0.2852	0.2751	0.2843	0.2838	0.2825	0.2817	 0.438	 0.428	0.5094	0.5093	
val losses      206:	0.1928	0.2307	0.3874	0.3703	0.2287	0.2285	 0.364	 0.354	0.3768	0.4262	 1.018	 1.022	 | 0.4333 mean
                     	0.5091	0.6277	 1.029	0.9996	0.5796	0.5713	0.9787	0.9527	0.9838	 1.075	 2.539	  2.46	 | 1.404 quantile
                      	 1.657	 1.756	 2.718	 2.736	   1.1	 1.208	 1.782	 1.576	  2.01	   2.0	 5.136	  5.15	 | 5.15 max

train losses    208:	  0.24	0.2436	0.2846	 0.275	0.2909	0.2935	0.2809	0.2795	 0.439	0.4352	0.4705	0.4711	
val losses      208:	  0.19	 0.229	0.3868	0.3688	 0.226	0.2183	0.3622	0.3538	0.3855	0.4291	  1.02	 1.022	 | 0.4326 mean
                     	 0.508	0.6323	 1.027	0.9912	0.5727	0.5607	0.9772	0.9422	0.9988	 1.082	 2.547	 2.414	 | 1.408 quantile
                      	 1.698	 1.749	 2.694	 2.746	 1.064	  1.17	 1.774	 1.611	 1.997	 2.161	 5.166	 5.222	 | 5.222 max

train losses    210:	0.2383	0.2407	0.2846	0.2739	0.2845	0.2861	0.2814	0.2811	0.4313	0.4371	 0.502	0.4982	
val losses      210:	0.1888	0.2318	0.3871	0.3689	0.2246	0.2182	0.3634	 0.356	0.3799	0.4268	 1.032	 1.032	 | 0.4341 mean
                     	0.5051	0.6521	 1.026	0.9934	0.5711	0.5678	0.9772	0.9382	0.9743	 1.073	 2.533	 2.415	 | 1.422 quantile
                      	 1.655	 1.785	  2.66	 2.692	0.9804	 1.109	 1.762	 1.603	 2.017	 2.022	 5.107	 5.124	 | 5.124 max

train losses    212:	0.2369	0.2413	 0.284	0.2743	0.2791	 0.279	0.2874	0.2845	0.4181	0.4246	0.5325	0.5325	
val losses      212:	0.1894	0.2276	0.3873	  0.37	 0.229	0.2246	0.3713	0.3666	0.3872	 0.431	 1.011	 1.013	 | 0.434 mean
                     	0.5104	0.6303	 1.021	0.9901	0.5691	0.5737	0.9922	0.9677	0.9671	 1.077	 2.499	 2.428	 | 1.421 quantile
                      	 1.583	 1.787	 2.666	 2.699	0.9907	 1.109	 1.731	 1.609	 2.114	 1.999	 5.096	 5.138	 | 5.138 max

train losses    214:	0.2392	0.2403	0.2835	0.2741	0.2731	0.2764	0.2899	0.2871	0.4101	0.4139	0.4903	0.4914	
val losses      214:	0.1932	0.2258	0.3891	0.3703	0.2306	0.2232	0.3697	0.3637	 0.394	0.4308	   1.0	 1.004	 | 0.4329 mean
                     	0.5147	0.6201	 1.031	 0.998	0.5751	0.5639	0.9835	0.9573	0.9876	 1.089	 2.477	  2.44	 | 1.432 quantile
                      	 1.592	 1.725	 2.622	 2.721	0.9817	 1.173	 1.681	 1.686	 2.131	 2.042	 4.927	 4.951	 | 4.951 max

train losses    216:	0.2382	0.2405	0.2824	0.2728	0.2728	0.2758	0.2806	0.2795	0.4021	0.4059	0.4524	0.4505	
val losses      216:	0.1892	0.2252	0.3872	0.3682	0.2248	0.2152	0.3599	0.3508	0.3826	0.4227	0.9867	0.9913	 | 0.4253 mean
                     	0.5096	0.6219	 1.025	0.9928	0.5696	0.5515	0.9747	0.9314	0.9825	 1.054	 2.445	 2.364	 | 1.398 quantile
                      	 1.658	 1.713	 2.727	 2.737	0.9489	 1.096	 1.685	 1.646	 2.015	 1.954	 4.883	 4.891	 | 4.891 max

train losses    218:	0.2381	0.2382	0.2812	0.2723	0.2727	 0.273	0.2788	0.2778	0.3983	0.4011	0.4436	0.4411	
val losses      218:	0.1866	0.2277	0.3862	0.3676	0.2245	0.2185	0.3589	  0.35	0.3755	0.4213	0.9761	0.9804	 | 0.4228 mean
                     	 0.502	0.6193	 1.031	0.9875	0.5686	0.5645	0.9665	 0.934	0.9711	 1.051	 2.471	 2.386	 | 1.373 quantile
                      	 1.615	 1.769	 2.734	 2.754	0.9506	 1.151	 1.668	 1.562	 1.953	 1.939	   5.0	 5.062	 | 5.062 max

train losses    220:	0.2359	0.2386	0.2809	0.2719	0.2706	0.2726	 0.275	0.2746	0.4177	0.4157	0.4422	0.4407	
val losses      220:	0.1887	0.2265	0.3853	0.3675	0.2206	0.2132	0.3615	0.3522	0.3917	0.4408	0.9869	0.9917	 | 0.4272 mean
                     	0.5102	0.6237	 1.032	0.9889	0.5696	0.5545	0.9721	0.9431	 1.004	 1.096	 2.467	 2.411	 | 1.385 quantile
                      	 1.652	 1.739	 2.737	 2.719	0.9431	 1.126	 1.718	 1.641	 2.224	 2.055	 4.969	 5.011	 | 5.011 max

train losses    222:	0.2355	0.2363	0.2806	0.2715	0.2706	0.2702	0.2752	0.2749	0.4501	0.4451	0.4463	0.4434	
val losses      222:	0.1882	0.2249	0.3855	0.3671	0.2179	0.2081	0.3611	 0.351	0.3795	0.4289	0.9872	0.9915	 | 0.4242 mean
                     	0.5054	0.6136	 1.031	0.9873	 0.558	0.5439	0.9646	0.9368	0.9888	 1.074	 2.468	 2.398	 | 1.394 quantile
                      	 1.646	 1.756	 2.738	  2.71	0.9964	 1.058	 1.794	 1.561	 2.201	 2.018	 4.904	 4.892	 | 4.904 max

train losses    224:	0.2374	0.2392	0.2804	0.2712	0.2698	0.2691	 0.274	0.2751	0.4546	0.4523	0.4392	0.4384	
val losses      224:	0.1884	0.2261	0.3849	0.3667	0.2143	0.2075	0.3587	0.3487	0.3872	0.4408	0.9939	0.9957	 | 0.4261 mean
                     	0.5089	0.6097	 1.024	0.9841	0.5501	0.5338	0.9585	0.9318	 1.008	 1.096	 2.511	 2.397	 | 1.393 quantile
                      	 1.672	 1.739	  2.76	 2.701	0.9644	 1.004	 1.772	 1.553	 2.082	 2.022	 5.031	  5.04	 | 5.04 max

train losses    226:	0.2371	0.2374	  0.28	0.2694	0.2697	0.2687	0.2741	0.2733	0.4289	0.4319	0.4387	 0.437	
val losses      226:	0.1926	0.2272	 0.385	0.3665	 0.216	0.2119	0.3584	0.3488	0.3904	0.4373	0.9943	0.9972	 | 0.4271 mean
                     	0.5101	0.6081	 1.028	0.9843	0.5525	0.5432	0.9613	  0.93	0.9864	  1.09	 2.484	 2.391	 | 1.399 quantile
                      	 1.513	 1.847	 2.737	 2.702	0.9829	 1.027	 1.757	 1.639	 2.217	 2.005	 5.237	 5.213	 | 5.237 max

train losses    228:	0.2358	0.2368	0.2796	0.2704	0.2686	0.2695	0.2727	0.2727	0.4145	0.4196	  0.46	0.4602	
val losses      228:	0.1883	0.2289	0.3835	0.3654	0.2159	0.2105	0.3595	0.3497	0.3956	0.4403	 1.007	 1.009	 | 0.4295 mean
                     	0.5025	0.6258	 1.027	 0.985	0.5654	0.5406	0.9711	0.9191	 1.001	 1.085	 2.542	 2.426	 | 1.409 quantile
                      	  1.63	 1.805	  2.73	 2.711	  1.02	 1.025	 1.798	 1.636	 2.119	 1.974	 5.162	 5.168	 | 5.168 max

train losses    230:	0.2358	 0.236	0.2788	0.2691	0.2675	0.2712	0.2727	 0.272	0.4067	0.4121	0.4765	0.4765	
val losses      230:	0.1908	0.2274	0.3838	0.3655	0.2146	0.2108	0.3589	0.3488	0.3945	0.4329	   1.0	 1.004	 | 0.4277 mean
                     	0.5062	0.6225	 1.023	0.9836	0.5585	0.5473	 0.965	 0.929	0.9857	 1.062	 2.484	 2.421	 | 1.401 quantile
                      	 1.578	 1.738	 2.704	 2.632	 1.021	0.9994	  1.79	 1.674	 2.157	 2.021	 5.154	 5.174	 | 5.174 max

train losses    232:	0.2368	0.2366	0.2772	0.2677	0.2701	0.2707	0.2732	0.2714	0.4029	0.4041	0.4568	0.4572	
val losses      232:	0.1903	0.2244	 0.384	0.3654	0.2164	0.2148	0.3595	0.3501	0.3919	0.4272	0.9994	 1.002	 | 0.4271 mean
                     	0.5099	0.6031	 1.021	0.9841	0.5586	0.5504	0.9739	0.9388	0.9874	  1.04	 2.502	 2.429	 | 1.386 quantile
                      	 1.589	 1.696	 2.713	 2.717	  1.11	 1.008	 1.768	 1.606	  2.09	  1.95	 4.926	 4.916	 | 4.926 max

train losses    234:	 0.236	0.2364	0.2789	0.2693	0.2703	0.2732	0.2709	0.2722	0.3997	0.3984	0.4467	0.4459	
val losses      234:	0.1907	0.2248	0.3833	0.3654	0.2142	0.2111	0.3598	0.3501	0.3839	0.4219	 1.005	 1.006	 | 0.4263 mean
                     	0.5143	0.6251	 1.026	0.9801	0.5554	0.5515	0.9851	0.9432	0.9756	  1.04	  2.52	 2.473	 | 1.386 quantile
                      	 1.564	 1.738	 2.689	 2.664	 1.067	 1.039	 1.754	 1.551	  2.06	 1.923	 4.865	 4.871	 | 4.871 max

train losses    236:	0.2351	0.2353	0.2774	 0.268	0.2698	0.2739	0.2735	0.2726	0.4082	0.3999	0.5066	0.5037	
val losses      236:	0.1892	0.2285	0.3838	0.3657	0.2162	 0.215	0.3598	 0.351	0.3833	0.4261	 1.003	 1.006	 | 0.4273 mean
                     	 0.505	0.6253	 1.023	0.9816	0.5657	0.5526	0.9892	0.9423	0.9865	 1.062	 2.523	 2.458	 | 1.38 quantile
                      	 1.517	 1.829	 2.707	 2.674	 1.072	 1.098	  1.81	 1.582	 2.034	 1.926	 4.873	  4.88	 | 4.88 max

train losses    238:	0.2363	 0.236	0.2772	0.2678	0.2744	0.2746	0.2743	 0.274	0.4116	 0.395	0.5431	  0.54	
val losses      238:	0.1947	 0.229	0.3846	0.3659	0.2387	0.2407	0.3639	0.3575	0.3765	0.4185	 1.013	 1.016	 | 0.4333 mean
                     	0.5026	0.6335	  1.02	0.9922	 0.601	0.5777	0.9803	0.9385	0.9745	 1.042	 2.534	 2.485	 | 1.395 quantile
                      	 1.634	 1.763	 2.677	 2.696	 1.145	  1.19	 1.732	 1.626	 2.042	  1.79	 4.961	 4.973	 | 4.973 max

train losses    240:	0.2323	0.2354	0.2764	0.2668	0.2935	 0.297	 0.275	 0.274	0.3979	0.3915	  0.48	0.4775	
val losses      240:	0.1891	 0.228	0.3855	0.3666	0.2266	0.2245	0.3761	0.3712	0.3761	0.4166	 1.011	 1.016	 | 0.4323 mean
                     	0.5005	0.6241	 1.018	0.9916	0.5829	0.5616	 1.003	0.9613	0.9863	  1.04	 2.533	 2.447	 | 1.388 quantile
                      	  1.64	 1.871	 2.674	  2.65	 1.078	 1.139	 1.686	 1.706	 2.006	 1.804	 5.032	  5.03	 | 5.032 max

train losses    242:	0.2354	0.2374	0.2774	0.2685	0.2883	 0.291	0.2834	0.2837	0.4004	0.3971	 0.445	0.4434	
val losses      242:	0.1893	0.2387	0.3874	0.3687	0.2183	0.2152	0.3876	0.3847	 0.372	0.4201	0.9998	 1.004	 | 0.4322 mean
                     	0.5029	0.6532	 1.016	0.9881	 0.564	0.5601	 1.024	0.9887	 0.987	 1.046	 2.492	 2.406	 | 1.389 quantile
                      	 1.634	 1.831	 2.598	 2.612	 1.096	 1.049	 1.747	 1.665	 1.837	 1.921	 5.001	 5.004	 | 5.004 max

train losses    244:	0.2372	0.2409	0.2779	0.2678	0.2788	0.2802	0.3012	0.3008	0.4147	0.4135	0.4472	0.4452	
val losses      244:	0.1899	0.2294	0.3877	0.3689	0.2189	0.2156	 0.381	 0.377	0.3672	0.4161	0.9876	0.9913	 | 0.4276 mean
                     	0.4986	0.6153	 1.008	0.9892	0.5528	0.5593	 1.016	0.9854	0.9611	 1.039	 2.467	 2.376	 | 1.388 quantile
                      	 1.644	 1.822	 2.631	 2.669	0.9947	 1.077	 1.728	 1.678	 1.898	 1.868	 4.831	 4.895	 | 4.895 max

train losses    246:	0.2426	0.2418	0.2787	0.2686	0.2742	0.2749	0.2842	0.2851	 0.412	0.4137	0.4485	0.4483	
val losses      246:	0.1917	0.2305	0.3861	0.3662	0.2187	 0.214	0.3646	0.3572	0.3661	0.4113	0.9891	0.9923	 | 0.424 mean
                     	0.4991	0.6101	 1.017	0.9923	0.5493	0.5385	0.9895	0.9592	0.9579	 1.026	  2.49	  2.42	 | 1.397 quantile
                      	 1.668	 1.831	 2.656	 2.731	0.9934	 1.128	 1.706	 1.758	 1.891	 1.877	 4.933	  4.98	 | 4.98 max

train losses    248:	0.2364	0.2368	0.2768	0.2667	0.2729	 0.275	 0.274	0.2749	 0.399	0.4017	0.4301	0.4309	
val losses      248:	0.1859	 0.222	0.3835	0.3636	  0.22	 0.211	  0.36	  0.35	0.3626	0.4065	0.9881	0.9901	 | 0.4203 mean
                     	0.5008	0.6024	 1.019	0.9842	 0.552	0.5448	0.9883	0.9429	0.9632	 1.017	 2.474	 2.412	 | 1.389 quantile
                      	 1.553	 1.755	 2.681	 2.704	0.9842	 1.115	 1.823	 1.716	  1.82	  1.82	 4.731	 4.734	 | 4.734 max

train losses    250:	0.2356	 0.236	0.2754	0.2657	0.2662	0.2679	0.2704	0.2706	0.3963	0.4014	0.4367	0.4328	
val losses      250:	0.1878	0.2237	0.3837	0.3644	0.2169	0.2134	0.3626	 0.352	0.3648	0.4128	0.9865	0.9892	 | 0.4215 mean
                     	0.4972	0.6086	 1.018	0.9796	0.5531	0.5548	0.9694	0.9386	0.9671	 1.023	 2.455	 2.391	 | 1.37 quantile
                      	 1.556	  1.71	 2.719	 2.724	0.9727	 1.065	  1.77	 1.649	 1.863	 1.756	 4.672	 4.716	 | 4.716 max

train losses    252:	 0.234	0.2341	0.2748	0.2647	0.2645	 0.267	0.2677	0.2668	0.3974	0.3934	0.4726	0.4712	
val losses      252:	0.1899	0.2253	0.3827	0.3638	0.2192	0.2151	0.3608	 0.349	0.3633	0.4145	0.9901	0.9938	 | 0.4223 mean
                     	0.5008	0.6249	 1.014	0.9806	0.5511	0.5543	0.9737	0.9349	0.9641	 1.027	 2.482	 2.393	 | 1.378 quantile
                      	 1.599	 1.776	 2.687	 2.746	 1.027	 1.075	 1.789	 1.571	 1.842	 1.829	 4.829	  4.87	 | 4.87 max

train losses    254:	0.2312	 0.233	0.2747	0.2644	0.2625	0.2639	0.2664	 0.265	0.3914	0.3881	0.4707	0.4676	
val losses      254:	0.1857	0.2214	0.3833	0.3644	 0.214	0.2083	0.3593	0.3492	0.3644	0.4144	0.9956	   1.0	 | 0.4217 mean
                     	0.4927	0.6209	 1.017	0.9837	0.5398	0.5539	0.9693	 0.928	0.9637	 1.027	 2.482	 2.429	 | 1.378 quantile
                      	 1.613	  1.65	 2.689	 2.686	 1.003	 1.007	 1.791	 1.622	   1.9	 1.827	 4.942	 4.937	 | 4.942 max

train losses    256:	0.2311	0.2308	0.2726	0.2629	0.2642	0.2638	0.2658	0.2652	0.3862	0.3851	0.4467	0.4444	
val losses      256:	0.1831	0.2211	 0.382	0.3627	0.2119	0.2071	0.3585	0.3471	0.3656	0.4129	0.9994	 1.003	 | 0.4212 mean
                     	0.4913	0.6213	 1.016	0.9777	0.5407	0.5437	0.9649	0.9224	0.9538	 1.026	 2.489	 2.398	 | 1.385 quantile
                      	 1.642	 1.742	 2.686	 2.763	 1.022	 1.035	   1.8	 1.642	 1.861	 1.821	   5.0	 5.007	 | 5.007 max

train losses    258:	0.2296	0.2301	0.2729	0.2629	0.2625	0.2625	0.2635	0.2637	0.3859	0.3816	0.4445	0.4435	
val losses      258:	0.1848	0.2197	0.3822	0.3634	0.2102	0.2057	0.3597	0.3501	0.3712	0.4161	 1.012	 1.014	 | 0.4241 mean
                     	 0.489	0.6047	 1.022	  0.98	0.5513	0.5449	0.9641	0.9336	0.9693	 1.024	 2.498	 2.385	 | 1.404 quantile
                      	 1.639	   1.7	 2.708	 2.704	  1.02	 1.026	  1.78	 1.659	 1.946	 1.914	 5.148	 5.178	 | 5.178 max

train losses    260:	0.2296	0.2315	 0.272	0.2619	0.2636	0.2634	 0.263	0.2622	0.3864	0.3829	 0.486	0.4858	
val losses      260:	0.1848	0.2221	0.3814	0.3622	0.2117	0.2078	0.3583	0.3482	0.3689	0.4156	 1.009	 1.011	 | 0.4234 mean
                     	0.4932	0.6127	 1.013	0.9785	0.5464	0.5381	 0.963	0.9223	0.9602	 1.033	 2.485	 2.377	 | 1.414 quantile
                      	 1.569	 1.696	 2.666	 2.712	0.9963	   1.0	 1.749	 1.626	 1.859	 1.884	 5.066	 5.074	 | 5.074 max

train losses    262:	0.2287	0.2312	0.2723	0.2624	0.2657	 0.266	0.2635	0.2634	0.3893	0.3833	 0.477	0.4778	
val losses      262:	0.1866	0.2249	 0.381	0.3622	0.2116	0.2069	0.3565	0.3471	0.3749	0.4218	0.9923	0.9955	 | 0.4218 mean
                     	0.4979	0.6104	  1.01	0.9793	0.5404	0.5343	0.9628	0.9184	0.9774	 1.049	 2.477	 2.378	 | 1.398 quantile
                      	 1.623	 1.801	 2.671	 2.667	 1.034	 1.024	 1.782	 1.665	 1.882	 1.829	 4.998	 5.033	 | 5.033 max

train losses    264:	0.2296	0.2288	0.2714	0.2615	0.2683	0.2697	0.2645	0.2621	0.3973	0.3961	0.4345	0.4338	
val losses      264:	0.1849	0.2254	0.3809	0.3621	0.2101	0.2078	0.3582	0.3475	 0.387	0.4355	0.9761	0.9788	 | 0.4212 mean
                     	0.4948	0.6102	 1.015	0.9735	0.5524	0.5394	0.9653	0.9235	 1.015	 1.069	 2.436	 2.338	 | 1.382 quantile
                      	 1.629	 1.742	 2.681	 2.647	0.9749	 1.082	 1.807	 1.605	 1.885	 1.954	 4.747	 4.782	 | 4.782 max

train losses    266:	0.2293	0.2312	0.2717	0.2617	0.2679	0.2723	0.2636	0.2633	0.4308	0.4406	0.4377	0.4357	
val losses      266:	 0.184	 0.225	0.3805	0.3614	0.2111	0.2058	 0.357	0.3476	0.3809	 0.434	0.9741	0.9772	 | 0.4199 mean
                     	0.4895	0.6222	 1.015	0.9768	0.5475	0.5372	  0.96	0.9222	0.9933	 1.089	 2.443	  2.35	 | 1.368 quantile
                      	 1.535	 1.716	 2.656	 2.713	0.9725	 1.022	  1.81	 1.657	 1.826	 1.927	 4.639	 4.672	 | 4.672 max

train losses    268:	0.2309	0.2316	0.2721	 0.262	  0.27	 0.272	0.2656	0.2646	0.4698	0.4846	0.4475	0.4454	
val losses      268:	 0.184	0.2244	0.3805	0.3617	0.2131	0.2064	0.3586	0.3473	0.3851	  0.44	0.9891	 0.993	 | 0.4236 mean
                     	0.4891	0.6221	 1.014	0.9767	0.5504	0.5389	0.9645	 0.922	 1.017	 1.084	 2.518	 2.396	 | 1.371 quantile
                      	 1.596	 1.741	 2.687	 2.675	 1.007	 1.027	 1.832	 1.633	 1.898	 1.939	 4.966	 5.009	 | 5.009 max

train losses    270:	0.2319	0.2326	0.2722	 0.262	0.2698	0.2718	0.2644	0.2649	0.4557	0.4653	0.4275	0.4257	
val losses      270:	0.1854	0.2171	0.3828	0.3635	 0.215	0.2128	0.3624	0.3533	0.4102	0.4752	 1.002	 1.008	 | 0.4323 mean
                     	0.4952	0.5975	 1.011	0.9772	0.5524	0.5473	0.9696	0.9412	 1.056	 1.111	 2.496	 2.403	 | 1.386 quantile
                      	 1.649	 1.672	 2.636	 2.704	 1.057	 1.061	 1.809	  1.68	 1.888	 1.921	 4.871	 4.902	 | 4.902 max

train losses    272:	 0.239	0.2388	0.2746	0.2655	0.2796	0.2854	0.2692	0.2704	0.5585	0.5596	0.4268	0.4272	
val losses      272:	0.1921	0.2257	0.3828	0.3647	0.2322	0.2408	 0.365	0.3522	0.5516	0.6109	0.9859	0.9925	 | 0.458 mean
                     	0.5002	0.6056	 1.013	0.9849	   0.6	0.6156	0.9612	0.9177	 1.324	 1.442	 2.435	 2.362	 | 1.448 quantile
                      	 1.803	 1.749	  2.67	 2.612	 1.186	 1.067	  1.84	 1.615	 2.221	 2.468	 4.944	 4.959	 | 4.959 max

train losses    274:	  0.29	0.2927	 0.298	0.2903	0.3549	0.3605	0.3199	0.3213	 1.076	 1.011	 0.516	0.5206	
val losses      274:	0.2336	0.2781	0.3927	0.3753	0.2638	0.2585	0.3806	0.3703	0.8781	0.9291	 1.049	 1.052	 | 0.5384 mean
                     	0.5933	0.7021	 1.053	 1.004	0.6779	0.6728	 1.003	0.9825	 2.071	 2.213	 2.555	 2.543	 | 1.778 quantile
                      	 1.563	  2.06	 2.743	 2.875	  1.13	  1.39	 1.958	 1.838	 3.496	 3.612	 5.094	 5.105	 | 5.105 max

train losses    276:	0.4669	 0.434	0.3488	0.3434	0.5457	 0.543	0.4291	0.4351	 1.408	 1.368	0.7776	0.7854	
val losses      276:	0.2876	0.4001	0.3933	0.3769	0.3372	 0.386	0.3997	0.3956	  1.16	 1.197	 1.291	 1.288	 | 0.6594 mean
                     	0.7355	 1.007	 1.041	 1.016	0.8335	0.9199	 1.091	 1.084	  2.93	 3.008	   3.1	 2.998	 | 2.208 quantile
                      	 1.826	  2.49	 2.585	 2.642	 1.624	 1.828	 2.003	  1.95	  4.91	 5.515	 6.092	 6.058	 | 6.092 max

train losses    278:	0.4766	0.4855	0.3499	 0.344	0.5677	0.5798	0.4472	0.4483	 1.242	 1.175	 1.043	  1.04	
val losses      278:	0.3851	0.4504	0.3979	 0.383	0.3989	0.4923	0.4568	 0.438	0.9031	0.8297	  1.28	 1.207	 | 0.6351 mean
                     	0.9607	 1.092	 1.061	 1.033	 1.018	 1.148	  1.17	 1.126	 2.312	 2.205	 3.032	 2.869	 | 1.931 quantile
                      	 2.453	 2.954	 2.874	 2.713	 1.903	 2.057	  2.18	 2.188	 4.357	 4.098	 5.475	 5.243	 | 5.475 max

train losses    280:	 0.441	0.4544	 0.332	0.3233	 0.497	0.4943	0.4369	0.4385	0.8534	0.8817	0.9729	0.9541	
val losses      280:	0.3296	 0.387	0.4069	  0.39	0.3763	0.4438	0.4298	0.4158	0.4756	0.5235	 1.208	 1.198	 | 0.5487 mean
                     	0.8671	 1.027	 1.093	 1.062	 1.001	 1.126	  1.18	 1.157	 1.207	 1.363	 3.114	 3.183	 | 1.687 quantile
                      	 2.439	 2.572	 2.816	 2.812	  2.53	 2.371	 2.108	 2.147	 2.335	 2.315	 4.881	  4.58	 | 4.881 max

train losses    282:	0.3767	0.4008	0.3278	0.3212	0.4517	0.4598	0.4064	0.4097	0.7048	0.7096	0.8737	0.8616	
val losses      282:	0.3066	0.3495	0.4096	0.3991	0.3726	0.3871	  0.43	0.4075	0.4904	0.5095	 1.157	 1.135	 | 0.5295 mean
                     	0.8307	0.9819	 1.068	 1.047	0.9173	0.9649	 1.176	 1.148	 1.273	 1.291	 3.019	 2.932	 | 1.614 quantile
                      	 2.407	 2.623	 2.667	  2.63	 2.099	 1.829	 2.357	 2.404	 2.729	 2.418	 5.307	  5.28	 | 5.307 max

train losses    284:	0.3503	0.3587	0.3169	0.3081	0.3977	0.4045	0.3856	0.3893	0.6086	0.6174	0.7133	0.7094	
val losses      284:	0.2897	0.3395	0.4035	0.3889	0.2888	0.3167	0.4103	0.3946	 0.442	0.4658	 1.106	 1.097	 | 0.4952 mean
                     	0.7684	0.9011	 1.068	 1.045	0.7691	0.7824	 1.152	  1.15	 1.137	 1.195	  2.93	 2.809	 | 1.507 quantile
                      	  2.34	 2.544	 2.645	 2.671	 2.044	 1.651	 2.286	 2.368	  2.05	  1.97	 5.489	 5.469	 | 5.489 max

train losses    286:	0.3184	0.3252	0.3142	0.3042	0.3691	0.3748	 0.365	0.3691	0.5659	 0.559	0.6169	0.6126	
val losses      286:	0.2706	 0.314	0.4013	0.3846	0.2897	0.3008	 0.412	0.3948	0.4586	0.5171	 1.019	 1.016	 | 0.4815 mean
                     	0.7283	0.8139	 1.075	 1.042	0.7279	0.7442	 1.124	 1.114	 1.113	 1.196	 2.627	 2.527	 | 1.481 quantile
                      	 2.109	 2.295	 2.714	 2.884	 1.511	 1.485	 2.234	 2.307	 2.039	  2.07	 3.907	  4.31	 | 4.31 max

train losses    288:	0.3029	 0.313	0.3069	0.2982	 0.349	0.3553	0.3518	0.3552	0.5227	0.5152	0.5884	0.5891	
val losses      288:	0.2568	0.2953	0.4001	0.3837	0.2758	0.2835	0.3975	0.3835	0.4164	0.4411	 1.018	 1.019	 | 0.4642 mean
                     	0.6914	0.7791	 1.062	 1.046	0.6956	0.7004	 1.112	 1.091	 1.081	 1.118	 2.588	 2.511	 | 1.457 quantile
                      	 1.999	 2.088	 2.683	  2.75	 1.323	 1.493	 2.135	 2.186	 1.954	 2.012	 4.415	 4.468	 | 4.468 max

train losses    290:	0.2885	0.2908	0.3048	0.2949	 0.336	0.3374	0.3413	0.3434	0.4915	0.4905	0.5249	0.5236	
val losses      290:	0.2569	0.2927	0.3998	0.3837	0.2657	0.2701	0.3915	0.3776	0.4038	0.4398	 1.059	 1.069	 | 0.4675 mean
                     	0.6962	0.8106	 1.063	 1.036	0.6839	0.6832	 1.099	 1.057	 1.056	 1.089	 2.629	 2.581	 | 1.478 quantile
                      	 1.922	 2.052	 2.681	 2.747	 1.308	  1.47	 2.138	 2.162	 2.233	 1.943	 5.021	 5.097	 | 5.097 max

train losses    292:	0.2814	0.2828	0.3016	0.2912	0.3239	0.3271	0.3303	0.3316	0.4682	0.4677	0.5048	0.5028	
val losses      292:	0.2443	0.2899	0.3986	 0.383	0.2612	0.2632	0.3818	0.3683	0.3987	0.4437	 1.034	 1.041	 | 0.459 mean
                     	 0.656	0.7823	 1.055	 1.031	0.6687	0.6796	 1.064	 1.026	 1.033	 1.071	 2.561	 2.508	 | 1.454 quantile
                      	 1.789	 2.074	 2.622	 2.691	 1.249	 1.366	 2.119	 2.133	  1.96	 2.148	 4.855	  4.94	 | 4.94 max

train losses    294:	0.2733	0.2744	0.2989	0.2885	0.3157	0.3156	 0.317	0.3187	0.4528	0.4483	0.4817	0.4782	
val losses      294:	0.2334	0.2844	0.3972	0.3813	0.2599	0.2576	0.3758	0.3623	0.3859	0.4302	 1.026	 1.032	 | 0.4521 mean
                     	0.6264	0.7681	 1.051	 1.029	0.6601	0.6576	 1.041	0.9969	 1.011	 1.044	 2.553	 2.462	 | 1.439 quantile
                      	 1.663	 2.078	 2.635	 2.724	  1.29	 1.245	 2.038	 2.037	 1.914	 2.017	 4.775	 4.858	 | 4.858 max

train losses    296:	0.2647	0.2697	0.2958	0.2868	0.3056	0.3076	0.3079	0.3094	0.4398	0.4396	0.4721	0.4703	
val losses      296:	0.2241	0.2799	0.3955	0.3798	0.2518	0.2528	0.3737	  0.36	0.3845	0.4257	 1.023	 1.028	 | 0.4482 mean
                     	0.6068	0.7675	 1.048	 1.026	0.6435	0.6551	 1.029	0.9842	 1.019	 1.032	 2.577	 2.499	 | 1.434 quantile
                      	 1.631	 2.023	 2.617	 2.726	 1.259	 1.209	 2.033	 2.024	 1.909	 2.111	 4.787	 4.839	 | 4.839 max

train losses    298:	0.2598	0.2641	0.2943	 0.285	0.3008	0.3012	0.3001	0.3023	0.4296	0.4276	0.4577	 0.457	
val losses      298:	0.2195	0.2746	0.3941	0.3784	0.2475	0.2487	0.3703	0.3588	0.3848	0.4266	 1.021	 1.026	 | 0.4459 mean
                     	0.5999	 0.754	 1.044	 1.019	0.6256	0.6415	 1.019	0.9749	 1.017	 1.034	 2.559	 2.464	 | 1.433 quantile
                      	 1.606	 1.988	 2.626	 2.694	 1.297	 1.165	 1.977	 1.967	 1.897	 1.999	 4.861	 4.899	 | 4.899 max

