train losses      0:	0.6678	0.6505	0.5154	0.4746	0.7819	0.8168	0.6472	0.5638	 1.608	 1.639	 1.519	 1.508	
val losses        0:	0.7327	 0.697	 1.044	 1.039	 1.169	 2.107	 5.935	 2.581	 3.117	 1.723	 1.848	 1.264	 | 1.938 mean
                     	 2.001	  1.91	 1.908	 1.847	 2.628	 3.695	 6.876	 3.494	 6.553	  4.86	 4.228	 2.932	 | 5.947 quantile
                      	 5.466	 5.869	 3.356	 3.017	   7.1	 8.238	  8.25	 5.038	 9.666	 8.045	 5.971	 4.488	 | 9.666 max

train losses      2:	0.5807	0.5871	0.4826	0.4918	0.7218	0.7564	0.6024	0.5635	  1.52	 1.602	 1.482	   1.5	
val losses        2:	 1.076	 1.235	 1.494	0.6578	 0.881	0.7509	0.6411	 0.561	 1.454	 1.741	 1.289	 1.258	 | 1.087 mean
                     	 2.171	 2.377	 2.258	 1.509	 2.061	 2.017	 1.567	 1.375	  4.11	 4.678	 3.034	 2.915	 | 2.68 quantile
                      	 4.036	 4.123	 3.486	 3.385	 6.197	  5.75	 2.794	 2.666	 7.647	 8.288	 4.561	 4.293	 | 8.288 max

train losses      4:	0.5004	0.5293	0.4342	0.4463	0.6316	0.6875	0.5364	 0.529	 1.377	 1.516	 1.438	 1.459	
val losses        4:	0.5144	0.5206	0.4096	0.3804	 0.603	0.6534	0.4107	0.4616	  1.24	 1.388	 1.244	 1.232	 | 0.7549 mean
                     	 1.382	 1.475	 1.018	0.9869	 1.591	 1.806	 1.112	 1.174	 3.509	  3.98	 2.847	 2.856	 | 2.369 quantile
                      	 3.638	 4.998	 2.771	 2.115	  5.32	 5.722	 2.756	 2.488	 6.775	 6.881	 4.418	 4.066	 | 6.881 max

train losses      6:	0.4548	 0.499	0.4155	0.4185	0.5713	0.6426	0.5123	0.5161	  1.17	 1.377	 1.376	 1.421	
val losses        6:	0.4177	0.4646	0.3531	 0.351	0.5125	0.5935	0.3923	0.4316	0.9918	 1.173	 1.188	 1.214	 | 0.6736 mean
                     	 1.227	   1.4	0.8905	0.9149	 1.414	 1.636	 1.051	 1.151	 2.786	 3.486	 2.816	 2.861	 | 2.177 quantile
                      	 3.472	 4.783	 2.424	 2.248	 4.517	 4.942	 2.057	  2.16	 5.822	 5.973	 3.922	 4.092	 | 5.973 max

train losses      8:	0.4351	0.4898	0.4136	0.4247	0.5281	0.6141	0.5159	0.5176	0.9523	 1.182	  1.31	 1.375	
val losses        8:	0.3944	0.4363	0.3378	0.3366	0.4594	0.5619	0.4278	0.4219	0.8009	0.9619	 1.153	 1.168	 | 0.6216 mean
                     	 1.133	 1.355	0.8754	0.8867	 1.271	 1.567	  1.11	 1.118	 2.159	 2.982	  2.78	 2.762	 | 1.985 quantile
                      	 3.017	  4.52	   2.4	 2.168	 4.279	 4.986	 2.173	   2.0	 5.167	 5.213	 4.019	 3.856	 | 5.213 max

train losses     10:	0.4301	0.4714	0.4192	0.4289	0.5163	0.5765	0.5303	0.5169	0.8204	0.9794	 1.249	 1.309	
val losses       10:	0.3571	0.4059	0.3259	0.3334	0.4464	0.5071	0.4072	0.4231	0.6946	0.8275	 1.116	 1.132	 | 0.5813 mean
                     	 1.039	 1.252	0.8493	0.8548	 1.234	 1.418	 1.094	 1.113	 1.772	 2.439	 2.761	 2.721	 | 1.813 quantile
                      	 2.797	 4.345	 2.324	 2.429	 4.051	 4.633	  2.26	 2.222	 3.561	 4.444	 3.917	 3.914	 | 4.633 max

train losses     12:	 0.422	0.4513	0.4262	0.4409	0.5247	0.5414	0.5396	0.5141	0.7776	0.8362	   1.2	  1.24	
val losses       12:	0.3182	0.3663	0.3229	0.3378	0.4263	0.4574	0.3939	0.4074	 0.665	0.6929	 1.106	   1.1	 | 0.5496 mean
                     	0.9115	 1.111	 0.851	0.8679	 1.155	 1.258	 1.065	 1.092	 1.632	 1.964	 2.716	 2.682	 | 1.686 quantile
                      	 2.548	 4.271	 2.294	 2.364	 4.023	 4.126	  2.27	 2.062	 3.595	 3.883	 3.793	 3.678	 | 4.271 max

train losses     14:	0.4162	0.4402	0.4325	0.4454	0.5434	0.5238	0.5397	0.5131	0.9487	0.9397	 1.159	 1.178	
val losses       14:	0.2821	0.3328	0.3249	0.3254	0.4077	0.4286	0.3823	0.4015	 1.114	 1.088	  1.13	 1.105	 | 0.6102 mean
                     	0.7893	0.9877	 0.845	0.8256	 1.106	 1.148	  1.02	 1.073	 2.047	 2.184	 2.723	 2.579	 | 1.848 quantile
                      	 2.123	 3.885	 2.287	 2.303	 4.042	 3.681	 2.292	 2.025	 3.841	 3.617	 3.778	 3.681	 | 4.042 max

train losses     16:	 0.406	0.4259	0.4284	0.4305	0.5193	0.4972	0.5196	0.5003	0.8672	0.8489	 1.122	 1.127	
val losses       16:	0.2586	0.3058	0.3184	0.3208	0.4003	0.4011	0.3797	0.3943	0.5812	0.5773	  1.12	 1.072	 | 0.5108 mean
                     	0.7072	0.8771	0.8094	0.8309	 1.065	 1.106	 1.003	 1.063	 1.459	 1.486	 2.668	 2.551	 | 1.638 quantile
                      	 2.004	 3.679	 2.353	 2.091	 3.997	 3.546	 2.166	 1.954	 3.835	 3.231	 3.666	 3.709	 | 3.997 max

train losses     18:	0.3944	0.4132	0.4231	0.4216	 0.502	 0.486	0.5048	0.4933	0.8171	0.8326	 1.095	 1.099	
val losses       18:	 0.251	0.3031	0.3162	0.3148	0.3921	0.4311	0.3686	0.3914	0.7892	0.8329	 1.106	 1.079	 | 0.5479 mean
                     	 0.699	0.8216	0.8059	0.8206	 1.038	 1.131	0.9667	 1.044	 1.824	 1.886	 2.598	 2.544	 | 1.725 quantile
                      	 1.815	 3.343	 2.251	 2.053	 3.853	 3.366	 2.224	 1.984	 3.979	 3.471	  3.69	  3.66	 | 3.979 max

train losses     20:	0.4071	0.4086	0.4219	0.4194	0.5028	0.4837	0.4976	0.4894	0.7987	 0.812	 1.078	 1.079	
val losses       20:	0.2668	0.2727	0.3135	0.3155	 0.388	0.3807	0.3716	0.3998	0.5543	  0.55	 1.081	 1.052	 | 0.4954 mean
                     	0.7192	0.7809	0.7923	 0.816	 1.024	 1.047	0.9648	 1.068	 1.412	 1.425	 2.792	  2.66	 | 1.561 quantile
                      	 1.832	 3.145	 2.352	 1.729	 3.409	 3.365	 2.231	 2.128	 3.057	 3.079	 4.172	 4.022	 | 4.172 max

train losses     22:	0.4031	0.4031	0.4191	0.4188	 0.481	0.4716	0.4952	0.4846	0.6833	0.6852	 1.068	 1.069	
val losses       22:	0.2943	0.2788	0.3129	0.3195	0.3821	0.3774	0.3749	 0.394	0.5485	0.5299	 1.128	 1.096	 | 0.503 mean
                     	0.7663	0.7905	0.7879	0.8234	0.9937	 1.006	 0.976	 1.057	 1.401	 1.347	 2.677	 2.603	 | 1.631 quantile
                      	 2.358	 3.008	 2.339	 1.838	  3.38	  3.54	 1.964	 2.307	 2.991	 2.951	 4.133	 3.811	 | 4.133 max

train losses     24:	0.3806	0.3941	0.4119	0.4123	0.4672	0.4609	0.4771	0.4695	0.6423	0.6506	 1.047	 1.049	
val losses       24:	0.2544	0.2686	0.3063	0.3167	0.3812	0.3725	0.3617	0.3839	0.5575	0.5727	 1.113	 1.085	 | 0.4978 mean
                     	0.6947	0.7584	0.7748	0.8184	 1.003	 1.003	0.9422	 1.015	 1.421	 1.349	 2.567	 2.524	 | 1.615 quantile
                      	 1.814	 2.949	 2.394	 1.816	 3.151	 3.364	  2.04	 2.241	 2.715	 2.764	 4.019	  3.83	 | 4.019 max

train losses     26:	0.3716	0.3836	0.4061	0.4065	0.4593	0.4514	0.4675	0.4625	0.5982	0.5971	 1.073	  1.07	
val losses       26:	0.2561	0.2645	0.3064	0.3179	0.3669	0.3679	0.3768	 0.383	0.4933	0.4908	 1.463	 1.406	 | 0.541 mean
                     	0.6986	0.7703	0.7781	0.8138	0.9785	0.9713	 0.972	 1.018	 1.289	  1.16	 3.223	  3.19	 | 1.891 quantile
                      	 2.013	 2.932	 2.326	 1.757	 3.226	 3.501	 1.984	 1.944	 3.159	 2.389	 4.422	 4.404	 | 4.422 max

train losses     28:	0.3751	0.3858	0.4033	0.4024	0.4699	0.4591	0.4663	0.4564	0.5944	0.5913	 1.169	 1.161	
val losses       28:	0.2641	 0.254	 0.303	0.3111	0.3595	0.3501	 0.358	0.3706	 0.496	0.5023	 1.366	 1.307	 | 0.5201 mean
                     	0.7031	0.7018	0.7682	0.8023	0.9536	0.9422	0.9397	0.9697	 1.299	  1.22	 2.919	 2.846	 | 1.797 quantile
                      	 1.762	 2.453	 2.371	 1.841	 2.876	 2.984	 1.989	 2.052	 3.022	 2.398	 3.998	 4.019	 | 4.019 max

train losses     30:	0.3973	0.3929	 0.404	0.4036	0.4683	0.4599	0.4711	0.4612	0.6053	0.5945	 1.242	 1.241	
val losses       30:	   0.3	0.3337	0.3017	0.3077	0.3944	0.3863	0.3527	0.3729	0.5069	0.4946	 1.171	 1.159	 | 0.5068 mean
                     	0.7721	0.7764	0.7644	0.8025	 1.048	 1.026	0.9103	0.9796	 1.304	 1.216	 2.695	  2.66	 | 1.643 quantile
                      	 1.855	 2.038	 2.324	 1.838	 3.026	 3.048	  2.13	 2.154	 3.093	 2.389	 3.606	   3.5	 | 3.606 max

train losses     32:	0.4343	0.4086	 0.398	0.4015	 0.488	0.4928	0.4655	 0.451	0.6024	0.6029	 1.108	 1.106	
val losses       32:	0.2511	0.2624	0.3031	0.3121	0.4357	0.4151	  0.36	0.3709	0.5029	0.4856	 1.089	  1.08	 | 0.489 mean
                     	0.6606	0.6955	0.7742	0.8093	 1.027	 1.017	0.9394	0.9643	 1.263	 1.192	 2.722	 2.654	 | 1.514 quantile
                      	 1.774	 2.455	 2.363	 1.755	 2.745	 2.907	 1.954	 1.935	 2.628	 2.573	 4.273	 4.045	 | 4.273 max

train losses     34:	0.3795	0.3933	0.3907	0.3943	0.4749	 0.476	0.4474	0.4409	  0.57	0.5747	  1.03	 1.028	
val losses       34:	0.2686	0.2673	0.2987	0.3107	0.3775	0.3679	0.3524	0.3729	0.4615	0.4627	 1.083	 1.062	 | 0.4738 mean
                     	0.7193	0.7342	0.7617	0.7976	0.9653	0.9579	0.8875	0.9821	 1.203	 1.151	 2.556	 2.505	 | 1.531 quantile
                      	 2.054	 2.613	  2.24	 1.602	 2.461	 2.631	 2.135	 2.032	 2.716	 2.537	 4.206	 4.083	 | 4.206 max

train losses     36:	0.3577	0.3748	0.3875	0.3862	0.4422	0.4402	0.4415	0.4327	0.5582	0.5585	0.9603	0.9671	
val losses       36:	0.2478	 0.247	0.2982	0.3119	0.3619	0.3584	0.3471	0.3661	0.4647	0.4581	 1.108	 1.076	 | 0.4705 mean
                     	0.6813	0.6894	0.7593	0.8027	0.9261	0.9143	0.8975	0.9616	 1.216	 1.104	  2.58	 2.529	 | 1.554 quantile
                      	 1.915	 2.234	 2.301	 1.697	 2.461	 2.782	 1.953	 2.194	 2.553	 2.386	 4.121	  4.01	 | 4.121 max

train losses     38:	0.3414	0.3553	0.3806	0.3794	 0.417	0.4174	0.4313	0.4245	0.5491	 0.547	0.9218	0.9233	
val losses       38:	0.2366	0.2516	0.2998	0.3089	0.3438	0.3431	0.3487	0.3657	0.4765	0.4573	 1.136	 1.093	 | 0.4717 mean
                     	 0.675	0.6978	0.7605	 0.804	0.9124	0.9145	0.8906	 0.957	 1.227	   1.1	  2.62	 2.559	 | 1.605 quantile
                      	 1.869	 2.137	 2.386	 1.633	 2.691	 2.817	 1.923	 2.004	 2.712	  2.27	  4.16	 4.115	 | 4.16 max

train losses     40:	0.3324	0.3438	0.3745	0.3752	0.4106	0.4076	0.4231	0.4182	0.5451	0.5466	 0.897	0.8939	
val losses       40:	0.2393	0.2405	0.2967	 0.306	0.3419	0.3351	0.3442	0.3615	0.4725	0.4571	 1.113	 1.077	 | 0.4654 mean
                     	0.6876	0.6839	0.7529	0.7888	0.8783	0.8788	0.8837	0.9492	 1.238	 1.115	 2.627	 2.536	 | 1.578 quantile
                      	 2.063	 2.011	  2.34	 1.697	 2.523	 2.559	 1.921	 1.967	 2.785	 2.418	 4.299	 4.184	 | 4.299 max

train losses     42:	0.3233	0.3339	0.3698	0.3695	0.3983	0.3972	0.4157	0.4092	0.5383	0.5395	 0.875	 0.874	
val losses       42:	0.2359	0.2355	0.2965	0.3049	0.3487	0.3389	0.3428	0.3594	0.4802	0.4686	 1.119	 1.086	 | 0.468 mean
                     	0.6753	 0.663	0.7534	0.7879	 0.885	0.8669	0.8786	 0.943	 1.215	 1.113	 2.534	 2.452	 | 1.598 quantile
                      	 2.079	 1.966	 2.309	 1.695	 2.326	 2.467	  1.99	 1.922	 2.772	 2.401	 4.078	 3.852	 | 4.078 max

train losses     44:	0.3203	0.3305	0.3674	0.3658	0.3959	0.3939	0.4109	0.4045	0.5443	0.5464	 0.855	0.8569	
val losses       44:	0.2364	0.2311	0.2956	0.3053	0.3427	0.3317	0.3396	0.3594	0.5035	0.4876	 1.114	 1.086	 | 0.4694 mean
                     	0.6725	0.6502	0.7555	0.7903	0.8752	0.8514	0.8717	0.9398	 1.243	 1.148	 2.516	 2.453	 | 1.59 quantile
                      	 2.117	 1.928	 2.284	 1.705	 2.262	 2.303	 1.903	 1.927	 2.653	 2.331	 4.018	 3.932	 | 4.018 max

train losses     46:	0.3164	0.3269	0.3634	0.3635	0.3917	0.3876	0.4048	0.3991	0.5651	0.5685	0.8382	0.8382	
val losses       46:	0.2301	0.2259	0.2946	0.3037	0.3352	0.3283	0.3381	0.3576	0.5475	0.5282	 1.111	 1.086	 | 0.4739 mean
                     	0.6527	0.6322	0.7538	0.7854	0.8348	0.8376	0.8498	0.9377	 1.325	 1.258	 2.501	 2.447	 | 1.602 quantile
                      	 2.134	 1.836	 2.238	 1.699	 2.238	  2.27	 1.849	 1.945	 2.968	 2.439	 3.931	 3.792	 | 3.931 max

train losses     48:	0.3138	0.3256	0.3626	0.3606	0.3913	0.3894	0.4039	0.3964	0.6113	0.6185	0.8154	0.8178	
val losses       48:	 0.225	0.2277	0.2941	0.3032	0.3328	0.3271	0.3396	0.3591	0.5824	0.5693	 1.129	 1.105	 | 0.4828 mean
                     	 0.643	0.6231	 0.745	0.7848	0.8252	0.8456	0.8648	0.9469	 1.376	 1.332	 2.522	 2.459	 | 1.637 quantile
                      	 1.994	 1.931	 2.241	 1.684	 2.268	 2.186	 1.917	 1.923	 3.053	 2.508	 3.859	 3.627	 | 3.859 max

train losses     50:	0.3205	0.3377	 0.364	0.3619	0.4067	0.4011	0.4026	0.3953	 0.689	0.6993	0.8057	0.8072	
val losses       50:	0.2249	0.2258	 0.293	0.3039	0.3272	0.3174	0.3393	0.3593	 0.486	0.4769	 1.135	 1.113	 | 0.4668 mean
                     	0.6298	0.6155	0.7447	0.7824	0.8264	0.8277	0.8451	0.9443	 1.254	  1.16	 2.524	 2.482	 | 1.612 quantile
                      	  2.04	 1.821	 2.259	 1.639	  2.12	  2.11	 2.009	 2.095	 2.771	 2.341	 3.928	 3.782	 | 3.928 max

train losses     52:	0.3357	0.3644	0.3711	0.3689	0.4235	0.4291	0.4181	0.4065	0.8146	0.8031	0.8246	0.8265	
val losses       52:	0.2197	0.2476	0.2977	0.3044	0.3291	0.3232	0.3439	0.3641	0.5039	0.5107	 1.151	  1.13	 | 0.4771 mean
                     	 0.609	0.6439	 0.757	0.7861	0.8349	0.8347	0.8727	0.9743	 1.297	 1.268	 2.536	 2.489	 | 1.642 quantile
                      	 1.906	 2.114	 2.228	 1.794	 2.073	 2.017	 2.074	 1.974	   2.7	 2.497	 4.106	 3.909	 | 4.106 max

train losses     54:	0.3671	0.3832	 0.378	0.3747	0.4427	0.4395	0.4363	0.4233	0.7815	0.7661	0.9792	0.9996	
val losses       54:	0.2569	0.3374	 0.308	0.3098	0.3956	0.4221	0.3579	0.3688	  0.54	0.5536	 1.507	 1.455	 | 0.5677 mean
                     	  0.65	0.8059	0.7659	0.7935	0.9564	 1.012	0.9064	0.9709	 1.369	 1.355	 3.395	 3.312	 | 2.011 quantile
                      	 1.922	 2.319	 2.243	 1.625	 2.392	 2.335	 1.841	  2.06	 2.699	 2.277	 5.208	 4.743	 | 5.208 max

train losses     56:	0.4304	0.4341	0.4006	0.4029	0.5743	0.5787	0.4713	0.4464	 0.727	0.7341	 1.571	 1.602	
val losses       56:	0.3785	0.3914	0.3275	0.3156	0.4181	0.4179	0.4192	0.4434	0.4954	0.5319	 2.058	 1.938	 | 0.6779 mean
                     	0.8768	0.9655	0.8391	0.8029	 1.044	 1.007	 1.048	 1.115	 1.239	 1.299	 4.161	 3.989	 | 2.583 quantile
                      	 1.948	 2.144	 2.029	 1.697	 1.944	 2.008	  2.12	 1.942	 2.319	 2.197	 5.708	 5.515	 | 5.708 max

train losses     58:	0.5281	0.5613	0.4513	0.4275	0.5969	0.5832	 0.505	0.4705	0.7486	 0.783	 1.267	 1.252	
val losses       58:	0.3457	0.3266	0.3237	0.3277	0.4906	0.4271	 0.365	0.3746	0.7734	0.6599	 1.697	 1.823	 | 0.6611 mean
                     	0.9103	0.8747	0.8094	0.8388	 1.281	 1.115	0.9278	0.9589	 2.126	  1.84	 4.149	 4.279	 | 2.479 quantile
                      	 2.326	 2.717	 2.111	 1.925	 2.813	 2.883	 2.046	 2.069	 4.043	 3.522	 5.979	 5.988	 | 5.988 max

train losses     60:	0.4945	0.4774	0.4119	0.4122	0.5851	0.5729	0.4847	0.4682	0.7069	0.7144	 1.229	 1.208	
val losses       60:	0.4104	0.3762	0.3055	 0.317	 0.394	0.3819	0.3692	0.3818	0.5356	0.5246	 1.084	 1.065	 | 0.512 mean
                     	0.9641	0.9321	0.7626	0.8237	 1.022	0.9437	0.9524	0.9825	 1.349	 1.359	 2.529	 2.545	 | 1.538 quantile
                      	 1.967	 2.275	 2.197	 1.746	 2.009	 1.962	 2.294	 2.175	  2.37	 2.427	 3.822	 3.868	 | 3.868 max

train losses     62:	 0.419	 0.441	0.3881	0.3914	0.5071	0.5224	0.4676	0.4528	 0.652	0.6671	 1.203	 1.175	
val losses       62:	 0.276	0.2503	0.3011	 0.311	0.3728	0.3834	0.3572	0.3807	 0.525	0.5138	 1.065	 1.067	 | 0.4836 mean
                     	0.7323	0.6646	0.7557	0.8008	0.9462	0.9731	0.9066	0.9748	 1.306	 1.281	 2.596	 2.523	 | 1.528 quantile
                      	 1.767	 2.022	 2.225	 1.591	 2.277	 2.048	 2.373	 2.297	 2.364	 2.315	 3.707	 3.601	 | 3.707 max

train losses     64:	0.3873	 0.407	0.3753	0.3758	0.4698	0.4714	0.4497	0.4387	0.6173	0.6251	 1.112	 1.093	
val losses       64:	0.2716	0.2556	0.2986	0.3097	0.3758	0.3717	0.3483	0.3676	0.5294	0.5217	 1.074	 1.068	 | 0.4827 mean
                     	0.7158	0.6692	 0.758	0.8033	0.9457	0.9506	0.8828	0.9601	 1.333	 1.252	 2.675	 2.514	 | 1.515 quantile
                      	 1.775	 2.114	 2.306	 1.683	 2.243	 2.224	 2.162	 2.005	 2.499	 2.366	 4.194	 3.955	 | 4.194 max

train losses     66:	0.3653	0.3854	0.3688	 0.366	0.4449	0.4456	0.4328	0.4202	0.5841	0.5893	 1.022	 1.013	
val losses       66:	0.2712	0.2419	0.3002	0.3105	0.3447	0.3479	0.3537	0.3663	0.5265	0.5231	 1.088	 1.074	 | 0.479 mean
                     	0.7153	0.6327	0.7667	 0.804	 0.881	0.8644	0.8763	0.9569	 1.313	 1.298	 2.794	  2.62	 | 1.512 quantile
                      	 1.695	 2.095	 2.354	 1.683	 1.971	 2.232	 1.947	 1.943	 2.671	 2.571	 4.527	 4.159	 | 4.527 max

train losses     68:	0.3482	 0.367	0.3629	  0.36	0.4257	0.4253	0.4185	0.4115	0.5663	0.5731	0.9432	0.9437	
val losses       68:	0.2498	0.2307	0.3003	0.3097	 0.343	0.3396	0.3444	0.3635	0.4993	0.4998	 1.117	 1.132	 | 0.4774 mean
                     	0.6697	 0.615	 0.767	0.8043	0.8867	0.8593	0.8633	0.9482	 1.235	 1.248	 2.714	 2.612	 | 1.571 quantile
                      	 1.682	 2.172	 2.309	 1.682	 1.716	 2.251	 1.927	 1.995	  2.32	 2.114	 4.423	 4.076	 | 4.423 max

train losses     70:	 0.339	0.3495	0.3579	0.3553	0.4079	0.4068	0.4085	0.4009	0.5433	0.5522	0.8883	 0.888	
val losses       70:	0.2431	0.2247	0.2978	0.3078	0.3249	0.3244	0.3415	0.3588	0.4815	0.4904	 1.152	 1.156	 | 0.4752 mean
                     	0.6664	0.5992	 0.764	0.7999	 0.847	0.8326	0.8652	0.9474	 1.195	 1.247	 2.738	 2.671	 | 1.597 quantile
                      	 1.891	 2.173	 2.228	 1.669	 1.706	 1.979	 1.863	 1.871	 2.427	 1.992	 4.395	 4.092	 | 4.395 max

train losses     72:	0.3265	0.3405	0.3538	0.3518	 0.396	0.3963	 0.399	0.3932	0.5254	0.5385	0.8439	0.8476	
val losses       72:	0.2374	0.2215	0.2959	0.3061	0.3252	0.3178	0.3441	0.3592	0.4644	0.4719	 1.138	 1.128	 | 0.4675 mean
                     	0.6553	0.5891	0.7542	0.7931	 0.839	  0.83	0.8782	0.9447	 1.165	 1.199	 2.762	 2.667	 | 1.574 quantile
                      	 1.818	 2.146	 2.213	  1.69	 1.928	 1.739	 1.859	 1.934	 2.474	 1.979	  4.56	 4.238	 | 4.56 max

train losses     74:	0.3209	0.3318	0.3519	0.3488	0.3869	0.3869	0.3935	 0.387	0.5195	 0.525	0.8169	0.8181	
val losses       74:	0.2345	0.2223	0.2948	0.3043	0.3173	0.3147	0.3435	0.3575	0.4553	 0.459	 1.137	 1.122	 | 0.4635 mean
                     	0.6402	0.5914	0.7526	 0.782	0.8473	0.8126	0.8685	0.9392	 1.164	 1.146	 2.665	 2.601	 | 1.572 quantile
                      	 1.825	   2.1	 2.239	 1.699	 1.901	 1.812	 1.806	 1.902	 2.456	 1.865	 4.448	 4.151	 | 4.448 max

train losses     76:	0.3134	0.3257	 0.349	0.3452	0.3806	0.3802	0.3881	0.3804	0.5086	0.5178	0.7939	0.7952	
val losses       76:	0.2286	0.2221	0.2949	0.3038	0.3146	0.3029	  0.34	0.3549	0.4572	 0.456	 1.126	 1.109	 | 0.4592 mean
                     	0.6336	0.5964	0.7482	0.7775	0.8277	0.8022	 0.856	0.9343	 1.162	 1.146	 2.642	 2.576	 | 1.558 quantile
                      	  1.84	 2.084	  2.28	 1.748	 1.974	 1.863	 1.837	 1.891	 2.566	 1.889	 4.429	 4.141	 | 4.429 max

train losses     78:	0.3097	0.3198	0.3464	0.3424	0.3722	0.3732	0.3832	0.3759	 0.504	 0.512	0.7732	 0.773	
val losses       78:	0.2221	0.2144	0.2945	0.3035	0.3127	0.3009	0.3369	0.3534	0.4592	0.4542	 1.123	 1.104	 | 0.4566 mean
                     	 0.625	0.5804	0.7496	0.7768	0.8192	0.7848	0.8526	0.9313	  1.17	 1.128	 2.608	 2.541	 | 1.564 quantile
                      	 1.805	 1.986	 2.302	 1.743	 1.954	  1.85	   1.8	 1.925	 2.556	 1.982	  4.33	 4.164	 | 4.33 max

train losses     80:	0.3059	0.3169	0.3444	0.3406	0.3669	0.3686	  0.38	0.3738	0.5008	0.5062	0.7531	0.7525	
val losses       80:	0.2227	0.2148	0.2937	0.3026	0.3086	0.2958	0.3344	0.3512	0.4557	0.4479	  1.12	 1.101	 | 0.454 mean
                     	0.6285	0.5831	0.7465	0.7786	0.8023	0.7796	0.8412	0.9345	 1.159	 1.116	 2.599	 2.533	 | 1.553 quantile
                      	 1.888	 1.967	 2.278	 1.762	 1.976	 1.802	 1.864	 1.887	 2.456	 2.159	 4.292	 4.124	 | 4.292 max

train losses     82:	0.3029	0.3137	0.3429	0.3387	0.3642	 0.361	0.3763	0.3698	 0.496	0.5032	0.7388	0.7376	
val losses       82:	0.2211	0.2105	0.2931	0.3022	0.3052	0.2937	0.3342	0.3516	0.4566	0.4489	 1.124	 1.105	 | 0.4538 mean
                     	0.6205	0.5739	0.7488	0.7752	0.7948	0.7624	0.8458	0.9326	 1.166	 1.112	  2.59	 2.526	 | 1.565 quantile
                      	 1.765	 1.969	 2.292	 1.728	 1.895	 1.792	  1.88	 1.914	 2.492	 1.898	 4.301	 4.095	 | 4.301 max

train losses     84:	0.2983	0.3104	0.3409	0.3367	0.3585	0.3604	0.3743	0.3662	0.4917	0.4991	0.7234	0.7225	
val losses       84:	0.2212	0.2099	0.2924	0.3018	0.3016	0.2926	 0.334	0.3512	0.4575	0.4507	 1.121	 1.105	 | 0.4533 mean
                     	0.6188	0.5713	0.7408	0.7741	0.7813	0.7652	0.8399	0.9416	 1.162	 1.114	 2.601	  2.52	 | 1.559 quantile
                      	 1.792	 2.031	 2.306	 1.723	 1.889	 1.792	 1.891	 1.915	 2.474	 1.881	 4.302	 4.042	 | 4.302 max

train losses     86:	0.2967	0.3077	0.3399	0.3351	0.3572	0.3556	0.3711	0.3636	0.4885	0.4967	0.7128	0.7107	
val losses       86:	0.2177	  0.21	0.2918	0.3012	0.3004	0.2893	0.3326	0.3495	0.4563	0.4488	 1.118	 1.101	 | 0.4514 mean
                     	0.6123	0.5746	0.7388	0.7785	0.7796	0.7521	0.8407	0.9321	 1.169	 1.102	 2.556	 2.485	 | 1.559 quantile
                      	  1.85	 2.044	  2.29	 1.702	 1.798	   1.8	 1.827	 1.882	  2.45	 1.838	 4.221	  3.98	 | 4.221 max

train losses     88:	 0.295	0.3055	0.3388	0.3331	0.3506	 0.351	 0.369	0.3613	0.4844	0.4932	0.6976	 0.698	
val losses       88:	 0.216	0.2101	0.2916	 0.301	0.2978	0.2887	0.3321	0.3493	0.4578	0.4491	  1.11	 1.094	 | 0.4498 mean
                     	0.6048	0.5694	0.7379	0.7731	0.7728	0.7455	0.8241	 0.927	 1.157	 1.106	 2.573	 2.504	 | 1.528 quantile
                      	 1.724	 2.039	 2.269	 1.693	 1.758	 1.748	 1.805	 1.904	 2.452	 1.974	 4.182	 4.007	 | 4.182 max

train losses     90:	0.2937	0.3041	0.3378	0.3323	0.3486	0.3486	0.3675	0.3597	0.4813	0.4887	0.6835	0.6834	
val losses       90:	0.2158	0.2092	0.2912	0.3011	0.2957	0.2858	0.3307	0.3488	0.4549	0.4469	 1.111	 1.094	 | 0.4487 mean
                     	0.6041	 0.568	0.7409	0.7739	0.7709	0.7431	0.8238	0.9252	 1.161	 1.095	 2.545	 2.496	 | 1.538 quantile
                      	 1.933	 1.973	 2.247	 1.706	 1.754	  1.76	   1.8	 1.895	  2.44	 1.874	 4.155	 4.089	 | 4.155 max

train losses     92:	0.2915	0.3006	0.3365	0.3303	0.3452	0.3458	0.3642	0.3566	0.4795	 0.487	0.6758	0.6749	
val losses       92:	0.2153	0.2071	0.2906	 0.301	0.2925	0.2836	0.3311	0.3487	0.4522	0.4446	 1.108	 1.093	 | 0.4473 mean
                     	0.5972	0.5607	0.7333	0.7719	0.7567	0.7423	0.8243	0.9297	  1.16	 1.095	 2.538	 2.483	 | 1.522 quantile
                      	  1.84	 1.983	 2.253	 1.705	 1.892	 1.753	 1.767	 1.916	  2.24	 1.881	 4.218	 4.019	 | 4.218 max

train losses     94:	0.2892	0.2986	0.3347	0.3286	0.3421	0.3434	0.3625	0.3554	0.4791	0.4839	0.6637	0.6629	
val losses       94:	0.2152	0.2075	0.2904	0.3004	 0.292	0.2801	0.3303	0.3485	0.4545	0.4469	 1.104	 1.091	 | 0.4467 mean
                     	0.6032	0.5688	0.7365	0.7704	0.7557	0.7375	0.8252	0.9256	 1.177	 1.099	 2.567	 2.495	 | 1.515 quantile
                      	 1.915	 2.031	 2.252	 1.705	 1.825	 1.727	 1.852	 1.897	 2.146	 1.957	 4.303	 4.119	 | 4.303 max

train losses     96:	 0.288	0.2979	0.3346	0.3279	  0.34	  0.34	0.3607	0.3535	0.4728	0.4796	0.6526	 0.652	
val losses       96:	0.2116	0.2086	0.2909	0.3005	0.2906	0.2773	0.3292	 0.348	0.4534	0.4421	 1.104	 1.088	 | 0.4453 mean
                     	0.5876	0.5707	 0.739	0.7716	0.7538	0.7308	 0.818	0.9286	 1.174	 1.091	 2.537	 2.489	 | 1.508 quantile
                      	 1.905	 2.034	  2.25	 1.703	 1.793	 1.714	 1.796	 1.945	 2.228	 1.869	   4.3	 4.116	 | 4.3 max

train losses     98:	0.2871	0.2956	0.3323	0.3252	0.3385	0.3374	 0.358	0.3524	0.4704	0.4792	 0.647	0.6446	
val losses       98:	0.2113	0.2065	0.2903	0.2997	0.2894	0.2792	0.3289	0.3472	0.4535	0.4436	 1.101	 1.086	 | 0.4447 mean
                     	0.5932	0.5586	0.7361	0.7684	0.7445	0.7235	0.8117	0.9311	 1.162	 1.091	 2.525	 2.486	 | 1.505 quantile
                      	 1.817	 2.026	 2.267	  1.74	  1.73	 1.714	 1.799	 1.996	  2.14	 1.837	 4.222	 4.069	 | 4.222 max

train losses    100:	0.2849	0.2933	0.3317	0.3252	 0.336	0.3357	0.3563	0.3493	0.4676	0.4752	0.6392	0.6382	
val losses      100:	0.2122	0.2048	0.2901	   0.3	0.2864	0.2759	0.3294	0.3474	 0.454	0.4441	 1.095	 1.081	 | 0.4434 mean
                     	 0.593	0.5625	0.7287	  0.77	0.7312	0.7114	0.8111	0.9271	 1.168	 1.106	  2.54	 2.485	 | 1.487 quantile
                      	 1.821	 1.982	 2.273	 1.699	 1.798	 1.682	 1.806	 1.931	 2.102	 1.921	 4.225	 4.083	 | 4.225 max

train losses    102:	0.2838	 0.292	0.3305	0.3238	0.3327	0.3334	0.3546	0.3478	0.4679	0.4755	0.6297	  0.63	
val losses      102:	0.2102	0.2053	0.2896	0.2999	0.2865	0.2738	0.3286	0.3465	0.4567	0.4447	 1.092	  1.08	 | 0.4428 mean
                     	0.5858	 0.559	0.7382	  0.77	0.7273	0.7161	0.8167	0.9234	 1.177	 1.091	  2.53	 2.486	 | 1.498 quantile
                      	 1.807	 1.964	 2.273	 1.711	  1.78	 1.657	 1.818	  1.93	 2.059	 1.859	 4.146	 4.078	 | 4.146 max

train losses    104:	0.2813	0.2913	0.3299	0.3232	0.3314	0.3313	0.3515	0.3453	0.4643	 0.471	0.6246	 0.624	
val losses      104:	0.2088	0.2029	0.2899	0.2996	0.2833	0.2724	0.3287	0.3463	0.4538	0.4446	 1.088	 1.077	 | 0.4413 mean
                     	 0.584	0.5564	0.7353	0.7699	0.7197	0.7097	0.8114	0.9283	 1.172	 1.093	 2.519	 2.469	 | 1.494 quantile
                      	 1.898	  2.01	 2.279	 1.677	  1.82	  1.63	 1.793	 1.956	 2.076	 1.967	 4.246	 4.054	 | 4.246 max

train losses    106:	0.2812	0.2893	0.3289	0.3214	0.3287	0.3299	0.3508	0.3439	0.4648	 0.471	0.6211	0.6202	
val losses      106:	0.2118	0.2037	0.2895	0.2993	 0.284	0.2703	 0.329	0.3471	 0.452	0.4425	 1.086	 1.074	 | 0.4408 mean
                     	0.5952	0.5609	0.7338	0.7683	0.7249	0.7118	0.8155	 0.924	 1.174	 1.091	 2.507	 2.483	 | 1.474 quantile
                      	 1.886	 2.021	 2.268	 1.683	 1.774	 1.636	  1.88	 1.978	 2.074	 1.871	 4.202	 4.058	 | 4.202 max

train losses    108:	 0.279	0.2863	0.3277	0.3205	 0.326	 0.328	0.3484	0.3424	0.4631	0.4686	 0.618	0.6143	
val losses      108:	0.2099	 0.204	0.2889	0.2988	0.2819	0.2702	 0.327	0.3447	0.4498	  0.44	 1.081	 1.071	 | 0.4389 mean
                     	0.5916	0.5501	0.7279	0.7668	0.7161	0.7076	0.8109	0.9177	 1.167	 1.093	 2.478	 2.454	 | 1.479 quantile
                      	 1.887	 2.029	 2.279	 1.671	 1.725	 1.663	 1.779	 1.987	 2.014	 1.903	 4.161	 3.987	 | 4.161 max

train losses    110:	 0.279	0.2861	0.3264	0.3199	 0.327	0.3252	0.3477	0.3407	0.4603	0.4635	 0.613	0.6109	
val losses      110:	0.2068	 0.199	 0.289	0.2986	0.2794	0.2689	0.3274	0.3449	0.4496	0.4407	 1.076	 1.063	 | 0.4369 mean
                     	 0.576	0.5417	0.7315	0.7712	0.7178	   0.7	0.8032	0.9105	 1.172	 1.105	 2.491	 2.431	 | 1.462 quantile
                      	 1.906	 1.991	 2.272	 1.677	 1.697	 1.612	 1.785	 1.924	  1.97	 1.807	 4.138	 3.983	 | 4.138 max

train losses    112:	0.2787	0.2845	0.3253	0.3182	0.3247	0.3251	0.3462	0.3389	0.4585	 0.463	 0.609	0.6078	
val losses      112:	0.2101	0.2013	0.2892	0.2989	0.2792	0.2662	0.3261	0.3442	0.4513	0.4398	 1.074	 1.061	 | 0.4368 mean
                     	0.5866	0.5578	 0.731	0.7698	0.7048	0.6907	 0.812	0.9205	 1.174	 1.086	 2.492	 2.448	 | 1.463 quantile
                      	 1.874	 2.016	 2.263	 1.695	 1.696	 1.624	 1.784	 1.961	 2.197	 1.926	 4.225	  4.04	 | 4.225 max

train losses    114:	0.2772	0.2833	0.3252	0.3175	0.3219	0.3213	0.3445	0.3377	0.4595	0.4617	0.6002	0.5995	
val losses      114:	0.2076	0.1976	0.2889	0.2989	0.2815	0.2657	 0.327	0.3447	0.4525	0.4424	 1.072	  1.06	 | 0.4365 mean
                     	0.5804	0.5445	0.7286	0.7697	0.7132	0.6913	0.8134	0.9203	 1.185	 1.104	 2.482	 2.436	 | 1.453 quantile
                      	 1.901	 2.022	 2.266	 1.699	 1.703	 1.663	 1.781	 1.925	 2.039	 1.814	 4.161	 4.032	 | 4.161 max

train losses    116:	0.2755	0.2823	0.3246	0.3163	0.3205	0.3195	0.3423	0.3351	0.4575	0.4635	0.5976	0.5936	
val losses      116:	0.2073	 0.199	0.2886	0.2986	0.2791	0.2647	0.3259	0.3438	 0.452	0.4388	 1.073	  1.06	 | 0.4359 mean
                     	0.5845	0.5491	0.7261	0.7662	0.7075	0.6818	0.8015	0.9218	 1.172	 1.095	 2.521	 2.464	 | 1.448 quantile
                      	 1.774	 1.988	 2.268	 1.683	 1.703	 1.714	 1.788	 1.962	 2.058	 1.818	 4.245	  4.16	 | 4.245 max

train losses    118:	0.2747	0.2819	0.3236	0.3159	0.3192	0.3218	0.3412	 0.335	0.4546	0.4604	0.5835	0.5821	
val losses      118:	0.2056	0.1976	0.2882	 0.298	0.2759	0.2628	0.3255	0.3435	0.4513	 0.442	 1.079	 1.067	 | 0.4363 mean
                     	0.5814	0.5372	0.7265	 0.764	0.6951	0.6782	0.8092	0.9178	 1.175	 1.105	 2.501	 2.453	 | 1.465 quantile
                      	 1.807	 1.948	 2.273	 1.679	 1.638	  1.67	 1.748	 1.947	   2.0	  1.92	 4.162	 4.046	 | 4.162 max

train losses    120:	0.2738	0.2804	0.3227	0.3144	 0.315	0.3174	0.3391	0.3328	0.4539	0.4583	0.5738	0.5728	
val losses      120:	0.2037	0.1972	 0.288	0.2976	0.2773	0.2618	0.3265	0.3444	0.4529	0.4425	  1.07	 1.055	 | 0.4348 mean
                     	0.5739	0.5357	0.7234	0.7625	0.6965	0.6698	0.8078	0.9235	 1.185	 1.107	 2.496	 2.439	 | 1.441 quantile
                      	 1.776	   2.0	 2.282	 1.712	 1.665	 1.634	 1.873	 1.907	 1.954	  1.97	 4.279	 4.191	 | 4.279 max

train losses    122:	0.2704	0.2777	0.3216	0.3134	0.3151	0.3165	0.3377	0.3311	0.4538	0.4569	0.5698	  0.57	
val losses      122:	0.2004	0.1954	0.2883	0.2981	0.2737	 0.261	0.3256	0.3446	0.4521	0.4385	 1.085	  1.08	 | 0.4369 mean
                     	0.5671	0.5334	0.7234	0.7653	0.6889	0.6731	0.8104	0.9194	 1.186	 1.093	 2.491	 2.421	 | 1.504 quantile
                      	 1.796	 2.033	 2.264	 1.687	 1.723	 1.658	  1.88	 1.928	  2.07	 1.874	 3.995	 3.977	 | 3.995 max

train losses    124:	0.2716	0.2795	0.3207	0.3129	0.3145	0.3147	 0.336	0.3299	0.4506	0.4531	 0.585	0.5848	
val losses      124:	0.2056	0.1975	0.2884	0.2978	0.2765	0.2617	0.3257	0.3442	0.4558	0.4446	  1.08	 1.063	 | 0.4367 mean
                     	0.5802	  0.54	0.7275	0.7664	0.6854	0.6781	0.8056	0.9201	 1.188	 1.107	 2.604	 2.512	 | 1.429 quantile
                      	 1.801	 2.008	 2.253	 1.702	 1.548	 1.672	 1.764	 1.924	 2.067	 1.925	 4.215	 4.171	 | 4.215 max

train losses    126:	0.2708	0.2767	0.3197	 0.312	0.3143	 0.316	0.3369	0.3287	0.4519	0.4548	0.6391	0.6382	
val losses      126:	0.1999	 0.196	0.2879	0.2977	0.2711	0.2621	0.3257	0.3444	0.4504	0.4373	 1.109	 1.101	 | 0.4402 mean
                     	0.5603	  0.54	0.7255	 0.759	0.6795	0.6717	0.8027	0.9099	 1.156	 1.072	 2.484	 2.425	 | 1.541 quantile
                      	  1.75	 2.004	 2.222	 1.691	 1.652	 1.672	 1.818	 1.885	 2.123	 1.849	 3.815	 3.968	 | 3.968 max

train losses    128:	0.2756	0.2788	0.3197	0.3117	0.3196	 0.321	0.3362	0.3296	0.4529	0.4534	0.7339	0.7315	
val losses      128:	0.2137	0.2017	0.2881	0.2974	0.2791	 0.265	0.3246	0.3429	 0.446	0.4344	 1.087	 1.083	 | 0.4386 mean
                     	0.5956	0.5549	0.7288	0.7642	0.7056	0.6874	0.8011	0.9215	 1.163	 1.066	 2.471	 2.411	 | 1.516 quantile
                      	 1.918	 2.061	 2.218	 1.681	  1.68	 1.685	 1.791	 1.921	 2.149	 1.934	 4.167	 3.968	 | 4.167 max

train losses    130:	0.2679	 0.277	0.3196	 0.311	0.3124	0.3129	0.3356	0.3296	0.4524	0.4563	0.6427	0.6393	
val losses      130:	0.2121	 0.197	0.2877	0.2976	0.2798	0.2605	0.3257	0.3416	0.4632	0.4527	 1.094	 1.076	 | 0.4407 mean
                     	0.6036	0.5395	0.7258	 0.769	0.6913	0.6826	0.8056	 0.911	 1.186	 1.122	 2.616	 2.549	 | 1.46 quantile
                      	 1.817	 2.012	 2.254	 1.707	  1.58	 1.571	 1.825	 1.939	 2.087	 1.916	 4.068	 3.898	 | 4.068 max

train losses    132:	0.2728	0.2761	0.3185	0.3096	0.3149	0.3169	0.3328	0.3261	0.4547	0.4521	0.6039	0.6049	
val losses      132:	0.2016	 0.193	 0.288	0.2976	0.2727	0.2631	 0.328	0.3444	0.4644	 0.453	  1.07	 1.056	 | 0.4359 mean
                     	0.5573	 0.519	0.7295	0.7709	0.6916	0.6909	0.8049	0.9126	 1.183	 1.107	 2.459	 2.374	 | 1.448 quantile
                      	 1.816	  2.01	 2.223	 1.705	 1.626	  1.53	 1.786	 1.921	 2.034	 2.024	 4.091	 3.936	 | 4.091 max

train losses    134:	0.2698	0.2751	0.3176	0.3089	0.3135	0.3183	0.3301	0.3246	0.4497	0.4531	0.5624	0.5586	
val losses      134:	0.2146	0.1983	0.2872	0.2972	0.2772	0.2683	0.3276	0.3452	0.4579	0.4538	 1.056	 1.048	 | 0.4359 mean
                     	0.6042	0.5179	0.7249	0.7607	0.7086	0.6887	 0.811	0.9125	 1.188	 1.143	 2.478	 2.413	 | 1.449 quantile
                      	  1.92	 2.001	 2.216	 1.677	 1.582	 1.489	 1.826	   1.9	 2.083	 1.897	 3.881	 3.773	 | 3.881 max

train losses    136:	0.2678	0.2741	0.3171	0.3073	0.3118	0.3152	0.3293	 0.323	0.4585	0.4593	0.5552	 0.553	
val losses      136:	0.1954	0.1957	0.2864	0.2955	0.2691	0.2621	0.3271	0.3446	0.4618	0.4453	 1.087	 1.079	 | 0.4374 mean
                     	0.5386	0.5298	0.7239	0.7514	0.6748	0.6877	0.8095	0.9153	 1.183	  1.11	 2.498	 2.432	 | 1.509 quantile
                      	  1.84	 2.018	 2.215	 1.686	 1.629	 1.582	 1.767	 1.903	  2.06	 2.061	 3.898	 3.755	 | 3.898 max

train losses    138:	0.2677	0.2724	0.3154	0.3077	0.3103	0.3118	0.3263	0.3211	0.4688	0.4702	0.5486	0.5454	
val losses      138:	0.2034	 0.193	0.2872	0.2972	0.2732	0.2577	0.3266	0.3447	0.4773	0.4761	 1.065	 1.058	 | 0.4382 mean
                     	 0.579	0.5182	0.7268	0.7556	0.6938	0.6766	0.8061	0.9084	 1.227	 1.197	 2.417	 2.363	 | 1.496 quantile
                      	 1.794	 1.989	 2.223	 1.661	 1.586	 1.566	 1.825	 1.949	 2.155	 2.112	 3.748	 3.544	 | 3.748 max

train losses    140:	0.2632	0.2724	0.3158	0.3066	0.3073	0.3074	0.3252	0.3189	0.4823	0.4838	0.5425	0.5426	
val losses      140:	0.2048	0.1956	0.2859	0.2963	0.2707	0.2569	0.3276	0.3455	0.5156	0.5168	 1.059	 1.051	 | 0.4438 mean
                     	0.5707	0.5324	0.7236	0.7551	0.6719	0.6774	0.8095	0.9173	 1.306	 1.272	 2.424	  2.36	 | 1.493 quantile
                      	 1.784	 1.997	  2.22	 1.687	 1.568	 1.591	 1.842	 1.933	 2.251	 2.117	 3.847	 3.724	 | 3.847 max

train losses    142:	0.2668	0.2712	0.3147	0.3058	0.3074	0.3087	0.3252	0.3199	0.5082	0.5074	0.5384	0.5363	
val losses      142:	0.1987	0.1937	 0.286	 0.296	0.2677	0.2585	 0.326	0.3436	 0.517	0.5186	 1.057	 1.052	 | 0.4429 mean
                     	0.5551	0.5246	0.7227	0.7533	0.6775	0.6784	0.7984	0.9132	 1.303	 1.268	 2.417	 2.375	 | 1.501 quantile
                      	 1.771	  2.04	 2.219	 1.707	 1.543	 1.505	 1.818	 1.884	 2.205	 2.186	 3.933	  3.77	 | 3.933 max

train losses    144:	0.2667	0.2707	0.3138	0.3047	0.3084	0.3106	0.3233	0.3189	0.5258	0.5245	0.5387	 0.539	
val losses      144:	0.2057	0.1945	0.2868	0.2958	0.2703	0.2576	0.3252	0.3435	0.5343	0.5334	 1.052	 1.047	 | 0.4455 mean
                     	0.5892	0.5324	0.7182	0.7565	0.6815	0.6752	0.8026	0.9162	 1.297	 1.255	 2.405	 2.364	 | 1.494 quantile
                      	  1.81	 2.051	 2.234	  1.67	 1.661	 1.596	 1.789	  1.97	 2.202	 2.263	 3.928	 3.699	 | 3.928 max

train losses    146:	0.2682	0.2728	 0.315	0.3055	0.3147	0.3183	0.3243	0.3202	0.5271	0.5277	0.5363	0.5353	
val losses      146:	 0.196	0.1891	0.2865	0.2966	0.2697	0.2617	0.3267	0.3451	0.5164	0.5119	 1.046	 1.038	 | 0.4402 mean
                     	0.5595	0.5124	0.7187	0.7572	0.6732	0.6826	0.8073	0.9285	 1.265	 1.201	 2.412	 2.363	 | 1.458 quantile
                      	 1.754	 2.124	 2.208	 1.679	  1.65	 1.553	 1.824	 1.914	 2.101	 2.005	 3.869	 3.718	 | 3.869 max

train losses    148:	0.2684	0.2715	0.3144	0.3052	0.3171	0.3183	0.3257	0.3212	0.5247	0.5337	0.5355	0.5348	
val losses      148:	0.1988	0.1921	0.2864	0.2963	0.2715	0.2595	0.3254	0.3435	0.4992	0.4956	 1.045	 1.037	 | 0.4375 mean
                     	0.5663	 0.523	0.7227	0.7565	0.6751	0.6771	0.8023	  0.91	 1.249	 1.167	 2.453	 2.387	 | 1.45 quantile
                      	 1.671	 2.162	  2.21	 1.685	 1.531	 1.552	 1.779	 1.954	 2.262	 2.102	 3.995	 3.906	 | 3.995 max

train losses    150:	0.2679	0.2719	 0.313	0.3034	  0.31	0.3118	0.3233	0.3173	0.5109	0.5175	0.5463	0.5446	
val losses      150:	 0.199	0.1901	0.2854	0.2956	0.2706	 0.256	0.3238	0.3429	0.4897	0.4842	 1.043	 1.035	 | 0.4346 mean
                     	0.5642	0.5196	 0.721	0.7491	0.6733	0.6742	0.8071	0.9181	 1.224	 1.154	 2.541	 2.455	 | 1.41 quantile
                      	 1.725	 2.109	  2.22	 1.731	 1.534	 1.694	 1.848	 1.879	 2.005	 1.978	 4.148	 4.075	 | 4.148 max

train losses    152:	0.2672	0.2733	0.3126	0.3033	0.3045	0.3086	0.3226	0.3182	0.4711	0.4751	0.5717	0.5707	
val losses      152:	0.2046	0.1943	0.2859	0.2953	0.2686	0.2566	0.3248	0.3432	0.4694	 0.455	 1.054	  1.04	 | 0.4326 mean
                     	0.5706	0.5349	0.7209	0.7518	0.6718	 0.678	 0.805	  0.91	  1.21	 1.137	 2.607	 2.514	 | 1.403 quantile
                      	 1.641	  1.89	 2.229	 1.712	 1.628	 1.787	 1.842	 1.873	 2.018	 1.885	 4.169	   4.1	 | 4.169 max

train losses    154:	0.2646	0.2701	0.3119	0.3019	 0.303	0.3054	0.3201	0.3159	0.4418	0.4443	 0.567	0.5672	
val losses      154:	0.1985	0.1917	0.2865	0.2963	 0.267	 0.256	0.3254	0.3431	0.4658	0.4503	 1.051	 1.037	 | 0.4307 mean
                     	0.5481	 0.519	0.7264	0.7593	0.6623	0.6748	 0.814	0.9192	 1.218	 1.136	   2.6	 2.487	 | 1.398 quantile
                      	 1.747	 2.076	 2.243	 1.708	 1.605	 1.734	  1.82	 1.958	 2.067	 1.841	  4.18	 3.931	 | 4.18 max

train losses    156:	0.2622	0.2685	0.3106	0.3014	0.3004	0.3036	0.3203	0.3152	0.4391	 0.444	 0.592	0.5916	
val losses      156:	0.2059	0.1907	0.2862	0.2961	 0.271	0.2618	0.3271	0.3455	0.4515	0.4402	 1.139	  1.12	 | 0.4446 mean
                     	0.5694	0.5275	0.7208	0.7572	0.6774	0.6888	0.8202	0.9212	 1.171	 1.097	 3.012	 2.868	 | 1.467 quantile
                      	 1.717	 2.055	 2.216	 1.751	 1.648	 1.716	 1.801	 1.888	 2.008	  1.85	 4.492	 4.294	 | 4.492 max

train losses    158:	0.2639	0.2657	0.3107	0.3014	0.3028	0.3054	0.3198	0.3147	0.4435	0.4456	0.6485	0.6472	
val losses      158:	0.2047	 0.191	0.2851	0.2954	 0.275	0.2655	0.3246	0.3429	0.4556	0.4454	 1.187	 1.171	 | 0.4536 mean
                     	0.5781	0.5092	0.7178	0.7559	  0.69	0.6965	0.8096	 0.909	  1.17	 1.123	 3.102	 2.981	 | 1.549 quantile
                      	 1.624	 1.996	 2.179	 1.778	 1.645	  1.57	 1.852	 1.953	 2.053	 1.941	 4.511	  4.33	 | 4.511 max

train losses    160:	0.2631	0.2665	0.3101	 0.301	0.3079	0.3107	0.3199	0.3144	0.4598	0.4543	0.7198	0.7175	
val losses      160:	0.2129	0.1924	 0.285	0.2949	0.2745	0.2609	0.3238	0.3408	0.4809	 0.463	 1.194	 1.178	 | 0.4584 mean
                     	0.5977	0.5185	0.7173	0.7532	 0.694	0.6875	0.7987	0.9079	 1.208	 1.178	 3.086	 2.967	 | 1.577 quantile
                      	 1.711	 2.023	 2.195	 1.733	 1.507	 1.556	 1.824	 1.935	 2.169	 1.932	  4.66	  4.54	 | 4.66 max

train losses    162:	0.2641	0.2676	0.3091	0.2991	0.3106	0.3124	 0.316	0.3116	 0.468	0.4633	0.7079	0.7072	
val losses      162:	0.2081	0.1948	0.2861	0.2959	 0.315	0.3042	0.3234	0.3395	0.4593	0.4474	 1.099	 1.086	 | 0.4465 mean
                     	0.5762	0.5193	 0.718	0.7573	0.7706	0.7467	0.8124	0.9145	 1.177	 1.114	 2.566	 2.509	 | 1.473 quantile
                      	  1.64	 2.012	 2.197	 1.667	 1.637	 1.649	 1.728	 1.858	 1.971	 1.889	 3.849	 3.733	 | 3.849 max

train losses    164:	0.2638	0.2689	0.3088	 0.299	0.3205	0.3285	0.3163	0.3111	0.4478	0.4447	0.6161	0.6139	
val losses      164:	0.2029	0.1934	0.2862	0.2957	0.2625	0.2582	0.3269	0.3437	0.4672	0.4549	 1.124	 1.115	 | 0.4443 mean
                     	0.5704	0.5198	0.7216	0.7575	0.6637	 0.667	0.8228	0.9217	 1.199	 1.113	 2.586	 2.552	 | 1.528 quantile
                      	 1.588	 2.068	 2.214	 1.643	 1.578	 1.508	 1.799	 1.824	 2.257	 1.994	 3.939	 3.746	 | 3.939 max

train losses    166:	0.2653	0.2728	0.3074	0.2979	0.3126	0.3208	0.3154	0.3104	0.4464	0.4404	0.6251	0.6266	
val losses      166:	0.1999	0.2025	0.2862	0.2956	0.2665	0.2659	0.3272	0.3447	0.4767	 0.452	 1.119	 1.114	 | 0.4459 mean
                     	0.5451	0.5453	0.7209	 0.761	0.6791	0.6936	 0.811	0.9152	 1.236	 1.129	 2.483	 2.435	 | 1.541 quantile
                      	 1.639	 2.104	 2.235	 1.671	 1.798	 1.532	 1.753	 1.844	 2.059	 2.053	 3.558	 3.502	 | 3.558 max

train losses    168:	0.2673	 0.275	0.3076	0.2978	0.3152	0.3231	0.3137	 0.309	 0.447	0.4412	0.6388	0.6411	
val losses      168:	0.2133	0.2097	0.2867	0.2966	 0.276	0.2619	0.3215	0.3407	0.4509	0.4382	 1.067	 1.066	 | 0.4357 mean
                     	0.5953	0.5615	 0.725	0.7616	 0.683	0.6818	0.7933	0.8978	 1.171	 1.108	 2.443	 2.387	 | 1.502 quantile
                      	 1.766	 2.023	 2.194	 1.704	 1.625	  1.76	 1.759	 1.922	 2.037	 2.075	 3.823	 3.598	 | 3.823 max

train losses    170:	0.2624	0.2688	0.3075	0.2976	0.3097	 0.314	0.3126	 0.308	0.4463	0.4429	0.5789	0.5789	
val losses      170:	   0.2	0.2029	0.2862	0.2956	0.2972	0.2967	0.3238	0.3408	0.4685	0.4581	  1.08	 1.073	 | 0.4435 mean
                     	0.5379	 0.533	0.7194	0.7634	 0.724	0.7314	0.7896	0.9083	 1.194	 1.128	 2.695	  2.59	 | 1.449 quantile
                      	 1.544	 1.966	 2.183	  1.73	 1.513	 1.699	 1.866	 1.926	 2.015	 1.939	 4.321	  4.14	 | 4.321 max

train losses    172:	0.2632	0.2671	 0.307	 0.297	0.3183	0.3257	0.3129	0.3085	0.4419	0.4366	0.5418	0.5397	
val losses      172:	0.2038	0.1949	0.2854	0.2947	0.2913	0.3002	0.3248	0.3414	0.4621	0.4559	 1.053	 1.046	 | 0.4379 mean
                     	0.5641	0.5306	0.7226	0.7653	0.7456	0.7657	0.8016	 0.916	 1.186	 1.096	 2.548	 2.451	 | 1.431 quantile
                      	 1.613	 2.109	 2.215	 1.699	 1.656	 1.625	 1.805	 1.876	 1.898	 1.926	 4.063	 3.936	 | 4.063 max

train losses    174:	0.2623	0.2666	0.3067	0.2964	0.3238	0.3308	0.3123	0.3093	0.4347	0.4361	0.5125	0.5091	
val losses      174:	0.1981	0.1943	0.2857	0.2955	0.2792	0.2909	0.3252	0.3435	0.4543	0.4448	  1.04	 1.031	 | 0.4319 mean
                     	0.5548	0.5325	0.7174	0.7588	0.7275	0.7426	0.8161	0.9129	 1.177	 1.074	 2.504	 2.424	 | 1.397 quantile
                      	 1.516	 2.084	 2.189	 1.715	 1.694	 1.556	 1.828	 1.922	 1.904	  1.98	 3.998	 3.828	 | 3.998 max

train losses    176:	 0.257	 0.263	0.3061	0.2953	0.3058	 0.309	0.3092	0.3046	0.4294	0.4282	0.4999	0.4976	
val losses      176:	 0.194	 0.194	0.2843	0.2942	0.2646	0.2631	0.3242	0.3414	0.4546	0.4444	 1.038	 1.029	 | 0.4272 mean
                     	0.5405	0.5194	0.7193	0.7568	 0.668	0.6879	0.7932	0.9055	 1.167	 1.109	 2.445	 2.377	 | 1.399 quantile
                      	 1.655	 2.038	 2.199	 1.741	 1.574	  1.64	 1.875	  1.93	 2.007	 1.994	 3.827	  3.71	 | 3.827 max

train losses    178:	0.2551	0.2597	 0.304	0.2941	0.2961	0.2959	0.3078	0.3038	0.4311	0.4299	0.4913	0.4892	
val losses      178:	0.1948	0.1909	0.2849	0.2951	0.2619	 0.255	0.3225	0.3406	0.4592	 0.449	 1.037	 1.027	 | 0.4265 mean
                     	0.5538	 0.513	0.7198	0.7563	0.6711	0.6758	0.7984	0.9021	 1.162	 1.144	 2.414	 2.334	 | 1.416 quantile
                      	 1.547	 1.927	  2.18	 1.707	 1.679	 1.542	 1.792	 1.846	 2.087	 1.998	 3.772	 3.663	 | 3.772 max

train losses    180:	0.2554	0.2577	0.3028	 0.293	0.2931	0.2956	0.3056	0.3006	0.4318	 0.432	0.4867	 0.485	
val losses      180:	0.1924	0.1894	0.2854	0.2954	 0.261	0.2529	0.3238	0.3418	 0.466	0.4575	 1.031	 1.023	 | 0.4266 mean
                     	0.5479	0.5137	 0.722	0.7569	0.6637	0.6687	0.8014	0.9064	 1.191	 1.131	 2.405	 2.324	 | 1.419 quantile
                      	 1.585	 2.004	 2.158	 1.695	 1.704	 1.583	   1.8	 1.807	   2.0	 2.053	 3.664	 3.541	 | 3.664 max

train losses    182:	0.2536	0.2579	0.3025	 0.291	0.2914	0.2939	0.3026	0.2981	 0.435	0.4359	0.4778	0.4757	
val losses      182:	0.1945	 0.189	0.2846	0.2945	0.2603	0.2532	 0.324	0.3407	0.4731	0.4634	 1.038	 1.031	 | 0.4289 mean
                     	0.5399	0.5107	0.7244	0.7544	0.6443	0.6691	0.8062	0.9131	 1.202	 1.147	 2.392	  2.32	 | 1.447 quantile
                      	  1.56	  2.08	  2.16	 1.693	 1.562	 1.539	 1.783	 1.848	 2.051	 2.025	 3.821	 3.709	 | 3.821 max

train losses    184:	0.2526	0.2569	0.3011	0.2915	0.2903	0.2896	 0.302	0.2986	0.4286	0.4299	0.4768	0.4747	
val losses      184:	 0.196	0.1914	0.2845	0.2947	0.2598	0.2511	0.3238	0.3398	0.4695	0.4537	 1.053	 1.048	 | 0.4304 mean
                     	0.5427	0.5167	0.7191	0.7573	 0.643	0.6555	0.7969	0.9078	 1.196	 1.139	  2.37	 2.306	 | 1.481 quantile
                      	  1.69	 2.067	 2.186	 1.691	 1.624	 1.545	 1.792	 1.871	 2.012	 2.022	 3.783	  3.54	 | 3.783 max

train losses    186:	0.2513	0.2551	0.3008	0.2907	0.2886	0.2891	0.2997	 0.295	0.4224	0.4245	0.4778	0.4762	
val losses      186:	0.1911	0.1855	0.2846	0.2947	 0.257	0.2482	0.3238	 0.341	0.4619	0.4449	  1.03	 1.023	 | 0.4239 mean
                     	0.5354	 0.502	0.7206	0.7552	0.6441	 0.652	0.8004	0.9056	 1.181	 1.111	 2.412	 2.311	 | 1.422 quantile
                      	 1.606	 2.005	 2.168	 1.716	 1.632	 1.624	 1.838	 1.865	 1.992	   1.9	 3.822	 3.666	 | 3.822 max

train losses    188:	  0.25	0.2551	0.3001	0.2899	0.2869	0.2862	 0.299	0.2952	0.4196	0.4225	0.4674	0.4661	
val losses      188:	0.1925	0.1869	0.2848	0.2949	0.2607	0.2535	0.3232	0.3405	0.4803	0.4718	 1.019	  1.01	 | 0.4266 mean
                     	0.5401	0.4991	0.7207	0.7535	 0.654	0.6474	0.8059	0.9089	 1.202	 1.133	 2.385	 2.312	 | 1.389 quantile
                      	  1.49	 2.057	   2.2	  1.68	 1.555	 1.598	 1.818	 1.909	 2.011	 1.924	 3.701	  3.59	 | 3.701 max

train losses    190:	  0.25	0.2543	   0.3	0.2898	0.2873	 0.287	0.2986	0.2941	0.4267	0.4285	0.4671	0.4652	
val losses      190:	0.1901	0.1855	0.2851	 0.295	0.2563	0.2507	0.3241	0.3406	0.4917	0.4823	 1.024	 1.018	 | 0.4286 mean
                     	0.5271	0.5034	0.7205	0.7581	0.6317	 0.642	0.8014	0.9104	 1.216	 1.114	 2.371	  2.29	 | 1.405 quantile
                      	 1.535	  2.03	 2.183	 1.704	 1.514	 1.481	 1.804	 1.835	 2.056	 1.898	 3.709	 3.577	 | 3.709 max

train losses    192:	0.2497	0.2528	0.2993	0.2884	0.2865	0.2862	0.2971	0.2935	0.4269	0.4268	0.4661	0.4633	
val losses      192:	0.1903	0.1871	0.2847	0.2952	0.2625	0.2548	0.3237	0.3405	 0.476	0.4644	 1.022	 1.016	 | 0.4264 mean
                     	0.5272	 0.509	0.7206	0.7559	0.6437	0.6471	0.8033	0.9042	 1.194	 1.093	 2.398	 2.312	 | 1.407 quantile
                      	 1.504	 1.969	 2.186	 1.669	 1.558	 1.672	 1.856	  1.89	 1.953	 1.943	 3.793	 3.631	 | 3.793 max

train losses    194:	0.2485	0.2524	0.2985	0.2882	0.2852	0.2857	0.2979	0.2932	0.4164	0.4217	0.4596	 0.458	
val losses      194:	0.1882	0.1831	0.2849	0.2952	0.2555	0.2483	0.3245	 0.341	0.4716	0.4596	 1.026	 1.019	 | 0.4248 mean
                     	0.5254	0.4939	0.7231	0.7595	0.6423	 0.644	0.8066	0.9029	 1.196	 1.117	 2.346	 2.286	 | 1.414 quantile
                      	 1.475	 2.008	 2.166	 1.681	 1.499	 1.595	 1.802	 1.887	 2.034	 1.957	 3.784	 3.561	 | 3.784 max

train losses    196:	0.2482	 0.252	0.2982	0.2881	0.2816	0.2846	0.2956	0.2921	0.4128	0.4143	0.4644	0.4652	
val losses      196:	0.1889	0.1861	0.2846	0.2949	0.2564	0.2506	0.3238	0.3413	0.4589	0.4444	 1.031	 1.027	 | 0.424 mean
                     	0.5254	0.5052	0.7196	0.7596	0.6379	0.6397	0.7983	0.9073	  1.17	 1.089	 2.325	 2.272	 | 1.434 quantile
                      	 1.489	 2.106	 2.172	 1.739	 1.483	 1.621	 1.831	 1.884	 1.893	 1.895	 3.706	 3.597	 | 3.706 max

train losses    198:	0.2476	0.2514	0.2972	0.2864	 0.284	0.2855	0.2936	0.2898	0.4073	0.4113	 0.476	0.4727	
val losses      198:	0.1896	0.1852	0.2843	0.2941	0.2522	0.2479	0.3253	0.3414	0.4626	0.4457	 1.041	 1.038	 | 0.4256 mean
                     	0.5322	0.5046	0.7214	0.7545	0.6196	0.6372	0.8049	0.9065	 1.181	 1.107	 2.333	 2.278	 | 1.455 quantile
                      	 1.547	 2.035	  2.15	 1.687	 1.489	 1.517	 1.792	 1.871	 1.945	 1.879	 3.905	 3.801	 | 3.905 max

train losses    200:	0.2457	0.2507	0.2966	0.2861	0.2802	0.2834	0.2942	0.2894	0.4115	0.4123	0.4729	0.4738	
val losses      200:	 0.187	0.1809	0.2845	0.2939	0.2533	0.2446	 0.325	0.3407	0.4687	0.4505	 1.046	 1.043	 | 0.4265 mean
                     	0.5203	0.4881	0.7187	0.7594	 0.624	0.6372	0.8053	0.9126	 1.186	 1.096	 2.335	 2.294	 | 1.452 quantile
                      	  1.61	 2.045	  2.18	 1.683	 1.456	 1.611	 1.783	 1.819	 1.966	 1.845	 3.606	 3.511	 | 3.606 max

train losses    202:	0.2477	0.2494	0.2961	0.2857	0.2815	0.2819	0.2926	0.2881	0.4155	0.4131	0.4955	0.4933	
val losses      202:	0.1891	0.1827	 0.284	0.2941	0.2573	0.2489	 0.326	0.3422	0.4773	0.4567	   1.1	 1.096	 | 0.4379 mean
                     	0.5321	0.4963	0.7178	0.7546	0.6373	 0.638	0.8077	0.9073	 1.186	 1.108	 2.426	 2.362	 | 1.515 quantile
                      	 1.592	 2.085	 2.187	  1.66	 1.497	 1.645	 1.711	 1.843	 2.021	 1.983	  3.53	  3.54	 | 3.54 max

train losses    204:	0.2454	0.2499	0.2958	0.2851	0.2839	0.2842	0.2945	0.2897	0.4207	0.4159	0.5453	0.5445	
val losses      204:	0.1905	0.1842	0.2845	0.2941	0.2645	0.2533	0.3256	 0.341	0.4892	 0.466	  1.13	 1.126	 | 0.4457 mean
                     	0.5349	0.4977	0.7183	0.7511	0.6556	0.6446	0.7993	0.9006	 1.207	 1.113	 2.505	 2.438	 | 1.547 quantile
                      	 1.656	 2.099	 2.139	 1.674	 1.472	 1.494	 1.695	 1.838	 2.012	 1.914	 3.534	   3.7	 | 3.7 max

train losses    206:	0.2471	0.2501	0.2958	0.2849	0.2867	0.2855	0.2938	0.2891	0.4259	0.4229	0.5632	0.5645	
val losses      206:	0.1952	0.1842	0.2847	0.2945	0.2638	0.2549	0.3251	0.3409	0.5044	0.4834	 1.158	 1.153	 | 0.4535 mean
                     	0.5419	0.4973	0.7192	0.7572	0.6543	0.6473	 0.813	0.9078	 1.209	 1.141	 2.565	 2.502	 | 1.571 quantile
                      	 1.586	 2.067	 2.175	 1.699	 1.394	 1.492	 1.755	 1.793	 2.064	 1.958	  3.72	 3.908	 | 3.908 max

train losses    208:	0.2479	 0.251	0.2951	0.2848	 0.285	0.2855	0.2921	0.2883	0.4351	0.4275	0.5685	0.5682	
val losses      208:	0.1886	0.1826	 0.285	0.2947	0.2516	0.2457	0.3216	0.3384	0.4712	0.4559	 1.097	 1.095	 | 0.4356 mean
                     	0.5294	0.4902	0.7199	0.7566	0.6336	0.6217	0.8023	0.8996	 1.165	 1.089	 2.472	  2.42	 | 1.507 quantile
                      	 1.604	 2.078	 2.157	 1.651	 1.467	 1.454	  1.75	 1.851	 1.925	 1.924	 3.656	 3.722	 | 3.722 max

train losses    210:	0.2487	0.2502	0.2953	 0.284	0.2825	0.2836	0.2919	0.2889	0.4264	0.4214	0.5223	0.5222	
val losses      210:	0.1891	0.1858	0.2843	0.2932	0.2535	0.2446	0.3229	 0.341	0.4468	0.4336	 1.035	 1.029	 | 0.4215 mean
                     	0.5259	0.4971	0.7215	0.7593	 0.628	0.6348	0.8044	0.9114	 1.166	 1.072	 2.466	 2.391	 | 1.411 quantile
                      	 1.537	 2.069	 2.153	 1.703	 1.478	 1.466	 1.799	 1.891	  1.91	 1.941	 4.262	 4.096	 | 4.262 max

train losses    212:	0.2473	0.2509	0.2945	0.2836	0.2824	0.2818	0.2906	 0.287	0.4199	0.4146	0.4949	0.4945	
val losses      212:	0.1935	0.1858	0.2844	0.2934	0.2521	0.2454	0.3216	0.3386	 0.447	 0.436	 1.025	 1.016	 | 0.4199 mean
                     	0.5427	0.5039	0.7204	0.7564	0.6257	0.6464	0.7957	0.8968	 1.163	   1.1	 2.548	  2.46	 | 1.368 quantile
                      	 1.621	 2.058	 2.145	 1.688	 1.611	 1.475	 1.748	 1.828	   1.9	 1.939	 4.276	 4.214	 | 4.276 max

train losses    214:	0.2476	0.2505	0.2939	0.2829	0.2803	0.2819	0.2906	0.2869	 0.434	0.4284	0.5221	0.5217	
val losses      214:	0.1889	0.1836	0.2832	0.2928	 0.252	 0.243	 0.323	0.3394	0.4824	0.4698	 1.039	 1.026	 | 0.427 mean
                     	0.5301	0.4992	0.7169	0.7477	0.6274	0.6365	0.7984	0.9068	 1.209	 1.165	 2.634	 2.537	 | 1.389 quantile
                      	 1.545	 1.952	 2.104	 1.736	 1.497	 1.387	 1.747	 1.932	 2.152	 2.087	  4.04	 3.958	 | 4.04 max

train losses    216:	0.2468	 0.248	0.2934	0.2821	0.2809	0.2811	0.2882	0.2854	0.4507	0.4439	0.5366	0.5337	
val losses      216:	0.1897	0.1805	0.2837	0.2924	0.2546	0.2445	0.3234	0.3394	0.5014	0.4887	 1.025	 1.013	 | 0.428 mean
                     	0.5275	0.4893	  0.72	0.7566	0.6429	0.6359	 0.799	0.9142	 1.237	 1.197	  2.48	 2.403	 | 1.393 quantile
                      	 1.483	 1.991	 2.118	 1.724	 1.382	  1.51	 1.804	 1.923	 2.122	 2.012	 3.977	 3.826	 | 3.977 max

train losses    218:	0.2452	0.2479	0.2917	0.2811	0.2797	0.2812	0.2868	0.2835	0.4351	0.4324	 0.513	0.5117	
val losses      218:	0.1892	0.1834	0.2839	0.2923	0.2516	0.2421	 0.323	0.3389	0.5008	0.4778	 1.038	 1.027	 | 0.429 mean
                     	0.5229	0.4937	0.7188	0.7539	0.6294	0.6274	0.8003	0.9054	 1.283	 1.216	 2.381	 2.307	 | 1.437 quantile
                      	 1.625	 1.982	 2.102	 1.649	 1.425	 1.521	 1.758	 1.848	 2.272	 2.004	 3.729	 3.491	 | 3.729 max

train losses    220:	0.2457	0.2486	0.2921	0.2811	0.2793	0.2798	0.2849	0.2818	 0.439	0.4339	0.4918	0.4917	
val losses      220:	0.1925	0.1861	0.2837	0.2932	0.2521	0.2417	0.3211	0.3378	0.4819	0.4601	  1.06	 1.058	 | 0.4307 mean
                     	0.5411	0.5091	0.7125	0.7534	0.6242	  0.63	0.7972	0.8915	 1.248	  1.18	 2.353	 2.307	 | 1.478 quantile
                      	 1.611	 2.061	 2.129	 1.695	 1.568	 1.591	 1.858	 1.876	 1.974	 2.049	 3.371	 3.268	 | 3.371 max

train losses    222:	0.2452	0.2486	0.2912	0.2808	 0.281	0.2802	0.2848	0.2824	0.4674	0.4587	0.5167	0.5141	
val losses      222:	0.1911	0.1839	0.2834	0.2927	0.2484	0.2436	0.3241	0.3404	0.4742	0.4684	  1.04	 1.038	 | 0.4274 mean
                     	0.5303	0.4934	0.7201	0.7543	0.6117	0.6296	0.7933	0.9019	  1.17	 1.125	 2.317	 2.272	 | 1.446 quantile
                      	 1.524	 2.027	 2.125	 1.679	 1.517	  1.59	 1.784	 1.824	 1.985	 2.257	 3.459	 3.454	 | 3.459 max

train losses    224:	0.2457	0.2487	0.2919	0.2802	0.2794	0.2797	0.2854	0.2817	0.4666	0.4554	 0.505	0.5059	
val losses      224:	0.1898	0.1816	0.2832	 0.292	0.2496	0.2477	 0.322	0.3386	0.4701	0.4653	 1.027	 1.023	 | 0.4241 mean
                     	0.5286	0.4906	0.7184	0.7451	0.6165	0.6393	0.7944	0.8976	 1.172	 1.097	 2.449	 2.366	 | 1.405 quantile
                      	 1.571	 1.967	 2.107	 1.688	  1.49	 1.481	 1.809	 1.793	 1.908	 1.882	 4.184	  4.07	 | 4.184 max

train losses    226:	0.2441	0.2481	0.2913	0.2798	0.2785	0.2778	0.2864	0.2823	0.4508	0.4442	0.4836	0.4838	
val losses      226:	0.1912	0.1833	0.2841	0.2928	0.2504	0.2486	0.3225	0.3389	0.4935	0.4875	 1.037	 1.031	 | 0.4301 mean
                     	 0.523	0.4872	0.7226	0.7535	0.6314	0.6422	0.8036	0.9036	 1.224	 1.163	 2.524	 2.445	 | 1.412 quantile
                      	  1.46	 1.996	 2.116	 1.731	 1.551	 1.389	 1.806	  1.89	 1.991	 1.799	 4.363	  4.21	 | 4.363 max

train losses    228:	0.2433	0.2471	0.2899	0.2795	0.2786	0.2794	0.2836	0.2808	0.4387	0.4335	 0.473	0.4714	
val losses      228:	0.1862	0.1817	0.2843	0.2934	0.2444	0.2405	0.3224	0.3392	0.4655	0.4571	 1.015	 1.009	 | 0.4199 mean
                     	  0.51	0.4897	0.7245	 0.759	0.6151	0.6222	0.8102	0.9057	 1.172	 1.103	 2.468	 2.346	 | 1.382 quantile
                      	 1.475	 1.994	 2.129	 1.689	 1.519	 1.429	 1.842	 1.877	 2.036	 1.921	 3.921	 3.753	 | 3.921 max

train losses    230:	0.2436	0.2467	0.2903	 0.279	0.2802	0.2825	 0.282	0.2783	0.4135	0.4116	0.4563	0.4536	
val losses      230:	 0.192	0.1821	0.2839	 0.293	0.2493	0.2486	0.3209	0.3385	0.4523	0.4411	 1.009	 1.003	 | 0.4178 mean
                     	0.5274	0.4923	0.7175	0.7564	0.6197	0.6439	0.7986	 0.896	 1.143	 1.087	 2.431	 2.323	 | 1.368 quantile
                      	 1.515	 2.055	  2.14	 1.681	 1.564	  1.37	  1.87	 1.902	 1.997	 2.102	 4.018	 3.854	 | 4.018 max

train losses    232:	0.2445	0.2463	0.2889	0.2782	0.2818	0.2837	0.2826	0.2788	0.4007	0.4007	0.4496	0.4467	
val losses      232:	0.1897	0.1816	0.2831	0.2921	0.2534	  0.25	 0.323	0.3401	0.4616	0.4483	 1.003	0.9966	 | 0.4186 mean
                     	0.5198	0.4896	0.7146	0.7557	  0.63	0.6335	0.8018	0.9013	 1.168	  1.11	 2.369	 2.272	 | 1.373 quantile
                      	 1.489	 2.074	  2.12	  1.72	  1.47	 1.447	 1.772	 1.862	 1.885	  1.98	 3.834	 3.711	 | 3.834 max

train losses    234:	0.2428	0.2463	0.2881	0.2776	0.2807	0.2838	0.2798	0.2769	0.4012	 0.402	0.4478	0.4441	
val losses      234:	0.1858	0.1802	0.2835	0.2934	0.2494	0.2416	0.3237	0.3388	0.4625	0.4459	 1.004	 0.996	 | 0.4171 mean
                     	0.5069	 0.489	0.7166	0.7563	0.6228	0.6273	 0.797	0.8981	 1.166	 1.111	 2.356	 2.294	 | 1.367 quantile
                      	 1.467	  2.05	 2.129	 1.683	 1.381	 1.519	 1.814	  1.91	 1.951	 2.024	 4.002	 3.802	 | 4.002 max

train losses    236:	0.2419	 0.244	0.2879	0.2773	0.2758	0.2788	0.2805	0.2778	0.3978	0.3971	0.4427	0.4397	
val losses      236:	 0.184	0.1783	0.2839	0.2925	0.2524	0.2478	0.3237	 0.338	0.4734	0.4582	 1.008	 1.002	 | 0.4202 mean
                     	0.5027	0.4883	0.7187	0.7523	0.6349	0.6356	0.7988	0.8941	 1.181	 1.142	 2.368	 2.286	 | 1.393 quantile
                      	 1.516	 2.074	  2.09	 1.703	 1.397	 1.521	 1.793	 1.834	 1.952	 2.045	 4.029	 3.841	 | 4.029 max

train losses    238:	0.2391	0.2433	0.2868	0.2758	0.2795	0.2827	0.2789	0.2772	0.4018	0.4007	0.4393	0.4369	
val losses      238:	 0.185	0.1787	0.2839	0.2928	0.2686	0.2664	0.3233	 0.338	0.4844	 0.475	 1.006	0.9959	 | 0.4248 mean
                     	0.5097	0.4836	0.7185	0.7511	0.6544	0.6652	0.7916	0.8973	 1.184	 1.122	 2.402	 2.316	 | 1.364 quantile
                      	 1.455	 2.048	 2.094	 1.655	 1.531	 1.469	 1.879	 1.933	 1.954	 1.974	  3.99	 3.827	 | 3.99 max

train losses    240:	0.2397	0.2443	0.2863	0.2757	0.2806	0.2827	0.2792	0.2769	0.4048	0.4056	0.4476	0.4428	
val losses      240:	0.1833	 0.181	0.2839	0.2935	0.2579	0.2573	0.3223	0.3376	0.4685	0.4481	 1.008	   1.0	 | 0.4201 mean
                     	0.5071	0.4862	0.7204	0.7513	0.6297	0.6417	0.7947	0.9007	 1.175	   1.1	 2.401	 2.305	 | 1.378 quantile
                      	 1.478	  1.99	 2.089	 1.686	 1.547	 1.408	 1.831	 1.861	 1.903	 1.886	 4.024	  3.81	 | 4.024 max

train losses    242:	0.2413	0.2433	0.2864	0.2751	0.2773	0.2802	0.2805	0.2781	0.3978	0.3983	0.4435	0.4419	
val losses      242:	0.1852	0.1785	0.2844	0.2938	0.2502	0.2486	 0.322	0.3388	0.4705	 0.453	 1.006	0.9959	 | 0.4189 mean
                     	0.5139	0.4872	0.7194	0.7567	0.6156	0.6311	0.8028	0.8993	 1.194	 1.117	 2.436	 2.341	 | 1.366 quantile
                      	  1.49	 2.123	 2.104	 1.669	 1.581	 1.373	 1.854	 1.859	  1.93	 1.866	 4.148	 3.955	 | 4.148 max

train losses    244:	0.2415	0.2444	0.2864	 0.275	0.2733	0.2763	0.2803	0.2775	0.3995	 0.404	0.4606	0.4584	
val losses      244:	0.1858	0.1783	0.2851	0.2947	0.2442	0.2403	0.3293	0.3467	0.4732	  0.46	 1.014	0.9993	 | 0.4209 mean
                     	0.5118	0.4868	0.7191	 0.758	0.6098	0.6306	0.8331	0.9137	 1.201	 1.117	  2.53	 2.402	 | 1.372 quantile
                      	 1.484	 2.036	 2.139	 1.675	 1.588	  1.35	 1.855	 1.966	   1.9	 1.976	 4.083	 3.906	 | 4.083 max

train losses    246:	0.2406	0.2422	0.2857	0.2748	0.2735	0.2748	0.2806	0.2796	 0.401	0.4033	0.4517	0.4507	
val losses      246:	0.1849	0.1784	0.2838	0.2926	0.2476	0.2445	0.3245	0.3399	0.4743	 0.453	 1.014	 1.003	 | 0.42 mean
                     	0.5104	0.4829	0.7143	0.7529	0.6233	0.6386	 0.801	0.9015	 1.192	 1.152	 2.521	  2.42	 | 1.378 quantile
                      	 1.472	 2.044	 2.132	 1.674	 1.551	 1.447	 1.836	 1.923	 2.014	 1.959	 4.076	 3.968	 | 4.076 max

train losses    248:	 0.241	0.2434	0.2859	0.2746	 0.275	 0.276	0.2795	0.2769	0.4044	0.4072	0.4712	0.4686	
val losses      248:	0.1903	0.1782	0.2839	0.2934	0.2484	0.2408	0.3275	0.3422	0.5033	0.5052	 1.046	 1.029	 | 0.4323 mean
                     	0.5195	0.4819	0.7124	0.7571	  0.63	 0.634	 0.804	0.9079	 1.234	 1.209	 2.667	 2.557	 | 1.405 quantile
                      	 1.523	 2.104	 2.112	 1.733	 1.499	 1.393	 1.801	 1.941	  2.04	 2.143	 4.189	 4.024	 | 4.189 max

train losses    250:	  0.24	 0.242	0.2851	0.2749	0.2731	 0.276	0.2766	0.2741	0.4155	0.4273	0.5076	0.5031	
val losses      250:	0.1881	0.1771	 0.283	0.2921	0.2517	0.2455	 0.326	0.3399	0.4947	0.4863	 1.045	  1.03	 | 0.4299 mean
                     	0.5131	0.4755	0.7102	0.7483	0.6391	0.6498	0.8023	0.9124	 1.214	 1.178	 2.684	 2.567	 | 1.395 quantile
                      	 1.434	 2.013	 2.079	 1.708	  1.44	 1.425	 1.841	 1.956	  1.86	 1.937	 4.382	 4.176	 | 4.382 max

train losses    252:	0.2403	0.2429	0.2844	0.2739	0.2761	0.2785	0.2763	0.2732	0.4121	0.4258	0.4861	 0.484	
val losses      252:	0.1875	0.1772	0.2837	0.2931	0.2562	0.2529	 0.321	0.3369	0.5015	0.4963	  1.01	 0.996	 | 0.426 mean
                     	0.5169	 0.474	0.7197	 0.756	0.6437	0.6472	0.7908	0.8914	 1.246	 1.173	 2.537	 2.416	 | 1.369 quantile
                      	 1.474	 2.034	 2.082	 1.694	 1.365	 1.429	 1.859	 1.897	  1.94	 2.102	 4.197	 4.084	 | 4.197 max

train losses    254:	0.2387	0.2443	0.2854	0.2733	0.2789	0.2815	0.2768	0.2729	0.4092	0.4183	0.4707	0.4682	
val losses      254:	0.1831	0.1795	0.2836	0.2935	0.2626	0.2617	0.3278	0.3443	0.4969	0.4807	0.9999	 0.989	 | 0.4252 mean
                     	0.5022	0.4873	0.7184	0.7558	0.6374	 0.661	0.8338	0.9121	 1.228	 1.151	  2.41	 2.329	 | 1.369 quantile
                      	  1.41	 1.962	 2.084	 1.708	 1.518	 1.433	 1.909	 1.914	 1.992	 1.852	 4.055	 3.861	 | 4.055 max

train losses    256:	0.2398	0.2432	0.2833	0.2728	0.2799	0.2798	0.2785	0.2771	0.4028	0.4089	0.4387	0.4384	
val losses      256:	0.1849	0.1793	0.2836	0.2934	0.2602	0.2593	 0.324	0.3396	 0.472	0.4504	 1.004	 1.001	 | 0.421 mean
                     	0.5022	0.4848	0.7199	0.7605	0.6341	0.6555	0.8129	0.9048	 1.187	   1.1	 2.303	 2.229	 | 1.406 quantile
                      	 1.454	 2.015	 2.101	 1.714	  1.55	  1.34	 1.906	 1.923	 1.842	 1.842	 3.947	 3.707	 | 3.947 max

train losses    258:	0.2379	0.2422	0.2843	0.2727	0.2749	0.2747	0.2799	0.2787	0.3958	0.3991	0.4329	0.4307	
val losses      258:	0.1837	0.1784	 0.284	0.2932	0.2497	0.2465	0.3249	0.3389	0.4783	0.4606	  1.01	 1.007	 | 0.4212 mean
                     	0.5089	0.4888	0.7159	0.7573	0.6212	0.6318	0.7963	0.8944	 1.199	 1.138	 2.305	  2.23	 | 1.418 quantile
                      	 1.466	 2.064	 2.121	 1.702	 1.555	 1.307	 1.833	 1.918	 1.931	 1.924	 3.819	 3.648	 | 3.819 max

train losses    260:	0.2394	0.2423	0.2834	0.2727	0.2715	0.2733	 0.275	0.2731	0.3953	0.3982	0.4321	0.4326	
val losses      260:	0.1838	0.1774	0.2842	0.2928	0.2417	0.2369	 0.327	0.3409	0.4783	 0.458	  1.01	 1.009	 | 0.4201 mean
                     	0.5099	0.4821	0.7156	0.7513	0.6019	0.6205	0.8081	 0.917	 1.191	 1.138	 2.278	 2.198	 | 1.417 quantile
                      	 1.478	 2.048	 2.079	 1.698	 1.514	 1.338	 1.739	 1.913	 1.864	 1.957	 3.566	 3.412	 | 3.566 max

train losses    262:	0.2376	0.2421	0.2829	 0.272	0.2704	0.2707	0.2755	0.2719	0.3994	0.3989	0.4448	 0.443	
val losses      262:	0.1842	0.1775	0.2833	 0.292	  0.24	0.2371	 0.327	0.3415	0.4934	0.4765	 1.042	 1.042	 | 0.428 mean
                     	0.5005	0.4781	0.7164	0.7458	0.6119	0.6229	 0.807	0.9111	   1.2	 1.153	 2.309	 2.246	 | 1.465 quantile
                      	 1.481	 2.019	 2.049	 1.699	 1.438	 1.371	 1.767	 1.865	 1.971	 1.921	 3.761	 3.549	 | 3.761 max

train losses    264:	0.2371	0.2393	0.2817	0.2707	0.2695	0.2717	0.2767	0.2725	0.4024	0.3998	0.4631	0.4629	
val losses      264:	0.1864	0.1778	0.2826	0.2916	0.2419	0.2384	0.3271	0.3416	0.4801	0.4672	  1.02	 1.018	 | 0.4228 mean
                     	0.5116	0.4791	0.7176	0.7481	0.6113	0.6281	0.8089	0.9144	 1.172	 1.124	 2.299	 2.246	 | 1.429 quantile
                      	 1.497	 2.037	 2.074	 1.733	 1.445	 1.333	 1.792	 1.804	 1.908	 1.914	  3.87	 3.681	 | 3.87 max

train losses    266:	0.2371	0.2397	0.2819	 0.272	0.2711	0.2744	0.2742	0.2732	0.4039	0.4042	0.4471	0.4463	
val losses      266:	0.1849	 0.177	0.2839	0.2925	0.2529	 0.248	0.3262	  0.34	0.4876	0.4735	 1.022	 1.021	 | 0.4258 mean
                     	0.5142	0.4745	0.7262	0.7502	0.6392	 0.644	0.8039	0.9099	 1.188	 1.129	 2.295	 2.221	 | 1.43 quantile
                      	 1.487	 2.025	 2.059	 1.694	 1.381	 1.408	 1.919	 1.909	 1.951	 1.915	 3.668	 3.557	 | 3.668 max

train losses    268:	0.2387	0.2408	0.2811	0.2699	0.2722	0.2747	0.2735	0.2709	0.3959	0.3936	 0.456	0.4554	
val losses      268:	0.1864	0.1786	 0.285	 0.293	0.2511	0.2464	0.3246	0.3384	0.4722	0.4463	 1.047	 1.046	 | 0.4262 mean
                     	0.5195	0.4835	0.7249	0.7574	0.6293	0.6394	0.8106	0.9027	 1.167	 1.105	  2.32	  2.26	 | 1.467 quantile
                      	 1.429	 2.008	 2.072	 1.684	  1.38	 1.417	 1.807	 1.821	 1.876	 1.888	 3.749	 3.554	 | 3.749 max

train losses    270:	0.2372	0.2404	0.2803	0.2694	0.2746	0.2753	0.2706	0.2679	0.3951	0.3916	0.4638	 0.461	
val losses      270:	0.1861	0.1787	0.2839	 0.293	0.2501	0.2465	0.3218	0.3361	0.4869	0.4704	 1.007	 1.004	 | 0.422 mean
                     	 0.509	0.4813	0.7177	0.7577	0.6195	0.6188	0.7927	0.8951	 1.202	 1.134	 2.289	 2.221	 | 1.406 quantile
                      	 1.544	 2.042	 2.088	 1.704	 1.428	 1.293	 1.862	 1.837	 1.938	   1.9	 3.824	 3.637	 | 3.824 max

train losses    272:	0.2371	0.2396	0.2797	 0.269	0.2692	0.2701	0.2691	0.2672	0.3992	0.3969	0.4416	0.4418	
val losses      272:	0.1848	0.1779	0.2823	0.2911	0.2416	0.2366	0.3202	0.3347	0.4634	0.4488	0.9956	0.9922	 | 0.4141 mean
                     	0.5122	0.4719	0.7172	0.7509	0.6078	0.6169	0.7918	 0.886	  1.16	   1.1	 2.293	 2.204	 | 1.379 quantile
                      	 1.569	 2.029	  2.08	 1.675	   1.5	 1.362	 1.801	 1.853	 1.901	 1.848	 3.874	 3.708	 | 3.874 max

train losses    274:	0.2366	0.2394	0.2785	0.2678	0.2641	0.2681	0.2675	0.2654	0.3875	0.3877	 0.443	0.4411	
val losses      274:	0.1824	 0.177	0.2839	0.2922	0.2378	0.2361	0.3242	 0.338	0.4563	0.4414	 1.004	 1.001	 | 0.4145 mean
                     	0.5045	0.4752	0.7196	0.7568	0.6008	0.6176	0.7955	0.8937	 1.167	 1.114	  2.28	 2.222	 | 1.398 quantile
                      	 1.531	 2.046	 2.051	 1.678	 1.534	 1.239	 1.788	 1.881	 1.962	  2.04	 3.969	 3.823	 | 3.969 max

train losses    276:	0.2345	 0.237	0.2797	0.2684	0.2665	0.2669	0.2673	0.2653	0.3881	0.3875	0.4332	0.4319	
val losses      276:	0.1803	0.1755	0.2831	0.2923	0.2388	0.2361	0.3238	0.3381	  0.47	0.4576	0.9855	0.9776	 | 0.4132 mean
                     	  0.49	0.4751	0.7111	0.7524	0.6034	0.6211	0.7909	0.8961	 1.171	 1.112	 2.334	 2.256	 | 1.348 quantile
                      	 1.423	 1.912	 2.053	 1.695	 1.538	 1.234	 1.791	 1.908	 1.952	 1.906	 4.048	 3.895	 | 4.048 max

train losses    278:	0.2341	 0.237	0.2777	0.2662	0.2659	0.2676	0.2678	0.2658	0.3887	0.3893	0.4287	 0.427	
val losses      278:	0.1822	0.1774	0.2828	0.2912	0.2401	0.2353	 0.322	 0.336	0.4586	0.4438	0.9987	0.9931	 | 0.4134 mean
                     	0.5011	0.4825	0.7124	0.7466	0.5972	 0.617	0.7849	 0.889	 1.166	 1.128	  2.29	 2.214	 | 1.397 quantile
                      	 1.459	  1.93	  2.05	 1.686	 1.479	 1.313	 1.854	 1.858	 1.944	 1.882	 3.885	 3.709	 | 3.885 max

train losses    280:	0.2334	0.2364	0.2779	0.2662	0.2662	0.2675	0.2646	0.2634	0.3931	0.3968	0.4367	0.4345	
val losses      280:	0.1821	0.1737	0.2833	0.2917	0.2399	0.2347	0.3217	0.3355	0.4663	0.4528	0.9871	0.9803	 | 0.4124 mean
                     	0.4994	0.4721	0.7176	0.7467	 0.607	0.6122	0.7876	0.8911	 1.174	 1.123	 2.328	 2.243	 | 1.369 quantile
                      	 1.431	 2.046	 2.009	 1.648	 1.479	 1.299	 1.808	 1.825	 1.987	 1.914	 4.074	 3.904	 | 4.074 max

train losses    282:	 0.235	0.2377	0.2777	0.2668	0.2658	0.2663	0.2644	0.2631	0.4002	0.4034	0.4351	0.4346	
val losses      282:	0.1831	0.1755	0.2829	0.2915	 0.242	0.2391	0.3228	0.3365	0.4749	0.4632	0.9852	0.9791	 | 0.4146 mean
                     	 0.504	0.4848	0.7186	0.7499	0.6077	0.6099	0.8003	 0.894	  1.18	 1.131	 2.296	 2.214	 | 1.364 quantile
                      	 1.491	 2.013	 2.038	 1.701	 1.443	 1.255	 1.817	 1.782	 1.971	 1.819	 3.754	 3.687	 | 3.754 max

train losses    284:	0.2331	0.2364	0.2769	0.2654	0.2637	0.2659	0.2657	0.2636	0.3925	0.3969	0.4321	0.4311	
val losses      284:	0.1865	0.1781	0.2827	0.2918	 0.247	0.2438	0.3221	0.3368	 0.476	0.4597	 1.011	 1.006	 | 0.4202 mean
                     	0.5071	0.4809	0.7246	0.7499	0.6044	0.6267	0.7963	0.8984	 1.209	 1.153	 2.305	 2.231	 | 1.436 quantile
                      	 1.466	   2.0	 2.044	 1.706	 1.555	 1.286	 1.862	  1.83	 1.979	  1.86	 4.086	 3.949	 | 4.086 max

train losses    286:	0.2341	0.2357	0.2766	0.2655	0.2654	0.2656	0.2651	0.2624	0.3949	0.3978	0.4312	0.4272	
val losses      286:	 0.183	0.1749	0.2832	0.2918	0.2432	0.2428	0.3222	0.3369	0.4891	 0.482	0.9843	0.9754	 | 0.4174 mean
                     	0.5004	0.4686	0.7111	0.7548	0.6081	0.6216	0.8032	  0.89	  1.19	 1.136	 2.322	 2.258	 | 1.347 quantile
                      	  1.49	 2.061	 2.042	 1.701	 1.507	 1.257	 1.814	 1.883	 1.796	 1.884	 3.852	 3.764	 | 3.852 max

train losses    288:	0.2335	0.2356	0.2764	0.2653	0.2664	0.2631	0.2651	0.2624	0.4072	0.4096	0.4415	0.4366	
val losses      288:	0.1776	0.1745	0.2833	0.2917	 0.235	0.2325	0.3283	0.3417	0.4636	0.4431	0.9972	 0.994	 | 0.4135 mean
                     	0.4868	0.4769	0.7177	0.7541	0.5949	0.6036	0.8057	0.9106	 1.167	 1.104	 2.261	 2.203	 | 1.388 quantile
                      	 1.434	 2.078	 2.032	 1.709	 1.446	 1.305	 1.795	 1.968	 2.072	 1.811	 4.038	 3.899	 | 4.038 max

train losses    290:	0.2338	0.2369	0.2766	 0.266	 0.263	0.2618	0.2644	 0.262	0.3924	0.3952	0.4472	0.4436	
val losses      290:	0.1841	0.1766	0.2847	0.2933	0.2369	0.2315	0.3226	0.3375	0.4648	0.4511	0.9992	0.9942	 | 0.4147 mean
                     	0.5123	0.4764	0.7081	0.7551	0.5909	0.6116	0.7905	0.8976	 1.188	  1.14	 2.303	 2.238	 | 1.406 quantile
                      	 1.467	 1.974	 2.052	 1.733	 1.514	 1.352	 1.776	 1.866	 1.923	 1.982	 4.182	 4.089	 | 4.182 max

train losses    292:	0.2324	0.2357	0.2767	0.2652	0.2617	0.2628	0.2644	0.2627	0.3914	0.3987	0.4237	0.4219	
val losses      292:	0.1834	0.1752	0.2836	0.2929	0.2392	0.2336	0.3224	0.3374	0.5055	0.4983	0.9842	0.9735	 | 0.4191 mean
                     	0.5051	0.4764	 0.713	 0.753	0.5989	0.6198	0.7935	0.8896	 1.221	  1.16	 2.338	 2.265	 | 1.359 quantile
                      	 1.446	 1.992	  2.04	 1.667	 1.506	 1.306	 1.792	 1.845	 1.887	 2.009	 3.794	 3.635	 | 3.794 max

train losses    294:	 0.233	0.2361	0.2756	0.2639	0.2622	0.2611	0.2633	0.2624	   0.4	0.3988	 0.424	 0.422	
val losses      294:	0.1788	 0.176	0.2851	 0.293	0.2351	0.2329	0.3235	0.3391	 0.486	 0.461	 1.014	 1.011	 | 0.4197 mean
                     	0.4893	0.4843	0.7225	 0.747	0.5877	0.6103	0.7968	0.8991	 1.209	 1.111	 2.267	 2.193	 | 1.421 quantile
                      	 1.448	 2.014	 2.033	 1.704	 1.507	 1.335	  1.74	 1.787	 1.841	 1.843	 3.881	 3.766	 | 3.881 max

train losses    296:	0.2332	0.2357	0.2761	0.2637	 0.265	0.2632	0.2647	0.2621	0.3906	0.3933	0.4325	0.4291	
val losses      296:	0.1818	0.1734	0.2835	0.2918	0.2371	0.2323	0.3262	0.3401	0.4866	0.4717	0.9799	0.9735	 | 0.4148 mean
                     	0.5032	0.4687	0.7196	0.7473	0.5958	0.6111	0.8054	0.9038	 1.216	  1.17	 2.325	 2.232	 | 1.368 quantile
                      	 1.435	 2.025	 2.019	 1.691	 1.363	 1.244	 1.849	 1.855	 1.976	 1.923	 3.988	 3.795	 | 3.988 max

train losses    298:	0.2322	0.2352	0.2752	0.2636	0.2637	0.2657	0.2648	0.2633	0.3948	0.3973	0.4167	0.4136	
val losses      298:	0.1819	0.1738	0.2827	0.2926	0.2474	0.2433	0.3218	0.3361	0.5196	0.5033	0.9855	0.9813	 | 0.4224 mean
                     	 0.499	0.4682	0.7208	0.7489	0.6075	 0.624	0.8001	 0.884	 1.271	 1.209	 2.286	   2.2	 | 1.384 quantile
                      	 1.457	 2.055	 2.032	 1.684	 1.372	 1.285	 1.818	 1.797	 2.019	 2.124	 4.041	 3.936	 | 4.041 max

