train losses      0:	0.7272	0.6829	0.6736	0.5713	0.8134	0.8591	0.6762	0.6038	 1.635	 1.679	 1.514	 1.518	
val losses        0:	  1.27	0.6542	0.5702	 1.167	0.8637	 1.426	 2.978	 2.087	 3.304	 1.448	 2.246	 2.282	 | 1.691 mean
                     	 2.245	 1.893	 1.472	 2.073	 2.068	 2.767	 4.074	 3.164	 6.235	 3.993	 5.704	 5.996	 | 4.199 quantile
                      	 4.214	  6.97	 3.494	 4.039	 4.758	 5.283	 5.948	 4.775	 9.835	 7.394	 8.871	 10.01	 | 10.01 max

train losses      2:	 0.577	0.5686	0.4619	0.4694	0.7048	0.7419	 0.577	0.5474	 1.516	 1.592	 1.461	 1.473	
val losses        2:	0.4543	0.5782	0.5012	0.5572	 0.566	0.6293	0.9312	0.5305	 1.236	 1.377	  1.73	  1.72	 | 0.9008 mean
                     	 1.235	 1.627	 1.288	 1.348	 1.561	 1.715	 1.913	 1.492	 3.539	 3.837	 4.732	 4.902	 | 2.888 quantile
                      	 4.101	 6.367	 3.251	 3.023	 4.025	 3.699	 3.348	 3.296	 6.124	 7.397	 7.647	 7.765	 | 7.765 max

train losses      4:	0.4892	0.5256	0.4295	0.4275	0.6192	0.6742	0.5165	0.5195	 1.367	 1.507	 1.413	 1.429	
val losses        4:	0.3775	0.5015	0.4472	0.4389	0.4735	0.5591	0.4994	0.4665	 1.054	 1.292	 1.623	  1.67	 | 0.7835 mean
                     	 1.041	 1.397	 1.152	 1.138	 1.337	 1.568	 1.381	  1.38	  3.14	 3.563	 4.659	 4.784	 | 2.654 quantile
                      	  3.47	 5.648	  2.92	 2.808	 3.223	 3.253	 2.992	 3.201	 5.439	 6.815	 7.665	 7.604	 | 7.665 max

train losses      6:	0.4512	0.4954	0.4061	0.4158	0.5688	0.6348	0.4977	0.5107	 1.167	  1.37	 1.353	 1.389	
val losses        6:	0.3614	0.4992	0.4479	 0.429	0.4477	0.5257	0.4746	0.4697	0.8503	 1.138	 1.549	 1.613	 | 0.7338 mean
                     	0.9697	 1.359	 1.152	 1.143	 1.225	  1.47	 1.292	 1.361	 2.692	 3.211	 4.511	 4.645	 | 2.468 quantile
                      	 3.292	 5.192	 3.032	 3.355	 2.951	 2.924	 2.798	 3.292	 4.253	 5.942	 7.153	 7.136	 | 7.153 max

train losses      8:	0.4329	0.4868	0.4062	0.4192	0.5268	0.6042	0.5031	0.5091	0.9489	 1.172	 1.289	 1.339	
val losses        8:	0.3166	0.4747	0.4333	0.4283	0.3826	0.4871	0.4811	0.4554	0.6993	0.9499	 1.457	 1.538	 | 0.6753 mean
                     	0.8873	 1.272	 1.146	 1.139	 1.039	 1.349	 1.287	 1.316	 1.981	 2.652	 4.227	 4.474	 | 2.215 quantile
                      	 3.028	 4.845	 2.982	 2.995	 2.377	  2.89	 2.807	 3.055	 3.549	 5.484	 6.564	 6.744	 | 6.744 max

train losses     10:	0.4296	0.4676	0.4134	0.4288	0.5223	0.5749	0.5164	0.5134	0.8446	0.9809	 1.226	  1.28	
val losses       10:	0.2968	0.4387	0.4304	0.4139	0.3627	0.4447	0.4911	 0.452	0.5645	0.7571	 1.371	 1.438	 | 0.6218 mean
                     	0.8184	 1.192	  1.13	 1.125	 1.004	 1.241	 1.292	 1.316	 1.491	 2.097	  3.95	 4.208	 | 1.995 quantile
                      	 2.565	 4.396	 3.005	 3.027	  2.36	 2.744	 2.848	 2.993	 3.019	 4.633	 6.011	 6.464	 | 6.464 max

train losses     12:	0.4277	0.4531	0.4229	0.4419	0.5417	0.5378	0.5278	0.5143	0.8959	0.9222	 1.177	  1.21	
val losses       12:	0.2845	0.3969	0.4267	0.4255	0.4008	0.4069	0.4953	0.4403	0.6981	0.7616	  1.29	 1.329	 | 0.613 mean
                     	0.7789	 1.059	 1.123	 1.135	  1.08	 1.102	 1.278	 1.293	   1.6	 1.714	 3.675	 3.873	 | 1.879 quantile
                      	  2.27	 4.181	 2.935	 2.912	 2.688	 2.516	 2.948	 2.915	 2.518	 3.896	 5.705	 6.267	 | 6.267 max

train losses     14:	0.4083	0.4343	0.4225	0.4369	0.5262	0.5124	0.5197	0.5057	0.8223	0.8455	 1.133	 1.149	
val losses       14:	0.2626	 0.381	0.4269	0.4162	0.3617	0.3928	0.4653	 0.426	0.6757	0.7201	 1.235	 1.274	 | 0.5864 mean
                     	0.6888	 1.022	 1.104	  1.12	 1.003	 1.024	 1.244	  1.22	 1.906	 1.875	 3.408	 3.665	 | 1.897 quantile
                      	 2.037	 3.725	 2.899	 2.946	 2.305	 2.292	 2.786	  2.83	 3.052	 3.635	 5.305	 5.987	 | 5.987 max

train losses     16:	0.3985	0.4184	0.4208	0.4256	0.5124	0.4968	0.5038	0.4951	0.7081	 0.718	 1.102	 1.107	
val losses       16:	0.2466	0.3444	0.4249	0.4113	0.3384	0.3627	0.4526	0.4241	0.5053	0.5531	 1.206	 1.235	 | 0.542 mean
                     	 0.644	0.9306	  1.11	 1.105	0.9683	0.9452	 1.222	 1.214	 1.238	 1.352	 3.249	 3.404	 | 1.736 quantile
                      	 1.789	 3.463	 2.979	 2.859	 2.135	 2.069	  2.67	 2.713	  2.01	 3.177	 5.336	 5.989	 | 5.989 max

train losses     18:	0.3877	0.4047	0.4153	0.4177	0.4961	0.4797	0.4889	0.4853	0.6658	0.6752	 1.079	 1.081	
val losses       18:	0.2582	0.3315	 0.422	0.4056	0.3396	0.3471	0.4333	0.4242	0.4321	0.4748	 1.192	 1.211	 | 0.5226 mean
                     	0.6524	0.8766	 1.098	 1.083	0.9508	0.8927	 1.187	 1.185	 1.134	 1.275	 3.168	 3.311	 | 1.688 quantile
                      	 1.875	 3.208	 2.774	 2.952	 2.075	 1.842	 2.377	 2.657	 2.196	 2.858	 5.291	 5.725	 | 5.725 max

train losses     20:	0.3809	 0.397	0.4112	0.4119	0.4829	0.4704	0.4774	0.4759	0.6532	0.6561	 1.057	 1.056	
val losses       20:	0.2282	0.3181	0.4195	0.4009	0.3283	0.3393	0.4168	0.4056	 0.409	 0.437	 1.212	 1.215	 | 0.5108 mean
                     	0.6084	0.8583	  1.09	 1.072	0.9246	0.8945	 1.153	 1.141	 1.062	 1.134	 3.182	 3.263	 | 1.68 quantile
                      	 1.854	 2.937	 2.734	 2.768	  2.02	 1.899	 2.241	  2.57	 1.953	 2.532	 4.933	 5.328	 | 5.328 max

train losses     22:	0.3745	0.3859	0.4058	0.4044	0.4687	 0.456	0.4681	0.4655	0.6143	0.6155	  1.04	 1.039	
val losses       22:	0.2366	0.3121	0.4174	0.3988	0.3206	0.3304	0.4129	0.4047	0.4219	0.4501	 1.174	 1.189	 | 0.5057 mean
                     	 0.614	0.8273	 1.085	 1.054	0.8901	0.8676	 1.123	 1.141	 1.075	 1.171	 3.113	 3.279	 | 1.647 quantile
                      	 1.891	 2.799	 2.864	 2.741	 1.966	  1.84	 2.319	  2.44	 2.051	 2.395	 5.409	 5.648	 | 5.648 max

train losses     24:	0.3644	0.3776	0.3989	0.3975	0.4577	 0.445	0.4585	0.4544	0.6088	0.6061	 1.033	 1.033	
val losses       24:	0.2301	0.3121	0.4174	0.3981	0.3132	0.3245	0.4095	0.4003	0.4075	0.4378	 1.186	 1.211	 | 0.504 mean
                     	 0.594	0.8377	 1.088	 1.064	0.8765	0.8546	 1.114	 1.128	 1.065	 1.122	 3.386	 3.463	 | 1.64 quantile
                      	 1.851	 2.776	  2.77	 2.725	 1.989	 1.689	 2.307	 2.216	 2.106	 2.122	 4.917	  4.98	 | 4.98 max

train losses     26:	0.3594	0.3713	0.3938	0.3936	0.4493	0.4414	0.4524	0.4482	0.6285	0.6314	 1.035	 1.038	
val losses       26:	0.2312	0.3336	0.4173	 0.397	0.3111	0.3274	0.4075	0.3956	0.5264	0.5116	 1.343	 1.362	 | 0.547 mean
                     	0.6028	0.8923	 1.067	  1.06	0.8553	0.8703	 1.092	 1.116	 1.257	 1.298	 3.411	 3.504	 | 1.818 quantile
                      	 2.045	 2.745	 2.825	 2.704	 1.977	 1.678	 2.189	 2.243	 2.314	 2.358	 4.903	 5.012	 | 5.012 max

train losses     28:	0.3825	0.3855	0.3955	0.3938	0.4695	 0.465	0.4563	0.4476	0.6925	0.6952	 1.119	  1.12	
val losses       28:	0.3122	0.3839	0.4186	0.3983	0.3694	0.4011	0.4042	0.3937	 0.416	0.4608	 1.202	 1.227	 | 0.5323 mean
                     	0.7681	0.8852	 1.084	 1.057	 1.007	 1.002	 1.103	 1.115	 1.049	 1.202	 3.259	 3.296	 | 1.643 quantile
                      	 2.013	 2.401	 2.971	 2.742	 1.951	 1.869	 2.221	 2.293	 2.079	 2.362	 5.461	 5.489	 | 5.489 max

train losses     30:	0.4085	0.4171	 0.413	0.4052	0.4823	0.4943	 0.468	0.4592	0.6604	0.6734	 1.115	 1.086	
val losses       30:	0.3218	0.4183	0.4446	0.4004	 0.353	0.3606	0.4084	0.3997	0.4878	0.5459	 1.324	 1.329	 | 0.5662 mean
                     	0.7734	 0.961	 1.138	  1.06	0.9068	0.9213	 1.112	 1.128	 1.247	 1.439	 3.513	  3.51	 | 1.8 quantile
                      	 2.208	 2.524	 2.708	 2.867	 2.334	 1.919	 2.212	 2.325	 2.626	 2.526	 5.933	 5.824	 | 5.933 max

train losses     32:	0.4075	0.4199	0.4045	0.4045	0.4714	0.4739	0.4637	0.4555	0.6319	0.6385	 1.063	 1.045	
val losses       32:	0.2484	0.3723	 0.441	0.4128	0.3163	0.3284	0.4113	0.3954	0.4591	0.4999	 1.335	 1.315	 | 0.5446 mean
                     	0.6348	0.9706	  1.13	 1.083	0.8505	0.8599	 1.113	  1.09	  1.16	 1.277	 3.565	 3.569	 | 1.776 quantile
                      	 2.062	 2.409	 3.062	 2.793	 2.013	 1.655	 2.223	 2.336	 2.289	 2.252	 5.804	 5.778	 | 5.804 max

train losses     34:	0.3733	0.3954	0.3877	0.3917	0.4531	0.4527	0.4478	0.4409	 0.638	0.6461	0.9909	0.9888	
val losses       34:	  0.25	 0.364	  0.42	0.4008	0.3714	 0.399	0.4093	0.3936	0.6079	 0.706	 1.225	 1.217	 | 0.5637 mean
                     	0.6401	0.9474	 1.089	 1.068	 0.934	0.9634	 1.084	 1.075	 1.374	  1.54	 3.333	 3.382	 | 1.713 quantile
                      	 1.784	 2.325	 2.862	  2.87	 2.109	 1.996	 2.182	 2.168	 2.565	 2.722	 5.293	 5.346	 | 5.346 max

train losses     36:	0.3695	0.3931	0.3872	0.3896	0.4441	0.4452	0.4442	0.4359	0.6919	0.7019	0.9768	0.9732	
val losses       36:	  0.24	0.3324	0.4127	0.3984	0.3006	0.3221	 0.406	0.3863	0.4859	0.5624	 1.186	 1.189	 | 0.5185 mean
                     	 0.627	0.8615	 1.085	 1.063	0.7954	0.8167	 1.069	 1.084	 1.211	 1.316	  3.19	 3.304	 | 1.632 quantile
                      	 1.902	   2.3	 2.742	 2.997	 1.961	 1.684	 2.385	 2.074	 1.952	 2.455	 5.109	  5.55	 | 5.55 max

train losses     38:	0.3731	0.3827	0.3835	0.3897	0.4374	0.4395	0.4384	0.4307	0.6606	0.6606	0.9734	0.9643	
val losses       38:	0.2551	0.3232	0.4143	 0.402	0.2933	 0.321	0.4059	0.3866	0.5795	0.6337	  1.16	 1.167	 | 0.5285 mean
                     	0.6532	0.8532	 1.077	 1.064	 0.771	0.8107	 1.079	 1.071	 1.352	 1.382	  3.06	 3.081	 | 1.629 quantile
                      	 1.795	  2.23	 2.825	 2.817	 1.693	 1.662	  2.48	  2.08	 2.083	 2.495	  4.91	 5.169	 | 5.169 max

train losses     40:	0.3549	0.3646	 0.377	0.3809	0.4273	0.4268	0.4322	0.4233	0.6351	0.6176	0.9311	0.9264	
val losses       40:	 0.243	0.3115	0.4125	0.4003	0.2888	 0.309	 0.405	0.3834	0.4771	0.5341	 1.125	 1.138	 | 0.5024 mean
                     	 0.631	0.8268	 1.082	 1.059	 0.763	0.7927	 1.076	 1.048	 1.179	 1.273	 2.973	 2.975	 | 1.596 quantile
                      	 1.729	 2.051	  2.75	 2.873	 1.597	 1.442	 2.235	 2.015	 1.937	 2.726	 5.055	 5.206	 | 5.206 max

train losses     42:	0.3488	0.3517	0.3727	0.3743	0.4187	0.4177	0.4238	0.4187	0.5716	0.5629	0.9056	0.9032	
val losses       42:	0.2418	0.3097	  0.41	0.3974	 0.292	0.3171	0.3986	0.3825	0.3824	0.4408	 1.131	 1.153	 | 0.488 mean
                     	 0.631	0.8273	 1.082	 1.059	0.7526	0.8156	 1.079	 1.042	0.9689	 1.123	 3.006	 2.985	 | 1.597 quantile
                      	 1.842	 2.107	 2.892	 2.844	 1.671	 1.808	 2.227	 2.043	 1.767	 2.394	 5.054	 5.321	 | 5.321 max

train losses     44:	0.3416	0.3433	0.3681	0.3702	0.4054	0.4013	0.4165	0.4118	0.5492	 0.543	0.8868	0.8872	
val losses       44:	 0.236	0.3068	 0.409	0.3959	0.2856	0.2982	0.3896	0.3789	0.3841	0.4288	 1.135	 1.155	 | 0.4836 mean
                     	0.6213	0.8223	 1.078	 1.048	0.7432	0.7827	 1.065	 1.046	0.9428	 1.107	 3.013	 3.007	 | 1.582 quantile
                      	 1.746	 2.131	 2.745	 2.775	 1.707	 1.505	  2.18	 2.001	 1.845	 2.308	 5.347	 5.358	 | 5.358 max

train losses     46:	0.3258	0.3327	0.3625	0.3636	0.3959	0.3927	0.4091	0.4049	0.5351	0.5316	0.8649	0.8635	
val losses       46:	0.2279	0.2994	0.4072	0.3941	0.2769	0.2901	0.3847	0.3737	0.3917	 0.439	 1.126	  1.14	 | 0.4792 mean
                     	0.6016	0.8086	 1.074	 1.049	0.7272	0.7552	  1.04	 1.031	0.9457	 1.112	 2.952	 2.921	 | 1.563 quantile
                      	 1.777	 2.052	 2.736	 2.736	 1.485	  1.41	 2.236	 1.981	 1.914	 2.383	 5.085	 5.185	 | 5.185 max

train losses     48:	0.3202	0.3275	0.3586	0.3592	0.3865	0.3863	0.4012	0.3999	  0.53	0.5261	0.8391	0.8357	
val losses       48:	0.2258	0.2968	 0.407	0.3923	0.2721	 0.284	 0.383	0.3721	0.3809	0.4306	 1.111	 1.124	 | 0.4733 mean
                     	0.6042	0.7996	  1.07	 1.045	0.7189	0.7521	 1.041	 1.016	0.9481	   1.1	 2.916	 2.858	 | 1.557 quantile
                      	 1.714	 2.178	 2.754	 2.753	 1.446	 1.412	 2.149	 1.926	 1.911	 2.364	 5.307	 5.348	 | 5.348 max

train losses     50:	0.3179	0.3253	0.3567	0.3574	0.3824	0.3807	0.3985	0.3942	0.5212	0.5175	0.8148	0.8127	
val losses       50:	0.2217	0.2978	0.4072	0.3924	0.2678	0.2778	0.3806	 0.371	0.3817	0.4367	 1.102	 1.115	 | 0.471 mean
                     	0.5785	0.7886	 1.072	 1.052	0.7105	0.7341	  1.03	 1.017	0.9682	 1.094	 2.831	 2.834	 | 1.563 quantile
                      	 1.737	 2.147	   2.8	 2.866	 1.461	 1.349	 2.168	 1.907	 1.897	 2.285	 5.177	  5.28	 | 5.28 max

train losses     52:	0.3127	0.3183	0.3539	 0.354	0.3773	0.3746	0.3928	0.3887	0.5143	0.5105	0.7971	0.7949	
val losses       52:	0.2182	0.2941	0.4061	0.3918	 0.268	0.2762	0.3788	0.3697	0.3806	0.4389	 1.094	 1.109	 | 0.4688 mean
                     	0.5782	0.7732	 1.072	 1.055	0.7158	0.7387	 1.028	  1.01	0.9717	 1.091	 2.814	 2.904	 | 1.57 quantile
                      	 1.664	 2.195	 2.758	 2.831	 1.424	 1.386	 2.084	 1.883	 1.955	 2.245	 5.175	 5.229	 | 5.229 max

train losses     54:	0.3082	0.3148	0.3501	0.3508	0.3709	0.3694	0.3889	0.3852	0.5118	0.5035	 0.794	0.7925	
val losses       54:	0.2172	0.2915	0.4063	0.3911	0.2652	0.2725	0.3775	0.3687	0.3748	0.4261	 1.092	 1.107	 | 0.4658 mean
                     	0.5777	0.7686	 1.075	 1.056	0.7108	0.7182	 1.026	0.9979	0.9597	 1.072	 2.812	 2.924	 | 1.563 quantile
                      	 1.646	 2.117	 2.769	 2.777	 1.458	 1.343	  2.02	 1.908	 1.842	  2.25	  4.85	 4.912	 | 4.912 max

train losses     56:	0.3083	0.3122	0.3481	0.3477	0.3681	0.3659	0.3847	0.3811	0.5086	0.5045	0.8271	0.8242	
val losses       56:	0.2228	 0.294	0.4042	0.3898	0.2636	0.2682	0.3767	0.3676	0.3784	0.4218	 1.122	 1.134	 | 0.4702 mean
                     	0.5934	0.7865	 1.063	 1.051	0.6999	0.7088	  1.03	0.9952	0.9694	 1.057	 2.939	 3.049	 | 1.566 quantile
                      	 1.623	 2.208	 2.745	 2.829	 1.339	 1.393	 2.111	 1.917	 1.921	 2.294	  4.87	 4.921	 | 4.921 max

train losses     58:	0.3081	0.3128	0.3469	0.3469	 0.366	0.3669	 0.385	0.3809	0.5117	0.5082	0.8994	0.8938	
val losses       58:	0.2276	0.2998	0.4047	0.3906	0.2634	0.2705	0.3806	 0.371	0.3957	0.4351	 1.163	 1.169	 | 0.4809 mean
                     	0.6004	0.7855	 1.066	 1.047	0.7098	 0.716	 1.044	 1.022	0.9921	 1.108	 2.992	   3.1	 | 1.582 quantile
                      	 1.671	 2.225	 2.761	 2.797	 1.305	 1.422	 1.998	 1.966	 1.949	 2.488	 5.503	   5.6	 | 5.6 max

train losses     60:	0.3082	 0.313	 0.345	0.3445	0.3658	0.3665	0.3832	0.3788	0.5138	0.5069	0.8705	0.8694	
val losses       60:	 0.224	0.2831	0.4053	0.3898	0.2682	0.2724	0.3799	0.3689	0.3958	0.4234	 1.172	 1.182	 | 0.4804 mean
                     	 0.592	0.7355	 1.064	 1.043	0.7062	0.7042	 1.035	 1.011	0.9764	 1.107	  3.13	 3.076	 | 1.59 quantile
                      	 1.783	 2.174	 2.795	 2.741	 1.276	 1.233	 1.974	 1.979	 2.039	 2.366	 5.539	 5.609	 | 5.609 max

train losses     62:	0.3126	0.3171	0.3453	0.3458	0.3677	0.3686	0.3829	0.3788	0.5194	0.5152	0.8172	0.8159	
val losses       62:	 0.228	0.2904	0.4041	0.3895	0.2634	0.2615	0.3768	0.3676	0.4121	0.4409	 1.164	 1.169	 | 0.4806 mean
                     	0.6058	0.7507	 1.063	 1.048	0.6715	0.6839	 1.025	0.9935	  1.03	 1.118	 3.047	 3.018	 | 1.599 quantile
                      	 1.781	 2.142	 2.724	 2.863	  1.36	 1.271	 2.046	   1.9	 1.929	 2.392	 5.277	   5.4	 | 5.4 max

train losses     64:	0.3119	0.3178	0.3448	0.3426	 0.366	0.3671	0.3803	0.3756	0.5275	0.5234	0.7909	0.7861	
val losses       64:	 0.255	0.3075	0.4039	0.3891	0.2736	0.2831	  0.38	0.3718	0.4375	0.4615	 1.116	 1.126	 | 0.4838 mean
                     	0.6239	0.7472	 1.064	 1.049	0.7014	0.7111	 1.021	 1.001	 1.064	 1.153	 2.894	 2.902	 | 1.526 quantile
                      	 1.843	 2.164	 2.776	  2.79	 1.463	 1.367	 1.916	 1.817	 2.067	 2.572	 5.306	 5.277	 | 5.306 max

train losses     66:	0.3119	0.3145	0.3425	0.3405	0.3707	0.3734	0.3762	0.3721	 0.528	0.5211	0.7523	0.7482	
val losses       66:	0.2462	0.3035	0.4039	0.3897	 0.275	0.2839	0.3761	0.3716	0.4444	0.4632	 1.081	 1.094	 | 0.4777 mean
                     	0.6158	0.7561	  1.06	 1.042	0.7048	0.7213	  1.01	0.9977	 1.067	 1.161	 2.816	 2.784	 | 1.527 quantile
                      	 1.715	 2.021	 2.732	 2.829	 1.549	 1.358	 2.055	 1.887	 2.143	 2.596	 5.049	 5.135	 | 5.135 max

train losses     68:	0.3067	0.3102	0.3396	0.3389	0.3724	0.3729	0.3735	0.3691	0.5118	0.5084	0.7141	0.7144	
val losses       68:	0.2281	 0.293	0.4038	 0.389	0.2704	0.2776	0.3774	0.3708	0.4182	0.4563	 1.096	 1.106	 | 0.4739 mean
                     	0.5957	0.7551	 1.061	 1.042	0.6925	0.7109	 1.019	0.9987	 1.021	 1.146	 2.783	 2.732	 | 1.527 quantile
                      	  1.66	 2.078	 2.749	 2.743	 1.393	 1.288	 1.914	 1.808	 2.063	 2.643	 5.232	 5.343	 | 5.343 max

train losses     70:	0.3016	0.3083	0.3381	0.3364	0.3629	0.3646	0.3711	0.3662	0.5006	0.4982	0.7303	0.7275	
val losses       70:	0.2241	0.2886	0.4045	 0.389	0.2742	0.2758	0.3775	0.3702	0.3788	0.4293	 1.129	 1.128	 | 0.4724 mean
                     	0.5955	  0.75	 1.058	 1.047	0.7017	0.7182	 1.011	0.9894	0.9435	  1.08	 2.871	 2.791	 | 1.537 quantile
                      	 1.737	  2.02	  2.79	 2.828	 1.372	 1.313	 2.021	  1.84	 1.978	 2.494	 5.486	  5.49	 | 5.49 max

train losses     72:	0.2992	0.3051	0.3355	0.3342	0.3607	0.3623	0.3679	 0.364	0.4949	0.4915	0.7753	0.7752	
val losses       72:	0.2228	0.2818	0.4032	0.3884	0.2606	0.2634	0.3739	0.3635	0.3735	0.4267	 1.102	 1.106	 | 0.4638 mean
                     	0.5919	 0.742	 1.062	 1.051	0.6723	0.6876	 1.012	0.9897	0.9492	 1.058	 2.817	 2.798	 | 1.543 quantile
                      	 1.685	 2.023	 2.791	 2.845	 1.369	 1.349	  2.01	 1.921	 1.996	 2.282	 5.331	 5.376	 | 5.376 max

train losses     74:	0.2933	0.2988	0.3336	0.3329	0.3512	0.3506	0.3645	0.3603	0.4946	0.4883	0.7325	0.7361	
val losses       74:	0.2199	0.2686	0.4023	0.3882	0.2526	0.2548	0.3754	0.3658	0.3763	0.4389	 1.089	 1.096	 | 0.4607 mean
                     	 0.584	0.7013	 1.061	 1.046	0.6521	0.6613	 1.014	0.9828	0.9558	 1.093	  2.74	 2.764	 | 1.533 quantile
                      	 1.624	 1.913	 2.765	 2.832	 1.291	 1.263	 1.982	 1.791	 1.901	 2.132	 4.991	  5.02	 | 5.02 max

train losses     76:	0.2932	0.2978	 0.334	0.3318	0.3449	0.3473	0.3642	0.3593	0.4936	0.4912	0.6858	0.6883	
val losses       76:	0.2166	0.2683	 0.402	0.3875	0.2568	0.2621	0.3733	0.3647	0.3885	0.4534	 1.071	  1.08	 | 0.4603 mean
                     	0.5696	0.7092	 1.066	 1.043	0.6623	 0.675	 1.003	0.9813	 1.009	 1.113	 2.695	 2.711	 | 1.546 quantile
                      	 1.725	 1.932	 2.771	 2.838	 1.246	 1.221	 1.965	 1.804	 2.031	 2.112	 4.655	 4.686	 | 4.686 max

train losses     78:	0.2904	 0.296	0.3319	  0.33	0.3504	0.3543	0.3612	0.3568	0.4959	0.4979	0.6713	  0.67	
val losses       78:	0.2155	0.2707	0.4021	0.3879	0.2588	0.2639	0.3724	 0.364	0.3919	0.4555	 1.056	 1.067	 | 0.4588 mean
                     	0.5766	0.7179	 1.058	 1.044	0.6723	0.6848	 1.007	0.9778	 1.005	 1.111	 2.686	 2.678	 | 1.513 quantile
                      	 1.776	 1.961	 2.766	 2.877	  1.25	 1.249	  1.91	 1.809	 2.114	 2.118	 4.851	 5.008	 | 5.008 max

train losses     80:	0.2895	0.2952	0.3293	0.3268	0.3608	0.3673	0.3577	0.3529	0.4936	0.4984	0.6749	0.6728	
val losses       80:	0.2171	0.2731	0.4016	0.3875	0.2597	0.2682	0.3714	 0.361	0.3842	 0.449	  1.06	 1.069	 | 0.4585 mean
                     	0.5762	0.7089	 1.058	 1.039	0.6795	0.6847	   1.0	0.9772	0.9831	 1.103	 2.728	 2.674	 | 1.511 quantile
                      	 1.741	  2.12	 2.773	 2.844	 1.324	 1.269	 1.921	 1.839	 1.963	 2.102	 4.987	 5.129	 | 5.129 max

train losses     82:	0.2878	0.2941	0.3286	0.3263	0.3482	0.3546	0.3551	0.3517	 0.499	0.5023	0.6597	0.6586	
val losses       82:	0.2207	0.2757	0.4019	0.3877	 0.276	0.2906	0.3726	0.3628	0.3928	0.4633	 1.062	 1.072	 | 0.4648 mean
                     	0.5786	  0.72	  1.06	 1.042	0.7015	0.7214	0.9985	0.9768	 1.007	  1.12	 2.735	 2.703	 | 1.515 quantile
                      	  1.65	  1.94	 2.784	 2.806	 1.384	 1.308	 1.924	 1.872	 2.056	  2.06	 4.939	 5.019	 | 5.019 max

train losses     84:	0.2855	0.2906	0.3276	0.3247	0.3432	0.3483	0.3546	0.3498	0.4978	0.4989	0.6307	0.6285	
val losses       84:	0.2189	0.2705	0.4028	0.3878	0.2723	 0.281	0.3713	0.3626	0.4103	0.4791	 1.079	 1.084	 | 0.4683 mean
                     	0.5716	0.7048	 1.058	 1.044	 0.678	  0.71	 1.009	0.9759	 1.064	 1.154	 2.707	 2.673	 | 1.517 quantile
                      	 1.759	 1.895	 2.783	 2.808	 1.276	 1.144	 1.938	 1.815	 2.201	 2.136	 4.909	 4.997	 | 4.997 max

train losses     86:	0.2818	0.2873	0.3264	0.3236	0.3357	0.3404	0.3507	0.3463	0.4979	0.5012	 0.616	0.6152	
val losses       86:	0.2139	0.2629	 0.402	0.3874	0.2598	0.2669	0.3703	0.3615	0.4146	0.4874	 1.069	 1.076	 | 0.4643 mean
                     	0.5646	0.6879	 1.069	 1.038	 0.667	0.6884	0.9959	0.9691	  1.07	 1.168	 2.701	 2.631	 | 1.508 quantile
                      	 1.782	  1.95	  2.83	 2.804	 1.192	 1.296	 1.927	  1.77	 2.225	 2.063	  4.85	 4.926	 | 4.926 max

train losses     88:	0.2799	0.2854	0.3247	0.3214	0.3388	0.3428	0.3478	 0.344	0.5013	0.5015	 0.636	0.6337	
val losses       88:	0.2139	0.2596	0.4014	0.3869	0.2555	0.2628	0.3728	0.3639	0.4284	0.5098	 1.097	 1.103	 | 0.4712 mean
                     	 0.563	0.6887	 1.065	 1.044	0.6689	0.6818	 1.006	0.9754	 1.072	 1.184	 2.832	 2.736	 | 1.517 quantile
                      	 1.649	 1.949	 2.748	 2.782	 1.276	 1.185	 1.873	 1.811	 2.157	 2.209	 5.116	 5.152	 | 5.152 max

train losses     90:	0.2813	0.2866	0.3239	0.3199	0.3382	0.3394	0.3495	0.3451	0.5289	0.5249	0.6873	0.6887	
val losses       90:	0.2165	0.2672	0.4013	0.3866	0.2573	0.2683	0.3726	0.3615	 0.489	0.5599	 1.132	 1.135	 | 0.4872 mean
                     	 0.574	0.6934	 1.063	 1.042	0.6719	0.6905	  1.01	0.9849	 1.181	 1.274	 2.923	 2.865	 | 1.558 quantile
                      	 1.654	 1.994	 2.794	 2.786	 1.342	 1.324	 1.989	 1.875	 2.197	 2.409	 5.503	 5.507	 | 5.507 max

train losses     92:	0.2837	0.2871	0.3234	0.3198	0.3344	0.3382	0.3486	0.3447	0.5366	0.5254	0.7021	0.7046	
val losses       92:	0.2136	0.2606	0.4003	0.3855	0.2438	0.2462	0.3726	 0.361	0.5539	0.6077	 1.115	 1.118	 | 0.4898 mean
                     	0.5643	0.6943	 1.059	 1.037	0.6305	0.6425	 1.001	0.9837	 1.269	 1.346	 2.884	 2.824	 | 1.557 quantile
                      	 1.775	 1.916	 2.781	 2.827	 1.354	 1.244	 1.976	 1.749	 2.426	 2.466	 5.387	 5.222	 | 5.387 max

train losses     94:	0.2945	0.3066	0.3266	 0.324	0.3414	0.3437	0.3585	 0.357	0.5747	0.5849	0.6518	0.6515	
val losses       94:	0.2211	0.2492	0.4027	0.3884	0.2689	0.2714	0.3911	0.3805	0.6617	0.7289	 1.157	 1.157	 | 0.5231 mean
                     	 0.578	0.6671	 1.067	 1.049	0.6776	0.6925	 1.035	0.9996	 1.478	 1.564	 2.972	 2.928	 | 1.636 quantile
                      	  1.67	 1.945	 2.759	 2.861	 1.399	 1.287	 1.901	 1.988	 2.155	 2.609	 5.678	 5.664	 | 5.678 max

train losses     96:	0.3392	0.3459	0.3385	0.3325	0.3779	0.3789	0.3903	0.3867	0.7446	0.7317	0.7191	0.7158	
val losses       96:	0.2792	0.3118	0.4079	0.3953	0.2949	0.2714	0.3997	0.3934	0.8977	 0.942	 1.178	 1.178	 | 0.5791 mean
                     	0.7115	0.8287	 1.076	 1.045	0.7217	0.6985	 1.089	 1.061	 1.823	 1.889	 3.111	 2.997	 | 1.791 quantile
                      	 1.769	 2.054	 2.716	 2.768	 1.392	 1.416	 1.978	 1.824	 2.478	 3.055	 5.724	 5.608	 | 5.724 max

train losses     98:	0.3813	 0.399	0.3497	0.3501	0.4232	0.4341	0.4263	0.4234	0.7951	0.7954	0.7598	0.7582	
val losses       98:	0.3067	0.3078	0.4068	0.3938	0.2949	0.2932	0.4206	0.4018	0.9208	0.9273	  1.14	 1.139	 | 0.5794 mean
                     	0.7179	0.7603	 1.081	 1.055	0.7322	 0.748	 1.103	 1.069	   2.0	 2.173	 2.928	 2.775	 | 1.858 quantile
                      	 1.934	 2.055	 2.744	 2.795	 1.695	 1.566	 2.419	 1.981	   3.0	 3.333	 4.942	  5.08	 | 5.08 max

train losses    100:	0.3582	0.3704	0.3449	0.3429	0.4077	0.4067	0.4082	0.3985	0.6628	0.6451	0.7361	 0.725	
val losses      100:	0.2557	0.2958	0.4042	0.3938	0.2922	0.2966	0.4273	0.4043	0.4572	0.5003	 1.161	 1.167	 | 0.5046 mean
                     	0.6758	 0.757	  1.07	 1.052	 0.736	0.7455	 1.106	 1.049	 1.136	 1.273	 2.891	 2.763	 | 1.592 quantile
                      	 1.948	 2.002	 2.768	 2.814	  1.41	 1.506	 2.079	   1.9	 2.513	 2.415	 5.266	 5.228	 | 5.266 max

train losses    102:	0.3377	0.3467	0.3389	0.3357	0.3896	0.3964	0.3973	0.3862	0.5806	0.5898	0.8403	0.8322	
val losses      102:	0.2488	 0.303	 0.407	0.3926	 0.299	0.3168	0.4117	0.3936	0.4718	0.5142	 1.381	 1.342	 | 0.5401 mean
                     	0.6562	0.8362	 1.077	 1.052	 0.782	0.8355	 1.091	 1.054	 1.193	 1.279	 3.392	  3.26	 | 1.818 quantile
                      	 1.987	  2.32	 2.756	 2.797	 1.818	 1.433	 2.177	 2.136	 2.434	 2.446	  6.16	 6.147	 | 6.16 max

train losses    104:	0.3596	0.3692	0.3503	0.3525	0.4202	0.4342	0.4186	0.4097	0.6391	0.6506	 1.094	 1.088	
val losses      104:	0.2614	0.3506	0.4188	0.4039	0.2938	0.3453	0.4168	0.4005	0.4875	0.5059	 1.524	 1.486	 | 0.5745 mean
                     	0.6916	0.9001	 1.089	 1.064	0.7942	0.8414	 1.152	 1.155	 1.329	 1.307	 3.994	 3.967	 | 1.928 quantile
                      	 1.983	  3.17	 2.754	 2.733	 1.572	 1.763	 2.129	  2.31	 2.301	  2.87	 6.494	 6.457	 | 6.494 max

train losses    106:	0.3618	0.3739	0.3476	0.3498	0.4134	 0.423	0.4114	0.4048	0.6253	0.6409	 1.083	 1.065	
val losses      106:	 0.258	0.3334	0.4135	0.4038	0.2949	0.2942	0.4161	0.3992	 0.467	0.5316	 1.505	 1.472	 | 0.5658 mean
                     	0.6575	0.8744	 1.078	 1.064	0.7638	0.7518	 1.148	 1.157	 1.135	 1.305	 3.954	 3.953	 | 1.899 quantile
                      	 1.943	  2.62	 2.809	 2.684	 1.584	 1.497	 2.354	 2.135	 2.435	 2.356	 6.641	 6.571	 | 6.641 max

train losses    108:	0.3403	0.3574	0.3384	0.3352	0.3914	0.4045	0.3959	0.3889	0.5956	0.5896	0.9491	0.9404	
val losses      108:	0.2492	0.3066	0.4085	0.3954	0.2772	0.2813	0.3992	0.3831	0.4391	0.4744	 1.311	 1.294	 | 0.5182 mean
                     	0.6382	0.8103	 1.083	 1.062	 0.713	0.7131	 1.096	 1.099	  1.11	 1.265	 3.571	  3.43	 | 1.684 quantile
                      	  1.99	 2.451	 2.865	 2.784	 1.267	 1.349	 2.155	 2.107	 2.057	 2.026	 6.249	 6.168	 | 6.249 max

train losses    110:	0.3292	0.3431	0.3331	0.3277	0.3756	0.3827	0.3839	0.3763	0.5632	0.5526	0.8346	0.8357	
val losses      110:	 0.258	0.2929	0.4071	0.3928	0.2803	0.2875	0.3902	0.3797	0.4356	0.4485	 1.239	 1.226	 | 0.5032 mean
                     	0.6452	0.7548	 1.081	 1.061	0.7001	 0.735	 1.071	 1.058	 1.103	 1.118	 3.355	 3.257	 | 1.656 quantile
                      	 1.739	 2.239	  2.88	 2.892	 1.455	 1.494	 2.024	 2.087	 2.298	  2.14	 5.294	 5.255	 | 5.294 max

train losses    112:	0.3118	0.3217	0.3292	0.3235	 0.356	0.3647	0.3723	0.3669	0.5133	0.5204	0.7444	0.7459	
val losses      112:	0.2601	 0.311	0.4083	0.3945	0.2708	0.2834	0.3904	0.3823	0.4109	0.4747	   1.2	 1.198	 | 0.4987 mean
                     	0.6701	 0.834	 1.083	 1.065	0.6796	0.7269	  1.08	 1.058	 0.984	 1.159	 3.088	 3.066	 | 1.632 quantile
                      	 1.671	  2.08	 2.935	 2.829	 1.512	 1.301	 2.035	 2.045	 1.843	 2.372	 4.953	 4.952	 | 4.953 max

train losses    114:	0.2954	0.3069	0.3252	  0.32	0.3462	0.3515	0.3614	0.3579	0.4942	0.5004	0.6865	0.6878	
val losses      114:	0.2344	 0.281	 0.406	0.3923	0.2646	0.2747	0.3872	0.3788	0.4212	0.4671	 1.103	 1.105	 | 0.4763 mean
                     	0.6088	0.7417	 1.077	 1.051	0.6801	 0.695	 1.053	  1.04	 1.029	 1.165	 2.858	 2.831	 | 1.557 quantile
                      	 1.679	 2.054	 2.845	 2.845	 1.332	 1.319	 1.977	 1.991	 1.818	 2.479	 4.626	 4.525	 | 4.626 max

train losses    116:	0.2913	0.2978	0.3221	0.3172	0.3362	 0.341	0.3524	0.3485	 0.477	0.4856	0.6487	0.6461	
val losses      116:	0.2291	0.2697	0.4044	0.3903	0.2572	0.2621	0.3833	0.3734	0.3881	0.4323	 1.071	 1.072	 | 0.4611 mean
                     	0.5969	0.7312	 1.074	 1.052	0.6485	0.6616	 1.036	  1.01	0.9823	 1.084	 2.828	  2.76	 | 1.487 quantile
                      	 1.653	 1.953	  2.81	 2.863	 1.298	 1.267	 1.952	 2.026	 1.954	 2.267	 4.616	 4.522	 | 4.616 max

train losses    118:	0.2831	0.2919	0.3197	0.3149	0.3286	0.3315	0.3498	0.3449	 0.468	0.4723	0.6174	0.6155	
val losses      118:	0.2261	0.2722	0.4034	0.3892	0.2539	0.2544	 0.377	0.3653	0.3833	 0.426	 1.071	 1.073	 | 0.4579 mean
                     	 0.592	0.7376	 1.075	 1.055	0.6464	0.6458	 1.013	0.9942	0.9776	 1.065	 2.795	 2.702	 | 1.487 quantile
                      	 1.579	 1.841	  2.79	 2.873	 1.175	 1.233	 1.909	 1.971	 2.039	 2.261	 4.678	 4.581	 | 4.678 max

train losses    120:	0.2769	0.2883	0.3183	0.3122	 0.324	0.3272	0.3411	0.3373	0.4641	0.4664	0.5955	0.5966	
val losses      120:	0.2232	0.2691	0.4035	0.3888	0.2522	 0.248	0.3797	0.3684	0.3784	0.4245	 1.066	  1.07	 | 0.456 mean
                     	0.5924	0.7313	 1.075	 1.045	0.6416	0.6422	  1.01	0.9852	0.9535	 1.065	 2.718	 2.637	 | 1.514 quantile
                      	 1.591	 1.921	 2.783	 2.873	 1.265	  1.21	 1.858	 1.976	 1.836	  2.23	 4.654	  4.57	 | 4.654 max

train losses    122:	0.2746	 0.284	0.3169	 0.311	0.3199	0.3224	0.3389	0.3353	0.4607	0.4612	0.5794	0.5776	
val losses      122:	0.2248	 0.269	0.4029	0.3882	0.2566	0.2502	0.3775	0.3659	0.3744	0.4234	 1.058	 1.063	 | 0.4544 mean
                     	0.5915	0.7318	 1.068	 1.047	0.6541	0.6453	 1.004	0.9855	0.9589	 1.054	 2.734	 2.654	 | 1.491 quantile
                      	 1.591	 1.997	 2.782	 2.872	 1.386	 1.318	 1.852	 1.982	   1.8	 2.275	 4.703	 4.693	 | 4.703 max

train losses    124:	0.2701	0.2792	0.3152	  0.31	0.3171	0.3184	0.3345	0.3311	0.4564	0.4566	0.5634	0.5613	
val losses      124:	0.2195	0.2653	0.4028	0.3877	0.2449	0.2431	0.3727	0.3617	0.3727	0.4264	 1.046	  1.05	 | 0.4494 mean
                     	0.5745	0.7273	 1.068	 1.045	0.6257	0.6276	0.9932	0.9694	0.9486	 1.054	 2.693	 2.598	 | 1.477 quantile
                      	 1.663	 1.964	  2.79	 2.883	 1.245	   1.2	 1.869	 1.886	 1.842	 2.209	 4.667	 4.722	 | 4.722 max

train losses    126:	0.2684	0.2762	0.3145	0.3082	0.3141	0.3167	0.3323	0.3291	0.4527	0.4534	0.5529	0.5535	
val losses      126:	0.2212	0.2659	0.4026	0.3872	0.2457	0.2419	0.3744	 0.364	0.3748	 0.423	  1.05	 1.054	 | 0.4504 mean
                     	0.5756	0.7307	 1.073	 1.042	0.6246	0.6246	 0.994	0.9738	0.9579	 1.043	 2.698	 2.578	 | 1.485 quantile
                      	 1.598	 1.886	  2.77	 2.852	  1.28	 1.225	 1.872	 1.889	 1.854	 2.212	 4.825	 4.808	 | 4.825 max

train losses    128:	0.2674	0.2739	0.3129	0.3069	0.3109	0.3111	0.3296	0.3266	0.4484	0.4491	0.5438	0.5431	
val losses      128:	0.2172	0.2653	0.4027	0.3868	0.2423	0.2395	0.3748	 0.364	0.3731	0.4227	 1.052	 1.057	 | 0.4497 mean
                     	0.5727	 0.723	  1.07	 1.039	 0.625	 0.615	0.9951	0.9705	0.9449	 1.039	 2.681	  2.58	 | 1.481 quantile
                      	  1.66	  1.88	 2.769	 2.846	 1.115	 1.174	 1.892	 1.849	 1.824	 2.191	 4.903	 4.908	 | 4.908 max

train losses    130:	0.2638	0.2718	0.3112	0.3058	0.3088	0.3101	0.3282	0.3244	0.4478	0.4461	0.5384	0.5381	
val losses      130:	0.2164	0.2634	0.4023	0.3868	0.2412	0.2371	0.3706	0.3599	0.3695	0.4221	 1.055	 1.059	 | 0.4486 mean
                     	0.5664	0.7193	  1.07	 1.043	0.6198	0.6111	0.9883	0.9577	0.9406	  1.05	 2.679	 2.584	 | 1.481 quantile
                      	 1.662	 1.871	 2.776	 2.863	 1.215	 1.284	 1.863	 1.804	 1.795	  2.22	 4.927	 4.944	 | 4.944 max

train losses    132:	0.2616	0.2696	0.3112	0.3046	0.3047	0.3088	0.3244	0.3198	0.4443	0.4437	0.5289	0.5288	
val losses      132:	0.2135	  0.26	0.4027	0.3864	0.2394	0.2341	0.3702	0.3605	0.3706	0.4226	 1.058	 1.063	 | 0.4484 mean
                     	0.5646	0.7028	 1.069	 1.044	0.6112	0.6086	0.9912	0.9641	0.9392	 1.053	 2.694	 2.599	 | 1.489 quantile
                      	  1.63	 1.859	 2.773	 2.879	 1.128	 1.184	 1.836	 1.806	 1.827	 2.199	 4.909	 4.952	 | 4.952 max

train losses    134:	0.2602	 0.267	0.3105	0.3037	0.3049	0.3072	0.3243	0.3207	0.4416	0.4419	0.5254	0.5252	
val losses      134:	0.2147	0.2586	0.4021	0.3856	0.2383	0.2329	0.3688	0.3584	0.3722	0.4244	 1.048	 1.053	 | 0.4464 mean
                     	 0.567	0.7072	 1.068	  1.04	 0.604	0.6062	0.9758	0.9575	0.9487	 1.054	 2.658	  2.59	 | 1.485 quantile
                      	 1.603	 1.836	 2.805	 2.857	 1.124	 1.242	 1.844	 1.803	 1.804	 2.247	 4.803	 4.863	 | 4.863 max

train losses    136:	  0.26	0.2676	0.3089	0.3024	0.3022	0.3034	0.3207	0.3179	0.4375	0.4362	0.5199	0.5194	
val losses      136:	0.2123	0.2571	0.4013	0.3853	0.2356	0.2313	0.3683	0.3583	0.3674	0.4204	 1.054	 1.058	 | 0.4457 mean
                     	0.5612	0.7036	  1.07	 1.042	0.6007	0.6033	0.9776	0.9498	0.9379	 1.038	 2.671	 2.583	 | 1.48 quantile
                      	 1.643	 1.842	 2.808	 2.838	 1.138	 1.185	 1.854	 1.796	 1.793	 2.062	 4.946	 4.947	 | 4.947 max

train losses    138:	0.2574	0.2642	0.3082	0.3015	0.3004	 0.304	0.3201	0.3169	0.4383	0.4363	0.5149	0.5161	
val losses      138:	 0.214	0.2567	0.4016	0.3851	0.2351	 0.231	0.3684	0.3584	0.3678	0.4198	 1.051	 1.054	 | 0.4452 mean
                     	0.5668	0.7044	 1.069	 1.039	0.5999	0.5981	0.9757	0.9566	0.9407	 1.044	 2.655	 2.579	 | 1.485 quantile
                      	 1.595	 1.849	 2.796	 2.842	 1.164	 1.212	 1.863	 1.792	 1.768	 2.141	 4.988	 5.031	 | 5.031 max

train losses    140:	0.2571	0.2642	0.3069	0.3004	0.2984	0.3034	0.3186	 0.315	0.4372	0.4347	0.5115	0.5115	
val losses      140:	 0.209	 0.254	 0.401	0.3847	0.2335	0.2295	0.3672	0.3561	0.3647	0.4184	 1.051	 1.054	 | 0.4436 mean
                     	0.5536	0.6863	  1.07	 1.039	0.6004	0.5991	0.9783	0.9573	0.9338	 1.039	 2.651	 2.579	 | 1.474 quantile
                      	 1.648	 1.852	 2.811	  2.84	 1.146	 1.171	 1.813	 1.744	 1.859	 2.177	 4.983	 5.017	 | 5.017 max

train losses    142:	0.2572	0.2605	0.3072	0.2995	0.2985	0.3008	0.3169	0.3128	0.4331	0.4344	0.5063	0.5038	
val losses      142:	 0.211	0.2526	0.4003	 0.384	 0.234	 0.228	0.3685	0.3576	 0.364	0.4185	 1.046	 1.051	 | 0.443 mean
                     	0.5603	0.6925	 1.061	 1.038	0.6001	0.5985	0.9807	0.9583	0.9391	 1.041	 2.644	 2.578	 | 1.465 quantile
                      	 1.619	 1.845	 2.797	 2.837	 1.135	 1.184	 1.837	 1.761	 1.877	  2.15	 4.886	 4.935	 | 4.935 max

train losses    144:	0.2552	  0.26	 0.306	0.2989	0.2972	0.2999	 0.316	0.3124	0.4316	 0.432	0.5042	 0.503	
val losses      144:	0.2094	0.2496	0.4005	0.3842	0.2331	0.2259	0.3672	0.3569	 0.364	0.4186	 1.042	 1.048	 | 0.4416 mean
                     	0.5515	0.6792	 1.063	 1.032	0.5945	0.5891	0.9802	0.9534	0.9301	 1.041	 2.656	 2.565	 | 1.46 quantile
                      	 1.588	 1.752	 2.798	 2.859	 1.174	 1.162	 1.834	 1.753	 1.795	 2.141	  4.81	 4.884	 | 4.884 max

train losses    146:	0.2565	0.2597	0.3054	0.2971	0.2944	0.2989	0.3138	0.3104	0.4303	0.4307	0.5058	0.5028	
val losses      146:	0.2108	0.2537	0.4001	0.3841	0.2327	0.2277	0.3675	0.3567	0.3651	0.4188	 1.048	 1.053	 | 0.4432 mean
                     	0.5616	0.6946	 1.063	 1.033	0.5882	0.5872	0.9791	0.9559	0.9291	 1.056	  2.64	 2.562	 | 1.474 quantile
                      	 1.532	 1.764	 2.804	 2.867	 1.181	 1.219	   1.8	 1.736	 1.819	  2.11	 4.895	 4.928	 | 4.928 max

train losses    148:	 0.254	0.2582	 0.304	0.2972	 0.295	0.2973	0.3146	0.3113	0.4286	0.4277	0.5029	0.5027	
val losses      148:	 0.206	0.2495	   0.4	0.3836	0.2308	0.2265	0.3672	0.3572	0.3639	0.4173	  1.05	 1.055	 | 0.4422 mean
                     	0.5538	0.6789	 1.058	 1.034	0.5896	0.5878	0.9724	 0.956	0.9295	 1.039	 2.616	 2.569	 | 1.474 quantile
                      	 1.581	 1.805	 2.819	 2.846	 1.128	 1.173	  1.85	 1.753	 1.878	   2.1	 4.837	 4.901	 | 4.901 max

train losses    150:	 0.254	0.2562	0.3035	0.2957	0.2923	0.2952	0.3118	0.3092	0.4269	0.4259	0.4955	0.4943	
val losses      150:	0.2042	0.2474	0.3998	0.3832	0.2307	0.2251	0.3677	0.3577	0.3614	0.4154	 1.045	  1.05	 | 0.4407 mean
                     	 0.547	0.6753	  1.06	 1.034	0.5986	0.5836	0.9832	0.9555	0.9309	 1.039	 2.648	 2.567	 | 1.462 quantile
                      	 1.568	 1.797	 2.816	 2.844	 1.116	 1.196	 1.828	 1.732	  1.85	 2.098	 4.833	 4.857	 | 4.857 max

train losses    152:	0.2503	0.2565	0.3043	0.2965	0.2923	0.2941	0.3112	0.3081	0.4284	0.4261	0.4889	 0.489	
val losses      152:	0.2047	0.2461	0.3994	 0.383	0.2296	0.2242	0.3675	0.3576	0.3614	0.4166	 1.041	 1.046	 | 0.4397 mean
                     	0.5495	0.6636	 1.063	 1.037	0.5877	0.5818	0.9809	0.9501	0.9312	 1.037	 2.649	  2.56	 | 1.454 quantile
                      	 1.636	  1.76	 2.803	 2.842	 1.183	 1.202	  1.82	 1.732	 1.785	  2.14	 4.805	 4.824	 | 4.824 max

train losses    154:	 0.252	0.2553	0.3035	0.2957	0.2908	0.2946	0.3087	0.3059	 0.426	0.4251	0.4906	0.4895	
val losses      154:	0.2046	0.2465	0.3993	 0.383	0.2283	0.2239	0.3684	0.3588	0.3618	 0.416	 1.044	 1.049	 | 0.4404 mean
                     	0.5474	0.6761	 1.062	 1.034	0.5871	0.5797	0.9784	0.9536	0.9291	 1.044	  2.63	 2.549	 | 1.46 quantile
                      	 1.632	 1.753	 2.774	 2.842	  1.12	 1.172	 1.823	 1.753	 1.826	 2.173	 4.874	 4.915	 | 4.915 max

train losses    156:	0.2506	0.2544	0.3026	0.2946	0.2916	0.2931	0.3095	0.3053	0.4249	0.4219	0.4832	0.4823	
val losses      156:	0.2046	 0.246	0.3992	0.3828	0.2284	0.2228	0.3675	0.3576	 0.361	0.4144	 1.037	 1.041	 | 0.4385 mean
                     	0.5465	0.6733	 1.062	 1.034	 0.585	0.5799	0.9795	0.9545	0.9271	  1.04	 2.615	 2.544	 | 1.463 quantile
                      	 1.622	 1.789	 2.789	 2.847	 1.105	 1.172	 1.807	 1.732	 1.838	 2.136	 4.805	 4.827	 | 4.827 max

train losses    158:	0.2496	0.2542	0.3021	0.2949	0.2895	0.2909	0.3075	 0.305	0.4246	0.4246	 0.485	0.4826	
val losses      158:	0.2045	0.2449	0.3988	0.3824	0.2267	0.2222	0.3674	0.3571	0.3611	0.4152	  1.04	 1.044	 | 0.4386 mean
                     	0.5466	0.6687	 1.063	 1.031	0.5831	0.5755	0.9807	 0.949	0.9237	  1.04	 2.643	 2.574	 | 1.45 quantile
                      	 1.624	 1.737	 2.795	 2.833	 1.115	 1.149	 1.853	 1.771	 1.839	 2.154	 4.863	 4.903	 | 4.903 max

train losses    160:	0.2493	0.2537	0.3013	0.2937	0.2894	 0.293	0.3084	0.3048	0.4225	0.4218	0.4817	0.4803	
val losses      160:	0.2039	0.2458	0.3985	0.3822	0.2275	0.2218	0.3667	0.3561	0.3612	0.4162	 1.036	  1.04	 | 0.438 mean
                     	0.5448	0.6733	  1.06	 1.032	0.5816	0.5759	0.9785	0.9426	0.9238	 1.037	 2.616	 2.557	 | 1.451 quantile
                      	 1.599	 1.743	 2.805	 2.831	  1.09	 1.193	 1.836	 1.758	 1.872	 2.142	 4.847	 4.864	 | 4.864 max

train losses    162:	0.2501	0.2536	0.3027	0.2946	 0.289	0.2905	0.3075	0.3047	0.4244	0.4206	0.4814	0.4806	
val losses      162:	0.2023	0.2463	0.3981	0.3818	0.2275	0.2217	0.3666	0.3561	0.3618	 0.415	 1.041	 1.046	 | 0.4387 mean
                     	0.5407	  0.67	  1.06	 1.029	0.5834	0.5789	0.9723	0.9425	0.9248	 1.033	 2.626	 2.561	 | 1.454 quantile
                      	 1.613	 1.738	 2.794	 2.824	 1.135	 1.209	 1.811	 1.742	 1.863	 2.153	 4.918	 4.939	 | 4.939 max

train losses    164:	0.2499	0.2522	0.3009	0.2929	0.2896	0.2889	0.3057	0.3029	0.4193	0.4211	0.4796	0.4777	
val losses      164:	 0.202	0.2454	0.3981	0.3815	0.2255	0.2215	0.3666	 0.356	0.3611	0.4151	 1.037	 1.043	 | 0.4377 mean
                     	0.5385	0.6723	 1.059	  1.03	0.5801	0.5751	0.9732	0.9471	0.9254	  1.04	 2.622	 2.558	 | 1.451 quantile
                      	 1.606	 1.734	 2.803	  2.82	 1.129	 1.165	 1.825	 1.748	 1.844	 2.152	 4.872	 4.907	 | 4.907 max

train losses    166:	0.2501	0.2532	0.3012	0.2929	0.2873	0.2903	0.3074	0.3046	0.4207	0.4193	0.4773	0.4752	
val losses      166:	0.2012	0.2453	0.3979	0.3814	0.2259	 0.221	0.3653	0.3545	0.3604	0.4147	 1.037	 1.042	 | 0.4372 mean
                     	0.5367	0.6695	 1.057	 1.029	0.5775	0.5724	 0.972	0.9408	0.9325	  1.04	 2.613	  2.55	 | 1.45 quantile
                      	 1.601	 1.756	 2.817	 2.816	 1.119	 1.166	 1.819	 1.754	 1.833	 2.126	 4.914	 4.875	 | 4.914 max

train losses    168:	0.2484	0.2507	0.3013	0.2933	0.2877	0.2891	0.3063	0.3031	0.4227	0.4201	0.4769	0.4742	
val losses      168:	0.2021	0.2435	0.3978	0.3813	0.2268	0.2203	0.3665	0.3562	0.3603	 0.414	  1.04	 1.045	 | 0.4378 mean
                     	0.5379	0.6647	 1.055	 1.027	0.5779	0.5745	0.9752	0.9454	0.9224	 1.037	 2.619	 2.546	 | 1.454 quantile
                      	 1.585	 1.775	 2.807	 2.813	 1.105	 1.149	 1.828	 1.753	 1.812	 2.132	 4.944	  4.96	 | 4.96 max

train losses    170:	 0.248	0.2518	0.3011	0.2928	0.2851	 0.289	0.3063	0.3033	0.4195	 0.419	0.4726	0.4713	
val losses      170:	0.2015	0.2439	0.3981	0.3814	0.2253	0.2209	0.3672	0.3572	0.3609	0.4142	 1.036	  1.04	 | 0.4372 mean
                     	0.5376	0.6702	 1.058	 1.026	0.5794	0.5727	0.9766	0.9497	0.9177	 1.035	 2.613	 2.546	 | 1.448 quantile
                      	 1.585	 1.759	 2.793	  2.82	 1.098	  1.16	 1.853	 1.774	  1.81	 2.116	 4.857	 4.888	 | 4.888 max

train losses    172:	0.2483	0.2524	0.3006	0.2927	0.2839	0.2882	0.3056	0.3034	0.4174	0.4161	0.4732	0.4729	
val losses      172:	0.2015	 0.244	0.3981	0.3813	0.2242	0.2203	0.3668	0.3564	0.3611	0.4141	 1.035	 1.039	 | 0.4368 mean
                     	0.5382	0.6657	 1.059	 1.027	0.5733	0.5741	0.9739	0.9451	0.9255	  1.04	 2.615	 2.543	 | 1.451 quantile
                      	 1.587	 1.718	 2.783	 2.837	 1.077	 1.154	  1.83	 1.754	 1.844	 2.098	 4.865	 4.872	 | 4.872 max

train losses    174:	 0.248	0.2526	0.3003	0.2921	0.2849	0.2879	0.3034	0.3008	0.4177	 0.416	0.4727	0.4715	
val losses      174:	0.2022	0.2423	0.3975	0.3811	0.2242	0.2202	0.3666	0.3561	0.3619	0.4166	 1.036	  1.04	 | 0.4371 mean
                     	0.5403	0.6634	 1.057	 1.025	0.5772	0.5694	0.9741	0.9424	0.9261	 1.044	 2.612	 2.547	 | 1.448 quantile
                      	 1.616	 1.727	 2.794	 2.834	 1.087	 1.139	 1.834	 1.746	 1.806	 2.151	  4.82	 4.827	 | 4.827 max

train losses    176:	 0.247	0.2506	0.2996	0.2917	0.2841	0.2882	0.3037	0.3015	0.4193	0.4177	0.4719	0.4702	
val losses      176:	0.2018	0.2422	0.3975	 0.381	0.2249	0.2198	0.3666	0.3566	0.3625	0.4169	 1.035	 1.039	 | 0.4369 mean
                     	0.5418	0.6659	 1.057	 1.023	0.5748	0.5677	0.9727	0.9498	0.9248	 1.046	 2.592	 2.543	 | 1.451 quantile
                      	 1.612	 1.731	 2.791	 2.816	 1.117	 1.167	 1.828	  1.75	  1.83	 2.123	  4.87	 4.798	 | 4.87 max

train losses    178:	0.2474	  0.25	0.3004	0.2912	0.2848	0.2874	0.3039	0.3019	0.4167	0.4152	0.4702	 0.468	
val losses      178:	0.2019	0.2442	0.3973	0.3808	0.2239	0.2194	0.3666	0.3559	0.3619	0.4163	 1.038	 1.042	 | 0.4373 mean
                     	0.5373	0.6757	 1.056	 1.024	0.5753	0.5712	0.9726	0.9478	0.9266	 1.049	 2.594	 2.545	 | 1.444 quantile
                      	 1.572	 1.703	 2.786	 2.822	 1.099	 1.142	 1.836	  1.76	 1.821	 2.142	 4.847	 4.865	 | 4.865 max

train losses    180:	0.2445	0.2491	0.2998	0.2918	0.2849	 0.286	0.3026	0.3009	0.4186	0.4161	0.4699	0.4677	
val losses      180:	0.1997	 0.243	0.3972	0.3808	0.2239	 0.219	0.3673	0.3568	 0.361	0.4148	 1.036	 1.039	 | 0.4365 mean
                     	0.5369	0.6701	 1.053	 1.023	0.5705	 0.573	  0.98	0.9503	0.9208	 1.035	 2.607	 2.534	 | 1.45 quantile
                      	 1.594	  1.73	 2.777	 2.801	  1.08	 1.153	 1.849	  1.77	 1.822	 2.126	  4.82	 4.797	 | 4.82 max

train losses    182:	0.2464	0.2503	0.2992	0.2912	0.2833	0.2868	0.3009	0.2981	0.4163	0.4157	0.4677	0.4655	
val losses      182:	0.2004	0.2425	0.3969	0.3803	0.2234	0.2184	0.3665	0.3555	0.3611	0.4149	 1.036	  1.04	 | 0.4363 mean
                     	0.5334	0.6653	 1.054	 1.023	0.5743	0.5728	0.9776	 0.949	0.9245	 1.037	 2.612	 2.537	 | 1.444 quantile
                      	 1.655	 1.746	 2.784	 2.815	 1.086	 1.143	 1.842	 1.759	 1.828	 2.123	 4.813	 4.837	 | 4.837 max

train losses    184:	0.2456	0.2491	0.2991	0.2906	0.2833	0.2869	 0.302	0.2996	0.4153	0.4141	0.4649	0.4654	
val losses      184:	0.1999	0.2419	0.3969	0.3802	0.2235	0.2181	0.3665	0.3558	0.3618	0.4157	 1.031	 1.035	 | 0.4355 mean
                     	0.5353	0.6592	 1.053	 1.024	0.5769	0.5708	0.9763	0.9481	0.9285	 1.037	 2.591	  2.52	 | 1.441 quantile
                      	  1.66	 1.706	 2.772	 2.806	 1.085	 1.142	 1.849	 1.766	 1.842	 2.133	  4.85	 4.804	 | 4.85 max

train losses    186:	0.2454	0.2483	0.2978	0.2892	0.2817	0.2857	 0.301	0.2985	0.4162	 0.413	0.4659	0.4634	
val losses      186:	0.2002	 0.243	0.3967	  0.38	0.2234	0.2182	0.3663	0.3555	0.3619	0.4158	 1.034	 1.037	 | 0.436 mean
                     	0.5396	0.6676	 1.053	 1.023	0.5739	 0.572	0.9759	0.9489	0.9274	 1.043	 2.591	 2.523	 | 1.439 quantile
                      	 1.632	 1.731	 2.797	 2.807	 1.082	 1.162	 1.835	 1.747	  1.82	 2.116	 4.898	 4.931	 | 4.931 max

train losses    188:	0.2444	0.2473	0.2983	0.2903	0.2815	0.2859	0.3009	0.2973	0.4158	0.4134	 0.465	0.4641	
val losses      188:	0.1993	0.2408	0.3965	0.3798	 0.222	0.2177	0.3668	0.3564	0.3613	 0.415	 1.034	 1.038	 | 0.4356 mean
                     	0.5379	0.6631	 1.054	 1.022	0.5742	0.5723	0.9801	0.9477	0.9308	  1.04	 2.594	 2.517	 | 1.437 quantile
                      	 1.616	 1.719	 2.796	 2.809	  1.07	 1.179	 1.814	 1.725	 1.817	 2.085	 4.879	 4.901	 | 4.901 max

train losses    190:	0.2466	0.2497	0.2976	0.2895	0.2802	0.2831	 0.301	0.2984	0.4125	0.4118	0.4626	0.4618	
val losses      190:	0.1993	0.2414	0.3963	0.3795	0.2232	0.2179	0.3678	0.3571	0.3612	0.4151	 1.033	 1.037	 | 0.4357 mean
                     	0.5369	0.6587	  1.05	 1.023	0.5748	 0.568	0.9784	0.9467	0.9199	 1.037	 2.595	  2.52	 | 1.437 quantile
                      	 1.588	 1.706	 2.797	 2.807	 1.063	 1.208	 1.833	 1.738	 1.832	 2.104	 4.803	 4.811	 | 4.811 max

train losses    192:	0.2451	0.2495	 0.298	0.2895	0.2816	 0.285	0.2997	 0.297	0.4143	0.4115	0.4643	0.4627	
val losses      192:	0.1997	0.2409	0.3963	0.3795	0.2215	0.2169	0.3668	0.3555	0.3616	0.4141	 1.031	 1.035	 | 0.4349 mean
                     	0.5354	0.6617	  1.05	 1.022	0.5717	0.5658	0.9769	0.9458	0.9186	 1.036	 2.579	 2.504	 | 1.434 quantile
                      	 1.592	 1.712	 2.802	 2.797	 1.115	 1.149	 1.824	 1.736	 1.805	 2.093	 4.823	 4.863	 | 4.863 max

train losses    194:	0.2446	0.2479	0.2971	0.2886	0.2818	0.2842	0.2973	0.2947	0.4131	0.4123	0.4611	0.4598	
val losses      194:	 0.199	0.2419	0.3963	0.3795	0.2218	0.2171	0.3668	0.3561	0.3612	0.4141	 1.035	  1.04	 | 0.4357 mean
                     	0.5312	0.6639	 1.053	 1.021	0.5692	0.5693	0.9784	0.9451	 0.928	 1.031	 2.601	  2.52	 | 1.432 quantile
                      	 1.619	 1.779	  2.79	   2.8	 1.075	 1.163	 1.828	 1.732	 1.821	 2.089	 4.923	 4.908	 | 4.923 max

train losses    196:	0.2445	0.2481	0.2965	0.2887	0.2807	0.2843	0.2978	0.2962	0.4123	0.4116	0.4593	0.4604	
val losses      196:	0.1995	 0.242	0.3956	0.3791	0.2215	0.2168	0.3666	 0.356	0.3603	0.4133	 1.032	 1.037	 | 0.4349 mean
                     	0.5351	0.6673	 1.053	 1.022	0.5702	0.5701	0.9751	0.9443	0.9244	 1.037	 2.581	 2.507	 | 1.437 quantile
                      	 1.619	 1.739	 2.766	 2.787	 1.088	 1.182	 1.834	 1.755	 1.795	 2.065	 4.835	 4.848	 | 4.848 max

train losses    198:	0.2434	0.2464	0.2963	0.2878	0.2784	0.2843	0.2972	 0.295	0.4112	0.4088	0.4599	0.4599	
val losses      198:	0.1995	0.2402	0.3956	 0.379	0.2209	0.2164	0.3667	0.3565	0.3597	0.4141	 1.025	  1.03	 | 0.4336 mean
                     	0.5352	0.6565	 1.051	 1.022	0.5683	0.5702	0.9719	0.9407	0.9233	 1.032	 2.563	 2.492	 | 1.424 quantile
                      	   1.6	  1.73	 2.788	 2.795	 1.067	 1.158	 1.859	 1.785	 1.795	 2.059	 4.798	 4.843	 | 4.843 max

train losses    200:	0.2449	 0.247	0.2956	0.2875	0.2801	0.2832	0.2987	 0.297	0.4109	0.4094	0.4588	0.4586	
val losses      200:	   0.2	0.2376	0.3956	0.3788	0.2209	0.2157	0.3667	0.3563	0.3597	0.4126	 1.028	 1.032	 | 0.4337 mean
                     	0.5345	0.6541	 1.052	 1.022	0.5654	0.5652	0.9806	0.9494	0.9214	 1.042	 2.587	 2.516	 | 1.424 quantile
                      	  1.62	 1.716	 2.775	 2.788	 1.038	 1.133	 1.833	 1.776	 1.858	 2.067	 4.836	 4.842	 | 4.842 max

train losses    202:	0.2438	0.2459	0.2953	0.2879	0.2787	0.2825	0.2958	0.2938	0.4104	0.4076	0.4571	0.4549	
val losses      202:	0.1995	0.2373	0.3955	0.3788	0.2203	0.2159	0.3668	0.3569	0.3601	0.4128	 1.029	 1.033	 | 0.4338 mean
                     	 0.533	0.6527	 1.052	 1.021	0.5632	0.5651	0.9822	0.9526	0.9165	  1.03	  2.58	 2.518	 | 1.428 quantile
                      	 1.607	 1.723	 2.784	 2.789	 1.067	 1.108	 1.851	 1.779	  1.84	 2.028	 4.815	 4.826	 | 4.826 max

train losses    204:	0.2427	0.2455	0.2945	 0.286	0.2782	0.2822	0.2975	0.2953	0.4092	0.4095	0.4598	0.4581	
val losses      204:	0.1993	0.2393	0.3954	0.3785	0.2201	0.2163	0.3655	0.3548	0.3612	0.4138	 1.027	 1.031	 | 0.4335 mean
                     	0.5344	0.6529	 1.052	 1.023	0.5677	0.5694	0.9765	0.9483	0.9224	 1.032	  2.57	 2.506	 | 1.429 quantile
                      	 1.604	 1.697	 2.771	 2.793	 1.103	 1.159	  1.85	 1.766	 1.824	 2.088	 4.826	 4.828	 | 4.828 max

train losses    206:	0.2432	0.2458	0.2956	0.2872	0.2795	0.2819	0.2971	0.2939	 0.409	0.4078	0.4561	0.4532	
val losses      206:	0.1985	0.2382	 0.395	0.3781	0.2194	0.2156	0.3656	 0.355	0.3611	0.4138	 1.031	 1.035	 | 0.4339 mean
                     	0.5322	0.6537	 1.051	  1.02	0.5684	0.5654	0.9755	 0.945	0.9272	 1.038	 2.573	 2.511	 | 1.431 quantile
                      	 1.562	 1.731	 2.777	 2.795	 1.074	 1.144	 1.843	 1.756	 1.809	  2.06	 4.851	 4.845	 | 4.851 max

train losses    208:	0.2435	0.2455	0.2946	 0.286	 0.277	0.2808	0.2961	0.2952	  0.41	0.4062	0.4558	 0.455	
val losses      208:	 0.199	0.2382	0.3947	 0.378	0.2203	0.2152	0.3658	0.3551	0.3618	0.4141	 1.031	 1.035	 | 0.434 mean
                     	0.5311	0.6524	 1.052	 1.021	0.5689	0.5647	0.9737	0.9494	 0.928	 1.038	  2.57	 2.516	 | 1.426 quantile
                      	 1.629	 1.703	 2.775	 2.784	 1.096	 1.151	 1.838	 1.764	 1.819	 2.055	 4.869	 4.879	 | 4.879 max

train losses    210:	0.2415	0.2435	0.2948	0.2864	0.2787	0.2808	0.2955	0.2929	0.4096	0.4072	0.4531	0.4522	
val losses      210:	0.1987	0.2396	0.3948	0.3777	0.2202	0.2147	0.3656	0.3555	 0.361	0.4127	 1.027	 1.031	 | 0.4332 mean
                     	0.5347	0.6564	 1.052	 1.022	0.5642	0.5607	0.9753	0.9451	0.9267	 1.031	 2.561	 2.503	 | 1.429 quantile
                      	 1.611	 1.694	 2.774	 2.779	 1.078	 1.165	 1.871	 1.796	 1.817	 2.058	 4.818	 4.815	 | 4.818 max

train losses    212:	0.2428	0.2437	0.2942	0.2852	 0.277	0.2791	0.2954	0.2923	0.4067	0.4057	0.4543	0.4541	
val losses      212:	 0.197	0.2381	0.3944	0.3775	  0.22	0.2154	0.3656	0.3557	0.3598	0.4128	 1.029	 1.033	 | 0.4331 mean
                     	0.5321	0.6521	 1.048	 1.019	0.5635	0.5619	0.9725	0.9456	0.9202	 1.034	  2.57	 2.496	 | 1.426 quantile
                      	 1.621	 1.759	 2.777	 2.767	 1.078	  1.14	  1.87	 1.786	 1.819	 2.049	  4.85	 4.887	 | 4.887 max

train losses    214:	0.2413	0.2435	0.2941	0.2852	0.2763	0.2799	0.2938	0.2911	0.4066	0.4061	0.4524	0.4511	
val losses      214:	0.1983	0.2376	 0.394	0.3773	0.2203	0.2155	0.3653	0.3543	0.3597	0.4131	 1.025	  1.03	 | 0.4326 mean
                     	0.5362	0.6585	  1.05	 1.017	0.5682	0.5676	0.9756	0.9478	0.9116	  1.03	 2.575	  2.51	 | 1.421 quantile
                      	 1.604	  1.71	 2.786	 2.786	 1.077	 1.108	 1.877	   1.8	 1.861	 2.018	 4.819	 4.859	 | 4.859 max

train losses    216:	0.2424	0.2435	 0.294	0.2853	0.2768	0.2803	0.2941	0.2911	0.4047	0.4066	0.4503	0.4481	
val losses      216:	0.1993	0.2371	0.3945	0.3776	0.2209	 0.215	0.3657	 0.355	0.3596	0.4129	 1.024	 1.029	 | 0.4326 mean
                     	0.5393	0.6519	  1.05	 1.017	0.5712	0.5604	0.9731	0.9469	0.9183	 1.035	 2.563	 2.498	 | 1.423 quantile
                      	  1.61	 1.709	 2.786	 2.798	 1.063	 1.126	 1.862	 1.778	 1.846	 2.037	 4.805	 4.791	 | 4.805 max

train losses    218:	0.2406	0.2454	0.2932	0.2852	 0.276	0.2791	0.2932	0.2921	0.4064	0.4055	 0.451	0.4514	
val losses      218:	0.1972	0.2378	0.3941	0.3773	  0.22	 0.215	0.3662	0.3561	0.3598	0.4147	 1.025	 1.029	 | 0.4327 mean
                     	0.5324	0.6542	  1.05	 1.018	0.5678	0.5677	0.9744	0.9496	0.9286	 1.039	 2.549	 2.474	 | 1.425 quantile
                      	 1.618	 1.734	 2.785	 2.796	 1.064	  1.15	 1.863	 1.781	 1.787	 2.041	 4.814	 4.817	 | 4.817 max

train losses    220:	0.2399	0.2432	0.2934	0.2844	0.2753	0.2788	0.2936	 0.291	0.4066	0.4044	0.4488	0.4474	
val losses      220:	0.1958	0.2356	0.3937	0.3769	0.2194	0.2136	0.3662	0.3562	  0.36	0.4125	 1.028	 1.032	 | 0.4325 mean
                     	0.5256	0.6546	 1.045	 1.016	 0.572	0.5627	0.9768	0.9477	0.9267	 1.038	 2.552	 2.491	 | 1.427 quantile
                      	 1.606	 1.717	 2.785	 2.792	 1.059	  1.12	 1.858	 1.793	 1.868	 2.062	 4.813	 4.868	 | 4.868 max

train losses    222:	0.2414	0.2433	0.2928	0.2838	0.2758	 0.279	0.2933	 0.291	0.4075	0.4032	0.4488	0.4468	
val losses      222:	0.1948	0.2375	0.3936	0.3769	0.2184	0.2126	0.3658	0.3563	0.3604	0.4127	 1.024	 1.028	 | 0.4318 mean
                     	 0.528	0.6485	 1.047	 1.016	0.5674	0.5551	0.9824	0.9526	0.9237	 1.036	 2.541	 2.486	 | 1.426 quantile
                      	 1.662	 1.719	 2.791	 2.823	 1.043	 1.126	 1.845	 1.774	 1.835	 2.047	 4.887	 4.874	 | 4.887 max

train losses    224:	0.2411	0.2437	0.2925	0.2842	0.2748	0.2798	0.2918	0.2889	0.4051	0.4037	0.4465	0.4441	
val losses      224:	0.1976	0.2385	0.3933	0.3768	0.2175	0.2127	0.3646	0.3539	0.3608	0.4151	 1.023	 1.027	 | 0.4317 mean
                     	0.5323	0.6649	 1.046	 1.018	  0.57	0.5587	0.9771	0.9466	0.9299	 1.041	 2.541	 2.489	 | 1.42 quantile
                      	 1.608	 1.697	 2.792	 2.787	 1.063	 1.103	  1.82	 1.747	 1.796	 2.042	 4.839	 4.817	 | 4.839 max

train losses    226:	0.2396	0.2426	 0.292	0.2829	0.2747	0.2778	0.2909	0.2886	0.4052	0.4055	0.4461	0.4428	
val losses      226:	0.1961	0.2375	0.3933	0.3766	0.2164	0.2128	 0.365	0.3552	0.3611	0.4129	 1.028	 1.033	 | 0.4323 mean
                     	0.5314	0.6586	 1.047	 1.015	0.5602	0.5571	0.9753	0.9484	0.9304	  1.04	 2.559	 2.496	 | 1.42 quantile
                      	 1.591	 1.705	 2.777	 2.799	 1.087	 1.125	  1.84	 1.765	 1.823	 2.069	  4.88	 4.859	 | 4.88 max

train losses    228:	0.2419	 0.243	0.2913	0.2832	0.2756	0.2765	0.2919	0.2886	0.4028	0.4036	0.4452	0.4459	
val losses      228:	0.1963	0.2364	0.3932	0.3766	0.2173	0.2122	0.3651	0.3554	 0.361	0.4144	 1.019	 1.023	 | 0.4308 mean
                     	0.5316	 0.654	 1.046	 1.018	0.5563	0.5576	0.9788	0.9462	 0.934	 1.041	 2.547	 2.481	 | 1.418 quantile
                      	 1.652	 1.704	 2.773	 2.794	 1.087	 1.114	 1.841	 1.778	 1.835	 2.031	 4.781	 4.762	 | 4.781 max

train losses    230:	0.2407	0.2422	0.2914	0.2828	0.2737	0.2779	0.2914	0.2896	0.4035	0.4022	0.4475	0.4461	
val losses      230:	0.1964	0.2354	0.3928	0.3762	0.2165	0.2118	0.3651	0.3544	0.3599	 0.412	 1.027	 1.031	 | 0.4315 mean
                     	0.5297	0.6513	 1.045	 1.014	0.5563	0.5521	0.9738	 0.945	 0.922	  1.04	 2.573	 2.503	 | 1.417 quantile
                      	 1.576	 1.689	 2.794	 2.792	 1.066	 1.105	 1.857	 1.784	 1.842	 2.059	 4.855	 4.852	 | 4.855 max

train losses    232:	0.2401	0.2434	0.2912	0.2826	0.2745	 0.276	0.2897	0.2877	0.3992	0.4026	0.4419	 0.442	
val losses      232:	0.1971	0.2347	0.3925	0.3759	0.2181	0.2125	 0.366	0.3558	0.3599	0.4135	 1.019	 1.024	 | 0.4308 mean
                     	0.5315	0.6544	 1.047	 1.011	0.5603	0.5578	0.9794	0.9476	0.9256	  1.04	 2.558	 2.496	 | 1.417 quantile
                      	 1.557	 1.691	 2.779	 2.779	 1.015	 1.101	 1.853	 1.784	 1.863	 2.054	 4.855	 4.851	 | 4.855 max

train losses    234:	0.2401	 0.242	0.2906	0.2815	0.2742	0.2763	0.2899	0.2884	0.4003	0.3996	0.4438	0.4441	
val losses      234:	0.1957	0.2327	 0.392	0.3754	0.2176	0.2118	0.3653	 0.355	0.3586	0.4118	 1.022	 1.027	 | 0.4304 mean
                     	0.5293	 0.643	 1.048	 1.009	0.5646	0.5541	0.9756	0.9463	0.9268	 1.036	  2.57	 2.499	 | 1.416 quantile
                      	 1.599	 1.678	 2.791	 2.783	 1.018	 1.063	 1.858	 1.772	 1.835	 2.009	 4.883	 4.861	 | 4.883 max

train losses    236:	0.2386	0.2408	0.2904	0.2819	0.2741	0.2768	0.2878	0.2857	0.4014	0.3985	0.4439	0.4437	
val losses      236:	0.1952	0.2343	0.3927	0.3757	0.2172	0.2119	0.3646	0.3539	  0.36	0.4131	 1.019	 1.023	 | 0.43 mean
                     	0.5225	0.6453	 1.048	 1.012	0.5643	0.5568	0.9728	 0.948	0.9251	 1.042	 2.549	 2.483	 | 1.417 quantile
                      	 1.622	 1.651	 2.795	 2.809	 1.052	 1.103	 1.823	 1.748	 1.831	 2.046	 4.837	 4.794	 | 4.837 max

train losses    238:	0.2398	0.2409	0.2912	0.2824	0.2728	0.2769	0.2893	0.2867	0.4006	 0.399	0.4405	0.4397	
val losses      238:	0.1943	 0.234	0.3924	0.3757	0.2164	0.2117	 0.365	 0.355	0.3593	0.4137	 1.016	  1.02	 | 0.4295 mean
                     	0.5217	0.6449	 1.046	 1.014	0.5585	 0.556	 0.974	0.9386	0.9157	 1.034	 2.549	 2.467	 | 1.412 quantile
                      	 1.683	 1.646	 2.796	 2.813	  1.01	 1.106	  1.88	 1.782	 1.803	 2.016	 4.759	  4.79	 | 4.79 max

train losses    240:	0.2383	0.2397	  0.29	0.2818	0.2721	0.2754	0.2886	0.2873	0.4005	 0.398	0.4429	0.4406	
val losses      240:	0.1929	0.2319	0.3921	0.3753	0.2149	0.2103	0.3654	0.3553	0.3584	0.4113	 1.017	 1.022	 | 0.429 mean
                     	 0.523	0.6396	 1.045	  1.01	0.5579	0.5508	0.9744	0.9423	0.9154	 1.036	 2.551	 2.482	 | 1.415 quantile
                      	 1.632	 1.644	 2.783	 2.778	0.9887	 1.126	 1.867	 1.784	 1.848	 2.065	 4.792	 4.759	 | 4.792 max

train losses    242:	0.2383	0.2411	0.2894	0.2804	0.2734	0.2765	0.2875	0.2855	0.4009	0.4009	0.4394	0.4388	
val losses      242:	 0.194	0.2346	0.3919	0.3753	0.2145	0.2108	0.3646	0.3537	0.3588	0.4122	 1.015	  1.02	 | 0.4288 mean
                     	0.5223	0.6493	 1.042	  1.01	0.5614	 0.554	0.9761	0.9378	 0.925	 1.049	 2.549	 2.485	 | 1.413 quantile
                      	 1.571	 1.662	 2.788	 2.784	 1.007	 1.094	 1.857	  1.78	 1.853	 2.022	 4.798	 4.819	 | 4.819 max

train losses    244:	0.2382	0.2407	0.2898	0.2811	0.2722	0.2754	0.2867	0.2861	0.4017	0.4012	0.4406	0.4385	
val losses      244:	0.1937	0.2335	0.3923	0.3755	0.2156	0.2112	0.3658	0.3559	 0.359	0.4129	 1.014	 1.019	 | 0.4291 mean
                     	0.5232	0.6487	 1.045	 1.011	 0.558	0.5502	 0.985	0.9444	0.9258	 1.035	 2.554	 2.484	 | 1.414 quantile
                      	 1.601	 1.647	  2.78	 2.791	 1.036	 1.121	 1.879	 1.797	 1.848	 1.992	 4.882	 4.918	 | 4.918 max

train losses    246:	0.2389	0.2411	0.2896	0.2805	0.2714	0.2749	0.2875	0.2855	0.3982	 0.398	0.4396	0.4355	
val losses      246:	0.1944	0.2358	0.3919	0.3751	0.2155	0.2105	0.3647	0.3546	 0.361	0.4137	 1.018	 1.024	 | 0.4299 mean
                     	0.5267	0.6522	 1.043	 1.012	0.5569	0.5556	0.9743	0.9464	0.9348	 1.039	 2.557	 2.488	 | 1.418 quantile
                      	 1.566	 1.662	 2.784	 2.789	 1.024	 1.093	 1.923	  1.82	 1.831	 2.059	 4.864	 4.858	 | 4.864 max

train losses    248:	0.2372	0.2394	0.2895	0.2808	 0.271	0.2751	 0.286	0.2852	0.3991	0.3987	0.4368	0.4344	
val losses      248:	0.1946	0.2352	0.3913	0.3746	 0.214	 0.211	0.3637	0.3526	0.3599	0.4132	 1.021	 1.026	 | 0.4298 mean
                     	0.5278	0.6484	 1.042	 1.007	0.5538	0.5539	0.9714	0.9422	0.9245	  1.04	 2.546	 2.488	 | 1.412 quantile
                      	 1.601	   1.7	 2.787	 2.787	 1.006	 1.114	 1.853	 1.774	 1.865	 2.025	 4.935	  4.89	 | 4.935 max

train losses    250:	0.2392	0.2392	0.2887	0.2802	0.2714	0.2714	0.2857	 0.285	0.3982	0.3968	0.4355	0.4347	
val losses      250:	0.1951	0.2324	0.3912	0.3744	0.2143	0.2101	0.3646	0.3543	0.3579	0.4113	  1.02	 1.024	 | 0.4291 mean
                     	0.5316	0.6431	 1.042	 1.009	0.5597	0.5509	0.9767	0.9407	0.9238	 1.031	 2.551	 2.477	 | 1.414 quantile
                      	 1.594	 1.667	 2.776	  2.78	 1.027	 1.117	  1.89	 1.826	 1.799	 2.005	 4.919	 4.882	 | 4.919 max

train losses    252:	0.2378	0.2393	0.2887	0.2803	0.2716	0.2736	0.2864	 0.285	0.3981	0.3961	0.4356	0.4349	
val losses      252:	0.1949	0.2315	0.3915	0.3744	0.2136	0.2096	0.3648	0.3543	0.3583	0.4115	 1.019	 1.024	 | 0.4289 mean
                     	0.5263	0.6422	  1.04	 1.012	0.5548	0.5494	0.9801	0.9417	 0.924	  1.03	  2.54	 2.484	 | 1.411 quantile
                      	 1.634	 1.653	 2.781	   2.8	 1.024	 1.105	 1.883	 1.818	 1.827	 1.982	 4.892	 4.865	 | 4.892 max

train losses    254:	0.2372	0.2378	0.2883	0.2802	0.2703	0.2729	0.2857	0.2845	0.3974	0.3957	0.4333	0.4322	
val losses      254:	0.1942	0.2321	0.3914	0.3744	0.2136	0.2093	0.3645	0.3539	0.3583	0.4116	 1.018	 1.022	 | 0.4286 mean
                     	 0.525	0.6419	 1.042	 1.012	0.5557	0.5516	0.9754	0.9422	0.9189	 1.034	  2.53	 2.469	 | 1.411 quantile
                      	 1.602	  1.65	 2.786	 2.804	 1.029	  1.07	 1.889	 1.813	 1.823	 1.988	 4.874	 4.871	 | 4.874 max

train losses    256:	0.2385	0.2382	0.2879	0.2795	 0.272	0.2721	0.2844	0.2842	0.3975	0.3976	0.4367	0.4347	
val losses      256:	0.1944	0.2332	0.3912	0.3743	 0.213	 0.209	0.3645	0.3539	 0.359	0.4122	 1.017	 1.022	 | 0.4286 mean
                     	0.5279	0.6424	 1.041	 1.006	0.5541	0.5501	0.9764	0.9466	0.9226	 1.037	 2.537	 2.474	 | 1.412 quantile
                      	 1.587	 1.691	 2.791	 2.785	 1.033	 1.066	 1.879	 1.803	 1.825	 1.996	 4.853	 4.829	 | 4.853 max

train losses    258:	0.2374	0.2387	0.2881	0.2796	0.2699	0.2717	0.2862	0.2843	0.3977	0.3969	0.4342	0.4339	
val losses      258:	0.1927	0.2332	0.3911	0.3743	0.2126	0.2091	0.3642	0.3534	0.3585	0.4118	 1.017	 1.022	 | 0.4283 mean
                     	0.5201	 0.642	 1.043	  1.01	0.5555	0.5485	0.9741	0.9446	0.9198	 1.032	  2.54	  2.47	 | 1.413 quantile
                      	 1.604	 1.678	 2.796	 2.792	 1.009	 1.048	 1.867	 1.789	 1.805	 1.995	  4.86	  4.83	 | 4.86 max

train losses    260:	0.2359	0.2397	0.2887	  0.28	0.2692	0.2745	0.2857	0.2835	0.3982	0.3948	0.4351	0.4346	
val losses      260:	0.1931	0.2336	 0.391	0.3742	 0.213	0.2091	0.3637	0.3529	0.3584	0.4118	 1.017	 1.021	 | 0.4282 mean
                     	0.5201	0.6476	 1.039	 1.009	0.5502	0.5465	 0.974	0.9464	0.9158	 1.036	 2.539	 2.471	 | 1.409 quantile
                      	 1.615	 1.677	 2.785	 2.786	 1.001	 1.067	 1.869	 1.792	 1.823	  2.01	 4.827	 4.802	 | 4.827 max

train losses    262:	0.2372	0.2389	0.2886	0.2798	0.2705	 0.274	0.2845	0.2827	0.3945	0.3954	0.4331	0.4322	
val losses      262:	0.1929	0.2339	 0.391	 0.374	0.2129	0.2097	 0.364	0.3537	0.3586	 0.412	 1.017	 1.021	 | 0.4284 mean
                     	0.5223	0.6428	  1.04	  1.01	0.5494	0.5504	0.9761	0.9464	0.9185	 1.036	  2.54	 2.465	 | 1.412 quantile
                      	 1.565	 1.634	 2.775	 2.782	 1.003	 1.075	 1.866	  1.79	 1.826	 2.009	 4.815	 4.828	 | 4.828 max

train losses    264:	0.2372	0.2392	0.2881	0.2795	0.2704	0.2732	0.2831	0.2824	0.3954	0.3949	0.4326	0.4314	
val losses      264:	 0.193	0.2336	0.3911	0.3741	0.2128	0.2098	0.3644	0.3541	0.3588	0.4117	 1.016	  1.02	 | 0.4283 mean
                     	0.5227	0.6469	 1.041	 1.009	0.5519	0.5538	0.9727	0.9473	0.9188	 1.036	 2.533	 2.469	 | 1.41 quantile
                      	 1.591	 1.652	 2.778	 2.782	 1.022	 1.072	 1.871	 1.793	 1.819	 2.017	 4.794	 4.823	 | 4.823 max

train losses    266:	0.2349	0.2381	0.2879	0.2791	0.2682	 0.274	0.2827	0.2826	0.3985	0.3945	0.4334	0.4334	
val losses      266:	0.1926	0.2331	0.3911	0.3742	0.2127	0.2092	0.3642	0.3537	0.3587	0.4118	 1.015	  1.02	 | 0.4281 mean
                     	0.5222	0.6467	 1.039	 1.009	 0.553	0.5491	0.9751	0.9441	0.9215	 1.036	 2.531	 2.468	 | 1.411 quantile
                      	 1.587	 1.663	 2.782	  2.79	 1.035	 1.073	 1.873	 1.793	 1.849	 2.014	   4.8	 4.817	 | 4.817 max

train losses    268:	0.2351	 0.238	0.2882	0.2788	0.2694	0.2722	0.2846	0.2821	0.3972	0.3952	0.4318	0.4308	
val losses      268:	0.1923	0.2335	0.3909	0.3742	0.2125	 0.209	0.3641	0.3537	0.3586	0.4123	 1.014	 1.019	 | 0.4278 mean
                     	0.5199	0.6452	 1.041	 1.005	0.5517	 0.553	0.9754	0.9413	0.9146	 1.038	 2.532	 2.477	 | 1.41 quantile
                      	 1.605	 1.673	 2.783	 2.779	 1.014	 1.057	 1.858	 1.783	 1.857	 2.024	 4.795	 4.782	 | 4.795 max

train losses    270:	0.2365	0.2376	 0.288	0.2787	0.2695	0.2722	0.2835	0.2807	0.3966	0.3946	0.4361	0.4327	
val losses      270:	0.1929	0.2331	0.3908	 0.374	0.2126	0.2084	0.3638	0.3531	0.3582	0.4115	 1.012	 1.017	 | 0.4273 mean
                     	0.5216	0.6454	 1.041	 1.006	0.5511	0.5468	0.9767	0.9428	0.9241	 1.037	 2.531	 2.471	 | 1.408 quantile
                      	 1.626	 1.643	 2.788	 2.788	  1.02	 1.087	 1.866	  1.79	  1.85	 2.029	  4.82	 4.826	 | 4.826 max

train losses    272:	0.2364	0.2362	0.2869	0.2781	0.2695	0.2721	0.2845	0.2824	0.3952	0.3947	0.4324	0.4303	
val losses      272:	0.1919	 0.232	0.3909	0.3738	0.2126	0.2085	0.3646	0.3542	 0.358	0.4111	 1.012	 1.017	 | 0.4273 mean
                     	 0.518	0.6377	  1.04	 1.006	0.5508	0.5518	0.9795	 0.945	0.9265	 1.033	 2.533	 2.467	 | 1.411 quantile
                      	  1.64	 1.671	 2.771	 2.788	 1.024	 1.069	 1.869	 1.798	 1.817	 2.005	 4.842	 4.799	 | 4.842 max

train losses    274:	0.2369	0.2378	0.2871	0.2786	0.2697	0.2707	0.2835	 0.282	0.3964	0.3945	 0.433	0.4318	
val losses      274:	0.1923	0.2317	0.3907	0.3737	0.2126	0.2081	0.3642	0.3537	 0.359	0.4113	 1.013	 1.018	 | 0.4274 mean
                     	0.5203	0.6433	 1.038	 1.006	0.5506	0.5504	  0.98	0.9449	0.9246	 1.036	 2.539	 2.458	 | 1.406 quantile
                      	 1.599	 1.658	 2.762	 2.784	 1.009	 1.075	 1.874	 1.805	 1.838	 2.002	 4.836	  4.81	 | 4.836 max

train losses    276:	0.2371	0.2377	0.2869	0.2781	0.2689	0.2713	0.2821	0.2828	0.3935	0.3926	0.4275	0.4287	
val losses      276:	0.1929	0.2319	0.3907	0.3737	0.2129	0.2084	0.3636	0.3531	 0.359	 0.413	 1.014	 1.018	 | 0.4276 mean
                     	0.5232	0.6469	  1.04	 1.006	0.5496	 0.544	0.9744	0.9404	0.9247	 1.033	 2.537	 2.465	 | 1.411 quantile
                      	 1.576	 1.649	 2.764	  2.79	 1.001	  1.08	 1.882	 1.798	 1.837	 1.996	 4.793	 4.812	 | 4.812 max

train losses    278:	0.2356	0.2394	0.2873	 0.278	0.2681	0.2717	0.2834	0.2821	0.3961	0.3929	0.4318	0.4315	
val losses      278:	0.1932	0.2317	0.3906	0.3734	0.2126	0.2079	0.3636	0.3528	0.3588	0.4136	 1.011	 1.015	 | 0.427 mean
                     	0.5234	  0.65	 1.042	 1.006	0.5489	0.5493	0.9714	0.9368	0.9214	  1.04	 2.525	 2.457	 | 1.407 quantile
                      	 1.556	 1.632	 2.768	 2.798	0.9987	 1.057	 1.868	 1.789	 1.858	 1.993	 4.793	 4.784	 | 4.793 max

train losses    280:	0.2364	0.2366	0.2869	0.2776	0.2696	0.2693	0.2831	0.2809	0.3948	0.3933	 0.429	0.4284	
val losses      280:	0.1926	0.2317	0.3903	0.3733	 0.212	0.2077	0.3639	0.3531	 0.359	0.4134	 1.013	 1.017	 | 0.4272 mean
                     	0.5248	0.6438	 1.038	 1.007	0.5457	0.5459	0.9715	0.9405	0.9174	 1.036	 2.523	 2.465	 | 1.406 quantile
                      	 1.564	 1.642	 2.765	 2.795	 1.001	 1.061	 1.859	 1.771	 1.834	 2.011	 4.821	 4.777	 | 4.821 max

train losses    282:	0.2359	0.2376	0.2868	0.2777	0.2677	  0.27	0.2818	0.2811	  0.39	0.3934	0.4299	0.4303	
val losses      282:	0.1917	0.2312	0.3903	0.3733	0.2122	0.2076	0.3636	0.3529	0.3586	0.4132	 1.013	 1.018	 | 0.4271 mean
                     	0.5177	0.6411	 1.042	 1.004	0.5471	 0.544	0.9734	0.9417	0.9198	 1.035	 2.535	 2.473	 | 1.404 quantile
                      	 1.608	 1.629	 2.767	 2.791	 1.018	 1.068	 1.874	 1.778	  1.83	  2.03	 4.869	 4.821	 | 4.869 max

train losses    284:	0.2354	0.2363	0.2868	0.2772	0.2694	0.2705	0.2827	0.2815	0.3951	 0.394	0.4302	0.4274	
val losses      284:	0.1917	  0.23	0.3904	0.3734	0.2119	0.2075	 0.364	0.3538	0.3584	 0.412	 1.009	 1.014	 | 0.4264 mean
                     	 0.517	0.6363	  1.04	 1.005	0.5477	 0.546	0.9757	0.9431	0.9208	 1.036	 2.526	 2.466	 | 1.405 quantile
                      	 1.602	 1.626	 2.769	 2.791	 1.017	 1.056	 1.869	 1.781	 1.843	 1.982	 4.817	  4.82	 | 4.82 max

train losses    286:	0.2358	0.2366	0.2866	0.2777	0.2685	0.2686	0.2821	0.2801	0.3956	0.3922	0.4324	0.4302	
val losses      286:	0.1918	0.2298	0.3903	0.3734	0.2118	0.2081	0.3638	0.3535	 0.358	0.4121	  1.01	 1.015	 | 0.4265 mean
                     	  0.52	0.6365	 1.038	 1.006	0.5502	0.5445	 0.976	0.9437	0.9227	 1.038	 2.533	 2.467	 | 1.407 quantile
                      	 1.596	 1.656	 2.774	 2.792	 1.017	 1.073	 1.881	 1.801	  1.86	 1.955	 4.807	 4.794	 | 4.807 max

train losses    288:	0.2347	0.2372	0.2861	0.2772	0.2681	0.2706	0.2821	0.2801	0.3957	0.3928	0.4289	0.4264	
val losses      288:	0.1921	0.2309	0.3902	0.3732	0.2114	0.2081	0.3632	 0.353	0.3593	0.4129	 1.016	  1.02	 | 0.4275 mean
                     	0.5189	0.6417	  1.04	 1.005	0.5481	0.5474	0.9757	  0.94	0.9189	 1.041	 2.535	 2.472	 | 1.407 quantile
                      	 1.616	 1.655	 2.768	  2.79	 1.026	 1.069	 1.864	 1.783	 1.854	 2.004	 4.826	 4.848	 | 4.848 max

train losses    290:	0.2347	0.2378	0.2867	0.2778	0.2676	0.2687	 0.282	0.2804	0.3925	 0.393	0.4295	0.4289	
val losses      290:	 0.192	0.2317	0.3901	 0.373	0.2118	0.2078	 0.363	0.3525	0.3593	0.4136	  1.01	 1.015	 | 0.4267 mean
                     	0.5198	0.6434	 1.037	 1.005	0.5499	0.5479	0.9753	0.9369	0.9169	 1.037	 2.538	 2.462	 | 1.404 quantile
                      	 1.634	 1.641	 2.782	 2.804	 1.011	 1.076	 1.861	 1.776	  1.84	 1.964	  4.79	  4.81	 | 4.81 max

train losses    292:	0.2348	0.2374	0.2859	0.2771	0.2679	0.2685	0.2806	0.2793	0.3962	0.3934	0.4299	0.4274	
val losses      292:	0.1914	0.2306	0.3901	0.3729	0.2119	0.2069	0.3633	0.3525	0.3586	0.4116	 1.012	 1.017	 | 0.4265 mean
                     	0.5179	0.6399	 1.038	 1.005	 0.547	0.5478	0.9726	0.9389	0.9219	 1.039	 2.535	 2.465	 | 1.411 quantile
                      	 1.625	 1.631	 2.791	 2.803	 1.027	 1.048	 1.854	 1.774	 1.844	 1.962	 4.805	 4.773	 | 4.805 max

train losses    294:	0.2356	0.2361	0.2866	0.2774	0.2691	0.2683	0.2821	  0.28	0.3925	0.3923	0.4276	0.4254	
val losses      294:	0.1927	0.2315	0.3901	 0.373	0.2113	0.2071	0.3632	0.3523	0.3587	0.4121	 1.012	 1.018	 | 0.4268 mean
                     	0.5222	0.6473	 1.037	 1.004	0.5442	0.5451	0.9738	0.9393	0.9221	 1.034	 2.531	 2.466	 | 1.407 quantile
                      	 1.605	 1.667	 2.795	 2.797	 1.004	 1.056	 1.838	  1.76	  1.84	 1.952	 4.787	 4.785	 | 4.787 max

train losses    296:	0.2348	0.2377	0.2865	0.2771	0.2693	0.2697	0.2812	0.2797	 0.392	 0.393	0.4274	0.4265	
val losses      296:	0.1924	0.2325	0.3901	0.3732	 0.212	0.2072	0.3639	0.3537	0.3596	0.4133	 1.012	 1.017	 | 0.4273 mean
                     	  0.52	0.6474	 1.036	 1.003	 0.549	0.5465	0.9765	0.9442	0.9215	 1.037	 2.536	 2.459	 | 1.404 quantile
                      	 1.631	 1.663	 2.776	 2.789	 1.037	 1.074	 1.878	 1.792	 1.844	 1.969	 4.794	  4.81	 | 4.81 max

train losses    298:	0.2348	0.2366	0.2867	0.2775	0.2678	0.2696	0.2817	0.2794	0.3915	0.3903	0.4268	0.4244	
val losses      298:	0.1914	0.2312	0.3901	0.3733	0.2116	0.2074	0.3645	0.3544	0.3603	0.4132	 1.012	 1.017	 | 0.4272 mean
                     	0.5199	0.6445	 1.039	 1.005	0.5514	0.5426	0.9794	0.9441	0.9213	 1.035	 2.537	 2.462	 | 1.406 quantile
                      	  1.64	 1.659	 2.762	 2.778	0.9958	 1.075	 1.895	 1.811	 1.832	 1.952	 4.804	 4.793	 | 4.804 max

