train losses      0:	0.5557	0.5852	 0.341	0.3311	 0.718	0.7587	0.4655	0.4693	 1.588	 1.602	 1.493	 1.488	
val losses        0:	 1.498	 1.612	0.5621	0.5782	0.6476	 1.247	 1.508	0.4085	 1.759	 1.467	 1.158	 1.473	 | 1.16 mean
                     	 2.361	 2.377	 1.132	 1.194	 1.773	 2.471	  2.31	 1.054	 4.735	 4.399	 3.272	  3.76	 | 2.766 quantile
                      	 4.835	 4.309	 2.359	 2.745	 5.399	 6.794	 5.056	 3.225	 9.176	 9.487	 5.823	 6.842	 | 9.487 max

train losses      2:	0.4867	0.5331	 0.359	0.3514	0.6878	0.7364	0.4734	0.4745	  1.53	 1.538	 1.425	 1.406	
val losses        2:	0.3798	 1.104	0.5997	0.3688	0.9679	0.8312	0.4408	0.7083	 1.328	 1.315	 1.278	 1.629	 | 0.9125 mean
                     	 1.086	 1.838	  1.28	0.9258	 2.038	 1.977	 1.123	 1.507	 3.936	 3.953	 3.101	 3.535	 | 2.532 quantile
                      	 5.084	 3.496	 2.822	 2.042	 5.371	 6.126	 2.864	  4.27	 7.987	 8.655	 5.238	 6.114	 | 8.655 max

train losses      4:	0.4819	0.4948	0.3952	0.4243	0.6401	0.7137	0.5166	0.5082	 1.372	 1.358	 1.375	 1.367	
val losses        4:	0.4322	0.6507	0.3695	0.4738	0.4965	0.5844	0.7906	0.5259	 1.346	 1.277	 1.768	 2.005	 | 0.8933 mean
                     	 1.044	 1.398	0.9535	 1.228	 1.446	 1.591	 1.552	 1.285	 3.349	 3.287	 3.795	  4.25	 | 2.749 quantile
                      	 4.658	 3.903	 3.329	 2.931	 4.528	 5.487	 2.632	 4.001	 5.136	 4.989	 5.853	 6.937	 | 6.937 max

train losses      6:	0.4464	0.4917	0.4014	0.4439	0.5799	0.6478	0.4867	0.4805	 1.171	 1.165	 1.314	 1.297	
val losses        6:	0.3924	 0.387	0.3551	 0.554	0.5641	0.6369	0.3722	0.3894	 1.501	 1.089	 1.302	 1.126	 | 0.7225 mean
                     	 1.093	 1.048	0.9051	 1.385	 1.362	 1.589	 0.966	 1.023	 3.268	 2.763	  3.21	  2.74	 | 2.271 quantile
                      	 4.555	 4.382	 3.631	 3.169	 4.268	 5.455	 3.042	 3.492	 5.247	 4.269	 5.126	 5.233	 | 5.455 max

train losses      8:	0.4201	0.4576	0.3827	0.3997	0.5351	 0.601	0.4581	0.4866	0.9632	 0.962	 1.225	 1.191	
val losses        8:	0.4057	0.3252	0.3422	0.3698	0.3922	0.4427	 0.367	0.4222	0.8418	0.7571	 1.076	 1.055	 | 0.5665 mean
                     	0.9876	0.8563	0.8659	0.9867	 1.055	 1.209	0.9421	 1.063	 2.036	 2.018	 3.045	 2.856	 | 1.736 quantile
                      	 4.256	 4.092	 2.546	 2.776	 3.123	 4.767	 3.166	 3.782	 4.371	 4.238	 4.849	 5.409	 | 5.409 max

train losses     10:	0.3768	  0.39	0.3774	0.3679	0.4848	0.5702	0.4522	0.4752	0.8489	0.8333	 1.199	 1.227	
val losses       10:	0.3191	0.2534	0.3108	0.3262	 0.362	 0.406	0.3752	 0.389	0.7715	0.6332	 1.023	 1.056	 | 0.5188 mean
                     	0.8183	0.7056	0.7863	 0.869	0.9971	 1.111	0.9484	 1.004	 1.862	 1.666	 2.844	 2.799	 | 1.669 quantile
                      	 4.121	 3.816	 2.614	 2.481	 2.843	 4.076	 3.075	 3.381	 3.255	 3.318	 4.985	  5.03	 | 5.03 max

train losses     12:	0.3633	0.3554	 0.354	0.3669	0.4606	0.5115	0.4439	0.4668	 0.833	0.8478	 1.099	 1.087	
val losses       12:	0.2743	0.2391	0.2925	0.3284	 0.353	0.3917	0.3451	0.3813	0.6407	0.6079	 1.052	 1.056	 | 0.4968 mean
                     	0.7375	 0.638	0.7519	0.8666	0.9693	 1.024	0.9115	 0.995	 1.807	 1.524	 2.798	 2.821	 | 1.635 quantile
                      	 3.662	 3.263	  2.57	 2.256	 2.624	 3.583	 3.448	  3.31	 3.697	 3.214	 4.328	 4.771	 | 4.771 max

train losses     14:	0.3318	0.3297	0.3499	 0.362	0.4221	  0.46	0.4388	0.4504	0.7126	0.6972	 1.015	 1.018	
val losses       14:	0.2608	0.2291	0.3075	0.3161	0.3278	0.3549	0.3415	0.3687	0.6221	 0.586	0.9872	 1.015	 | 0.4764 mean
                     	0.7213	0.5998	0.7851	0.8323	0.8736	0.9243	0.9011	0.9664	 1.859	 1.507	  2.78	 2.752	 | 1.575 quantile
                      	 3.741	 2.867	 2.756	 2.331	 2.138	   2.9	 3.349	  3.19	 3.197	 2.949	 4.408	 5.055	 | 5.055 max

train losses     16:	0.3124	0.3076	0.3535	0.3516	0.4005	0.4266	 0.429	0.4369	0.6546	0.6459	0.9944	0.9938	
val losses       16:	0.2532	0.2122	 0.297	0.3088	0.3183	0.3496	0.3327	0.3532	0.6431	0.5712	   1.0	 1.023	 | 0.4719 mean
                     	0.6836	0.5439	0.7662	0.8153	0.8444	0.9046	0.8906	0.9132	  1.71	 1.583	 2.722	 2.759	 | 1.567 quantile
                      	 3.774	 2.413	 2.541	 2.201	 1.936	 2.475	 3.446	 2.878	 2.852	 2.954	 4.496	  5.06	 | 5.06 max

train losses     18:	0.2943	0.2914	0.3518	0.3457	0.3885	  0.41	0.4247	0.4258	0.6182	0.6287	0.9256	0.9207	
val losses       18:	0.2306	0.2031	0.3075	0.3052	0.3113	 0.342	 0.328	0.3449	0.5828	0.5571	 1.001	 1.004	 | 0.4598 mean
                     	0.6208	 0.523	0.7912	0.8067	0.8117	0.8878	0.8808	0.8845	 1.648	 1.572	 2.724	 2.729	 | 1.523 quantile
                      	 3.547	  2.03	 2.362	  2.08	 1.887	 2.274	 3.516	 2.911	 2.716	 2.571	 4.666	 4.576	 | 4.666 max

train losses     20:	 0.285	0.2768	0.3451	0.3412	0.3749	0.3881	0.4103	0.4135	0.5611	0.5629	0.8852	0.8814	
val losses       20:	0.2245	0.1979	0.2926	0.2997	0.3078	0.3246	 0.324	0.3373	0.5689	 0.559	0.9796	 0.977	 | 0.4494 mean
                     	0.6022	0.5074	0.7552	0.7916	0.8131	0.8473	0.8574	0.8565	 1.611	 1.442	 2.732	 2.706	 | 1.452 quantile
                      	 3.326	 1.814	 2.166	 2.094	 1.858	 1.898	 3.383	 2.878	 2.618	 2.588	 4.299	 4.138	 | 4.299 max

train losses     22:	0.2795	0.2673	0.3394	0.3378	0.3658	0.3753	0.3994	0.3981	0.5405	0.5331	0.8682	0.8639	
val losses       22:	0.2141	  0.19	0.2904	0.2958	0.3031	0.3174	0.3179	0.3283	0.5614	0.5423	0.9828	0.9773	 | 0.4434 mean
                     	0.5835	0.4895	0.7456	0.7879	0.7958	0.8274	0.8308	 0.839	  1.58	  1.39	 2.695	 2.659	 | 1.442 quantile
                      	 3.106	 1.545	 2.031	 2.138	 1.791	  1.62	 3.219	 2.841	 2.658	  2.65	 4.054	 4.095	 | 4.095 max

train losses     24:	0.2714	0.2599	0.3423	0.3353	 0.358	0.3654	0.3901	0.3826	  0.53	 0.521	0.8471	0.8396	
val losses       24:	0.2173	0.1898	0.2954	0.2944	0.2988	0.3168	0.3121	0.3222	0.5679	0.5416	0.9687	0.9624	 | 0.4406 mean
                     	0.5835	0.4835	0.7621	0.7836	0.7847	0.8315	0.8316	0.8301	 1.557	 1.399	 2.657	 2.644	 | 1.432 quantile
                      	 2.713	 1.477	 2.057	 2.137	  1.77	 1.593	 3.305	 2.822	 2.817	 2.701	 3.828	  3.82	 | 3.828 max

train losses     26:	0.2617	0.2569	0.3416	0.3327	0.3496	0.3571	0.3843	0.3714	 0.532	0.5245	0.8369	0.8287	
val losses       26:	0.2082	0.1927	0.2945	0.2939	0.2949	0.3113	0.3144	0.3189	0.5559	0.5359	0.9673	0.9643	 | 0.4377 mean
                     	0.5564	0.4855	0.7559	 0.786	0.7783	0.8078	 0.826	0.8312	 1.564	 1.389	 2.609	 2.609	 | 1.436 quantile
                      	 2.887	 1.479	 1.806	 2.153	  1.68	 1.718	 3.097	 2.882	 2.808	 2.655	 3.941	 3.826	 | 3.941 max

train losses     28:	0.2658	0.2622	0.3463	0.3303	0.3456	 0.352	0.3824	0.3728	0.5326	0.5248	 0.971	0.9424	
val losses       28:	0.2192	0.1881	0.2974	0.2925	0.2947	0.3168	0.3137	0.3248	 0.562	0.5451	0.9534	0.9719	 | 0.44 mean
                     	0.5905	0.4746	  0.76	0.7742	 0.777	 0.827	0.8199	0.8463	  1.58	 1.439	 2.548	 2.652	 | 1.427 quantile
                      	 2.435	 1.448	 2.015	 2.114	 1.711	 1.616	 3.525	 2.836	 2.725	 2.516	 3.751	 4.106	 | 4.106 max

train losses     30:	0.2691	0.2717	 0.342	0.3282	0.3437	0.3485	0.3742	0.3763	0.5285	0.5253	 0.923	0.9198	
val losses       30:	0.2064	0.2095	0.2967	0.2917	0.2937	0.3081	0.3272	0.3403	0.5664	0.5452	 1.034	 1.013	 | 0.4526 mean
                     	0.5581	0.5473	0.7598	0.7714	0.7691	0.7966	0.8285	 0.871	 1.602	 1.318	 2.685	 2.666	 | 1.498 quantile
                      	 2.452	 1.673	 1.712	 2.142	 1.835	 1.736	 3.076	 3.251	 2.676	 2.887	 4.493	  4.59	 | 4.59 max

train losses     32:	0.2523	0.2619	0.3424	0.3266	0.3439	0.3495	 0.366	0.3547	0.6073	0.6166	0.8029	0.8002	
val losses       32:	 0.204	0.1904	0.2929	0.2913	0.2985	0.3148	0.3151	0.3156	0.6381	0.6175	0.9825	0.9857	 | 0.4539 mean
                     	0.5436	0.4927	0.7471	 0.773	0.7841	0.8049	0.8131	0.8442	 1.668	 1.486	 2.546	 2.598	 | 1.512 quantile
                      	 2.467	 1.447	 1.814	 2.106	 1.904	 1.793	 3.241	 3.088	 2.956	 3.214	 3.895	 4.061	 | 4.061 max

train losses     34:	0.2573	0.2501	0.3364	0.3254	0.3335	0.3377	 0.353	0.3424	0.5445	0.5437	0.7409	0.7323	
val losses       34:	0.2177	 0.194	0.2905	0.2912	 0.299	0.3118	0.3045	0.3141	0.6079	0.5947	0.9978	0.9927	 | 0.4513 mean
                     	0.5732	0.5082	  0.74	0.7787	0.7799	0.7888	0.7998	0.8332	  1.59	 1.445	 2.626	 2.628	 | 1.52 quantile
                      	 2.252	 1.405	 1.936	 2.079	 1.873	 1.732	 3.172	 3.158	  2.94	  3.05	 4.008	 3.901	 | 4.008 max

train losses     36:	0.2659	0.2546	0.3344	0.3234	0.3228	0.3246	0.3472	0.3374	0.5121	0.5206	0.6893	0.6812	
val losses       36:	 0.219	0.1944	  0.29	0.2905	0.2856	0.3033	0.3058	0.3163	0.5756	0.5589	0.9881	0.9814	 | 0.4424 mean
                     	0.5817	0.5034	0.7345	0.7684	0.7501	0.7744	0.7963	0.8328	 1.602	  1.38	 2.653	  2.64	 | 1.469 quantile
                      	  2.31	 1.394	 1.945	  2.07	 1.792	 1.675	 3.187	 3.133	 2.844	 3.012	  3.76	 3.818	 | 3.818 max

train losses     38:	0.2664	0.2632	0.3327	0.3217	0.3131	0.3141	0.3403	0.3336	0.4866	0.4892	0.6575	 0.653	
val losses       38:	0.2182	 0.216	0.2889	0.2911	0.2845	0.3017	0.3053	0.3254	0.5611	0.5484	 1.005	0.9978	 | 0.4453 mean
                     	0.5851	0.5524	0.7335	0.7637	0.7455	0.7814	0.7951	0.8423	 1.585	 1.328	 2.626	 2.634	 | 1.512 quantile
                      	 2.283	 1.526	 1.942	  2.03	 1.766	  1.56	 3.087	 3.207	 2.715	 2.879	 4.005	 3.747	 | 4.005 max

train losses     40:	0.2728	0.2658	0.3315	0.3202	0.3069	0.3082	0.3345	0.3244	0.4936	0.4921	0.6324	0.6306	
val losses       40:	  0.24	0.2124	0.2887	0.2907	0.2788	0.2961	0.2991	0.3162	0.5724	0.5551	0.9538	0.9464	 | 0.4375 mean
                     	0.6193	0.5394	0.7315	 0.767	0.7336	0.7697	 0.776	0.8263	 1.579	  1.34	 2.524	 2.514	 | 1.417 quantile
                      	 2.376	 1.485	 1.978	 2.034	 1.751	 1.551	 3.117	 3.167	  2.81	  2.86	  3.98	 3.572	 | 3.98 max

train losses     42:	0.2747	0.2926	0.3308	0.3195	0.3018	0.3022	0.3337	0.3469	0.4665	0.4714	0.7104	0.7149	
val losses       42:	  0.23	0.2653	 0.289	0.2912	 0.275	0.2921	0.3123	0.3734	0.5607	0.5495	 1.181	  1.17	 | 0.4825 mean
                     	0.5893	 0.632	0.7387	0.7674	0.7266	0.7586	0.7904	 0.921	 1.557	 1.381	 2.911	 2.923	 | 1.654 quantile
                      	 2.394	 1.716	 1.929	 2.033	 1.766	 1.569	 2.982	 3.521	 2.776	 2.799	 4.829	 4.521	 | 4.829 max

train losses     44:	0.2793	0.2852	0.3316	0.3217	0.3041	 0.307	0.3397	0.3574	0.4718	0.4753	0.7849	0.7842	
val losses       44:	0.1924	  0.19	0.2895	0.2903	0.2727	0.2905	0.3056	0.3439	0.5787	 0.566	0.9766	0.9622	 | 0.4382 mean
                     	0.5088	0.4925	0.7456	0.7679	0.7136	0.7534	0.8032	0.8991	  1.57	 1.382	 2.478	 2.499	 | 1.471 quantile
                      	 2.216	 1.524	 2.001	 2.021	 1.727	 1.498	  3.05	 3.463	 2.929	 2.968	 4.004	 4.001	 | 4.004 max

train losses     46:	0.2715	0.2418	0.3306	0.3188	0.2991	0.3036	0.3297	0.3219	0.4456	0.4458	 0.641	0.6446	
val losses       46:	0.1912	0.1776	0.2863	0.2908	0.2758	0.2933	0.2989	0.3097	0.5539	0.5444	 1.061	 1.045	 | 0.4439 mean
                     	0.5113	0.4518	0.7244	0.7714	0.7266	0.7529	0.7562	0.8056	 1.568	 1.375	 2.599	 2.632	 | 1.569 quantile
                      	 2.265	  1.56	 2.069	 2.011	  1.87	 1.487	 3.082	 3.121	 2.727	 2.759	 4.337	 4.371	 | 4.371 max

train losses     48:	0.2393	  0.23	0.3264	0.3167	0.2886	0.2878	0.3218	0.3099	 0.434	0.4256	0.6818	0.6756	
val losses       48:	0.1956	0.2011	0.2886	0.2905	0.2748	 0.296	0.2988	0.3184	0.5631	0.5481	0.9956	0.9827	 | 0.4378 mean
                     	0.5345	0.5048	0.7344	0.7687	 0.725	0.7766	0.7544	0.8241	 1.581	 1.358	 2.516	 2.527	 | 1.48 quantile
                      	 2.307	 1.747	 2.134	 2.016	 1.824	 1.441	 3.173	 2.855	 2.785	 2.738	 4.195	 4.013	 | 4.195 max

train losses     50:	0.2364	0.2282	 0.329	0.3184	0.2874	0.2861	0.3186	0.3124	0.4392	0.4281	0.9276	0.9188	
val losses       50:	0.1903	0.1835	0.2874	0.2919	0.2751	0.2912	0.2983	0.3102	0.5601	0.5492	 1.187	  1.16	 | 0.4653 mean
                     	0.5173	0.4651	0.7264	0.7732	0.7177	0.7609	0.7603	0.8094	 1.567	 1.437	 2.854	 2.797	 | 1.694 quantile
                      	  2.18	 1.609	  2.12	 1.957	 1.906	 1.554	 3.043	 2.888	 2.715	 2.522	 4.629	 4.353	 | 4.629 max

train losses     52:	0.2369	0.2338	 0.327	0.3183	0.2906	0.2922	0.3233	0.3124	0.4578	0.4484	0.8908	0.8833	
val losses       52:	0.1923	0.1798	0.2876	0.2913	0.2769	0.2921	0.3063	0.3202	0.5749	0.5584	0.9748	0.9788	 | 0.4361 mean
                     	0.5345	0.4619	0.7275	 0.764	0.7103	0.7675	 0.816	0.8322	 1.628	 1.488	 2.657	 2.645	 | 1.474 quantile
                      	 2.152	 1.422	 2.057	 1.953	 1.964	 1.736	 3.106	 3.161	 2.665	 2.571	 4.789	 4.635	 | 4.789 max

train losses     54:	0.2369	0.2311	0.3297	0.3167	0.2868	0.2927	0.3374	0.3402	0.4624	0.4517	0.8126	0.8099	
val losses       54:	0.1914	0.1788	0.2894	0.2917	0.2731	0.2909	0.3012	0.3238	0.5812	0.5665	 1.008	0.9941	 | 0.4408 mean
                     	0.5185	0.4624	0.7342	0.7695	0.7176	0.7638	0.7976	0.8463	  1.65	  1.53	 2.483	 2.505	 | 1.535 quantile
                      	 2.341	 1.483	  2.03	 1.966	 1.911	 1.556	 3.055	 3.275	 2.668	 2.604	 4.026	 3.979	 | 4.026 max

train losses     56:	0.2302	0.2281	0.3254	0.3174	0.2759	0.2776	0.3272	0.3425	0.4279	0.4245	0.6745	 0.681	
val losses       56:	0.1869	0.1812	0.2897	0.2936	0.2707	0.2953	0.3139	0.3394	0.5755	0.5701	  1.02	 1.012	 | 0.4457 mean
                     	0.5139	0.4582	0.7345	0.7708	0.7147	0.7783	0.7654	0.8343	 1.634	 1.571	  2.52	 2.568	 | 1.554 quantile
                      	 2.081	 1.481	 2.146	 2.009	 1.634	 1.401	 3.155	  2.87	 2.728	 2.672	 4.071	 3.878	 | 4.071 max

train losses     58:	0.2322	0.2198	0.3357	0.3156	0.2824	0.2764	0.3476	0.3412	0.4188	0.4192	0.5295	0.5293	
val losses       58:	0.1916	0.1843	0.2952	0.2911	 0.267	0.2845	0.3187	0.3386	0.5772	0.5628	0.9768	0.9732	 | 0.4384 mean
                     	0.5205	0.4627	0.7571	0.7684	0.6896	0.7435	 0.801	0.8724	 1.607	 1.536	 2.603	 2.608	 | 1.471 quantile
                      	 2.321	 1.641	 2.084	 2.006	 1.614	 1.352	 3.256	 2.884	 2.821	 2.709	 3.774	 3.662	 | 3.774 max

train losses     60:	0.2253	0.2154	 0.325	0.3148	0.2741	0.2694	0.3267	0.3249	0.3948	0.3832	0.5129	0.5177	
val losses       60:	0.1834	0.1768	0.2856	0.2913	0.2639	  0.28	0.3012	0.3219	0.5703	0.5564	 1.015	 1.007	 | 0.4377 mean
                     	 0.505	0.4517	0.7245	 0.764	0.6906	0.7175	0.7749	0.8292	 1.571	 1.451	 2.643	 2.671	 | 1.512 quantile
                      	 2.166	 1.525	 1.889	 1.951	 1.752	  1.46	 2.974	  3.08	 2.737	 2.724	 4.043	 3.884	 | 4.043 max

train losses     62:	0.2191	0.2159	0.3201	0.3119	0.2625	0.2596	0.3007	0.3023	0.3896	0.3798	0.5094	0.5029	
val losses       62:	0.1823	0.1766	0.2847	 0.291	 0.262	0.2786	0.2982	0.3128	0.5653	0.5517	0.9836	0.9748	 | 0.4301 mean
                     	0.4982	0.4569	  0.72	0.7614	0.6847	0.7264	0.7517	0.8057	 1.557	 1.444	 2.537	 2.558	 | 1.466 quantile
                      	 2.108	 1.501	 1.971	 1.955	  1.75	 1.428	 2.806	 2.719	 2.786	 2.685	 3.653	 3.591	 | 3.653 max

train losses     64:	0.2181	0.2091	0.3203	0.3097	0.2563	0.2544	0.2919	 0.281	0.3965	0.3837	0.4605	0.4546	
val losses       64:	 0.182	0.1728	0.2864	0.2901	0.2584	0.2774	0.2925	0.3104	0.5668	0.5529	 0.975	0.9623	 | 0.4272 mean
                     	0.4976	  0.44	0.7262	  0.76	0.6757	0.7233	 0.753	0.8062	 1.552	 1.413	 2.481	 2.471	 | 1.46 quantile
                      	  2.13	 1.463	 2.009	 1.959	 1.777	 1.394	 2.888	 2.712	 2.804	 2.659	 3.716	 3.672	 | 3.716 max

train losses     66:	0.2144	0.2097	0.3188	0.3095	0.2517	0.2501	 0.288	0.2858	0.3803	 0.374	0.4479	0.4472	
val losses       66:	0.1801	0.1734	0.2859	0.2914	0.2575	0.2763	0.2931	0.3174	0.5711	0.5568	  1.04	 1.025	 | 0.439 mean
                     	0.4913	0.4464	0.7226	0.7566	0.6758	0.7223	0.7413	0.8174	   1.6	 1.486	 2.595	 2.629	 | 1.538 quantile
                      	 2.185	  1.56	 2.023	 1.942	 1.831	 1.439	   2.9	 2.886	 2.861	 2.515	 4.065	 3.896	 | 4.065 max

train losses     68:	0.2172	0.2056	0.3191	0.3076	0.2558	0.2476	0.2867	0.2799	0.3877	0.3801	0.5045	0.5009	
val losses       68:	0.1848	0.1769	0.2865	0.2895	0.2587	0.2712	0.2917	0.3112	0.5715	0.5563	0.9514	0.9403	 | 0.4242 mean
                     	0.5007	0.4472	0.7257	0.7583	0.6637	0.7076	0.7464	 0.814	 1.558	 1.464	 2.465	 2.409	 | 1.444 quantile
                      	 2.211	 1.559	 2.065	 1.955	 1.827	 1.371	 2.999	 2.682	 2.823	 2.671	 3.557	 3.716	 | 3.716 max

train losses     70:	0.2107	0.2061	 0.318	0.3088	0.2477	0.2469	0.2841	0.2865	0.3757	0.3732	0.5422	0.5429	
val losses       70:	0.1772	0.1766	0.2871	0.2924	0.2548	0.2734	0.2915	0.3288	0.5634	0.5568	 1.195	 1.189	 | 0.4655 mean
                     	 0.483	0.4538	0.7253	0.7613	0.6679	0.7072	0.7372	0.8363	 1.592	 1.398	 2.909	 2.993	 | 1.677 quantile
                      	 2.186	 1.722	 2.017	 1.925	 1.758	 1.332	 2.977	 3.039	 2.807	 2.846	 4.711	 4.563	 | 4.711 max

train losses     72:	0.2106	0.2129	0.3155	0.3077	0.2436	0.2424	0.2844	 0.298	0.3867	0.3849	0.5661	0.5667	
val losses       72:	0.1769	0.1695	0.2829	0.2907	0.2555	0.2717	0.3043	0.3301	0.5634	0.5519	0.9546	0.9445	 | 0.4247 mean
                     	0.4832	0.4328	0.7151	0.7555	0.6652	0.7051	0.7555	0.8375	 1.589	 1.479	 2.436	 2.429	 | 1.445 quantile
                      	 2.142	 1.596	 2.011	 1.915	 1.671	 1.327	 3.088	  2.96	 2.848	 2.574	 3.725	 3.663	 | 3.725 max

train losses     74:	0.2122	0.2054	0.3223	0.3049	 0.244	0.2407	0.2855	0.2792	0.4329	0.4147	 0.538	0.5362	
val losses       74:	0.1836	0.1676	0.2886	0.2889	0.2556	0.2707	0.2926	0.3053	0.5733	0.5572	  1.02	0.9999	 | 0.4336 mean
                     	0.4979	0.4286	0.7309	0.7556	0.6564	0.7008	0.7542	0.8013	 1.559	 1.409	  2.48	 2.479	 | 1.508 quantile
                      	 2.249	 1.465	 2.212	 1.924	 1.806	 1.303	 3.062	 2.793	 2.895	 2.866	 3.965	 3.903	 | 3.965 max

train losses     76:	0.2143	0.2013	0.3196	0.3045	0.2446	0.2397	0.2891	0.2676	0.4099	0.3904	0.5992	0.5963	
val losses       76:	0.1834	0.1689	0.2908	0.2886	0.2569	0.2727	0.2949	0.3058	0.6007	0.5843	 1.033	 1.013	 | 0.441 mean
                     	0.5073	0.4307	0.7333	0.7547	0.6605	0.7119	0.7566	0.8002	 1.604	 1.436	 2.584	 2.644	 | 1.509 quantile
                      	 2.139	 1.414	 2.206	 1.952	 1.846	 1.404	 3.076	 2.764	  2.91	 3.151	 4.631	 4.454	 | 4.631 max

train losses     78:	0.2097	0.1996	0.3173	0.3034	0.2512	0.2505	0.2813	0.2665	0.3963	0.3879	0.4407	0.4404	
val losses       78:	0.1761	0.1682	0.2858	0.2893	0.2587	0.2722	0.2918	0.3102	0.5929	0.5879	 1.025	 1.009	 | 0.4389 mean
                     	0.4837	0.4308	0.7245	 0.754	0.6698	0.7036	0.7469	0.8025	 1.593	 1.401	 2.619	 2.652	 | 1.499 quantile
                      	 2.127	 1.457	 2.109	 1.921	 1.896	  1.48	 3.037	 2.854	 2.756	 3.153	  4.54	  4.39	 | 4.54 max

train losses     80:	 0.207	0.2008	0.3129	0.3017	0.2519	0.2544	0.2679	0.2637	0.4167	0.4058	0.4549	0.4537	
val losses       80:	0.1762	0.1683	0.2829	0.2889	 0.255	0.2772	0.2954	0.3178	0.5852	0.5755	0.9602	0.9529	 | 0.428 mean
                     	0.4773	0.4362	0.7139	0.7502	0.6714	0.7082	0.7481	0.8149	   1.6	 1.394	 2.528	 2.496	 | 1.435 quantile
                      	 2.172	 1.582	 2.036	 1.911	 1.735	 1.519	 3.057	 2.888	 2.847	  3.07	 3.913	 3.852	 | 3.913 max

train losses     82:	0.2065	0.2015	 0.311	0.3011	0.2598	0.2582	0.2625	0.2591	0.3802	0.3618	0.4382	 0.435	
val losses       82:	0.1736	0.1676	0.2828	0.2877	0.2477	0.2688	0.2892	0.3062	0.5738	0.5585	0.9595	0.9513	 | 0.4222 mean
                     	 0.483	0.4267	0.7119	0.7461	0.6644	0.6917	0.7297	0.7936	 1.604	 1.512	 2.491	 2.462	 | 1.46 quantile
                      	 2.243	 1.562	 2.054	 1.943	 1.738	 1.399	 2.815	  2.55	 2.873	 2.593	 3.578	 3.488	 | 3.578 max

train losses     84:	0.2044	0.1964	0.3142	0.3009	0.2454	 0.242	0.2717	0.2559	0.3599	0.3449	0.3771	0.3768	
val losses       84:	0.1758	0.1688	 0.287	0.2877	0.2557	0.2691	0.2964	0.3088	0.5792	0.5627	0.9847	0.9703	 | 0.4289 mean
                     	0.4835	0.4265	0.7249	0.7486	0.6667	0.6926	0.7614	0.8068	 1.614	 1.591	 2.501	 2.507	 | 1.494 quantile
                      	 2.163	 1.464	  2.07	 1.943	 1.661	 1.391	 2.953	 2.595	  2.79	 2.543	 3.749	  3.64	 | 3.749 max

train losses     86:	0.2033	0.1955	0.3105	0.2984	0.2545	0.2546	0.2602	0.2484	0.3614	0.3514	 0.321	 0.309	
val losses       86:	0.1726	0.1659	0.2816	0.2877	0.2555	0.2674	0.2889	0.3059	0.5848	0.5671	0.9577	0.9488	 | 0.4237 mean
                     	0.4761	0.4262	0.7118	0.7482	0.6578	0.6822	0.7349	0.7954	  1.62	 1.612	 2.472	 2.443	 | 1.466 quantile
                      	 2.165	 1.517	 1.969	  1.91	 1.816	   1.5	 2.855	  2.58	 2.826	 2.605	 3.593	 3.502	 | 3.593 max

train losses     88:	0.2009	0.1924	0.3096	0.2986	 0.238	0.2368	0.2597	0.2485	0.3628	0.3544	0.3415	0.3289	
val losses       88:	0.1743	0.1665	0.2814	0.2889	0.2508	0.2671	0.2926	0.3115	0.5757	0.5623	0.9956	0.9878	 | 0.4295 mean
                     	0.4767	0.4305	0.7096	0.7485	0.6557	0.6946	0.7323	   0.8	 1.572	  1.53	 2.531	 2.555	 | 1.491 quantile
                      	 2.172	 1.603	  1.97	 1.896	 1.834	 1.476	 2.935	 2.713	   2.9	 2.695	 3.796	 3.681	 | 3.796 max

train losses     90:	0.2026	0.1923	0.3099	 0.296	0.2347	 0.236	0.2523	0.2403	0.4113	0.4131	0.4412	0.4384	
val losses       90:	 0.169	0.1698	 0.286	0.2867	0.2417	 0.265	  0.29	0.3055	0.5805	0.5646	0.9562	0.9483	 | 0.4219 mean
                     	0.4658	 0.428	0.7231	0.7473	0.6321	0.6878	0.7456	0.8001	 1.602	 1.619	 2.531	 2.486	 | 1.443 quantile
                      	 2.297	 1.559	 2.065	 1.919	 1.543	 1.462	 2.914	 2.605	  2.93	 2.639	 4.136	  4.04	 | 4.136 max

train losses     92:	0.2006	0.1932	0.3087	0.2961	 0.235	0.2337	0.2534	0.2441	0.4846	0.4863	0.5434	0.5532	
val losses       92:	0.1695	0.1721	0.2844	0.2865	0.2549	0.2656	0.2881	0.3071	0.5952	0.5772	0.9302	 0.929	 | 0.4216 mean
                     	0.4675	0.4355	0.7179	0.7451	0.6446	0.6719	0.7302	 0.791	 1.603	 1.528	 2.448	  2.37	 | 1.412 quantile
                      	 2.228	 1.577	 2.071	 1.926	 1.615	 1.457	 2.869	 2.682	 3.029	 2.962	 3.953	  3.95	 | 3.953 max

train losses     94:	0.2075	0.1927	0.3079	0.2959	0.2469	0.2485	0.2526	0.2478	0.5139	0.5237	0.5648	0.5641	
val losses       94:	0.1865	0.1636	 0.284	0.2895	0.2448	0.2603	0.2911	0.3187	0.6411	0.6119	 1.007	 1.015	 | 0.4428 mean
                     	0.4941	0.4079	0.7163	0.7485	0.6408	0.6694	0.7245	0.8111	  1.69	 1.557	  2.57	 2.653	 | 1.514 quantile
                      	 2.056	 1.557	  2.02	 1.879	 1.561	 1.412	 3.083	 2.976	 2.949	 3.416	 4.121	 4.161	 | 4.161 max

train losses     96:	0.2171	0.1942	0.3068	0.2986	0.2444	0.2449	0.2648	 0.276	0.4493	0.4563	0.6463	0.6552	
val losses       96:	0.1932	0.1655	0.2821	0.2913	0.2417	0.2716	0.2989	0.3252	0.6018	 0.593	 1.001	0.9926	 | 0.4382 mean
                     	0.5087	0.4244	 0.713	0.7412	 0.639	0.7003	0.7463	 0.805	  1.62	 1.404	  2.51	 2.511	 | 1.489 quantile
                      	 1.916	 1.602	 2.022	 1.895	 1.561	 1.397	 2.755	 2.586	 2.708	 2.899	 4.285	 4.084	 | 4.285 max

train losses     98:	0.2085	0.1956	0.3085	0.2976	0.2544	0.2441	0.2668	0.2649	0.4517	0.4565	 0.594	0.5876	
val losses       98:	0.1764	0.1768	0.2819	0.2876	0.2465	0.2728	0.3065	0.3228	0.5734	0.5563	 1.009	0.9964	 | 0.4339 mean
                     	0.4748	0.4478	0.7121	0.7446	0.6425	0.7108	0.7656	0.8202	 1.595	 1.454	 2.513	 2.519	 | 1.509 quantile
                      	 2.148	 1.597	 2.066	 1.918	 1.435	 1.612	   2.9	   2.5	 2.668	  2.53	 4.041	 3.863	 | 4.041 max

train losses    100:	0.2002	0.1954	 0.311	0.2981	0.2526	0.2437	0.2909	0.2912	0.4058	0.4097	 0.479	0.4742	
val losses      100:	0.1739	0.1832	0.2816	0.2887	0.2527	0.2688	0.3085	0.3461	0.5667	0.5598	 1.012	0.9957	 | 0.4365 mean
                     	0.4688	0.4614	  0.71	0.7483	0.6521	0.6914	0.8036	0.8988	 1.594	 1.463	 2.644	  2.63	 | 1.482 quantile
                      	 2.156	  1.47	 2.117	 2.001	 1.528	 1.594	 2.976	 2.708	  2.73	 2.611	  4.23	 4.079	 | 4.23 max

train losses    102:	0.2024	 0.191	0.3074	0.3003	0.2383	0.2381	0.2847	0.2983	0.4356	0.4231	0.4683	0.4662	
val losses      102:	0.1749	0.1711	0.2803	0.2867	0.2488	0.2624	0.2913	0.3159	0.5774	0.5695	0.9825	0.9694	 | 0.4275 mean
                     	0.4819	0.4324	0.7075	0.7451	0.6563	0.6761	0.7495	0.8021	  1.63	 1.584	 2.471	 2.499	 | 1.486 quantile
                      	 2.046	 1.386	 1.958	 1.951	 1.666	 1.523	 2.873	 2.656	   2.7	 2.676	 4.011	 3.736	 | 4.011 max

train losses    104:	0.2027	0.1909	0.3148	0.3004	0.2307	0.2372	0.3231	 0.313	0.4199	0.3996	0.4212	0.4138	
val losses      104:	0.1775	0.1678	0.2843	0.2886	0.2483	0.2689	0.3352	0.3358	0.5841	0.5824	 1.032	  1.03	 | 0.4445 mean
                     	  0.49	0.4316	0.7111	0.7422	0.6565	 0.701	0.8389	0.8468	 1.651	 1.552	  2.56	 2.649	 | 1.54 quantile
                      	 1.949	 1.404	 1.966	 1.892	 1.831	 1.422	  3.19	 3.127	 2.567	  2.67	 4.408	 4.418	 | 4.418 max

train losses    106:	0.2001	0.1904	0.3094	0.2959	0.2364	0.2425	0.3111	0.3072	0.3573	0.3472	0.3632	0.3679	
val losses      106:	0.1732	0.1669	0.2817	0.2856	0.2467	0.2683	0.2908	0.3073	0.5695	0.5688	 1.005	0.9936	 | 0.4297 mean
                     	0.4841	0.4313	0.7134	0.7441	0.6488	0.6995	0.7593	0.8024	 1.604	 1.529	 2.606	 2.608	 | 1.494 quantile
                      	 2.095	 1.451	 2.094	 1.938	 1.819	 1.535	 2.867	 2.541	 2.597	  2.61	 4.666	  4.62	 | 4.666 max

train losses    108:	0.1968	0.1875	0.3049	0.2918	0.2302	0.2341	0.2663	0.2545	0.3248	  0.32	0.3488	0.3443	
val losses      108:	0.1716	0.1681	0.2842	 0.286	0.2438	0.2683	0.3024	0.3199	0.5692	0.5603	0.9644	0.9497	 | 0.424 mean
                     	 0.472	0.4287	0.7257	0.7428	0.6478	0.6987	0.7788	0.8154	 1.569	 1.447	 2.522	  2.48	 | 1.428 quantile
                      	   2.2	 1.492	 2.096	 1.957	 1.517	  1.65	  3.01	 2.642	 2.714	 2.767	 4.303	 4.221	 | 4.303 max

train losses    110:	0.1935	 0.184	 0.304	0.2906	 0.222	0.2228	0.2565	0.2432	  0.31	0.3045	0.3836	0.3821	
val losses      110:	0.1686	 0.167	0.2819	0.2861	0.2406	 0.262	0.2866	 0.303	0.5717	0.5597	 0.954	0.9404	 | 0.4185 mean
                     	0.4592	0.4265	0.7154	0.7405	0.6385	0.6796	0.7303	  0.78	 1.599	 1.475	 2.465	 2.437	 | 1.441 quantile
                      	 2.109	 1.542	 2.008	 1.897	 1.487	 1.583	 2.713	 2.363	 2.688	 2.627	 3.842	 3.783	 | 3.842 max

train losses    112:	 0.193	0.1841	0.3016	0.2881	0.2181	0.2178	0.2371	 0.226	0.3122	0.2996	0.4283	0.4224	
val losses      112:	0.1711	0.1671	0.2813	0.2857	0.2384	0.2642	0.2859	0.3055	0.5675	0.5569	0.9954	0.9838	 | 0.4252 mean
                     	0.4608	0.4255	0.7131	 0.739	0.6299	 0.681	 0.727	0.7886	 1.579	 1.445	 2.475	 2.467	 | 1.489 quantile
                      	 2.066	 1.532	 1.927	 1.904	 1.491	 1.594	 2.689	 2.422	 2.732	 2.696	 3.765	 3.615	 | 3.765 max

train losses    114:	0.1912	0.1819	0.2992	0.2869	0.2162	0.2123	0.2288	0.2166	0.3028	0.2963	0.3932	0.3898	
val losses      114:	0.1699	0.1665	0.2799	0.2857	0.2403	0.2613	0.2912	0.3076	0.5738	0.5666	  1.03	 1.022	 | 0.4329 mean
                     	0.4609	0.4265	0.7041	0.7394	0.6345	0.6813	0.7326	 0.797	 1.588	 1.448	 2.547	 2.564	 | 1.525 quantile
                      	  2.04	 1.523	 1.941	 1.937	 1.465	 1.644	 2.662	 2.385	  2.67	 2.675	 4.148	 3.976	 | 4.148 max

train losses    116:	0.1891	0.1805	0.2988	0.2865	0.2131	0.2078	0.2295	0.2165	0.2986	0.2947	0.4049	0.3966	
val losses      116:	 0.168	 0.169	0.2801	0.2858	0.2381	0.2563	 0.288	0.3057	0.5748	0.5663	 1.013	 1.002	 | 0.4289 mean
                     	0.4557	0.4303	0.7033	0.7385	0.6215	 0.657	0.7235	0.7836	 1.594	 1.475	 2.473	 2.491	 | 1.506 quantile
                      	 2.085	 1.475	 1.893	 1.912	 1.555	 1.557	 2.659	 2.394	 2.672	 2.587	 4.007	 3.871	 | 4.007 max

train losses    118:	0.1873	0.1825	 0.299	0.2859	0.2097	0.2066	0.2265	0.2142	0.2973	0.2942	0.4538	0.4469	
val losses      118:	0.1657	0.1691	0.2802	0.2861	0.2352	0.2542	0.2901	0.3069	0.5694	0.5583	0.9865	0.9742	 | 0.423 mean
                     	0.4505	0.4267	0.7034	0.7384	0.6191	 0.655	0.7265	 0.792	 1.575	 1.488	 2.462	 2.476	 | 1.463 quantile
                      	 2.209	 1.542	 1.857	 1.873	 1.595	 1.516	 2.817	 2.555	 2.708	 2.613	 3.976	 3.944	 | 3.976 max

train losses    120:	0.1871	0.1839	0.2965	 0.285	0.2118	0.2075	0.2158	0.2065	0.2934	 0.295	0.4242	0.4249	
val losses      120:	0.1661	0.1662	0.2797	0.2859	 0.236	0.2559	0.2873	0.3058	0.5723	0.5619	 1.015	   1.0	 | 0.4277 mean
                     	0.4547	0.4178	0.6971	0.7389	0.6204	0.6602	0.7358	   0.8	 1.576	 1.516	  2.59	 2.598	 | 1.504 quantile
                      	 2.233	 1.559	 1.908	 1.876	 1.626	 1.532	 2.759	 2.522	 2.723	  2.61	 4.744	  4.68	 | 4.744 max

train losses    122:	0.1873	0.1808	0.2959	0.2843	0.2166	0.2098	0.2188	0.2087	 0.293	 0.294	0.4059	0.4016	
val losses      122:	0.1666	0.1641	0.2795	0.2855	0.2377	0.2578	0.2886	 0.308	0.5739	0.5636	0.9828	0.9718	 | 0.4233 mean
                     	0.4548	0.4179	0.6997	0.7383	0.6299	0.6672	0.7275	0.7915	 1.584	 1.549	 2.591	 2.547	 | 1.461 quantile
                      	  2.17	 1.592	 1.863	  1.88	 1.507	 1.598	 2.817	 2.604	 2.712	 2.601	 4.674	 4.601	 | 4.674 max

train losses    124:	0.1878	0.1803	0.2954	0.2825	0.2213	0.2146	0.2283	0.2197	0.3109	0.3112	 0.376	0.3757	
val losses      124:	0.1706	0.1647	0.2794	0.2851	 0.242	0.2589	0.2898	0.3095	0.5788	0.5696	 0.979	0.9748	 | 0.4252 mean
                     	0.4587	0.4196	0.6973	0.7355	0.6474	0.6696	0.7253	0.7952	 1.605	 1.552	 2.536	 2.558	 | 1.468 quantile
                      	 2.054	 1.685	 1.805	 1.875	 1.418	 1.668	 2.848	 2.657	 2.628	 2.547	 4.385	 4.364	 | 4.385 max

train losses    126:	0.1888	0.1802	0.2952	 0.283	0.2288	0.2218	 0.247	0.2443	0.3311	0.3357	0.2787	0.2833	
val losses      126:	0.1707	0.1639	 0.279	0.2852	0.2455	 0.263	0.2885	0.3122	0.5904	0.5803	0.9731	0.9624	 | 0.4262 mean
                     	 0.461	0.4173	0.7003	0.7362	0.6576	0.6823	0.7303	0.8012	 1.653	 1.628	  2.48	 2.481	 | 1.48 quantile
                      	 1.962	 1.635	  1.84	 1.899	 1.435	  1.71	 2.578	 2.347	 2.622	 2.592	 3.816	 3.793	 | 3.816 max

train losses    128:	0.1874	0.1784	0.2941	0.2817	0.2224	0.2189	0.2294	0.2236	0.3307	0.3279	0.2385	0.2419	
val losses      128:	0.1751	0.1691	0.2795	0.2847	0.2486	0.2636	0.2915	0.3069	0.5856	0.5732	 1.001	0.9919	 | 0.4309 mean
                     	0.4653	0.4283	0.6948	 0.731	0.6605	0.6814	0.7289	0.7933	 1.627	 1.606	 2.487	 2.497	 | 1.507 quantile
                      	 1.958	 1.593	 1.822	 1.899	 1.407	 1.722	 2.579	 2.297	 2.643	 2.621	 3.976	 3.816	 | 3.976 max

train losses    130:	0.1841	0.1769	0.2929	0.2796	0.2324	0.2271	0.2176	0.2059	0.3091	0.3042	0.2474	0.2453	
val losses      130:	0.1671	 0.169	0.2805	0.2847	0.2572	0.2709	0.2977	0.3113	0.5929	0.5763	0.9812	0.9659	 | 0.4295 mean
                     	0.4494	0.4294	0.6996	0.7316	0.7052	0.7149	0.7467	0.7969	 1.646	 1.619	 2.464	 2.434	 | 1.484 quantile
                      	 2.029	 1.607	 1.753	  1.88	 1.409	 1.791	 2.869	 2.625	 2.638	 2.572	 3.884	 3.689	 | 3.884 max

train losses    132:	0.1826	0.1758	0.2905	0.2784	0.2242	0.2165	0.2103	 0.203	0.3047	0.3007	0.2526	0.2516	
val losses      132:	0.1665	0.1682	0.2797	0.2852	0.2367	0.2543	0.2908	0.3102	0.5809	0.5675	 1.008	0.9904	 | 0.4282 mean
                     	0.4493	0.4279	0.6983	0.7309	0.6355	0.6588	0.7382	0.8036	 1.601	 1.588	  2.49	 2.497	 | 1.486 quantile
                      	 2.068	 1.554	 1.759	 1.865	 1.482	  1.62	 2.784	 2.519	 2.706	 2.652	 4.057	 3.982	 | 4.057 max

train losses    134:	0.1801	 0.172	0.2915	0.2768	0.2073	0.2001	0.2075	0.1936	0.2886	0.2866	0.2841	0.2816	
val losses      134:	0.1624	0.1623	0.2822	0.2847	0.2348	0.2531	0.2984	0.3056	0.5836	0.5689	0.9598	0.9479	 | 0.4203 mean
                     	0.4402	0.4134	0.7069	0.7305	0.6152	0.6541	0.7472	0.7893	  1.62	 1.596	  2.47	 2.446	 | 1.442 quantile
                      	 2.241	 1.644	 1.773	 1.843	 1.603	 1.488	 2.796	 2.493	 2.668	 2.643	 4.055	 4.051	 | 4.055 max

train losses    136:	0.1785	0.1748	0.2898	0.2758	0.2032	0.1982	0.2083	0.2048	0.2942	0.2892	0.2998	 0.294	
val losses      136:	0.1625	0.1671	0.2786	0.2853	0.2314	0.2511	0.2891	0.3152	0.5714	0.5616	 1.033	 1.014	 | 0.4301 mean
                     	0.4364	0.4223	0.6988	0.7324	0.6044	0.6444	0.7488	0.8125	 1.583	 1.535	 2.574	 2.597	 | 1.506 quantile
                      	 2.226	 1.651	 1.845	 1.875	 1.588	 1.528	 2.588	 2.435	 2.752	  2.67	 4.451	 4.427	 | 4.451 max

train losses    138:	0.1804	0.1705	0.2916	0.2759	0.2046	0.1992	0.2175	0.2051	 0.292	0.2818	 0.296	0.2901	
val losses      138:	0.1634	0.1608	0.2811	0.2834	0.2363	0.2508	0.2947	0.3043	0.5748	0.5655	0.9371	0.9277	 | 0.415 mean
                     	0.4416	0.4104	0.6992	0.7287	0.6254	0.6531	0.7404	0.7918	  1.62	 1.533	 2.438	 2.401	 | 1.425 quantile
                      	 2.108	 1.608	 1.752	 1.866	 1.476	 1.626	  2.75	 2.533	 2.644	  2.63	 3.865	 3.885	 | 3.885 max

train losses    140:	0.1773	0.1693	0.2912	0.2739	0.2074	0.1966	0.2179	0.2026	0.2784	0.2637	0.4031	0.3982	
val losses      140:	0.1652	0.1608	0.2785	0.2838	0.2374	0.2533	0.2894	0.3044	0.5708	0.5631	0.9618	0.9501	 | 0.4182 mean
                     	 0.441	0.4112	0.6977	0.7258	0.6347	0.6581	0.7345	0.7863	 1.603	 1.514	 2.422	  2.44	 | 1.459 quantile
                      	  1.98	 1.607	 1.815	 1.882	 1.436	 1.684	 2.738	 2.556	 2.666	 2.641	 3.759	 3.535	 | 3.759 max

train losses    142:	0.1814	0.1683	0.2856	 0.274	0.2042	0.1997	0.2031	0.1942	0.2694	0.2578	0.3948	0.3943	
val losses      142:	0.1699	0.1632	0.2783	0.2858	0.2353	0.2537	0.2946	0.3225	0.5693	 0.561	0.9946	0.9822	 | 0.4259 mean
                     	0.4473	0.4142	0.6979	0.7374	0.6206	0.6569	0.7606	0.8339	 1.576	 1.475	 2.484	 2.491	 | 1.484 quantile
                      	 2.059	 1.663	 1.927	 1.913	 1.306	 1.729	 2.678	 2.469	 2.652	 2.754	 3.919	  3.74	 | 3.919 max

train losses    144:	 0.177	0.1701	0.2852	0.2728	0.2067	0.2027	0.2035	0.1956	0.2594	0.2489	0.3287	0.3283	
val losses      144:	 0.165	0.1603	0.2785	0.2841	0.2348	0.2517	  0.29	0.3083	 0.575	0.5662	 1.005	0.9925	 | 0.426 mean
                     	0.4428	0.4116	 0.692	0.7269	 0.625	0.6544	0.7346	0.7938	 1.595	 1.478	 2.538	 2.523	 | 1.5 quantile
                      	 1.986	 1.594	 1.825	 1.892	 1.428	 1.666	 2.547	  2.28	 2.673	 2.606	 3.903	 3.802	 | 3.903 max

train losses    146:	0.1762	0.1679	0.2867	0.2707	0.2086	0.2031	0.2042	0.1894	0.2566	 0.246	0.3205	0.3161	
val losses      146:	0.1617	0.1597	0.2781	0.2837	  0.23	0.2481	0.2874	 0.305	0.5776	0.5693	0.9989	0.9849	 | 0.4237 mean
                     	0.4329	0.4112	0.6934	0.7266	0.6051	0.6415	0.7265	0.7895	 1.614	 1.539	 2.447	 2.437	 | 1.493 quantile
                      	 2.106	 1.592	 1.838	 1.874	  1.49	 1.629	 2.513	 2.258	 2.598	 2.585	 4.072	 3.848	 | 4.072 max

train losses    148:	0.1742	0.1679	0.2828	0.2704	0.2057	0.2015	 0.207	0.2034	0.2607	0.2575	0.4027	 0.398	
val losses      148:	0.1615	0.1587	0.2781	0.2841	0.2299	0.2518	0.2884	0.3089	0.5706	 0.562	 1.022	 1.002	 | 0.4265 mean
                     	0.4348	0.4053	0.6922	0.7279	0.6066	0.6516	0.7363	 0.804	 1.578	 1.537	  2.47	 2.507	 | 1.493 quantile
                      	 2.241	 1.657	 1.847	 1.852	 1.558	  1.57	 2.536	 2.283	 2.678	 2.623	 4.203	 4.177	 | 4.203 max

train losses    150:	0.1787	0.1667	0.2865	0.2704	0.2048	0.1987	0.2139	0.2002	0.2534	0.2561	 0.443	0.4425	
val losses      150:	0.1722	0.1582	0.2797	0.2842	0.2325	0.2526	0.2957	0.3101	0.5714	0.5609	0.9743	0.9629	 | 0.4212 mean
                     	0.4592	0.4079	0.6971	0.7252	0.6053	0.6488	0.7374	0.7869	 1.578	 1.537	 2.523	 2.489	 | 1.451 quantile
                      	 2.324	 1.744	 1.731	 1.808	 1.684	 1.494	 2.776	 2.549	 2.694	 2.654	 4.538	 4.522	 | 4.538 max

train losses    152:	0.1824	0.1687	0.2828	0.2693	0.2032	0.1999	  0.22	 0.214	0.2453	0.2464	0.4029	0.3967	
val losses      152:	0.1732	0.1576	0.2804	0.2852	0.2353	0.2545	0.2998	0.3168	0.5737	0.5658	 1.049	 1.019	 | 0.4342 mean
                     	0.4595	0.4063	0.6963	0.7311	0.6097	0.6426	0.7782	0.8099	 1.596	  1.55	 2.658	 2.644	 | 1.518 quantile
                      	  2.38	 1.723	 1.895	 1.879	  1.63	 1.458	 2.593	 2.367	 2.686	 2.642	 5.185	 5.067	 | 5.185 max

train losses    154:	0.1755	0.1678	0.2862	0.2689	0.2053	 0.202	0.2223	0.2105	0.2436	0.2394	0.3968	 0.392	
val losses      154:	0.1619	0.1641	0.2782	0.2832	0.2312	0.2498	0.2954	0.3089	 0.575	0.5663	 0.969	0.9667	 | 0.4208 mean
                     	0.4379	0.4275	0.6888	0.7231	0.6139	0.6433	0.7387	0.7854	 1.597	 1.517	 2.522	 2.543	 | 1.452 quantile
                      	 2.197	 1.815	  1.78	 1.871	  1.59	 1.499	 2.729	 2.539	  2.65	 2.667	 4.597	 4.614	 | 4.614 max

train losses    156:	0.1758	0.1676	0.2831	0.2712	0.1979	0.1951	0.2373	0.2357	 0.241	0.2354	  0.29	0.2909	
val losses      156:	0.1616	0.1592	0.2786	0.2852	0.2294	0.2471	0.2892	0.3057	0.5731	0.5676	0.9827	0.9717	 | 0.4209 mean
                     	0.4348	0.4052	0.6918	0.7324	0.6031	0.6389	0.7387	0.7967	 1.587	 1.486	 2.506	 2.502	 | 1.453 quantile
                      	 2.228	 1.723	 1.923	 1.899	 1.515	  1.63	 2.565	 2.432	 2.642	  2.66	 4.138	 4.139	 | 4.139 max

train losses    158:	0.1729	0.1679	0.2817	0.2691	 0.196	0.1899	0.2316	0.2219	0.2518	0.2453	0.2002	0.2034	
val losses      158:	0.1609	 0.163	0.2771	 0.283	  0.23	0.2507	0.2868	0.3019	0.5748	0.5679	0.9888	0.9813	 | 0.4222 mean
                     	0.4321	 0.419	0.6964	0.7265	0.6075	0.6528	0.7307	0.7837	 1.584	 1.457	 2.481	  2.48	 | 1.458 quantile
                      	 2.139	 1.778	 1.759	 1.883	 1.363	 1.756	 2.603	 2.508	 2.645	 2.771	 4.008	 3.795	 | 4.008 max

train losses    160:	0.1748	0.1708	0.2779	0.2652	 0.199	0.1925	 0.202	0.1998	0.2683	0.2638	0.1939	0.1947	
val losses      160:	 0.166	0.1626	0.2778	0.2832	0.2285	0.2505	0.2875	0.3049	0.5855	0.5785	0.9784	0.9643	 | 0.4223 mean
                     	0.4433	0.4154	0.6947	0.7244	0.6039	0.6507	0.7302	0.7806	 1.617	 1.505	 2.444	 2.433	 | 1.46 quantile
                      	 2.158	 1.697	 1.788	 1.853	  1.44	 1.728	 2.651	 2.518	 2.598	 2.606	 3.984	 3.721	 | 3.984 max

train losses    162:	0.1747	0.1621	0.2761	0.2629	0.2023	0.1952	0.1897	0.1775	0.3076	0.3039	0.1883	0.1883	
val losses      162:	0.1642	0.1591	0.2785	0.2834	0.2253	0.2458	0.2904	0.3075	0.5754	0.5689	0.9896	0.9749	 | 0.4219 mean
                     	0.4371	0.4094	0.6952	0.7274	0.5932	0.6384	0.7462	0.7923	 1.575	 1.465	 2.492	 2.474	 | 1.453 quantile
                      	 2.229	 1.746	 1.811	 1.858	 1.428	 1.681	 2.496	 2.182	 2.586	  2.69	 4.028	 4.015	 | 4.028 max

train losses    164:	0.1779	0.1653	0.2749	 0.261	0.1964	0.1913	0.1812	0.1678	0.3883	0.3857	0.1911	0.1941	
val losses      164:	0.1717	0.1622	0.2772	0.2829	0.2264	0.2473	0.2865	0.3027	 0.631	 0.618	0.9558	0.9403	 | 0.4252 mean
                     	0.4551	0.4233	0.6909	0.7235	0.6016	0.6418	0.7289	0.7813	 1.727	 1.628	  2.45	 2.426	 | 1.453 quantile
                      	 2.231	 1.766	 1.759	 1.834	  1.52	 1.639	 2.569	 2.391	 2.712	 2.618	 3.938	 3.947	 | 3.947 max

train losses    166:	0.1702	0.1602	0.2755	0.2604	0.1969	0.1932	0.1808	0.1692	0.4302	0.4321	0.2324	0.2416	
val losses      166:	0.1593	0.1569	 0.278	0.2829	0.2271	 0.246	0.2863	0.3034	0.5802	0.5684	0.9911	0.9867	 | 0.4222 mean
                     	0.4295	0.4073	 0.694	0.7233	0.5986	0.6393	0.7363	0.7799	 1.586	 1.469	 2.536	 2.537	 | 1.464 quantile
                      	  2.06	 1.645	  1.69	 1.835	 1.611	  1.52	 2.577	 2.366	 2.565	  2.72	 4.249	 4.356	 | 4.356 max

train losses    168:	0.1827	0.1642	0.2745	0.2616	0.2002	0.1948	0.1911	0.1831	0.4805	0.4685	0.2867	0.2986	
val losses      168:	0.1808	0.1623	0.2782	 0.285	0.2274	0.2466	0.2916	0.3102	 0.629	0.6105	0.9368	0.9254	 | 0.4236 mean
                     	0.4691	0.4209	0.6879	0.7255	0.6083	 0.642	0.7542	0.7944	 1.746	 1.741	  2.44	 2.399	 | 1.458 quantile
                      	 2.205	 1.591	 1.848	 1.876	 1.524	 1.671	 2.521	 2.442	 2.669	  2.96	 3.687	 3.668	 | 3.687 max

train losses    170:	0.1785	0.1709	0.2759	0.2607	0.1993	0.1902	0.2001	0.1865	0.4635	0.4429	0.3661	0.3667	
val losses      170:	0.1663	 0.172	0.2777	0.2831	0.2392	0.2542	0.2915	0.3063	0.6281	0.6125	 0.998	0.9835	 | 0.4344 mean
                     	0.4445	0.4364	0.6914	0.7248	0.6484	 0.672	0.7449	0.7785	 1.771	  1.78	 2.502	 2.505	 | 1.527 quantile
                      	 1.918	 1.686	 1.758	 1.879	 1.425	 1.754	 2.555	 2.417	 2.887	 3.063	 3.989	 3.819	 | 3.989 max

train losses    172:	0.1918	0.1809	0.2751	0.2638	0.2134	0.2138	 0.214	0.2151	 0.447	0.4208	0.4027	0.4262	
val losses      172:	0.1834	0.1708	0.2776	0.2844	0.2271	0.2442	0.2876	0.3042	0.5848	0.5872	0.9536	0.9425	 | 0.4206 mean
                     	0.4693	0.4393	0.6893	0.7332	0.5963	0.6467	0.7265	0.7691	 1.639	 1.558	 2.422	 2.415	 | 1.463 quantile
                      	  2.25	  1.68	 1.892	 1.899	 1.493	 1.666	 2.548	  2.39	 2.609	 2.843	 3.664	 3.388	 | 3.664 max

train losses    174:	0.2184	0.1835	0.2757	 0.267	0.2284	0.2213	0.2066	0.1974	 0.486	0.4762	0.3028	0.3239	
val losses      174:	0.2088	0.1718	0.2878	0.2882	0.2358	0.2573	0.3024	0.3116	0.5731	 0.569	0.9589	0.9467	 | 0.4259 mean
                     	0.5106	0.4354	0.7194	0.7367	 0.642	0.6878	 0.778	0.7975	 1.567	 1.476	 2.432	 2.435	 | 1.451 quantile
                      	 2.225	 1.485	 2.025	  1.93	 1.399	  1.71	 2.557	 2.286	 2.643	  2.83	 3.723	 3.464	 | 3.723 max

train losses    176:	0.1959	0.1817	0.2814	 0.262	0.2327	0.2313	0.2075	0.1805	0.4932	0.5032	0.2334	0.2421	
val losses      176:	0.1725	 0.179	0.2903	0.2839	0.2259	0.2497	0.2956	0.3056	0.6432	0.6747	 1.001	0.9794	 | 0.4418 mean
                     	 0.446	0.4515	0.7161	 0.732	0.5914	0.6448	0.7578	0.7807	 1.687	 1.647	 2.518	 2.458	 | 1.506 quantile
                      	 2.322	 1.698	 1.966	 1.876	 1.268	 1.626	 2.593	 2.558	 2.899	 2.774	  4.08	 4.018	 | 4.08 max

train losses    178:	0.1794	0.1784	0.2783	0.2578	0.2191	0.2303	0.1965	0.1779	0.4227	0.4319	0.2426	0.2347	
val losses      178:	0.1668	0.1716	0.2806	0.2834	0.2437	0.2605	0.2898	0.3072	0.5841	0.5829	0.9645	0.9529	 | 0.424 mean
                     	0.4467	0.4475	 0.697	0.7182	0.6577	0.6676	0.7543	0.7851	 1.567	 1.491	 2.444	 2.414	 | 1.441 quantile
                      	 2.202	 1.691	  1.88	 1.816	 1.633	 1.496	  2.69	 2.581	  2.54	  2.46	 3.945	 3.791	 | 3.945 max

train losses    180:	0.1825	0.1718	0.2729	0.2595	0.2341	0.2171	0.2045	0.2006	  0.32	 0.304	0.2924	0.2765	
val losses      180:	0.1754	0.1605	0.2778	0.2839	0.2618	0.2536	0.2902	0.3049	0.5912	0.5749	0.9534	0.9491	 | 0.4231 mean
                     	0.4637	0.4164	0.6903	0.7227	0.6674	0.6421	0.7535	0.7799	 1.639	 1.655	 2.416	 2.402	 | 1.455 quantile
                      	  2.07	 1.419	 1.836	 1.825	 1.686	 1.472	 2.574	 2.421	 2.618	 2.695	 3.966	 3.805	 | 3.966 max

train losses    182:	0.1781	 0.164	0.2777	0.2575	0.2147	0.2037	0.2095	0.1897	0.3214	 0.309	0.2809	0.2755	
val losses      182:	0.1669	0.1614	0.2938	0.2858	0.2535	0.2541	0.3112	0.3212	0.6316	0.6285	 1.023	  1.01	 | 0.4451 mean
                     	0.4349	0.4088	0.7234	0.7312	0.6261	0.6509	0.8134	0.8209	 1.717	 1.719	 2.517	 2.531	 | 1.535 quantile
                      	 2.163	 1.414	 2.028	 1.901	  1.46	 1.636	  2.56	 2.351	 2.687	 2.835	 4.363	 4.399	 | 4.399 max

train losses    184:	0.1751	 0.161	0.2719	0.2582	0.2039	0.1955	0.2156	0.2161	0.2933	0.3072	0.2363	0.2356	
val losses      184:	0.1608	0.1587	0.2796	0.2831	0.2264	0.2452	0.2903	 0.308	 0.577	0.5691	0.9481	0.9385	 | 0.4154 mean
                     	0.4221	0.4046	0.6897	0.7207	0.5953	0.6421	0.7495	0.7938	 1.613	 1.554	  2.44	 2.417	 | 1.418 quantile
                      	 2.254	 1.672	 1.891	  1.88	 1.444	 1.632	 2.415	 2.191	 2.625	 2.595	 3.985	  4.08	 | 4.08 max

train losses    186:	0.1713	 0.161	0.2692	0.2567	0.1955	0.1897	0.2154	0.2109	0.2652	0.2521	0.2278	0.2214	
val losses      186:	 0.159	0.1601	 0.278	0.2833	0.2255	0.2447	0.2901	0.3071	0.5637	0.5623	 0.954	0.9447	 | 0.4144 mean
                     	0.4185	0.4126	0.6862	 0.723	0.5859	0.6417	0.7434	0.7846	 1.565	 1.486	 2.442	  2.42	 | 1.422 quantile
                      	 2.167	 1.623	 1.814	 1.863	 1.354	 1.681	 2.497	 2.293	 2.687	 2.585	 3.885	 3.958	 | 3.958 max

train losses    188:	0.1656	0.1596	0.2673	0.2544	0.1878	0.1812	0.2046	0.1988	0.2663	0.2691	0.2265	 0.226	
val losses      188:	0.1596	0.1593	0.2806	0.2837	0.2273	0.2473	0.2923	0.3064	0.5643	 0.567	0.9897	0.9732	 | 0.4209 mean
                     	0.4218	0.4084	0.6919	0.7252	0.5949	0.6446	0.7564	0.7765	 1.551	 1.453	 2.494	 2.468	 | 1.45 quantile
                      	   2.0	 1.542	 1.792	 1.878	 1.334	 1.656	 2.537	  2.33	 2.597	 2.638	 4.065	 4.092	 | 4.092 max

train losses    190:	0.1637	0.1572	0.2658	0.2531	 0.189	0.1843	0.1977	0.1927	0.2573	0.2503	0.2498	0.2457	
val losses      190:	0.1581	0.1577	0.2784	0.2832	0.2254	0.2473	0.2907	0.3089	0.5629	0.5598	0.9522	0.9414	 | 0.4138 mean
                     	0.4185	0.3996	0.6884	0.7226	0.5944	0.6459	0.7551	0.7845	 1.543	 1.437	 2.422	 2.393	 | 1.432 quantile
                      	 1.985	 1.392	 1.788	  1.87	 1.423	 1.582	 2.451	  2.26	 2.597	 2.727	 3.831	 3.494	 | 3.831 max

train losses    192:	0.1631	0.1543	0.2641	0.2514	 0.185	0.1794	0.1996	0.1938	0.2447	0.2376	0.2226	0.2236	
val losses      192:	0.1599	0.1573	0.2771	0.2835	0.2234	0.2465	0.2883	 0.303	0.5641	0.5593	0.9868	0.9741	 | 0.4186 mean
                     	0.4169	0.3981	0.6923	0.7269	0.5878	0.6453	0.7339	0.7827	 1.563	  1.45	 2.441	 2.425	 | 1.461 quantile
                      	 2.004	 1.492	 1.667	  1.83	  1.38	 1.615	 2.583	 2.356	 2.573	 2.658	 4.115	 3.791	 | 4.115 max

train losses    194:	0.1626	 0.154	0.2626	0.2494	0.1821	0.1758	0.1864	0.1793	 0.233	0.2239	0.2098	 0.209	
val losses      194:	0.1581	0.1619	0.2772	0.2834	0.2224	0.2438	0.2877	0.3039	0.5668	0.5617	0.9686	0.9542	 | 0.4158 mean
                     	0.4107	0.4108	0.6925	0.7229	0.5773	0.6413	0.7315	0.7792	 1.581	 1.464	  2.43	  2.39	 | 1.44 quantile
                      	 2.045	 1.449	 1.674	 1.834	 1.344	 1.668	 2.583	  2.29	 2.557	  2.66	 4.044	 3.719	 | 4.044 max

train losses    196:	 0.161	0.1554	0.2611	0.2483	0.1809	0.1756	0.1783	 0.171	 0.229	0.2232	0.2385	0.2379	
val losses      196:	0.1602	0.1627	0.2775	0.2835	0.2227	0.2447	0.2873	 0.303	0.5701	0.5658	0.9805	0.9662	 | 0.4187 mean
                     	0.4148	0.4102	0.6938	0.7247	0.5913	 0.642	0.7313	0.7816	 1.596	 1.507	 2.432	 2.424	 | 1.452 quantile
                      	 1.992	 1.418	 1.661	 1.815	 1.351	 1.715	 2.635	 2.367	  2.53	 2.647	 4.144	  3.92	 | 4.144 max

train losses    198:	0.1612	0.1551	0.2602	0.2471	0.1792	0.1726	0.1767	0.1674	0.2306	0.2319	0.2624	0.2621	
val losses      198:	0.1606	0.1624	0.2777	0.2836	0.2227	0.2441	 0.289	0.3036	0.5716	0.5659	0.9819	 0.971	 | 0.4195 mean
                     	0.4133	0.4105	0.6921	0.7259	0.5889	0.6405	0.7339	0.7807	 1.609	 1.537	 2.466	 2.456	 | 1.456 quantile
                      	 1.957	 1.406	 1.664	 1.801	 1.383	 1.699	 2.699	 2.386	 2.533	 2.664	 4.134	 4.152	 | 4.152 max

train losses    200:	0.1589	0.1541	0.2593	0.2453	0.1781	0.1724	0.1741	 0.167	0.2259	0.2257	 0.241	0.2412	
val losses      200:	0.1613	0.1613	0.2777	0.2835	 0.222	0.2432	0.2882	0.3047	0.5672	0.5589	0.9658	0.9532	 | 0.4156 mean
                     	0.4184	0.4062	0.6921	0.7253	 0.591	0.6417	0.7317	0.7799	 1.573	   1.5	  2.45	  2.44	 | 1.428 quantile
                      	 1.965	 1.466	 1.656	 1.815	  1.31	  1.72	 2.645	 2.346	 2.588	 2.706	 3.992	 4.008	 | 4.008 max

train losses    202:	 0.165	0.1513	0.2572	0.2433	 0.182	 0.171	0.1678	0.1592	0.2192	0.2117	0.2315	0.2297	
val losses      202:	0.1678	0.1596	0.2773	0.2835	0.2255	0.2427	0.2873	0.3043	0.5668	0.5601	0.9742	0.9603	 | 0.4175 mean
                     	0.4325	0.4029	0.6892	0.7225	0.5947	0.6378	0.7302	0.7745	 1.577	  1.48	 2.477	 2.455	 | 1.442 quantile
                      	 1.906	 1.473	 1.653	  1.83	 1.233	 1.707	 2.582	 2.314	 2.602	   2.7	 4.013	 4.034	 | 4.034 max

train losses    204:	0.1612	0.1503	0.2567	 0.242	0.1792	  0.17	0.1669	0.1564	0.2201	0.2181	0.2921	0.2886	
val losses      204:	0.1684	0.1601	0.2781	0.2837	0.2267	0.2423	0.2895	 0.305	0.5686	0.5612	0.9498	0.9376	 | 0.4142 mean
                     	0.4368	0.4041	0.6909	 0.723	0.5994	0.6357	0.7341	0.7765	 1.574	 1.477	 2.431	 2.398	 | 1.429 quantile
                      	 1.805	 1.395	 1.655	 1.835	 1.283	 1.689	 2.595	 2.265	 2.589	 2.729	 3.808	 3.487	 | 3.808 max

train losses    206:	0.1766	0.1504	0.2539	0.2408	0.1817	0.1688	0.1648	0.1543	0.2198	0.2231	0.3259	0.3245	
val losses      206:	0.1847	 0.163	0.2773	0.2848	0.2234	0.2404	0.2879	0.3067	 0.567	0.5632	0.9969	0.9826	 | 0.4232 mean
                     	0.4655	0.4117	0.6915	0.7245	0.5937	0.6306	 0.728	 0.779	 1.582	 1.477	 2.465	 2.456	 | 1.474 quantile
                      	 1.821	 1.413	 1.628	 1.851	 1.232	 1.682	 2.546	 2.249	 2.563	 2.639	 4.153	 3.839	 | 4.153 max

train losses    208:	0.1668	0.1544	0.2547	0.2404	0.1754	 0.169	0.1635	0.1589	0.2146	0.2121	0.2623	0.2535	
val losses      208:	0.1698	0.1668	0.2798	0.2839	0.2213	0.2403	0.2906	0.3097	0.5684	0.5596	0.9556	0.9436	 | 0.4158 mean
                     	0.4374	0.4211	 0.691	0.7228	0.5856	0.6293	0.7323	0.7883	 1.575	 1.457	 2.435	  2.41	 | 1.432 quantile
                      	 1.819	 1.356	 1.655	 1.844	  1.24	 1.657	 2.583	 2.172	 2.574	 2.758	 3.868	  3.55	 | 3.868 max

train losses    210:	0.1706	0.1541	0.2545	0.2383	0.1774	0.1659	0.1614	0.1499	0.2119	0.2088	0.2341	0.2327	
val losses      210:	0.1775	0.1656	0.2782	0.2838	0.2246	0.2433	0.2883	0.3099	0.5707	0.5698	 1.031	 1.013	 | 0.4297 mean
                     	0.4567	 0.419	0.6878	0.7244	0.5951	0.6413	0.7333	0.7888	  1.58	 1.484	 2.445	 2.481	 | 1.496 quantile
                      	 1.768	 1.305	 1.636	 1.844	 1.252	 1.674	 2.548	 2.222	 2.539	 2.616	 4.312	 4.018	 | 4.312 max

train losses    212:	0.1619	0.1578	0.2549	0.2371	0.1757	0.1651	0.1582	0.1555	0.2126	 0.217	0.3146	0.3099	
val losses      212:	0.1622	0.1701	0.2811	0.2835	0.2214	 0.241	0.2898	0.3115	0.5693	0.5612	0.9558	0.9417	 | 0.4157 mean
                     	0.4181	0.4281	0.6941	0.7279	0.5853	 0.631	0.7315	0.7909	 1.591	 1.487	 2.437	 2.418	 | 1.419 quantile
                      	  1.88	 1.336	 1.652	 1.828	 1.256	 1.691	 2.592	  2.15	 2.542	 2.689	 3.995	 3.973	 | 3.995 max

train losses    214:	0.1573	0.1587	0.2585	0.2367	0.1747	0.1667	 0.164	0.1518	0.2137	0.2176	0.3072	0.3047	
val losses      214:	0.1617	0.1664	0.2807	0.2839	0.2185	0.2401	0.2888	0.3099	0.5665	0.5591	 1.003	0.9843	 | 0.4219 mean
                     	0.4178	0.4199	0.6952	0.7237	0.5779	0.6288	0.7336	0.7875	 1.571	 1.501	 2.517	 2.507	 | 1.469 quantile
                      	 1.942	 1.383	  1.65	 1.824	 1.258	 1.675	 2.585	 2.234	 2.584	 2.694	 4.355	 4.334	 | 4.355 max

train losses    216:	0.1592	0.1564	0.2535	0.2365	0.1771	0.1647	0.1608	0.1633	0.2108	0.2123	0.2647	0.2633	
val losses      216:	0.1667	0.1631	0.2794	0.2838	0.2278	0.2426	0.2909	0.3116	 0.574	 0.566	0.9821	0.9688	 | 0.4214 mean
                     	0.4325	0.4099	0.6852	0.7271	0.6012	0.6422	0.7358	0.7937	 1.618	 1.533	 2.551	 2.531	 | 1.45 quantile
                      	 1.763	 1.321	 1.629	 1.836	 1.229	  1.68	 2.544	 2.186	 2.547	 2.729	 4.564	 4.535	 | 4.564 max

train losses    218:	0.1614	0.1512	0.2564	0.2349	0.1781	0.1641	0.1783	0.1595	0.2049	0.2035	0.3278	 0.325	
val losses      218:	0.1713	0.1624	0.2795	0.2842	0.2233	0.2398	 0.292	0.3098	0.5698	0.5593	0.9388	0.9271	 | 0.4131 mean
                     	 0.443	0.4119	0.6871	0.7254	0.5936	0.6247	0.7345	0.7877	 1.586	 1.484	 2.437	 2.434	 | 1.412 quantile
                      	 1.768	 1.368	  1.61	 1.871	 1.193	 1.663	 2.508	 2.179	 2.554	 2.739	 3.837	 3.857	 | 3.857 max

train losses    220:	0.1737	0.1537	0.2477	0.2371	0.1785	0.1656	0.1731	0.1803	0.2124	0.2073	0.3966	0.3929	
val losses      220:	0.1955	0.1656	0.2774	0.2873	0.2308	0.2402	0.2918	0.3172	0.5703	0.5612	0.9691	0.9567	 | 0.4219 mean
                     	0.4889	0.4184	0.6843	0.7308	0.6106	0.6322	0.7389	0.8036	 1.592	 1.484	 2.433	 2.434	 | 1.453 quantile
                      	  1.69	 1.378	  1.61	 1.879	 1.169	 1.699	 2.457	 2.165	 2.563	   2.7	 3.966	 3.667	 | 3.966 max

train losses    222:	0.1849	0.1488	0.2549	0.2356	0.1794	0.1682	0.2064	0.1808	0.2112	0.2097	0.3944	0.3914	
val losses      222:	0.1941	0.1621	0.2797	0.2846	0.2244	0.2408	0.2935	0.3065	0.5715	0.5667	 1.025	 1.012	 | 0.4301 mean
                     	0.4878	0.4118	0.6911	0.7242	0.5961	0.6279	0.7356	0.7743	 1.578	 1.461	 2.515	 2.517	 | 1.512 quantile
                      	 1.697	 1.343	 1.612	 1.874	 1.148	 1.687	 2.561	 2.229	 2.551	 2.722	  4.07	 3.789	 | 4.07 max

train losses    224:	0.1751	0.1604	0.2466	0.2406	0.1794	0.1703	0.1834	0.2147	0.2041	0.2041	0.3755	0.3743	
val losses      224:	0.1763	0.1758	0.2773	0.2882	0.2212	 0.241	0.2984	 0.349	 0.572	0.5671	 1.018	 1.005	 | 0.4324 mean
                     	0.4535	0.4431	0.6851	 0.735	0.5806	0.6367	0.7649	0.8715	  1.57	 1.457	 2.529	 2.536	 | 1.495 quantile
                      	 1.741	 1.285	 1.629	 1.891	 1.177	 1.639	  2.37	 2.363	 2.576	 2.861	 4.111	 3.906	 | 4.111 max

train losses    226:	0.1695	0.1548	0.2593	0.2352	0.1869	0.1731	0.2076	0.1821	0.2086	0.2004	0.3482	0.3493	
val losses      226:	0.1702	0.1664	0.2895	0.2859	 0.228	 0.244	0.3058	0.3041	0.5716	0.5644	0.9945	0.9791	 | 0.4253 mean
                     	0.4379	0.4209	0.7146	0.7258	0.5962	0.6477	0.7683	0.7783	 1.587	  1.46	 2.442	  2.42	 | 1.47 quantile
                      	 1.816	 1.341	 1.668	 1.805	 1.176	 1.663	 2.613	 2.312	 2.542	 2.737	 4.172	 3.835	 | 4.172 max

train losses    228:	0.1587	0.1686	0.2482	 0.235	0.1902	0.1859	 0.203	0.2242	 0.203	0.1963	0.2479	0.2501	
val losses      228:	0.1596	 0.181	0.2774	0.2839	0.2203	0.2425	0.2909	0.3234	0.5695	0.5607	0.9622	0.9417	 | 0.4178 mean
                     	0.4111	0.4452	0.6826	 0.731	0.5772	0.6397	0.7379	0.8182	 1.557	 1.471	 2.452	 2.437	 | 1.419 quantile
                      	 1.903	 1.263	 1.627	 1.816	 1.253	 1.617	 2.475	 2.193	 2.604	  2.82	 4.031	 3.978	 | 4.031 max

train losses    230:	0.1566	0.1625	0.2597	0.2379	0.1809	 0.171	0.2319	0.2264	0.2004	0.1947	0.2018	0.2054	
val losses      230:	 0.161	0.1643	0.2868	0.2853	 0.223	0.2429	0.3072	0.3066	0.5746	0.5664	0.9645	  0.95	 | 0.4194 mean
                     	0.4229	0.4132	0.7067	0.7282	0.5871	0.6307	0.7633	0.7799	 1.607	 1.498	 2.512	 2.472	 | 1.427 quantile
                      	 1.772	 1.282	 1.711	 1.771	 1.245	 1.598	 2.684	 2.372	 2.526	 2.691	 4.342	  4.34	 | 4.342 max

train losses    232:	0.1571	0.1559	0.2546	0.2383	0.1773	0.1651	0.2421	0.2418	0.2009	0.1986	0.2124	0.2104	
val losses      232:	0.1622	0.1611	0.2784	0.2837	0.2211	0.2439	0.2938	0.3047	0.5751	0.5687	0.9665	0.9518	 | 0.4176 mean
                     	0.4221	0.4076	0.6863	0.7233	0.5824	0.6214	0.7453	0.7742	 1.613	 1.508	 2.483	 2.464	 | 1.436 quantile
                      	 1.796	 1.266	  1.64	 1.818	 1.378	 1.506	 2.667	 2.398	 2.505	 2.691	 4.221	 4.236	 | 4.236 max

train losses    234:	0.1601	0.1486	0.2492	 0.235	0.1722	0.1627	0.2143	0.2135	 0.197	0.1888	0.2051	0.2059	
val losses      234:	0.1667	0.1565	0.2778	0.2837	0.2185	0.2403	0.2844	0.3033	0.5711	0.5633	0.9616	  0.95	 | 0.4148 mean
                     	0.4336	0.3958	0.6852	0.7253	 0.576	0.6248	0.7254	0.7743	 1.593	 1.498	 2.461	 2.449	 | 1.434 quantile
                      	 1.885	 1.405	 1.625	 1.868	 1.243	 1.575	 2.531	 2.271	 2.549	 2.702	 4.011	 3.996	 | 4.011 max

train losses    236:	0.1577	0.1426	 0.242	0.2287	0.1676	0.1603	0.1861	0.1777	0.1928	0.1892	0.1875	0.1828	
val losses      236:	0.1637	0.1535	0.2775	0.2833	0.2181	  0.24	 0.286	0.3011	 0.572	0.5651	0.9711	0.9606	 | 0.416 mean
                     	0.4248	0.3908	0.6855	0.7275	0.5696	0.6268	0.7232	0.7695	 1.582	 1.489	 2.442	 2.415	 | 1.447 quantile
                      	 1.898	 1.502	 1.635	 1.867	 1.205	 1.663	  2.41	 2.175	 2.555	 2.692	 4.081	 3.793	 | 4.081 max

train losses    238:	 0.158	 0.141	0.2384	0.2262	0.1662	0.1581	0.1697	 0.163	0.1953	0.1938	0.1748	0.1761	
val losses      238:	0.1655	0.1565	0.2783	 0.284	0.2201	0.2408	0.2911	0.3069	0.5713	 0.564	0.9855	0.9726	 | 0.4197 mean
                     	0.4338	0.3956	0.6843	0.7278	0.5758	0.6336	0.7366	0.7924	 1.569	 1.487	 2.435	 2.406	 | 1.454 quantile
                      	 1.948	 1.513	 1.657	  1.88	   1.1	 1.737	  2.39	 2.159	 2.606	 2.797	 4.127	 3.821	 | 4.127 max

train losses    240:	0.1527	0.1429	0.2366	0.2237	0.1638	0.1564	0.1651	0.1585	0.1988	0.1934	0.1846	0.1816	
val losses      240:	0.1602	0.1583	0.2777	0.2838	0.2172	0.2391	0.2866	0.3021	0.5726	0.5639	0.9715	0.9577	 | 0.4159 mean
                     	0.4175	0.3991	0.6794	0.7292	0.5645	0.6244	0.7237	0.7731	 1.564	 1.486	 2.419	 2.388	 | 1.438 quantile
                      	 1.901	 1.451	 1.595	 1.829	 1.216	 1.661	 2.373	 2.098	 2.628	 2.788	 4.094	 3.787	 | 4.094 max

train losses    242:	0.1519	0.1413	0.2356	0.2224	0.1609	0.1537	0.1555	0.1435	0.1966	0.1875	0.2184	0.2168	
val losses      242:	0.1595	0.1568	0.2795	0.2849	 0.217	0.2393	0.2886	0.3003	0.5719	0.5639	0.9877	0.9753	 | 0.4187 mean
                     	0.4143	0.3966	0.6892	0.7254	0.5634	0.6233	 0.727	0.7695	  1.57	 1.474	 2.442	 2.443	 | 1.442 quantile
                      	 1.905	 1.404	 1.619	 1.801	 1.256	  1.62	 2.563	 2.319	 2.618	 2.721	 4.135	  4.05	 | 4.135 max

train losses    244:	 0.147	0.1438	0.2341	0.2204	0.1603	0.1545	0.1489	0.1418	0.1903	0.1778	0.2475	0.2473	
val losses      244:	0.1545	0.1591	0.2795	 0.285	0.2168	0.2393	0.2885	0.3045	0.5718	0.5627	0.9639	0.9503	 | 0.4147 mean
                     	0.4001	0.3984	0.6911	0.7259	0.5588	0.6248	0.7354	0.7743	 1.563	 1.484	 2.464	 2.442	 | 1.417 quantile
                      	 1.933	 1.399	 1.614	 1.799	 1.249	 1.648	 2.605	 2.322	 2.625	 2.718	 4.148	  4.17	 | 4.17 max

train losses    246:	0.1489	0.1425	0.2322	0.2196	0.1606	0.1544	0.1476	0.1389	0.1855	 0.176	0.2291	 0.226	
val losses      246:	0.1586	0.1564	0.2799	0.2858	 0.217	0.2396	0.2886	0.3036	0.5734	 0.566	0.9959	0.9821	 | 0.4206 mean
                     	0.4122	0.3943	0.6912	0.7281	0.5639	0.6278	0.7351	0.7742	 1.569	 1.476	 2.533	 2.526	 | 1.452 quantile
                      	 1.881	 1.384	  1.61	  1.79	 1.212	 1.646	 2.608	 2.356	 2.558	 2.682	 4.439	 4.447	 | 4.447 max

train losses    248:	0.1459	0.1418	0.2326	0.2182	0.1582	0.1532	0.1466	0.1394	0.1899	0.1806	 0.255	0.2539	
val losses      248:	0.1567	0.1574	  0.28	 0.285	0.2163	0.2371	 0.289	0.3052	0.5757	0.5666	 0.939	0.9276	 | 0.4113 mean
                     	0.4067	0.3979	0.6924	0.7288	0.5591	0.6217	0.7328	 0.777	 1.587	 1.482	 2.457	 2.431	 | 1.402 quantile
                      	 1.866	 1.374	 1.596	 1.786	 1.219	 1.613	 2.567	 2.279	 2.494	 2.692	 3.941	 3.988	 | 3.988 max

train losses    250:	0.1567	0.1401	0.2294	 0.217	0.1611	0.1522	0.1464	0.1383	0.1924	0.1812	0.3249	0.3246	
val losses      250:	0.1728	0.1563	0.2793	0.2847	0.2179	0.2361	0.2882	0.3039	0.5724	0.5687	0.9887	0.9743	 | 0.4203 mean
                     	0.4443	0.3956	0.6904	0.7263	0.5711	 0.618	 0.732	0.7717	 1.592	 1.468	 2.479	 2.465	 | 1.459 quantile
                      	 1.826	 1.436	 1.568	 1.809	 1.103	 1.633	 2.505	 2.264	 2.499	 2.674	 4.107	  3.87	 | 4.107 max

train losses    252:	0.1513	 0.139	0.2295	0.2166	0.1594	0.1566	0.1503	  0.14	0.1942	0.1832	 0.334	 0.323	
val losses      252:	0.1656	 0.157	0.2794	0.2841	0.2201	0.2378	0.2896	0.3047	0.5783	0.5675	0.9777	0.9657	 | 0.419 mean
                     	0.4296	0.3985	0.6879	0.7262	0.5768	0.6315	0.7353	0.7705	 1.619	 1.496	  2.51	 2.481	 | 1.473 quantile
                      	 1.737	 1.345	 1.576	 1.808	 1.155	 1.656	 2.481	  2.14	 2.504	 2.703	 3.826	 3.668	 | 3.826 max

train losses    254:	0.1601	0.1395	0.2278	0.2157	 0.166	0.1541	0.1497	0.1406	0.1956	0.1974	0.3268	0.3262	
val losses      254:	 0.177	0.1598	0.2801	0.2854	0.2233	  0.24	0.2898	0.3054	0.5733	0.5697	 1.036	  1.02	 | 0.43 mean
                     	0.4568	0.4042	0.6939	0.7329	0.5852	0.6339	0.7288	0.7733	  1.61	 1.473	 2.476	 2.492	 | 1.531 quantile
                      	 1.785	 1.389	 1.601	 1.845	 1.085	 1.709	 2.435	 2.184	 2.505	 2.609	 4.282	 3.999	 | 4.282 max

train losses    256:	0.1488	0.1398	0.2299	0.2153	0.1596	0.1536	0.1578	 0.147	0.1977	0.1969	0.3318	0.3241	
val losses      256:	0.1592	0.1588	0.2814	0.2843	0.2182	0.2378	0.2915	0.3061	0.5736	0.5628	0.9744	0.9625	 | 0.4176 mean
                     	0.4152	0.4008	0.6942	0.7255	0.5676	0.6276	0.7389	0.7728	 1.605	 1.494	 2.482	 2.453	 | 1.453 quantile
                      	  1.87	  1.43	 1.594	 1.815	 1.058	 1.702	 2.513	 2.175	 2.529	 2.728	 3.992	 3.726	 | 3.992 max

train losses    258:	0.1497	 0.143	0.2296	0.2152	0.1613	0.1525	0.1609	0.1551	0.2057	0.2074	0.3018	 0.298	
val losses      258:	0.1603	 0.158	0.2806	0.2855	0.2196	0.2412	0.2957	 0.319	0.5801	0.5792	 1.027	 1.006	 | 0.4294 mean
                     	0.4187	0.4018	0.6893	0.7277	0.5753	0.6367	0.7517	0.7993	 1.632	 1.567	  2.46	 2.483	 | 1.499 quantile
                      	 1.782	 1.303	 1.597	 1.844	 1.176	  1.69	  2.48	 2.225	 2.476	 2.621	  4.28	 4.052	 | 4.28 max

train losses    260:	0.1439	0.1396	0.2343	0.2181	0.1548	0.1494	 0.179	0.1755	0.2168	0.2364	0.2766	0.2724	
val losses      260:	0.1524	0.1544	0.2866	0.2867	0.2158	0.2375	0.2908	0.3057	0.5799	0.5673	0.9356	0.9267	 | 0.4116 mean
                     	0.3975	0.3882	0.7074	0.7284	0.5625	0.6219	0.7399	0.7739	 1.633	 1.532	 2.438	 2.427	 | 1.401 quantile
                      	 1.877	  1.42	 1.641	 1.803	 1.186	 1.646	 2.551	 2.184	 2.479	 2.733	 4.029	 4.094	 | 4.094 max

train losses    262:	0.1439	0.1405	0.2382	0.2203	 0.158	 0.151	0.1949	0.1843	0.2046	0.2115	0.2512	0.2458	
val losses      262:	0.1529	0.1534	0.2802	0.2852	0.2143	0.2386	0.2944	0.3194	 0.575	0.5677	0.9882	0.9712	 | 0.42 mean
                     	0.4002	0.3881	0.6908	0.7288	0.5581	0.6179	  0.75	0.8042	 1.611	  1.56	 2.553	 2.527	 | 1.456 quantile
                      	 1.906	 1.417	 1.571	 1.828	 1.122	 1.672	 2.433	 2.169	 2.491	 2.668	 4.366	  4.39	 | 4.39 max

train losses    264:	0.1466	0.1396	0.2321	0.2219	0.1594	0.1537	0.2061	0.2126	0.1961	0.1924	0.2527	0.2478	
val losses      264:	0.1607	0.1543	0.2793	0.2849	0.2221	0.2413	0.2928	0.3162	0.5862	0.5782	0.9784	0.9639	 | 0.4215 mean
                     	0.4228	0.3934	0.6822	0.7275	0.5795	0.6267	0.7364	0.7874	 1.651	 1.556	  2.53	 2.501	 | 1.449 quantile
                      	 1.749	 1.362	 1.574	 1.819	 1.166	 1.603	 2.354	  2.11	 2.487	 2.692	 4.337	 4.357	 | 4.357 max

train losses    266:	 0.148	0.1388	0.2379	0.2217	0.1587	0.1617	0.2269	0.2145	0.1869	0.1905	0.2244	0.2215	
val losses      266:	0.1565	0.1526	0.2811	 0.285	0.2148	0.2468	0.2888	0.3108	0.5684	0.5595	0.9445	0.9322	 | 0.4118 mean
                     	  0.41	 0.387	0.6853	0.7311	0.5611	 0.618	0.7285	0.7816	 1.562	 1.511	 2.422	 2.404	 | 1.41 quantile
                      	 1.838	 1.405	 1.617	 1.838	 1.149	 1.465	 2.423	 2.078	 2.586	 2.774	 3.875	 3.635	 | 3.875 max

train losses    268:	0.1534	0.1405	0.2324	0.2246	0.1619	0.1606	 0.219	0.2241	0.2091	0.2214	0.2062	0.2024	
val losses      268:	0.1735	0.1552	0.2786	0.2839	0.2247	0.2383	0.2872	0.3059	0.5732	0.5657	  1.01	0.9909	 | 0.4239 mean
                     	0.4469	0.3942	0.6826	0.7293	0.5859	0.6251	0.7196	0.7682	 1.584	 1.498	 2.474	 2.474	 | 1.475 quantile
                      	 1.737	 1.373	  1.61	 1.813	 1.199	 1.611	 2.417	  2.13	 2.581	 2.745	 4.267	  3.99	 | 4.267 max

train losses    270:	0.1562	0.1439	  0.23	0.2157	0.1655	 0.159	0.2003	0.1934	0.2603	0.2742	0.2125	0.2137	
val losses      270:	0.1676	0.1699	0.2816	0.2842	0.2171	0.2365	0.2913	0.2992	 0.574	0.5641	0.9715	0.9585	 | 0.418 mean
                     	0.4322	0.4279	0.6902	0.7287	0.5604	0.6251	0.7348	0.7645	  1.56	  1.53	 2.428	 2.416	 | 1.448 quantile
                      	 1.814	 1.343	 1.635	 1.834	 1.037	 1.597	 2.569	 2.219	 2.672	  2.87	 3.995	  3.74	 | 3.995 max

train losses    272:	0.1532	0.1514	 0.225	0.2113	 0.158	0.1531	0.1694	 0.172	0.2734	0.2695	0.2184	0.2222	
val losses      272:	 0.176	0.1706	0.2856	0.2855	0.2217	0.2382	0.2994	0.3014	0.5956	0.5749	0.9895	0.9717	 | 0.4258 mean
                     	0.4519	0.4282	0.7013	0.7278	0.5755	0.6276	0.7516	0.7677	 1.557	 1.486	 2.428	 2.408	 | 1.454 quantile
                      	 1.749	 1.252	 1.673	   1.8	 1.168	 1.618	 2.755	 2.453	 2.886	 3.095	 4.203	 3.934	 | 4.203 max

train losses    274:	 0.157	0.1483	0.2237	0.2079	0.1598	0.1486	0.1652	0.1606	0.2408	0.2415	 0.238	0.2389	
val losses      274:	 0.171	0.1656	0.2847	0.2857	0.2144	 0.234	 0.296	0.3039	 0.576	0.5709	0.9728	0.9563	 | 0.4193 mean
                     	0.4412	 0.416	0.7061	0.7314	0.5574	0.6078	0.7508	0.7815	 1.583	 1.486	 2.471	 2.442	 | 1.431 quantile
                      	 1.854	 1.378	 1.652	 1.796	 1.082	 1.596	  2.76	  2.38	 2.597	 2.718	 4.064	 4.095	 | 4.095 max

train losses    276:	 0.152	0.1515	0.2239	0.2076	0.1544	0.1465	 0.161	 0.157	0.2125	0.1972	0.2193	0.2202	
val losses      276:	0.1685	0.1647	0.2848	0.2865	0.2173	0.2367	0.2899	 0.304	 0.583	0.5649	0.9619	0.9497	 | 0.4177 mean
                     	0.4357	0.4135	0.6987	0.7295	0.5661	0.6116	0.7286	0.7713	 1.547	 1.463	 2.474	 2.455	 | 1.415 quantile
                      	 1.901	 1.389	 1.625	 1.788	 1.136	 1.562	 2.629	 2.291	 2.771	 2.864	 4.119	 4.176	 | 4.176 max

train losses    278:	0.1542	0.1445	0.2213	0.2064	 0.154	 0.145	0.1549	0.1529	 0.204	0.1964	0.2228	0.2222	
val losses      278:	  0.17	0.1583	0.2824	0.2864	0.2173	0.2373	0.2864	0.3039	0.5786	0.5759	0.9862	0.9712	 | 0.4212 mean
                     	0.4385	0.4048	0.6938	0.7285	0.5645	0.6088	0.7211	0.7721	 1.598	 1.482	 2.542	 2.513	 | 1.446 quantile
                      	 1.785	 1.346	 1.585	   1.8	 1.198	  1.53	 2.468	 2.133	 2.518	 2.633	 4.425	 4.454	 | 4.454 max

train losses    280:	0.1526	0.1421	0.2203	 0.206	0.1509	0.1453	0.1578	0.1571	0.1987	0.1918	0.2184	0.2193	
val losses      280:	0.1662	0.1595	0.2829	0.2876	 0.215	0.2359	 0.288	0.3033	0.5751	0.5685	0.9491	 0.939	 | 0.4142 mean
                     	 0.432	0.4042	0.6914	0.7258	0.5538	0.6111	0.7258	0.7719	 1.595	  1.49	 2.465	 2.444	 | 1.418 quantile
                      	 1.794	 1.383	 1.585	 1.798	 1.115	 1.558	 2.395	 2.112	 2.512	 2.664	 3.935	 4.019	 | 4.019 max

train losses    282:	0.1518	0.1381	0.2191	 0.206	0.1527	0.1455	0.1584	0.1497	0.1925	0.1818	0.2249	0.2251	
val losses      282:	0.1695	0.1571	0.2828	0.2878	0.2174	0.2354	0.2884	0.2998	0.5772	0.5692	0.9681	0.9554	 | 0.4173 mean
                     	0.4416	0.3998	0.6929	0.7306	0.5665	0.6158	0.7315	0.7649	 1.623	 1.488	 2.461	  2.44	 | 1.443 quantile
                      	 1.745	 1.374	 1.594	  1.78	 1.068	 1.638	 2.457	 2.221	 2.502	 2.647	 4.065	 3.798	 | 4.065 max

train losses    284:	 0.152	0.1386	 0.214	0.2023	0.1519	0.1432	0.1486	0.1422	0.1786	0.1727	0.2087	0.2076	
val losses      284:	0.1678	0.1627	0.2817	 0.287	0.2162	0.2352	0.2869	0.3038	0.5748	0.5666	0.9791	 0.965	 | 0.4189 mean
                     	 0.438	 0.413	0.6923	0.7269	0.5595	0.6149	0.7224	 0.771	 1.608	 1.512	 2.437	 2.408	 | 1.465 quantile
                      	 1.769	 1.336	 1.557	 1.806	 1.042	 1.647	 2.394	 2.142	 2.543	 2.676	 4.077	 3.822	 | 4.077 max

train losses    286:	 0.147	0.1388	0.2127	0.2014	 0.146	0.1422	0.1445	0.1366	0.1848	0.1835	 0.199	0.1954	
val losses      286:	0.1695	0.1617	0.2822	0.2875	0.2173	0.2355	0.2888	0.3019	0.5741	0.5643	0.9811	0.9681	 | 0.4193 mean
                     	0.4394	0.4092	0.6944	0.7292	0.5608	0.6232	0.7237	0.7666	 1.592	 1.489	 2.424	 2.391	 | 1.46 quantile
                      	 1.789	 1.376	 1.552	 1.789	 1.012	 1.671	 2.392	  2.15	 2.569	 2.702	 4.132	 3.883	 | 4.132 max

train losses    288:	0.1479	0.1381	0.2115	0.1997	0.1458	 0.139	0.1448	0.1366	0.1848	 0.187	0.1919	0.1929	
val losses      288:	0.1625	0.1613	0.2821	0.2876	0.2144	0.2353	0.2883	0.3032	0.5714	0.5632	0.9747	0.9595	 | 0.4169 mean
                     	0.4231	0.4088	0.6902	0.7261	0.5508	0.6227	0.7228	0.7672	 1.587	 1.493	 2.448	 2.406	 | 1.439 quantile
                      	 1.844	 1.371	 1.546	 1.796	 1.053	 1.674	 2.353	 2.129	 2.576	 2.663	 4.117	  3.85	 | 4.117 max

train losses    290:	0.1405	0.1387	0.2104	0.2001	0.1439	0.1378	0.1528	0.1477	0.1746	 0.168	0.1972	 0.193	
val losses      290:	0.1598	0.1578	0.2833	0.2907	0.2152	0.2372	0.2915	0.3023	0.5754	0.5673	0.9702	0.9596	 | 0.4175 mean
                     	 0.417	0.3969	0.6956	 0.738	0.5512	0.6292	0.7306	0.7693	 1.576	 1.488	  2.46	 2.444	 | 1.429 quantile
                      	 1.789	 1.362	  1.58	 1.755	 1.098	 1.673	 2.459	 2.232	 2.594	 2.683	 4.092	 4.025	 | 4.092 max

train losses    292:	0.1409	0.1356	0.2111	0.2022	0.1418	0.1374	0.1547	0.1502	0.1684	0.1828	0.2072	0.2096	
val losses      292:	0.1533	0.1591	0.2826	0.2887	 0.218	0.2355	0.2885	0.3025	0.5762	0.5738	0.9639	0.9511	 | 0.4161 mean
                     	0.3961	0.4011	0.6965	0.7376	0.5612	0.6174	0.7312	0.7676	 1.611	 1.513	  2.48	 2.435	 | 1.427 quantile
                      	 1.882	  1.32	 1.562	 1.756	 1.202	 1.602	 2.481	 2.283	 2.521	 2.593	 4.092	 4.136	 | 4.136 max

train losses    294:	 0.136	0.1374	0.2086	 0.198	0.1456	0.1373	0.1642	0.1626	0.1855	0.1879	0.2146	0.2139	
val losses      294:	0.1554	0.1551	0.2828	0.2917	0.2148	0.2371	0.2914	0.3045	0.5744	0.5647	0.9702	0.9611	 | 0.4169 mean
                     	0.4024	0.3903	0.6994	0.7459	0.5566	0.6269	0.7427	0.7689	 1.574	  1.49	 2.508	 2.481	 | 1.423 quantile
                      	 1.855	 1.416	 1.586	 1.719	 1.139	 1.646	  2.53	 2.342	  2.57	 2.693	 4.138	 4.221	 | 4.221 max

train losses    296:	 0.141	0.1317	  0.21	0.2057	0.1409	0.1407	0.1638	 0.172	0.1802	0.1809	0.2147	0.2274	
val losses      296:	0.1538	0.1535	0.2824	0.2894	0.2153	0.2364	0.2891	0.3035	0.5828	0.5814	0.9543	0.9434	 | 0.4155 mean
                     	 0.398	0.3946	0.6958	 0.738	0.5604	0.6281	0.7331	 0.772	 1.636	 1.539	 2.465	 2.437	 | 1.434 quantile
                      	 1.852	 1.347	 1.555	 1.747	 1.154	 1.652	 2.527	 2.403	 2.454	 2.542	 3.925	 3.918	 | 3.925 max

train losses    298:	0.1368	0.1365	0.2113	0.1973	0.1445	0.1346	0.1748	0.1733	0.1648	0.1614	0.2757	0.2759	
val losses      298:	0.1572	0.1567	 0.283	0.2878	0.2159	 0.233	0.2894	0.3029	0.5753	0.5623	 0.956	0.9439	 | 0.4136 mean
                     	0.4132	0.3963	0.6973	0.7351	0.5531	0.6204	0.7357	0.7705	 1.569	 1.513	 2.432	 2.416	 | 1.421 quantile
                      	 1.786	 1.317	 1.571	 1.739	 1.102	 1.635	 2.396	 2.208	 2.603	  2.77	 3.997	 3.772	 | 3.997 max

