train losses      0:	0.6023	0.6084	0.3844	0.3877	0.7472	0.7758	 0.501	0.5168	 1.595	 1.611	 1.513	 1.501	
val losses        0:	0.4886	 1.703	 1.683	 1.228	0.6309	0.8489	 1.243	 1.178	 1.639	 1.991	 1.191	  1.15	 | 1.248 mean
                     	 1.331	 2.492	 2.275	 1.886	 1.891	 2.063	 2.055	 2.006	  4.51	  4.95	 3.584	 3.662	 | 2.774 quantile
                      	 5.263	  4.77	 3.478	 3.127	  5.34	 5.693	 3.581	 4.311	 8.757	  9.41	 6.107	 6.284	 | 9.41 max

train losses      2:	0.5515	 0.561	0.3841	0.3855	0.7313	0.7543	0.4995	0.5032	 1.558	 1.576	 1.481	 1.485	
val losses        2:	0.4316	0.5912	0.4511	0.3407	0.6266	0.6313	0.5246	0.4066	 1.491	 1.607	 1.012	 1.006	 | 0.7599 mean
                     	  1.16	 1.338	 1.006	0.8663	 1.816	 1.697	 1.277	 1.049	 4.098	 4.389	 3.192	 3.322	 | 2.353 quantile
                      	 4.921	 3.524	 2.509	 2.064	 4.777	 5.303	 3.288	 3.192	 8.022	 8.148	 5.179	 5.492	 | 8.148 max

train losses      4:	0.5216	0.5324	0.3889	0.3883	0.7082	0.7252	0.5063	0.5113	 1.481	 1.501	 1.454	 1.471	
val losses        4:	0.3544	0.3919	0.3965	0.3516	0.5188	0.7674	0.5643	0.4632	  1.11	 1.174	 1.067	 1.015	 | 0.6812 mean
                     	  1.05	 1.074	0.9504	0.8956	 1.518	 1.763	 1.278	 1.203	 3.565	 3.451	 3.147	 3.104	 | 2.076 quantile
                      	 4.359	 3.065	 3.081	 2.328	 4.986	 5.074	 2.972	 3.763	 7.236	 7.352	 4.789	  5.15	 | 7.352 max

train losses      6:	0.5192	0.5304	0.4154	0.4188	0.6935	0.7066	0.5315	0.5409	  1.36	 1.385	 1.411	 1.446	
val losses        6:	0.3613	0.3485	0.3342	0.3229	0.5403	0.6151	0.3999	0.4443	0.9979	 1.081	 1.005	0.9888	 | 0.6199 mean
                     	 1.007	0.9391	0.8343	0.8463	 1.499	 1.547	 1.093	 1.167	 2.996	 3.011	 2.969	 3.083	 | 1.929 quantile
                      	 4.295	 2.856	 2.973	 1.886	 4.396	 4.768	 3.208	 3.501	 6.092	 6.726	 4.345	 5.094	 | 6.726 max

train losses      8:	0.5361	0.5448	0.4439	0.4569	0.6917	0.6916	0.5578	0.5721	 1.217	 1.252	 1.368	 1.418	
val losses        8:	0.3497	0.3358	0.3166	0.3234	0.5173	0.4845	0.3804	0.4316	0.9285	  0.94	0.9551	0.9711	 | 0.5778 mean
                     	 1.025	 0.937	0.8043	0.8658	  1.44	 1.361	 1.016	 1.137	 2.647	 2.615	 2.872	   3.0	 | 1.809 quantile
                      	 3.548	 2.874	 2.763	 2.101	 3.912	 4.081	 3.185	 3.203	  4.81	 5.772	 4.191	 4.849	 | 5.772 max

train losses     10:	0.5452	0.5544	 0.466	0.4863	0.6859	0.6795	0.5779	0.5894	 1.108	 1.152	 1.334	 1.393	
val losses       10:	0.3276	0.3119	0.3008	0.3227	0.4586	0.4482	0.3711	0.4158	0.8187	0.7972	0.9708	0.9728	 | 0.543 mean
                     	0.9654	0.8617	0.7736	0.8512	 1.334	  1.27	0.9521	 1.073	 2.386	 2.206	 2.758	 2.931	 | 1.732 quantile
                      	 3.178	 2.664	 2.414	 2.144	 3.714	 3.556	 3.234	 3.135	  3.91	 4.625	 4.203	 4.808	 | 4.808 max

train losses     12:	0.5397	0.5523	0.4713	0.4996	0.6691	0.6546	0.5818	0.5842	 1.022	 1.056	 1.276	 1.349	
val losses       12:	 0.317	0.3006	0.2995	0.3261	0.4224	0.4241	0.3618	0.3843	0.7633	 0.749	0.9603	0.9552	 | 0.522 mean
                     	0.9384	0.8245	0.7762	0.8544	 1.231	 1.179	0.9248	0.9873	 2.244	 2.125	 2.729	 2.873	 | 1.653 quantile
                      	 2.978	 2.661	 2.619	 1.908	 3.259	 2.802	 3.081	 2.839	 3.453	 3.801	 3.997	 4.849	 | 4.849 max

train losses     14:	0.5317	0.5484	0.4756	0.5046	0.6489	0.6387	0.5821	0.5853	0.9333	0.9552	 1.233	 1.309	
val losses       14:	0.3146	0.2872	 0.293	 0.323	 0.416	0.4131	0.3588	0.3777	0.7231	 0.705	0.9373	0.9297	 | 0.5065 mean
                     	0.9168	0.7713	0.7544	0.8511	 1.202	  1.16	 0.916	0.9534	  2.08	 1.928	 2.692	 2.802	 | 1.593 quantile
                      	 3.012	 2.501	 2.386	 1.899	 3.082	 2.621	  3.04	 2.939	 3.121	 3.329	 3.859	 4.844	 | 4.844 max

train losses     16:	0.5213	0.5307	0.4718	0.4919	0.6376	0.6298	0.5726	0.5849	0.8761	0.8813	 1.203	 1.275	
val losses       16:	0.3067	0.2699	0.2889	0.3134	0.4082	 0.405	0.3556	0.3723	0.6909	0.6677	0.9409	0.9258	 | 0.4954 mean
                     	0.8956	0.7413	0.7444	0.8236	 1.153	 1.129	0.9134	0.9375	 1.997	 1.788	 2.694	 2.725	 | 1.556 quantile
                      	 2.866	 2.527	 2.132	  1.96	  2.91	 2.355	 2.821	  2.91	 2.917	 2.956	  3.98	 4.579	 | 4.579 max

train losses     18:	0.5047	0.5113	 0.463	0.4792	0.6193	0.6123	0.5637	0.5725	0.8529	0.8563	 1.168	 1.237	
val losses       18:	0.2965	0.2617	0.2875	 0.305	0.3991	0.3998	0.3537	0.3637	0.6608	0.6426	0.9413	0.9159	 | 0.4856 mean
                     	 0.855	0.7183	0.7445	0.8151	 1.128	 1.107	0.9182	0.9123	 1.863	 1.728	 2.697	 2.631	 | 1.532 quantile
                      	 2.924	 2.322	 2.057	 1.994	 2.783	 2.318	 2.815	 2.895	 2.806	  2.95	 3.998	 4.507	 | 4.507 max

train losses     20:	 0.491	0.5007	0.4527	 0.463	0.5987	0.5916	0.5515	0.5622	0.8557	0.8552	 1.137	 1.198	
val losses       20:	0.2927	0.2601	0.2854	0.3014	 0.394	0.3923	 0.353	  0.36	0.6532	0.6274	0.9429	0.9186	 | 0.4817 mean
                     	0.8416	0.6997	0.7372	0.8038	 1.111	 1.077	0.9188	0.8985	 1.842	 1.742	 2.679	 2.563	 | 1.525 quantile
                      	 2.942	 2.213	 2.106	 1.968	 2.716	 2.446	 2.784	 2.855	 2.793	 2.778	 3.889	 4.256	 | 4.256 max

train losses     22:	0.4836	0.4888	0.4459	0.4545	0.5846	0.5785	0.5454	0.5525	0.8754	0.8736	 1.115	 1.169	
val losses       22:	0.2882	0.2537	0.2847	0.2976	0.3883	0.3869	0.3544	0.3588	0.6747	0.6402	0.9379	0.9123	 | 0.4815 mean
                     	0.8337	0.6874	0.7309	0.8005	 1.081	 1.054	  0.92	0.9051	 1.858	 1.739	 2.658	 2.529	 | 1.515 quantile
                      	 2.724	  2.15	 2.052	 1.985	 2.575	 2.433	 2.794	 2.848	 2.732	  2.88	 3.947	 4.128	 | 4.128 max

train losses     24:	0.4758	 0.485	0.4423	 0.447	 0.573	0.5684	0.5371	0.5455	0.8743	0.8687	 1.085	 1.137	
val losses       24:	0.2833	 0.255	0.2841	0.2954	0.3765	0.3791	0.3541	0.3586	0.6514	0.6201	 0.942	0.9113	 | 0.4759 mean
                     	0.8077	0.6738	0.7369	0.7922	  1.04	 1.031	0.9224	0.9083	 1.783	 1.667	 2.694	 2.533	 | 1.491 quantile
                      	 2.847	  2.28	 2.133	 1.913	 2.648	 2.296	 2.829	 2.856	 2.593	 2.759	 4.128	 4.101	 | 4.128 max

train losses     26:	0.4744	0.4784	0.4365	0.4411	0.5623	0.5561	0.5307	0.5392	0.8498	0.8487	 1.071	 1.115	
val losses       26:	0.2784	0.2482	0.2839	0.2943	0.3651	0.3674	 0.353	0.3555	0.6516	0.6248	0.9369	0.9105	 | 0.4725 mean
                     	0.7918	 0.656	0.7362	 0.786	 1.004	0.9789	0.9217	0.9021	 1.761	 1.645	  2.68	 2.567	 | 1.481 quantile
                      	 2.656	 2.176	  2.13	 1.824	 2.422	 2.146	 2.847	 2.797	  2.62	  2.89	 4.039	 4.009	 | 4.039 max

train losses     28:	0.4607	0.4664	0.4264	0.4314	0.5515	 0.545	0.5198	0.5308	0.8096	0.8091	 1.047	 1.084	
val losses       28:	0.2728	0.2363	0.2829	0.2925	 0.357	0.3612	0.3498	0.3531	  0.65	0.6233	  0.93	0.9046	 | 0.4678 mean
                     	0.7781	0.6303	0.7305	0.7799	0.9732	 0.978	0.9137	0.9021	 1.765	 1.596	  2.64	 2.504	 | 1.462 quantile
                      	 2.546	 1.879	 2.111	 1.864	  2.52	 2.054	 2.837	 2.852	 2.602	 2.695	 3.783	 3.807	 | 3.807 max

train losses     30:	0.4611	0.4597	0.4231	0.4261	 0.541	0.5355	0.5132	0.5261	0.7665	0.7705	 1.038	 1.069	
val losses       30:	0.2718	0.2349	0.2826	0.2931	0.3504	0.3516	0.3479	0.3519	0.6221	0.6089	0.9239	 0.896	 | 0.4613 mean
                     	0.7723	0.6208	0.7303	0.7782	0.9426	0.9289	0.9173	0.8927	 1.689	 1.521	 2.625	 2.538	 | 1.427 quantile
                      	 2.523	 1.976	 2.172	 1.856	 2.449	 2.086	 2.808	 2.754	 2.616	 2.676	 3.833	 3.858	 | 3.858 max

train losses     32:	0.4565	0.4582	0.4188	0.4207	 0.533	0.5264	0.5086	0.5217	0.7615	0.7608	 1.082	 1.097	
val losses       32:	0.2721	0.2349	0.2823	0.2906	0.3501	0.3479	0.3489	0.3512	0.6172	0.5978	0.9488	0.9272	 | 0.4641 mean
                     	0.7897	0.6301	0.7296	0.7777	0.9447	0.9242	 0.913	0.8923	 1.685	 1.559	 2.617	 2.549	 | 1.473 quantile
                      	 2.613	 1.901	  2.15	 1.865	  2.37	 2.131	 2.893	 2.746	 2.677	 2.741	 3.894	 3.915	 | 3.915 max

train losses     34:	0.4544	0.4534	0.4128	0.4128	0.5305	0.5279	0.5058	0.5174	0.7774	 0.771	 1.157	 1.156	
val losses       34:	0.2772	0.2424	0.2831	0.2892	0.3565	0.3649	0.3464	0.3509	0.6235	0.6102	0.9729	0.9564	 | 0.4728 mean
                     	0.8095	0.6411	0.7351	0.7715	 0.986	0.9747	0.9003	0.8977	 1.722	 1.665	 2.589	 2.582	 | 1.507 quantile
                      	 2.979	  2.22	  2.15	 1.905	 2.643	 2.026	  3.07	 2.862	 2.663	 2.807	 4.094	 3.932	 | 4.094 max

train losses     36:	0.4584	  0.46	0.4075	0.4102	0.5305	0.5274	0.5023	0.5124	0.7743	0.7757	 1.156	 1.158	
val losses       36:	0.2623	0.2275	0.2839	0.2928	0.3217	0.3373	0.3434	0.3507	0.6257	0.6247	 1.005	0.9809	 | 0.4713 mean
                     	0.7419	0.6059	0.7354	0.7798	0.8353	0.8959	0.8907	0.8982	 1.661	 1.546	 2.642	 2.586	 | 1.506 quantile
                      	 2.303	 2.012	 2.162	 1.941	 2.177	 2.123	 2.755	 2.821	 2.624	 2.814	 4.449	 4.167	 | 4.449 max

train losses     38:	0.4442	0.4499	0.4003	0.3984	0.5138	0.5102	0.4948	 0.504	0.7522	0.7502	 1.039	 1.063	
val losses       38:	0.2703	0.2537	0.2826	0.2887	0.3307	0.3468	0.3437	0.3496	0.6423	0.6251	0.9483	0.9303	 | 0.4677 mean
                     	0.7564	0.6429	 0.729	0.7731	0.8792	0.9068	0.8967	 0.893	 1.658	 1.561	 2.642	 2.598	 | 1.474 quantile
                      	 2.524	 2.047	 2.148	  1.96	 2.205	 2.086	 2.895	 2.841	 2.562	 2.656	 4.229	 3.762	 | 4.229 max

train losses     40:	0.4378	0.4405	0.3987	0.3946	0.5085	0.5002	 0.488	0.4989	0.7243	0.7311	0.9935	 1.016	
val losses       40:	0.2639	0.2246	0.2827	0.2868	0.3367	0.3415	0.3401	0.3482	0.5837	0.5819	0.9005	0.8875	 | 0.4482 mean
                     	0.7445	0.5868	0.7296	0.7686	0.9049	0.8888	0.8898	0.8913	 1.633	 1.522	 2.555	 2.545	 | 1.403 quantile
                      	 2.521	 2.004	 2.141	  1.93	 2.318	 2.327	 2.742	 2.779	 2.722	 2.832	 3.738	 3.611	 | 3.738 max

train losses     42:	0.4299	0.4321	0.3963	 0.393	0.4964	0.4905	 0.483	0.4945	0.7178	0.7242	0.9488	0.9713	
val losses       42:	0.2637	0.2208	0.2822	 0.286	0.3296	0.3323	0.3389	0.3462	0.5901	 0.586	0.8961	0.8902	 | 0.4468 mean
                     	0.7544	0.5912	0.7275	0.7677	 0.888	0.8596	0.8896	0.8848	 1.592	 1.555	 2.547	 2.553	 | 1.396 quantile
                      	 2.218	 1.791	 2.142	 1.905	 2.177	 2.116	 2.771	  2.77	 2.707	 2.617	  3.77	 3.614	 | 3.77 max

train losses     44:	0.4229	0.4248	0.3898	0.3876	0.4894	0.4819	 0.477	0.4879	0.7122	0.7186	0.9177	0.9401	
val losses       44:	0.2661	0.2269	0.2815	0.2852	0.3361	0.3395	0.3391	0.3456	0.5951	0.5966	0.9058	0.8925	 | 0.4508 mean
                     	0.7604	0.5982	0.7223	0.7639	0.9085	0.8848	0.8961	0.8786	  1.67	 1.552	  2.55	 2.543	 | 1.412 quantile
                      	  2.41	 1.924	 2.193	 1.933	 2.194	 1.981	 2.751	 2.783	 2.556	 2.696	  4.04	 3.651	 | 4.04 max

train losses     46:	0.4198	0.4199	0.3862	0.3821	0.4848	0.4762	0.4722	0.4826	0.6986	0.7055	0.8875	0.9107	
val losses       46:	0.2649	 0.229	 0.281	0.2847	0.3223	 0.326	0.3389	0.3443	0.6104	0.6083	0.9158	0.8987	 | 0.452 mean
                     	0.7483	0.6037	0.7238	0.7665	0.8724	 0.839	0.8966	 0.879	 1.664	 1.588	 2.559	 2.562	 | 1.438 quantile
                      	 2.392	 1.839	 2.235	 1.966	 1.938	 1.888	 2.733	 2.765	 2.628	 2.644	 4.138	 3.739	 | 4.138 max

train losses     48:	0.4139	0.4171	0.3822	0.3782	0.4744	0.4669	0.4676	 0.477	0.6872	0.6961	0.8652	0.8882	
val losses       48:	 0.265	0.2273	0.2807	0.2837	0.3239	0.3268	0.3369	0.3434	0.5928	0.5944	0.9177	0.9002	 | 0.4494 mean
                     	0.7564	0.6097	0.7231	0.7655	0.8769	0.8479	 0.895	0.8746	 1.647	 1.541	 2.567	  2.57	 | 1.434 quantile
                      	 2.233	 1.931	 2.198	 1.976	 2.058	 1.995	 2.669	 2.734	 2.582	 2.616	 4.042	 3.666	 | 4.042 max

train losses     50:	0.4091	0.4112	0.3793	0.3745	0.4682	0.4589	0.4635	0.4731	0.6814	0.6859	0.8409	0.8626	
val losses       50:	0.2633	0.2257	0.2805	0.2831	0.3225	0.3262	0.3353	0.3419	0.5907	0.5967	0.9201	0.9043	 | 0.4492 mean
                     	0.7484	0.6033	0.7173	0.7553	  0.88	0.8334	0.8874	0.8736	 1.657	 1.546	 2.516	 2.534	 | 1.433 quantile
                      	 2.462	 1.848	 2.196	 1.984	 1.991	 1.912	   2.7	 2.727	 2.675	 2.659	 4.176	 3.789	 | 4.176 max

train losses     52:	 0.404	0.4059	0.3754	0.3701	0.4662	0.4574	0.4585	0.4681	0.6771	0.6828	0.8216	0.8459	
val losses       52:	0.2608	0.2193	0.2803	0.2826	0.3195	0.3218	 0.334	0.3407	0.5883	0.5911	0.9183	 0.904	 | 0.4467 mean
                     	0.7377	0.5858	0.7185	0.7585	0.8767	0.8338	0.8838	0.8695	 1.682	 1.583	 2.516	 2.509	 | 1.437 quantile
                      	 2.404	 1.999	 2.146	 1.998	 1.991	 1.866	  2.76	 2.763	 2.758	  2.65	 4.106	 3.756	 | 4.106 max

train losses     54:	0.4035	0.4084	0.3727	0.3669	0.4605	0.4524	0.4546	0.4632	0.6805	0.6875	0.8076	0.8321	
val losses       54:	0.2604	0.2199	0.2803	0.2823	0.3133	0.3156	 0.332	0.3393	  0.59	 0.591	0.9252	0.9104	 | 0.4467 mean
                     	0.7354	0.5898	0.7177	0.7566	0.8509	0.8148	0.8832	0.8688	 1.661	 1.587	 2.489	 2.529	 | 1.448 quantile
                      	 2.562	 1.943	 2.127	 1.995	  1.78	 1.888	 2.707	 2.693	 2.765	 2.682	  4.28	 3.908	 | 4.28 max

train losses     56:	0.4013	0.4054	0.3697	 0.364	0.4558	0.4462	0.4526	0.4598	0.7096	0.7185	0.8056	 0.829	
val losses       56:	 0.258	0.2182	0.2801	0.2822	0.3154	0.3174	0.3303	0.3376	0.5992	 0.595	0.9389	0.9245	 | 0.4497 mean
                     	 0.726	0.5771	0.7149	0.7571	0.8561	0.8341	0.8704	0.8659	 1.694	  1.62	 2.505	 2.541	 | 1.462 quantile
                      	 2.387	 1.791	 2.122	 1.999	 1.853	 1.932	 2.689	 2.674	 2.729	 2.708	 4.346	 3.997	 | 4.346 max

train losses     58:	0.3997	0.4036	0.3667	0.3608	0.4558	 0.448	0.4491	 0.457	0.7569	0.7598	0.8229	0.8451	
val losses       58:	0.2584	0.2188	0.2803	0.2821	0.3132	0.3129	0.3291	0.3372	0.6208	0.6185	 0.953	0.9372	 | 0.4551 mean
                     	0.7313	0.5867	0.7118	0.7565	0.8457	0.8289	0.8582	0.8618	 1.763	 1.624	 2.535	 2.577	 | 1.501 quantile
                      	 2.452	 2.003	 2.139	 1.999	  1.97	 1.876	 2.652	 2.658	 2.824	 2.972	 4.473	 4.144	 | 4.473 max

train losses     60:	0.4183	0.4266	0.3703	0.3621	0.4774	0.4772	 0.455	 0.461	0.8831	0.8863	0.9121	0.9278	
val losses       60:	0.2507	0.2143	0.2805	0.2822	0.3085	 0.308	0.3284	0.3368	0.5815	0.5877	0.9758	0.9599	 | 0.4512 mean
                     	0.7031	0.5663	0.7207	0.7547	0.8428	0.8111	0.8585	0.8617	 1.646	 1.575	 2.571	 2.645	 | 1.497 quantile
                      	 2.518	  1.92	 2.128	 1.976	   2.2	 1.965	 2.707	 2.666	 2.641	 2.871	 5.023	 4.619	 | 5.023 max

train losses     62:	0.4601	0.4678	0.3778	0.3717	0.5621	0.5499	0.4659	0.4783	 1.075	 1.108	  1.13	 1.128	
val losses       62:	  0.27	0.2375	0.2787	0.2826	0.3242	0.3345	 0.331	0.3408	0.7673	0.7724	0.9265	0.9229	 | 0.4824 mean
                     	 0.748	0.6196	0.7168	0.7548	0.8813	 0.885	0.8788	0.8934	 1.836	  1.79	 2.545	  2.52	 | 1.557 quantile
                      	 2.381	 1.938	 2.152	 2.018	 1.965	 2.007	 2.909	  2.78	  3.73	 3.611	 4.325	 4.121	 | 4.325 max

train losses     64:	0.4458	0.4576	0.3693	0.3654	  0.54	0.5421	0.4635	0.4736	 1.128	 1.114	 1.067	 1.078	
val losses       64:	0.2632	0.2358	0.2807	0.2847	0.3231	0.3235	0.3286	0.3372	0.6543	0.6581	 0.936	0.9241	 | 0.4624 mean
                     	0.7251	0.6148	0.7146	0.7627	0.8279	0.8198	0.8678	0.8779	 1.941	 1.715	 2.623	 2.611	 | 1.481 quantile
                      	 2.512	 2.039	 2.122	 1.894	 1.805	 1.734	 2.931	 2.801	 3.475	 3.275	 4.335	 3.869	 | 4.335 max

train losses     66:	0.4312	0.4484	0.3542	0.3518	0.5099	0.5166	0.4562	0.4644	0.9762	0.9777	 1.122	 1.142	
val losses       66:	0.2981	0.2848	0.2807	0.2834	 0.325	0.3433	 0.336	0.3461	0.7508	0.7265	0.9826	0.9602	 | 0.4931 mean
                     	0.8534	0.7353	0.7237	0.7691	0.8872	0.9305	0.8822	0.9056	 2.003	 1.892	  2.64	 2.628	 | 1.627 quantile
                      	 2.735	  2.39	 2.174	 2.079	 2.267	 2.338	 3.026	 2.934	 4.108	 4.022	  4.62	 4.406	 | 4.62 max

train losses     68:	0.4442	0.4476	 0.362	0.3575	0.5139	0.5193	 0.458	0.4705	 0.882	0.8938	 1.075	 1.079	
val losses       68:	0.2739	0.2494	0.2805	0.2847	0.2987	0.3073	 0.332	0.3406	0.6283	0.6243	0.9251	 0.935	 | 0.4567 mean
                     	0.7715	0.6477	0.7281	0.7704	0.8056	0.7934	0.8785	0.8828	 1.727	  1.55	 2.508	 2.418	 | 1.435 quantile
                      	 2.471	  2.16	 2.219	 2.028	 1.844	 2.017	 2.976	 2.936	 2.879	 3.244	 4.008	 4.268	 | 4.268 max

train losses     70:	0.4395	0.4486	0.3618	0.3577	0.4989	0.5079	0.4593	0.4704	0.8039	0.8072	 1.002	 1.016	
val losses       70:	0.2863	0.2659	0.2803	0.2844	0.3058	0.3254	0.3301	0.3415	0.6271	0.6259	0.8561	0.8517	 | 0.4484 mean
                     	0.8062	0.6981	0.7324	0.7687	0.8251	0.8206	 0.877	0.8792	 1.757	 1.604	 2.423	 2.383	 | 1.377 quantile
                      	 2.353	 2.174	 2.162	 2.043	 1.732	 1.926	 2.888	 2.803	 2.691	 3.113	 3.619	 3.716	 | 3.716 max

train losses     72:	0.4185	0.4241	  0.36	0.3554	0.4791	0.4816	0.4542	0.4642	0.7582	 0.755	0.9065	0.9247	
val losses       72:	0.2722	0.2343	0.2793	0.2826	0.3181	0.3303	0.3295	0.3399	0.6319	0.6317	0.8796	0.8721	 | 0.4501 mean
                     	0.7639	0.6198	0.7261	0.7599	0.8382	 0.862	0.8679	0.8698	 1.695	 1.672	 2.425	 2.438	 | 1.417 quantile
                      	 2.226	 2.092	  2.15	 2.017	  2.16	 2.029	 2.802	 2.771	 2.671	 3.281	 4.166	 3.977	 | 4.166 max

train losses     74:	0.4116	0.4208	0.3569	0.3521	0.4652	 0.468	0.4498	0.4586	0.7258	0.7284	0.8572	0.8734	
val losses       74:	0.2654	0.2295	0.2798	0.2819	0.3171	0.3199	0.3273	0.3375	0.5805	0.5931	0.8656	0.8699	 | 0.439 mean
                     	0.7463	0.6036	0.7221	0.7565	0.8297	0.8168	0.8616	0.8556	 1.606	 1.591	 2.516	 2.496	 | 1.375 quantile
                      	 2.175	 1.874	 2.159	 1.934	 1.962	 1.915	 2.741	 2.804	 2.612	 2.612	 4.228	 3.896	 | 4.228 max

train losses     76:	0.3991	0.4062	 0.355	0.3485	0.4542	0.4543	0.4453	0.4546	0.7065	0.7082	 0.809	0.8279	
val losses       76:	0.2594	0.2227	0.2794	0.2815	0.3168	0.3229	 0.327	0.3375	0.5882	0.5933	0.8901	0.8829	 | 0.4418 mean
                     	0.7352	0.5783	0.7183	0.7569	0.8466	0.8255	0.8615	0.8603	 1.615	  1.59	 2.537	 2.538	 | 1.408 quantile
                      	 2.217	 1.881	 2.133	  1.95	 1.938	 1.928	 2.746	 2.777	 2.655	 2.685	 4.225	 3.934	 | 4.225 max

train losses     78:	0.3905	0.4001	0.3533	0.3468	0.4465	0.4484	0.4424	0.4508	0.6883	0.6889	 0.773	 0.794	
val losses       78:	0.2577	0.2212	0.2788	0.2811	0.3023	0.3115	0.3268	0.3369	 0.586	0.5972	0.8789	0.8758	 | 0.4378 mean
                     	0.7434	 0.576	0.7183	0.7548	0.8049	0.7787	0.8553	 0.861	 1.618	 1.566	 2.501	 2.469	 | 1.378 quantile
                      	 2.109	 1.747	 2.125	  1.98	 1.703	 1.695	 2.718	 2.681	 2.657	 2.647	 4.107	 3.798	 | 4.107 max

train losses     80:	0.3882	0.3957	0.3518	0.3453	0.4393	0.4397	0.4394	0.4474	0.6741	0.6708	0.7506	0.7704	
val losses       80:	 0.261	0.2269	0.2788	0.2809	0.3127	0.3189	0.3277	0.3371	0.5956	0.6075	0.8916	 0.888	 | 0.4439 mean
                     	0.7413	0.5989	0.7141	 0.755	  0.85	0.7963	0.8576	0.8615	 1.631	  1.57	 2.478	 2.464	 | 1.406 quantile
                      	 2.242	 1.948	 2.137	  2.01	  1.71	 1.755	 2.745	 2.646	  2.58	 2.627	 4.174	 3.839	 | 4.174 max

train losses     82:	0.3841	0.3905	0.3498	0.3435	0.4336	0.4345	0.4368	0.4436	0.6609	0.6616	0.7296	0.7504	
val losses       82:	0.2604	0.2233	0.2786	 0.281	0.3118	0.3145	0.3278	 0.337	0.6044	0.6142	0.8858	0.8834	 | 0.4435 mean
                     	 0.735	0.5892	0.7163	0.7554	0.8355	0.7982	0.8566	0.8572	 1.683	 1.575	 2.424	 2.398	 | 1.399 quantile
                      	 2.154	 1.795	 2.114	 2.004	 1.905	 1.765	 2.719	 2.627	 2.605	 2.634	 4.076	 3.778	 | 4.076 max

train losses     84:	0.3824	0.3878	0.3479	0.3417	0.4295	0.4317	0.4346	0.4421	0.6535	0.6554	0.7158	0.7337	
val losses       84:	0.2628	0.2232	0.2785	0.2809	0.3144	0.3145	 0.327	0.3365	0.6048	0.6126	0.8912	0.8884	 | 0.4446 mean
                     	0.7466	0.5969	0.7159	0.7516	0.8399	 0.819	0.8538	0.8523	 1.682	 1.579	 2.424	  2.42	 | 1.403 quantile
                      	 2.307	 1.788	 2.116	 2.004	 1.937	 1.771	 2.701	  2.61	 2.676	 2.612	 4.166	 3.861	 | 4.166 max

train losses     86:	0.3803	0.3874	0.3469	0.3402	 0.425	0.4263	0.4322	0.4392	0.6473	0.6462	0.7034	0.7217	
val losses       86:	0.2554	0.2175	0.2785	0.2808	0.3053	0.3068	0.3253	0.3352	0.5903	0.6001	0.8872	0.8844	 | 0.4389 mean
                     	0.7157	0.5766	 0.714	0.7522	0.8189	0.7761	0.8505	0.8472	 1.658	  1.56	 2.407	 2.382	 | 1.396 quantile
                      	 2.089	 1.688	 2.104	 1.989	 1.772	 1.742	 2.698	 2.598	 2.687	 2.623	 4.172	 3.845	 | 4.172 max

train losses     88:	0.3772	0.3851	0.3457	0.3394	0.4222	0.4233	0.4295	0.4362	0.6439	0.6411	 0.693	0.7119	
val losses       88:	0.2557	0.2192	0.2783	0.2806	 0.295	0.2977	0.3231	0.3337	 0.591	0.6003	0.8852	0.8829	 | 0.4369 mean
                     	0.7196	0.5759	0.7138	0.7511	0.7888	0.7521	0.8469	0.8475	 1.651	 1.562	 2.392	 2.375	 | 1.385 quantile
                      	 2.312	 1.848	 2.104	 1.995	 1.622	 1.629	 2.703	 2.606	 2.728	 2.576	 4.114	 3.809	 | 4.114 max

train losses     90:	0.3776	0.3853	0.3444	0.3382	0.4214	0.4213	0.4274	0.4341	0.6351	0.6345	 0.678	 0.699	
val losses       90:	0.2546	0.2182	0.2782	0.2807	0.2996	0.2999	0.3212	 0.332	0.5904	0.6005	 0.884	0.8811	 | 0.4367 mean
                     	0.7254	0.5787	 0.713	0.7496	0.7974	0.7673	0.8428	0.8451	 1.659	 1.557	  2.38	 2.367	 | 1.391 quantile
                      	 2.175	 1.853	 2.105	 2.002	 1.687	 1.713	 2.705	 2.609	  2.74	 2.574	 4.135	 3.836	 | 4.135 max

train losses     92:	0.3742	0.3828	0.3438	0.3376	0.4171	0.4218	0.4253	 0.432	0.6292	 0.628	0.6707	0.6892	
val losses       92:	 0.253	0.2179	0.2781	0.2804	0.2971	0.2986	0.3205	0.3311	0.5922	0.6005	0.8866	0.8842	 | 0.4367 mean
                     	0.7134	0.5816	0.7127	0.7497	0.8013	0.7605	0.8411	0.8419	 1.676	  1.57	 2.396	 2.362	 | 1.394 quantile
                      	 2.188	 1.711	 2.109	 2.008	 1.682	  1.68	 2.742	 2.644	 2.694	  2.59	 4.313	 4.016	 | 4.313 max

train losses     94:	0.3738	0.3827	0.3425	0.3365	0.4149	0.4193	0.4218	0.4281	0.6269	 0.628	0.6611	0.6805	
val losses       94:	0.2547	0.2189	 0.278	0.2802	0.2977	 0.298	0.3188	  0.33	0.5881	0.5973	0.8854	0.8828	 | 0.4358 mean
                     	0.7241	0.5822	0.7117	0.7497	0.8053	0.7576	0.8428	0.8388	 1.678	 1.556	 2.363	 2.346	 | 1.391 quantile
                      	 2.297	 1.868	 2.092	 2.004	 1.666	 1.631	 2.718	  2.61	 2.702	 2.579	 4.203	 3.915	 | 4.203 max

train losses     96:	0.3724	 0.381	0.3414	0.3351	 0.413	0.4163	0.4208	0.4267	0.6237	 0.622	0.6602	0.6772	
val losses       96:	0.2504	0.2152	0.2778	0.2802	0.2926	0.2934	 0.317	0.3287	0.5839	 0.592	0.8863	0.8818	 | 0.4333 mean
                     	0.7042	0.5681	0.7107	0.7478	0.7879	 0.752	0.8372	0.8362	 1.677	 1.548	 2.359	 2.348	 | 1.39 quantile
                      	 2.084	 1.684	 2.087	 2.006	 1.634	 1.628	   2.7	 2.579	  2.74	 2.617	 4.067	 3.801	 | 4.067 max

train losses     98:	0.3707	0.3795	 0.341	0.3341	 0.413	0.4163	0.4192	 0.425	0.6189	0.6198	0.6503	0.6699	
val losses       98:	0.2508	0.2149	0.2778	0.2801	0.2915	0.2914	0.3158	0.3277	0.5831	0.5931	0.8907	0.8866	 | 0.4336 mean
                     	0.7064	0.5657	 0.711	0.7444	0.7843	0.7496	0.8324	0.8335	 1.663	 1.549	  2.37	 2.354	 | 1.391 quantile
                      	 2.315	 1.841	 2.082	 2.006	 1.623	 1.639	 2.721	  2.54	 2.718	 2.546	 4.096	 3.914	 | 4.096 max

train losses    100:	0.3719	0.3777	0.3406	 0.334	0.4114	0.4152	0.4167	0.4232	0.6133	0.6131	0.6449	0.6639	
val losses      100:	0.2515	0.2162	0.2778	0.2801	0.2907	0.2922	0.3157	0.3273	 0.586	0.5947	0.8874	0.8846	 | 0.4337 mean
                     	0.7113	0.5706	0.7102	 0.745	0.7852	 0.748	0.8327	0.8353	 1.665	 1.567	 2.352	 2.323	 | 1.387 quantile
                      	 2.339	 1.922	 2.084	 2.006	 1.639	 1.579	 2.717	 2.575	  2.81	 2.578	 4.079	   3.9	 | 4.079 max

train losses    102:	0.3708	0.3797	0.3396	0.3336	 0.405	0.4102	0.4147	0.4208	0.6105	0.6114	0.6402	0.6565	
val losses      102:	  0.25	0.2145	0.2777	0.2799	0.2895	0.2903	0.3152	0.3266	0.5913	0.5971	0.8867	0.8841	 | 0.4336 mean
                     	0.7087	0.5616	0.7104	0.7437	0.7747	0.7446	0.8295	0.8276	 1.685	 1.574	 2.337	 2.335	 | 1.386 quantile
                      	 2.216	 1.798	 2.087	 2.006	 1.585	 1.668	 2.712	 2.574	 2.819	  2.58	 4.108	 3.859	 | 4.108 max

train losses    104:	0.3662	0.3778	0.3389	0.3323	0.4054	0.4095	0.4135	0.4182	0.6102	0.6094	0.6398	0.6558	
val losses      104:	0.2508	0.2155	0.2776	  0.28	0.2869	0.2874	0.3136	0.3255	0.5903	0.5965	0.8927	0.8893	 | 0.4338 mean
                     	0.7124	 0.568	0.7103	0.7446	0.7716	0.7443	 0.827	 0.827	 1.677	  1.56	 2.353	 2.321	 | 1.392 quantile
                      	 2.177	 1.897	 2.092	 2.004	   1.6	 1.618	 2.789	 2.553	 2.775	 2.613	 4.247	 3.933	 | 4.247 max

train losses    106:	0.3696	0.3797	0.3386	0.3321	0.4029	0.4069	0.4114	0.4166	 0.604	0.6053	0.6365	0.6519	
val losses      106:	0.2496	0.2151	0.2774	0.2799	0.2859	0.2858	0.3119	0.3237	0.5858	0.5927	0.8842	0.8831	 | 0.4313 mean
                     	0.7096	0.5603	0.7082	  0.74	0.7667	0.7416	0.8217	0.8236	 1.685	 1.569	 2.313	 2.303	 | 1.383 quantile
                      	 2.096	 2.107	 2.082	   2.0	 1.603	 1.617	 2.728	 2.603	 2.812	 2.555	 4.253	 4.073	 | 4.253 max

train losses    108:	0.3691	0.3773	0.3375	0.3313	0.4026	0.4053	0.4096	0.4141	0.6015	0.6011	 0.641	0.6559	
val losses      108:	0.2504	0.2159	0.2776	  0.28	0.2847	0.2843	0.3108	0.3224	0.5831	0.5907	0.9028	0.8986	 | 0.4334 mean
                     	0.7102	0.5654	0.7102	0.7394	0.7586	0.7415	0.8184	0.8128	 1.668	 1.555	  2.35	  2.33	 | 1.392 quantile
                      	 2.206	 1.924	 2.068	 2.003	 1.554	 1.643	 2.773	 2.546	  2.74	 2.622	 4.284	 4.014	 | 4.284 max

train losses    110:	0.3653	0.3743	0.3373	0.3306	0.3995	0.4052	0.4081	0.4131	0.6016	0.6062	0.6516	0.6665	
val losses      110:	0.2476	0.2127	0.2774	  0.28	0.2821	0.2833	0.3103	0.3219	0.5867	0.5955	0.9081	0.9019	 | 0.4339 mean
                     	0.6947	0.5571	0.7105	0.7402	0.7511	0.7385	0.8192	0.8157	 1.651	 1.558	 2.342	 2.334	 | 1.402 quantile
                      	 2.158	 1.807	 2.079	 2.001	 1.499	 1.573	 2.773	 2.612	 2.685	 2.587	 4.332	 4.074	 | 4.332 max

train losses    112:	0.3664	0.3755	0.3363	0.3299	0.3985	0.4044	0.4067	0.4107	0.6053	0.6044	0.6569	0.6713	
val losses      112:	0.2474	0.2126	0.2774	  0.28	0.2839	0.2858	0.3093	0.3209	0.5828	 0.589	0.9147	0.9069	 | 0.4342 mean
                     	0.6932	0.5563	0.7083	0.7406	0.7664	 0.731	0.8183	0.8102	 1.642	  1.53	 2.355	  2.35	 | 1.405 quantile
                      	 2.333	 1.955	 2.063	 2.004	 1.535	 1.625	 2.738	 2.593	 2.757	 2.609	 4.443	 4.168	 | 4.443 max

train losses    114:	0.3657	0.3754	 0.336	0.3293	0.4003	0.4039	 0.406	0.4109	0.6001	0.6037	0.6791	0.6921	
val losses      114:	0.2469	0.2125	0.2771	0.2799	 0.278	0.2817	 0.308	0.3195	0.5899	 0.595	0.9239	0.9159	 | 0.4357 mean
                     	0.6942	0.5612	0.7102	0.7394	0.7429	0.7257	 0.817	0.8102	 1.653	 1.581	  2.37	 2.382	 | 1.423 quantile
                      	 2.152	 1.926	 2.069	 2.005	 1.564	 1.492	  2.81	 2.566	 2.814	  2.52	 4.602	 4.317	 | 4.602 max

train losses    116:	0.3661	0.3727	0.3356	 0.329	0.4016	0.4053	0.4046	0.4104	0.6011	0.6083	0.7034	0.7106	
val losses      116:	0.2499	0.2157	0.2773	  0.28	0.2791	0.2833	0.3087	0.3208	0.5939	0.5975	0.9119	 0.903	 | 0.4351 mean
                     	0.6997	0.5626	 0.707	0.7418	0.7399	0.7243	 0.822	  0.81	 1.681	 1.602	 2.339	 2.337	 | 1.423 quantile
                      	 2.143	 1.837	 2.071	  2.01	 1.687	 1.539	 2.831	 2.575	  2.83	 2.569	 4.271	 4.005	 | 4.271 max

train losses    118:	0.3672	0.3758	0.3355	0.3286	0.3983	0.4058	0.4026	0.4069	0.6017	0.6135	0.6916	0.7008	
val losses      118:	0.2504	0.2153	0.2771	0.2798	0.2792	0.2828	0.3077	0.3197	0.5871	0.5908	 0.901	0.8944	 | 0.4321 mean
                     	0.6991	0.5599	 0.708	0.7395	0.7352	0.7187	0.8232	0.8068	 1.675	 1.602	 2.369	 2.334	 | 1.401 quantile
                      	 2.306	 1.819	 2.064	 2.009	 1.589	 1.554	 2.965	 2.708	 2.835	 2.642	 4.237	  3.94	 | 4.237 max

train losses    120:	0.3667	0.3757	0.3354	0.3286	 0.397	0.4025	0.4027	0.4079	0.5951	   0.6	0.6792	0.6922	
val losses      120:	0.2501	0.2158	0.2771	0.2797	0.2828	0.2837	0.3073	0.3194	0.5813	0.5852	0.8612	0.8629	 | 0.4256 mean
                     	0.7013	0.5634	0.7066	0.7421	0.7515	0.7313	0.8193	0.8096	 1.688	 1.574	 2.322	 2.313	 | 1.341 quantile
                      	 2.096	 1.813	 2.066	 1.985	  1.75	 1.546	 2.918	 2.621	 2.798	 2.578	 3.947	 3.812	 | 3.947 max

train losses    122:	0.3681	0.3753	0.3346	0.3284	0.4002	0.4055	0.3993	0.4035	 0.599	0.6042	 0.722	0.7307	
val losses      122:	0.2433	0.2115	0.2772	0.2799	0.2819	0.2852	0.3055	0.3173	0.5772	0.5858	0.9168	0.9112	 | 0.4327 mean
                     	0.6783	0.5437	0.7117	0.7409	0.7632	0.7186	 0.804	0.8018	 1.675	 1.538	  2.37	 2.347	 | 1.405 quantile
                      	 2.103	 1.683	 2.059	 1.976	 1.547	 1.619	 2.897	 2.646	  2.82	 2.633	  4.22	 3.932	 | 4.22 max

train losses    124:	 0.374	0.3806	0.3343	0.3282	0.4047	0.4123	0.4002	0.4056	0.6065	0.6221	0.8436	0.8422	
val losses      124:	0.2564	0.2223	0.2774	0.2802	0.2924	0.2928	0.3116	0.3228	0.5938	0.5938	0.9115	 0.911	 | 0.4388 mean
                     	0.7351	0.5813	0.7119	0.7422	  0.79	0.7765	0.8142	0.8178	 1.719	  1.55	 2.323	 2.347	 | 1.422 quantile
                      	 2.397	 1.983	 2.084	 1.995	 1.657	 1.685	 2.951	 2.765	 2.752	 2.757	 4.297	 4.307	 | 4.307 max

train losses    126:	0.3793	0.3899	0.3355	0.3294	0.4064	0.4172	0.4048	 0.409	0.6202	0.6326	0.9344	0.9361	
val losses      126:	0.2536	0.2219	0.2773	0.2802	0.2933	0.2935	0.3104	0.3219	0.6023	0.5987	0.8945	0.8933	 | 0.4367 mean
                     	0.7199	0.5755	  0.71	0.7424	0.7959	0.7844	0.8204	0.8187	 1.733	 1.586	 2.407	 2.403	 | 1.426 quantile
                      	 2.529	 1.956	 2.061	 1.993	  1.66	 1.895	  2.92	  2.73	 2.773	 2.581	 4.058	 3.759	 | 4.058 max

train losses    128:	0.3824	0.3933	 0.335	0.3291	0.4321	0.4428	0.4073	0.4128	0.6524	0.6645	0.9727	0.9757	
val losses      128:	0.2497	0.2158	0.2771	0.2803	0.2815	0.2845	0.3061	0.3188	0.5895	0.5961	0.9396	0.9401	 | 0.4399 mean
                     	 0.708	0.5588	0.7101	0.7456	 0.745	0.7428	0.8111	0.8153	 1.636	 1.496	 2.379	 2.415	 | 1.434 quantile
                      	 2.195	 1.757	 2.073	  1.99	 1.551	 1.593	 2.819	 2.673	 2.788	 2.745	 4.525	 4.274	 | 4.525 max

train losses    130:	0.3835	0.3908	0.3351	0.3282	0.4287	0.4434	0.4098	0.4142	 0.653	 0.665	0.8716	0.8778	
val losses      130:	0.2503	 0.222	0.2772	0.2805	0.2811	0.2933	0.3041	0.3169	0.5868	 0.585	0.9863	0.9815	 | 0.4471 mean
                     	0.6916	0.5586	 0.716	0.7382	0.7325	0.7232	0.8011	0.7997	 1.637	 1.493	 2.457	 2.526	 | 1.499 quantile
                      	 2.194	  1.81	  2.07	   2.0	 1.646	 1.596	 2.973	 2.677	 2.597	 2.552	 4.961	  4.86	 | 4.961 max

train losses    132:	0.3776	0.3871	0.3342	0.3276	 0.417	0.4242	0.4018	0.4072	0.6299	0.6382	0.7621	0.7723	
val losses      132:	0.2512	0.2156	 0.277	  0.28	0.2935	0.3038	0.3053	0.3193	0.5813	 0.583	0.8854	0.8851	 | 0.4317 mean
                     	0.7072	0.5575	0.7153	0.7406	0.7938	 0.785	 0.805	0.8114	 1.619	 1.552	 2.298	 2.329	 | 1.381 quantile
                      	 2.319	 1.822	 2.054	 2.007	 1.778	 1.934	 3.024	  2.74	 2.705	 2.638	 4.166	 3.922	 | 4.166 max

train losses    134:	0.3709	 0.381	0.3336	0.3271	0.4075	0.4161	0.4009	 0.406	0.6128	0.6221	0.6873	0.6967	
val losses      134:	0.2498	0.2145	 0.277	0.2797	0.2909	0.3001	0.3055	0.3172	0.5783	0.5805	0.8942	0.8952	 | 0.4319 mean
                     	0.6946	0.5563	0.7091	0.7403	0.7835	0.7781	0.8081	0.7995	 1.621	 1.526	 2.334	 2.326	 | 1.369 quantile
                      	 2.213	 1.704	 2.043	 2.005	 1.663	 1.804	 2.937	 2.698	 2.645	 2.648	 4.339	 4.034	 | 4.339 max

train losses    136:	0.3691	0.3789	0.3328	0.3261	0.4002	0.4103	0.3972	0.4024	0.6024	0.6076	0.6502	0.6589	
val losses      136:	0.2491	0.2138	0.2769	0.2799	0.2858	0.2892	0.3053	0.3155	 0.571	0.5793	0.8829	0.8808	 | 0.4274 mean
                     	0.6957	0.5537	0.7103	0.7389	0.7571	0.7488	0.8123	 0.798	 1.645	 1.496	 2.357	 2.337	 | 1.356 quantile
                      	 2.126	 1.693	 2.035	 2.004	 1.663	 1.712	 2.927	  2.72	 2.547	 2.639	 4.383	  4.13	 | 4.383 max

train losses    138:	0.3663	0.3726	0.3325	0.3264	 0.394	0.4012	0.3942	0.3997	0.5886	0.5937	 0.621	0.6315	
val losses      138:	0.2506	0.2155	 0.277	0.2797	0.2824	0.2879	0.3064	0.3174	0.5789	0.5901	0.8823	0.8788	 | 0.4289 mean
                     	0.6978	0.5523	0.7078	0.7414	0.7442	0.7357	0.8119	0.8038	 1.674	 1.529	 2.403	 2.367	 | 1.37 quantile
                      	 2.119	 1.756	 2.046	 2.001	 1.538	 1.526	 2.903	 2.697	 2.622	 2.651	 4.408	 4.145	 | 4.408 max

train losses    140:	0.3633	0.3702	0.3323	0.3252	0.3897	0.4005	0.3908	0.3942	0.5838	0.5888	0.6063	0.6182	
val losses      140:	 0.255	0.2206	0.2768	0.2797	0.2891	0.2899	0.3046	0.3157	0.5895	 0.598	0.8789	0.8756	 | 0.4311 mean
                     	0.7117	0.5732	0.7094	0.7414	0.7672	0.7545	0.8068	0.7957	  1.69	 1.568	 2.375	 2.345	 | 1.385 quantile
                      	  2.16	 1.977	  2.05	 1.998	 1.589	 1.611	 2.794	 2.582	 2.763	  2.67	 4.499	 4.228	 | 4.499 max

train losses    142:	0.3627	0.3705	0.3315	0.3248	0.3886	0.3986	0.3894	 0.394	0.5801	0.5825	0.5924	0.6042	
val losses      142:	0.2484	0.2133	0.2767	0.2796	0.2857	0.2857	0.3012	0.3127	 0.583	0.5914	0.8814	0.8781	 | 0.4281 mean
                     	0.6814	 0.547	0.7077	0.7355	 0.769	0.7492	 0.795	0.7844	 1.664	 1.538	 2.353	 2.334	 | 1.388 quantile
                      	 2.183	 1.931	 2.052	  1.99	 1.763	 1.569	 2.796	 2.562	 2.774	 2.569	 4.467	 4.202	 | 4.467 max

train losses    144:	0.3604	0.3691	0.3317	0.3248	0.3851	 0.396	0.3876	0.3918	0.5748	0.5817	0.5864	0.5955	
val losses      144:	0.2453	0.2108	0.2767	0.2796	0.2773	0.2776	0.2997	0.3113	0.5809	0.5892	0.8794	0.8762	 | 0.4253 mean
                     	0.6811	0.5335	0.7039	 0.738	0.7298	0.7134	0.7874	0.7802	 1.642	 1.511	 2.331	   2.3	 | 1.37 quantile
                      	 2.041	 1.665	 2.051	 1.983	 1.681	 1.529	 2.918	 2.656	 2.771	 2.617	 4.497	 4.234	 | 4.497 max

train losses    146:	0.3621	0.3688	0.3311	0.3242	0.3844	0.3937	0.3861	0.3905	0.5702	0.5774	0.5763	0.5859	
val losses      146:	 0.249	0.2134	0.2768	0.2797	0.2823	0.2839	0.3027	0.3133	0.5863	0.5903	0.8783	0.8748	 | 0.4276 mean
                     	0.6974	0.5476	0.7059	0.7423	0.7639	0.7307	0.8009	0.7891	 1.677	 1.536	 2.292	 2.291	 | 1.378 quantile
                      	 2.253	 1.946	 2.067	 1.998	 1.633	 1.511	 2.866	  2.63	 2.817	 2.633	 4.381	 4.125	 | 4.381 max

train losses    148:	0.3587	0.3681	 0.331	0.3246	0.3829	0.3929	0.3852	0.3897	0.5732	0.5769	0.5718	0.5855	
val losses      148:	 0.247	0.2113	0.2767	0.2798	0.2775	0.2779	0.3016	0.3126	0.5812	0.5838	0.8871	0.8839	 | 0.4267 mean
                     	0.6842	 0.542	0.7076	0.7399	0.7432	 0.721	0.7967	 0.791	 1.658	 1.514	 2.303	   2.3	 | 1.381 quantile
                      	 2.209	 1.932	 2.063	 1.987	 1.582	 1.479	  2.88	 2.651	  2.74	 2.632	 4.462	   4.2	 | 4.462 max

train losses    150:	0.3577	0.3665	0.3309	0.3238	0.3806	0.3922	 0.383	0.3868	0.5676	0.5709	0.5689	0.5804	
val losses      150:	 0.247	0.2117	0.2766	0.2796	0.2766	0.2763	0.3007	0.3116	0.5789	0.5843	0.8818	0.8801	 | 0.4254 mean
                     	 0.687	 0.542	0.7044	0.7403	  0.74	0.7151	 0.799	  0.79	 1.672	 1.518	 2.284	 2.278	 | 1.376 quantile
                      	 2.255	  1.99	 2.054	 1.982	 1.629	 1.467	 2.867	  2.66	  2.78	 2.649	 4.426	 4.161	 | 4.426 max

train losses    152:	0.3603	0.3657	0.3303	0.3236	0.3813	0.3928	0.3816	0.3855	0.5664	0.5711	0.5655	0.5763	
val losses      152:	 0.245	0.2099	0.2767	0.2796	0.2743	0.2749	0.2994	0.3105	0.5772	0.5825	0.8872	0.8829	 | 0.425 mean
                     	0.6848	 0.537	0.7054	 0.737	0.7332	0.7068	0.7939	0.7854	 1.651	 1.515	 2.312	 2.293	 | 1.377 quantile
                      	 2.309	 1.815	 2.064	 1.973	 1.631	 1.534	 2.934	 2.672	 2.747	 2.646	 4.437	 4.176	 | 4.437 max

train losses    154:	0.3588	0.3661	0.3303	0.3235	0.3768	0.3904	0.3791	0.3831	0.5664	0.5679	0.5615	0.5708	
val losses      154:	0.2464	 0.211	0.2768	0.2797	0.2758	0.2768	0.3004	0.3109	0.5822	 0.588	0.8806	0.8768	 | 0.4254 mean
                     	0.6827	0.5411	0.7065	0.7409	0.7502	0.7153	0.7894	0.7859	 1.656	 1.549	 2.295	 2.286	 | 1.382 quantile
                      	 2.296	 1.962	 2.067	 1.984	  1.61	 1.466	 2.842	 2.596	 2.731	 2.617	  4.38	 4.116	 | 4.38 max

train losses    156:	0.3577	0.3641	0.3297	0.3229	0.3793	0.3885	0.3778	0.3814	0.5605	0.5624	0.5591	0.5677	
val losses      156:	0.2466	0.2111	0.2766	0.2796	0.2791	0.2793	0.3005	 0.311	0.5847	0.5882	0.8818	0.8774	 | 0.4263 mean
                     	0.6863	0.5416	0.7044	0.7398	0.7552	 0.736	0.7928	0.7891	 1.659	 1.551	 2.297	 2.285	 | 1.383 quantile
                      	 2.213	 1.881	 2.057	 1.986	 1.623	 1.498	 2.865	 2.621	 2.812	 2.663	 4.395	 4.131	 | 4.395 max

train losses    158:	0.3592	0.3662	0.3298	0.3228	 0.378	0.3904	0.3777	0.3815	0.5624	0.5639	0.5578	0.5667	
val losses      158:	0.2447	  0.21	0.2765	0.2795	0.2713	 0.274	   0.3	  0.31	0.5795	0.5841	0.8785	 0.876	 | 0.4237 mean
                     	0.6846	0.5373	0.7047	0.7384	 0.716	 0.702	0.7921	0.7848	 1.645	 1.512	 2.293	 2.272	 | 1.373 quantile
                      	 2.102	 1.971	 2.058	 1.986	 1.672	 1.426	 2.862	 2.628	 2.726	 2.666	 4.495	 4.239	 | 4.495 max

train losses    160:	0.3582	0.3641	0.3294	0.3227	0.3767	 0.388	0.3782	0.3812	  0.56	0.5647	 0.557	0.5658	
val losses      160:	0.2482	0.2128	0.2766	0.2796	0.2707	0.2723	0.2994	0.3097	 0.582	 0.589	0.8779	0.8749	 | 0.4244 mean
                     	0.6966	0.5471	0.7037	 0.738	0.7181	0.6997	0.7838	0.7778	 1.662	 1.532	 2.315	 2.278	 | 1.372 quantile
                      	 2.202	 1.754	  2.06	 1.978	 1.561	 1.477	 2.882	 2.645	 2.721	 2.617	 4.489	 4.219	 | 4.489 max

train losses    162:	0.3582	0.3653	0.3292	 0.322	0.3737	0.3852	0.3755	0.3787	0.5587	 0.561	0.5541	0.5641	
val losses      162:	0.2448	0.2083	0.2765	0.2796	0.2709	0.2715	0.2998	0.3099	0.5756	0.5812	0.8776	0.8743	 | 0.4225 mean
                     	0.6792	 0.537	0.7014	0.7377	0.7276	0.7026	 0.785	0.7859	 1.634	 1.544	 2.297	  2.27	 | 1.367 quantile
                      	 2.251	 1.913	 2.058	 1.979	 1.677	 1.466	 2.909	 2.686	 2.674	  2.58	 4.501	 4.236	 | 4.501 max

train losses    164:	0.3573	0.3654	0.3298	0.3224	0.3743	 0.385	0.3752	0.3788	0.5529	0.5616	0.5476	0.5585	
val losses      164:	0.2465	0.2113	0.2766	0.2796	0.2755	0.2741	0.2991	0.3096	0.5806	0.5871	0.8769	 0.873	 | 0.4242 mean
                     	0.6875	0.5445	 0.703	0.7372	0.7405	0.7084	0.7901	 0.782	 1.661	 1.508	 2.285	 2.249	 | 1.369 quantile
                      	  2.15	 1.914	 2.043	 1.976	 1.551	 1.474	 2.872	 2.601	 2.641	  2.72	  4.42	 4.133	 | 4.42 max

train losses    166:	0.3549	0.3636	0.3291	 0.322	 0.373	0.3857	0.3744	0.3775	0.5572	0.5592	0.5446	0.5521	
val losses      166:	0.2447	0.2105	0.2764	0.2795	0.2703	0.2714	0.2986	0.3083	0.5809	0.5883	0.8732	0.8704	 | 0.4227 mean
                     	0.6872	0.5417	0.7057	0.7391	0.7253	0.6969	0.7867	0.7799	 1.663	  1.54	  2.27	 2.242	 | 1.371 quantile
                      	 2.131	 1.737	 2.056	 1.973	 1.608	 1.427	  2.96	 2.685	 2.671	 2.659	 4.442	 4.166	 | 4.442 max

train losses    168:	0.3553	0.3618	0.3288	0.3217	0.3723	0.3826	0.3724	0.3748	0.5566	0.5615	0.5484	0.5573	
val losses      168:	0.2454	0.2116	0.2765	0.2797	0.2717	0.2723	 0.299	0.3092	0.5788	0.5846	0.8689	0.8663	 | 0.422 mean
                     	0.6851	0.5427	0.7037	0.7389	0.7393	0.7038	0.7865	0.7842	 1.653	 1.519	 2.252	 2.253	 | 1.357 quantile
                      	 2.226	 1.917	 2.055	 1.975	 1.608	 1.493	  2.92	 2.622	 2.715	 2.595	 4.366	 4.088	 | 4.366 max

train losses    170:	0.3552	0.3627	0.3289	0.3217	0.3722	0.3831	0.3733	0.3767	0.5537	0.5579	0.5453	0.5523	
val losses      170:	0.2443	0.2108	0.2765	0.2795	0.2685	0.2696	0.2987	0.3083	0.5774	0.5819	0.8724	0.8682	 | 0.4213 mean
                     	0.6843	0.5401	0.7032	 0.738	0.7168	0.6949	0.7855	0.7801	 1.659	 1.492	  2.27	 2.236	 | 1.366 quantile
                      	 2.182	 1.907	 2.054	 1.968	 1.573	  1.53	 2.923	 2.626	 2.714	 2.842	 4.442	 4.172	 | 4.442 max

train losses    172:	0.3536	0.3635	0.3284	0.3212	0.3731	0.3842	0.3714	 0.374	0.5552	0.5574	0.5454	0.5515	
val losses      172:	0.2397	0.2069	0.2764	0.2796	0.2693	0.2687	0.2986	 0.308	0.5767	0.5805	0.8727	0.8699	 | 0.4206 mean
                     	 0.661	0.5267	0.7022	0.7378	0.7187	0.6942	0.7789	0.7789	 1.635	 1.494	 2.255	 2.238	 | 1.36 quantile
                      	  2.29	 1.896	 2.037	 1.966	 1.595	 1.466	  2.88	 2.607	 2.625	 2.711	 4.532	 4.256	 | 4.532 max

train losses    174:	0.3536	0.3622	0.3284	0.3212	0.3703	0.3805	0.3709	0.3747	0.5499	0.5533	0.5451	0.5529	
val losses      174:	0.2413	0.2074	0.2764	0.2797	0.2678	0.2693	0.2974	 0.307	 0.574	0.5781	0.8776	0.8742	 | 0.4208 mean
                     	 0.672	0.5291	0.7015	0.7381	0.7161	0.6783	0.7821	0.7772	 1.633	 1.508	 2.276	 2.251	 | 1.371 quantile
                      	  2.04	 1.755	  2.05	 1.968	 1.546	 1.375	 2.893	  2.62	 2.653	  2.62	 4.516	 4.235	 | 4.516 max

train losses    176:	0.3543	0.3619	0.3286	0.3212	0.3712	0.3806	0.3685	0.3718	0.5514	 0.554	0.5416	0.5468	
val losses      176:	0.2399	0.2067	0.2765	0.2796	0.2677	0.2667	0.2966	0.3051	0.5724	0.5771	0.8735	0.8681	 | 0.4192 mean
                     	0.6673	0.5312	0.7011	0.7376	0.7112	 0.685	0.7741	0.7784	  1.63	 1.487	 2.295	 2.263	 | 1.362 quantile
                      	   2.2	 1.733	 2.033	 1.958	 1.582	 1.428	 2.949	 2.686	 2.649	 2.647	 4.462	 4.203	 | 4.462 max

train losses    178:	0.3546	0.3622	0.3284	 0.321	0.3722	0.3818	0.3679	0.3705	0.5505	0.5504	 0.536	0.5452	
val losses      178:	0.2408	0.2068	0.2764	0.2796	 0.267	 0.265	0.2961	 0.305	0.5792	0.5841	0.8784	0.8729	 | 0.4209 mean
                     	0.6694	0.5332	0.7028	0.7374	0.7078	0.6835	0.7771	0.7769	 1.655	 1.541	 2.305	 2.273	 | 1.369 quantile
                      	 2.151	 1.786	 2.047	 1.957	 1.598	 1.398	  2.93	 2.669	 2.789	 2.686	 4.433	 4.128	 | 4.433 max

train losses    180:	0.3534	0.3597	 0.328	0.3209	0.3693	0.3823	0.3677	0.3705	0.5488	0.5539	0.5411	0.5473	
val losses      180:	0.2433	0.2088	0.2765	0.2797	0.2619	 0.262	0.2965	0.3061	0.5765	0.5805	0.8721	0.8695	 | 0.4195 mean
                     	0.6715	0.5334	0.7029	0.7393	0.6951	0.6656	0.7815	0.7724	 1.648	 1.541	 2.262	 2.257	 | 1.362 quantile
                      	 2.203	 1.826	 2.034	 1.968	 1.405	 1.391	 2.907	 2.654	 2.707	 2.652	 4.385	 4.092	 | 4.385 max

train losses    182:	0.3551	0.3592	0.3276	0.3205	0.3692	 0.381	0.3657	0.3691	0.5487	 0.551	0.5374	0.5448	
val losses      182:	0.2448	0.2091	0.2763	0.2796	 0.265	0.2646	0.2968	0.3062	0.5765	0.5816	0.8732	0.8677	 | 0.4201 mean
                     	0.6778	0.5382	0.7017	0.7404	0.7078	 0.682	0.7855	0.7742	 1.647	 1.537	 2.272	 2.256	 | 1.365 quantile
                      	 2.208	 1.691	  2.05	 1.971	 1.518	 1.465	 2.867	 2.611	 2.759	 2.734	 4.426	 4.133	 | 4.426 max

train losses    184:	 0.354	0.3599	0.3278	0.3203	 0.367	0.3778	0.3666	0.3698	0.5457	0.5493	0.5391	0.5467	
val losses      184:	0.2409	0.2071	0.2766	0.2798	0.2628	0.2635	0.2963	0.3056	0.5718	0.5764	 0.869	0.8657	 | 0.418 mean
                     	0.6647	 0.529	0.7031	0.7372	 0.701	0.6755	0.7744	0.7809	 1.617	 1.503	 2.266	  2.25	 | 1.358 quantile
                      	 2.119	 1.876	  2.03	 1.968	 1.558	 1.405	 2.869	 2.612	 2.717	 2.602	 4.402	 4.108	 | 4.402 max

train losses    186:	0.3524	0.3592	0.3277	0.3199	0.3683	0.3809	0.3647	0.3671	 0.547	0.5506	0.5352	0.5416	
val losses      186:	0.2428	0.2084	0.2763	0.2795	0.2659	0.2661	0.2964	0.3065	 0.571	0.5775	0.8653	0.8627	 | 0.4182 mean
                     	0.6761	0.5342	0.7012	0.7372	0.7098	0.6795	0.7704	0.7709	 1.633	 1.499	 2.232	 2.233	 | 1.351 quantile
                      	 2.226	 1.853	 2.034	 1.973	 1.457	 1.418	 3.033	 2.785	 2.711	  2.67	 4.401	 4.105	 | 4.401 max

train losses    188:	0.3507	0.3601	0.3278	0.3203	0.3673	0.3808	0.3644	0.3667	0.5472	  0.55	0.5402	0.5455	
val losses      188:	0.2453	0.2115	0.2766	0.2797	 0.265	0.2657	0.2978	 0.307	0.5828	0.5883	0.8677	0.8685	 | 0.4213 mean
                     	0.6765	0.5392	0.7041	0.7383	0.7131	0.6818	0.7807	0.7787	 1.654	 1.547	 2.234	 2.256	 | 1.372 quantile
                      	 2.294	 1.985	 2.066	 1.967	 1.732	 1.384	 2.968	 2.664	 2.713	 2.695	 4.264	 3.966	 | 4.264 max

train losses    190:	 0.351	0.3606	0.3273	0.3201	0.3668	0.3785	0.3628	 0.367	0.5505	0.5559	 0.548	0.5532	
val losses      190:	0.2467	0.2114	0.2766	0.2797	0.2695	0.2713	0.2979	0.3073	0.5875	0.5896	0.8705	0.8714	 | 0.4233 mean
                     	0.6925	0.5485	0.7035	0.7384	0.7322	0.7035	0.7814	0.7774	 1.671	 1.556	 2.292	 2.266	 | 1.373 quantile
                      	 2.357	 1.988	 2.063	 1.969	 1.536	 1.411	 2.961	 2.676	 2.682	 2.667	 4.259	 3.964	 | 4.259 max

train losses    192:	0.3541	0.3605	0.3274	0.3194	0.3655	0.3809	0.3613	0.3641	0.5468	0.5536	0.5562	0.5629	
val losses      192:	0.2441	0.2096	0.2766	0.2798	0.2671	0.2698	0.2993	0.3084	0.5859	0.5868	0.8736	0.8757	 | 0.4231 mean
                     	0.6861	0.5418	0.7034	0.7396	0.7174	0.6922	0.7764	0.7835	  1.64	 1.583	 2.271	 2.271	 | 1.369 quantile
                      	 2.023	 1.817	 2.057	 1.971	 1.575	 1.427	 2.974	 2.672	 2.813	 2.956	 4.308	 4.014	 | 4.308 max

train losses    194:	0.3527	0.3617	0.3271	0.3199	0.3678	0.3773	0.3617	0.3643	0.5474	0.5513	0.5698	0.5759	
val losses      194:	0.2486	0.2139	0.2764	0.2795	0.2723	 0.273	0.2999	0.3095	0.5895	0.5874	0.8752	 0.876	 | 0.4251 mean
                     	0.6968	0.5498	0.7044	0.7391	0.7408	0.7069	0.7877	0.7886	 1.686	 1.598	 2.268	 2.281	 | 1.378 quantile
                      	 2.281	  2.05	 2.058	 1.975	 1.539	  1.55	 2.988	 2.698	 2.747	  2.84	 4.308	  4.14	 | 4.308 max

train losses    196:	0.3502	0.3605	0.3272	0.3198	 0.366	0.3819	0.3619	0.3641	 0.546	 0.551	0.5603	0.5652	
val losses      196:	0.2496	0.2149	0.2766	0.2797	0.2753	0.2746	0.2993	0.3088	0.5872	0.5845	0.8828	0.8809	 | 0.4262 mean
                     	0.7031	0.5545	0.7049	  0.74	0.7524	0.7133	0.7763	0.7879	 1.681	 1.573	 2.283	 2.293	 | 1.392 quantile
                      	   2.3	 1.876	 2.061	 1.985	 1.522	 1.534	 2.887	 2.597	  2.69	 2.691	   4.4	 4.137	 | 4.4 max

train losses    198:	0.3505	0.3609	 0.327	0.3194	0.3654	0.3798	 0.361	0.3631	0.5748	 0.577	0.5591	0.5634	
val losses      198:	0.2456	0.2105	0.2764	0.2795	 0.275	0.2754	0.2984	0.3081	0.5992	0.5934	0.8887	0.8849	 | 0.4279 mean
                     	0.6765	 0.541	0.7008	0.7366	0.7475	0.7128	0.7701	0.7795	 1.706	 1.608	 2.272	 2.308	 | 1.409 quantile
                      	 2.203	 2.084	 2.049	 1.984	 1.645	 1.628	 2.959	 2.643	 2.696	 2.782	 4.527	 4.248	 | 4.527 max

train losses    200:	0.3512	 0.363	0.3266	 0.319	 0.367	  0.38	0.3606	0.3634	 0.606	0.6094	0.5696	0.5753	
val losses      200:	0.2491	0.2147	0.2766	0.2797	0.2759	0.2737	0.2987	0.3086	0.6188	0.6086	0.8794	0.8754	 | 0.4299 mean
                     	0.6928	0.5547	0.7046	0.7394	 0.759	0.7198	0.7722	0.7824	 1.733	 1.636	 2.249	 2.278	 | 1.409 quantile
                      	 2.396	 2.222	  2.07	 1.997	 1.538	 1.464	   2.9	 2.646	 2.584	  2.91	 4.473	 4.241	 | 4.473 max

train losses    202:	0.3529	0.3595	0.3273	0.3194	0.3711	0.3848	0.3628	0.3664	0.6269	0.6257	0.5792	0.5859	
val losses      202:	0.2386	0.2051	0.2765	0.2796	0.2701	0.2669	 0.295	0.3047	0.5976	0.5917	0.8836	0.8775	 | 0.4239 mean
                     	0.6605	0.5298	0.7008	0.7359	0.7109	0.6935	0.7651	0.7731	 1.669	 1.521	  2.28	 2.277	 | 1.395 quantile
                      	 2.156	  1.76	 2.057	 1.949	 1.571	 1.515	 2.935	 2.679	  2.65	 3.243	 4.659	 4.374	 | 4.659 max

train losses    204:	0.3608	0.3666	0.3277	  0.32	  0.38	0.3926	 0.363	 0.366	 0.638	0.6348	0.5858	0.5901	
val losses      204:	0.2368	0.2046	0.2766	0.2798	0.2708	0.2678	0.2937	0.3051	0.5722	0.5704	0.8713	0.8659	 | 0.4179 mean
                     	0.6547	0.5317	0.7052	0.7348	0.7132	0.7019	0.7669	0.7698	 1.625	 1.503	 2.259	 2.249	 | 1.355 quantile
                      	 2.126	 1.603	 2.047	 1.961	  1.45	 1.456	 2.931	 2.732	 2.544	 2.928	 4.393	 4.116	 | 4.393 max

train losses    206:	0.3617	0.3655	0.3274	0.3198	0.3861	0.3971	0.3689	0.3725	0.6753	0.6701	0.6099	0.6144	
val losses      206:	0.2417	0.2087	0.2763	0.2798	0.2668	0.2698	0.2939	0.3036	 0.573	0.5702	0.8581	 0.853	 | 0.4162 mean
                     	0.6665	0.5373	0.6995	0.7368	 0.704	0.6895	0.7668	0.7822	 1.653	 1.578	 2.246	 2.228	 | 1.346 quantile
                      	 2.186	 1.684	  2.03	 1.975	 1.434	  1.49	 2.896	 2.629	 2.966	 3.177	 4.286	 4.026	 | 4.286 max

train losses    208:	0.3606	 0.368	0.3271	0.3197	0.4017	0.4144	0.3715	 0.374	0.7139	0.7132	0.6346	0.6379	
val losses      208:	0.2537	0.2204	0.2763	0.2796	0.2821	0.2816	0.2992	0.3106	0.6169	0.6103	0.8539	0.8537	 | 0.4282 mean
                     	0.7067	0.5639	0.7029	0.7381	0.7629	0.7532	0.7834	  0.79	 1.774	 1.736	 2.262	 2.258	 | 1.386 quantile
                      	 2.309	 1.985	 2.035	 1.982	 1.809	 1.703	 3.099	 2.775	 2.709	 2.929	 4.358	 4.065	 | 4.358 max

train losses    210:	0.3557	0.3638	0.3275	  0.32	0.3846	0.3993	0.3686	0.3723	0.6253	0.6264	0.6001	0.6056	
val losses      210:	0.2479	0.2164	0.2763	0.2796	0.2747	0.2776	0.2973	0.3095	0.6091	0.6115	0.8526	0.8551	 | 0.4256 mean
                     	 0.682	0.5461	0.7059	0.7387	0.7482	0.7208	0.7905	0.7869	 1.699	 1.616	 2.272	 2.251	 | 1.377 quantile
                      	 2.299	  1.91	 2.017	 1.987	  1.73	 1.528	 3.101	 2.789	 2.639	 2.795	 4.408	  4.14	 | 4.408 max

train losses    212:	0.3588	0.3675	0.3272	0.3202	0.3811	0.3949	0.3709	0.3735	0.6085	0.6039	0.6861	0.6905	
val losses      212:	0.2521	0.2182	0.2762	0.2798	0.2722	0.2728	0.2957	0.3067	0.5855	0.5919	0.9099	0.9068	 | 0.4307 mean
                     	0.7138	0.5576	0.7045	0.7359	0.7303	0.7044	0.7702	0.7822	  1.66	 1.544	  2.34	 2.344	 | 1.432 quantile
                      	  2.23	 2.046	  2.04	 1.959	 1.556	 1.551	  3.08	 2.757	 2.651	 2.637	 4.702	 4.432	 | 4.702 max

train losses    214:	0.3539	0.3613	0.3275	  0.32	0.3837	0.3984	0.3676	0.3717	0.6039	0.6024	0.7029	0.7073	
val losses      214:	0.2457	0.2116	0.2765	0.2797	0.2744	0.2753	0.2979	0.3084	0.5899	0.5939	0.8963	0.8957	 | 0.4288 mean
                     	 0.675	0.5464	0.7025	0.7364	0.7269	 0.707	0.7646	0.7847	 1.676	 1.548	 2.333	 2.352	 | 1.409 quantile
                      	 2.212	 1.802	 2.088	 1.976	 1.478	 1.577	 3.004	 2.729	 2.691	 2.927	 4.521	 4.244	 | 4.521 max

train losses    216:	0.3567	0.3622	0.3275	0.3197	0.3727	 0.387	0.3659	0.3695	0.6073	0.6102	0.6397	0.6436	
val losses      216:	0.2485	0.2137	0.2763	0.2797	  0.27	0.2713	0.2981	0.3091	0.6096	0.6101	 0.899	0.8908	 | 0.4313 mean
                     	 0.676	0.5476	0.7019	0.7366	0.7193	0.7062	 0.756	0.7762	 1.728	 1.584	 2.279	 2.296	 | 1.414 quantile
                      	 2.326	 1.941	 2.072	 2.003	 1.627	  1.53	 2.857	 2.628	 2.689	 2.943	 4.727	  4.45	 | 4.727 max

train losses    218:	0.3529	0.3649	0.3272	0.3196	0.3728	0.3875	0.3656	0.3691	0.5945	0.6017	0.5861	  0.59	
val losses      218:	0.2471	0.2135	0.2761	0.2794	 0.269	0.2725	0.2946	0.3054	0.5793	0.5828	0.8697	0.8669	 | 0.4214 mean
                     	 0.677	0.5526	0.7037	0.7376	0.7317	0.6886	0.7588	0.7791	 1.597	 1.476	 2.273	 2.269	 | 1.358 quantile
                      	 2.171	 1.901	 2.042	   2.0	 1.625	 1.514	 2.895	 2.614	 2.741	 2.685	 4.386	 4.116	 | 4.386 max

train losses    220:	0.3561	0.3619	0.3262	0.3187	0.3715	0.3831	0.3616	0.3652	0.5626	 0.564	0.5602	0.5626	
val losses      220:	0.2478	0.2094	0.2762	0.2794	0.2703	0.2728	0.2931	 0.304	0.5761	0.5852	0.8727	0.8687	 | 0.4213 mean
                     	0.6883	0.5379	0.7029	0.7349	0.7195	0.6898	 0.771	  0.78	  1.62	 1.494	 2.302	 2.261	 | 1.354 quantile
                      	 2.007	 1.977	 2.008	  1.97	 1.651	 1.564	 2.909	 2.677	 2.656	 2.767	 4.573	 4.301	 | 4.573 max

train losses    222:	0.3541	0.3595	0.3258	0.3182	0.3705	0.3814	0.3576	0.3605	0.5478	0.5471	0.5535	0.5585	
val losses      222:	0.2426	0.2068	0.2762	0.2796	0.2605	0.2632	0.2917	0.3022	0.5773	0.5813	0.8739	0.8713	 | 0.4189 mean
                     	0.6689	0.5364	0.7023	0.7346	0.7048	0.6668	0.7603	0.7726	 1.599	 1.535	 2.323	 2.298	 | 1.362 quantile
                      	 2.122	 1.829	 2.041	 1.952	 1.443	 1.403	 2.927	 2.686	 2.692	 2.646	 4.694	 4.415	 | 4.694 max

train losses    224:	0.3506	0.3573	0.3255	0.3177	 0.367	0.3793	0.3574	0.3592	 0.542	0.5449	0.5453	0.5493	
val losses      224:	0.2449	0.2113	0.2762	0.2796	0.2672	0.2678	0.2969	0.3068	0.5833	0.5858	0.8507	0.8534	 | 0.4187 mean
                     	0.6774	0.5385	0.7001	0.7364	0.7169	0.6859	0.7747	0.7812	 1.659	 1.562	 2.244	 2.238	 | 1.347 quantile
                      	 2.109	 1.899	 2.057	 1.985	 1.643	   1.5	 3.008	 2.686	 2.717	 2.645	 4.531	 4.248	 | 4.531 max

train losses    226:	0.3502	 0.359	0.3255	0.3173	0.3638	0.3747	 0.356	0.3582	0.5423	  0.54	0.5331	0.5358	
val losses      226:	0.2427	0.2087	0.2764	0.2796	0.2625	0.2639	0.2956	0.3055	0.5817	0.5879	0.8662	0.8639	 | 0.4196 mean
                     	0.6766	0.5342	0.6992	0.7344	0.7052	0.6783	0.7677	  0.77	 1.648	 1.533	 2.256	 2.239	 | 1.364 quantile
                      	 2.188	 1.824	 2.057	 1.974	 1.684	 1.446	 2.973	 2.644	 2.634	 2.647	 4.562	 4.267	 | 4.562 max

train losses    228:	0.3506	0.3569	0.3253	0.3172	0.3641	0.3765	0.3516	0.3553	0.5377	0.5409	0.5268	0.5301	
val losses      228:	0.2381	 0.205	0.2764	0.2798	0.2625	0.2648	0.2944	0.3037	0.5754	 0.582	0.8588	0.8605	 | 0.4168 mean
                     	 0.657	0.5171	0.7004	0.7339	0.6955	0.6739	0.7617	0.7768	 1.603	 1.543	 2.243	 2.244	 | 1.351 quantile
                      	  2.05	 1.739	 2.058	 1.965	 1.437	 1.441	 2.992	 2.669	 2.816	 2.963	  4.32	 4.029	 | 4.32 max

train losses    230:	0.3481	0.3572	0.3257	0.3176	0.3632	 0.375	0.3497	0.3529	0.5349	0.5365	0.5226	0.5256	
val losses      230:	0.2394	0.2065	0.2762	0.2795	0.2646	0.2655	0.2935	0.3029	0.5767	0.5807	0.8686	0.8647	 | 0.4182 mean
                     	0.6678	0.5289	0.7011	0.7329	0.7163	0.6782	0.7557	0.7708	 1.633	  1.52	 2.277	 2.253	 | 1.374 quantile
                      	  1.94	 1.773	 2.031	 1.964	 1.475	 1.459	 2.887	 2.613	 2.727	 2.599	 4.676	 4.388	 | 4.676 max

train losses    232:	0.3472	0.3555	0.3256	0.3176	0.3623	0.3738	0.3496	0.3529	0.5356	0.5406	0.5235	0.5261	
val losses      232:	 0.242	0.2082	0.2763	0.2795	0.2663	0.2673	 0.295	0.3038	0.5828	0.5858	0.8672	0.8639	 | 0.4198 mean
                     	0.6697	0.5373	0.7014	0.7326	0.7272	0.6832	0.7656	0.7755	 1.639	 1.512	 2.257	 2.235	 | 1.371 quantile
                      	 2.115	 1.955	 2.053	 1.982	 1.502	 1.464	 3.035	 2.709	 2.751	  2.61	 4.577	 4.293	 | 4.577 max

train losses    234:	0.3482	0.3545	0.3254	0.3175	0.3617	 0.375	  0.35	0.3525	0.5348	0.5358	0.5231	0.5271	
val losses      234:	0.2392	0.2058	0.2764	0.2796	0.2577	0.2593	0.2935	0.3018	0.5769	0.5807	0.8665	 0.864	 | 0.4168 mean
                     	0.6605	0.5223	0.7011	0.7331	0.6907	0.6624	0.7529	0.7642	   1.6	 1.512	 2.244	 2.237	 | 1.361 quantile
                      	 2.055	 1.843	 2.044	 1.969	 1.508	 1.442	 2.948	 2.615	 2.663	 2.703	 4.569	 4.286	 | 4.569 max

train losses    236:	0.3484	 0.355	0.3244	0.3167	 0.362	0.3757	0.3484	0.3517	0.5304	0.5326	0.5232	0.5252	
val losses      236:	0.2382	0.2034	0.2763	0.2797	0.2588	0.2598	0.2923	0.3014	0.5757	0.5777	0.8592	0.8583	 | 0.4151 mean
                     	0.6485	0.5176	0.7029	0.7314	 0.689	0.6563	0.7526	0.7668	 1.602	 1.502	 2.244	 2.214	 | 1.35 quantile
                      	 2.034	 1.948	 2.036	 1.964	 1.506	 1.446	 2.934	 2.611	 2.641	 2.843	 4.624	 4.339	 | 4.624 max

train losses    238:	0.3502	0.3557	0.3252	0.3174	0.3598	0.3733	0.3478	 0.351	0.5325	0.5348	0.5152	0.5173	
val losses      238:	0.2443	0.2098	0.2764	0.2796	0.2653	0.2675	0.2939	0.3037	0.5776	0.5823	0.8551	0.8545	 | 0.4175 mean
                     	0.6759	0.5352	0.7026	0.7331	0.7115	0.6828	0.7605	0.7627	 1.633	  1.53	  2.22	 2.217	 | 1.348 quantile
                      	 2.121	 1.877	  2.05	 1.985	  1.65	 1.434	 3.031	 2.704	 2.637	 2.588	 4.469	 4.185	 | 4.469 max

train losses    240:	0.3494	0.3559	0.3247	0.3165	0.3605	0.3726	0.3475	0.3496	0.5306	0.5329	0.5139	0.5172	
val losses      240:	0.2419	0.2074	0.2763	0.2796	 0.261	0.2626	0.2935	0.3034	0.5795	0.5845	0.8589	0.8572	 | 0.4171 mean
                     	0.6667	 0.528	0.7016	0.7324	0.6946	 0.669	  0.75	 0.767	 1.649	  1.55	 2.205	 2.214	 | 1.355 quantile
                      	 2.169	 1.879	  2.05	  1.97	 1.488	 1.466	 2.977	  2.64	 2.657	 2.833	 4.494	 4.213	 | 4.494 max

train losses    242:	0.3498	0.3563	0.3246	0.3166	0.3611	0.3724	0.3462	0.3488	0.5286	0.5335	0.5143	0.5166	
val losses      242:	0.2413	0.2073	 0.276	0.2794	0.2627	0.2637	0.2931	0.3036	0.5809	0.5843	0.8635	0.8603	 | 0.418 mean
                     	0.6659	 0.533	0.7021	 0.732	0.7041	0.6769	0.7591	0.7667	 1.662	 1.558	 2.217	 2.218	 | 1.366 quantile
                      	 2.143	 1.898	 2.027	 1.972	   1.5	 1.422	 2.957	 2.635	 2.648	 2.626	 4.557	 4.265	 | 4.557 max

train losses    244:	0.3482	0.3558	0.3249	0.3167	0.3587	0.3721	0.3465	0.3501	0.5267	0.5308	0.5165	0.5182	
val losses      244:	0.2402	0.2063	0.2761	0.2795	0.2598	0.2606	0.2942	0.3041	 0.576	0.5788	0.8634	0.8617	 | 0.4167 mean
                     	0.6645	0.5233	0.7016	0.7338	0.6887	  0.67	0.7556	0.7656	 1.634	  1.54	 2.237	 2.237	 | 1.367 quantile
                      	 2.178	 1.873	  2.04	 1.972	 1.542	 1.406	 2.936	 2.686	 2.638	 2.642	  4.44	 4.155	 | 4.44 max

train losses    246:	0.3454	0.3539	0.3238	0.3162	0.3603	0.3742	0.3439	0.3477	0.5259	0.5306	0.5115	0.5134	
val losses      246:	0.2413	 0.209	0.2764	0.2797	 0.264	0.2631	0.2939	0.3037	0.5735	0.5775	0.8607	0.8596	 | 0.4169 mean
                     	0.6634	0.5354	0.7024	 0.734	0.7134	0.6753	0.7543	0.7772	 1.621	 1.519	 2.248	 2.219	 | 1.356 quantile
                      	 2.294	 1.806	 2.042	 1.972	 1.479	 1.411	 3.037	 2.711	 2.659	 2.796	 4.473	 4.188	 | 4.473 max

train losses    248:	0.3461	0.3544	0.3246	0.3166	  0.36	0.3723	0.3449	0.3473	0.5274	0.5309	0.5088	0.5128	
val losses      248:	0.2384	0.2054	0.2763	0.2796	0.2583	0.2596	0.2932	0.3027	0.5725	0.5758	0.8586	0.8572	 | 0.4148 mean
                     	0.6589	0.5273	0.7026	0.7327	0.6869	0.6705	0.7578	0.7719	 1.599	 1.494	 2.248	 2.217	 | 1.356 quantile
                      	 2.065	 1.893	 2.039	 1.973	 1.426	 1.415	 3.008	 2.684	 2.643	 2.601	 4.569	 4.287	 | 4.569 max

train losses    250:	0.3479	0.3544	0.3246	0.3166	0.3599	0.3703	0.3438	 0.346	0.5266	0.5281	0.5098	0.5125	
val losses      250:	0.2358	 0.204	0.2762	0.2795	0.2606	 0.261	0.2927	0.3031	 0.571	0.5766	0.8626	0.8597	 | 0.4152 mean
                     	0.6544	0.5255	0.7034	0.7333	0.6832	0.6719	0.7586	0.7744	 1.587	 1.504	 2.229	 2.206	 | 1.353 quantile
                      	 1.924	 1.984	 2.024	 1.958	 1.507	 1.402	 2.899	 2.662	 2.701	 2.785	 4.477	 4.184	 | 4.477 max

train losses    252:	0.3468	0.3534	0.3241	0.3162	0.3585	0.3702	0.3415	0.3447	0.5239	 0.529	 0.507	0.5089	
val losses      252:	0.2359	0.2051	0.2764	0.2796	0.2572	0.2581	0.2924	0.3019	 0.574	0.5784	0.8595	0.8566	 | 0.4146 mean
                     	0.6496	0.5194	0.7026	0.7326	0.6858	0.6627	0.7463	0.7636	 1.626	 1.519	 2.229	 2.223	 | 1.358 quantile
                      	 2.132	 1.884	 2.042	 1.968	   1.5	 1.363	 2.931	 2.656	 2.747	  2.64	 4.442	 4.162	 | 4.442 max

train losses    254:	0.3456	0.3523	0.3238	0.3162	  0.36	0.3715	0.3424	0.3451	 0.525	0.5299	0.5105	0.5124	
val losses      254:	0.2409	0.2072	0.2763	0.2796	0.2591	0.2591	0.2933	0.3034	0.5779	0.5819	0.8579	0.8564	 | 0.4161 mean
                     	0.6676	0.5279	0.7009	0.7339	0.6978	0.6669	0.7553	0.7654	 1.627	 1.523	 2.224	 2.236	 | 1.354 quantile
                      	 2.196	 1.847	 2.044	 1.975	 1.525	 1.386	 2.937	 2.722	 2.639	 2.571	 4.344	 4.061	 | 4.344 max

train losses    256:	0.3472	0.3528	 0.324	0.3158	0.3586	0.3699	0.3413	 0.343	 0.527	0.5283	0.5119	0.5146	
val losses      256:	0.2418	0.2075	0.2764	0.2797	0.2661	0.2653	0.2936	0.3034	0.5796	0.5814	 0.857	0.8549	 | 0.4172 mean
                     	0.6678	0.5315	0.7027	0.7339	0.7176	0.6959	0.7604	0.7712	 1.635	 1.522	 2.223	 2.205	 | 1.358 quantile
                      	 2.161	 2.115	 2.043	 1.984	 1.495	 1.458	 2.974	 2.687	 2.645	 2.669	 4.422	 4.139	 | 4.422 max

train losses    258:	0.3448	0.3517	0.3237	0.3158	0.3578	0.3708	0.3422	0.3444	0.5248	0.5275	 0.509	0.5112	
val losses      258:	0.2387	0.2048	0.2763	0.2797	0.2592	0.2596	 0.294	0.3039	0.5747	  0.58	0.8559	0.8549	 | 0.4151 mean
                     	0.6621	0.5247	0.7014	0.7304	0.6872	0.6687	 0.752	0.7745	 1.632	  1.52	 2.202	 2.221	 | 1.349 quantile
                      	 2.136	  1.64	  2.04	 1.964	 1.487	 1.397	 2.942	 2.715	 2.633	  2.69	 4.465	 4.179	 | 4.465 max

train losses    260:	0.3438	0.3534	0.3232	0.3155	0.3576	0.3703	0.3409	0.3441	0.5224	0.5249	0.5075	0.5103	
val losses      260:	0.2397	0.2059	0.2764	0.2796	0.2619	0.2623	0.2939	0.3033	0.5815	0.5854	0.8579	0.8562	 | 0.417 mean
                     	0.6691	 0.527	0.7026	0.7351	0.7099	0.6854	0.7608	0.7722	 1.651	 1.531	 2.204	 2.225	 | 1.363 quantile
                      	 2.186	 1.761	 2.043	 1.971	 1.528	 1.435	 2.951	 2.691	 2.703	 2.768	 4.377	 4.091	 | 4.377 max

train losses    262:	0.3458	0.3542	0.3234	0.3155	0.3559	0.3694	0.3397	0.3431	0.5247	0.5291	0.5085	0.5124	
val losses      262:	0.2385	0.2042	0.2764	0.2798	 0.259	 0.259	0.2928	0.3022	0.5765	0.5789	0.8651	0.8632	 | 0.4163 mean
                     	0.6605	0.5224	0.7023	0.7328	 0.684	0.6591	0.7556	0.7655	 1.614	 1.483	  2.24	 2.247	 | 1.365 quantile
                      	 2.104	 1.901	 2.026	 1.965	 1.464	 1.371	 2.911	 2.595	 2.628	 2.719	 4.365	 4.089	 | 4.365 max

train losses    264:	0.3449	0.3507	0.3238	0.3155	0.3561	0.3691	0.3388	0.3411	0.5264	  0.53	0.5102	0.5118	
val losses      264:	0.2435	0.2078	0.2763	0.2797	0.2655	 0.263	0.2948	0.3041	0.5812	0.5838	0.8617	0.8607	 | 0.4185 mean
                     	0.6786	0.5314	0.7017	0.7326	0.7206	0.6851	0.7554	0.7781	 1.633	 1.516	 2.235	 2.258	 | 1.373 quantile
                      	 2.384	 1.865	 2.044	 1.964	 1.499	 1.429	 2.981	  2.68	 2.715	 2.646	 4.364	 4.082	 | 4.364 max

train losses    266:	0.3456	0.3535	0.3237	0.3156	0.3551	0.3695	0.3398	0.3423	0.5221	 0.526	0.5055	0.5045	
val losses      266:	 0.239	0.2044	0.2762	0.2799	0.2563	0.2576	0.2927	0.3019	0.5758	0.5789	0.8631	0.8623	 | 0.4157 mean
                     	0.6581	0.5253	0.7029	0.7341	0.6854	0.6606	0.7516	0.7689	  1.61	 1.505	  2.25	 2.241	 | 1.363 quantile
                      	 2.152	 1.802	 2.028	 1.954	 1.505	 1.395	 2.952	 2.697	 2.659	 2.688	 4.372	 4.095	 | 4.372 max

train losses    268:	 0.346	0.3531	0.3234	0.3155	0.3567	0.3686	0.3379	0.3409	0.5238	0.5256	0.5091	0.5097	
val losses      268:	0.2388	0.2057	0.2763	0.2797	0.2597	0.2586	0.2937	0.3031	0.5774	0.5789	0.8655	0.8644	 | 0.4168 mean
                     	0.6579	0.5257	0.7011	0.7307	 0.698	0.6671	0.7509	0.7689	 1.613	 1.498	 2.239	  2.24	 | 1.374 quantile
                      	 2.141	 1.909	 2.044	 1.973	 1.525	 1.448	 3.012	 2.674	 2.617	 2.642	 4.444	 4.167	 | 4.444 max

train losses    270:	0.3444	0.3491	0.3233	0.3148	0.3577	0.3703	0.3371	0.3399	 0.524	0.5256	0.5056	0.5061	
val losses      270:	0.2361	0.2033	0.2763	0.2797	0.2602	0.2594	 0.293	0.3031	0.5788	0.5784	0.8665	0.8629	 | 0.4165 mean
                     	 0.659	0.5207	0.7017	0.7318	0.6944	0.6749	0.7591	0.7713	 1.611	 1.517	 2.218	 2.244	 | 1.375 quantile
                      	 2.225	 1.683	  2.03	 1.968	 1.445	 1.411	 2.915	 2.635	 2.699	 2.785	 4.437	 4.151	 | 4.437 max

train losses    272:	0.3458	 0.352	0.3235	0.3151	0.3562	0.3676	0.3378	0.3396	0.5256	0.5264	0.5115	0.5111	
val losses      272:	0.2374	0.2034	0.2761	0.2795	0.2614	0.2605	0.2937	0.3032	0.5781	0.5804	0.8676	0.8635	 | 0.4171 mean
                     	0.6584	0.5207	0.7046	0.7316	0.7028	0.6736	0.7503	0.7778	 1.614	 1.526	 2.217	  2.23	 | 1.372 quantile
                      	 2.042	 1.676	 2.035	 1.974	 1.517	 1.409	 2.905	 2.583	 2.633	  2.66	 4.579	 4.283	 | 4.579 max

train losses    274:	0.3457	0.3521	0.3231	0.3152	0.3568	0.3689	0.3367	0.3402	0.5253	0.5286	0.5235	 0.525	
val losses      274:	0.2358	0.2022	 0.276	0.2794	0.2569	0.2571	0.2918	0.3016	0.5814	0.5811	0.8775	0.8712	 | 0.4177 mean
                     	0.6499	0.5178	0.7028	0.7313	0.6829	0.6602	0.7508	0.7712	 1.594	 1.525	 2.278	 2.258	 | 1.374 quantile
                      	 2.238	  1.74	 2.047	 1.967	 1.561	  1.43	 2.874	   2.6	 2.662	 2.816	 4.601	 4.314	 | 4.601 max

train losses    276:	0.3465	0.3506	0.3232	0.3149	0.3584	0.3697	0.3357	0.3403	0.5287	 0.531	0.5408	 0.541	
val losses      276:	0.2405	0.2043	0.2761	0.2796	0.2619	0.2598	0.2915	 0.301	0.5803	0.5791	0.8858	0.8774	 | 0.4198 mean
                     	0.6604	0.5259	0.7006	0.7302	0.7026	0.6706	0.7511	0.7677	 1.622	 1.554	 2.261	 2.241	 | 1.371 quantile
                      	 2.083	 1.748	 2.043	 1.965	 1.503	 1.432	 2.906	 2.684	 2.739	 2.889	  4.59	 4.303	 | 4.59 max

train losses    278:	0.3463	0.3509	0.3232	0.3147	0.3577	0.3684	0.3367	0.3389	0.5333	0.5322	0.5541	0.5544	
val losses      278:	0.2383	0.2045	0.2762	0.2795	0.2555	0.2569	0.2903	   0.3	0.5814	 0.583	0.8857	0.8777	 | 0.4191 mean
                     	0.6643	0.5257	0.7014	0.7323	0.6973	0.6654	 0.744	0.7616	  1.61	 1.561	 2.261	 2.248	 | 1.388 quantile
                      	 2.109	 1.919	 2.055	 1.959	 1.614	 1.465	 2.887	 2.658	 3.066	 3.229	 4.559	 4.273	 | 4.559 max

train losses    280:	 0.347	0.3518	 0.323	0.3153	0.3617	0.3688	0.3373	0.3406	0.5308	0.5332	0.5534	0.5533	
val losses      280:	0.2387	 0.205	0.2762	0.2796	 0.255	0.2573	0.2914	 0.301	0.5808	0.5792	 0.866	0.8616	 | 0.416 mean
                     	0.6613	0.5264	0.7023	0.7307	0.6864	0.6623	0.7516	0.7751	 1.632	 1.586	 2.225	 2.238	 | 1.364 quantile
                      	 2.236	 1.716	 2.036	 1.948	 1.563	  1.48	 2.945	 2.652	 3.006	 3.159	 4.319	 4.033	 | 4.319 max

train losses    282:	0.3457	 0.353	0.3231	0.3149	0.3574	0.3702	0.3374	0.3401	0.5248	0.5309	0.5411	0.5408	
val losses      282:	0.2409	0.2052	0.2759	0.2793	0.2564	 0.258	0.2917	0.3017	0.5836	0.5841	0.8601	0.8571	 | 0.4162 mean
                     	0.6634	0.5266	0.7004	0.7319	0.6893	0.6552	0.7487	0.7681	 1.629	 1.617	 2.221	 2.237	 | 1.364 quantile
                      	  2.14	 2.004	 2.026	 1.953	 1.595	 1.466	 2.863	 2.675	 3.082	 3.278	 4.186	 3.903	 | 4.186 max

train losses    284:	0.3459	0.3512	0.3227	0.3148	0.3551	0.3672	0.3346	0.3373	0.5269	0.5311	0.5367	0.5363	
val losses      284:	 0.242	0.2087	0.2762	0.2794	0.2619	0.2646	0.2924	0.3025	0.5816	0.5801	0.8618	0.8582	 | 0.4175 mean
                     	0.6786	0.5319	0.7021	0.7343	0.7151	0.6785	0.7501	0.7719	 1.647	 1.562	 2.229	 2.242	 | 1.359 quantile
                      	 2.284	 1.879	 2.047	 1.973	 1.523	 1.467	 2.937	 2.708	 2.955	 3.154	 4.268	 3.993	 | 4.268 max

train losses    286:	0.3435	0.3499	0.3226	0.3142	0.3544	0.3689	0.3349	0.3375	0.5237	 0.529	0.5312	0.5322	
val losses      286:	0.2355	0.2031	0.2762	0.2797	0.2569	  0.26	0.2915	0.3013	0.5756	0.5785	0.8485	0.8501	 | 0.4131 mean
                     	0.6442	0.5166	0.7029	0.7307	0.6868	0.6585	0.7492	0.7712	  1.61	 1.551	 2.219	 2.212	 | 1.343 quantile
                      	 1.991	 1.751	  2.03	 1.955	  1.42	 1.428	 2.869	 2.683	 2.731	 2.867	  4.18	 3.902	 | 4.18 max

train losses    288:	0.3449	0.3509	0.3227	0.3144	0.3551	0.3646	0.3323	 0.336	0.5209	0.5253	 0.519	0.5205	
val losses      288:	0.2401	 0.206	0.2763	0.2796	0.2555	0.2581	 0.292	0.3021	0.5775	0.5804	0.8544	0.8534	 | 0.4146 mean
                     	0.6614	0.5297	0.7028	0.7327	0.6852	0.6579	0.7541	0.7706	 1.615	 1.564	 2.225	 2.216	 | 1.35 quantile
                      	 2.092	 1.658	 2.023	 1.961	 1.513	  1.44	 2.952	 2.621	 2.726	 2.904	 4.249	 3.968	 | 4.249 max

train losses    290:	0.3434	0.3506	0.3221	0.3146	0.3548	 0.367	0.3321	0.3353	0.5225	0.5249	0.5095	0.5098	
val losses      290:	0.2401	0.2066	0.2766	  0.28	0.2553	 0.257	 0.293	0.3027	0.5834	 0.583	0.8514	 0.853	 | 0.4152 mean
                     	0.6693	0.5323	0.6995	0.7324	0.6836	0.6621	0.7563	0.7669	 1.632	 1.563	 2.192	 2.214	 | 1.351 quantile
                      	 2.175	  1.76	 2.031	 1.952	 1.562	  1.44	 2.923	 2.736	 2.824	 2.978	 4.332	 4.046	 | 4.332 max

train losses    292:	0.3453	0.3518	 0.322	0.3141	0.3567	0.3673	0.3327	0.3359	 0.519	0.5229	0.5006	0.5026	
val losses      292:	0.2369	0.2031	 0.276	0.2796	0.2506	0.2533	0.2919	0.3009	 0.584	0.5865	 0.863	0.8617	 | 0.4156 mean
                     	0.6583	0.5242	0.6982	0.7309	0.6605	0.6491	0.7457	0.7663	 1.618	 1.585	 2.227	  2.23	 | 1.372 quantile
                      	 2.146	 1.758	 2.041	 1.943	 1.505	  1.33	 2.964	 2.625	 2.998	 3.203	 4.453	 4.173	 | 4.453 max

train losses    294:	0.3447	0.3493	0.3217	0.3137	0.3558	0.3664	0.3305	0.3343	0.5218	0.5277	0.5006	0.5008	
val losses      294:	 0.238	0.2036	0.2761	0.2796	0.2591	0.2576	0.2914	0.3012	0.5811	0.5833	0.8676	0.8647	 | 0.4169 mean
                     	0.6663	0.5295	0.7025	0.7327	0.7027	0.6701	0.7512	0.7647	 1.658	 1.589	 2.237	 2.235	 | 1.37 quantile
                      	 2.051	 1.714	 2.019	 1.953	 1.545	 1.449	 2.801	 2.582	 2.825	 3.005	  4.44	 4.145	 | 4.44 max

train losses    296:	0.3444	0.3493	0.3221	0.3138	0.3565	 0.367	0.3315	0.3333	 0.526	0.5268	0.5065	0.5069	
val losses      296:	0.2406	0.2059	 0.276	0.2796	0.2578	0.2576	0.2918	 0.302	 0.581	 0.582	0.8656	0.8633	 | 0.4169 mean
                     	0.6594	0.5293	0.7019	0.7332	0.7028	0.6688	0.7528	0.7651	 1.641	 1.578	 2.229	 2.226	 | 1.366 quantile
                      	  2.23	 1.865	 2.033	 1.945	  1.53	 1.447	 3.068	  2.72	 2.954	 3.107	 4.401	 4.118	 | 4.401 max

train losses    298:	0.3445	  0.35	0.3221	0.3139	0.3549	0.3655	0.3315	0.3352	0.5191	0.5224	0.5098	0.5088	
val losses      298:	0.2373	0.2039	0.2763	0.2796	0.2569	0.2554	0.2925	0.3019	0.5772	0.5754	0.8639	0.8624	 | 0.4152 mean
                     	0.6563	 0.521	0.7035	0.7339	0.7011	0.6666	0.7436	0.7646	 1.619	 1.509	 2.216	 2.222	 | 1.353 quantile
                      	   2.2	 1.999	  2.04	 1.962	 1.592	 1.436	 2.968	  2.63	 2.688	 2.832	 4.523	 4.226	 | 4.523 max

