train losses      0:	0.5813	0.5925	0.3655	0.3886	0.7184	0.7521	 0.472	0.4829	 1.559	 1.565	 1.442	 1.438	
val losses        0:	0.5341	0.9221	0.4026	0.8011	 1.657	 1.474	0.5391	0.5035	 2.554	 2.197	 2.706	 2.506	 | 1.4 mean
                     	  1.46	 2.002	0.9996	 1.552	 3.502	 3.449	 1.355	 1.268	 6.827	  6.56	 6.655	 6.355	 | 4.609 quantile
                      	 6.326	 7.312	 2.502	 2.842	 6.329	 5.969	 2.325	 2.246	 14.29	 13.28	 8.858	 8.261	 | 14.29 max

train losses      2:	0.5149	0.5728	0.3747	0.3607	0.6777	0.7244	0.4769	0.4888	 1.518	 1.497	 1.419	  1.42	
val losses        2:	0.4766	0.5159	0.3909	0.3831	0.8854	0.8003	0.5718	0.5594	 2.155	 1.993	 2.062	 2.109	 | 1.075 mean
                     	 1.283	 1.435	0.9943	0.9711	 2.376	 2.287	 1.403	 1.439	 6.403	 5.855	 5.031	 5.384	 | 3.827 quantile
                      	 5.552	  6.17	 2.939	 1.995	 4.976	  4.94	 2.391	 2.619	  12.1	 12.29	 8.223	 7.998	 | 12.29 max

train losses      4:	0.4902	0.5614	0.3967	0.3807	0.6473	0.6883	0.4923	0.4989	  1.44	 1.367	 1.382	 1.391	
val losses        4:	0.4286	0.6152	 0.399	0.3591	 0.733	0.7295	0.5337	0.5666	 1.977	 1.745	 1.933	 1.971	 | 0.9993 mean
                     	 1.178	 1.557	 1.018	0.9207	 2.074	 2.068	 1.355	 1.441	  5.81	 4.886	  4.95	 5.026	 | 3.593 quantile
                      	 5.257	 5.458	 2.921	 2.171	 4.729	 4.769	 2.465	 2.635	  11.8	 10.89	  7.52	 7.344	 | 11.8 max

train losses      6:	0.4838	0.5599	 0.429	0.4087	0.6291	0.6489	0.5176	0.5172	 1.311	 1.204	  1.33	 1.348	
val losses        6:	 0.439	0.5479	0.3807	0.3652	0.7085	0.6906	0.5356	0.4914	 1.818	  1.59	 1.843	 1.893	 | 0.9419 mean
                     	 1.138	  1.48	0.9895	0.9553	 1.963	 1.939	 1.363	 1.282	 5.283	 4.373	 4.635	 4.755	 | 3.415 quantile
                      	 5.187	 5.577	 2.634	 2.391	 4.233	 4.527	 2.488	 2.381	  11.1	 9.621	 7.364	 7.172	 | 11.1 max

train losses      8:	0.4896	0.5516	0.4582	0.4411	0.6155	0.6141	0.5406	0.5354	  1.22	 1.161	 1.285	 1.303	
val losses        8:	0.4124	0.5022	0.3931	0.3645	0.6522	0.6478	 0.522	0.4842	 1.715	 1.488	 1.749	 1.803	 | 0.8945 mean
                     	 1.083	  1.36	0.9995	0.9652	 1.798	 1.774	 1.338	 1.248	 4.889	 3.916	 4.441	 4.495	 | 3.229 quantile
                      	 5.376	 5.242	 2.509	 2.853	 5.544	 6.424	 2.465	 2.305	 10.09	 10.52	 7.181	 7.328	 | 10.52 max

train losses     10:	0.4828	0.5354	0.4719	0.4488	0.5828	0.5851	0.5296	0.5447	 1.071	  1.01	 1.245	 1.258	
val losses       10:	0.4277	0.4873	0.4054	0.3653	0.5952	0.6116	0.4948	0.4767	 1.622	 1.399	  1.67	 1.734	 | 0.8574 mean
                     	 1.124	 1.339	 1.053	0.9537	 1.585	 1.585	 1.263	 1.239	 4.633	 3.572	 4.312	  4.35	 | 3.041 quantile
                      	 5.633	  5.08	 2.839	 3.085	 6.595	 8.047	 2.152	 2.196	 9.498	 10.91	 6.828	 7.143	 | 10.91 max

train losses     12:	0.4836	0.5178	 0.476	0.4483	0.5698	0.5681	0.5245	0.5438	0.9379	0.8884	 1.181	 1.202	
val losses       12:	 0.428	0.4617	0.4069	0.3676	0.5462	0.5639	0.4811	0.4678	 1.439	 1.229	 1.466	 1.561	 | 0.7847 mean
                     	 1.134	 1.268	 1.053	0.9419	 1.434	 1.439	  1.24	 1.232	 3.878	 3.112	  3.97	 4.093	 | 2.657 quantile
                      	 7.076	 6.841	 3.106	 3.539	 8.287	 10.12	  1.98	 2.087	 9.912	 11.52	 6.535	 6.875	 | 11.52 max

train losses     14:	0.4706	0.4954	0.4655	0.4418	0.5579	0.5542	0.5187	0.5377	0.8144	0.7906	 1.139	 1.153	
val losses       14:	0.4078	0.4446	0.3836	0.3623	0.5254	 0.542	0.4737	0.4658	 1.245	 1.062	 1.331	 1.443	 | 0.7238 mean
                     	 1.092	 1.226	0.9958	0.9378	 1.363	 1.401	 1.221	 1.209	 3.277	 2.568	 3.631	  3.87	 | 2.324 quantile
                      	 8.282	 9.246	 3.034	 3.585	  10.1	 12.42	 1.978	 1.927	 10.61	 13.06	 6.027	  6.41	 | 13.06 max

train losses     16:	0.4485	0.4731	0.4533	0.4311	0.5367	0.5301	0.5122	0.5261	 0.756	0.7523	 1.106	 1.117	
val losses       16:	0.3751	0.4263	0.3685	0.3577	0.5124	0.5233	0.4691	0.4572	 1.157	 1.016	 1.275	 1.372	 | 0.6925 mean
                     	0.9664	 1.178	0.9632	0.9361	  1.34	 1.336	 1.192	 1.208	 2.979	 2.385	 3.533	 3.707	 | 2.177 quantile
                      	 8.809	 11.36	 2.617	 3.753	 11.47	 13.87	 1.943	 1.943	 11.51	 14.27	 5.838	 6.182	 | 14.27 max

train losses     18:	0.4337	0.4527	0.4387	0.4206	0.5183	0.5085	0.5033	0.5149	0.7193	0.7281	 1.086	 1.092	
val losses       18:	0.3653	 0.418	0.3558	0.3503	0.5223	0.5371	0.4681	0.4529	 1.131	 1.009	 1.313	 1.385	 | 0.6924 mean
                     	0.9376	 1.144	0.9441	0.9234	 1.336	 1.346	 1.205	 1.179	 2.943	 2.352	 3.493	 3.646	 | 2.178 quantile
                      	  9.75	 13.14	 2.687	 3.722	  12.8	 15.08	 1.852	 1.972	 11.99	 14.57	 5.829	 6.067	 | 15.08 max

train losses     20:	0.4175	0.4359	0.4291	0.4124	0.5041	0.4969	0.4931	0.5031	 0.709	0.7152	 1.072	 1.076	
val losses       20:	0.3702	 0.405	0.3488	0.3487	0.4989	0.5125	0.4677	0.4486	 1.105	 1.007	 1.325	 1.372	 | 0.6841 mean
                     	0.9248	 1.087	0.9206	 0.916	 1.278	 1.284	 1.202	 1.171	 2.731	 2.292	 3.522	 3.641	 | 2.152 quantile
                      	  11.4	  15.3	 2.607	 3.745	 14.24	 16.39	  1.94	 1.993	 12.43	  15.0	 5.918	 6.013	 | 16.39 max

train losses     22:	0.4105	0.4234	 0.423	0.4054	0.5016	0.4892	0.4885	0.4968	0.6989	0.7141	 1.063	 1.066	
val losses       22:	0.3599	0.3966	0.3499	0.3477	0.4943	0.5126	0.4643	0.4472	 1.097	 1.023	 1.368	 1.398	 | 0.6883 mean
                     	0.9015	 1.047	0.9151	0.9113	 1.263	 1.265	 1.188	 1.178	 2.746	 2.318	 3.591	  3.64	 | 2.176 quantile
                      	 12.82	 16.99	 2.572	 3.924	 15.21	 17.55	 1.882	 2.013	 12.45	 14.62	 5.927	 6.068	 | 17.55 max

train losses     24:	0.4048	0.4121	0.4167	0.3999	0.4925	0.4812	0.4831	0.4889	 0.693	0.7017	 1.041	 1.041	
val losses       24:	0.3546	 0.397	0.3486	0.3476	0.5043	 0.526	0.4653	0.4443	 1.098	 1.029	 1.392	 1.416	 | 0.6937 mean
                     	0.8813	 1.031	0.9057	0.9069	 1.283	 1.314	 1.189	 1.165	 2.695	 2.303	 3.625	 3.692	 | 2.179 quantile
                      	 13.61	  18.1	 2.553	 3.886	 15.65	 17.87	 1.883	 2.097	  12.8	 14.83	 6.207	  6.17	 | 18.1 max

train losses     26:	0.3941	0.4048	0.4057	0.3941	0.4787	0.4723	0.4755	0.4791	0.6809	0.6899	0.9964	0.9981	
val losses       26:	 0.348	0.3863	0.3418	0.3447	0.5072	0.5215	0.4597	0.4433	 1.074	  1.01	  1.36	 1.369	 | 0.6804 mean
                     	0.8474	 0.986	0.8898	0.9097	  1.27	 1.265	  1.17	  1.16	 2.648	 2.218	 3.578	 3.615	 | 2.116 quantile
                      	 14.58	 19.41	 3.052	 3.793	 16.36	 18.79	 1.815	 1.979	 13.02	 15.33	 5.845	 5.925	 | 19.41 max

train losses     28:	0.3891	0.3978	0.4033	0.3896	0.4728	 0.461	  0.47	0.4724	0.6717	0.6761	0.9611	0.9619	
val losses       28:	 0.339	 0.374	0.3425	0.3403	 0.508	0.5144	0.4534	0.4387	 1.069	 1.002	 1.274	 1.275	 | 0.6608 mean
                     	0.8386	0.9561	0.8889	0.8922	 1.251	 1.265	 1.141	 1.153	  2.65	 2.189	 3.469	 3.509	 | 2.051 quantile
                      	 15.78	 20.96	 3.572	 3.904	 17.29	 19.85	 1.806	 1.985	 13.18	 15.66	  5.56	 5.492	 | 20.96 max

train losses     30:	0.3808	0.3917	0.3962	0.3826	0.4592	0.4496	0.4619	 0.464	0.6626	0.6703	0.9345	0.9299	
val losses       30:	0.3393	0.3784	 0.341	0.3356	0.5048	0.5185	0.4476	0.4336	 1.078	0.9966	 1.264	 1.266	 | 0.6586 mean
                     	 0.832	0.9549	 0.895	0.8792	 1.257	 1.266	 1.132	 1.152	 2.704	 2.194	 3.409	 3.482	 | 2.061 quantile
                      	 16.75	 21.84	 3.593	 3.863	 18.08	 20.32	 1.863	 2.064	 13.22	 15.61	 5.525	 5.319	 | 21.84 max

train losses     32:	0.3749	 0.384	0.3908	0.3758	0.4506	0.4416	0.4547	0.4554	0.6559	0.6641	0.9332	0.9281	
val losses       32:	0.3412	0.3737	0.3394	0.3338	0.5114	0.5172	0.4474	0.4301	 1.069	 1.004	 1.289	 1.278	 | 0.6613 mean
                     	 0.839	0.9393	0.8892	0.8692	 1.266	 1.243	 1.127	 1.133	 2.665	 2.217	 3.481	 3.503	 | 2.094 quantile
                      	 17.41	  22.7	 3.365	 3.721	 18.75	 21.07	 1.817	 2.081	 13.23	  15.6	 5.583	 5.903	 | 22.7 max

train losses     34:	0.3722	0.3812	0.3867	0.3731	0.4461	0.4397	0.4495	0.4504	0.6559	0.6606	0.9419	0.9358	
val losses       34:	0.3437	0.3794	0.3382	0.3305	0.5201	0.5254	0.4432	0.4255	 1.058	 1.001	 1.321	 1.309	 | 0.6662 mean
                     	0.8405	0.9382	0.8716	0.8547	 1.259	 1.232	 1.104	 1.113	 2.614	 2.253	 3.522	  3.56	 | 2.123 quantile
                      	 18.04	 23.58	  3.37	 3.649	 19.67	 22.26	 1.886	 2.079	 13.32	 15.88	 6.005	 6.391	 | 23.58 max

train losses     36:	0.3731	0.3831	0.3846	0.3716	0.4439	0.4335	0.4495	0.4473	0.6892	0.6914	0.9912	0.9865	
val losses       36:	0.3529	 0.395	0.3398	0.3315	0.5346	0.5433	0.4425	0.4243	 1.068	0.9976	 1.411	 1.401	 | 0.6868 mean
                     	0.8695	0.9806	0.8758	0.8544	  1.28	  1.27	 1.106	 1.107	 2.631	 2.247	 3.702	 3.727	 | 2.238 quantile
                      	 18.21	 23.84	 3.296	 3.596	 20.22	 22.76	 1.899	 2.216	 13.47	 15.63	 6.413	 6.707	 | 23.84 max

train losses     38:	0.3966	0.4063	0.3917	0.3803	0.4612	0.4504	0.4537	0.4557	0.7928	0.7924	 1.102	 1.101	
val losses       38:	0.3796	0.4668	0.3471	0.3378	0.5674	0.5763	0.4517	0.4369	 1.216	 1.108	 1.564	 1.571	 | 0.7518 mean
                     	0.9629	 1.151	0.8904	0.8758	  1.39	 1.375	 1.148	 1.123	  3.21	 2.649	 3.993	  4.12	 | 2.508 quantile
                      	 17.94	 23.29	 2.988	 3.566	 20.27	 22.84	 1.976	 2.298	 14.24	 15.24	 5.932	 6.048	 | 23.29 max

train losses     40:	 0.399	0.4137	0.3901	0.3771	0.4652	0.4614	  0.45	0.4481	 0.786	0.7845	 1.015	 1.013	
val losses       40:	0.4051	0.4869	0.3485	0.3427	0.5734	0.5894	0.4536	0.4362	 1.224	 1.105	 1.693	 1.705	 | 0.7802 mean
                     	 1.058	 1.214	0.8941	0.8858	 1.409	  1.44	  1.17	  1.13	  3.17	 2.931	 4.138	 4.217	 | 2.691 quantile
                      	 17.34	 22.63	 3.066	 3.612	 20.05	 22.49	 1.995	 2.252	 14.03	  14.5	 6.415	 6.438	 | 22.63 max

train losses     42:	0.3884	0.3985	0.3813	0.3691	 0.446	0.4443	0.4417	  0.44	0.6974	0.7068	0.9467	0.9486	
val losses       42:	0.4092	0.4299	0.3393	0.3422	0.5611	0.5743	0.4439	0.4187	 1.118	 1.003	 1.556	 1.565	 | 0.7301 mean
                     	 1.028	 1.102	0.8704	0.8879	 1.352	 1.411	 1.144	 1.097	 2.653	 2.368	 4.003	  4.05	 | 2.376 quantile
                      	 18.33	 23.61	 3.086	 3.461	 20.45	 23.31	 1.908	 2.203	 14.75	 15.74	 6.367	 6.221	 | 23.61 max

train losses     44:	0.3863	0.3943	0.3812	0.3677	0.4443	0.4342	0.4397	0.4407	0.6649	0.6737	0.9032	0.9019	
val losses       44:	0.3702	0.4036	0.3335	0.3304	0.5517	0.5571	0.4366	0.4158	 1.082	 1.012	 1.429	 1.425	 | 0.6955 mean
                     	0.9341	 1.041	0.8689	0.8564	 1.298	 1.284	 1.106	 1.091	 2.573	 2.261	 3.764	 3.852	 | 2.193 quantile
                      	 18.66	 23.83	 3.028	 3.396	 20.92	 24.18	 1.879	 2.056	 14.42	 16.86	 5.873	 6.059	 | 24.18 max

train losses     46:	0.3747	0.3821	 0.374	0.3597	0.4334	0.4259	0.4308	0.4309	0.7192	0.7269	0.8916	0.8844	
val losses       46:	0.3766	 0.405	0.3358	0.3302	0.5607	0.5732	 0.432	0.4148	 1.142	 1.095	 1.406	 1.382	 | 0.7043 mean
                     	0.9351	 1.055	0.8734	0.8443	 1.341	 1.294	 1.092	 1.089	 2.788	 2.486	 3.758	 3.755	 | 2.294 quantile
                      	 19.95	 24.43	 2.819	 3.234	 21.27	 24.25	 1.867	 2.135	 13.97	 16.26	 6.101	 6.715	 | 24.43 max

train losses     48:	0.3701	0.3749	0.3678	0.3541	0.4296	0.4209	0.4242	0.4258	0.6836	0.6866	0.8803	0.8707	
val losses       48:	0.3773	0.4157	0.3355	0.3294	0.5871	0.5838	0.4319	0.4215	 1.242	 1.199	 1.415	 1.383	 | 0.7268 mean
                     	0.9167	  1.03	0.8679	0.8416	 1.375	 1.293	 1.075	 1.099	  3.06	 2.754	 3.744	 3.712	 | 2.456 quantile
                      	 20.28	 25.17	 2.976	 3.054	 22.08	 25.12	 1.943	 2.115	 13.49	 15.01	  6.52	 6.866	 | 25.17 max

train losses     50:	0.3628	0.3712	0.3651	0.3531	0.4158	0.4079	0.4229	 0.423	0.6568	0.6599	0.8704	 0.862	
val losses       50:	0.3678	0.4074	0.3358	0.3237	0.5426	0.5475	0.4331	0.4198	 1.147	 1.081	 1.355	 1.341	 | 0.6919 mean
                     	 0.912	0.9873	0.8723	0.8378	 1.209	 1.159	 1.088	 1.087	 2.761	 2.509	 3.786	 3.793	 | 2.232 quantile
                      	  20.1	 25.65	 3.032	  2.99	 22.43	 25.87	 1.801	 2.045	 14.07	  15.2	 6.654	  7.18	 | 25.87 max

train losses     52:	0.3566	0.3616	0.3632	  0.35	0.4068	0.4002	0.4166	0.4179	 0.619	0.6168	0.8197	0.8092	
val losses       52:	0.3512	0.3836	0.3336	0.3227	0.5287	0.5354	0.4248	0.4096	 1.066	 1.016	 1.331	 1.328	 | 0.6691 mean
                     	0.8596	0.9087	0.8698	0.8349	 1.185	 1.184	  1.08	 1.065	 2.612	  2.29	  3.72	  3.74	 | 2.107 quantile
                      	 20.61	 26.69	 2.891	 3.009	 22.54	 25.83	 1.836	  2.05	 14.75	 15.96	 7.197	 7.644	 | 26.69 max

train losses     54:	0.3512	0.3597	0.3598	0.3468	0.4016	0.3943	0.4111	0.4105	0.5992	 0.597	 0.789	0.7817	
val losses       54:	0.3509	0.3759	0.3316	0.3206	0.5315	0.5415	 0.421	0.4054	 1.059	  1.01	 1.321	 1.314	 | 0.6652 mean
                     	0.8493	0.9039	0.8738	0.8225	 1.173	 1.169	 1.079	 1.066	 2.567	 2.274	 3.671	 3.701	 | 2.11 quantile
                      	 21.42	 27.55	 2.847	 3.092	  23.1	 25.91	 1.846	 2.076	 15.21	 16.56	 7.704	 8.087	 | 27.55 max

train losses     56:	0.3484	 0.352	0.3565	0.3438	0.3923	0.3877	0.4056	0.4047	0.5961	0.5903	0.7694	0.7639	
val losses       56:	0.3497	0.3738	0.3315	0.3187	0.5397	0.5513	0.4236	0.4066	 1.074	 1.023	 1.323	 1.307	 | 0.6685 mean
                     	0.8389	0.8833	0.8712	 0.818	 1.196	 1.192	  1.08	 1.068	 2.604	  2.32	 3.664	 3.685	 | 2.124 quantile
                      	 21.67	  27.7	 2.744	  3.08	 23.48	 25.98	  1.83	 2.103	 15.03	 16.44	 8.708	 9.025	 | 27.7 max

train losses     58:	0.3429	0.3516	0.3562	0.3421	0.3857	0.3801	0.4018	0.4006	0.5841	0.5809	0.7471	0.7386	
val losses       58:	0.3499	0.3768	0.3308	0.3173	 0.537	0.5462	0.4179	0.4036	 1.082	 1.023	 1.321	 1.309	 | 0.6678 mean
                     	0.8481	0.8862	0.8686	0.8134	 1.172	 1.138	 1.079	  1.08	  2.61	 2.284	 3.636	 3.664	 | 2.104 quantile
                      	 21.85	 27.69	 2.588	 3.023	 24.05	 26.48	 1.922	 2.232	 15.35	  16.7	  9.03	 9.365	 | 27.69 max

train losses     60:	0.3389	0.3468	0.3535	0.3402	0.3826	0.3781	0.3954	0.3945	0.5776	0.5711	0.7303	0.7228	
val losses       60:	0.3466	0.3668	0.3301	0.3166	0.5351	0.5441	0.4149	0.4013	  1.07	 1.017	 1.314	 1.299	 | 0.663 mean
                     	0.8226	0.8546	0.8657	0.8116	 1.171	 1.116	 1.071	 1.072	 2.591	 2.314	 3.627	 3.648	 | 2.095 quantile
                      	 22.43	 27.98	 2.515	 2.909	 24.37	 26.88	 1.977	 2.211	 15.56	 16.76	 9.456	 9.769	 | 27.98 max

train losses     62:	0.3386	0.3464	0.3509	 0.338	0.3786	0.3729	0.3912	0.3902	0.5688	0.5668	0.7161	0.7121	
val losses       62:	 0.349	0.3692	  0.33	 0.315	0.5428	0.5508	0.4172	0.4031	 1.074	 1.024	 1.322	 1.305	 | 0.6668 mean
                     	0.8368	0.8668	 0.863	0.8098	  1.19	 1.149	 1.074	 1.069	 2.614	 2.285	  3.64	  3.62	 | 2.096 quantile
                      	 22.78	 28.13	 2.552	 2.811	 24.89	 27.25	 2.108	 2.195	 15.76	 17.06	 9.803	 10.02	 | 28.13 max

train losses     64:	0.3338	 0.344	0.3493	0.3374	0.3741	0.3682	0.3882	0.3878	0.5677	0.5623	0.7098	0.7021	
val losses       64:	0.3477	0.3686	0.3292	0.3138	0.5427	0.5511	0.4138	0.3997	 1.077	 1.032	 1.322	 1.302	 | 0.6666 mean
                     	0.8336	0.8725	0.8599	0.8101	 1.173	 1.125	 1.065	 1.066	 2.599	 2.311	 3.625	 3.614	 | 2.099 quantile
                      	 22.99	 28.26	 2.652	 2.748	 25.62	 27.91	 2.129	   2.2	 15.73	 17.21	 10.35	 10.51	 | 28.26 max

train losses     66:	0.3328	0.3421	0.3477	0.3353	 0.371	0.3638	0.3857	0.3843	0.5629	0.5561	0.7034	0.6971	
val losses       66:	0.3467	0.3708	0.3291	0.3122	 0.541	0.5506	0.4126	0.3983	  1.08	 1.036	 1.327	 1.306	 | 0.6676 mean
                     	0.8307	0.8759	0.8626	0.8113	  1.17	 1.108	 1.073	 1.066	 2.592	 2.308	 3.611	 3.565	 | 2.114 quantile
                      	  23.2	 28.57	 2.663	 2.644	 26.13	 28.46	 2.128	 2.267	 16.09	 17.37	 10.82	 11.06	 | 28.57 max

train losses     68:	0.3297	0.3401	 0.346	0.3333	0.3654	0.3613	0.3808	0.3795	0.5584	0.5543	0.6937	0.6864	
val losses       68:	0.3467	0.3677	0.3287	0.3118	0.5453	0.5541	0.4109	0.3963	 1.084	 1.042	 1.338	 1.316	 | 0.6701 mean
                     	0.8273	0.8742	0.8597	0.8034	 1.202	 1.098	  1.07	 1.061	 2.578	 2.324	 3.651	 3.629	 | 2.14 quantile
                      	 23.43	 28.83	 2.622	 2.585	 26.29	 28.62	 2.356	 2.256	 15.96	 17.48	 11.31	 11.52	 | 28.83 max

train losses     70:	0.3277	0.3376	0.3449	 0.332	0.3648	0.3575	0.3784	0.3772	 0.555	0.5484	0.6802	0.6739	
val losses       70:	0.3438	0.3631	0.3284	 0.311	0.5418	0.5526	0.4137	0.4001	 1.085	 1.046	 1.331	 1.305	 | 0.6685 mean
                     	0.8181	0.8509	0.8585	0.8043	  1.17	  1.08	 1.059	  1.07	  2.57	 2.362	 3.654	 3.643	 | 2.134 quantile
                      	 23.61	 29.04	  2.61	 2.524	 26.78	 29.15	 2.306	  2.27	 16.07	  17.6	 12.12	  12.3	 | 29.15 max

train losses     72:	0.3266	0.3373	0.3431	0.3311	  0.36	0.3562	0.3776	 0.376	0.5485	0.5425	0.6555	0.6532	
val losses       72:	0.3454	0.3655	0.3283	0.3104	0.5465	0.5565	 0.411	0.3983	 1.097	 1.056	 1.346	 1.319	 | 0.6733 mean
                     	0.8275	0.8534	0.8533	0.7994	 1.178	 1.078	 1.058	 1.067	 2.576	  2.35	 3.707	 3.698	 | 2.147 quantile
                      	 23.86	 29.29	  2.64	  2.45	 27.16	 29.49	 2.395	 2.309	 16.15	 17.82	 12.57	 12.73	 | 29.49 max

train losses     74:	0.3252	0.3351	 0.342	0.3298	 0.358	0.3528	0.3742	0.3731	0.5444	0.5384	 0.646	0.6402	
val losses       74:	0.3463	0.3652	0.3283	0.3104	0.5462	0.5548	0.4085	0.3949	 1.101	 1.056	  1.35	 1.328	 | 0.6741 mean
                     	0.8171	0.8508	0.8523	0.8013	 1.169	 1.066	 1.058	 1.062	 2.575	 2.327	 3.714	 3.719	 | 2.142 quantile
                      	 24.26	 29.66	  2.63	  2.41	  27.5	 29.79	 2.548	 2.376	 16.33	 17.94	 12.69	 12.78	 | 29.79 max

train losses     76:	0.3251	0.3353	0.3411	0.3291	0.3557	 0.349	0.3708	0.3693	0.5393	0.5313	0.6384	 0.633	
val losses       76:	 0.345	0.3631	0.3279	0.3096	 0.549	0.5585	0.4075	0.3931	 1.093	 1.045	 1.352	 1.335	 | 0.6732 mean
                     	0.8111	0.8516	0.8499	0.7984	 1.156	 1.073	 1.059	 1.056	 2.583	 2.325	 3.675	 3.697	 | 2.096 quantile
                      	 24.46	 29.88	 2.636	 2.345	 27.91	  30.2	 2.622	 2.379	 16.46	 18.14	 12.83	 12.81	 | 30.2 max

train losses     78:	 0.322	0.3308	0.3395	0.3275	0.3535	0.3497	0.3672	0.3656	0.5388	0.5283	0.6262	0.6219	
val losses       78:	0.3444	0.3622	0.3276	0.3088	0.5523	  0.56	 0.408	0.3919	   1.1	 1.051	 1.352	 1.335	 | 0.6745 mean
                     	0.8077	0.8491	0.8521	0.7943	 1.173	 1.084	 1.061	 1.053	  2.59	 2.332	 3.717	 3.689	 | 2.109 quantile
                      	 24.61	  30.1	 2.659	 2.285	 27.94	 30.28	 2.659	 2.341	 16.64	 18.27	 13.05	 13.01	 | 30.28 max

train losses     80:	0.3209	  0.33	0.3384	0.3262	0.3515	0.3471	0.3673	0.3652	0.5325	0.5249	0.6272	0.6233	
val losses       80:	0.3439	0.3643	0.3275	 0.309	0.5536	0.5648	  0.41	0.3948	 1.101	 1.055	 1.351	 1.328	 | 0.6753 mean
                     	0.8178	0.8525	 0.849	0.7925	 1.189	 1.091	 1.049	 1.055	 2.593	 2.364	 3.695	 3.689	 | 2.116 quantile
                      	 24.88	 30.36	 2.691	 2.187	 28.25	 30.79	 2.615	 2.361	 16.62	 18.11	 13.61	 13.53	 | 30.79 max

train losses     82:	0.3195	 0.331	 0.338	 0.326	0.3527	0.3489	0.3655	0.3638	0.5354	0.5304	 0.667	 0.664	
val losses       82:	0.3471	0.3655	0.3274	0.3089	0.5591	0.5671	0.4061	0.3918	 1.106	 1.061	 1.383	 1.362	 | 0.6821 mean
                     	0.8249	 0.862	0.8494	0.7954	 1.199	 1.082	  1.06	  1.05	 2.595	 2.324	 3.795	 3.794	 | 2.124 quantile
                      	 25.08	 30.65	 2.731	 2.121	 28.51	 31.08	 2.571	 2.338	 16.81	 18.43	 13.75	 13.63	 | 31.08 max

train losses     84:	0.3198	0.3318	0.3365	0.3254	0.3546	0.3502	0.3661	0.3653	0.5388	0.5353	0.7166	0.7145	
val losses       84:	0.3529	0.3792	0.3274	0.3085	0.5735	0.5822	0.4087	0.3935	 1.134	 1.075	 1.503	 1.496	 | 0.711 mean
                     	0.8507	0.9033	0.8372	0.7876	 1.248	  1.18	 1.075	 1.045	 2.702	 2.383	 3.929	 3.947	 | 2.26 quantile
                      	 25.17	 30.99	 2.828	 2.059	 28.47	 31.03	 2.551	  2.27	 17.11	 18.31	 13.32	 13.08	 | 31.03 max

train losses     86:	0.3287	 0.339	0.3374	0.3255	0.3605	0.3558	0.3674	0.3666	0.5584	0.5577	0.7869	 0.784	
val losses       86:	0.3573	0.3916	0.3293	0.3087	0.6107	0.6306	0.4096	0.3917	 1.135	 1.103	 1.517	 1.502	 | 0.7239 mean
                     	0.8634	 0.918	0.8513	0.7914	 1.318	  1.24	 1.058	 1.054	 2.667	 2.529	 4.133	 4.121	 | 2.319 quantile
                      	 25.24	 31.21	 2.974	 1.897	 28.06	 30.81	 2.485	 2.315	 17.17	 18.35	 12.83	 12.45	 | 31.21 max

train losses     88:	0.3954	0.4215	0.3507	0.3383	0.5175	0.5048	0.4328	0.4422	0.7898	 0.804	 1.423	 1.396	
val losses       88:	0.4273	0.4437	0.3341	 0.317	0.6214	0.6634	0.4678	 0.472	   1.4	 1.262	 1.859	 1.854	 | 0.8435 mean
                     	 1.068	 1.113	0.8608	0.8025	 1.476	 1.485	 1.225	 1.218	  3.81	 3.178	 4.667	 4.564	 | 3.04 quantile
                      	 22.01	 28.19	 2.451	 1.738	 25.76	 28.68	   2.4	 2.332	 18.61	 17.37	  7.97	 7.615	 | 28.68 max

train losses     90:	0.4617	0.4738	0.3568	0.3484	0.5456	0.5662	 0.462	0.4746	 1.081	 1.151	 1.365	 1.342	
val losses       90:	0.4894	0.5263	0.3402	0.3204	0.7669	0.8132	0.4792	0.4619	 1.715	 1.651	 2.141	 2.095	 | 0.9833 mean
                     	 1.255	 1.367	0.8795	0.8072	 1.948	  2.12	 1.247	 1.179	 4.872	 4.815	 4.988	 4.941	 | 3.661 quantile
                      	 17.28	  23.2	 2.399	 1.734	 19.49	 22.19	 1.936	 2.301	 16.48	 14.31	 8.689	 8.163	 | 23.2 max

train losses     92:	0.4632	 0.476	0.3513	0.3403	0.5755	0.5758	0.4463	  0.45	 1.162	 1.159	 1.217	 1.207	
val losses       92:	0.4924	0.5428	0.3379	 0.319	0.7822	0.8269	0.4787	0.4651	 1.999	 1.964	 2.139	 2.115	 | 1.038 mean
                     	 1.352	  1.49	0.8829	 0.815	 2.057	 2.195	 1.204	 1.168	 5.921	 5.932	 5.032	 5.014	 | 3.842 quantile
                      	 13.48	 17.93	 2.413	 1.742	 15.81	 18.24	 1.998	 2.175	 17.62	 16.61	  8.52	 8.222	 | 18.24 max

train losses     94:	0.4613	0.4751	0.3461	0.3368	0.5483	0.5701	0.4495	0.4506	 1.037	 1.059	 1.218	 1.217	
val losses       94:	0.4957	0.5438	0.3349	0.3169	0.7912	0.8308	0.4813	0.4718	 2.109	 2.069	 2.155	 2.138	 | 1.061 mean
                     	 1.407	 1.515	0.8753	0.8059	 2.121	 2.226	 1.231	 1.184	 6.381	 6.484	 5.164	 5.225	 | 3.95 quantile
                      	 12.13	 16.62	 2.297	 1.732	 14.57	 16.87	 2.007	 2.204	 15.37	 14.24	 8.574	 8.206	 | 16.87 max

train losses     96:	0.4413	0.4567	0.3465	0.3379	0.5129	0.5251	0.4412	0.4459	0.9158	 0.939	 1.176	 1.186	
val losses       96:	0.4955	0.5371	0.3351	0.3183	0.7539	 0.791	0.4798	0.4713	 1.954	 1.938	 2.152	 2.136	 | 1.03 mean
                     	 1.402	 1.488	 0.875	 0.813	 1.962	 2.092	 1.233	 1.185	 5.945	 6.083	 5.146	 5.207	 | 3.872 quantile
                      	 12.66	 17.67	  2.38	 1.724	 15.84	 17.77	 2.096	 2.205	  15.1	 14.01	 8.558	 8.221	 | 17.77 max

train losses     98:	 0.433	0.4473	0.3463	 0.337	 0.499	0.5003	0.4383	0.4409	0.8602	0.8659	 1.123	  1.13	
val losses       98:	 0.498	0.5269	0.3356	 0.321	0.7129	0.7402	 0.478	0.4667	 1.694	 1.697	 2.132	 2.125	 | 0.9773 mean
                     	  1.34	  1.42	0.8749	  0.82	 1.817	 1.972	 1.224	 1.168	 4.879	 4.961	 5.117	 5.214	 | 3.67 quantile
                      	 14.15	 19.73	 2.336	 1.724	 17.91	 19.25	 2.183	 2.216	 16.07	 14.65	  8.52	 8.227	 | 19.73 max

train losses    100:	0.4188	 0.429	0.3448	0.3343	0.4798	0.4751	0.4329	 0.435	0.7957	0.7986	 1.065	 1.072	
val losses      100:	0.4889	 0.517	0.3363	0.3224	0.6886	0.7069	0.4733	0.4607	 1.501	 1.494	 2.109	 2.104	 | 0.9335 mean
                     	 1.297	 1.357	0.8703	0.8208	  1.74	 1.854	 1.209	 1.158	 4.138	 3.951	 5.054	 5.041	 | 3.473 quantile
                      	 15.58	 21.21	  2.23	 1.724	 19.17	 19.76	  2.03	 2.171	 16.22	 14.66	 8.419	 8.207	 | 21.21 max

train losses    102:	0.4001	0.4126	0.3436	0.3326	0.4587	0.4646	0.4241	0.4277	0.7518	0.7581	 1.012	 1.018	
val losses      102:	0.4615	0.5058	0.3387	0.3215	0.6579	0.6757	0.4662	0.4567	  1.32	 1.316	 2.072	 2.065	 | 0.8881 mean
                     	 1.236	  1.31	0.8744	0.8181	 1.596	 1.652	   1.2	 1.161	 3.595	 3.461	 4.976	  4.98	 | 3.259 quantile
                      	 16.78	 22.26	 2.147	  1.73	 19.52	 19.95	 2.069	 2.176	  15.4	 13.77	 8.412	 8.163	 | 22.26 max

train losses    104:	0.3879	0.3972	0.3417	0.3302	0.4432	0.4482	0.4194	0.4217	0.7164	0.7291	0.9674	 0.971	
val losses      104:	0.4433	0.4903	  0.34	0.3206	 0.627	0.6426	0.4598	0.4529	 1.216	 1.196	   2.0	 1.995	 | 0.8485 mean
                     	 1.174	 1.261	0.8718	0.8132	 1.499	 1.595	 1.194	 1.149	 3.283	  3.19	 4.839	 4.788	 | 3.079 quantile
                      	  17.7	 22.98	 2.126	 1.731	 19.92	  20.6	 2.165	 2.198	 14.71	 13.53	 8.201	 8.024	 | 22.98 max

train losses    106:	0.3752	0.3878	0.3407	0.3293	0.4313	0.4337	0.4142	0.4165	0.6865	0.6965	0.9257	0.9285	
val losses      106:	 0.432	0.4726	0.3382	0.3191	0.5999	0.6168	 0.457	0.4497	 1.179	  1.14	 1.928	 1.925	 | 0.8215 mean
                     	 1.137	 1.216	0.8663	0.8074	 1.409	 1.527	 1.193	 1.139	 3.041	 2.945	 4.705	 4.644	 | 2.928 quantile
                      	 18.31	 23.27	 2.136	 1.761	 20.09	  21.1	 2.166	 2.208	 14.26	 13.65	 7.934	 7.792	 | 23.27 max

train losses    108:	0.3691	0.3788	0.3389	0.3277	0.4179	0.4202	0.4082	0.4114	0.6671	0.6825	 0.884	0.8868	
val losses      108:	0.4181	0.4561	0.3364	0.3165	0.5847	0.6013	0.4518	0.4462	 1.114	 1.072	 1.845	 1.838	 | 0.79 mean
                     	 1.095	 1.178	0.8626	0.8016	  1.36	 1.455	 1.186	 1.146	 2.727	 2.714	 4.525	 4.494	 | 2.749 quantile
                      	  18.7	 23.32	  2.13	 1.775	 20.01	 21.44	 2.095	 2.225	 13.59	 13.22	 7.726	 7.524	 | 23.32 max

train losses    110:	0.3596	0.3713	 0.338	0.3259	 0.407	0.4079	0.4009	0.4028	 0.647	0.6606	0.8464	0.8507	
val losses      110:	0.4035	0.4453	0.3354	0.3144	0.5728	0.5871	 0.448	0.4437	 1.048	 1.006	  1.74	 1.725	 | 0.7558 mean
                     	 1.062	  1.14	0.8583	0.7946	 1.324	 1.362	 1.175	 1.141	 2.486	 2.508	  4.37	 4.355	 | 2.576 quantile
                      	 19.05	 23.53	 2.122	 1.784	 20.06	 21.91	 2.025	 2.182	 13.37	 12.93	 7.485	 7.281	 | 23.53 max

train losses    112:	0.3519	0.3625	0.3358	0.3246	0.3985	 0.402	0.3949	 0.398	0.6323	0.6441	  0.82	0.8218	
val losses      112:	0.3901	0.4392	0.3347	0.3136	0.5629	 0.574	0.4431	0.4369	 1.031	0.9842	 1.661	 1.636	 | 0.7339 mean
                     	 1.033	 1.113	0.8539	0.7937	 1.309	 1.304	 1.156	 1.139	 2.453	 2.431	 4.255	 4.265	 | 2.477 quantile
                      	 19.24	 23.77	 2.146	 1.781	 20.13	 22.31	 1.967	 2.145	 13.51	 13.06	 7.291	 7.065	 | 23.77 max

train losses    114:	0.3439	0.3572	0.3351	0.3242	0.3909	0.3943	0.3923	0.3949	0.6133	0.6258	0.7918	0.7924	
val losses      114:	0.3783	0.4304	0.3344	0.3129	0.5568	0.5675	0.4385	0.4302	 1.019	0.9706	 1.592	 1.561	 | 0.716 mean
                     	0.9985	 1.082	0.8515	0.7906	 1.307	 1.267	 1.147	 1.128	 2.478	 2.355	 4.136	 4.141	 | 2.39 quantile
                      	 19.48	 24.04	 2.178	 1.778	 20.37	 22.75	 2.006	 2.129	  13.6	 13.08	 7.661	 7.556	 | 24.04 max

train losses    116:	0.3396	0.3517	0.3338	0.3229	0.3858	0.3898	 0.387	 0.389	0.6021	0.6132	0.7651	 0.764	
val losses      116:	0.3703	0.4207	0.3336	0.3123	0.5521	0.5619	0.4341	0.4235	 1.023	0.9693	 1.542	 1.512	 | 0.7046 mean
                     	0.9622	 1.048	0.8547	0.7885	 1.271	 1.232	 1.127	 1.113	 2.506	 2.318	 4.071	 4.078	 | 2.314 quantile
                      	  19.8	 24.33	 2.141	 1.783	 20.71	  23.1	 2.145	 2.238	 13.77	 13.18	 8.274	 8.183	 | 24.33 max

train losses    118:	0.3365	0.3466	0.3322	 0.322	0.3789	0.3827	0.3834	0.3856	  0.59	0.6007	0.7423	0.7399	
val losses      118:	0.3637	0.4119	0.3329	0.3116	 0.548	0.5566	0.4335	0.4211	 1.033	0.9749	 1.514	 1.484	 | 0.6988 mean
                     	0.9449	  1.03	0.8494	0.7888	 1.264	 1.209	 1.118	 1.107	 2.506	   2.3	 4.036	 4.027	 | 2.282 quantile
                      	 19.96	 24.53	 2.163	 1.774	 21.02	 23.37	 2.222	   2.3	 13.93	 13.37	  8.74	 8.662	 | 24.53 max

train losses    120:	0.3331	0.3434	0.3315	0.3212	 0.373	0.3766	0.3803	0.3828	0.5785	0.5888	0.7205	0.7184	
val losses      120:	0.3582	0.4036	0.3322	 0.311	0.5471	0.5548	0.4325	0.4188	 1.038	0.9791	   1.5	 1.469	 | 0.6954 mean
                     	0.9269	0.9988	 0.851	0.7932	 1.253	 1.207	 1.115	   1.1	  2.52	  2.33	 3.999	 3.986	 | 2.28 quantile
                      	 20.25	 24.84	 2.189	 1.777	 21.29	 23.57	 2.267	 2.329	 13.83	  13.4	 9.204	 9.109	 | 24.84 max

train losses    122:	0.3293	0.3403	 0.331	 0.321	0.3701	0.3744	0.3759	0.3775	0.5727	0.5792	0.7031	0.6985	
val losses      122:	0.3563	0.3981	0.3317	0.3108	0.5486	0.5568	0.4313	 0.416	 1.051	 0.989	 1.499	  1.47	 | 0.6965 mean
                     	0.9216	0.9785	0.8542	0.7872	 1.253	 1.198	 1.117	 1.088	 2.544	  2.34	 4.004	 3.992	 | 2.285 quantile
                      	 20.49	 25.14	 2.186	 1.791	 21.61	 23.84	 2.288	 2.328	  13.9	 13.55	 9.589	 9.513	 | 25.14 max

train losses    124:	0.3263	 0.336	  0.33	0.3201	0.3663	0.3668	0.3723	 0.374	 0.565	0.5705	0.6853	0.6815	
val losses      124:	 0.355	0.3859	0.3315	0.3105	0.5493	0.5536	0.4284	0.4124	 1.055	0.9907	 1.488	 1.459	 | 0.6932 mean
                     	0.8945	0.9492	 0.851	 0.784	 1.238	 1.196	  1.11	 1.076	 2.509	 2.291	 3.976	 3.976	 | 2.264 quantile
                      	 20.78	 25.51	 2.136	 1.794	 22.06	  24.3	 2.356	 2.396	 14.29	  13.9	 9.801	 9.778	 | 25.51 max

train losses    126:	0.3239	0.3327	0.3291	0.3196	0.3638	0.3654	0.3697	0.3709	0.5545	0.5606	0.6674	0.6643	
val losses      126:	0.3535	 0.385	0.3309	0.3105	0.5518	0.5566	0.4267	0.4105	 1.058	0.9949	 1.489	 1.462	 | 0.6941 mean
                     	0.8949	  0.94	0.8522	0.7816	 1.265	 1.194	 1.106	 1.074	 2.558	 2.296	  3.97	 3.983	 | 2.255 quantile
                      	  20.9	  25.7	 2.172	 1.807	 22.22	 24.46	 2.425	 2.456	 14.29	 14.12	 9.986	 10.03	 | 25.7 max

train losses    128:	0.3227	0.3297	0.3284	0.3186	0.3588	0.3607	0.3674	0.3691	0.5475	0.5532	0.6564	0.6507	
val losses      128:	0.3508	0.3833	0.3306	0.3104	0.5551	0.5602	0.4265	  0.41	 1.055	0.9935	 1.472	 1.446	 | 0.6911 mean
                     	0.8858	0.9326	0.8497	0.7812	 1.259	 1.197	 1.101	 1.079	 2.555	 2.286	 3.956	 3.945	 | 2.236 quantile
                      	 21.03	 25.87	 2.194	 1.809	 22.57	 24.83	  2.49	 2.522	 14.61	 14.49	 10.42	 10.53	 | 25.87 max

train losses    130:	0.3186	0.3286	0.3279	 0.318	0.3546	0.3547	0.3646	0.3652	0.5415	0.5455	0.6415	0.6371	
val losses      130:	0.3459	0.3785	0.3304	0.3101	0.5566	0.5598	0.4257	0.4087	 1.064	 1.006	 1.468	 1.442	 | 0.6913 mean
                     	0.8665	0.9309	0.8525	0.7803	 1.258	 1.207	 1.097	 1.077	 2.583	 2.318	 3.963	 3.966	 | 2.24 quantile
                      	 21.24	 26.08	 2.235	 1.808	  22.9	 25.23	 2.521	 2.551	 14.71	 14.79	  10.6	 10.68	 | 26.08 max

train losses    132:	0.3172	0.3261	0.3273	0.3178	0.3504	0.3545	0.3619	0.3632	0.5373	  0.54	0.6291	0.6255	
val losses      132:	0.3439	0.3741	0.3302	0.3104	0.5568	  0.56	0.4235	0.4067	 1.071	 1.016	 1.458	 1.432	 | 0.6902 mean
                     	0.8588	0.9208	0.8551	0.7782	 1.263	 1.188	 1.091	 1.071	 2.607	  2.35	 3.952	 3.927	 | 2.243 quantile
                      	 21.58	 26.45	 2.281	 1.808	 23.23	 25.57	 2.601	 2.642	 14.67	 15.03	 10.87	 11.01	 | 26.45 max

train losses    134:	 0.315	 0.325	 0.326	0.3168	0.3491	0.3503	 0.358	0.3593	0.5294	0.5326	0.6154	0.6102	
val losses      134:	0.3425	0.3717	0.3297	0.3101	0.5576	0.5597	0.4211	0.4043	 1.073	 1.022	 1.449	 1.423	 | 0.6886 mean
                     	0.8463	0.9124	0.8542	0.7793	 1.264	 1.187	 1.084	 1.078	 2.629	 2.362	 3.936	 3.903	 | 2.239 quantile
                      	 21.85	 26.75	 2.319	 1.801	  23.6	 25.98	 2.652	 2.703	 14.84	 15.23	 11.26	 11.38	 | 26.75 max

train losses    136:	0.3134	0.3212	0.3262	0.3167	0.3466	0.3484	0.3583	0.3584	0.5268	0.5274	0.6062	 0.602	
val losses      136:	0.3419	0.3695	0.3294	0.3099	0.5592	0.5607	0.4194	0.4024	 1.075	 1.026	 1.444	  1.42	 | 0.6881 mean
                     	0.8386	0.9039	0.8514	0.7778	  1.27	 1.175	 1.081	 1.069	 2.632	 2.383	 3.931	  3.88	 | 2.223 quantile
                      	 22.11	 26.99	 2.351	 1.805	  23.9	 26.26	  2.72	 2.784	  15.1	 15.51	 11.29	 11.43	 | 26.99 max

train losses    138:	0.3127	 0.321	0.3257	0.3162	0.3421	0.3462	 0.355	0.3553	 0.519	0.5243	0.5934	0.5905	
val losses      138:	0.3406	0.3695	0.3292	0.3096	0.5603	0.5629	 0.421	0.4039	 1.083	 1.035	 1.443	 1.419	 | 0.6898 mean
                     	0.8402	0.9023	 0.848	0.7764	 1.276	 1.194	 1.076	  1.07	 2.667	 2.385	 3.924	 3.899	 | 2.24 quantile
                      	 22.11	  27.0	 2.416	 1.806	 24.21	 26.58	 2.732	 2.802	 15.21	 15.76	  11.7	 11.77	 | 27.0 max

train losses    140:	0.3118	0.3201	0.3245	0.3156	0.3408	0.3422	0.3513	0.3511	0.5176	0.5192	0.5882	0.5837	
val losses      140:	0.3387	0.3698	0.3289	0.3098	0.5594	0.5628	0.4186	0.4015	 1.085	 1.038	 1.428	 1.406	 | 0.6871 mean
                     	0.8394	0.9016	0.8515	0.7748	 1.278	 1.184	 1.072	 1.071	 2.655	   2.4	 3.909	 3.876	 | 2.218 quantile
                      	  22.3	 27.15	 2.449	   1.8	 24.44	 26.78	 2.764	 2.829	  15.3	 16.08	 12.06	 12.03	 | 27.15 max

train losses    142:	0.3108	0.3189	0.3237	0.3149	0.3409	0.3411	0.3511	0.3513	0.5107	0.5159	 0.581	0.5761	
val losses      142:	0.3377	 0.368	 0.329	0.3099	0.5615	0.5639	 0.417	0.3995	 1.091	 1.045	 1.432	  1.41	 | 0.6887 mean
                     	0.8373	0.8948	0.8504	0.7756	 1.277	 1.175	 1.073	 1.067	 2.689	 2.397	 3.901	 3.863	 | 2.227 quantile
                      	  22.6	 27.41	 2.469	 1.802	 24.88	 27.17	  2.78	 2.852	 15.58	 16.21	 12.12	 12.13	 | 27.41 max

train losses    144:	0.3098	0.3171	0.3238	 0.315	0.3372	0.3388	 0.348	0.3492	0.5095	0.5098	 0.572	0.5683	
val losses      144:	0.3374	0.3668	0.3289	0.3097	0.5617	0.5639	0.4163	0.3994	 1.096	 1.051	 1.423	   1.4	 | 0.6878 mean
                     	0.8331	0.8878	0.8467	0.7778	 1.264	 1.183	 1.069	 1.061	 2.714	 2.392	 3.885	  3.86	 | 2.226 quantile
                      	 22.75	 27.52	 2.498	 1.804	 25.13	  27.4	 2.789	 2.871	 15.64	 16.34	 12.33	 12.46	 | 27.52 max

train losses    146:	 0.307	0.3162	0.3233	0.3142	0.3335	0.3368	0.3485	0.3478	0.5068	0.5112	0.5647	0.5609	
val losses      146:	0.3376	0.3659	0.3289	0.3097	0.5626	0.5643	0.4143	0.3975	 1.095	 1.051	 1.417	 1.393	 | 0.6865 mean
                     	0.8289	0.8873	0.8484	0.7746	 1.255	 1.181	 1.073	 1.057	 2.722	 2.418	 3.879	 3.837	 | 2.221 quantile
                      	  23.0	 27.76	 2.536	 1.788	 25.41	 27.69	 2.813	 2.886	 15.67	 16.41	 12.57	 12.41	 | 27.76 max

train losses    148:	0.3066	0.3154	0.3234	0.3142	 0.333	0.3353	0.3447	 0.345	0.5031	0.5061	 0.558	0.5524	
val losses      148:	0.3377	 0.366	0.3287	0.3096	0.5639	0.5674	0.4155	0.3979	 1.097	 1.053	 1.422	 1.398	 | 0.6881 mean
                     	0.8381	0.8815	0.8473	0.7727	 1.272	 1.194	 1.071	 1.054	 2.706	 2.419	 3.893	 3.843	 | 2.225 quantile
                      	 23.18	 27.91	 2.572	 1.786	 25.68	 27.97	 2.885	  2.96	 15.91	 16.56	 12.62	 12.52	 | 27.97 max

train losses    150:	0.3078	 0.313	0.3225	0.3134	0.3328	0.3345	0.3436	 0.343	0.5008	0.5017	0.5544	 0.552	
val losses      150:	0.3371	0.3651	0.3285	0.3095	0.5644	0.5675	0.4149	0.3973	 1.098	 1.056	 1.417	 1.395	 | 0.6875 mean
                     	0.8315	0.8876	0.8479	0.7736	 1.254	 1.174	 1.072	  1.06	 2.704	 2.412	 3.869	  3.81	 | 2.218 quantile
                      	 23.49	 28.22	 2.591	 1.784	 26.01	 28.24	 2.894	 2.967	 16.04	  16.7	 12.87	 12.74	 | 28.24 max

train losses    152:	0.3058	0.3132	0.3227	0.3136	  0.33	0.3333	0.3439	0.3433	0.4976	0.4992	0.5485	0.5446	
val losses      152:	0.3361	0.3638	0.3283	0.3094	0.5642	0.5673	0.4135	0.3965	 1.107	 1.062	 1.417	 1.398	 | 0.6886 mean
                     	0.8232	0.8702	 0.848	0.7729	 1.253	 1.165	 1.066	 1.054	 2.731	 2.426	 3.862	 3.797	 | 2.223 quantile
                      	  23.7	 28.42	  2.59	 1.779	 26.16	 28.39	 2.883	 2.946	 16.06	 16.61	 12.93	 12.84	 | 28.42 max

train losses    154:	 0.306	0.3132	0.3226	0.3139	0.3298	0.3312	0.3409	 0.342	0.4963	0.4964	0.5411	0.5353	
val losses      154:	0.3342	0.3595	0.3283	0.3092	0.5628	0.5643	0.4132	 0.396	   1.1	 1.059	 1.406	 1.386	 | 0.6849 mean
                     	0.8076	0.8679	0.8451	0.7735	 1.236	 1.158	 1.068	 1.054	 2.712	 2.429	  3.86	 3.785	 | 2.209 quantile
                      	 23.88	 28.68	 2.603	 1.777	 26.49	  28.7	 2.927	 2.994	 16.34	 16.71	 13.27	  13.0	 | 28.7 max

train losses    156:	 0.307	0.3118	0.3218	0.3129	0.3285	0.3305	0.3403	0.3407	0.4919	 0.491	0.5365	0.5328	
val losses      156:	0.3349	0.3604	0.3282	0.3093	0.5672	0.5687	0.4128	0.3951	   1.1	  1.06	   1.4	 1.379	 | 0.6846 mean
                     	0.8182	0.8656	0.8456	0.7736	  1.25	 1.162	 1.063	 1.058	 2.728	 2.416	 3.848	 3.757	 | 2.203 quantile
                      	 24.08	 28.87	 2.619	 1.786	 26.66	 28.83	 2.932	   3.0	 16.48	 16.82	 13.49	 13.26	 | 28.87 max

train losses    158:	0.3048	0.3101	 0.321	0.3123	0.3261	 0.328	0.3374	0.3375	0.4916	0.4902	0.5331	0.5273	
val losses      158:	0.3339	0.3599	0.3283	0.3092	0.5686	0.5721	0.4131	0.3963	  1.11	 1.066	 1.403	 1.381	 | 0.6869 mean
                     	0.8121	0.8645	0.8455	0.7753	 1.272	 1.166	 1.063	 1.055	 2.737	 2.398	 3.848	 3.761	 | 2.215 quantile
                      	 24.23	 29.04	 2.672	 1.786	 26.79	 28.97	 2.979	  3.05	 16.55	 16.74	 13.56	 13.38	 | 29.04 max

train losses    160:	0.3029	  0.31	0.3209	0.3124	0.3238	0.3272	0.3367	0.3356	 0.489	0.4898	0.5264	0.5239	
val losses      160:	0.3354	0.3591	0.3284	0.3093	0.5683	0.5718	0.4129	0.3959	 1.114	 1.068	 1.405	 1.385	 | 0.6877 mean
                     	0.8188	0.8632	0.8448	0.7717	 1.277	 1.178	  1.07	 1.058	 2.744	 2.414	 3.841	 3.752	 | 2.221 quantile
                      	  24.4	 29.18	 2.701	 1.788	 27.05	 29.24	 3.011	  3.08	 16.55	  16.7	 13.54	 13.33	 | 29.24 max

train losses    162:	0.3023	0.3096	0.3206	0.3118	0.3229	0.3271	0.3358	0.3358	 0.486	0.4849	0.5239	0.5196	
val losses      162:	0.3344	0.3564	0.3283	0.3091	0.5689	0.5718	0.4133	0.3964	 1.109	 1.063	 1.401	  1.38	 | 0.6859 mean
                     	0.8081	0.8552	 0.843	0.7708	 1.265	 1.174	 1.067	 1.058	 2.712	 2.416	 3.804	 3.728	 | 2.209 quantile
                      	  24.5	 29.29	 2.753	 1.782	 27.15	 29.35	 3.054	 3.127	 16.67	 16.87	 13.58	 13.26	 | 29.35 max

train losses    164:	0.2996	0.3083	0.3202	0.3113	0.3225	0.3271	0.3343	0.3338	0.4845	0.4831	0.5185	0.5148	
val losses      164:	0.3357	0.3598	0.3281	0.3089	0.5704	0.5733	0.4125	0.3958	 1.118	 1.069	 1.417	 1.397	 | 0.6905 mean
                     	0.8199	0.8619	 0.844	0.7743	  1.27	 1.191	 1.075	 1.058	 2.721	 2.386	 3.828	 3.749	 | 2.231 quantile
                      	 24.59	 29.39	 2.769	 1.781	 27.34	 29.54	 3.038	   3.1	 16.96	  16.9	 13.49	 13.24	 | 29.54 max

train losses    166:	0.3012	0.3078	0.3206	0.3113	0.3204	0.3234	0.3329	0.3338	0.4806	0.4822	0.5133	0.5102	
val losses      166:	0.3319	0.3536	0.3283	0.3092	0.5676	0.5689	0.4117	0.3953	 1.104	 1.061	 1.383	 1.363	 | 0.6815 mean
                     	0.7908	0.8466	0.8418	0.7772	 1.248	 1.163	 1.065	 1.056	  2.72	 2.412	 3.777	 3.677	 | 2.193 quantile
                      	 24.75	 29.53	 2.759	 1.783	 27.49	 29.66	 3.077	 3.149	 16.96	 16.96	 14.02	 13.74	 | 29.66 max

train losses    168:	0.3009	0.3067	0.3194	0.3111	 0.321	0.3237	0.3305	0.3308	 0.479	0.4775	0.5129	 0.508	
val losses      168:	0.3329	0.3539	0.3281	0.3088	0.5689	0.5717	0.4116	 0.395	  1.11	 1.068	 1.383	 1.363	 | 0.6829 mean
                     	0.7958	0.8482	0.8404	 0.773	 1.265	 1.179	 1.055	 1.054	  2.74	 2.439	 3.764	 3.704	 | 2.2 quantile
                      	 24.82	 29.61	 2.778	 1.782	 27.54	 29.71	 3.146	 3.221	 17.04	 17.04	 14.18	 13.88	 | 29.71 max

train losses    170:	0.2996	0.3059	  0.32	0.3114	0.3195	0.3195	0.3305	0.3298	0.4758	0.4764	0.5077	0.5045	
val losses      170:	0.3341	0.3558	 0.328	0.3088	0.5706	0.5736	0.4102	 0.393	 1.117	 1.072	 1.398	 1.378	 | 0.6866 mean
                     	 0.801	0.8488	0.8433	0.7742	 1.279	 1.188	  1.07	 1.061	 2.769	 2.417	 3.787	 3.717	 | 2.218 quantile
                      	 25.05	 29.78	 2.777	 1.786	 27.69	 29.82	 3.081	 3.142	 17.21	  17.2	  14.0	  13.7	 | 29.82 max

train losses    172:	0.2996	0.3045	0.3198	0.3108	0.3189	0.3202	0.3284	0.3281	0.4738	0.4754	0.5042	0.5009	
val losses      172:	0.3295	0.3522	0.3279	0.3087	0.5682	0.5706	0.4105	0.3939	 1.113	 1.069	 1.386	 1.368	 | 0.6832 mean
                     	 0.796	0.8403	0.8439	0.7757	  1.25	 1.163	 1.067	 1.058	 2.742	 2.423	 3.781	 3.693	 | 2.201 quantile
                      	 25.16	 29.97	 2.826	 1.783	 27.84	 30.05	 3.135	 3.187	 17.26	 17.24	 14.05	 13.69	 | 30.05 max

train losses    174:	 0.299	0.3052	 0.319	0.3102	0.3174	  0.32	0.3277	0.3282	0.4728	0.4724	0.5039	0.4992	
val losses      174:	 0.329	0.3503	0.3279	 0.309	0.5665	0.5688	0.4121	0.3958	 1.118	 1.076	 1.383	 1.363	 | 0.6832 mean
                     	0.7859	0.8386	0.8423	0.7758	 1.247	 1.154	 1.066	 1.061	 2.762	 2.432	 3.761	 3.706	 | 2.201 quantile
                      	 25.31	 30.16	 2.864	 1.773	 27.96	 30.18	 3.167	 3.209	 17.21	 17.18	 14.27	 13.89	 | 30.18 max

train losses    176:	0.2988	0.3046	0.3195	0.3108	0.3149	0.3192	0.3265	0.3257	0.4744	0.4708	0.4986	0.4947	
val losses      176:	0.3313	0.3531	0.3278	0.3087	0.5662	0.5697	0.4111	0.3944	 1.118	 1.074	 1.391	 1.373	 | 0.6848 mean
                     	0.7913	0.8457	0.8423	0.7734	 1.252	 1.155	 1.068	 1.057	 2.779	 2.444	 3.798	 3.712	 | 2.207 quantile
                      	 25.42	 30.28	 2.895	 1.818	 28.11	 30.35	 3.263	 3.307	 17.33	 17.31	 14.19	 13.84	 | 30.35 max

train losses    178:	0.2996	0.3045	0.3184	0.3097	0.3142	0.3172	0.3253	0.3256	0.4703	0.4698	0.4943	 0.492	
val losses      178:	0.3301	0.3505	0.3277	0.3086	0.5658	0.5682	0.4113	0.3943	 1.118	 1.074	 1.381	 1.362	 | 0.6827 mean
                     	0.7872	0.8301	0.8412	0.7744	 1.237	 1.156	 1.066	 1.061	 2.767	 2.463	  3.76	 3.685	 | 2.193 quantile
                      	 25.49	 30.38	 2.939	 1.866	  28.3	 30.52	 3.266	 3.309	 17.42	 17.41	  14.3	 13.99	 | 30.52 max

train losses    180:	 0.298	0.3055	0.3183	0.3095	0.3144	0.3165	 0.324	0.3246	 0.467	 0.467	0.4936	 0.491	
val losses      180:	0.3306	0.3517	0.3279	0.3086	0.5666	0.5696	0.4123	0.3956	 1.123	 1.078	 1.383	 1.365	 | 0.6843 mean
                     	0.7846	0.8415	0.8418	0.7726	 1.236	 1.164	 1.064	 1.057	 2.765	 2.443	 3.766	  3.67	 | 2.203 quantile
                      	 25.47	  30.4	 2.997	 1.935	 28.28	 30.57	 3.277	 3.309	 17.38	 17.41	 14.18	 13.81	 | 30.57 max

train losses    182:	0.2977	0.3027	0.3179	0.3095	0.3146	0.3171	0.3233	0.3236	0.4667	0.4683	0.4945	  0.49	
val losses      182:	0.3306	0.3503	0.3281	0.3087	 0.568	0.5702	0.4134	0.3969	 1.122	 1.078	 1.369	 1.348	 | 0.6819 mean
                     	0.7875	0.8373	0.8414	0.7725	 1.243	 1.159	 1.058	 1.055	 2.777	 2.446	 3.711	 3.635	 | 2.21 quantile
                      	 25.51	 30.46	  2.95	 1.911	 28.35	 30.62	 3.275	 3.308	 17.38	 17.42	 14.34	  14.0	 | 30.62 max

train losses    184:	 0.296	0.3023	0.3182	0.3097	0.3125	 0.315	0.3227	 0.323	0.4669	0.4675	0.4843	0.4815	
val losses      184:	0.3307	0.3506	0.3277	0.3086	0.5698	0.5718	0.4123	0.3958	  1.13	 1.084	  1.38	 1.359	 | 0.685 mean
                     	0.7835	0.8316	0.8426	0.7736	  1.24	 1.169	 1.059	 1.052	 2.787	 2.473	 3.755	 3.669	 | 2.225 quantile
                      	 25.62	 30.55	 2.948	 1.903	 28.44	 30.68	 3.287	  3.32	 17.47	 17.48	 14.19	 13.84	 | 30.68 max

train losses    186:	0.2971	0.3023	0.3176	 0.309	 0.315	 0.315	 0.321	0.3212	0.4664	0.4642	 0.484	0.4818	
val losses      186:	0.3278	0.3465	0.3277	0.3085	0.5647	0.5655	0.4121	0.3955	 1.116	 1.072	 1.367	 1.349	 | 0.6793 mean
                     	0.7776	0.8262	0.8413	0.7737	 1.217	 1.131	 1.061	 1.054	 2.771	 2.455	 3.736	 3.663	 | 2.185 quantile
                      	 25.78	 30.73	 3.002	 1.928	 28.69	  30.9	 3.361	 3.395	 17.66	 17.62	 14.22	 13.88	 | 30.9 max

train losses    188:	0.2957	0.2998	0.3171	 0.308	0.3114	0.3124	0.3205	0.3207	0.4638	0.4621	0.4853	0.4819	
val losses      188:	0.3286	0.3488	0.3273	0.3082	0.5636	0.5641	0.4118	0.3947	 1.119	 1.074	 1.371	 1.355	 | 0.6804 mean
                     	0.7772	0.8265	0.8412	0.7724	 1.226	  1.12	 1.066	 1.056	 2.781	 2.457	 3.727	 3.648	 | 2.182 quantile
                      	 25.88	 30.83	 2.998	 1.933	 28.73	 30.95	 3.387	 3.407	 17.79	 17.78	 14.08	 13.74	 | 30.95 max

train losses    190:	0.2959	0.3014	 0.317	0.3083	0.3102	0.3136	0.3193	0.3195	0.4605	0.4627	0.4827	0.4773	
val losses      190:	0.3271	0.3471	0.3274	0.3086	0.5621	0.5655	0.4121	0.3949	 1.122	 1.077	  1.37	 1.353	 | 0.6805 mean
                     	0.7753	0.8216	0.8419	 0.775	 1.226	 1.127	 1.067	 1.059	 2.776	 2.468	 3.715	  3.62	 | 2.196 quantile
                      	 25.86	 30.76	 3.001	 1.952	 28.73	 30.94	  3.37	  3.38	 17.72	 17.73	  14.0	 13.67	 | 30.94 max

train losses    192:	0.2956	0.2995	0.3164	 0.308	0.3089	 0.311	0.3184	0.3187	0.4603	0.4628	0.4846	0.4805	
val losses      192:	0.3285	0.3476	0.3276	0.3087	0.5665	0.5689	0.4133	0.3959	 1.129	 1.082	 1.372	 1.355	 | 0.6829 mean
                     	0.7832	0.8245	0.8424	0.7728	 1.228	 1.143	 1.062	 1.061	 2.807	 2.441	 3.697	 3.625	 | 2.211 quantile
                      	 25.83	 30.75	 2.987	 1.937	 28.71	  30.9	 3.352	 3.358	 17.85	 17.75	 14.05	  13.7	 | 30.9 max

train losses    194:	0.2955	0.3002	0.3164	0.3079	0.3099	 0.313	0.3165	0.3172	0.4601	0.4594	0.4806	0.4778	
val losses      194:	0.3268	0.3424	0.3278	0.3086	0.5693	0.5709	 0.414	 0.397	 1.127	 1.081	 1.361	 1.342	 | 0.6807 mean
                     	0.7754	0.8086	0.8404	0.7725	 1.229	 1.148	 1.065	 1.054	 2.778	 2.421	  3.68	 3.618	 | 2.203 quantile
                      	 26.05	 30.99	 3.052	 1.993	 28.76	 30.97	 3.417	 3.427	 17.68	 17.59	 14.24	 13.92	 | 30.99 max

train losses    196:	0.2939	0.2981	0.3169	0.3082	0.3095	0.3114	 0.316	0.3158	0.4587	 0.459	0.4759	0.4724	
val losses      196:	0.3264	0.3436	0.3275	0.3081	0.5655	0.5668	0.4131	 0.396	  1.13	 1.085	 1.362	 1.342	 | 0.6804 mean
                     	0.7756	0.8185	0.8407	0.7719	 1.224	 1.132	 1.065	 1.051	 2.803	  2.44	 3.664	 3.625	 | 2.206 quantile
                      	 26.13	 31.13	 3.098	 2.047	 28.88	 31.12	 3.421	 3.427	 17.78	 17.73	 14.52	 14.19	 | 31.13 max

train losses    198:	0.2945	0.2987	0.3165	0.3077	0.3059	 0.309	0.3168	0.3174	0.4595	0.4603	0.4787	0.4764	
val losses      198:	 0.326	0.3445	 0.327	 0.308	0.5642	0.5646	0.4121	0.3949	 1.133	 1.084	 1.377	 1.358	 | 0.6828 mean
                     	0.7709	0.8187	0.8419	0.7744	 1.221	 1.137	 1.063	 1.047	 2.796	 2.464	 3.718	 3.669	 | 2.201 quantile
                      	 26.05	 31.12	 3.089	 2.064	 29.02	 31.27	 3.444	 3.444	 17.78	 17.71	 14.46	 14.16	 | 31.27 max

train losses    200:	0.2946	0.2979	0.3161	0.3074	 0.309	0.3109	0.3166	0.3153	0.4602	 0.459	0.4709	 0.469	
val losses      200:	0.3274	0.3471	0.3272	 0.308	0.5625	0.5638	0.4127	0.3949	 1.133	 1.081	 1.382	 1.366	 | 0.6838 mean
                     	0.7745	0.8183	0.8409	0.7728	 1.218	  1.12	 1.066	 1.054	  2.78	  2.49	 3.725	 3.668	 | 2.201 quantile
                      	  26.0	 31.09	 3.099	 2.074	 29.08	 31.33	 3.452	 3.443	 17.89	 17.83	 14.49	 14.14	 | 31.33 max

train losses    202:	0.2932	0.2968	 0.316	0.3077	0.3083	0.3108	0.3135	0.3135	0.4596	 0.456	0.4756	0.4719	
val losses      202:	 0.326	 0.348	0.3269	0.3078	0.5667	0.5728	0.4131	 0.395	 1.133	 1.081	 1.387	 1.373	 | 0.6858 mean
                     	0.7698	0.8256	0.8446	0.7703	 1.233	  1.13	 1.077	  1.06	 2.761	 2.493	 3.758	 3.687	 | 2.214 quantile
                      	 26.02	 31.08	 3.099	 2.076	 28.94	 31.18	 3.525	 3.601	 17.75	 17.68	  14.2	 13.85	 | 31.18 max

train losses    204:	 0.292	0.2969	0.3158	0.3072	0.3074	0.3107	0.3132	0.3134	0.4548	0.4552	0.4768	0.4724	
val losses      204:	0.3262	0.3462	0.3276	0.3081	0.5632	0.5657	0.4152	 0.398	 1.137	 1.085	 1.361	 1.343	 | 0.6814 mean
                     	0.7734	0.8154	0.8445	0.7734	  1.21	 1.136	 1.075	 1.061	 2.761	 2.468	 3.685	 3.597	 | 2.201 quantile
                      	 26.11	 31.15	 3.148	 2.123	  29.1	 31.34	 3.504	 3.586	 17.76	  17.7	 14.52	 14.16	 | 31.34 max

train losses    206:	0.2931	0.2992	0.3152	0.3069	0.3093	0.3113	0.3116	0.3118	0.4514	 0.454	0.4785	0.4731	
val losses      206:	0.3249	 0.343	0.3275	0.3082	0.5637	0.5676	0.4164	0.3998	 1.133	 1.085	 1.356	 1.337	 | 0.6802 mean
                     	 0.759	0.8042	 0.843	0.7733	 1.197	 1.127	 1.073	 1.056	 2.767	 2.466	 3.659	 3.597	 | 2.216 quantile
                      	 26.18	 31.25	 3.142	  2.12	 29.15	 31.42	 3.478	 3.662	 17.64	 17.64	 14.55	 14.21	 | 31.42 max

train losses    208:	0.2943	0.2971	 0.315	0.3065	0.3068	0.3082	0.3119	0.3126	0.4558	0.4548	0.4749	0.4716	
val losses      208:	 0.326	0.3407	0.3281	0.3083	0.5723	0.5738	0.4172	0.4006	 1.132	 1.085	 1.355	 1.335	 | 0.6812 mean
                     	0.7739	   0.8	0.8425	0.7745	 1.209	 1.143	 1.069	 1.056	 2.778	 2.438	 3.648	 3.601	 | 2.222 quantile
                      	 26.22	 31.35	 3.199	 2.166	 29.34	 31.63	 3.528	 3.686	  17.7	 17.63	 14.62	 14.33	 | 31.63 max

train losses    210:	0.2928	0.2966	0.3144	0.3057	0.3056	0.3078	 0.311	0.3106	0.4531	0.4511	0.4735	0.4731	
val losses      210:	0.3272	0.3434	0.3276	0.3078	 0.568	0.5711	0.4171	0.3993	 1.127	 1.077	 1.368	 1.351	 | 0.682 mean
                     	  0.77	0.8195	0.8433	0.7737	 1.223	 1.163	 1.077	 1.058	 2.803	 2.432	 3.653	 3.618	 | 2.217 quantile
                      	 26.17	 31.34	 3.274	 2.245	 29.35	 31.67	 3.609	 3.738	 17.68	 17.67	 14.43	 14.13	 | 31.67 max

train losses    212:	0.2927	0.2963	0.3145	0.3064	0.3078	0.3088	0.3104	0.3109	0.4537	0.4533	0.4779	0.4779	
val losses      212:	 0.326	0.3455	0.3272	0.3076	0.5686	0.5732	 0.415	0.3973	 1.139	 1.084	 1.385	  1.37	 | 0.6865 mean
                     	0.7685	0.8171	0.8423	0.7741	 1.233	 1.146	 1.081	 1.061	 2.818	 2.457	 3.693	 3.654	 | 2.228 quantile
                      	 26.26	 31.39	 3.197	  2.17	 29.29	 31.54	 3.627	 3.833	 17.77	 17.78	 14.41	 14.07	 | 31.54 max

train losses    214:	0.2919	0.2945	0.3149	0.3061	0.3066	0.3086	0.3089	0.3089	0.4617	0.4583	0.4806	0.4791	
val losses      214:	0.3254	0.3438	0.3273	0.3077	0.5629	0.5668	0.4148	0.3977	 1.135	 1.076	 1.388	 1.378	 | 0.6853 mean
                     	0.7665	0.8138	0.8434	0.7753	 1.232	 1.132	 1.082	 1.064	 2.776	 2.503	 3.726	 3.686	 | 2.212 quantile
                      	 26.48	 31.59	 3.229	 2.212	 29.41	 31.66	 3.603	 3.924	 17.61	 17.63	 14.39	 14.04	 | 31.66 max

train losses    216:	0.2914	 0.296	0.3145	0.3054	0.3053	0.3085	0.3094	0.3082	0.4557	0.4565	0.4756	0.4726	
val losses      216:	0.3236	0.3433	0.3268	0.3077	0.5613	0.5683	0.4149	0.3977	 1.136	 1.081	 1.373	 1.362	 | 0.6829 mean
                     	0.7539	0.8113	0.8435	0.7714	 1.208	  1.11	 1.082	 1.065	 2.794	 2.555	 3.716	 3.652	 | 2.202 quantile
                      	 26.43	 31.58	 3.276	  2.25	  29.4	 31.57	 3.672	 4.012	 17.79	 17.74	 14.44	 14.09	 | 31.58 max

train losses    218:	0.2902	0.2943	0.3146	0.3059	0.3062	0.3098	 0.309	0.3087	 0.451	0.4511	0.4826	0.4772	
val losses      218:	0.3242	0.3424	0.3273	0.3079	0.5603	0.5624	0.4174	   0.4	 1.137	 1.087	 1.362	 1.345	 | 0.6811 mean
                     	0.7696	0.8066	0.8423	0.7718	 1.196	 1.113	 1.075	 1.054	 2.769	 2.486	 3.658	 3.615	 | 2.216 quantile
                      	 26.47	 31.69	 3.297	 2.282	 29.51	 31.73	   3.7	 4.034	 17.87	 17.81	 14.26	  13.9	 | 31.73 max

train losses    220:	0.2902	0.2945	0.3138	 0.305	0.3044	0.3097	0.3062	0.3054	0.4505	0.4497	0.4911	0.4865	
val losses      220:	0.3259	0.3417	0.3274	0.3081	0.5679	0.5689	0.4184	0.4015	 1.125	 1.082	 1.361	  1.34	 | 0.6807 mean
                     	0.7678	0.8022	0.8406	0.7707	 1.207	 1.143	  1.08	 1.054	 2.777	 2.428	  3.61	 3.557	 | 2.223 quantile
                      	 26.43	  31.7	 3.284	 2.269	 29.48	 31.79	 3.748	 3.974	 17.65	 17.64	 14.33	 13.98	 | 31.79 max

train losses    222:	0.2914	0.2958	0.3139	0.3049	0.3039	0.3076	0.3062	0.3056	0.4532	 0.448	0.4754	0.4717	
val losses      222:	0.3248	0.3419	0.3272	0.3076	0.5719	0.5747	0.4183	 0.401	  1.13	 1.086	  1.35	 1.331	 | 0.6804 mean
                     	0.7664	0.7966	0.8424	0.7713	 1.208	 1.178	  1.07	 1.053	 2.818	 2.437	 3.627	 3.577	 | 2.218 quantile
                      	 26.66	  31.9	 3.367	 2.342	 29.61	 31.95	 3.735	 4.088	  17.8	 17.74	 14.51	 14.18	 | 31.95 max

train losses    224:	0.2909	0.2936	0.3137	0.3052	0.3025	0.3055	0.3059	0.3057	0.4512	0.4486	0.4671	0.4646	
val losses      224:	0.3245	0.3394	0.3269	0.3073	0.5655	0.5664	0.4173	0.3992	 1.134	  1.09	 1.348	 1.329	 | 0.679 mean
                     	0.7585	0.7976	0.8438	0.7707	   1.2	 1.124	 1.073	 1.054	 2.851	 2.445	 3.628	 3.593	 | 2.219 quantile
                      	 26.69	 31.95	 3.359	  2.34	  29.7	 31.94	 3.748	  4.17	 17.68	 17.55	 14.74	 14.41	 | 31.95 max

train losses    226:	0.2899	0.2949	0.3136	0.3051	0.3041	0.3077	0.3048	0.3052	0.4488	0.4445	0.4702	0.4695	
val losses      226:	0.3262	0.3444	0.3267	0.3074	0.5646	0.5687	0.4174	0.3995	 1.142	 1.088	 1.386	 1.372	 | 0.687 mean
                     	0.7661	0.8115	0.8398	0.7713	 1.237	 1.154	 1.071	  1.06	  2.87	 2.436	 3.712	 3.692	 | 2.223 quantile
                      	  26.6	 31.76	 3.287	 2.277	 29.68	 31.96	 3.787	   4.2	 17.72	 17.59	  14.4	 14.08	 | 31.96 max

train losses    228:	0.2887	0.2946	0.3127	0.3041	0.3008	0.3047	0.3048	0.3043	0.4497	 0.451	0.4689	0.4673	
val losses      228:	0.3255	0.3433	 0.327	0.3071	0.5639	0.5691	0.4178	0.4007	 1.132	 1.078	 1.394	 1.381	 | 0.6867 mean
                     	0.7561	0.8017	0.8416	0.7754	 1.216	 1.136	 1.081	 1.059	 2.743	 2.501	 3.715	 3.701	 | 2.207 quantile
                      	 26.57	 31.77	 3.359	 2.335	 29.76	 32.01	 3.855	 4.239	 17.83	 17.74	 14.61	 14.28	 | 32.01 max

train losses    230:	0.2888	0.2922	0.3123	 0.304	0.3016	0.3038	0.3032	0.3027	0.4519	0.4513	0.4606	0.4585	
val losses      230:	0.3241	  0.34	 0.327	0.3076	 0.562	0.5683	  0.42	0.4021	 1.132	 1.078	  1.38	 1.371	 | 0.6844 mean
                     	0.7657	0.8052	0.8439	0.7744	 1.205	 1.117	 1.082	 1.061	 2.758	 2.503	 3.761	  3.72	 | 2.209 quantile
                      	 26.63	 31.98	 3.389	 2.384	 29.71	 32.06	 3.867	 4.301	 17.89	 17.78	 14.23	 13.92	 | 32.06 max

train losses    232:	0.2897	0.2926	0.3132	0.3043	 0.301	0.3025	0.3015	0.3014	0.4466	0.4445	0.4519	0.4486	
val losses      232:	0.3235	 0.337	0.3273	0.3082	0.5607	 0.565	0.4203	0.4025	 1.135	 1.086	 1.334	 1.319	 | 0.6765 mean
                     	0.7578	0.7951	0.8416	0.7736	 1.207	 1.119	 1.074	 1.059	 2.794	 2.507	   3.6	 3.568	 | 2.185 quantile
                      	 26.74	 32.02	 3.356	 2.356	 29.81	 32.11	 3.972	 4.472	 17.71	 17.62	 14.61	  14.3	 | 32.11 max

train losses    234:	0.2885	0.2916	0.3126	0.3038	0.3004	0.3028	0.3024	 0.302	0.4463	0.4456	0.4506	0.4468	
val losses      234:	0.3245	0.3382	0.3271	0.3078	0.5606	0.5619	0.4206	0.4029	  1.13	 1.082	 1.346	 1.328	 | 0.6775 mean
                     	 0.765	0.7922	0.8452	0.7721	 1.192	 1.115	 1.078	 1.052	 2.787	 2.448	 3.601	 3.561	 | 2.202 quantile
                      	 26.77	  32.0	 3.351	 2.349	 29.71	 32.04	 4.041	 4.549	 17.84	 17.72	  14.5	 14.17	 | 32.04 max

train losses    236:	0.2894	0.2926	0.3126	0.3038	0.2996	0.3017	0.2999	0.3009	0.4448	0.4456	0.4512	0.4475	
val losses      236:	0.3245	0.3382	0.3268	0.3074	0.5591	0.5605	0.4201	0.4021	 1.128	 1.082	 1.354	 1.336	 | 0.6782 mean
                     	0.7611	0.7904	0.8405	0.7722	 1.185	 1.114	  1.07	 1.059	 2.809	 2.421	 3.606	 3.569	 | 2.22 quantile
                      	 26.73	 32.01	 3.466	 2.443	 29.76	  32.0	 4.038	 4.552	 17.83	 17.62	 14.47	 14.13	 | 32.01 max

train losses    238:	0.2886	 0.293	 0.312	0.3033	0.2991	0.3007	0.2998	0.2994	0.4472	0.4463	0.4514	0.4485	
val losses      238:	0.3218	0.3351	0.3273	0.3075	0.5651	0.5666	0.4207	0.4024	 1.125	 1.078	 1.339	 1.324	 | 0.6761 mean
                     	0.7517	0.7857	0.8455	0.7748	 1.186	 1.128	 1.076	 1.059	 2.808	 2.401	 3.601	 3.554	 | 2.21 quantile
                      	 26.73	 32.12	 3.478	 2.476	 29.87	 32.23	 4.052	 4.551	 17.98	 17.83	 14.54	 14.23	 | 32.23 max

train losses    240:	0.2868	0.2899	0.3116	0.3028	0.2959	0.3015	0.2985	0.2998	0.4484	0.4456	0.4438	0.4421	
val losses      240:	0.3223	0.3367	 0.327	 0.307	0.5636	0.5647	0.4198	0.4012	 1.125	 1.079	  1.34	 1.325	 | 0.676 mean
                     	0.7577	0.7956	0.8435	0.7717	 1.206	 1.146	 1.069	 1.058	 2.838	 2.425	 3.594	 3.577	 | 2.192 quantile
                      	 26.66	 32.04	 3.475	 2.472	 29.88	 32.14	 4.117	 4.625	 17.82	 17.56	 14.54	 14.22	 | 32.14 max

train losses    242:	0.2871	0.2914	0.3111	0.3032	0.2974	 0.301	0.2998	0.2998	0.4387	0.4372	0.4505	0.4489	
val losses      242:	0.3249	0.3417	0.3269	0.3072	0.5639	0.5682	0.4202	0.4025	 1.127	 1.079	 1.353	 1.339	 | 0.6795 mean
                     	0.7636	0.8133	0.8422	0.7716	 1.234	 1.156	 1.082	 1.057	  2.83	 2.433	 3.631	   3.6	 | 2.198 quantile
                      	 26.69	 32.01	 3.485	  2.46	 29.85	  32.1	 4.116	 4.612	 18.15	 17.91	 14.85	 14.55	 | 32.1 max

train losses    244:	0.2871	0.2901	 0.312	0.3028	0.2963	0.2983	0.2989	0.2995	0.4376	0.4387	0.4503	0.4492	
val losses      244:	0.3235	0.3425	0.3267	0.3069	 0.563	0.5651	0.4202	 0.402	 1.132	 1.079	 1.378	 1.367	 | 0.6838 mean
                     	0.7612	0.8095	0.8413	0.7733	  1.24	 1.151	 1.078	 1.059	 2.783	 2.437	 3.706	 3.683	 | 2.203 quantile
                      	 26.71	  32.1	 3.527	 2.519	 29.97	 32.24	 4.167	 4.672	 18.15	 17.89	 14.69	 14.39	 | 32.24 max

train losses    246:	0.2861	0.2903	0.3118	0.3028	0.2964	0.3008	0.2983	0.2993	0.4415	0.4422	0.4464	0.4455	
val losses      246:	0.3228	0.3382	0.3268	0.3069	 0.561	0.5658	0.4205	0.4023	 1.132	 1.078	 1.362	  1.35	 | 0.6805 mean
                     	0.7524	0.7944	0.8404	0.7734	 1.223	 1.147	 1.082	 1.057	 2.791	 2.445	 3.667	 3.631	 | 2.189 quantile
                      	 26.75	 32.21	 3.497	 2.508	 30.04	 32.37	 4.308	 4.821	 18.19	  18.0	 14.74	 14.41	 | 32.37 max

train losses    248:	0.2861	0.2902	0.3114	0.3026	0.2963	0.3008	0.2961	0.2972	0.4454	0.4436	0.4428	0.4388	
val losses      248:	0.3221	0.3364	0.3272	0.3071	0.5581	 0.562	0.4206	 0.403	 1.137	 1.083	 1.346	 1.332	 | 0.6779 mean
                     	0.7412	0.7911	0.8419	0.7724	 1.203	 1.112	 1.083	 1.057	 2.761	 2.455	 3.613	 3.597	 | 2.193 quantile
                      	 26.64	 32.09	 3.525	 2.518	 30.02	 32.31	 4.388	 4.893	 18.27	 18.06	 14.71	 14.41	 | 32.31 max

train losses    250:	0.2854	0.2905	0.3111	0.3023	0.2949	0.3002	0.2949	0.2953	0.4409	0.4443	0.4534	0.4486	
val losses      250:	0.3171	0.3307	0.3272	0.3069	0.5515	0.5549	0.4208	0.4032	 1.134	 1.083	  1.34	 1.324	 | 0.6744 mean
                     	0.7325	 0.777	0.8411	0.7749	 1.151	 1.066	 1.078	 1.055	 2.752	 2.498	 3.611	 3.583	 | 2.209 quantile
                      	 26.79	 32.26	  3.58	 2.571	 30.09	 32.42	 4.475	 4.971	 18.18	  18.0	 14.48	 14.13	 | 32.42 max

train losses    252:	0.2865	0.2915	 0.311	0.3026	0.2964	0.3009	0.2953	0.2967	0.4371	0.4364	0.4534	0.4509	
val losses      252:	0.3188	 0.329	 0.327	0.3068	0.5528	0.5549	0.4236	0.4053	 1.118	 1.072	 1.322	 1.307	 | 0.6698 mean
                     	0.7418	0.7664	0.8366	0.7731	 1.147	 1.073	 1.088	 1.061	 2.706	 2.458	 3.563	 3.509	 | 2.193 quantile
                      	 26.89	 32.36	 3.609	 2.593	  30.2	 32.56	 4.452	 4.937	 18.26	  18.1	 14.85	 14.52	 | 32.56 max

train losses    254:	0.2857	0.2889	 0.311	0.3022	0.2948	0.2972	0.2951	0.2961	0.4416	0.4398	0.4471	 0.448	
val losses      254:	0.3221	 0.335	 0.327	 0.307	0.5627	0.5636	0.4222	 0.404	 1.126	 1.076	 1.342	 1.327	 | 0.6763 mean
                     	0.7399	0.7851	0.8433	0.7767	 1.191	 1.126	 1.078	 1.058	 2.783	 2.398	 3.587	 3.547	 | 2.216 quantile
                      	 26.95	 32.45	 3.658	 2.643	 30.13	 32.53	 4.526	  5.01	 18.02	 17.86	 14.54	 14.24	 | 32.53 max

train losses    256:	0.2839	0.2888	0.3101	0.3011	0.2931	0.3009	0.2938	0.2934	0.4436	0.4431	0.4407	0.4394	
val losses      256:	0.3229	0.3374	 0.327	0.3069	0.5645	0.5655	0.4194	0.4015	 1.129	 1.082	 1.349	 1.333	 | 0.6782 mean
                     	0.7505	0.8015	0.8401	0.7718	 1.208	 1.138	 1.067	 1.047	 2.829	 2.396	 3.594	 3.591	 | 2.211 quantile
                      	 27.06	 32.61	 3.643	 2.625	 30.26	 32.64	 4.491	 4.974	 17.88	  17.7	 14.89	 14.62	 | 32.64 max

train losses    258:	0.2845	0.2911	0.3106	0.3016	0.2944	   0.3	 0.294	0.2946	0.4444	0.4472	0.4586	0.4574	
val losses      258:	0.3234	0.3377	0.3268	0.3065	0.5614	0.5626	0.4199	0.4026	 1.135	 1.088	 1.371	 1.358	 | 0.6828 mean
                     	0.7584	0.7958	0.8431	 0.776	 1.223	 1.132	 1.076	 1.061	 2.827	 2.415	 3.669	 3.657	 | 2.214 quantile
                      	 27.05	 32.62	 3.699	 2.694	 30.35	 32.77	  4.48	  4.96	 17.93	 17.72	 14.92	 14.59	 | 32.77 max

train losses    260:	0.2853	0.2903	0.3103	 0.302	 0.295	0.3003	0.2926	0.2935	0.4342	0.4392	0.4616	0.4629	
val losses      260:	 0.326	0.3419	0.3269	0.3067	0.5622	0.5652	0.4209	0.4015	 1.128	 1.075	 1.411	   1.4	 | 0.6888 mean
                     	0.7615	0.8058	0.8397	0.7769	 1.223	 1.137	 1.078	 1.057	 2.882	 2.417	 3.756	 3.715	 | 2.232 quantile
                      	 26.97	  32.5	  3.67	  2.66	 30.23	 32.57	  4.59	 5.078	 18.26	 18.02	 14.36	 14.08	 | 32.57 max

train losses    262:	0.2855	0.2893	0.3102	0.3014	0.2955	0.2973	 0.292	 0.292	0.4374	0.4376	0.4502	0.4482	
val losses      262:	0.3204	0.3373	 0.327	0.3064	0.5574	0.5613	0.4205	0.4017	 1.123	 1.071	 1.377	 1.366	 | 0.6807 mean
                     	0.7395	0.7932	0.8398	0.7805	 1.187	   1.1	 1.071	 1.052	 2.768	 2.408	 3.702	 3.684	 | 2.209 quantile
                      	 27.05	 32.61	 3.749	 2.746	 30.24	 32.68	 4.594	 5.079	 18.12	  17.9	 14.36	 14.08	 | 32.68 max

train losses    264:	0.2849	0.2878	0.3101	0.3013	0.2932	0.2969	0.2912	0.2926	0.4367	0.4372	0.4471	 0.443	
val losses      264:	0.3202	0.3334	0.3266	0.3064	0.5602	0.5629	0.4232	0.4043	 1.137	 1.084	 1.352	 1.338	 | 0.679 mean
                     	0.7357	0.7819	0.8357	 0.775	 1.214	 1.137	 1.083	 1.057	 2.761	 2.439	 3.664	 3.641	 | 2.208 quantile
                      	 26.87	 32.48	 3.724	 2.734	 30.24	 32.63	 4.706	 5.186	 18.12	 17.85	 14.17	 13.92	 | 32.63 max

train losses    266:	0.2839	0.2863	0.3098	 0.301	0.2952	0.2973	0.2895	0.2907	0.4324	0.4329	0.4542	  0.45	
val losses      266:	0.3217	0.3318	0.3269	0.3064	0.5574	0.5589	0.4228	0.4042	 1.127	 1.075	 1.338	 1.319	 | 0.6741 mean
                     	0.7552	0.7703	 0.836	0.7761	 1.166	 1.095	 1.078	 1.048	 2.749	 2.453	 3.569	 3.536	 | 2.213 quantile
                      	 26.87	 32.58	  3.75	 2.746	 30.28	 32.72	 4.758	 5.235	  18.2	 17.92	 14.68	 14.38	 | 32.72 max

train losses    268:	0.2833	0.2868	0.3098	0.3012	0.2931	0.2969	0.2912	0.2913	0.4341	0.4309	0.4518	0.4495	
val losses      268:	0.3175	0.3309	0.3268	0.3062	0.5589	0.5585	0.4224	0.4046	 1.122	 1.073	 1.344	 1.327	 | 0.6743 mean
                     	0.7366	0.7746	0.8361	0.7752	 1.176	   1.1	 1.071	 1.055	   2.8	 2.385	 3.578	 3.547	 | 2.218 quantile
                      	 26.89	 32.61	 3.847	 2.845	 30.25	 32.68	 4.751	 5.231	 18.35	 18.09	 14.62	 14.38	 | 32.68 max

train losses    270:	0.2846	0.2869	 0.309	0.3004	0.2949	0.2969	0.2886	0.2896	 0.434	 0.436	0.4404	0.4379	
val losses      270:	0.3188	0.3318	0.3271	0.3063	0.5586	0.5603	0.4235	0.4053	 1.125	  1.08	  1.33	 1.312	 | 0.6732 mean
                     	0.7382	0.7761	0.8349	0.7732	 1.182	 1.112	 1.077	 1.057	 2.823	 2.398	 3.538	 3.508	 | 2.205 quantile
                      	 27.09	 32.75	   3.8	 2.815	 30.44	 32.88	 4.819	 5.298	 18.27	 18.03	  15.0	  14.7	 | 32.88 max

train losses    272:	0.2842	0.2867	0.3101	0.3007	0.2926	0.2947	0.2891	0.2882	0.4358	 0.431	0.4335	0.4312	
val losses      272:	0.3239	0.3363	0.3267	0.3061	0.5613	0.5608	0.4223	0.4035	  1.15	   1.1	 1.331	 1.315	 | 0.6781 mean
                     	0.7556	0.7921	0.8355	0.7732	 1.192	  1.12	 1.073	 1.052	  2.89	 2.425	 3.558	 3.541	 | 2.22 quantile
                      	 27.02	 32.71	 3.799	 2.803	 30.45	 32.87	 4.901	 5.387	 18.29	 18.03	  15.0	 14.68	 | 32.87 max

train losses    274:	0.2845	0.2869	0.3087	0.3004	0.2918	0.2951	0.2874	0.2875	0.4307	0.4295	0.4392	0.4388	
val losses      274:	0.3202	0.3347	0.3267	 0.306	0.5545	0.5574	0.4229	0.4039	 1.134	  1.08	 1.361	 1.348	 | 0.6791 mean
                     	0.7491	0.7836	0.8399	0.7762	  1.18	 1.079	 1.074	 1.061	  2.86	 2.409	 3.604	 3.591	 | 2.206 quantile
                      	 27.13	 32.84	 3.832	 2.835	 30.44	 32.86	 4.983	 5.477	 18.27	 17.99	 14.85	 14.53	 | 32.86 max

train losses    276:	0.2844	 0.286	0.3091	0.3002	0.2935	0.2961	0.2873	0.2866	0.4358	0.4344	0.4458	0.4468	
val losses      276:	0.3211	0.3359	 0.327	0.3067	0.5631	 0.566	0.4227	0.4045	 1.141	 1.082	 1.382	 1.371	 | 0.6852 mean
                     	0.7422	0.8004	0.8347	0.7754	 1.233	 1.144	  1.08	 1.059	 2.848	 2.424	 3.666	  3.64	 | 2.21 quantile
                      	 26.91	  32.7	 3.867	 2.855	 30.45	 32.93	 4.966	 5.461	 18.57	  18.3	 14.88	 14.62	 | 32.93 max

train losses    278:	0.2838	0.2866	0.3085	0.2993	0.2938	0.2952	0.2871	0.2884	0.4453	0.4449	0.4386	0.4352	
val losses      278:	0.3175	0.3329	0.3274	0.3067	0.5563	0.5622	0.4249	0.4075	 1.131	 1.074	 1.386	 1.378	 | 0.6837 mean
                     	0.7344	0.7793	0.8345	0.7822	 1.188	 1.094	 1.085	 1.061	 2.728	 2.478	 3.724	 3.708	 | 2.212 quantile
                      	 26.93	 32.72	 3.893	 2.897	 30.33	 32.84	 5.037	  5.53	  18.3	 18.14	 14.61	 14.31	 | 32.84 max

train losses    280:	0.2849	0.2844	0.3086	   0.3	 0.292	0.2954	0.2884	0.2875	 0.443	0.4407	 0.432	0.4303	
val losses      280:	0.3193	0.3313	0.3272	0.3064	0.5532	0.5561	0.4256	0.4085	  1.15	 1.092	 1.339	 1.326	 | 0.6779 mean
                     	0.7431	0.7873	0.8353	0.7742	 1.169	 1.086	 1.084	 1.059	  2.78	  2.46	 3.589	 3.555	 | 2.2 quantile
                      	 27.07	 32.84	 3.896	 2.894	 30.47	  32.9	 5.021	 5.507	 18.37	 18.12	 14.98	 14.64	 | 32.9 max

train losses    282:	0.2827	0.2857	0.3087	0.2997	0.2953	0.2962	0.2871	0.2872	0.4381	0.4367	0.4374	0.4332	
val losses      282:	0.3174	 0.331	0.3266	0.3062	0.5513	0.5566	 0.426	0.4082	 1.142	 1.084	 1.322	 1.306	 | 0.6731 mean
                     	0.7335	 0.782	 0.837	0.7727	 1.171	 1.086	 1.078	 1.057	 2.767	 2.478	  3.53	 3.485	 | 2.199 quantile
                      	 26.99	 32.88	 3.903	 2.905	 30.39	 32.93	 5.023	 5.509	 18.05	 17.86	 14.85	 14.59	 | 32.93 max

train losses    284:	 0.282	0.2869	0.3089	0.2997	0.2946	0.2987	0.2869	0.2865	 0.437	0.4326	0.4418	0.4388	
val losses      284:	0.3181	0.3322	0.3264	0.3058	0.5558	  0.56	0.4256	0.4076	 1.128	 1.073	 1.334	 1.319	 | 0.6738 mean
                     	0.7442	0.7836	0.8395	0.7713	 1.187	 1.112	 1.078	 1.055	 2.752	 2.404	 3.557	 3.551	 | 2.196 quantile
                      	 26.91	  32.8	 3.901	 2.889	 30.28	 32.78	 5.169	 5.667	 18.28	 18.01	 14.86	 14.65	 | 32.8 max

train losses    286:	0.2807	0.2868	0.3081	0.2992	0.2938	0.2967	0.2856	0.2854	0.4362	0.4362	0.4364	0.4343	
val losses      286:	0.3205	0.3315	0.3262	0.3052	0.5603	0.5643	0.4262	0.4072	 1.125	 1.074	 1.325	  1.31	 | 0.673 mean
                     	0.7536	0.7803	0.8368	0.7726	 1.184	 1.124	 1.067	 1.047	 2.819	 2.359	 3.532	 3.514	 | 2.202 quantile
                      	 26.96	 32.84	 3.952	  2.96	 30.39	  32.9	 5.221	 5.717	 18.09	  17.8	 15.19	 14.91	 | 32.9 max

train losses    288:	0.2817	0.2859	0.3079	0.2992	0.2901	0.2946	0.2838	 0.284	0.4486	0.4447	0.4299	0.4294	
val losses      288:	0.3186	0.3318	0.3262	0.3057	0.5574	0.5609	0.4232	0.4045	 1.141	  1.09	 1.319	 1.304	 | 0.6734 mean
                     	0.7445	0.7874	0.8434	0.7699	 1.193	 1.094	 1.071	 1.043	 2.869	 2.403	 3.502	 3.498	 | 2.217 quantile
                      	 27.13	 33.02	 3.977	 2.972	 30.32	 32.86	 5.137	 5.616	 17.75	 17.51	 15.25	 15.01	 | 33.02 max

train losses    290:	 0.281	0.2843	0.3081	 0.299	0.2895	0.2959	0.2834	0.2831	0.4489	0.4496	0.4286	0.4263	
val losses      290:	0.3204	0.3337	0.3263	0.3059	0.5575	0.5613	0.4232	 0.405	  1.15	   1.1	 1.343	 1.329	 | 0.6796 mean
                     	 0.762	0.7913	0.8385	0.7755	 1.203	 1.108	 1.068	  1.05	 2.882	 2.412	 3.542	 3.536	 | 2.234 quantile
                      	 27.13	 33.07	 4.038	 3.032	 30.31	 32.87	 5.135	 5.607	 17.77	 17.47	 15.05	 14.84	 | 33.07 max

train losses    292:	0.2824	0.2848	0.3077	0.2992	0.2917	0.2964	0.2842	0.2853	0.4316	0.4311	0.4372	0.4356	
val losses      292:	0.3192	0.3347	0.3267	0.3064	0.5553	0.5612	0.4238	0.4061	  1.13	 1.079	 1.367	 1.355	 | 0.6804 mean
                     	 0.751	0.8001	0.8361	0.7717	 1.201	 1.099	 1.082	 1.058	 2.831	 2.373	 3.618	 3.605	 | 2.22 quantile
                      	 27.05	 32.97	 4.008	 3.017	 30.28	 32.82	 5.355	 5.841	 17.97	 17.77	  14.9	  14.7	 | 32.97 max

train losses    294:	0.2803	0.2849	0.3072	0.2984	0.2919	 0.292	0.2824	0.2837	0.4331	0.4328	0.4343	0.4342	
val losses      294:	0.3193	0.3349	0.3263	0.3055	0.5586	0.5647	0.4234	0.4054	 1.122	 1.064	 1.378	 1.369	 | 0.681 mean
                     	0.7372	0.7942	0.8372	 0.772	 1.233	 1.131	 1.066	 1.056	   2.8	 2.383	 3.638	 3.634	 | 2.204 quantile
                      	 26.96	 32.85	 4.016	 3.033	 30.26	 32.78	 5.389	 5.863	  18.3	 18.07	 14.84	 14.66	 | 32.85 max

train losses    296:	0.2816	0.2825	0.3073	 0.298	0.2906	0.2932	0.2812	0.2828	0.4474	0.4477	0.4318	0.4269	
val losses      296:	0.3181	0.3343	0.3263	0.3052	0.5563	0.5644	0.4227	0.4048	 1.146	 1.085	 1.367	 1.357	 | 0.6822 mean
                     	0.7374	0.8021	 0.836	0.7737	 1.235	 1.117	 1.068	  1.05	 2.784	 2.444	 3.632	 3.625	 | 2.211 quantile
                      	 26.93	 32.79	 4.042	 3.038	 30.26	 32.76	  5.44	  5.92	 18.39	 18.14	 14.92	  14.7	 | 32.79 max

train losses    298:	0.2835	0.2831	0.3068	0.2975	 0.293	0.2936	0.2829	0.2839	0.4517	 0.452	 0.428	0.4249	
val losses      298:	0.3146	0.3278	0.3272	 0.306	0.5509	 0.558	0.4262	 0.408	 1.151	 1.089	 1.345	 1.335	 | 0.6781 mean
                     	0.7247	0.7748	 0.838	0.7751	  1.19	 1.088	 1.075	 1.052	 2.766	 2.468	 3.612	 3.583	 | 2.206 quantile
                      	 26.85	 32.77	 4.019	 3.032	 30.39	 32.94	 5.437	 5.914	 18.58	  18.3	 14.76	 14.56	 | 32.94 max

