train losses      0:	0.5496	 0.582	0.3348	0.3321	0.7129	0.7579	 0.463	0.4666	 1.589	 1.602	 1.487	 1.476	
val losses        0:	0.6689	 0.683	0.3021	0.3092	0.7421	0.7599	0.3853	0.4187	 1.511	 1.505	 1.276	 1.263	 | 0.8187 mean
                     	  2.16	 2.183	0.7847	0.8095	  2.06	 2.172	  1.07	 1.097	  4.23	 4.366	  2.91	 2.893	 | 2.621 quantile
                      	 6.149	 7.035	 2.144	 1.699	  5.56	 6.018	 1.879	 2.203	  7.79	 6.929	 4.333	 4.048	 | 7.79 max

train losses      2:	0.5469	0.5787	0.3347	 0.326	0.7091	0.7496	0.4587	0.4647	 1.587	 1.601	  1.48	 1.475	
val losses        2:	0.6725	0.6805	0.3011	0.3098	0.7407	0.7594	0.3847	0.4195	  1.51	 1.502	 1.277	 1.263	 | 0.8184 mean
                     	 2.146	  2.18	0.7788	 0.812	 2.054	 2.171	 1.088	 1.098	 4.223	 4.382	 2.911	 2.888	 | 2.625 quantile
                      	 6.119	 7.066	 2.152	 1.713	 5.613	 6.028	 1.843	  2.21	 7.844	 6.899	 4.348	 4.067	 | 7.844 max

train losses      4:	0.5464	0.5769	0.3359	0.3298	0.7042	 0.745	0.4725	0.4655	  1.57	  1.58	 1.482	 1.475	
val losses        4:	0.6742	0.6803	0.3091	0.3226	0.7596	0.7541	0.3937	0.4242	 1.484	 1.454	 1.297	 1.269	 | 0.8184 mean
                     	 2.141	 2.182	0.7928	0.8207	 2.018	 2.183	 1.089	 1.102	 4.254	 4.365	 3.031	 2.883	 | 2.61 quantile
                      	 6.104	 7.159	 2.244	 1.803	 5.778	 5.884	 1.899	 2.269	 8.078	 6.997	  4.27	  4.05	 | 8.078 max

train losses      6:	0.5517	0.5824	0.3587	0.3325	0.6801	0.7209	0.4803	0.4718	 1.489	 1.493	 1.494	 1.481	
val losses        6:	0.6647	0.6857	0.4854	0.3281	0.7464	0.7004	0.4975	0.4281	 1.311	 1.239	 1.298	 1.284	 | 0.8057 mean
                     	 2.169	 2.194	 1.143	0.8308	 1.868	 1.972	 1.219	 1.095	 3.751	 3.758	 3.036	 2.901	 | 2.483 quantile
                      	 6.102	 7.254	 2.626	 1.827	 5.718	 5.519	  2.57	 2.316	 7.376	 6.341	 3.983	 4.062	 | 7.376 max

train losses      8:	0.5772	0.5981	0.4368	0.4208	0.6776	0.6239	0.5704	0.4732	 1.191	 1.159	 1.521	 1.497	
val losses        8:	0.6989	0.6981	0.4489	0.3762	0.6844	0.5799	0.5622	0.4549	  1.05	 1.057	  1.36	 1.313	 | 0.7736 mean
                     	 2.106	 2.245	 1.306	0.9608	 1.795	 1.621	 1.518	 1.167	 2.375	 2.714	 3.263	 3.019	 | 2.315 quantile
                      	 5.931	 7.299	 3.101	 1.997	 4.998	 4.701	 3.587	 2.232	  5.86	  5.33	 4.424	 5.064	 | 7.299 max

train losses     10:	0.5853	0.5902	0.4005	0.4096	0.6082	0.5833	0.5354	0.4752	   1.0	0.9748	 1.511	  1.51	
val losses       10:	 0.673	0.6841	0.4081	0.3507	0.5883	0.5812	0.6704	0.4352	0.9167	0.9338	 1.281	 1.297	 | 0.7349 mean
                     	 2.139	 2.186	  1.15	 0.894	 1.574	 1.553	 1.694	 1.166	 2.171	 2.373	 3.011	 2.883	 | 2.203 quantile
                      	 6.059	 7.055	 2.966	 1.949	 4.363	 4.596	 3.509	 2.341	 5.475	 4.953	 4.042	 5.613	 | 7.055 max

train losses     12:	0.5638	0.5958	0.4288	0.3871	0.6076	0.5522	0.5419	0.5033	0.8479	0.7977	 1.507	 1.498	
val losses       12:	0.6683	0.6706	0.3477	 0.331	  0.53	0.5159	 0.472	0.4266	 0.835	0.8356	 1.284	 1.292	 | 0.684 mean
                     	 2.097	 2.144	0.9116	0.8485	 1.433	 1.406	 1.251	  1.16	 2.061	 2.119	  3.01	 2.874	 | 2.11 quantile
                      	 6.007	 6.986	 2.272	 1.866	 4.247	 4.929	 2.803	 2.177	 5.354	 4.433	 4.211	  4.96	 | 6.986 max

train losses     14:	 0.553	0.5652	0.3798	0.3743	0.5069	0.5118	0.5311	0.4918	0.7689	0.7402	 1.491	 1.493	
val losses       14:	0.6658	0.6902	0.3755	0.3411	0.5189	0.4927	0.4559	0.4329	0.7887	0.8391	 1.276	 1.276	 | 0.6794 mean
                     	 2.081	 2.068	0.9445	0.8712	 1.361	 1.343	 1.211	 1.177	 1.941	 1.998	 2.958	 2.852	 | 2.064 quantile
                      	 6.099	 6.671	 2.306	  1.85	 4.136	 4.367	 2.414	 2.242	 4.065	 3.554	 4.548	 5.076	 | 6.671 max

train losses     16:	0.5456	0.5703	0.3553	 0.354	0.4737	0.4858	0.4814	 0.477	0.6905	0.6804	 1.483	 1.482	
val losses       16:	0.6672	0.6827	  0.31	0.3346	0.5052	 0.483	0.4134	0.4309	0.7262	 0.782	  1.28	 1.262	 | 0.6564 mean
                     	 2.067	 2.046	0.7931	0.8498	 1.291	 1.336	  1.16	  1.14	 1.741	 1.915	 2.924	 2.864	 | 2.038 quantile
                      	 5.985	 6.536	 2.074	 1.791	 3.878	 3.976	  2.02	 2.211	 2.972	 3.015	 4.721	 4.982	 | 6.536 max

train losses     18:	0.5357	0.5516	0.3494	0.3424	0.4518	0.4643	0.4727	0.4766	0.6279	 0.627	 1.477	 1.476	
val losses       18:	0.6501	0.6521	  0.31	0.3249	0.4584	0.4556	0.4139	0.4276	0.7008	0.7177	 1.287	 1.259	 | 0.6381 mean
                     	  2.02	 2.015	0.8022	0.8316	 1.238	 1.271	 1.167	 1.139	 1.675	 1.777	  2.91	 2.891	 | 1.976 quantile
                      	 5.863	 6.768	 2.097	 1.782	 3.156	 3.792	 1.928	 2.109	 2.866	 2.948	 4.782	 4.751	 | 6.768 max

train losses     20:	0.5279	0.5343	0.3468	0.3406	0.4341	 0.452	0.4769	0.4712	0.5913	0.5973	 1.475	  1.47	
val losses       20:	0.6472	0.6287	0.3082	0.3317	0.4498	0.4524	0.4015	0.4219	0.6922	 0.727	 1.278	 1.259	 | 0.6331 mean
                     	 1.972	 1.955	0.7943	0.8432	 1.228	  1.29	 1.122	 1.131	 1.792	 1.947	 2.889	 2.866	 | 2.012 quantile
                      	 5.612	 6.493	 2.094	 1.876	 3.044	 3.554	 1.921	 2.083	 2.918	 3.036	 4.681	 4.665	 | 6.493 max

train losses     22:	0.5125	0.5178	0.3565	0.3347	0.4305	0.4401	0.4736	0.4709	0.5637	0.5781	 1.475	 1.468	
val losses       22:	0.6228	0.6097	0.3234	0.3191	0.4509	0.4421	0.4034	0.4264	0.6776	0.6864	 1.279	 1.263	 | 0.6254 mean
                     	 1.911	 1.913	0.8319	0.8129	 1.229	  1.24	 1.117	 1.137	 1.769	 1.882	 2.896	 2.882	 | 1.983 quantile
                      	 5.539	 6.404	 1.982	 1.847	 2.878	 3.531	  1.91	 2.212	 2.995	 3.051	 4.696	 4.467	 | 6.404 max

train losses     24:	0.4949	0.4944	0.3526	 0.336	 0.426	0.4344	0.4791	0.4753	0.5654	0.5743	 1.477	 1.466	
val losses       24:	0.6053	0.5875	0.3096	0.3227	 0.458	0.4506	0.4041	0.4334	0.6953	0.7092	 1.283	 1.258	 | 0.6264 mean
                     	 1.844	 1.824	0.7934	0.8265	 1.227	 1.262	  1.11	 1.151	 1.997	 2.161	 2.903	 2.879	 | 2.029 quantile
                      	 5.242	 6.165	  2.07	 1.903	 2.811	 3.572	 1.949	 2.276	 3.287	 3.127	 4.593	 4.417	 | 6.165 max

train losses     26:	0.4777	0.4728	0.3591	0.3381	0.4282	0.4399	0.4808	0.4812	0.6003	0.6211	 1.475	 1.467	
val losses       26:	0.5962	0.5727	0.3065	0.3177	0.4645	0.4588	 0.397	0.4364	0.7302	0.7315	 1.281	  1.26	 | 0.6294 mean
                     	 1.799	 1.756	0.7975	0.8189	 1.227	 1.274	 1.101	 1.147	 2.038	 2.085	  2.89	 2.867	 | 2.029 quantile
                      	  4.99	 5.869	 2.071	 1.856	 3.119	 3.652	 1.805	 2.282	 3.389	 3.461	 4.634	 4.396	 | 5.869 max

train losses     28:	 0.464	0.4536	  0.35	0.3401	0.4249	0.4369	0.4827	0.4764	0.5635	  0.58	 1.474	 1.467	
val losses       28:	 0.543	0.5264	0.3195	0.3263	0.4207	 0.428	0.4219	0.4296	 0.753	0.8081	 1.286	 1.261	 | 0.627 mean
                     	 1.608	 1.562	0.8144	0.8412	 1.118	 1.259	 1.161	 1.144	 1.989	 2.026	 2.895	 2.873	 | 1.969 quantile
                      	 4.357	 5.135	 2.119	 1.908	 2.451	 2.689	 2.033	 2.152	 3.257	 3.305	 4.721	 4.478	 | 5.135 max

train losses     30:	0.4436	0.4451	0.3446	0.3314	0.4099	0.4222	0.4721	0.4685	 0.553	0.5646	 1.473	 1.467	
val losses       30:	0.5172	0.5168	 0.322	 0.321	0.4245	0.4211	0.4093	0.4264	0.7464	0.7888	 1.287	 1.268	 | 0.6207 mean
                     	  1.51	 1.516	0.8199	 0.819	 1.082	 1.224	  1.12	 1.129	 1.912	  1.98	  2.89	 2.938	 | 1.949 quantile
                      	 4.016	 4.876	 2.058	 1.808	 2.405	 2.472	 2.086	  2.12	 3.149	 3.152	 4.636	 4.359	 | 4.876 max

train losses     32:	0.4269	0.4313	0.3459	0.3343	0.4007	0.4061	 0.471	0.4681	0.5114	0.5231	 1.472	 1.469	
val losses       32:	0.5045	0.5031	0.3093	0.3167	0.4145	0.4177	0.4125	 0.425	0.6974	0.7359	 1.286	 1.266	 | 0.6074 mean
                     	 1.479	  1.49	0.7952	0.8127	 1.086	 1.204	 1.103	 1.124	 1.801	 1.922	 2.908	 2.878	 | 1.923 quantile
                      	 3.973	  4.59	 2.097	 1.777	 2.458	 2.566	  1.95	 2.211	 3.038	 2.862	 4.461	 4.354	 | 4.59 max

train losses     34:	0.4148	0.4168	0.3464	0.3324	0.3885	0.4017	0.4765	0.4721	0.4605	0.4838	 1.473	 1.464	
val losses       34:	0.4931	0.4796	 0.312	0.3166	0.4073	0.4118	0.4087	  0.43	0.6943	0.7108	 1.298	 1.265	 | 0.6023 mean
                     	 1.412	 1.402	0.8014	0.8106	 1.065	 1.167	 1.103	 1.136	 1.798	 1.862	 2.917	 2.867	 | 1.904 quantile
                      	  3.66	 4.397	 2.061	 1.725	 2.374	 2.549	 1.853	 2.207	  3.13	 3.103	 4.394	 4.362	 | 4.397 max

train losses     36:	0.4088	0.4084	0.3447	0.3314	0.3859	 0.394	0.4739	0.4712	0.4432	0.4699	 1.468	 1.462	
val losses       36:	0.4727	0.4657	0.3115	0.3151	0.4037	0.4048	0.4029	0.4254	0.7007	 0.724	 1.287	 1.266	 | 0.5983 mean
                     	 1.342	 1.331	0.7985	0.8042	  1.04	 1.133	 1.088	 1.133	  1.81	 1.906	 2.875	 2.865	 | 1.907 quantile
                      	 3.529	 3.876	 2.061	 1.693	 2.441	   2.4	  2.02	 2.185	 3.291	 3.032	 4.517	 4.377	 | 4.517 max

train losses     38:	0.3947	0.3957	0.3484	0.3316	0.3769	0.3865	0.4687	0.4686	0.4477	0.4569	 1.467	  1.46	
val losses       38:	0.4554	0.4525	0.3096	0.3179	0.3984	0.4007	0.4011	0.4214	0.7035	0.7261	 1.286	 1.265	 | 0.5948 mean
                     	 1.325	 1.316	0.8043	0.8123	 1.053	 1.132	 1.092	 1.129	 1.858	   1.9	 2.862	 2.839	 | 1.923 quantile
                      	 3.542	 3.861	  2.08	 1.639	 2.153	 2.408	 2.241	 2.111	 3.343	 3.072	  4.75	   4.5	 | 4.75 max

train losses     40:	0.3917	0.3886	0.3462	0.3324	0.3724	0.3831	0.4686	0.4694	0.4383	0.4665	 1.464	 1.458	
val losses       40:	0.4423	0.4409	0.3077	0.3182	0.3898	0.3941	0.3949	0.4247	0.7449	0.7615	 1.289	  1.27	 | 0.5982 mean
                     	 1.275	 1.258	0.7884	0.8197	 1.023	   1.1	 1.086	 1.142	 1.943	 1.995	 2.863	  2.86	 | 1.927 quantile
                      	 3.501	 3.696	  2.15	 1.785	 2.219	  2.44	 2.188	 2.056	 3.407	 3.279	 4.615	 4.397	 | 4.615 max

train losses     42:	0.3787	0.3786	0.3439	 0.345	 0.366	0.3761	0.4729	 0.469	0.4818	0.5279	 1.465	 1.457	
val losses       42:	0.4353	0.4326	0.3081	0.3224	0.3908	0.3941	0.3964	 0.421	0.7286	0.7425	 1.298	 1.276	 | 0.5955 mean
                     	 1.259	 1.243	0.7993	0.8351	 1.056	 1.092	 1.089	  1.13	  1.91	 1.934	  2.91	 2.876	 | 1.913 quantile
                      	 3.449	  3.68	  2.08	 1.837	  2.23	 2.388	 2.117	 2.155	 3.542	 3.256	 4.481	 4.467	 | 4.481 max

train losses     44:	 0.379	0.3764	0.3428	0.3374	0.3646	0.3753	0.4679	0.4689	0.4712	0.5121	 1.458	  1.45	
val losses       44:	0.4383	0.4307	0.3097	0.3246	0.3879	0.3924	0.4007	0.4213	0.7345	0.7718	 1.291	 1.278	 | 0.5985 mean
                     	 1.262	 1.237	0.7912	0.8223	 1.029	 1.118	 1.099	 1.138	 2.031	 2.069	 2.859	 2.887	 | 1.947 quantile
                      	 3.503	 3.963	 2.182	 1.667	 2.074	 2.451	 2.354	  2.13	 3.204	 3.274	 4.665	 4.415	 | 4.665 max

train losses     46:	0.3738	0.3739	0.3431	0.3405	0.3607	0.3713	0.4676	0.4683	0.4787	 0.518	 1.456	 1.447	
val losses       46:	0.4242	0.4274	0.3113	0.3177	0.3768	0.3933	0.3942	0.4219	0.7335	0.7701	 1.299	 1.282	 | 0.5959 mean
                     	 1.204	 1.184	0.7982	0.8104	0.9818	   1.1	 1.096	 1.137	  1.78	 1.843	 2.849	 2.838	 | 1.877 quantile
                      	   3.3	 3.513	 2.196	 1.715	 1.919	 2.313	 2.202	 2.134	 2.829	 3.152	 4.724	 4.561	 | 4.724 max

train losses     48:	0.3657	0.3645	0.3413	0.3373	0.3528	0.3606	0.4649	0.4688	0.4318	0.4683	 1.455	 1.447	
val losses       48:	0.4254	0.4198	0.3094	0.3259	0.3724	0.3778	0.4022	0.4348	0.7329	0.7493	 1.299	 1.279	 | 0.594 mean
                     	 1.186	 1.168	 0.796	0.8382	0.9875	  1.04	 1.097	 1.187	 1.914	 2.008	 2.882	 2.846	 | 1.91 quantile
                      	  3.11	 3.283	 2.107	 1.831	 1.901	  2.35	 2.009	 2.073	 3.682	 3.659	 4.517	 4.475	 | 4.517 max

train losses     50:	0.3618	0.3626	0.3408	0.3376	0.3472	0.3532	0.4664	0.4693	0.4216	0.4617	 1.451	 1.445	
val losses       50:	0.4122	 0.417	 0.308	0.3272	0.3662	0.3729	0.4023	0.4271	0.7667	0.7885	 1.296	 1.283	 | 0.5972 mean
                     	 1.156	 1.139	0.7938	0.8424	0.9593	 1.015	 1.104	 1.155	 1.986	 2.021	 2.888	 2.825	 | 1.924 quantile
                      	 3.135	 3.175	 2.126	 1.843	 1.932	 2.448	 2.123	 2.107	 3.163	 2.961	 4.415	 4.479	 | 4.479 max

train losses     52:	0.3555	 0.353	0.3427	0.3324	0.3424	0.3467	0.4633	0.4686	 0.426	 0.465	 1.443	 1.435	
val losses       52:	0.4124	0.4089	0.3136	0.3193	 0.365	0.3716	0.3966	0.4304	0.7743	 0.821	 1.313	 1.293	 | 0.6016 mean
                     	 1.137	 1.121	0.8042	0.8181	0.9601	 1.021	 1.094	 1.166	 1.974	 1.989	  2.86	 2.857	 | 1.919 quantile
                      	 3.163	 3.062	 2.236	 1.757	 1.907	  2.32	 2.114	  2.06	 3.473	 3.466	   4.7	 4.506	 | 4.7 max

train losses     54:	0.3516	0.3536	0.3402	0.3308	0.3374	 0.344	0.4632	0.4672	0.4503	0.5079	 1.437	 1.431	
val losses       54:	0.4012	0.4085	0.3114	0.3237	0.3613	0.3742	0.4025	0.4307	0.8057	0.8519	 1.313	 1.307	 | 0.6076 mean
                     	 1.115	 1.108	0.8027	0.8352	0.9284	 1.023	 1.105	 1.157	  2.06	 2.125	 2.893	 2.883	 | 1.963 quantile
                      	 2.979	   3.0	 2.171	 1.842	 1.674	 2.473	 2.272	  2.18	  3.12	 3.064	 4.619	 4.477	 | 4.619 max

train losses     56:	0.3478	0.3473	0.3397	0.3304	0.3465	0.3523	0.4614	 0.466	0.4801	0.5247	 1.424	 1.417	
val losses       56:	0.3957	0.4089	0.3134	0.3184	0.3717	0.3881	0.3992	0.4298	0.8069	0.8456	 1.329	 1.325	 | 0.611 mean
                     	 1.081	 1.106	0.8043	0.8196	0.9581	 1.051	 1.109	 1.144	 2.074	 2.067	 2.947	 2.942	 | 1.961 quantile
                      	 2.899	 2.851	 2.112	 1.718	 1.604	 2.591	 2.137	 2.174	 3.743	 3.617	 4.604	  4.47	 | 4.604 max

train losses     58:	0.3446	0.3481	0.3407	0.3293	 0.349	0.3571	0.4631	0.4673	0.5661	0.6132	 1.415	 1.406	
val losses       58:	0.3866	0.4005	0.3199	0.3179	0.3659	0.3753	0.3999	0.4322	0.8286	0.8517	 1.345	  1.33	 | 0.6129 mean
                     	  1.05	 1.075	0.8156	0.8181	0.9684	0.9851	   1.1	 1.142	  2.05	 2.219	  2.93	 2.955	 | 1.976 quantile
                      	 2.895	 3.074	 2.049	 1.725	 1.873	 2.242	 2.215	 2.256	 3.949	 3.609	 4.504	 4.405	 | 4.504 max

train losses     60:	0.3365	 0.337	 0.338	0.3289	  0.33	0.3355	0.4632	 0.471	0.4564	0.4913	 1.429	 1.424	
val losses       60:	0.3848	0.3817	0.3063	 0.324	0.3637	0.3672	0.3995	0.4336	0.8338	0.8794	 1.308	 1.304	 | 0.6072 mean
                     	 1.058	 1.041	0.7957	0.8279	0.9509	0.9835	 1.106	 1.138	 2.083	 2.247	 2.884	  2.86	 | 2.004 quantile
                      	 2.599	  2.99	 2.084	 1.685	 2.152	 2.325	 2.226	 2.226	 3.225	 3.032	 4.678	 4.705	 | 4.705 max

train losses     62:	0.3385	0.3387	0.3401	0.3322	0.3223	0.3309	0.4629	 0.467	0.4857	0.5159	 1.407	 1.405	
val losses       62:	0.3912	0.3981	0.3047	0.3232	 0.365	0.3731	0.3994	0.4266	0.8292	0.8322	  1.33	 1.334	 | 0.6089 mean
                     	 1.068	 1.085	0.7907	0.8327	0.9747	0.9921	   1.1	 1.145	 2.195	 2.264	 2.917	 2.917	 | 2.027 quantile
                      	 2.656	 3.214	 2.117	 1.743	 2.143	 2.593	 1.972	 2.185	 3.797	  3.29	 4.683	 4.488	 | 4.683 max

train losses     64:	0.3509	0.3579	0.3434	0.3322	0.3269	0.3339	0.4668	0.4708	0.5303	0.5788	 1.375	  1.37	
val losses       64:	0.3905	0.4086	0.3065	0.3158	0.3781	0.3866	0.3975	0.4275	0.8978	0.9254	 1.344	 1.338	 | 0.6263 mean
                     	 1.067	 1.103	0.7962	0.8178	0.9934	 1.025	 1.104	 1.145	 2.299	 2.407	  2.99	 2.992	 | 2.085 quantile
                      	  2.82	 3.515	 2.128	 1.743	 2.014	 2.659	 1.814	  2.05	 3.494	 3.654	 4.909	 4.781	 | 4.909 max

train losses     66:	0.3664	0.3579	0.3401	0.3307	0.3203	0.3363	  0.47	0.4692	0.5228	0.5643	 1.341	 1.339	
val losses       66:	0.3984	   0.4	 0.324	0.3144	0.3718	0.3906	0.4015	0.4326	0.9537	0.9717	 1.341	 1.347	 | 0.6372 mean
                     	 1.077	 1.081	0.8239	0.8136	0.9729	0.9869	 1.113	 1.144	 2.487	 2.546	 2.971	   3.0	 | 2.112 quantile
                      	 2.783	 3.423	 2.176	 1.758	  2.31	 2.797	 2.078	 2.081	 4.365	 3.581	 4.432	 4.221	 | 4.432 max

train losses     68:	0.3502	0.3611	0.3493	0.3313	 0.329	0.3484	0.4672	0.4751	0.5522	0.5912	 1.328	  1.32	
val losses       68:	0.3871	0.4024	0.3312	0.3152	0.3884	0.4065	0.4052	0.4472	0.9549	0.9783	  1.37	 1.368	 | 0.6462 mean
                     	 1.052	   1.1	0.8369	0.8194	0.9932	  1.05	 1.122	 1.207	 2.514	 2.594	 3.043	 3.033	 | 2.192 quantile
                      	 2.702	 3.679	 2.245	 1.763	  2.22	 2.824	 1.943	 2.224	 4.254	  3.43	 4.802	 4.405	 | 4.802 max

train losses     70:	0.3536	0.3707	0.3449	0.3304	0.3444	0.3634	0.4666	0.4683	0.6338	0.6801	 1.239	 1.232	
val losses       70:	0.3852	0.4317	0.3277	0.3154	0.4147	  0.41	0.4018	0.4284	0.9466	0.9928	 1.437	 1.434	 | 0.6604 mean
                     	 1.042	 1.159	0.8345	0.8149	  1.04	  1.05	 1.106	 1.121	 2.423	 2.564	 3.232	 3.203	 | 2.235 quantile
                      	 2.636	 3.994	 1.922	 1.725	 2.133	   2.7	 1.831	 2.122	 4.547	 3.671	 4.619	 4.529	 | 4.619 max

train losses     72:	0.3784	0.4259	0.3938	0.3319	 0.417	0.3947	0.4616	0.4767	  0.71	0.7513	 1.206	 1.211	
val losses       72:	0.3832	 0.422	0.3177	0.3142	0.3917	0.4119	0.4019	 0.435	0.9658	 1.043	   1.5	 1.489	 | 0.6729 mean
                     	 1.015	 1.145	0.8127	0.8217	 1.005	 1.039	 1.094	 1.136	 2.453	 2.741	 3.425	 3.443	 | 2.351 quantile
                      	 2.796	 3.885	 2.034	 1.766	 1.924	 2.712	 1.833	 2.143	 4.537	 4.884	 4.578	 4.783	 | 4.884 max

train losses     74:	0.3997	0.5388	0.4491	0.3328	0.5673	 0.398	0.4653	 0.511	0.7383	0.8007	 1.365	 1.367	
val losses       74:	0.4676	0.5496	0.4107	 0.314	0.6462	 0.462	0.4177	0.4855	 1.013	 1.099	 1.342	 1.324	 | 0.7109 mean
                     	 1.327	 1.465	 1.007	0.8104	 1.546	  1.24	 1.122	 1.217	   2.7	 3.072	 2.876	 2.858	 | 2.261 quantile
                      	 3.109	 4.388	  2.48	 1.679	 3.805	 3.568	 1.899	 2.406	 4.855	 5.341	 4.299	 4.434	 | 5.341 max

train losses     76:	0.4059	 0.509	0.4039	 0.362	0.4926	0.4071	0.4765	0.4834	0.8177	0.7879	 1.356	 1.355	
val losses       76:	0.4926	0.7148	0.5206	0.3291	0.8328	0.4636	0.4246	0.4833	 1.067	 1.129	 1.366	 1.382	 | 0.7671 mean
                     	 1.416	 1.745	 1.122	0.8744	 1.704	 1.201	 1.158	 1.292	 2.489	 3.005	 2.966	 3.119	 | 2.288 quantile
                      	 4.344	 5.987	 2.083	 2.024	 3.112	 4.184	 2.221	 2.455	 5.809	 4.868	 4.678	 4.817	 | 5.987 max

train losses     78:	0.4436	0.4779	0.3688	0.3564	0.5102	0.4068	0.4761	0.4699	 0.752	0.8133	 1.339	 1.348	
val losses       78:	0.4519	 0.481	0.3299	0.4251	0.5065	0.4714	0.5249	0.4396	 1.676	 1.858	  1.45	   1.5	 | 0.8429 mean
                     	 1.291	 1.382	0.8353	 1.038	  1.31	 1.234	 1.321	 1.154	 3.902	 4.932	 3.345	 3.533	 | 2.837 quantile
                      	 3.957	 5.325	 2.262	 2.378	 3.117	 3.404	 2.302	 2.128	 5.603	 6.554	 5.073	 4.871	 | 6.554 max

train losses     80:	0.4937	0.5346	0.3862	0.3363	 0.556	0.4325	0.4964	0.4935	0.7759	0.8369	 1.296	 1.314	
val losses       80:	0.5597	0.6102	0.3911	 0.344	0.6766	0.4742	0.4729	0.4747	0.9677	0.9865	  1.38	 1.391	 | 0.7274 mean
                     	 1.543	 1.693	0.9728	 0.873	 1.608	  1.23	 1.248	 1.271	 2.456	 2.812	 3.049	 3.209	 | 2.211 quantile
                      	  3.86	 5.608	 1.977	 1.961	 3.022	 4.063	 2.138	 2.392	 4.644	 4.866	  4.53	 4.597	 | 5.608 max

train losses     82:	0.4273	0.4403	0.3732	0.3422	0.4082	0.3855	0.4651	0.4918	0.6527	 0.709	 1.242	 1.251	
val losses       82:	0.5036	0.4882	0.3194	0.3311	0.4406	0.4392	 0.423	0.4689	0.9545	0.9697	  1.34	 1.331	 | 0.6674 mean
                     	 1.316	 1.359	0.8248	0.8313	 1.053	  1.13	  1.14	 1.192	 2.437	 2.548	 2.914	 2.868	 | 2.111 quantile
                      	 3.279	 4.379	 2.009	 1.693	 3.382	 3.811	 1.956	 2.329	 5.728	 4.657	 4.271	 4.529	 | 5.728 max

train losses     84:	0.3927	0.4141	0.3665	 0.338	0.3863	0.3832	0.4849	0.4713	0.6087	0.6515	 1.133	  1.14	
val losses       84:	0.4478	0.4588	0.3572	0.3149	0.4672	0.4529	0.4191	0.4381	0.9667	 1.027	 1.476	 1.461	 | 0.6906 mean
                     	 1.252	 1.319	0.8795	0.8113	 1.137	 1.147	 1.139	 1.182	 2.546	 2.779	 3.413	 3.428	 | 2.278 quantile
                      	 3.097	 4.987	  2.21	 1.754	 3.246	 3.739	 1.742	 2.126	 5.644	 5.047	   5.6	 5.663	 | 5.663 max

train losses     86:	0.4005	0.4224	0.3626	0.3333	0.3932	0.3987	0.4835	 0.473	0.6079	0.6268	 1.001	  1.01	
val losses       86:	0.5159	0.5031	0.3264	0.3178	 0.523	0.4535	 0.434	0.4456	 0.948	0.9379	 1.552	 1.522	 | 0.7066 mean
                     	 1.282	 1.366	0.8419	0.8176	 1.222	 1.146	 1.164	 1.177	 2.391	 2.504	 3.587	 3.596	 | 2.307 quantile
                      	 2.754	 4.686	 1.956	 1.783	 3.269	 3.398	  1.93	 2.151	 5.376	 4.331	  7.14	 7.039	 | 7.14 max

train losses     88:	0.3944	0.4067	0.3549	0.3358	0.3832	0.4129	0.5181	 0.472	0.5353	 0.587	 1.075	 1.064	
val losses       88:	0.4033	0.4224	0.3352	0.3224	0.3862	0.4181	0.4105	0.4337	0.8327	0.8631	 1.431	 1.412	 | 0.6392 mean
                     	 1.048	 1.163	0.8674	 0.831	0.9594	 1.058	 1.127	 1.188	 2.095	 2.149	 3.256	 3.279	 | 2.079 quantile
                      	 2.703	 3.635	  2.24	 1.915	 2.523	  2.56	 1.822	 1.908	 3.659	 3.108	 6.755	 6.495	 | 6.755 max

train losses     90:	0.4004	0.3903	0.3617	0.3316	0.4293	0.4228	0.4843	0.4747	0.7109	0.7776	0.9996	0.9964	
val losses       90:	0.4538	0.4085	0.3182	 0.316	0.4001	0.4361	0.4445	 0.427	0.8818	0.8674	 1.285	 1.272	 | 0.6258 mean
                     	 1.223	 1.197	0.8196	 0.813	  1.03	 1.137	  1.15	 1.135	  2.43	 2.385	 2.981	 2.925	 | 1.993 quantile
                      	 2.812	 3.773	 2.051	 1.719	 3.078	  3.43	 2.229	 2.161	 4.555	 3.802	 4.034	 4.339	 | 4.555 max

train losses     92:	0.3938	0.3837	0.3779	0.3357	0.3563	   0.4	0.4706	0.4663	0.5572	0.5823	0.9116	0.9279	
val losses       92:	0.4159	0.4127	0.3183	0.3149	0.3899	0.4554	0.3928	0.4236	0.8739	0.8605	 1.323	  1.31	 | 0.6242 mean
                     	 1.112	 1.169	0.8436	 0.819	0.9536	 1.191	 1.076	 1.164	 2.324	 2.278	 3.183	 3.153	 | 2.025 quantile
                      	 2.803	 3.914	 2.251	 1.773	 3.172	 3.195	 1.878	 2.381	 4.901	 3.895	 5.372	 5.344	 | 5.372 max

train losses     94:	0.3935	0.3803	  0.37	0.3329	0.3568	0.3931	0.4732	0.4653	0.5088	0.5153	0.7714	 0.782	
val losses       94:	0.4291	0.3965	 0.315	0.3148	0.3744	 0.418	0.4038	0.4202	0.8087	0.8326	 1.356	 1.334	 | 0.6169 mean
                     	 1.148	 1.108	0.8273	0.8201	0.9564	 1.097	 1.132	  1.17	 2.115	 2.158	 3.109	 3.134	 | 1.989 quantile
                      	 2.966	  3.48	 2.227	 1.824	 2.334	 2.462	 2.173	 2.053	 3.597	  3.21	 6.048	 6.342	 | 6.342 max

train losses     96:	0.3631	0.3637	0.3435	0.3314	0.3393	 0.375	0.4614	0.4601	0.4737	0.4782	0.6897	0.6973	
val losses       96:	0.3912	0.3864	0.3095	0.3182	0.3604	0.3691	0.3886	0.4152	0.7973	 0.762	 1.374	  1.36	 | 0.6026 mean
                     	  1.09	 1.076	0.8087	0.8251	0.9145	0.9569	 1.069	 1.166	  2.11	 2.062	 3.329	  3.36	 | 2.013 quantile
                      	 2.591	 3.492	  2.16	 1.732	 2.294	 2.588	 1.771	 1.987	 3.246	 3.001	  6.57	 6.712	 | 6.712 max

train losses     98:	0.3489	0.3482	0.3427	0.3292	0.3251	0.3465	0.4497	0.4558	0.4277	0.4387	0.6213	0.6272	
val losses       98:	  0.38	0.3825	0.3089	0.3198	0.3737	0.3678	0.3862	0.4161	0.7839	0.7582	 1.456	 1.444	 | 0.6147 mean
                     	 1.043	 1.039	0.8084	0.8189	0.9644	0.9902	 1.044	 1.136	 2.156	 2.039	 3.401	 3.464	 | 2.087 quantile
                      	 2.715	 3.342	 2.187	 1.902	 2.347	  2.62	 2.005	 2.108	 3.582	 3.362	 7.209	 7.291	 | 7.291 max

train losses    100:	0.3438	0.3426	0.3442	0.3301	0.3209	 0.339	0.4472	0.4502	0.4092	0.4101	0.5745	0.5759	
val losses      100:	0.3644	0.3678	0.3049	0.3156	0.3532	0.3553	0.3815	0.4107	0.7776	0.7451	 1.364	 1.356	 | 0.5913 mean
                     	0.9863	 1.011	0.7913	0.8183	0.9329	0.9363	 1.059	 1.137	 2.123	 2.028	  3.27	 3.355	 | 2.021 quantile
                      	 2.458	 3.029	 2.154	 1.771	 2.227	  2.43	 1.918	 2.057	 3.522	 3.066	 6.787	 7.017	 | 7.017 max

train losses    102:	0.3368	0.3381	0.3388	0.3276	0.3168	0.3351	 0.438	0.4452	0.3853	0.3801	0.5006	0.4993	
val losses      102:	0.3621	0.3593	0.3027	0.3119	0.3573	0.3509	0.3784	0.4072	0.7718	0.7557	 1.349	 1.347	 | 0.5878 mean
                     	   1.0	0.9831	0.7784	0.8053	0.9157	 0.926	  1.05	 1.114	 2.084	 2.054	 3.291	 3.373	 | 1.978 quantile
                      	 2.447	 2.983	 2.137	 1.786	 2.261	 2.373	 1.895	 2.037	 3.412	 3.076	 6.884	 7.148	 | 7.148 max

train losses    104:	0.3339	0.3304	0.3377	0.3274	0.3128	0.3286	 0.435	0.4415	0.3742	0.3716	0.4335	0.4286	
val losses      104:	0.3657	0.3542	0.3011	0.3121	0.3501	0.3515	0.3786	0.4051	0.7718	0.7687	 1.302	 1.299	 | 0.58 mean
                     	 0.997	 0.978	0.7758	0.8121	0.8961	0.9165	 1.048	 1.106	 2.032	 2.021	 3.173	 3.238	 | 1.908 quantile
                      	  2.46	  2.84	 2.185	   1.8	 1.971	 2.214	 1.879	 2.019	 3.341	 2.962	 6.212	 6.479	 | 6.479 max

train losses    106:	0.3285	0.3245	0.3363	0.3268	0.3066	0.3234	0.4294	0.4364	0.3569	0.3537	 0.387	0.3872	
val losses      106:	0.3557	0.3473	0.3001	 0.312	0.3494	0.3494	0.3755	0.4039	0.7905	0.7762	 1.337	 1.336	 | 0.5861 mean
                     	 0.974	0.9568	0.7683	0.8089	0.8988	 0.893	 1.042	 1.114	 2.131	 2.086	 3.238	   3.3	 | 1.974 quantile
                      	 2.369	 2.755	 2.155	 1.824	 2.043	  2.27	 1.858	 1.982	  3.61	 3.083	 6.863	 7.171	 | 7.171 max

train losses    108:	0.3236	0.3219	0.3359	0.3274	0.3027	0.3204	0.4261	0.4326	0.3489	0.3499	0.3458	0.3489	
val losses      108:	0.3502	0.3425	0.2999	0.3123	0.3486	  0.35	0.3753	0.4037	0.7812	0.7735	 1.304	   1.3	 | 0.5784 mean
                     	0.9658	0.9421	0.7749	0.8093	0.8848	0.9133	 1.037	 1.113	 2.119	  2.04	 3.201	 3.305	 | 1.926 quantile
                      	 2.355	 2.674	 2.169	 1.823	 1.966	 2.169	 1.868	 1.994	 3.343	 3.132	 6.314	 6.558	 | 6.558 max

train losses    110:	0.3199	0.3188	0.3354	0.3261	0.2989	0.3157	0.4215	0.4281	0.3337	0.3304	0.3371	0.3323	
val losses      110:	0.3484	0.3419	0.2998	0.3125	0.3428	0.3418	0.3749	0.4024	0.8102	0.7965	 1.331	 1.327	 | 0.5858 mean
                     	0.9562	0.9408	0.7721	 0.808	0.8856	0.8931	 1.026	 1.104	 2.217	 2.203	 3.253	 3.313	 | 1.99 quantile
                      	 2.432	 2.757	 2.143	 1.788	 1.953	 2.145	 1.863	 2.062	 3.825	 3.196	 6.575	  6.86	 | 6.86 max

train losses    112:	0.3171	0.3147	0.3348	0.3255	0.2943	0.3103	 0.417	0.4247	0.3311	0.3315	0.3202	0.3185	
val losses      112:	 0.344	0.3341	0.2995	0.3122	0.3454	0.3434	0.3719	0.4015	0.8014	0.7912	 1.324	 1.319	 | 0.5823 mean
                     	0.9613	0.9255	0.7658	0.8094	0.9021	0.8973	 1.025	 1.102	  2.17	 2.112	 3.253	 3.278	 | 1.996 quantile
                      	 2.382	 2.667	 2.144	 1.807	 2.005	 2.164	  1.88	 2.073	 3.681	  3.27	  6.38	 6.646	 | 6.646 max

train losses    114:	0.3155	0.3124	0.3347	0.3258	0.2925	 0.306	0.4148	0.4222	0.3331	0.3345	0.3248	0.3191	
val losses      114:	0.3459	0.3346	0.2996	 0.312	0.3417	0.3414	 0.374	0.4014	0.8133	0.8047	 1.314	 1.304	 | 0.5822 mean
                     	0.9532	0.9328	 0.769	0.8075	0.8923	0.8876	 1.022	 1.095	 2.197	 2.159	 3.322	 3.349	 | 1.967 quantile
                      	  2.47	 2.714	 2.145	 1.812	 1.997	  2.07	  1.83	 2.067	 3.914	  3.25	 6.183	 6.472	 | 6.472 max

train losses    116:	0.3145	  0.31	0.3341	 0.325	0.2897	0.3048	0.4093	0.4171	0.3189	0.3163	 0.324	0.3173	
val losses      116:	0.3435	0.3321	0.2999	0.3119	0.3426	0.3399	0.3707	0.3984	0.8452	0.8375	 1.348	 1.344	 | 0.5929 mean
                     	0.9575	0.9234	0.7702	0.8067	0.9068	0.8805	 1.016	 1.094	 2.305	 2.337	 3.308	 3.328	 | 2.038 quantile
                      	 2.448	 2.722	 2.126	 1.813	 2.045	 2.156	 1.848	 2.097	 4.153	 3.492	 6.879	 7.172	 | 7.172 max

train losses    118:	0.3131	  0.31	0.3343	 0.325	0.2861	0.3011	0.4097	 0.417	0.3159	 0.315	0.3344	0.3215	
val losses      118:	0.3462	0.3333	0.2999	0.3129	  0.34	0.3384	0.3768	0.3998	0.8429	0.8239	 1.329	 1.316	 | 0.5883 mean
                     	0.9558	0.9328	0.7691	0.8083	 0.881	0.8816	 1.006	   1.1	 2.252	 2.222	 3.403	 3.402	 | 1.995 quantile
                      	 2.549	  2.76	 2.125	 1.856	 2.002	 2.001	 1.823	  2.03	 3.984	  3.28	 6.383	  6.71	 | 6.71 max

train losses    120:	0.3117	0.3072	0.3337	 0.325	 0.284	0.2977	 0.407	0.4133	0.3187	0.3113	0.3306	0.3203	
val losses      120:	0.3437	0.3297	 0.299	0.3124	0.3393	0.3397	0.3774	 0.398	0.8449	0.8323	 1.335	 1.328	 | 0.59 mean
                     	0.9544	0.9159	0.7671	0.8052	0.8821	 0.896	 1.005	 1.095	 2.253	 2.251	 3.338	 3.361	 | 1.999 quantile
                      	 2.623	 2.742	 2.138	 1.871	 1.962	 1.979	 1.825	 1.968	 4.139	 3.406	 6.703	 7.005	 | 7.005 max

train losses    122:	0.3089	0.3045	0.3334	 0.325	0.2814	0.2957	0.4056	0.4127	0.3286	0.3257	0.3597	0.3527	
val losses      122:	0.3402	 0.327	0.2991	0.3128	0.3416	 0.338	0.3683	0.3995	0.8617	0.8528	 1.335	 1.333	 | 0.5924 mean
                     	 0.946	0.9074	0.7708	0.8063	0.8876	0.8849	0.9914	 1.089	 2.352	 2.369	 3.254	 3.271	 | 2.042 quantile
                      	 2.558	 2.677	 2.152	 1.852	 1.966	 2.071	 1.818	 2.021	 4.335	 3.667	  6.49	 6.784	 | 6.784 max

train losses    124:	0.3076	 0.303	0.3329	0.3244	0.2823	0.2954	0.4006	0.4079	0.3363	0.3318	 0.324	 0.319	
val losses      124:	0.3386	0.3265	0.2993	0.3122	0.3396	0.3353	 0.371	0.3992	0.8563	0.8476	 1.302	   1.3	 | 0.5857 mean
                     	0.9506	0.9109	0.7716	0.8084	0.8592	0.8778	 1.001	 1.083	 2.322	  2.34	  3.13	 3.114	 | 2.012 quantile
                      	 2.439	 2.704	 2.141	  1.83	 1.943	 1.983	 1.809	 2.013	  3.97	 3.363	 6.209	 6.459	 | 6.459 max

train losses    126:	0.3054	 0.301	0.3327	0.3242	0.2783	0.2908	0.3948	0.4018	0.3093	0.3113	 0.298	0.2927	
val losses      126:	0.3329	0.3226	 0.299	0.3123	0.3408	0.3362	0.3722	0.3987	 0.842	0.8294	 1.285	 1.281	 | 0.5793 mean
                     	0.9354	0.9013	0.7673	0.8079	0.8776	0.8732	  1.01	 1.092	 2.322	 2.325	 3.011	 3.007	 | 2.0 quantile
                      	 2.461	 2.532	 2.144	 1.834	 2.035	  2.07	 1.911	 1.979	 3.841	  3.44	 6.273	 6.487	 | 6.487 max

train losses    128:	0.3066	0.3001	0.3326	0.3244	0.2765	0.2881	0.3903	0.3966	0.2948	0.2959	0.2827	0.2778	
val losses      128:	0.3357	0.3225	0.2983	0.3117	0.3383	0.3391	0.3736	 0.398	 0.843	0.8373	 1.268	 1.266	 | 0.5776 mean
                     	0.9391	0.8962	0.7697	0.8084	0.8775	0.8802	 1.003	 1.085	 2.357	 2.298	 3.077	 3.064	 | 1.96 quantile
                      	 2.431	 2.573	 2.161	 1.832	 2.085	 2.047	 1.898	 1.909	 4.226	 3.603	 6.108	 6.355	 | 6.355 max

train losses    130:	0.3043	0.2981	0.3321	0.3234	0.2742	0.2849	0.3842	0.3918	0.2924	 0.295	0.2526	0.2527	
val losses      130:	 0.333	0.3165	 0.298	 0.312	 0.338	0.3358	0.3712	0.3965	0.8318	0.8273	 1.299	 1.299	 | 0.5798 mean
                     	0.9315	0.8723	0.7692	 0.806	0.8655	0.8781	 1.002	 1.086	 2.277	 2.184	 3.112	 3.101	 | 2.002 quantile
                      	 2.464	 2.529	 2.177	 1.836	 1.986	 1.904	 1.907	 1.908	  3.88	 3.516	 6.214	 6.439	 | 6.439 max

train losses    132:	0.3002	0.2943	0.3318	0.3227	0.2706	0.2805	0.3806	0.3882	0.2868	0.2875	 0.263	0.2611	
val losses      132:	0.3354	0.3207	0.2983	0.3119	0.3363	0.3358	0.3737	0.3987	0.8519	0.8491	 1.279	 1.275	 | 0.5804 mean
                     	0.9287	0.8841	0.7707	0.8068	0.8425	0.8819	0.9958	 1.084	 2.276	 2.229	 3.056	 3.091	 | 1.962 quantile
                      	 2.723	 2.533	 2.163	 1.823	 1.903	   1.7	 1.948	 1.947	 3.911	 3.278	 5.802	  6.07	 | 6.07 max

train losses    134:	0.2992	0.2926	0.3313	0.3221	0.2705	0.2806	0.3746	0.3823	0.2888	0.2912	0.2895	0.2855	
val losses      134:	0.3308	 0.315	0.2981	0.3116	0.3352	0.3328	0.3721	0.3961	0.8388	0.8391	 1.261	 1.262	 | 0.5744 mean
                     	0.9207	0.8773	0.7684	0.8056	0.8299	0.8757	0.9958	 1.082	 2.278	 2.232	 2.954	 2.929	 | 1.967 quantile
                      	  2.59	 2.529	 2.164	 1.829	 1.925	 1.707	 1.923	  1.93	 3.802	 3.359	 5.995	 6.242	 | 6.242 max

train losses    136:	0.2964	0.2897	0.3315	 0.322	0.2655	0.2747	0.3711	0.3796	0.2739	0.2797	0.2517	0.2534	
val losses      136:	0.3288	 0.311	0.2996	0.3121	0.3379	0.3358	0.3733	0.3993	0.8469	 0.847	 1.305	 1.304	 | 0.5834 mean
                     	0.9185	0.8584	0.7723	0.8056	0.8482	 0.874	 0.997	 1.096	 2.296	 2.233	 3.089	 3.083	 | 2.008 quantile
                      	 2.436	 2.432	 2.196	 1.862	 2.052	 1.942	 1.973	 1.972	 3.936	 3.513	 6.147	 6.341	 | 6.341 max

train losses    138:	0.2958	0.2875	0.3314	0.3215	0.2633	0.2731	0.3632	0.3709	0.2706	0.2737	0.2409	0.2374	
val losses      138:	0.3279	0.3119	0.2984	0.3112	0.3353	0.3343	0.3723	0.3973	0.8511	0.8529	 1.279	 1.279	 | 0.5793 mean
                     	0.9104	0.8517	0.7679	0.8048	0.8356	0.8717	0.9977	 1.088	 2.316	 2.215	 2.969	 2.943	 | 1.987 quantile
                      	 2.562	 2.465	 2.186	 1.844	 1.953	  1.78	 1.953	 1.964	 3.916	 3.462	 5.921	 6.153	 | 6.153 max

train losses    140:	0.2941	0.2869	0.3308	0.3211	0.2625	0.2731	0.3592	0.3656	  0.28	0.2847	0.2512	0.2446	
val losses      140:	0.3288	 0.312	0.2984	0.3117	0.3339	0.3333	0.3767	0.3988	0.8503	0.8588	 1.253	 1.254	 | 0.5757 mean
                     	0.9139	0.8591	0.7692	0.8062	0.8235	0.8714	0.9982	 1.096	 2.277	 2.243	 2.985	 2.971	 | 1.969 quantile
                      	 2.613	 2.478	 2.182	 1.842	  1.93	 1.644	 1.976	  1.98	 3.686	  3.38	 5.716	 5.968	 | 5.968 max

train losses    142:	0.2925	0.2843	0.3305	0.3205	0.2608	0.2693	0.3534	0.3595	0.2982	 0.305	0.2455	0.2409	
val losses      142:	0.3276	0.3095	0.2988	0.3117	0.3337	0.3363	0.3805	0.3998	0.8441	0.8565	 1.263	 1.266	 | 0.5773 mean
                     	 0.917	0.8495	 0.769	0.8087	0.8299	0.8755	 1.005	 1.106	 2.221	 2.227	  3.02	  3.02	 | 1.965 quantile
                      	 2.522	 2.444	 2.195	 1.852	 1.956	  1.74	 2.015	 2.005	 3.553	 3.344	 5.839	 6.086	 | 6.086 max

train losses    144:	0.2932	0.2862	0.3306	0.3204	0.2629	0.2726	0.3533	0.3574	 0.322	0.3297	0.3024	0.2995	
val losses      144:	0.3307	0.3146	 0.299	0.3116	0.3317	0.3342	0.3856	0.4016	0.8403	0.8556	 1.236	 1.238	 | 0.5732 mean
                     	 0.916	0.8687	0.7713	0.8104	0.8154	0.8735	 1.012	 1.102	 2.252	 2.203	 2.963	 2.935	 | 1.959 quantile
                      	 2.579	 2.483	 2.196	 1.826	 1.864	 1.663	 2.037	 2.013	 3.621	 3.356	 5.647	 5.919	 | 5.919 max

train losses    146:	0.2941	0.2858	0.3313	0.3205	0.2616	0.2698	0.3588	0.3619	0.3296	0.3359	0.3154	 0.307	
val losses      146:	0.3283	0.3076	0.3009	 0.312	0.3385	0.3345	0.3776	0.4001	0.8561	0.8598	 1.309	 1.307	 | 0.586 mean
                     	0.9196	0.8421	0.7719	0.8018	0.8441	0.8665	   1.0	 1.091	 2.332	 2.316	 3.067	 3.101	 | 2.031 quantile
                      	 2.492	 2.349	 2.202	 1.802	 2.085	 1.922	 1.876	 1.943	 3.991	  3.66	 6.048	 6.254	 | 6.254 max

train losses    148:	0.2927	0.2833	0.3313	0.3196	0.2559	0.2642	0.3476	0.3503	 0.295	 0.298	0.2668	0.2564	
val losses      148:	0.3246	0.3078	0.2986	 0.312	0.3377	0.3342	0.3716	0.3967	0.8835	0.8866	 1.336	 1.334	 | 0.5936 mean
                     	0.9102	0.8422	0.7653	0.7996	0.8554	0.8755	0.9797	 1.066	 2.374	 2.344	 3.093	 3.157	 | 2.096 quantile
                      	 2.426	 2.347	 2.183	 1.801	 2.027	 1.865	 1.804	 1.886	 4.162	 3.814	 5.695	 5.874	 | 5.874 max

train losses    150:	0.2907	0.2803	0.3302	0.3202	0.2546	0.2617	0.3439	0.3482	0.2824	0.2839	0.2714	0.2654	
val losses      150:	0.3295	0.3069	0.3002	0.3131	0.3342	0.3294	0.3797	0.4032	0.8706	0.8684	 1.284	 1.284	 | 0.5836 mean
                     	0.9197	0.8537	0.7671	0.8069	0.8498	0.8501	0.9865	 1.075	 2.365	 2.354	 3.122	 3.109	 | 1.989 quantile
                      	 2.568	 2.372	 2.118	 1.804	 1.988	 1.841	 1.834	 1.884	 4.189	 3.637	 5.793	  6.05	 | 6.05 max

train losses    152:	0.2909	0.2816	0.3311	0.3199	0.2518	0.2613	0.3351	0.3399	 0.272	0.2689	0.2465	0.2395	
val losses      152:	0.3246	 0.307	0.3008	0.3115	0.3327	0.3364	0.3828	0.4041	0.8848	0.8797	 1.263	 1.263	 | 0.5825 mean
                     	0.9085	0.8517	0.7704	0.8064	0.8546	0.8738	  0.99	 1.073	 2.371	 2.366	 3.082	 3.055	 | 1.978 quantile
                      	 2.494	  2.36	 2.104	 1.835	 2.001	 1.889	 1.861	 1.921	 4.176	 3.539	 5.644	 5.951	 | 5.951 max

train losses    154:	0.2892	0.2795	0.3294	0.3185	0.2494	0.2591	 0.323	0.3297	0.2675	 0.271	0.2366	0.2355	
val losses      154:	0.3213	0.3031	0.2974	0.3116	0.3361	0.3348	0.3759	0.3984	0.8939	0.8977	 1.304	 1.307	 | 0.5901 mean
                     	0.8991	0.8301	0.7659	0.7996	0.8619	0.8643	0.9771	 1.058	  2.41	   2.4	 3.058	  3.07	 | 2.051 quantile
                      	 2.359	 2.277	 2.156	 1.836	 2.018	 1.963	 1.876	 1.925	 4.165	 3.764	 5.775	 5.992	 | 5.992 max

train losses    156:	 0.287	 0.277	0.3279	0.3179	0.2486	0.2576	 0.319	0.3226	0.2652	0.2663	0.2394	0.2321	
val losses      156:	0.3213	0.3055	0.2973	0.3111	0.3341	 0.336	0.3753	0.3961	0.8918	0.9006	 1.282	 1.281	 | 0.586 mean
                     	 0.885	0.8356	0.7674	0.8022	0.8502	0.8724	0.9769	 1.058	 2.446	 2.417	 3.076	 3.097	 | 2.005 quantile
                      	 2.454	 2.304	 2.158	 1.785	 1.948	 1.818	 1.788	 1.992	  4.28	 3.693	 5.344	 5.591	 | 5.591 max

train losses    158:	 0.285	0.2764	0.3273	0.3171	0.2463	0.2617	0.3121	0.3143	0.2601	0.2604	0.2542	0.2514	
val losses      158:	 0.319	0.3015	0.2973	0.3112	0.3352	0.3345	0.3809	0.3987	0.8959	0.8999	 1.288	 1.291	 | 0.5878 mean
                     	0.8911	0.8279	0.7621	0.8011	0.8556	0.8629	0.9836	 1.066	 2.432	 2.461	 2.977	 2.983	 | 2.018 quantile
                      	 2.379	 2.294	 2.134	 1.829	 2.046	 1.813	 1.922	 1.985	 4.258	  3.69	  5.84	 6.093	 | 6.093 max

train losses    160:	0.2838	0.2769	0.3274	0.3168	0.2449	0.2532	0.3072	0.3087	0.2806	0.2866	0.2641	0.2577	
val losses      160:	0.3221	0.3076	0.2975	0.3111	0.3284	0.3329	0.3873	0.4032	0.8887	0.9093	 1.247	 1.246	 | 0.5818 mean
                     	0.8858	0.8399	0.7603	0.8018	0.8268	0.8712	0.9958	 1.085	 2.366	  2.36	 3.047	   3.0	 | 1.959 quantile
                      	 2.498	 2.347	 2.149	 1.836	 1.905	 1.838	 1.893	 2.103	 3.966	 3.431	  5.04	 5.341	 | 5.341 max

train losses    162:	 0.284	0.2753	0.3263	0.3157	0.2425	0.2521	   0.3	0.3001	0.2645	0.2668	0.2613	0.2611	
val losses      162:	0.3205	 0.303	0.2978	 0.311	0.3327	0.3274	0.3889	0.4014	0.8948	0.9052	 1.291	 1.296	 | 0.5891 mean
                     	 0.885	0.8333	0.7652	0.8011	0.8372	0.8458	  0.99	 1.076	 2.414	 2.408	 2.964	 2.929	 | 2.002 quantile
                      	 2.449	  2.32	 2.173	 1.829	 1.993	 1.749	 2.034	 2.064	 4.161	 3.602	 5.841	 6.075	 | 6.075 max

train losses    164:	 0.282	0.2746	 0.326	 0.315	0.2404	0.2505	0.2942	0.2943	 0.276	0.2831	 0.237	0.2307	
val losses      164:	0.3211	0.3052	0.2981	0.3107	0.3315	0.3287	0.3843	0.4004	0.8938	0.9125	 1.272	 1.273	 | 0.586 mean
                     	0.8899	0.8348	0.7623	 0.805	0.8322	0.8583	0.9839	 1.068	 2.411	 2.428	 2.885	 2.931	 | 1.997 quantile
                      	 2.386	 2.347	 2.182	 1.816	 1.947	 1.764	 1.908	 2.096	 4.131	 3.581	 5.508	 5.743	 | 5.743 max

train losses    166:	0.2808	0.2729	0.3256	0.3141	0.2384	0.2485	0.2864	0.2844	0.2719	 0.282	0.2208	0.2168	
val losses      166:	 0.319	0.3011	0.2981	 0.311	0.3309	0.3272	0.3934	0.4062	0.8979	0.9121	 1.261	 1.264	 | 0.5851 mean
                     	0.8817	0.8262	0.7625	0.8037	0.8339	0.8478	 1.006	 1.086	 2.424	 2.396	 2.941	 2.971	 | 1.986 quantile
                      	 2.427	 2.311	 2.188	 1.819	 1.957	 1.768	 1.991	 2.135	 4.112	 3.588	 5.161	 5.389	 | 5.389 max

train losses    168:	0.2798	0.2712	 0.325	0.3132	 0.238	0.2479	0.2822	 0.279	0.2736	0.2759	0.2183	0.2124	
val losses      168:	0.3183	0.3005	0.2975	0.3106	0.3312	0.3238	0.4016	0.4108	0.9038	0.9155	 1.259	 1.263	 | 0.5863 mean
                     	0.8871	 0.826	 0.764	0.8069	0.8366	0.8404	 1.014	 1.106	  2.49	 2.496	 2.896	 2.927	 | 1.998 quantile
                      	 2.434	 2.351	 2.175	  1.83	 1.951	  1.72	 2.069	  2.16	 4.292	  3.71	 5.507	 5.767	 | 5.767 max

train losses    170:	0.2787	0.2702	0.3242	0.3126	0.2354	0.2425	0.2735	0.2733	0.2709	0.2769	0.2191	0.2163	
val losses      170:	0.3187	0.3007	0.2973	0.3102	0.3294	0.3297	0.4041	0.4151	0.8952	0.9189	 1.253	 1.255	 | 0.5856 mean
                     	0.8791	0.8265	 0.761	0.8038	0.8297	0.8582	 1.028	 1.105	  2.43	 2.427	 3.051	 3.034	 | 1.977 quantile
                      	 2.337	 2.361	 2.179	 1.829	 1.984	 1.896	 1.954	 2.248	 4.184	 3.586	 4.952	 5.228	 | 5.228 max

train losses    172:	0.2791	0.2712	0.3242	0.3121	0.2347	0.2431	 0.277	0.2749	0.2597	0.2544	0.2562	0.2529	
val losses      172:	0.3181	0.2995	0.2972	0.3105	0.3311	0.3229	0.4136	0.4207	0.9073	0.9185	 1.271	 1.276	 | 0.5905 mean
                     	0.8867	0.8239	0.7637	0.8015	 0.839	0.8412	 1.061	 1.118	   2.5	 2.527	 2.895	 2.898	 | 2.004 quantile
                      	 2.405	 2.356	 2.174	 1.831	 1.988	 1.793	 2.154	 2.221	 4.389	 3.758	 5.782	  6.05	 | 6.05 max

train losses    174:	0.2775	0.2708	0.3235	0.3116	0.2324	0.2404	0.2722	0.2734	0.2543	0.2539	0.2517	0.2463	
val losses      174:	0.3182	0.3002	 0.297	0.3099	0.3309	0.3253	0.3961	0.4098	0.9035	0.9224	 1.275	 1.277	 | 0.5887 mean
                     	0.8759	0.8253	0.7648	 0.798	 0.832	0.8445	 1.003	 1.091	 2.468	  2.47	 2.934	 2.977	 | 2.014 quantile
                      	 2.409	 2.265	 2.164	 1.819	 2.005	 1.743	 1.933	 2.152	 4.203	 3.622	 5.674	 5.924	 | 5.924 max

train losses    176:	0.2762	0.2708	0.3225	0.3105	0.2327	0.2414	0.2599	0.2606	0.2608	0.2622	0.2364	0.2368	
val losses      176:	0.3178	0.3002	0.2978	0.3102	0.3297	0.3263	0.4109	  0.42	0.9105	0.9236	 1.281	 1.286	 | 0.5928 mean
                     	0.8683	0.8247	0.7649	0.7988	0.8265	 0.835	 1.045	 1.099	  2.41	 2.383	 2.889	 2.919	 | 2.027 quantile
                      	 2.513	   2.3	 2.179	 1.803	 1.949	 1.693	 2.041	 2.185	 4.054	 3.636	 5.499	 5.713	 | 5.713 max

train losses    178:	0.2734	0.2666	0.3221	0.3098	0.2336	0.2381	0.2557	0.2566	0.2818	0.2887	 0.245	0.2427	
val losses      178:	0.3179	0.3023	0.2973	0.3103	0.3339	0.3257	0.3922	0.4091	0.9172	0.9456	  1.27	 1.272	 | 0.5912 mean
                     	0.8756	0.8218	0.7578	0.7974	0.8371	0.8361	0.9943	 1.075	 2.521	 2.511	 2.993	 3.037	 | 2.021 quantile
                      	 2.542	 2.335	  2.17	 1.719	 1.926	 1.548	 1.726	 2.258	 4.477	  3.89	 5.165	 5.375	 | 5.375 max

train losses    180:	0.2755	 0.271	0.3217	0.3093	0.2372	0.2471	0.2568	0.2574	0.3105	0.3093	0.2914	0.2878	
val losses      180:	0.3167	0.2996	0.2995	0.3094	0.3362	0.3261	 0.407	0.4184	0.9248	0.9404	  1.29	 1.291	 | 0.5966 mean
                     	0.8769	0.8266	0.7639	 0.801	0.8399	0.8543	 1.033	 1.101	 2.533	  2.54	 2.982	 2.937	 | 2.048 quantile
                      	 2.248	 2.366	 2.207	 1.727	 2.075	  1.74	 1.815	 2.328	 4.655	 4.104	 5.661	 5.867	 | 5.867 max

train losses    182:	0.2755	0.2676	0.3231	0.3095	0.2324	0.2364	0.2649	0.2684	0.2837	0.2903	0.2746	0.2747	
val losses      182:	0.3188	0.2961	0.3018	0.3106	0.3326	0.3325	 0.407	 0.425	0.9209	0.9479	   1.3	 1.309	 | 0.6002 mean
                     	0.8903	0.8157	0.7694	0.7982	0.8478	0.8487	 1.023	 1.111	 2.475	 2.523	 2.998	 3.027	 | 2.069 quantile
                      	 2.483	  2.15	 2.213	 1.817	 2.068	 2.007	  1.81	 2.243	  4.26	  3.68	 5.161	 5.339	 | 5.339 max

train losses    184:	0.2777	0.2672	0.3212	0.3084	0.2333	0.2364	0.2505	0.2488	 0.288	0.2847	 0.224	0.2262	
val losses      184:	0.3147	0.2988	0.2966	0.3089	0.3357	0.3344	0.4016	0.4127	0.9193	0.9431	 1.283	 1.286	 | 0.5946 mean
                     	0.8784	0.8247	0.7586	0.7956	0.8768	0.8515	 1.019	 1.087	 2.502	   2.5	 3.003	 3.031	 | 2.045 quantile
                      	 2.259	 2.232	 2.161	  1.79	   2.1	 2.043	 1.995	 2.281	  4.49	  3.91	 5.157	 5.392	 | 5.392 max

train losses    186:	0.2757	 0.267	0.3211	0.3071	0.2301	  0.24	0.2372	0.2373	0.2562	0.2506	0.2148	0.2089	
val losses      186:	0.3151	0.2957	0.2994	0.3093	0.3318	0.3316	0.4058	0.4185	0.9204	0.9417	 1.268	 1.273	 | 0.5925 mean
                     	0.8775	0.8133	0.7594	0.7991	0.8635	0.8688	 1.039	 1.086	 2.506	 2.593	 2.973	 2.964	 | 2.037 quantile
                      	 2.341	 2.234	 2.119	 1.793	 1.949	 1.812	 1.908	 2.243	 4.553	 3.939	 5.442	 5.719	 | 5.719 max

train losses    188:	0.2735	 0.266	0.3197	0.3056	0.2296	0.2386	0.2295	0.2298	0.2436	0.2451	0.2029	0.1987	
val losses      188:	0.3167	0.2971	0.2986	0.3097	0.3305	0.3274	0.4125	0.4252	  0.93	0.9521	 1.277	 1.284	 | 0.5967 mean
                     	0.8732	0.8141	0.7578	0.8005	0.8602	0.8521	 1.052	   1.1	 2.568	 2.614	 2.971	 2.985	 | 2.055 quantile
                      	 2.434	 2.211	 2.121	 1.787	 1.916	  1.74	 1.889	  2.33	 4.542	 3.927	 5.286	 5.548	 | 5.548 max

train losses    190:	0.2713	0.2645	0.3181	0.3047	 0.225	0.2325	0.2226	0.2227	0.2441	0.2439	0.2019	 0.201	
val losses      190:	0.3175	0.2991	0.2983	0.3097	0.3293	0.3253	 0.411	0.4256	0.9102	0.9362	 1.273	 1.278	 | 0.5928 mean
                     	 0.866	 0.813	0.7574	0.8011	0.8534	0.8442	 1.063	 1.086	  2.47	 2.482	 2.993	 3.025	 | 2.054 quantile
                      	 2.454	  2.29	 2.147	 1.765	 1.918	 1.782	 1.855	 2.356	 4.411	 3.787	 5.074	 5.336	 | 5.336 max

train losses    192:	0.2699	0.2632	0.3166	0.3036	0.2242	0.2303	0.2184	0.2184	0.2527	0.2549	0.2171	0.2166	
val losses      192:	0.3157	 0.296	0.2975	0.3102	0.3281	0.3221	0.4196	0.4314	0.9074	0.9323	 1.293	   1.3	 | 0.5962 mean
                     	0.8681	0.8083	0.7636	0.7981	0.8351	0.8312	 1.073	  1.11	 2.473	 2.495	 3.006	 2.986	 | 2.076 quantile
                      	 2.428	 2.261	 2.169	  1.77	 1.925	 1.782	 1.994	 2.363	 4.257	 3.686	 5.415	 5.637	 | 5.637 max

train losses    194:	0.2691	 0.264	0.3164	0.3034	0.2236	0.2305	0.2207	0.2188	0.2563	0.2573	0.2487	0.2495	
val losses      194:	 0.314	0.2955	0.2972	0.3104	 0.328	0.3218	0.4223	0.4322	0.9167	0.9418	 1.276	 1.283	 | 0.5949 mean
                     	0.8678	0.8075	 0.762	0.8043	0.8299	0.8347	 1.079	 1.121	 2.532	 2.528	 3.013	 2.974	 | 2.063 quantile
                      	  2.41	  2.28	 2.177	 1.753	 1.938	 1.709	 2.065	  2.36	 4.258	 3.734	 5.516	 5.753	 | 5.753 max

train losses    196:	0.2678	0.2608	0.3163	0.3026	0.2222	0.2275	0.2213	0.2183	0.2583	0.2559	0.2822	0.2756	
val losses      196:	0.3131	0.2942	0.2973	0.3096	  0.33	0.3283	0.4089	0.4259	0.9127	0.9432	 1.281	 1.286	 | 0.5942 mean
                     	0.8687	0.8015	0.7598	0.7993	 0.843	0.8555	 1.041	 1.088	 2.487	 2.501	 3.013	 3.015	 | 2.066 quantile
                      	 2.244	 2.228	  2.19	 1.724	 1.979	 1.773	  1.84	  2.36	 4.293	 3.786	 5.252	 5.451	 | 5.451 max

train losses    198:	0.2681	0.2618	0.3149	0.3014	0.2226	0.2277	0.2138	0.2107	0.2686	0.2684	0.2407	0.2413	
val losses      198:	0.3127	0.2965	0.2974	0.3094	0.3267	0.3265	0.4048	0.4218	0.9044	0.9384	 1.276	 1.282	 | 0.5913 mean
                     	0.8664	0.8121	0.7572	0.7993	0.8379	0.8356	 1.039	 1.094	 2.478	 2.484	 3.036	  3.07	 | 2.058 quantile
                      	 2.296	 2.238	 2.188	 1.734	 1.955	 1.788	 1.887	 2.419	 4.141	 3.703	 5.089	 5.282	 | 5.282 max

train losses    200:	0.2679	0.2611	0.3137	0.3005	0.2199	0.2274	0.2105	0.2078	 0.252	0.2532	 0.234	0.2318	
val losses      200:	 0.313	0.2941	0.2972	0.3089	0.3291	0.3277	0.4037	0.4238	0.9139	0.9446	 1.284	  1.29	 | 0.5941 mean
                     	0.8749	0.8017	0.7619	0.8009	0.8441	0.8461	 1.027	 1.084	 2.542	 2.548	 3.049	 3.016	 | 2.078 quantile
                      	 2.259	 2.186	 2.207	 1.752	 1.917	 1.727	 1.973	 2.363	 4.248	 3.824	 5.435	 5.655	 | 5.655 max

train losses    202:	0.2679	0.2607	0.3127	0.2994	0.2214	0.2258	0.2079	0.2047	0.2822	0.2833	0.2298	0.2239	
val losses      202:	0.3132	0.2945	0.2975	0.3089	0.3294	0.3271	0.4067	0.4239	0.9153	0.9546	 1.282	 1.288	 | 0.595 mean
                     	0.8791	0.8059	0.7576	0.7992	0.8503	0.8476	 1.026	 1.087	 2.491	  2.52	 2.981	 2.999	 | 2.077 quantile
                      	 2.233	  2.22	  2.19	 1.715	 1.994	 1.852	  1.93	 2.355	  3.98	 3.714	 5.136	 5.328	 | 5.328 max

train losses    204:	0.2684	0.2613	 0.312	0.2985	0.2209	0.2244	0.2077	0.2011	0.2746	  0.28	0.2282	0.2232	
val losses      204:	0.3152	0.2957	0.2973	0.3092	0.3266	0.3198	0.4194	0.4313	0.9138	0.9432	 1.257	 1.264	 | 0.5911 mean
                     	0.8799	0.8099	0.7592	0.7996	0.8408	0.8329	 1.084	 1.111	 2.551	 2.551	 2.893	 2.883	 | 2.054 quantile
                      	 2.372	 2.279	 2.179	  1.74	 1.864	 1.683	 2.167	 2.322	 4.228	 3.791	 5.133	 5.353	 | 5.353 max

train losses    206:	0.2673	0.2602	0.3116	0.2978	0.2197	0.2234	0.1967	0.1932	0.2668	0.2692	0.2065	0.2043	
val losses      206:	0.3169	0.2963	0.2982	0.3099	0.3284	 0.324	0.4306	0.4432	0.9323	0.9626	 1.228	 1.237	 | 0.5923 mean
                     	0.8748	0.8093	0.7578	0.8021	0.8515	0.8347	 1.114	 1.143	 2.599	 2.593	  2.85	 2.891	 | 2.009 quantile
                      	 2.361	 2.315	 2.172	 1.743	 1.912	 1.702	 1.986	  2.39	  4.57	 3.948	 4.496	 4.729	 | 4.729 max

train losses    208:	0.2664	0.2591	0.3104	0.2969	0.2171	0.2204	0.1959	0.1961	0.2392	0.2408	0.2174	0.2175	
val losses      208:	0.3127	0.2931	0.2986	 0.311	0.3274	 0.321	0.4363	0.4501	0.9272	 0.956	 1.245	 1.254	 | 0.5944 mean
                     	0.8781	0.8089	0.7591	 0.805	0.8573	0.8342	 1.136	 1.165	 2.544	 2.579	 2.879	 2.905	 | 2.034 quantile
                      	 2.289	 2.268	 2.158	 1.806	 1.929	 1.733	 2.283	 2.325	 4.492	 3.837	 4.636	 4.858	 | 4.858 max

train losses    210:	0.2657	 0.259	0.3101	0.2961	0.2163	0.2191	0.1928	0.1891	0.2428	0.2375	0.2148	0.2128	
val losses      210:	0.3131	0.2957	0.2984	0.3099	0.3265	 0.323	0.4327	0.4455	0.9363	0.9593	 1.222	 1.231	 | 0.5911 mean
                     	0.8678	0.8086	0.7585	0.8083	 0.849	 0.834	  1.12	 1.162	 2.619	 2.628	 2.864	 2.887	 | 2.007 quantile
                      	 2.365	 2.254	 2.164	 1.759	 1.917	 1.667	 2.138	 2.377	 4.711	  4.07	 4.349	 4.594	 | 4.711 max

train losses    212:	0.2649	0.2581	0.3087	0.2949	0.2142	0.2176	0.1878	0.1877	0.2381	0.2382	0.1981	0.1991	
val losses      212:	0.3097	0.2914	0.2984	0.3098	0.3294	0.3244	0.4277	0.4436	0.9327	0.9654	 1.232	 1.243	 | 0.5923 mean
                     	0.8674	0.7996	 0.759	0.8094	0.8563	0.8468	 1.099	 1.157	 2.563	 2.603	 2.819	 2.837	 | 2.021 quantile
                      	 2.244	  2.18	 2.173	 1.777	 1.951	 1.831	 2.345	 2.352	 4.492	 3.837	 4.315	 4.543	 | 4.543 max

train losses    214:	 0.265	0.2577	0.3078	0.2942	0.2144	0.2157	0.1884	0.1861	0.2456	0.2455	0.2158	0.2121	
val losses      214:	0.3117	 0.294	0.2988	0.3102	0.3278	0.3252	0.4351	0.4485	0.9285	0.9613	 1.227	 1.238	 | 0.5922 mean
                     	0.8688	0.8023	0.7612	0.8083	0.8499	0.8516	 1.106	 1.171	 2.581	 2.586	  2.84	 2.806	 | 2.016 quantile
                      	 2.284	 2.205	 2.173	 1.759	 1.953	 1.818	 2.433	 2.451	 4.395	 3.748	 4.278	 4.531	 | 4.531 max

train losses    216:	0.2661	0.2582	 0.308	0.2943	0.2152	0.2173	0.1984	0.1972	 0.248	0.2527	0.2598	0.2534	
val losses      216:	0.3152	0.2975	0.2987	0.3103	0.3288	0.3283	0.4295	0.4463	 0.923	0.9555	 1.225	 1.231	 | 0.5907 mean
                     	0.8713	0.8176	0.7597	0.8103	0.8445	0.8649	 1.107	 1.163	 2.566	 2.567	 2.845	 2.851	 | 2.018 quantile
                      	  2.38	 2.228	 2.157	 1.751	 1.899	  1.76	 2.349	 2.443	  4.43	 3.785	 4.069	 4.333	 | 4.43 max

train losses    218:	0.2655	 0.258	0.3088	0.2948	0.2164	0.2189	0.2046	0.2016	0.2678	0.2728	0.2651	0.2687	
val losses      218:	0.3103	0.2903	0.3018	0.3111	0.3297	0.3249	0.4227	  0.44	0.9256	0.9485	 1.291	 1.295	 | 0.5992 mean
                     	0.8636	0.7921	0.7652	0.8013	 0.847	0.8456	 1.099	 1.152	 2.557	 2.567	 2.883	 2.875	 | 2.101 quantile
                      	  2.21	 2.153	 2.185	  1.77	 1.952	  1.72	 2.065	 2.262	 4.136	 3.772	 4.893	 5.043	 | 5.043 max

train losses    220:	0.2624	0.2553	0.3079	0.2941	0.2147	0.2167	0.1883	0.1855	 0.265	0.2692	0.2284	0.2227	
val losses      220:	0.3112	0.2929	0.2991	0.3105	0.3324	0.3284	0.4195	0.4389	0.9662	0.9974	 1.285	 1.289	 | 0.6058 mean
                     	0.8538	0.7954	0.7553	0.8025	0.8666	0.8569	 1.076	 1.134	 2.709	 2.727	  2.92	 2.957	 | 2.115 quantile
                      	 2.265	 2.135	 2.183	 1.739	 1.938	 1.597	  1.79	 2.303	 5.074	 4.415	 5.209	 5.349	 | 5.349 max

train losses    222:	0.2611	0.2546	0.3081	0.2938	0.2118	 0.214	0.1902	0.1843	0.2517	0.2506	0.1991	0.2051	
val losses      222:	0.3107	0.2916	0.3012	0.3107	0.3317	0.3284	0.4291	0.4436	 0.947	0.9805	 1.252	 1.259	 | 0.5988 mean
                     	0.8522	0.7915	 0.756	0.8068	0.8742	0.8499	 1.118	 1.163	  2.62	 2.628	 2.917	  2.93	 | 2.05 quantile
                      	 2.198	 2.151	  2.14	 1.741	 2.033	 1.845	 1.965	 2.383	 4.635	 3.963	 4.188	 4.396	 | 4.635 max

train losses    224:	0.2616	 0.254	0.3046	0.2911	0.2109	0.2105	0.1724	0.1696	0.2429	0.2413	0.1868	0.1816	
val losses      224:	0.3085	0.2909	0.2998	0.3112	0.3327	0.3241	0.4325	0.4473	0.9571	0.9837	 1.261	  1.27	 | 0.6016 mean
                     	0.8527	   0.8	0.7616	0.8083	 0.855	0.8402	 1.111	  1.16	  2.65	 2.715	 2.897	 2.903	 | 2.09 quantile
                      	 2.307	 2.244	 2.154	 1.734	 1.936	 1.665	 2.216	 2.435	 4.893	 4.223	 4.859	 5.058	 | 5.058 max

train losses    226:	0.2607	0.2546	0.3042	0.2904	0.2088	0.2129	0.1679	0.1648	0.2509	 0.249	 0.176	0.1777	
val losses      226:	 0.308	0.2888	0.3006	 0.312	0.3307	0.3268	0.4313	0.4491	0.9556	0.9813	 1.262	 1.272	 | 0.6015 mean
                     	 0.854	0.7884	0.7582	0.8078	0.8614	0.8397	 1.115	 1.161	 2.683	 2.664	 2.922	 2.916	 | 2.088 quantile
                      	  2.23	 2.189	  2.16	 1.755	 1.993	 1.713	 1.993	 2.443	 4.825	 4.231	 4.611	 4.802	 | 4.825 max

train losses    228:	0.2599	0.2512	0.3036	0.2894	0.2094	0.2084	0.1667	0.1651	0.2546	0.2562	0.1917	0.1894	
val losses      228:	0.3082	0.2881	0.3028	0.3135	0.3307	0.3281	 0.436	0.4561	0.9507	0.9834	 1.265	 1.274	 | 0.6031 mean
                     	0.8492	0.7831	0.7605	0.8095	0.8804	0.8388	  1.12	  1.17	 2.659	 2.653	  3.03	 3.006	 | 2.088 quantile
                      	 2.184	 2.148	 2.159	 1.731	 2.058	 1.788	 1.907	 2.465	 4.781	 4.139	 4.338	  4.53	 | 4.781 max

train losses    230:	0.2596	0.2521	0.3024	0.2882	0.2073	0.2092	0.1624	0.1602	0.2537	0.2535	0.1887	0.1865	
val losses      230:	0.3083	 0.289	0.3003	0.3112	0.3321	0.3237	0.4354	0.4492	0.9713	0.9935	 1.279	 1.286	 | 0.6066 mean
                     	0.8615	0.7947	0.7555	0.8052	0.8735	0.8465	 1.108	 1.156	 2.744	 2.766	  2.91	 2.891	 | 2.134 quantile
                      	 2.278	 2.269	 2.151	 1.722	 1.956	 1.672	  2.13	  2.42	 5.035	 4.387	 4.906	 5.093	 | 5.093 max

train losses    232:	0.2586	0.2517	0.3024	0.2877	0.2051	0.2067	0.1619	0.1588	0.2362	0.2348	0.1841	0.1799	
val losses      232:	0.3088	0.2898	0.3031	0.3129	0.3283	0.3273	0.4399	0.4564	 0.951	0.9804	 1.252	 1.258	 | 0.6006 mean
                     	0.8506	0.7911	0.7645	0.8111	0.8641	0.8409	 1.139	 1.182	  2.68	 2.666	 2.986	 3.007	 | 2.07 quantile
                      	 2.222	 2.167	 2.154	 1.754	 1.966	 1.777	 1.898	 2.435	 4.848	 4.228	 4.267	 4.484	 | 4.848 max

train losses    234:	 0.259	0.2504	0.3005	0.2864	0.2058	0.2052	0.1597	0.1564	0.2477	0.2495	 0.168	0.1711	
val losses      234:	0.3069	0.2869	0.3019	0.3122	0.3301	 0.326	0.4412	0.4566	0.9524	0.9839	 1.263	 1.274	 | 0.603 mean
                     	0.8508	0.7825	0.7561	0.8114	0.8775	 0.841	  1.12	 1.172	 2.677	  2.67	 2.912	   2.9	 | 2.094 quantile
                      	 2.212	 2.167	 2.159	  1.76	 2.066	 1.858	 2.088	 2.418	 4.832	  4.19	 4.458	 4.654	 | 4.832 max

train losses    236:	 0.258	0.2511	0.3002	0.2855	0.2052	0.2054	0.1568	0.1536	0.2466	0.2424	0.1763	0.1705	
val losses      236:	0.3085	0.2912	0.3024	0.3122	0.3312	0.3276	0.4467	0.4624	0.9776	0.9972	 1.245	 1.254	 | 0.6046 mean
                     	 0.853	0.7999	0.7609	0.8078	0.8676	0.8523	 1.149	 1.199	 2.732	 2.785	 2.928	 2.941	 | 2.091 quantile
                      	 2.289	 2.235	  2.17	 1.729	 1.922	 1.642	 2.132	 2.514	 5.138	 4.509	 4.569	 4.786	 | 5.138 max

train losses    238:	 0.257	0.2489	 0.299	0.2845	0.2036	0.2037	0.1559	0.1558	0.2456	0.2478	  0.18	0.1784	
val losses      238:	0.3071	0.2877	 0.304	0.3139	0.3305	0.3299	 0.448	0.4653	0.9593	0.9951	 1.269	 1.277	 | 0.6072 mean
                     	0.8495	0.7812	0.7598	0.8152	0.8805	0.8484	 1.156	 1.201	 2.684	 2.689	  3.04	 3.054	 | 2.102 quantile
                      	 2.164	 2.152	 2.172	 1.752	 2.063	 1.838	 1.947	 2.496	 4.876	 4.295	 4.148	 4.357	 | 4.876 max

train losses    240:	0.2571	0.2492	0.2987	0.2844	0.2044	0.2044	0.1649	0.1597	0.2575	 0.257	0.1993	0.1976	
val losses      240:	0.3064	0.2867	0.3032	 0.313	0.3272	0.3245	0.4559	0.4674	0.9433	0.9706	 1.267	 1.277	 | 0.6035 mean
                     	 0.857	0.7861	0.7641	0.8124	0.8607	  0.84	 1.174	 1.215	 2.656	 2.634	 2.944	 2.911	 | 2.097 quantile
                      	 2.192	 2.165	 2.169	 1.763	 2.076	 1.826	 2.227	 2.445	  4.75	 4.112	 4.836	 5.027	 | 5.027 max

train losses    242:	0.2569	0.2495	0.2993	0.2842	0.2057	0.2054	0.1669	0.1628	0.2627	0.2586	0.1967	0.1936	
val losses      242:	0.3096	0.2916	0.3035	0.3131	0.3334	0.3319	0.4499	0.4655	0.9859	 1.003	 1.234	 1.242	 | 0.6053 mean
                     	0.8542	0.7973	 0.759	0.8147	0.8759	0.8638	 1.158	 1.199	 2.746	 2.797	 2.922	 2.976	 | 2.087 quantile
                      	 2.299	  2.17	 2.154	 1.745	 1.899	 1.679	 2.109	 2.465	 5.101	 4.447	 4.602	 4.824	 | 5.101 max

train losses    244:	0.2566	 0.249	0.2976	0.2828	0.2029	0.2033	0.1653	0.1646	0.2531	0.2549	0.1813	0.1814	
val losses      244:	0.3069	 0.288	0.3036	0.3129	0.3304	0.3266	0.4452	0.4602	 0.962	0.9868	 1.262	 1.274	 | 0.6049 mean
                     	 0.849	0.7883	0.7654	0.8193	0.8789	0.8459	 1.132	 1.174	 2.679	 2.702	 2.938	 2.917	 | 2.1 quantile
                      	 2.228	 2.139	 2.175	 1.775	 2.004	 1.801	 2.239	 2.411	 4.686	  4.07	 4.646	 4.849	 | 4.849 max

train losses    246:	 0.256	0.2484	0.2966	0.2824	0.2028	0.2002	0.1592	 0.156	0.2442	0.2429	0.1877	0.1819	
val losses      246:	0.3075	0.2874	0.3041	0.3135	0.3288	0.3295	0.4378	0.4566	0.9477	0.9808	 1.249	 1.257	 | 0.6 mean
                     	0.8486	0.7814	0.7612	 0.813	0.8778	0.8496	 1.135	 1.182	 2.672	 2.671	 2.909	 2.881	 | 2.078 quantile
                      	 2.215	 2.098	 2.185	 1.738	 2.032	 1.697	 1.949	 2.427	 4.759	 4.139	  4.56	 4.744	 | 4.759 max

train losses    248:	0.2548	0.2469	0.2953	0.2807	0.2015	0.1998	 0.146	0.1464	0.2287	0.2312	0.1937	0.1857	
val losses      248:	 0.309	0.2915	0.3052	 0.315	0.3348	0.3304	0.4309	0.4543	0.9582	0.9911	 1.262	 1.272	 | 0.6046 mean
                     	0.8443	0.7864	0.7613	0.8175	0.8897	0.8576	 1.101	 1.164	   2.7	 2.719	 3.011	 3.003	 | 2.093 quantile
                      	 2.277	 2.075	  2.17	 1.765	 1.957	 1.654	 1.905	 2.443	 4.935	  4.28	 4.284	 4.451	 | 4.935 max

train losses    250:	0.2546	0.2481	0.2946	0.2803	 0.202	0.2017	0.1507	0.1475	0.2415	0.2441	0.2134	0.2133	
val losses      250:	0.3065	0.2896	0.3048	0.3145	0.3296	0.3258	0.4319	0.4517	0.9551	0.9822	 1.286	 1.292	 | 0.6058 mean
                     	0.8361	0.7814	0.7621	0.8137	0.8781	0.8486	 1.111	 1.161	 2.711	 2.699	 2.896	 2.874	 | 2.13 quantile
                      	  2.21	 2.063	 2.147	 1.748	  2.02	 1.678	 1.993	 2.402	 4.683	 4.015	 4.968	 5.119	 | 5.119 max

train losses    252:	 0.255	0.2461	 0.294	0.2798	 0.203	0.1981	0.1525	0.1484	 0.245	0.2471	0.2307	0.2264	
val losses      252:	0.3084	 0.287	0.3057	0.3152	0.3305	0.3292	0.4311	0.4545	0.9494	0.9815	 1.271	 1.278	 | 0.6035 mean
                     	0.8429	0.7771	0.7645	0.8134	0.8853	 0.848	 1.101	 1.163	  2.67	 2.671	 2.893	 2.884	 | 2.109 quantile
                      	 2.234	 2.038	 2.162	 1.753	 1.999	 1.731	 1.843	 2.371	 4.874	 4.157	  5.06	 5.218	 | 5.218 max

train losses    254:	0.2555	 0.248	0.2951	0.2793	0.2056	0.2036	0.1573	0.1499	0.2556	0.2621	0.1763	0.1762	
val losses      254:	0.3126	0.2938	0.3085	0.3162	0.3355	0.3325	  0.44	0.4599	0.9628	0.9967	 1.269	  1.28	 | 0.6089 mean
                     	0.8463	0.7953	 0.771	0.8211	0.8863	0.8689	 1.132	 1.196	 2.675	 2.697	 3.023	 2.986	 | 2.111 quantile
                      	 2.394	 2.104	 2.141	 1.758	 1.989	 1.688	 1.947	 2.452	 4.846	 4.127	  4.39	 4.561	 | 4.846 max

train losses    256:	0.2544	0.2462	0.2924	0.2784	0.2061	0.2034	0.1458	0.1438	0.2643	0.2746	0.1974	0.1962	
val losses      256:	 0.308	0.2895	0.3052	0.3143	0.3322	0.3273	0.4416	0.4601	0.9541	0.9788	 1.275	 1.284	 | 0.6058 mean
                     	0.8424	0.7933	0.7651	0.8162	0.8645	0.8515	 1.148	 1.185	 2.661	 2.642	  2.98	 2.942	 | 2.125 quantile
                      	 2.335	  2.19	 2.143	 1.755	 1.911	 1.633	 2.218	 2.438	 4.772	  4.16	 4.986	 5.164	 | 5.164 max

train losses    258:	0.2534	0.2473	0.2925	0.2777	0.2039	0.2003	0.1429	0.1381	0.2576	0.2593	0.1838	0.1784	
val losses      258:	0.3078	0.2883	0.3073	0.3163	0.3305	0.3319	0.4496	 0.467	0.9576	0.9926	 1.255	 1.266	 | 0.6058 mean
                     	0.8378	0.7823	0.7683	0.8276	0.8854	 0.846	 1.155	 1.213	 2.723	 2.753	 2.975	  2.95	 | 2.097 quantile
                      	 2.196	 2.107	 2.164	 1.754	 2.081	 1.754	 1.972	 2.497	 4.874	 4.255	 4.475	 4.663	 | 4.874 max

train losses    260:	0.2522	0.2428	0.2915	0.2767	0.1996	0.1942	0.1455	0.1447	0.2319	0.2351	0.1809	0.1801	
val losses      260:	 0.305	0.2857	0.3077	0.3154	0.3301	0.3281	0.4541	0.4701	0.9617	0.9967	 1.258	 1.268	 | 0.6067 mean
                     	0.8446	0.7732	0.7681	0.8205	0.9004	0.8433	  1.17	 1.221	 2.765	 2.778	 2.974	 2.962	 | 2.1 quantile
                      	 2.224	 2.036	 2.121	 1.717	 2.084	 1.827	 2.196	 2.495	 5.046	 4.352	 4.645	 4.832	 | 5.046 max

train losses    262:	0.2519	0.2444	0.2925	0.2763	0.1984	0.1943	0.1552	0.1506	0.2293	0.2283	0.1981	0.1931	
val losses      262:	0.3047	0.2873	 0.307	0.3147	0.3305	0.3291	0.4494	0.4648	 0.976	 1.005	 1.259	 1.269	 | 0.608 mean
                     	0.8362	0.7789	 0.762	 0.822	0.8888	0.8463	  1.16	 1.212	 2.785	 2.799	 2.975	  2.96	 | 2.117 quantile
                      	 2.223	 2.033	 2.133	 1.766	 2.032	 1.822	 2.237	 2.465	 5.093	 4.423	 4.654	 4.848	 | 5.093 max

train losses    264:	0.2519	0.2431	0.2899	0.2752	0.1982	0.1949	0.1455	0.1448	0.2373	  0.24	0.1979	 0.189	
val losses      264:	0.3049	0.2845	0.3072	0.3164	0.3308	0.3333	0.4386	0.4583	 0.961	 1.001	 1.257	 1.265	 | 0.6049 mean
                     	0.8406	0.7741	0.7642	0.8251	0.8964	0.8552	 1.134	 1.187	 2.747	 2.746	 2.971	 2.961	 | 2.104 quantile
                      	 2.197	  2.01	 2.131	 1.741	 2.064	 1.803	 1.844	 2.376	 4.933	 4.264	 4.491	 4.666	 | 4.933 max

train losses    266:	0.2515	 0.243	 0.289	0.2747	 0.196	0.1932	0.1463	0.1415	 0.228	0.2306	0.1852	0.1833	
val losses      266:	0.3049	 0.286	0.3065	 0.315	0.3332	0.3289	0.4342	0.4527	0.9967	 1.027	 1.279	 1.287	 | 0.6126 mean
                     	0.8342	0.7796	0.7628	0.8156	 0.902	0.8403	 1.123	 1.178	 2.839	 2.877	 2.898	 2.887	 | 2.142 quantile
                      	 2.224	  2.02	 2.112	 1.769	 1.993	 1.704	 2.063	 2.388	 5.053	 4.333	 4.711	 4.855	 | 5.053 max

train losses    268:	0.2506	0.2416	0.2886	 0.274	0.1953	 0.192	0.1436	0.1408	0.2333	 0.237	0.1775	0.1759	
val losses      268:	0.3056	 0.285	0.3093	 0.318	0.3309	 0.332	0.4386	0.4615	0.9736	 1.009	 1.263	 1.271	 | 0.6081 mean
                     	 0.836	0.7716	0.7739	0.8266	0.8992	0.8446	 1.125	  1.19	 2.794	 2.813	 2.983	  2.99	 | 2.116 quantile
                      	 2.181	 1.972	 2.134	  1.78	 2.036	   1.8	 1.893	 2.433	 5.052	 4.344	 4.413	 4.583	 | 5.052 max

train losses    270:	0.2498	 0.241	0.2871	 0.273	0.1962	 0.191	0.1397	0.1358	 0.237	0.2422	0.1794	0.1803	
val losses      270:	0.3035	 0.283	0.3098	0.3185	0.3346	0.3308	0.4452	0.4647	0.9916	 1.029	 1.285	 1.295	 | 0.6159 mean
                     	0.8302	0.7752	 0.776	0.8266	0.9017	0.8471	 1.134	 1.193	  2.82	 2.844	 2.951	 2.962	 | 2.151 quantile
                      	 2.193	 2.002	 2.136	 1.755	 2.032	 1.793	  1.94	 2.463	 5.091	 4.431	 4.641	 4.789	 | 5.091 max

train losses    272:	0.2494	 0.241	0.2868	0.2724	 0.194	0.1905	0.1413	0.1367	0.2275	0.2296	0.1865	0.1858	
val losses      272:	0.3047	0.2855	0.3098	0.3184	0.3326	0.3308	0.4513	0.4687	 1.003	 1.028	 1.259	 1.268	 | 0.6132 mean
                     	0.8307	0.7788	0.7762	0.8246	0.8931	0.8439	 1.161	 1.215	 2.847	 2.883	 2.963	 2.976	 | 2.138 quantile
                      	 2.242	  2.02	 2.137	 1.772	 1.972	 1.749	 1.983	 2.493	  5.38	 4.696	 4.568	 4.735	 | 5.38 max

train losses    274:	0.2485	0.2396	0.2858	0.2714	0.1934	0.1887	0.1347	0.1325	0.2282	0.2308	0.1781	0.1775	
val losses      274:	0.3039	0.2827	0.3129	0.3208	0.3323	0.3321	0.4576	0.4773	0.9799	 1.022	 1.276	 1.286	 | 0.6153 mean
                     	0.8337	0.7682	0.7868	 0.835	0.9097	0.8497	 1.168	 1.224	 2.814	 2.827	  3.03	 3.028	 | 2.141 quantile
                      	 2.172	 1.953	 2.136	 1.746	 2.108	  1.88	 1.966	 2.516	 5.176	 4.523	 4.361	 4.526	 | 5.176 max

train losses    276:	0.2484	0.2398	0.2853	0.2707	0.1936	0.1882	0.1366	0.1327	0.2296	0.2262	0.1798	0.1755	
val losses      276:	0.3042	0.2841	0.3119	0.3196	0.3328	0.3289	0.4584	0.4739	0.9981	 1.029	 1.276	 1.286	 | 0.6169 mean
                     	0.8306	 0.776	0.7801	0.8275	0.8937	0.8464	 1.181	 1.209	 2.846	 2.859	  2.93	 2.936	 | 2.155 quantile
                      	 2.224	 2.006	  2.16	 1.791	  2.01	 1.771	   2.0	 2.528	 5.276	 4.626	 4.729	 4.874	 | 5.276 max

train losses    278:	0.2478	0.2398	0.2846	0.2699	0.1927	0.1897	0.1324	0.1295	0.2373	0.2388	0.1679	 0.164	
val losses      278:	0.3054	0.2856	0.3124	0.3209	0.3347	0.3325	0.4547	0.4748	 1.001	 1.031	 1.257	 1.268	 | 0.6148 mean
                     	0.8279	0.7739	0.7835	0.8331	0.8939	0.8533	 1.165	 1.218	 2.832	 2.892	 2.967	 2.975	 | 2.139 quantile
                      	 2.248	 2.014	 2.144	 1.777	 1.979	 1.762	 1.971	  2.51	 5.385	  4.67	 4.462	 4.617	 | 5.385 max

train losses    280:	0.2467	0.2388	0.2832	0.2687	0.1924	0.1878	 0.129	0.1265	 0.233	0.2354	0.1637	0.1615	
val losses      280:	0.3033	0.2838	0.3146	0.3226	 0.332	0.3328	0.4549	0.4761	 0.984	 1.025	 1.283	 1.292	 | 0.617 mean
                     	0.8209	 0.766	0.7932	0.8388	0.9041	0.8487	 1.158	 1.218	 2.791	 2.836	 2.974	 2.956	 | 2.146 quantile
                      	 2.143	 1.948	 2.122	 1.769	 2.093	  1.76	 1.989	 2.489	 4.972	 4.345	 4.429	 4.563	 | 4.972 max

train losses    282:	0.2467	0.2384	0.2828	0.2682	0.1934	0.1872	0.1307	0.1259	0.2341	0.2324	0.1566	0.1541	
val losses      282:	0.3055	0.2862	0.3126	0.3203	0.3336	0.3314	0.4564	0.4747	 1.001	 1.028	 1.271	 1.279	 | 0.6167 mean
                     	0.8301	0.7765	0.7792	0.8301	0.8916	0.8567	 1.177	 1.221	 2.831	 2.859	   2.9	 2.881	 | 2.148 quantile
                      	 2.257	  2.02	  2.13	 1.792	 1.951	   1.7	 2.001	 2.477	 5.179	  4.48	 4.651	 4.793	 | 5.179 max

train losses    284:	0.2465	0.2388	0.2826	 0.268	0.1938	0.1912	0.1331	0.1296	 0.241	0.2448	 0.176	0.1769	
val losses      284:	0.3057	0.2863	0.3148	0.3232	0.3349	0.3343	 0.454	0.4772	0.9866	 1.019	 1.265	 1.275	 | 0.6146 mean
                     	0.8276	0.7723	 0.793	0.8345	0.8928	0.8667	 1.168	 1.219	 2.761	 2.802	 2.951	 2.977	 | 2.129 quantile
                      	 2.208	 2.031	 2.128	 1.778	 1.949	 1.684	 1.968	  2.51	 5.227	 4.521	 4.267	 4.419	 | 5.227 max

train losses    286:	0.2458	0.2373	0.2813	 0.267	0.1941	0.1886	  0.13	0.1292	0.2404	0.2473	0.2152	0.2175	
val losses      286:	0.3027	0.2837	 0.316	0.3237	 0.331	0.3324	0.4575	  0.48	0.9839	 1.022	 1.274	 1.284	 | 0.6159 mean
                     	0.8255	0.7649	0.7935	0.8394	0.9033	0.8465	  1.17	 1.226	 2.816	 2.851	 2.946	 2.942	 | 2.138 quantile
                      	 2.129	  1.97	 2.087	  1.78	  2.05	 1.783	 1.969	  2.48	 5.029	 4.324	  4.46	 4.609	 | 5.029 max

train losses    288:	0.2456	0.2378	0.2824	0.2673	0.1963	0.1906	0.1331	0.1273	0.2448	0.2494	   0.2	0.1988	
val losses      288:	0.3051	0.2875	0.3151	0.3225	0.3349	0.3365	0.4605	 0.478	 1.003	 1.027	 1.258	  1.27	 | 0.6165 mean
                     	0.8225	 0.783	0.7908	0.8337	0.8935	0.8628	 1.186	 1.241	 2.839	  2.85	 2.925	 2.969	 | 2.116 quantile
                      	 2.187	 1.989	 2.113	 1.843	 1.939	 1.706	 2.042	 2.527	 5.292	 4.556	 4.126	 4.273	 | 5.292 max

train losses    290:	0.2448	0.2364	0.2808	0.2658	0.1918	0.1866	 0.138	0.1301	0.2344	0.2356	0.1579	 0.158	
val losses      290:	0.3016	0.2809	0.3152	0.3218	0.3309	0.3315	0.4587	0.4785	0.9823	 1.018	 1.269	 1.277	 | 0.6138 mean
                     	0.8271	0.7606	0.7841	0.8279	0.8942	0.8407	 1.184	 1.214	 2.841	 2.844	  2.88	  2.88	 | 2.121 quantile
                      	 2.144	  1.99	 2.128	 1.807	 1.993	 1.756	 1.998	 2.511	 5.116	 4.462	 4.403	  4.54	 | 5.116 max

train losses    292:	0.2449	 0.235	0.2794	0.2647	0.1904	0.1832	0.1294	0.1251	0.2243	 0.225	0.1421	 0.143	
val losses      292:	0.3024	0.2818	0.3173	0.3245	0.3318	0.3326	0.4633	 0.484	 1.004	 1.042	 1.276	 1.286	 | 0.6205 mean
                     	 0.823	0.7676	0.7955	0.8432	0.9139	0.8483	 1.191	 1.237	 2.936	 2.945	 2.919	 2.933	 | 2.14 quantile
                      	 2.163	 1.927	 2.111	 1.817	 2.074	 1.882	 1.988	  2.53	 5.245	 4.582	 4.213	 4.328	 | 5.245 max

train losses    294:	0.2452	0.2349	0.2782	0.2643	0.1884	 0.183	0.1273	0.1226	0.2227	0.2214	0.1582	0.1519	
val losses      294:	0.3017	0.2813	0.3181	0.3263	0.3337	0.3324	0.4632	0.4855	 1.016	 1.047	 1.262	 1.275	 | 0.6202 mean
                     	0.8176	0.7587	0.8032	0.8415	0.9012	0.8473	 1.179	  1.24	 2.894	 2.994	  2.97	 3.026	 | 2.143 quantile
                      	 2.198	 1.959	 2.117	 1.812	 2.027	 1.896	 2.082	 2.559	 5.548	 4.842	 4.094	 4.208	 | 5.548 max

train losses    296:	0.2435	0.2351	0.2772	0.2633	 0.188	0.1847	0.1256	0.1229	0.2206	0.2239	 0.184	 0.183	
val losses      296:	0.2984	 0.278	0.3151	0.3221	0.3325	0.3331	0.4605	  0.48	 1.012	 1.045	 1.302	 1.308	 | 0.624 mean
                     	0.8219	0.7636	0.7888	0.8345	0.9077	0.8526	 1.183	 1.217	 2.949	 2.966	 2.915	 2.897	 | 2.181 quantile
                      	  2.22	 1.874	 2.058	 1.826	 2.108	 1.969	 1.994	  2.48	 5.324	 4.669	 4.638	 4.755	 | 5.324 max

train losses    298:	0.2443	0.2337	0.2773	0.2629	  0.19	0.1828	0.1289	0.1235	 0.237	0.2316	 0.197	0.1937	
val losses      298:	0.3029	0.2805	0.3179	0.3252	0.3328	0.3349	0.4686	0.4871	 1.008	  1.04	 1.263	 1.274	 | 0.6196 mean
                     	0.8275	0.7688	0.7979	0.8374	0.8998	 0.848	   1.2	 1.253	 2.914	 2.923	 2.947	 3.006	 | 2.111 quantile
                      	 2.202	 1.872	  2.06	 1.821	 2.051	 1.999	   2.0	 2.507	 5.606	 4.874	 4.305	 4.442	 | 5.606 max

