train losses      0:	0.5984	0.6098	0.3801	0.3771	0.7358	0.7658	0.5016	0.4981	  1.56	 1.579	 1.456	 1.449	
val losses        0:	 0.721	0.5642	 0.541	0.3445	0.8737	0.8995	0.6091	0.5002	 2.307	 2.223	 2.184	 2.162	 | 1.161 mean
                     	 1.699	 1.581	 1.207	0.8768	 2.438	 2.614	 1.511	  1.25	 6.865	 6.692	 5.453	 5.299	 | 4.098 quantile
                      	 6.066	 7.466	 2.803	  1.89	 6.181	 5.401	 2.507	 2.384	 13.08	 13.38	 8.423	  8.37	 | 13.38 max

train losses      2:	0.5966	0.6092	0.3798	0.3763	0.7351	0.7659	0.4999	0.4978	 1.561	 1.579	 1.457	 1.449	
val losses        2:	0.5121	0.5512	0.3525	0.3317	0.8523	 0.885	0.5036	0.4928	 2.287	   2.2	 2.175	 2.161	 | 1.109 mean
                     	 1.438	 1.573	0.9048	0.8464	  2.45	  2.53	 1.241	  1.23	 6.933	 6.748	 5.355	 5.338	 | 4.069 quantile
                      	 6.634	 7.618	 2.395	 1.907	 5.903	 5.643	 2.076	 2.361	 12.87	 13.12	 8.554	 8.282	 | 13.12 max

train losses      4:	0.5965	0.6086	 0.379	0.3764	 0.735	0.7654	0.5005	0.4975	  1.56	 1.579	 1.455	 1.449	
val losses        4:	0.5166	0.5531	0.3483	0.3315	0.8507	0.8861	0.5073	0.4907	 2.286	 2.201	 2.174	 2.161	 | 1.109 mean
                     	 1.454	 1.582	0.9041	0.8477	 2.458	 2.513	 1.247	 1.226	 6.943	  6.77	 5.331	 5.345	 | 4.07 quantile
                      	 6.727	 7.632	 2.335	 1.916	 5.851	 5.668	 2.157	 2.327	 12.86	 13.08	 8.582	 8.252	 | 13.08 max

train losses      6:	0.5954	0.6086	0.3791	0.3764	0.7345	0.7644	0.4996	0.4975	  1.56	 1.578	 1.455	 1.449	
val losses        6:	0.5211	0.5542	0.3491	0.3322	0.8503	0.8863	0.5097	0.4902	 2.285	 2.202	 2.174	 2.161	 | 1.11 mean
                     	 1.456	 1.578	0.9118	0.8517	 2.456	 2.509	  1.25	 1.223	 6.938	  6.78	 5.328	 5.347	 | 4.069 quantile
                      	 6.731	  7.62	 2.329	 1.918	 5.842	 5.665	 2.194	 2.315	 12.87	 13.08	 8.594	  8.25	 | 13.08 max

train losses      8:	0.5942	0.6085	0.3794	0.3755	0.7337	0.7642	0.4994	0.4977	  1.56	 1.579	 1.456	 1.449	
val losses        8:	0.5217	0.5547	0.3494	 0.333	  0.85	0.8862	0.5101	  0.49	 2.285	 2.202	 2.174	 2.161	 | 1.11 mean
                     	 1.457	 1.581	0.9155	0.8543	 2.448	 2.512	 1.253	 1.222	  6.94	 6.775	 5.326	 5.349	 | 4.066 quantile
                      	 6.732	 7.602	 2.337	 1.921	 5.842	 5.661	 2.207	 2.313	 12.87	 13.09	 8.599	  8.25	 | 13.09 max

train losses     10:	 0.594	0.6077	0.3786	0.3753	0.7337	0.7651	 0.499	0.4966	 1.559	 1.579	 1.455	 1.448	
val losses       10:	0.5216	0.5549	0.3495	0.3335	0.8499	0.8861	  0.51	0.4899	 2.285	 2.202	 2.174	 2.161	 | 1.11 mean
                     	 1.463	 1.585	0.9164	0.8541	 2.448	 2.514	 1.252	 1.223	 6.943	 6.776	 5.322	  5.35	 | 4.068 quantile
                      	 6.731	 7.579	 2.351	 1.927	  5.84	  5.66	 2.211	 2.314	 12.85	  13.1	 8.597	 8.252	 | 13.1 max

train losses     12:	0.5927	0.6066	0.3785	0.3755	0.7333	 0.764	0.4994	0.4976	 1.559	 1.579	 1.456	 1.448	
val losses       12:	0.5215	 0.555	0.3495	 0.334	0.8498	 0.886	0.5098	  0.49	 2.285	 2.202	 2.174	 2.161	 | 1.11 mean
                     	 1.465	 1.582	0.9166	0.8538	 2.444	 2.518	 1.253	  1.22	 6.945	 6.781	 5.319	 5.348	 | 4.065 quantile
                      	  6.73	 7.553	 2.367	 1.935	 5.844	 5.658	 2.212	 2.315	 12.83	 13.13	 8.593	 8.254	 | 13.13 max

train losses     14:	0.5929	0.6063	0.3782	0.3755	 0.733	0.7641	 0.499	0.4979	 1.558	 1.578	 1.455	 1.448	
val losses       14:	0.5211	 0.555	0.3496	0.3343	0.8497	0.8859	0.5095	  0.49	 2.285	 2.201	 2.174	 2.161	 | 1.11 mean
                     	 1.463	 1.579	0.9148	0.8555	 2.444	  2.52	 1.252	 1.219	 6.943	 6.778	 5.316	 5.353	 | 4.064 quantile
                      	 6.726	 7.533	  2.38	 1.941	 5.849	 5.656	 2.212	 2.316	 12.82	 13.14	 8.589	 8.256	 | 13.14 max

train losses     16:	0.5909	0.6062	0.3781	0.3751	0.7332	 0.764	0.4987	0.4974	 1.559	 1.578	 1.455	 1.448	
val losses       16:	0.5202	0.5548	0.3496	0.3344	0.8495	0.8857	 0.509	  0.49	 2.285	 2.201	 2.174	 2.161	 | 1.109 mean
                     	 1.465	 1.578	 0.915	0.8553	 2.444	 2.521	 1.252	  1.22	  6.94	 6.776	 5.314	 5.355	 | 4.064 quantile
                      	 6.718	  7.52	 2.388	 1.942	 5.854	 5.653	 2.211	 2.316	 12.81	 13.15	 8.588	 8.255	 | 13.15 max

train losses     18:	0.5904	 0.606	0.3775	0.3751	0.7325	0.7635	0.4984	0.4966	 1.559	 1.578	 1.455	 1.448	
val losses       18:	0.5192	0.5546	0.3495	0.3344	0.8494	0.8855	0.5085	  0.49	 2.284	 2.201	 2.174	 2.161	 | 1.109 mean
                     	 1.462	 1.579	0.9159	0.8548	 2.443	 2.521	 1.251	  1.22	 6.939	 6.777	 5.315	 5.357	 | 4.064 quantile
                      	 6.709	 7.511	 2.394	 1.942	 5.856	 5.649	 2.211	 2.316	  12.8	 13.15	 8.587	 8.254	 | 13.15 max

train losses     20:	0.5897	0.6057	0.3777	0.3751	0.7325	0.7635	0.4983	0.4966	 1.559	 1.577	 1.455	 1.449	
val losses       20:	0.5181	0.5544	0.3494	0.3343	0.8492	0.8853	0.5079	0.4899	 2.284	 2.201	 2.174	 2.161	 | 1.109 mean
                     	 1.459	 1.579	0.9162	0.8542	 2.444	  2.52	 1.249	  1.22	 6.939	 6.777	 5.317	 5.358	 | 4.064 quantile
                      	   6.7	 7.503	 2.398	  1.94	 5.858	 5.646	  2.21	 2.315	  12.8	 13.15	 8.585	 8.252	 | 13.15 max

train losses     22:	0.5891	0.6053	0.3778	0.3743	0.7322	0.7623	0.4981	0.4968	 1.559	 1.578	 1.454	 1.448	
val losses       22:	 0.517	0.5541	0.3493	0.3342	 0.849	 0.885	0.5074	0.4899	 2.284	 2.201	 2.173	 2.161	 | 1.109 mean
                     	 1.456	 1.579	 0.917	0.8541	 2.444	 2.521	 1.248	 1.221	 6.939	 6.778	 5.317	 5.359	 | 4.064 quantile
                      	  6.69	 7.496	 2.403	 1.938	 5.859	 5.642	 2.209	 2.315	  12.8	 13.15	 8.584	 8.251	 | 13.15 max

train losses     24:	0.5879	0.6047	0.3781	0.3738	0.7321	0.7631	0.4972	0.4966	 1.558	 1.578	 1.455	 1.448	
val losses       24:	0.5159	0.5539	0.3493	0.3341	0.8488	0.8848	0.5069	0.4898	 2.284	 2.201	 2.173	  2.16	 | 1.108 mean
                     	 1.452	 1.578	0.9176	0.8538	 2.445	 2.522	 1.248	 1.221	 6.939	 6.779	 5.316	 5.359	 | 4.063 quantile
                      	 6.681	 7.489	 2.406	 1.937	 5.859	 5.639	 2.208	 2.315	  12.8	 13.15	 8.582	 8.249	 | 13.15 max

train losses     26:	0.5866	0.6039	0.3773	0.3739	0.7323	0.7623	0.4968	0.4959	 1.558	 1.577	 1.454	 1.448	
val losses       26:	0.5149	0.5536	0.3492	 0.334	0.8486	0.8846	0.5064	0.4897	 2.284	 2.201	 2.173	  2.16	 | 1.108 mean
                     	 1.447	 1.576	0.9173	 0.854	 2.443	 2.521	 1.249	 1.221	  6.94	 6.779	 5.317	  5.36	 | 4.062 quantile
                      	 6.672	 7.482	  2.41	 1.935	 5.861	 5.635	 2.207	 2.315	  12.8	 13.15	  8.58	 8.247	 | 13.15 max

train losses     28:	0.5856	0.6042	0.3781	0.3738	0.7311	 0.762	0.4978	0.4958	 1.558	 1.578	 1.455	 1.448	
val losses       28:	0.5139	0.5534	0.3491	 0.334	0.8484	0.8843	 0.506	0.4897	 2.283	   2.2	 2.173	  2.16	 | 1.108 mean
                     	 1.444	 1.574	0.9169	 0.854	 2.443	  2.52	  1.25	 1.221	  6.94	 6.778	 5.317	  5.36	 | 4.062 quantile
                      	 6.663	 7.475	 2.414	 1.934	 5.862	 5.632	 2.206	 2.315	  12.8	 13.15	 8.579	 8.245	 | 13.15 max

train losses     30:	0.5857	 0.604	0.3769	0.3741	0.7313	0.7619	0.4969	0.4963	 1.558	 1.577	 1.454	 1.447	
val losses       30:	 0.513	0.5531	 0.349	0.3339	0.8482	0.8841	0.5056	0.4896	 2.283	   2.2	 2.173	  2.16	 | 1.108 mean
                     	 1.441	 1.572	0.9165	0.8536	 2.443	 2.521	 1.251	 1.221	  6.94	 6.778	 5.317	 5.361	 | 4.061 quantile
                      	 6.654	 7.468	 2.418	 1.932	 5.862	 5.629	 2.205	 2.315	 12.79	 13.15	 8.577	 8.243	 | 13.15 max

train losses     32:	0.5858	0.6033	0.3771	0.3736	 0.731	0.7622	0.4963	0.4965	 1.558	 1.577	 1.453	 1.448	
val losses       32:	0.5121	0.5529	 0.349	0.3338	 0.848	0.8839	0.5051	0.4895	 2.283	   2.2	 2.173	  2.16	 | 1.108 mean
                     	 1.436	 1.571	0.9165	0.8537	 2.442	 2.521	  1.25	 1.221	 6.941	 6.778	 5.317	 5.361	 | 4.062 quantile
                      	 6.646	 7.461	 2.422	 1.931	 5.863	 5.626	 2.204	 2.315	 12.79	 13.15	 8.576	 8.242	 | 13.15 max

train losses     34:	0.5846	0.6027	0.3771	0.3739	0.7311	0.7618	0.4968	0.4962	 1.557	 1.577	 1.453	 1.448	
val losses       34:	0.5113	0.5526	0.3489	0.3337	0.8478	0.8837	0.5048	0.4895	 2.283	   2.2	 2.173	  2.16	 | 1.107 mean
                     	 1.435	  1.57	0.9164	0.8536	 2.443	 2.521	 1.248	 1.221	 6.941	 6.777	 5.317	 5.361	 | 4.063 quantile
                      	 6.638	 7.454	 2.425	  1.93	 5.864	 5.623	 2.203	 2.316	 12.79	 13.15	 8.575	  8.24	 | 13.15 max

train losses     36:	0.5836	0.6029	 0.377	0.3736	0.7309	0.7614	0.4965	0.4951	 1.556	 1.578	 1.453	 1.448	
val losses       36:	0.5105	0.5523	0.3489	0.3337	0.8476	0.8835	0.5044	0.4895	 2.283	   2.2	 2.172	  2.16	 | 1.107 mean
                     	 1.433	 1.569	 0.916	 0.854	 2.444	 2.521	 1.247	 1.222	 6.941	 6.776	 5.317	 5.361	 | 4.062 quantile
                      	  6.63	 7.448	 2.429	 1.928	 5.865	  5.62	 2.202	 2.316	 12.79	 13.15	 8.573	 8.238	 | 13.15 max

train losses     38:	0.5832	0.6022	0.3764	0.3738	0.7298	 0.761	0.4955	0.4959	 1.557	 1.577	 1.454	 1.447	
val losses       38:	0.5097	0.5521	0.3488	0.3336	0.8474	0.8834	0.5041	0.4894	 2.282	   2.2	 2.172	  2.16	 | 1.107 mean
                     	 1.432	 1.569	0.9153	0.8539	 2.445	 2.519	 1.246	 1.222	 6.941	 6.774	 5.317	 5.361	 | 4.062 quantile
                      	 6.622	 7.441	 2.432	 1.927	 5.865	 5.617	 2.201	 2.316	 12.79	 13.15	 8.572	 8.236	 | 13.15 max

train losses     40:	0.5819	0.6014	0.3763	0.3729	0.7307	0.7612	 0.496	0.4955	 1.556	 1.577	 1.453	 1.446	
val losses       40:	0.5089	0.5518	0.3488	0.3335	0.8472	0.8832	0.5038	0.4894	 2.282	   2.2	 2.172	  2.16	 | 1.107 mean
                     	 1.433	 1.569	0.9149	0.8552	 2.445	 2.518	 1.245	 1.222	 6.941	 6.773	 5.318	 5.361	 | 4.061 quantile
                      	 6.615	 7.434	 2.436	 1.925	 5.866	 5.615	 2.201	 2.317	 12.79	 13.15	 8.571	 8.235	 | 13.15 max

train losses     42:	 0.582	0.6013	0.3764	 0.373	0.7301	0.7617	0.4962	0.4953	 1.557	 1.577	 1.453	 1.448	
val losses       42:	0.5082	0.5516	0.3487	0.3335	 0.847	 0.883	0.5035	0.4893	 2.282	   2.2	 2.172	  2.16	 | 1.107 mean
                     	 1.432	 1.569	0.9148	0.8549	 2.445	 2.516	 1.245	 1.222	  6.94	 6.772	 5.318	 5.362	 | 4.061 quantile
                      	 6.607	 7.428	 2.439	 1.924	 5.866	 5.612	   2.2	 2.317	 12.78	 13.15	 8.569	 8.233	 | 13.15 max

train losses     44:	0.5809	 0.601	0.3768	0.3732	0.7293	 0.761	0.4961	 0.496	 1.556	 1.577	 1.453	 1.447	
val losses       44:	0.5074	0.5513	0.3487	0.3334	0.8468	0.8828	0.5032	0.4893	 2.282	 2.199	 2.172	  2.16	 | 1.106 mean
                     	  1.43	 1.568	0.9149	0.8544	 2.445	 2.515	 1.245	 1.222	  6.94	 6.771	 5.318	 5.361	 | 4.06 quantile
                      	   6.6	 7.421	 2.442	 1.923	 5.867	 5.609	 2.199	 2.317	 12.78	 13.15	 8.568	 8.231	 | 13.15 max

train losses     46:	0.5804	0.6008	0.3761	 0.373	0.7293	0.7603	0.4963	0.4956	 1.557	 1.576	 1.452	 1.448	
val losses       46:	0.5068	0.5511	0.3486	0.3334	0.8466	0.8826	0.5029	0.4893	 2.282	 2.199	 2.172	  2.16	 | 1.106 mean
                     	 1.428	 1.565	0.9143	 0.854	 2.444	 2.515	 1.245	 1.223	  6.94	  6.77	 5.318	 5.361	 | 4.06 quantile
                      	 6.593	 7.415	 2.445	 1.923	 5.868	 5.606	 2.198	 2.317	 12.78	 13.16	 8.567	 8.229	 | 13.16 max

train losses     48:	0.5794	0.6004	0.3764	0.3732	0.7289	0.7607	0.4957	0.4952	 1.556	 1.576	 1.453	 1.447	
val losses       48:	0.5061	0.5508	0.3486	0.3333	0.8464	0.8824	0.5026	0.4893	 2.281	 2.199	 2.172	  2.16	 | 1.106 mean
                     	 1.426	 1.564	0.9139	0.8533	 2.444	 2.515	 1.246	 1.224	  6.94	 6.769	 5.317	 5.361	 | 4.06 quantile
                      	 6.586	 7.409	 2.449	 1.922	 5.868	 5.604	 2.198	 2.318	 12.78	 13.16	 8.566	 8.228	 | 13.16 max

train losses     50:	0.5791	   0.6	0.3763	 0.373	0.7286	0.7607	 0.496	0.4949	 1.556	 1.576	 1.452	 1.447	
val losses       50:	0.5054	0.5506	0.3485	0.3333	0.8462	0.8822	0.5024	0.4892	 2.281	 2.199	 2.171	  2.16	 | 1.106 mean
                     	 1.422	 1.564	0.9143	0.8536	 2.443	 2.516	 1.245	 1.224	 6.939	 6.768	 5.317	 5.361	 | 4.06 quantile
                      	 6.579	 7.402	 2.452	 1.921	 5.868	 5.601	 2.197	 2.318	 12.78	 13.16	 8.565	 8.226	 | 13.16 max

train losses     52:	0.5786	0.5996	0.3768	0.3729	 0.729	0.7602	 0.494	0.4949	 1.556	 1.576	 1.452	 1.447	
val losses       52:	0.5048	0.5504	0.3485	0.3332	 0.846	0.8821	0.5022	0.4892	 2.281	 2.199	 2.171	  2.16	 | 1.106 mean
                     	  1.42	 1.564	0.9154	0.8535	 2.441	 2.517	 1.245	 1.224	 6.939	 6.767	 5.317	  5.36	 | 4.06 quantile
                      	 6.572	 7.396	 2.455	  1.92	 5.869	 5.599	 2.196	 2.319	 12.78	 13.16	 8.564	 8.225	 | 13.16 max

train losses     54:	0.5778	0.5991	0.3764	 0.373	0.7284	0.7601	 0.495	0.4953	 1.556	 1.576	 1.452	 1.447	
val losses       54:	0.5042	0.5501	0.3485	0.3332	0.8458	0.8819	 0.502	0.4892	 2.281	 2.199	 2.171	  2.16	 | 1.105 mean
                     	 1.418	 1.562	0.9162	 0.853	 2.441	 2.518	 1.244	 1.224	 6.939	 6.767	 5.317	  5.36	 | 4.06 quantile
                      	 6.566	  7.39	 2.458	 1.919	 5.869	 5.596	 2.196	 2.319	 12.78	 13.16	 8.562	 8.223	 | 13.16 max

train losses     56:	0.5766	0.5986	0.3754	0.3721	0.7281	0.7596	 0.494	0.4944	 1.556	 1.576	 1.452	 1.447	
val losses       56:	0.5036	0.5499	0.3484	0.3331	0.8457	0.8817	0.5017	0.4892	 2.281	 2.199	 2.171	 2.159	 | 1.105 mean
                     	 1.417	  1.56	0.9166	0.8525	 2.441	 2.518	 1.243	 1.224	 6.939	 6.767	 5.317	  5.36	 | 4.06 quantile
                      	 6.559	 7.383	 2.461	 1.918	 5.869	 5.594	 2.195	 2.319	 12.77	 13.16	 8.561	 8.222	 | 13.16 max

train losses     58:	0.5765	0.5985	 0.376	0.3721	0.7281	0.7595	0.4951	0.4954	 1.556	 1.576	 1.452	 1.447	
val losses       58:	 0.503	0.5496	0.3484	0.3331	0.8455	0.8816	0.5015	0.4891	  2.28	 2.199	 2.171	 2.159	 | 1.105 mean
                     	 1.416	 1.558	0.9164	0.8524	 2.441	 2.519	 1.243	 1.224	 6.938	 6.768	 5.317	  5.36	 | 4.059 quantile
                      	 6.552	 7.377	 2.464	 1.917	 5.869	 5.592	 2.194	 2.319	 12.77	 13.16	  8.56	  8.22	 | 13.16 max

train losses     60:	0.5761	0.5984	0.3764	 0.372	0.7276	0.7599	0.4956	0.4946	 1.555	 1.576	 1.452	 1.447	
val losses       60:	0.5024	0.5494	0.3484	 0.333	0.8453	0.8814	0.5014	0.4891	  2.28	 2.199	 2.171	 2.159	 | 1.105 mean
                     	 1.414	 1.557	0.9164	0.8524	 2.441	 2.519	 1.242	 1.224	 6.938	 6.768	 5.317	 5.359	 | 4.059 quantile
                      	 6.546	 7.371	 2.467	 1.916	 5.869	  5.59	 2.194	 2.319	 12.77	 13.16	 8.559	 8.219	 | 13.16 max

train losses     62:	0.5756	0.5975	 0.376	 0.372	0.7281	0.7594	0.4943	0.4952	 1.555	 1.576	 1.452	 1.447	
val losses       62:	0.5019	0.5491	0.3484	 0.333	0.8451	0.8812	0.5012	0.4891	  2.28	 2.199	  2.17	 2.159	 | 1.105 mean
                     	 1.413	 1.556	0.9166	0.8524	  2.44	 2.518	 1.241	 1.224	 6.937	 6.768	 5.317	 5.359	 | 4.058 quantile
                      	  6.54	 7.365	 2.469	 1.915	  5.87	 5.589	 2.193	  2.32	 12.77	 13.16	 8.558	 8.217	 | 13.16 max

train losses     64:	0.5746	0.5972	0.3756	0.3715	0.7275	0.7589	0.4944	 0.494	 1.556	 1.575	 1.452	 1.446	
val losses       64:	0.5014	0.5489	0.3483	0.3329	0.8449	0.8811	 0.501	0.4891	  2.28	 2.198	  2.17	 2.159	 | 1.105 mean
                     	 1.411	 1.556	0.9165	0.8523	 2.441	 2.518	 1.239	 1.224	 6.937	 6.769	 5.317	 5.359	 | 4.058 quantile
                      	 6.535	 7.359	 2.472	 1.915	  5.87	 5.589	 2.192	  2.32	 12.77	 13.16	 8.557	 8.216	 | 13.16 max

train losses     66:	0.5739	 0.597	0.3755	0.3718	0.7275	0.7595	0.4939	0.4947	 1.554	 1.576	 1.451	 1.447	
val losses       66:	0.5008	0.5487	0.3483	0.3329	0.8447	0.8809	0.5008	0.4891	  2.28	 2.198	  2.17	 2.159	 | 1.104 mean
                     	 1.409	 1.555	0.9166	0.8523	 2.441	 2.517	 1.239	 1.224	 6.937	  6.77	 5.317	 5.359	 | 4.058 quantile
                      	 6.529	 7.353	 2.475	 1.915	 5.871	 5.588	 2.192	  2.32	 12.77	 13.16	 8.556	 8.214	 | 13.16 max

train losses     68:	0.5735	0.5966	0.3759	0.3717	0.7266	0.7587	0.4936	0.4947	 1.555	 1.576	 1.451	 1.446	
val losses       68:	0.5003	0.5484	0.3483	0.3329	0.8445	0.8808	0.5007	 0.489	 2.279	 2.198	  2.17	 2.159	 | 1.104 mean
                     	 1.407	 1.555	0.9159	0.8521	  2.44	 2.516	  1.24	 1.224	 6.936	 6.771	 5.317	 5.359	 | 4.057 quantile
                      	 6.523	 7.347	 2.477	 1.914	 5.872	 5.588	 2.191	  2.32	 12.76	 13.16	 8.555	 8.213	 | 13.16 max

train losses     70:	0.5734	0.5974	0.3757	 0.372	0.7271	0.7592	0.4938	 0.495	 1.555	 1.576	 1.451	 1.446	
val losses       70:	0.4998	0.5482	0.3482	0.3328	0.8443	0.8806	0.5005	 0.489	 2.279	 2.198	  2.17	 2.159	 | 1.104 mean
                     	 1.404	 1.555	0.9159	0.8521	 2.439	 2.517	 1.239	 1.223	 6.936	 6.771	 5.317	 5.359	 | 4.056 quantile
                      	 6.517	 7.341	  2.48	 1.913	 5.872	 5.588	 2.191	  2.32	 12.76	 13.16	 8.554	 8.211	 | 13.16 max

train losses     72:	0.5727	0.5959	0.3756	0.3716	0.7267	 0.758	0.4946	0.4947	 1.554	 1.575	 1.451	 1.446	
val losses       72:	0.4993	0.5479	0.3482	0.3328	0.8441	0.8804	0.5004	 0.489	 2.279	 2.198	  2.17	 2.159	 | 1.104 mean
                     	 1.401	 1.553	0.9166	0.8527	 2.438	 2.517	 1.239	 1.223	 6.935	  6.77	 5.317	 5.359	 | 4.056 quantile
                      	 6.512	 7.335	 2.483	 1.913	 5.873	 5.587	  2.19	 2.321	 12.76	 13.16	 8.553	  8.21	 | 13.16 max

train losses     74:	0.5722	0.5956	0.3754	0.3719	 0.727	0.7582	0.4939	0.4943	 1.554	 1.576	  1.45	 1.447	
val losses       74:	0.4988	0.5477	0.3482	0.3328	0.8439	0.8803	0.5002	 0.489	 2.279	 2.198	  2.17	 2.159	 | 1.104 mean
                     	 1.399	 1.551	0.9163	0.8532	 2.438	 2.517	 1.239	 1.223	 6.935	 6.769	 5.318	 5.359	 | 4.056 quantile
                      	 6.506	 7.329	 2.485	 1.912	 5.873	 5.587	  2.19	 2.321	 12.76	 13.16	 8.552	 8.209	 | 13.16 max

train losses     76:	0.5719	 0.596	0.3757	0.3721	0.7256	0.7587	0.4938	0.4942	 1.554	 1.576	 1.451	 1.446	
val losses       76:	0.4983	0.5475	0.3482	0.3327	0.8437	0.8801	0.5001	 0.489	 2.279	 2.198	 2.169	 2.159	 | 1.104 mean
                     	 1.398	  1.55	0.9159	0.8534	 2.438	 2.517	 1.239	 1.223	 6.934	 6.769	 5.318	 5.359	 | 4.055 quantile
                      	   6.5	 7.324	 2.488	 1.912	 5.874	 5.586	 2.189	 2.321	 12.76	 13.16	 8.551	 8.207	 | 13.16 max

train losses     78:	0.5707	0.5949	0.3747	0.3713	0.7259	0.7582	0.4926	0.4936	 1.554	 1.575	 1.451	 1.446	
val losses       78:	0.4978	0.5472	0.3481	0.3327	0.8435	  0.88	0.4999	 0.489	 2.279	 2.198	 2.169	 2.159	 | 1.104 mean
                     	 1.398	 1.549	0.9153	0.8531	 2.438	 2.515	 1.239	 1.222	 6.934	 6.768	 5.317	 5.359	 | 4.055 quantile
                      	 6.495	 7.318	  2.49	 1.911	 5.874	 5.586	 2.189	 2.321	 12.76	 13.16	  8.55	 8.206	 | 13.16 max

train losses     80:	0.5707	0.5948	0.3745	0.3711	0.7258	0.7584	0.4934	0.4938	 1.553	 1.575	  1.45	 1.446	
val losses       80:	0.4974	 0.547	0.3481	0.3327	0.8433	0.8798	0.4998	 0.489	 2.278	 2.198	 2.169	 2.159	 | 1.103 mean
                     	 1.395	 1.549	 0.915	0.8526	 2.437	 2.514	 1.238	 1.222	 6.933	 6.767	 5.317	 5.359	 | 4.054 quantile
                      	  6.49	 7.312	 2.492	 1.911	 5.874	 5.586	 2.188	 2.321	 12.76	 13.16	 8.549	 8.205	 | 13.16 max

train losses     82:	0.5699	0.5942	0.3753	0.3711	0.7253	0.7585	0.4931	0.4943	 1.554	 1.575	  1.45	 1.446	
val losses       82:	 0.497	0.5468	0.3481	0.3326	0.8431	0.8797	0.4997	 0.489	 2.278	 2.198	 2.169	 2.159	 | 1.103 mean
                     	 1.394	 1.549	0.9152	0.8523	 2.437	 2.513	 1.238	 1.222	 6.932	 6.766	 5.317	 5.359	 | 4.053 quantile
                      	 6.484	 7.307	 2.495	  1.91	 5.875	 5.585	 2.187	 2.321	 12.75	 13.16	 8.548	 8.203	 | 13.16 max

train losses     84:	0.5692	0.5941	0.3752	0.3714	 0.725	0.7574	0.4936	0.4941	 1.553	 1.575	  1.45	 1.445	
val losses       84:	0.4965	0.5465	0.3481	0.3326	0.8429	0.8795	0.4995	 0.489	 2.278	 2.197	 2.169	 2.159	 | 1.103 mean
                     	 1.395	 1.548	0.9155	0.8519	 2.437	 2.513	 1.239	 1.221	 6.932	 6.766	 5.317	 5.359	 | 4.053 quantile
                      	 6.479	 7.301	 2.497	  1.91	 5.875	 5.585	 2.187	 2.321	 12.75	 13.16	 8.547	 8.202	 | 13.16 max

train losses     86:	0.5689	0.5938	 0.375	0.3705	0.7248	0.7568	0.4925	0.4941	 1.553	 1.575	  1.45	 1.446	
val losses       86:	0.4961	0.5463	0.3481	0.3326	0.8427	0.8794	0.4994	 0.489	 2.278	 2.197	 2.169	 2.158	 | 1.103 mean
                     	 1.395	 1.548	0.9161	0.8523	 2.437	 2.512	 1.239	 1.221	 6.931	 6.765	 5.317	  5.36	 | 4.053 quantile
                      	 6.474	 7.296	 2.499	 1.909	 5.875	 5.584	 2.187	 2.321	 12.75	 13.16	 8.546	 8.201	 | 13.16 max

train losses     88:	0.5687	0.5938	0.3747	0.3709	0.7245	0.7575	0.4931	0.4936	 1.554	 1.576	  1.45	 1.446	
val losses       88:	0.4956	0.5461	 0.348	0.3325	0.8425	0.8792	0.4993	 0.489	 2.278	 2.197	 2.169	 2.158	 | 1.103 mean
                     	 1.393	 1.547	0.9167	 0.852	 2.437	 2.512	 1.239	 1.221	 6.931	 6.765	 5.317	  5.36	 | 4.052 quantile
                      	 6.469	  7.29	 2.501	 1.909	 5.875	 5.584	 2.186	 2.321	 12.75	 13.16	 8.545	 8.199	 | 13.16 max

train losses     90:	0.5682	0.5933	 0.375	 0.371	 0.725	0.7569	0.4932	0.4931	 1.553	 1.575	  1.45	 1.446	
val losses       90:	0.4952	0.5459	 0.348	0.3325	0.8423	0.8791	0.4992	 0.489	 2.277	 2.197	 2.168	 2.158	 | 1.103 mean
                     	 1.392	 1.547	0.9171	0.8518	 2.436	 2.511	 1.239	  1.22	 6.931	 6.765	 5.317	  5.36	 | 4.052 quantile
                      	 6.464	 7.285	 2.503	 1.908	 5.876	 5.583	 2.185	 2.322	 12.75	 13.16	 8.544	 8.198	 | 13.16 max

train losses     92:	0.5673	0.5932	0.3755	0.3707	 0.724	0.7569	0.4925	0.4943	 1.553	 1.575	 1.449	 1.446	
val losses       92:	0.4948	0.5457	 0.348	0.3325	0.8421	0.8789	0.4991	 0.489	 2.277	 2.197	 2.168	 2.158	 | 1.103 mean
                     	  1.39	 1.548	0.9172	0.8515	 2.435	 2.511	 1.239	  1.22	  6.93	 6.765	 5.317	  5.36	 | 4.051 quantile
                      	 6.459	 7.279	 2.505	 1.908	 5.876	 5.583	 2.185	 2.322	 12.75	 13.16	 8.543	 8.197	 | 13.16 max

train losses     94:	0.5669	 0.593	 0.375	0.3706	 0.724	0.7573	0.4931	0.4933	 1.553	 1.575	  1.45	 1.445	
val losses       94:	0.4944	0.5454	 0.348	0.3324	0.8419	0.8788	 0.499	 0.489	 2.277	 2.197	 2.168	 2.158	 | 1.102 mean
                     	 1.387	 1.548	 0.917	0.8515	 2.435	  2.51	 1.239	  1.22	  6.93	 6.764	 5.317	  5.36	 | 4.05 quantile
                      	 6.454	 7.274	 2.507	 1.907	 5.876	 5.583	 2.184	 2.322	 12.75	 13.16	 8.543	 8.196	 | 13.16 max

train losses     96:	0.5668	0.5925	0.3746	0.3707	0.7237	0.7568	 0.494	0.4931	 1.552	 1.575	  1.45	 1.446	
val losses       96:	 0.494	0.5452	0.3479	0.3324	0.8417	0.8787	0.4988	 0.489	 2.277	 2.197	 2.168	 2.158	 | 1.102 mean
                     	 1.387	 1.547	0.9165	0.8511	 2.433	  2.51	 1.239	 1.221	 6.929	 6.764	 5.317	 5.361	 | 4.05 quantile
                      	 6.449	 7.269	 2.509	 1.907	 5.876	 5.583	 2.183	 2.321	 12.74	 13.16	 8.542	 8.194	 | 13.16 max

train losses     98:	0.5658	0.5923	 0.375	0.3709	0.7232	0.7566	0.4923	0.4929	 1.552	 1.575	  1.45	 1.445	
val losses       98:	0.4936	 0.545	0.3479	0.3324	0.8416	0.8785	0.4987	 0.489	 2.277	 2.197	 2.168	 2.158	 | 1.102 mean
                     	 1.385	 1.544	0.9161	0.8511	 2.433	  2.51	 1.239	  1.22	 6.929	 6.764	 5.317	 5.361	 | 4.05 quantile
                      	 6.444	 7.264	 2.511	 1.906	 5.876	 5.582	 2.183	 2.321	 12.74	 13.16	 8.542	 8.193	 | 13.16 max

train losses    100:	0.5651	0.5915	0.3744	0.3704	0.7235	0.7563	0.4925	0.4934	 1.552	 1.575	  1.45	 1.445	
val losses      100:	0.4932	0.5448	0.3479	0.3324	0.8414	0.8784	0.4986	0.4889	 2.276	 2.197	 2.168	 2.158	 | 1.102 mean
                     	 1.382	 1.543	0.9154	0.8509	 2.433	  2.51	 1.239	  1.22	 6.928	 6.764	 5.317	 5.361	 | 4.05 quantile
                      	  6.44	 7.258	 2.512	 1.906	 5.876	 5.582	 2.182	 2.321	 12.74	 13.16	 8.541	 8.192	 | 13.16 max

train losses    102:	0.5654	0.5912	0.3744	0.3702	0.7232	0.7568	 0.492	0.4939	 1.552	 1.575	  1.45	 1.446	
val losses      102:	0.4928	0.5446	0.3479	0.3323	0.8412	0.8782	0.4985	0.4889	 2.276	 2.197	 2.167	 2.158	 | 1.102 mean
                     	  1.38	 1.542	0.9147	0.8505	 2.432	  2.51	 1.239	  1.22	 6.927	 6.764	 5.317	 5.361	 | 4.049 quantile
                      	 6.435	 7.253	 2.514	 1.905	 5.876	 5.582	 2.182	 2.321	 12.74	 13.16	 8.541	  8.19	 | 13.16 max

train losses    104:	0.5641	0.5914	0.3744	0.3705	0.7232	 0.757	0.4932	 0.493	 1.552	 1.575	 1.449	 1.445	
val losses      104:	0.4924	0.5444	0.3479	0.3323	 0.841	0.8781	0.4984	0.4889	 2.276	 2.197	 2.167	 2.158	 | 1.102 mean
                     	 1.379	 1.542	0.9141	0.8508	 2.431	  2.51	 1.238	  1.22	 6.927	 6.764	 5.317	 5.361	 | 4.05 quantile
                      	  6.43	 7.248	 2.516	 1.905	 5.876	 5.581	 2.181	 2.321	 12.74	 13.16	 8.541	 8.189	 | 13.16 max

train losses    106:	 0.564	0.5901	0.3743	0.3699	0.7229	0.7559	0.4922	0.4934	 1.552	 1.575	 1.449	 1.446	
val losses      106:	 0.492	0.5441	0.3478	0.3323	0.8408	0.8779	0.4983	0.4889	 2.276	 2.197	 2.167	 2.158	 | 1.102 mean
                     	 1.377	 1.541	 0.914	0.8505	 2.431	  2.51	 1.238	  1.22	 6.926	 6.764	 5.317	 5.361	 | 4.048 quantile
                      	 6.425	 7.243	 2.518	 1.904	 5.876	 5.581	 2.181	 2.321	 12.74	 13.16	 8.541	 8.188	 | 13.16 max

train losses    108:	0.5637	0.5903	0.3747	0.3705	0.7223	0.7561	 0.492	0.4923	 1.552	 1.575	 1.449	 1.445	
val losses      108:	0.4916	0.5439	0.3478	0.3322	0.8406	0.8778	0.4982	0.4889	 2.276	 2.196	 2.167	 2.158	 | 1.101 mean
                     	 1.375	  1.54	0.9131	0.8502	  2.43	 2.509	 1.238	 1.221	 6.926	 6.764	 5.317	 5.362	 | 4.048 quantile
                      	  6.42	 7.238	  2.52	 1.904	 5.876	  5.58	  2.18	 2.321	 12.74	 13.16	  8.54	 8.187	 | 13.16 max

train losses    110:	0.5636	0.5898	0.3744	0.3703	 0.723	0.7557	0.4927	0.4927	 1.552	 1.574	 1.449	 1.445	
val losses      110:	0.4913	0.5438	0.3478	0.3322	0.8404	0.8777	0.4981	0.4889	 2.275	 2.196	 2.167	 2.158	 | 1.101 mean
                     	 1.375	 1.539	0.9126	  0.85	  2.43	 2.509	 1.239	 1.221	 6.925	 6.763	 5.317	 5.362	 | 4.048 quantile
                      	 6.416	 7.233	 2.521	 1.904	 5.876	  5.58	  2.18	 2.321	 12.73	 13.16	  8.54	 8.186	 | 13.16 max

train losses    112:	0.5632	0.5896	0.3744	0.3701	0.7221	 0.756	 0.492	0.4935	 1.551	 1.574	 1.448	 1.445	
val losses      112:	0.4909	0.5436	0.3478	0.3322	0.8402	0.8775	 0.498	0.4889	 2.275	 2.196	 2.167	 2.158	 | 1.101 mean
                     	 1.373	 1.538	0.9128	0.8498	  2.43	 2.509	 1.239	 1.221	 6.925	 6.763	 5.317	 5.361	 | 4.047 quantile
                      	 6.411	 7.228	 2.523	 1.903	 5.876	 5.579	 2.179	 2.321	 12.73	 13.16	  8.54	 8.186	 | 13.16 max

train losses    114:	0.5619	0.5896	 0.374	0.3698	 0.722	0.7559	0.4923	0.4928	 1.551	 1.575	 1.448	 1.445	
val losses      114:	0.4905	0.5433	0.3478	0.3321	  0.84	0.8774	0.4979	0.4889	 2.275	 2.196	 2.167	 2.157	 | 1.101 mean
                     	 1.372	 1.538	0.9128	0.8498	 2.429	 2.509	 1.238	 1.221	 6.924	 6.763	 5.316	 5.361	 | 4.047 quantile
                      	 6.406	 7.223	 2.525	 1.903	 5.876	 5.578	 2.179	  2.32	 12.73	 13.16	 8.539	 8.185	 | 13.16 max

train losses    116:	 0.562	  0.59	0.3745	  0.37	0.7215	 0.755	0.4918	0.4929	 1.551	 1.574	 1.449	 1.445	
val losses      116:	0.4902	0.5431	0.3477	0.3321	0.8398	0.8772	0.4978	 0.489	 2.275	 2.196	 2.166	 2.157	 | 1.101 mean
                     	 1.371	 1.537	0.9128	0.8498	 2.429	 2.509	 1.238	 1.221	 6.924	 6.763	 5.314	 5.361	 | 4.047 quantile
                      	 6.402	 7.218	 2.527	 1.902	 5.876	 5.578	 2.178	  2.32	 12.73	 13.16	 8.539	 8.185	 | 13.16 max

train losses    118:	0.5607	0.5887	0.3741	0.3698	0.7219	 0.755	0.4913	 0.493	  1.55	 1.574	 1.448	 1.445	
val losses      118:	0.4898	0.5429	0.3477	0.3321	0.8396	0.8771	0.4977	0.4889	 2.275	 2.196	 2.166	 2.157	 | 1.101 mean
                     	  1.37	 1.536	0.9126	0.8497	 2.429	 2.509	 1.239	 1.221	 6.923	 6.763	 5.314	 5.361	 | 4.047 quantile
                      	 6.397	 7.213	 2.528	 1.902	 5.876	 5.578	 2.178	  2.32	 12.73	 13.16	 8.539	 8.185	 | 13.16 max

train losses    120:	0.5615	0.5888	0.3744	0.3698	0.7213	0.7548	 0.492	0.4926	 1.551	 1.574	 1.448	 1.445	
val losses      120:	0.4895	0.5427	0.3477	0.3321	0.8394	 0.877	0.4977	0.4889	 2.274	 2.196	 2.166	 2.157	 | 1.101 mean
                     	 1.369	 1.536	0.9127	0.8497	 2.429	 2.509	 1.239	 1.221	 6.923	 6.763	 5.314	 5.361	 | 4.046 quantile
                      	 6.393	 7.208	  2.53	 1.902	 5.876	 5.577	 2.177	  2.32	 12.73	 13.16	 8.538	 8.184	 | 13.16 max

train losses    122:	0.5607	0.5885	0.3741	0.3695	0.7206	0.7549	0.4914	0.4926	 1.551	 1.574	 1.448	 1.445	
val losses      122:	0.4891	0.5425	0.3477	0.3321	0.8393	0.8768	0.4976	0.4889	 2.274	 2.196	 2.166	 2.157	 | 1.101 mean
                     	 1.369	 1.535	0.9127	0.8496	 2.428	 2.509	  1.24	 1.221	 6.923	 6.763	 5.313	  5.36	 | 4.046 quantile
                      	 6.389	 7.204	 2.531	 1.902	 5.876	 5.576	 2.177	 2.319	 12.73	 13.16	 8.538	 8.184	 | 13.16 max

train losses    124:	0.5607	0.5878	0.3742	0.3698	0.7205	0.7552	0.4914	0.4933	  1.55	 1.574	 1.449	 1.445	
val losses      124:	0.4888	0.5423	0.3477	 0.332	0.8391	0.8767	0.4975	0.4889	 2.274	 2.196	 2.166	 2.157	 | 1.1 mean
                     	 1.369	 1.534	0.9121	0.8496	 2.428	 2.508	 1.241	  1.22	 6.922	 6.763	 5.313	  5.36	 | 4.045 quantile
                      	 6.385	 7.199	 2.533	 1.901	 5.875	 5.576	 2.176	 2.319	 12.73	 13.16	 8.538	 8.184	 | 13.16 max

train losses    126:	0.5596	0.5871	0.3742	0.3702	0.7205	0.7549	 0.492	0.4929	  1.55	 1.574	 1.448	 1.445	
val losses      126:	0.4885	0.5421	0.3477	 0.332	0.8389	0.8766	0.4974	0.4889	 2.274	 2.196	 2.166	 2.157	 | 1.1 mean
                     	 1.369	 1.534	0.9122	0.8497	 2.428	 2.508	 1.241	  1.22	 6.922	 6.762	 5.313	 5.359	 | 4.045 quantile
                      	  6.38	 7.194	 2.535	 1.901	 5.875	 5.575	 2.176	 2.319	 12.72	 13.16	 8.537	 8.183	 | 13.16 max

train losses    128:	0.5595	0.5874	0.3741	0.3697	0.7207	0.7544	0.4914	0.4922	  1.55	 1.574	 1.448	 1.444	
val losses      128:	0.4881	0.5419	0.3476	 0.332	0.8387	0.8764	0.4973	0.4889	 2.274	 2.196	 2.166	 2.157	 | 1.1 mean
                     	 1.369	 1.533	0.9121	0.8496	 2.427	 2.508	 1.241	  1.22	 6.921	 6.762	 5.313	 5.359	 | 4.045 quantile
                      	 6.376	 7.189	 2.536	   1.9	 5.875	 5.575	 2.175	 2.319	 12.72	 13.16	 8.537	 8.183	 | 13.16 max

train losses    130:	0.5591	0.5871	0.3739	0.3696	 0.721	0.7546	0.4901	0.4925	  1.55	 1.574	 1.448	 1.445	
val losses      130:	0.4878	0.5417	0.3476	0.3319	0.8385	0.8763	0.4972	0.4889	 2.274	 2.196	 2.165	 2.157	 | 1.1 mean
                     	 1.369	 1.532	0.9117	0.8498	 2.427	 2.507	 1.241	  1.22	 6.921	 6.762	 5.313	 5.359	 | 4.044 quantile
                      	 6.372	 7.185	 2.538	   1.9	 5.874	 5.575	 2.175	 2.319	 12.72	 13.16	 8.536	 8.182	 | 13.16 max

train losses    132:	0.5585	0.5877	0.3739	0.3695	0.7204	0.7545	0.4919	0.4927	  1.55	 1.574	 1.447	 1.445	
val losses      132:	0.4875	0.5415	0.3476	0.3319	0.8383	0.8761	0.4971	0.4889	 2.273	 2.195	 2.165	 2.157	 | 1.1 mean
                     	 1.368	 1.531	0.9115	0.8499	 2.426	 2.507	  1.24	  1.22	  6.92	 6.762	 5.313	 5.359	 | 4.044 quantile
                      	 6.368	  7.18	 2.539	 1.899	 5.874	 5.574	 2.174	 2.318	 12.72	 13.16	 8.536	 8.182	 | 13.16 max

train losses    134:	0.5585	0.5864	0.3745	0.3697	0.7198	 0.754	0.4913	0.4931	  1.55	 1.574	 1.448	 1.445	
val losses      134:	0.4871	0.5413	0.3476	0.3319	0.8381	 0.876	 0.497	0.4889	 2.273	 2.195	 2.165	 2.157	 | 1.1 mean
                     	 1.367	  1.53	0.9117	0.8496	 2.426	 2.507	  1.24	  1.22	  6.92	 6.761	 5.313	 5.359	 | 4.044 quantile
                      	 6.364	 7.175	 2.541	 1.899	 5.874	 5.573	 2.174	 2.318	 12.72	 13.16	 8.536	 8.182	 | 13.16 max

train losses    136:	0.5576	0.5863	0.3741	0.3695	  0.72	 0.754	0.4901	 0.492	  1.55	 1.574	 1.447	 1.445	
val losses      136:	0.4869	0.5412	0.3476	0.3319	0.8379	0.8759	0.4969	 0.489	 2.273	 2.195	 2.165	 2.157	 | 1.1 mean
                     	 1.366	 1.529	0.9117	0.8494	 2.425	 2.507	  1.24	 1.221	 6.919	 6.761	 5.312	  5.36	 | 4.044 quantile
                      	  6.36	 7.171	 2.542	 1.899	 5.873	 5.573	 2.173	 2.318	 12.72	 13.16	 8.535	 8.181	 | 13.16 max

train losses    138:	0.5577	0.5856	0.3737	0.3694	0.7193	0.7541	0.4907	0.4927	 1.549	 1.574	 1.447	 1.444	
val losses      138:	0.4866	0.5409	0.3476	0.3318	0.8377	0.8757	0.4968	 0.489	 2.273	 2.195	 2.165	 2.157	 | 1.1 mean
                     	 1.365	 1.528	0.9117	0.8492	 2.425	 2.507	 1.239	 1.221	 6.919	 6.761	 5.312	  5.36	 | 4.044 quantile
                      	 6.356	 7.166	 2.544	 1.898	 5.873	 5.573	 2.172	 2.318	 12.72	 13.16	 8.535	 8.181	 | 13.16 max

train losses    140:	0.5569	 0.586	0.3739	0.3695	0.7192	0.7541	0.4903	0.4921	  1.55	 1.574	 1.447	 1.444	
val losses      140:	0.4863	0.5408	0.3475	0.3318	0.8375	0.8756	0.4968	0.4889	 2.273	 2.195	 2.165	 2.157	 | 1.1 mean
                     	 1.363	 1.526	0.9115	0.8491	 2.425	 2.506	 1.239	  1.22	 6.919	  6.76	 5.312	  5.36	 | 4.043 quantile
                      	 6.352	 7.162	 2.545	 1.898	 5.873	 5.572	 2.172	 2.317	 12.72	 13.16	 8.535	 8.181	 | 13.16 max

train losses    142:	0.5559	0.5852	0.3742	 0.369	0.7197	0.7531	0.4908	0.4922	 1.549	 1.573	 1.447	 1.444	
val losses      142:	 0.486	0.5406	0.3475	0.3318	0.8373	0.8755	0.4967	0.4889	 2.272	 2.195	 2.165	 2.157	 | 1.099 mean
                     	 1.362	 1.527	0.9112	0.8489	 2.425	 2.506	 1.239	  1.22	 6.918	  6.76	 5.312	  5.36	 | 4.043 quantile
                      	 6.348	 7.157	 2.546	 1.898	 5.872	 5.571	 2.171	 2.317	 12.71	 13.16	 8.534	  8.18	 | 13.16 max

train losses    144:	0.5568	0.5849	0.3742	0.3695	 0.719	0.7538	0.4921	0.4919	 1.549	 1.573	 1.447	 1.444	
val losses      144:	0.4857	0.5404	0.3475	0.3318	0.8371	0.8753	0.4966	 0.489	 2.272	 2.195	 2.164	 2.156	 | 1.099 mean
                     	  1.36	 1.526	0.9112	0.8486	 2.424	 2.506	 1.239	  1.22	 6.918	  6.76	 5.312	  5.36	 | 4.043 quantile
                      	 6.344	 7.153	 2.548	 1.897	 5.872	 5.571	 2.171	 2.317	 12.71	 13.16	 8.534	  8.18	 | 13.16 max

train losses    146:	0.5554	 0.585	0.3747	0.3697	0.7188	 0.754	0.4903	0.4919	 1.549	 1.574	 1.447	 1.444	
val losses      146:	0.4854	0.5402	0.3475	0.3317	0.8369	0.8752	0.4966	 0.489	 2.272	 2.195	 2.164	 2.156	 | 1.099 mean
                     	 1.359	 1.525	0.9113	0.8485	 2.424	 2.505	  1.24	 1.221	 6.917	  6.76	 5.312	  5.36	 | 4.042 quantile
                      	  6.34	 7.148	 2.549	 1.897	 5.871	  5.57	  2.17	 2.316	 12.71	 13.15	 8.534	 8.179	 | 13.15 max

train losses    148:	0.5553	0.5843	0.3741	0.3691	0.7182	 0.753	0.4905	0.4917	 1.549	 1.574	 1.447	 1.445	
val losses      148:	0.4851	  0.54	0.3475	0.3317	0.8368	0.8751	0.4965	 0.489	 2.272	 2.195	 2.164	 2.156	 | 1.099 mean
                     	 1.358	 1.525	0.9114	0.8483	 2.423	 2.504	  1.24	 1.221	 6.917	  6.76	 5.312	  5.36	 | 4.042 quantile
                      	 6.336	 7.144	  2.55	 1.896	 5.871	  5.57	 2.169	 2.316	 12.71	 13.15	 8.533	 8.179	 | 13.15 max

train losses    150:	 0.555	0.5843	0.3738	0.3695	0.7179	0.7535	0.4911	 0.491	 1.547	 1.574	 1.447	 1.444	
val losses      150:	0.4849	0.5399	0.3475	0.3317	0.8366	 0.875	0.4964	 0.489	 2.272	 2.195	 2.164	 2.156	 | 1.099 mean
                     	 1.357	 1.525	0.9115	 0.848	 2.423	 2.504	  1.24	 1.221	 6.917	 6.759	 5.312	  5.36	 | 4.041 quantile
                      	 6.333	 7.141	 2.551	 1.896	 5.871	 5.569	 2.169	 2.316	 12.71	 13.15	 8.533	 8.179	 | 13.15 max

train losses    152:	0.5553	0.5845	0.3737	0.3689	0.7186	0.7526	0.4904	0.4917	 1.549	 1.573	 1.447	 1.444	
val losses      152:	0.4848	0.5398	0.3475	0.3317	0.8365	0.8749	0.4964	 0.489	 2.272	 2.195	 2.164	 2.156	 | 1.099 mean
                     	 1.356	 1.525	0.9116	0.8479	 2.423	 2.504	  1.24	 1.221	 6.917	 6.759	 5.312	  5.36	 | 4.041 quantile
                      	 6.332	 7.139	 2.552	 1.896	 5.871	 5.569	 2.169	 2.316	 12.71	 13.15	 8.533	 8.179	 | 13.15 max

train losses    154:	0.5551	0.5842	0.3745	 0.369	0.7183	0.7528	0.4898	0.4922	 1.548	 1.573	 1.447	 1.444	
val losses      154:	0.4847	0.5398	0.3475	0.3317	0.8365	0.8749	0.4964	 0.489	 2.272	 2.195	 2.164	 2.156	 | 1.099 mean
                     	 1.355	 1.525	0.9115	0.8478	 2.423	 2.503	  1.24	 1.221	 6.916	 6.759	 5.312	  5.36	 | 4.041 quantile
                      	  6.33	 7.137	 2.552	 1.896	 5.871	 5.569	 2.168	 2.315	 12.71	 13.15	 8.533	 8.179	 | 13.15 max

train losses    156:	0.5547	0.5844	0.3739	0.3695	0.7182	0.7536	0.4898	0.4921	 1.549	 1.573	 1.446	 1.444	
val losses      156:	0.4845	0.5397	0.3474	0.3317	0.8364	0.8748	0.4963	 0.489	 2.271	 2.195	 2.164	 2.156	 | 1.099 mean
                     	 1.354	 1.525	0.9114	0.8478	 2.423	 2.503	  1.24	 1.221	 6.916	 6.759	 5.312	  5.36	 | 4.041 quantile
                      	 6.329	 7.135	 2.552	 1.896	  5.87	 5.569	 2.168	 2.315	 12.71	 13.15	 8.533	 8.179	 | 13.15 max

train losses    158:	0.5542	0.5841	0.3741	0.3695	0.7182	0.7528	0.4902	0.4919	 1.548	 1.573	 1.447	 1.444	
val losses      158:	0.4844	0.5396	0.3474	0.3317	0.8363	0.8748	0.4963	 0.489	 2.271	 2.195	 2.164	 2.156	 | 1.099 mean
                     	 1.354	 1.525	0.9113	0.8477	 2.422	 2.503	  1.24	 1.221	 6.916	 6.759	 5.312	  5.36	 | 4.04 quantile
                      	 6.327	 7.134	 2.553	 1.896	  5.87	 5.569	 2.168	 2.315	 12.71	 13.15	 8.532	 8.179	 | 13.15 max

train losses    160:	0.5543	0.5842	0.3745	0.3692	0.7188	0.7535	0.4903	0.4917	 1.549	 1.573	 1.447	 1.444	
val losses      160:	0.4843	0.5395	0.3474	0.3317	0.8362	0.8747	0.4963	 0.489	 2.271	 2.195	 2.164	 2.156	 | 1.099 mean
                     	 1.353	 1.526	0.9111	0.8476	 2.422	 2.503	  1.24	 1.221	 6.916	 6.759	 5.312	  5.36	 | 4.04 quantile
                      	 6.326	 7.132	 2.553	 1.895	  5.87	 5.568	 2.168	 2.315	 12.71	 13.15	 8.532	 8.178	 | 13.15 max

train losses    162:	0.5539	0.5839	0.3739	 0.369	0.7183	0.7523	0.4903	0.4915	 1.549	 1.573	 1.447	 1.444	
val losses      162:	0.4842	0.5395	0.3474	0.3316	0.8362	0.8747	0.4963	 0.489	 2.271	 2.195	 2.164	 2.156	 | 1.099 mean
                     	 1.352	 1.526	 0.911	0.8476	 2.422	 2.502	  1.24	 1.221	 6.916	 6.759	 5.312	 5.359	 | 4.04 quantile
                      	 6.324	  7.13	 2.554	 1.895	  5.87	 5.568	 2.168	 2.315	 12.71	 13.15	 8.532	 8.178	 | 13.15 max

train losses    164:	0.5541	0.5834	 0.374	0.3686	0.7182	 0.753	0.4902	 0.492	 1.548	 1.573	 1.446	 1.444	
val losses      164:	0.4841	0.5394	0.3474	0.3316	0.8361	0.8746	0.4962	 0.489	 2.271	 2.195	 2.164	 2.156	 | 1.099 mean
                     	 1.352	 1.526	0.9109	0.8475	 2.422	 2.502	 1.239	 1.221	 6.916	 6.759	 5.312	 5.359	 | 4.04 quantile
                      	 6.323	 7.128	 2.554	 1.895	  5.87	 5.568	 2.167	 2.315	 12.71	 13.15	 8.532	 8.178	 | 13.15 max

train losses    166:	0.5545	0.5832	0.3736	0.3691	0.7179	0.7527	 0.491	0.4917	 1.548	 1.573	 1.447	 1.444	
val losses      166:	 0.484	0.5393	0.3474	0.3316	 0.836	0.8745	0.4962	 0.489	 2.271	 2.195	 2.164	 2.156	 | 1.099 mean
                     	 1.351	 1.526	0.9107	0.8474	 2.422	 2.502	 1.239	 1.221	 6.916	 6.759	 5.312	 5.359	 | 4.04 quantile
                      	 6.321	 7.127	 2.555	 1.895	 5.869	 5.568	 2.167	 2.315	 12.71	 13.15	 8.532	 8.178	 | 13.15 max

train losses    168:	0.5544	0.5832	0.3741	0.3689	0.7179	0.7528	0.4896	 0.491	 1.547	 1.573	 1.446	 1.444	
val losses      168:	0.4839	0.5393	0.3474	0.3316	0.8359	0.8745	0.4962	 0.489	 2.271	 2.194	 2.163	 2.156	 | 1.099 mean
                     	  1.35	 1.526	0.9105	0.8474	 2.422	 2.502	 1.239	 1.221	 6.915	 6.759	 5.312	 5.359	 | 4.04 quantile
                      	  6.32	 7.125	 2.555	 1.895	 5.869	 5.568	 2.167	 2.315	  12.7	 13.15	 8.532	 8.178	 | 13.15 max

train losses    170:	0.5536	0.5837	0.3737	0.3692	0.7174	0.7524	0.4895	 0.492	 1.547	 1.573	 1.446	 1.444	
val losses      170:	0.4838	0.5392	0.3474	0.3316	0.8359	0.8744	0.4962	 0.489	 2.271	 2.194	 2.163	 2.156	 | 1.099 mean
                     	 1.349	 1.526	0.9104	0.8474	 2.422	 2.502	 1.239	 1.221	 6.915	 6.759	 5.312	 5.359	 | 4.04 quantile
                      	 6.318	 7.123	 2.556	 1.895	 5.869	 5.567	 2.167	 2.314	  12.7	 13.15	 8.531	 8.178	 | 13.15 max

train losses    172:	0.5533	0.5835	0.3739	0.3692	 0.718	0.7527	0.4908	0.4915	 1.548	 1.573	 1.446	 1.444	
val losses      172:	0.4836	0.5391	0.3474	0.3316	0.8358	0.8744	0.4961	 0.489	 2.271	 2.194	 2.163	 2.156	 | 1.098 mean
                     	 1.349	 1.526	0.9105	0.8474	 2.422	 2.501	 1.239	 1.221	 6.915	 6.759	 5.312	 5.359	 | 4.04 quantile
                      	 6.317	 7.121	 2.556	 1.895	 5.869	 5.567	 2.166	 2.314	  12.7	 13.15	 8.531	 8.178	 | 13.15 max

train losses    174:	0.5531	0.5837	0.3739	0.3692	0.7172	0.7528	0.4903	0.4914	 1.548	 1.573	 1.446	 1.444	
val losses      174:	0.4835	0.5391	0.3474	0.3316	0.8357	0.8743	0.4961	 0.489	 2.271	 2.194	 2.163	 2.156	 | 1.098 mean
                     	 1.349	 1.526	0.9105	0.8473	 2.422	 2.501	 1.239	 1.221	 6.915	 6.759	 5.313	 5.359	 | 4.04 quantile
                      	 6.315	  7.12	 2.556	 1.895	 5.869	 5.567	 2.166	 2.314	  12.7	 13.15	 8.531	 8.177	 | 13.15 max

train losses    176:	0.5531	0.5829	0.3739	0.3692	 0.718	0.7528	0.4898	0.4921	 1.548	 1.573	 1.446	 1.444	
val losses      176:	0.4834	 0.539	0.3474	0.3316	0.8356	0.8743	0.4961	 0.489	 2.271	 2.194	 2.163	 2.156	 | 1.098 mean
                     	 1.349	 1.526	0.9107	0.8472	 2.422	 2.501	 1.239	 1.221	 6.915	 6.758	 5.313	 5.359	 | 4.04 quantile
                      	 6.313	 7.118	 2.557	 1.894	 5.868	 5.566	 2.166	 2.314	  12.7	 13.15	 8.531	 8.177	 | 13.15 max

train losses    178:	 0.553	0.5833	 0.374	0.3687	0.7179	 0.752	0.4896	0.4918	 1.549	 1.573	 1.446	 1.444	
val losses      178:	0.4833	0.5389	0.3474	0.3316	0.8356	0.8742	 0.496	 0.489	 2.271	 2.194	 2.163	 2.156	 | 1.098 mean
                     	 1.348	 1.526	0.9108	0.8471	 2.422	 2.501	 1.239	 1.221	 6.915	 6.758	 5.313	 5.359	 | 4.04 quantile
                      	 6.312	 7.116	 2.557	 1.894	 5.868	 5.566	 2.166	 2.314	  12.7	 13.15	 8.531	 8.177	 | 13.15 max

train losses    180:	0.5526	0.5831	0.3734	0.3686	0.7171	0.7524	0.4897	 0.491	 1.547	 1.573	 1.446	 1.444	
val losses      180:	0.4832	0.5388	0.3474	0.3316	0.8355	0.8742	 0.496	 0.489	 2.271	 2.194	 2.163	 2.156	 | 1.098 mean
                     	 1.348	 1.525	0.9108	0.8469	 2.422	 2.501	 1.238	 1.221	 6.914	 6.758	 5.313	 5.358	 | 4.04 quantile
                      	  6.31	 7.114	 2.558	 1.894	 5.868	 5.566	 2.166	 2.313	  12.7	 13.15	 8.531	 8.177	 | 13.15 max

train losses    182:	0.5533	0.5827	0.3738	0.3689	0.7172	0.7524	  0.49	0.4913	 1.547	 1.573	 1.446	 1.444	
val losses      182:	0.4831	0.5388	0.3474	0.3316	0.8354	0.8741	 0.496	 0.489	  2.27	 2.194	 2.163	 2.156	 | 1.098 mean
                     	 1.347	 1.525	0.9109	0.8469	 2.422	 2.501	 1.238	 1.221	 6.914	 6.758	 5.313	 5.358	 | 4.04 quantile
                      	 6.309	 7.113	 2.558	 1.894	 5.868	 5.566	 2.165	 2.313	  12.7	 13.15	  8.53	 8.177	 | 13.15 max

train losses    184:	0.5527	0.5826	 0.374	0.3686	 0.717	0.7523	0.4897	0.4914	 1.547	 1.573	 1.447	 1.444	
val losses      184:	 0.483	0.5387	0.3474	0.3315	0.8353	0.8741	 0.496	 0.489	  2.27	 2.194	 2.163	 2.156	 | 1.098 mean
                     	 1.347	 1.525	0.9109	0.8469	 2.422	 2.501	 1.238	 1.221	 6.914	 6.758	 5.313	 5.358	 | 4.04 quantile
                      	 6.307	 7.111	 2.558	 1.894	 5.868	 5.565	 2.165	 2.313	  12.7	 13.15	  8.53	 8.177	 | 13.15 max

train losses    186:	 0.552	0.5834	0.3734	 0.369	0.7171	 0.753	0.4899	 0.492	 1.547	 1.573	 1.446	 1.443	
val losses      186:	0.4829	0.5386	0.3474	0.3315	0.8353	 0.874	0.4959	 0.489	  2.27	 2.194	 2.163	 2.156	 | 1.098 mean
                     	 1.347	 1.525	0.9109	0.8469	 2.422	 2.501	 1.238	 1.221	 6.914	 6.758	 5.313	 5.358	 | 4.04 quantile
                      	 6.306	 7.109	 2.559	 1.894	 5.867	 5.565	 2.165	 2.313	  12.7	 13.15	  8.53	 8.177	 | 13.15 max

train losses    188:	0.5519	0.5827	0.3731	0.3688	 0.717	0.7519	0.4903	0.4913	 1.548	 1.572	 1.446	 1.443	
val losses      188:	0.4827	0.5386	0.3473	0.3315	0.8352	 0.874	0.4959	 0.489	  2.27	 2.194	 2.163	 2.156	 | 1.098 mean
                     	 1.346	 1.525	 0.911	 0.847	 2.422	 2.501	 1.238	 1.221	 6.914	 6.758	 5.313	 5.358	 | 4.039 quantile
                      	 6.304	 7.108	 2.559	 1.894	 5.867	 5.565	 2.165	 2.313	  12.7	 13.15	  8.53	 8.177	 | 13.15 max

train losses    190:	 0.552	0.5821	0.3741	0.3685	0.7171	0.7525	0.4893	0.4913	 1.547	 1.573	 1.446	 1.443	
val losses      190:	0.4826	0.5385	0.3473	0.3315	0.8351	0.8739	0.4959	 0.489	  2.27	 2.194	 2.163	 2.156	 | 1.098 mean
                     	 1.346	 1.524	 0.911	0.8471	 2.422	 2.501	 1.238	 1.221	 6.913	 6.758	 5.313	 5.358	 | 4.039 quantile
                      	 6.303	 7.106	  2.56	 1.894	 5.867	 5.565	 2.165	 2.313	  12.7	 13.15	  8.53	 8.176	 | 13.15 max

train losses    192:	0.5523	0.5822	0.3736	 0.369	0.7155	0.7518	0.4892	0.4921	 1.546	 1.573	 1.446	 1.444	
val losses      192:	0.4825	0.5384	0.3473	0.3315	 0.835	0.8738	0.4958	 0.489	  2.27	 2.194	 2.163	 2.156	 | 1.098 mean
                     	 1.346	 1.524	 0.911	0.8471	 2.422	 2.501	 1.238	 1.221	 6.913	 6.758	 5.313	 5.358	 | 4.038 quantile
                      	 6.301	 7.104	  2.56	 1.893	 5.867	 5.564	 2.164	 2.312	  12.7	 13.15	  8.53	 8.176	 | 13.15 max

train losses    194:	0.5513	0.5823	0.3737	0.3686	0.7174	0.7519	0.4895	0.4908	 1.547	 1.573	 1.446	 1.444	
val losses      194:	0.4824	0.5383	0.3473	0.3315	 0.835	0.8738	0.4958	 0.489	  2.27	 2.194	 2.163	 2.156	 | 1.098 mean
                     	 1.346	 1.524	 0.911	0.8472	 2.422	 2.501	 1.238	 1.221	 6.913	 6.758	 5.313	 5.358	 | 4.038 quantile
                      	   6.3	 7.103	  2.56	 1.893	 5.866	 5.564	 2.164	 2.312	  12.7	 13.15	 8.529	 8.176	 | 13.15 max

train losses    196:	0.5517	0.5823	0.3741	0.3686	0.7165	 0.752	0.4898	0.4916	 1.547	 1.572	 1.446	 1.444	
val losses      196:	0.4823	0.5383	0.3473	0.3315	0.8349	0.8737	0.4958	 0.489	  2.27	 2.194	 2.163	 2.156	 | 1.098 mean
                     	 1.346	 1.524	0.9111	0.8471	 2.421	 2.501	 1.237	 1.221	 6.913	 6.758	 5.313	 5.358	 | 4.037 quantile
                      	 6.298	 7.101	 2.561	 1.893	 5.866	 5.564	 2.164	 2.312	  12.7	 13.15	 8.529	 8.176	 | 13.15 max

train losses    198:	0.5512	0.5818	0.3736	 0.369	0.7172	0.7511	0.4894	 0.491	 1.547	 1.573	 1.446	 1.444	
val losses      198:	0.4822	0.5382	0.3473	0.3315	0.8348	0.8737	0.4957	 0.489	  2.27	 2.194	 2.163	 2.156	 | 1.098 mean
                     	 1.346	 1.524	0.9111	0.8471	 2.421	 2.501	 1.237	 1.221	 6.913	 6.758	 5.313	 5.358	 | 4.037 quantile
                      	 6.297	 7.099	 2.561	 1.893	 5.866	 5.564	 2.164	 2.312	  12.7	 13.15	 8.529	 8.176	 | 13.15 max

train losses    200:	0.5514	0.5819	0.3735	0.3691	0.7161	0.7517	0.4897	0.4914	 1.547	 1.572	 1.445	 1.443	
val losses      200:	0.4821	0.5381	0.3473	0.3315	0.8347	0.8736	0.4957	 0.489	  2.27	 2.194	 2.163	 2.156	 | 1.098 mean
                     	 1.345	 1.524	0.9111	0.8472	  2.42	 2.501	 1.237	 1.221	 6.912	 6.758	 5.313	 5.357	 | 4.037 quantile
                      	 6.296	 7.098	 2.562	 1.893	 5.866	 5.563	 2.163	 2.312	  12.7	 13.15	 8.529	 8.176	 | 13.15 max

train losses    202:	0.5505	 0.582	0.3742	0.3693	0.7164	0.7517	0.4903	0.4913	 1.547	 1.572	 1.446	 1.444	
val losses      202:	 0.482	0.5381	0.3473	0.3315	0.8347	0.8736	0.4957	 0.489	  2.27	 2.194	 2.163	 2.156	 | 1.098 mean
                     	 1.344	 1.524	0.9112	0.8472	  2.42	   2.5	 1.237	 1.221	 6.912	 6.758	 5.313	 5.357	 | 4.037 quantile
                      	 6.294	 7.096	 2.562	 1.893	 5.866	 5.563	 2.163	 2.312	  12.7	 13.15	 8.529	 8.176	 | 13.15 max

train losses    204:	0.5513	0.5821	0.3737	0.3686	0.7166	0.7515	0.4903	0.4908	 1.547	 1.572	 1.446	 1.444	
val losses      204:	0.4819	 0.538	0.3473	0.3315	0.8346	0.8735	0.4957	 0.489	  2.27	 2.194	 2.162	 2.155	 | 1.098 mean
                     	 1.344	 1.524	0.9113	0.8472	 2.419	   2.5	 1.237	 1.221	 6.912	 6.757	 5.313	 5.357	 | 4.038 quantile
                      	 6.293	 7.094	 2.562	 1.893	 5.865	 5.563	 2.163	 2.312	  12.7	 13.15	 8.529	 8.176	 | 13.15 max

train losses    206:	0.5508	0.5808	0.3737	0.3689	0.7166	0.7517	0.4895	0.4914	 1.547	 1.572	 1.446	 1.443	
val losses      206:	0.4818	0.5379	0.3473	0.3314	0.8345	0.8735	0.4956	 0.489	  2.27	 2.194	 2.162	 2.155	 | 1.098 mean
                     	 1.343	 1.524	0.9114	0.8472	 2.419	   2.5	 1.237	 1.221	 6.912	 6.757	 5.313	 5.357	 | 4.038 quantile
                      	 6.291	 7.093	 2.563	 1.892	 5.865	 5.563	 2.163	 2.311	  12.7	 13.15	 8.529	 8.175	 | 13.15 max

train losses    208:	0.5508	 0.582	0.3729	0.3687	0.7162	0.7516	0.4891	0.4909	 1.547	 1.573	 1.446	 1.443	
val losses      208:	0.4817	0.5379	0.3473	0.3314	0.8344	0.8734	0.4956	 0.489	 2.269	 2.194	 2.162	 2.155	 | 1.098 mean
                     	 1.343	 1.524	0.9114	0.8472	 2.418	   2.5	 1.237	 1.221	 6.912	 6.757	 5.313	 5.356	 | 4.038 quantile
                      	  6.29	 7.091	 2.563	 1.892	 5.865	 5.562	 2.163	 2.311	  12.7	 13.15	 8.528	 8.175	 | 13.15 max

train losses    210:	0.5499	0.5819	0.3737	0.3688	0.7159	0.7512	0.4901	0.4907	 1.546	 1.573	 1.445	 1.444	
val losses      210:	0.4816	0.5378	0.3473	0.3314	0.8344	0.8734	0.4956	 0.489	 2.269	 2.194	 2.162	 2.155	 | 1.098 mean
                     	 1.343	 1.523	0.9116	0.8475	 2.418	   2.5	 1.237	 1.221	 6.911	 6.757	 5.312	 5.356	 | 4.038 quantile
                      	 6.288	 7.089	 2.564	 1.892	 5.865	 5.562	 2.162	 2.311	 12.69	 13.15	 8.528	 8.175	 | 13.15 max

train losses    212:	0.5507	0.5811	0.3736	0.3684	0.7156	0.7519	0.4895	0.4905	 1.546	 1.573	 1.445	 1.444	
val losses      212:	0.4815	0.5377	0.3473	0.3314	0.8343	0.8733	0.4956	 0.489	 2.269	 2.194	 2.162	 2.155	 | 1.098 mean
                     	 1.343	 1.523	0.9117	0.8476	 2.418	   2.5	 1.237	  1.22	 6.911	 6.757	 5.312	 5.356	 | 4.038 quantile
                      	 6.287	 7.088	 2.564	 1.892	 5.864	 5.562	 2.162	 2.311	 12.69	 13.15	 8.528	 8.175	 | 13.15 max

train losses    214:	0.5502	0.5811	0.3737	0.3681	0.7161	0.7517	0.4898	0.4916	 1.547	 1.573	 1.445	 1.444	
val losses      214:	0.4814	0.5377	0.3473	0.3314	0.8342	0.8733	0.4955	 0.489	 2.269	 2.194	 2.162	 2.155	 | 1.098 mean
                     	 1.342	 1.523	0.9118	0.8476	 2.418	   2.5	 1.237	  1.22	 6.911	 6.757	 5.312	 5.356	 | 4.038 quantile
                      	 6.285	 7.086	 2.564	 1.892	 5.864	 5.562	 2.162	 2.311	 12.69	 13.15	 8.528	 8.175	 | 13.15 max

train losses    216:	0.5499	0.5809	0.3741	0.3687	0.7165	0.7515	0.4895	0.4915	 1.547	 1.572	 1.445	 1.444	
val losses      216:	0.4813	0.5376	0.3473	0.3314	0.8341	0.8732	0.4955	 0.489	 2.269	 2.194	 2.162	 2.155	 | 1.097 mean
                     	 1.342	 1.523	0.9119	0.8476	 2.418	   2.5	 1.238	  1.22	 6.911	 6.757	 5.312	 5.356	 | 4.037 quantile
                      	 6.284	 7.084	 2.565	 1.892	 5.864	 5.561	 2.162	  2.31	 12.69	 13.15	 8.528	 8.175	 | 13.15 max

train losses    218:	0.5502	0.5808	0.3738	0.3686	0.7158	0.7515	0.4893	0.4913	 1.547	 1.572	 1.446	 1.443	
val losses      218:	0.4812	0.5375	0.3473	0.3314	0.8341	0.8732	0.4955	 0.489	 2.269	 2.194	 2.162	 2.155	 | 1.097 mean
                     	 1.342	 1.523	 0.912	0.8476	 2.418	   2.5	 1.238	  1.22	 6.911	 6.757	 5.312	 5.355	 | 4.037 quantile
                      	 6.283	 7.083	 2.565	 1.892	 5.864	 5.561	 2.162	  2.31	 12.69	 13.15	 8.528	 8.175	 | 13.15 max

train losses    220:	0.5491	0.5809	0.3734	0.3681	0.7163	0.7509	0.4893	0.4915	 1.546	 1.572	 1.445	 1.443	
val losses      220:	0.4811	0.5375	0.3472	0.3314	 0.834	0.8731	0.4955	 0.489	 2.269	 2.194	 2.162	 2.155	 | 1.097 mean
                     	 1.341	 1.523	0.9121	0.8476	 2.418	   2.5	 1.238	  1.22	  6.91	 6.757	 5.311	 5.355	 | 4.037 quantile
                      	 6.281	 7.081	 2.565	 1.892	 5.864	 5.561	 2.162	  2.31	 12.69	 13.15	 8.527	 8.175	 | 13.15 max

train losses    222:	0.5497	0.5807	0.3742	0.3684	0.7163	0.7512	0.4894	 0.491	 1.547	 1.573	 1.445	 1.444	
val losses      222:	 0.481	0.5374	0.3472	0.3314	0.8339	 0.873	0.4954	 0.489	 2.269	 2.194	 2.162	 2.155	 | 1.097 mean
                     	 1.341	 1.523	0.9122	0.8476	 2.417	   2.5	 1.238	  1.22	  6.91	 6.757	 5.311	 5.355	 | 4.037 quantile
                      	  6.28	 7.079	 2.566	 1.891	 5.864	 5.561	 2.161	  2.31	 12.69	 13.15	 8.527	 8.174	 | 13.15 max

train losses    224:	0.5495	 0.581	0.3735	0.3687	0.7157	 0.751	0.4888	0.4917	 1.546	 1.572	 1.445	 1.444	
val losses      224:	0.4809	0.5373	0.3472	0.3314	0.8338	 0.873	0.4954	 0.489	 2.269	 2.194	 2.162	 2.155	 | 1.097 mean
                     	 1.341	 1.523	0.9123	0.8476	 2.417	   2.5	 1.238	  1.22	  6.91	 6.757	 5.311	 5.355	 | 4.037 quantile
                      	 6.279	 7.078	 2.566	 1.891	 5.863	  5.56	 2.161	  2.31	 12.69	 13.15	 8.527	 8.174	 | 13.15 max

train losses    226:	0.5496	0.5809	0.3739	0.3689	0.7163	0.7513	0.4893	0.4914	 1.547	 1.572	 1.446	 1.443	
val losses      226:	0.4808	0.5373	0.3472	0.3313	0.8338	0.8729	0.4954	 0.489	 2.269	 2.194	 2.162	 2.155	 | 1.097 mean
                     	 1.341	 1.523	0.9123	0.8476	 2.417	   2.5	 1.238	  1.22	 6.909	 6.756	 5.311	 5.355	 | 4.037 quantile
                      	 6.277	 7.076	 2.567	 1.891	 5.863	  5.56	 2.161	 2.309	 12.69	 13.15	 8.527	 8.174	 | 13.15 max

train losses    228:	0.5492	0.5806	 0.374	0.3685	0.7157	0.7511	0.4899	0.4912	 1.547	 1.572	 1.446	 1.443	
val losses      228:	0.4807	0.5372	0.3472	0.3313	0.8337	0.8729	0.4954	 0.489	 2.269	 2.194	 2.162	 2.155	 | 1.097 mean
                     	 1.341	 1.523	0.9124	0.8478	 2.417	   2.5	 1.238	  1.22	 6.909	 6.756	 5.311	 5.355	 | 4.037 quantile
                      	 6.276	 7.074	 2.567	 1.891	 5.863	  5.56	 2.161	 2.309	 12.69	 13.15	 8.527	 8.174	 | 13.15 max

train losses    230:	0.5499	0.5803	 0.374	0.3682	0.7157	0.7508	0.4897	0.4909	 1.547	 1.572	 1.445	 1.443	
val losses      230:	0.4806	0.5371	0.3472	0.3313	0.8336	0.8728	0.4953	 0.489	 2.269	 2.193	 2.162	 2.155	 | 1.097 mean
                     	  1.34	 1.523	0.9124	0.8479	 2.416	   2.5	 1.238	  1.22	 6.909	 6.756	 5.311	 5.355	 | 4.037 quantile
                      	 6.274	 7.073	 2.567	 1.891	 5.863	 5.559	 2.161	 2.309	 12.69	 13.15	 8.527	 8.174	 | 13.15 max

train losses    232:	0.5497	0.5802	0.3737	0.3683	0.7155	0.7508	 0.489	0.4913	 1.546	 1.572	 1.445	 1.443	
val losses      232:	0.4805	0.5371	0.3472	0.3313	0.8335	0.8728	0.4953	 0.489	 2.269	 2.193	 2.162	 2.155	 | 1.097 mean
                     	  1.34	 1.523	0.9123	 0.848	 2.416	   2.5	 1.238	  1.22	 6.908	 6.756	 5.311	 5.354	 | 4.037 quantile
                      	 6.273	 7.071	 2.568	 1.891	 5.863	 5.559	  2.16	 2.309	 12.69	 13.15	 8.526	 8.174	 | 13.15 max

train losses    234:	0.5488	0.5802	0.3738	0.3684	0.7155	0.7506	0.4896	0.4918	 1.547	 1.572	 1.445	 1.443	
val losses      234:	0.4803	 0.537	0.3472	0.3313	0.8335	0.8727	0.4953	 0.489	 2.268	 2.193	 2.162	 2.155	 | 1.097 mean
                     	  1.34	 1.523	 0.912	0.8481	 2.416	   2.5	 1.238	  1.22	 6.908	 6.756	 5.311	 5.354	 | 4.037 quantile
                      	 6.271	 7.069	 2.568	 1.891	 5.862	 5.559	  2.16	 2.309	 12.69	 13.15	 8.526	 8.174	 | 13.15 max

train losses    236:	0.5488	0.5808	 0.373	0.3682	0.7149	0.7508	0.4889	0.4907	 1.546	 1.573	 1.444	 1.443	
val losses      236:	0.4802	0.5369	0.3472	0.3313	0.8334	0.8727	0.4952	 0.489	 2.268	 2.193	 2.162	 2.155	 | 1.097 mean
                     	 1.339	 1.523	0.9118	0.8481	 2.416	   2.5	 1.238	  1.22	 6.908	 6.756	 5.311	 5.354	 | 4.037 quantile
                      	  6.27	 7.068	 2.568	  1.89	 5.862	 5.559	  2.16	 2.309	 12.69	 13.15	 8.526	 8.174	 | 13.15 max

train losses    238:	0.5496	  0.58	0.3734	0.3689	 0.715	0.7504	 0.489	0.4914	 1.546	 1.572	 1.445	 1.444	
val losses      238:	0.4801	0.5369	0.3472	0.3313	0.8333	0.8726	0.4952	 0.489	 2.268	 2.193	 2.161	 2.155	 | 1.097 mean
                     	 1.338	 1.523	0.9117	0.8481	 2.415	 2.499	 1.238	  1.22	 6.907	 6.756	  5.31	 5.354	 | 4.037 quantile
                      	 6.268	 7.066	 2.569	  1.89	 5.862	 5.558	  2.16	 2.308	 12.69	 13.15	 8.526	 8.174	 | 13.15 max

train losses    240:	0.5484	0.5795	0.3738	0.3678	0.7139	0.7502	0.4892	0.4916	 1.546	 1.572	 1.445	 1.443	
val losses      240:	  0.48	0.5368	0.3472	0.3313	0.8332	0.8726	0.4952	 0.489	 2.268	 2.193	 2.161	 2.155	 | 1.097 mean
                     	 1.337	 1.523	0.9118	0.8481	 2.415	 2.499	 1.238	  1.22	 6.907	 6.755	  5.31	 5.354	 | 4.037 quantile
                      	 6.267	 7.065	 2.569	  1.89	 5.862	 5.558	  2.16	 2.308	 12.69	 13.15	 8.526	 8.173	 | 13.15 max

train losses    242:	0.5485	0.5799	0.3735	0.3684	0.7156	0.7505	0.4893	0.4913	 1.545	 1.573	 1.445	 1.443	
val losses      242:	0.4799	0.5367	0.3472	0.3313	0.8332	0.8725	0.4952	 0.489	 2.268	 2.193	 2.161	 2.155	 | 1.097 mean
                     	 1.337	 1.523	0.9119	 0.848	 2.415	 2.499	 1.238	 1.219	 6.906	 6.755	  5.31	 5.354	 | 4.037 quantile
                      	 6.266	 7.063	 2.569	  1.89	 5.861	 5.558	 2.159	 2.308	 12.69	 13.15	 8.526	 8.173	 | 13.15 max

train losses    244:	 0.548	0.5798	0.3733	0.3684	0.7146	0.7503	0.4892	0.4915	 1.545	 1.573	 1.445	 1.443	
val losses      244:	0.4798	0.5366	0.3472	0.3313	0.8331	0.8725	0.4951	 0.489	 2.268	 2.193	 2.161	 2.155	 | 1.097 mean
                     	 1.336	 1.523	0.9119	0.8479	 2.414	 2.499	 1.238	 1.219	 6.905	 6.755	  5.31	 5.354	 | 4.037 quantile
                      	 6.264	 7.061	  2.57	  1.89	 5.861	 5.558	 2.159	 2.308	 12.69	 13.15	 8.525	 8.173	 | 13.15 max

train losses    246:	0.5478	0.5794	0.3738	0.3683	0.7139	0.7506	0.4887	0.4912	 1.547	 1.572	 1.445	 1.443	
val losses      246:	0.4797	0.5366	0.3472	0.3313	 0.833	0.8724	0.4951	 0.489	 2.268	 2.193	 2.161	 2.155	 | 1.097 mean
                     	 1.337	 1.522	0.9119	 0.848	 2.414	 2.499	 1.238	 1.219	 6.905	 6.755	  5.31	 5.354	 | 4.037 quantile
                      	 6.263	  7.06	  2.57	  1.89	 5.861	 5.557	 2.159	 2.308	 12.69	 13.15	 8.525	 8.173	 | 13.15 max

train losses    248:	0.5484	0.5795	 0.373	 0.368	 0.715	0.7505	0.4889	 0.491	 1.546	 1.572	 1.445	 1.443	
val losses      248:	0.4796	0.5365	0.3472	0.3313	0.8329	0.8724	0.4951	 0.489	 2.268	 2.193	 2.161	 2.155	 | 1.097 mean
                     	 1.336	 1.522	 0.912	0.8481	 2.414	 2.499	 1.239	 1.219	 6.904	 6.755	  5.31	 5.354	 | 4.037 quantile
                      	 6.262	 7.058	  2.57	  1.89	 5.861	 5.557	 2.159	 2.307	 12.69	 13.15	 8.525	 8.173	 | 13.15 max

train losses    250:	0.5479	0.5796	0.3737	0.3686	0.7143	0.7503	0.4891	 0.491	 1.546	 1.572	 1.445	 1.443	
val losses      250:	0.4796	0.5365	0.3472	0.3312	0.8329	0.8723	0.4951	 0.489	 2.268	 2.193	 2.161	 2.155	 | 1.097 mean
                     	 1.336	 1.522	0.9121	0.8482	 2.413	 2.499	 1.239	 1.219	 6.904	 6.755	 5.309	 5.354	 | 4.037 quantile
                      	 6.261	 7.057	 2.571	  1.89	  5.86	 5.557	 2.159	 2.307	 12.69	 13.15	 8.525	 8.173	 | 13.15 max

train losses    252:	0.5474	0.5792	0.3736	0.3681	0.7149	0.7506	0.4896	0.4915	 1.546	 1.572	 1.444	 1.443	
val losses      252:	0.4795	0.5364	0.3472	0.3312	0.8329	0.8723	 0.495	 0.489	 2.268	 2.193	 2.161	 2.155	 | 1.097 mean
                     	 1.336	 1.521	0.9121	0.8482	 2.413	 2.499	 1.239	 1.219	 6.904	 6.755	 5.309	 5.354	 | 4.037 quantile
                      	  6.26	 7.056	 2.571	  1.89	  5.86	 5.557	 2.158	 2.307	 12.69	 13.15	 8.525	 8.173	 | 13.15 max

train losses    254:	0.5475	0.5793	0.3733	0.3677	0.7146	0.7499	0.4889	 0.491	 1.546	 1.572	 1.445	 1.444	
val losses      254:	0.4795	0.5364	0.3472	0.3312	0.8328	0.8723	 0.495	 0.489	 2.268	 2.193	 2.161	 2.155	 | 1.097 mean
                     	 1.336	 1.521	0.9121	0.8482	 2.413	 2.499	 1.239	 1.219	 6.904	 6.755	  5.31	 5.354	 | 4.037 quantile
                      	  6.26	 7.056	 2.571	 1.889	  5.86	 5.557	 2.158	 2.307	 12.68	 13.15	 8.525	 8.173	 | 13.15 max

train losses    256:	0.5476	0.5787	0.3737	0.3685	0.7148	0.7506	0.4885	0.4909	 1.545	 1.572	 1.446	 1.443	
val losses      256:	0.4795	0.5364	0.3471	0.3312	0.8328	0.8723	 0.495	 0.489	 2.268	 2.193	 2.161	 2.155	 | 1.097 mean
                     	 1.336	 1.521	0.9121	0.8483	 2.413	 2.499	 1.239	 1.219	 6.903	 6.755	  5.31	 5.354	 | 4.037 quantile
                      	 6.259	 7.055	 2.571	 1.889	  5.86	 5.557	 2.158	 2.307	 12.68	 13.15	 8.525	 8.173	 | 13.15 max

train losses    258:	0.5482	0.5792	0.3734	0.3686	0.7147	 0.751	0.4893	 0.491	 1.546	 1.571	 1.445	 1.443	
val losses      258:	0.4794	0.5363	0.3471	0.3312	0.8328	0.8722	 0.495	 0.489	 2.268	 2.193	 2.161	 2.155	 | 1.097 mean
                     	 1.336	 1.521	0.9121	0.8482	 2.413	 2.499	 1.239	 1.219	 6.903	 6.755	  5.31	 5.354	 | 4.037 quantile
                      	 6.258	 7.055	 2.571	 1.889	  5.86	 5.557	 2.158	 2.307	 12.68	 13.15	 8.525	 8.173	 | 13.15 max

train losses    260:	0.5476	0.5793	0.3732	 0.369	0.7142	0.7504	0.4883	0.4906	 1.546	 1.572	 1.445	 1.443	
val losses      260:	0.4794	0.5363	0.3471	0.3312	0.8327	0.8722	 0.495	 0.489	 2.268	 2.193	 2.161	 2.155	 | 1.097 mean
                     	 1.336	 1.521	0.9121	0.8482	 2.413	 2.499	 1.239	 1.219	 6.903	 6.754	  5.31	 5.354	 | 4.037 quantile
                      	 6.258	 7.054	 2.571	 1.889	  5.86	 5.556	 2.158	 2.307	 12.68	 13.15	 8.525	 8.173	 | 13.15 max

train losses    262:	0.5483	0.5794	0.3736	0.3684	0.7142	0.7503	0.4893	0.4909	 1.546	 1.572	 1.445	 1.443	
val losses      262:	0.4794	0.5363	0.3471	0.3312	0.8327	0.8722	 0.495	 0.489	 2.268	 2.193	 2.161	 2.155	 | 1.097 mean
                     	 1.336	 1.521	 0.912	0.8481	 2.413	 2.499	 1.239	 1.219	 6.903	 6.754	  5.31	 5.354	 | 4.037 quantile
                      	 6.257	 7.053	 2.571	 1.889	  5.86	 5.556	 2.158	 2.307	 12.68	 13.15	 8.525	 8.173	 | 13.15 max

train losses    264:	0.5484	 0.579	0.3736	0.3683	0.7148	0.7502	 0.489	  0.49	 1.546	 1.572	 1.445	 1.443	
val losses      264:	0.4793	0.5363	0.3471	0.3312	0.8327	0.8722	 0.495	 0.489	 2.268	 2.193	 2.161	 2.155	 | 1.097 mean
                     	 1.336	 1.521	 0.912	0.8481	 2.412	 2.499	 1.239	 1.219	 6.902	 6.754	  5.31	 5.354	 | 4.036 quantile
                      	 6.257	 7.053	 2.572	 1.889	  5.86	 5.556	 2.158	 2.307	 12.68	 13.15	 8.524	 8.173	 | 13.15 max

train losses    266:	0.5474	0.5793	0.3738	0.3682	0.7143	0.7493	0.4886	0.4912	 1.545	 1.572	 1.444	 1.443	
val losses      266:	0.4793	0.5362	0.3471	0.3312	0.8326	0.8722	 0.495	 0.489	 2.268	 2.193	 2.161	 2.155	 | 1.097 mean
                     	 1.335	  1.52	 0.912	 0.848	 2.412	 2.499	 1.239	 1.219	 6.902	 6.754	  5.31	 5.354	 | 4.036 quantile
                      	 6.256	 7.052	 2.572	 1.889	  5.86	 5.556	 2.158	 2.307	 12.68	 13.15	 8.524	 8.173	 | 13.15 max

train losses    268:	0.5481	0.5794	0.3737	0.3685	0.7147	0.7504	0.4884	0.4905	 1.545	 1.572	 1.445	 1.443	
val losses      268:	0.4792	0.5362	0.3471	0.3312	0.8326	0.8721	 0.495	 0.489	 2.268	 2.193	 2.161	 2.155	 | 1.097 mean
                     	 1.335	  1.52	 0.912	0.8479	 2.412	 2.499	 1.239	 1.219	 6.902	 6.754	  5.31	 5.354	 | 4.036 quantile
                      	 6.256	 7.051	 2.572	 1.889	 5.859	 5.556	 2.158	 2.307	 12.68	 13.15	 8.524	 8.173	 | 13.15 max

train losses    270:	0.5478	0.5789	0.3736	0.3685	0.7148	  0.75	0.4888	0.4912	 1.546	 1.571	 1.444	 1.444	
val losses      270:	0.4792	0.5362	0.3471	0.3312	0.8326	0.8721	 0.495	 0.489	 2.268	 2.193	 2.161	 2.155	 | 1.097 mean
                     	 1.335	  1.52	 0.912	0.8479	 2.412	 2.499	 1.239	 1.219	 6.902	 6.754	  5.31	 5.354	 | 4.036 quantile
                      	 6.255	 7.051	 2.572	 1.889	 5.859	 5.556	 2.158	 2.306	 12.68	 13.15	 8.524	 8.173	 | 13.15 max

train losses    272:	 0.547	0.5795	0.3729	0.3679	 0.714	0.7499	 0.489	0.4908	 1.545	 1.572	 1.445	 1.442	
val losses      272:	0.4792	0.5362	0.3471	0.3312	0.8326	0.8721	0.4949	 0.489	 2.267	 2.193	 2.161	 2.155	 | 1.097 mean
                     	 1.334	  1.52	0.9119	0.8478	 2.412	 2.499	 1.239	 1.219	 6.902	 6.754	  5.31	 5.354	 | 4.036 quantile
                      	 6.255	  7.05	 2.572	 1.889	 5.859	 5.556	 2.158	 2.306	 12.68	 13.15	 8.524	 8.172	 | 13.15 max

train losses    274:	0.5473	0.5786	0.3733	0.3681	0.7141	0.7502	0.4891	0.4904	 1.546	 1.572	 1.445	 1.443	
val losses      274:	0.4791	0.5361	0.3471	0.3312	0.8325	0.8721	0.4949	 0.489	 2.267	 2.193	 2.161	 2.155	 | 1.097 mean
                     	 1.334	  1.52	0.9119	0.8478	 2.412	 2.499	 1.239	 1.219	 6.901	 6.754	  5.31	 5.354	 | 4.036 quantile
                      	 6.254	  7.05	 2.572	 1.889	 5.859	 5.556	 2.157	 2.306	 12.68	 13.15	 8.524	 8.172	 | 13.15 max

train losses    276:	0.5471	0.5787	0.3728	0.3683	0.7143	0.7505	0.4887	 0.491	 1.546	 1.572	 1.444	 1.443	
val losses      276:	0.4791	0.5361	0.3471	0.3312	0.8325	 0.872	0.4949	 0.489	 2.267	 2.193	 2.161	 2.155	 | 1.096 mean
                     	 1.334	  1.52	0.9119	0.8477	 2.411	 2.499	 1.239	 1.219	 6.901	 6.754	  5.31	 5.354	 | 4.036 quantile
                      	 6.254	 7.049	 2.572	 1.889	 5.859	 5.556	 2.157	 2.306	 12.68	 13.15	 8.524	 8.172	 | 13.15 max

train losses    278:	0.5469	0.5789	0.3738	 0.368	0.7152	0.7503	0.4888	0.4913	 1.545	 1.572	 1.444	 1.443	
val losses      278:	 0.479	0.5361	0.3471	0.3312	0.8325	 0.872	0.4949	 0.489	 2.267	 2.193	 2.161	 2.155	 | 1.096 mean
                     	 1.334	  1.52	0.9119	0.8477	 2.411	 2.498	 1.239	 1.219	 6.901	 6.754	  5.31	 5.354	 | 4.036 quantile
                      	 6.253	 7.048	 2.572	 1.889	 5.859	 5.555	 2.157	 2.306	 12.68	 13.15	 8.524	 8.172	 | 13.15 max

train losses    280:	0.5483	0.5788	0.3734	0.3677	0.7147	0.7504	0.4887	0.4901	 1.546	 1.571	 1.445	 1.443	
val losses      280:	 0.479	0.5361	0.3471	0.3312	0.8324	 0.872	0.4949	 0.489	 2.267	 2.193	 2.161	 2.155	 | 1.096 mean
                     	 1.334	 1.519	0.9119	0.8477	 2.411	 2.498	 1.239	 1.219	 6.901	 6.754	  5.31	 5.354	 | 4.036 quantile
                      	 6.253	 7.048	 2.573	 1.889	 5.859	 5.555	 2.157	 2.306	 12.68	 13.15	 8.524	 8.172	 | 13.15 max

train losses    282:	0.5472	0.5786	0.3741	0.3682	0.7146	0.7498	0.4894	0.4911	 1.545	 1.572	 1.444	 1.443	
val losses      282:	 0.479	 0.536	0.3471	0.3312	0.8324	 0.872	0.4949	 0.489	 2.267	 2.193	 2.161	 2.155	 | 1.096 mean
                     	 1.334	 1.519	0.9118	0.8477	 2.411	 2.498	 1.239	 1.219	 6.901	 6.754	  5.31	 5.353	 | 4.036 quantile
                      	 6.252	 7.047	 2.573	 1.889	 5.859	 5.555	 2.157	 2.306	 12.68	 13.15	 8.524	 8.172	 | 13.15 max

train losses    284:	0.5468	0.5788	0.3736	0.3679	0.7149	0.7502	0.4898	0.4909	 1.545	 1.572	 1.444	 1.443	
val losses      284:	0.4789	 0.536	0.3471	0.3312	0.8324	 0.872	0.4949	 0.489	 2.267	 2.193	 2.161	 2.155	 | 1.096 mean
                     	 1.334	 1.519	0.9118	0.8477	 2.411	 2.498	 1.239	 1.219	   6.9	 6.754	  5.31	 5.353	 | 4.035 quantile
                      	 6.251	 7.046	 2.573	 1.889	 5.859	 5.555	 2.157	 2.306	 12.68	 13.15	 8.524	 8.172	 | 13.15 max

train losses    286:	0.5469	0.5795	 0.374	0.3682	0.7142	0.7501	 0.489	0.4906	 1.545	 1.572	 1.444	 1.443	
val losses      286:	0.4789	 0.536	0.3471	0.3312	0.8323	0.8719	0.4949	 0.489	 2.267	 2.193	 2.161	 2.155	 | 1.096 mean
                     	 1.334	 1.519	0.9118	0.8477	 2.411	 2.498	 1.239	 1.219	   6.9	 6.754	  5.31	 5.353	 | 4.035 quantile
                      	 6.251	 7.046	 2.573	 1.889	 5.858	 5.555	 2.157	 2.306	 12.68	 13.15	 8.524	 8.172	 | 13.15 max

train losses    288:	 0.547	0.5786	0.3731	0.3684	0.7145	  0.75	0.4894	 0.491	 1.545	 1.572	 1.444	 1.443	
val losses      288:	0.4788	0.5359	0.3471	0.3312	0.8323	0.8719	0.4949	 0.489	 2.267	 2.193	 2.161	 2.155	 | 1.096 mean
                     	 1.334	 1.519	0.9118	0.8477	 2.411	 2.498	 1.239	 1.219	   6.9	 6.754	  5.31	 5.353	 | 4.036 quantile
                      	  6.25	 7.045	 2.573	 1.888	 5.858	 5.555	 2.157	 2.306	 12.68	 13.15	 8.524	 8.172	 | 13.15 max

train losses    290:	0.5469	0.5781	0.3736	0.3678	0.7145	0.7506	0.4888	0.4905	 1.545	 1.572	 1.445	 1.443	
val losses      290:	0.4788	0.5359	0.3471	0.3312	0.8323	0.8719	0.4949	 0.489	 2.267	 2.193	 2.161	 2.155	 | 1.096 mean
                     	 1.334	 1.519	0.9117	0.8477	 2.411	 2.498	 1.239	 1.219	   6.9	 6.754	  5.31	 5.353	 | 4.036 quantile
                      	  6.25	 7.044	 2.573	 1.888	 5.858	 5.555	 2.157	 2.306	 12.68	 13.15	 8.524	 8.172	 | 13.15 max

train losses    292:	0.5465	0.5786	0.3736	0.3679	0.7141	0.7504	0.4886	0.4909	 1.545	 1.571	 1.445	 1.443	
val losses      292:	0.4788	0.5359	0.3471	0.3312	0.8323	0.8719	0.4948	 0.489	 2.267	 2.193	 2.161	 2.155	 | 1.096 mean
                     	 1.334	 1.519	0.9117	0.8478	 2.411	 2.498	 1.238	 1.219	   6.9	 6.754	 5.309	 5.353	 | 4.036 quantile
                      	 6.249	 7.044	 2.573	 1.888	 5.858	 5.555	 2.157	 2.306	 12.68	 13.15	 8.523	 8.172	 | 13.15 max

train losses    294:	0.5469	0.5788	0.3739	 0.368	0.7142	0.7501	0.4892	0.4913	 1.545	 1.572	 1.444	 1.443	
val losses      294:	0.4787	0.5359	0.3471	0.3312	0.8322	0.8719	0.4948	 0.489	 2.267	 2.193	 2.161	 2.155	 | 1.096 mean
                     	 1.334	 1.519	0.9117	0.8478	  2.41	 2.498	 1.238	 1.219	   6.9	 6.753	 5.309	 5.353	 | 4.036 quantile
                      	 6.249	 7.043	 2.573	 1.888	 5.858	 5.555	 2.157	 2.305	 12.68	 13.15	 8.523	 8.172	 | 13.15 max

train losses    296:	0.5467	0.5784	0.3737	0.3685	0.7148	0.7504	0.4887	0.4905	 1.545	 1.572	 1.444	 1.443	
val losses      296:	0.4787	0.5358	0.3471	0.3312	0.8322	0.8718	0.4948	 0.489	 2.267	 2.193	 2.161	 2.155	 | 1.096 mean
                     	 1.334	 1.519	0.9117	0.8478	  2.41	 2.498	 1.238	 1.219	 6.899	 6.753	 5.309	 5.353	 | 4.036 quantile
                      	 6.248	 7.043	 2.574	 1.888	 5.858	 5.555	 2.156	 2.305	 12.68	 13.15	 8.523	 8.172	 | 13.15 max

train losses    298:	0.5464	0.5782	0.3736	0.3679	0.7142	0.7493	0.4887	0.4908	 1.545	 1.572	 1.444	 1.443	
val losses      298:	0.4787	0.5358	0.3471	0.3312	0.8322	0.8718	0.4948	 0.489	 2.267	 2.193	 2.161	 2.155	 | 1.096 mean
                     	 1.334	 1.519	0.9118	0.8478	  2.41	 2.498	 1.238	 1.219	 6.899	 6.753	 5.309	 5.353	 | 4.036 quantile
                      	 6.248	 7.042	 2.574	 1.888	 5.858	 5.554	 2.156	 2.305	 12.68	 13.15	 8.523	 8.172	 | 13.15 max

