train losses      0:	0.5933	0.5995	0.3759	0.3806	0.7244	 0.752	0.4926	 0.505	  1.54	 1.551	 1.491	 1.478	
val losses        0:	 1.009	 1.342	0.7207	0.7135	 1.097	 1.058	 1.404	0.5372	 2.567	 3.065	 1.631	 1.466	 | 1.384 mean
                     	 2.006	 2.361	 1.444	 1.489	 3.164	 3.135	 2.435	 1.366	  6.75	 7.744	 4.231	   3.9	 | 4.152 quantile
                      	  6.29	 4.707	 2.597	  5.76	 8.397	   7.4	 3.993	 2.658	 12.69	 13.94	 6.064	  5.36	 | 13.94 max

train losses      2:	0.5316	0.5416	0.3732	0.3739	0.7013	0.7232	0.4872	0.4912	 1.497	 1.511	 1.457	 1.462	
val losses        2:	0.4371	0.6069	0.3941	0.5109	 1.157	 0.998	0.5684	0.7274	  2.37	 2.408	 1.425	 1.435	 | 1.086 mean
                     	  1.27	  1.48	0.9759	 1.204	 3.093	  2.94	 1.407	 1.664	 6.414	 6.438	 3.351	 3.289	 | 3.552 quantile
                      	 4.066	 3.889	 2.072	 3.849	 7.081	 7.069	 2.678	 3.067	 11.45	 10.84	 6.206	 6.023	 | 11.45 max

train losses      4:	0.5075	0.5183	 0.388	0.3911	 0.682	0.6989	0.5018	0.5105	 1.413	 1.429	  1.42	 1.441	
val losses        4:	0.4014	0.4919	0.4094	0.4115	0.9484	0.9714	0.6474	0.5823	 2.029	 2.137	  1.37	  1.37	 | 0.9808 mean
                     	 1.122	 1.282	 1.015	 1.049	 2.717	 2.699	 1.537	 1.472	 5.429	 5.821	 3.315	 3.158	 | 3.264 quantile
                      	 3.289	 3.142	 2.257	 4.196	 7.513	 6.737	 2.993	  2.76	 9.869	 9.371	  5.43	  5.56	 | 9.869 max

train losses      6:	0.5122	0.5214	 0.421	0.4323	0.6742	0.6832	0.5307	0.5451	 1.294	 1.319	 1.375	 1.412	
val losses        6:	0.4105	0.4189	 0.391	0.3831	0.8938	0.8575	0.5055	0.5564	 1.844	 1.907	 1.354	 1.367	 | 0.9074 mean
                     	 1.119	 1.159	0.9817	0.9886	  2.56	 2.494	 1.326	 1.461	 4.935	 5.275	 3.149	  3.08	 | 3.058 quantile
                      	 3.348	 2.841	 2.356	 3.624	 7.151	 6.271	 2.407	 2.535	 9.269	  8.01	 5.588	 5.877	 | 9.269 max

train losses      8:	0.5276	0.5335	0.4462	0.4665	 0.672	0.6669	0.5546	0.5672	 1.184	 1.215	  1.34	 1.388	
val losses        8:	0.3978	0.4158	0.3849	0.3742	0.8632	0.8369	0.4989	 0.517	 1.712	 1.763	 1.312	 1.362	 | 0.8699 mean
                     	 1.115	  1.16	0.9805	0.9738	 2.448	 2.361	 1.268	 1.352	  4.53	 4.923	 3.015	 3.086	 | 2.913 quantile
                      	 3.397	 2.952	  2.26	  3.28	 6.964	 5.923	 2.396	 2.549	  8.24	 6.942	 5.592	   6.3	 | 8.24 max

train losses     10:	0.5174	0.5268	0.4516	0.4817	0.6508	0.6406	0.5588	0.5639	 1.051	 1.076	 1.287	 1.349	
val losses       10:	0.3717	0.4022	0.3754	0.3701	 0.821	0.7983	0.4889	0.4957	 1.591	  1.62	 1.259	 1.332	 | 0.8271 mean
                     	 1.071	 1.124	0.9406	0.9553	 2.301	 2.237	 1.227	 1.316	 4.178	 4.416	  2.96	 3.056	 | 2.738 quantile
                      	 3.526	 2.912	 2.283	 3.382	 6.647	 5.334	 2.334	 2.527	 7.231	 6.259	 5.127	 6.072	 | 7.231 max

train losses     12:	0.5147	0.5247	0.4648	0.4968	0.6312	0.6155	0.5654	0.5717	0.9131	0.9331	 1.234	 1.305	
val losses       12:	0.3559	0.3772	0.3682	 0.375	 0.755	0.7321	0.4853	0.5003	 1.353	 1.385	 1.208	 1.305	 | 0.7666 mean
                     	 1.013	 1.057	0.9195	0.9755	 2.085	 2.047	 1.214	  1.33	 3.539	 3.698	 2.848	  3.01	 | 2.482 quantile
                      	 3.305	 2.861	  2.32	 3.104	 6.038	 4.704	 2.298	 2.615	 5.653	 5.102	 4.946	 6.048	 | 6.048 max

train losses     14:	0.5094	0.5142	0.4699	0.5001	0.6207	0.6057	0.5686	0.5761	0.8332	 0.848	 1.191	 1.267	
val losses       14:	0.3403	0.3559	0.3564	0.3702	0.7211	0.7024	0.4825	0.5023	 1.157	 1.188	 1.159	 1.263	 | 0.7165 mean
                     	0.9652	0.9897	0.8994	0.9705	 1.967	 1.967	 1.195	 1.332	 2.945	 3.107	 2.739	 2.942	 | 2.282 quantile
                      	 3.197	 2.635	 2.228	 2.907	  5.69	 4.177	 2.327	 2.759	 4.571	 4.424	 4.746	 5.887	 | 5.887 max

train losses     16:	0.4914	0.4965	0.4618	0.4843	0.5971	  0.59	0.5548	0.5652	0.8108	0.8179	 1.153	 1.227	
val losses       16:	0.3279	0.3421	0.3503	0.3531	0.7015	0.6982	0.4781	0.4916	 1.129	 1.166	 1.109	 1.213	 | 0.6966 mean
                     	0.9343	0.9532	0.8919	0.9341	 1.936	 1.955	 1.188	 1.315	 2.798	 2.963	 2.663	 2.815	 | 2.222 quantile
                      	 3.103	 2.626	 2.216	  2.92	  5.37	 4.079	 2.261	 2.641	 4.351	 4.315	 4.549	 5.417	 | 5.417 max

train losses     18:	0.4777	0.4804	0.4517	0.4699	0.5825	0.5801	0.5441	0.5519	0.7971	0.7998	 1.125	  1.19	
val losses       18:	0.3161	0.3279	0.3504	0.3433	 0.669	0.6603	0.4723	0.4848	 1.052	 1.089	 1.068	 1.166	 | 0.6666 mean
                     	0.9014	0.9203	0.8838	0.9006	 1.851	 1.846	 1.176	 1.295	 2.586	 2.738	 2.633	 2.764	 | 2.114 quantile
                      	 2.963	 2.518	 2.299	 2.894	 5.107	  3.85	 2.244	 2.722	 3.795	 4.164	 4.488	 5.152	 | 5.152 max

train losses     20:	0.4719	0.4741	 0.448	0.4628	0.5681	0.5628	0.5369	0.5446	0.7728	0.7716	 1.137	 1.174	
val losses       20:	0.3099	0.3166	0.3495	0.3374	0.6391	0.6298	0.4697	0.4783	 1.011	 1.027	 1.051	 1.138	 | 0.6465 mean
                     	0.8884	0.8773	0.8878	0.8947	 1.752	 1.765	 1.169	 1.267	 2.493	  2.53	 2.574	 2.709	 | 2.027 quantile
                      	 2.885	 2.497	 2.247	 2.893	 4.743	 3.548	 2.229	 2.669	 3.512	 4.011	  4.27	 5.109	 | 5.109 max

train losses     22:	0.4625	0.4641	0.4382	0.4527	0.5521	0.5479	0.5283	 0.537	 0.773	0.7748	 1.132	 1.165	
val losses       22:	0.3085	0.3122	0.3475	0.3338	0.6283	0.6158	  0.47	0.4776	 1.032	 1.034	 1.068	 1.135	 | 0.647 mean
                     	0.8748	0.8762	0.8868	0.8852	 1.717	 1.701	  1.18	 1.259	 2.545	 2.557	 2.697	  2.77	 | 2.046 quantile
                      	 2.815	 2.624	 2.238	 2.906	 4.719	  3.55	 2.221	 2.646	 3.711	 4.134	 4.469	 4.646	 | 4.719 max

train losses     24:	0.4629	0.4603	0.4368	0.4468	0.5491	0.5416	0.5229	0.5328	0.7774	0.7836	 1.146	 1.171	
val losses       24:	0.3119	0.3157	 0.348	 0.331	0.6217	 0.616	0.4701	0.4741	 1.036	 1.045	 1.064	 1.123	 | 0.6464 mean
                     	0.8774	0.8624	0.8794	0.8785	 1.674	 1.706	 1.169	 1.245	 2.516	 2.591	  2.69	 2.735	 | 2.014 quantile
                      	 2.995	 2.821	 2.208	 3.033	 4.631	 3.423	 2.193	 2.528	 3.926	 4.309	 4.125	 4.682	 | 4.682 max

train losses     26:	0.4667	0.4649	0.4327	0.4395	0.5465	0.5363	 0.516	0.5282	0.7892	0.8003	 1.134	 1.163	
val losses       26:	0.3266	0.3259	0.3514	0.3317	0.6177	0.6108	0.4729	0.4744	 1.037	 1.038	 1.086	 1.133	 | 0.6504 mean
                     	0.8898	0.8867	0.8893	0.8682	 1.646	 1.689	 1.185	 1.261	 2.447	 2.532	  2.81	 2.796	 | 2.02 quantile
                      	 2.841	 2.133	 2.254	 3.031	 4.869	 3.301	 2.305	 2.563	 3.689	 3.957	 4.433	 4.339	 | 4.869 max

train losses     28:	0.4537	0.4587	0.4251	0.4294	0.5322	0.5256	0.5072	0.5196	0.7599	0.7666	 1.076	 1.111	
val losses       28:	0.3142	0.3158	0.3481	0.3274	0.5933	0.5884	0.4643	0.4709	0.9704	0.9887	 1.064	 1.104	 | 0.6291 mean
                     	 0.875	 0.863	0.8838	0.8604	 1.566	 1.637	 1.172	 1.238	 2.312	 2.419	 2.647	 2.709	 | 1.943 quantile
                      	 2.844	 2.489	 2.129	 3.002	 4.377	 3.143	 2.261	 2.608	 3.528	  3.91	 4.223	 4.388	 | 4.388 max

train losses     30:	0.4454	0.4476	0.4183	0.4229	0.5181	 0.512	0.4985	0.5113	0.7301	0.7298	 1.016	 1.052	
val losses       30:	0.3001	0.3009	0.3485	0.3275	0.5667	0.5523	0.4644	 0.465	 0.926	0.9318	 1.054	  1.09	 | 0.6106 mean
                     	0.8482	0.8382	0.8764	0.8587	 1.486	 1.529	  1.17	 1.201	 2.201	 2.242	 2.536	 2.604	 | 1.876 quantile
                      	 2.727	 2.256	 2.169	  3.12	 4.186	 3.027	 2.242	  2.47	 3.736	 3.813	 4.016	 4.796	 | 4.796 max

train losses     32:	0.4373	0.4393	0.4123	0.4182	0.5123	0.5034	0.4917	0.5042	0.7496	0.7502	 0.976	 1.008	
val losses       32:	 0.295	0.3017	0.3464	0.3253	0.5625	0.5426	0.4623	0.4602	0.9552	0.9589	  1.05	  1.08	 | 0.6117 mean
                     	 0.836	0.8282	  0.88	0.8497	 1.474	   1.5	 1.179	 1.193	 2.286	 2.351	 2.561	 2.601	 | 1.9 quantile
                      	 2.695	 2.526	 2.207	 3.024	 4.221	 3.077	 2.143	  2.52	 3.652	 3.929	 4.053	 4.363	 | 4.363 max

train losses     34:	0.4338	 0.438	0.4085	0.4108	0.5098	0.4997	0.4862	0.5003	0.8215	0.8182	0.9697	0.9932	
val losses       34:	 0.299	0.3014	0.3445	0.3236	0.5666	0.5447	0.4605	0.4583	 1.042	 1.034	 1.039	 1.065	 | 0.6232 mean
                     	0.8506	0.8254	0.8678	0.8427	 1.499	 1.478	  1.17	 1.183	  2.56	 2.657	 2.572	 2.594	 | 1.958 quantile
                      	 2.541	 2.318	  2.21	 3.001	 4.235	 2.948	 2.149	 2.448	 3.847	 4.161	 3.996	 3.852	 | 4.235 max

train losses     36:	0.4285	 0.432	0.3996	0.4025	0.5049	0.4977	0.4802	 0.492	0.8382	0.8244	0.9736	0.9954	
val losses       36:	0.3104	0.3069	0.3455	0.3241	0.5715	0.5507	0.4617	0.4541	 1.178	 1.148	 1.076	 1.088	 | 0.6513 mean
                     	0.8863	0.8331	0.8762	0.8362	 1.504	 1.509	 1.182	 1.174	 2.859	 2.943	 2.623	 2.588	 | 2.071 quantile
                      	 2.694	 2.224	 2.226	 3.009	 3.988	  2.93	 2.176	 2.432	  4.36	  4.39	 3.933	 4.043	 | 4.39 max

train losses     38:	0.4274	0.4292	0.3956	0.3991	0.4994	0.4922	0.4759	0.4883	0.8003	0.7996	0.9594	0.9841	
val losses       38:	0.2975	0.2981	0.3455	0.3216	0.5574	0.5291	0.4589	0.4525	  1.05	 1.033	 1.087	 1.103	 | 0.6278 mean
                     	0.8298	0.8184	0.8702	0.8395	 1.438	 1.437	 1.159	 1.175	 2.481	 2.507	 2.648	 2.637	 | 1.99 quantile
                      	 2.497	 2.523	 2.164	 3.028	 3.943	 2.776	 2.153	 2.581	 3.892	 3.837	 3.985	 4.396	 | 4.396 max

train losses     40:	 0.422	0.4221	0.3937	0.3966	0.4908	0.4802	0.4707	0.4838	0.7219	0.7282	0.9434	0.9663	
val losses       40:	0.2957	0.2933	0.3443	  0.32	0.5264	0.4977	0.4541	0.4504	0.8968	0.8883	 1.021	 1.047	 | 0.5863 mean
                     	0.8235	0.7999	0.8759	0.8326	 1.338	  1.34	 1.146	 1.184	  2.15	 2.145	 2.539	 2.543	 | 1.78 quantile
                      	 2.546	 2.256	 2.173	 3.134	 3.854	 2.635	 2.108	 2.517	 3.745	 3.768	 4.042	 4.078	 | 4.078 max

train losses     42:	0.4138	0.4117	0.3889	0.3906	0.4778	0.4658	0.4666	0.4767	 0.685	0.6914	0.8997	0.9242	
val losses       42:	0.2909	0.2862	0.3427	0.3192	 0.516	0.4876	0.4516	0.4504	0.8942	0.9005	0.9941	 1.013	 | 0.5789 mean
                     	0.8226	0.7964	0.8674	0.8346	 1.312	 1.328	 1.144	  1.17	 2.174	 2.138	 2.482	 2.497	 | 1.746 quantile
                      	 2.588	 2.388	 2.249	 3.094	 3.818	 2.607	 2.084	 2.505	 3.717	 3.606	 4.029	 4.081	 | 4.081 max

train losses     44:	 0.407	0.4068	0.3832	0.3844	0.4659	 0.458	0.4606	0.4714	0.6726	0.6766	0.8632	0.8889	
val losses       44:	0.2833	0.2801	0.3415	0.3189	0.5094	0.4788	0.4511	0.4473	0.9041	0.9039	 1.007	 1.021	 | 0.5789 mean
                     	0.7854	0.7686	0.8682	0.8358	 1.287	 1.301	 1.142	 1.156	 2.223	 2.197	 2.486	 2.488	 | 1.761 quantile
                      	 2.593	 2.308	 2.225	 3.076	 3.695	 2.612	  2.11	 2.468	 3.525	 3.616	 4.096	 3.997	 | 4.096 max

train losses     46:	0.4005	0.3996	0.3784	0.3793	0.4596	0.4496	0.4563	0.4661	0.6626	0.6676	 0.839	0.8661	
val losses       46:	0.2786	0.2748	0.3415	0.3187	0.5057	0.4694	0.4493	0.4434	0.9003	0.8928	0.9842	0.9953	 | 0.5712 mean
                     	0.7786	0.7545	0.8646	0.8333	 1.273	  1.27	 1.125	 1.143	 2.192	 2.154	 2.467	 2.467	 | 1.729 quantile
                      	 2.439	 2.234	 2.207	 3.056	 3.571	 2.452	 2.073	 2.485	 3.324	 3.495	 3.872	 3.925	 | 3.925 max

train losses     48:	0.3941	0.3986	0.3758	 0.377	0.4556	0.4444	 0.452	0.4598	0.6561	0.6595	0.8197	 0.844	
val losses       48:	0.2769	0.2752	0.3401	0.3178	0.5023	0.4662	 0.446	  0.44	0.8855	0.8863	0.9817	0.9934	 | 0.5676 mean
                     	0.7767	0.7633	 0.861	0.8295	 1.264	 1.245	 1.116	  1.13	 2.157	  2.14	 2.469	 2.492	 | 1.728 quantile
                      	 2.514	 2.358	 2.227	 3.072	 3.593	 2.461	 2.039	 2.505	 3.418	 3.434	 3.934	 3.976	 | 3.976 max

train losses     50:	0.3929	0.3943	0.3728	0.3724	 0.447	0.4364	0.4475	0.4562	0.6477	0.6522	0.8232	0.8453	
val losses       50:	0.2774	 0.275	0.3395	0.3173	0.4996	0.4614	0.4435	0.4378	0.8979	0.9017	0.9744	 0.986	 | 0.5676 mean
                     	0.7761	0.7612	0.8608	0.8294	 1.246	 1.255	 1.117	 1.122	 2.189	 2.199	  2.46	 2.468	 | 1.724 quantile
                      	 2.496	 2.235	 2.218	 3.059	 3.591	 2.411	   2.0	 2.468	 3.624	 3.669	 3.971	 4.048	 | 4.048 max

train losses     52:	0.3899	0.3917	0.3696	0.3681	0.4443	0.4346	0.4424	0.4523	0.6423	0.6454	0.8465	0.8632	
val losses       52:	0.2765	0.2767	0.3391	0.3161	0.4879	0.4496	0.4421	0.4363	 0.888	0.8887	0.9789	0.9877	 | 0.564 mean
                     	0.7704	0.7499	0.8568	0.8291	  1.21	 1.207	  1.11	 1.115	 2.147	 2.144	 2.481	 2.488	 | 1.708 quantile
                      	 2.348	 2.246	 2.198	 3.074	 3.467	 2.297	 1.991	 2.481	  3.58	  3.59	 3.894	 4.006	 | 4.006 max

train losses     54:	0.3864	0.3913	0.3653	0.3643	0.4418	0.4316	0.4396	 0.449	0.6397	0.6465	 0.876	0.8885	
val losses       54:	0.2784	0.2799	0.3383	0.3159	0.4905	0.4487	0.4406	0.4348	0.8837	0.8861	0.9922	   1.0	 | 0.5658 mean
                     	0.7734	0.7784	0.8577	 0.828	 1.231	 1.193	 1.115	  1.12	 2.139	 2.159	 2.529	  2.58	 | 1.761 quantile
                      	 2.435	 2.346	 2.201	 3.089	 3.565	 2.381	 1.972	 2.519	 3.422	 3.441	 3.977	  4.05	 | 4.05 max

train losses     56:	0.3912	0.3925	0.3645	0.3613	0.4431	0.4347	0.4397	0.4481	  0.65	0.6502	0.9341	0.9454	
val losses       56:	  0.28	0.2833	0.3383	0.3164	0.4992	0.4576	0.4379	0.4316	 0.882	0.8767	  1.03	 1.031	 | 0.572 mean
                     	0.7762	0.7889	0.8555	0.8256	 1.261	 1.227	 1.114	 1.115	 2.124	  2.16	 2.575	 2.632	 | 1.773 quantile
                      	 2.488	 2.264	 2.231	 3.138	 3.684	 2.493	 1.947	 2.455	 3.711	 3.681	 3.939	 3.905	 | 3.939 max

train losses     58:	0.3966	0.3996	0.3661	0.3619	0.4478	0.4445	0.4387	0.4493	0.6631	0.6648	 1.001	 1.011	
val losses       58:	0.2824	0.2927	0.3387	0.3177	0.5132	0.4812	0.4363	0.4315	0.9146	0.8874	 1.055	 1.048	 | 0.5833 mean
                     	0.7813	0.8042	0.8559	0.8234	 1.327	 1.293	 1.108	 1.123	 2.235	 2.183	 2.578	 2.601	 | 1.81 quantile
                      	 2.566	 2.602	 2.181	 3.098	 3.964	 2.657	 1.958	 2.439	 3.541	 3.707	 4.055	 4.233	 | 4.233 max

train losses     60:	0.4098	0.4149	0.3606	0.3581	0.4673	0.4718	 0.439	0.4482	0.7244	0.7156	 1.085	 1.091	
val losses       60:	0.3185	0.3367	0.3396	0.3205	0.5789	0.5537	0.4424	0.4382	 1.088	 1.033	 1.255	 1.239	 | 0.662 mean
                     	0.8778	0.9499	0.8581	 0.833	 1.517	 1.555	 1.113	 1.125	 2.596	 2.533	 2.972	 3.021	 | 2.128 quantile
                      	 2.944	 2.518	 2.254	 3.035	 4.142	 3.047	 1.954	 2.359	 4.226	 4.361	 5.073	 4.491	 | 5.073 max

train losses     62:	0.4076	 0.415	0.3585	0.3533	0.4629	0.4699	0.4424	0.4503	0.7058	0.7011	  1.02	 1.029	
val losses       62:	0.3074	0.3145	0.3408	0.3189	0.5453	0.5252	0.4403	0.4346	0.9259	0.8975	 1.175	 1.152	 | 0.6147 mean
                     	0.8302	0.8611	0.8537	 0.825	  1.48	 1.452	 1.094	 1.126	 2.169	 2.101	 2.635	 2.623	 | 1.854 quantile
                      	 2.719	 2.455	 2.228	 2.976	 3.775	 3.049	 2.018	 2.463	 3.342	 3.426	 4.455	 4.377	 | 4.455 max

train losses     64:	0.4025	0.4088	0.3598	 0.357	0.4615	0.4601	0.4456	0.4535	0.6774	0.6883	 0.917	0.9405	
val losses       64:	0.3069	0.3098	0.3415	0.3177	0.5217	0.5042	0.4389	0.4355	0.8573	 0.866	 1.166	 1.148	 | 0.6011 mean
                     	 0.835	0.8502	0.8568	0.8273	 1.339	 1.364	 1.088	 1.107	 2.073	 2.059	 2.738	 2.745	 | 1.816 quantile
                      	 2.706	 2.816	 2.277	  3.06	 3.481	 2.802	 1.969	  2.58	 3.216	 3.222	 4.545	 4.111	 | 4.545 max

train losses     66:	0.3924	0.4003	0.3555	 0.353	0.4469	0.4423	 0.433	0.4418	0.6853	0.6836	 0.844	0.8642	
val losses       66:	0.2887	0.2903	0.3392	0.3168	0.5103	 0.482	0.4396	0.4366	0.9778	0.9935	 1.065	 1.052	 | 0.5993 mean
                     	0.7996	0.7973	0.8562	0.8241	  1.28	 1.294	 1.097	 1.127	 2.406	 2.515	 2.604	 2.603	 | 1.886 quantile
                      	 2.508	 2.371	 2.167	 3.157	 3.802	  2.88	 1.961	 2.543	 3.936	 3.871	 4.098	 3.932	 | 4.098 max

train losses     68:	0.3885	0.3951	0.3553	0.3531	0.4384	 0.431	0.4303	0.4401	0.6957	0.6932	0.7818	0.7975	
val losses       68:	0.2855	0.2868	0.3381	0.3171	0.4857	 0.453	0.4392	0.4339	0.9523	0.9629	  1.02	  1.01	 | 0.582 mean
                     	0.7902	0.7876	0.8538	0.8272	 1.197	 1.203	 1.091	 1.103	  2.25	 2.375	 2.521	 2.479	 | 1.794 quantile
                      	 2.556	 2.474	 2.214	 3.159	 3.633	 2.546	 1.945	 2.553	 3.582	 3.688	 3.879	 4.027	 | 4.027 max

train losses     70:	0.3812	0.3847	0.3522	0.3499	0.4347	0.4307	0.4257	0.4345	0.6633	0.6632	0.7415	0.7641	
val losses       70:	0.2827	 0.285	 0.338	0.3169	0.4732	0.4375	0.4344	0.4297	0.8991	0.9131	 1.029	 1.022	 | 0.5717 mean
                     	0.7801	0.7757	0.8517	0.8292	 1.157	 1.155	 1.083	 1.093	 2.157	 2.234	 2.524	 2.525	 | 1.749 quantile
                      	 2.464	 2.357	 2.183	 3.137	 3.388	 2.329	 1.887	 2.674	 3.346	 3.433	 4.657	 4.756	 | 4.756 max

train losses     72:	0.3762	0.3788	0.3507	0.3474	0.4247	0.4216	0.4215	0.4302	0.6293	0.6322	 0.721	0.7405	
val losses       72:	0.2759	0.2718	0.3372	0.3163	0.4723	0.4359	 0.432	0.4261	0.8673	0.8779	0.9766	0.9729	 | 0.5552 mean
                     	0.7631	0.7357	0.8517	0.8337	 1.168	 1.147	 1.084	 1.085	 2.065	 2.108	 2.443	 2.416	 | 1.682 quantile
                      	 2.373	 2.178	 2.189	 3.202	 3.413	 2.206	  1.86	 2.522	 3.409	 3.553	 4.305	   4.5	 | 4.5 max

train losses     74:	0.3729	 0.376	0.3482	0.3452	0.4171	0.4137	0.4182	0.4269	 0.614	0.6181	0.7004	0.7223	
val losses       74:	0.2716	0.2697	0.3366	0.3155	0.4607	0.4221	0.4269	0.4213	0.8552	0.8668	0.9861	0.9835	 | 0.5513 mean
                     	0.7501	0.7245	0.8501	 0.826	 1.145	 1.129	 1.061	 1.075	  2.05	 2.081	 2.457	 2.424	 | 1.67 quantile
                      	 2.337	 2.135	  2.21	 3.158	 3.275	 2.119	 1.779	 2.507	 3.456	 3.457	 4.473	 4.647	 | 4.647 max

train losses     76:	0.3689	0.3742	0.3468	0.3442	0.4086	0.4079	0.4148	0.4223	 0.608	0.6132	0.6864	0.7068	
val losses       76:	0.2725	0.2727	0.3365	0.3148	 0.454	0.4155	0.4242	0.4194	0.8798	0.8913	0.9886	0.9872	 | 0.5547 mean
                     	0.7619	0.7426	0.8509	0.8272	 1.127	 1.124	 1.055	 1.069	 2.125	 2.159	 2.455	 2.449	 | 1.701 quantile
                      	 2.297	 2.278	 2.204	 3.177	 3.242	 2.161	 1.777	 2.555	 3.393	 3.504	 4.378	 4.555	 | 4.555 max

train losses     78:	0.3676	0.3711	0.3454	0.3427	0.4082	0.4031	0.4116	0.4198	   0.6	0.6035	 0.676	0.6984	
val losses       78:	0.2728	0.2701	0.3365	0.3144	 0.448	0.4091	0.4216	0.4172	0.8711	0.8808	0.9889	0.9867	 | 0.5514 mean
                     	0.7508	0.7331	0.8496	0.8248	 1.113	 1.105	 1.048	 1.054	 2.104	 2.143	 2.466	 2.443	 | 1.685 quantile
                      	 2.337	 2.175	 2.193	 3.169	 3.272	 2.126	 1.769	 2.562	 3.481	 3.569	 4.511	 4.707	 | 4.707 max

train losses     80:	0.3637	 0.369	0.3439	0.3406	 0.404	0.4024	0.4083	0.4158	0.5946	0.5944	0.6747	0.6964	
val losses       80:	0.2696	0.2685	0.3361	0.3145	0.4535	0.4158	0.4193	0.4143	0.8626	0.8735	 0.979	0.9748	 | 0.5485 mean
                     	0.7403	0.7341	0.8495	0.8239	  1.14	 1.109	 1.043	 1.047	 2.075	 2.091	  2.46	 2.437	 | 1.669 quantile
                      	 2.266	 2.105	 2.188	  3.14	 3.244	 2.181	 1.716	  2.53	 3.535	 3.684	 4.433	 4.625	 | 4.625 max

train losses     82:	0.3629	0.3691	0.3424	0.3392	0.4009	0.4008	0.4066	0.4137	0.5894	0.5923	0.6695	0.6899	
val losses       82:	0.2683	0.2688	0.3358	 0.314	  0.45	 0.412	0.4183	0.4126	0.8667	0.8819	0.9904	0.9842	 | 0.5503 mean
                     	0.7419	0.7344	 0.849	0.8245	 1.121	 1.099	 1.044	 1.042	 2.116	 2.124	 2.505	 2.461	 | 1.691 quantile
                      	 2.249	 2.184	 2.187	 3.145	  3.25	 2.254	 1.674	 2.529	 3.585	  3.66	 4.521	 4.693	 | 4.693 max

train losses     84:	0.3615	0.3678	0.3413	0.3379	0.3947	0.3973	0.4037	0.4108	 0.586	 0.592	0.6696	0.6894	
val losses       84:	0.2682	 0.269	0.3358	0.3138	0.4442	0.4066	0.4171	0.4108	 0.872	0.8867	0.9878	0.9814	 | 0.5495 mean
                     	0.7423	0.7303	0.8496	0.8239	 1.105	 1.089	 1.039	 1.038	 2.121	 2.143	 2.497	 2.439	 | 1.691 quantile
                      	 2.252	 2.184	 2.173	  3.13	 3.219	 2.241	 1.649	 2.518	 3.609	 3.664	 4.463	 4.651	 | 4.651 max

train losses     86:	 0.363	0.3668	0.3407	0.3372	0.3939	0.3936	0.4024	0.4096	0.5846	0.5877	0.6771	0.6945	
val losses       86:	0.2682	  0.27	0.3355	0.3138	0.4413	0.4038	0.4156	0.4093	0.8765	 0.891	 0.994	0.9876	 | 0.5506 mean
                     	0.7471	0.7359	 0.851	0.8219	 1.111	 1.081	 1.028	 1.038	 2.118	 2.163	 2.485	 2.446	 | 1.694 quantile
                      	 2.273	 2.127	 2.182	 3.152	 3.226	 2.178	 1.629	  2.52	 3.629	  3.62	 4.577	 4.731	 | 4.731 max

train losses     88:	0.3596	0.3661	0.3395	0.3353	 0.394	0.3951	0.3998	0.4061	0.5817	0.5862	0.6894	0.7069	
val losses       88:	0.2664	0.2676	0.3355	0.3138	0.4397	0.4018	0.4127	 0.407	0.8801	0.8953	0.9999	0.9927	 | 0.551 mean
                     	0.7373	 0.729	0.8521	0.8209	 1.105	 1.068	 1.022	 1.029	 2.151	  2.19	 2.519	 2.479	 | 1.706 quantile
                      	  2.26	 2.082	 2.163	 3.139	 3.206	 2.203	 1.605	  2.57	 3.653	 3.605	 4.267	 4.444	 | 4.444 max

train losses     90:	0.3572	0.3629	0.3376	0.3348	 0.391	0.3919	0.3978	0.4048	0.5821	0.5876	0.7108	0.7254	
val losses       90:	0.2666	0.2673	0.3351	0.3137	0.4361	0.3973	0.4115	0.4053	0.8802	0.8889	0.9926	0.9844	 | 0.5482 mean
                     	0.7293	0.7305	0.8535	0.8196	 1.083	 1.061	 1.017	 1.028	 2.127	 2.151	 2.478	 2.442	 | 1.683 quantile
                      	 2.252	 2.157	 2.165	 3.167	 3.162	 2.175	 1.617	  2.52	 3.743	 3.673	 4.389	 4.563	 | 4.563 max

train losses     92:	0.3577	0.3649	0.3373	 0.333	0.3899	 0.393	0.3968	0.4032	0.5816	0.5875	0.7217	0.7364	
val losses       92:	0.2692	0.2713	0.3351	0.3138	0.4399	0.4029	0.4116	0.4049	0.8806	0.8922	0.9932	0.9849	 | 0.55 mean
                     	0.7449	0.7401	0.8503	0.8193	 1.106	 1.081	 1.023	 1.018	 2.146	 2.165	 2.504	  2.46	 | 1.699 quantile
                      	 2.259	 2.183	 2.182	 3.135	 3.142	 2.148	 1.659	 2.551	 3.581	 3.562	 3.965	 4.177	 | 4.177 max

train losses     94:	0.3585	0.3638	0.3361	0.3325	0.3863	0.3886	0.3937	0.4007	0.5754	0.5841	0.6767	0.6935	
val losses       94:	0.2687	0.2744	0.3349	 0.314	0.4307	0.3942	 0.412	0.4055	0.8758	0.8898	0.9852	0.9761	 | 0.5468 mean
                     	0.7404	0.7444	0.8488	0.8228	 1.078	 1.061	  1.02	 1.025	 2.135	 2.184	 2.491	 2.455	 | 1.689 quantile
                      	  2.26	 2.231	 2.179	  3.16	 3.029	 2.096	 1.639	  2.64	 3.491	 3.611	 4.023	 4.048	 | 4.048 max

train losses     96:	0.3579	0.3625	0.3358	0.3315	0.3831	0.3868	0.3905	0.3966	0.5666	0.5748	0.6274	0.6446	
val losses       96:	0.2678	0.2697	0.3348	0.3138	0.4227	0.3828	0.4086	0.4024	0.8675	0.8876	 0.966	0.9587	 | 0.5402 mean
                     	0.7428	0.7305	0.8477	0.8211	 1.064	 1.019	 1.016	 1.009	  2.13	  2.17	 2.462	 2.432	 | 1.676 quantile
                      	 2.272	 2.186	  2.18	 3.147	   3.1	 2.065	 1.629	 2.518	 3.564	 3.559	 4.036	 4.042	 | 4.042 max

train losses     98:	0.3558	0.3625	0.3353	0.3313	 0.382	0.3856	0.3885	0.3945	0.5651	  0.57	0.6017	  0.62	
val losses       98:	0.2671	0.2668	0.3347	0.3137	0.4251	0.3838	0.4086	0.4011	0.8715	0.8946	0.9604	0.9499	 | 0.5398 mean
                     	0.7374	  0.72	0.8469	0.8211	 1.058	 1.023	 1.019	 1.015	 2.138	 2.195	 2.452	 2.429	 | 1.679 quantile
                      	 2.159	  2.22	 2.165	 3.156	 3.017	  2.13	 1.658	 2.609	 3.598	 3.539	 4.092	 4.318	 | 4.318 max

train losses    100:	0.3544	0.3599	0.3344	0.3302	0.3813	0.3863	0.3852	 0.391	0.5612	0.5685	 0.591	  0.61	
val losses      100:	0.2631	0.2633	0.3344	0.3135	 0.431	0.3941	0.4052	0.3979	0.8662	0.8823	0.9631	0.9497	 | 0.5387 mean
                     	 0.726	 0.717	0.8446	0.8178	 1.083	 1.058	 1.015	 1.007	 2.104	 2.154	 2.482	 2.435	 | 1.674 quantile
                      	 2.151	 2.046	 2.168	 3.177	 3.004	 2.068	 1.644	 2.641	 3.523	 3.519	 4.308	 4.505	 | 4.505 max

train losses    102:	0.3535	  0.36	0.3336	0.3294	0.3789	0.3822	0.3837	0.3888	0.5598	0.5643	0.5816	0.5996	
val losses      102:	0.2633	0.2663	0.3343	0.3135	0.4233	0.3886	 0.405	0.3972	0.8778	0.8928	0.9584	0.9466	 | 0.5389 mean
                     	0.7338	0.7258	0.8453	0.8161	 1.063	 1.045	 1.008	 1.003	 2.091	 2.154	 2.442	 2.389	 | 1.679 quantile
                      	 2.156	 2.243	 2.176	  3.15	 2.998	 2.047	 1.649	 2.585	 3.547	   3.7	  4.17	 4.377	 | 4.377 max

train losses    104:	0.3532	0.3582	0.3329	0.3285	 0.377	0.3815	0.3825	0.3874	0.5557	0.5615	0.5736	0.5932	
val losses      104:	 0.263	0.2652	0.3345	0.3134	0.4163	0.3811	0.4051	0.3975	 0.874	0.8899	0.9549	0.9433	 | 0.5365 mean
                     	0.7277	0.7237	0.8461	0.8181	 1.047	 1.025	 1.014	 1.005	  2.12	 2.174	  2.45	 2.407	 | 1.655 quantile
                      	 2.208	  2.22	 2.166	 3.182	 2.891	 1.958	 1.631	 2.579	 3.521	 3.557	 4.184	 4.429	 | 4.429 max

train losses    106:	0.3511	0.3576	 0.332	0.3273	0.3746	0.3785	0.3794	 0.385	0.5554	 0.558	 0.564	0.5844	
val losses      106:	0.2603	0.2595	0.3341	0.3132	0.4213	0.3818	0.4018	0.3943	0.8686	0.8858	0.9489	 0.937	 | 0.5339 mean
                     	0.7147	0.7053	 0.844	 0.817	 1.061	 1.032	 1.003	 0.993	 2.125	 2.188	 2.439	  2.39	 | 1.654 quantile
                      	  2.13	 2.084	  2.16	  3.18	 3.044	 2.088	 1.632	 2.656	   3.5	 3.475	 4.248	 4.497	 | 4.497 max

train losses    108:	0.3488	0.3564	0.3316	0.3273	 0.376	  0.38	0.3793	 0.384	0.5523	0.5609	0.5615	0.5802	
val losses      108:	0.2607	0.2616	0.3338	0.3131	 0.422	0.3839	0.4003	0.3932	0.8683	0.8851	 0.957	0.9438	 | 0.5352 mean
                     	0.7229	0.7132	0.8445	0.8174	 1.065	 1.042	0.9965	 0.984	 2.109	 2.152	 2.467	 2.411	 | 1.658 quantile
                      	 2.039	 2.178	 2.163	 3.168	 3.012	 2.139	  1.66	 2.623	  3.46	 3.511	 4.316	 4.539	 | 4.539 max

train losses    110:	0.3496	0.3569	0.3306	0.3262	0.3719	0.3774	0.3754	0.3803	0.5548	0.5609	0.5589	0.5774	
val losses      110:	0.2637	0.2663	 0.334	0.3132	0.4212	0.3833	0.3999	0.3921	0.8788	0.8987	0.9558	0.9424	 | 0.5375 mean
                     	0.7267	0.7246	0.8444	0.8177	 1.061	 1.038	0.9924	 0.984	  2.14	 2.211	 2.426	 2.384	 | 1.683 quantile
                      	 2.066	 2.156	 2.176	 3.187	 2.951	  2.08	 1.694	 2.636	 3.516	 3.579	 4.373	 4.574	 | 4.574 max

train losses    112:	0.3491	0.3559	0.3302	0.3259	0.3711	0.3758	0.3749	0.3796	0.5547	 0.561	 0.552	0.5716	
val losses      112:	0.2626	0.2662	0.3336	 0.313	0.4128	0.3732	0.3983	 0.391	0.8752	0.8914	0.9515	0.9369	 | 0.5338 mean
                     	0.7253	0.7255	 0.844	0.8147	 1.043	 1.012	0.9904	 0.974	 2.139	  2.21	 2.433	 2.391	 | 1.675 quantile
                      	 2.094	 2.296	  2.17	 3.186	 2.945	  2.14	  1.68	  2.72	 3.638	 3.652	 4.408	 4.605	 | 4.605 max

train losses    114:	0.3465	0.3543	0.3298	0.3253	0.3699	0.3733	0.3736	0.3787	0.5573	0.5623	0.5517	0.5668	
val losses      114:	0.2612	0.2644	0.3336	 0.313	0.4142	0.3749	 0.398	0.3906	 0.879	0.8941	 0.954	 0.939	 | 0.5347 mean
                     	0.7245	0.7255	0.8417	0.8138	 1.047	 1.018	0.9826	0.9772	 2.152	 2.238	 2.447	 2.409	 | 1.679 quantile
                      	 2.061	 2.166	 2.163	 3.195	 2.939	 2.089	 1.662	 2.716	 3.443	 3.532	 4.439	 4.637	 | 4.637 max

train losses    116:	0.3456	0.3545	0.3296	0.3248	0.3666	0.3716	0.3726	0.3776	0.5614	0.5681	0.5499	0.5667	
val losses      116:	0.2626	0.2664	0.3335	 0.313	0.4124	0.3741	0.3975	0.3897	0.8959	 0.914	0.9491	0.9329	 | 0.5368 mean
                     	0.7327	0.7331	0.8443	0.8163	 1.041	 1.023	 0.985	0.9742	 2.215	 2.301	 2.438	 2.391	 | 1.701 quantile
                      	 2.009	 2.275	 2.172	 3.183	 2.913	  2.09	 1.678	 2.603	 3.518	 3.577	  4.46	 4.625	 | 4.625 max

train losses    118:	 0.348	0.3546	0.3289	0.3238	0.3664	0.3752	0.3705	0.3752	0.5648	0.5723	 0.549	0.5657	
val losses      118:	0.2623	0.2663	0.3337	0.3129	0.4119	0.3736	0.3978	0.3905	0.9066	0.9291	0.9601	0.9438	 | 0.5407 mean
                     	0.7264	0.7304	0.8423	0.8162	 1.036	 1.018	 0.991	0.9785	 2.226	 2.298	  2.43	  2.38	 | 1.714 quantile
                      	 2.011	 2.182	 2.165	 3.164	 2.897	 2.139	 1.692	 2.703	 3.622	 3.827	 4.319	 4.501	 | 4.501 max

train losses    120:	0.3467	0.3514	 0.329	0.3238	0.3678	0.3728	0.3702	0.3736	0.5807	0.5864	0.5457	0.5605	
val losses      120:	 0.258	0.2581	0.3334	0.3131	0.4057	0.3651	0.3986	0.3899	0.8927	 0.912	0.9615	0.9442	 | 0.536 mean
                     	0.7228	0.7078	0.8433	0.8151	 1.021	0.9875	0.9849	0.9758	 2.161	 2.267	  2.46	 2.413	 | 1.682 quantile
                      	 1.959	 1.992	 2.158	 3.206	  2.87	 2.141	 1.735	 2.684	 3.636	 3.806	 4.426	  4.64	 | 4.64 max

train losses    122:	 0.351	 0.359	 0.329	0.3238	0.3757	0.3832	0.3716	0.3753	0.6717	0.6799	0.5604	0.5765	
val losses      122:	0.2649	0.2714	 0.334	0.3132	0.4262	0.3916	0.3977	0.3891	 1.023	 1.041	0.9519	0.9374	 | 0.5617 mean
                     	0.7385	0.7479	0.8435	0.8182	 1.058	 1.073	0.9775	0.9769	  2.44	 2.639	 2.432	 2.374	 | 1.792 quantile
                      	 2.125	 2.289	 2.141	 3.219	 3.165	  2.29	 1.726	 2.773	 4.278	 4.444	 4.329	 4.276	 | 4.444 max

train losses    124:	0.3775	0.3946	0.3331	0.3281	0.4381	0.4446	0.3956	0.4009	  1.12	 1.139	0.6484	0.6633	
val losses      124:	0.2931	  0.31	0.3343	0.3138	0.5223	0.4981	0.4076	0.3997	 1.458	 1.465	0.9833	0.9782	 | 0.6636 mean
                     	0.8246	0.8841	0.8486	0.8121	 1.416	 1.409	 1.022	 1.022	 3.708	 3.856	 2.438	 2.393	 | 2.206 quantile
                      	 2.433	 2.661	 2.174	 3.203	 3.897	 2.951	 1.884	 2.714	 5.445	 6.082	 3.801	 3.755	 | 6.082 max

train losses    126:	0.4255	0.4333	0.3348	0.3279	0.5053	0.5137	0.4599	0.4677	 1.285	 1.288	 1.006	 1.022	
val losses      126:	0.3698	0.4087	0.3374	0.3165	0.7347	0.7332	0.4682	 0.461	 2.099	 2.122	 1.257	 1.252	 | 0.88 mean
                     	 1.032	  1.14	0.8476	0.8248	  2.03	 2.026	  1.16	 1.164	 5.741	 5.741	 2.819	 2.859	 | 2.962 quantile
                      	 3.384	 3.303	 2.233	 3.075	 5.253	 4.197	 2.495	 2.542	 9.289	 8.969	 6.253	 5.773	 | 9.289 max

train losses    128:	0.4374	0.4573	0.3329	0.3303	0.5128	0.5403	0.4311	0.4384	 1.161	 1.169	 1.097	 1.103	
val losses      128:	0.4099	 0.437	0.3371	0.3169	0.6677	 0.665	0.4527	0.4492	 2.156	 2.198	 1.163	 1.149	 | 0.8667 mean
                     	 1.122	 1.206	0.8493	0.8268	 1.868	  1.93	 1.122	 1.167	 5.852	 5.816	 2.785	 2.707	 | 2.998 quantile
                      	 3.622	 3.337	   2.2	 3.104	 4.606	 3.783	 2.077	  2.59	 9.331	 9.042	 6.044	  5.55	 | 9.331 max

train losses    130:	0.4379	0.4586	0.3352	0.3299	0.4942	0.5093	0.4345	0.4422	 1.075	 1.075	0.9984	0.9964	
val losses      130:	0.3537	0.3718	0.3373	0.3174	0.5735	0.5651	0.4553	0.4554	 1.949	 1.998	 1.129	 1.115	 | 0.8017 mean
                     	0.9838	 1.029	0.8569	0.8248	 1.582	 1.602	 1.135	 1.151	 5.283	 5.362	 2.686	 2.695	 | 2.778 quantile
                      	 3.117	 2.615	 2.178	 3.079	 3.829	  2.98	  2.02	 2.511	 9.142	 8.916	 5.801	 5.376	 | 9.142 max

train losses    132:	0.4179	0.4277	0.3348	0.3299	0.4867	0.5039	0.4279	0.4346	 0.938	0.9515	0.9184	0.9262	
val losses      132:	0.3275	0.3375	0.3371	0.3175	0.4998	0.4859	0.4509	0.4507	 1.666	 1.738	 1.014	 1.019	 | 0.7204 mean
                     	0.8781	0.9314	0.8558	0.8282	 1.286	 1.344	 1.117	 1.134	 4.639	 4.697	 2.538	 2.519	 | 2.474 quantile
                      	  2.47	 2.238	 2.202	 3.046	 3.305	 2.749	 1.994	 2.511	 8.564	 8.316	 4.506	  4.26	 | 8.564 max

train losses    134:	 0.407	0.4155	0.3333	0.3283	 0.469	0.4867	0.4235	0.4307	0.8636	 0.868	0.8497	0.8594	
val losses      134:	0.3043	0.3106	0.3368	0.3167	0.5022	0.4785	0.4531	0.4526	  1.47	 1.533	 1.082	 1.071	 | 0.6925 mean
                     	0.8189	0.8177	0.8509	0.8296	 1.231	 1.264	 1.121	 1.138	 3.835	 3.901	 2.594	 2.509	 | 2.277 quantile
                      	 2.277	 2.065	 2.188	 3.101	 3.153	 2.551	 2.076	 2.558	 6.839	 7.207	 4.236	 4.469	 | 7.207 max

train losses    136:	0.3987	0.4056	0.3324	0.3267	0.4411	0.4556	0.4157	0.4221	0.7973	0.7961	0.7934	0.8029	
val losses      136:	 0.293	0.2948	 0.336	0.3162	0.4599	0.4427	 0.442	0.4385	 1.251	 1.298	 1.027	 1.023	 | 0.6353 mean
                     	0.7863	0.7841	0.8492	0.8246	 1.168	 1.174	 1.095	 1.093	 3.209	 3.225	 2.509	 2.431	 | 2.081 quantile
                      	 2.238	 2.611	 2.185	 3.127	 2.812	 2.425	  1.98	 2.625	 5.488	 6.269	 4.117	 4.163	 | 6.269 max

train losses    138:	0.3825	0.3956	0.3315	 0.326	0.4308	0.4465	0.4116	0.4179	0.7364	0.7422	0.7409	0.7481	
val losses      138:	0.2923	0.2915	0.3354	0.3152	0.4603	0.4339	0.4312	0.4251	 1.126	 1.149	0.9761	0.9735	 | 0.6008 mean
                     	0.7853	0.7849	0.8454	0.8204	  1.16	 1.153	 1.073	  1.07	 2.784	  2.81	 2.424	 2.339	 | 1.944 quantile
                      	 2.245	 2.436	 2.194	 3.124	 2.872	  2.36	 1.941	 2.608	 4.851	 5.556	 3.901	  3.91	 | 5.556 max

train losses    140:	0.3785	0.3844	0.3309	0.3257	 0.415	 0.428	0.4056	0.4122	0.7021	 0.705	0.6952	0.7056	
val losses      140:	0.2914	0.2894	0.3359	0.3152	0.4696	0.4398	0.4274	  0.42	 1.012	  1.03	0.9761	 0.971	 | 0.5814 mean
                     	0.7741	0.7765	 0.847	0.8179	 1.136	 1.142	 1.067	 1.071	 2.404	  2.44	 2.435	  2.33	 | 1.798 quantile
                      	  2.28	 2.376	 2.204	 3.143	 2.919	 2.259	 1.887	 2.632	 3.791	 4.306	 3.968	 4.082	 | 4.306 max

train losses    142:	0.3724	0.3811	0.3305	0.3252	0.4059	0.4196	0.4005	0.4074	0.6719	0.6754	0.6634	 0.674	
val losses      142:	0.2867	 0.293	0.3353	0.3149	0.4822	0.4521	0.4228	0.4147	0.9904	 1.009	0.9636	0.9536	 | 0.5765 mean
                     	0.7773	0.7939	 0.845	0.8191	 1.199	 1.182	 1.066	 1.064	 2.364	 2.368	 2.391	 2.318	 | 1.765 quantile
                      	 2.397	 2.619	  2.18	  3.13	 2.988	 2.349	 1.832	 2.664	 3.574	 4.043	 3.885	 3.932	 | 4.043 max

train losses    144:	0.3639	0.3731	0.3294	0.3242	0.3978	0.4121	0.3968	0.4033	0.6476	0.6516	0.6391	0.6495	
val losses      144:	 0.277	0.2864	0.3348	0.3147	0.4748	0.4417	0.4194	0.4116	0.9747	 1.003	0.9703	0.9576	 | 0.5722 mean
                     	0.7622	0.7821	0.8431	0.8171	 1.175	 1.162	 1.065	 1.061	 2.342	 2.412	 2.407	  2.33	 | 1.755 quantile
                      	 2.332	 2.488	 2.153	 3.197	 3.044	 2.316	 1.774	 2.683	 3.742	 4.004	 3.791	 4.007	 | 4.007 max

train losses    146:	0.3585	0.3668	0.3288	0.3235	0.3943	0.4049	 0.394	0.3991	0.6313	0.6359	0.6233	 0.634	
val losses      146:	0.2743	0.2842	0.3346	0.3146	0.4571	0.4237	0.4153	0.4089	0.9673	0.9933	 0.957	0.9439	 | 0.5645 mean
                     	0.7577	0.7737	0.8424	0.8153	 1.115	 1.118	 1.056	 1.047	   2.3	 2.402	 2.417	 2.348	 | 1.731 quantile
                      	 2.385	  2.56	 2.154	 3.187	 3.114	 2.299	 1.729	 2.704	 3.659	 3.771	 3.933	 4.173	 | 4.173 max

train losses    148:	0.3542	0.3624	0.3286	0.3231	0.3851	0.3962	0.3896	0.3967	0.6186	0.6236	0.6038	0.6144	
val losses      148:	0.2714	0.2796	0.3342	0.3143	0.4439	0.4097	0.4122	0.4059	0.9712	0.9955	0.9646	0.9515	 | 0.5628 mean
                     	0.7514	0.7599	0.8406	0.8155	 1.073	 1.079	  1.04	 1.034	 2.348	 2.433	 2.443	 2.383	 | 1.749 quantile
                      	 2.256	 2.429	 2.156	 3.195	 2.986	 2.328	 1.699	 2.645	  3.78	 3.735	 4.001	 4.243	 | 4.243 max

train losses    150:	0.3527	 0.359	0.3278	0.3221	0.3829	0.3947	0.3865	 0.392	0.6065	 0.609	 0.594	0.6058	
val losses      150:	0.2689	0.2746	0.3342	0.3145	 0.437	0.4046	0.4089	0.4027	0.9556	0.9756	0.9529	0.9408	 | 0.5559 mean
                     	0.7339	0.7486	0.8417	0.8139	 1.059	 1.075	 1.033	 1.023	 2.314	 2.397	 2.448	 2.405	 | 1.732 quantile
                      	  2.16	 2.445	 2.155	 3.196	  3.01	 2.311	 1.658	  2.69	 3.688	 3.548	 3.908	 4.168	 | 4.168 max

train losses    152:	0.3524	0.3591	 0.328	0.3224	0.3797	0.3898	0.3846	0.3896	 0.598	   0.6	0.5816	0.5928	
val losses      152:	0.2701	0.2754	0.3341	0.3144	0.4426	0.4112	0.4071	0.4005	0.9524	0.9651	0.9541	0.9395	 | 0.5555 mean
                     	0.7445	0.7529	0.8413	0.8137	 1.084	 1.091	 1.015	 1.015	 2.296	 2.353	  2.44	 2.372	 | 1.736 quantile
                      	 2.271	 2.469	 2.163	 3.211	 3.085	 2.362	 1.636	 2.681	 3.558	 3.727	 4.041	 4.307	 | 4.307 max

train losses    154:	0.3491	0.3557	 0.327	0.3214	0.3737	 0.385	0.3819	0.3864	0.5886	0.5897	0.5724	 0.582	
val losses      154:	0.2695	0.2756	 0.334	 0.314	0.4478	0.4168	0.4059	0.3988	0.9522	 0.965	0.9456	0.9324	 | 0.5548 mean
                     	0.7413	0.7528	 0.842	0.8139	 1.103	  1.12	 1.009	 1.005	 2.305	 2.351	 2.417	 2.357	 | 1.732 quantile
                      	 2.211	 2.419	 2.174	 3.216	 3.086	 2.346	 1.625	 2.737	 3.564	 3.631	 4.023	 4.287	 | 4.287 max

train losses    156:	0.3485	0.3564	0.3271	0.3216	0.3726	0.3828	0.3786	0.3833	 0.576	0.5806	 0.565	0.5737	
val losses      156:	0.2685	0.2745	 0.334	0.3138	 0.445	0.4135	0.4041	0.3966	0.9475	0.9589	0.9402	0.9271	 | 0.552 mean
                     	0.7341	0.7482	0.8418	0.8131	 1.087	 1.106	 1.007	 0.999	 2.318	 2.336	 2.422	 2.355	 | 1.72 quantile
                      	 2.219	  2.43	 2.175	 3.218	 3.035	 2.414	 1.639	 2.815	 3.725	 3.711	 4.181	 4.212	 | 4.212 max

train losses    158:	0.3485	0.3536	0.3262	0.3206	0.3702	0.3804	0.3758	0.3809	0.5738	0.5758	0.5609	0.5689	
val losses      158:	0.2672	0.2724	 0.334	0.3139	0.4343	 0.401	0.4028	0.3949	0.9371	0.9468	0.9417	0.9268	 | 0.5477 mean
                     	 0.732	0.7429	0.8431	0.8119	 1.062	 1.079	 1.004	0.9937	 2.277	 2.321	  2.43	 2.356	 | 1.702 quantile
                      	 2.126	 2.435	 2.172	  3.22	 3.058	 2.422	 1.629	 2.819	 3.502	 3.723	  3.96	 4.171	 | 4.171 max

train losses    160:	0.3471	0.3531	0.3257	0.3203	0.3673	0.3796	0.3743	0.3787	0.5663	0.5719	 0.551	 0.562	
val losses      160:	0.2648	 0.269	 0.334	0.3139	 0.428	0.3964	0.4013	0.3927	0.9309	0.9421	0.9367	 0.923	 | 0.5444 mean
                     	0.7229	0.7299	0.8421	0.8126	 1.054	 1.068	0.9979	0.9871	 2.287	 2.324	 2.431	 2.361	 | 1.7 quantile
                      	 2.156	 2.419	 2.168	 3.218	 3.019	 2.402	 1.631	  2.86	 3.498	 3.654	 3.971	 4.205	 | 4.205 max

train losses    162:	0.3462	0.3524	0.3258	0.3202	0.3658	0.3768	 0.372	0.3765	0.5601	0.5635	0.5507	0.5605	
val losses      162:	0.2661	0.2714	 0.334	 0.314	 0.431	0.3987	0.3997	0.3908	0.9359	0.9465	0.9371	0.9231	 | 0.5457 mean
                     	0.7291	0.7439	0.8422	0.8132	 1.059	 1.071	0.9936	0.9857	 2.302	 2.327	 2.399	 2.343	 | 1.702 quantile
                      	 2.156	 2.545	  2.16	 3.211	 3.091	 2.419	 1.646	 2.824	 3.514	 3.732	 4.068	 4.305	 | 4.305 max

train losses    164:	 0.346	0.3514	0.3261	0.3202	0.3642	0.3743	0.3706	0.3751	0.5553	0.5592	0.5489	0.5599	
val losses      164:	0.2641	0.2666	0.3339	0.3139	0.4283	 0.397	0.3987	0.3899	0.9224	0.9296	0.9418	0.9269	 | 0.5428 mean
                     	0.7227	0.7289	0.8417	0.8144	 1.054	 1.079	0.9941	0.9785	 2.244	 2.278	 2.419	 2.343	 | 1.686 quantile
                      	 2.025	  2.51	 2.155	 3.228	 3.051	 2.381	 1.678	 2.814	 3.507	 3.706	 4.205	 4.236	 | 4.236 max

train losses    166:	0.3446	0.3504	0.3257	0.3197	0.3624	0.3741	0.3676	0.3711	0.5541	0.5579	0.5466	 0.558	
val losses      166:	0.2615	0.2636	0.3339	0.3139	0.4213	0.3903	0.3984	0.3892	0.9109	0.9197	0.9445	0.9302	 | 0.5398 mean
                     	0.7163	0.7138	0.8411	0.8124	 1.025	 1.061	0.9924	0.9728	 2.213	 2.234	 2.432	 2.346	 | 1.68 quantile
                      	  2.04	 2.389	 2.162	 3.225	 3.019	 2.309	 1.704	 2.825	 3.417	 3.607	  4.14	 4.361	 | 4.361 max

train losses    168:	0.3435	0.3492	 0.325	0.3193	0.3621	0.3734	0.3662	0.3708	 0.549	0.5543	0.5414	 0.552	
val losses      168:	0.2625	0.2646	 0.334	0.3141	 0.423	0.3921	0.3987	0.3893	0.9145	 0.925	0.9354	0.9224	 | 0.5396 mean
                     	0.7218	0.7149	0.8418	0.8126	 1.039	 1.071	0.9912	0.9736	 2.228	 2.264	 2.433	 2.351	 | 1.687 quantile
                      	 1.967	 2.479	 2.161	 3.217	 3.007	  2.31	 1.677	  2.81	 3.501	 3.738	 4.002	 4.241	 | 4.241 max

train losses    170:	 0.344	0.3506	0.3249	0.3191	0.3585	 0.371	0.3635	0.3684	0.5453	0.5482	0.5376	0.5467	
val losses      170:	0.2631	 0.266	0.3339	0.3141	0.4261	0.3939	0.3983	0.3889	 0.917	 0.928	0.9367	0.9235	 | 0.5408 mean
                     	0.7207	0.7213	  0.84	0.8124	 1.041	 1.069	0.9888	0.9694	 2.239	 2.274	  2.42	 2.341	 | 1.692 quantile
                      	 2.027	 2.422	 2.154	 3.226	 3.079	 2.357	  1.76	 2.843	 3.481	 3.706	 4.216	 4.455	 | 4.455 max

train losses    172:	0.3422	0.3479	0.3248	0.3188	0.3578	0.3714	 0.362	0.3649	0.5423	0.5441	0.5352	0.5433	
val losses      172:	0.2604	0.2636	0.3339	0.3142	0.4267	0.3919	0.3965	 0.387	0.9144	0.9264	0.9404	0.9252	 | 0.54 mean
                     	0.7169	0.7122	0.8396	0.8126	 1.042	 1.056	0.9836	0.9652	  2.23	 2.289	 2.418	 2.358	 | 1.692 quantile
                      	 1.987	 2.427	 2.153	 3.228	 3.066	 2.398	 1.683	  2.83	 3.517	 3.728	 4.275	 4.504	 | 4.504 max

train losses    174:	0.3424	0.3484	0.3249	0.3191	0.3604	0.3718	0.3623	0.3668	 0.537	0.5408	0.5276	0.5351	
val losses      174:	0.2609	0.2635	0.3338	 0.314	 0.421	0.3889	0.3956	0.3856	0.9039	0.9162	0.9325	0.9187	 | 0.5362 mean
                     	0.7147	0.7148	0.8402	0.8119	 1.041	 1.058	 0.981	0.9766	  2.19	 2.247	 2.409	 2.334	 | 1.678 quantile
                      	 1.977	 2.568	 2.149	 3.211	 2.976	 2.258	 1.736	 2.792	 3.457	 3.701	 4.248	 4.466	 | 4.466 max

train losses    176:	 0.341	0.3473	0.3244	0.3184	 0.357	0.3678	0.3582	0.3623	0.5363	0.5372	0.5247	 0.533	
val losses      176:	0.2601	0.2633	0.3339	0.3141	0.4185	0.3855	0.3945	0.3849	0.9178	0.9291	0.9434	0.9287	 | 0.5395 mean
                     	0.7135	0.7101	  0.84	0.8101	 1.033	  1.05	0.9741	0.9663	 2.256	   2.3	 2.413	 2.344	 | 1.698 quantile
                      	  1.95	 2.365	 2.146	  3.22	 2.982	 2.303	 1.765	 2.961	 3.564	   3.8	 4.287	   4.5	 | 4.5 max

train losses    178:	0.3423	0.3484	0.3244	0.3184	0.3556	0.3679	0.3577	0.3615	0.5338	0.5346	0.5216	0.5291	
val losses      178:	0.2616	0.2647	0.3338	 0.314	0.4131	0.3787	0.3938	0.3846	  0.91	0.9199	0.9415	0.9287	 | 0.537 mean
                     	0.7134	0.7206	0.8429	0.8113	 1.016	 1.033	0.9688	0.9633	 2.228	 2.251	 2.404	 2.337	 | 1.693 quantile
                      	  1.98	 2.438	 2.153	 3.205	 2.946	 2.297	 1.783	 2.874	 3.577	 3.782	 4.395	 4.623	 | 4.623 max

train losses    180:	0.3394	0.3474	0.3239	0.3179	0.3538	0.3679	0.3583	0.3626	0.5331	0.5342	0.5231	0.5317	
val losses      180:	0.2607	0.2637	0.3339	0.3141	0.4162	0.3829	0.3941	0.3852	0.9137	0.9259	 0.941	0.9279	 | 0.5383 mean
                     	0.7129	0.7157	0.8397	0.8132	 1.038	 1.047	0.9709	0.9693	 2.251	  2.31	 2.389	 2.329	 | 1.696 quantile
                      	  1.99	 2.464	 2.154	 3.217	 2.954	 2.304	 1.791	 2.935	 3.574	  3.79	 4.309	 4.538	 | 4.538 max

train losses    182:	0.3392	0.3447	 0.324	0.3177	0.3536	0.3639	0.3547	0.3594	0.5306	0.5335	 0.519	0.5291	
val losses      182:	0.2585	0.2622	0.3339	0.3141	0.4148	0.3801	0.3944	0.3855	0.8966	0.9077	0.9463	0.9329	 | 0.5356 mean
                     	0.7069	0.7049	0.8387	0.8117	 1.021	 1.034	0.9675	 0.964	  2.18	 2.226	 2.404	 2.339	 | 1.68 quantile
                      	 1.955	 2.413	 2.154	 3.233	 2.943	 2.346	 1.745	  2.93	 3.596	 3.796	 4.261	 4.492	 | 4.492 max

train losses    184:	0.3421	0.3472	0.3239	0.3175	0.3538	0.3648	0.3548	 0.359	0.5265	0.5276	0.5243	0.5325	
val losses      184:	0.2598	0.2624	0.3337	0.3139	0.4142	0.3807	0.3941	0.3851	0.8931	0.9045	0.9459	0.9329	 | 0.535 mean
                     	0.7161	0.7111	0.8369	 0.811	 1.034	 1.035	0.9695	0.9589	  2.18	 2.227	 2.395	  2.33	 | 1.683 quantile
                      	 2.001	 2.452	  2.16	 3.221	  2.92	 2.267	 1.769	 2.947	 3.512	 3.662	 4.249	 4.479	 | 4.479 max

train losses    186:	0.3377	0.3447	0.3236	0.3172	0.3541	0.3656	 0.353	 0.356	 0.527	0.5282	0.5276	0.5342	
val losses      186:	0.2571	0.2596	0.3338	0.3141	0.4089	0.3741	 0.393	0.3843	0.8931	0.9041	0.9459	0.9323	 | 0.5334 mean
                     	 0.704	   0.7	0.8376	0.8105	 1.013	 1.021	0.9642	  0.96	 2.194	 2.222	 2.402	  2.32	 | 1.682 quantile
                      	 1.987	 2.345	 2.162	 3.217	 2.947	 2.291	 1.782	 3.027	 3.516	 3.661	 4.312	 4.531	 | 4.531 max

train losses    188:	0.3392	0.3436	0.3235	0.3179	0.3508	0.3641	0.3528	0.3581	0.5243	 0.527	0.5305	0.5391	
val losses      188:	0.2566	0.2582	0.3338	0.3139	0.4108	0.3759	0.3923	0.3834	0.8976	0.9108	0.9331	0.9205	 | 0.5323 mean
                     	0.7095	0.6965	0.8397	0.8121	 1.016	 1.033	0.9603	0.9508	 2.174	 2.247	 2.394	 2.293	 | 1.667 quantile
                      	 1.916	 2.296	 2.154	 3.222	 3.003	 2.257	  1.76	  3.02	 3.548	 3.735	 4.062	 4.289	 | 4.289 max

train losses    190:	0.3387	0.3457	0.3233	0.3169	 0.352	0.3627	0.3515	0.3546	0.5228	0.5281	0.5245	0.5309	
val losses      190:	0.2592	0.2597	0.3337	0.3138	 0.415	0.3794	0.3936	0.3843	0.9083	0.9244	0.9376	0.9244	 | 0.5361 mean
                     	0.7113	0.7035	0.8375	0.8098	 1.046	 1.042	0.9618	0.9602	 2.217	 2.292	 2.401	 2.312	 | 1.683 quantile
                      	 2.001	 2.455	 2.162	 3.225	  2.93	 2.219	 1.786	 2.993	 3.557	 3.764	 4.221	 4.443	 | 4.443 max

train losses    192:	0.3389	0.3427	0.3234	0.3172	0.3497	0.3614	0.3496	0.3527	0.5199	0.5205	0.5184	0.5271	
val losses      192:	0.2593	  0.26	0.3336	 0.314	0.4032	 0.368	0.3928	0.3833	0.8959	0.9095	0.9288	0.9171	 | 0.5305 mean
                     	 0.712	 0.706	0.8367	0.8105	0.9906	0.9945	0.9582	0.9544	 2.193	 2.268	 2.402	 2.305	 | 1.668 quantile
                      	 2.019	 2.376	 2.157	 3.232	 2.918	 2.186	 1.777	 2.942	 3.546	 3.692	 4.106	 4.323	 | 4.323 max

train losses    194:	0.3382	0.3447	0.3229	0.3165	0.3497	0.3611	0.3489	0.3524	0.5173	0.5224	0.5147	  0.52	
val losses      194:	 0.259	 0.262	0.3337	 0.314	0.4083	0.3735	0.3935	0.3838	0.9085	0.9224	0.9302	0.9177	 | 0.5339 mean
                     	 0.716	 0.708	0.8387	0.8079	 1.015	 1.025	0.9596	0.9515	 2.249	 2.309	 2.408	 2.307	 | 1.683 quantile
                      	 1.924	 2.416	 2.162	 3.217	 2.926	  2.24	 1.742	  2.92	 3.606	 3.906	 3.958	  4.15	 | 4.15 max

train losses    196:	0.3382	0.3431	0.3229	0.3169	0.3516	0.3615	0.3485	 0.352	0.5176	0.5173	0.5164	0.5211	
val losses      196:	0.2566	0.2582	0.3336	 0.314	0.4007	0.3691	0.3933	0.3838	 0.896	0.9074	0.9239	0.9128	 | 0.5291 mean
                     	0.7059	0.6968	 0.838	0.8104	 1.014	 1.007	0.9591	0.9517	 2.185	 2.244	 2.377	 2.299	 | 1.667 quantile
                      	  1.97	 2.342	 2.162	 3.217	 2.873	 2.164	 1.778	 2.884	 3.626	 3.803	 4.054	 4.247	 | 4.247 max

train losses    198:	0.3393	0.3435	0.3226	0.3162	0.3506	  0.36	0.3482	0.3511	0.5141	0.5193	0.5411	0.5454	
val losses      198:	0.2576	  0.26	0.3334	0.3139	0.4045	0.3729	0.3917	0.3821	0.8989	0.9109	0.9234	0.9152	 | 0.5304 mean
                     	 0.711	0.7118	0.8403	0.8087	 1.012	 1.027	0.9583	 0.948	 2.224	 2.263	 2.374	 2.299	 | 1.672 quantile
                      	 1.946	 2.395	 2.171	 3.223	 2.955	 2.128	 1.813	 2.897	 3.641	 3.855	 3.988	 4.149	 | 4.149 max

train losses    200:	0.3364	0.3427	0.3223	0.3158	0.3501	0.3611	0.3478	0.3508	0.5142	0.5212	0.5768	0.5798	
val losses      200:	0.2602	0.2637	0.3335	0.3139	0.4183	 0.388	0.3917	0.3823	0.9174	0.9288	0.9459	0.9341	 | 0.5398 mean
                     	0.7159	0.7232	0.8364	0.8095	 1.044	 1.063	0.9573	 0.942	 2.261	 2.328	 2.418	 2.352	 | 1.711 quantile
                      	 1.969	 2.446	 2.166	 3.225	 2.991	 2.262	 1.782	 2.901	 3.733	 3.946	 4.051	 4.199	 | 4.199 max

train losses    202:	0.3389	0.3429	0.3227	0.3163	0.3473	0.3602	0.3464	  0.35	0.5131	0.5163	0.6034	0.6083	
val losses      202:	0.2601	0.2627	0.3336	 0.314	0.4066	0.3736	0.3918	0.3818	0.8895	0.8999	0.9572	0.9498	 | 0.5351 mean
                     	0.7161	0.7159	0.8387	0.8077	0.9989	 1.029	0.9544	0.9403	 2.166	  2.24	 2.473	 2.425	 | 1.716 quantile
                      	 1.981	  2.54	 2.163	 3.219	 2.945	 2.278	 1.835	 2.987	 3.531	 3.755	 3.988	 4.098	 | 4.098 max

train losses    204:	0.3391	0.3416	0.3227	0.3163	0.3504	0.3577	0.3457	0.3493	0.5134	0.5178	 0.604	 0.609	
val losses      204:	0.2607	0.2646	0.3337	0.3143	 0.404	0.3718	0.3932	0.3828	0.8989	0.9105	0.9547	0.9432	 | 0.536 mean
                     	0.7219	0.7176	0.8376	0.8087	   1.0	  1.02	 0.962	0.9468	 2.211	  2.26	 2.481	 2.415	 | 1.702 quantile
                      	 1.952	 2.416	 2.161	 3.205	 2.882	 2.156	 1.784	 2.915	 3.573	 3.776	 3.922	 4.098	 | 4.098 max

train losses    206:	0.3385	0.3424	0.3223	0.3161	  0.35	 0.362	0.3451	0.3486	0.5123	0.5148	0.5761	0.5785	
val losses      206:	0.2583	0.2618	0.3339	0.3143	0.3989	0.3666	0.3934	0.3831	0.8949	0.9057	0.9447	0.9363	 | 0.5327 mean
                     	0.7035	0.7142	0.8375	0.8079	 1.006	 1.007	0.9605	0.9494	   2.2	 2.255	 2.441	  2.39	 | 1.689 quantile
                      	 1.998	 2.364	  2.16	 3.204	 2.925	 2.193	 1.826	 2.879	 3.596	 3.705	 4.015	 4.152	 | 4.152 max

train losses    208:	0.3394	0.3445	0.3225	0.3158	0.3512	0.3613	0.3448	0.3479	0.5151	0.5156	 0.572	0.5727	
val losses      208:	 0.258	  0.26	0.3338	0.3141	 0.406	0.3714	0.3926	0.3838	0.8905	0.9019	0.9532	0.9454	 | 0.5342 mean
                     	0.7047	0.7125	0.8403	0.8078	 1.006	 1.014	0.9608	0.9542	 2.176	 2.235	 2.535	 2.478	 | 1.68 quantile
                      	 1.956	 2.469	 2.151	 3.231	 3.055	 2.255	 1.761	 2.882	 3.589	  3.63	 4.361	 4.423	 | 4.423 max

train losses    210:	0.3389	 0.343	0.3225	0.3164	0.3502	0.3604	0.3437	0.3465	0.5156	0.5165	0.5672	0.5684	
val losses      210:	0.2569	0.2596	0.3338	0.3143	0.4004	0.3663	0.3908	0.3812	0.8838	0.8947	0.9535	0.9459	 | 0.5318 mean
                     	0.7057	0.6991	0.8387	0.8075	 1.002	0.9927	0.9506	  0.94	 2.182	 2.227	 2.469	 2.397	 | 1.68 quantile
                      	 1.954	 2.301	 2.152	 3.223	 2.835	 2.159	  1.86	 2.875	 3.593	 3.769	 4.209	 4.326	 | 4.326 max

train losses    212:	0.3363	0.3419	0.3221	0.3158	 0.346	0.3569	0.3424	0.3457	0.5112	 0.515	0.5548	0.5567	
val losses      212:	0.2566	 0.257	0.3337	 0.314	0.3967	0.3639	0.3911	 0.383	0.8701	0.8863	0.9532	0.9435	 | 0.5291 mean
                     	0.7022	0.6859	0.8378	 0.808	0.9887	0.9839	0.9521	 0.945	 2.117	 2.177	 2.485	 2.423	 | 1.671 quantile
                      	 1.974	 2.464	 2.155	 3.219	 2.742	 2.055	 1.768	 2.896	 3.443	 3.503	 4.127	 4.241	 | 4.241 max

train losses    214:	0.3352	0.3414	0.3218	0.3154	0.3485	0.3602	0.3417	0.3456	0.5084	 0.516	0.5527	0.5548	
val losses      214:	0.2567	0.2586	0.3332	0.3137	0.3984	0.3643	0.3902	 0.381	0.9044	 0.919	0.9417	0.9318	 | 0.5328 mean
                     	0.7123	0.7018	0.8376	0.8052	0.9962	0.9832	0.9523	0.9455	 2.233	 2.295	  2.45	 2.385	 | 1.696 quantile
                      	 1.934	 2.427	 2.156	 3.209	 2.873	 2.055	 1.771	 2.999	 3.708	  3.87	 4.135	 4.288	 | 4.288 max

train losses    216:	0.3381	0.3409	0.3216	0.3152	 0.345	0.3576	0.3402	 0.344	0.5097	0.5127	0.5322	0.5357	
val losses      216:	0.2585	0.2598	0.3332	0.3137	0.4025	0.3701	0.3888	0.3797	0.8989	0.9156	0.9376	0.9295	 | 0.5323 mean
                     	0.7147	0.7063	0.8364	0.8062	 1.015	 1.006	0.9528	0.9448	 2.229	 2.299	  2.41	 2.317	 | 1.677 quantile
                      	 1.947	 2.355	  2.17	 3.216	 2.874	  2.14	 1.856	 2.855	 3.674	  3.89	 4.071	 4.185	 | 4.185 max

train losses    218:	 0.336	0.3419	0.3217	 0.315	0.3454	0.3582	0.3404	 0.344	0.5084	0.5125	 0.508	0.5128	
val losses      218:	 0.257	0.2585	0.3332	0.3138	0.4007	0.3668	0.3903	0.3817	0.8903	0.9046	0.9383	0.9287	 | 0.5303 mean
                     	0.7119	0.7086	 0.835	0.8087	   1.0	 1.006	0.9481	0.9431	 2.204	 2.256	 2.408	 2.325	 | 1.669 quantile
                      	 1.909	 2.448	 2.165	 3.219	 2.945	 2.258	 1.831	 2.907	 3.653	 3.864	 4.068	 4.149	 | 4.149 max

train losses    220:	0.3375	0.3421	0.3214	0.3146	0.3452	0.3576	 0.339	0.3415	0.5071	0.5091	 0.492	0.4981	
val losses      220:	0.2561	0.2575	0.3335	 0.314	0.3947	0.3597	 0.392	0.3837	 0.887	0.8998	0.9306	0.9191	 | 0.5273 mean
                     	0.7028	0.7033	0.8342	0.8081	0.9901	0.9845	0.9544	0.9526	 2.179	 2.236	 2.422	 2.342	 | 1.656 quantile
                      	 2.009	 2.467	 2.161	 3.219	 2.802	 2.087	 1.867	 2.925	 3.697	 3.793	 4.178	 4.293	 | 4.293 max

train losses    222:	 0.335	0.3405	0.3217	0.3149	0.3424	0.3548	 0.339	0.3409	0.5056	0.5092	0.4874	0.4912	
val losses      222:	0.2575	0.2604	0.3336	0.3141	 0.398	 0.361	0.3903	0.3815	0.9026	0.9175	0.9394	0.9265	 | 0.5319 mean
                     	0.7023	0.7049	0.8376	0.8075	 0.994	0.9989	0.9505	0.9514	 2.228	 2.285	 2.422	 2.343	 | 1.68 quantile
                      	 1.966	 2.253	 2.157	 3.227	   2.9	 2.171	  1.81	 2.902	 3.762	 3.914	 4.234	 4.371	 | 4.371 max

train losses    224:	 0.335	0.3401	0.3212	0.3142	 0.344	0.3544	0.3389	0.3423	0.5051	0.5085	0.4855	0.4899	
val losses      224:	0.2555	0.2566	0.3336	0.3141	 0.401	0.3671	0.3885	0.3796	0.8923	0.9095	0.9349	0.9219	 | 0.5296 mean
                     	0.7008	0.6998	 0.837	 0.807	 1.008	0.9993	0.9422	 0.945	 2.208	 2.275	 2.431	  2.35	 | 1.672 quantile
                      	 2.009	 2.295	 2.157	 3.227	 2.828	  2.16	 1.831	 2.884	 3.721	 3.832	 4.136	 4.276	 | 4.276 max

train losses    226:	0.3336	0.3402	0.3212	 0.315	0.3425	0.3548	 0.337	0.3403	0.5043	0.5048	0.4876	0.4913	
val losses      226:	 0.254	0.2568	0.3334	0.3139	0.3987	 0.366	0.3871	0.3786	0.8846	0.9004	0.9234	0.9129	 | 0.5258 mean
                     	0.6983	0.6938	0.8371	0.8086	0.9989	0.9972	0.9391	0.9397	 2.193	 2.223	 2.398	  2.32	 | 1.661 quantile
                      	 1.943	 2.352	 2.163	 3.231	 2.803	 2.144	 1.832	   2.9	 3.635	  3.72	 4.166	 4.296	 | 4.296 max

train losses    228:	0.3342	0.3386	0.3209	0.3141	0.3427	0.3541	0.3354	0.3394	0.5024	0.5056	0.4819	0.4839	
val losses      228:	0.2556	0.2566	0.3333	0.3137	0.3995	0.3647	 0.388	0.3793	0.8931	0.9068	0.9351	0.9228	 | 0.529 mean
                     	0.7005	0.6996	0.8363	 0.808	 1.006	0.9976	0.9395	0.9436	 2.202	 2.243	 2.373	 2.304	 | 1.68 quantile
                      	 1.949	 2.349	 2.172	 3.213	 2.815	 2.195	 1.794	 2.957	 3.591	 3.769	 4.252	 4.409	 | 4.409 max

train losses    230:	0.3345	0.3395	0.3209	0.3141	0.3425	0.3529	0.3342	0.3382	0.5026	0.5074	0.4831	0.4872	
val losses      230:	0.2556	0.2579	0.3335	0.3139	0.3978	 0.364	0.3875	0.3787	0.8913	0.9062	0.9267	0.9148	 | 0.5273 mean
                     	0.6972	0.7113	0.8372	0.8089	0.9956	 1.001	0.9443	0.9438	 2.189	 2.242	 2.378	 2.286	 | 1.658 quantile
                      	 1.962	 2.322	 2.161	 3.229	 2.846	 2.185	 1.813	 2.847	 3.728	 3.958	 4.076	 4.248	 | 4.248 max

train losses    232:	0.3343	0.3401	0.3209	0.3142	0.3415	0.3538	 0.334	0.3369	0.4975	0.5025	 0.482	0.4847	
val losses      232:	0.2544	0.2567	0.3334	0.3139	0.3866	 0.351	0.3873	0.3789	 0.879	0.8921	0.9221	0.9113	 | 0.5222 mean
                     	0.6968	0.7026	0.8392	0.8079	0.9673	0.9586	0.9473	0.9406	 2.147	  2.21	 2.396	 2.292	 | 1.646 quantile
                      	 1.996	 2.372	 2.167	 3.223	 2.728	 2.091	 1.843	 2.888	 3.721	 3.756	 4.117	 4.225	 | 4.225 max

train losses    234:	0.3327	0.3394	0.3205	0.3134	 0.338	0.3526	0.3341	 0.337	0.4997	 0.504	0.4805	0.4833	
val losses      234:	0.2566	0.2589	0.3333	0.3137	0.3986	0.3629	0.3882	0.3792	0.8967	0.9104	0.9392	0.9252	 | 0.5302 mean
                     	0.7011	0.7022	0.8368	 0.809	 1.013	   1.0	0.9484	0.9438	 2.241	 2.261	  2.39	 2.299	 | 1.674 quantile
                      	 1.949	 2.372	 2.163	 3.224	 2.736	 2.124	 1.824	 3.007	 3.735	 3.897	 4.361	 4.494	 | 4.494 max

train losses    236:	0.3331	0.3355	  0.32	0.3137	0.3413	0.3541	0.3326	0.3364	0.4997	0.5016	 0.479	0.4801	
val losses      236:	0.2541	0.2558	0.3333	0.3138	0.3935	0.3592	0.3871	0.3782	0.8865	0.9009	0.9265	 0.914	 | 0.5253 mean
                     	0.6989	   0.7	0.8402	0.8043	0.9922	0.9962	0.9459	0.9415	 2.196	 2.242	 2.392	 2.315	 | 1.652 quantile
                      	 1.938	 2.245	 2.159	 3.227	 2.786	  2.12	 1.828	 3.007	 3.695	 3.822	 4.169	 4.297	 | 4.297 max

train losses    238:	0.3341	 0.339	0.3201	0.3137	0.3406	0.3537	0.3325	0.3351	0.4997	0.5015	0.4791	0.4811	
val losses      238:	0.2555	0.2573	0.3334	0.3136	0.3972	0.3631	0.3877	0.3788	0.8942	0.9066	0.9291	0.9172	 | 0.5278 mean
                     	0.7002	0.7076	0.8407	 0.807	0.9994	0.9959	0.9491	0.9425	 2.213	 2.253	 2.392	 2.314	 | 1.666 quantile
                      	  1.95	   2.3	 2.164	 3.242	 2.752	 2.133	 1.816	 2.949	 3.716	 3.819	  4.16	 4.285	 | 4.285 max

train losses    240:	0.3331	0.3386	  0.32	0.3134	 0.341	0.3518	0.3315	0.3343	0.4992	0.5028	0.4809	0.4832	
val losses      240:	0.2554	0.2571	0.3334	0.3138	0.3976	0.3602	0.3875	 0.379	 0.889	0.9019	 0.923	0.9121	 | 0.5258 mean
                     	0.7028	0.7002	0.8362	0.8088	0.9946	 0.983	0.9419	0.9416	 2.201	  2.22	 2.382	 2.302	 | 1.655 quantile
                      	 1.962	 2.347	 2.158	 3.225	 2.766	 2.162	 1.875	  2.95	 3.631	 3.828	 4.245	 4.356	 | 4.356 max

train losses    242:	0.3345	0.3377	0.3196	0.3127	 0.339	0.3515	0.3303	0.3334	0.4995	0.4994	0.4779	0.4803	
val losses      242:	0.2545	0.2551	0.3333	0.3138	0.3991	0.3623	0.3875	0.3795	0.8831	0.8972	0.9288	0.9172	 | 0.5259 mean
                     	0.7002	0.6941	0.8369	0.8092	 1.008	0.9923	0.9434	0.9403	 2.178	 2.219	  2.38	 2.313	 | 1.659 quantile
                      	 1.926	 2.227	  2.18	 3.235	 2.838	  2.12	 1.861	 2.996	 3.707	  3.71	 4.442	 4.552	 | 4.552 max

train losses    244:	0.3315	0.3376	  0.32	0.3127	0.3392	0.3496	0.3309	0.3334	 0.498	0.5001	0.4834	0.4866	
val losses      244:	0.2532	0.2537	0.3333	0.3139	0.3936	0.3566	0.3878	0.3803	0.8846	0.8976	0.9288	0.9183	 | 0.5251 mean
                     	0.6959	0.6918	 0.836	0.8083	 0.988	0.9802	0.9474	0.9436	 2.192	 2.215	 2.374	 2.272	 | 1.66 quantile
                      	 1.911	 2.184	 2.178	 3.239	 2.776	 2.176	 1.916	 2.997	 3.727	 3.741	 4.361	 4.461	 | 4.461 max

train losses    246:	0.3328	0.3372	0.3194	0.3127	0.3411	0.3526	0.3284	0.3316	0.4976	0.5012	0.4823	0.4852	
val losses      246:	0.2547	 0.256	0.3332	0.3138	0.3921	0.3559	0.3876	0.3797	0.8893	0.9042	0.9278	0.9165	 | 0.5259 mean
                     	0.6993	0.7004	0.8361	0.8079	0.9891	0.9778	0.9421	0.9459	 2.204	 2.253	 2.381	 2.295	 | 1.663 quantile
                      	 1.952	 2.331	 2.163	 3.211	 2.805	 2.094	 1.822	 2.964	 3.752	 3.691	 4.161	 4.268	 | 4.268 max

train losses    248:	0.3335	 0.339	  0.32	0.3133	0.3374	0.3501	0.3283	0.3307	0.4959	0.4995	0.4875	0.4894	
val losses      248:	0.2549	0.2568	0.3335	 0.314	0.3896	0.3541	0.3875	0.3792	0.8929	0.9094	0.9212	0.9097	 | 0.5252 mean
                     	0.6988	0.7097	0.8364	0.8076	0.9748	 0.974	0.9468	0.9454	  2.21	 2.282	 2.353	 2.274	 | 1.66 quantile
                      	  1.94	 2.438	 2.172	 3.216	 2.731	  2.08	 1.911	 3.016	 3.692	 3.762	 4.205	 4.311	 | 4.311 max

train losses    250:	0.3309	 0.335	0.3195	0.3129	0.3393	 0.352	0.3278	0.3296	0.4966	0.5012	0.4933	0.4975	
val losses      250:	0.2548	0.2578	0.3329	0.3134	0.3977	 0.362	0.3858	0.3784	0.8911	0.9077	0.9379	0.9252	 | 0.5287 mean
                     	0.6989	0.7046	0.8379	0.8073	0.9944	 0.997	0.9409	0.9426	 2.189	 2.273	 2.374	  2.27	 | 1.679 quantile
                      	  1.93	 2.214	 2.178	 3.232	 2.827	 2.193	 1.851	 2.948	 3.688	 3.677	 4.444	 4.555	 | 4.555 max

train losses    252:	0.3302	0.3377	0.3199	0.3127	0.3382	0.3507	0.3273	0.3305	0.4966	0.4975	0.5086	0.5111	
val losses      252:	0.2533	0.2565	0.3334	0.3136	0.3992	0.3615	0.3863	0.3779	0.8956	0.9119	0.9365	0.9233	 | 0.5291 mean
                     	 0.702	0.6997	0.8424	0.8064	 1.007	 1.006	0.9431	0.9495	 2.218	 2.287	 2.368	 2.267	 | 1.674 quantile
                      	 1.917	 2.285	 2.166	 3.238	 2.818	 2.144	 1.892	 3.026	 3.712	 3.799	 4.209	 4.314	 | 4.314 max

train losses    254:	 0.335	0.3368	0.3189	0.3123	0.3404	0.3503	0.3258	 0.328	0.4939	0.4997	0.5206	0.5233	
val losses      254:	0.2533	0.2555	0.3333	0.3137	0.3983	0.3636	0.3879	0.3793	0.8933	0.9067	0.9468	0.9336	 | 0.5304 mean
                     	0.6998	0.6947	0.8358	0.8068	 1.009	0.9991	 0.945	0.9478	 2.219	  2.26	 2.377	  2.27	 | 1.681 quantile
                      	 1.936	 2.387	 2.174	 3.213	  2.82	 2.128	 1.843	 2.973	 3.625	 3.763	 4.416	 4.538	 | 4.538 max

train losses    256:	0.3328	0.3363	0.3192	0.3122	0.3399	0.3515	0.3247	0.3268	0.4944	0.4995	0.5364	0.5381	
val losses      256:	0.2551	0.2572	0.3333	0.3137	 0.398	0.3622	0.3874	0.3793	 0.894	0.9088	0.9434	0.9317	 | 0.5303 mean
                     	0.7006	0.7084	0.8366	0.8053	0.9952	0.9972	0.9484	0.9519	 2.209	 2.269	 2.384	 2.285	 | 1.677 quantile
                      	 1.893	 2.298	 2.168	 3.229	 2.923	 2.195	 1.847	  2.88	 3.697	 3.775	 4.246	 4.362	 | 4.362 max

train losses    258:	0.3309	0.3371	 0.319	0.3124	0.3374	0.3516	0.3265	0.3282	0.4978	0.5026	 0.541	0.5422	
val losses      258:	 0.256	0.2581	0.3334	0.3138	0.3987	0.3613	0.3869	0.3791	0.8885	0.9018	0.9558	0.9437	 | 0.5314 mean
                     	0.7065	0.7092	0.8386	0.8047	0.9907	0.9849	0.9454	0.9493	 2.202	 2.212	 2.396	 2.311	 | 1.686 quantile
                      	 1.961	 2.286	 2.171	  3.24	 2.881	 2.166	  1.83	 2.961	 3.655	 3.734	 4.248	 4.366	 | 4.366 max

train losses    260:	0.3312	0.3387	0.3193	0.3122	0.3385	0.3495	0.3263	0.3287	0.4945	0.4993	0.5398	0.5423	
val losses      260:	0.2551	0.2572	0.3333	0.3138	0.3877	0.3528	0.3865	0.3796	0.8846	0.8999	 0.939	0.9271	 | 0.5264 mean
                     	0.7007	0.7088	0.8377	0.8063	0.9772	0.9651	0.9478	0.9525	 2.197	 2.261	 2.395	 2.305	 | 1.654 quantile
                      	 1.916	 2.324	 2.168	 3.222	 2.789	 2.114	 1.922	 2.993	  3.65	  3.82	  4.09	 4.217	 | 4.217 max

train losses    262:	0.3312	0.3361	0.3188	0.3119	0.3386	0.3516	0.3235	0.3264	0.4952	0.4974	0.5345	0.5365	
val losses      262:	0.2549	0.2571	0.3332	0.3137	0.3934	 0.355	0.3855	0.3786	 0.887	0.9018	0.9377	 0.926	 | 0.527 mean
                     	0.6995	0.7077	0.8346	0.8041	0.9707	0.9747	0.9433	0.9432	 2.191	 2.229	 2.411	  2.34	 | 1.66 quantile
                      	 1.924	 2.242	 2.176	 3.223	 2.703	 2.178	 1.856	 2.971	 3.665	 3.938	 4.031	 4.176	 | 4.176 max

train losses    264:	0.3334	0.3386	0.3189	0.3115	0.3378	0.3506	0.3239	0.3271	0.4956	0.4973	0.5249	0.5271	
val losses      264:	0.2532	 0.255	0.3332	0.3138	0.4022	0.3665	0.3876	0.3798	0.8834	0.8977	0.9408	0.9312	 | 0.5287 mean
                     	 0.693	0.6923	0.8383	0.8038	  1.02	 1.002	0.9384	0.9475	 2.198	 2.246	 2.418	 2.347	 | 1.666 quantile
                      	 1.851	 2.156	 2.166	 3.233	 2.682	  2.17	 1.915	  3.01	 3.608	 3.888	  4.04	 4.154	 | 4.154 max

train losses    266:	0.3334	0.3371	0.3189	0.3116	0.3398	 0.351	0.3239	0.3266	0.4943	0.4978	0.5049	0.5053	
val losses      266:	0.2533	0.2542	0.3336	0.3139	0.3995	 0.363	 0.388	0.3801	0.8733	0.8866	 0.936	0.9251	 | 0.5256 mean
                     	0.7006	0.6866	0.8368	0.8099	 1.001	0.9848	0.9438	0.9509	 2.153	 2.184	 2.425	 2.324	 | 1.655 quantile
                      	 1.979	 2.284	 2.165	 3.214	 2.704	 2.049	 1.905	 2.944	 3.566	 3.752	 4.149	 4.307	 | 4.307 max

train losses    268:	0.3325	0.3382	0.3187	0.3122	0.3368	0.3489	0.3222	0.3248	0.4931	0.4962	0.4969	0.4992	
val losses      268:	0.2527	0.2522	 0.333	0.3135	0.3882	0.3524	0.3874	0.3799	0.8787	0.8948	0.9244	0.9148	 | 0.5227 mean
                     	0.6939	0.6836	0.8334	0.8057	0.9871	0.9592	0.9478	0.9506	 2.166	 2.207	 2.362	 2.279	 | 1.644 quantile
                      	 1.942	 2.224	 2.164	 3.238	 2.694	 2.023	 1.876	 3.032	 3.675	 3.917	 4.059	 4.186	 | 4.186 max

train losses    270:	0.3309	0.3349	 0.319	0.3122	0.3372	0.3491	0.3215	0.3238	0.4929	0.4946	0.4873	0.4894	
val losses      270:	0.2525	0.2536	0.3331	0.3135	0.3818	0.3453	0.3845	0.3773	0.8821	 0.898	0.9262	0.9152	 | 0.5219 mean
                     	0.6945	0.6946	0.8362	0.8079	0.9656	0.9499	0.9447	0.9358	 2.196	 2.228	 2.375	 2.298	 | 1.665 quantile
                      	 1.995	 2.275	 2.158	 3.221	 2.668	 2.171	 1.894	 2.946	 3.664	 3.813	 4.089	 4.217	 | 4.217 max

train losses    272:	0.3312	0.3362	0.3185	0.3118	0.3388	0.3471	0.3212	0.3236	0.4933	0.4953	 0.477	0.4778	
val losses      272:	0.2527	0.2541	0.3331	0.3135	0.3884	0.3518	0.3843	0.3766	0.8889	0.9045	0.9254	0.9142	 | 0.524 mean
                     	0.7005	0.6918	0.8382	0.8071	0.9895	0.9717	0.9402	0.9381	  2.22	 2.239	 2.394	 2.314	 | 1.664 quantile
                      	 1.954	 2.243	 2.159	  3.26	 2.568	 2.066	 1.935	 2.976	 3.691	 4.014	 4.311	 4.408	 | 4.408 max

train losses    274:	0.3318	0.3363	0.3185	0.3118	0.3369	0.3492	0.3208	0.3234	0.4907	0.4931	0.4737	0.4743	
val losses      274:	0.2519	0.2521	0.3332	0.3138	 0.389	0.3514	0.3837	0.3762	0.8755	0.8912	0.9167	0.9062	 | 0.5201 mean
                     	0.6933	0.6922	0.8357	0.8086	0.9733	0.9676	0.9406	0.9403	 2.164	 2.214	 2.409	 2.304	 | 1.639 quantile
                      	 1.942	 2.246	 2.163	 3.238	 2.693	 2.086	 1.924	 3.014	 3.762	 3.882	 4.212	 4.371	 | 4.371 max

train losses    276:	0.3317	0.3378	0.3186	0.3114	 0.335	0.3484	 0.319	 0.322	0.4932	0.4951	0.4693	0.4684	
val losses      276:	0.2539	0.2541	0.3331	0.3139	0.3939	0.3574	0.3864	0.3785	0.8944	0.9102	0.9259	0.9138	 | 0.5263 mean
                     	   0.7	0.6916	0.8372	0.8068	 1.001	0.9866	0.9442	0.9539	 2.207	 2.259	 2.387	 2.281	 | 1.663 quantile
                      	 1.935	 2.272	 2.162	  3.25	 2.733	 2.011	 1.873	 2.951	  3.75	 4.012	 4.069	 4.179	 | 4.179 max

train losses    278:	0.3297	0.3348	0.3183	0.3114	0.3359	0.3479	0.3194	0.3224	 0.488	0.4906	0.4689	0.4711	
val losses      278:	 0.253	0.2516	0.3331	0.3137	0.3878	0.3508	 0.386	0.3785	0.8781	0.8912	0.9243	0.9134	 | 0.5218 mean
                     	0.6957	0.6873	0.8369	0.8088	0.9694	0.9606	0.9432	0.9442	 2.157	 2.192	 2.374	  2.28	 | 1.642 quantile
                      	 1.947	 2.311	 2.157	 3.232	 2.684	 2.098	 1.958	 2.934	  3.74	 3.947	 4.072	 4.185	 | 4.185 max

train losses    280:	0.3293	0.3357	 0.318	 0.311	0.3369	0.3468	0.3198	0.3218	0.4912	0.4922	0.4681	0.4684	
val losses      280:	0.2543	0.2532	0.3331	0.3138	0.3945	0.3577	0.3864	0.3787	0.8911	0.9075	0.9249	0.9135	 | 0.5257 mean
                     	0.6982	0.6905	0.8371	0.8083	0.9923	0.9739	0.9497	0.9482	 2.206	 2.243	 2.356	 2.282	 | 1.664 quantile
                      	 1.959	 2.223	 2.154	 3.249	 2.651	 2.019	 1.938	 2.847	 3.692	 3.767	 4.069	 4.181	 | 4.181 max

train losses    282:	0.3291	0.3355	0.3176	0.3106	0.3343	0.3458	0.3173	0.3198	0.4875	0.4934	0.4682	0.4686	
val losses      282:	0.2531	0.2542	0.3334	0.3138	 0.387	0.3467	0.3843	0.3773	0.8825	0.8962	0.9209	  0.91	 | 0.5216 mean
                     	0.7005	0.6962	0.8381	0.8079	0.9621	 0.955	0.9445	0.9442	 2.177	 2.227	 2.384	 2.309	 | 1.646 quantile
                      	 1.929	 2.298	 2.154	 3.238	 2.642	 2.078	 1.926	 3.101	 3.696	 3.818	 4.157	 4.272	 | 4.272 max

train losses    284:	0.3305	0.3329	 0.318	0.3109	0.3361	0.3451	 0.318	0.3205	0.4891	0.4946	0.4672	0.4691	
val losses      284:	0.2544	0.2536	 0.333	0.3135	0.3915	0.3537	0.3849	0.3772	0.8824	0.8974	0.9268	0.9151	 | 0.5236 mean
                     	0.6999	0.6923	0.8374	0.8066	0.9983	0.9667	0.9408	0.9484	 2.172	 2.206	 2.372	 2.299	 | 1.656 quantile
                      	 1.971	 2.318	 2.157	 3.211	 2.487	 1.921	 1.948	 3.013	 3.609	 3.721	 4.256	 4.375	 | 4.375 max

train losses    286:	0.3299	0.3336	0.3176	0.3104	0.3375	0.3495	0.3168	0.3186	 0.489	 0.492	 0.467	0.4674	
val losses      286:	0.2542	0.2546	0.3331	0.3136	0.3917	0.3535	0.3845	0.3767	0.8909	0.9094	0.9144	0.9038	 | 0.5234 mean
                     	0.7028	0.6973	0.8383	0.8069	0.9857	0.9672	0.9419	0.9446	 2.212	 2.258	 2.344	 2.281	 | 1.663 quantile
                      	 1.953	 2.265	 2.163	 3.223	 2.691	 2.003	 1.934	 2.964	  3.66	 3.854	 4.127	 4.276	 | 4.276 max

train losses    288:	  0.33	0.3336	0.3177	0.3108	0.3352	0.3451	0.3162	0.3183	0.4898	0.4911	0.4624	0.4633	
val losses      288:	0.2522	0.2514	0.3331	0.3137	0.3775	0.3402	0.3841	0.3773	0.8794	0.8939	0.9155	0.9055	 | 0.5186 mean
                     	0.6969	0.6866	0.8367	0.8056	0.9542	0.9423	0.9424	 0.945	  2.17	 2.213	 2.359	 2.286	 | 1.654 quantile
                      	 1.912	 2.243	 2.166	 3.236	 2.634	 2.012	 1.962	  2.99	 3.555	 3.744	 4.225	 4.332	 | 4.332 max

train losses    290:	0.3287	0.3334	0.3176	0.3106	0.3351	 0.347	 0.316	0.3175	0.4887	0.4899	0.4631	0.4637	
val losses      290:	0.2544	0.2552	0.3329	0.3136	0.3866	0.3487	0.3843	0.3775	0.8819	0.8943	0.9161	0.9062	 | 0.521 mean
                     	 0.697	0.6934	0.8349	0.8087	0.9749	0.9567	0.9421	0.9339	  2.14	 2.185	 2.366	 2.286	 | 1.649 quantile
                      	  1.95	 2.408	 2.171	 3.223	 2.619	 2.055	  1.95	 2.992	 3.561	 3.782	 4.421	 4.554	 | 4.554 max

train losses    292:	 0.329	0.3352	0.3172	0.3109	0.3349	0.3472	0.3142	0.3172	0.4889	0.4879	0.4614	 0.461	
val losses      292:	0.2546	0.2564	0.3327	0.3134	0.3923	0.3542	0.3849	0.3775	0.8929	0.9099	 0.912	0.9026	 | 0.5236 mean
                     	0.7018	0.7062	0.8365	0.8064	0.9866	0.9774	0.9446	0.9419	 2.204	 2.242	  2.36	 2.292	 | 1.651 quantile
                      	 1.923	 2.252	 2.162	 3.235	 2.717	 2.148	 1.976	 2.977	   3.7	 3.952	 4.061	 4.187	 | 4.187 max

train losses    294:	0.3296	0.3327	0.3175	0.3101	0.3355	0.3439	0.3139	 0.317	0.4855	0.4905	 0.465	0.4639	
val losses      294:	0.2527	0.2522	 0.333	0.3135	0.3806	0.3436	0.3845	0.3784	0.8693	0.8855	0.9258	0.9149	 | 0.5195 mean
                     	0.6957	0.6819	0.8367	0.8057	0.9669	0.9535	0.9394	0.9412	 2.131	  2.18	 2.372	 2.313	 | 1.644 quantile
                      	 1.976	 2.259	 2.165	 3.242	 2.666	  2.03	 1.953	 3.011	 3.592	 3.706	 4.314	 4.456	 | 4.456 max

train losses    296:	0.3289	0.3349	0.3175	0.3105	0.3334	0.3451	0.3136	0.3153	 0.487	0.4887	0.4634	0.4639	
val losses      296:	0.2524	0.2528	0.3329	0.3135	0.3833	0.3463	0.3832	0.3761	0.8832	0.8967	0.9109	0.9019	 | 0.5194 mean
                     	0.6969	0.6917	0.8363	0.8069	0.9625	0.9623	0.9391	0.9372	 2.173	 2.228	 2.353	 2.271	 | 1.651 quantile
                      	 1.958	   2.3	 2.162	 3.274	 2.705	 2.119	  1.94	 2.973	 3.635	 3.803	 4.106	  4.23	 | 4.23 max

train losses    298:	0.3275	0.3332	0.3167	  0.31	0.3322	0.3468	0.3129	0.3154	0.4871	0.4891	 0.468	0.4676	
val losses      298:	0.2508	0.2482	 0.333	0.3136	0.3827	 0.345	0.3854	0.3787	0.8785	0.8925	0.9263	0.9151	 | 0.5208 mean
                     	0.6867	0.6726	0.8339	0.8045	0.9589	0.9526	0.9412	0.9467	 2.162	 2.185	 2.369	 2.298	 | 1.658 quantile
                      	 2.001	 2.228	 2.176	 3.235	 2.631	 2.106	 1.945	 2.956	 3.602	 3.792	 4.201	 4.317	 | 4.317 max

