train losses      0:	0.6895	0.7044	0.6554	 0.581	0.8115	0.8189	0.6485	0.6015	 1.571	  1.63	 1.492	 1.494	
val losses        0:	0.5771	0.6142	0.4746	0.4364	0.8526	0.9662	 2.076	0.8204	 2.342	 2.216	 2.209	 2.201	 | 1.315 mean
                     	 1.448	 1.614	 1.178	 1.046	 2.418	 2.753	 3.207	 1.814	 6.763	 6.785	 5.695	 5.686	 | 4.12 quantile
                      	 5.794	  6.49	 2.745	 2.353	 5.658	 5.462	 4.399	 2.974	 13.28	 13.14	 8.233	 8.047	 | 13.28 max

train losses      2:	0.5863	0.5898	0.4748	0.4722	0.7103	0.7457	0.5848	0.5542	  1.48	 1.566	 1.441	 1.466	
val losses        2:	0.4654	0.5053	0.4599	0.4221	0.7468	0.8183	0.5545	0.5039	 2.154	 2.127	 2.091	 2.134	 | 1.082 mean
                     	  1.22	  1.37	 1.126	 1.057	 2.102	 2.364	 1.352	 1.251	 6.295	 6.408	 5.256	 5.193	 | 3.949 quantile
                      	 4.869	 5.354	 3.462	  2.37	 5.496	 5.266	 2.401	  2.55	 12.35	 13.08	 8.149	 8.604	 | 13.08 max

train losses      4:	0.5046	0.5273	0.4252	0.4294	 0.618	0.6753	0.5202	0.5249	 1.341	 1.481	 1.404	 1.427	
val losses        4:	0.4198	0.4704	0.3645	0.3481	 0.686	0.7662	 0.492	0.5037	 1.937	 2.028	 2.039	 2.083	 | 1.011 mean
                     	 1.129	 1.289	0.9529	0.8841	 1.911	 2.175	 1.198	 1.248	 5.824	 6.262	  5.03	 5.212	 | 3.761 quantile
                      	 5.158	 5.377	 2.804	  2.32	 4.757	 5.031	 2.209	 2.366	  11.5	 12.62	 8.211	 7.797	 | 12.62 max

train losses      6:	0.4482	 0.484	0.4001	0.4075	0.5592	0.6403	0.4993	0.5096	 1.138	 1.349	 1.355	 1.398	
val losses        6:	0.4026	0.4763	0.3504	0.3452	0.6339	0.7457	0.4663	0.4855	 1.671	 1.833	 1.968	 2.038	 | 0.9513 mean
                     	 1.092	 1.304	0.9165	0.8824	 1.708	 2.168	 1.154	 1.258	 4.848	 5.665	  4.95	 5.037	 | 3.527 quantile
                      	 4.406	 5.362	 2.804	 2.195	   4.3	  4.64	 2.065	  2.36	 10.62	 12.14	  7.96	 7.708	 | 12.14 max

train losses      8:	0.4268	0.4806	0.4038	0.4123	0.5183	 0.617	0.5017	0.5029	0.9137	 1.149	 1.299	 1.356	
val losses        8:	 0.389	0.4928	0.3494	0.3456	0.5748	0.7168	0.4847	0.4884	 1.367	 1.574	 1.839	 1.935	 | 0.8797 mean
                     	 1.071	 1.356	0.9218	0.8921	 1.581	 2.098	 1.202	 1.238	 3.742	 4.783	 4.513	 4.822	 | 3.185 quantile
                      	 4.223	 4.975	   2.8	 1.937	 4.693	 4.711	 2.095	 2.197	 9.428	 11.42	 7.643	 7.285	 | 11.42 max

train losses     10:	0.4189	  0.47	0.4149	  0.42	0.5025	0.5776	0.5162	0.5071	0.7633	0.9286	 1.241	 1.298	
val losses       10:	0.3563	0.4786	0.3572	0.3646	0.5192	0.6564	 0.488	0.4969	 1.202	 1.302	 1.688	 1.805	 | 0.8094 mean
                     	0.9696	 1.308	0.9272	0.9042	 1.393	  1.86	 1.243	 1.319	 3.216	 3.631	 4.262	 4.469	 | 2.817 quantile
                      	 5.129	 4.814	 2.909	  2.19	 5.524	 4.642	 2.079	 2.249	 9.237	 10.44	   7.0	 6.683	 | 10.44 max

train losses     12:	0.4148	0.4467	0.4191	0.4319	0.5115	0.5357	0.5269	0.5085	 0.735	0.7878	 1.186	 1.224	
val losses       12:	0.3641	0.4268	0.3663	0.3734	0.5473	0.6262	0.5167	0.4892	 1.186	 1.118	 1.518	 1.623	 | 0.7629 mean
                     	0.9679	 1.148	0.9349	0.9323	 1.462	 1.668	 1.294	 1.273	 2.891	  3.15	 3.832	 4.054	 | 2.512 quantile
                      	 6.433	 5.738	 2.877	 2.388	 6.121	 4.526	 2.296	  2.33	 9.967	 8.942	  6.61	 6.301	 | 9.967 max

train losses     14:	 0.404	0.4324	0.4239	0.4342	0.5259	0.5068	0.5246	0.5035	 0.811	 0.787	 1.148	 1.167	
val losses       14:	0.3146	0.4096	0.3646	 0.341	0.5343	0.6052	 0.483	0.4612	 1.838	 1.632	 1.465	 1.572	 | 0.835 mean
                     	0.8227	 1.077	0.9297	0.8926	 1.292	 1.726	   1.2	 1.229	 4.067	 3.713	 3.721	 3.916	 | 2.876 quantile
                      	 7.817	 6.893	 2.916	 2.408	 6.274	 4.513	 2.445	 2.251	 8.384	 8.629	 5.926	 5.761	 | 8.629 max

train losses     16:	0.4047	0.4231	 0.424	0.4286	0.5078	0.4944	0.5177	0.4952	0.8316	0.8115	 1.138	 1.137	
val losses       16:	0.3317	0.3868	0.3504	 0.341	0.5743	0.5533	0.4741	0.4712	 2.069	 1.871	 1.402	 1.448	 | 0.856 mean
                     	0.8586	 1.056	0.8972	0.8669	 1.551	 1.521	 1.224	 1.209	 4.367	 3.891	 3.478	 3.652	 | 2.982 quantile
                      	 8.652	 8.047	 2.653	 2.512	 6.437	 4.948	 3.165	 2.375	 11.09	 9.406	 5.609	 5.621	 | 11.09 max

train losses     18:	0.3925	0.4095	0.4223	0.4215	0.5037	0.5009	0.4914	  0.49	 0.795	 0.783	 1.114	 1.113	
val losses       18:	0.2983	0.3596	0.3464	0.3286	0.4931	0.5595	0.4715	0.4308	 1.385	 1.258	 1.335	 1.413	 | 0.7232 mean
                     	 0.765	0.9435	 0.904	0.8666	  1.33	 1.497	 1.166	 1.139	 3.381	 3.133	 3.456	  3.54	 | 2.358 quantile
                      	 9.841	 8.995	 2.791	  2.33	 6.202	 5.807	 3.395	 1.959	 8.226	 7.215	 5.741	 5.709	 | 9.841 max

train losses     20:	0.3929	0.4141	0.4218	0.4171	0.4956	0.4811	0.4941	0.4877	 0.733	0.7212	 1.108	 1.107	
val losses       20:	0.3187	0.3947	0.3442	0.3255	0.5612	0.5602	0.4638	0.4221	 1.088	 1.036	 1.372	  1.43	 | 0.693 mean
                     	 0.812	0.9854	0.8822	0.8308	  1.49	 1.501	 1.195	 1.127	 2.745	 2.932	 3.397	 3.547	 | 2.248 quantile
                      	 10.37	 9.981	 2.643	 2.168	 6.765	 6.418	  4.03	  2.16	 9.981	 8.242	 5.348	 5.473	 | 10.37 max

train losses     22:	0.4115	0.4194	0.4184	0.4137	0.5124	0.4972	0.4862	 0.484	  0.65	0.6609	 1.108	 1.101	
val losses       22:	0.3113	0.3612	0.3432	0.3181	0.5795	0.6162	0.4574	0.4223	 1.122	 1.053	 1.463	 1.511	 | 0.7133 mean
                     	0.7831	0.9187	0.9061	0.8309	 1.392	 1.544	  1.18	 1.109	 2.927	 2.686	 3.633	 3.706	 | 2.333 quantile
                      	 10.83	 10.51	  2.62	 2.166	 6.465	 6.863	 3.664	  2.15	 9.112	 6.937	 5.637	 5.412	 | 10.83 max

train losses     24:	0.3971	0.4178	0.4116	0.4106	0.4928	 0.474	0.4746	0.4705	0.6148	0.6149	 1.072	 1.072	
val losses       24:	0.3392	0.3953	0.3392	0.3195	0.5062	0.5228	 0.452	 0.421	0.9011	0.8072	  1.49	 1.512	 | 0.6672 mean
                     	0.8396	0.9698	0.8862	0.8336	 1.316	 1.418	 1.161	 1.101	 2.393	 2.377	 3.762	 3.757	 | 2.258 quantile
                      	 10.95	 10.73	 2.555	 2.044	 6.645	 7.436	 3.885	 2.132	 9.986	 7.564	 5.639	 5.437	 | 10.95 max

train losses     26:	0.3799	0.3909	 0.404	 0.403	0.4774	0.4708	0.4625	0.4598	0.6234	 0.615	 1.041	 1.039	
val losses       26:	 0.321	0.3456	0.3363	0.3162	0.4815	0.5033	0.4396	0.4122	0.8506	0.7888	 1.395	 1.405	 | 0.6329 mean
                     	0.8237	0.9019	0.8783	 0.818	 1.287	 1.362	 1.136	 1.084	 2.264	 2.346	 3.648	 3.679	 | 2.101 quantile
                      	 10.71	 11.16	 2.594	 2.095	 7.334	 8.095	 3.717	 2.017	 10.61	 7.875	 5.614	 5.504	 | 11.16 max

train losses     28:	0.3627	0.3718	 0.399	0.3974	0.4492	0.4475	0.4551	0.4503	0.6329	 0.635	 1.035	 1.032	
val losses       28:	0.3007	0.3298	0.3369	0.3132	 0.485	0.5082	0.4371	0.4121	0.9077	 0.821	 1.386	 1.422	 | 0.6383 mean
                     	0.7848	0.8631	0.8774	0.8144	 1.216	 1.346	 1.133	 1.075	 2.371	 2.363	 3.761	 3.836	 | 2.089 quantile
                      	 11.65	 11.71	 2.498	  2.16	 7.888	 8.893	  3.85	 2.044	 10.54	 7.546	 6.117	 5.443	 | 11.71 max

train losses     30:	0.3544	0.3613	0.3931	0.3931	0.4383	0.4394	0.4519	0.4437	0.6175	 0.624	 1.026	 1.023	
val losses       30:	0.2979	0.3208	0.3326	0.3165	0.4728	0.4998	0.4321	0.4065	 1.025	0.9427	 1.424	  1.47	 | 0.6616 mean
                     	0.7511	0.8262	0.8696	0.8071	 1.187	 1.292	 1.121	 1.061	 2.607	 2.561	 3.848	 3.945	 | 2.201 quantile
                      	 12.37	 12.39	 2.509	 2.144	  8.93	 9.511	 4.043	 2.037	 10.59	 7.658	 6.609	 5.729	 | 12.39 max

train losses     32:	0.3465	0.3565	0.3876	0.3888	 0.428	0.4283	0.4432	0.4359	0.6015	0.6071	0.9983	0.9984	
val losses       32:	0.2934	0.3204	0.3317	0.3126	0.4714	0.4945	0.4305	 0.401	0.9403	0.8247	 1.439	 1.483	 | 0.6452 mean
                     	0.7489	0.8196	0.8695	0.8081	 1.178	 1.258	 1.113	 1.035	 2.385	 2.504	 3.891	 3.993	 | 2.153 quantile
                      	 13.05	 13.04	 2.448	 2.158	  9.52	  10.5	 4.019	 2.026	 10.77	 7.646	 6.769	 6.059	 | 13.05 max

train losses     34:	0.3422	0.3525	0.3848	0.3837	0.4199	0.4192	0.4394	0.4317	0.5807	0.5924	0.9923	 0.991	
val losses       34:	0.2895	0.3223	0.3321	0.3112	0.4738	 0.493	0.4278	0.3999	0.8959	0.8298	  1.47	 1.513	 | 0.6465 mean
                     	0.7259	0.8097	0.8773	0.7946	 1.191	  1.25	 1.115	 1.036	   2.3	 2.322	 3.986	  4.05	 | 2.17 quantile
                      	 13.57	 13.47	 2.457	 2.234	 10.29	 10.96	 4.081	 1.988	 10.99	 7.919	 7.274	 6.658	 | 13.57 max

train losses     36:	0.3358	0.3474	0.3804	0.3805	0.4119	0.4099	0.4309	0.4246	0.5548	0.5605	0.9903	  0.99	
val losses       36:	 0.284	0.3163	0.3322	0.3113	 0.475	0.4913	 0.429	0.3949	0.8648	0.7845	 1.516	  1.55	 | 0.6458 mean
                     	0.7213	 0.814	 0.862	 0.799	 1.189	 1.232	 1.117	 1.037	 2.243	 2.168	 4.098	  4.18	 | 2.2 quantile
                      	 13.94	 14.06	 2.423	 2.209	 10.91	 11.89	 4.014	 1.979	 11.33	  8.59	 7.786	 7.112	 | 14.06 max

train losses     38:	0.3297	0.3409	0.3751	0.3744	0.4046	0.4036	0.4185	0.4176	0.5387	0.5413	0.9682	0.9652	
val losses       38:	0.2948	0.3219	0.3306	0.3109	0.4725	 0.496	0.4288	0.3919	0.8587	0.7823	 1.516	 1.551	 | 0.6463 mean
                     	 0.735	0.8264	0.8592	0.7944	 1.173	 1.232	 1.105	  1.02	 2.211	 2.109	 4.162	 4.288	 | 2.168 quantile
                      	  14.3	 14.76	 2.502	 2.173	  11.5	  12.6	 4.148	  1.95	 11.38	 9.316	 8.316	 7.734	 | 14.76 max

train losses     40:	0.3261	0.3356	0.3716	0.3703	0.3973	0.3968	0.4133	0.4113	0.5304	0.5363	0.9393	0.9358	
val losses       40:	 0.292	  0.32	0.3292	0.3099	 0.479	0.4918	0.4276	0.3898	0.8348	0.7581	 1.486	  1.52	 | 0.6365 mean
                     	 0.739	0.8236	0.8516	0.7868	  1.17	 1.207	 1.111	 1.017	 2.159	 2.109	 4.209	 4.286	 | 2.091 quantile
                      	 14.67	  15.2	 2.603	 2.089	 12.25	 13.23	 4.134	 1.879	 11.61	 9.347	 9.023	  8.41	 | 15.2 max

train losses     42:	0.3243	0.3339	0.3685	0.3671	0.3924	0.3917	0.4055	0.4065	0.5244	0.5289	0.9101	 0.909	
val losses       42:	0.2947	0.3166	 0.329	0.3112	0.4846	0.4907	0.4247	 0.389	0.8358	0.7471	 1.462	 1.493	 | 0.6315 mean
                     	 0.724	0.7968	0.8513	0.7875	 1.172	 1.173	 1.113	 1.011	 2.176	 2.116	 4.194	 4.233	 | 2.047 quantile
                      	 15.07	 15.85	 2.672	 2.053	 12.58	 13.87	 4.228	 1.874	 11.67	 9.869	 9.843	 9.062	 | 15.85 max

train losses     44:	0.3203	  0.33	0.3655	0.3646	0.3868	0.3876	0.4008	0.4023	0.5205	0.5221	0.8777	0.8752	
val losses       44:	0.2906	 0.313	0.3284	0.3093	0.4813	0.4916	0.4256	0.3882	0.8484	0.7521	 1.451	 1.485	 | 0.6304 mean
                     	0.7253	0.7914	0.8504	0.7781	  1.15	 1.183	 1.119	 1.012	 2.179	 2.097	 4.175	  4.22	 | 2.025 quantile
                      	 15.51	 16.32	  2.65	 2.138	 13.05	 14.46	 4.267	 1.854	  11.6	 10.09	 10.64	 9.864	 | 16.32 max

train losses     46:	0.3136	0.3263	0.3624	0.3619	0.3831	0.3799	 0.398	0.3974	0.5155	0.5148	0.8512	 0.851	
val losses       46:	0.2905	0.3114	0.3278	0.3077	0.4862	0.4962	0.4249	0.3873	 0.857	0.7594	 1.466	 1.496	 | 0.6342 mean
                     	0.7294	0.7841	0.8534	0.7781	 1.172	 1.208	 1.126	 1.009	 2.196	 2.069	 4.183	 4.195	 | 2.035 quantile
                      	 15.65	 16.61	 2.691	 2.109	 13.59	 15.07	 4.271	 1.883	 11.71	 10.34	 11.43	 10.54	 | 16.61 max

train losses     48:	0.3085	0.3212	 0.361	0.3589	0.3772	0.3754	0.3926	0.3921	0.5129	0.5127	0.8342	0.8327	
val losses       48:	0.2925	0.3135	 0.328	0.3073	0.4928	0.5047	0.4252	0.3875	0.8651	0.7631	 1.492	 1.517	 | 0.6408 mean
                     	0.7327	0.7915	0.8535	0.7719	 1.174	 1.208	  1.13	 1.015	 2.224	 2.073	 4.203	 4.166	 | 2.07 quantile
                      	 15.98	 17.02	  2.66	 2.097	 13.95	  15.6	 4.395	 1.966	 11.78	 10.89	 12.41	 11.52	 | 17.02 max

train losses     50:	0.3056	0.3162	0.3593	0.3556	0.3745	0.3726	0.3896	0.3887	0.5084	0.5092	0.8262	0.8241	
val losses       50:	0.2929	0.3094	0.3271	0.3067	0.4979	0.5104	0.4262	0.3864	0.8605	0.7684	 1.497	  1.52	 | 0.6419 mean
                     	0.7232	0.7767	0.8559	0.7767	 1.199	  1.22	 1.134	 1.017	 2.212	 2.028	 4.196	  4.12	 | 2.065 quantile
                      	 16.31	 17.54	 2.743	  2.11	 14.41	 16.19	 4.465	  2.07	 11.75	 11.22	 13.03	 12.14	 | 17.54 max

train losses     52:	0.3057	0.3155	 0.356	0.3536	0.3706	0.3715	0.3857	0.3843	0.5048	0.5079	0.8205	0.8185	
val losses       52:	0.2971	0.3171	0.3274	0.3072	0.5038	0.5198	0.4271	0.3866	0.8669	0.7786	 1.542	 1.559	 | 0.6527 mean
                     	0.7475	0.7985	0.8507	0.7818	 1.217	 1.239	  1.13	 1.012	 2.207	 2.024	 4.258	 4.217	 | 2.103 quantile
                      	 16.42	 17.76	 2.755	 2.109	 14.79	 16.62	 4.557	 2.158	 11.84	  11.5	 13.73	 12.83	 | 17.76 max

train losses     54:	0.3059	0.3155	0.3539	0.3515	0.3685	0.3698	0.3823	0.3812	0.5089	0.5102	0.8124	0.8122	
val losses       54:	0.3068	0.3278	0.3276	0.3076	0.5126	 0.534	0.4284	0.3866	 0.878	0.7953	 1.558	 1.574	 | 0.6615 mean
                     	0.7795	0.8281	0.8488	0.7801	 1.233	 1.243	 1.135	 1.019	 2.228	 1.996	 4.348	  4.25	 | 2.118 quantile
                      	 16.65	 18.12	 2.775	 2.116	 15.09	 16.98	 4.539	 2.165	 11.92	 11.93	 14.15	 13.18	 | 18.12 max

train losses     56:	0.3053	0.3162	0.3535	0.3495	0.3708	0.3718	0.3807	0.3782	0.5155	0.5205	0.8219	0.8209	
val losses       56:	0.3145	0.3304	0.3278	0.3083	0.5242	0.5458	0.4286	0.3868	0.9048	0.8247	 1.612	 1.626	 | 0.6778 mean
                     	0.7943	0.8337	0.8559	0.7804	 1.255	 1.323	 1.135	  1.02	  2.26	 2.038	 4.414	 4.362	 | 2.178 quantile
                      	 16.99	 18.44	 2.791	  2.14	 15.55	 17.44	 4.679	 2.384	 11.96	 12.17	 14.91	 14.05	 | 18.44 max

train losses     58:	 0.307	0.3227	0.3522	0.3504	0.3828	0.3912	0.3824	0.3804	0.5368	0.5512	0.9046	0.9022	
val losses       58:	0.3048	0.3265	0.3337	0.3121	 0.532	0.5507	0.4332	0.3919	0.9839	 0.945	 1.705	  1.72	 | 0.7115 mean
                     	0.7756	0.8255	0.8678	0.7973	 1.327	 1.338	 1.148	 1.027	 2.454	 2.301	  4.58	 4.558	 | 2.356 quantile
                      	 17.27	 18.61	 2.749	 2.099	 15.96	 17.85	 4.444	 2.146	 12.14	 12.16	 15.64	 14.63	 | 18.61 max

train losses     60:	0.3534	0.3726	 0.376	0.3728	0.4224	0.4418	0.4191	0.4133	0.6633	0.7114	 1.135	 1.118	
val losses       60:	0.4127	0.4762	0.4387	0.3751	0.6201	0.6813	 0.458	0.4261	 1.244	 1.302	 1.887	 1.895	 | 0.8514 mean
                     	 1.051	 1.188	 1.059	0.9468	 1.608	 1.641	 1.196	 1.108	 3.358	 3.218	 4.821	  4.84	 | 2.982 quantile
                      	 16.86	 18.46	 2.919	 2.064	 15.14	 17.31	 4.223	 2.306	 11.53	 11.28	 12.92	 11.82	 | 18.46 max

train losses     62:	0.4523	0.4891	0.4155	0.4212	0.5781	0.5827	  0.52	0.5304	0.9529	0.9515	 1.335	 1.292	
val losses       62:	 0.428	0.5648	0.4639	0.3625	0.8209	 0.826	0.6748	0.7097	 1.493	 1.397	 2.193	 2.137	 | 1.006 mean
                     	 1.096	 1.365	 1.112	0.9306	 2.196	 2.254	 1.685	 1.722	 4.599	 4.313	 5.333	 5.248	 | 3.601 quantile
                      	 16.23	 16.41	 2.803	 2.162	 14.56	 16.68	 3.836	 3.176	 10.77	 9.087	 8.545	 7.877	 | 16.68 max

train losses     64:	0.4669	 0.503	0.4105	0.4215	0.5689	0.5911	0.5076	0.4983	 1.071	 1.064	 1.263	 1.233	
val losses       64:	0.4312	 0.564	0.3523	0.3747	0.8328	0.8409	0.5096	0.4973	 1.907	  1.82	 2.156	 2.133	 | 1.035 mean
                     	 1.155	 1.453	0.9082	0.9569	   2.2	 2.328	 1.259	 1.229	 5.636	 5.255	 5.086	 5.029	 | 3.821 quantile
                      	 14.35	  14.9	 3.112	 2.018	 12.82	 14.69	 2.681	 2.523	 12.38	  9.48	 8.809	 8.171	 | 14.9 max

train losses     66:	0.4721	0.4732	0.3999	0.3993	0.5326	0.5446	0.4809	 0.477	0.9442	0.9301	 1.198	 1.171	
val losses       66:	0.5332	0.5016	0.3642	0.3342	  0.72	0.7376	0.4885	0.4955	 1.867	   1.7	 2.166	 2.153	 | 1.005 mean
                     	 1.349	 1.342	0.9248	0.8658	 1.998	 2.023	 1.208	 1.214	 5.563	 5.227	 5.105	 5.287	 | 3.804 quantile
                      	  14.6	 14.54	 2.537	 1.814	 11.66	 12.75	 2.629	 2.344	 9.784	 9.694	 8.776	  8.11	 | 14.6 max

train losses     68:	0.4228	0.4521	0.3858	0.3835	0.4983	0.5072	0.4657	0.4646	0.8245	0.8213	 1.151	 1.127	
val losses       68:	0.4261	0.4914	0.3418	0.3197	0.6906	0.7098	0.4783	0.4637	 1.727	 1.571	 2.146	 2.135	 | 0.9583 mean
                     	 1.165	 1.316	0.8905	0.8241	 1.923	 1.938	   1.2	 1.148	 5.138	 4.917	 5.024	 5.177	 | 3.686 quantile
                      	 13.74	 14.15	 2.539	 1.838	 11.58	 12.45	 2.797	 2.521	 9.774	 8.224	 8.504	 8.004	 | 14.15 max

train losses     70:	0.3967	0.4221	0.3762	0.3728	0.4643	0.4705	0.4426	0.4383	0.7132	0.7161	 1.065	 1.053	
val losses       70:	0.3909	0.4566	0.3373	0.3163	0.6266	0.6554	0.4648	0.4421	 1.407	 1.249	  2.07	 2.059	 | 0.8729 mean
                     	 1.078	 1.218	0.8674	0.8055	 1.711	 1.721	 1.189	 1.115	 4.277	 3.953	 4.868	 4.957	 | 3.32 quantile
                      	 13.91	 14.38	  2.53	 1.991	 12.39	 12.92	 2.865	 2.181	 10.41	 8.313	 7.938	 7.567	 | 14.38 max

train losses     72:	0.3805	0.4118	0.3686	0.3667	0.4435	0.4493	 0.433	0.4307	0.6189	0.6224	 1.003	0.9884	
val losses       72:	0.3851	0.4568	0.3338	0.3172	0.5857	0.6198	0.4564	0.4353	 1.104	0.9599	 1.954	 1.948	 | 0.7964 mean
                     	0.9877	 1.157	0.8557	0.8041	 1.547	 1.539	 1.181	 1.103	 3.156	 2.929	 4.768	 4.766	 | 2.953 quantile
                      	 14.51	 14.98	 2.419	 2.107	 13.12	 13.43	 2.804	 1.965	 10.38	 9.335	 7.584	 7.088	 | 14.98 max

train losses     74:	0.3574	 0.386	0.3626	0.3616	0.4209	0.4294	0.4224	0.4212	0.5682	0.5751	0.9393	0.9417	
val losses       74:	0.3598	   0.4	0.3381	0.3249	0.5255	0.5591	0.4557	0.4201	0.9773	0.8627	 1.849	 1.852	 | 0.7437 mean
                     	0.9182	 1.055	0.8696	0.8067	 1.421	 1.397	 1.181	 1.088	 2.739	  2.56	 4.667	 4.641	 | 2.708 quantile
                      	 14.93	 15.45	 2.375	 2.163	 13.56	 13.79	 2.953	 2.128	 10.71	 9.687	 7.147	   6.7	 | 15.45 max

train losses     76:	0.3419	0.3641	0.3562	 0.354	0.4059	0.4121	0.4123	0.4102	 0.544	0.5534	 0.899	0.9002	
val losses       76:	0.3381	0.3608	 0.334	0.3188	0.5144	0.5332	0.4593	0.4171	0.9543	0.8516	 1.773	 1.785	 | 0.72 mean
                     	0.8582	0.9426	0.8572	0.7895	 1.354	 1.344	 1.201	 1.091	 2.687	 2.564	 4.584	 4.639	 | 2.593 quantile
                      	 15.29	 15.99	 2.394	 2.202	 13.54	 13.99	 2.915	 2.128	 11.04	  9.72	 7.786	  7.15	 | 15.99 max

train losses     78:	0.3307	0.3511	0.3518	0.3486	0.3925	 0.398	0.4032	0.4037	0.5298	0.5388	0.8579	0.8574	
val losses       78:	0.3491	0.3512	0.3317	0.3126	0.5029	0.5226	0.4433	0.4199	0.9413	0.8311	 1.711	 1.731	 | 0.704 mean
                     	0.8701	0.8902	0.8617	0.7841	  1.33	 1.326	 1.175	 1.087	  2.71	 2.612	 4.537	 4.624	 | 2.524 quantile
                      	  15.6	 16.44	  2.48	 2.174	 13.61	 14.25	 2.825	  1.93	 11.03	 9.979	 8.252	  7.69	 | 16.44 max

train losses     80:	0.3221	0.3388	0.3485	0.3448	0.3839	0.3883	0.3987	0.3993	0.5204	 0.524	0.8316	0.8317	
val losses       80:	0.3321	0.3355	0.3317	0.3129	0.5065	0.5107	0.4397	0.4142	0.9334	0.8246	 1.664	 1.685	 | 0.6908 mean
                     	0.8345	0.8363	0.8601	0.7879	 1.298	 1.296	 1.168	  1.08	 2.659	 2.568	  4.51	 4.607	 | 2.456 quantile
                      	 15.82	 16.69	 2.496	 2.168	  13.9	 14.65	 2.835	  1.94	 10.99	 10.19	  8.86	 8.323	 | 16.69 max

train losses     82:	0.3153	0.3342	0.3468	0.3432	0.3768	0.3795	0.3901	0.3899	0.5102	0.5175	0.8097	0.8087	
val losses       82:	0.3194	0.3296	0.3327	0.3154	0.4978	0.5148	  0.44	0.4075	0.9132	0.8119	 1.632	 1.656	 | 0.6808 mean
                     	0.7999	  0.82	0.8567	0.7887	 1.277	 1.278	 1.162	 1.063	  2.54	 2.479	  4.44	  4.59	 | 2.379 quantile
                      	 16.03	 16.99	 2.463	 2.192	  14.1	 14.96	 2.924	 2.042	  11.0	 10.54	 9.502	  8.92	 | 16.99 max

train losses     84:	  0.31	 0.327	0.3443	0.3408	0.3725	0.3742	0.3857	0.3852	0.5072	0.5104	0.7866	0.7865	
val losses       84:	0.3158	0.3269	 0.334	0.3164	0.4985	0.5247	0.4381	0.4035	0.8999	0.8019	 1.616	 1.642	 | 0.6765 mean
                     	0.7836	0.8092	 0.859	0.7862	 1.264	 1.266	 1.172	 1.052	  2.48	 2.408	 4.442	  4.54	 | 2.322 quantile
                      	 16.13	  17.2	 2.427	 2.201	  14.2	  15.1	   3.0	 2.205	 11.07	 10.91	 10.18	 9.478	 | 17.2 max

train losses     86:	0.3071	0.3234	0.3424	0.3393	0.3667	0.3688	0.3803	0.3805	0.5007	 0.506	0.7623	0.7618	
val losses       86:	 0.312	0.3203	0.3326	 0.314	0.4966	 0.513	0.4328	0.4013	0.9028	0.8019	 1.608	 1.633	 | 0.6724 mean
                     	0.7721	0.7968	0.8571	0.7827	 1.247	 1.269	 1.166	 1.056	 2.493	 2.367	 4.384	  4.49	 | 2.294 quantile
                      	 16.23	  17.4	 2.428	 2.193	 14.42	 15.31	 2.978	 2.264	 11.12	 11.11	 10.74	 10.03	 | 17.4 max

train losses     88:	0.3029	0.3202	0.3403	0.3362	0.3606	 0.363	0.3755	 0.375	0.4942	0.4992	0.7491	0.7494	
val losses       88:	0.3031	0.3191	 0.331	0.3118	0.5002	0.5177	0.4319	0.3997	0.9052	0.8041	 1.605	 1.627	 | 0.6713 mean
                     	0.7508	 0.796	0.8536	0.7833	 1.248	 1.268	 1.169	 1.062	 2.475	  2.37	 4.401	 4.461	 | 2.287 quantile
                      	 16.27	 17.53	 2.414	 2.187	 14.62	 15.47	 3.042	 2.395	 11.41	 11.37	 11.23	 10.57	 | 17.53 max

train losses     90:	0.3001	0.3186	0.3379	0.3348	0.3574	0.3585	0.3725	0.3712	0.4906	0.4958	0.7346	0.7337	
val losses       90:	0.3011	0.3214	0.3297	0.3105	0.4995	0.5142	0.4317	0.3979	0.9019	0.8043	 1.598	 1.616	 | 0.6688 mean
                     	0.7612	0.8037	0.8502	0.7785	 1.245	 1.264	 1.174	 1.056	 2.449	 2.345	 4.365	 4.434	 | 2.264 quantile
                      	 16.46	 17.77	 2.439	  2.19	 14.89	 15.71	 3.203	 2.493	 11.59	 11.54	 11.71	 11.03	 | 17.77 max

train losses     92:	 0.298	0.3143	0.3371	0.3332	0.3524	0.3535	0.3682	0.3685	0.4888	0.4912	0.7202	0.7195	
val losses       92:	0.3024	0.3126	0.3284	0.3091	0.4991	0.5091	0.4317	0.3967	0.8992	0.8035	 1.591	 1.605	 | 0.6657 mean
                     	0.7558	0.7867	0.8489	0.7776	 1.244	 1.257	 1.178	 1.051	 2.434	 2.294	 4.351	 4.408	 | 2.24 quantile
                      	 16.56	 17.94	 2.438	 2.187	 15.04	  15.9	 3.324	 2.608	 11.77	 11.75	 12.11	 11.41	 | 17.94 max

train losses     94:	0.2954	0.3123	0.3349	 0.332	0.3492	0.3487	 0.365	0.3639	0.4857	0.4885	0.7068	0.7062	
val losses       94:	0.2996	0.3163	0.3276	0.3087	 0.502	0.5084	0.4313	0.3952	 0.897	0.8024	 1.589	 1.602	 | 0.665 mean
                     	0.7571	0.7787	0.8408	0.7752	  1.24	 1.224	 1.168	 1.052	 2.442	 2.268	 4.358	 4.368	 | 2.226 quantile
                      	 16.72	 18.14	 2.439	 2.206	 15.26	 16.13	 3.459	 2.706	 11.95	 11.88	 12.57	 11.85	 | 18.14 max

train losses     96:	0.2946	0.3096	0.3342	0.3304	0.3446	0.3462	0.3632	0.3623	0.4819	 0.486	0.6991	0.6959	
val losses       96:	 0.299	0.3133	0.3272	0.3082	0.5012	0.5055	0.4314	0.3948	0.8947	0.8032	 1.584	 1.597	 | 0.6633 mean
                     	0.7525	0.7689	0.8435	0.7771	 1.234	 1.211	 1.173	 1.049	 2.431	 2.218	 4.335	 4.337	 | 2.205 quantile
                      	 16.92	 18.35	 2.456	 2.197	 15.52	 16.36	 3.564	 2.796	 12.12	 12.07	 13.19	  12.4	 | 18.35 max

train losses     98:	0.2912	0.3052	0.3328	0.3302	0.3435	0.3438	0.3605	0.3603	 0.479	0.4817	0.6859	0.6839	
val losses       98:	 0.298	0.3135	0.3264	0.3072	0.5024	0.5083	0.4315	0.3947	0.8888	0.7966	 1.583	 1.593	 | 0.6619 mean
                     	0.7471	0.7735	0.8479	0.7732	 1.227	 1.206	 1.173	  1.05	 2.373	 2.183	 4.292	 4.283	 | 2.191 quantile
                      	 17.09	 18.55	 2.477	 2.188	 15.73	 16.56	  3.65	 2.875	  12.4	 12.38	 13.68	 12.94	 | 18.55 max

train losses    100:	0.2885	0.3042	0.3324	0.3284	0.3414	0.3426	0.3589	0.3577	0.4754	0.4825	0.6763	0.6736	
val losses      100:	0.2976	0.3098	0.3262	0.3062	0.5039	0.5092	0.4309	0.3944	0.8874	0.7982	 1.583	 1.592	 | 0.6616 mean
                     	0.7515	0.7649	 0.846	0.7728	 1.233	 1.193	 1.169	 1.052	 2.379	 2.166	 4.278	 4.269	 | 2.184 quantile
                      	  17.2	  18.7	 2.525	 2.189	 15.96	 16.78	 3.673	 2.936	 12.57	 12.59	 14.06	 13.27	 | 18.7 max

train losses    102:	0.2878	0.3022	0.3304	0.3264	0.3373	0.3409	0.3553	0.3547	0.4737	0.4795	0.6655	0.6629	
val losses      102:	0.2974	0.3096	 0.326	0.3066	0.5051	0.5099	0.4303	0.3939	0.8865	0.7978	 1.585	 1.593	 | 0.6618 mean
                     	0.7432	 0.765	0.8492	0.7719	 1.254	 1.186	 1.166	 1.048	 2.387	 2.155	 4.288	 4.256	 | 2.183 quantile
                      	 17.36	 18.87	 2.511	 2.179	 16.15	 17.01	 3.767	 3.053	 12.62	 12.66	 14.45	 13.65	 | 18.87 max

train losses    104:	0.2858	0.3017	0.3304	0.3259	0.3344	0.3357	0.3539	0.3522	 0.473	0.4761	0.6542	0.6501	
val losses      104:	0.2953	 0.309	0.3255	0.3059	0.5056	0.5097	0.4318	 0.395	0.8873	0.7952	 1.587	 1.594	 | 0.6617 mean
                     	0.7536	  0.76	0.8471	0.7709	 1.256	 1.181	 1.178	 1.059	 2.364	  2.15	 4.269	  4.22	 | 2.178 quantile
                      	 17.45	 19.01	 2.499	 2.192	 16.31	 17.22	 3.834	 3.159	 12.73	 12.82	 14.85	 14.08	 | 19.01 max

train losses    106:	0.2831	0.2984	 0.329	0.3244	0.3326	0.3339	0.3505	0.3491	 0.469	 0.473	0.6473	0.6434	
val losses      106:	0.2955	0.3113	0.3251	0.3051	0.5069	0.5119	0.4316	0.3949	0.8854	 0.797	 1.588	 1.592	 | 0.662 mean
                     	0.7531	0.7687	0.8457	0.7721	 1.248	 1.163	 1.178	  1.07	 2.362	 2.138	 4.261	 4.191	 | 2.183 quantile
                      	 17.56	 19.21	 2.501	  2.21	 16.39	 17.39	 3.857	 3.171	 12.93	 13.01	 15.03	 14.34	 | 19.21 max

train losses    108:	0.2818	0.2969	0.3275	0.3234	0.3298	0.3306	0.3479	0.3484	0.4665	0.4698	 0.638	 0.635	
val losses      108:	 0.295	0.3114	0.3251	0.3051	0.5092	0.5152	0.4315	0.3953	0.8827	0.7971	 1.592	 1.596	 | 0.663 mean
                     	0.7454	0.7608	 0.842	0.7707	 1.259	 1.151	 1.174	 1.063	 2.359	 2.109	 4.274	 4.161	 | 2.174 quantile
                      	 17.64	 19.33	 2.503	 2.183	  16.5	 17.57	 3.987	 3.307	 13.04	 13.19	  15.4	 14.72	 | 19.33 max

train losses    110:	0.2804	0.2958	0.3268	0.3228	0.3285	0.3279	0.3467	0.3462	0.4621	0.4682	0.6264	0.6228	
val losses      110:	0.2934	0.3057	0.3253	0.3045	0.5054	0.5101	0.4341	0.3968	0.8796	0.7969	 1.588	 1.592	 | 0.661 mean
                     	0.7441	0.7496	0.8439	0.7708	 1.249	 1.134	 1.178	 1.084	 2.346	 2.099	 4.277	 4.149	 | 2.179 quantile
                      	 17.69	 19.39	 2.498	 2.183	 16.68	 17.79	 4.023	 3.366	 13.08	 13.26	 15.67	 14.97	 | 19.39 max

train losses    112:	0.2795	0.2941	0.3261	0.3211	0.3254	0.3261	0.3442	0.3439	0.4612	0.4653	 0.622	0.6177	
val losses      112:	0.2937	0.3046	 0.325	0.3041	0.5061	0.5102	 0.435	0.3977	0.8794	 0.795	 1.592	 1.595	 | 0.6614 mean
                     	0.7451	0.7438	0.8416	0.7667	 1.245	 1.127	 1.173	 1.097	 2.342	 2.089	 4.278	  4.14	 | 2.175 quantile
                      	 17.69	 19.48	 2.485	 2.197	 16.76	 17.94	 4.089	 3.414	 13.21	 13.39	 15.95	 15.26	 | 19.48 max

train losses    114:	0.2787	0.2935	0.3247	0.3206	0.3262	0.3266	0.3437	0.3428	0.4599	0.4654	0.6113	0.6101	
val losses      114:	0.2929	0.3048	0.3248	0.3035	0.5065	0.5111	0.4344	0.3978	0.8836	0.8025	 1.596	 1.599	 | 0.6631 mean
                     	0.7424	0.7549	0.8394	0.7672	  1.24	 1.146	 1.178	 1.102	 2.342	 2.095	 4.238	 4.133	 | 2.176 quantile
                      	 17.82	 19.65	  2.53	 2.188	 16.82	 18.07	 4.137	 3.458	 13.26	 13.36	 16.16	 15.47	 | 19.65 max

train losses    116:	0.2766	0.2925	0.3248	0.3193	0.3231	0.3241	0.3408	  0.34	0.4601	0.4621	0.6092	0.6073	
val losses      116:	0.2931	0.3046	0.3242	0.3027	0.5091	0.5146	0.4351	0.3985	 0.881	0.8006	 1.598	   1.6	 | 0.6634 mean
                     	0.7434	0.7442	0.8397	0.7661	 1.259	 1.139	 1.183	 1.117	 2.353	 2.077	 4.254	 4.084	 | 2.174 quantile
                      	 17.85	 19.76	 2.526	 2.177	 16.94	 18.29	 4.189	  3.53	 13.52	 13.63	 16.48	  15.8	 | 19.76 max

train losses    118:	0.2757	 0.292	0.3232	0.3181	0.3208	0.3206	0.3402	0.3393	0.4554	0.4604	0.6017	0.5978	
val losses      118:	0.2915	 0.298	0.3241	 0.303	0.5053	0.5125	0.4363	0.4003	0.8749	0.7978	 1.599	 1.601	 | 0.6619 mean
                     	0.7322	0.7401	0.8407	0.7672	 1.232	  1.16	 1.179	 1.123	 2.312	 2.064	 4.265	 4.109	 | 2.167 quantile
                      	 17.94	 19.89	  2.52	 2.171	 17.04	 18.41	 4.234	 3.597	 13.59	 13.72	 16.43	 15.82	 | 19.89 max

train losses    120:	0.2735	 0.288	0.3225	0.3174	 0.319	0.3197	0.3378	0.3378	0.4535	0.4567	0.5951	0.5913	
val losses      120:	0.2941	0.3033	0.3234	 0.302	0.5085	0.5145	0.4358	0.3992	0.8807	0.8006	 1.609	 1.608	 | 0.6649 mean
                     	0.7503	 0.743	0.8409	 0.764	 1.261	 1.155	  1.18	 1.125	 2.355	 2.059	  4.33	 4.108	 | 2.162 quantile
                      	 17.95	 19.92	 2.507	 2.164	 17.04	 18.48	  4.33	 3.712	 13.58	 13.74	  17.0	 16.37	 | 19.92 max

train losses    122:	0.2721	0.2853	 0.321	 0.316	0.3189	0.3175	0.3371	0.3354	0.4527	0.4583	0.5884	0.5868	
val losses      122:	0.2902	0.3001	0.3232	0.3013	0.5059	 0.511	0.4381	0.4016	0.8775	0.8001	 1.599	   1.6	 | 0.6623 mean
                     	0.7327	0.7307	0.8389	0.7658	 1.252	 1.154	 1.182	  1.14	 2.315	 2.049	  4.28	 4.084	 | 2.175 quantile
                      	 18.08	  20.1	 2.523	 2.166	 17.23	 18.62	 4.349	 3.732	 13.75	 13.94	 17.08	 16.47	 | 20.1 max

train losses    124:	0.2714	0.2864	 0.321	0.3157	0.3166	0.3185	0.3361	 0.334	0.4507	0.4553	 0.599	0.5964	
val losses      124:	0.2871	0.2926	0.3239	0.3018	0.5062	0.5137	0.4408	0.4061	0.8777	0.8028	 1.609	 1.612	 | 0.6645 mean
                     	0.7189	0.7081	0.8373	0.7687	 1.241	 1.165	 1.188	 1.143	  2.29	 2.042	 4.281	 4.148	 | 2.183 quantile
                      	 18.33	 20.41	 2.547	 2.165	 17.45	 18.86	 4.359	 3.747	 13.87	 14.06	 16.93	 16.41	 | 20.41 max

train losses    126:	0.2702	0.2846	0.3199	0.3145	0.3142	0.3138	0.3369	0.3339	0.4484	0.4536	0.6082	 0.605	
val losses      126:	0.2996	0.3031	0.3225	0.3005	 0.518	0.5245	0.4384	0.4031	0.8813	0.8012	  1.67	 1.664	 | 0.6772 mean
                     	0.7503	 0.734	0.8342	0.7652	 1.285	 1.157	 1.185	  1.14	 2.374	 2.022	 4.325	 4.263	 | 2.227 quantile
                      	 18.14	 20.22	 2.516	 2.165	 17.31	 18.96	 4.581	 3.977	 13.75	 14.11	 17.79	  17.3	 | 20.22 max

train losses    128:	0.2704	0.2831	0.3198	0.3142	0.3116	0.3148	0.3342	0.3328	0.4471	0.4513	0.5988	0.5968	
val losses      128:	0.2871	 0.294	0.3232	0.3012	0.5083	0.5186	 0.444	0.4101	0.8732	0.8014	 1.646	 1.641	 | 0.6707 mean
                     	0.7226	 0.722	0.8363	0.7707	 1.223	 1.157	 1.191	 1.167	 2.289	 2.012	 4.297	 4.139	 | 2.321 quantile
                      	 18.37	 20.57	 2.597	 2.183	  17.7	 19.23	 4.528	 3.878	  14.1	 14.25	 17.11	 16.58	 | 20.57 max

train losses    130:	0.2694	0.2827	 0.318	0.3129	0.3121	0.3145	0.3315	0.3312	0.4462	0.4487	0.6168	0.6144	
val losses      130:	0.2898	0.2965	0.3231	0.3009	0.5097	0.5174	0.4424	0.4095	 0.882	0.8077	 1.623	 1.623	 | 0.6687 mean
                     	0.7328	0.7347	0.8353	0.7729	 1.249	 1.152	 1.194	 1.169	 2.304	 2.032	 4.275	 4.154	 | 2.169 quantile
                      	 18.45	 20.69	 2.571	 2.168	 17.77	 19.41	 4.598	 3.934	 14.08	 14.25	 17.46	 16.95	 | 20.69 max

train losses    132:	0.2675	 0.281	0.3174	0.3115	0.3092	0.3109	0.3292	0.3278	0.4469	0.4473	0.5912	0.5889	
val losses      132:	0.2971	0.3023	0.3228	0.3003	0.5109	0.5185	0.4406	0.4068	0.8846	0.8057	 1.647	 1.639	 | 0.673 mean
                     	  0.74	0.7351	0.8385	0.7687	 1.261	 1.172	 1.188	 1.145	 2.346	 2.017	 4.328	 4.202	 | 2.199 quantile
                      	 18.45	 20.76	 2.525	 2.172	 17.86	 19.65	 4.719	 4.065	 14.15	 14.42	 18.16	 17.65	 | 20.76 max

train losses    134:	0.2669	0.2802	0.3176	0.3117	0.3079	0.3089	0.3295	0.3283	0.4435	0.4471	0.5716	0.5686	
val losses      134:	0.2858	0.2946	0.3235	0.3006	0.5084	0.5205	0.4439	0.4111	0.8839	0.8176	 1.613	  1.61	 | 0.6678 mean
                     	0.7263	0.7225	0.8434	0.7699	 1.254	 1.162	 1.198	  1.17	 2.305	 2.002	 4.283	 4.069	 | 2.211 quantile
                      	 18.58	 20.97	 2.608	 2.178	 18.02	 19.78	 4.688	 4.039	  14.4	 14.58	 17.74	 17.27	 | 20.97 max

train losses    136:	0.2663	0.2793	 0.316	0.3101	0.3087	0.3078	0.3282	0.3261	0.4416	0.4462	0.5636	0.5611	
val losses      136:	0.2858	0.2974	0.3228	0.3004	0.5065	0.5177	0.4462	 0.414	 0.884	 0.817	   1.6	 1.598	 | 0.6659 mean
                     	0.7239	0.7312	0.8357	0.7709	 1.235	 1.149	   1.2	 1.173	  2.31	 1.994	 4.228	 4.061	 | 2.179 quantile
                      	 18.65	 21.06	 2.632	 2.181	 18.16	 19.93	 4.696	 4.064	 14.42	 14.57	 17.83	 17.43	 | 21.06 max

train losses    138:	0.2653	0.2792	0.3155	0.3094	 0.306	0.3071	0.3271	0.3253	0.4409	0.4435	0.5688	0.5657	
val losses      138:	0.2853	0.2956	0.3225	0.2999	  0.51	0.5196	0.4442	0.4117	0.8877	0.8135	 1.611	 1.608	 | 0.6674 mean
                     	0.7178	0.7257	0.8363	0.7707	 1.252	 1.148	 1.196	 1.167	 2.334	 2.044	 4.286	 4.086	 | 2.18 quantile
                      	 18.58	 20.97	 2.658	 2.167	 18.07	 19.89	 4.757	 4.144	  14.4	 14.61	  18.1	 17.66	 | 20.97 max

train losses    140:	0.2634	0.2758	0.3154	0.3095	0.3046	0.3063	0.3252	0.3241	0.4387	0.4408	0.5625	 0.561	
val losses      140:	0.2866	0.2918	0.3224	0.2999	0.5104	0.5202	0.4445	0.4128	0.8899	 0.824	 1.613	 1.609	 | 0.6687 mean
                     	0.7221	0.7125	0.8406	0.7745	 1.258	 1.158	 1.212	 1.176	 2.315	 2.022	 4.296	 4.063	 | 2.195 quantile
                      	 18.65	 21.11	 2.667	 2.172	 18.06	  19.9	 4.741	 4.206	 14.48	 14.72	 18.23	 17.81	 | 21.11 max

train losses    142:	0.2625	0.2758	0.3136	 0.308	 0.303	0.3041	0.3233	0.3219	0.4383	 0.442	0.5476	0.5444	
val losses      142:	0.2849	0.2935	0.3222	0.2998	0.5083	0.5189	0.4463	0.4155	0.8797	0.8179	 1.599	 1.596	 | 0.6652 mean
                     	0.7093	0.7176	0.8393	0.7698	 1.243	 1.148	 1.206	 1.178	 2.296	  2.01	 4.235	 3.994	 | 2.2 quantile
                      	 18.61	 21.18	 2.652	 2.193	 18.22	 20.06	 4.765	 4.275	 14.53	 14.73	 18.23	 17.79	 | 21.18 max

train losses    144:	0.2608	0.2754	0.3136	0.3075	0.3028	0.3044	0.3224	0.3228	0.4338	0.4405	0.5533	0.5479	
val losses      144:	0.2833	0.2878	0.3222	0.2995	0.5063	0.5172	0.4469	0.4165	0.8893	0.8281	 1.602	 1.598	 | 0.6664 mean
                     	 0.713	0.7125	0.8392	0.7696	 1.239	  1.14	 1.208	 1.177	  2.29	 2.015	 4.169	 4.017	 | 2.181 quantile
                      	 18.56	 21.17	 2.622	 2.164	 18.34	 20.21	 4.792	 4.272	  14.7	 14.93	 18.34	 17.98	 | 21.17 max

train losses    146:	0.2599	0.2758	0.3128	0.3069	0.2997	0.3017	0.3202	0.3203	0.4334	0.4375	0.5528	0.5493	
val losses      146:	0.2915	 0.296	 0.322	0.2989	0.5112	0.5194	0.4473	0.4165	0.8909	0.8226	 1.625	 1.617	 | 0.6715 mean
                     	0.7288	0.7302	 0.841	0.7724	 1.253	 1.156	 1.212	 1.164	 2.322	 2.013	 4.229	 4.137	 | 2.193 quantile
                      	 18.45	  21.0	 2.585	 2.155	 18.36	 20.31	 4.866	 4.352	 14.55	 14.87	 18.89	 18.53	 | 21.0 max

train losses    148:	0.2604	0.2726	0.3124	0.3055	0.2992	0.3007	0.3188	 0.318	0.4333	0.4392	0.5507	0.5474	
val losses      148:	0.2824	0.2874	0.3219	0.2995	0.5081	0.5216	0.4516	0.4219	0.8872	0.8309	 1.611	 1.603	 | 0.6689 mean
                     	0.7165	0.6995	0.8359	 0.773	 1.241	 1.131	  1.21	 1.194	 2.289	 1.998	 4.231	 3.995	 | 2.249 quantile
                      	 18.56	  21.2	 2.649	 2.155	 18.43	 20.31	 4.843	 4.378	 14.79	 14.97	  18.3	 17.95	 | 21.2 max

train losses    150:	0.2606	0.2728	0.3118	0.3052	0.2993	0.2992	0.3189	 0.318	0.4328	0.4338	0.5385	0.5385	
val losses      150:	0.2833	0.2922	0.3216	0.2989	0.5113	0.5209	 0.449	0.4186	0.8862	0.8202	  1.61	 1.603	 | 0.6679 mean
                     	0.7132	0.7159	0.8377	0.7709	 1.239	 1.126	  1.21	 1.181	  2.33	 2.011	 4.238	 4.043	 | 2.174 quantile
                      	 18.53	 21.19	 2.644	  2.16	 18.45	 20.41	 4.899	 4.459	 14.78	 14.99	 18.76	 18.41	 | 21.19 max

train losses    152:	0.2583	0.2708	0.3105	 0.304	0.2975	0.3009	0.3171	0.3177	0.4298	0.4335	0.5323	0.5299	
val losses      152:	0.2813	0.2883	 0.322	0.2992	0.5074	0.5176	0.4504	 0.421	0.8858	0.8205	 1.599	 1.594	 | 0.6656 mean
                     	0.7085	 0.711	0.8367	0.7706	 1.231	 1.119	 1.203	 1.181	 2.281	 1.985	 4.177	 3.984	 | 2.203 quantile
                      	 18.54	 21.23	 2.672	 2.162	 18.52	 20.48	 4.873	 4.423	 14.78	 14.94	 18.55	 18.24	 | 21.23 max

train losses    154:	0.2582	0.2676	0.3102	0.3042	0.2956	 0.298	0.3155	0.3137	0.4304	0.4333	0.5214	0.5202	
val losses      154:	0.2859	0.2904	0.3221	0.2989	0.5069	0.5174	0.4501	0.4203	 0.887	0.8217	 1.606	   1.6	 | 0.6673 mean
                     	0.7107	0.7164	0.8385	0.7722	 1.235	 1.129	 1.204	 1.179	 2.305	 1.984	 4.211	 4.014	 | 2.171 quantile
                      	  18.5	 21.16	 2.652	 2.158	 18.53	 20.55	  4.92	 4.462	 14.87	 15.09	  18.8	 18.48	 | 21.16 max

train losses    156:	0.2571	 0.271	0.3104	 0.304	0.2973	0.2975	0.3157	0.3147	0.4287	0.4332	0.5207	0.5179	
val losses      156:	0.2821	0.2894	0.3221	 0.299	0.5058	0.5172	0.4504	0.4212	0.8856	0.8204	 1.592	 1.588	 | 0.6645 mean
                     	0.7045	0.7163	0.8386	0.7711	 1.232	 1.136	  1.21	 1.179	  2.31	 1.995	 4.172	 3.982	 | 2.166 quantile
                      	 18.51	 21.22	 2.665	 2.152	 18.52	 20.53	 4.938	 4.501	 14.89	 15.08	  18.7	 18.37	 | 21.22 max

train losses    158:	0.2561	0.2686	0.3097	0.3033	0.2956	 0.297	0.3142	0.3134	0.4275	0.4314	0.5186	0.5156	
val losses      158:	0.2819	0.2878	0.3219	0.2988	0.5051	0.5169	0.4519	0.4228	0.8872	0.8257	 1.593	 1.587	 | 0.6651 mean
                     	0.7065	0.7064	0.8403	0.7719	 1.225	 1.143	 1.204	 1.182	 2.304	 1.977	 4.185	 3.994	 | 2.158 quantile
                      	 18.51	 21.26	 2.671	 2.161	 18.53	 20.56	 4.946	 4.517	 14.88	  15.1	 18.83	  18.5	 | 21.26 max

train losses    160:	0.2573	0.2672	0.3095	0.3034	 0.296	0.2959	0.3136	0.3123	0.4282	0.4296	0.5164	0.5133	
val losses      160:	0.2816	 0.289	0.3221	 0.299	0.5056	 0.517	0.4517	0.4223	0.8854	0.8205	 1.591	 1.585	 | 0.6642 mean
                     	0.7015	0.7149	0.8362	0.7703	 1.229	  1.13	 1.205	 1.178	 2.313	 1.993	 4.197	 3.982	 | 2.157 quantile
                      	  18.5	 21.27	 2.676	 2.166	 18.52	 20.55	 4.957	 4.538	 14.93	 15.16	 18.87	 18.56	 | 21.27 max

train losses    162:	0.2558	0.2679	0.3091	0.3032	 0.294	 0.296	0.3131	0.3125	0.4268	0.4316	0.5133	0.5108	
val losses      162:	0.2801	 0.286	 0.322	 0.299	 0.506	0.5177	0.4516	0.4222	0.8901	0.8299	 1.594	 1.587	 | 0.6655 mean
                     	0.6955	0.7052	0.8376	0.7699	  1.23	 1.132	 1.205	 1.176	 2.304	 1.987	 4.194	  3.99	 | 2.168 quantile
                      	 18.51	  21.3	  2.69	 2.156	 18.51	 20.57	 4.989	 4.574	 14.87	 15.07	 18.99	  18.7	 | 21.3 max

train losses    164:	0.2548	0.2674	0.3089	0.3026	0.2935	0.2956	 0.313	0.3128	0.4247	0.4302	0.5123	0.5115	
val losses      164:	0.2801	0.2858	0.3221	0.2988	0.5052	0.5177	0.4515	0.4225	0.8882	0.8239	 1.598	 1.591	 | 0.6654 mean
                     	0.7019	0.7019	0.8388	0.7703	 1.228	 1.134	   1.2	 1.173	 2.338	 1.999	  4.21	 3.984	 | 2.167 quantile
                      	 18.55	 21.36	 2.693	 2.158	 18.58	 20.64	 5.005	 4.593	 14.91	 15.13	 19.05	 18.77	 | 21.36 max

train losses    166:	0.2551	0.2666	0.3089	0.3021	0.2923	0.2941	 0.314	0.3125	 0.428	0.4293	0.5099	0.5083	
val losses      166:	0.2815	 0.288	 0.322	0.2988	0.5059	0.5176	0.4512	0.4228	0.8882	 0.826	 1.596	  1.59	 | 0.6656 mean
                     	0.7016	0.7104	0.8381	0.7683	 1.219	 1.137	 1.204	 1.177	 2.316	  1.98	 4.193	 3.997	 | 2.162 quantile
                      	 18.57	  21.4	 2.703	 2.158	 18.59	 20.66	 5.026	 4.611	 15.03	 15.24	 19.09	 18.81	 | 21.4 max

train losses    168:	0.2554	0.2669	0.3084	0.3019	0.2929	0.2933	0.3124	0.3109	0.4243	 0.428	0.5099	0.5072	
val losses      168:	0.2814	0.2886	 0.322	 0.299	 0.504	0.5159	0.4523	 0.424	0.8904	0.8304	 1.597	 1.591	 | 0.6663 mean
                     	0.7069	0.7091	0.8384	0.7693	 1.225	 1.132	 1.202	 1.176	 2.316	 1.981	 4.192	 3.995	 | 2.167 quantile
                      	 18.54	 21.37	 2.697	 2.141	  18.6	 20.69	 5.044	 4.639	 14.97	  15.2	 19.13	 18.86	 | 21.37 max

train losses    170:	0.2549	0.2656	0.3084	0.3014	0.2916	0.2931	0.3112	0.3096	0.4228	0.4295	0.5045	0.5026	
val losses      170:	0.2795	0.2885	 0.322	 0.299	0.5048	0.5164	0.4521	0.4234	0.8886	0.8235	 1.599	 1.592	 | 0.6657 mean
                     	0.7022	0.7068	0.8345	0.7694	 1.226	 1.119	 1.205	 1.173	 2.325	 2.018	 4.198	 3.994	 | 2.167 quantile
                      	  18.5	 21.37	 2.684	 2.146	 18.65	 20.74	 5.069	 4.676	 15.03	 15.25	 19.19	 18.92	 | 21.37 max

train losses    172:	 0.254	0.2651	0.3075	0.3013	0.2915	0.2945	0.3101	0.3097	0.4242	0.4251	0.5069	0.5031	
val losses      172:	0.2796	0.2877	0.3222	0.2989	0.5048	0.5175	0.4528	0.4237	0.8931	0.8302	   1.6	 1.593	 | 0.667 mean
                     	0.7088	0.7108	 0.836	0.7692	 1.231	 1.128	 1.203	 1.174	 2.323	 1.992	 4.192	 3.984	 | 2.171 quantile
                      	 18.48	 21.36	 2.684	 2.143	 18.65	 20.77	 5.051	 4.674	 15.07	 15.27	 19.17	 18.87	 | 21.36 max

train losses    174:	0.2531	0.2665	0.3076	0.3015	0.2923	0.2929	0.3098	 0.309	0.4225	 0.427	0.5061	0.5028	
val losses      174:	0.2788	0.2844	0.3224	 0.299	0.5045	0.5177	0.4553	0.4269	0.8955	0.8331	 1.595	 1.588	 | 0.6667 mean
                     	0.7099	 0.707	0.8345	0.7695	 1.236	 1.136	 1.204	 1.179	 2.339	 1.999	 4.177	 3.994	 | 2.161 quantile
                      	 18.48	 21.39	 2.706	 2.131	 18.66	 20.77	 5.086	 4.709	 15.05	 15.26	 19.16	 18.88	 | 21.39 max

train losses    176:	0.2532	0.2649	 0.307	0.3005	0.2926	 0.292	0.3094	0.3088	0.4229	0.4253	0.5025	0.4978	
val losses      176:	0.2798	0.2849	0.3225	 0.299	0.5051	0.5178	0.4553	0.4274	0.8936	0.8319	  1.59	 1.583	 | 0.6659 mean
                     	0.7091	0.7083	0.8356	0.7712	 1.237	 1.126	 1.205	  1.18	 2.331	 1.997	 4.208	 3.985	 | 2.162 quantile
                      	 18.48	 21.42	 2.716	 2.129	 18.67	 20.81	 5.125	  4.75	 15.14	 15.34	 19.26	  19.0	 | 21.42 max

train losses    178:	0.2526	0.2643	0.3073	0.3003	0.2906	0.2922	0.3096	0.3096	0.4214	0.4254	0.5031	   0.5	
val losses      178:	0.2808	0.2854	0.3221	0.2988	0.5051	0.5171	0.4548	0.4265	 0.891	0.8323	 1.587	  1.58	 | 0.6651 mean
                     	0.7055	0.7072	0.8328	0.7711	 1.231	 1.132	 1.202	 1.176	 2.322	 1.977	 4.206	 3.972	 | 2.164 quantile
                      	 18.45	 21.41	  2.72	 2.144	  18.7	 20.86	 5.166	 4.783	 15.18	 15.35	 19.32	 19.04	 | 21.41 max

train losses    180:	0.2524	0.2638	0.3061	0.3002	0.2906	0.2906	0.3097	0.3093	0.4216	 0.426	0.4998	0.4983	
val losses      180:	0.2797	0.2838	0.3219	0.2986	0.5047	0.5166	0.4544	0.4265	0.8889	0.8277	 1.589	 1.582	 | 0.6645 mean
                     	0.7012	0.6968	0.8306	0.7723	 1.219	 1.138	 1.203	 1.176	 2.319	 1.971	 4.194	 3.982	 | 2.166 quantile
                      	 18.43	 21.39	 2.735	 2.144	 18.76	 20.92	 5.205	 4.827	 15.22	  15.4	 19.38	  19.1	 | 21.39 max

train losses    182:	 0.252	 0.263	 0.306	0.2991	0.2894	0.2904	0.3087	0.3078	0.4213	0.4259	0.4975	0.4966	
val losses      182:	0.2815	0.2881	0.3216	0.2985	0.5049	0.5167	0.4542	0.4268	0.8915	0.8316	  1.59	 1.584	 | 0.6658 mean
                     	0.7085	0.7117	0.8302	0.7737	  1.23	 1.143	 1.203	 1.172	 2.321	 1.989	  4.18	 3.959	 | 2.173 quantile
                      	 18.42	 21.39	 2.732	 2.138	 18.76	 20.92	 5.173	  4.81	 15.19	 15.35	 19.34	 19.06	 | 21.39 max

train losses    184:	0.2513	0.2631	0.3059	 0.299	0.2901	0.2906	0.3081	0.3075	0.4193	0.4241	0.4976	0.4948	
val losses      184:	0.2784	0.2836	0.3219	0.2987	0.5038	0.5164	0.4547	0.4278	 0.897	 0.837	 1.592	 1.585	 | 0.6664 mean
                     	0.7088	0.7086	  0.83	0.7717	 1.225	 1.142	 1.209	 1.176	 2.347	 1.981	 4.194	  3.95	 | 2.166 quantile
                      	 18.41	  21.4	  2.74	 2.127	 18.71	 20.88	 5.202	 4.849	 15.08	 15.26	 19.36	 19.11	 | 21.4 max

train losses    186:	0.2495	0.2626	0.3056	0.2986	0.2874	0.2907	0.3058	 0.305	0.4204	0.4225	 0.494	0.4918	
val losses      186:	0.2774	0.2832	0.3223	0.2989	0.5044	0.5153	0.4561	0.4293	0.8966	 0.832	  1.59	 1.584	 | 0.6658 mean
                     	0.7055	0.7007	 0.831	0.7715	 1.235	 1.121	 1.209	 1.176	 2.331	 1.982	  4.18	 3.948	 | 2.164 quantile
                      	  18.4	 21.45	  2.74	 2.138	 18.69	  20.9	 5.229	 4.882	 15.12	 15.28	 19.36	  19.1	 | 21.45 max

train losses    188:	0.2517	0.2623	0.3057	0.2989	0.2899	0.2905	0.3064	0.3052	0.4182	0.4207	0.4945	0.4924	
val losses      188:	0.2775	0.2836	 0.322	0.2988	0.5036	0.5153	0.4558	0.4287	0.8912	0.8301	 1.588	 1.581	 | 0.6646 mean
                     	0.7073	0.7022	0.8318	0.7731	 1.231	 1.131	 1.205	 1.174	 2.323	 1.983	 4.176	 3.938	 | 2.16 quantile
                      	 18.42	 21.47	 2.737	 2.143	 18.76	 20.97	 5.252	 4.909	 15.24	 15.42	 19.41	 19.16	 | 21.47 max

train losses    190:	0.2502	0.2611	0.3058	0.2989	0.2874	0.2887	0.3073	0.3065	0.4178	0.4223	0.4936	0.4897	
val losses      190:	0.2784	0.2849	0.3219	0.2987	 0.504	 0.516	0.4561	0.4292	0.8904	0.8313	 1.586	 1.578	 | 0.6647 mean
                     	0.7054	0.7073	0.8316	0.7731	 1.227	 1.129	 1.209	  1.18	 2.306	 1.984	 4.164	 3.944	 | 2.161 quantile
                      	 18.45	  21.5	 2.734	 2.123	 18.76	 20.98	  5.28	 4.938	 15.24	 15.42	 19.53	  19.3	 | 21.5 max

train losses    192:	0.2509	0.2617	 0.305	0.2985	 0.287	0.2881	0.3049	0.3049	0.4179	0.4203	0.4918	0.4881	
val losses      192:	0.2788	0.2838	 0.322	0.2985	0.5047	0.5169	0.4568	  0.43	0.8958	0.8394	 1.586	 1.579	 | 0.666 mean
                     	0.7135	0.7042	0.8327	0.7723	 1.235	 1.128	   1.2	 1.171	 2.304	 1.958	 4.166	 3.936	 | 2.164 quantile
                      	  18.4	  21.5	 2.736	 2.131	 18.71	 20.96	 5.282	 4.945	 15.22	 15.36	 19.52	 19.31	 | 21.5 max

train losses    194:	0.2502	0.2603	0.3048	0.2974	0.2879	0.2865	0.3062	0.3049	0.4172	0.4204	0.4908	0.4887	
val losses      194:	0.2792	0.2841	0.3222	0.2985	0.5051	0.5159	0.4577	0.4308	 0.895	0.8336	 1.587	 1.579	 | 0.6657 mean
                     	0.7101	 0.707	0.8357	0.7746	 1.231	 1.127	 1.198	 1.173	 2.311	  1.98	 4.165	  3.92	 | 2.155 quantile
                      	  18.4	 21.52	 2.727	 2.138	 18.75	 21.01	 5.307	 4.973	 15.17	 15.33	 19.55	 19.35	 | 21.52 max

train losses    196:	0.2509	0.2604	0.3037	0.2969	0.2856	0.2886	0.3055	 0.304	0.4155	0.4185	0.4906	0.4872	
val losses      196:	0.2769	0.2814	0.3223	0.2984	0.5042	0.5161	0.4586	0.4318	0.8934	0.8347	 1.583	 1.576	 | 0.6648 mean
                     	0.7088	0.6895	0.8369	0.7766	  1.22	 1.136	 1.206	 1.181	 2.326	 1.981	 4.136	  3.91	 | 2.16 quantile
                      	 18.41	 21.57	 2.724	 2.132	 18.83	 21.09	 5.342	 5.009	 15.29	 15.49	 19.62	 19.43	 | 21.57 max

train losses    198:	0.2508	0.2614	0.3042	0.2974	0.2865	0.2873	0.3036	0.3029	0.4165	0.4193	 0.492	0.4886	
val losses      198:	 0.278	0.2834	0.3223	0.2984	0.5024	 0.515	0.4576	 0.431	0.8984	0.8447	 1.583	 1.576	 | 0.6658 mean
                     	0.7143	0.7001	0.8357	0.7733	 1.215	 1.135	 1.205	 1.175	 2.321	 1.961	 4.156	 3.906	 | 2.163 quantile
                      	 18.38	 21.53	 2.745	 2.131	 18.83	 21.08	 5.371	 5.032	 15.27	 15.45	 19.58	 19.41	 | 21.53 max

train losses    200:	0.2495	0.2608	0.3037	0.2967	0.2855	0.2882	0.3032	0.3015	0.4164	0.4186	0.4895	0.4863	
val losses      200:	0.2778	0.2836	0.3223	0.2983	0.5021	0.5152	0.4585	0.4321	0.8949	0.8356	 1.582	 1.575	 | 0.6648 mean
                     	0.7117	 0.705	0.8371	0.7704	 1.214	 1.139	 1.204	 1.179	 2.326	 1.985	 4.139	 3.911	 | 2.167 quantile
                      	 18.35	 21.52	  2.76	 2.118	 18.83	 21.08	 5.369	 5.031	 15.33	 15.48	  19.5	 19.34	 | 21.52 max

train losses    202:	0.2488	0.2605	0.3036	0.2965	0.2852	0.2865	0.3022	0.3016	0.4148	0.4167	0.4878	0.4846	
val losses      202:	0.2774	0.2818	0.3225	0.2987	0.5029	0.5158	0.4603	0.4343	0.8968	0.8426	 1.583	 1.576	 | 0.666 mean
                     	0.7138	0.6987	0.8381	0.7716	 1.208	 1.134	 1.211	 1.187	 2.315	 1.977	 4.152	 3.895	 | 2.16 quantile
                      	 18.41	 21.63	 2.778	 2.124	 18.86	 21.12	 5.381	 5.048	 15.42	  15.6	 19.54	 19.37	 | 21.63 max

train losses    204:	0.2484	0.2583	0.3033	0.2966	0.2838	0.2867	 0.304	0.3028	0.4154	0.4178	0.4862	0.4835	
val losses      204:	0.2771	 0.281	0.3226	0.2989	0.5012	0.5146	0.4601	 0.434	0.8976	0.8415	 1.582	 1.574	 | 0.6654 mean
                     	0.7117	0.7011	0.8344	0.7718	 1.205	 1.122	 1.213	 1.188	 2.306	  1.97	  4.15	 3.911	 | 2.156 quantile
                      	 18.39	 21.63	 2.791	 2.111	 18.88	 21.16	  5.42	 5.088	 15.33	 15.53	 19.63	 19.47	 | 21.63 max

train losses    206:	0.2489	0.2588	0.3027	 0.296	0.2833	0.2862	0.3021	0.3022	0.4149	 0.417	0.4827	0.4797	
val losses      206:	0.2798	 0.283	0.3226	0.2985	0.5007	0.5145	0.4598	0.4336	0.8936	 0.834	 1.576	 1.568	 | 0.6637 mean
                     	0.7147	0.7011	0.8382	0.7711	 1.198	 1.124	 1.206	 1.185	 2.324	 1.995	  4.13	 3.894	 | 2.148 quantile
                      	 18.38	 21.64	 2.786	 2.111	 18.92	 21.21	 5.477	 5.145	 15.38	 15.55	 19.74	 19.59	 | 21.64 max

train losses    208:	0.2479	0.2583	0.3024	 0.296	0.2829	0.2869	 0.301	0.3009	0.4131	0.4142	0.4831	0.4815	
val losses      208:	0.2786	0.2819	0.3223	0.2984	0.5008	0.5146	0.4595	0.4336	0.8972	 0.848	 1.574	 1.567	 | 0.6647 mean
                     	0.7112	0.6936	0.8358	0.7722	 1.199	 1.119	 1.206	 1.184	 2.282	 1.958	 4.144	 3.891	 | 2.146 quantile
                      	  18.4	 21.67	 2.796	 2.113	  18.9	 21.22	 5.499	 5.171	 15.38	 15.53	 19.69	 19.55	 | 21.67 max

train losses    210:	0.2483	0.2573	0.3025	0.2946	0.2843	0.2834	0.3009	 0.301	0.4132	0.4173	0.4844	0.4812	
val losses      210:	0.2794	0.2825	0.3224	0.2984	 0.501	0.5157	0.4597	0.4341	0.9025	0.8478	 1.581	 1.573	 | 0.6664 mean
                     	 0.717	0.6911	0.8358	0.7719	  1.21	  1.11	  1.21	 1.178	 2.305	 1.964	 4.141	 3.895	 | 2.146 quantile
                      	 18.33	 21.64	  2.78	 2.106	 18.88	 21.22	 5.518	 5.194	 15.37	 15.53	 19.76	 19.65	 | 21.64 max

train losses    212:	0.2485	0.2597	0.3024	0.2949	0.2829	0.2852	0.3008	0.2997	0.4135	0.4156	 0.486	0.4827	
val losses      212:	0.2762	0.2802	0.3225	0.2985	0.5006	0.5156	0.4607	0.4355	0.8964	0.8353	 1.575	 1.567	 | 0.6636 mean
                     	0.7127	0.6921	0.8363	0.7731	 1.195	 1.115	 1.206	 1.184	 2.323	 1.993	 4.135	 3.898	 | 2.149 quantile
                      	 18.33	 21.67	 2.794	 2.112	 18.94	 21.27	 5.549	 5.219	 15.56	 15.73	 19.65	 19.56	 | 21.67 max

train losses    214:	0.2476	0.2574	 0.302	 0.295	0.2838	0.2851	0.3007	 0.301	0.4124	0.4135	0.4805	 0.477	
val losses      214:	0.2768	 0.282	0.3228	0.2985	 0.502	0.5146	0.4604	0.4353	0.8981	0.8455	  1.58	 1.571	 | 0.6656 mean
                     	0.7145	0.6947	0.8385	0.7724	 1.206	 1.124	 1.202	 1.184	 2.314	 1.978	 4.162	 3.893	 | 2.153 quantile
                      	 18.31	 21.69	 2.786	 2.098	 18.94	 21.29	 5.556	 5.228	 15.44	  15.6	 19.77	 19.68	 | 21.69 max

train losses    216:	0.2473	 0.258	0.3018	0.2947	0.2809	0.2842	   0.3	0.2986	0.4113	0.4141	0.4806	0.4783	
val losses      216:	0.2753	0.2807	 0.323	0.2987	0.4995	 0.514	0.4615	0.4362	0.8981	0.8468	 1.577	 1.568	 | 0.6649 mean
                     	 0.716	0.6927	0.8389	0.7731	 1.206	  1.13	 1.203	  1.19	 2.286	 1.964	 4.155	 3.892	 | 2.153 quantile
                      	 18.36	 21.76	 2.826	 2.098	 18.96	 21.33	 5.554	 5.237	 15.39	 15.56	 19.77	 19.66	 | 21.76 max

train losses    218:	0.2471	0.2574	0.3011	0.2939	0.2819	0.2827	0.3005	0.2994	0.4089	0.4127	0.4817	0.4782	
val losses      218:	0.2788	0.2855	0.3231	0.2986	0.4989	0.5135	0.4607	0.4355	0.8954	0.8411	 1.577	 1.568	 | 0.6647 mean
                     	0.7128	0.7153	0.8406	0.7724	 1.211	 1.112	 1.206	  1.19	 2.313	 1.968	 4.145	 3.883	 | 2.152 quantile
                      	 18.34	 21.76	 2.838	  2.11	 18.92	 21.32	 5.627	 5.325	 15.51	 15.68	  19.8	 19.72	 | 21.76 max

train losses    220:	0.2463	0.2568	 0.301	0.2935	0.2812	0.2831	0.3001	0.2996	0.4104	0.4143	0.4801	0.4779	
val losses      220:	0.2765	0.2825	 0.323	0.2985	0.4987	0.5127	0.4621	0.4368	0.8975	0.8449	 1.577	 1.568	 | 0.6649 mean
                     	0.7149	 0.704	0.8398	0.7722	 1.197	 1.125	 1.205	 1.186	 2.311	 1.971	 4.136	 3.884	 | 2.153 quantile
                      	 18.42	 21.89	 2.839	 2.107	 18.97	 21.37	 5.619	 5.321	 15.54	 15.68	 19.71	 19.64	 | 21.89 max

train losses    222:	0.2468	0.2567	0.3007	0.2934	0.2805	0.2815	0.2981	0.2973	0.4083	0.4128	0.4783	0.4748	
val losses      222:	0.2773	0.2845	0.3228	0.2983	0.5006	0.5129	0.4631	0.4385	0.8992	0.8463	 1.574	 1.566	 | 0.6653 mean
                     	0.7147	0.7001	0.8398	0.7713	 1.209	 1.112	 1.217	 1.188	 2.293	 1.976	 4.137	 3.882	 | 2.153 quantile
                      	 18.37	 21.85	 2.831	 2.107	 18.93	 21.35	 5.665	 5.362	 15.53	 15.68	 19.75	 19.68	 | 21.85 max

train losses    224:	0.2462	0.2559	0.2999	0.2928	0.2815	0.2804	 0.299	 0.297	0.4081	0.4098	 0.476	0.4728	
val losses      224:	 0.275	0.2808	 0.323	0.2983	0.5012	0.5139	 0.464	0.4396	0.9066	0.8505	 1.574	 1.565	 | 0.6661 mean
                     	0.7132	0.6909	 0.841	 0.772	 1.209	 1.131	 1.211	  1.19	 2.317	 1.988	 4.135	 3.861	 | 2.15 quantile
                      	 18.31	 21.79	 2.839	 2.113	  18.9	 21.34	  5.64	 5.335	 15.49	 15.61	 19.81	 19.74	 | 21.79 max

train losses    226:	0.2454	0.2564	0.3004	0.2929	0.2809	0.2816	0.2971	0.2965	0.4099	0.4114	 0.477	0.4726	
val losses      226:	0.2767	0.2823	 0.323	0.2984	0.5008	0.5134	0.4634	0.4391	0.9065	0.8484	 1.574	 1.565	 | 0.6659 mean
                     	0.7176	0.7032	0.8382	0.7702	 1.207	 1.124	 1.211	 1.187	 2.317	 1.976	 4.122	  3.88	 | 2.153 quantile
                      	 18.24	 21.75	 2.817	 2.103	 18.91	 21.37	 5.693	 5.394	 15.51	 15.59	 19.83	 19.78	 | 21.75 max

train losses    228:	0.2463	0.2542	0.3004	0.2929	0.2811	0.2809	0.2969	 0.296	0.4076	0.4105	0.4755	0.4727	
val losses      228:	0.2774	0.2816	0.3229	0.2986	0.4987	0.5122	0.4636	0.4396	0.9043	0.8516	  1.57	 1.561	 | 0.6651 mean
                     	0.7189	0.6972	0.8378	0.7702	 1.194	 1.109	 1.214	 1.189	 2.319	 1.959	 4.118	 3.833	 | 2.138 quantile
                      	 18.24	  21.8	 2.814	 2.104	 18.95	 21.42	 5.736	 5.438	 15.56	 15.66	 19.79	 19.75	 | 21.8 max

train losses    230:	0.2455	0.2538	0.2998	0.2922	0.2796	0.2799	0.2976	0.2969	0.4117	0.4109	0.4733	0.4664	
val losses      230:	0.2765	0.2797	0.3231	0.2988	0.4978	 0.512	0.4646	 0.441	0.9041	0.8508	 1.568	 1.559	 | 0.6646 mean
                     	0.7121	0.6886	0.8423	0.7736	 1.195	 1.113	 1.216	 1.188	 2.298	 1.957	 4.111	 3.854	 | 2.138 quantile
                      	 18.24	 21.82	 2.825	  2.09	 19.03	 21.49	  5.76	 5.462	 15.56	 15.67	 19.78	 19.76	 | 21.82 max

train losses    232:	0.2454	0.2571	0.2997	0.2919	0.2805	 0.281	0.2959	0.2953	0.4098	 0.409	0.4726	0.4702	
val losses      232:	0.2763	0.2803	0.3232	 0.299	0.4979	0.5121	0.4645	0.4404	0.9044	0.8495	  1.57	 1.561	 | 0.6649 mean
                     	0.7127	0.6886	0.8399	0.7751	 1.191	 1.125	 1.209	 1.194	 2.309	 1.962	 4.129	 3.863	 | 2.141 quantile
                      	 18.24	 21.86	 2.828	 2.071	 19.08	 21.55	  5.81	 5.516	 15.61	  15.7	 19.83	 19.81	 | 21.86 max

train losses    234:	0.2453	0.2551	0.2993	 0.291	0.2796	0.2796	0.2955	0.2938	0.4064	0.4092	0.4708	 0.467	
val losses      234:	0.2757	0.2814	0.3231	0.2986	0.4984	0.5129	0.4654	0.4415	0.9053	0.8536	 1.569	  1.56	 | 0.6654 mean
                     	0.7135	0.6908	 0.839	0.7735	 1.189	 1.122	 1.217	 1.192	 2.291	 1.964	 4.139	 3.859	 | 2.146 quantile
                      	 18.21	 21.85	 2.835	 2.082	 19.07	 21.56	 5.851	 5.565	 15.68	 15.73	  19.8	 19.77	 | 21.85 max

train losses    236:	0.2448	0.2541	0.2991	0.2911	0.2796	0.2795	0.2966	0.2964	0.4078	0.4081	0.4705	0.4677	
val losses      236:	0.2749	0.2811	0.3233	0.2986	0.4981	0.5118	0.4667	0.4427	0.9065	0.8554	  1.57	 1.561	 | 0.6659 mean
                     	0.7109	 0.693	 0.837	0.7724	 1.195	 1.121	 1.214	 1.186	 2.308	 1.958	 4.094	 3.844	 | 2.143 quantile
                      	 18.29	 21.95	 2.837	 2.097	 19.12	 21.59	 5.864	 5.595	 15.64	 15.67	 19.94	 19.86	 | 21.95 max

train losses    238:	0.2446	0.2535	0.2986	0.2911	0.2787	0.2804	0.2942	0.2941	 0.405	0.4077	0.4708	0.4686	
val losses      238:	0.2757	0.2809	0.3238	0.2991	0.4974	0.5115	0.4676	0.4444	0.9086	0.8617	 1.569	  1.56	 | 0.6666 mean
                     	 0.711	0.6855	0.8347	 0.772	 1.193	 1.123	 1.219	 1.192	   2.3	 1.945	 4.098	 3.823	 | 2.139 quantile
                      	 18.27	 21.99	 2.844	 2.106	 19.13	 21.64	 5.893	 5.627	 15.66	 15.69	 19.88	 19.84	 | 21.99 max

train losses    240:	0.2449	0.2542	0.2984	0.2905	0.2777	0.2799	0.2949	0.2945	0.4079	0.4098	0.4675	0.4651	
val losses      240:	0.2759	0.2816	0.3236	0.2989	0.4971	0.5106	0.4665	0.4434	0.9042	0.8525	 1.566	 1.557	 | 0.6648 mean
                     	0.7182	0.6939	0.8368	0.7735	 1.187	 1.107	 1.217	 1.193	 2.297	 1.973	 4.101	 3.848	 | 2.134 quantile
                      	 18.27	 22.02	  2.86	 2.099	 19.09	 21.61	 5.923	 5.657	 15.65	 15.75	 19.87	 19.82	 | 22.02 max

train losses    242:	0.2437	0.2537	0.2975	0.2899	0.2785	0.2794	0.2935	0.2926	0.4067	0.4066	0.4685	0.4643	
val losses      242:	0.2739	0.2792	0.3236	0.2991	 0.497	0.5104	0.4677	 0.445	0.9056	0.8555	 1.563	 1.554	 | 0.6645 mean
                     	0.7205	0.6839	0.8384	0.7721	 1.189	 1.105	 1.216	 1.191	 2.291	 1.963	 4.089	 3.823	 | 2.134 quantile
                      	 18.23	  22.0	 2.877	 2.079	 19.11	 21.65	 5.933	  5.67	 15.63	 15.71	  19.9	 19.88	 | 22.0 max

train losses    244:	0.2439	0.2526	0.2982	0.2903	 0.278	0.2775	0.2937	0.2937	0.4054	0.4082	0.4668	0.4628	
val losses      244:	0.2733	0.2792	0.3241	0.2995	0.4962	0.5094	0.4686	0.4462	0.9067	0.8531	 1.563	 1.554	 | 0.6645 mean
                     	0.7118	0.6912	0.8407	 0.775	 1.183	 1.123	 1.213	 1.192	 2.319	 1.972	 4.089	 3.815	 | 2.135 quantile
                      	  18.2	  22.0	 2.895	  2.09	  19.1	 21.65	 5.942	 5.683	 15.82	 15.92	 19.85	 19.82	 | 22.0 max

train losses    246:	0.2435	0.2523	0.2972	0.2894	0.2769	0.2788	 0.292	0.2918	0.4044	0.4072	0.4629	 0.458	
val losses      246:	0.2762	0.2822	 0.324	0.2994	0.4978	0.5108	0.4684	0.4455	0.9118	0.8584	 1.565	 1.555	 | 0.6662 mean
                     	0.7126	0.6936	0.8411	0.7734	 1.195	 1.114	 1.222	 1.195	 2.314	 1.962	 4.087	 3.832	 | 2.133 quantile
                      	 18.13	 21.99	 2.907	 2.098	 19.02	 21.62	 5.965	 5.703	 15.69	 15.78	 19.86	 19.84	 | 21.99 max

train losses    248:	0.2438	0.2529	0.2971	0.2889	0.2782	0.2777	0.2928	0.2916	0.4072	0.4094	0.4647	0.4597	
val losses      248:	0.2751	0.2795	0.3239	0.2996	0.4974	0.5106	0.4692	0.4468	0.9071	0.8531	 1.563	 1.553	 | 0.6648 mean
                     	0.7131	0.6878	0.8412	0.7746	 1.195	 1.111	 1.228	 1.193	 2.309	 1.959	 4.104	 3.844	 | 2.125 quantile
                      	 18.18	 22.07	 2.917	 2.081	 19.09	 21.69	 5.979	  5.72	 15.81	 15.92	 19.95	 19.95	 | 22.07 max

train losses    250:	0.2434	0.2526	0.2969	0.2892	0.2763	0.2784	0.2923	0.2922	0.4015	0.4041	0.4643	0.4609	
val losses      250:	0.2738	0.2762	0.3237	0.2996	0.4957	0.5099	 0.469	0.4462	0.9079	0.8574	 1.564	 1.553	 | 0.6648 mean
                     	0.7134	 0.687	0.8426	0.7745	 1.182	 1.122	  1.22	 1.193	 2.298	 1.964	 4.106	 3.841	 | 2.126 quantile
                      	 18.23	 22.13	 2.908	  2.09	  19.1	 21.71	 6.004	 5.741	 15.85	 15.97	 19.96	 19.96	 | 22.13 max

train losses    252:	0.2427	0.2515	0.2972	0.2889	 0.276	0.2773	0.2907	0.2908	0.4033	0.4039	0.4609	0.4584	
val losses      252:	0.2735	 0.277	0.3241	0.2996	0.4963	0.5092	0.4696	0.4473	0.9095	0.8583	 1.563	 1.552	 | 0.665 mean
                     	0.7149	0.6839	0.8448	0.7753	 1.185	 1.104	 1.232	 1.193	 2.308	 1.946	 4.098	 3.837	 | 2.127 quantile
                      	 18.21	 22.14	 2.915	 2.087	 19.08	 21.69	 6.002	 5.745	 15.79	 15.89	 19.91	 19.91	 | 22.14 max

train losses    254:	0.2423	0.2508	0.2969	0.2888	 0.275	0.2785	0.2911	0.2905	0.4018	0.4052	0.4626	0.4603	
val losses      254:	0.2743	0.2785	 0.324	0.2993	0.4965	0.5095	0.4694	0.4473	0.9064	0.8539	 1.563	 1.552	 | 0.6645 mean
                     	0.7129	0.6836	0.8462	0.7759	 1.188	 1.116	 1.227	 1.189	 2.291	 1.961	 4.092	 3.829	 | 2.122 quantile
                      	 18.22	 22.17	 2.918	 2.087	 19.11	 21.72	 6.026	 5.772	 15.82	 15.91	 19.97	 19.96	 | 22.17 max

train losses    256:	0.2417	  0.25	0.2966	 0.289	0.2765	0.2768	0.2909	0.2911	0.4046	0.4011	0.4615	0.4601	
val losses      256:	0.2746	0.2783	0.3239	0.2992	0.4962	0.5092	0.4696	0.4473	0.9076	0.8561	 1.562	 1.551	 | 0.6646 mean
                     	0.7126	0.6848	0.8451	 0.776	 1.188	 1.106	 1.225	  1.19	 2.303	 1.955	 4.087	 3.829	 | 2.127 quantile
                      	 18.21	 22.18	 2.917	 2.093	 19.12	 21.75	 6.033	 5.785	 15.81	  15.9	 19.94	 19.91	 | 22.18 max

train losses    258:	0.2435	0.2509	0.2972	0.2892	0.2753	0.2774	0.2905	0.2899	0.4013	0.4033	0.4591	 0.457	
val losses      258:	0.2751	0.2794	0.3239	0.2991	0.4963	0.5096	0.4699	0.4476	0.9067	0.8548	 1.563	 1.553	 | 0.6649 mean
                     	0.7124	0.6812	0.8434	0.7781	 1.188	 1.118	 1.221	 1.195	   2.3	 1.956	 4.077	 3.838	 | 2.126 quantile
                      	 18.17	 22.16	 2.914	 2.093	  19.1	 21.74	 6.045	 5.798	  15.8	  15.9	 19.95	 19.95	 | 22.16 max

train losses    260:	 0.242	 0.251	 0.297	0.2888	0.2764	0.2766	  0.29	0.2898	0.4023	0.4056	0.4613	0.4577	
val losses      260:	0.2743	0.2781	 0.324	0.2993	0.4962	0.5096	0.4707	0.4486	 0.908	0.8563	 1.563	 1.553	 | 0.665 mean
                     	0.7151	0.6828	0.8442	0.7767	 1.188	 1.118	 1.227	 1.193	 2.294	 1.956	 4.083	 3.833	 | 2.131 quantile
                      	 18.18	 22.18	 2.917	 2.084	 19.09	 21.74	 6.048	 5.803	 15.78	 15.87	 19.91	 19.91	 | 22.18 max

train losses    262:	0.2435	0.2516	 0.296	0.2885	0.2752	0.2756	0.2887	0.2894	0.4019	0.4017	0.4607	0.4581	
val losses      262:	0.2757	0.2794	 0.324	0.2995	0.4966	0.5096	0.4707	0.4487	0.9105	0.8618	 1.561	 1.551	 | 0.6657 mean
                     	0.7176	0.6934	0.8467	0.7754	 1.189	 1.096	 1.232	 1.194	 2.298	 1.936	 4.084	 3.826	 | 2.125 quantile
                      	 18.16	 22.16	 2.925	 2.078	 19.12	 21.77	 6.042	 5.796	 15.78	 15.86	 19.88	 19.88	 | 22.16 max

train losses    264:	0.2412	  0.25	0.2965	0.2885	0.2772	0.2741	0.2898	0.2893	0.4012	 0.402	0.4588	0.4563	
val losses      264:	0.2749	0.2791	0.3241	0.2995	0.4962	 0.509	0.4706	0.4487	0.9102	0.8568	 1.562	 1.552	 | 0.6653 mean
                     	0.7183	0.6895	0.8472	0.7762	 1.189	 1.094	 1.225	 1.198	 2.301	 1.948	  4.08	 3.825	 | 2.126 quantile
                      	 18.16	 22.16	 2.925	 2.076	 19.14	  21.8	 6.049	 5.804	 15.79	 15.86	 19.94	 19.94	 | 22.16 max

train losses    266:	0.2412	0.2503	 0.296	0.2875	0.2751	0.2755	0.2918	0.2902	0.3999	 0.404	 0.457	0.4549	
val losses      266:	 0.274	0.2785	0.3242	0.2995	0.4964	0.5089	0.4706	0.4489	0.9112	 0.863	 1.559	 1.549	 | 0.6653 mean
                     	0.7161	0.6843	0.8463	 0.775	 1.195	 1.101	 1.223	 1.197	 2.304	 1.933	  4.07	 3.816	 | 2.122 quantile
                      	 18.16	 22.18	 2.928	 2.078	 19.16	 21.81	 6.051	 5.806	 15.81	 15.86	 19.93	 19.89	 | 22.18 max

train losses    268:	0.2414	0.2503	0.2949	 0.287	0.2739	0.2756	0.2899	0.2909	0.4012	0.4034	0.4585	0.4552	
val losses      268:	0.2748	0.2791	0.3242	0.2997	0.4952	0.5084	0.4713	0.4498	0.9074	 0.856	 1.558	 1.548	 | 0.6644 mean
                     	0.7123	0.6907	 0.845	0.7764	 1.183	 1.105	 1.229	 1.199	 2.289	 1.943	 4.079	 3.825	 | 2.124 quantile
                      	 18.15	 22.18	 2.935	 2.075	 19.17	 21.83	 6.036	 5.792	 15.86	 15.91	 19.91	 19.86	 | 22.18 max

train losses    270:	0.2411	0.2508	0.2966	0.2884	0.2754	0.2778	0.2895	0.2894	0.4016	0.4035	0.4569	0.4542	
val losses      270:	0.2741	0.2775	0.3243	0.2997	0.4953	0.5085	0.4712	0.4494	0.9062	0.8563	 1.559	 1.548	 | 0.6641 mean
                     	0.7115	0.6886	0.8434	0.7766	 1.182	 1.101	 1.222	 1.197	   2.3	  1.94	 4.079	 3.814	 | 2.122 quantile
                      	 18.18	 22.22	 2.943	 2.073	 19.18	 21.85	 6.051	 5.808	 15.87	 15.93	 19.92	 19.87	 | 22.22 max

train losses    272:	0.2411	 0.249	 0.295	0.2873	0.2753	 0.275	0.2907	0.2894	0.4006	0.4011	0.4592	0.4561	
val losses      272:	0.2741	0.2779	0.3244	0.2998	0.4953	0.5087	0.4719	0.4501	0.9069	0.8569	 1.559	 1.549	 | 0.6645 mean
                     	0.7147	0.6845	0.8451	0.7753	 1.186	 1.101	  1.23	 1.202	 2.312	  1.94	 4.074	 3.818	 | 2.12 quantile
                      	 18.19	 22.23	 2.958	 2.071	 19.18	 21.85	 6.065	 5.822	 15.87	 15.94	  19.9	 19.86	 | 22.23 max

train losses    274:	0.2427	0.2498	0.2953	0.2882	0.2738	0.2762	0.2893	 0.288	   0.4	0.4017	0.4584	0.4575	
val losses      274:	0.2755	0.2799	0.3244	0.2997	0.4953	0.5083	0.4716	0.4498	0.9084	0.8559	  1.56	  1.55	 | 0.6649 mean
                     	0.7101	0.6904	0.8453	0.7746	  1.18	 1.099	 1.225	 1.198	 2.317	 1.942	 4.069	 3.815	 | 2.122 quantile
                      	 18.16	 22.22	 2.953	 2.081	 19.17	 21.85	 6.091	 5.848	 15.85	 15.93	 19.89	 19.85	 | 22.22 max

train losses    276:	0.2416	0.2502	0.2949	0.2879	0.2739	0.2755	0.2897	0.2902	0.3993	0.4026	 0.456	0.4519	
val losses      276:	0.2749	0.2781	0.3245	0.2997	 0.495	0.5089	0.4721	0.4503	0.9098	0.8583	 1.561	 1.551	 | 0.6653 mean
                     	0.7131	 0.688	0.8428	0.7766	 1.181	 1.107	 1.228	 1.201	 2.312	 1.934	 4.068	 3.823	 | 2.126 quantile
                      	 18.12	 22.18	 2.946	 2.087	 19.19	 21.89	 6.094	 5.853	 15.85	 15.93	  19.9	 19.87	 | 22.18 max

train losses    278:	0.2418	0.2486	0.2951	0.2872	0.2725	0.2765	0.2892	0.2893	0.3982	0.4028	 0.456	0.4531	
val losses      278:	0.2742	0.2775	0.3246	0.2997	0.4947	0.5087	0.4715	0.4503	0.9098	0.8594	 1.557	 1.546	 | 0.6644 mean
                     	0.7099	0.6805	0.8425	0.7754	 1.182	  1.11	 1.225	 1.194	 2.326	  1.93	 4.069	 3.814	 | 2.124 quantile
                      	 18.16	 22.23	 2.947	 2.091	 19.21	 21.91	 6.109	 5.869	 15.84	 15.92	  19.9	 19.86	 | 22.23 max

train losses    280:	0.2385	0.2485	 0.295	 0.287	0.2731	0.2757	 0.288	0.2873	0.4008	0.4018	0.4587	0.4563	
val losses      280:	0.2738	0.2775	0.3246	0.2999	0.4948	0.5087	0.4719	0.4507	0.9102	0.8622	 1.554	 1.544	 | 0.6644 mean
                     	0.7102	0.6816	0.8444	0.7769	 1.181	 1.101	 1.226	 1.198	 2.305	 1.925	 4.069	 3.814	 | 2.116 quantile
                      	 18.18	 22.26	 2.957	  2.09	 19.22	 21.91	 6.114	 5.874	 15.87	 15.93	 19.92	 19.89	 | 22.26 max

train losses    282:	0.2409	0.2498	0.2956	0.2883	0.2745	0.2744	0.2889	0.2893	0.3982	0.4011	0.4539	0.4512	
val losses      282:	0.2758	0.2796	0.3245	0.2997	0.4954	0.5082	0.4716	0.4501	0.9101	0.8576	 1.558	 1.548	 | 0.6649 mean
                     	0.7099	0.6813	0.8464	 0.776	 1.191	 1.087	  1.22	 1.196	 2.316	 1.949	 4.052	 3.807	 | 2.123 quantile
                      	 18.17	 22.25	 2.957	 2.099	 19.21	 21.91	 6.132	 5.895	 15.88	 15.95	 20.01	 19.98	 | 22.25 max

train losses    284:	0.2409	0.2482	0.2956	0.2874	0.2739	0.2755	0.2883	0.2881	0.3981	0.4024	0.4577	0.4551	
val losses      284:	0.2748	 0.279	0.3244	0.2998	0.4947	0.5083	0.4719	0.4504	0.9103	0.8593	 1.558	 1.547	 | 0.6649 mean
                     	0.7084	0.6905	0.8432	0.7755	 1.188	 1.103	 1.227	   1.2	 2.311	 1.944	 4.054	 3.805	 | 2.128 quantile
                      	 18.17	 22.28	 2.965	 2.096	 19.22	 21.93	 6.121	 5.882	 15.88	 15.95	 19.98	 19.94	 | 22.28 max

train losses    286:	0.2406	0.2495	0.2939	0.2862	0.2735	0.2746	0.2882	0.2871	0.3999	0.4013	0.4571	0.4544	
val losses      286:	0.2741	0.2778	0.3247	0.3001	0.4948	0.5081	0.4724	0.4512	0.9108	0.8607	 1.555	 1.545	 | 0.6645 mean
                     	0.7076	0.6806	0.8418	0.7745	 1.186	 1.101	 1.228	 1.196	 2.323	 1.926	  4.07	 3.809	 | 2.119 quantile
                      	 18.19	 22.33	  2.98	   2.1	 19.23	 21.93	 6.133	   5.9	  15.9	 15.95	 19.96	 19.94	 | 22.33 max

train losses    288:	0.2397	0.2482	0.2941	0.2867	 0.274	0.2743	0.2881	0.2882	0.3997	0.4005	 0.457	0.4531	
val losses      288:	0.2753	0.2796	0.3246	0.2997	0.4945	0.5075	0.4719	0.4507	0.9113	0.8625	 1.555	 1.544	 | 0.6647 mean
                     	0.7101	0.6872	0.8459	0.7748	 1.184	 1.094	 1.222	 1.194	 2.312	 1.919	 4.049	 3.794	 | 2.122 quantile
                      	 18.15	 22.31	  2.98	 2.112	 19.21	 21.93	 6.178	 5.948	 15.84	  15.9	 19.98	 19.96	 | 22.31 max

train losses    290:	0.2409	0.2486	 0.295	0.2867	0.2745	0.2747	0.2868	0.2872	0.3981	 0.402	0.4552	0.4532	
val losses      290:	0.2755	0.2799	0.3248	0.2998	0.4941	 0.508	0.4732	0.4516	0.9104	0.8587	 1.555	 1.545	 | 0.6646 mean
                     	0.7142	0.6919	0.8447	0.7757	 1.174	 1.099	 1.223	   1.2	 2.314	 1.939	 4.041	  3.79	 | 2.117 quantile
                      	 18.14	 22.31	 2.983	 2.115	 19.24	 21.97	   6.2	 5.973	  15.9	 15.96	 20.01	 19.99	 | 22.31 max

train losses    292:	0.2409	  0.25	0.2945	0.2865	0.2732	0.2761	0.2887	0.2867	0.4004	0.4018	0.4524	0.4503	
val losses      292:	0.2758	0.2808	0.3249	0.2998	0.4945	0.5077	0.4725	0.4511	0.9114	0.8618	 1.553	 1.543	 | 0.6647 mean
                     	0.7184	0.6908	0.8441	0.7746	 1.185	 1.086	 1.222	 1.196	 2.304	 1.934	 4.044	 3.796	 | 2.114 quantile
                      	 18.13	 22.32	 2.979	 2.121	 19.23	 21.98	 6.202	 5.978	 15.91	 15.95	 19.98	 19.98	 | 22.32 max

train losses    294:	0.2416	0.2488	0.2937	0.2857	0.2726	0.2751	0.2883	0.2885	0.3992	0.3996	0.4514	0.4485	
val losses      294:	0.2754	0.2801	0.3249	0.2999	0.4946	0.5077	0.4729	0.4518	0.9107	0.8593	 1.551	 1.541	 | 0.6642 mean
                     	0.7154	0.6887	0.8447	0.7739	 1.181	 1.093	  1.23	 1.199	 2.322	 1.944	 4.024	 3.793	 | 2.122 quantile
                      	 18.14	 22.32	 2.988	  2.13	 19.23	 21.99	 6.212	 5.989	 15.95	  16.0	 20.01	 19.96	 | 22.32 max

train losses    296:	0.2406	0.2479	0.2939	0.2856	0.2735	0.2752	0.2877	0.2872	0.3975	0.3995	0.4554	0.4519	
val losses      296:	0.2743	0.2788	0.3251	0.3001	0.4949	0.5076	 0.473	0.4521	 0.912	0.8635	 1.551	 1.541	 | 0.6644 mean
                     	0.7092	0.6839	 0.846	0.7758	 1.188	 1.098	 1.228	 1.199	 2.303	 1.936	 4.054	 3.801	 | 2.115 quantile
                      	 18.15	 22.34	 2.991	 2.135	 19.23	 21.99	  6.21	 5.986	 15.93	 15.96	  20.0	 19.94	 | 22.34 max

train losses    298:	0.2397	0.2471	 0.294	 0.286	0.2728	0.2744	0.2871	0.2871	 0.399	0.4016	 0.456	0.4532	
val losses      298:	0.2735	0.2779	0.3252	0.3001	0.4944	0.5076	0.4738	0.4528	0.9103	0.8596	 1.549	 1.538	 | 0.6636 mean
                     	0.7081	0.6852	0.8438	0.7773	 1.189	 1.101	 1.226	 1.196	 2.308	 1.936	 4.041	 3.795	 | 2.116 quantile
                      	 18.14	 22.34	  2.99	 2.139	 19.23	 21.99	 6.206	 5.987	 15.96	 16.01	  20.0	 20.01	 | 22.34 max

