train losses      0:	0.5559	 0.581	 0.358	0.3453	0.7235	0.7711	0.4756	0.4802	 1.595	 1.605	 1.468	 1.465	
val losses        0:	 1.337	0.7554	0.7009	 1.022	0.6302	0.6298	0.5837	0.7598	 1.359	 1.612	 1.792	  1.82	 | 1.083 mean
                     	  2.33	 2.127	 1.522	  1.92	 1.762	 1.804	 1.456	 1.724	 3.868	 4.298	 4.908	 4.929	 | 3.123 quantile
                      	 4.046	 8.044	 3.648	 3.716	 4.223	 3.712	 3.185	 4.174	 7.075	 7.221	 7.771	 8.144	 | 8.144 max

train losses      2:	0.5146	0.5454	 0.368	0.3574	0.6971	0.7232	0.4859	0.4892	  1.56	 1.559	 1.453	 1.435	
val losses        2:	0.6861	0.5972	0.4862	0.6156	0.8104	0.6967	0.5459	 0.536	 1.284	  1.34	 1.706	 1.654	 | 0.9132 mean
                     	 1.549	 1.755	 1.289	 1.488	 1.832	  1.74	  1.44	 1.418	 3.755	 3.648	 4.709	 4.788	 | 2.83 quantile
                      	 3.792	   5.6	 3.005	 4.061	 4.122	 3.918	 2.975	 2.845	 6.085	  6.15	 7.567	 7.832	 | 7.832 max

train losses      4:	0.4861	0.5144	0.3918	0.3651	 0.662	0.6713	0.4953	 0.495	 1.478	 1.469	 1.427	  1.39	
val losses        4:	0.7145	0.5309	0.4808	 0.459	0.5166	0.5217	0.6659	0.5907	 1.146	 1.146	 1.635	  1.56	 | 0.8305 mean
                     	 1.441	 1.464	 1.264	 1.224	 1.426	 1.404	 1.594	 1.486	 3.417	 3.153	 4.439	 4.522	 | 2.605 quantile
                      	 3.747	 4.563	 2.892	 2.865	 3.534	 2.954	 2.995	 2.871	 5.209	 5.538	 6.866	 7.169	 | 7.169 max

train losses      6:	0.4777	0.5031	0.4346	0.3899	0.6307	0.6209	 0.525	0.5049	 1.345	 1.326	 1.388	  1.33	
val losses        6:	0.4489	0.4993	0.4591	0.4325	0.4762	0.4919	 0.478	0.4557	 0.998	 1.042	 1.578	 1.483	 | 0.7369 mean
                     	 1.098	 1.372	 1.228	 1.163	 1.354	 1.331	 1.335	 1.325	 2.992	 2.812	 4.412	 4.357	 | 2.416 quantile
                      	 3.052	 4.146	 3.125	   2.9	 3.387	 2.482	 3.124	 2.901	 5.033	 4.624	 6.896	 7.001	 | 7.001 max

train losses      8:	0.4857	0.5096	0.4818	0.4179	0.6172	0.5998	 0.558	0.5217	 1.192	 1.178	  1.34	 1.269	
val losses        8:	0.3664	0.4739	0.4715	0.4217	0.4433	0.4321	0.4827	0.4513	0.8978	0.8897	 1.492	 1.373	 | 0.683 mean
                     	0.9534	 1.268	 1.258	 1.132	 1.231	 1.151	 1.325	  1.32	 2.537	 2.364	 4.199	 3.932	 | 2.188 quantile
                      	 2.496	 4.046	 3.552	 2.739	 3.013	 2.286	 2.933	 2.931	  4.23	 3.999	 6.613	  6.42	 | 6.613 max

train losses     10:	0.4875	0.5146	0.4768	0.4344	0.5905	0.5636	 0.566	0.5352	 1.033	 1.003	 1.283	 1.213	
val losses       10:	0.3396	0.4549	0.4588	0.4186	0.4031	  0.41	  0.49	 0.454	0.6748	0.7263	 1.401	 1.333	 | 0.6304 mean
                     	0.9201	 1.208	 1.223	 1.138	 1.126	 1.062	 1.352	 1.309	 1.997	 1.897	 3.879	 3.698	 | 1.963 quantile
                      	 2.253	 3.547	 3.442	 2.944	 2.893	 2.506	  3.17	 3.059	 3.523	 3.245	 6.066	 5.899	 | 6.066 max

train losses     12:	0.4813	0.4977	0.4678	0.4313	0.5651	 0.549	0.5514	0.5326	  0.88	0.8463	 1.213	 1.169	
val losses       12:	0.3345	0.4175	0.4424	0.4135	 0.387	0.3939	 0.472	0.4562	0.5803	0.6359	 1.318	 1.267	 | 0.5932 mean
                     	0.9056	 1.112	 1.194	 1.112	 1.041	 1.006	 1.288	 1.284	 1.605	 1.629	 3.594	 3.502	 | 1.808 quantile
                      	 2.027	 3.108	 3.245	  2.91	 2.775	  2.64	 2.682	  3.03	 2.979	 2.544	 5.806	 6.005	 | 6.005 max

train losses     14:	0.4693	0.4695	0.4561	0.4258	0.5516	0.5386	0.5352	0.5234	0.8215	0.8018	 1.159	  1.14	
val losses       14:	0.3277	0.4071	0.4275	0.4093	0.3741	0.3777	0.4571	0.4471	0.5565	0.5913	 1.281	 1.238	 | 0.5745 mean
                     	0.8947	 1.069	 1.158	 1.097	 1.046	0.9926	 1.261	 1.286	 1.479	 1.462	 3.548	 3.432	 | 1.747 quantile
                      	  2.29	 2.613	 3.054	 2.836	 2.489	 2.269	 2.419	 2.844	 2.816	 2.407	 5.783	 5.648	 | 5.783 max

train losses     16:	0.4482	0.4487	0.4426	0.4146	 0.534	0.5171	0.5192	0.5123	0.8202	 0.808	 1.116	   1.1	
val losses       16:	0.3218	0.4017	 0.422	0.4086	0.3689	0.3696	0.4482	0.4406	0.5472	0.5719	  1.25	 1.212	 | 0.5635 mean
                     	0.8664	 1.049	 1.149	 1.092	 1.019	0.9913	  1.24	 1.266	  1.43	 1.411	 3.419	 3.353	 | 1.717 quantile
                      	 2.079	 2.453	 2.865	 2.931	 2.574	   2.3	  2.43	 2.859	 2.727	  2.35	  5.57	 5.353	 | 5.57 max

train losses     18:	0.4335	0.4342	0.4341	0.4062	0.5153	0.4998	0.5106	0.5053	0.8027	0.7854	 1.083	 1.071	
val losses       18:	0.3096	0.3843	0.4208	0.4093	0.3589	0.3523	 0.446	0.4375	0.5134	0.5518	  1.23	 1.193	 | 0.5506 mean
                     	 0.827	  1.01	 1.139	 1.093	0.9846	0.9484	 1.219	 1.271	 1.443	 1.368	 3.297	  3.27	 | 1.698 quantile
                      	 2.103	 2.356	 2.863	 2.829	 2.404	 2.098	 2.375	 2.777	 2.444	 2.333	 5.356	  5.25	 | 5.356 max

train losses     20:	0.4216	0.4232	0.4293	0.4002	0.5003	0.4857	0.5034	 0.494	 0.756	0.7398	  1.07	 1.062	
val losses       20:	0.3065	0.3859	0.4225	 0.408	0.3497	 0.345	0.4439	0.4354	0.5145	0.5554	 1.225	 1.191	 | 0.5486 mean
                     	0.8187	 1.008	 1.145	 1.095	0.9427	0.9272	 1.212	 1.264	 1.458	  1.39	 3.301	 3.269	 | 1.691 quantile
                      	 2.041	 2.537	 2.853	 2.866	 2.355	 2.078	 2.335	 2.764	 2.423	 2.535	  5.43	 5.223	 | 5.43 max

train losses     22:	0.4135	 0.419	0.4198	0.3932	0.4901	0.4781	 0.495	0.4882	0.7339	0.7173	 1.066	 1.059	
val losses       22:	0.3006	0.3879	0.4232	0.4086	0.3449	0.3461	0.4404	0.4325	0.5147	0.5611	 1.223	 1.193	 | 0.548 mean
                     	 0.811	 1.021	 1.141	   1.1	0.9278	0.9124	   1.2	 1.252	  1.47	  1.45	 3.303	 3.261	 | 1.697 quantile
                      	 2.143	 2.332	 2.883	 2.813	  2.41	 1.823	 2.273	  2.74	 2.413	 2.398	 5.431	 5.119	 | 5.431 max

train losses     24:	 0.405	0.4118	0.4109	0.3855	0.4774	0.4641	0.4837	 0.479	0.7157	0.7059	 1.029	 1.017	
val losses       24:	0.3022	0.3762	0.4211	0.4084	0.3364	 0.351	0.4347	0.4292	0.5312	 0.565	 1.197	 1.176	 | 0.544 mean
                     	0.8083	0.9831	 1.143	 1.103	0.9168	0.9267	 1.176	 1.245	 1.464	 1.424	 3.214	 3.179	 | 1.673 quantile
                      	 1.968	  2.24	 2.787	 2.805	 2.104	  1.97	 2.287	 2.698	 2.452	 2.445	   5.4	 5.215	 | 5.4 max

train losses     26:	0.3971	0.4044	0.4073	0.3802	0.4665	 0.459	0.4724	0.4692	0.6984	0.6865	0.9838	0.9694	
val losses       26:	0.3005	0.3806	0.4234	0.4065	0.3319	0.3397	0.4295	0.4262	 0.529	0.5597	  1.19	 1.172	 | 0.5408 mean
                     	0.8108	 1.007	  1.13	 1.101	0.8823	0.9013	 1.152	 1.222	 1.467	  1.42	 3.193	 3.143	 | 1.681 quantile
                      	 2.263	 2.154	  2.93	 2.858	 2.111	   1.9	 2.208	 2.652	 2.552	 2.348	 5.393	 5.124	 | 5.393 max

train losses     28:	0.3887	 0.395	0.4006	0.3748	0.4578	0.4492	0.4649	0.4608	0.6883	0.6751	0.9505	0.9362	
val losses       28:	0.2903	0.3745	0.4205	0.4062	0.3304	0.3443	 0.424	0.4211	0.5399	0.5723	 1.175	 1.157	 | 0.538 mean
                     	0.7801	0.9999	  1.14	 1.091	0.8909	 0.897	 1.139	 1.202	 1.466	 1.465	 3.158	 3.109	 | 1.646 quantile
                      	 1.991	 2.205	 2.796	 2.861	  2.04	 1.843	 2.237	 2.593	 2.599	 2.434	  5.14	 5.189	 | 5.189 max

train losses     30:	0.3816	0.3865	0.3953	0.3696	0.4516	0.4424	0.4558	0.4532	0.6818	0.6722	0.9308	0.9182	
val losses       30:	0.2874	0.3765	0.4183	 0.405	 0.328	 0.336	0.4177	0.4157	0.5373	0.5685	 1.177	 1.157	 | 0.5354 mean
                     	0.7741	 1.005	 1.122	 1.098	 0.871	0.8782	 1.127	 1.186	  1.44	 1.451	   3.1	 3.091	 | 1.645 quantile
                      	 2.128	 2.047	  2.79	 2.846	  2.14	 1.857	 2.126	 2.506	 2.704	 2.415	 5.181	 4.915	 | 5.181 max

train losses     32:	0.3768	0.3848	0.3895	0.3656	0.4466	0.4367	0.4497	0.4455	0.6777	0.6714	0.9556	0.9503	
val losses       32:	0.2901	0.3776	 0.417	0.4053	 0.326	0.3377	0.4127	0.4119	0.5395	0.5793	 1.193	 1.176	 | 0.5388 mean
                     	0.7821	 1.001	 1.131	 1.099	0.8719	0.8853	 1.119	 1.178	 1.495	 1.472	 3.122	 3.184	 | 1.661 quantile
                      	 2.003	 2.227	 2.807	 2.845	 1.985	 1.944	 2.085	 2.447	 2.825	 2.489	 5.309	 5.165	 | 5.309 max

train losses     34:	0.3712	0.3812	0.3851	0.3614	0.4395	0.4314	0.4452	0.4408	0.6707	0.6608	0.9963	0.9906	
val losses       34:	0.2863	0.3654	0.4161	0.4057	 0.322	0.3291	0.4105	0.4092	0.5281	0.5625	 1.218	 1.195	 | 0.5373 mean
                     	 0.758	0.9757	 1.121	 1.101	0.8556	0.8461	 1.105	  1.17	 1.457	 1.424	 3.256	 3.221	 | 1.699 quantile
                      	 2.127	 2.132	 2.797	 2.912	 1.955	 1.803	 2.056	 2.362	 2.746	 2.412	 5.394	 5.208	 | 5.394 max

train losses     36:	0.3732	0.3842	 0.384	0.3602	0.4401	0.4334	0.4433	0.4375	0.6719	0.6653	 1.035	 1.025	
val losses       36:	0.2918	0.3658	0.4157	0.4045	 0.321	0.3333	0.4151	0.4091	0.5406	0.5612	  1.25	 1.241	 | 0.5458 mean
                     	0.7866	0.9823	 1.129	 1.098	 0.843	0.8523	 1.129	 1.179	 1.533	 1.422	 3.479	 3.511	 | 1.69 quantile
                      	 2.222	 2.248	 2.693	 2.828	 1.864	 1.754	 2.102	 2.379	  2.77	 2.342	  5.57	  5.57	 | 5.57 max

train losses     38:	0.3773	0.3849	 0.385	0.3579	0.4406	0.4396	0.4393	0.4367	0.6655	0.6566	0.9369	0.9306	
val losses       38:	 0.279	0.3554	0.4149	0.4058	0.3145	0.3222	0.4067	0.4015	0.5409	 0.575	 1.215	 1.199	 | 0.5358 mean
                     	0.7515	0.9574	 1.127	 1.082	0.8032	0.8226	 1.082	 1.133	 1.421	 1.429	 3.345	 3.371	 | 1.661 quantile
                      	 2.086	 1.981	 2.816	 2.863	 1.803	 1.759	 2.028	 2.336	 2.512	 2.262	 4.939	 5.116	 | 5.116 max

train losses     40:	0.3752	0.3821	0.3795	0.3545	0.4331	 0.429	0.4349	0.4296	0.6729	0.6683	0.9306	0.9312	
val losses       40:	0.2908	0.3618	0.4163	0.4041	0.3193	0.3368	0.4091	0.4042	0.6039	 0.617	   1.2	 1.196	 | 0.5466 mean
                     	0.7794	0.9773	 1.129	 1.082	0.8389	0.8603	 1.102	 1.135	 1.594	 1.533	 3.314	 3.416	 | 1.701 quantile
                      	 2.179	 2.206	 2.746	 2.821	 1.856	 1.792	 2.051	 2.227	 3.037	 2.615	 5.219	 5.385	 | 5.385 max

train losses     42:	0.3681	0.3762	 0.378	0.3541	0.4298	0.4262	0.4288	 0.424	0.7596	0.7557	0.8649	0.8609	
val losses       42:	0.2748	0.3503	0.4176	0.4048	0.3052	0.3225	0.4039	0.4013	 0.578	0.6022	 1.152	 1.149	 | 0.5302 mean
                     	0.7417	0.9336	 1.127	 1.086	0.7927	0.8279	 1.081	 1.119	 1.529	 1.498	 3.104	 3.185	 | 1.645 quantile
                      	 1.967	  2.03	 2.739	 2.768	 1.785	 1.641	  2.04	 2.311	 2.821	 2.636	 4.837	 5.078	 | 5.078 max

train losses     44:	0.3685	0.3796	0.3755	 0.352	0.4223	0.4175	0.4262	 0.422	0.7491	0.7513	0.8345	0.8276	
val losses       44:	0.2891	0.3517	0.4183	0.4056	0.3079	0.3205	0.4026	0.3979	0.6655	0.6801	 1.133	  1.13	 | 0.5419 mean
                     	0.7619	0.9584	 1.132	 1.089	0.7851	0.8104	 1.059	 1.115	 1.681	 1.652	 2.991	 3.037	 | 1.685 quantile
                      	 2.162	 1.929	  2.73	 2.817	 1.738	 1.799	 2.149	 2.203	 2.665	 2.852	 4.616	 4.554	 | 4.616 max

train losses     46:	0.3665	0.3755	0.3736	0.3498	0.4233	0.4173	0.4268	0.4179	0.7238	 0.716	0.8083	0.8018	
val losses       46:	0.2893	 0.352	0.4172	0.4038	0.3064	0.3124	0.4019	0.3938	0.6854	0.7069	 1.119	 1.108	 | 0.5414 mean
                     	0.7799	 0.947	 1.134	 1.082	0.7826	0.7934	 1.056	 1.091	 1.708	 1.702	  2.91	 2.939	 | 1.679 quantile
                      	 2.053	 2.077	  2.77	 2.787	 2.127	 1.722	 2.152	 2.241	 2.577	 2.677	 4.293	 4.458	 | 4.458 max

train losses     48:	0.3663	  0.37	0.3682	0.3453	0.4177	0.4102	0.4176	 0.412	 0.674	0.6677	0.7905	0.7836	
val losses       48:	0.2892	0.3499	0.4155	0.4042	0.3087	0.3189	0.3989	0.3938	0.6691	 0.682	 1.116	  1.11	 | 0.5379 mean
                     	0.7589	0.9515	 1.134	 1.082	0.8007	0.8093	 1.056	 1.098	 1.689	 1.666	 2.917	 2.922	 | 1.666 quantile
                      	 2.081	 2.041	 2.664	 2.791	 1.627	 1.657	 2.209	 2.131	 2.565	 2.669	 4.483	 4.762	 | 4.762 max

train losses     50:	 0.352	0.3615	0.3658	0.3428	0.4062	0.4007	0.4119	0.4065	0.6358	  0.63	0.7703	0.7617	
val losses       50:	0.2822	0.3509	0.4147	0.4043	0.2981	 0.308	0.3995	0.3918	0.5651	0.6027	 1.123	 1.114	 | 0.5212 mean
                     	0.7604	0.9418	 1.127	 1.087	0.7662	0.7774	 1.053	 1.096	 1.518	 1.521	 2.944	  2.92	 | 1.641 quantile
                      	 2.069	 1.958	 2.684	 2.761	  1.67	 1.701	 2.031	 2.192	 2.559	 2.483	 4.574	 4.721	 | 4.721 max

train losses     52:	0.3476	0.3564	0.3617	0.3404	0.3974	0.3916	 0.407	0.4004	0.6144	0.6094	0.7492	0.7398	
val losses       52:	0.2811	0.3545	 0.414	0.4023	0.2969	0.3086	0.3918	0.3867	0.5241	0.5672	  1.12	 1.116	 | 0.5136 mean
                     	 0.749	0.9626	 1.121	 1.085	0.7765	0.7946	 1.039	 1.078	 1.446	 1.449	 2.958	 2.954	 | 1.607 quantile
                      	 2.046	 1.877	 2.695	 2.829	 1.637	 1.576	 1.996	 2.091	 2.787	 2.325	 4.654	  4.99	 | 4.99 max

train losses     54:	0.3421	0.3525	0.3599	 0.337	0.3949	0.3887	0.4001	0.3943	0.5943	0.5877	0.7418	0.7349	
val losses       54:	0.2779	0.3579	0.4128	0.4023	0.2948	0.3074	0.3918	0.3859	0.5297	0.5806	 1.126	 1.123	 | 0.5158 mean
                     	0.7472	0.9603	 1.118	 1.093	0.7698	0.7784	 1.045	 1.071	 1.418	 1.459	 2.921	 2.943	 | 1.621 quantile
                      	 1.962	 1.939	 2.707	 2.818	 1.672	 1.643	 1.932	 2.007	 2.898	 2.367	  4.98	 4.879	 | 4.98 max

train losses     56:	0.3423	0.3495	0.3578	0.3355	0.3893	0.3849	0.3965	0.3916	0.5987	0.5899	0.7751	0.7712	
val losses       56:	 0.274	0.3485	0.4123	0.4015	0.2911	0.2971	0.3876	0.3827	0.5341	0.5831	 1.121	 1.119	 | 0.5127 mean
                     	0.7373	0.9407	 1.118	  1.08	 0.747	0.7609	 1.024	 1.064	 1.419	 1.471	 2.913	 2.955	 | 1.587 quantile
                      	 1.868	 1.938	 2.676	 2.817	  1.66	 1.609	 1.953	 1.997	 2.937	 2.389	 4.824	 5.143	 | 5.143 max

train losses     58:	0.3374	0.3431	0.3534	0.3327	0.3823	0.3775	0.3931	0.3865	0.5889	0.5767	0.7554	0.7527	
val losses       58:	0.2757	 0.342	0.4122	 0.402	0.2915	0.2977	0.3841	0.3809	0.5171	0.5687	 1.131	 1.129	 | 0.511 mean
                     	0.7383	0.9193	  1.12	 1.087	0.7482	0.7491	 1.015	 1.041	 1.412	 1.426	  2.95	 2.998	 | 1.605 quantile
                      	 1.847	 1.915	 2.728	 2.821	 1.571	 1.658	 1.933	 2.003	 2.912	 2.245	 4.658	 4.879	 | 4.879 max

train losses     60:	0.3351	0.3422	0.3534	0.3317	0.3792	0.3751	0.3893	0.3826	0.5736	0.5652	0.7012	0.6969	
val losses       60:	0.2742	0.3405	0.4128	0.4023	0.2892	0.2935	 0.385	0.3817	0.5136	0.5604	 1.153	 1.148	 | 0.5128 mean
                     	0.7393	0.9235	 1.121	 1.082	0.7448	0.7501	 1.022	  1.05	 1.447	 1.407	 2.917	 2.995	 | 1.634 quantile
                      	 1.831	 1.868	 2.719	 2.857	 1.543	 1.624	 1.965	 2.011	 2.752	 2.302	 4.547	 4.833	 | 4.833 max

train losses     62:	0.3349	0.3423	0.3509	0.3301	 0.377	0.3715	0.3874	0.3803	0.5724	0.5647	0.7683	0.7633	
val losses       62:	0.2751	0.3435	0.4134	 0.402	0.2879	0.2954	0.3823	0.3793	 0.524	0.5728	 1.176	 1.169	 | 0.5183 mean
                     	0.7354	0.9382	 1.115	 1.083	0.7336	0.7362	 1.012	 1.046	 1.443	 1.439	 2.929	 3.012	 | 1.673 quantile
                      	 1.863	  1.89	 2.712	 2.827	 1.581	 1.625	 2.008	 2.002	  2.88	  2.35	 4.495	 4.647	 | 4.647 max

train losses     64:	0.3319	0.3423	0.3487	0.3281	 0.377	 0.373	0.3863	0.3808	0.5747	0.5674	 0.863	0.8576	
val losses       64:	0.2719	0.3395	0.4129	0.4026	0.2876	0.2917	 0.385	0.3819	0.5078	0.5518	 1.175	 1.169	 | 0.5148 mean
                     	0.7312	0.9223	 1.119	 1.085	0.7394	0.7319	 1.031	 1.041	 1.385	 1.382	 3.075	  3.05	 | 1.607 quantile
                      	 1.842	 1.942	 2.727	 2.857	 1.479	 1.678	 1.984	  2.02	 2.741	 2.208	 4.802	  5.15	 | 5.15 max

train losses     66:	0.3314	0.3369	0.3466	0.3274	0.3726	 0.368	0.3808	0.3766	0.5644	0.5591	0.7489	0.7462	
val losses       66:	0.2729	0.3417	0.4133	0.4023	0.2881	0.2896	 0.381	0.3765	 0.519	0.5712	  1.14	 1.138	 | 0.5111 mean
                     	0.7214	0.9248	 1.112	 1.087	 0.717	0.7297	 1.015	 1.038	 1.375	 1.435	 2.952	 2.997	 | 1.584 quantile
                      	 1.834	  1.89	 2.763	 2.829	 1.557	 1.609	 2.003	 2.115	 2.983	 2.387	 5.071	 5.042	 | 5.071 max

train losses     68:	0.3326	0.3379	0.3472	0.3273	0.3724	0.3676	0.3802	0.3736	0.5631	0.5533	0.7174	0.7155	
val losses       68:	0.2731	0.3446	0.4124	0.4017	0.2798	 0.288	0.3847	0.3778	0.5301	0.5794	 1.129	  1.13	 | 0.5109 mean
                     	0.7348	0.9197	 1.116	 1.076	0.7104	0.7282	 1.016	 1.042	 1.414	 1.437	 2.947	 2.944	 | 1.591 quantile
                      	 1.964	 1.947	 2.694	 2.818	 1.424	 1.549	 1.944	 2.057	 2.991	 2.284	 4.941	 5.182	 | 5.182 max

train losses     70:	0.3267	0.3343	 0.345	0.3244	 0.371	0.3647	0.3768	0.3709	0.5641	0.5546	0.6974	0.6963	
val losses       70:	0.2697	 0.339	0.4121	0.4013	0.2802	0.2834	0.3799	 0.372	0.5221	0.5756	 1.114	 1.117	 | 0.5056 mean
                     	0.7174	0.9152	 1.111	 1.079	0.7059	0.7139	  1.01	 1.023	 1.348	 1.436	 2.932	 2.905	 | 1.586 quantile
                      	  1.85	 1.867	 2.701	 2.798	 1.391	 1.601	 1.856	 1.908	 3.047	 2.166	 4.789	 5.112	 | 5.112 max

train losses     72:	 0.329	0.3342	0.3443	0.3244	0.3681	0.3616	0.3773	0.3722	0.5475	0.5414	0.6965	 0.691	
val losses       72:	0.2752	0.3485	0.4121	0.4015	 0.282	0.2932	0.3826	0.3749	0.5254	 0.577	 1.134	 1.138	 | 0.5121 mean
                     	0.7367	0.9433	 1.109	 1.083	0.7274	0.7396	 1.013	 1.026	 1.383	 1.419	 2.941	 2.948	 | 1.609 quantile
                      	 1.892	 1.956	 2.716	 2.808	 1.481	 1.573	 1.961	 2.003	 3.047	 2.237	 4.945	 4.793	 | 4.945 max

train losses     74:	0.3242	0.3299	0.3416	0.3224	0.3603	 0.356	0.3716	0.3658	0.5461	0.5357	0.6841	0.6798	
val losses       74:	 0.269	0.3334	0.4125	0.4009	0.2764	0.2819	0.3822	0.3745	0.5108	0.5582	 1.113	 1.119	 | 0.5026 mean
                     	0.7199	0.9026	 1.119	 1.077	0.7013	0.7093	 1.008	 1.028	 1.363	 1.382	 2.899	 2.908	 | 1.587 quantile
                      	 1.845	 1.857	 2.725	 2.816	 1.338	 1.534	 1.865	 1.935	 2.997	 2.063	 4.775	 4.852	 | 4.852 max

train losses     76:	0.3229	0.3293	0.3413	0.3221	0.3579	0.3534	0.3696	0.3634	0.5373	0.5333	0.6207	0.6165	
val losses       76:	 0.269	0.3406	0.4127	0.4014	 0.279	0.2892	  0.38	0.3729	0.5201	0.5695	 1.103	 1.108	 | 0.5038 mean
                     	0.7219	 0.936	 1.116	 1.083	0.7133	0.7271	 1.001	 1.021	  1.41	 1.409	 2.917	 2.906	 | 1.577 quantile
                      	  1.81	 1.916	 2.706	 2.787	 1.443	  1.52	 1.854	 1.955	 2.926	 2.111	 4.507	 4.675	 | 4.675 max

train losses     78:	0.3224	0.3283	 0.339	0.3209	0.3565	0.3506	0.3655	0.3602	0.5467	0.5453	0.5936	0.5919	
val losses       78:	 0.269	0.3388	0.4121	 0.401	0.2764	0.2873	0.3778	 0.372	0.5264	0.5705	 1.086	 1.091	 | 0.5007 mean
                     	0.7191	 0.926	 1.108	  1.08	 0.703	0.7299	0.9868	 1.019	 1.415	 1.422	 2.839	 2.852	 | 1.558 quantile
                      	 1.871	 1.906	 2.726	 2.773	 1.408	 1.465	 1.871	 1.945	 2.871	 2.225	 4.606	 4.917	 | 4.917 max

train losses     80:	 0.319	0.3257	0.3382	0.3193	0.3563	0.3543	0.3628	0.3571	0.5647	0.5632	0.5809	0.5777	
val losses       80:	0.2707	0.3359	0.4121	0.4009	0.2796	0.2893	0.3795	 0.374	0.5379	0.5765	  1.09	 1.096	 | 0.5035 mean
                     	0.7229	0.9145	 1.107	  1.08	0.7197	0.7261	0.9918	 1.021	 1.448	 1.438	 2.863	 2.865	 | 1.566 quantile
                      	 1.815	 1.877	 2.713	 2.763	 1.374	 1.562	 1.831	 1.894	 2.971	 2.302	 4.625	  4.89	 | 4.89 max

train losses     82:	0.3185	 0.326	0.3364	0.3186	0.3578	0.3551	0.3614	0.3575	 0.599	0.5955	0.5851	0.5844	
val losses       82:	0.2704	0.3362	0.4129	 0.401	0.2784	0.2886	0.3793	0.3728	0.5688	0.6044	 1.095	 1.101	 | 0.509 mean
                     	0.7234	0.9132	  1.11	 1.077	0.7037	0.7265	0.9932	 1.011	 1.523	 1.504	 2.869	 2.871	 | 1.6 quantile
                      	 1.858	 1.846	 2.708	 2.739	 1.488	 1.601	 1.954	 2.006	 2.853	 2.453	 4.683	 4.846	 | 4.846 max

train losses     84:	0.3199	0.3264	0.3368	0.3188	0.3595	0.3563	 0.364	0.3585	 0.623	 0.617	0.5973	0.5956	
val losses       84:	0.2732	 0.338	0.4129	0.4013	0.2705	0.2762	0.3811	0.3736	0.5789	 0.609	 1.086	 1.092	 | 0.5077 mean
                     	0.7239	0.9196	 1.117	 1.074	 0.689	 0.702	 1.009	 1.026	 1.525	 1.514	 2.859	 2.864	 | 1.586 quantile
                      	 1.905	 2.007	 2.676	 2.722	 1.503	 1.512	 1.917	 1.918	 2.978	 2.482	 4.847	 4.751	 | 4.847 max

train losses     86:	0.3317	0.3387	0.3376	0.3203	0.3882	0.3878	0.3688	 0.365	0.7633	0.7676	0.6147	0.6137	
val losses       86:	0.2929	0.3659	 0.413	0.4025	0.2946	0.3163	0.3856	0.3785	0.6931	0.7071	 1.112	 1.119	 | 0.5401 mean
                     	0.7748	0.9615	 1.115	 1.089	0.7464	0.7978	  1.02	 1.032	 1.708	 1.686	 2.882	 2.909	 | 1.671 quantile
                      	  1.83	 2.008	 2.727	 2.738	 1.518	 1.584	 1.945	 2.051	 3.402	 2.977	 4.832	 4.932	 | 4.932 max

train losses     88:	0.3582	0.3719	0.3452	0.3264	0.4426	0.4497	0.3937	0.3897	 1.089	 1.094	0.6569	0.6552	
val losses       88:	0.3259	0.3713	0.4165	0.4035	0.3598	0.3855	0.4003	0.3915	0.9218	0.8933	 1.179	 1.168	 | 0.6013 mean
                     	0.8355	 1.019	 1.123	 1.086	0.9138	 0.977	 1.071	 1.086	 2.182	 2.082	 3.111	 3.114	 | 1.892 quantile
                      	 2.238	 2.228	 2.727	 2.754	 1.971	 1.804	 2.119	 2.099	 3.519	 3.799	 4.807	 4.872	 | 4.872 max

train losses     90:	0.4208	 0.471	 0.353	0.3333	0.5268	0.5716	0.4937	0.4822	0.9659	0.9655	  1.09	 1.069	
val losses       90:	0.3453	0.4297	0.4204	0.4088	0.3719	0.4075	0.4325	0.4159	 0.971	 0.949	 1.274	 1.267	 | 0.6411 mean
                     	0.9252	 1.168	 1.129	   1.1	 1.008	 1.086	  1.19	 1.176	 2.593	 2.429	 3.327	 3.427	 | 2.005 quantile
                      	 2.521	 2.489	 2.931	 2.846	  2.22	 2.228	 2.396	 2.562	 4.016	 4.934	 5.308	 5.475	 | 5.475 max

train losses     92:	0.4242	0.4331	0.3431	0.3281	0.5026	0.5326	0.4433	 0.439	0.8907	 0.891	0.9901	0.9897	
val losses       92:	0.4189	0.4785	  0.42	 0.409	0.4155	  0.44	0.4267	0.4162	0.7859	0.8322	 1.259	 1.249	 | 0.6292 mean
                     	 1.043	 1.208	 1.122	 1.105	 1.057	 1.137	 1.157	 1.173	 2.084	 1.962	 3.374	  3.35	 | 1.898 quantile
                      	 3.208	 3.608	 2.941	 2.869	 2.261	 2.333	 2.327	 2.445	 3.132	 3.994	  5.82	 6.028	 | 6.028 max

train losses     94:	0.4369	0.4412	 0.348	0.3286	0.4771	0.4892	0.4391	0.4317	0.7542	0.7721	0.9394	0.9276	
val losses       94:	0.3414	0.3818	0.4172	0.4046	0.3099	0.3353	0.4115	0.4016	0.5568	0.6089	 1.242	 1.248	 | 0.5549 mean
                     	0.8738	0.9872	 1.106	  1.09	 0.807	0.8672	  1.09	   1.1	 1.457	 1.491	 3.338	 3.321	 | 1.701 quantile
                      	 2.262	 2.586	 2.842	 2.822	 1.751	 2.012	 2.234	 2.285	 2.799	 2.911	 5.486	   5.8	 | 5.8 max

train losses     96:	0.3848	0.3972	0.3446	0.3243	0.4475	0.4577	0.4141	0.4098	0.7035	  0.69	0.8141	 0.809	
val losses       96:	0.2976	0.3765	0.4174	0.4049	0.3133	0.3482	0.4084	0.3948	0.5427	0.5938	 1.143	 1.138	 | 0.5315 mean
                     	0.7692	 1.041	 1.121	 1.091	0.8089	0.8979	 1.083	 1.094	 1.367	 1.432	 3.102	 3.102	 | 1.591 quantile
                      	   2.1	 2.265	 2.791	 2.811	 1.718	 2.062	 2.324	 2.367	 2.577	 2.517	 5.403	 5.517	 | 5.517 max

train losses     98:	 0.369	0.3758	0.3424	 0.323	0.4196	0.4247	0.4051	0.3999	0.6443	 0.637	0.7503	0.7423	
val losses       98:	0.2954	0.3895	0.4141	0.4019	0.2969	0.3167	0.3982	0.3882	 0.534	0.5898	 1.118	  1.12	 | 0.5219 mean
                     	0.7819	 1.058	 1.112	 1.091	 0.736	0.8225	 1.061	 1.061	 1.359	  1.42	 2.965	 2.927	 | 1.564 quantile
                      	 2.098	 2.156	 2.767	 2.805	  1.55	 1.639	 2.244	   2.3	 2.874	 2.245	 5.272	 5.308	 | 5.308 max

train losses    100:	0.3485	0.3623	0.3391	0.3204	0.4014	0.4039	0.3924	0.3891	0.6094	0.6026	 0.674	0.6729	
val losses      100:	0.3012	0.3925	0.4144	0.4024	0.2894	0.3134	0.3972	0.3886	 0.536	 0.588	 1.104	 1.106	 | 0.5194 mean
                     	0.7884	 1.051	 1.118	 1.092	0.7506	0.8189	 1.043	 1.046	 1.347	 1.423	 2.842	 2.803	 | 1.599 quantile
                      	 2.132	 2.237	 2.843	 2.859	 1.731	 1.553	 2.015	 2.064	 2.838	 2.331	 4.652	 4.676	 | 4.676 max

train losses    102:	 0.337	0.3458	0.3371	0.3185	0.3855	0.3869	0.3846	0.3807	0.5835	0.5733	0.6388	0.6339	
val losses      102:	0.2859	0.3703	0.4135	0.4022	0.2854	0.3036	0.3936	 0.385	 0.522	0.5746	  1.09	 1.092	 | 0.5098 mean
                     	0.7491	 1.003	 1.112	 1.091	0.7174	0.7755	 1.043	 1.051	 1.349	 1.397	 2.839	 2.798	 | 1.554 quantile
                      	 1.974	 2.005	 2.782	 2.801	 1.651	 1.723	 2.002	 2.027	 2.928	 2.239	 4.839	 4.806	 | 4.839 max

train losses    104:	0.3324	0.3363	 0.334	0.3169	 0.375	0.3771	0.3776	0.3729	0.5655	0.5551	0.6073	0.6008	
val losses      104:	0.2883	0.3658	0.4129	 0.402	0.2903	0.3089	0.3923	0.3834	 0.516	0.5686	   1.1	 1.104	 | 0.511 mean
                     	0.7522	 0.979	 1.112	 1.091	0.7326	0.7849	 1.069	 1.066	 1.381	 1.398	 2.833	 2.831	 | 1.561 quantile
                      	 1.912	 1.966	 2.779	 2.798	 1.492	 1.714	 2.027	 2.047	 3.029	 2.259	 5.158	  4.98	 | 5.158 max

train losses    106:	0.3254	0.3288	0.3327	 0.316	 0.368	0.3679	 0.372	0.3679	0.5503	0.5392	0.5838	0.5812	
val losses      106:	0.2839	0.3512	0.4119	0.4014	0.2838	0.2977	0.3878	0.3798	0.5001	0.5504	   1.1	 1.105	 | 0.5045 mean
                     	0.7413	0.9423	 1.114	 1.083	0.7244	0.7446	 1.042	 1.056	 1.354	 1.369	 2.822	  2.83	 | 1.562 quantile
                      	 1.899	 1.909	 2.769	 2.796	 1.629	 1.566	 1.948	 1.922	 2.885	 2.133	 5.004	  4.88	 | 5.004 max

train losses    108:	0.3198	0.3246	0.3314	 0.315	0.3625	0.3632	0.3648	0.3616	0.5399	 0.531	0.5655	 0.563	
val losses      108:	0.2803	 0.345	 0.412	0.4014	0.2818	0.2917	0.3842	0.3769	0.4965	0.5465	 1.098	 1.103	 | 0.5014 mean
                     	0.7347	0.9314	 1.104	  1.08	 0.726	0.7272	 1.022	 1.034	 1.327	 1.366	 2.811	 2.832	 | 1.542 quantile
                      	 1.872	 1.916	 2.743	 2.772	 1.648	 1.499	 1.895	 1.923	   2.9	 2.195	 4.829	 4.807	 | 4.829 max

train losses    110:	0.3157	  0.32	0.3296	0.3133	0.3574	0.3575	0.3602	0.3569	0.5306	0.5204	0.5561	0.5524	
val losses      110:	0.2775	0.3408	0.4119	0.4014	  0.28	0.2893	0.3798	0.3739	0.4994	0.5483	 1.099	 1.105	 | 0.5005 mean
                     	0.7361	0.9193	 1.101	 1.078	0.7187	0.7215	 1.011	 1.028	 1.327	 1.363	 2.807	 2.831	 | 1.546 quantile
                      	 1.841	 1.891	 2.736	 2.776	 1.655	   1.5	  1.88	 1.877	 3.029	 2.189	 4.769	 4.912	 | 4.912 max

train losses    112:	0.3123	0.3189	0.3286	0.3129	0.3537	0.3525	0.3557	0.3524	0.5216	 0.513	0.5467	0.5436	
val losses      112:	0.2767	0.3444	0.4115	0.4009	0.2776	 0.287	 0.377	0.3701	0.5008	0.5526	 1.096	 1.103	 | 0.4997 mean
                     	0.7293	0.9331	 1.105	  1.08	0.7149	0.7243	 1.005	 1.013	 1.333	 1.369	 2.854	 2.857	 | 1.547 quantile
                      	  1.87	 1.868	 2.722	 2.769	 1.671	 1.486	 1.863	 1.851	 2.984	 2.233	  4.81	 4.918	 | 4.918 max

train losses    114:	0.3102	0.3171	0.3282	0.3122	0.3481	0.3481	 0.352	0.3496	0.5143	0.5088	0.5352	0.5338	
val losses      114:	0.2742	 0.339	0.4118	 0.401	0.2769	0.2836	0.3781	0.3705	0.5003	0.5486	 1.098	 1.106	 | 0.499 mean
                     	0.7253	0.9211	 1.102	 1.077	0.7054	0.7106	 1.006	 1.004	 1.316	  1.36	 2.833	 2.849	 | 1.554 quantile
                      	 1.893	 1.919	 2.716	 2.757	  1.68	 1.446	 1.834	 1.824	 3.099	 2.242	 4.776	 4.957	 | 4.957 max

train losses    116:	0.3104	0.3141	0.3267	0.3115	0.3458	0.3456	0.3492	0.3469	0.5104	0.5026	0.5298	0.5272	
val losses      116:	0.2733	0.3399	0.4114	0.4007	0.2765	0.2828	 0.375	0.3682	0.5014	0.5507	 1.099	 1.108	 | 0.4989 mean
                     	0.7235	0.9264	 1.106	 1.082	0.6999	0.7065	0.9893	   1.0	 1.322	 1.357	 2.836	  2.86	 | 1.546 quantile
                      	 1.941	 1.883	 2.715	 2.757	 1.711	 1.446	 1.824	  1.78	 2.953	 2.198	 4.734	 4.995	 | 4.995 max

train losses    118:	0.3081	0.3128	0.3257	0.3111	 0.342	0.3412	0.3464	0.3439	0.5061	0.4981	0.5224	0.5194	
val losses      118:	0.2728	0.3376	 0.411	0.4003	0.2739	0.2812	0.3739	0.3674	0.5041	0.5529	 1.096	 1.104	 | 0.4979 mean
                     	0.7221	0.9214	 1.105	  1.08	 0.696	0.7085	0.9849	0.9962	 1.325	 1.358	  2.84	  2.86	 | 1.534 quantile
                      	 1.831	 1.842	  2.71	 2.756	 1.718	 1.432	 1.819	 1.813	 3.101	 2.266	 4.798	 4.944	 | 4.944 max

train losses    120:	0.3074	0.3125	0.3258	0.3105	0.3406	0.3385	0.3431	0.3408	0.5015	0.4936	0.5181	0.5163	
val losses      120:	0.2714	0.3383	0.4112	0.4006	0.2731	0.2791	0.3735	0.3663	0.5053	0.5545	 1.092	 1.101	 | 0.4972 mean
                     	0.7177	0.9149	 1.106	  1.08	0.6882	0.7019	0.9802	 0.991	 1.318	 1.352	 2.818	 2.842	 | 1.536 quantile
                      	 1.938	 1.834	 2.704	 2.746	 1.665	 1.437	 1.811	 1.786	 3.022	 2.201	 4.769	 4.974	 | 4.974 max

train losses    122:	0.3046	 0.311	0.3245	0.3099	0.3398	0.3389	0.3429	  0.34	0.4987	0.4896	0.5156	0.5122	
val losses      122:	0.2734	0.3369	0.4114	0.4006	0.2731	0.2786	0.3744	0.3678	0.5062	0.5546	 1.098	 1.107	 | 0.4985 mean
                     	0.7223	0.9161	 1.105	 1.074	0.6917	0.6963	0.9843	0.9972	 1.324	 1.358	 2.828	  2.87	 | 1.539 quantile
                      	 1.914	 1.878	 2.696	 2.737	 1.699	 1.451	 1.807	 1.782	 3.155	 2.209	 4.919	 5.081	 | 5.081 max

train losses    124:	0.3045	0.3104	0.3243	0.3104	 0.336	0.3358	0.3432	0.3394	0.4941	0.4867	0.5105	0.5087	
val losses      124:	0.2714	0.3398	0.4113	0.4005	0.2716	 0.279	0.3725	0.3657	0.5068	0.5568	 1.093	 1.103	 | 0.4976 mean
                     	0.7164	0.9257	  1.11	 1.074	0.6817	0.6899	0.9759	0.9927	  1.32	 1.354	 2.825	 2.855	 | 1.531 quantile
                      	  1.92	 1.882	 2.702	 2.739	 1.596	 1.443	 1.848	 1.841	  3.05	 2.247	 4.803	 4.955	 | 4.955 max

train losses    126:	0.3034	0.3091	0.3234	 0.309	0.3355	0.3342	0.3393	0.3367	0.4899	0.4851	 0.502	0.5003	
val losses      126:	0.2717	0.3383	 0.411	0.4002	0.2705	0.2767	0.3732	0.3659	 0.505	0.5558	 1.095	 1.104	 | 0.4973 mean
                     	0.7243	0.9228	 1.107	 1.077	0.6842	0.6918	0.9777	0.9867	 1.332	 1.363	 2.825	 2.857	 | 1.53 quantile
                      	 1.836	 1.965	 2.728	 2.756	 1.584	 1.439	 1.797	 1.766	 3.009	 2.284	 4.961	 5.041	 | 5.041 max

train losses    128:	0.3007	0.3062	0.3234	 0.309	0.3338	0.3329	0.3381	0.3343	0.4874	0.4799	 0.499	0.4963	
val losses      128:	0.2687	0.3347	0.4109	0.3999	 0.268	0.2737	0.3722	0.3649	0.5023	0.5536	 1.092	 1.102	 | 0.4952 mean
                     	0.7173	0.9197	 1.106	 1.074	0.6687	0.6769	0.9689	0.9822	 1.308	 1.355	 2.811	 2.852	 | 1.528 quantile
                      	 1.816	 1.972	 2.716	 2.748	 1.468	 1.406	 1.817	 1.799	 3.053	 2.265	 4.754	 5.003	 | 5.003 max

train losses    130:	0.3024	0.3064	0.3218	0.3077	 0.331	0.3304	0.3359	0.3329	0.4863	0.4792	0.4965	0.4942	
val losses      130:	0.2692	0.3367	0.4113	0.3999	0.2662	0.2721	0.3718	0.3639	0.5046	0.5584	 1.089	 1.099	 | 0.4952 mean
                     	0.7151	0.9197	 1.101	 1.075	0.6706	0.6785	0.9724	0.9856	 1.314	 1.379	 2.821	 2.844	 | 1.521 quantile
                      	 1.809	 2.006	   2.7	 2.729	 1.451	 1.372	 1.787	 1.783	 3.119	 2.231	  4.81	 4.896	 | 4.896 max

train losses    132:	0.3005	0.3063	 0.321	0.3073	  0.33	0.3291	0.3347	0.3315	0.4821	0.4747	0.4947	0.4923	
val losses      132:	0.2691	 0.338	0.4111	0.3997	0.2666	0.2739	0.3702	0.3633	0.5049	0.5586	 1.092	 1.102	 | 0.4958 mean
                     	 0.714	 0.928	 1.101	 1.074	0.6663	0.6842	0.9676	 0.982	 1.342	 1.379	 2.815	 2.857	 | 1.535 quantile
                      	 1.853	 2.004	 2.715	 2.738	  1.45	 1.432	 1.811	 1.793	 3.053	 2.231	 4.766	 4.886	 | 4.886 max

train losses    134:	0.2992	0.3039	 0.321	0.3074	0.3267	0.3272	0.3316	0.3285	0.4809	0.4734	0.4867	0.4847	
val losses      134:	0.2685	0.3371	0.4111	0.3997	0.2665	0.2723	0.3707	0.3636	0.5087	0.5621	 1.093	 1.103	 | 0.4963 mean
                     	0.7207	0.9186	 1.106	 1.076	0.6714	0.6747	0.9677	0.9784	 1.327	 1.388	 2.816	 2.843	 | 1.533 quantile
                      	 1.828	  1.89	 2.723	 2.738	 1.439	 1.397	  1.81	 1.828	 3.099	 2.292	 4.829	 5.016	 | 5.016 max

train losses    136:	0.3009	0.3053	0.3205	0.3077	0.3285	0.3265	0.3306	0.3286	0.4784	  0.47	0.4869	0.4838	
val losses      136:	0.2685	0.3314	 0.411	0.3995	0.2658	0.2691	0.3726	0.3658	 0.504	0.5553	  1.09	 1.101	 | 0.4945 mean
                     	0.7126	0.9037	 1.105	 1.074	0.6669	0.6695	0.9696	0.9827	 1.329	 1.367	  2.82	 2.834	 | 1.527 quantile
                      	 1.851	 1.926	  2.68	 2.707	 1.374	 1.358	 1.814	 1.812	 2.951	   2.3	 4.774	 4.876	 | 4.876 max

train losses    138:	0.2981	0.3029	0.3198	0.3067	0.3245	0.3259	0.3296	0.3262	0.4746	0.4703	0.4851	0.4824	
val losses      138:	0.2685	0.3317	0.4109	0.3993	0.2636	0.2687	0.3723	0.3651	0.5064	0.5585	 1.089	   1.1	 | 0.4946 mean
                     	0.7172	0.9045	 1.103	 1.074	0.6645	0.6647	0.9782	0.9856	 1.339	 1.388	 2.823	 2.844	 | 1.528 quantile
                      	 1.866	 2.055	 2.682	 2.708	 1.363	 1.419	 1.793	 1.776	 3.026	 2.302	 4.775	 4.896	 | 4.896 max

train losses    140:	0.2978	0.3024	0.3198	0.3067	0.3248	0.3244	0.3285	0.3255	 0.473	0.4655	0.4827	0.4798	
val losses      140:	0.2681	0.3363	0.4109	0.3995	0.2615	0.2691	0.3697	0.3617	0.5111	 0.563	 1.086	 1.097	 | 0.4945 mean
                     	0.7094	 0.917	 1.103	 1.073	0.6584	0.6698	0.9703	0.9695	  1.33	   1.4	 2.816	 2.837	 | 1.519 quantile
                      	 1.906	 1.987	 2.698	 2.721	 1.477	 1.438	 1.868	 1.836	 3.152	 2.321	 4.754	 4.943	 | 4.943 max

train losses    142:	0.2973	0.3016	0.3197	0.3065	0.3235	0.3244	 0.328	0.3255	 0.472	0.4657	0.4766	0.4751	
val losses      142:	0.2681	0.3362	0.4108	0.3994	0.2622	0.2682	0.3707	0.3642	 0.514	0.5651	 1.086	 1.096	 | 0.4951 mean
                     	0.7138	0.9201	 1.102	 1.072	0.6651	0.6635	 0.972	0.9769	 1.334	 1.401	 2.828	 2.839	 | 1.521 quantile
                      	 1.878	 2.049	 2.706	 2.731	 1.416	 1.396	 1.868	  1.85	 3.125	 2.313	 4.699	 4.888	 | 4.888 max

train losses    144:	0.2979	0.2997	0.3192	0.3061	0.3228	0.3231	0.3266	0.3234	0.4687	0.4614	0.4756	0.4745	
val losses      144:	0.2679	0.3326	0.4107	 0.399	0.2611	0.2674	0.3697	0.3632	0.5089	0.5595	 1.088	 1.097	 | 0.4937 mean
                     	0.7075	0.9101	 1.102	 1.072	0.6465	0.6686	0.9713	0.9664	 1.329	  1.39	 2.838	  2.86	 | 1.526 quantile
                      	 1.925	 2.023	 2.686	 2.707	 1.398	 1.397	 1.812	 1.801	  3.05	 2.295	 4.666	 4.857	 | 4.857 max

train losses    146:	0.2962	0.3013	0.3178	0.3053	0.3199	0.3193	0.3232	0.3219	0.4691	 0.462	0.4731	0.4698	
val losses      146:	 0.267	0.3357	0.4106	0.3988	0.2612	0.2673	0.3701	0.3629	0.5091	0.5616	 1.088	 1.098	 | 0.4942 mean
                     	0.7051	0.9137	   1.1	 1.075	0.6488	0.6582	0.9669	0.9731	 1.322	 1.388	 2.858	 2.856	 | 1.524 quantile
                      	 1.913	 2.001	 2.711	 2.715	 1.506	 1.419	 1.819	 1.797	 3.036	 2.352	  4.88	 4.992	 | 4.992 max

train losses    148:	0.2974	0.3002	0.3182	0.3057	0.3194	0.3204	0.3213	0.3193	0.4662	0.4575	0.4718	0.4708	
val losses      148:	0.2679	0.3354	0.4108	0.3989	0.2616	0.2679	0.3722	0.3652	0.5107	0.5644	 1.089	 1.099	 | 0.4953 mean
                     	0.7128	0.9169	   1.1	  1.07	0.6521	0.6615	0.9736	0.9773	  1.36	 1.403	 2.849	  2.86	 | 1.536 quantile
                      	 1.926	 1.969	 2.684	 2.694	 1.432	 1.426	 1.809	 1.828	 2.975	 2.287	 4.664	 4.804	 | 4.804 max

train losses    150:	0.2958	0.2992	0.3174	0.3049	0.3204	0.3201	0.3224	0.3198	0.4638	0.4592	0.4682	0.4653	
val losses      150:	0.2662	 0.334	 0.411	0.3991	0.2605	 0.267	0.3703	0.3633	0.5054	0.5588	 1.088	 1.098	 | 0.4934 mean
                     	0.7007	0.9138	 1.099	 1.075	0.6596	0.6686	 0.972	0.9632	 1.327	 1.385	 2.838	 2.837	 | 1.534 quantile
                      	 1.905	 2.081	 2.701	 2.709	  1.38	 1.366	 1.836	 1.829	 3.052	  2.24	 4.693	 4.889	 | 4.889 max

train losses    152:	0.2955	0.2979	0.3169	0.3048	0.3168	0.3169	0.3201	0.3193	0.4618	0.4526	 0.466	0.4655	
val losses      152:	0.2654	0.3335	 0.411	0.3992	0.2606	0.2633	0.3717	0.3642	0.5062	0.5595	 1.088	 1.099	 | 0.4935 mean
                     	0.6941	0.9094	   1.1	 1.074	0.6441	0.6482	0.9777	0.9723	 1.333	 1.378	 2.815	 2.825	 | 1.526 quantile
                      	 1.969	 1.976	 2.692	 2.708	 1.418	  1.38	 1.821	 1.816	 3.053	 2.255	 4.793	 4.929	 | 4.929 max

train losses    154:	0.2937	0.2976	0.3164	0.3042	0.3155	 0.319	0.3198	0.3177	0.4629	0.4576	0.4673	0.4655	
val losses      154:	0.2663	0.3359	0.4109	0.3989	0.2584	0.2632	0.3704	0.3636	0.5109	0.5662	 1.082	 1.091	 | 0.4932 mean
                     	0.7048	0.9123	   1.1	 1.072	 0.648	0.6592	0.9669	0.9642	 1.338	 1.392	 2.806	 2.837	 | 1.523 quantile
                      	 1.884	  1.91	 2.711	 2.719	 1.413	 1.382	 1.876	 1.861	 3.062	 2.263	 4.574	 4.742	 | 4.742 max

train losses    156:	0.2942	0.2995	0.3157	0.3041	 0.316	0.3175	0.3181	0.3157	0.4585	0.4543	0.4617	 0.458	
val losses      156:	0.2673	0.3345	0.4109	0.3986	0.2579	0.2651	0.3706	0.3638	0.5091	0.5633	 1.085	 1.094	 | 0.4934 mean
                     	0.7083	0.9073	 1.103	 1.072	0.6506	0.6651	0.9671	0.9758	  1.35	 1.398	 2.777	 2.834	 | 1.521 quantile
                      	 1.871	 1.883	 2.703	 2.702	 1.346	 1.357	 1.909	 1.906	 3.043	 2.268	 4.833	 5.015	 | 5.015 max

train losses    158:	0.2925	0.2955	0.3153	0.3035	0.3149	0.3171	0.3166	0.3147	0.4586	0.4532	0.4591	 0.456	
val losses      158:	0.2641	0.3314	0.4108	0.3988	 0.257	0.2622	0.3692	0.3625	0.5056	0.5587	  1.08	 1.089	 | 0.4908 mean
                     	0.6955	0.9047	 1.101	 1.079	0.6405	0.6471	0.9638	0.9662	 1.325	 1.377	  2.78	 2.833	 | 1.521 quantile
                      	 1.783	 1.967	  2.72	 2.715	 1.396	 1.347	   1.9	 1.893	 3.104	  2.26	 4.719	 4.866	 | 4.866 max

train losses    160:	0.2927	0.2962	0.3148	0.3028	0.3147	0.3148	0.3178	0.3155	0.4557	0.4499	0.4604	0.4568	
val losses      160:	0.2645	0.3317	0.4107	0.3984	 0.258	0.2651	0.3694	0.3631	0.5067	0.5601	 1.078	 1.087	 | 0.491 mean
                     	0.7019	0.8992	 1.102	 1.071	0.6392	0.6578	0.9633	0.9685	 1.335	 1.386	 2.794	 2.816	 | 1.514 quantile
                      	  1.86	 1.993	 2.712	 2.709	 1.351	 1.364	 1.891	 1.888	 3.092	 2.254	 4.816	 4.954	 | 4.954 max

train losses    162:	0.2925	0.2959	0.3143	0.3023	0.3135	 0.315	0.3147	0.3115	0.4552	0.4489	0.4584	0.4545	
val losses      162:	0.2661	0.3322	0.4107	0.3985	0.2576	0.2637	0.3699	0.3648	0.5062	0.5603	 1.085	 1.095	 | 0.4925 mean
                     	0.7132	0.9013	 1.098	 1.074	 0.647	0.6552	0.9721	0.9691	 1.345	 1.384	 2.825	 2.842	 | 1.524 quantile
                      	 1.902	 2.002	 2.676	 2.684	 1.411	 1.374	 1.844	 1.853	 2.954	 2.226	 4.873	 5.026	 | 5.026 max

train losses    164:	0.2926	0.2943	0.3146	0.3028	0.3128	0.3146	0.3138	0.3117	0.4536	0.4479	0.4592	0.4551	
val losses      164:	0.2642	0.3265	0.4104	0.3982	0.2556	0.2571	 0.369	0.3629	0.5045	0.5573	 1.074	 1.085	 | 0.4886 mean
                     	0.7042	0.8932	 1.094	 1.071	0.6299	0.6357	0.9631	0.9609	 1.346	 1.374	 2.802	 2.813	 | 1.514 quantile
                      	 1.837	 2.018	 2.698	 2.697	 1.406	 1.384	 1.869	 1.848	 3.011	  2.24	  4.81	 4.959	 | 4.959 max

train losses    166:	0.2905	0.2951	0.3144	0.3024	0.3126	0.3128	 0.312	0.3103	0.4518	0.4473	0.4536	0.4509	
val losses      166:	0.2658	0.3305	0.4108	0.3983	0.2559	0.2591	0.3692	0.3629	0.5079	0.5608	 1.074	 1.084	 | 0.4899 mean
                     	0.6983	0.9017	   1.1	 1.068	0.6355	0.6465	0.9684	0.9658	 1.336	 1.388	 2.792	 2.794	 | 1.515 quantile
                      	  1.86	 1.979	 2.687	 2.688	 1.334	 1.365	 1.813	 1.833	 3.049	 2.248	 4.786	 4.928	 | 4.928 max

train losses    168:	0.2896	0.2935	 0.314	0.3023	0.3109	0.3125	0.3104	0.3089	0.4506	0.4483	0.4516	0.4492	
val losses      168:	 0.266	0.3289	 0.411	0.3986	0.2547	0.2591	0.3697	0.3636	0.5072	0.5593	 1.078	 1.087	 | 0.4902 mean
                     	0.7046	0.8959	 1.101	  1.07	0.6341	 0.645	0.9651	0.9631	  1.35	 1.388	 2.794	 2.806	 | 1.514 quantile
                      	 1.846	 1.921	 2.684	  2.68	 1.352	 1.337	 1.791	 1.801	 2.933	 2.222	  4.67	 4.833	 | 4.833 max

train losses    170:	0.2908	0.2931	 0.313	0.3017	0.3102	0.3116	0.3113	0.3093	0.4498	0.4475	0.4485	0.4466	
val losses      170:	 0.265	0.3303	0.4108	0.3981	0.2532	0.2576	0.3678	0.3613	0.5082	0.5619	 1.081	 1.092	 | 0.4906 mean
                     	0.6961	0.9034	 1.101	 1.067	0.6318	0.6357	0.9596	0.9607	 1.346	 1.399	 2.787	 2.817	 | 1.514 quantile
                      	 1.825	 1.926	 2.685	 2.681	 1.454	 1.362	 1.768	  1.81	 3.088	 2.209	 4.681	 4.831	 | 4.831 max

train losses    172:	0.2897	 0.293	0.3131	0.3016	0.3095	0.3091	0.3094	 0.308	0.4505	0.4461	0.4527	0.4514	
val losses      172:	0.2648	0.3315	0.4107	 0.398	0.2544	 0.261	0.3683	0.3609	0.5126	0.5658	 1.082	 1.092	 | 0.4919 mean
                     	 0.696	0.9083	   1.1	 1.074	0.6351	 0.652	0.9633	0.9619	 1.343	 1.415	 2.762	 2.823	 | 1.525 quantile
                      	 1.819	  1.85	 2.675	 2.675	 1.374	 1.382	 1.847	 1.862	 3.124	 2.303	 4.837	 4.976	 | 4.976 max

train losses    174:	 0.289	0.2923	0.3133	0.3015	0.3091	0.3085	0.3084	0.3052	0.4462	0.4441	 0.466	0.4634	
val losses      174:	0.2655	0.3279	0.4106	0.3978	0.2512	0.2561	0.3659	0.3591	0.5095	0.5629	 1.081	 1.089	 | 0.4897 mean
                     	0.7009	0.8947	 1.096	 1.074	0.6255	0.6421	0.9526	0.9501	 1.318	 1.399	 2.752	 2.785	 | 1.51 quantile
                      	 1.879	 1.941	 2.703	 2.698	  1.37	 1.337	 1.821	 1.825	 3.045	 2.193	 4.822	 4.955	 | 4.955 max

train losses    176:	0.2908	0.2904	0.3127	0.3016	0.3105	0.3086	0.3082	0.3068	0.4508	0.4439	0.4748	0.4723	
val losses      176:	0.2677	0.3383	0.4113	0.3987	0.2547	0.2605	 0.367	  0.36	0.5182	0.5765	 1.094	   1.1	 | 0.4956 mean
                     	0.7097	0.9186	 1.095	 1.073	0.6392	0.6599	0.9628	0.9684	 1.353	 1.422	 2.853	 2.853	 | 1.529 quantile
                      	 1.877	 1.898	 2.703	 2.692	 1.388	 1.394	 1.865	 1.903	 3.185	 2.284	 4.975	 5.125	 | 5.125 max

train losses    178:	0.2899	0.2907	0.3124	0.3011	0.3101	0.3098	0.3064	0.3053	0.4492	0.4428	0.4727	0.4706	
val losses      178:	0.2625	0.3299	0.4107	 0.398	0.2511	0.2536	0.3663	  0.36	0.5059	0.5598	 1.089	 1.097	 | 0.4903 mean
                     	0.6933	0.8991	 1.098	 1.071	0.6216	0.6284	0.9586	0.9615	 1.313	 1.379	 2.802	 2.825	 | 1.517 quantile
                      	 1.853	 1.897	 2.684	 2.676	  1.36	 1.352	 1.842	 1.869	 3.012	 2.214	 4.841	 4.902	 | 4.902 max

train losses    180:	 0.289	0.2898	0.3117	0.3008	0.3101	 0.308	0.3052	0.3045	0.4501	 0.443	0.4526	 0.451	
val losses      180:	 0.264	0.3328	0.4102	0.3972	0.2543	0.2586	0.3664	0.3601	0.5126	0.5645	 1.098	 1.106	 | 0.4937 mean
                     	0.7014	0.9053	 1.095	 1.072	0.6268	0.6401	0.9548	0.9612	 1.335	 1.401	 2.813	  2.79	 | 1.568 quantile
                      	 1.899	 1.888	 2.686	 2.677	 1.351	 1.335	  1.87	 1.901	 3.154	 2.195	 4.641	 4.756	 | 4.756 max

train losses    182:	0.2895	0.2909	0.3114	0.3004	0.3082	0.3104	0.3058	0.3054	0.4484	0.4428	0.4804	0.4765	
val losses      182:	0.2655	0.3333	0.4104	0.3974	0.2551	0.2627	0.3662	0.3616	0.5139	0.5694	 1.074	 1.082	 | 0.491 mean
                     	0.7032	0.9079	 1.099	 1.075	0.6445	0.6668	0.9604	0.9685	 1.343	 1.415	 2.747	 2.793	 | 1.531 quantile
                      	 1.836	 2.053	 2.662	 2.662	 1.267	 1.372	 1.823	 1.821	 3.017	 2.226	 4.704	 4.839	 | 4.839 max

train losses    184:	0.2873	0.2892	 0.311	0.3004	0.3072	0.3083	0.3049	0.3035	 0.445	0.4434	0.5273	0.5223	
val losses      184:	0.2614	0.3222	  0.41	0.3971	0.2524	0.2545	0.3681	0.3631	 0.509	0.5608	 1.078	 1.087	 | 0.4886 mean
                     	0.6944	0.8794	 1.098	 1.068	0.6274	0.6251	0.9595	0.9647	 1.351	 1.396	 2.817	 2.823	 | 1.508 quantile
                      	 1.974	 1.887	  2.67	  2.66	 1.284	 1.376	 1.855	  1.86	 3.017	  2.29	 4.672	 4.844	 | 4.844 max

train losses    186:	0.2861	0.2923	0.3115	0.3008	 0.304	0.3097	0.3061	0.3049	0.4463	 0.442	0.5238	0.5207	
val losses      186:	0.2606	0.3286	0.4106	0.3972	0.2531	0.2563	0.3702	0.3645	0.5107	0.5623	 1.084	 1.095	 | 0.4911 mean
                     	0.6854	0.8869	 1.097	 1.069	0.6277	0.6444	0.9714	0.9661	 1.335	 1.401	 2.791	 2.827	 | 1.515 quantile
                      	 1.817	 1.922	 2.663	 2.652	 1.332	 1.329	 1.897	 1.908	 3.043	 2.287	 4.934	 5.029	 | 5.029 max

train losses    188:	0.2859	 0.292	0.3112	0.3003	0.3044	0.3075	0.3021	0.3006	 0.442	0.4408	 0.474	0.4729	
val losses      188:	0.2606	0.3318	0.4101	0.3968	0.2493	0.2519	0.3689	0.3634	0.5124	0.5644	 1.095	 1.103	 | 0.4923 mean
                     	0.6866	0.9014	 1.093	 1.069	 0.624	0.6265	0.9649	0.9571	 1.344	 1.399	 2.811	 2.815	 | 1.572 quantile
                      	 1.963	 1.932	 2.692	  2.67	 1.359	 1.341	 1.849	 1.846	 3.046	  2.22	 4.801	 4.925	 | 4.925 max

train losses    190:	0.2887	0.2911	 0.311	   0.3	0.3056	0.3085	0.3037	0.3034	0.4518	0.4452	0.5302	0.5278	
val losses      190:	0.2611	0.3299	0.4098	0.3966	0.2504	0.2527	0.3657	0.3594	0.5161	0.5692	 1.091	 1.101	 | 0.4919 mean
                     	0.6902	0.8994	 1.101	 1.068	0.6228	0.6325	0.9687	0.9554	 1.346	 1.419	  2.82	 2.815	 | 1.537 quantile
                      	 1.771	 1.888	 2.672	 2.668	 1.313	  1.34	 1.882	 1.888	 3.081	 2.248	 4.967	 5.098	 | 5.098 max

train losses    192:	0.2891	0.2893	0.3112	0.3002	0.3065	0.3064	0.3028	0.3031	0.4497	0.4467	0.5898	0.5883	
val losses      192:	0.2627	0.3318	0.4106	0.3972	 0.252	0.2549	0.3686	0.3634	0.5212	0.5767	 1.091	 1.102	 | 0.4944 mean
                     	0.6974	0.9003	 1.093	 1.072	0.6215	0.6359	0.9665	0.9666	 1.331	 1.445	 2.846	 2.854	 | 1.543 quantile
                      	  1.79	 1.952	 2.681	 2.676	 1.309	 1.363	 1.798	   1.8	 3.045	 2.272	 4.763	 5.006	 | 5.006 max

train losses    194:	0.2879	0.2916	0.3103	0.2992	0.3074	0.3074	0.3032	0.3021	 0.447	0.4429	0.5214	0.5187	
val losses      194:	0.2652	0.3281	0.4103	0.3979	0.2517	0.2551	0.3706	0.3655	0.5145	0.5653	 1.085	 1.091	 | 0.4917 mean
                     	0.7052	0.8947	 1.096	 1.066	0.6273	0.6345	0.9633	 0.962	 1.361	 1.398	 2.842	 2.838	 | 1.565 quantile
                      	 1.842	  1.89	 2.685	 2.663	 1.361	  1.33	 1.838	 1.848	 3.042	 2.442	 4.813	  4.94	 | 4.94 max

train losses    196:	0.2888	0.2884	0.3104	0.2989	0.3061	0.3072	0.3023	0.3021	0.4464	0.4407	0.4692	0.4668	
val losses      196:	 0.264	 0.329	0.4101	0.3969	0.2511	0.2544	0.3664	0.3605	0.5178	0.5704	 1.087	 1.097	 | 0.4921 mean
                     	0.6944	0.8955	 1.095	 1.073	0.6339	0.6335	0.9609	0.9541	 1.356	  1.41	 2.767	 2.771	 | 1.551 quantile
                      	  1.79	 1.882	 2.673	  2.66	 1.342	 1.344	 1.714	 1.701	 2.897	 2.215	 4.615	 4.818	 | 4.818 max

train losses    198:	0.2899	0.2906	  0.31	0.2998	 0.306	0.3081	0.3004	0.2994	0.4519	0.4452	0.4582	0.4573	
val losses      198:	0.2638	0.3263	0.4104	0.3969	0.2509	0.2519	0.3658	0.3601	0.5101	0.5641	   1.1	 1.105	 | 0.4921 mean
                     	0.6974	0.8893	 1.093	 1.073	0.6191	 0.635	0.9595	0.9544	 1.326	 1.383	 2.808	 2.808	 | 1.561 quantile
                      	 1.822	 1.865	 2.658	  2.66	 1.256	 1.355	 1.777	 1.776	 2.958	 2.311	 4.732	 4.867	 | 4.867 max

train losses    200:	0.2859	0.2893	0.3093	0.2988	0.3055	0.3056	0.2997	 0.299	0.4442	 0.442	 0.474	0.4695	
val losses      200:	0.2621	0.3281	0.4105	0.3974	0.2521	0.2559	0.3677	0.3626	0.5148	0.5718	 1.087	 1.095	 | 0.492 mean
                     	0.6884	0.8948	 1.095	 1.069	0.6301	0.6344	0.9688	0.9649	 1.347	 1.413	 2.777	 2.792	 | 1.526 quantile
                      	  1.95	 1.933	 2.662	 2.667	 1.338	 1.387	 1.784	 1.791	 3.209	 2.256	 5.043	 5.083	 | 5.083 max

train losses    202:	0.2862	0.2891	0.3094	0.2986	0.3036	0.3036	0.2986	 0.298	0.4422	0.4391	0.4904	0.4868	
val losses      202:	 0.263	0.3272	0.4101	0.3969	0.2519	0.2589	0.3662	0.3603	0.5129	0.5686	 1.103	 1.111	 | 0.4941 mean
                     	0.7033	0.8909	 1.094	 1.071	0.6232	0.6596	0.9556	0.9545	 1.356	 1.427	 2.827	 2.797	 | 1.578 quantile
                      	 1.899	 1.902	 2.672	 2.669	 1.356	 1.338	 1.771	 1.774	 3.091	  2.21	 4.754	 4.811	 | 4.811 max

train losses    204:	0.2852	0.2872	 0.309	0.2983	0.3033	 0.305	0.2965	0.2951	0.4435	0.4377	0.4716	0.4683	
val losses      204:	0.2614	0.3262	0.4096	0.3964	0.2498	0.2538	0.3672	0.3616	0.5081	0.5636	 1.092	   1.1	 | 0.4908 mean
                     	0.6861	0.8968	 1.094	 1.069	0.6206	0.6295	0.9509	0.9561	  1.34	 1.402	  2.83	 2.804	 | 1.528 quantile
                      	 1.921	 1.951	 2.675	 2.665	 1.334	 1.343	  1.84	 1.856	 3.148	 2.178	  4.91	 5.066	 | 5.066 max

train losses    206:	0.2844	0.2867	0.3088	0.2981	0.3018	0.3047	0.2973	0.2953	  0.44	0.4342	0.4548	0.4526	
val losses      206:	0.2587	0.3254	0.4096	0.3958	 0.249	0.2554	0.3673	0.3629	0.5093	0.5624	 1.078	 1.088	 | 0.4885 mean
                     	0.6842	0.8858	 1.092	 1.069	0.6236	0.6357	0.9603	0.9599	 1.363	 1.381	 2.753	 2.783	 | 1.546 quantile
                      	 1.744	 1.928	 2.688	 2.663	 1.289	 1.353	 1.783	 1.798	  2.99	 2.272	 4.765	 4.925	 | 4.925 max

train losses    208:	0.2841	0.2872	0.3085	0.2977	0.3032	0.3035	 0.295	 0.293	0.4411	0.4362	 0.445	0.4422	
val losses      208:	0.2618	0.3305	  0.41	 0.397	 0.249	0.2578	0.3668	0.3611	0.5144	0.5694	 1.074	 1.083	 | 0.4896 mean
                     	0.6835	0.9044	 1.091	 1.069	0.6311	0.6537	0.9566	0.9581	 1.365	 1.401	 2.797	  2.82	 | 1.52 quantile
                      	  1.87	 1.968	 2.671	  2.66	 1.376	 1.394	 1.747	 1.764	 2.972	 2.305	 4.886	 5.056	 | 5.056 max

train losses    210:	 0.283	0.2864	0.3078	0.2979	0.2997	0.3054	0.2942	0.2936	0.4403	0.4335	0.4403	0.4371	
val losses      210:	0.2572	0.3247	0.4094	0.3955	0.2473	 0.251	0.3675	0.3625	0.5133	0.5694	 1.076	 1.089	 | 0.4885 mean
                     	0.6797	 0.885	 1.095	 1.066	0.6237	0.6196	0.9631	0.9659	 1.367	 1.393	 2.748	 2.744	 | 1.537 quantile
                      	 1.781	 1.962	 2.693	 2.665	 1.308	 1.308	  1.75	 1.751	 2.978	 2.307	 4.655	 4.809	 | 4.809 max

train losses    212:	0.2812	0.2851	0.3074	0.2973	0.3003	0.3026	0.2931	 0.293	0.4392	0.4346	0.4519	0.4503	
val losses      212:	0.2585	0.3258	0.4094	0.3957	0.2471	0.2528	0.3675	 0.362	0.5117	0.5691	  1.07	 1.081	 | 0.4876 mean
                     	0.6939	 0.884	 1.088	 1.067	0.6264	0.6227	 0.962	0.9604	 1.364	  1.41	 2.771	 2.784	 | 1.516 quantile
                      	 1.857	 2.021	 2.661	 2.628	  1.33	 1.353	 1.816	 1.854	 2.891	 2.278	 4.805	 4.921	 | 4.921 max

train losses    214:	0.2839	0.2859	0.3072	 0.297	0.3006	0.3011	0.2922	0.2908	0.4372	 0.433	  0.46	0.4567	
val losses      214:	0.2574	0.3236	0.4094	0.3956	 0.247	0.2529	0.3663	0.3602	0.5106	0.5665	 1.079	  1.09	 | 0.4882 mean
                     	0.6803	 0.885	 1.089	 1.067	0.6242	0.6222	0.9613	0.9571	  1.36	 1.395	 2.764	  2.78	 | 1.538 quantile
                      	 1.804	 1.933	  2.68	 2.662	 1.325	 1.372	 1.731	 1.733	 2.887	 2.245	 4.814	   4.9	 | 4.9 max

train losses    216:	0.2823	0.2843	0.3072	0.2975	0.2982	0.3007	0.2925	 0.292	0.4351	 0.435	0.4602	0.4588	
val losses      216:	0.2585	0.3219	0.4089	0.3953	0.2468	0.2511	0.3676	0.3611	0.5126	0.5683	 1.078	 1.088	 | 0.4882 mean
                     	0.6798	0.8806	 1.091	 1.069	0.6147	0.6324	0.9586	0.9542	 1.392	 1.402	 2.815	 2.819	 | 1.517 quantile
                      	 1.835	 1.856	 2.673	 2.655	 1.329	 1.307	 1.811	 1.818	 2.823	 2.202	  4.75	 4.845	 | 4.845 max

train losses    218:	0.2824	 0.285	0.3073	0.2968	0.2975	0.3007	0.2906	0.2891	 0.435	0.4315	0.4426	 0.441	
val losses      218:	0.2599	0.3261	  0.41	0.3964	0.2442	0.2513	  0.37	0.3647	0.5137	0.5719	 1.066	 1.076	 | 0.4875 mean
                     	0.6873	0.8918	  1.09	 1.063	0.6157	0.6236	0.9622	0.9507	 1.365	 1.423	 2.757	 2.758	 | 1.52 quantile
                      	 1.854	 2.119	 2.669	 2.643	 1.351	 1.348	 1.862	 1.874	  2.89	 2.303	 4.685	 4.833	 | 4.833 max

train losses    220:	0.2813	0.2837	0.3064	0.2962	0.2997	0.2997	0.2893	0.2887	0.4355	0.4295	0.4383	0.4371	
val losses      220:	0.2613	0.3231	0.4091	0.3952	0.2487	0.2547	0.3684	0.3627	0.5113	0.5677	  1.07	  1.08	 | 0.4877 mean
                     	0.6859	0.8805	 1.095	 1.067	0.6221	0.6354	0.9617	0.9596	 1.394	 1.407	 2.815	 2.823	 | 1.514 quantile
                      	 1.861	 1.886	 2.686	  2.66	 1.358	 1.348	 1.809	 1.839	 2.922	 2.258	 4.852	 4.989	 | 4.989 max

train losses    222:	0.2812	0.2842	0.3071	0.2965	0.2982	0.2996	0.2888	0.2872	0.4356	0.4284	0.4263	0.4229	
val losses      222:	0.2586	0.3226	 0.409	0.3953	0.2432	0.2504	0.3649	0.3595	 0.511	 0.567	 1.062	 1.072	 | 0.4846 mean
                     	0.6842	0.8796	 1.091	  1.06	0.6053	0.6239	0.9502	0.9547	 1.355	 1.404	 2.716	 2.754	 | 1.508 quantile
                      	 1.738	 1.933	 2.691	 2.671	 1.364	 1.299	 1.782	 1.837	 2.877	 2.222	 4.728	 4.927	 | 4.927 max

train losses    224:	0.2813	0.2834	0.3062	0.2961	0.2965	 0.301	0.2882	0.2878	0.4337	0.4268	0.4197	 0.418	
val losses      224:	0.2573	0.3232	0.4088	0.3952	0.2454	0.2513	0.3679	0.3625	0.5134	0.5689	 1.079	 1.087	 | 0.4884 mean
                     	0.6798	0.8797	 1.095	 1.063	0.6076	0.6204	0.9599	0.9586	 1.369	 1.403	 2.766	 2.794	 | 1.543 quantile
                      	 1.761	 1.993	 2.704	 2.675	 1.309	  1.32	 1.713	 1.719	 2.815	 2.291	 4.683	 4.805	 | 4.805 max

train losses    226:	0.2801	0.2819	0.3055	 0.296	0.2965	0.3004	0.2881	0.2871	 0.432	0.4275	0.4213	0.4187	
val losses      226:	 0.258	0.3236	0.4093	0.3953	0.2461	0.2525	 0.367	0.3614	0.5117	0.5656	 1.071	  1.08	 | 0.4868 mean
                     	0.6797	 0.882	 1.092	 1.067	 0.619	0.6311	0.9639	0.9523	 1.352	 1.387	 2.755	 2.782	 | 1.525 quantile
                      	 1.874	 1.897	 2.678	 2.659	 1.381	 1.335	 1.843	 1.863	 2.941	 2.256	 4.671	 4.796	 | 4.796 max

train losses    228:	0.2817	0.2843	 0.306	0.2958	0.2974	0.2982	0.2871	 0.286	0.4301	0.4327	0.4309	0.4291	
val losses      228:	0.2583	0.3214	0.4092	0.3951	0.2466	0.2503	0.3671	0.3625	0.5086	0.5621	 1.074	 1.083	 | 0.4865 mean
                     	0.6824	0.8671	 1.091	 1.063	 0.609	0.6184	0.9642	0.9635	 1.372	 1.392	 2.759	 2.758	 | 1.54 quantile
                      	 1.813	 1.878	 2.657	 2.645	   1.4	 1.381	 1.817	 1.818	 2.777	 2.289	 4.722	 4.856	 | 4.856 max

train losses    230:	0.2796	0.2841	0.3057	0.2956	0.2973	0.3001	0.2863	0.2864	 0.432	0.4306	0.4369	 0.434	
val losses      230:	0.2594	0.3196	0.4088	0.3945	0.2447	0.2475	0.3678	0.3637	0.5138	 0.567	 1.086	 1.095	 | 0.489 mean
                     	0.6897	0.8779	  1.09	 1.063	0.6028	0.6113	0.9617	0.9668	 1.382	 1.397	 2.777	 2.792	 | 1.547 quantile
                      	 1.804	 2.009	 2.677	 2.664	 1.317	 1.292	 1.777	 1.781	 2.914	 2.211	 4.712	 4.746	 | 4.746 max

train losses    232:	 0.279	0.2824	0.3055	0.2948	0.2948	0.2991	0.2876	0.2862	0.4427	0.4427	0.4412	0.4362	
val losses      232:	0.2568	0.3156	0.4087	0.3944	0.2437	0.2435	0.3689	0.3641	0.5125	0.5648	 1.085	 1.093	 | 0.4876 mean
                     	0.6777	0.8569	 1.093	 1.061	0.6027	0.6091	0.9555	0.9601	 1.378	 1.389	 2.767	 2.769	 | 1.552 quantile
                      	   1.9	 2.117	 2.678	 2.661	 1.354	 1.337	 1.782	 1.782	 3.032	 2.279	 4.754	 4.781	 | 4.781 max

train losses    234:	0.2784	0.2833	0.3056	 0.296	0.2954	0.3012	0.2854	0.2852	0.4598	0.4596	0.4314	0.4296	
val losses      234:	0.2582	 0.317	0.4087	0.3945	0.2457	0.2467	0.3688	0.3641	0.5207	0.5736	  1.08	 1.089	 | 0.4889 mean
                     	0.6827	0.8558	  1.09	 1.062	0.6092	0.6134	0.9609	0.9672	 1.396	 1.401	 2.789	  2.79	 | 1.537 quantile
                      	 1.852	 2.115	 2.652	 2.641	 1.266	 1.437	 1.853	 1.847	  2.84	 2.227	 4.818	 4.986	 | 4.986 max

train losses    236:	0.2783	0.2852	0.3052	0.2953	 0.299	0.3042	0.2878	0.2882	0.4831	0.4813	0.4238	0.4237	
val losses      236:	0.2588	0.3115	0.4087	0.3941	0.2449	0.2462	0.3681	0.3628	0.5185	0.5745	 1.076	 1.085	 | 0.4874 mean
                     	0.6836	0.8465	 1.084	 1.059	0.6079	0.6074	0.9641	0.9709	 1.407	 1.407	 2.757	  2.75	 | 1.543 quantile
                      	 1.806	 2.098	 2.656	 2.629	 1.294	 1.283	  1.77	 1.766	 2.867	 2.209	  4.81	 5.013	 | 5.013 max

train losses    238:	0.2783	0.2834	0.3056	0.2951	0.2964	0.3025	0.2847	0.2838	0.4628	0.4608	0.4234	0.4212	
val losses      238:	0.2577	  0.32	0.4087	0.3944	0.2452	0.2479	0.3651	0.3608	0.5191	0.5762	 1.073	 1.081	 | 0.4874 mean
                     	0.6844	0.8731	 1.089	  1.06	0.6023	0.6237	0.9609	0.9583	 1.398	 1.411	 2.724	 2.752	 | 1.525 quantile
                      	 1.813	 2.121	 2.674	 2.648	 1.341	  1.39	 1.821	 1.838	 2.966	 2.286	 4.833	 4.982	 | 4.982 max

train losses    240:	0.2791	0.2828	0.3043	0.2947	0.2972	0.3006	0.2841	0.2823	0.4481	0.4458	0.4231	0.4214	
val losses      240:	 0.257	0.3213	0.4088	0.3945	 0.243	0.2517	0.3636	0.3583	0.5161	0.5744	 1.066	 1.074	 | 0.4857 mean
                     	0.6823	0.8761	  1.09	  1.06	 0.612	0.6313	0.9506	0.9515	 1.347	 1.425	 2.727	 2.743	 | 1.515 quantile
                      	 1.794	   2.0	 2.664	 2.639	 1.368	 1.354	 1.719	 1.711	 2.937	 2.201	 4.741	 4.883	 | 4.883 max

train losses    242:	0.2807	0.2805	0.3045	 0.294	0.2957	0.2974	 0.283	0.2828	0.4386	0.4354	0.4173	0.4143	
val losses      242:	0.2552	0.3237	0.4089	0.3948	0.2418	0.2482	0.3636	  0.36	0.5113	0.5684	  1.06	 1.068	 | 0.4836 mean
                     	0.6757	0.8688	  1.09	 1.062	0.6062	0.6303	 0.954	0.9563	 1.355	   1.4	 2.692	 2.701	 | 1.509 quantile
                      	 1.909	 2.209	 2.668	 2.647	 1.336	 1.339	 1.729	 1.766	 2.771	 2.207	 4.805	  4.98	 | 4.98 max

train losses    244:	 0.281	0.2815	0.3037	 0.294	0.2948	0.2966	0.2805	0.2802	0.4331	 0.431	0.4164	0.4128	
val losses      244:	0.2578	0.3285	0.4085	0.3944	0.2462	0.2557	0.3646	0.3585	0.5156	0.5747	 1.078	 1.084	 | 0.4889 mean
                     	0.6881	0.8936	 1.091	 1.061	0.6184	0.6398	0.9552	0.9499	 1.386	 1.427	 2.739	 2.759	 | 1.539 quantile
                      	 1.869	 1.943	 2.667	 2.643	 1.379	 1.359	 1.722	 1.694	 2.851	 2.268	 4.923	 5.114	 | 5.114 max

train losses    246:	0.2808	0.2788	0.3036	0.2932	0.2949	0.2968	0.2795	  0.28	0.4313	0.4243	0.4302	0.4297	
val losses      246:	0.2584	0.3287	0.4087	0.3944	0.2428	0.2507	0.3643	0.3586	0.5109	 0.569	 1.078	 1.084	 | 0.4873 mean
                     	0.6932	0.8962	 1.091	  1.06	0.6103	0.6345	0.9564	0.9621	 1.342	 1.426	 2.746	 2.759	 | 1.542 quantile
                      	 1.774	 2.057	 2.669	  2.65	 1.333	 1.303	 1.745	 1.745	 2.836	 2.271	 4.873	 5.064	 | 5.064 max

train losses    248:	0.2796	0.2799	0.3038	0.2939	 0.296	0.2951	0.2801	0.2801	0.4271	0.4216	0.4433	0.4404	
val losses      248:	0.2546	 0.323	0.4086	0.3944	0.2415	0.2478	0.3657	0.3599	0.5129	0.5692	 1.076	 1.083	 | 0.4864 mean
                     	 0.676	0.8841	 1.091	 1.064	0.6009	0.6192	0.9553	0.9526	 1.364	 1.409	  2.78	 2.766	 | 1.536 quantile
                      	 1.875	  2.17	 2.663	 2.633	 1.454	 1.374	 1.727	 1.768	 2.833	 2.402	 4.771	  4.97	 | 4.97 max

train losses    250:	0.2772	0.2802	0.3031	 0.293	0.2948	0.2952	0.2797	0.2794	0.4281	0.4225	0.4438	 0.441	
val losses      250:	0.2557	0.3219	0.4081	0.3935	0.2436	0.2512	0.3684	0.3625	0.5134	0.5693	 1.088	 1.095	 | 0.4892 mean
                     	0.6779	0.8778	 1.091	 1.063	0.6103	0.6326	0.9556	0.9581	 1.379	  1.39	 2.791	  2.78	 | 1.549 quantile
                      	 1.821	  2.06	 2.666	 2.639	 1.379	 1.398	 1.815	 1.827	  2.92	 2.308	 4.777	 4.871	 | 4.871 max

train losses    252:	0.2757	0.2787	0.3024	0.2926	 0.294	0.2961	0.2785	0.2783	0.4235	 0.421	0.4368	0.4335	
val losses      252:	0.2547	0.3161	0.4082	0.3931	0.2408	0.2448	0.3669	0.3624	 0.509	0.5622	 1.067	 1.076	 | 0.4834 mean
                     	0.6825	0.8561	 1.088	 1.057	0.6042	0.6084	0.9491	0.9539	  1.35	  1.39	  2.76	 2.746	 | 1.521 quantile
                      	 1.829	 2.068	 2.631	 2.614	 1.435	 1.314	 1.791	 1.721	 2.968	 2.196	 4.656	 4.711	 | 4.711 max

train losses    254:	0.2759	0.2791	0.3025	0.2926	0.2924	0.2968	0.2772	0.2773	0.4269	0.4216	0.4253	0.4236	
val losses      254:	0.2553	0.3121	0.4083	0.3932	0.2389	0.2461	0.3676	0.3627	0.5099	0.5623	 1.072	 1.083	 | 0.4843 mean
                     	0.6774	0.8407	 1.086	 1.059	0.5992	0.6242	0.9504	0.9559	 1.369	 1.393	 2.761	 2.755	 | 1.533 quantile
                      	 1.878	 2.133	 2.644	 2.623	 1.342	  1.35	 1.689	 1.666	 2.952	 2.204	 4.982	 5.026	 | 5.026 max

train losses    256:	0.2742	0.2807	0.3022	 0.292	0.2939	0.2982	0.2775	0.2773	0.4263	0.4234	0.4127	0.4116	
val losses      256:	0.2571	0.3158	 0.408	0.3927	0.2425	0.2454	0.3698	0.3648	0.5093	0.5662	 1.069	  1.08	 | 0.485 mean
                     	 0.689	 0.852	 1.089	 1.059	0.6116	0.6066	0.9575	 0.964	 1.372	  1.39	 2.742	 2.754	 | 1.513 quantile
                      	  1.83	 2.047	 2.627	 2.619	  1.39	 1.353	 1.717	 1.678	 3.061	 2.179	 4.843	 4.883	 | 4.883 max

train losses    258:	0.2743	  0.28	0.3019	0.2922	0.2909	0.2962	0.2768	0.2771	0.4276	0.4266	0.4079	0.4074	
val losses      258:	0.2554	0.3156	 0.408	0.3927	0.2383	0.2422	0.3685	0.3631	0.5094	0.5592	 1.058	 1.069	 | 0.4816 mean
                     	0.6774	0.8576	 1.089	  1.06	0.5997	0.6045	0.9564	 0.949	 1.375	 1.388	 2.719	 2.737	 | 1.504 quantile
                      	 1.923	 2.191	 2.664	 2.634	 1.355	 1.338	 1.731	 1.738	 3.037	 2.289	 4.794	 4.829	 | 4.829 max

train losses    260:	0.2752	0.2797	0.3025	0.2921	0.2914	0.2964	0.2756	 0.275	 0.429	0.4234	 0.417	0.4153	
val losses      260:	0.2565	0.3194	0.4079	 0.393	  0.24	 0.246	0.3678	0.3619	0.5116	0.5697	 1.075	 1.085	 | 0.4861 mean
                     	0.6808	0.8697	 1.087	 1.062	0.6131	0.6217	 0.956	0.9535	 1.351	 1.406	 2.766	  2.79	 | 1.516 quantile
                      	 1.783	 2.052	 2.642	 2.633	 1.404	 1.343	 1.816	 1.809	 2.982	 2.326	 4.899	 4.943	 | 4.943 max

train losses    262:	0.2745	0.2775	0.3015	0.2913	0.2901	0.2922	0.2738	0.2732	0.4214	0.4189	0.4263	0.4239	
val losses      262:	0.2548	0.3218	0.4086	0.3933	0.2393	0.2479	 0.364	0.3588	0.5148	0.5742	 1.064	 1.074	 | 0.4846 mean
                     	0.6792	0.8796	 1.088	 1.056	0.6083	0.6275	0.9472	0.9393	 1.327	 1.418	  2.72	 2.758	 | 1.509 quantile
                      	 1.829	 1.933	 2.687	 2.665	 1.316	 1.366	 1.742	 1.672	 3.048	 2.274	 4.777	 4.818	 | 4.818 max

train losses    264:	0.2765	0.2774	0.3014	0.2909	0.2921	0.2914	0.2746	0.2749	0.4219	0.4148	0.4353	0.4342	
val losses      264:	0.2547	0.3229	0.4086	0.3935	0.2372	0.2437	0.3642	0.3589	0.5142	0.5732	 1.069	  1.08	 | 0.485 mean
                     	0.6707	0.8777	 1.089	 1.059	0.5987	0.6173	0.9607	0.9525	 1.364	 1.406	 2.741	 2.748	 | 1.508 quantile
                      	 1.767	 2.002	 2.701	 2.685	 1.372	 1.321	 1.709	 1.699	 3.004	 2.317	 4.774	  4.91	 | 4.91 max

train losses    266:	0.2761	0.2737	0.3011	0.2911	0.2918	0.2927	0.2741	0.2739	0.4218	 0.419	0.4245	0.4209	
val losses      266:	0.2569	0.3253	0.4079	0.3927	0.2411	 0.252	0.3641	0.3587	0.5212	0.5807	 1.064	 1.073	 | 0.4865 mean
                     	0.6859	0.8849	 1.088	 1.059	 0.616	0.6508	0.9502	0.9518	 1.379	 1.427	 2.728	 2.753	 | 1.515 quantile
                      	 1.831	 2.148	 2.688	  2.67	 1.381	 1.343	 1.766	 1.787	 2.974	 2.382	 4.956	 5.092	 | 5.092 max

train losses    268:	0.2765	0.2768	0.3004	0.2911	0.2911	0.2909	0.2731	0.2743	0.4208	0.4191	0.4159	0.4127	
val losses      268:	0.2532	0.3196	0.4077	0.3924	0.2382	0.2445	0.3658	0.3606	0.5128	0.5698	  1.06	 1.069	 | 0.4827 mean
                     	0.6745	0.8737	 1.087	  1.06	0.6039	0.6173	0.9521	0.9357	 1.365	 1.404	 2.733	 2.723	 | 1.506 quantile
                      	 1.839	 2.105	  2.71	 2.687	  1.35	  1.32	 1.724	 1.724	 2.987	 2.237	 4.812	 4.931	 | 4.931 max

train losses    270:	0.2754	 0.276	0.3007	0.2904	0.2914	0.2907	0.2719	0.2721	0.4227	0.4174	0.4023	0.4011	
val losses      270:	 0.256	0.3217	0.4077	0.3925	0.2384	0.2449	 0.365	0.3598	0.5147	0.5704	 1.066	 1.074	 | 0.4843 mean
                     	 0.677	0.8758	 1.088	 1.059	0.6103	0.6122	0.9501	0.9473	  1.35	 1.397	 2.702	 2.734	 | 1.521 quantile
                      	 1.937	 2.235	 2.693	 2.671	 1.359	 1.333	 1.822	 1.847	 3.029	 2.277	 4.795	 4.927	 | 4.927 max

train losses    272:	 0.274	0.2756	0.3004	  0.29	 0.288	0.2918	0.2714	0.2724	0.4245	0.4184	0.4079	0.4053	
val losses      272:	0.2562	 0.319	0.4074	0.3919	0.2371	0.2436	0.3658	0.3605	0.5111	0.5683	 1.069	 1.077	 | 0.484 mean
                     	0.6821	0.8622	 1.087	  1.06	0.6036	0.6081	0.9518	0.9509	 1.363	 1.391	 2.718	 2.723	 | 1.527 quantile
                      	 1.738	 1.943	 2.697	 2.672	 1.305	 1.323	 1.718	 1.713	  2.91	 2.244	 4.731	 4.821	 | 4.821 max

train losses    274:	0.2728	0.2747	0.3002	0.2901	 0.289	0.2912	0.2741	0.2739	0.4255	0.4203	0.4207	0.4168	
val losses      274:	0.2564	0.3183	0.4075	0.3921	0.2372	0.2457	0.3668	0.3626	0.5132	0.5729	 1.069	 1.076	 | 0.4848 mean
                     	0.6801	0.8667	 1.086	 1.058	0.5975	0.6208	0.9526	0.9493	 1.386	 1.401	 2.731	 2.761	 | 1.533 quantile
                      	 1.728	 1.995	 2.713	 2.687	 1.322	 1.319	 1.791	 1.799	 2.957	 2.191	 4.756	 4.894	 | 4.894 max

train losses    276:	0.2742	 0.275	0.2997	0.2899	0.2884	0.2896	0.2711	0.2712	0.4274	0.4233	0.4338	0.4314	
val losses      276:	0.2551	0.3161	0.4072	0.3918	0.2373	0.2438	0.3657	0.3611	0.5102	0.5661	 1.067	 1.076	 | 0.4831 mean
                     	0.6721	0.8519	 1.088	 1.056	0.5949	0.6171	0.9453	0.9419	 1.381	 1.401	 2.745	 2.745	 | 1.525 quantile
                      	  1.73	 1.978	 2.708	 2.694	  1.31	 1.379	 1.783	 1.802	  2.87	 2.213	 4.745	  4.87	 | 4.87 max

train losses    278:	0.2731	0.2761	0.2996	0.2906	0.2894	0.2928	0.2718	  0.27	0.4266	0.4229	0.4321	0.4291	
val losses      278:	0.2546	0.3178	0.4073	0.3919	0.2401	0.2449	0.3661	0.3614	0.5164	0.5717	 1.072	 1.081	 | 0.4855 mean
                     	0.6757	0.8639	 1.085	 1.055	0.5963	0.6083	0.9477	0.9454	 1.391	  1.41	 2.753	 2.748	 | 1.545 quantile
                      	 1.897	 2.188	 2.661	 2.643	 1.356	 1.342	 1.683	 1.705	 2.813	  2.37	 4.932	 4.997	 | 4.997 max

train losses    280:	0.2727	0.2767	0.3003	0.2899	0.2894	0.2932	0.2713	0.2716	0.4277	0.4247	0.4157	0.4139	
val losses      280:	0.2513	0.3113	0.4068	0.3912	0.2357	0.2382	0.3659	0.3618	0.5138	0.5692	 1.065	 1.074	 | 0.482 mean
                     	0.6752	0.8377	 1.085	 1.059	0.5886	0.5961	0.9464	0.9428	 1.374	 1.415	 2.745	 2.731	 | 1.512 quantile
                      	 1.722	 2.005	 2.667	 2.633	 1.262	 1.328	 1.709	 1.711	 2.943	   2.4	 4.718	 4.782	 | 4.782 max

train losses    282:	0.2724	0.2748	0.3001	0.2894	0.2898	0.2902	0.2713	0.2709	0.4302	0.4243	0.4055	0.4046	
val losses      282:	0.2535	0.3133	0.4072	0.3913	0.2371	 0.245	0.3672	0.3621	0.5126	0.5668	 1.054	 1.066	 | 0.4814 mean
                     	0.6698	0.8516	 1.086	 1.057	   0.6	0.6129	0.9592	0.9592	 1.378	 1.397	 2.714	 2.712	 | 1.505 quantile
                      	 1.969	 2.203	 2.665	 2.635	 1.331	 1.391	  1.74	 1.758	 2.874	 2.275	 4.746	 4.813	 | 4.813 max

train losses    284:	0.2721	0.2762	0.2998	0.2895	0.2894	0.2899	0.2698	0.2706	0.4274	0.4261	0.3982	0.3973	
val losses      284:	0.2539	0.3183	0.4075	0.3917	0.2393	0.2443	  0.37	0.3648	0.5166	0.5714	  1.06	 1.072	 | 0.4841 mean
                     	0.6719	0.8633	 1.091	 1.058	0.6017	0.6072	0.9656	0.9587	 1.392	 1.417	 2.721	 2.723	 | 1.517 quantile
                      	 1.799	 2.068	 2.674	  2.65	 1.292	  1.39	 1.781	 1.819	 2.837	 2.304	 4.864	 4.875	 | 4.875 max

train losses    286:	0.2706	 0.274	0.2984	0.2885	0.2858	0.2907	0.2689	0.2693	0.4299	0.4271	0.4213	0.4198	
val losses      286:	0.2518	 0.316	0.4067	0.3905	0.2374	 0.242	0.3653	0.3596	0.5188	0.5732	 1.073	 1.084	 | 0.4848 mean
                     	0.6614	0.8619	 1.084	 1.054	0.5965	0.6047	0.9494	0.9404	 1.393	 1.419	 2.729	 2.735	 | 1.525 quantile
                      	 1.863	 2.135	 2.691	 2.667	 1.332	  1.31	 1.755	 1.664	 2.882	 2.301	 5.002	 5.126	 | 5.126 max

train losses    288:	 0.274	0.2738	0.2979	0.2883	0.2911	0.2909	0.2692	0.2692	0.4368	 0.431	0.4792	0.4773	
val losses      288:	0.2552	0.3223	0.4075	0.3915	 0.239	0.2486	0.3652	0.3602	0.5243	0.5767	 1.072	 1.081	 | 0.487 mean
                     	0.6765	0.8725	 1.086	 1.051	0.6107	0.6246	0.9533	0.9376	 1.394	 1.442	 2.762	 2.789	 | 1.522 quantile
                      	 1.839	 2.223	 2.675	 2.652	 1.338	 1.378	 1.748	 1.731	 2.811	 2.363	 4.959	 5.068	 | 5.068 max

train losses    290:	0.2757	0.2752	0.2987	0.2885	0.2942	0.2947	0.2705	0.2701	0.4396	0.4421	0.4807	0.4782	
val losses      290:	0.2526	0.3153	0.4071	0.3905	 0.237	0.2506	0.3643	0.3601	0.5162	0.5688	 1.079	 1.089	 | 0.4859 mean
                     	0.6695	0.8548	 1.087	 1.051	0.6082	0.6182	0.9538	0.9452	 1.377	 1.404	 2.762	 2.759	 | 1.531 quantile
                      	 1.914	 2.146	 2.671	 2.649	 1.406	 1.412	 1.732	 1.653	  2.66	 2.225	 4.898	 5.061	 | 5.061 max

train losses    292:	0.2793	0.2788	0.2993	0.2902	0.3006	0.3032	0.2764	0.2772	0.5047	0.5153	0.5315	0.5271	
val losses      292:	0.2595	0.3189	0.4075	 0.392	0.2439	0.2517	 0.376	 0.371	0.5531	0.5968	 1.076	 1.086	 | 0.4944 mean
                     	0.6851	0.8686	 1.086	 1.059	0.6269	0.6195	 0.991	0.9876	 1.546	 1.484	 2.868	 2.842	 | 1.577 quantile
                      	 1.874	 2.054	 2.752	   2.7	 1.362	  1.45	 1.945	 1.972	 2.411	 2.396	  4.97	 5.014	 | 5.014 max

train losses    294:	0.3467	0.3479	0.3121	0.3038	0.4885	0.5091	0.3426	0.3475	 1.108	 1.173	  1.06	 1.023	
val losses      294:	0.2875	0.3506	0.4108	0.3959	0.2999	0.3106	0.4637	0.4537	 1.028	 1.052	  1.46	 1.448	 | 0.6634 mean
                     	0.7555	 0.954	 1.093	 1.061	0.7962	 0.815	 1.231	  1.21	 2.369	 2.356	 3.543	 3.485	 | 2.193 quantile
                      	 2.356	 2.357	 2.746	   2.7	 1.739	 1.638	 2.372	 2.385	 3.957	 3.824	 6.705	 6.795	 | 6.795 max

train losses    296:	0.4746	0.4928	0.3379	0.3301	0.5627	0.5715	  0.44	0.4474	 1.083	  1.08	 1.293	 1.274	
val losses      296:	 0.397	0.5223	0.4212	0.4113	0.5042	0.5377	0.4577	 0.442	 1.102	 1.147	 1.608	 1.599	 | 0.7624 mean
                     	 1.134	 1.449	 1.135	 1.099	 1.415	 1.433	  1.32	 1.298	 2.971	   3.0	 4.612	 4.575	 | 2.518 quantile
                      	 2.935	 3.449	 2.963	 2.872	 2.884	 2.565	 2.874	 2.912	 5.759	 5.685	 7.115	 7.113	 | 7.115 max

train losses    298:	0.4515	0.4684	0.3321	0.3255	0.5893	0.6074	0.4384	0.4455	 1.276	 1.283	 1.259	 1.251	
val losses      298:	0.4064	0.5181	0.4226	0.4123	0.4951	0.5465	0.4675	0.4516	 1.167	 1.209	 1.667	 1.658	 | 0.7852 mean
                     	 1.166	 1.379	  1.13	 1.107	 1.503	  1.55	 1.361	 1.353	 3.259	  3.28	 4.776	 4.838	 | 2.627 quantile
                      	 3.032	 4.045	 2.952	 2.851	 2.699	 2.769	 2.961	 2.977	 6.035	 5.935	   7.8	 7.778	 | 7.8 max

