train losses      0:	0.6606	0.6022	0.3459	0.5146	0.7204	0.7661	0.5071	0.6963	 1.616	 1.628	 1.496	 1.493	
val losses        0:	0.7472	 1.123	0.5259	0.3702	0.5722	 0.588	0.7036	 1.075	 1.093	 1.186	 1.389	 1.178	 | 0.8793 mean
                     	 1.945	 2.142	 1.216	0.9648	 1.525	 1.453	 1.503	 1.957	 3.034	 2.986	  3.35	 2.922	 | 2.317 quantile
                      	 4.292	 5.123	 2.603	 2.814	 3.188	 4.226	 3.516	 3.849	 4.841	 5.277	  6.54	   5.8	 | 6.54 max

train losses      2:	0.5488	0.5695	0.3445	0.3307	 0.721	0.7613	0.4673	0.4743	 1.614	 1.627	 1.489	 1.485	
val losses        2:	 0.544	0.6642	0.8356	0.3623	 0.507	0.5599	0.5895	0.4669	0.8892	0.9389	 1.163	 1.153	 | 0.7228 mean
                     	 1.641	 1.583	 1.599	0.9812	 1.441	 1.415	 1.383	 1.225	 2.832	 2.634	  2.85	 2.859	 | 2.095 quantile
                      	  4.23	 4.953	 2.889	 2.759	 2.957	 4.208	 3.385	  3.12	 4.536	 4.558	 5.888	 5.743	 | 5.888 max

train losses      4:	0.5318	0.5417	0.3344	0.3375	0.7348	0.7648	0.4744	0.4904	 1.615	 1.623	 1.488	 1.482	
val losses        4:	0.6874	0.6553	0.3656	0.3698	0.5117	0.5656	0.5232	0.5743	0.8872	0.9485	 1.158	 1.166	 | 0.7011 mean
                     	 1.697	 1.504	0.9533	0.9721	 1.463	 1.442	  1.32	 1.425	 2.743	 2.647	 2.852	 2.904	 | 2.072 quantile
                      	 3.317	 3.322	 2.253	  2.77	 3.387	 4.651	   3.3	 3.413	 4.902	 4.607	 5.936	 5.909	 | 5.936 max

train losses      6:	0.4985	0.5165	0.3469	0.3428	0.7609	0.7648	0.4769	0.5045	 1.593	  1.62	 1.484	 1.476	
val losses        6:	 1.214	 1.414	0.3986	0.3672	0.5065	0.5912	0.6587	0.7582	0.8951	 1.017	 1.259	 1.318	 | 0.8665 mean
                     	 2.286	 2.421	 1.009	0.9767	 1.443	 1.489	 1.505	 1.714	 2.702	 2.753	  3.07	 3.216	 | 2.317 quantile
                      	 3.899	 3.784	 2.449	 2.668	 2.966	 4.391	 3.602	 3.813	 4.998	 4.894	 6.322	 6.383	 | 6.383 max

train losses      8:	0.5229	0.5458	0.3659	0.3454	0.7417	0.7627	0.4733	0.5047	  1.55	 1.602	 1.474	 1.471	
val losses        8:	0.5371	0.5023	0.3732	0.3673	0.5218	 0.556	0.4032	0.4263	0.8767	0.9158	 1.144	 1.144	 | 0.6473 mean
                     	 1.611	  1.35	 0.973	0.9726	 1.456	 1.441	 1.114	 1.139	 2.687	 2.571	 2.799	 2.786	 | 2.068 quantile
                      	 4.279	 3.864	 2.217	 2.837	 3.502	 3.732	 2.837	 2.788	 4.526	 4.501	 5.479	 5.365	 | 5.479 max

train losses     10:	0.4954	0.5088	0.3563	0.3408	0.7163	0.7635	0.4897	0.4876	 1.507	 1.544	 1.469	 1.471	
val losses       10:	0.5357	0.5393	0.3926	0.3661	0.5163	0.5361	0.4241	 0.446	0.7865	0.8307	  1.12	 1.116	 | 0.6341 mean
                     	 1.446	 1.349	 1.024	0.9753	 1.418	 1.395	 1.149	 1.214	 2.347	 2.368	 2.761	 2.721	 | 1.92 quantile
                      	 4.019	 3.544	 2.198	  2.76	 2.799	 3.406	  2.93	 2.877	  4.01	 4.425	 5.343	  5.28	 | 5.343 max

train losses     12:	0.5049	0.5375	0.3937	0.3366	0.7022	0.7488	0.4726	0.4776	 1.419	 1.426	 1.453	 1.455	
val losses       12:	  0.56	0.5591	0.4521	0.3661	0.5103	0.5542	0.4201	 0.429	0.8178	 0.893	 1.157	 1.135	 | 0.6544 mean
                     	  1.54	 1.414	 1.143	0.9816	  1.41	 1.426	 1.141	 1.177	 2.551	 2.492	 2.871	 2.818	 | 1.952 quantile
                      	 2.928	 3.358	 2.433	 2.881	 2.814	 3.451	 2.967	 2.762	 4.159	 4.382	 5.714	 5.348	 | 5.714 max

train losses     14:	0.4746	 0.486	0.3931	0.3387	0.7023	0.7373	0.4981	0.4897	 1.324	 1.373	 1.414	 1.425	
val losses       14:	0.5313	0.5122	0.5359	0.3723	 0.593	0.7372	0.3974	0.4558	0.8022	0.8255	 1.122	 1.142	 | 0.669 mean
                     	 1.534	 1.411	 1.298	0.9818	 1.568	 1.751	 1.111	 1.262	 2.394	 2.291	 2.693	 2.694	 | 1.977 quantile
                      	 3.922	 3.786	 2.627	 2.916	 3.107	 3.346	 2.841	 2.828	 3.726	 4.195	 5.078	 5.021	 | 5.078 max

train losses     16:	0.5051	0.5697	0.3955	0.3394	0.6992	0.7514	0.4685	0.4905	 1.184	 1.256	 1.329	 1.332	
val losses       16:	0.5065	0.4652	0.3874	0.3662	0.4913	0.5442	0.4031	0.4278	0.7155	0.7708	 1.153	  1.24	 | 0.6225 mean
                     	 1.516	 1.261	 1.009	0.9791	 1.366	 1.372	 1.119	 1.184	 2.237	 2.204	 2.638	 2.923	 | 1.987 quantile
                      	 3.948	  3.27	 2.405	 2.647	 2.561	 2.966	 2.776	  2.72	 3.357	 4.048	  4.58	 5.116	 | 5.116 max

train losses     18:	0.5074	0.5512	0.3787	0.3555	0.7446	0.7999	0.4685	0.5108	 1.245	 1.317	 1.334	 1.337	
val losses       18:	0.4971	 0.393	0.3867	0.3703	 0.555	0.5251	0.3967	0.4434	0.8104	0.8604	 1.315	 1.359	 | 0.6593 mean
                     	 1.365	 1.055	0.9922	 1.002	 1.444	 1.343	 1.104	  1.25	 2.119	 2.128	  3.03	 3.108	 | 2.052 quantile
                      	 3.028	 3.025	 2.234	 2.781	 2.986	 2.777	 2.816	 2.905	 3.403	 3.398	 4.987	  5.78	 | 5.78 max

train losses     20:	0.4355	0.4646	0.3943	0.3452	 0.682	0.7392	0.4611	0.4919	0.9956	 1.009	 1.351	 1.344	
val losses       20:	0.4328	0.4088	0.3975	0.3696	 0.504	0.5323	0.3974	0.4409	0.9274	0.6904	  1.16	  1.15	 | 0.6176 mean
                     	  1.18	 1.071	 1.033	0.9971	 1.348	 1.387	 1.097	 1.208	 2.146	 1.747	 2.674	 2.795	 | 1.842 quantile
                      	 3.688	 2.976	 2.446	 2.745	 3.319	   2.8	 2.687	 2.584	 3.624	 3.201	 4.623	 5.135	 | 5.135 max

train losses     22:	0.4222	0.4639	0.3678	0.3448	0.6846	0.7154	0.4615	0.4983	0.7962	0.7817	 1.282	 1.284	
val losses       22:	0.4229	0.4013	0.3804	0.3731	0.5041	 0.498	0.4057	0.4295	0.5942	0.5657	 1.156	 1.167	 | 0.5748 mean
                     	 1.217	 1.053	0.9773	 0.996	 1.405	 1.319	 1.115	 1.195	 1.541	 1.447	  2.92	 2.861	 | 1.736 quantile
                      	 3.386	 2.487	 2.212	 2.872	 2.642	 2.704	 2.759	 2.584	 3.818	 3.624	 5.718	 5.797	 | 5.797 max

train losses     24:	0.4366	0.4803	0.3573	0.3458	0.6675	0.7043	0.4643	0.4726	0.7067	0.7259	 1.286	 1.298	
val losses       24:	0.4185	0.3967	0.3905	0.3636	0.4881	0.5021	0.3991	0.4278	0.5518	0.5849	 1.115	 1.126	 | 0.5637 mean
                     	 1.178	  1.09	 1.008	0.9878	 1.357	 1.342	 1.111	 1.175	 1.491	 1.433	 2.587	 2.626	 | 1.687 quantile
                      	 2.686	  2.56	 2.248	 2.756	  2.58	 2.895	 2.753	 2.711	 3.732	 3.916	   4.1	 4.162	 | 4.162 max

train losses     26:	 0.432	0.4117	0.3572	0.3403	0.6553	0.6904	0.4577	0.4725	0.6536	0.6671	 1.097	 1.099	
val losses       26:	0.4116	0.3734	0.4017	0.3674	0.4852	 0.494	0.4008	0.4219	0.5331	0.5806	 1.462	 1.424	 | 0.613 mean
                     	 1.182	 0.993	 1.047	 1.004	 1.352	 1.316	 1.116	 1.172	 1.443	 1.411	  3.47	 3.335	 | 1.971 quantile
                      	 2.856	   2.8	 2.848	 2.658	 2.685	 2.997	 2.629	 2.575	 3.271	 3.982	 7.582	 6.755	 | 7.582 max

train losses     28:	 0.414	0.4475	0.3494	0.3399	 0.634	0.6714	 0.458	0.4706	0.7135	0.7131	 1.044	 1.056	
val losses       28:	0.4021	0.3689	0.3735	0.3678	0.4508	0.4731	0.3994	0.4215	0.5565	0.5268	 1.236	 1.255	 | 0.5693 mean
                     	 1.143	0.9585	0.9654	 0.974	 1.256	 1.235	 1.108	 1.142	 1.541	 1.333	 3.079	 3.086	 | 1.731 quantile
                      	 2.942	 2.389	 2.239	 2.815	 2.379	 2.667	 2.572	 2.482	 2.941	 3.326	  6.93	 7.205	 | 7.205 max

train losses     30:	0.4125	0.4211	0.3486	0.3332	0.6029	0.6378	0.4656	0.4718	0.6906	0.7098	 1.035	 1.042	
val losses       30:	0.4058	0.3678	0.3703	0.3611	0.4521	0.4788	0.3982	0.4203	0.6583	0.6768	 1.181	   1.2	 | 0.5809 mean
                     	 1.137	0.9619	0.9514	0.9822	 1.265	 1.245	 1.093	 1.124	 1.696	 1.722	  2.99	 2.938	 | 1.742 quantile
                      	 3.056	 3.019	 2.217	  2.78	 2.844	 3.933	 2.637	  2.61	 3.719	 4.017	 6.273	 6.367	 | 6.367 max

train losses     32:	0.4135	0.4153	0.3596	0.3311	 0.591	0.6215	0.4577	0.4719	0.7011	0.7069	0.9793	0.9704	
val losses       32:	0.3975	0.3595	0.3726	0.3646	0.4227	 0.435	0.4054	0.4163	 0.555	0.5656	 1.223	 1.244	 | 0.5634 mean
                     	 1.141	0.9291	0.9494	0.9841	 1.168	 1.121	 1.108	 1.123	 1.406	 1.345	 3.078	 3.112	 | 1.671 quantile
                      	 2.902	 2.477	 2.284	 2.838	 2.368	 2.659	 2.541	 2.559	 3.476	 3.781	 6.701	 6.798	 | 6.798 max

train losses     34:	0.3952	0.4051	0.3504	0.3333	0.5221	 0.544	0.4596	0.4656	0.6713	0.6808	0.9547	0.9543	
val losses       34:	0.3989	 0.355	0.3725	0.3613	0.4479	0.4555	0.4008	0.4251	 0.532	0.5256	 1.229	 1.253	 | 0.563 mean
                     	 1.095	 0.938	0.9688	 0.982	 1.163	 1.183	 1.089	 1.139	 1.551	  1.38	 3.074	 3.102	 | 1.752 quantile
                      	 2.928	 2.382	  2.25	   2.8	 3.094	 3.251	 2.618	 2.523	 3.077	 3.415	  7.02	 7.223	 | 7.223 max

train losses     36:	0.3897	0.4082	0.3415	0.3341	0.4753	0.5066	0.4568	0.4614	 0.641	0.6386	0.9539	0.9459	
val losses       36:	0.3723	0.3326	0.3705	0.3625	0.3613	 0.367	 0.399	0.4226	0.5616	0.5411	 1.298	 1.317	 | 0.5588 mean
                     	 1.052	0.8714	0.9574	0.9858	0.9406	0.9626	 1.079	 1.137	 1.447	 1.411	 3.389	 3.284	 | 1.828 quantile
                      	 3.038	 2.456	 2.253	 2.797	 2.396	 2.412	 2.679	 2.573	 3.195	 3.322	 7.775	  8.02	 | 8.02 max

train losses     38:	0.3736	0.3809	0.3428	0.3305	0.4628	0.4679	0.4537	 0.459	0.5862	0.5855	0.9437	0.9401	
val losses       38:	0.3734	0.3384	0.3689	0.3635	0.3521	0.3515	0.3969	0.4172	0.5089	0.5121	 1.268	 1.283	 | 0.5445 mean
                     	 1.068	0.8899	0.9482	0.9801	0.8756	0.8911	 1.083	 1.114	 1.444	  1.32	 3.422	 3.331	 | 1.787 quantile
                      	 3.012	 2.447	 2.251	 2.832	 1.972	 2.157	 2.701	 2.598	 3.316	 3.362	 7.387	  7.61	 | 7.61 max

train losses     40:	0.3646	 0.375	0.3397	0.3298	0.4404	0.4478	0.4539	0.4583	0.5726	0.5778	0.9579	0.9454	
val losses       40:	0.3602	0.3323	0.3683	0.3622	 0.353	0.3646	 0.398	0.4143	0.5323	0.5145	 1.231	 1.245	 | 0.5396 mean
                     	 1.021	0.8671	0.9402	0.9761	0.8784	0.9147	 1.086	 1.105	 1.491	 1.352	 3.262	  3.21	 | 1.712 quantile
                      	  3.09	 2.563	 2.225	 2.845	 2.067	 2.055	 2.671	 2.527	 3.228	 3.437	 7.188	 7.378	 | 7.378 max

train losses     42:	0.3665	0.3811	0.3396	0.3293	0.4383	0.4524	0.4523	 0.458	0.5838	0.5822	 1.041	 1.036	
val losses       42:	0.3679	 0.344	0.3667	0.3628	0.3657	0.3795	0.3951	 0.413	0.5122	0.5094	 1.213	 1.232	 | 0.5384 mean
                     	 1.042	 0.872	0.9469	0.9784	0.9196	0.9139	 1.087	 1.112	 1.411	 1.335	 3.147	 3.134	 | 1.706 quantile
                      	 3.081	 2.523	 2.244	 2.842	  1.91	 2.049	 2.609	 2.523	 3.193	 3.499	 6.594	 6.756	 | 6.756 max

train losses     44:	0.3613	0.3689	0.3379	0.3287	0.4274	0.4409	0.4522	0.4579	0.5729	0.5718	0.9838	0.9771	
val losses       44:	0.3468	0.3228	0.3661	0.3613	0.3606	0.3706	0.3995	0.4204	0.5333	0.5111	 1.474	 1.494	 | 0.58 mean
                     	0.9536	0.8486	0.9446	0.9744	0.9183	0.9184	 1.086	 1.138	 1.477	 1.356	 3.335	 3.376	 | 1.989 quantile
                      	 2.999	 2.486	 2.309	 2.783	 2.362	 1.967	 2.662	 2.605	 3.034	 3.293	 5.324	 5.506	 | 5.506 max

train losses     46:	0.3516	0.3569	 0.337	0.3289	0.4131	0.4263	0.4508	0.4586	0.5628	0.5644	0.8988	0.8905	
val losses       46:	  0.36	0.3205	0.3648	0.3613	0.3608	0.3729	0.3942	0.4156	0.5638	0.5687	 1.248	 1.253	 | 0.5486 mean
                     	 1.019	 0.831	0.9431	0.9757	0.9396	0.9536	 1.084	  1.11	  1.68	 1.512	 3.119	 3.133	 | 1.753 quantile
                      	 3.007	 2.504	 2.206	 2.811	 2.239	 1.958	 2.673	 2.624	  2.77	 3.061	 6.669	 6.846	 | 6.846 max

train losses     48:	0.3412	0.3428	0.3371	0.3283	0.3968	0.4033	  0.45	0.4575	0.5577	0.5666	0.8155	0.8075	
val losses       48:	0.3395	0.3075	0.3651	0.3618	0.3443	0.3476	0.3948	0.4117	0.5205	0.5146	 1.229	 1.235	 | 0.531 mean
                     	0.9427	0.8005	0.9437	 0.972	0.8533	0.8644	 1.088	 1.116	 1.527	 1.383	 3.088	 3.116	 | 1.705 quantile
                      	 3.198	 2.669	 2.264	 2.808	  2.04	 1.781	 2.653	 2.521	 2.965	 3.249	 6.095	 6.308	 | 6.308 max

train losses     50:	0.3246	0.3344	0.3365	0.3278	0.3831	0.3934	0.4499	0.4579	0.5333	0.5397	0.8941	0.8874	
val losses       50:	0.3188	0.2963	0.3656	0.3605	0.3369	0.3399	0.3943	0.4166	0.5396	0.5314	 1.206	 1.219	 | 0.5271 mean
                     	0.8658	0.7872	0.9505	0.9726	0.8801	0.8654	 1.089	 1.108	 1.453	 1.341	 3.048	 3.014	 | 1.717 quantile
                      	 2.995	 2.461	 2.219	 2.789	 2.111	 1.634	 2.674	 2.592	 3.126	 3.448	 5.799	 6.036	 | 6.036 max

train losses     52:	0.3144	0.3176	0.3358	0.3275	0.3786	0.3888	  0.45	 0.456	0.5343	0.5356	0.8146	0.8087	
val losses       52:	0.3131	0.2944	 0.365	0.3613	0.3523	0.3644	0.4007	 0.418	0.5163	0.5176	 1.417	 1.431	 | 0.5626 mean
                     	0.8558	0.7805	0.9457	0.9739	0.9255	0.9289	 1.087	 1.109	 1.518	 1.332	 3.519	 3.479	 | 1.964 quantile
                      	 3.073	 2.628	 2.292	 2.794	 2.045	 1.758	 2.663	 2.587	 2.987	 3.294	 6.681	 6.961	 | 6.961 max

train losses     54:	0.3098	0.3074	0.3352	0.3267	0.3664	0.3772	0.4494	0.4564	0.5234	0.5311	0.7905	0.7844	
val losses       54:	0.3191	0.2854	 0.364	  0.36	0.3498	0.3566	0.3949	0.4157	 0.522	0.5269	 1.247	 1.259	 | 0.5334 mean
                     	0.8796	0.7593	0.9445	0.9687	0.9265	0.9026	  1.09	   1.1	  1.54	 1.364	 3.132	 3.107	 | 1.774 quantile
                      	  3.08	 2.592	 2.192	 2.799	 1.864	 1.511	 2.667	 2.605	 3.114	 3.371	  6.05	 6.125	 | 6.125 max

train losses     56:	0.3022	0.2989	0.3345	0.3266	0.3532	0.3601	0.4483	0.4556	0.7039	 0.715	0.7279	  0.72	
val losses       56:	 0.304	0.2729	0.3648	0.3599	 0.331	 0.334	0.3951	0.4122	0.8234	0.8265	  1.25	 1.259	 | 0.5777 mean
                     	0.8262	0.7314	0.9455	0.9687	0.8736	0.8469	 1.098	 1.114	 1.799	 1.771	 3.137	 3.104	 | 1.768 quantile
                      	  2.97	 2.461	 2.209	 2.752	 1.909	 1.444	  2.63	 2.557	 3.944	 4.229	 6.849	 6.888	 | 6.888 max

train losses     58:	0.2983	0.2968	0.3339	0.3267	0.3676	0.3764	0.4484	0.4555	0.7265	0.7272	0.7003	 0.694	
val losses       58:	0.3172	0.2759	0.3629	0.3608	0.3509	0.3505	0.3958	0.4119	0.6833	0.6979	 1.247	 1.257	 | 0.5593 mean
                     	0.8757	0.7178	0.9314	0.9691	0.9246	0.8415	 1.092	 1.145	 1.616	 1.596	 3.039	 3.027	 | 1.715 quantile
                      	 3.084	 2.514	   2.3	 2.759	 1.995	 1.511	 2.605	 2.524	 3.425	   3.7	  7.18	 7.235	 | 7.235 max

train losses     60:	0.3116	0.3095	0.3333	0.3265	0.3702	0.3773	0.4483	0.4561	0.6243	0.6313	0.7471	0.7389	
val losses       60:	0.3194	 0.282	0.3632	0.3601	 0.329	0.3227	0.3946	0.4116	0.5653	0.5692	 1.208	 1.214	 | 0.5283 mean
                     	0.8858	0.7354	0.9355	0.9675	0.8412	0.8184	 1.095	 1.113	 1.666	 1.472	 2.963	 2.927	 | 1.708 quantile
                      	 3.136	 2.592	 2.241	 2.786	 1.984	 1.691	 2.653	 2.568	 2.707	 3.026	  6.56	 6.636	 | 6.636 max

train losses     62:	0.3017	0.3017	0.3335	0.3266	0.3928	0.4025	0.4482	0.4564	 0.521	0.5273	0.7249	0.7198	
val losses       62:	0.3193	0.3204	0.3636	0.3603	 0.408	0.4106	 0.396	0.4126	0.5085	0.5092	 1.253	 1.255	 | 0.543 mean
                     	0.8292	0.8107	 0.935	0.9587	0.9546	0.9845	 1.096	 1.117	 1.551	 1.361	 3.024	 2.997	 | 1.743 quantile
                      	 3.217	 2.678	  2.23	  2.81	 1.911	 2.598	 2.643	 2.529	 2.726	 3.012	 7.222	  7.25	 | 7.25 max

train losses     64:	0.3037	0.3018	 0.333	0.3263	0.3935	0.4074	0.4477	0.4568	0.5166	0.5179	0.6757	 0.667	
val losses       64:	 0.301	0.2887	0.3628	0.3614	0.3745	0.3814	0.3967	0.4139	0.5243	0.5248	  1.32	 1.321	 | 0.5475 mean
                     	 0.791	0.7331	0.9347	 0.968	0.9787	0.9253	 1.096	 1.111	 1.553	 1.412	 3.099	 3.077	 | 1.812 quantile
                      	 3.148	 2.596	 2.243	 2.824	 2.107	 1.573	 2.644	 2.577	 2.701	 2.992	 6.581	 6.614	 | 6.614 max

train losses     66:	0.2843	0.2837	0.3332	 0.327	0.3856	0.3957	0.4495	0.4565	0.5034	0.5127	0.7223	0.7187	
val losses       66:	0.2958	0.2686	0.3635	  0.36	0.3437	0.3381	0.3939	0.4126	0.5309	0.5433	 1.218	 1.221	 | 0.5241 mean
                     	0.7945	0.6934	0.9421	0.9689	0.8489	0.8473	 1.091	 1.113	 1.393	 1.328	 2.822	 2.864	 | 1.725 quantile
                      	 3.041	 2.496	 2.227	 2.815	 2.163	 1.759	  2.64	 2.595	 3.061	 3.379	 6.513	 6.595	 | 6.595 max

train losses     68:	0.2855	0.2831	0.3325	 0.326	0.3846	0.3916	0.4485	0.4568	0.5054	0.5103	0.7357	0.7289	
val losses       68:	0.2907	0.2746	0.3627	0.3595	 0.343	0.3416	0.3942	0.4118	0.5692	0.5734	 1.202	 1.203	 | 0.5271 mean
                     	0.7749	0.7098	0.9332	0.9697	0.8708	 0.833	 1.095	 1.121	 1.422	 1.394	 2.906	 2.797	 | 1.652 quantile
                      	 3.068	  2.52	 2.232	 2.786	 1.941	  1.72	 2.635	 2.569	 3.258	  3.52	 7.313	 7.384	 | 7.384 max

train losses     70:	0.2884	0.2842	0.3327	0.3264	0.3704	0.3744	0.4482	0.4562	0.5225	0.5335	0.6042	0.6008	
val losses       70:	0.3104	 0.283	0.3632	0.3609	0.3747	0.3751	0.3939	0.4096	0.5441	0.5518	 1.225	 1.229	 | 0.5351 mean
                     	0.8275	0.7282	0.9311	0.9624	0.9371	0.9592	 1.091	 1.121	 1.412	 1.364	 2.891	 2.846	 | 1.696 quantile
                      	 3.149	 2.585	 2.223	 2.811	 2.293	 1.926	 2.621	 2.544	 3.183	  3.42	 7.234	 7.283	 | 7.283 max

train losses     72:	0.3002	0.2894	0.3324	0.3269	0.3936	0.4006	0.4474	0.4554	0.5729	0.5822	0.5713	0.5635	
val losses       72:	0.2955	0.2728	0.3636	0.3608	0.3379	 0.332	 0.395	0.4113	0.5627	0.5737	 1.262	 1.265	 | 0.536 mean
                     	0.7868	0.6976	0.9389	0.9665	0.8482	0.8165	 1.093	 1.127	 1.427	 1.415	 3.029	 2.997	 | 1.707 quantile
                      	 3.125	 2.566	   2.2	 2.824	 1.955	 1.823	 2.608	 2.554	  3.15	 3.434	 7.617	 7.629	 | 7.629 max

train losses     74:	0.2847	0.2826	0.3325	0.3265	0.3603	0.3643	0.4473	0.4548	0.5354	0.5406	0.5302	0.5248	
val losses       74:	0.2942	0.2635	0.3635	0.3597	0.3122	0.3063	 0.394	0.4111	0.5138	0.5188	 1.237	  1.24	 | 0.5178 mean
                     	0.7835	0.6899	0.9401	 0.965	0.8008	0.7748	 1.097	  1.11	 1.473	 1.316	 2.884	 2.903	 | 1.707 quantile
                      	 3.116	 2.545	 2.241	 2.774	 1.958	 1.451	 2.625	 2.588	 2.936	 3.222	 7.539	 7.603	 | 7.603 max

train losses     76:	0.2728	0.2682	0.3324	0.3264	0.3234	0.3254	0.4473	0.4548	0.4704	 0.475	0.5082	0.5016	
val losses       76:	0.2879	0.2629	 0.363	0.3598	0.3249	0.3235	0.3958	0.4132	0.5235	0.5259	  1.29	 1.291	 | 0.5301 mean
                     	0.7616	  0.69	0.9376	0.9617	0.8459	0.8241	 1.099	   1.1	 1.609	 1.406	 3.103	 3.094	 | 1.781 quantile
                      	 3.024	 2.469	 2.206	 2.792	 1.752	 1.497	 2.651	 2.582	 2.677	 2.938	 7.692	 7.759	 | 7.759 max

train losses     78:	0.2687	0.2647	0.3323	0.3256	0.3156	 0.315	0.4496	0.4561	0.4433	0.4479	0.7063	0.7053	
val losses       78:	0.2832	0.2598	0.3632	0.3599	0.3312	0.3331	 0.394	0.4108	0.5118	0.5152	  1.26	 1.262	 | 0.5236 mean
                     	0.7398	0.6835	0.9366	0.9618	0.8741	0.8575	 1.095	 1.113	 1.539	 1.351	 3.015	 2.972	 | 1.712 quantile
                      	 3.087	 2.534	 2.197	 2.805	 1.675	 1.483	 2.623	 2.578	 2.709	 2.951	 7.907	 7.983	 | 7.983 max

train losses     80:	0.2664	 0.264	0.3325	0.3257	0.3178	 0.317	0.4505	0.4572	0.4381	0.4407	0.8451	0.8422	
val losses       80:	0.2828	0.2614	0.3631	0.3594	0.3136	0.3092	0.3942	0.4112	0.5111	0.5246	 1.201	 1.208	 | 0.5116 mean
                     	0.7552	0.6779	0.9374	0.9627	0.8041	0.7959	 1.091	 1.106	 1.544	 1.363	 2.987	 2.962	 | 1.684 quantile
                      	 2.959	 2.382	 2.215	 2.765	 1.735	 1.261	 2.699	  2.62	 2.646	 2.908	 7.158	 7.183	 | 7.183 max

train losses     82:	0.2685	 0.262	0.3324	0.3254	0.3101	0.3078	0.4489	0.4552	0.4346	0.4341	0.6749	0.6727	
val losses       82:	0.2915	0.2574	0.3633	  0.36	0.3181	0.3118	0.3945	0.4117	0.5281	 0.525	 1.259	 1.256	 | 0.523 mean
                     	0.7833	0.6828	0.9427	0.9607	0.8112	0.7903	 1.096	 1.104	 1.568	 1.387	 2.926	 2.968	 | 1.77 quantile
                      	 3.132	 2.567	 2.186	 2.779	 1.646	 1.578	 2.657	 2.602	 2.685	 2.924	 7.075	 7.072	 | 7.075 max

train losses     84:	0.2665	0.2632	0.3322	0.3252	0.3008	 0.299	0.4488	0.4555	0.4353	0.4369	0.6813	0.6774	
val losses       84:	0.2815	0.2592	0.3633	0.3598	 0.313	0.3065	0.3944	0.4122	0.5138	0.5164	 1.235	 1.241	 | 0.5164 mean
                     	0.7378	0.6813	0.9419	  0.96	0.7968	0.7712	 1.088	 1.101	 1.533	 1.372	 2.852	 2.875	 | 1.778 quantile
                      	 3.112	 2.562	 2.174	 2.806	 1.803	 1.362	 2.698	 2.619	 2.713	 2.874	 6.764	 6.741	 | 6.764 max

train losses     86:	0.2624	0.2605	0.3321	0.3253	0.2934	0.2945	0.4474	0.4545	0.4219	0.4252	0.5679	0.5629	
val losses       86:	0.2803	0.2596	0.3632	0.3601	0.3205	0.3174	0.3955	0.4122	0.5152	0.5262	 1.304	 1.303	 | 0.5298 mean
                     	0.7474	0.6794	0.9425	0.9599	0.8239	0.8069	 1.098	   1.1	 1.534	 1.372	 2.921	 2.981	 | 1.792 quantile
                      	 3.091	 2.505	 2.193	 2.804	 1.723	 1.422	  2.62	 2.572	 2.783	 2.998	 7.717	 7.733	 | 7.733 max

train losses     88:	0.2624	0.2545	0.3318	0.3248	0.2898	 0.286	0.4485	0.4547	0.4192	0.4178	0.6637	0.6606	
val losses       88:	0.2772	0.2608	0.3635	0.3601	0.3202	0.3115	0.3944	0.4097	0.5352	0.5147	 1.231	 1.228	 | 0.5173 mean
                     	0.7391	0.6888	0.9315	0.9616	0.8188	0.7942	 1.085	 1.115	 1.565	 1.403	 2.842	 2.878	 | 1.677 quantile
                      	  3.06	 2.511	 2.189	 2.786	 1.743	 1.227	 2.618	 2.558	 2.898	 3.126	 7.876	 7.909	 | 7.909 max

train losses     90:	0.2601	0.2586	0.3318	0.3251	0.2912	0.2888	0.4473	0.4539	0.4114	0.4133	0.5298	0.5315	
val losses       90:	0.2806	0.2599	0.3633	0.3599	0.3084	0.3024	0.3946	  0.41	0.5127	 0.531	 1.268	 1.265	 | 0.5213 mean
                     	0.7313	0.6864	0.9362	0.9605	0.8033	0.7705	 1.099	 1.106	 1.532	 1.387	 2.915	 2.872	 | 1.717 quantile
                      	 2.999	 2.418	 2.168	 2.786	 1.613	 1.478	 2.607	 2.545	 2.796	 2.981	  8.26	 8.239	 | 8.26 max

train losses     92:	0.2575	0.2508	0.3322	 0.325	0.3012	 0.304	0.4479	0.4545	0.4094	0.4084	0.5645	0.5615	
val losses       92:	0.2833	0.2525	0.3631	0.3595	 0.327	0.3242	0.3944	0.4118	0.5287	 0.536	 1.261	 1.263	 | 0.5254 mean
                     	0.7558	0.6647	0.9401	0.9555	0.8364	0.8193	 1.092	 1.098	 1.624	 1.433	 3.039	 3.039	 | 1.779 quantile
                      	 2.996	  2.42	 2.177	 2.779	 1.563	 1.503	 2.685	  2.62	 2.674	 2.915	 6.934	 6.929	 | 6.934 max

train losses     94:	0.2529	0.2497	0.3317	0.3249	0.2933	0.2913	0.4474	 0.454	0.3992	0.3982	0.4807	0.4734	
val losses       94:	0.2742	0.2591	0.3634	0.3599	0.3324	0.3323	0.3947	0.4105	0.5638	0.5545	 1.273	 1.273	 | 0.5326 mean
                     	0.7248	 0.687	 0.936	0.9581	0.8637	0.8311	 1.095	 1.103	  1.65	 1.521	 2.942	 2.984	 | 1.765 quantile
                      	 3.014	 2.443	 2.184	 2.756	 1.668	 1.442	 2.612	 2.566	 2.528	 2.773	 8.201	 8.176	 | 8.201 max

train losses     96:	0.2525	0.2475	0.3317	0.3247	0.2782	0.2747	0.4471	0.4536	0.3927	0.3934	0.4601	0.4582	
val losses       96:	0.2748	0.2533	0.3628	0.3599	0.3097	0.3024	 0.394	 0.409	0.5527	0.5543	 1.249	 1.246	 | 0.5223 mean
                     	0.7162	0.6738	0.9335	0.9576	 0.805	0.7588	  1.09	 1.111	 1.665	 1.514	 2.747	 2.746	 | 1.725 quantile
                      	 3.033	 2.452	 2.178	 2.759	 1.687	 1.468	 2.625	 2.548	 2.554	 2.797	 8.162	 8.114	 | 8.162 max

train losses     98:	0.2508	0.2452	0.3315	0.3248	0.2806	0.2776	0.4465	0.4531	0.4089	0.4049	0.3722	0.3687	
val losses       98:	 0.277	0.2538	0.3627	0.3596	0.3416	0.3473	0.3937	0.4092	0.5758	0.5891	 1.269	  1.27	 | 0.5374 mean
                     	0.7313	0.6724	0.9364	0.9552	0.8809	0.8548	  1.09	 1.101	   1.7	 1.568	 2.914	  2.93	 | 1.763 quantile
                      	 2.895	 2.312	 2.174	 2.757	 1.648	 1.519	 2.632	  2.56	  2.47	 2.634	 8.152	 8.112	 | 8.152 max

train losses    100:	0.2482	0.2421	0.3314	0.3248	0.2829	0.2785	0.4463	0.4529	0.4317	0.4254	 0.356	0.3548	
val losses      100:	0.2755	0.2525	0.3631	0.3595	 0.344	0.3485	0.3932	0.4089	0.6248	0.6321	 1.254	 1.255	 | 0.5426 mean
                     	0.7246	0.6675	0.9397	0.9592	0.8831	0.8603	 1.088	 1.104	 1.774	 1.679	 2.844	 2.855	 | 1.765 quantile
                      	 2.923	 2.345	 2.198	  2.74	 1.636	  1.47	 2.629	 2.565	 2.585	 2.642	 8.116	 8.079	 | 8.116 max

train losses    102:	 0.248	0.2399	0.3312	0.3247	0.2865	0.2834	0.4463	0.4529	0.4401	0.4404	0.3258	0.3203	
val losses      102:	0.2753	0.2502	0.3629	0.3596	0.3473	0.3509	0.3938	0.4093	0.6666	0.6778	 1.262	  1.26	 | 0.5512 mean
                     	0.7278	0.6598	0.9373	0.9542	0.8961	0.8696	 1.088	 1.101	 1.842	 1.735	 2.802	 2.838	 | 1.784 quantile
                      	 2.935	 2.338	 2.187	 2.754	 1.718	 1.654	 2.629	  2.56	  2.54	 2.624	 8.194	  8.16	 | 8.194 max

train losses    104:	0.2499	0.2428	0.3311	0.3244	0.3338	0.3351	0.4463	0.4528	0.4708	0.4642	0.3038	0.2987	
val losses      104:	0.2817	0.2532	0.3627	0.3596	 0.392	0.4009	0.3942	0.4102	0.6657	0.6824	 1.263	 1.264	 | 0.5608 mean
                     	0.7512	 0.677	0.9374	0.9569	0.9595	0.9666	  1.09	 1.098	 1.871	  1.75	 2.877	 2.902	 | 1.803 quantile
                      	 2.842	 2.241	 2.184	 2.761	 1.841	 1.751	 2.668	 2.586	 2.608	 2.611	 8.025	 8.008	 | 8.025 max

train losses    106:	0.2596	0.2524	0.3312	0.3245	0.3859	0.3883	0.4466	0.4528	0.5488	0.5504	0.3296	 0.324	
val losses      106:	0.2856	0.2561	 0.363	0.3595	0.3513	0.3513	0.3939	0.4092	0.6409	 0.657	 1.264	 1.262	 | 0.5495 mean
                     	0.7624	0.6699	0.9366	0.9608	0.9058	0.8799	  1.09	 1.109	 1.814	 1.705	  2.82	 2.812	 | 1.785 quantile
                      	 2.798	 2.168	 2.201	 2.742	 1.623	 1.722	 2.627	 2.561	 2.419	 2.578	 8.513	 8.503	 | 8.513 max

train losses    108:	0.2728	0.2715	0.3313	0.3253	0.3799	0.3866	0.4467	0.4531	0.4846	 0.478	0.3795	0.3798	
val losses      108:	0.2812	0.2578	0.3627	0.3603	0.3985	0.3995	0.3939	0.4083	 0.581	0.5896	 1.253	 1.254	 | 0.545 mean
                     	0.7413	0.6821	0.9289	0.9573	 0.957	0.9442	  1.09	 1.122	 1.697	  1.62	 2.897	 2.881	 | 1.735 quantile
                      	 2.905	 2.316	 2.222	 2.766	 2.175	 1.678	  2.61	 2.547	 2.345	 2.571	 8.615	 8.565	 | 8.615 max

train losses    110:	 0.267	0.2627	0.3316	 0.325	0.3614	0.3664	0.4488	0.4551	0.3791	0.3816	0.4264	 0.424	
val losses      110:	0.3033	0.2757	0.3637	0.3605	0.3772	0.3833	0.3971	0.4098	0.5381	0.5601	 1.234	  1.23	 | 0.5361 mean
                     	0.8095	0.7074	0.9289	0.9588	0.9351	0.9031	 1.093	 1.132	 1.621	 1.492	 2.629	 2.671	 | 1.716 quantile
                      	  2.99	 2.397	 2.233	 2.808	 2.075	 1.652	 2.588	 2.526	 2.513	 2.668	 8.659	 8.639	 | 8.659 max

train losses    112:	0.2669	0.2608	0.3315	0.3249	0.3254	0.3311	 0.447	0.4539	0.3767	0.3767	0.4465	0.4414	
val losses      112:	0.2996	0.2741	0.3635	0.3609	0.2947	0.2935	0.3938	0.4114	0.5482	 0.558	 1.271	 1.269	 | 0.5282 mean
                     	0.7881	0.7092	0.9338	0.9543	0.7641	0.7274	 1.091	 1.099	 1.677	 1.522	 2.902	 2.913	 | 1.773 quantile
                      	 2.998	 2.416	 2.205	 2.802	 1.622	 1.535	 2.705	  2.62	 2.513	 2.668	 7.498	 7.493	 | 7.498 max

train losses    114:	0.2666	0.2622	0.3324	0.3258	0.2735	0.2689	0.4474	0.4537	0.3894	0.3876	0.4577	0.4558	
val losses      114:	0.2829	0.2519	0.3638	0.3608	0.2934	0.2914	0.3957	0.4094	0.5598	0.5652	 1.208	 1.205	 | 0.5156 mean
                     	0.7474	0.6669	0.9307	0.9568	0.7626	0.7208	 1.087	 1.114	 1.665	 1.558	 2.674	 2.635	 | 1.696 quantile
                      	 3.143	 2.592	   2.2	  2.77	 1.626	 1.494	 2.603	 2.546	 2.548	  2.65	 8.049	 8.078	 | 8.078 max

train losses    116:	0.2459	0.2443	0.3312	0.3249	0.2618	0.2612	0.4468	0.4535	0.4003	0.4008	0.3923	0.3901	
val losses      116:	0.2749	0.2521	0.3631	0.3599	0.3053	0.2994	0.3934	0.4092	0.6088	0.6036	 1.257	 1.261	 | 0.5323 mean
                     	0.7251	0.6589	0.9355	0.9592	0.7736	0.7497	 1.086	 1.102	 1.755	 1.659	 2.763	 2.826	 | 1.789 quantile
                      	 2.989	 2.418	 2.191	 2.789	 1.901	 1.479	  2.67	 2.582	 2.513	  2.58	 7.623	 7.627	 | 7.627 max

train losses    118:	0.2488	0.2398	0.3315	 0.325	0.2761	0.2717	0.4471	0.4534	0.4571	0.4556	0.3786	0.3775	
val losses      118:	0.2744	0.2559	0.3632	0.3598	0.3087	0.3088	0.3937	 0.408	0.6557	0.6662	 1.238	 1.239	 | 0.5393 mean
                     	0.7185	0.6708	0.9325	0.9591	0.7851	 0.761	 1.088	 1.108	 1.801	 1.724	 2.676	 2.709	 | 1.762 quantile
                      	 2.908	 2.327	 2.205	 2.776	  2.04	 1.494	 2.593	 2.546	 2.543	 2.635	  8.19	 8.164	 | 8.19 max

train losses    120:	0.2494	 0.242	0.3313	0.3246	0.2848	0.2783	0.4475	0.4532	0.4529	0.4486	0.3189	0.3169	
val losses      120:	0.2892	0.2634	0.3634	0.3612	0.3336	0.3289	 0.394	0.4078	 0.673	0.6908	 1.251	 1.252	 | 0.5507 mean
                     	0.7786	 0.679	0.9281	0.9579	0.8303	0.8187	  1.09	 1.112	 1.872	 1.764	 2.782	 2.778	 | 1.789 quantile
                      	 3.002	 2.421	  2.22	 2.798	 1.994	 1.506	 2.619	 2.549	  2.63	 2.585	 8.123	 8.065	 | 8.123 max

train losses    122:	 0.255	0.2455	0.3311	0.3249	 0.293	0.2943	0.4469	0.4534	0.4516	0.4522	0.2828	0.2821	
val losses      122:	0.2872	0.2554	0.3628	0.3605	0.3047	0.3002	0.3945	0.4082	0.6003	0.6249	 1.272	 1.271	 | 0.5368 mean
                     	0.7611	0.6662	0.9295	0.9619	0.7811	0.7482	 1.093	  1.12	 1.734	 1.652	 2.767	 2.777	 | 1.775 quantile
                      	 3.035	 2.433	 2.206	 2.778	   1.9	 1.403	 2.599	 2.524	 2.426	 2.552	 8.776	 8.753	 | 8.776 max

train losses    124:	0.2497	0.2425	0.3312	0.3244	0.2836	0.2822	0.4465	0.4531	0.5044	0.5013	 0.304	0.3063	
val losses      124:	0.2782	0.2475	0.3631	0.3598	0.3018	0.2964	0.3936	 0.408	0.5881	0.5987	 1.256	 1.258	 | 0.5291 mean
                     	 0.737	0.6503	 0.932	0.9594	0.7865	0.7353	 1.096	 1.111	 1.708	 1.623	 2.787	 2.803	 | 1.738 quantile
                      	 2.919	  2.32	 2.183	 2.751	 1.601	 1.347	 2.626	 2.555	 2.449	 2.562	 8.754	 8.724	 | 8.754 max

train losses    126:	0.2425	0.2365	 0.331	0.3241	0.2712	0.2662	0.4464	0.4531	0.4384	0.4391	0.2901	0.2921	
val losses      126:	0.2749	0.2464	0.3629	0.3596	0.3396	0.3377	0.3935	 0.409	0.5836	0.5926	 1.237	 1.238	 | 0.5312 mean
                     	0.7297	  0.65	0.9339	0.9584	0.8848	 0.847	  1.09	 1.112	 1.717	 1.604	 2.686	 2.697	 | 1.735 quantile
                      	 2.957	 2.339	 2.183	 2.767	 1.677	 1.636	 2.665	 2.579	 2.482	 2.665	 8.204	 8.225	 | 8.225 max

train losses    128:	0.2405	0.2315	0.3308	0.3239	0.2874	0.2824	0.4461	0.4525	0.3661	0.3676	 0.256	0.2521	
val losses      128:	0.2732	0.2461	0.3631	0.3595	0.3271	0.3288	0.3944	0.4103	0.5278	0.5351	 1.266	 1.266	 | 0.5247 mean
                     	0.7296	0.6527	0.9385	0.9591	0.8476	0.8241	  1.09	 1.097	 1.543	 1.405	 2.805	 2.791	 | 1.733 quantile
                      	 2.824	  2.21	 2.173	 2.795	 1.574	 1.525	 2.684	 2.608	 2.646	 2.901	 7.879	 7.883	 | 7.883 max

train losses    130:	0.2388	0.2329	0.3308	0.3238	0.2797	0.2789	0.4461	0.4525	0.3537	0.3574	0.2705	0.2686	
val losses      130:	0.2687	0.2484	0.3629	0.3594	0.2991	0.2954	0.3941	0.4084	0.5276	0.5204	 1.245	 1.243	 | 0.5144 mean
                     	 0.697	0.6599	0.9339	0.9555	0.7892	 0.735	 1.093	 1.105	 1.579	 1.411	 2.675	 2.649	 | 1.701 quantile
                      	 2.885	 2.281	  2.17	 2.773	 1.557	 1.302	 2.628	 2.565	 2.636	 2.883	 8.572	 8.545	 | 8.572 max

train losses    132:	0.2358	0.2294	0.3306	0.3241	 0.255	0.2498	0.4462	0.4525	0.3226	0.3203	0.2595	0.2576	
val losses      132:	0.2684	 0.246	0.3629	0.3594	0.2897	0.2843	0.3929	 0.408	0.5399	0.5396	  1.24	 1.242	 | 0.5144 mean
                     	0.7035	0.6513	 0.934	0.9574	0.7498	0.7108	 1.087	 1.107	 1.662	 1.495	 2.711	 2.741	 | 1.713 quantile
                      	 2.912	 2.308	 2.176	 2.786	 1.649	 1.224	 2.655	 2.585	 2.621	  2.85	 8.096	  8.07	 | 8.096 max

train losses    134:	0.2333	0.2252	0.3306	0.3237	0.2405	0.2319	0.4462	0.4525	0.3111	0.3112	0.2745	0.2719	
val losses      134:	0.2699	0.2449	0.3629	0.3598	 0.289	0.2813	 0.393	0.4073	0.5248	0.5326	 1.275	 1.276	 | 0.518 mean
                     	0.7005	0.6474	0.9317	0.9575	0.7405	0.7072	 1.085	 1.111	 1.565	 1.433	  2.83	 2.844	 | 1.734 quantile
                      	  2.93	 2.337	 2.197	 2.785	 1.679	 1.272	 2.621	 2.558	 2.669	 2.888	 8.655	 8.644	 | 8.655 max

train losses    136:	0.2325	0.2223	0.3305	0.3236	0.2379	0.2276	0.4464	0.4526	0.2996	0.2998	0.2999	0.3002	
val losses      136:	0.2684	0.2432	 0.363	0.3595	0.2881	0.2798	0.3924	0.4069	0.5239	0.5295	 1.243	 1.244	 | 0.5118 mean
                     	0.7015	0.6468	0.9336	0.9555	0.7382	0.7111	 1.077	 1.108	 1.572	 1.428	 2.706	 2.734	 | 1.692 quantile
                      	  2.91	 2.315	  2.19	 2.782	 1.694	 1.303	 2.634	 2.569	 2.695	 2.903	 8.308	 8.263	 | 8.308 max

train losses    138:	0.2294	0.2226	0.3304	0.3234	0.2343	0.2265	0.4468	 0.453	0.3084	0.3051	0.4013	 0.401	
val losses      138:	0.2658	0.2448	 0.363	0.3594	  0.29	0.2842	0.3921	 0.407	0.5361	0.5379	 1.253	 1.255	 | 0.5157 mean
                     	0.6864	0.6483	  0.93	0.9548	0.7507	0.7165	 1.085	 1.103	 1.636	 1.471	 2.873	 2.884	 | 1.714 quantile
                      	 2.935	 2.345	 2.183	  2.78	 1.661	 1.273	  2.65	 2.574	 2.584	 2.816	 8.554	 8.557	 | 8.557 max

train losses    140:	0.2306	0.2207	0.3304	0.3234	0.2339	0.2221	0.4466	0.4528	0.2964	 0.295	0.3592	0.3576	
val losses      140:	0.2703	0.2409	 0.363	0.3593	 0.289	0.2792	0.3933	0.4072	0.5393	0.5514	 1.248	 1.247	 | 0.5157 mean
                     	 0.716	0.6315	0.9323	0.9553	0.7479	 0.702	 1.076	 1.108	 1.633	 1.491	 2.663	 2.658	 | 1.714 quantile
                      	 2.984	 2.394	 2.189	 2.769	 1.676	 1.387	 2.621	 2.564	 2.579	 2.779	 8.139	 8.093	 | 8.139 max

train losses    142:	0.2287	0.2196	0.3303	0.3235	0.2312	0.2207	0.4454	0.4517	0.2939	0.2932	0.2233	0.2208	
val losses      142:	0.2646	 0.243	 0.363	0.3595	0.2885	0.2802	0.3922	0.4074	0.5432	0.5389	 1.257	 1.259	 | 0.5163 mean
                     	0.6919	0.6449	0.9323	0.9563	0.7382	0.7012	 1.078	   1.1	 1.645	 1.483	 2.835	 2.836	 | 1.723 quantile
                      	 2.909	 2.314	 2.173	 2.789	 1.686	 1.248	 2.659	 2.588	 2.567	 2.777	 8.144	 8.088	 | 8.144 max

train losses    144:	0.2275	0.2182	0.3303	0.3233	0.2303	0.2204	0.4454	0.4517	0.2921	0.2881	0.1871	0.1847	
val losses      144:	0.2647	0.2416	0.3629	0.3593	0.2865	0.2781	0.3927	0.4072	0.5404	0.5435	 1.241	 1.242	 | 0.5133 mean
                     	 0.692	0.6397	0.9321	0.9558	0.7384	0.7001	 1.084	 1.104	 1.627	 1.487	 2.729	 2.715	 | 1.707 quantile
                      	 2.932	 2.336	 2.172	 2.796	 1.638	  1.28	 2.635	 2.568	 2.526	 2.749	 8.053	 8.013	 | 8.053 max

train losses    146:	0.2256	0.2177	0.3302	0.3233	0.2279	0.2172	0.4454	0.4514	0.2868	0.2873	0.1819	0.1797	
val losses      146:	0.2639	0.2418	0.3629	0.3593	0.2905	 0.283	 0.392	 0.407	0.5508	0.5463	 1.242	 1.243	 | 0.5151 mean
                     	0.6895	0.6386	0.9312	0.9551	0.7455	0.7098	 1.085	 1.101	 1.653	 1.516	 2.744	 2.725	 | 1.713 quantile
                      	 2.886	 2.294	 2.168	 2.788	 1.549	 1.301	  2.65	 2.584	  2.53	 2.734	 8.112	 8.079	 | 8.112 max

train losses    148:	0.2252	 0.216	0.3302	0.3232	0.2269	0.2157	0.4454	0.4515	0.2835	0.2807	0.1746	0.1744	
val losses      148:	0.2645	0.2402	0.3628	0.3592	0.2864	0.2792	0.3918	0.4067	0.5434	0.5463	 1.249	  1.25	 | 0.515 mean
                     	 0.694	 0.636	 0.931	0.9563	0.7448	0.6986	 1.081	 1.098	 1.629	 1.503	  2.79	  2.79	 | 1.711 quantile
                      	 2.901	 2.294	 2.173	 2.788	 1.553	 1.308	 2.649	 2.577	 2.522	 2.733	 8.156	 8.119	 | 8.156 max

train losses    150:	0.2244	0.2142	0.3301	0.3231	0.2259	0.2139	0.4452	0.4513	0.2748	0.2745	0.1663	0.1655	
val losses      150:	 0.263	0.2418	0.3629	0.3592	0.2913	 0.285	0.3922	0.4063	0.5394	0.5417	 1.255	 1.256	 | 0.5162 mean
                     	0.6859	0.6405	0.9297	0.9555	 0.758	0.7081	 1.081	   1.1	 1.638	 1.494	 2.755	 2.736	 | 1.719 quantile
                      	 2.908	 2.301	 2.176	 2.781	 1.529	 1.319	 2.633	 2.569	  2.56	 2.771	 8.496	 8.458	 | 8.496 max

train losses    152:	0.2233	 0.214	0.3301	0.3231	0.2272	0.2162	0.4451	0.4513	0.2688	0.2677	0.1823	0.1804	
val losses      152:	0.2639	0.2395	0.3628	0.3591	0.2962	0.2906	0.3917	0.4068	0.5352	0.5361	 1.252	 1.253	 | 0.5155 mean
                     	0.6891	0.6328	0.9279	0.9558	0.7759	0.7292	 1.081	   1.1	 1.605	 1.464	 2.824	 2.819	 | 1.706 quantile
                      	 2.892	  2.28	 2.164	 2.788	 1.503	 1.373	 2.665	 2.592	 2.573	 2.791	 8.162	 8.129	 | 8.162 max

train losses    154:	0.2223	0.2131	  0.33	 0.323	0.2269	0.2149	 0.445	0.4511	0.2636	0.2629	0.2113	0.2109	
val losses      154:	 0.263	0.2411	0.3628	0.3592	 0.304	 0.299	0.3921	0.4063	0.5323	0.5351	 1.246	 1.246	 | 0.5155 mean
                     	0.6835	0.6342	0.9294	0.9536	0.7949	0.7497	 1.078	   1.1	  1.58	  1.45	 2.641	 2.642	 | 1.707 quantile
                      	 2.928	 2.317	 2.169	 2.783	 1.505	 1.425	 2.637	 2.569	  2.61	 2.826	 8.564	 8.519	 | 8.564 max

train losses    156:	0.2227	0.2125	  0.33	 0.323	 0.229	0.2171	0.4449	 0.451	0.2615	 0.261	0.2563	 0.254	
val losses      156:	0.2658	 0.236	0.3627	0.3591	0.2979	0.2909	0.3928	0.4088	0.5384	0.5347	  1.27	 1.272	 | 0.5191 mean
                     	0.7058	0.6228	0.9302	0.9556	0.7761	 0.731	 1.081	 1.094	 1.608	 1.443	 2.897	 2.872	 | 1.765 quantile
                      	 2.856	  2.25	 2.158	 2.786	 1.475	 1.426	   2.7	 2.624	 2.532	 2.765	 7.474	 7.421	 | 7.474 max

train losses    158:	0.2226	0.2119	0.3299	0.3229	0.2277	0.2157	0.4454	0.4512	0.2682	0.2669	0.3318	0.3298	
val losses      158:	0.2629	0.2404	0.3628	0.3591	0.3096	0.3041	0.3922	0.4066	0.5325	0.5341	 1.222	 1.222	 | 0.5124 mean
                     	0.6907	0.6358	0.9296	0.9581	0.8071	0.7673	 1.078	 1.101	 1.587	 1.446	 2.602	 2.599	 | 1.684 quantile
                      	 2.922	  2.32	 2.165	 2.785	 1.515	 1.476	 2.645	 2.579	 2.562	 2.775	 8.444	 8.395	 | 8.444 max

train losses    160:	0.2226	0.2152	0.3299	 0.323	0.2301	0.2184	0.4452	0.4512	0.2646	0.2671	0.3838	0.3844	
val losses      160:	0.2632	0.2376	0.3628	 0.359	0.2979	0.2913	0.3917	0.4072	0.5449	0.5369	 1.226	 1.227	 | 0.5121 mean
                     	0.6985	0.6305	 0.932	0.9546	0.7798	0.7219	 1.076	 1.099	 1.631	 1.464	 2.621	 2.618	 | 1.696 quantile
                      	 2.883	 2.278	 2.164	 2.789	 1.469	 1.408	 2.683	 2.609	 2.512	  2.73	 7.745	 7.698	 | 7.745 max

train losses    162:	0.2248	0.2149	  0.33	 0.323	0.2347	0.2226	0.4453	0.4509	0.2863	0.2866	0.2526	0.2532	
val losses      162:	0.2637	0.2427	0.3627	0.3591	0.3161	0.3115	0.3919	0.4072	0.5432	0.5368	 1.245	 1.248	 | 0.519 mean
                     	 0.694	0.6421	0.9291	0.9593	0.8163	0.7818	 1.079	 1.094	 1.601	 1.461	 2.784	 2.787	 | 1.717 quantile
                      	 2.855	  2.25	 2.151	  2.77	 1.546	 1.536	 2.684	 2.608	 2.477	 2.683	 7.996	 7.943	 | 7.996 max

train losses    164:	0.2243	0.2139	0.3299	 0.323	0.2399	0.2281	0.4447	0.4506	0.2793	0.2767	0.1789	0.1765	
val losses      164:	0.2641	0.2422	0.3626	 0.359	0.3373	0.3376	0.3919	0.4063	0.5416	0.5441	 1.253	 1.253	 | 0.5244 mean
                     	0.6924	 0.642	0.9269	0.9592	0.8613	0.8242	 1.077	 1.094	  1.61	  1.48	 2.779	 2.761	 | 1.704 quantile
                      	 2.839	 2.202	 2.157	 2.769	 1.591	 1.557	  2.65	 2.583	  2.52	 2.705	  8.33	 8.266	 | 8.33 max

train losses    166:	0.2224	0.2132	0.3298	 0.323	0.2455	0.2347	0.4445	0.4503	0.2695	0.2718	0.1634	0.1627	
val losses      166:	0.2646	0.2434	0.3628	 0.359	  0.36	0.3662	0.3916	0.4064	0.5422	0.5377	  1.24	 1.242	 | 0.5263 mean
                     	0.6925	0.6416	0.9279	0.9594	0.9057	0.8849	 1.077	 1.096	 1.611	 1.463	 2.742	 2.725	 | 1.694 quantile
                      	 2.828	 2.195	 2.155	 2.761	  1.63	 1.748	 2.675	 2.602	  2.46	 2.678	 8.298	 8.255	 | 8.298 max

train losses    168:	 0.223	0.2136	0.3299	 0.323	 0.255	0.2447	0.4446	0.4504	0.2706	0.2688	0.1713	0.1726	
val losses      168:	0.2664	0.2419	0.3626	 0.359	0.3524	0.3552	0.3916	0.4066	0.5422	0.5446	 1.251	 1.253	 | 0.5272 mean
                     	0.7019	0.6357	0.9282	0.9596	0.8909	 0.863	 1.075	 1.094	  1.62	 1.486	 2.781	 2.785	 | 1.7 quantile
                      	 2.794	 2.159	 2.153	 2.761	 1.651	 1.677	 2.678	 2.601	 2.438	 2.658	 8.325	 8.293	 | 8.325 max

train losses    170:	0.2218	0.2114	0.3298	0.3229	0.2577	0.2487	0.4442	  0.45	 0.279	0.2778	0.1873	0.1874	
val losses      170:	0.2648	0.2425	0.3627	 0.359	0.3589	0.3627	0.3917	0.4065	0.5377	0.5399	 1.242	 1.243	 | 0.526 mean
                     	0.6955	0.6357	0.9282	0.9574	0.9004	0.8778	 1.073	 1.097	 1.587	 1.455	 2.687	 2.681	 | 1.692 quantile
                      	 2.824	 2.187	 2.154	  2.76	 1.668	 1.708	  2.67	   2.6	 2.473	 2.632	  8.36	 8.308	 | 8.36 max

train losses    172:	0.2232	0.2142	0.3299	0.3229	0.2783	0.2737	0.4444	0.4501	0.2884	0.2866	0.1712	0.1709	
val losses      172:	0.2679	0.2415	0.3625	0.3589	0.3658	0.3677	0.3927	0.4078	0.5462	 0.544	 1.244	 1.245	 | 0.5286 mean
                     	0.7061	0.6398	0.9282	0.9596	0.9018	0.8879	 1.079	 1.093	 1.616	 1.472	 2.738	 2.728	 | 1.699 quantile
                      	 2.823	 2.195	  2.15	  2.76	 1.711	 1.733	 2.694	 2.617	 2.419	 2.594	 8.005	 7.983	 | 8.005 max

train losses    174:	0.2266	0.2168	0.3298	 0.323	0.2971	0.2931	0.4444	0.4499	0.2782	0.2792	 0.167	 0.167	
val losses      174:	0.2665	 0.243	0.3627	0.3589	 0.359	0.3601	0.3924	0.4073	0.5469	 0.546	 1.243	 1.243	 | 0.5274 mean
                     	0.7051	0.6447	0.9291	0.9606	 0.891	0.8739	 1.079	 1.094	 1.621	 1.481	 2.703	 2.708	 | 1.7 quantile
                      	 2.838	 2.207	 2.148	 2.757	 1.696	 1.705	 2.686	 2.615	 2.454	 2.632	 8.104	 8.091	 | 8.104 max

train losses    176:	0.2307	0.2227	0.3299	0.3232	 0.302	0.3015	0.4443	  0.45	0.2584	0.2577	0.1645	0.1626	
val losses      176:	0.2639	0.2393	0.3624	 0.359	0.3014	0.2953	0.3922	 0.407	0.5448	0.5465	 1.246	 1.247	 | 0.517 mean
                     	 0.699	0.6354	0.9265	0.9591	0.7987	0.7437	 1.076	 1.096	  1.63	  1.49	 2.788	 2.766	 | 1.703 quantile
                      	 2.823	 2.196	 2.161	 2.758	 1.552	 1.528	 2.682	 2.611	 2.439	 2.651	 8.148	 8.105	 | 8.148 max

train losses    178:	0.2319	0.2246	  0.33	0.3234	0.2708	0.2667	 0.444	0.4496	0.2487	 0.251	0.1652	0.1648	
val losses      178:	0.2601	0.2398	0.3627	0.3591	0.2785	0.2714	0.3916	0.4058	 0.545	0.5484	 1.243	 1.245	 | 0.5126 mean
                     	0.6845	0.6338	0.9259	0.9609	0.7284	0.6839	 1.075	 1.102	 1.632	 1.493	 2.736	 2.726	 | 1.7 quantile
                      	 2.831	 2.209	 2.167	  2.77	 1.559	 1.321	 2.654	  2.59	 2.563	 2.766	 8.361	 8.312	 | 8.361 max

train losses    180:	0.2268	0.2192	0.3299	0.3233	0.2338	0.2235	0.4437	0.4494	0.2671	  0.27	0.1664	0.1655	
val losses      180:	0.2592	0.2406	0.3625	 0.359	 0.276	0.2684	0.3912	0.4055	0.5406	0.5464	 1.248	  1.25	 | 0.5123 mean
                     	0.6849	0.6405	0.9268	 0.957	0.7015	0.6781	 1.073	   1.1	 1.608	 1.484	 2.829	 2.845	 | 1.702 quantile
                      	  2.81	 2.183	  2.18	 2.786	 1.642	 1.221	 2.652	 2.586	 2.634	 2.823	 8.361	 8.312	 | 8.361 max

train losses    182:	0.2228	0.2144	0.3298	0.3229	0.2192	0.2044	0.4438	0.4494	0.2919	0.2935	0.1889	0.1881	
val losses      182:	0.2585	0.2405	0.3627	 0.359	0.2793	0.2715	0.3919	0.4054	0.5408	0.5474	 1.245	 1.248	 | 0.5125 mean
                     	0.6842	0.6373	0.9311	0.9565	0.7128	0.6919	 1.075	 1.108	 1.607	  1.49	 2.686	  2.69	 | 1.705 quantile
                      	 2.845	 2.221	 2.191	 2.792	 1.706	 1.301	 2.633	 2.575	 2.684	  2.87	 8.493	 8.439	 | 8.493 max

train losses    184:	0.2213	 0.213	0.3296	0.3226	0.2205	0.2076	0.4433	 0.449	0.2803	0.2848	0.2203	0.2181	
val losses      184:	0.2594	0.2384	0.3626	 0.359	0.2815	 0.273	0.3907	0.4055	0.5373	0.5436	 1.241	 1.244	 | 0.5114 mean
                     	0.6825	0.6286	0.9286	0.9582	0.7192	0.6977	 1.073	 1.097	  1.59	 1.457	 2.823	 2.814	 | 1.701 quantile
                      	 2.837	 2.213	 2.185	 2.808	 1.696	 1.341	  2.67	 2.603	 2.637	 2.842	 7.901	 7.839	 | 7.901 max

train losses    186:	0.2204	0.2124	0.3296	0.3224	0.2203	0.2065	0.4436	0.4492	0.2546	0.2558	0.2542	0.2546	
val losses      186:	0.2597	0.2387	0.3626	0.3591	0.2777	0.2674	 0.392	0.4054	0.5334	0.5392	 1.225	 1.224	 | 0.507 mean
                     	0.6864	0.6314	0.9283	 0.959	0.7122	0.6816	  1.07	 1.104	 1.523	 1.408	 2.598	 2.594	 | 1.677 quantile
                      	 2.921	 2.297	 2.186	 2.799	 1.712	 1.248	 2.633	 2.579	   2.7	 2.886	 8.405	 8.345	 | 8.405 max

train losses    188:	 0.221	0.2134	0.3297	0.3225	0.2181	0.2028	0.4429	0.4484	0.2535	0.2529	0.2965	0.2953	
val losses      188:	0.2653	0.2354	0.3625	 0.359	0.2813	0.2709	0.3909	0.4065	0.5303	0.5428	 1.266	 1.268	 | 0.5149 mean
                     	0.7059	0.6258	0.9295	0.9604	0.7122	0.6859	 1.071	 1.094	 1.556	 1.416	 2.914	 2.909	 | 1.767 quantile
                      	 2.888	 2.275	 2.189	 2.814	 1.664	 1.262	 2.703	 2.632	 2.589	 2.821	 7.159	 7.057	 | 7.159 max

train losses    190:	 0.222	0.2123	0.3296	0.3224	0.2201	0.2035	0.4432	0.4484	0.2757	0.2741	0.3223	0.3214	
val losses      190:	0.2642	0.2398	0.3627	0.3592	  0.28	0.2705	0.3912	0.4047	0.5333	0.5408	 1.221	 1.223	 | 0.5075 mean
                     	0.6992	0.6297	0.9294	0.9582	0.7112	0.6854	 1.069	   1.1	  1.47	 1.362	  2.61	 2.617	 | 1.662 quantile
                      	 2.968	 2.354	  2.19	 2.793	 1.695	 1.237	 2.644	 2.589	 2.675	 2.874	 8.366	 8.255	 | 8.366 max

train losses    192:	0.2209	0.2136	0.3296	0.3225	0.2186	0.2061	0.4429	0.4481	0.2613	0.2582	0.2669	0.2668	
val losses      192:	0.2673	0.2435	0.3628	0.3591	 0.281	0.2705	0.3901	0.4047	0.5349	0.5483	 1.224	 1.226	 | 0.5093 mean
                     	0.6994	0.6422	 0.929	0.9548	 0.713	0.6882	 1.066	 1.095	 1.514	 1.407	 2.674	 2.699	 | 1.666 quantile
                      	 2.978	 2.358	  2.19	 2.813	 1.702	 1.317	 2.668	 2.606	 2.727	  2.91	 7.959	 7.879	 | 7.959 max

train losses    194:	0.2185	0.2108	0.3295	0.3224	0.2208	0.2046	 0.442	0.4472	0.2532	0.2539	0.1783	0.1797	
val losses      194:	0.2624	0.2404	0.3626	0.3591	0.2797	0.2689	0.3901	0.4041	0.5356	0.5351	 1.235	 1.238	 | 0.5093 mean
                     	0.6847	0.6334	0.9261	0.9559	0.7145	0.6738	 1.065	 1.092	 1.518	 1.375	 2.746	 2.765	 | 1.678 quantile
                      	   3.0	 2.389	 2.183	 2.784	 1.687	 1.265	 2.651	 2.589	 2.717	 2.907	 8.277	 8.172	 | 8.277 max

train losses    196:	0.2173	0.2095	0.3295	0.3223	0.2202	0.2072	0.4414	0.4468	 0.247	0.2447	0.1605	 0.161	
val losses      196:	0.2631	0.2423	0.3626	0.3591	0.2812	0.2724	0.3906	0.4041	0.5316	0.5424	 1.243	 1.245	 | 0.5115 mean
                     	 0.687	0.6441	0.9277	0.9567	 0.713	0.6924	 1.067	 1.097	  1.52	  1.41	 2.769	 2.788	 | 1.683 quantile
                      	 2.963	  2.34	 2.192	 2.794	 1.725	 1.348	  2.64	 2.587	 2.691	  2.88	 8.295	 8.223	 | 8.295 max

train losses    198:	0.2167	0.2088	0.3294	0.3223	0.2232	0.2094	 0.441	0.4462	0.2421	0.2422	0.1622	0.1627	
val losses      198:	0.2614	0.2388	0.3626	0.3591	0.2797	 0.271	0.3905	 0.404	0.5295	 0.538	 1.229	 1.231	 | 0.508 mean
                     	0.6833	0.6321	0.9261	0.9562	0.7176	0.6857	 1.065	 1.098	 1.518	 1.391	 2.696	 2.682	 | 1.674 quantile
                      	 2.982	 2.367	 2.184	 2.789	 1.754	 1.311	  2.65	 2.586	 2.702	   2.9	 8.253	 8.156	 | 8.253 max

train losses    200:	0.2156	0.2066	0.3294	0.3222	0.2224	0.2091	0.4403	0.4455	0.2453	0.2435	0.1493	0.1486	
val losses      200:	 0.262	0.2375	0.3626	0.3591	 0.288	0.2795	0.3899	0.4037	0.5341	0.5391	 1.235	 1.238	 | 0.5107 mean
                     	0.6928	0.6257	0.9253	0.9548	0.7244	0.7142	 1.068	  1.09	 1.547	 1.416	 2.763	 2.753	 | 1.688 quantile
                      	 2.945	 2.331	 2.191	 2.798	 1.739	 1.364	 2.655	 2.588	 2.653	  2.85	 7.972	  7.87	 | 7.972 max

train losses    202:	 0.215	0.2065	0.3294	0.3222	0.2235	0.2086	0.4399	 0.445	0.2455	0.2465	0.1475	0.1484	
val losses      202:	0.2602	0.2387	0.3627	0.3592	0.2853	0.2775	0.3905	0.4035	0.5317	0.5403	 1.229	  1.23	 | 0.5091 mean
                     	0.6851	0.6269	0.9273	0.9556	0.7244	0.7077	 1.064	 1.095	 1.515	 1.403	 2.673	 2.664	 | 1.676 quantile
                      	 2.961	 2.348	  2.19	 2.797	 1.759	 1.356	 2.635	 2.577	 2.701	 2.891	 8.176	 8.074	 | 8.176 max

train losses    204:	0.2143	0.2069	0.3293	0.3222	0.2226	0.2089	 0.439	 0.444	0.2358	0.2358	 0.161	0.1601	
val losses      204:	0.2605	0.2376	0.3627	0.3591	0.2931	0.2855	0.3897	 0.403	0.5376	0.5432	 1.235	 1.237	 | 0.512 mean
                     	 0.691	0.6228	0.9261	0.9552	0.7367	0.7273	 1.064	 1.088	 1.585	 1.432	  2.77	 2.764	 | 1.696 quantile
                      	 2.952	 2.342	 2.199	   2.8	 1.759	 1.423	 2.651	 2.591	  2.65	 2.846	 7.895	 7.794	 | 7.895 max

train losses    206:	0.2155	0.2069	0.3293	0.3222	0.2279	0.2131	0.4383	0.4432	0.2371	 0.237	0.1627	 0.163	
val losses      206:	0.2606	0.2384	0.3627	0.3592	0.2953	0.2893	0.3905	0.4027	0.5371	0.5446	 1.232	 1.235	 | 0.5123 mean
                     	0.6912	0.6211	0.9272	0.9556	0.7478	0.7358	 1.063	 1.091	 1.593	 1.453	 2.723	 2.709	 | 1.688 quantile
                      	 2.958	 2.348	 2.196	 2.788	 1.782	 1.366	 2.625	 2.563	 2.673	 2.876	 8.323	 8.222	 | 8.323 max

train losses    208:	0.2158	0.2087	0.3293	0.3221	0.2314	0.2186	0.4373	0.4422	0.2669	 0.266	0.1607	0.1613	
val losses      208:	0.2629	0.2393	0.3628	0.3592	0.3108	0.3062	0.3899	0.4022	0.5429	0.5557	 1.235	 1.238	 | 0.5171 mean
                     	0.6973	0.6225	0.9279	0.9562	0.7729	0.7709	 1.059	 1.083	 1.637	 1.498	 2.812	 2.834	 | 1.699 quantile
                      	  2.92	 2.309	 2.203	 2.789	 1.804	  1.46	 2.636	 2.575	 2.636	 2.829	 8.043	 7.942	 | 8.043 max

train losses    210:	0.2177	0.2107	0.3292	0.3221	0.2401	0.2281	0.4362	0.4411	0.2795	0.2802	0.1769	0.1759	
val losses      210:	0.2636	  0.24	0.3627	0.3592	 0.308	0.3049	0.3914	0.4025	0.5339	 0.544	 1.248	  1.25	 | 0.5174 mean
                     	0.6955	0.6209	0.9276	0.9542	0.7668	0.7613	 1.063	 1.087	 1.582	 1.444	 2.745	 2.751	 | 1.702 quantile
                      	 2.921	 2.306	 2.196	 2.783	 1.815	 1.344	 2.609	 2.551	 2.661	 2.857	 8.506	 8.416	 | 8.506 max

train losses    212:	0.2185	0.2127	0.3293	0.3222	0.2413	0.2303	0.4349	0.4396	0.2762	0.2761	0.2027	0.2031	
val losses      212:	0.2647	0.2379	0.3629	0.3593	0.3057	0.3015	0.3895	0.4013	0.5325	 0.544	 1.228	 1.231	 | 0.5133 mean
                     	0.7046	0.6223	0.9301	 0.955	 0.773	0.7536	 1.059	 1.071	 1.573	 1.431	 2.783	 2.798	 | 1.688 quantile
                      	  2.89	 2.277	  2.21	 2.788	 1.815	 1.426	 2.629	 2.568	 2.664	 2.855	 7.826	 7.717	 | 7.826 max

train losses    214:	0.2193	0.2141	0.3292	0.3221	 0.245	0.2339	0.4335	0.4381	0.2418	0.2425	0.2323	0.2323	
val losses      214:	0.2636	0.2382	0.3627	0.3593	0.2944	0.2884	  0.39	0.4007	0.5326	 0.539	 1.232	 1.235	 | 0.5114 mean
                     	0.6962	0.6179	0.9287	0.9567	0.7455	 0.729	 1.058	 1.077	   1.5	 1.377	 2.718	 2.711	 | 1.674 quantile
                      	 2.918	 2.306	 2.199	 2.778	 1.791	 1.278	 2.591	 2.526	  2.71	 2.891	 8.511	 8.416	 | 8.511 max

train losses    216:	0.2212	0.2159	0.3293	0.3222	0.2493	 0.241	0.4319	0.4363	0.2468	0.2475	0.2606	0.2607	
val losses      216:	0.2633	0.2375	0.3632	0.3594	0.3039	0.2979	0.3889	0.3994	0.5342	0.5362	 1.226	 1.228	 | 0.5115 mean
                     	0.6947	0.6271	0.9302	0.9562	0.7615	0.7484	 1.052	 1.068	 1.518	 1.364	 2.679	  2.69	 | 1.675 quantile
                      	 2.941	 2.329	 2.213	 2.779	 1.826	 1.416	 2.578	 2.513	 2.669	 2.861	 7.862	 7.759	 | 7.862 max

train losses    218:	0.2202	0.2149	0.3291	0.3219	0.2446	0.2343	0.4294	0.4339	0.2786	0.2782	 0.233	0.2346	
val losses      218:	0.2616	0.2382	0.3627	0.3593	0.2923	0.2841	0.3893	 0.399	0.5357	0.5378	 1.235	 1.238	 | 0.5111 mean
                     	0.6888	0.6276	0.9286	0.9532	0.7255	0.7223	 1.049	 1.067	 1.505	 1.375	  2.78	 2.789	 | 1.677 quantile
                      	 2.915	   2.3	 2.202	 2.767	 1.754	 1.313	 2.527	 2.465	 2.677	 2.869	 8.328	 8.216	 | 8.328 max

train losses    220:	0.2207	0.2151	0.3291	0.3219	0.2399	0.2291	0.4278	0.4323	0.2656	0.2671	0.2028	0.2017	
val losses      220:	0.2624	0.2394	0.3632	0.3596	0.2794	0.2691	0.3904	0.3988	0.5374	0.5384	 1.236	 1.236	 | 0.5091 mean
                     	0.6895	0.6329	 0.931	0.9605	0.7076	0.6853	  1.05	 1.071	 1.541	 1.382	  2.66	 2.652	 | 1.675 quantile
                      	  2.96	 2.343	 2.197	 2.764	 1.766	 1.325	 2.478	 2.457	 2.694	 2.877	 8.337	 8.262	 | 8.337 max

train losses    222:	0.2208	0.2173	0.3289	0.3218	0.2281	0.2187	0.4248	0.4293	0.2458	0.2496	0.1725	0.1725	
val losses      222:	0.2649	0.2424	 0.363	0.3594	0.2741	0.2626	  0.39	0.3977	0.5407	0.5356	 1.246	 1.248	 | 0.5104 mean
                     	0.6954	0.6447	0.9293	0.9563	 0.693	 0.663	 1.053	 1.075	 1.572	 1.404	 2.832	 2.846	 | 1.694 quantile
                      	 2.893	 2.266	 2.186	 2.759	 1.716	 1.289	 2.436	 2.453	 2.637	 2.837	 8.192	 8.084	 | 8.192 max

train losses    224:	 0.224	0.2226	 0.329	0.3221	0.2232	0.2123	0.4249	0.4296	 0.246	0.2507	0.1454	0.1459	
val losses      224:	0.2698	0.2474	0.3633	0.3599	0.2776	 0.268	0.3933	0.3998	0.5442	0.5387	 1.236	 1.237	 | 0.5112 mean
                     	0.7045	 0.652	0.9278	0.9595	 0.703	0.6816	 1.066	 1.086	 1.607	 1.422	 2.727	 2.723	 | 1.684 quantile
                      	 2.808	 2.165	 2.193	 2.753	 1.742	 1.282	 2.431	 2.386	 2.594	 2.794	 8.307	 8.226	 | 8.307 max

train losses    226:	0.2328	0.2305	0.3291	0.3228	0.2149	0.2052	0.4265	 0.431	0.2418	 0.245	0.1439	0.1444	
val losses      226:	 0.277	0.2556	0.3632	0.3598	0.2759	0.2649	0.3937	0.3996	 0.539	0.5374	  1.24	 1.243	 | 0.5124 mean
                     	0.7243	0.6703	0.9284	 0.957	 0.698	0.6761	 1.063	 1.089	 1.588	 1.414	 2.803	 2.826	 | 1.687 quantile
                      	 2.752	 2.104	 2.197	 2.752	  1.72	  1.27	 2.467	 2.427	 2.577	 2.783	 8.311	 8.215	 | 8.311 max

train losses    228:	 0.246	0.2444	0.3295	0.3238	0.2128	0.2028	0.4304	0.4354	 0.237	 0.238	 0.136	0.1363	
val losses      228:	0.2792	0.2573	0.3629	0.3593	0.2745	0.2629	 0.389	0.3947	0.5383	0.5372	 1.244	 1.246	 | 0.5121 mean
                     	0.7301	0.6724	0.9274	0.9545	0.6975	0.6648	  1.05	 1.063	 1.575	 1.396	 2.784	 2.801	 | 1.688 quantile
                      	 2.705	  2.04	 2.187	 2.747	 1.718	 1.245	 2.309	 2.354	 2.587	 2.789	 8.457	 8.372	 | 8.457 max

train losses    230:	0.2507	0.2493	0.3289	0.3227	0.2111	   0.2	0.4203	0.4249	0.2325	0.2337	 0.136	0.1378	
val losses      230:	0.2674	0.2487	0.3624	0.3586	 0.275	0.2622	0.3837	0.3893	0.5383	0.5377	 1.245	 1.248	 | 0.5097 mean
                     	 0.707	0.6644	0.9268	0.9527	0.6961	0.6594	 1.034	 1.025	 1.559	 1.384	 2.801	 2.827	 | 1.685 quantile
                      	 2.774	 2.108	 2.172	 2.737	 1.685	  1.28	 2.359	 2.416	 2.626	 2.823	 8.574	 8.491	 | 8.574 max

train losses    232:	0.2374	0.2363	0.3279	0.3207	0.2104	0.1954	0.4029	0.4064	 0.234	0.2359	0.1409	0.1425	
val losses      232:	0.2642	0.2479	0.3625	0.3584	0.2742	0.2607	0.3819	0.3867	0.5392	0.5375	 1.234	 1.236	 | 0.5069 mean
                     	0.6935	0.6633	0.9271	0.9534	0.6928	0.6586	 1.021	  1.03	 1.558	 1.377	 2.712	 2.701	 | 1.677 quantile
                      	 2.744	 2.067	 2.164	 2.736	 1.678	 1.272	 2.414	 2.461	 2.616	 2.798	 8.489	 8.396	 | 8.489 max

train losses    234:	0.2332	0.2331	0.3277	0.3205	0.2057	0.1902	 0.392	0.3954	0.2399	0.2433	0.1544	0.1542	
val losses      234:	0.2658	0.2491	0.3626	0.3581	0.2742	0.2599	0.3816	0.3849	0.5437	0.5416	 1.235	 1.237	 | 0.5078 mean
                     	0.6947	0.6675	0.9268	 0.955	0.6932	0.6585	 1.024	 1.045	  1.59	  1.39	 2.749	  2.74	 | 1.675 quantile
                      	 2.692	 2.021	 2.158	 2.737	 1.682	 1.223	 2.434	  2.47	 2.597	  2.78	 8.386	 8.299	 | 8.386 max

train losses    236:	0.2354	0.2361	0.3273	0.3199	0.2044	0.1892	0.3817	0.3853	0.2437	0.2481	0.1754	0.1761	
val losses      236:	0.2669	0.2471	0.3624	0.3579	0.2746	0.2601	0.3786	0.3809	0.5442	0.5402	 1.229	 1.229	 | 0.5059 mean
                     	0.7011	0.6639	0.9276	0.9536	0.6926	0.6589	 1.017	 1.035	 1.594	 1.397	 2.661	  2.65	 | 1.671 quantile
                      	 2.609	 1.929	 2.152	 2.736	 1.709	 1.207	 2.438	 2.493	 2.572	 2.736	 8.431	 8.356	 | 8.431 max

train losses    238:	0.2341	0.2342	0.3266	0.3193	0.2028	0.1889	0.3743	0.3775	0.2391	0.2429	0.2305	0.2289	
val losses      238:	0.2697	0.2465	0.3614	0.3574	0.2738	0.2602	 0.374	0.3758	0.5455	0.5449	 1.241	 1.244	 | 0.5079 mean
                     	0.7148	0.6625	 0.929	0.9546	0.6937	0.6656	 1.009	 1.027	 1.614	 1.421	 2.831	 2.848	 | 1.683 quantile
                      	 2.573	 1.889	 2.156	 2.723	   1.7	 1.206	  2.44	 2.497	 2.566	 2.755	 8.273	 8.198	 | 8.273 max

train losses    240:	0.2348	0.2347	0.3261	0.3189	0.2048	0.1893	0.3621	0.3651	0.2362	0.2393	0.3345	0.3331	
val losses      240:	 0.269	 0.248	0.3615	0.3574	0.2741	 0.261	0.3741	0.3756	0.5445	0.5486	 1.234	 1.233	 | 0.5068 mean
                     	0.7164	0.6602	0.9286	0.9514	0.6947	 0.662	 1.003	 1.019	 1.627	 1.455	 2.625	 2.611	 | 1.679 quantile
                      	 2.697	 2.001	 2.182	 2.703	 1.725	 1.192	 2.451	 2.529	 2.577	 2.732	 8.702	 8.643	 | 8.702 max

train losses    242:	0.2345	 0.235	0.3269	0.3203	0.2038	0.1907	 0.372	0.3748	0.2436	0.2471	0.3757	0.3711	
val losses      242:	0.2775	0.2473	0.3606	0.3581	0.2721	0.2603	0.3747	0.3785	0.5388	0.5544	  1.24	 1.244	 | 0.5089 mean
                     	0.7396	 0.666	0.9335	0.9568	0.6987	0.6727	 1.031	 1.032	  1.59	 1.434	 3.029	  3.05	 | 1.671 quantile
                      	 2.647	  1.99	 2.194	   2.7	 1.694	 1.258	 2.518	 2.579	 2.603	 2.755	  7.87	 7.825	 | 7.87 max

train losses    244:	0.2378	0.2384	0.3281	 0.322	0.2141	0.1945	0.3761	0.3807	0.2808	0.2751	0.3382	0.3393	
val losses      244:	0.2834	0.2545	0.3614	0.3596	0.2794	 0.261	0.3897	0.4004	0.5499	0.5738	 1.247	 1.246	 | 0.5171 mean
                     	0.7532	0.6753	0.9337	 0.959	0.7084	0.6657	 1.045	 1.077	 1.595	 1.451	 2.638	 2.644	 | 1.704 quantile
                      	 2.822	 2.131	 2.206	 2.708	 1.754	 1.296	 2.551	 2.634	 2.649	 2.692	 8.749	 8.708	 | 8.749 max

train losses    246:	0.2421	0.2406	0.3322	0.3262	 0.226	0.2031	0.3995	0.4045	0.2841	0.2875	0.2501	0.2479	
val losses      246:	0.2843	0.2492	0.3632	0.3611	0.2846	0.2647	0.3954	0.4044	0.5405	0.5657	 1.202	 1.207	 | 0.5102 mean
                     	0.7656	0.6654	0.9417	0.9656	0.7141	0.6811	  1.05	 1.052	 1.601	 1.448	 2.683	 2.706	 | 1.656 quantile
                      	 2.768	 2.095	 2.242	 2.723	 1.699	  1.27	 2.555	 2.644	  2.57	 2.749	 7.951	 7.918	 | 7.951 max

train losses    248:	0.2416	0.2429	0.3392	0.3323	0.2227	0.2019	0.4101	0.4172	0.2909	0.2923	0.2037	0.2054	
val losses      248:	0.2897	0.2507	0.3602	0.3574	0.2753	0.2614	0.3623	 0.368	0.5508	0.5678	 1.194	 1.197	 | 0.5028 mean
                     	0.7886	 0.661	0.9299	0.9555	 0.711	0.6661	0.9745	0.9878	 1.618	 1.434	 2.606	 2.628	 | 1.659 quantile
                      	 2.733	 2.056	 2.175	 2.772	  1.66	 1.335	 2.424	 2.491	 2.589	 2.745	 7.726	 7.625	 | 7.726 max

train losses    250:	0.2454	0.2413	0.3297	0.3223	0.2094	0.2005	0.3708	0.3743	0.2958	0.2951	0.1798	0.1791	
val losses      250:	0.2861	0.2516	0.3641	0.3604	0.2839	0.2696	0.3832	0.3818	 0.565	0.5934	 1.229	 1.231	 | 0.5166 mean
                     	0.7654	 0.656	0.9333	0.9619	0.7224	 0.693	0.9949	 1.007	 1.439	 1.389	 2.773	 2.791	 | 1.668 quantile
                      	 2.803	 2.132	 2.203	   2.8	 1.682	 1.328	 2.087	 2.171	 2.791	 3.041	 8.064	 7.995	 | 8.064 max

train losses    252:	0.2406	0.2383	0.3311	0.3229	0.2157	0.2014	0.3649	0.3641	0.3096	0.3048	0.1662	0.1675	
val losses      252:	0.2777	0.2508	0.3616	0.3582	0.2847	 0.276	0.3593	0.3566	0.5327	0.5465	 1.223	 1.225	 | 0.5043 mean
                     	0.7298	0.6656	0.9247	0.9587	0.7206	0.6972	0.9542	0.9583	 1.461	 1.345	 2.677	 2.676	 | 1.641 quantile
                      	 2.852	 2.186	 2.166	 2.775	 1.602	 1.289	 2.306	 2.387	 2.701	 2.832	 8.451	 8.372	 | 8.451 max

train losses    254:	0.2384	0.2363	0.3264	0.3192	 0.217	0.2022	0.3366	0.3395	0.3227	0.3277	0.1578	0.1552	
val losses      254:	0.2826	0.2493	0.3606	0.3566	 0.276	0.2642	0.3575	0.3568	0.5444	0.5493	 1.222	 1.224	 | 0.5036 mean
                     	0.7501	 0.666	0.9227	0.9532	0.6897	  0.66	0.9645	0.9868	 1.502	 1.356	 2.641	 2.653	 | 1.652 quantile
                      	  3.05	 2.388	 2.183	  2.75	 1.647	 1.432	  2.31	 2.405	  2.69	 2.889	 8.269	 8.194	 | 8.269 max

train losses    256:	0.2386	0.2378	0.3245	0.3169	0.2077	0.2033	0.3217	0.3229	0.2662	0.2718	 0.141	0.1432	
val losses      256:	0.2807	0.2534	0.3604	0.3562	0.2777	0.2671	0.3551	0.3525	0.5508	0.5421	 1.232	 1.234	 | 0.5052 mean
                     	0.7309	0.6765	0.9267	0.9551	0.6984	 0.675	0.9533	0.9681	 1.594	 1.405	 2.683	 2.708	 | 1.668 quantile
                      	 2.962	 2.305	 2.187	 2.755	 1.656	 1.202	 2.276	 2.366	 2.506	  2.68	 8.403	 8.348	 | 8.403 max

train losses    258:	0.2408	0.2355	0.3232	0.3162	0.2094	0.2039	0.3065	0.3067	0.2503	0.2526	0.1421	0.1434	
val losses      258:	0.2825	 0.255	0.3588	0.3557	0.2781	 0.268	0.3481	 0.345	0.5377	0.5388	 1.233	 1.236	 | 0.5031 mean
                     	0.7398	0.6751	0.9285	0.9548	0.7013	0.6929	0.9421	0.9555	 1.538	 1.365	 2.715	 2.749	 | 1.659 quantile
                      	 3.033	 2.371	 2.194	  2.77	 1.691	 1.185	 2.301	 2.405	 2.749	 2.761	 8.548	   8.5	 | 8.548 max

train losses    260:	0.2426	0.2361	0.3226	 0.315	0.2061	0.2003	0.2979	0.2986	0.2744	0.2763	0.1403	0.1411	
val losses      260:	0.2859	0.2601	0.3591	0.3555	0.2781	0.2659	0.3561	 0.353	0.5584	0.5601	 1.236	 1.239	 | 0.5089 mean
                     	0.7478	0.6863	 0.932	0.9516	0.7079	0.6813	 0.972	0.9601	 1.659	 1.478	 2.744	 2.759	 | 1.68 quantile
                      	 2.979	 2.318	 2.204	 2.796	 1.673	 1.171	 2.293	 2.409	 2.503	 2.675	 8.305	 8.252	 | 8.305 max

train losses    262:	0.2502	0.2418	0.3215	 0.314	0.2001	0.1977	0.2939	0.2949	0.2811	0.2819	0.1536	0.1533	
val losses      262:	0.2924	0.2633	0.3588	0.3557	0.2733	0.2631	  0.35	0.3472	0.5432	 0.541	 1.238	 1.241	 | 0.5056 mean
                     	 0.774	0.6958	0.9282	0.9528	0.6935	0.6694	0.9465	0.9369	 1.532	 1.382	  2.76	  2.76	 | 1.658 quantile
                      	 2.973	 2.303	 2.181	 2.803	  1.67	 1.237	 2.151	 2.248	 2.597	 2.732	 8.523	 8.494	 | 8.523 max

train losses    264:	0.2595	0.2534	0.3208	 0.313	0.1994	0.1973	0.2812	0.2817	0.3356	0.3223	0.2299	0.2326	
val losses      264:	   0.3	0.2778	0.3593	0.3557	0.2732	0.2638	0.3524	0.3481	0.5506	0.5549	 1.228	  1.23	 | 0.5079 mean
                     	 0.782	0.7165	0.9326	0.9535	0.7022	0.6699	0.9483	0.9439	 1.567	 1.415	 2.722	  2.75	 | 1.661 quantile
                      	 2.968	 2.301	 2.173	 2.828	 1.693	 1.276	 2.154	 2.254	 2.789	 2.868	 8.147	  8.09	 | 8.147 max

train losses    266:	 0.287	0.2818	0.3204	0.3124	0.1986	0.2006	0.2802	0.2798	0.3091	0.3033	0.3082	0.3066	
val losses      266:	0.3163	0.2951	0.3596	0.3557	0.2724	0.2643	0.3476	0.3429	0.5574	0.5582	 1.239	 1.242	 | 0.5125 mean
                     	0.8325	0.7488	0.9314	0.9517	0.6982	0.6787	0.9399	0.9283	 1.594	 1.482	 2.877	 2.885	 | 1.662 quantile
                      	 2.979	 2.319	 2.156	 2.828	 1.654	 1.213	 2.218	 2.307	 2.463	 2.613	 8.308	 8.252	 | 8.308 max

train losses    268:	 0.318	0.3219	0.3212	0.3127	0.1984	0.1983	0.2732	0.2733	 0.259	0.2518	0.2649	0.2681	
val losses      268:	0.2993	0.2652	0.3603	0.3562	 0.275	0.2666	0.3509	0.3455	0.5379	0.5478	 1.221	 1.221	 | 0.5039 mean
                     	0.8015	0.6952	 0.936	0.9591	0.7093	0.6755	0.9415	 0.935	  1.59	 1.405	 2.613	 2.637	 | 1.658 quantile
                      	 3.017	 2.361	  2.15	 2.818	  1.61	 1.431	 2.112	 2.212	 2.646	 2.821	  8.21	 8.139	 | 8.21 max

train losses    270:	0.2628	0.2554	  0.32	0.3118	0.1966	0.2004	0.2681	0.2675	 0.253	0.2471	 0.211	0.2106	
val losses      270:	0.2945	0.2616	0.3581	0.3557	0.2762	0.2719	0.3447	0.3396	0.5408	0.5501	  1.23	 1.234	 | 0.5048 mean
                     	0.7782	0.7017	0.9316	0.9552	0.7003	0.6966	0.9286	0.9137	 1.517	 1.366	 2.792	 2.782	 | 1.651 quantile
                      	 2.845	 2.283	 2.176	 2.814	 1.632	 1.235	 2.121	 2.223	 2.637	 2.856	 8.292	 8.222	 | 8.292 max

train losses    272:	0.2448	0.2343	0.3185	0.3107	0.1967	0.1984	0.2586	0.2584	0.2525	0.2476	0.1939	0.1937	
val losses      272:	0.2911	0.2582	0.3584	0.3557	0.2745	0.2659	0.3491	0.3417	0.5632	0.5665	 1.212	 1.215	 | 0.5043 mean
                     	0.7736	0.6862	0.9274	0.9609	0.7007	0.6722	0.9215	0.9155	 1.657	 1.459	 2.612	 2.626	 | 1.66 quantile
                      	 2.878	  2.25	 2.172	  2.82	 1.586	 1.381	 2.038	 2.239	 2.498	 2.694	 7.991	 7.955	 | 7.991 max

train losses    274:	0.2414	0.2335	0.3177	  0.31	0.1973	0.1997	0.2544	0.2539	0.2458	0.2439	0.1612	0.1625	
val losses      274:	0.2788	 0.245	0.3585	0.3557	0.2741	0.2681	0.3444	0.3373	0.5452	0.5495	 1.231	 1.234	 | 0.5018 mean
                     	0.7435	0.6539	0.9303	0.9577	0.6914	  0.67	0.9262	0.9119	 1.552	 1.383	 2.738	 2.756	 | 1.674 quantile
                      	 2.972	 2.334	 2.155	 2.829	 1.601	 1.388	 2.025	 2.115	 2.598	 2.796	 7.826	 7.781	 | 7.826 max

train losses    276:	0.2289	0.2147	0.3172	0.3094	0.1949	0.1976	0.2615	0.2617	0.2405	0.2401	0.1778	0.1801	
val losses      276:	0.2721	0.2437	0.3581	0.3552	0.2736	0.2685	0.3441	0.3385	0.5483	0.5501	 1.233	 1.236	 | 0.5018 mean
                     	 0.723	0.6536	0.9306	0.9556	0.6915	0.6687	0.9309	0.9131	 1.597	 1.417	 2.726	 2.732	 | 1.668 quantile
                      	 2.885	  2.23	 2.165	 2.832	  1.61	 1.364	 2.082	 2.186	 2.543	 2.673	 8.076	 8.027	 | 8.076 max

train losses    278:	0.2245	0.2115	0.3245	 0.317	 0.194	0.2032	0.3274	0.3304	0.2343	0.2376	0.1918	0.1916	
val losses      278:	0.2725	0.2433	0.3592	0.3562	0.2761	0.2756	0.3445	0.3391	0.5377	0.5408	  1.23	 1.233	 | 0.5007 mean
                     	  0.73	0.6557	0.9387	0.9611	0.7064	0.6835	0.9198	0.9203	 1.546	 1.389	 2.762	 2.781	 | 1.652 quantile
                      	 2.936	 2.293	 2.146	 2.812	 1.631	 1.427	 2.176	 2.261	 2.572	 2.778	 8.207	 8.152	 | 8.207 max

train losses    280:	0.2303	0.2149	0.3229	0.3157	0.2021	 0.211	0.3404	0.3449	0.2424	0.2453	0.1993	0.2004	
val losses      280:	0.2694	 0.242	0.3639	0.3628	0.2821	0.2926	0.3961	0.3986	0.5378	0.5501	 1.261	 1.263	 | 0.5183 mean
                     	0.7064	0.6571	0.9432	0.9726	0.7326	0.7186	 1.038	 1.033	 1.558	  1.43	 2.769	 2.785	 | 1.695 quantile
                      	 2.924	 2.256	 2.248	 2.724	 1.564	 1.453	 2.346	 2.445	 2.636	 2.696	 8.415	 8.364	 | 8.415 max

train losses    282:	0.2272	0.2099	0.3248	0.3169	0.2154	0.2143	0.3243	0.3243	0.2498	0.2486	0.2219	0.2206	
val losses      282:	0.2754	0.2428	0.3615	0.3594	0.2755	0.2759	  0.38	0.3855	0.5338	0.5418	 1.244	 1.247	 | 0.5102 mean
                     	0.7418	0.6442	  0.94	0.9626	0.7198	0.6863	 1.017	 1.012	  1.47	 1.353	 2.788	 2.822	 | 1.648 quantile
                      	 2.903	 2.229	 2.233	 2.732	  1.59	 1.516	 2.328	 2.417	 2.749	 2.799	  8.38	 8.324	 | 8.38 max

train losses    284:	 0.224	 0.211	0.3211	 0.313	 0.227	  0.22	  0.31	 0.313	0.2628	0.2572	0.2452	0.2449	
val losses      284:	0.2767	0.2432	0.3596	0.3581	0.2883	0.2699	0.3898	0.3976	 0.545	0.5604	 1.224	 1.226	 | 0.5116 mean
                     	0.7405	0.6532	0.9312	0.9597	0.7136	0.6708	 1.021	 1.016	 1.595	 1.437	 2.625	 2.645	 | 1.665 quantile
                      	 2.826	 2.166	 2.216	 2.764	 1.654	 1.287	  2.36	 2.438	 2.628	 2.668	 8.131	 8.075	 | 8.131 max

train losses    286:	0.2246	0.2179	0.3193	0.3121	0.2271	0.2196	0.2858	0.2882	0.2628	0.2654	 0.204	0.2056	
val losses      286:	0.2779	0.2445	0.3592	0.3575	0.3049	0.2903	0.3543	0.3543	0.5412	0.5505	 1.226	  1.23	 | 0.5076 mean
                     	0.7409	0.6514	 0.933	0.9622	 0.749	0.7272	0.9473	0.9556	 1.513	 1.365	 2.752	 2.793	 | 1.668 quantile
                      	 2.817	 2.152	 2.219	 2.797	 1.755	 1.228	 2.145	 2.215	 2.759	 2.828	 7.649	 7.596	 | 7.649 max

train losses    288:	0.2265	0.2149	0.3225	0.3155	0.2538	0.2413	0.2838	0.2845	0.2617	0.2619	0.2124	0.2131	
val losses      288:	0.2802	0.2463	0.3598	0.3571	0.3255	0.3116	0.3544	0.3557	0.5585	0.5725	 1.227	 1.229	 | 0.5148 mean
                     	0.7437	0.6516	 0.937	0.9625	0.7893	0.7806	0.9542	0.9535	 1.635	 1.458	 2.685	 2.693	 | 1.667 quantile
                      	 3.002	 2.333	 2.232	 2.805	 1.802	 1.385	 2.306	 2.397	 2.535	 2.653	 8.019	 7.963	 | 8.019 max

train losses    290:	0.2285	0.2135	0.3236	0.3148	0.2426	 0.234	0.2974	0.2993	0.2621	0.2649	0.2282	0.2275	
val losses      290:	0.2788	0.2466	0.3605	0.3583	0.2793	0.2687	 0.381	0.3852	0.5418	0.5536	 1.229	 1.232	 | 0.5095 mean
                     	0.7474	0.6477	0.9352	0.9632	0.6938	0.6939	0.9891	0.9868	 1.554	 1.403	 2.755	 2.809	 | 1.663 quantile
                      	 3.002	 2.335	 2.227	 2.801	 1.738	 1.164	 2.362	 2.445	 2.632	 2.828	 7.663	 7.609	 | 7.663 max

train losses    292:	0.2332	0.2158	0.3203	 0.313	0.2667	0.2582	0.2735	0.2738	 0.274	0.2742	 0.202	0.2016	
val losses      292:	0.2716	0.2448	0.3575	0.3546	0.2712	0.2658	0.3397	0.3354	0.5535	0.5567	 1.241	 1.243	 | 0.5029 mean
                     	0.7219	0.6486	0.9262	 0.959	0.6989	0.6763	0.9164	0.9059	 1.607	 1.428	 2.691	 2.678	 | 1.675 quantile
                      	 3.033	 2.381	 2.181	 2.823	 1.633	 1.303	 2.238	 2.326	  2.53	 2.627	 8.427	 8.357	 | 8.427 max

train losses    294:	0.2349	0.2263	0.3159	0.3084	0.2295	0.2365	0.2517	0.2527	0.2396	0.2492	0.1909	  0.19	
val losses      294:	0.2741	 0.247	0.3576	0.3547	 0.272	0.2704	0.3379	0.3312	0.5453	0.5459	 1.236	  1.24	 | 0.501 mean
                     	 0.733	0.6567	 0.928	0.9525	0.6901	0.6782	0.9059	0.8868	 1.581	  1.41	 2.827	  2.83	 | 1.659 quantile
                      	 2.976	 2.312	  2.18	 2.862	 1.659	 1.215	 2.055	 2.108	 2.485	 2.771	 8.079	 8.026	 | 8.079 max

train losses    296:	0.2366	0.2218	0.3136	0.3056	0.2073	0.2137	0.2357	0.2347	0.2338	0.2386	0.2014	 0.204	
val losses      296:	 0.269	 0.244	0.3579	0.3553	0.2706	0.2676	  0.34	 0.332	0.5431	0.5423	 1.257	 1.259	 | 0.5031 mean
                     	0.7272	0.6434	0.9311	0.9587	0.6839	0.6856	0.8999	0.8945	 1.519	 1.365	 2.774	 2.784	 | 1.665 quantile
                      	 2.919	 2.268	  2.17	 2.858	 1.577	 1.248	 1.996	 2.059	 2.618	 2.818	 8.564	 8.498	 | 8.564 max

train losses    298:	 0.227	0.2104	0.3124	0.3043	0.1976	0.2027	0.2178	0.2166	0.2368	0.2395	0.1851	0.1857	
val losses      298:	0.2686	0.2437	0.3583	0.3554	0.2723	0.2695	0.3406	0.3322	0.5416	 0.541	 1.238	 1.241	 | 0.5002 mean
                     	0.7159	0.6458	0.9337	0.9577	 0.694	0.6877	0.9041	0.8927	 1.551	 1.383	 2.705	 2.725	 | 1.651 quantile
                      	 2.981	 2.338	  2.17	 2.872	 1.518	 1.284	 2.003	 2.071	 2.502	 2.757	  8.31	 8.247	 | 8.31 max

