train losses      0:	0.5476	0.5777	0.3386	0.3347	0.7085	0.7493	0.4616	0.4745	 1.584	 1.598	  1.48	 1.475	
val losses        0:	0.6326	0.9012	0.3227	0.6466	0.8029	0.7825	 0.496	0.9241	 1.541	 1.538	   1.4	 1.511	 | 0.9582 mean
                     	 1.918	 2.168	 0.824	 1.308	 2.163	 2.203	 1.229	 1.864	 4.148	 4.264	 3.324	 3.668	 | 2.844 quantile
                      	 5.024	 5.886	 2.338	 2.356	 5.119	 6.354	  2.39	  3.07	 8.523	 7.526	 4.952	 5.307	 | 8.523 max

train losses      2:	0.4924	0.5058	0.3788	0.3911	0.6728	0.7064	0.4987	0.4718	 1.529	 1.556	 1.441	 1.456	
val losses        2:	0.9165	  3.17	0.4102	 0.423	0.7819	 1.538	0.5561	0.5906	 1.603	 1.465	 2.411	 5.076	 | 1.578 mean
                     	 1.984	 4.355	 1.037	 1.089	 2.017	  3.02	 1.369	 1.373	 3.746	 3.988	 4.783	 7.477	 | 5.085 quantile
                      	 4.955	 6.936	 2.495	 2.439	 4.872	 6.478	 2.475	 2.796	   8.4	 7.276	  6.09	 9.328	 | 9.328 max

train losses      4:	0.4805	0.4957	0.3979	0.4043	0.6516	0.7236	0.4764	0.5051	 1.364	 1.352	 1.337	 1.313	
val losses        4:	0.5335	0.6907	0.3832	0.4618	0.8161	 1.074	0.4063	 0.556	 1.884	   1.7	 1.793	 1.792	 | 1.007 mean
                     	  1.44	 1.833	0.9832	 1.185	 2.121	 2.355	 1.121	 1.327	 4.074	 4.172	 4.152	 4.068	 | 3.205 quantile
                      	 3.227	  4.24	 2.273	 2.194	 5.026	 4.959	 2.261	 2.539	  6.39	 6.144	 6.346	 6.697	 | 6.697 max

train losses      6:	0.4251	0.4253	0.3657	0.4592	0.6797	0.7626	0.4756	0.5364	 1.282	 1.285	 1.348	  1.35	
val losses        6:	0.5627	0.4833	0.3749	0.4984	0.7179	0.6771	 0.498	0.4757	 1.002	0.9484	 1.681	 1.821	 | 0.8116 mean
                     	 1.472	 1.433	0.9463	 1.196	 1.972	 1.844	 1.313	  1.23	 2.538	 2.608	 3.847	 4.116	 | 2.604 quantile
                      	 3.051	 3.584	 2.651	  2.01	 5.389	 5.211	 2.445	  2.41	 6.341	 5.527	 5.176	 5.464	 | 6.341 max

train losses      8:	0.4166	0.4346	0.4049	0.3855	0.6202	0.7224	0.4939	0.4878	0.9951	 1.057	 1.316	 1.352	
val losses        8:	0.5441	0.6858	0.4539	0.3591	0.6861	 0.699	0.5658	0.4702	0.9398	0.9521	 1.249	 1.304	 | 0.7424 mean
                     	 1.366	 1.731	 1.213	 0.928	 1.794	 1.872	 1.432	 1.226	 2.429	 2.381	 3.086	 3.191	 | 2.217 quantile
                      	 3.313	 3.742	  2.56	 1.671	 3.831	 5.164	 3.123	 2.598	 4.429	 5.779	 4.283	 4.829	 | 5.779 max

train losses     10:	0.4268	0.4157	0.3914	0.3807	0.6043	0.6443	0.4714	0.4825	0.8666	0.8781	  1.22	 1.188	
val losses       10:	0.4423	0.4981	0.3478	0.3697	0.6322	0.6476	0.4218	0.4381	0.7763	0.7862	  1.13	 1.125	 | 0.6346 mean
                     	 1.218	 1.367	0.8858	0.9854	 1.762	 1.769	 1.173	 1.157	 1.916	 1.898	 2.794	  2.77	 | 1.879 quantile
                      	 3.172	 4.216	 2.204	 2.355	 4.993	 4.354	 2.801	 2.556	 3.636	 4.063	 4.418	 4.767	 | 4.993 max

train losses     12:	0.4237	0.3779	0.3581	0.4009	0.5652	0.5648	0.4771	0.4767	0.7101	0.7007	 1.104	 1.125	
val losses       12:	0.4861	0.3983	0.3175	0.3789	0.5651	 0.541	0.4002	0.4395	0.8046	0.7972	  1.13	 1.148	 | 0.6173 mean
                     	 1.296	  1.16	0.8082	0.9781	 1.551	 1.448	  1.14	 1.166	 1.923	 1.896	 2.863	 2.837	 | 1.84 quantile
                      	 2.797	 3.454	 2.277	 2.399	 3.901	 3.821	 2.544	 2.569	 3.807	 3.814	 4.874	 5.795	 | 5.795 max

train losses     14:	0.3665	0.3705	0.3483	0.4014	0.5287	0.4772	0.4599	0.4688	 0.661	0.6666	 1.061	 1.059	
val losses       14:	0.4406	0.5089	0.3106	0.3866	0.5245	 0.453	0.3938	0.4313	0.7318	0.6854	 1.091	 1.085	 | 0.5868 mean
                     	 1.182	 1.312	0.8067	 0.998	 1.433	 1.244	 1.103	 1.142	 1.829	 1.703	   2.8	 2.686	 | 1.748 quantile
                      	 2.474	 3.404	 2.166	 2.166	 3.695	 2.885	 2.769	  2.37	 3.704	 3.206	 4.973	 5.144	 | 5.144 max

train losses     16:	0.3894	0.3593	0.3477	0.3778	0.4776	0.4252	0.4621	0.4666	0.6428	0.6372	 1.016	 1.011	
val losses       16:	0.4189	 0.373	0.3107	0.3583	 0.463	0.4295	0.3991	0.4309	0.7128	0.6786	 1.096	   1.1	 | 0.5643 mean
                     	 1.106	 1.063	0.8049	0.9388	 1.241	 1.157	 1.109	 1.133	 1.696	 1.618	  2.89	 2.734	 | 1.688 quantile
                      	 2.487	 2.484	 2.155	 2.302	  3.57	 2.446	 3.014	 2.426	 3.689	 3.495	 5.304	 5.592	 | 5.592 max

train losses     18:	0.3332	0.3227	0.3465	0.3499	0.4252	0.4095	0.4576	0.4612	0.6035	0.6057	 1.033	  1.04	
val losses       18:	0.3981	0.4108	0.3159	0.3662	0.4752	0.4069	0.3943	0.4254	0.7777	0.7534	 1.188	 1.169	 | 0.59 mean
                     	  1.03	 1.055	0.8062	0.9368	 1.222	 1.099	 1.093	 1.123	  1.92	 2.011	 2.832	 2.786	 | 1.828 quantile
                      	 2.256	 2.255	  2.04	  2.75	 3.186	 2.383	   2.8	 2.512	 3.439	 3.446	 5.919	 6.061	 | 6.061 max

train losses     20:	0.3841	0.3851	0.3452	0.3586	0.4146	0.4014	0.4583	0.4569	0.6183	0.6196	0.9222	0.9244	
val losses       20:	0.5007	0.5193	0.3114	 0.331	0.4466	0.3897	0.3926	0.4192	  0.69	  0.69	 1.147	 1.144	 | 0.5818 mean
                     	 1.162	 1.246	0.8099	0.8614	 1.167	 1.062	 1.112	 1.119	 1.663	 1.772	 2.748	 2.788	 | 1.724 quantile
                      	 2.437	 2.967	 2.161	 2.221	 3.097	  2.51	 2.785	  2.34	 3.261	 3.036	 6.922	 7.076	 | 7.076 max

train losses     22:	0.4354	0.4885	0.3456	0.3367	0.4005	0.4118	0.4554	0.4551	0.6001	 0.607	0.8924	0.8895	
val losses       22:	0.4473	0.3895	0.3091	0.3207	0.4745	0.4547	0.3872	0.4191	0.7535	0.7243	 1.118	   1.1	 | 0.5749 mean
                     	 1.113	 1.041	 0.802	0.8219	 1.205	  1.22	 1.085	  1.12	 1.746	 1.644	 2.669	 2.646	 | 1.676 quantile
                      	 2.502	 2.466	 2.122	 1.911	 3.332	 2.608	 2.249	   2.3	 3.986	 3.584	  6.77	  7.02	 | 7.02 max

train losses     24:	0.3515	0.3181	0.3433	0.3411	0.4266	0.4686	0.4504	 0.454	0.5568	0.5492	 0.864	0.8539	
val losses       24:	0.3348	0.3367	0.3105	 0.345	0.4323	0.5419	0.3903	0.4152	0.7554	0.7462	 1.122	 1.116	 | 0.5706 mean
                     	0.9621	0.9463	0.8062	0.8898	  1.14	 1.373	 1.095	 1.116	 1.783	 1.687	 2.742	 2.706	 | 1.693 quantile
                      	 2.363	 2.659	 2.189	 1.888	 2.729	 2.541	 2.257	 2.233	 4.008	 3.566	  7.26	 7.605	 | 7.605 max

train losses     26:	0.2953	0.2869	0.3487	0.3407	0.3969	0.4459	0.4524	0.4541	 0.548	0.5596	0.8749	0.8694	
val losses       26:	0.3115	0.2966	0.3093	0.3351	 0.392	0.4197	0.3866	0.4154	0.6916	0.6853	  1.16	 1.137	 | 0.545 mean
                     	0.8715	0.8321	0.7966	 0.852	 1.063	 1.133	 1.075	 1.121	 1.619	 1.742	 2.889	 2.817	 | 1.72 quantile
                      	 2.091	 2.083	 2.053	 1.989	 2.369	 2.791	  2.42	 2.241	 3.705	 3.358	 7.623	 7.682	 | 7.682 max

train losses     28:	 0.288	 0.288	0.3473	0.3368	0.3694	0.4172	0.4507	0.4512	0.5258	0.5248	0.8733	0.8605	
val losses       28:	 0.306	0.3093	0.3041	0.3213	0.3886	0.3751	0.3951	0.4119	0.6985	0.6786	 1.248	 1.231	 | 0.5556 mean
                     	0.8593	0.8417	 0.777	0.8159	 1.042	 1.038	 1.098	 1.105	 1.691	  1.81	 2.876	 2.843	 | 1.747 quantile
                      	 2.097	 2.421	 2.091	 1.837	 2.085	 2.452	 2.238	 2.196	 3.258	 2.951	 8.307	 8.499	 | 8.499 max

train losses     30:	0.2974	0.2824	0.3409	0.3331	0.3537	0.3589	0.4517	0.4535	0.5321	0.5342	 1.083	 1.079	
val losses       30:	0.2906	0.2765	0.3037	0.3198	0.3806	0.3849	0.3843	0.4182	0.7193	 0.715	 1.215	 1.187	 | 0.5497 mean
                     	0.8377	0.7717	0.7785	0.8216	   1.0	 1.052	 1.085	 1.105	 1.794	 1.738	 2.821	  2.85	 | 1.717 quantile
                      	 2.112	 2.458	 2.185	 1.811	 2.384	 2.081	 2.205	 2.235	 3.296	 3.281	 5.802	 6.424	 | 6.424 max

train losses     32:	0.2862	0.2774	0.3391	0.3305	0.3547	0.3627	0.4521	0.4516	0.6006	0.6055	 1.084	 1.075	
val losses       32:	0.3986	0.3609	0.3034	0.3221	0.3667	0.3689	0.3901	 0.422	 0.885	0.8546	 1.266	 1.242	 | 0.5984 mean
                     	0.9744	0.9067	0.7807	 0.829	0.9756	0.9744	 1.091	 1.125	  2.09	 1.971	 3.267	 3.208	 | 1.892 quantile
                      	 3.384	 2.494	 2.052	 1.932	  2.28	 2.215	 2.157	  2.15	 4.308	 4.019	 4.987	 5.022	 | 5.022 max

train losses     34:	0.3289	0.2914	0.3389	0.3313	0.3618	0.3663	0.4504	0.4531	0.5522	0.5571	0.9771	0.9722	
val losses       34:	0.2871	0.3004	0.3027	 0.318	0.4218	0.4615	0.3895	0.4166	0.6762	0.6653	 1.206	 1.188	 | 0.5528 mean
                     	0.8046	0.8292	0.7703	  0.82	 1.079	 1.188	   1.1	 1.127	 1.664	 1.704	 3.077	 2.986	 | 1.737 quantile
                      	 2.002	 2.099	 2.134	 1.828	 2.763	 2.366	 2.306	 2.303	 3.004	  2.91	 6.489	   7.0	 | 7.0 max

train losses     36:	0.2789	0.2726	0.3409	0.3332	0.3919	0.4078	0.4457	0.4462	0.5585	0.5681	0.9424	0.9335	
val losses       36:	0.3075	 0.319	0.3034	0.3189	0.4314	0.4346	0.3859	0.4137	0.6987	 0.679	 1.331	 1.341	 | 0.5803 mean
                     	0.8868	 0.917	0.7629	0.8171	 1.104	 1.182	 1.087	 1.118	 1.687	 1.692	 3.352	 3.313	 | 1.857 quantile
                      	 2.298	 2.839	 2.114	 1.906	 2.753	 2.948	 2.226	 2.185	 3.106	  2.98	 6.528	 6.954	 | 6.954 max

train losses     38:	0.2626	0.2551	0.3387	0.3305	0.3648	0.3816	0.4438	0.4472	0.5583	0.5694	0.9009	0.9019	
val losses       38:	0.2802	0.2751	0.3066	 0.323	0.3966	0.4337	0.3836	0.4236	0.7065	0.6863	 1.195	 1.204	 | 0.5512 mean
                     	0.7639	 0.783	0.7777	 0.831	 1.053	 1.134	 1.074	 1.138	 1.601	 1.671	 3.142	 3.147	 | 1.697 quantile
                      	 1.988	 2.164	 2.042	 2.077	 2.174	 2.535	 2.445	 2.582	 3.594	 3.449	 7.491	 7.799	 | 7.799 max

train losses     40:	0.2633	 0.244	0.3379	0.3309	0.3557	0.3753	0.4415	0.4438	0.5817	0.5924	0.8098	0.8055	
val losses       40:	0.2796	0.2634	0.3007	0.3173	0.3797	0.3796	0.3796	0.4096	0.7743	0.7622	 1.084	 1.071	 | 0.5334 mean
                     	0.7953	0.7364	0.7706	0.8178	 1.025	 1.023	 1.053	 1.106	 1.743	 1.709	  2.73	 2.672	 | 1.613 quantile
                      	 1.884	 1.865	 2.159	 1.869	 2.312	 2.033	 2.357	 2.203	 3.786	 3.649	 7.088	 7.478	 | 7.478 max

train losses     42:	0.2595	0.2344	0.3388	0.3303	0.3318	0.3356	0.4369	0.4372	0.5096	0.5226	0.7867	0.7896	
val losses       42:	0.2724	0.2571	0.3008	0.3174	0.3751	0.3747	0.3813	0.4077	0.8031	 0.793	 1.104	 1.093	 | 0.5399 mean
                     	0.7481	0.7111	0.7667	 0.816	0.9803	 1.002	 1.048	 1.108	 1.822	 1.778	 2.862	 2.798	 | 1.662 quantile
                      	 2.036	 2.236	 2.159	 1.971	 2.183	 1.923	 2.304	 2.144	 3.741	 3.699	 6.781	 7.268	 | 7.268 max

train losses     44:	0.2523	0.2401	0.3369	0.3286	0.3233	0.3273	0.4361	0.4374	0.5928	0.6013	0.8092	0.8018	
val losses       44:	0.2614	0.2621	0.3005	0.3174	0.3469	 0.342	0.3775	 0.408	0.7191	0.7071	 1.129	  1.12	 | 0.5242 mean
                     	0.7164	0.7083	0.7586	0.8165	0.9344	0.9501	 1.052	   1.1	 1.674	 1.801	 2.951	  2.91	 | 1.663 quantile
                      	 2.285	 2.153	 2.137	 1.939	 2.203	 1.957	 2.254	 2.299	  4.03	 3.366	 6.989	 7.331	 | 7.331 max

train losses     46:	0.2496	0.2349	 0.336	0.3283	0.3116	0.3179	0.4294	0.4278	0.5183	0.5287	0.7081	0.7053	
val losses       46:	0.2623	0.2585	   0.3	0.3168	0.3474	 0.351	0.3777	0.4051	0.7614	0.7559	 1.288	  1.27	 | 0.5579 mean
                     	0.7261	0.7167	0.7664	0.8124	0.9062	 0.945	 1.039	 1.101	 1.888	  2.01	 3.477	 3.384	 | 1.826 quantile
                      	 1.843	 1.981	 2.168	 1.893	 2.081	 1.952	 2.212	 2.217	 3.934	 3.106	  8.08	 8.444	 | 8.444 max

train losses     48:	0.2446	0.2319	0.3357	0.3275	0.3083	0.3167	0.4253	0.4225	0.5072	0.5241	0.7309	0.7311	
val losses       48:	0.2594	0.2576	0.2989	 0.316	0.3556	0.3716	0.3761	0.4021	0.7014	0.6842	  1.15	 1.146	 | 0.5266 mean
                     	 0.727	0.7113	0.7554	0.8117	0.9106	 0.976	 1.022	 1.082	 1.673	 1.663	 3.119	 3.072	 | 1.632 quantile
                      	 1.639	 2.189	 2.148	 1.895	 2.235	 2.071	 2.209	 2.194	 3.427	  3.37	 7.828	 8.135	 | 8.135 max

train losses     50:	0.2434	0.2314	0.3354	0.3271	0.3084	0.3137	0.4171	0.4136	0.5198	0.5319	0.7185	0.7145	
val losses       50:	0.2686	0.2555	0.2993	0.3164	0.3571	 0.354	0.3691	0.3965	0.9292	0.9187	 1.103	 1.089	 | 0.5547 mean
                     	0.7304	 0.684	0.7581	 0.811	0.9508	 0.962	 0.991	 1.047	 2.183	 2.102	 2.833	 2.825	 | 1.773 quantile
                      	 1.739	 2.142	 2.171	 1.889	 2.051	  2.18	 2.173	 2.233	 3.976	 3.873	 7.586	 7.905	 | 7.905 max

train losses     52:	0.2398	0.2262	0.3348	0.3268	0.3086	0.3091	0.4035	0.3998	0.4842	0.4934	0.6482	 0.645	
val losses       52:	0.2546	0.2471	0.2972	0.3145	0.3433	0.3388	0.3637	0.3871	 0.713	 0.699	 1.147	 1.128	 | 0.5194 mean
                     	0.7009	0.6643	  0.75	0.8077	0.9009	0.9277	0.9722	 1.019	 1.669	 1.616	 2.821	  2.81	 | 1.632 quantile
                      	 1.745	  1.95	 2.186	 1.876	 1.953	 1.904	 2.133	 2.156	 3.336	 3.378	 7.403	 7.636	 | 7.636 max

train losses     54:	0.2331	0.2199	0.3341	0.3265	0.3029	0.3053	0.3913	0.3817	0.4422	0.4525	0.6877	0.6842	
val losses       54:	0.2554	0.2407	0.2975	0.3145	0.3426	0.3373	0.3611	0.3801	0.6988	0.6815	 1.126	 1.107	 | 0.5119 mean
                     	0.6962	0.6668	0.7496	0.8057	 0.876	 0.908	0.9406	0.9769	 1.632	 1.661	 2.801	 2.801	 | 1.613 quantile
                      	  1.58	 2.042	 2.205	 1.882	 1.888	 1.983	 2.097	 2.124	 3.331	 3.313	  7.47	 7.725	 | 7.725 max

train losses     56:	0.2356	 0.223	0.3329	0.3263	 0.304	0.3109	0.3773	0.3693	0.4646	0.4818	0.7308	0.7303	
val losses       56:	0.2729	0.2568	0.2981	0.3154	0.3701	0.3794	0.3484	0.3731	0.7651	0.7486	 1.113	 1.094	 | 0.5279 mean
                     	0.7334	0.6943	0.7482	0.8101	0.9691	 1.035	0.9132	0.9479	 1.842	 1.764	 2.766	 2.702	 | 1.652 quantile
                      	 1.604	  2.02	 2.192	 1.869	 2.048	 2.335	 1.961	  2.02	 3.305	 3.292	 8.067	 8.349	 | 8.349 max

train losses     58:	0.2383	0.2298	0.3322	0.3261	0.3047	0.3203	0.3594	0.3511	0.4559	0.4699	0.6205	0.6175	
val losses       58:	 0.242	0.2483	0.2982	0.3156	0.3419	0.3487	0.3471	0.3726	0.7715	0.7621	  1.18	 1.158	 | 0.5321 mean
                     	0.6662	0.6729	0.7488	0.8079	0.9319	0.9526	0.8847	0.9326	  1.86	 1.803	 3.104	  3.01	 | 1.705 quantile
                      	 1.704	 1.964	 2.191	 1.915	  2.21	 2.224	 2.105	 2.173	  3.23	 3.234	 8.933	 9.178	 | 9.178 max

train losses     60:	0.2369	0.2311	0.3323	0.3269	0.3384	0.3587	0.3498	0.3441	0.4372	0.4545	0.5816	0.5811	
val losses       60:	0.2868	0.2793	0.3014	0.3178	0.3748	0.3984	0.3408	0.3676	 0.721	0.7051	 1.153	 1.131	 | 0.5314 mean
                     	0.7867	0.7106	0.7502	0.8111	 1.024	 1.056	0.8701	 0.933	 1.743	 1.681	 2.871	 2.815	 | 1.664 quantile
                      	 1.714	 2.274	 2.166	 1.946	 2.395	 2.521	 1.985	  2.08	 3.181	 3.143	  9.15	 9.316	 | 9.316 max

train losses     62:	0.2677	0.2556	0.3328	0.3266	0.3837	0.3987	0.3442	0.3398	0.4445	0.4519	0.6879	0.6784	
val losses       62:	0.4267	0.4009	0.3009	0.3192	0.5663	0.6037	0.3396	0.3616	0.7393	0.7358	 1.102	 1.083	 | 0.5816 mean
                     	0.9981	0.8905	0.7529	0.8118	 1.306	 1.336	  0.88	0.9319	 1.729	 1.726	 2.972	 2.887	 | 1.634 quantile
                      	 1.899	 2.618	 2.168	 1.922	  2.53	 2.681	 2.076	 2.115	 3.427	 3.127	 8.127	 8.271	 | 8.271 max

train losses     64:	 0.297	0.2821	0.3312	0.3252	0.4127	0.4265	0.3393	0.3332	0.4222	0.4303	0.6232	0.6192	
val losses       64:	0.2756	0.2622	0.2949	0.3106	0.3892	0.3898	0.3459	0.3711	0.7249	0.7146	 1.127	  1.11	 | 0.5263 mean
                     	0.7553	0.7278	0.7476	0.7919	  0.98	0.9729	0.8602	0.9297	 1.628	 1.645	 2.828	 2.805	 | 1.612 quantile
                      	  1.61	 2.192	 2.253	 1.812	 1.939	 2.128	 2.126	 2.141	 3.307	 3.458	  7.89	 8.052	 | 8.052 max

train losses     66:	 0.253	0.2444	0.3297	0.3242	0.3318	0.3449	0.3357	0.3318	0.4227	0.4341	0.5746	  0.58	
val losses       66:	 0.254	0.2486	0.2954	0.3126	0.3453	0.3458	0.3541	0.3792	0.7052	 0.691	 1.116	   1.1	 | 0.5122 mean
                     	0.6964	0.6739	0.7487	0.7976	0.9292	0.9353	0.8779	0.9628	 1.636	 1.681	 2.721	 2.696	 | 1.615 quantile
                      	 1.848	  2.22	 2.277	  1.77	 1.971	 1.716	 2.237	 2.179	 3.171	 3.223	 8.187	 8.485	 | 8.485 max

train losses     68:	0.2488	0.2429	0.3286	0.3236	0.3207	0.3238	0.3388	0.3342	0.4484	0.4466	0.7362	0.7343	
val losses       68:	 0.251	0.2463	0.2947	0.3126	0.3943	0.3872	0.3389	0.3598	0.7867	0.7866	 1.146	 1.137	 | 0.5368 mean
                     	0.6792	0.6782	0.7397	0.7987	0.9724	0.9845	0.8517	 0.925	 1.856	 1.976	 3.008	 2.976	 | 1.735 quantile
                      	 1.792	 1.913	 2.276	 1.725	 2.186	 1.636	 2.228	 2.135	 3.933	 3.629	  7.57	 7.873	 | 7.873 max

train losses     70:	0.2354	0.2218	0.3279	0.3201	0.3121	 0.322	0.3242	0.3223	0.4365	0.4429	0.5174	0.5125	
val losses       70:	0.2445	0.2372	0.2935	0.3095	0.3321	0.3206	0.3386	0.3721	 0.692	0.6746	 1.151	 1.133	 | 0.5082 mean
                     	0.6568	0.6472	0.7405	0.7925	0.8495	0.8771	0.8706	0.9357	 1.637	 1.779	 2.785	 2.733	 | 1.636 quantile
                      	 1.817	  1.89	 2.269	 1.815	 1.935	 2.215	 1.961	 1.993	 2.844	 2.848	 9.284	 9.725	 | 9.725 max

train losses     72:	0.2253	  0.22	0.3271	0.3195	 0.285	0.2856	0.3172	0.3126	0.6172	0.6164	0.5527	 0.549	
val losses       72:	0.2523	0.2475	0.3005	0.3109	0.3307	0.3281	0.3671	0.3976	0.7673	0.7511	 1.171	 1.144	 | 0.5307 mean
                     	0.7115	0.6571	0.7457	0.7904	0.8894	0.8903	 0.914	0.9981	 1.819	 1.732	 2.667	  2.62	 | 1.692 quantile
                      	  1.59	  2.18	 2.224	 1.738	 2.164	 2.155	 1.938	 1.839	 3.259	 3.226	 9.586	 9.824	 | 9.824 max

train losses     74:	0.2335	0.2172	0.3278	0.3183	 0.275	0.2727	0.3293	0.3294	0.5143	0.5123	0.4954	0.4891	
val losses       74:	0.2567	0.2351	0.2936	0.3088	0.3234	0.3179	0.3319	0.3661	0.8973	0.9081	 1.159	  1.14	 | 0.5448 mean
                     	 0.703	0.6277	0.7385	0.7836	0.8425	0.8869	0.8611	0.9505	 2.097	 2.127	 2.929	 2.833	 | 1.792 quantile
                      	 1.452	 2.119	   2.3	 1.757	 2.023	 2.084	 1.805	  2.01	 3.621	 3.688	 8.709	 9.223	 | 9.223 max

train losses     76:	0.2296	0.2173	0.3259	0.3193	0.2687	0.2734	0.3405	0.3498	0.4548	0.4572	0.4944	0.4899	
val losses       76:	0.2442	0.2408	0.2957	0.3131	0.3158	0.3127	0.3639	0.3989	 0.719	 0.701	 1.098	 1.086	 | 0.5074 mean
                     	0.6565	 0.661	0.7372	0.7967	0.8326	0.8497	 0.945	 1.018	 1.653	 1.663	  2.74	 2.668	 | 1.591 quantile
                      	 1.674	 1.985	 2.252	 1.915	 2.038	 1.949	 1.881	 2.224	 3.312	 3.366	 8.909	 9.403	 | 9.403 max

train losses     78:	 0.224	0.2174	0.3281	 0.319	0.2659	0.2678	 0.364	0.3737	0.3952	0.4015	0.5986	0.5981	
val losses       78:	 0.245	0.2348	 0.307	0.3128	0.3322	0.3095	0.4518	0.5008	0.7197	0.7156	 1.142	 1.116	 | 0.5323 mean
                     	0.6464	0.6277	0.7605	0.7952	0.8397	0.8314	 1.075	 1.184	 1.626	 1.647	 3.046	 2.994	 | 1.595 quantile
                      	 1.756	 2.003	 2.207	 1.843	 2.002	 1.959	 2.083	 2.257	 3.291	 3.373	 7.541	 8.091	 | 8.091 max

train losses     80:	0.2279	0.2094	0.3279	0.3176	0.2685	0.2552	 0.376	0.3983	0.3956	0.4017	0.5296	0.5138	
val losses       80:	0.2483	0.2512	0.2928	0.3084	0.3199	 0.314	0.3791	0.4289	0.7164	0.7131	 1.145	 1.132	 | 0.5207 mean
                     	0.6764	0.6745	0.7402	0.7869	0.8337	0.8621	0.9897	 1.073	 1.618	 1.637	 2.881	 2.859	 | 1.629 quantile
                      	 1.748	 1.994	 2.266	 1.796	 2.013	 1.922	 1.805	 2.225	 3.124	 3.072	 6.922	 7.528	 | 7.528 max

train losses     82:	0.2202	0.2122	0.3247	0.3184	0.2654	0.2611	0.3757	0.4125	0.3895	0.3892	0.5214	0.5128	
val losses       82:	0.2422	0.2305	0.2936	0.3142	0.3116	0.3146	0.3597	0.4048	0.6907	0.6734	 1.143	 1.135	 | 0.5094 mean
                     	0.6666	0.6086	0.7376	0.7963	0.8287	0.8505	0.9255	 1.025	 1.623	 1.738	 2.666	 2.656	 | 1.619 quantile
                      	 1.444	 2.057	 2.252	 1.872	 2.074	 2.021	  1.66	 2.014	 3.091	 3.038	 8.907	 9.493	 | 9.493 max

train losses     84:	0.2232	0.2115	0.3241	0.3176	0.2728	0.2794	0.3295	0.3314	0.3811	0.3826	0.6702	0.6723	
val losses       84:	0.2634	0.2582	0.2923	0.3075	0.3323	0.3273	0.3258	0.3572	0.7725	0.7697	 1.102	 1.091	 | 0.5166 mean
                     	0.7027	0.6608	0.7269	0.7861	0.8813	0.8924	0.8517	0.9295	 1.852	 1.945	 2.846	 2.803	 | 1.677 quantile
                      	  1.65	 2.011	 2.273	 1.743	 2.287	 2.129	 2.142	 2.101	 4.262	 3.926	 7.646	 7.968	 | 7.968 max

train losses     86:	 0.231	0.2184	0.3228	0.3134	0.3005	0.2948	0.3039	0.3029	0.4171	0.4221	0.4334	0.4329	
val losses       86:	0.2456	0.2344	0.2925	0.3063	0.3369	0.3239	0.3254	0.3506	0.7143	0.6994	 1.151	 1.124	 | 0.5087 mean
                     	 0.664	0.6191	0.7307	0.7818	0.9006	0.8794	0.8406	0.9001	 1.687	 1.808	 2.934	 2.855	 | 1.651 quantile
                      	 1.645	 1.925	 2.298	 1.797	 2.367	 2.266	 2.018	 1.979	  3.12	 2.824	 9.381	 9.851	 | 9.851 max

train losses     88:	0.2271	0.2129	0.3219	0.3136	0.3029	0.3022	0.2976	0.2942	0.3999	0.4004	 0.523	0.5196	
val losses       88:	0.2513	0.2365	 0.292	0.3064	 0.321	0.3089	0.3299	0.3509	0.7479	0.7292	  1.11	 1.089	 | 0.5061 mean
                     	0.6881	0.6341	0.7346	0.7808	0.8432	0.8505	0.8737	0.8971	 1.798	  1.71	 2.673	  2.62	 | 1.619 quantile
                      	 1.556	 2.201	 2.294	 1.769	 2.235	 2.115	 1.972	 2.017	 3.209	 3.221	 8.957	 9.603	 | 9.603 max

train losses     90:	0.2192	0.2063	0.3236	0.3134	 0.269	0.2608	 0.307	0.3042	0.3931	0.3936	0.4222	0.4222	
val losses       90:	0.2318	0.2246	0.2926	0.3057	0.3011	0.2944	0.3288	0.3506	0.7321	0.7253	 1.134	 1.117	 | 0.5032 mean
                     	0.6235	0.5928	0.7288	0.7788	0.8027	0.8058	0.8366	0.8983	 1.698	 1.687	 2.931	 2.872	 | 1.629 quantile
                      	 1.724	 1.923	 2.305	 1.724	 2.091	 1.949	  1.68	 1.855	 3.201	 3.249	 8.905	 9.315	 | 9.315 max

train losses     92:	0.2055	0.1995	0.3208	0.3126	0.2474	0.2455	0.3001	0.2974	0.3844	0.3897	0.3968	 0.397	
val losses       92:	0.2199	0.2272	0.2912	0.3066	0.3017	0.2999	0.3381	0.3688	0.7262	0.7106	 1.224	 1.202	 | 0.518 mean
                     	0.5898	0.6002	0.7316	0.7781	0.7925	0.8198	0.8634	0.9286	 1.758	 1.836	 2.806	 2.758	 | 1.702 quantile
                      	 1.709	   1.9	 2.287	  1.76	 2.106	 1.973	 1.847	 2.027	 3.087	  3.11	 9.462	 9.948	 | 9.948 max

train losses     94:	0.2033	0.1961	0.3202	0.3114	0.2384	0.2402	0.2891	0.2904	0.3599	0.3731	0.4184	0.4096	
val losses       94:	0.2228	0.2207	0.2923	0.3058	0.3009	0.2939	0.3218	0.3491	0.6966	0.6856	 1.165	 1.145	 | 0.4999 mean
                     	0.5924	0.5931	0.7291	0.7808	0.7815	0.8037	0.8117	0.8946	 1.612	 1.634	 3.126	  3.06	 | 1.61 quantile
                      	 1.536	 1.942	 2.277	 1.745	 2.072	  1.93	 1.826	 1.682	 3.122	 3.172	 8.278	 8.776	 | 8.776 max

train losses     96:	0.2066	0.1929	0.3199	0.3109	 0.243	0.2431	0.2984	0.2982	0.3567	0.3651	0.3925	0.3971	
val losses       96:	0.2235	 0.218	0.2941	0.3086	0.2992	0.3032	0.3781	0.3996	0.7256	0.7037	 1.243	 1.232	 | 0.5273 mean
                     	0.6044	0.5674	0.7292	0.7828	0.7925	0.8353	0.9472	 1.006	 1.694	 1.717	 2.768	 2.732	 | 1.679 quantile
                      	 1.593	 1.877	 2.273	 1.799	 2.136	  2.06	 1.805	 1.998	 3.259	 3.217	 9.518	 10.09	 | 10.09 max

train losses     98:	 0.203	 0.193	0.3206	0.3116	0.2432	0.2545	 0.302	0.3038	0.3277	0.3355	0.4236	0.4175	
val losses       98:	0.2209	0.2155	0.2944	 0.307	0.3043	0.3249	0.3326	0.3657	0.7043	0.6857	 1.111	 1.094	 | 0.4967 mean
                     	 0.589	0.5684	0.7287	0.7829	0.8082	0.8802	0.8453	0.9297	  1.66	  1.75	  2.93	 2.843	 | 1.591 quantile
                      	 1.578	 2.054	 2.277	 1.851	 2.203	 2.215	 1.686	 1.846	 3.519	  3.18	 9.191	 9.776	 | 9.776 max

train losses    100:	0.2013	0.1898	0.3193	0.3111	0.2456	0.2611	0.2983	0.3027	0.3584	0.3562	0.3767	0.3784	
val losses      100:	0.2375	  0.23	0.2942	0.3107	0.3085	 0.326	0.3704	0.3918	0.7147	0.7071	 1.135	 1.115	 | 0.5117 mean
                     	0.6281	0.5868	0.7286	 0.789	0.8254	0.8835	0.9215	0.9958	 1.674	 1.687	 2.745	 2.645	 | 1.606 quantile
                      	 1.642	 1.971	 2.287	 1.825	 2.294	  2.25	 1.773	 1.926	 3.195	 3.093	 9.578	 10.09	 | 10.09 max

train losses    102:	0.1969	0.1856	0.3198	0.3115	0.2573	0.2761	0.3034	0.3024	0.3295	0.3346	0.3176	0.3177	
val losses      102:	0.2302	0.2245	0.2964	 0.308	0.3234	 0.351	0.3502	0.3753	0.7023	0.6764	 1.157	 1.141	 | 0.5113 mean
                     	 0.617	0.5782	0.7346	 0.784	0.8515	0.9402	0.8743	0.9637	 1.647	 1.671	 2.705	 2.638	 | 1.622 quantile
                      	 1.522	 1.959	 2.264	 1.799	 2.296	 2.154	 1.747	 1.707	  3.13	 3.138	 9.836	 10.48	 | 10.48 max

train losses    104:	0.1984	0.1849	0.3207	0.3111	0.2649	0.2899	0.2943	0.2984	0.3323	0.3372	0.2794	0.2761	
val losses      104:	0.2322	0.2182	0.2921	0.3078	0.3182	0.3414	0.3284	0.3527	0.7049	0.6863	 1.147	 1.134	 | 0.5053 mean
                     	0.6139	0.5731	0.7281	0.7837	0.8425	0.9291	0.8366	0.9179	 1.647	 1.713	 3.056	 2.952	 | 1.617 quantile
                      	 1.555	 1.997	 2.284	 1.829	 2.269	 2.191	 1.819	   1.7	 2.946	 2.947	 8.963	 9.322	 | 9.322 max

train losses    106:	0.1997	0.1844	0.3185	0.3115	0.2654	0.2928	0.2908	 0.292	0.3355	0.3326	0.3071	0.3067	
val losses      106:	 0.227	0.2128	0.2927	0.3068	0.3025	0.3122	0.3399	0.3697	0.7123	0.6968	 1.121	 1.107	 | 0.5001 mean
                     	0.6036	0.5597	0.7282	0.7814	0.8039	0.8619	0.8725	0.9303	 1.697	 1.737	  2.68	 2.661	 | 1.614 quantile
                      	 1.582	 1.973	 2.289	 1.803	 2.182	 2.091	 1.764	 1.964	 2.923	 2.955	 9.291	 9.876	 | 9.876 max

train losses    108:	0.1968	 0.183	0.3169	0.3085	 0.251	0.2663	0.2693	0.2678	0.3414	0.3539	0.3576	0.3536	
val losses      108:	0.2181	0.2079	0.2892	0.3037	0.2936	0.2916	0.3135	0.3342	0.7376	0.7228	  1.12	 1.106	 | 0.4949 mean
                     	0.5778	0.5475	0.7196	0.7781	0.7724	0.8015	0.7902	0.8729	 1.715	 1.655	 2.915	 2.854	 | 1.593 quantile
                      	 1.568	 2.011	 2.303	 1.724	 2.118	 1.847	 1.926	 1.872	 3.277	 3.368	 8.614	 9.052	 | 9.052 max

train losses    110:	0.1929	0.1819	0.3158	0.3069	0.2388	0.2379	0.2662	0.2594	0.3347	0.3408	0.3363	0.3356	
val losses      110:	0.2209	0.2144	 0.288	 0.302	0.2951	0.2909	0.3156	0.3388	0.7101	0.6904	 1.212	 1.191	 | 0.5057 mean
                     	0.5864	0.5514	 0.716	0.7699	0.7745	0.7897	0.8048	0.8764	 1.661	 1.726	 2.716	 2.685	 | 1.636 quantile
                      	 1.583	  1.82	  2.31	 1.717	 2.074	  1.85	 1.901	 1.875	 2.945	 2.951	 9.736	 10.27	 | 10.27 max

train losses    112:	0.1911	0.1778	0.3133	0.3041	0.2331	0.2253	0.2545	0.2495	 0.326	0.3358	0.3884	0.3866	
val losses      112:	0.2104	 0.207	0.2893	 0.303	0.3057	0.2965	0.3151	0.3404	0.7187	0.7008	 1.141	 1.125	 | 0.4961 mean
                     	0.5577	0.5395	0.7204	0.7777	0.7754	0.7825	0.7992	0.8791	 1.691	 1.768	 2.741	 2.648	 | 1.624 quantile
                      	 1.597	 1.868	 2.311	 1.749	   2.0	 1.745	 1.847	 1.769	 3.143	 3.221	 9.624	 10.19	 | 10.19 max

train losses    114:	0.1882	0.1752	0.3122	0.3029	0.2287	 0.219	0.2523	0.2475	0.3229	0.3313	0.3793	0.3784	
val losses      114:	0.2106	0.2041	0.2901	0.3025	0.3089	 0.297	0.3246	0.3484	 0.713	0.6932	 1.217	 1.196	 | 0.5088 mean
                     	0.5571	0.5369	0.7259	0.7768	0.7827	0.7804	0.8237	0.9041	 1.659	 1.697	 2.776	 2.712	 | 1.679 quantile
                      	 1.632	 1.842	 2.308	 1.755	  1.95	 1.687	 1.822	  1.76	 3.227	 3.219	 10.06	 10.61	 | 10.61 max

train losses    116:	0.1872	0.1735	0.3122	0.3023	0.2281	0.2158	0.2586	0.2545	0.3571	0.3626	0.3233	0.3255	
val losses      116:	0.2097	0.2055	0.2932	0.3038	0.3157	0.2924	0.3458	 0.369	0.7481	0.7362	 1.192	  1.17	 | 0.5151 mean
                     	 0.553	0.5324	0.7279	0.7791	 0.783	0.7729	0.8657	0.9421	 1.853	 1.982	 2.922	 2.808	 | 1.739 quantile
                      	 1.719	 1.921	 2.258	 1.815	 1.862	 1.753	 1.693	 1.794	 3.488	 3.338	 9.885	 10.48	 | 10.48 max

train losses    118:	0.1864	 0.173	0.3119	0.3019	0.2258	0.2163	0.2649	0.2576	0.3676	 0.374	0.3959	0.4014	
val losses      118:	0.2126	0.2006	0.2907	 0.302	0.3047	0.2907	0.3241	0.3467	0.7256	0.7078	 1.118	   1.1	 | 0.4936 mean
                     	0.5596	0.5262	0.7283	0.7759	0.7588	0.7584	0.8308	0.8948	 1.704	 1.689	 2.755	 2.666	 | 1.602 quantile
                      	 1.611	 1.845	 2.285	 1.798	 1.937	 1.768	 1.777	 1.698	   3.3	 3.324	 9.197	  9.73	 | 9.73 max

train losses    120:	0.1921	0.1762	0.3118	0.3012	0.2368	0.2183	0.2656	0.2652	0.3843	0.3845	0.4288	0.4273	
val losses      120:	0.2216	0.2211	0.2915	0.3031	0.3398	0.3106	0.3535	0.3849	0.7216	0.7118	  1.09	 1.077	 | 0.5022 mean
                     	0.5865	0.5685	0.7226	0.7754	0.8439	0.7963	0.9001	0.9776	 1.687	 1.683	 2.861	 2.753	 | 1.569 quantile
                      	 1.722	 1.843	 2.271	 1.801	 1.893	 1.707	  1.62	 1.728	 3.256	 3.051	  8.18	 8.803	 | 8.803 max

train losses    122:	0.1919	0.1796	0.3105	0.3009	0.2454	0.2316	 0.266	0.2665	0.4817	0.4863	0.3522	0.3513	
val losses      122:	0.2059	0.2037	0.2892	0.3019	0.2985	0.2908	0.3414	0.3689	0.7094	0.6804	  1.14	 1.134	 | 0.497 mean
                     	0.5541	0.5338	0.7282	0.7732	0.7751	0.7712	0.8463	0.9285	  1.64	 1.662	 2.656	 2.679	 | 1.593 quantile
                      	 1.594	 1.779	 2.321	 1.747	 2.042	  1.79	 1.766	   1.9	 3.211	 3.245	  9.01	 9.535	 | 9.535 max

train losses    124:	 0.199	0.1869	0.3095	0.2999	0.2538	0.2376	0.2636	0.2662	0.4279	0.4179	  0.33	 0.319	
val losses      124:	0.2165	0.2074	0.2903	0.3027	0.3012	0.2847	 0.346	0.3758	0.7045	0.7032	 1.091	 1.083	 | 0.4922 mean
                     	0.5818	0.5426	0.7231	0.7729	 0.785	0.7674	0.8822	0.9414	 1.621	 1.599	 2.771	 2.703	 | 1.546 quantile
                      	 1.639	 1.851	 2.274	 1.726	 2.028	 1.829	  1.76	 1.888	 2.842	 2.895	 8.589	 8.959	 | 8.959 max

train losses    126:	0.1899	 0.182	0.3087	0.2991	0.2434	 0.237	0.2558	0.2547	 0.391	0.3864	0.2776	0.2831	
val losses      126:	 0.206	0.2091	0.2892	0.3019	0.3181	0.3113	0.3352	0.3565	0.7221	0.6964	 1.153	 1.141	 | 0.5033 mean
                     	 0.543	0.5494	0.7262	0.7818	0.7817	0.7989	 0.837	0.9274	  1.61	 1.688	  2.71	 2.682	 | 1.611 quantile
                      	  1.47	 1.835	  2.28	 1.796	 1.901	 1.652	  1.75	 1.659	 3.548	 3.621	 9.569	 10.04	 | 10.04 max

train losses    128:	0.1866	 0.179	0.3081	0.2991	 0.235	0.2334	0.2427	0.2371	0.5052	0.5065	 0.296	0.2888	
val losses      128:	0.2125	0.2109	0.2893	0.3023	0.3302	0.3322	0.3217	0.3426	0.8012	0.8071	 1.098	 1.088	 | 0.5114 mean
                     	0.5513	0.5555	0.7237	0.7788	0.8076	  0.82	0.8397	0.8922	  1.89	 1.835	 2.858	 2.812	 | 1.658 quantile
                      	 1.524	 1.825	 2.342	 1.766	 1.911	 1.671	 2.008	 1.862	 3.366	 3.496	 8.712	 9.204	 | 9.204 max

train losses    130:	0.1896	0.1784	0.3074	 0.298	0.2521	0.2508	0.2566	0.2509	0.3617	 0.359	 0.295	0.2913	
val losses      130:	 0.212	0.2052	0.2882	 0.301	0.3047	0.2982	0.3179	0.3418	0.6818	0.6558	 1.121	 1.111	 | 0.4865 mean
                     	0.5585	0.5375	0.7183	0.7713	0.7668	0.7766	0.7998	0.8729	 1.607	 1.668	 2.591	 2.589	 | 1.563 quantile
                      	 1.515	  1.78	 2.271	 1.736	 1.881	 1.586	 1.789	 1.797	 2.986	 3.039	 9.467	 10.02	 | 10.02 max

train losses    132:	0.1816	0.1715	0.3066	0.2964	0.2351	0.2371	 0.244	0.2376	0.4002	 0.409	0.2679	0.2643	
val losses      132:	0.2132	0.2043	0.2911	0.3037	 0.283	0.2787	0.3366	0.3616	0.7761	0.7656	  1.11	 1.096	 | 0.5016 mean
                     	0.5596	0.5324	0.7236	0.7803	0.7383	0.7533	 0.848	0.9214	 1.969	 1.989	  2.72	 2.669	 | 1.692 quantile
                      	 1.604	 1.878	 2.211	 1.739	 2.048	 1.929	 1.774	 1.797	 3.473	 3.237	 9.692	 10.09	 | 10.09 max

train losses    134:	0.1805	0.1696	0.3052	0.2953	0.2273	0.2254	0.2324	 0.225	0.3461	 0.345	0.2312	0.2286	
val losses      134:	0.2069	0.2044	0.2874	0.3009	0.3022	0.3071	0.3127	0.3345	0.7031	0.6873	 1.095	 1.084	 | 0.4854 mean
                     	 0.541	0.5406	0.7191	0.7742	 0.768	0.7856	0.7903	 0.861	 1.738	 1.808	 2.794	 2.744	 | 1.612 quantile
                      	 1.576	 1.856	 2.276	 1.737	 1.972	 1.726	 1.895	 1.871	 3.549	 3.209	 9.172	 9.748	 | 9.748 max

train losses    136:	0.1763	0.1659	0.3043	0.2944	0.2185	0.2161	0.2386	0.2314	0.2981	0.3079	0.2257	0.2284	
val losses      136:	0.2047	0.1992	0.2885	0.3013	0.2957	0.2984	0.3143	0.3367	0.7114	0.6848	 1.127	 1.114	 | 0.4896 mean
                     	0.5382	0.5238	0.7185	0.7752	0.7434	0.7601	0.7944	0.8705	 1.648	 1.707	 2.651	 2.648	 | 1.586 quantile
                      	  1.47	 1.853	 2.284	  1.72	  1.99	 1.753	 1.879	 1.804	 3.214	 3.226	  9.68	 10.27	 | 10.27 max

train losses    138:	0.1754	0.1638	0.3032	0.2937	0.2165	 0.212	0.2323	0.2276	0.2812	0.2901	0.2785	0.2707	
val losses      138:	0.2028	0.1973	 0.288	0.3017	0.2946	 0.283	 0.317	0.3394	0.7305	0.7231	 1.115	 1.102	 | 0.4912 mean
                     	0.5291	0.5201	0.7186	0.7781	 0.743	0.7437	0.8005	0.8656	 1.746	 1.691	 2.878	 2.802	 | 1.611 quantile
                      	 1.508	 1.892	 2.262	 1.757	 1.911	 1.699	 1.774	 1.742	 3.221	 3.299	 8.972	 9.428	 | 9.428 max

train losses    140:	0.1747	0.1628	0.3018	0.2913	0.2158	0.2163	0.2185	0.2116	0.2727	0.2713	0.2981	0.2995	
val losses      140:	0.2022	0.1968	0.2874	0.2997	0.3002	0.2947	0.3256	0.3504	0.7064	 0.674	 1.223	 1.202	 | 0.5052 mean
                     	0.5263	0.5115	0.7122	0.7742	0.7441	0.7645	0.8218	0.8814	 1.639	 1.706	 2.749	 2.724	 | 1.637 quantile
                      	 1.487	 1.883	 2.247	 1.706	 1.915	 1.659	 1.772	 1.762	 3.055	 3.012	 10.15	 10.62	 | 10.62 max

train losses    142:	0.1733	0.1626	 0.302	0.2923	0.2154	0.2123	0.2182	0.2082	 0.268	0.2694	0.3224	0.3205	
val losses      142:	0.2067	 0.198	  0.29	0.3021	0.3136	0.3216	 0.314	0.3326	0.7055	0.6882	 1.173	 1.163	 | 0.5007 mean
                     	0.5393	0.5153	0.7263	0.7724	 0.773	0.7741	0.8045	 0.866	 1.679	 1.756	 3.149	 3.043	 | 1.668 quantile
                      	 1.498	 1.878	  2.29	 1.714	 1.863	 1.622	 1.949	 1.879	 3.174	 2.937	 8.868	 9.237	 | 9.237 max

train losses    144:	0.1726	0.1614	0.3025	0.2915	0.2131	0.2176	0.2112	0.2034	0.2646	0.2608	0.3065	0.3049	
val losses      144:	0.2054	0.1969	0.2918	 0.305	0.3048	0.3239	0.3101	0.3352	0.7032	  0.68	 1.215	 1.189	 | 0.505 mean
                     	0.5351	0.5193	0.7309	0.7839	0.7614	0.7959	0.7982	 0.882	 1.639	 1.735	 2.738	 2.698	 | 1.63 quantile
                      	 1.444	 1.885	  2.31	 1.622	  1.95	 1.635	 1.973	 1.941	 3.114	 3.026	 10.31	 10.73	 | 10.73 max

train losses    146:	0.1725	0.1608	0.3006	0.2922	0.2129	0.2129	0.2075	0.1998	0.2625	0.2617	0.2878	 0.285	
val losses      146:	0.2112	0.1957	0.2882	 0.302	0.2983	0.3032	0.3096	0.3327	0.7139	0.6935	   1.1	 1.087	 | 0.4863 mean
                     	0.5508	0.5164	0.7217	0.7796	0.7479	0.7484	   0.8	0.8643	 1.677	 1.705	 2.812	 2.722	 | 1.577 quantile
                      	 1.471	 1.832	 2.285	 1.682	 1.909	 1.629	 1.894	 1.821	 3.074	 3.129	 9.442	  9.94	 | 9.94 max

train losses    148:	0.1724	0.1585	0.2988	0.2883	0.2214	0.2211	0.2051	0.1981	0.2518	 0.251	0.2138	0.2136	
val losses      148:	0.2067	 0.195	0.2892	0.3007	0.3001	0.3041	0.3101	0.3319	0.7208	0.7012	 1.093	  1.08	 | 0.4861 mean
                     	0.5398	0.5129	0.7254	0.7755	0.7532	0.7645	 0.801	 0.866	 1.703	 1.741	 2.701	 2.641	 | 1.592 quantile
                      	 1.465	 1.859	 2.293	 1.701	 1.914	 1.638	 1.869	 1.861	 3.214	 3.018	  9.44	 9.895	 | 9.895 max

train losses    150:	0.1751	0.1585	0.2989	0.2894	0.2219	0.2272	0.2013	0.1944	0.2591	0.2608	0.1686	0.1681	
val losses      150:	0.2111	0.1943	0.2892	0.3026	0.3135	0.3304	0.3153	0.3386	0.7135	0.6899	 1.125	  1.11	 | 0.4945 mean
                     	0.5509	0.5092	0.7222	0.7788	0.7716	0.7951	0.8005	0.8746	 1.685	 1.749	 2.647	 2.622	 | 1.582 quantile
                      	 1.445	 1.844	 2.275	 1.638	 1.868	 1.556	 1.819	 1.772	 3.151	 2.984	 9.885	 10.33	 | 10.33 max

train losses    152:	0.1779	0.1573	0.2999	0.2909	0.2191	0.2323	0.1915	0.1825	0.2529	0.2542	0.1764	0.1766	
val losses      152:	0.2158	0.1938	0.2922	0.3039	0.3218	0.3454	0.3156	0.3344	0.7208	0.6997	 1.101	 1.092	 | 0.4947 mean
                     	 0.556	0.5089	0.7291	0.7827	0.7893	0.8251	0.8001	0.8758	  1.68	 1.666	 2.837	 2.762	 | 1.581 quantile
                      	 1.414	 1.852	   2.3	 1.638	 1.865	 1.596	 1.937	 1.909	 3.094	 3.085	 9.031	 9.421	 | 9.421 max

train losses    154:	0.1818	0.1581	0.2971	 0.288	0.2209	0.2284	 0.192	0.1865	0.2426	0.2471	0.1907	0.1867	
val losses      154:	0.2202	0.1959	0.2888	   0.3	0.3088	0.3202	0.3188	0.3431	0.7078	0.6848	 1.124	  1.11	 | 0.4936 mean
                     	 0.569	0.5157	0.7202	0.7714	 0.766	 0.795	0.8069	0.8795	 1.677	 1.765	  2.65	 2.628	 | 1.58 quantile
                      	 1.426	 1.855	  2.26	  1.66	 1.874	 1.573	 1.781	 1.789	 3.269	 2.897	 9.885	 10.31	 | 10.31 max

train losses    156:	0.1913	0.1591	0.2982	0.2872	0.2175	0.2295	0.1895	0.1818	0.2386	0.2454	0.2153	0.2161	
val losses      156:	0.2227	0.1987	 0.289	 0.301	0.3043	0.3117	0.3133	0.3349	0.7142	0.6898	 1.092	  1.08	 | 0.4876 mean
                     	0.5747	  0.52	0.7202	0.7754	0.7538	0.7675	0.7928	0.8643	 1.677	 1.709	 2.681	 2.642	 | 1.566 quantile
                      	 1.454	 1.841	 2.262	 1.644	 1.878	 1.561	 1.877	 1.838	 3.008	 2.994	 9.328	 9.741	 | 9.741 max

train losses    158:	0.1908	0.1636	0.2959	0.2865	0.2157	0.2241	0.1826	0.1751	0.2321	0.2381	 0.228	0.2229	
val losses      158:	0.2174	   0.2	0.2882	0.2991	0.3017	0.3105	0.3158	0.3362	0.7162	0.6905	 1.104	  1.09	 | 0.4891 mean
                     	0.5615	 0.529	0.7162	0.7715	0.7522	0.7739	0.7965	0.8699	 1.685	 1.733	 2.667	  2.62	 | 1.573 quantile
                      	 1.424	 1.852	  2.24	 1.659	 1.917	 1.612	 1.871	 1.886	  3.26	 2.984	 9.759	  10.2	 | 10.2 max

train losses    160:	0.1864	 0.165	0.2916	0.2816	0.2096	0.2115	0.1852	0.1757	0.2302	 0.235	0.2293	0.2285	
val losses      160:	0.2045	0.1994	0.2867	 0.298	 0.296	0.2906	0.3165	 0.337	 0.715	0.6897	 1.132	 1.115	 | 0.4901 mean
                     	0.5333	0.5204	0.7103	0.7682	0.7295	0.7327	0.7896	0.8692	 1.681	 1.749	 2.663	 2.607	 | 1.589 quantile
                      	 1.483	 1.868	 2.208	 1.676	 1.912	 1.615	 1.872	 1.879	 3.202	 2.968	 9.855	 10.31	 | 10.31 max

train losses    162:	0.1789	0.1647	0.2899	0.2806	0.2033	0.2001	0.1808	0.1726	0.2294	0.2339	 0.221	0.2177	
val losses      162:	0.2046	0.1966	0.2871	0.2982	 0.292	0.2903	0.3308	0.3545	0.7144	0.6909	 1.117	 1.106	 | 0.4902 mean
                     	0.5317	0.5193	0.7116	0.7728	0.7323	0.7315	0.8421	0.9259	 1.685	 1.733	 2.833	 2.753	 | 1.606 quantile
                      	 1.509	  1.87	 2.224	 1.694	 1.945	 1.706	 2.055	 2.084	 3.238	 2.941	 9.546	  9.98	 | 9.98 max

train losses    164:	0.1687	0.1636	0.2878	0.2778	0.2014	0.1937	0.1918	0.1848	0.2374	0.2351	0.2122	0.2109	
val losses      164:	0.1996	0.2031	0.2892	0.2995	0.2787	0.2695	0.3243	0.3443	0.7194	0.6905	 1.141	 1.126	 | 0.4904 mean
                     	 0.519	0.5287	 0.714	0.7723	0.7012	0.7156	0.7999	0.8824	 1.691	   1.7	 2.677	 2.628	 | 1.59 quantile
                      	 1.553	 1.867	 2.183	 1.742	 1.995	 1.748	 1.822	 1.934	 3.195	 2.974	 10.03	 10.48	 | 10.48 max

train losses    166:	0.1697	0.1627	0.2922	0.2838	0.2013	0.1915	0.2386	0.2379	0.2557	0.2533	0.2002	0.1965	
val losses      166:	0.2057	0.1954	0.2889	0.2991	0.2851	0.2832	0.3716	0.3932	0.7043	  0.68	 1.113	 1.108	 | 0.494 mean
                     	0.5343	 0.523	0.7212	0.7641	0.7145	0.7136	0.9034	0.9808	  1.68	 1.727	 2.867	 2.813	 | 1.607 quantile
                      	 1.526	 1.871	 2.227	 1.691	 1.956	 1.709	 2.216	 2.227	 3.301	 2.764	 9.188	 9.566	 | 9.566 max

train losses    168:	0.1678	0.1682	0.2894	0.2795	0.2005	0.1954	0.2471	0.2496	0.2947	0.2867	   0.2	0.1958	
val losses      168:	0.2066	0.2042	0.2878	0.2995	 0.279	0.2754	0.3625	0.3868	0.7481	0.7108	 1.113	 1.102	 | 0.4979 mean
                     	0.5439	0.5346	0.7166	0.7728	0.7034	0.7105	0.8892	 1.002	 1.699	 1.639	 2.628	 2.614	 | 1.568 quantile
                      	 1.416	 1.858	 2.243	  1.68	 2.045	 1.697	 2.137	 2.193	 3.268	 3.197	 9.776	 10.15	 | 10.15 max

train losses    170:	0.1696	0.1698	0.2883	0.2767	0.1972	0.1894	0.1939	0.1884	0.3526	0.3487	0.1838	0.1839	
val losses      170:	0.2141	0.2006	0.2885	   0.3	0.2747	0.2666	0.3217	0.3377	0.7203	0.6963	 1.093	 1.084	 | 0.4832 mean
                     	 0.554	0.5257	 0.715	0.7696	0.6996	0.7194	0.7954	0.8656	 1.826	 1.861	 2.771	 2.712	 | 1.634 quantile
                      	 1.485	 1.842	 2.168	 1.796	 2.013	 1.884	  1.97	 1.937	 3.679	 3.008	 9.327	 9.629	 | 9.629 max

train losses    172:	0.1688	0.1634	 0.288	0.2794	0.2011	0.1977	0.2101	 0.205	0.4085	0.4104	0.1861	0.1843	
val losses      172:	0.2123	0.2057	0.2936	 0.307	0.2836	0.2877	0.3667	0.3985	0.7419	0.7208	  1.09	 1.081	 | 0.4991 mean
                     	0.5602	 0.543	0.7281	0.7834	0.7433	 0.805	0.9118	0.9641	 1.669	  1.69	 2.629	 2.587	 | 1.553 quantile
                      	 1.373	 1.868	 2.144	 1.787	 2.153	 1.942	 1.735	  1.74	 3.268	 3.241	 9.299	 9.784	 | 9.784 max

train losses    174:	0.1714	 0.162	0.2874	0.2769	0.2209	0.2117	0.2306	0.2278	0.3994	0.4013	0.2229	0.2122	
val losses      174:	 0.221	0.2044	0.2866	0.2983	0.2828	0.2784	0.3511	0.3711	0.6934	0.6706	 1.205	 1.176	 | 0.5033 mean
                     	0.5835	0.5422	0.7113	0.7702	0.7358	0.7618	0.8567	 0.917	 1.644	 1.776	 2.709	 2.692	 | 1.627 quantile
                      	 1.394	 1.882	 2.164	 1.744	  2.15	 1.983	 1.653	 1.701	 3.093	 2.754	 10.55	 10.86	 | 10.86 max

train losses    176:	0.1765	 0.158	0.2883	0.2779	0.2347	0.2151	0.2353	0.2303	0.3001	0.3066	0.2645	0.2628	
val losses      176:	0.2284	0.1962	 0.288	0.2997	0.2825	0.2781	0.3069	 0.326	0.7077	0.6766	 1.131	 1.123	 | 0.487 mean
                     	 0.592	 0.527	0.7213	 0.772	0.7304	0.7582	0.8082	0.8441	 1.666	 1.741	 2.877	 2.789	 | 1.625 quantile
                      	 1.387	 1.985	  2.24	 1.685	  2.17	 1.913	   2.1	 2.028	 3.415	 2.743	 9.293	 9.691	 | 9.691 max

train losses    178:	0.1795	0.1575	0.2865	 0.276	0.2489	0.2378	0.2112	0.2056	 0.272	0.2797	0.3204	 0.319	
val losses      178:	 0.232	0.1992	0.3002	0.3089	  0.32	0.2922	0.3535	0.3802	0.7337	0.7094	 1.215	 1.183	 | 0.519 mean
                     	 0.605	0.5185	  0.74	0.7851	0.8137	0.7894	0.8845	0.9572	 1.733	 1.856	 2.725	 2.699	 | 1.652 quantile
                      	 1.413	 1.882	 2.287	 1.683	  2.33	 2.102	  2.16	 2.192	 3.734	 3.211	 10.58	 10.84	 | 10.84 max

train losses    180:	0.1758	0.1604	0.2869	0.2785	0.2593	0.2436	 0.222	  0.22	0.2511	0.2636	0.3064	0.3009	
val losses      180:	0.2367	0.2055	0.2943	0.3087	0.3009	0.2915	0.3411	0.3636	0.7244	0.6899	 1.103	 1.088	 | 0.4956 mean
                     	 0.604	0.5355	0.7337	0.7849	0.7796	0.7905	0.8573	0.9235	 1.678	 1.779	 2.625	 2.583	 | 1.584 quantile
                      	 1.467	 1.839	 2.248	 1.665	 2.318	 2.007	 2.096	 2.041	 3.539	 2.842	 9.711	 10.11	 | 10.11 max

train losses    182:	0.1869	0.1618	0.2832	0.2746	0.2755	0.2644	0.1982	0.1895	0.2409	0.2525	0.2495	0.2578	
val losses      182:	0.2316	0.2101	0.2889	0.2985	0.3293	0.3304	0.3189	0.3335	0.7093	0.6864	 1.098	 1.084	 | 0.4932 mean
                     	 0.598	0.5481	0.7145	0.7667	0.8311	0.8843	 0.808	0.8663	 1.694	 1.678	 2.722	 2.694	 | 1.586 quantile
                      	 1.404	 1.867	 2.231	 1.682	 2.289	  2.08	  2.11	  2.06	  3.35	 2.979	 9.523	 9.714	 | 9.714 max

train losses    184:	 0.185	0.1691	 0.282	0.2704	0.2637	0.2513	0.1941	  0.19	 0.239	0.2466	0.2102	0.2013	
val losses      184:	0.2454	0.2459	 0.287	0.3005	0.3402	0.3495	0.3127	0.3313	0.7029	0.6659	 1.177	 1.155	 | 0.5095 mean
                     	0.6305	0.6052	0.7142	0.7638	 0.849	0.9182	0.7812	0.8491	  1.65	  1.76	 2.692	  2.66	 | 1.614 quantile
                      	 1.366	 1.855	 2.114	 1.701	 2.308	  2.06	 1.905	 1.926	 3.525	 2.851	 10.37	 10.63	 | 10.63 max

train losses    186:	0.1951	 0.176	0.2795	0.2698	0.2598	0.2605	0.1849	0.1791	0.2306	0.2375	0.1885	0.1936	
val losses      186:	0.2414	0.2446	0.2903	0.3042	0.2946	0.2981	0.3061	0.3265	0.7094	 0.686	 1.101	 1.093	 | 0.4913 mean
                     	0.6264	0.6104	0.7294	 0.783	0.7743	0.8182	 0.789	0.8427	 1.677	 1.703	 2.784	 2.745	 | 1.573 quantile
                      	 1.447	 2.042	  2.12	 1.785	 2.142	  2.08	 2.014	 1.955	 3.227	 2.904	  9.15	 9.579	 | 9.579 max

train losses    188:	 0.187	0.1899	0.2805	0.2745	0.2393	 0.239	0.1739	0.1679	0.2238	 0.229	0.1793	0.1738	
val losses      188:	0.2118	0.2271	0.2942	0.3087	0.2773	0.2722	0.3139	0.3375	0.7269	0.7036	 1.103	 1.087	 | 0.4886 mean
                     	0.5514	0.5792	0.7357	0.8034	0.7128	0.7464	0.8062	0.8788	   1.7	 1.631	 2.672	 2.613	 | 1.558 quantile
                      	 1.449	 1.939	 2.156	 1.872	 2.059	 1.906	 1.958	 2.031	 3.279	 3.154	 9.967	 10.25	 | 10.25 max

train losses    190:	0.1792	0.1919	0.2822	0.2752	0.2096	0.2158	0.1828	0.1813	0.2255	0.2246	0.1721	0.1687	
val losses      190:	0.2026	 0.222	0.2948	0.3069	0.2715	0.2669	0.3365	0.3574	0.7165	0.6842	 1.113	 1.096	 | 0.4891 mean
                     	0.5298	0.5641	 0.732	0.7887	0.6918	0.7355	0.8508	0.9301	 1.668	 1.666	 2.633	 2.593	 | 1.566 quantile
                      	 1.488	 1.829	 2.107	  1.82	  2.03	 1.839	 2.021	 2.074	 3.342	 2.982	 9.892	 10.25	 | 10.25 max

train losses    192:	0.1671	0.1804	0.2847	0.2777	0.1982	0.2009	0.1883	0.1865	0.2199	0.2185	0.1519	0.1543	
val losses      192:	0.1943	 0.194	 0.297	0.3078	0.2693	0.2656	0.3345	0.3532	0.7144	0.6891	   1.1	 1.087	 | 0.4839 mean
                     	0.5072	0.5195	0.7337	0.7857	0.6857	0.7247	0.8292	0.9192	  1.67	   1.7	 2.752	 2.678	 | 1.58 quantile
                      	 1.592	 1.879	 2.098	 1.838	 2.014	 1.846	  2.04	 2.063	 3.323	 3.034	 9.422	 9.886	 | 9.886 max

train losses    194:	0.1615	0.1625	0.2832	0.2744	0.1933	0.1896	0.1775	0.1778	0.2187	0.2205	0.1429	0.1438	
val losses      194:	0.1981	0.1883	0.2987	0.3099	0.2751	0.2639	0.3359	0.3503	0.7094	0.6778	 1.137	 1.118	 | 0.4886 mean
                     	0.5137	0.4966	0.7297	0.7923	0.6882	0.7087	0.8272	0.9006	 1.648	 1.701	 2.645	 2.602	 | 1.574 quantile
                      	 1.607	 1.971	 2.058	 1.801	 1.992	 1.815	 1.904	 2.051	 3.294	 2.922	 10.24	 10.55	 | 10.55 max

train losses    196:	0.1641	0.1498	0.2767	0.2692	 0.192	0.1925	0.1752	0.1722	0.2281	0.2252	0.1457	0.1461	
val losses      196:	0.2062	0.1914	0.2943	0.3086	0.2723	0.2625	0.3276	0.3418	0.7133	0.6829	 1.094	  1.08	 | 0.4813 mean
                     	0.5257	0.5056	0.7248	0.7886	0.6793	0.7075	0.8099	0.8842	  1.69	 1.745	 2.734	  2.66	 | 1.587 quantile
                      	 1.637	 2.036	 2.053	 1.829	 2.005	 1.914	   2.0	 2.028	 3.464	 2.843	 9.472	 9.869	 | 9.869 max

train losses    198:	0.1757	0.1498	 0.278	0.2708	0.1923	 0.201	 0.164	 0.158	0.2282	0.2333	0.1465	0.1467	
val losses      198:	0.2164	 0.193	0.3059	0.3166	0.2671	0.2761	0.3144	 0.333	0.7171	0.6872	 1.116	   1.1	 | 0.4869 mean
                     	0.5483	0.5045	0.7575	  0.81	0.6823	 0.763	0.7963	0.8489	 1.669	 1.672	  2.65	 2.606	 | 1.564 quantile
                      	 1.609	 2.042	 2.028	 1.878	 2.063	  1.96	 1.918	 1.927	 3.261	 3.026	 10.05	 10.39	 | 10.39 max

train losses    200:	0.1874	0.1549	0.2761	0.2682	0.1915	0.2057	0.1738	 0.172	0.2471	0.2457	0.1514	0.1503	
val losses      200:	0.2147	0.1915	0.2949	0.3083	0.2683	 0.279	0.3113	0.3318	0.7115	0.6833	 1.097	 1.081	 | 0.4811 mean
                     	0.5437	0.5029	0.7362	 0.796	 0.687	0.7628	0.8045	0.8613	 1.705	 1.777	 2.662	 2.596	 | 1.588 quantile
                      	 1.609	 2.044	 2.027	 1.864	  2.05	 2.015	 2.069	 2.082	  3.55	 2.826	 9.625	 10.01	 | 10.01 max

train losses    202:	0.1972	0.1577	0.2779	0.2708	0.1915	0.2123	0.1639	 0.159	0.2533	0.2592	0.1574	0.1578	
val losses      202:	0.2099	0.1928	0.2961	0.3049	0.2668	0.2725	0.3146	0.3326	0.7338	0.7011	 1.105	 1.087	 | 0.4847 mean
                     	0.5332	0.4989	 0.732	0.7841	0.6863	0.7528	0.7992	0.8703	 1.724	 1.655	 2.662	 2.598	 | 1.57 quantile
                      	 1.557	 2.058	 2.059	 1.826	 2.113	 1.944	  2.05	  2.05	 3.209	 3.082	 9.934	 10.27	 | 10.27 max

train losses    204:	0.1889	0.1575	0.2752	 0.267	0.1898	0.2046	0.1622	0.1591	0.2601	0.2562	0.1585	0.1565	
val losses      204:	 0.191	0.1857	0.2871	0.2979	0.2673	0.2618	0.3279	0.3451	0.7108	0.6808	 1.108	 1.089	 | 0.4794 mean
                     	0.4947	  0.49	0.7121	0.7674	0.6762	0.7158	0.8343	0.9071	 1.681	 1.787	 2.656	 2.594	 | 1.589 quantile
                      	 1.476	 2.037	 2.081	 1.742	 2.042	 1.875	  2.08	 2.087	 3.623	 2.831	 9.806	 10.15	 | 10.15 max

train losses    206:	0.1668	0.1487	0.2668	0.2595	0.1894	0.1956	0.1648	0.1574	0.2642	0.2644	0.1708	0.1705	
val losses      206:	0.1917	0.1846	 0.289	0.2981	0.2669	0.2622	0.3319	0.3475	0.7308	0.7036	 1.094	 1.078	 | 0.4815 mean
                     	0.4984	0.4875	0.7157	0.7629	0.6827	0.6935	0.8343	0.9039	 1.694	 1.637	 2.666	 2.615	 | 1.554 quantile
                      	 1.383	 2.049	 2.134	 1.676	 2.115	 1.815	 2.118	 2.128	 3.241	 3.125	 9.785	  10.1	 | 10.1 max

train losses    208:	0.1526	0.1442	0.2642	0.2549	0.1892	0.1847	0.1641	0.1568	0.2544	0.2521	 0.173	0.1701	
val losses      208:	0.1946	0.1879	0.2886	0.2984	0.2647	 0.258	0.3167	 0.336	0.7094	 0.678	 1.118	   1.1	 | 0.4792 mean
                     	0.5058	0.4936	0.7203	0.7646	0.6695	0.6905	0.7923	0.8715	 1.649	 1.699	 2.658	 2.615	 | 1.561 quantile
                      	 1.402	 2.012	 2.107	  1.68	 2.053	 1.802	 1.936	  1.96	 3.399	 2.776	 10.04	 10.37	 | 10.37 max

train losses    210:	 0.151	0.1416	0.2618	0.2525	0.1865	 0.182	0.1757	0.1721	0.2323	0.2299	0.1907	0.1939	
val losses      210:	0.2016	0.1847	0.3023	 0.309	0.2694	0.2668	0.3645	0.3751	0.7119	 0.683	 1.096	 1.081	 | 0.4872 mean
                     	0.5237	0.4914	0.7482	0.7864	 0.683	0.6813	0.8927	0.9733	 1.644	 1.639	 2.695	 2.662	 | 1.565 quantile
                      	 1.377	 2.007	 2.161	 1.822	  2.06	 1.719	 2.221	 2.235	 3.152	 2.959	 9.661	 9.942	 | 9.942 max

train losses    212:	0.1497	0.1439	0.2611	0.2527	0.1861	0.1775	0.1813	0.1757	0.2199	0.2189	0.2007	0.1965	
val losses      212:	0.1955	0.1879	0.2894	0.2998	 0.266	0.2584	0.3179	0.3376	0.7133	 0.681	 1.149	 1.128	 | 0.4853 mean
                     	0.5062	0.4985	 0.723	0.7619	0.6782	0.6828	0.7908	 0.859	 1.644	 1.698	 2.659	 2.629	 | 1.576 quantile
                      	 1.386	 1.969	 2.092	 1.699	 2.061	 1.753	 1.896	 1.947	 3.293	 2.827	 10.38	 10.64	 | 10.64 max

train losses    214:	0.1518	0.1412	  0.26	 0.252	0.1869	0.1814	 0.185	0.1876	0.2162	0.2164	0.2179	0.2166	
val losses      214:	0.2002	0.1848	0.3018	0.3062	0.2749	0.2737	0.3535	0.3632	0.7119	0.6809	 1.098	 1.085	 | 0.4861 mean
                     	0.5201	0.4899	0.7472	0.7812	0.6833	 0.684	0.8702	0.9413	 1.736	 1.765	 2.744	 2.696	 | 1.611 quantile
                      	  1.36	 1.974	 2.136	 1.753	 1.978	 1.649	 2.237	  2.23	  3.48	 2.764	 9.476	 9.757	 | 9.757 max

train losses    216:	0.1505	0.1431	0.2627	0.2544	 0.191	0.1833	0.1979	0.1977	0.2383	0.2376	0.2324	0.2254	
val losses      216:	 0.194	0.1852	0.2928	0.3039	0.2721	0.2701	0.3153	0.3363	0.7125	0.6881	 1.173	 1.152	 | 0.4913 mean
                     	0.5067	0.4905	0.7326	0.7729	0.6812	0.6775	0.7907	0.8709	 1.696	 1.808	  2.67	 2.672	 | 1.616 quantile
                      	 1.343	 1.933	 2.115	 1.719	 2.023	 1.641	 2.054	 2.088	 3.353	 2.779	  10.4	 10.67	 | 10.67 max

train losses    218:	0.1503	0.1409	0.2556	0.2482	0.1937	0.1899	0.1864	0.1927	0.2803	0.2813	0.2445	0.2374	
val losses      218:	0.1986	 0.186	 0.288	0.2975	0.2727	0.2625	0.3086	0.3313	0.7137	0.6789	 1.101	 1.088	 | 0.4772 mean
                     	0.5189	0.4908	0.7187	0.7572	0.6763	0.6813	0.7784	 0.849	  1.74	 1.789	  2.76	 2.713	 | 1.618 quantile
                      	 1.393	 1.939	 2.074	 1.763	 1.954	 1.701	 1.977	 1.957	  3.42	 2.812	 9.242	 9.615	 | 9.615 max

train losses    220:	0.1502	0.1418	0.2562	0.2463	 0.204	0.1942	0.1575	0.1542	0.2596	0.2502	0.2516	0.2449	
val losses      220:	0.1922	0.1867	0.2992	0.3069	0.2763	0.2676	0.3206	0.3378	0.7161	0.6744	 1.208	 1.182	 | 0.4973 mean
                     	0.5047	0.4914	0.7399	0.7757	0.6948	 0.699	0.7913	0.8846	 1.689	 1.737	 2.724	 2.699	 | 1.619 quantile
                      	 1.338	 1.973	 2.125	 1.791	 2.014	 1.641	 2.027	 2.047	  3.47	 2.762	 10.52	 10.83	 | 10.83 max

train losses    222:	0.1493	0.1413	0.2555	0.2473	0.1928	0.1852	 0.162	0.1569	0.2248	0.2199	 0.246	0.2406	
val losses      222:	0.1982	0.1856	0.2894	0.2994	0.2709	0.2607	0.3322	0.3599	0.7152	0.6858	 1.096	 1.079	 | 0.4811 mean
                     	0.5153	0.4906	0.7183	0.7559	0.6826	0.6858	0.8295	 0.886	 1.695	 1.713	 2.711	 2.648	 | 1.588 quantile
                      	 1.353	 1.937	 2.037	 1.722	 1.981	 1.721	 1.815	 1.846	 3.515	 2.734	 9.261	 9.677	 | 9.677 max

train losses    224:	0.1494	0.1416	 0.252	0.2447	0.1943	0.1839	0.1769	0.1746	0.2547	0.2573	0.2258	0.2248	
val losses      224:	0.1916	0.1893	0.2882	0.2989	0.2757	0.2661	0.3358	0.3618	0.7216	0.6943	 1.117	 1.098	 | 0.4866 mean
                     	0.4997	0.5021	0.7247	0.7594	0.6838	0.6899	0.8486	0.8964	 1.666	 1.655	 2.606	 2.558	 | 1.559 quantile
                      	  1.31	 1.966	 2.077	  1.77	 1.993	 1.724	 1.829	 1.858	 3.057	   3.0	 10.15	 10.46	 | 10.46 max

train losses    226:	0.1484	0.1406	 0.251	0.2418	0.2004	0.1913	  0.18	0.1762	0.2437	0.2418	0.1745	0.1739	
val losses      226:	 0.192	0.1861	0.2901	0.3003	0.2772	0.2653	0.3077	0.3309	0.7101	0.6826	 1.098	 1.081	 | 0.4768 mean
                     	0.4998	0.4897	0.7306	0.7636	0.6923	0.6772	0.7924	0.8508	 1.647	 1.634	 2.671	 2.587	 | 1.539 quantile
                      	 1.336	 1.935	 2.035	 1.791	 1.961	  1.74	 1.871	  1.88	 3.325	 2.795	 9.785	 10.11	 | 10.11 max

train losses    228:	0.1469	0.1407	0.2469	0.2408	0.1988	0.1893	0.1647	0.1619	0.2202	 0.222	0.1397	0.1398	
val losses      228:	0.1891	0.1861	0.2908	0.2996	0.2697	0.2606	0.3084	 0.329	0.7038	0.6823	 1.094	 1.076	 | 0.4741 mean
                     	0.4905	0.4948	0.7336	0.7691	0.6821	0.6765	0.7992	 0.857	 1.648	 1.665	 2.674	 2.579	 | 1.549 quantile
                      	 1.375	 1.939	 2.048	 1.824	 1.994	  1.78	 2.041	 2.064	 3.123	 2.986	 9.688	  10.1	 | 10.1 max

train losses    230:	0.1449	0.1416	0.2475	0.2388	0.1912	0.1837	0.1803	0.1796	0.2651	0.2712	0.1258	0.1274	
val losses      230:	0.1859	0.1855	0.2919	0.3019	0.2744	0.2658	 0.308	0.3316	0.7162	0.6879	 1.117	 1.099	 | 0.4804 mean
                     	0.4799	0.4857	0.7388	0.7658	0.6815	 0.681	0.7876	0.8546	 1.676	 1.725	 2.665	 2.593	 | 1.574 quantile
                      	 1.442	  1.91	 2.004	 1.867	 1.984	 1.751	 1.935	 1.951	 3.651	 2.754	 10.19	 10.51	 | 10.51 max

train losses    232:	0.1487	0.1462	0.2585	0.2498	0.1992	0.1892	0.2266	0.2308	0.3205	0.3186	0.1494	0.1411	
val losses      232:	0.1897	0.1939	0.2913	 0.299	0.2983	0.2844	 0.314	0.3337	0.7048	  0.68	 1.092	 1.075	 | 0.4797 mean
                     	  0.49	0.5142	0.7366	0.7594	0.7264	0.6953	0.7958	0.8485	 1.687	 1.683	 2.685	  2.63	 | 1.567 quantile
                      	 1.439	  1.92	 2.011	 1.902	 1.867	 1.688	 2.048	 2.023	 3.176	 3.065	 9.558	  10.0	 | 10.0 max

train losses    234:	0.1516	0.1599	0.2583	0.2452	0.1956	0.1935	0.2154	0.2077	0.3235	0.3596	0.2113	 0.206	
val losses      234:	0.1914	0.2038	0.3061	0.3133	 0.293	0.3028	0.3551	0.3698	0.7749	0.7402	 1.104	 1.089	 | 0.5036 mean
                     	0.4932	0.5209	 0.762	0.7983	 0.718	0.7448	0.8804	 0.973	  1.82	 1.691	 2.689	  2.62	 | 1.592 quantile
                      	 1.372	 1.957	 2.132	 1.865	 2.036	 1.605	 2.163	 2.192	 3.405	 3.137	 10.36	 10.65	 | 10.65 max

train losses    236:	0.1579	0.1563	0.2576	0.2521	0.1968	0.1962	0.2276	0.2348	0.2323	0.2516	0.2709	0.2518	
val losses      236:	0.1957	 0.194	0.2952	0.3073	0.2823	0.2946	0.3139	0.3322	0.7172	0.6846	 1.111	 1.086	 | 0.4845 mean
                     	0.5026	0.5018	 0.738	0.7814	0.7004	 0.718	0.7883	0.8693	  1.67	  1.73	 2.627	 2.547	 | 1.56 quantile
                      	 1.387	 1.826	 2.037	 1.752	 1.921	 1.507	 2.067	 2.123	 3.311	 2.925	 9.812	 10.12	 | 10.12 max

train losses    238:	 0.177	0.1557	 0.254	 0.242	0.2112	0.1933	0.1936	0.1978	0.2162	0.2314	0.2649	0.2461	
val losses      238:	0.2188	0.2012	0.2991	0.3055	0.2968	0.2746	0.3169	0.3418	0.7175	0.6883	 1.113	 1.094	 | 0.4889 mean
                     	0.5455	0.5202	0.7472	0.7776	 0.739	0.6944	0.7991	0.8639	 1.684	   1.7	 2.811	 2.693	 | 1.598 quantile
                      	 1.446	 1.888	  1.98	 1.845	   2.0	 1.667	 1.955	 1.967	 3.147	 2.972	 9.406	 9.879	 | 9.879 max

train losses    240:	 0.187	 0.157	0.2506	0.2416	0.2219	0.2017	0.2178	0.2146	0.2078	0.2295	 0.177	0.1771	
val losses      240:	0.2033	0.1894	0.2993	0.3074	0.2828	0.2638	 0.323	0.3505	0.7248	0.6871	 1.121	 1.103	 | 0.4879 mean
                     	0.5192	0.4944	0.7465	0.7842	0.6934	0.6706	0.8152	0.8645	 1.698	 1.692	 2.607	 2.575	 | 1.569 quantile
                      	 1.532	 2.019	 1.878	 1.846	 1.812	 1.602	 1.684	 1.807	  3.18	 2.942	 9.989	 10.46	 | 10.46 max

train losses    242:	  0.18	0.1663	0.2422	0.2342	0.2318	0.2105	0.1806	0.1804	0.2152	0.2177	0.1776	0.1675	
val losses      242:	0.2177	0.2068	0.3009	0.3061	0.3411	0.3058	 0.312	0.3313	0.7141	0.6941	 1.097	 1.083	 | 0.4925 mean
                     	 0.553	0.5278	0.7437	0.7804	0.8208	0.7361	0.7783	0.8471	 1.659	 1.648	 2.802	  2.71	 | 1.573 quantile
                      	 1.582	  1.98	 1.948	 1.921	 1.854	  1.54	 1.789	 1.831	 3.131	 2.931	 9.513	  9.84	 | 9.84 max

train losses    244:	0.1809	0.1543	0.2387	 0.232	0.2223	 0.202	 0.162	0.1593	0.2029	0.2043	0.1661	0.1652	
val losses      244:	0.2107	0.1917	0.3031	0.3096	0.3518	0.3294	0.3199	0.3406	 0.734	0.7002	 1.097	 1.082	 | 0.4975 mean
                     	0.5472	0.5013	0.7618	0.7832	0.8251	0.7792	0.8107	 0.856	 1.652	 1.649	 2.621	 2.579	 | 1.545 quantile
                      	 1.549	 1.928	 1.864	 1.877	 1.869	 1.513	 1.856	 1.914	 3.271	 3.067	 9.844	 10.21	 | 10.21 max

train losses    246:	0.1746	  0.16	0.2354	0.2281	 0.218	0.2061	0.1768	0.1732	0.1935	0.2047	0.1717	0.1706	
val losses      246:	0.2041	0.2004	0.2939	0.3026	 0.319	0.3016	0.3035	0.3238	0.7079	0.6793	 1.087	 1.071	 | 0.4829 mean
                     	 0.521	 0.516	0.7432	0.7669	0.7631	0.7345	0.7752	0.8415	 1.659	 1.698	 2.773	 2.687	 | 1.564 quantile
                      	 1.479	 1.972	 1.934	 1.815	 1.796	 1.572	 1.976	 1.993	 3.196	  2.77	 9.327	 9.764	 | 9.764 max

train losses    248:	0.1704	0.1549	0.2367	0.2295	0.2133	0.1991	0.1631	0.1591	0.1904	0.1919	0.1678	0.1697	
val losses      248:	0.1967	0.1883	0.2981	0.3058	0.3125	0.2936	0.3044	0.3261	0.7157	0.6861	 1.099	 1.084	 | 0.4842 mean
                     	 0.501	0.4869	 0.746	0.7779	0.7547	0.7203	0.7809	0.8432	 1.646	 1.669	 2.624	 2.568	 | 1.543 quantile
                      	  1.41	 1.901	 1.881	 1.939	 1.867	 1.613	 1.935	 1.935	 3.132	 2.907	 9.862	 10.16	 | 10.16 max

train losses    250:	0.1648	0.1556	0.2297	0.2232	0.2128	0.1983	0.1756	0.1761	0.1896	0.1864	0.1841	0.1787	
val losses      250:	0.1964	 0.209	0.2959	0.3029	 0.346	0.3313	0.3046	0.3246	 0.697	0.6693	 1.094	 1.078	 | 0.4874 mean
                     	0.5049	0.5306	0.7391	0.7703	0.8042	0.7886	 0.774	0.8375	 1.672	 1.702	 2.811	 2.701	 | 1.582 quantile
                      	 1.487	 1.974	 1.961	 1.882	 1.788	   1.5	 1.857	 1.873	 3.382	 2.601	  9.25	 9.687	 | 9.687 max

train losses    252:	0.1604	0.1477	0.2281	0.2216	0.2086	0.1919	0.1594	0.1574	0.1913	 0.183	0.1983	0.2011	
val losses      252:	0.1944	0.1954	 0.298	0.3056	0.3583	0.3382	0.3117	0.3333	0.7185	0.6869	  1.11	 1.096	 | 0.4955 mean
                     	0.5036	0.5035	0.7433	0.7721	0.8127	0.8002	0.7851	0.8406	 1.672	 1.642	 2.597	 2.558	 | 1.556 quantile
                      	 1.408	 1.962	 1.893	 1.957	 1.797	 1.508	 1.884	 1.905	 3.149	 2.952	 9.935	 10.31	 | 10.31 max

train losses    254:	0.1588	0.1508	 0.223	0.2171	0.2124	0.1959	0.1471	 0.144	0.1864	0.1855	0.2189	0.2194	
val losses      254:	 0.195	0.2044	0.2959	0.3029	0.3546	0.3254	0.3102	 0.329	0.6965	0.6696	 1.088	 1.074	 | 0.4872 mean
                     	0.5035	0.5205	0.7406	0.7593	0.8217	0.7823	0.7768	0.8427	 1.666	 1.675	 2.799	 2.703	 | 1.563 quantile
                      	 1.437	 1.969	 1.918	 1.883	 1.762	 1.503	 1.929	 1.957	 3.412	 2.659	 9.095	 9.657	 | 9.657 max

train losses    256:	0.1572	0.1466	0.2238	0.2165	0.2146	0.1922	 0.156	0.1521	0.1897	0.1735	0.2032	0.1984	
val losses      256:	0.1914	0.1855	0.3016	0.3088	0.3091	0.2843	0.3153	0.3385	0.7235	0.6947	 1.085	 1.069	 | 0.4839 mean
                     	0.4959	0.4878	0.7541	0.7824	0.7431	0.7154	0.8025	0.8718	 1.682	 1.657	 2.639	  2.54	 | 1.546 quantile
                      	 1.387	 1.899	 1.848	 2.028	 1.807	 1.602	 1.806	 1.818	 3.208	  3.07	 9.721	 10.19	 | 10.19 max

train losses    258:	0.1602	0.1453	0.2223	0.2156	0.2095	0.2009	0.1628	0.1599	0.1735	0.1754	0.1875	0.1881	
val losses      258:	0.1884	0.1877	0.3025	0.3078	0.2952	0.2742	0.3073	  0.33	0.7164	 0.691	 1.082	 1.066	 | 0.479 mean
                     	0.4916	0.4933	0.7652	0.7764	0.7234	0.6814	0.8032	 0.867	 1.672	 1.642	  2.68	 2.581	 | 1.542 quantile
                      	 1.416	 1.988	 1.828	 1.962	 1.843	 1.659	 1.845	 1.885	 3.132	 2.926	 9.565	 9.966	 | 9.966 max

train losses    260:	0.1499	0.1503	0.2181	 0.212	0.2147	0.1981	0.1564	0.1537	 0.176	0.1678	0.1595	0.1568	
val losses      260:	0.1843	0.1948	0.3022	0.3093	0.3181	0.3322	0.3088	0.3277	 0.724	0.7042	 1.089	 1.073	 | 0.489 mean
                     	0.4768	0.5015	0.7632	0.7945	0.7699	0.7799	0.8008	 0.855	 1.681	 1.692	 2.707	 2.624	 | 1.563 quantile
                      	 1.372	 1.913	 1.929	 1.935	  1.83	 1.512	 1.961	 1.977	  3.17	 3.002	  9.49	 9.937	 | 9.937 max

train losses    262:	0.1509	0.1406	0.2191	 0.215	0.2057	0.1865	0.1571	0.1551	0.1671	0.1823	0.1437	0.1449	
val losses      262:	0.1832	0.1858	0.3019	0.3083	0.3316	0.3083	0.3096	0.3279	0.7195	 0.693	 1.086	 1.072	 | 0.4856 mean
                     	0.4784	0.4822	0.7556	0.7779	0.8018	0.7396	0.7927	0.8493	  1.66	 1.634	 2.657	 2.567	 | 1.541 quantile
                      	 1.341	 1.943	  1.87	 2.009	 1.838	 1.642	 1.978	  2.03	 3.205	 2.962	 9.667	 10.06	 | 10.06 max

train losses    264:	0.1432	0.1496	0.2281	0.2205	0.2096	0.2039	0.1514	0.1493	0.1669	0.1648	0.1334	0.1311	
val losses      264:	0.1816	0.1936	0.3215	0.3216	0.3245	0.3413	0.3085	0.3251	0.7106	0.6904	 1.086	  1.07	 | 0.4896 mean
                     	0.4693	0.4993	   0.8	0.8062	0.7667	 0.805	0.7725	0.8354	 1.656	 1.677	 2.703	 2.606	 | 1.552 quantile
                      	 1.326	 1.877	 2.007	 1.846	 1.796	 1.514	  1.96	 1.975	 3.143	 2.871	 9.601	 9.992	 | 9.992 max

train losses    266:	0.1473	0.1331	 0.233	0.2339	0.2204	0.1805	0.1385	0.1357	0.1529	0.1871	0.1296	0.1342	
val losses      266:	0.1809	0.1803	0.3181	0.3278	0.3382	0.2766	0.3094	0.3278	0.7091	0.6832	 1.087	 1.073	 | 0.4843 mean
                     	0.4671	0.4761	0.7846	0.8323	0.7955	0.6992	0.7753	0.8405	 1.663	 1.628	 2.651	 2.563	 | 1.538 quantile
                      	  1.34	 1.857	 1.778	 2.109	 1.783	  1.64	 1.935	 1.956	 3.328	 2.881	 9.721	 10.18	 | 10.18 max

train losses    268:	0.1371	0.1377	0.2194	0.2117	0.2201	0.2001	0.1354	 0.131	0.1643	0.1554	0.1286	0.1267	
val losses      268:	0.1791	0.1806	0.2967	0.3021	 0.326	0.3155	0.3148	0.3341	 0.703	0.6821	 1.083	 1.068	 | 0.4821 mean
                     	0.4614	0.4763	0.7412	0.7684	0.7675	0.7639	 0.786	0.8467	  1.66	 1.665	 2.688	 2.594	 | 1.549 quantile
                      	 1.347	 1.866	 1.898	 2.011	 1.763	 1.496	 1.905	 1.939	 3.153	  2.86	 9.535	 10.07	 | 10.07 max

train losses    270:	0.1342	0.1275	0.2096	0.2037	0.2015	0.1928	0.1504	0.1488	0.1666	0.1711	0.1328	0.1319	
val losses      270:	0.1785	0.1806	0.3073	0.3123	0.3289	0.3059	0.3156	0.3385	0.7046	  0.67	 1.085	 1.072	 | 0.4832 mean
                     	0.4667	 0.484	0.7701	0.7826	0.7814	 0.737	0.8069	0.8701	 1.645	  1.66	 2.635	 2.544	 | 1.532 quantile
                      	  1.36	 1.856	 1.812	 2.026	 1.791	 1.536	 1.747	 1.781	 3.336	 2.763	 9.741	 10.18	 | 10.18 max

train losses    272:	0.1313	0.1289	 0.215	0.2102	0.2051	0.1726	0.1519	0.1498	0.2259	0.1804	0.1362	0.1332	
val losses      272:	0.1869	0.1814	0.3003	 0.306	 0.308	0.2943	0.3035	0.3247	0.7003	0.6897	 1.083	  1.07	 | 0.479 mean
                     	0.4884	 0.485	0.7562	 0.779	0.7388	0.7103	0.7831	0.8398	 1.655	 1.629	 2.698	 2.613	 | 1.544 quantile
                      	 1.293	 1.866	 1.891	 2.052	   1.8	 1.553	 1.913	 1.933	 3.076	 2.977	 9.569	 9.994	 | 9.994 max

train losses    274:	0.1342	0.1262	0.2248	0.2169	0.1868	0.1859	0.1504	0.1523	0.2274	0.2615	0.1623	0.1641	
val losses      274:	0.1882	0.1815	   0.3	0.3062	0.2903	  0.29	0.3072	0.3294	0.7033	0.6688	 1.096	 1.084	 | 0.4788 mean
                     	0.4906	0.4893	0.7609	0.7808	0.7074	0.7114	0.7925	0.8626	 1.636	 1.622	 2.628	 2.566	 | 1.526 quantile
                      	 1.312	 1.827	 1.893	 1.972	 1.892	 1.589	 1.839	 1.889	 3.345	 2.728	 10.07	 10.33	 | 10.33 max

train losses    276:	0.1379	0.1343	0.2152	0.2131	0.2084	0.1653	0.1514	0.1482	0.3588	0.2823	0.2183	0.2089	
val losses      276:	0.1921	0.1914	0.3013	 0.312	0.2907	0.2589	0.3112	0.3277	0.7119	 0.692	 1.079	 1.069	 | 0.4781 mean
                     	0.5046	0.5138	0.7523	0.7929	 0.705	0.6543	0.8057	0.8545	 1.779	 1.658	 2.703	 2.629	 | 1.586 quantile
                      	 1.255	 1.738	 1.798	 2.187	 1.875	 1.681	 2.095	 2.098	  3.13	 3.149	 9.197	 9.778	 | 9.778 max

train losses    278:	0.1422	 0.133	 0.222	0.2124	0.1985	0.1861	 0.148	0.1467	0.2526	0.3574	0.2585	0.2637	
val losses      278:	0.1892	0.1829	0.2989	0.3027	 0.291	0.2853	0.3194	0.3339	0.7194	0.6912	 1.108	 1.097	 | 0.4849 mean
                     	0.4977	0.4845	0.7518	0.7745	0.7147	0.6988	0.7863	 0.866	 1.633	 1.624	 2.629	 2.564	 | 1.541 quantile
                      	  1.23	 1.709	 1.947	 1.891	 2.017	 1.618	 2.046	 2.099	 3.304	 3.049	 10.32	 10.53	 | 10.53 max

train losses    280:	0.1549	0.1287	0.2387	0.2315	0.1839	 0.195	0.1423	0.1379	 0.228	0.2637	0.3049	0.2852	
val losses      280:	0.2018	0.1886	0.3119	0.3296	0.2684	0.2913	 0.315	 0.333	0.6956	0.6907	 1.079	 1.071	 | 0.4813 mean
                     	0.5206	0.5022	0.7827	0.8254	0.6725	0.7019	0.7875	0.8411	 1.673	 1.819	 2.674	 2.607	 | 1.592 quantile
                      	 1.284	 1.744	 1.899	 1.738	 1.951	 1.555	 1.861	 1.887	 3.135	 3.013	 9.384	 9.793	 | 9.793 max

train losses    282:	0.1478	0.1449	0.2251	0.2126	 0.174	0.1708	 0.156	0.1546	0.2471	0.2252	 0.268	0.2668	
val losses      282:	0.1847	0.1956	0.2968	0.2998	0.2718	0.2801	0.3137	0.3316	 0.721	0.6884	 1.092	 1.079	 | 0.4796 mean
                     	0.4752	0.5239	0.7375	0.7562	0.6754	0.6979	0.8041	0.8465	 1.646	 1.744	 2.725	 2.634	 | 1.582 quantile
                      	 1.296	 1.721	 1.875	 1.891	 2.065	 1.626	 1.829	 1.882	 3.391	 3.188	 9.739	 9.852	 | 9.852 max

train losses    284:	0.1468	0.1618	0.2162	0.2069	0.1764	0.1716	0.1443	0.1536	0.2514	0.2554	0.2446	 0.226	
val losses      284:	0.2026	0.2203	0.3019	0.3053	0.2749	0.2776	0.3111	0.3293	0.7027	0.7139	 1.082	 1.067	 | 0.4824 mean
                     	0.5239	0.5675	0.7577	0.7807	 0.675	0.6887	0.7822	0.8512	 1.676	 1.855	 2.603	 2.554	 | 1.576 quantile
                      	 1.252	  1.72	 1.771	 1.857	 1.956	 1.587	 1.899	 1.978	 3.396	 3.642	 9.912	 10.09	 | 10.09 max

train losses    286:	0.1532	0.1495	0.2171	0.2096	0.1749	0.1726	0.1549	0.1534	0.2255	0.2234	0.2199	0.2205	
val losses      286:	0.1925	0.1979	0.3002	0.3071	0.2736	0.2859	 0.305	0.3244	0.7218	0.6892	 1.134	  1.13	 | 0.4884 mean
                     	 0.496	0.5242	0.7545	0.7704	0.6733	 0.706	0.7745	0.8274	 1.727	 1.735	 2.987	 2.895	 | 1.633 quantile
                      	 1.301	 1.738	 1.837	 1.856	 1.971	 1.669	 1.977	 2.043	 3.334	 2.914	 9.114	 9.642	 | 9.642 max

train losses    288:	0.1508	  0.15	0.2158	0.2085	 0.173	0.1694	0.1716	0.1615	0.1893	0.2183	0.2185	0.2107	
val losses      288:	0.2032	0.2045	0.3016	0.3068	0.2727	0.2727	0.3118	0.3324	0.7175	 0.684	 1.088	 1.077	 | 0.4809 mean
                     	0.5214	0.5295	0.7607	0.7748	 0.681	0.6827	0.7863	0.8476	 1.698	 1.759	 2.601	 2.573	 | 1.561 quantile
                      	 1.308	 1.789	 1.854	 1.835	  2.03	 1.664	 1.844	 1.894	 3.543	 3.074	 9.684	  10.0	 | 10.0 max

train losses    290:	0.1566	0.1476	0.2082	0.2022	0.1811	 0.177	0.1557	0.1545	0.1922	0.2164	0.2704	0.2661	
val losses      290:	0.2058	0.1949	 0.306	0.3104	0.2764	0.2859	0.3351	0.3491	0.7277	0.7049	 1.088	 1.078	 | 0.4885 mean
                     	0.5287	0.5192	0.7789	0.7876	0.6854	 0.703	0.8344	0.9144	   1.7	 1.629	 2.755	 2.695	 | 1.567 quantile
                      	 1.315	 1.811	 1.933	 1.833	  1.95	 1.589	 2.099	 2.071	  3.38	   3.0	 9.077	  9.64	 | 9.64 max

train losses    292:	0.1624	 0.144	0.2016	0.1972	0.1879	0.1873	0.1535	0.1496	0.2272	0.2312	0.2327	0.2302	
val losses      292:	0.2079	0.2003	0.3047	0.3113	0.2775	0.2872	 0.322	 0.337	0.7455	0.7123	 1.092	 1.083	 | 0.49 mean
                     	0.5317	0.5341	0.7579	0.7837	0.6925	0.7117	0.7939	0.8524	 1.658	 1.627	  2.71	 2.623	 | 1.575 quantile
                      	 1.265	 1.722	 1.892	 1.849	 2.037	 1.618	 1.804	 1.914	 3.454	 3.018	 9.235	 9.686	 | 9.686 max

train losses    294:	0.1635	0.1616	0.1973	0.1913	0.1941	0.1972	0.1396	0.1365	0.2355	0.2647	0.2271	0.2202	
val losses      294:	0.2234	0.2155	0.3031	0.3087	0.2677	0.2777	0.3265	 0.346	0.7344	0.7125	 1.088	 1.075	 | 0.4898 mean
                     	0.5596	0.5628	0.7595	0.7818	0.6733	0.6953	0.8207	0.8484	 1.658	 1.635	 2.661	 2.595	 | 1.555 quantile
                      	 1.329	 1.807	 1.728	 1.941	 1.958	  1.61	 1.825	 1.912	 3.367	 3.036	 9.731	 10.12	 | 10.12 max

train losses    296:	 0.174	0.1695	0.1974	0.1917	0.2003	0.1883	0.1545	0.1514	0.2811	0.2746	0.2552	0.2552	
val losses      296:	0.2017	0.2007	0.3016	0.3071	0.2888	0.2829	0.3209	 0.338	0.7253	0.7037	   1.1	 1.091	 | 0.4886 mean
                     	0.5293	0.5345	0.7508	0.7822	0.7095	0.7076	 0.802	0.8415	 1.618	 1.622	 2.859	 2.761	 | 1.561 quantile
                      	 1.248	 1.742	 1.786	 2.011	 1.911	 1.595	 1.907	 1.963	 3.359	 3.079	 8.443	  8.98	 | 8.98 max

train losses    298:	0.1742	0.1561	0.2038	0.1969	0.1911	0.1949	0.1568	0.1529	0.2276	 0.262	0.2359	0.2333	
val losses      298:	0.2101	0.1957	0.3105	0.3152	0.2905	0.2918	0.3098	0.3354	0.7094	0.6919	 1.081	 1.073	 | 0.4845 mean
                     	0.5466	0.5187	0.7777	0.8086	0.7147	0.7258	0.7901	0.8516	 1.583	 1.609	 2.655	 2.589	 | 1.539 quantile
                      	 1.256	 1.752	 1.718	 2.094	 1.995	 1.688	  1.97	 1.983	 3.267	 3.082	  8.65	 9.233	 | 9.233 max

