train losses      0:	0.7314	 0.689	0.6798	0.5753	0.8159	0.8653	0.6837	0.6075	 1.657	 1.701	  1.54	 1.543	
val losses        0:	0.8441	0.4958	0.5673	0.8085	0.7304	  1.08	 3.193	 2.089	 2.659	0.9008	 1.757	 1.865	 | 1.416 mean
                     	 1.901	 1.397	 1.378	 1.594	 1.784	 2.226	 4.158	  3.06	 4.585	 2.509	 3.997	 3.947	 | 3.566 quantile
                      	 3.755	 5.221	 3.044	 3.684	 3.477	 3.879	 5.632	 4.895	  7.14	  4.79	 7.383	 6.677	 | 7.383 max

train losses      2:	0.5758	0.5721	0.4659	0.4694	0.7059	0.7434	0.5611	0.5512	 1.532	 1.613	 1.483	 1.497	
val losses        2:	0.4818	0.4713	0.4726	0.4396	0.4668	 0.516	0.5823	0.4977	0.7701	 0.885	 1.165	 1.184	 | 0.661 mean
                     	 1.319	 1.244	 1.171	 1.098	  1.26	 1.344	 1.434	 1.254	 2.336	 2.374	 2.775	 2.905	 | 1.965 quantile
                      	   3.2	 4.689	 2.639	 2.998	 2.773	 3.612	   2.9	 3.347	 4.435	 4.651	 5.243	 5.739	 | 5.739 max

train losses      4:	0.4871	0.5308	0.4304	0.4289	0.6204	0.6796	0.5211	0.5223	 1.375	 1.524	 1.429	 1.452	
val losses        4:	0.4001	0.3939	0.3976	0.3782	0.3878	0.4445	0.4062	0.4142	0.6882	0.8182	 1.123	 1.146	 | 0.5832 mean
                     	  1.14	 1.086	 1.038	0.9937	 1.059	  1.13	 1.083	 1.096	 1.976	 2.136	  2.71	 2.708	 | 1.826 quantile
                      	 3.306	  4.26	 2.288	 2.742	 2.316	 3.442	  2.42	 2.873	  3.74	 4.412	 5.294	  5.16	 | 5.294 max

train losses      6:	0.4522	0.5009	0.4116	0.4193	0.5716	0.6402	0.5049	0.5141	 1.164	 1.381	 1.368	 1.409	
val losses        6:	0.3641	0.3731	0.3808	0.3753	0.3592	0.4074	0.3992	 0.425	0.6188	0.7616	 1.115	 1.132	 | 0.5592 mean
                     	 1.002	 1.023	0.9987	0.9843	0.9362	 1.027	 1.056	 1.083	 1.707	 1.955	 2.713	 2.697	 | 1.75 quantile
                      	 2.618	 4.293	 2.339	 2.664	 1.907	 3.247	 2.199	 2.946	  3.16	 3.808	 4.473	 4.905	 | 4.905 max

train losses      8:	0.4364	0.4933	 0.412	0.4258	0.5284	0.6144	0.5106	0.5136	0.9422	 1.174	 1.297	 1.353	
val losses        8:	0.3392	0.3384	0.3744	0.3758	0.3361	0.3835	0.3997	0.4029	 0.573	0.6543	 1.093	 1.105	 | 0.5313 mean
                     	0.9339	0.9255	 0.992	0.9796	 0.874	0.9639	  1.04	 1.054	 1.501	 1.701	 2.725	 2.738	 | 1.655 quantile
                      	 2.527	 4.228	 2.148	 2.873	 1.921	 3.151	  2.15	 2.952	 3.067	 2.986	 4.338	 4.465	 | 4.465 max

train losses     10:	0.4346	0.4764	 0.419	0.4345	 0.524	0.5808	0.5281	0.5185	0.8338	0.9719	 1.231	 1.288	
val losses       10:	0.3423	0.3353	0.3635	0.3749	0.3351	 0.408	0.4159	0.4121	0.9775	0.7918	 1.109	 1.103	 | 0.5808 mean
                     	 0.937	0.9054	0.9459	0.9764	0.8538	 0.996	 1.056	 1.066	 2.149	 1.893	 2.725	 2.843	 | 1.779 quantile
                      	 2.447	 4.362	 2.302	 2.927	 1.805	  2.91	 2.558	 2.991	 3.467	 2.912	 4.224	 4.473	 | 4.473 max

train losses     12:	0.4377	0.4679	0.4298	0.4498	0.5502	0.5525	0.5358	 0.521	0.8844	0.9084	  1.19	 1.221	
val losses       12:	0.3114	0.3285	0.3666	0.3761	0.3359	0.3537	0.3946	0.3884	0.5999	0.5599	 1.148	 1.114	 | 0.5231 mean
                     	0.8246	0.8516	0.9609	0.9943	0.8463	0.8514	 1.026	 1.026	 1.416	 1.376	 2.815	 2.817	 | 1.577 quantile
                      	 2.244	 4.304	 2.191	 2.765	 1.749	 2.703	 2.569	 2.904	 2.803	 2.435	 4.888	 4.484	 | 4.888 max

train losses     14:	0.4173	0.4478	0.4305	0.4444	0.5478	0.5225	0.5305	0.5143	 0.828	 0.837	 1.153	 1.162	
val losses       14:	0.3072	 0.327	0.3659	  0.37	0.3554	0.3577	0.3818	0.3781	0.8381	0.8051	 1.217	 1.168	 | 0.5726 mean
                     	0.7712	 0.796	0.9567	0.9747	0.8852	0.8658	0.9892	 1.026	 1.942	 1.806	 3.032	 2.921	 | 1.756 quantile
                      	 2.249	 3.855	 2.127	 2.736	 1.646	 2.144	  2.64	 2.798	 3.392	 3.031	 5.593	 5.124	 | 5.593 max

train losses     16:	 0.421	0.4368	0.4273	0.4323	0.5224	0.5003	0.5155	0.5029	0.7456	0.7702	 1.129	 1.128	
val losses       16:	0.2678	0.2636	0.3651	0.3628	0.3142	0.3203	0.3742	  0.38	0.5134	0.4664	 1.292	  1.23	 | 0.5125 mean
                     	0.6921	 0.671	0.9508	0.9523	0.8061	0.7847	0.9919	 1.024	 1.352	  1.19	 3.249	 3.014	 | 1.686 quantile
                      	 2.284	 3.565	 2.172	 2.635	 1.549	 1.913	  2.44	 2.603	 2.102	 1.851	  5.87	 5.343	 | 5.87 max

train losses     18:	0.3941	0.4155	 0.422	 0.423	 0.503	0.4883	0.4996	 0.495	0.6967	0.6979	 1.096	 1.095	
val losses       18:	0.2476	0.2352	0.3644	0.3621	0.3103	0.3077	0.3577	0.3802	0.5934	0.4931	 1.274	 1.217	 | 0.5118 mean
                     	0.6609	0.6136	0.9523	0.9492	0.7799	0.7653	0.9577	 1.046	 1.457	 1.225	 3.219	 2.928	 | 1.665 quantile
                      	 2.022	  3.22	 2.227	 2.728	 1.677	   1.8	  2.15	 2.444	 2.846	  1.98	 5.837	 5.509	 | 5.837 max

train losses     20:	0.3851	0.4021	0.4164	 0.417	0.4889	0.4756	0.4871	0.4828	0.6529	0.6592	 1.069	 1.071	
val losses       20:	0.2454	0.2315	0.3584	0.3534	0.3143	0.3126	0.3522	0.3599	0.4559	0.4064	 1.268	 1.234	 | 0.491 mean
                     	0.6324	0.5993	0.9286	0.9318	 0.803	0.7725	0.9479	0.9826	  1.24	 1.026	 3.044	 2.837	 | 1.62 quantile
                      	 2.033	 3.136	 2.184	 2.765	  1.74	 1.631	 2.123	 2.187	 2.128	 1.742	 5.667	 5.476	 | 5.667 max

train losses     22:	0.3773	0.3934	0.4118	 0.411	0.4769	 0.466	0.4777	 0.474	0.6239	0.6297	 1.072	 1.068	
val losses       22:	0.2416	0.2263	0.3596	0.3525	0.3004	0.3009	0.3549	0.3632	0.4702	0.4349	 1.294	 1.241	 | 0.495 mean
                     	0.6365	0.5885	0.9434	0.9489	0.7411	0.7563	0.9726	 1.011	 1.161	 1.087	 3.008	 2.853	 | 1.697 quantile
                      	 1.925	 2.982	 2.239	 2.608	 1.591	 1.606	 2.316	 2.333	 2.139	 1.777	 5.477	 5.402	 | 5.477 max

train losses     24:	0.3732	0.3878	0.4028	0.4042	0.4645	0.4537	0.4657	0.4614	0.6166	0.6167	 1.032	 1.028	
val losses       24:	0.2429	0.2238	0.3547	 0.349	0.2929	0.2984	0.3482	0.3529	0.4229	 0.388	 1.255	 1.219	 | 0.479 mean
                     	0.6473	 0.581	0.9366	0.9272	0.7302	0.7419	0.9412	0.9858	 1.123	 1.006	 2.959	 2.864	 | 1.652 quantile
                      	 2.036	 2.972	  2.14	 2.714	 1.623	 1.528	 2.174	 2.353	 2.068	 1.547	  5.47	 5.464	 | 5.47 max

train losses     26:	0.3611	0.3738	0.3975	0.3979	0.4501	0.4457	0.4569	0.4517	0.6174	0.6259	 1.021	 1.022	
val losses       26:	0.2324	 0.223	0.3532	0.3489	0.2974	 0.297	0.3442	0.3448	0.5657	0.5202	 1.178	 1.166	 | 0.4892 mean
                     	0.6117	0.5807	0.9279	0.9294	0.7312	0.7387	0.9274	 0.946	 1.374	  1.24	 2.941	 2.792	 | 1.56 quantile
                      	 1.878	 2.855	 2.113	 2.751	 1.569	 1.463	 2.167	 2.412	 2.606	 1.782	 5.618	 5.533	 | 5.618 max

train losses     28:	 0.356	0.3656	0.3935	0.3929	0.4483	0.4465	0.4486	0.4442	0.6402	 0.647	0.9774	0.9778	
val losses       28:	0.2396	 0.227	0.3523	0.3476	 0.287	0.2899	0.3454	0.3418	0.5117	0.4722	 1.201	 1.175	 | 0.4825 mean
                     	0.6389	0.5936	0.9267	0.9273	 0.713	0.7169	0.9314	0.9462	 1.263	  1.17	 2.954	  2.85	 | 1.551 quantile
                      	 1.864	 2.723	 2.136	 2.713	 1.661	 1.408	  2.17	 2.367	 2.554	 1.688	  5.76	 5.702	 | 5.76 max

train losses     30:	0.3556	0.3644	0.3896	0.3891	0.4442	0.4436	0.4411	 0.438	0.6474	 0.653	0.9615	0.9623	
val losses       30:	0.2495	0.2197	0.3543	0.3495	 0.291	0.2911	0.3434	0.3372	0.6013	0.5758	 1.379	 1.333	 | 0.5271 mean
                     	0.6689	0.5648	0.9313	 0.929	0.7127	0.7222	0.9314	0.9385	  1.46	 1.386	 3.051	 3.083	 | 1.838 quantile
                      	 1.926	 2.752	  2.19	  2.76	 1.628	 1.385	 2.209	 2.347	 2.927	 2.107	 5.789	 5.727	 | 5.789 max

train losses     32:	0.3622	0.3718	0.3873	0.3886	0.4459	0.4516	0.4408	0.4374	0.6457	0.6543	0.9699	0.9682	
val losses       32:	0.2466	0.2184	0.3514	0.3468	0.2926	0.3031	 0.343	0.3375	0.5865	0.5492	 1.186	 1.168	 | 0.4941 mean
                     	0.6382	0.5657	0.9235	0.9232	0.7321	0.7448	0.9255	0.9263	 1.402	 1.341	 2.937	 2.851	 | 1.583 quantile
                      	 1.902	  2.47	 2.155	  2.73	 1.623	 1.294	 2.119	 2.316	 2.935	 1.909	  6.07	 5.969	 | 6.07 max

train losses     34:	0.3688	0.3727	0.3847	0.3855	0.4429	0.4501	0.4403	0.4364	0.6115	0.6229	0.9341	0.9324	
val losses       34:	0.2737	0.2312	0.3518	0.3457	0.3139	0.3308	0.3423	0.3416	0.5044	0.4934	 1.163	 1.144	 | 0.4863 mean
                     	0.7181	0.5955	0.9157	 0.922	 0.792	0.7995	0.9206	0.9235	 1.258	 1.256	 2.779	 2.751	 | 1.535 quantile
                      	 1.918	 2.732	 2.172	 2.702	 1.573	 1.455	 2.146	 2.288	 2.935	 2.074	 5.633	 5.615	 | 5.633 max

train losses     36:	0.3792	0.3869	0.3876	0.3901	0.4505	0.4507	0.4454	0.4406	0.6005	0.6103	 1.053	 1.036	
val losses       36:	 0.273	 0.227	0.3526	0.3464	0.3166	0.3257	0.3439	0.3426	0.4255	0.4323	 1.183	 1.178	 | 0.4789 mean
                     	0.6828	0.5842	0.9143	  0.92	0.7961	0.7988	0.9206	0.9422	 1.107	 1.085	 2.659	 2.645	 | 1.563 quantile
                      	 1.868	 2.479	  2.16	 2.689	 1.672	 1.486	 2.146	 2.295	  2.37	 1.636	 5.207	 5.087	 | 5.207 max

train losses     38:	0.3991	0.4114	0.3914	0.3935	0.4989	0.4974	0.4555	0.4507	0.6467	 0.633	 1.065	 1.059	
val losses       38:	0.3021	0.3122	0.3568	0.3536	0.3729	0.3635	0.3685	 0.363	0.4696	0.4331	 1.526	 1.453	 | 0.5562 mean
                     	0.7605	0.7194	0.9131	0.9222	0.8975	0.8664	0.9738	0.9936	 1.179	 1.083	 3.469	 3.389	 | 1.99 quantile
                      	 1.827	 2.192	 2.227	 2.842	 1.794	 1.703	 2.071	 1.962	 2.448	 1.709	 5.281	 5.224	 | 5.281 max

train losses     40:	0.4218	0.4223	0.4007	0.4054	 0.495	0.4991	0.4764	0.4569	  0.69	0.6804	 1.133	 1.153	
val losses       40:	0.2967	0.2596	0.3528	0.3551	0.2949	0.3011	0.3619	0.3453	0.5058	0.5143	 1.152	 1.166	 | 0.4921 mean
                     	 0.747	0.6444	0.9147	0.9328	 0.731	0.7361	0.9539	0.9526	  1.28	 1.205	 3.037	 2.999	 | 1.514 quantile
                      	 1.629	 2.216	   2.2	 2.775	 1.702	 1.486	  2.25	 2.315	 2.078	 2.243	 5.815	 5.865	 | 5.865 max

train losses     42:	0.4378	0.4381	0.4002	 0.409	0.4907	 0.488	0.4726	0.4616	0.7705	0.7372	 1.104	 1.091	
val losses       42:	0.2712	0.2729	0.3565	0.3544	0.3001	0.3029	 0.365	0.3592	0.5099	0.5188	 1.125	 1.136	 | 0.4893 mean
                     	0.6677	0.6656	0.9308	0.9332	0.7523	0.7558	0.9555	0.9668	 1.318	 1.222	 2.876	 2.901	 | 1.534 quantile
                      	  1.67	 1.659	 2.197	 2.847	 2.191	 1.362	 2.277	 2.362	 2.692	 2.152	 5.231	 4.935	 | 5.231 max

train losses     44:	0.4013	0.4226	0.3909	0.3975	0.4673	0.4623	0.4575	 0.447	0.6422	0.6294	 1.049	 1.054	
val losses       44:	0.2628	0.2329	0.3513	 0.346	0.2963	0.2952	0.3439	0.3406	0.4792	0.4435	 1.061	 1.058	 | 0.4592 mean
                     	0.6867	0.5862	 0.911	0.9147	0.7469	0.7344	0.9225	0.9385	  1.26	 1.114	 2.543	 2.561	 | 1.438 quantile
                      	 1.764	 2.546	 2.217	 2.754	 1.578	  1.59	   2.1	 2.223	 2.333	 1.926	 4.369	 4.208	 | 4.369 max

train losses     46:	0.3814	 0.394	 0.383	 0.388	0.4491	0.4472	0.4447	0.4349	0.6047	0.6026	0.9753	0.9823	
val losses       46:	0.2456	0.2239	0.3504	0.3452	0.2844	0.2876	  0.34	0.3352	0.4339	0.4095	 1.166	 1.138	 | 0.4633 mean
                     	0.6644	0.5733	0.9135	0.9179	0.7241	0.7241	0.9125	0.9277	 1.159	 1.012	 2.797	 2.725	 | 1.558 quantile
                      	 1.663	 2.074	 2.214	 2.671	 1.484	 1.668	 1.974	 2.129	 1.949	   1.7	 5.427	 5.113	 | 5.427 max

train losses     48:	0.3578	 0.374	0.3753	0.3764	0.4258	 0.425	0.4287	0.4242	0.5565	0.5602	0.9033	0.9096	
val losses       48:	0.2463	 0.224	  0.35	0.3461	0.2883	0.2975	0.3411	0.3356	0.4151	0.4007	 1.216	 1.186	 | 0.4706 mean
                     	0.6827	0.5693	0.9104	0.9307	0.7308	0.7237	 0.916	0.9234	 1.094	 1.018	 3.026	 2.981	 | 1.572 quantile
                      	 1.831	 2.127	 2.238	 2.661	 1.645	 1.463	  1.97	 2.063	 1.913	 1.661	 6.182	 6.011	 | 6.182 max

train losses     50:	0.3452	0.3563	0.3694	0.3701	0.4129	0.4145	 0.419	0.4139	 0.546	0.5466	0.8711	0.8713	
val losses       50:	0.2523	0.2159	0.3502	 0.345	0.2756	0.2778	0.3367	0.3348	0.4159	0.4004	 1.214	  1.19	 | 0.4674 mean
                     	 0.696	0.5647	0.9163	0.9177	 0.692	0.6839	0.9088	0.9211	 1.093	 1.036	 3.022	  2.99	 | 1.543 quantile
                      	  1.85	 2.009	 2.228	 2.665	 1.453	 1.459	 2.074	 2.178	 2.283	 1.655	 6.527	 6.194	 | 6.527 max

train losses     52:	0.3316	0.3431	0.3637	0.3636	0.3991	0.3997	 0.411	0.4058	0.5331	0.5334	0.8442	0.8421	
val losses       52:	0.2439	0.2123	0.3496	0.3445	0.2696	0.2765	0.3352	 0.334	0.4146	0.4031	 1.193	 1.175	 | 0.4627 mean
                     	0.6676	 0.551	0.9173	0.9162	0.6846	0.6872	0.9095	0.9151	 1.112	0.9925	 2.911	  2.88	 | 1.519 quantile
                      	 1.818	 2.112	 2.274	 2.671	 1.622	 1.244	 2.049	 2.178	  2.22	 1.675	 6.288	 6.111	 | 6.288 max

train losses     54:	0.3229	0.3332	0.3585	0.3595	0.3918	0.3914	0.4034	0.3993	0.5276	0.5217	 0.823	0.8223	
val losses       54:	0.2419	0.2116	0.3489	0.3438	0.2714	 0.276	0.3326	0.3304	0.4229	0.4172	  1.18	 1.165	 | 0.4618 mean
                     	0.6676	0.5575	0.9112	0.9162	0.6856	0.6924	0.9033	0.9074	  1.13	 1.009	 2.843	 2.841	 | 1.516 quantile
                      	 1.875	 2.172	  2.28	 2.694	 1.518	 1.262	  2.12	 2.189	  2.25	 1.637	 6.311	 6.066	 | 6.311 max

train losses     56:	0.3186	0.3258	0.3557	0.3556	 0.383	0.3832	0.3976	0.3939	0.5177	0.5157	0.8038	 0.804	
val losses       56:	0.2374	0.2099	0.3488	0.3434	0.2657	0.2701	0.3318	0.3281	0.4209	0.4165	 1.176	 1.159	 | 0.459 mean
                     	0.6517	0.5467	0.9125	0.9171	0.6681	0.6797	 0.894	0.9097	 1.127	 1.004	 2.794	 2.812	 | 1.516 quantile
                      	  1.77	 2.074	 2.274	 2.684	 1.559	 1.268	 2.099	 2.188	  2.17	 1.592	 6.197	 5.976	 | 6.197 max

train losses     58:	 0.313	 0.324	0.3539	0.3534	0.3769	0.3779	 0.393	0.3896	0.5132	0.5113	0.7847	0.7853	
val losses       58:	0.2354	0.2119	0.3485	0.3428	0.2669	 0.272	0.3311	0.3266	0.4202	0.4156	 1.164	 1.149	 | 0.457 mean
                     	0.6506	0.5568	0.9088	0.9159	0.6746	0.6775	0.8974	0.9037	 1.113	 1.026	 2.782	 2.774	 | 1.506 quantile
                      	 1.813	 2.124	 2.276	 2.689	 1.418	 1.314	 2.046	 2.161	 2.277	 1.625	 6.243	  5.99	 | 6.243 max

train losses     60:	0.3095	0.3198	 0.351	0.3507	 0.372	0.3734	0.3885	0.3851	  0.51	0.5091	  0.77	0.7705	
val losses       60:	0.2279	0.2057	0.3477	0.3425	0.2647	0.2685	0.3315	0.3252	0.4178	0.4127	 1.164	 1.147	 | 0.4545 mean
                     	0.6326	0.5338	0.9063	0.9129	0.6678	0.6676	 0.891	0.9093	 1.113	 1.015	 2.769	 2.742	 | 1.508 quantile
                      	 1.797	  2.15	 2.264	 2.689	 1.404	 1.295	 2.008	 2.099	 2.193	  1.63	 5.915	 5.703	 | 5.915 max

train losses     62:	0.3073	0.3152	0.3484	0.3481	0.3675	0.3703	0.3845	0.3806	0.5058	0.5025	0.7531	0.7537	
val losses       62:	0.2281	 0.204	0.3475	0.3422	0.2649	0.2671	 0.331	0.3242	0.4196	0.4158	 1.155	 1.139	 | 0.4532 mean
                     	0.6298	0.5249	0.9021	0.9128	0.6718	0.6554	 0.897	0.8908	 1.115	 1.023	 2.757	 2.705	 | 1.503 quantile
                      	 1.821	 2.011	 2.262	 2.677	  1.39	 1.264	 2.041	 2.114	 2.214	 1.595	 5.774	 5.688	 | 5.774 max

train losses     64:	0.3048	0.3132	0.3474	 0.346	0.3649	0.3663	0.3836	0.3779	 0.503	0.4993	0.7418	0.7415	
val losses       64:	0.2265	0.2003	0.3474	0.3412	 0.263	0.2666	0.3305	0.3229	0.4187	0.4138	 1.137	 1.125	 | 0.4494 mean
                     	0.6211	0.5226	0.9031	0.9116	0.6652	0.6559	0.8867	0.8948	 1.114	 1.005	 2.726	 2.685	 | 1.477 quantile
                      	 1.891	 1.983	 2.287	 2.688	 1.327	   1.3	 2.049	 2.147	 2.164	 1.586	 5.644	 5.572	 | 5.644 max

train losses     66:	0.3045	0.3114	0.3445	 0.343	0.3617	0.3639	0.3785	0.3737	0.4986	0.4985	0.7337	0.7328	
val losses       66:	0.2297	0.1993	0.3472	0.3407	0.2634	0.2662	0.3309	0.3237	0.4236	0.4178	 1.125	 1.116	 | 0.4486 mean
                     	0.6335	0.5151	0.8999	0.9123	0.6704	0.6515	0.8884	0.8963	 1.121	  1.01	 2.695	 2.696	 | 1.477 quantile
                      	 1.811	 1.951	 2.288	 2.695	  1.32	 1.252	 2.001	 2.104	 2.139	 1.589	 5.386	 5.254	 | 5.386 max

train losses     68:	0.3015	0.3091	0.3427	0.3414	0.3593	0.3598	0.3768	0.3718	0.4955	0.4951	 0.729	0.7304	
val losses       68:	0.2295	0.1989	0.3467	0.3405	0.2627	0.2675	0.3299	 0.323	0.4239	0.4147	 1.109	 1.103	 | 0.4458 mean
                     	0.6222	0.5168	0.9009	0.9127	0.6684	0.6546	0.8922	0.8816	 1.124	 1.011	 2.659	 2.728	 | 1.458 quantile
                      	 1.987	 1.918	 2.323	 2.699	 1.426	 1.328	 1.999	 2.112	 2.133	 1.637	 5.265	 5.123	 | 5.265 max

train losses     70:	0.2999	0.3068	0.3412	0.3394	0.3561	0.3576	0.3732	0.3688	0.4906	0.4919	0.7378	 0.736	
val losses       70:	0.2277	0.1988	0.3467	0.3401	0.2597	0.2648	0.3297	0.3225	0.4236	0.4147	 1.102	 1.097	 | 0.444 mean
                     	0.6163	0.5105	0.9025	0.9103	0.6676	0.6433	 0.891	0.8868	 1.119	 1.019	 2.599	 2.637	 | 1.457 quantile
                      	 1.992	 1.996	  2.31	 2.712	 1.309	 1.296	 2.038	 2.125	   2.2	 1.607	 5.118	 4.921	 | 5.118 max

train losses     72:	0.2993	0.3056	0.3398	0.3382	0.3547	0.3571	0.3709	0.3668	0.4887	0.4885	0.7477	0.7477	
val losses       72:	  0.23	0.1998	0.3461	0.3398	0.2602	0.2662	0.3295	0.3218	0.4251	0.4154	 1.093	 1.091	 | 0.4432 mean
                     	0.6216	0.5151	0.8975	 0.905	0.6738	0.6445	0.8934	0.8825	  1.11	 1.016	 2.589	 2.688	 | 1.454 quantile
                      	 1.943	  1.96	 2.307	 2.705	 1.368	 1.139	  1.99	 2.065	 2.207	 1.626	 5.033	  4.76	 | 5.033 max

train losses     74:	0.2959	0.3031	0.3377	0.3361	0.3542	0.3554	0.3696	0.3653	0.4882	 0.488	0.7694	0.7703	
val losses       74:	0.2264	0.1994	0.3457	0.3395	 0.259	0.2626	 0.329	0.3215	0.4215	0.4105	 1.088	 1.086	 | 0.4407 mean
                     	0.6107	0.5135	0.8899	0.9077	0.6622	0.6404	0.8781	0.8749	 1.104	 1.012	 2.565	 2.647	 | 1.453 quantile
                      	  1.97	 1.851	 2.315	 2.712	 1.302	 1.184	 2.041	 2.092	 2.158	 1.662	 5.075	 4.756	 | 5.075 max

train losses     76:	0.2974	0.3043	0.3379	 0.335	0.3517	0.3557	0.3723	0.3688	0.4912	0.4915	0.8112	0.8153	
val losses       76:	0.2251	0.1944	0.3456	0.3391	0.2543	0.2563	0.3303	0.3213	0.4191	0.4109	 1.146	 1.133	 | 0.448 mean
                     	0.6186	 0.505	   0.9	 0.912	0.6475	0.6317	 0.893	0.8761	 1.087	 1.041	 2.578	 2.586	 | 1.511 quantile
                      	 1.807	 1.674	 2.287	 2.706	 1.335	 1.218	 2.097	 2.109	 2.274	 1.609	 4.862	 4.752	 | 4.862 max

train losses     78:	0.2968	0.3024	0.3373	0.3343	 0.351	0.3561	0.3686	0.3633	0.4912	0.4911	0.7846	0.7849	
val losses       78:	0.2346	0.1998	0.3463	0.3398	0.2586	0.2589	0.3303	0.3224	0.4289	0.4311	 1.373	 1.354	 | 0.4898 mean
                     	0.6558	0.5223	0.9077	0.9112	0.6646	0.6429	0.8819	0.8808	  1.13	 1.083	 2.998	 3.021	 | 1.835 quantile
                      	 1.952	 1.556	 2.259	 2.705	 1.389	 1.278	 2.103	 2.096	 2.475	 1.776	 4.988	 4.949	 | 4.988 max

train losses     80:	0.2963	0.3009	0.3348	0.3324	0.3501	0.3505	 0.366	0.3607	0.4873	0.4861	0.7285	0.7272	
val losses       80:	0.2254	0.1943	0.3458	0.3394	0.2554	0.2578	0.3323	 0.324	0.4188	0.4091	 1.295	 1.269	 | 0.4721 mean
                     	0.6294	0.5071	0.9007	0.9094	0.6505	0.6361	0.9038	0.8992	 1.094	 1.021	 2.881	 2.909	 | 1.696 quantile
                      	 1.873	 1.548	 2.352	  2.71	 1.402	 1.306	 2.086	 2.116	 2.157	 1.606	 5.209	 5.226	 | 5.226 max

train losses     82:	0.2925	0.3029	 0.334	 0.331	0.3497	 0.352	 0.365	0.3599	0.4908	0.4893	0.7409	0.7381	
val losses       82:	0.2198	0.1896	0.3456	0.3383	0.2523	0.2559	0.3366	0.3244	0.4188	  0.41	 1.274	 1.261	 | 0.4688 mean
                     	0.6076	0.4911	0.9012	0.9113	0.6457	0.6396	0.8994	0.9034	 1.096	 1.005	 2.855	 2.894	 | 1.666 quantile
                      	 1.924	 1.584	 2.329	 2.714	 1.307	 1.217	 2.125	 2.129	 2.151	 1.692	 5.482	 5.383	 | 5.482 max

train losses     84:	0.2933	0.2988	 0.333	0.3295	0.3453	0.3471	0.3637	0.3592	0.4899	0.4869	0.7863	0.7769	
val losses       84:	0.2275	0.1966	0.3456	0.3382	0.2553	0.2624	0.3289	0.3216	0.4315	0.4284	 1.106	 1.101	 | 0.4452 mean
                     	0.6305	0.5067	 0.902	0.9062	0.6631	0.6492	0.8776	0.8732	 1.147	 1.032	  2.65	 2.662	 | 1.474 quantile
                      	 1.915	  1.43	 2.286	 2.732	 1.393	 1.185	 2.044	 2.083	 2.233	 1.709	 5.139	 5.075	 | 5.139 max

train losses     86:	0.2929	0.2996	0.3315	0.3278	 0.345	0.3467	0.3597	0.3548	0.4826	0.4806	0.7424	0.7392	
val losses       86:	0.2273	0.2007	0.3443	0.3387	0.2597	0.2691	0.3265	0.3202	0.4299	0.4165	 1.069	 1.074	 | 0.4397 mean
                     	0.6233	0.5203	0.8952	0.9072	0.6719	 0.652	0.8767	0.8728	 1.135	 1.018	 2.578	 2.661	 | 1.415 quantile
                      	 1.952	 1.641	 2.319	 2.728	 1.459	 1.228	 1.999	 2.076	 2.207	 1.648	 4.864	 4.699	 | 4.864 max

train losses     88:	0.2921	0.2972	0.3301	0.3265	0.3425	0.3444	0.3562	0.3519	0.4774	 0.476	0.6903	0.6875	
val losses       88:	0.2206	0.1925	0.3438	0.3373	0.2547	 0.264	0.3263	0.3179	0.4211	0.4075	 1.094	 1.091	 | 0.4393 mean
                     	0.5915	0.4928	0.8929	0.9026	0.6594	0.6423	0.8739	0.8609	 1.112	  0.98	 2.648	 2.661	 | 1.44 quantile
                      	 1.759	 1.485	 2.326	 2.711	 1.512	 1.167	 1.999	  2.06	 1.911	 1.552	 5.394	 5.271	 | 5.394 max

train losses     90:	0.2883	 0.296	0.3292	0.3246	0.3398	0.3415	0.3551	0.3492	0.4796	0.4794	0.6452	0.6429	
val losses       90:	0.2239	0.1924	0.3443	0.3372	 0.254	0.2598	0.3278	0.3198	0.4399	 0.429	 1.131	 1.126	 | 0.4488 mean
                     	0.6227	0.4942	0.8886	0.9023	0.6624	0.6292	0.8745	0.8621	 1.168	 1.041	 2.747	 2.755	 | 1.482 quantile
                      	 1.836	 1.413	 2.313	 2.721	 1.424	 1.181	 1.969	 2.001	 2.125	 1.681	 5.834	 5.628	 | 5.834 max

train losses     92:	0.2844	0.2926	0.3279	0.3238	0.3372	0.3387	0.3525	0.3473	0.4796	0.4783	0.6185	0.6165	
val losses       92:	0.2142	0.1888	0.3446	0.3373	0.2475	0.2522	0.3277	0.3187	0.4308	0.4169	 1.145	 1.139	 | 0.4469 mean
                     	0.5942	0.4891	0.8982	0.9075	0.6378	0.6312	0.8723	0.8661	  1.13	 1.028	 2.762	 2.747	 | 1.502 quantile
                      	 1.927	 1.442	 2.319	 2.745	 1.378	 1.135	 1.967	 2.017	 2.021	 1.759	 5.909	 5.684	 | 5.909 max

train losses     94:	0.2799	0.2893	 0.326	0.3224	0.3325	0.3348	0.3485	0.3438	0.4753	0.4764	0.6083	0.6039	
val losses       94:	0.2124	0.1891	0.3434	0.3372	 0.249	0.2549	0.3274	0.3193	0.4332	 0.419	  1.12	 1.115	 | 0.4433 mean
                     	0.5963	0.4859	0.8953	0.9066	0.6394	0.6356	0.8774	0.8636	 1.128	 1.018	   2.7	 2.694	 | 1.479 quantile
                      	 1.873	 1.454	 2.305	 2.749	 1.363	 1.198	 1.986	 2.064	 2.077	 1.701	 5.785	 5.586	 | 5.785 max

train losses     96:	0.2802	 0.288	0.3247	0.3202	0.3295	0.3327	0.3477	0.3425	0.4748	0.4751	0.6022	0.5982	
val losses       96:	 0.213	0.1876	0.3432	0.3366	0.2539	0.2657	0.3264	0.3174	0.4311	 0.418	 1.108	 1.104	 | 0.4421 mean
                     	0.5867	0.4839	0.8897	0.9058	 0.657	0.6508	0.8745	0.8729	 1.115	 1.034	 2.687	 2.684	 | 1.464 quantile
                      	 1.799	 1.365	  2.29	 2.758	 1.432	 1.194	 1.967	  2.05	 2.132	 1.866	 5.695	 5.512	 | 5.695 max

train losses     98:	0.2777	0.2871	0.3238	0.3194	0.3297	0.3323	0.3463	0.3411	0.4723	0.4748	0.5963	0.5933	
val losses       98:	0.2128	0.1874	0.3431	0.3364	0.2522	0.2625	 0.326	0.3169	0.4331	0.4194	 1.114	 1.109	 | 0.4427 mean
                     	0.5827	0.4798	0.8887	0.9045	0.6527	 0.642	0.8735	0.8678	 1.121	 1.033	 2.717	 2.714	 | 1.463 quantile
                      	 1.921	 1.348	 2.297	 2.745	 1.469	 1.196	 1.964	 2.038	 2.135	   1.9	 5.758	 5.631	 | 5.758 max

train losses    100:	0.2758	0.2847	0.3228	0.3175	0.3301	0.3324	0.3436	0.3385	0.4716	 0.475	 0.589	0.5857	
val losses      100:	0.2109	0.1854	0.3429	0.3361	0.2526	0.2613	0.3262	0.3174	0.4318	0.4188	 1.101	 1.096	 | 0.4401 mean
                     	0.5815	0.4787	 0.889	0.9052	0.6552	0.6377	0.8675	 0.859	 1.116	 1.037	 2.689	 2.679	 | 1.457 quantile
                      	 1.801	 1.429	 2.295	 2.742	  1.58	 1.197	 1.957	 2.026	 2.154	  1.94	 5.551	 5.399	 | 5.551 max

train losses    102:	0.2764	0.2815	0.3221	0.3167	0.3305	0.3323	0.3408	0.3362	0.4757	 0.477	0.5829	0.5805	
val losses      102:	0.2081	0.1817	0.3427	0.3356	0.2476	0.2561	0.3263	0.3166	0.4342	0.4229	 1.105	 1.096	 | 0.4394 mean
                     	0.5769	0.4747	0.8922	 0.905	0.6401	 0.625	0.8745	 0.859	 1.122	 1.038	 2.665	 2.643	 | 1.465 quantile
                      	 1.723	 1.259	 2.293	 2.744	 1.475	  1.18	 1.973	  2.05	 2.132	 1.999	 5.308	 5.132	 | 5.308 max

train losses    104:	0.2737	0.2798	0.3201	0.3149	0.3275	0.3309	0.3399	0.3353	0.4844	0.4871	0.5762	0.5742	
val losses      104:	0.2066	0.1821	0.3422	0.3357	0.2428	0.2492	0.3263	 0.317	0.4444	0.4332	 1.103	 1.095	 | 0.4398 mean
                     	0.5721	 0.473	0.8877	0.9063	0.6312	0.6112	0.8656	0.8496	 1.149	 1.064	 2.675	 2.646	 | 1.468 quantile
                      	 1.903	 1.297	 2.326	 2.732	 1.388	 1.156	 1.968	 2.027	  2.14	 2.003	 5.343	 5.135	 | 5.343 max

train losses    106:	0.2737	0.2815	0.3193	0.3145	 0.325	0.3285	0.3391	0.3334	0.4916	0.4934	 0.574	0.5731	
val losses      106:	0.2008	0.1805	0.3419	0.3358	 0.241	0.2474	0.3263	0.3169	0.4448	0.4324	 1.088	 1.087	 | 0.4369 mean
                     	0.5582	0.4674	0.8867	0.9046	 0.623	0.6081	0.8669	0.8601	 1.148	 1.075	 2.644	 2.675	 | 1.446 quantile
                      	 1.697	 1.241	 2.318	 2.737	 1.335	 1.179	 1.958	 2.067	 2.146	   2.0	 5.282	 5.081	 | 5.282 max

train losses    108:	0.2732	0.2788	0.3183	0.3131	0.3214	0.3244	0.3375	0.3323	0.5009	0.5009	0.5746	0.5734	
val losses      108:	0.2071	 0.182	0.3419	0.3349	0.2419	0.2479	0.3268	0.3164	0.4379	0.4213	 1.102	 1.092	 | 0.4377 mean
                     	0.5841	0.4712	0.8877	0.9041	0.6213	0.6058	0.8701	0.8595	 1.139	 1.065	 2.606	 2.583	 | 1.463 quantile
                      	 1.834	 1.513	 2.318	 2.749	 1.334	 1.302	 1.982	 2.056	 2.201	 1.985	  4.96	 4.809	 | 4.96 max

train losses    110:	0.2733	0.2815	0.3183	0.3124	0.3212	0.3218	0.3354	0.3305	 0.522	0.5245	0.5643	0.5669	
val losses      110:	0.2026	0.1819	0.3416	0.3351	0.2408	0.2493	0.3251	0.3147	0.4329	0.4188	 1.096	 1.093	 | 0.436 mean
                     	0.5671	0.4645	0.8877	0.9043	0.6244	0.6009	0.8589	0.8549	 1.135	 1.053	 2.655	 2.646	 | 1.459 quantile
                      	 1.792	 1.299	  2.29	 2.775	 1.266	  1.28	 2.013	  2.07	 2.213	 1.884	 5.208	 5.155	 | 5.208 max

train losses    112:	0.2761	0.2822	0.3173	0.3125	0.3197	0.3221	 0.337	0.3322	0.5354	0.5349	0.5742	0.5771	
val losses      112:	0.2006	 0.182	0.3409	0.3344	0.2417	0.2476	0.3257	0.3155	0.4346	0.4195	 1.083	 1.086	 | 0.4343 mean
                     	0.5592	 0.464	0.8844	0.9057	 0.622	0.6009	0.8641	0.8623	 1.147	 1.006	 2.621	 2.667	 | 1.44 quantile
                      	 1.689	 1.278	 2.288	 2.776	 1.471	 1.244	 2.007	 2.091	 2.162	  1.75	 5.109	 5.055	 | 5.109 max

train losses    114:	0.2878	0.2948	0.3206	0.3147	0.3329	0.3388	 0.344	0.3407	0.5911	0.5953	 0.608	0.6052	
val losses      114:	0.2168	0.1808	0.3413	0.3345	0.2406	0.2456	0.3295	0.3181	0.4373	0.4396	 1.193	  1.18	 | 0.4548 mean
                     	0.5925	0.4664	0.8952	 0.905	0.6154	 0.593	0.8809	0.8644	 1.102	 1.053	 2.684	 2.714	 | 1.59 quantile
                      	 1.651	 1.253	 2.315	 2.822	 1.535	 1.166	  2.02	 2.113	 2.655	 1.874	  4.66	 4.627	 | 4.66 max

train losses    116:	0.3264	 0.334	0.3329	0.3279	0.3921	0.3994	0.3735	0.3689	0.7912	0.7929	0.6908	0.6862	
val losses      116:	0.2131	0.1878	0.3432	0.3359	0.2855	0.2809	 0.341	0.3303	0.5498	0.5558	 1.183	 1.187	 | 0.4828 mean
                     	0.5466	0.4821	0.8851	0.9129	0.7144	0.6691	0.8916	0.8823	 1.301	  1.28	 2.942	 2.914	 | 1.568 quantile
                      	 1.748	 1.394	 2.313	 2.874	 1.352	 1.294	 1.915	 1.942	 2.425	 2.088	 6.297	 6.101	 | 6.297 max

train losses    118:	0.3763	0.3897	0.3457	0.3395	0.4414	0.4605	0.4054	0.3992	0.8985	0.8913	 0.782	0.7638	
val losses      118:	0.2585	0.2433	0.3491	0.3429	0.2756	0.2893	0.3487	0.3335	0.6916	0.7407	 1.097	 1.091	 | 0.505 mean
                     	0.6298	0.6058	0.8969	0.9277	0.6854	0.7422	0.9015	0.8941	 1.699	 1.913	 2.643	 2.691	 | 1.658 quantile
                      	 1.885	 1.442	 2.206	 2.716	 1.365	 1.379	 2.034	 2.077	 2.639	 3.284	 5.345	 5.308	 | 5.345 max

train losses    120:	0.3789	0.3909	0.3471	  0.34	0.4316	0.4308	0.3923	 0.385	0.7765	0.7518	0.8731	 0.853	
val losses      120:	0.2673	0.2283	0.3497	0.3407	0.3074	0.3071	0.3405	0.3293	0.4338	0.4194	 1.198	 1.214	 | 0.4779 mean
                     	0.6893	0.5736	0.9026	0.9245	0.7478	0.7276	0.8931	0.8805	 1.144	 1.051	 2.617	 2.614	 | 1.616 quantile
                      	 1.655	 1.265	 2.207	 2.781	 1.679	 1.454	 1.888	 2.028	 2.049	 1.848	 4.905	 5.038	 | 5.038 max

train losses    122:	0.3328	0.3491	0.3371	0.3308	0.3882	0.3912	0.3801	0.3724	0.6077	0.6209	0.7297	0.7327	
val losses      122:	0.2292	0.2361	0.3466	0.3419	0.2696	0.2732	0.3379	0.3267	 0.453	 0.431	  1.07	 1.075	 | 0.4492 mean
                     	0.6302	0.5977	0.8996	 0.916	0.6985	0.6824	0.8988	0.8971	  1.16	 1.043	 2.542	 2.575	 | 1.445 quantile
                      	 1.675	 1.503	 2.258	  2.74	 1.457	 1.414	 2.102	 2.204	 1.993	 1.921	 4.561	 4.697	 | 4.697 max

train losses    124:	0.3238	0.3316	0.3306	0.3264	0.3735	0.3776	0.3732	0.3674	0.5711	0.5646	0.7194	0.7301	
val losses      124:	0.2517	0.2214	0.3481	  0.34	 0.256	0.2568	0.3298	0.3212	0.4677	 0.437	 1.065	  1.07	 | 0.4471 mean
                     	 0.685	0.5814	0.8964	0.9163	0.6571	0.6472	0.8706	0.8657	 1.229	 1.058	 2.646	 2.689	 | 1.44 quantile
                      	 1.823	 1.379	 2.218	  2.78	 1.371	  1.37	 2.153	 2.187	 2.135	 1.654	 5.036	 5.071	 | 5.071 max

train losses    126:	0.3078	0.3133	0.3273	0.3212	0.3607	0.3632	0.3639	0.3578	0.5363	0.5356	0.7356	0.7399	
val losses      126:	0.2521	0.2172	 0.346	0.3393	0.2678	0.2668	0.3274	0.3218	0.4627	0.4582	 1.161	 1.167	 | 0.4656 mean
                     	0.6999	0.5661	0.8992	0.9201	 0.681	0.6577	  0.86	0.8511	 1.213	 1.102	 2.852	 2.865	 | 1.539 quantile
                      	 1.869	 1.348	 2.285	 2.768	 1.442	 1.175	 2.183	 2.219	  2.65	 1.962	 5.062	 5.179	 | 5.179 max

train losses    128:	0.2939	0.3042	0.3239	0.3176	0.3477	0.3478	0.3552	0.3508	0.5052	0.5094	0.6896	0.6922	
val losses      128:	0.2303	0.2118	0.3451	0.3393	0.2557	0.2595	0.3312	0.3265	0.4242	0.4192	 1.155	 1.156	 | 0.4545 mean
                     	0.6397	0.5497	0.8982	0.9145	 0.653	0.6425	0.8793	0.8745	 1.106	 1.031	 2.937	 2.875	 | 1.491 quantile
                      	 1.699	 1.257	 2.364	  2.76	 1.611	 1.348	 2.066	 2.098	   2.1	 1.734	 5.577	  5.48	 | 5.577 max

train losses    130:	0.2865	0.2946	0.3204	0.3143	0.3376	0.3431	0.3447	0.3406	0.4855	0.4838	 0.618	0.6199	
val losses      130:	0.2164	0.1969	0.3429	0.3374	0.2491	0.2523	0.3284	0.3228	0.4088	0.3911	 1.133	  1.14	 | 0.4432 mean
                     	0.5892	0.5127	0.8964	0.9117	 0.636	 0.625	0.8736	0.8707	 1.071	0.9437	 2.877	 2.838	 | 1.455 quantile
                      	 1.786	 1.343	 2.408	 2.741	 1.316	 1.178	 1.987	 2.039	 1.791	 1.551	 5.757	 5.653	 | 5.757 max

train losses    132:	0.2808	 0.287	0.3177	0.3111	0.3314	0.3352	0.3372	0.3333	0.4772	0.4761	0.5808	0.5813	
val losses      132:	0.2229	0.1999	0.3433	 0.337	0.2461	0.2519	0.3261	0.3183	0.4185	0.4061	 1.101	 1.107	 | 0.4398 mean
                     	0.6056	0.5183	 0.898	0.9088	0.6417	  0.61	0.8739	0.8575	 1.113	0.9869	 2.695	 2.739	 | 1.444 quantile
                      	 1.926	 1.461	 2.362	 2.784	 1.412	 1.272	 2.007	 2.052	 2.008	 1.548	 5.542	 5.461	 | 5.542 max

train losses    134:	0.2734	0.2813	0.3165	0.3094	0.3244	0.3272	0.3326	0.3293	0.4648	0.4647	 0.566	 0.565	
val losses      134:	 0.219	0.1957	0.3442	 0.337	0.2459	0.2508	0.3266	0.3182	 0.419	0.4078	 1.105	 1.109	 | 0.4399 mean
                     	0.6032	0.5095	0.8965	 0.904	0.6437	0.6099	0.8731	0.8528	 1.104	0.9733	 2.687	 2.744	 | 1.454 quantile
                      	  1.78	 1.305	 2.311	 2.794	 1.457	 1.358	 2.017	 2.067	 1.951	 1.597	 5.439	 5.303	 | 5.439 max

train losses    136:	0.2706	0.2794	0.3143	0.3075	0.3207	0.3223	0.3289	0.3247	0.4551	0.4554	0.5504	0.5508	
val losses      136:	0.2134	  0.19	0.3435	0.3362	0.2454	0.2488	 0.326	 0.317	0.4157	0.4024	 1.109	 1.113	 | 0.4384 mean
                     	0.5825	0.4948	0.8922	0.9117	0.6442	0.6132	0.8621	 0.851	 1.101	 0.955	 2.723	 2.814	 | 1.448 quantile
                      	  1.78	 1.294	 2.327	 2.765	 1.359	 1.386	 2.041	 2.091	 1.897	 1.512	 5.704	 5.524	 | 5.704 max

train losses    138:	0.2669	0.2744	0.3132	 0.306	0.3169	0.3188	0.3258	 0.321	 0.452	0.4518	0.5485	0.5487	
val losses      138:	 0.213	0.1896	 0.343	 0.336	0.2439	0.2492	0.3251	0.3161	0.4195	0.4095	 1.093	 1.096	 | 0.4362 mean
                     	0.5862	0.4959	0.8911	0.9106	0.6375	0.6087	0.8562	 0.848	 1.108	0.9781	 2.678	  2.73	 | 1.433 quantile
                      	 1.822	 1.252	 2.336	 2.768	 1.341	 1.491	  1.98	 2.038	 1.985	  1.55	 5.514	 5.364	 | 5.514 max

train losses    140:	0.2651	0.2716	0.3118	0.3042	0.3128	0.3158	0.3235	0.3186	0.4478	0.4469	0.5333	0.5342	
val losses      140:	0.2113	0.1894	0.3423	0.3355	0.2421	0.2484	0.3247	0.3157	0.4177	0.4037	 1.093	 1.095	 | 0.4349 mean
                     	0.5796	0.4912	0.8888	0.9047	0.6334	0.6121	0.8543	0.8481	 1.098	0.9752	 2.673	  2.73	 | 1.435 quantile
                      	 1.847	 1.427	 2.321	 2.786	 1.309	 1.413	 1.964	  2.04	 2.043	 1.644	 5.425	 5.332	 | 5.425 max

train losses    142:	0.2631	0.2687	0.3114	0.3029	0.3106	0.3125	 0.322	0.3168	0.4433	0.4437	 0.524	0.5229	
val losses      142:	0.2095	0.1845	0.3425	0.3355	0.2397	0.2462	 0.324	0.3146	0.4168	0.4025	  1.09	  1.09	 | 0.433 mean
                     	 0.578	0.4761	0.8898	0.9071	0.6334	0.6121	0.8582	0.8408	 1.085	0.9696	  2.65	 2.714	 | 1.428 quantile
                      	 1.833	 1.204	 2.305	 2.784	 1.382	 1.388	 1.965	 2.039	 1.984	 1.654	 5.301	 5.184	 | 5.301 max

train losses    144:	0.2621	 0.267	  0.31	0.3025	0.3091	0.3112	0.3208	0.3164	0.4408	0.4417	0.5143	0.5136	
val losses      144:	0.2093	0.1839	0.3419	 0.335	0.2397	0.2446	0.3245	 0.315	0.4194	0.4048	 1.083	 1.081	 | 0.4319 mean
                     	0.5846	0.4823	0.8885	0.9031	0.6299	0.5997	0.8545	0.8428	 1.101	 0.986	 2.614	 2.664	 | 1.422 quantile
                      	 1.871	 1.287	  2.33	  2.77	 1.407	 1.375	 1.985	 2.057	 2.054	 1.656	 5.093	 5.032	 | 5.093 max

train losses    146:	0.2606	0.2653	0.3093	0.3008	 0.306	0.3085	0.3175	0.3129	0.4403	0.4393	 0.504	 0.506	
val losses      146:	0.2032	0.1823	0.3414	0.3343	0.2385	0.2439	0.3242	0.3145	0.4167	0.3999	 1.084	 1.081	 | 0.4303 mean
                     	0.5604	0.4714	0.8883	0.9052	0.6274	0.5982	0.8581	 0.839	  1.09	0.9793	 2.621	 2.649	 | 1.423 quantile
                      	 1.745	 1.299	 2.334	 2.769	 1.305	 1.352	 2.002	 2.065	 2.062	 1.636	 5.064	 4.987	 | 5.064 max

train losses    148:	0.2594	 0.265	0.3078	0.3003	0.3031	0.3065	0.3163	0.3123	0.4341	0.4365	0.5029	0.5024	
val losses      148:	0.2029	0.1798	 0.341	 0.334	0.2379	0.2439	0.3237	0.3142	0.4187	0.4029	 1.079	 1.075	 | 0.4294 mean
                     	0.5635	0.4697	0.8842	 0.902	0.6278	0.5991	0.8597	0.8434	 1.091	0.9832	 2.581	 2.606	 | 1.422 quantile
                      	 1.765	 1.193	 2.333	 2.765	 1.362	 1.369	 1.974	 2.046	 2.064	 1.657	 4.922	 4.876	 | 4.922 max

train losses    150:	0.2575	 0.262	0.3072	0.2989	0.3023	0.3042	0.3158	 0.312	0.4328	0.4349	0.4958	0.4968	
val losses      150:	0.2019	0.1779	0.3406	0.3337	0.2372	 0.243	0.3234	0.3139	0.4159	0.3995	 1.082	 1.079	 | 0.429 mean
                     	0.5595	 0.465	0.8859	0.9007	0.6262	0.6046	0.8512	 0.846	 1.083	0.9751	 2.608	 2.616	 | 1.418 quantile
                      	 1.821	 1.271	 2.346	 2.766	 1.355	 1.327	 2.017	 2.078	 2.055	 1.617	 5.085	 5.047	 | 5.085 max

train losses    152:	0.2554	0.2622	0.3075	0.2994	0.3011	0.3032	0.3136	0.3091	0.4341	0.4344	0.4951	0.4945	
val losses      152:	0.2018	0.1779	0.3405	0.3333	0.2366	0.2424	0.3232	0.3135	0.4167	0.3998	 1.077	 1.074	 | 0.4281 mean
                     	 0.559	0.4628	0.8837	0.9028	0.6258	0.6029	0.8524	 0.841	 1.088	 0.976	  2.59	 2.615	 | 1.415 quantile
                      	 1.784	 1.229	 2.331	 2.774	 1.321	 1.339	 1.972	  2.06	 2.036	 1.628	 4.986	 4.958	 | 4.986 max

train losses    154:	 0.257	 0.261	0.3058	0.2978	0.2999	0.3023	0.3124	0.3082	0.4335	0.4335	0.4944	0.4914	
val losses      154:	0.2008	0.1778	0.3405	0.3333	0.2364	0.2423	0.3236	0.3133	0.4162	 0.399	 1.082	 1.077	 | 0.4285 mean
                     	0.5573	0.4622	0.8846	0.9028	0.6222	0.5956	0.8541	0.8343	 1.081	0.9797	 2.595	 2.606	 | 1.418 quantile
                      	 1.757	 1.243	  2.34	 2.771	 1.335	 1.334	 1.987	 2.061	 2.031	 1.655	 4.845	  4.82	 | 4.845 max

train losses    156:	0.2545	0.2608	0.3057	0.2972	0.3007	0.3017	0.3125	0.3085	0.4311	0.4292	0.4892	0.4883	
val losses      156:	0.2001	0.1777	0.3403	0.3331	0.2359	0.2426	0.3231	0.3127	0.4171	   0.4	 1.078	 1.074	 | 0.4279 mean
                     	0.5536	0.4592	0.8826	0.9002	0.6212	0.5944	 0.851	0.8375	 1.083	0.9828	 2.595	 2.605	 | 1.413 quantile
                      	  1.79	 1.326	 2.346	 2.768	 1.379	  1.32	  1.97	 2.055	 2.041	 1.665	 4.846	 4.821	 | 4.846 max

train losses    158:	 0.254	0.2613	0.3054	0.2971	0.2991	0.2985	0.3108	0.3071	0.4287	0.4304	 0.491	0.4883	
val losses      158:	0.1992	0.1769	0.3402	0.3331	 0.236	0.2421	0.3229	0.3129	0.4172	0.3995	 1.075	 1.072	 | 0.4273 mean
                     	0.5536	0.4569	0.8829	0.9009	 0.618	0.5962	0.8474	0.8384	 1.082	0.9821	  2.58	 2.611	 | 1.413 quantile
                      	   1.8	 1.285	 2.344	 2.761	 1.367	 1.317	 1.972	 2.055	  2.04	 1.659	 4.856	 4.819	 | 4.856 max

train losses    160:	 0.254	0.2599	0.3047	 0.297	0.2972	0.3015	0.3107	0.3066	0.4305	0.4298	0.4874	0.4859	
val losses      160:	0.1994	0.1761	0.3402	0.3331	0.2356	0.2416	0.3231	0.3129	0.4162	0.3977	 1.078	 1.074	 | 0.4273 mean
                     	0.5578	0.4576	0.8822	0.9001	0.6162	 0.597	0.8498	0.8393	 1.079	0.9728	 2.584	 2.599	 | 1.412 quantile
                      	 1.787	 1.324	 2.344	 2.759	 1.386	  1.32	 1.984	 2.065	 2.015	 1.639	 4.881	 4.863	 | 4.881 max

train losses    162:	0.2545	0.2592	0.3052	0.2966	0.2973	0.2985	0.3104	0.3058	0.4297	0.4297	0.4877	0.4854	
val losses      162:	0.1982	0.1757	0.3401	0.3331	0.2354	0.2412	 0.323	0.3125	0.4158	0.3968	 1.077	 1.073	 | 0.4268 mean
                     	0.5511	0.4539	0.8822	0.8987	0.6169	0.5927	 0.854	  0.84	 1.073	0.9696	 2.589	 2.592	 | 1.416 quantile
                      	 1.773	 1.268	 2.339	 2.759	 1.412	 1.309	 1.969	  2.05	  2.02	 1.653	 4.903	 4.883	 | 4.903 max

train losses    164:	0.2541	0.2587	 0.304	0.2958	0.2977	 0.298	0.3086	0.3057	 0.426	0.4279	0.4846	0.4849	
val losses      164:	0.1986	0.1754	0.3399	0.3328	0.2346	 0.241	0.3231	0.3129	0.4159	0.3962	 1.073	  1.07	 | 0.4261 mean
                     	0.5516	0.4531	 0.884	0.9003	0.6183	0.5924	0.8494	0.8338	 1.072	0.9717	 2.582	 2.604	 | 1.412 quantile
                      	 1.787	 1.243	 2.333	 2.765	 1.349	 1.283	 1.973	 2.049	 2.036	 1.642	 4.866	 4.851	 | 4.866 max

train losses    166:	0.2538	0.2596	0.3044	0.2957	0.2961	0.2974	0.3104	0.3056	0.4271	0.4284	 0.485	0.4818	
val losses      166:	0.1978	0.1751	0.3399	0.3325	 0.234	0.2403	0.3227	0.3123	0.4166	 0.397	 1.073	  1.07	 | 0.4259 mean
                     	0.5485	0.4556	0.8809	0.9014	0.6175	0.5881	0.8541	0.8392	 1.073	 0.973	 2.573	 2.591	 | 1.413 quantile
                      	 1.766	 1.228	 2.337	 2.764	 1.354	 1.297	 1.956	 2.042	 2.035	 1.676	 4.827	 4.821	 | 4.827 max

train losses    168:	 0.253	0.2578	0.3044	0.2954	0.2963	0.2969	0.3089	0.3046	0.4286	0.4265	0.4822	 0.479	
val losses      168:	 0.198	0.1752	0.3396	0.3326	0.2336	0.2405	0.3223	0.3123	 0.417	0.3971	 1.074	 1.071	 | 0.4261 mean
                     	0.5509	0.4545	0.8819	0.9014	 0.616	0.5874	0.8497	0.8299	  1.08	0.9734	 2.575	 2.576	 | 1.41 quantile
                      	 1.768	 1.265	  2.33	 2.774	 1.339	   1.3	 1.949	 2.025	 2.019	  1.66	 4.868	 4.839	 | 4.868 max

train losses    170:	0.2523	0.2587	0.3044	0.2952	0.2934	0.2963	0.3093	0.3049	0.4258	0.4261	0.4767	0.4758	
val losses      170:	0.1987	0.1744	0.3394	0.3323	0.2338	0.2403	0.3217	0.3116	0.4161	0.3963	 1.071	 1.068	 | 0.4253 mean
                     	0.5538	0.4528	0.8807	0.9014	0.6126	 0.587	0.8495	0.8369	 1.074	0.9701	 2.582	   2.6	 | 1.407 quantile
                      	 1.778	 1.269	 2.329	 2.777	 1.354	 1.292	 1.986	 2.066	 2.025	 1.644	 4.818	 4.778	 | 4.818 max

train losses    172:	0.2525	0.2564	0.3041	0.2954	0.2933	0.2973	0.3081	0.3052	 0.425	0.4231	0.4789	0.4777	
val losses      172:	0.1978	0.1737	0.3393	0.3321	0.2333	0.2404	0.3217	0.3116	0.4153	0.3951	 1.069	 1.066	 | 0.4246 mean
                     	0.5491	  0.45	0.8805	0.9021	0.6109	0.5898	0.8493	0.8271	 1.067	0.9714	 2.586	 2.585	 | 1.405 quantile
                      	 1.753	 1.234	 2.326	 2.778	 1.342	 1.251	 1.955	 2.044	 2.037	 1.669	 4.855	  4.81	 | 4.855 max

train losses    174:	0.2524	0.2576	 0.304	 0.295	0.2937	0.2953	0.3068	0.3024	0.4238	0.4244	0.4768	0.4747	
val losses      174:	 0.197	0.1737	0.3392	0.3321	0.2327	0.2396	0.3221	 0.312	 0.416	0.3953	 1.072	 1.068	 | 0.425 mean
                     	 0.548	0.4538	0.8802	0.9028	0.6118	0.5876	0.8452	0.8329	 1.075	 0.967	 2.586	 2.591	 | 1.41 quantile
                      	 1.737	 1.314	 2.338	 2.762	  1.35	 1.265	  1.98	 2.055	 2.003	 1.622	 4.839	 4.758	 | 4.839 max

train losses    176:	0.2512	 0.256	0.3031	0.2942	0.2921	0.2952	0.3057	0.3025	0.4252	0.4232	0.4767	0.4765	
val losses      176:	0.1961	0.1729	0.3392	 0.332	0.2318	0.2391	0.3222	0.3117	0.4163	0.3944	 1.069	 1.066	 | 0.4242 mean
                     	0.5432	0.4465	0.8811	0.9032	0.6132	0.5816	 0.846	 0.829	 1.073	0.9621	 2.567	  2.58	 | 1.405 quantile
                      	 1.792	 1.263	 2.337	 2.756	 1.361	 1.257	 1.947	 2.035	 1.984	 1.615	 4.739	 4.698	 | 4.739 max

train losses    178:	0.2513	 0.256	0.3031	0.2931	0.2917	 0.295	0.3058	0.3016	0.4234	0.4206	0.4786	0.4756	
val losses      178:	0.1979	0.1736	0.3388	0.3317	0.2319	0.2394	0.3217	0.3114	0.4153	0.3939	 1.071	 1.068	 | 0.4245 mean
                     	0.5533	0.4471	0.8818	0.9017	0.6069	0.5847	0.8524	0.8405	 1.062	0.9717	 2.588	 2.586	 | 1.406 quantile
                      	 1.763	 1.287	 2.337	 2.758	 1.359	 1.263	  1.99	 2.072	 2.053	 1.655	 4.777	 4.776	 | 4.777 max

train losses    180:	0.2494	0.2553	0.3026	0.2938	0.2921	0.2931	0.3057	0.3018	0.4233	 0.422	0.4739	0.4712	
val losses      180:	0.1968	0.1726	0.3393	0.3317	0.2321	0.2391	0.3218	0.3114	0.4164	0.3942	 1.064	 1.062	 | 0.4235 mean
                     	0.5431	0.4502	0.8786	0.8992	0.6086	0.5851	0.8474	0.8308	 1.072	0.9602	 2.559	 2.576	 | 1.399 quantile
                      	 1.766	 1.264	 2.324	 2.769	 1.336	 1.276	 1.961	 2.041	 2.014	 1.662	 4.771	 4.763	 | 4.771 max

train losses    182:	0.2497	0.2565	0.3027	0.2935	0.2922	0.2945	0.3042	0.3006	0.4228	0.4225	0.4751	0.4736	
val losses      182:	0.1953	0.1724	0.3389	0.3318	0.2313	0.2384	0.3217	0.3114	0.4174	0.3956	 1.066	 1.064	 | 0.4237 mean
                     	0.5418	0.4478	0.8783	0.9007	0.6118	0.5831	0.8514	0.8401	 1.075	0.9637	  2.57	 2.598	 | 1.403 quantile
                      	 1.718	 1.267	 2.335	 2.758	 1.314	 1.255	 1.974	 2.077	 2.009	 1.657	 4.798	 4.759	 | 4.798 max

train losses    184:	  0.25	0.2557	0.3014	0.2931	0.2913	0.2928	0.3039	0.3004	0.4214	0.4208	0.4693	0.4686	
val losses      184:	0.1963	0.1725	0.3387	0.3317	0.2308	 0.238	0.3215	0.3111	0.4169	0.3946	  1.07	 1.067	 | 0.4241 mean
                     	 0.546	0.4456	0.8764	0.9002	0.6098	0.5797	0.8464	0.8317	 1.076	0.9678	 2.577	 2.569	 | 1.404 quantile
                      	 1.735	  1.25	 2.331	 2.756	 1.409	 1.244	 1.953	 2.029	 2.004	 1.669	 4.767	 4.743	 | 4.767 max

train losses    186:	0.2497	 0.254	0.3019	0.2919	0.2909	0.2927	0.3044	0.3001	0.4187	0.4198	0.4713	0.4686	
val losses      186:	0.1948	0.1716	0.3383	0.3315	0.2302	0.2375	0.3214	0.3112	0.4159	 0.393	  1.07	 1.067	 | 0.4235 mean
                     	0.5409	0.4413	0.8784	0.9009	0.6078	0.5795	0.8506	0.8364	  1.07	0.9614	 2.572	 2.579	 | 1.403 quantile
                      	 1.762	 1.233	 2.339	 2.756	 1.349	  1.25	 1.976	  2.06	 2.011	 1.628	 4.858	  4.78	 | 4.858 max

train losses    188:	0.2489	0.2541	0.3018	0.2925	0.2884	0.2931	0.3043	0.2995	0.4214	0.4189	0.4716	0.4682	
val losses      188:	0.1929	0.1714	0.3381	0.3314	0.2306	 0.238	0.3211	0.3111	0.4168	0.3953	 1.066	 1.064	 | 0.4231 mean
                     	0.5345	0.4427	0.8777	 0.901	0.6107	0.5807	0.8481	0.8343	 1.068	0.9624	 2.558	 2.582	 | 1.399 quantile
                      	 1.746	 1.246	 2.343	 2.757	 1.336	 1.264	 1.948	 2.028	 2.045	 1.658	 4.775	 4.774	 | 4.775 max

train losses    190:	0.2504	0.2544	0.3006	0.2912	0.2873	0.2902	0.3038	0.3001	0.4196	0.4179	0.4706	0.4688	
val losses      190:	0.1932	 0.171	0.3382	0.3312	0.2304	 0.238	0.3214	0.3115	0.4166	0.3935	 1.063	 1.061	 | 0.4224 mean
                     	 0.538	 0.441	0.8784	 0.901	0.6089	0.5782	0.8493	0.8318	  1.07	0.9562	 2.559	 2.563	 | 1.393 quantile
                      	  1.73	 1.213	 2.339	 2.762	 1.314	 1.249	 1.949	 2.031	 2.019	 1.637	 4.745	 4.686	 | 4.745 max

train losses    192:	0.2491	 0.255	0.3008	 0.292	0.2893	0.2914	0.3013	0.2978	0.4174	0.4172	  0.47	0.4687	
val losses      192:	0.1936	0.1704	0.3382	0.3311	0.2301	0.2375	0.3219	0.3117	0.4153	0.3912	 1.068	 1.065	 | 0.4228 mean
                     	0.5391	0.4404	0.8784	0.8984	0.6061	0.5778	0.8494	0.8301	 1.064	0.9555	 2.578	 2.565	 | 1.399 quantile
                      	 1.742	 1.217	 2.338	 2.773	 1.297	 1.227	 1.955	 2.029	  2.02	  1.67	 4.737	 4.696	 | 4.737 max

train losses    194:	0.2489	0.2536	   0.3	0.2906	0.2889	0.2903	0.3009	0.2968	0.4175	0.4159	0.4684	0.4668	
val losses      194:	0.1941	0.1704	0.3382	0.3311	0.2297	0.2367	0.3218	0.3118	 0.416	0.3926	  1.06	 1.059	 | 0.4218 mean
                     	0.5416	0.4397	0.8768	0.8971	0.6052	0.5751	0.8482	0.8225	 1.068	0.9596	  2.55	 2.573	 | 1.391 quantile
                      	 1.734	 1.244	 2.323	 2.763	 1.359	 1.261	 1.937	 2.021	 2.004	 1.651	 4.646	 4.607	 | 4.646 max

train losses    196:	0.2489	0.2534	0.2996	0.2911	0.2883	 0.291	 0.299	0.2959	0.4167	0.4168	0.4671	 0.466	
val losses      196:	0.1928	0.1706	0.3379	0.3311	0.2289	0.2368	 0.321	0.3115	0.4162	0.3931	 1.063	 1.062	 | 0.4221 mean
                     	0.5369	 0.444	0.8754	0.9001	0.6013	0.5757	0.8505	0.8312	  1.07	0.9648	 2.555	 2.568	 | 1.397 quantile
                      	 1.702	 1.278	 2.335	 2.761	 1.348	 1.206	 1.962	 2.042	 2.001	 1.663	 4.745	 4.681	 | 4.745 max

train losses    198:	 0.247	0.2519	0.2992	0.2901	0.2863	0.2895	0.3005	0.2972	0.4157	0.4146	0.4651	0.4631	
val losses      198:	0.1906	0.1698	0.3379	0.3308	0.2289	0.2362	0.3211	 0.311	0.4153	 0.392	 1.065	 1.063	 | 0.4218 mean
                     	0.5302	0.4389	0.8767	0.8995	0.6028	0.5731	0.8495	0.8356	 1.062	0.9573	 2.557	 2.556	 | 1.401 quantile
                      	 1.691	 1.271	 2.334	 2.761	 1.336	  1.23	 1.946	 2.024	 1.996	 1.672	 4.692	 4.684	 | 4.692 max

train losses    200:	  0.25	0.2522	0.2988	0.2901	0.2875	0.2879	0.3015	 0.298	0.4161	0.4161	0.4659	 0.465	
val losses      200:	 0.193	0.1698	0.3377	0.3307	0.2291	0.2361	0.3215	0.3112	0.4152	0.3924	 1.062	  1.06	 | 0.4216 mean
                     	0.5408	 0.443	0.8746	0.8968	0.6058	0.5708	0.8432	 0.829	 1.066	0.9575	 2.541	 2.571	 | 1.398 quantile
                      	 1.708	 1.265	 2.332	 2.773	 1.277	 1.257	 1.957	 2.031	 2.016	 1.683	 4.658	 4.653	 | 4.658 max

train losses    202:	0.2476	0.2521	0.2989	0.2901	0.2871	 0.289	0.2998	0.2953	0.4135	0.4147	0.4594	0.4584	
val losses      202:	0.1916	0.1692	0.3377	0.3306	0.2286	0.2362	0.3212	0.3111	0.4157	0.3927	 1.059	 1.058	 | 0.421 mean
                     	0.5342	0.4444	0.8766	0.8989	0.6037	0.5705	0.8476	0.8334	 1.068	  0.96	 2.541	 2.551	 | 1.394 quantile
                      	 1.651	 1.268	 2.321	 2.774	 1.333	  1.26	 1.941	 2.017	 1.993	 1.663	 4.701	 4.711	 | 4.711 max

train losses    204:	0.2465	 0.253	0.2984	0.2893	0.2847	 0.289	0.2997	0.2962	 0.415	0.4133	0.4624	0.4606	
val losses      204:	0.1908	0.1697	0.3377	0.3307	0.2279	0.2358	 0.321	0.3106	0.4168	0.3921	 1.058	 1.057	 | 0.4207 mean
                     	0.5296	0.4425	0.8755	0.8988	0.5995	0.5734	0.8452	 0.832	 1.073	0.9535	  2.55	 2.575	 | 1.39 quantile
                      	 1.667	 1.362	  2.32	  2.76	 1.333	 1.211	 1.926	 1.997	 1.979	  1.66	  4.72	 4.675	 | 4.72 max

train losses    206:	0.2468	0.2514	0.2994	  0.29	0.2855	 0.287	0.2989	0.2965	0.4159	0.4128	0.4607	 0.458	
val losses      206:	0.1905	0.1694	0.3374	0.3304	0.2279	 0.235	0.3211	0.3106	 0.416	0.3921	 1.057	 1.056	 | 0.4203 mean
                     	0.5272	0.4379	0.8751	0.8966	0.6003	0.5723	0.8495	0.8298	 1.067	0.9583	 2.545	 2.574	 | 1.385 quantile
                      	 1.676	 1.298	 2.338	 2.759	 1.328	 1.234	 1.924	 2.022	 2.002	 1.694	 4.689	 4.705	 | 4.705 max

train losses    208:	0.2469	0.2518	0.2983	0.2887	0.2839	0.2861	 0.299	0.2963	0.4131	0.4134	0.4588	0.4598	
val losses      208:	0.1914	0.1693	0.3375	0.3303	0.2284	0.2352	0.3211	0.3111	0.4161	0.3925	 1.062	  1.06	 | 0.4212 mean
                     	 0.529	0.4441	0.8746	0.8987	0.5974	0.5667	0.8482	0.8282	 1.069	0.9577	 2.551	 2.567	 | 1.395 quantile
                      	 1.711	 1.259	 2.336	  2.76	 1.309	 1.228	 1.932	 2.018	 2.014	 1.693	 4.639	 4.656	 | 4.656 max

train losses    210:	0.2469	0.2499	 0.298	0.2885	0.2846	 0.287	0.2985	0.2948	 0.412	0.4125	0.4632	0.4607	
val losses      210:	0.1905	 0.168	0.3373	0.3303	0.2276	0.2345	0.3214	0.3112	0.4163	0.3927	 1.059	 1.058	 | 0.4205 mean
                     	0.5264	0.4391	0.8743	0.8983	0.5966	0.5699	0.8473	0.8298	 1.067	0.9563	 2.534	 2.554	 | 1.391 quantile
                      	 1.719	 1.239	 2.332	 2.765	 1.346	  1.18	 1.941	 2.028	   2.0	 1.656	 4.658	  4.66	 | 4.66 max

train losses    212:	0.2463	0.2505	0.2977	0.2877	0.2838	0.2853	0.2989	0.2955	0.4105	 0.412	0.4592	0.4588	
val losses      212:	0.1911	 0.168	0.3371	0.3301	0.2275	0.2338	0.3215	0.3111	0.4152	 0.392	 1.059	 1.057	 | 0.4203 mean
                     	0.5321	0.4374	0.8727	0.8982	0.5948	0.5704	0.8463	0.8268	 1.068	0.9625	 2.544	 2.542	 | 1.39 quantile
                      	 1.701	 1.221	 2.332	 2.768	 1.312	 1.184	 1.942	 2.025	 2.018	 1.668	 4.658	 4.685	 | 4.685 max

train losses    214:	0.2451	0.2493	0.2976	0.2884	0.2824	0.2863	0.2959	0.2925	0.4113	0.4102	0.4577	0.4558	
val losses      214:	0.1889	0.1675	0.3372	0.3301	 0.228	0.2341	0.3209	 0.311	0.4165	0.3918	 1.056	 1.054	 | 0.4197 mean
                     	0.5244	0.4353	0.8725	0.8973	0.5954	0.5701	0.8484	0.8262	  1.07	 0.952	 2.522	  2.54	 | 1.388 quantile
                      	 1.756	 1.254	 2.337	 2.765	 1.298	 1.204	  1.94	 2.025	 1.982	 1.693	 4.672	 4.684	 | 4.684 max

train losses    216:	0.2459	0.2496	0.2972	0.2879	0.2834	0.2866	0.2951	0.2914	0.4087	0.4104	0.4573	0.4546	
val losses      216:	0.1885	0.1676	0.3371	  0.33	0.2273	0.2338	 0.321	0.3108	0.4166	0.3908	 1.059	 1.057	 | 0.4199 mean
                     	0.5226	0.4366	0.8701	0.8971	0.6014	 0.565	0.8455	0.8298	 1.071	0.9552	 2.552	  2.55	 | 1.389 quantile
                      	 1.675	 1.308	  2.33	 2.755	 1.336	 1.174	 1.941	 2.029	 1.994	 1.657	 4.631	  4.64	 | 4.64 max

train losses    218:	0.2438	0.2503	0.2968	0.2878	0.2817	0.2851	0.2957	0.2932	  0.41	0.4095	0.4591	0.4578	
val losses      218:	0.1894	 0.168	0.3367	0.3297	 0.227	0.2341	0.3209	0.3104	0.4159	0.3911	 1.058	 1.057	 | 0.4198 mean
                     	0.5232	0.4318	 0.869	0.8935	0.5955	0.5654	0.8432	0.8244	  1.07	0.9519	 2.544	 2.548	 | 1.387 quantile
                      	 1.679	 1.255	  2.32	 2.762	  1.37	 1.165	 1.939	 2.029	 2.027	 1.693	 4.732	 4.731	 | 4.732 max

train losses    220:	0.2451	0.2486	0.2966	 0.287	0.2823	0.2841	0.2958	 0.292	0.4098	0.4093	0.4554	0.4541	
val losses      220:	  0.19	 0.167	 0.337	0.3296	0.2267	0.2336	 0.321	0.3106	0.4167	0.3935	  1.05	  1.05	 | 0.4189 mean
                     	0.5261	0.4341	0.8723	0.8952	0.5949	0.5652	0.8423	0.8222	 1.067	0.9573	 2.523	 2.538	 | 1.385 quantile
                      	 1.669	 1.218	 2.322	 2.777	 1.348	 1.186	  1.92	 1.988	  2.01	 1.682	 4.635	 4.658	 | 4.658 max

train losses    222:	0.2446	0.2487	 0.296	0.2863	 0.281	0.2848	0.2953	0.2921	  0.41	0.4075	0.4543	0.4522	
val losses      222:	0.1899	0.1685	0.3368	0.3295	 0.227	0.2336	 0.321	0.3108	0.4168	0.3921	 1.056	 1.055	 | 0.4197 mean
                     	0.5294	0.4386	0.8701	 0.895	0.5959	 0.565	0.8502	0.8259	 1.063	0.9573	  2.53	 2.538	 | 1.388 quantile
                      	 1.715	 1.218	 2.345	 2.765	 1.317	 1.177	 1.948	 2.017	 2.021	 1.694	 4.637	 4.612	 | 4.637 max

train losses    224:	0.2459	0.2495	0.2963	 0.287	0.2819	0.2844	0.2938	0.2898	 0.406	 0.407	0.4517	0.4498	
val losses      224:	0.1899	0.1681	0.3365	0.3296	0.2264	0.2328	0.3207	0.3107	0.4168	0.3913	 1.051	 1.051	 | 0.4187 mean
                     	0.5303	 0.436	0.8695	0.8937	 0.593	0.5682	0.8466	0.8307	 1.062	0.9555	 2.529	 2.541	 | 1.378 quantile
                      	 1.672	 1.315	 2.343	 2.762	 1.339	 1.167	 1.933	 2.002	   2.0	 1.682	 4.659	 4.651	 | 4.659 max

train losses    226:	0.2432	0.2486	0.2955	0.2854	 0.281	0.2821	0.2935	0.2892	0.4083	0.4065	0.4536	0.4488	
val losses      226:	0.1873	0.1657	0.3364	0.3291	0.2261	0.2327	0.3208	0.3106	0.4167	0.3907	 1.051	 1.051	 | 0.4182 mean
                     	0.5171	0.4295	0.8695	0.8947	0.5887	0.5626	0.8459	0.8238	 1.062	 0.957	 2.511	 2.538	 | 1.381 quantile
                      	 1.687	  1.23	 2.342	 2.769	 1.299	 1.126	 1.937	 2.016	 1.984	 1.678	 4.583	  4.58	 | 4.583 max

train losses    228:	0.2459	0.2484	0.2947	0.2855	0.2806	0.2813	0.2943	0.2902	0.4068	 0.406	0.4511	0.4501	
val losses      228:	0.1887	0.1668	0.3361	0.3291	0.2257	0.2323	0.3205	0.3105	0.4162	0.3911	  1.05	  1.05	 | 0.4181 mean
                     	 0.524	0.4304	0.8674	0.8942	0.5929	0.5621	0.8464	0.8294	 1.061	0.9544	 2.514	 2.539	 | 1.379 quantile
                      	 1.708	 1.213	 2.332	 2.765	 1.307	 1.159	 1.942	 2.019	 1.987	 1.687	 4.583	 4.582	 | 4.583 max

train losses    230:	0.2428	0.2468	0.2949	0.2857	0.2795	0.2827	0.2932	0.2906	 0.409	 0.407	0.4532	0.4526	
val losses      230:	0.1906	0.1666	0.3362	 0.329	 0.225	0.2328	0.3201	0.3099	0.4156	0.3904	 1.052	 1.051	 | 0.4182 mean
                     	0.5286	0.4365	 0.868	0.8927	0.5942	0.5615	0.8401	0.8319	 1.055	0.9491	  2.53	 2.528	 | 1.383 quantile
                      	 1.679	 1.362	 2.335	 2.759	 1.326	 1.154	 1.953	 2.043	 1.992	 1.709	 4.608	 4.638	 | 4.638 max

train losses    232:	0.2434	0.2498	0.2945	 0.285	0.2799	0.2816	0.2921	0.2895	0.4036	0.4068	0.4485	0.4471	
val losses      232:	0.1877	0.1659	0.3358	0.3286	0.2244	0.2322	0.3198	0.3099	0.4157	0.3887	 1.045	 1.046	 | 0.4167 mean
                     	0.5203	 0.427	0.8689	0.8907	0.5886	0.5563	0.8477	0.8254	 1.059	 0.943	 2.502	 2.525	 | 1.374 quantile
                      	 1.734	 1.246	 2.338	 2.764	 1.303	 1.142	 1.959	 2.047	 1.937	 1.665	 4.516	 4.556	 | 4.556 max

train losses    234:	0.2443	0.2475	0.2943	0.2841	0.2789	0.2825	0.2923	 0.289	0.4049	0.4044	0.4506	0.4505	
val losses      234:	0.1873	0.1654	0.3354	0.3285	0.2243	0.2316	0.3205	0.3102	0.4167	0.3891	  1.05	  1.05	 | 0.4174 mean
                     	0.5215	0.4317	0.8689	0.8897	0.5922	0.5559	0.8481	0.8273	 1.058	0.9423	 2.518	 2.522	 | 1.381 quantile
                      	 1.605	 1.144	 2.339	 2.759	 1.357	 1.128	 1.922	 2.015	 1.934	 1.649	 4.532	 4.577	 | 4.577 max

train losses    236:	0.2425	0.2462	0.2941	0.2851	0.2786	 0.282	0.2917	0.2886	0.4048	0.4032	0.4521	0.4498	
val losses      236:	0.1878	0.1657	0.3358	0.3288	0.2245	0.2316	0.3206	0.3107	0.4154	0.3891	 1.056	 1.054	 | 0.4184 mean
                     	0.5211	0.4269	0.8676	0.8922	0.5876	0.5587	0.8425	0.8217	 1.053	0.9533	 2.539	 2.533	 | 1.39 quantile
                      	 1.669	 1.228	 2.335	 2.778	  1.28	 1.142	 1.923	 2.006	 1.975	 1.714	 4.514	 4.526	 | 4.526 max

train losses    238:	0.2431	0.2473	0.2945	0.2846	0.2783	0.2812	0.2923	0.2882	0.4058	0.4047	0.4482	 0.446	
val losses      238:	0.1873	0.1654	0.3358	0.3287	0.2249	0.2311	0.3204	0.3104	0.4171	  0.39	 1.051	  1.05	 | 0.4176 mean
                     	0.5144	0.4266	0.8625	0.8915	0.5909	0.5567	0.8421	 0.832	 1.057	0.9447	 2.516	 2.544	 | 1.377 quantile
                      	 1.662	 1.228	 2.349	 2.762	 1.244	 1.142	 1.959	 2.029	 1.973	 1.701	 4.539	 4.587	 | 4.587 max

train losses    240:	0.2422	0.2459	0.2938	0.2841	0.2788	0.2811	0.2908	0.2887	0.4037	0.4049	0.4485	0.4459	
val losses      240:	0.1876	0.1651	0.3354	0.3286	0.2254	 0.231	0.3206	0.3107	 0.417	0.3907	 1.056	 1.053	 | 0.4184 mean
                     	0.5211	0.4285	0.8614	0.8921	0.5895	0.5573	  0.84	0.8296	 1.064	0.9547	 2.534	 2.515	 | 1.393 quantile
                      	 1.703	 1.121	 2.346	 2.764	 1.317	 1.188	 1.932	 2.015	 1.993	 1.708	 4.554	 4.594	 | 4.594 max

train losses    242:	0.2419	0.2454	0.2928	 0.283	 0.279	0.2798	0.2893	0.2874	0.4042	0.4037	0.4465	0.4467	
val losses      242:	0.1879	0.1641	0.3357	0.3282	 0.224	0.2315	0.3207	0.3109	0.4135	0.3877	 1.054	 1.052	 | 0.4175 mean
                     	 0.519	0.4281	0.8665	0.8909	0.5858	0.5594	0.8426	 0.823	 1.055	0.9522	 2.523	 2.523	 | 1.388 quantile
                      	 1.714	 1.242	 2.334	 2.771	 1.274	  1.13	 1.901	 1.996	  1.99	 1.668	 4.546	 4.514	 | 4.546 max

train losses    244:	0.2412	 0.246	0.2936	0.2832	0.2778	0.2797	0.2895	0.2876	0.4036	0.4051	0.4462	0.4445	
val losses      244:	0.1862	 0.164	0.3354	0.3282	0.2242	0.2304	0.3208	 0.311	 0.416	0.3885	 1.055	 1.053	 | 0.4177 mean
                     	0.5115	0.4278	0.8655	0.8908	0.5876	0.5556	0.8458	0.8273	 1.064	0.9445	 2.537	 2.532	 | 1.39 quantile
                      	 1.626	 1.194	  2.35	 2.754	 1.335	 1.152	 1.917	 2.004	 1.961	 1.618	 4.547	 4.573	 | 4.573 max

train losses    246:	0.2424	0.2469	0.2924	0.2827	0.2773	0.2796	0.2898	0.2869	0.4024	0.4032	0.4451	0.4422	
val losses      246:	0.1872	 0.165	0.3352	0.3284	0.2236	0.2304	0.3209	0.3107	0.4173	  0.39	 1.046	 1.046	 | 0.4167 mean
                     	 0.513	0.4312	0.8656	0.8896	 0.585	0.5542	0.8472	0.8303	 1.072	0.9443	 2.532	 2.546	 | 1.377 quantile
                      	 1.598	 1.209	 2.345	 2.746	 1.318	 1.134	 1.943	 2.033	 1.969	 1.647	 4.488	 4.518	 | 4.518 max

train losses    248:	0.2414	0.2463	0.2924	0.2829	0.2779	0.2788	0.2881	0.2863	0.4046	0.4013	 0.442	0.4408	
val losses      248:	0.1863	0.1633	0.3353	0.3282	0.2234	0.2304	0.3204	0.3105	0.4173	0.3889	 1.048	 1.048	 | 0.4167 mean
                     	0.5144	0.4273	 0.866	0.8891	0.5855	0.5564	0.8401	0.8304	 1.066	0.9429	 2.527	 2.534	 | 1.382 quantile
                      	 1.619	 1.133	  2.34	 2.759	 1.302	  1.15	 1.952	 2.026	 1.961	 1.652	 4.592	 4.645	 | 4.645 max

train losses    250:	0.2423	0.2448	0.2924	0.2827	0.2772	0.2768	0.2889	0.2868	0.4017	0.4009	0.4436	0.4421	
val losses      250:	0.1865	0.1631	0.3352	0.3281	0.2234	0.2304	0.3201	0.3102	0.4176	0.3892	 1.046	 1.046	 | 0.4164 mean
                     	 0.519	0.4255	0.8643	0.8878	0.5867	0.5556	0.8461	0.8271	  1.07	0.9471	 2.522	 2.536	 | 1.377 quantile
                      	 1.628	 1.218	 2.338	 2.751	 1.288	 1.124	 1.941	 2.015	 1.967	 1.669	 4.515	 4.564	 | 4.564 max

train losses    252:	0.2419	0.2456	 0.293	0.2834	0.2763	 0.277	0.2881	0.2849	0.4009	0.3995	 0.443	0.4422	
val losses      252:	0.1863	0.1634	0.3354	0.3281	0.2232	0.2305	0.3204	0.3103	0.4172	0.3894	 1.044	 1.043	 | 0.4159 mean
                     	0.5146	 0.427	0.8642	0.8903	0.5844	0.5548	0.8448	0.8242	 1.065	0.9523	 2.508	 2.526	 | 1.375 quantile
                      	 1.616	 1.243	 2.344	 2.766	 1.336	 1.136	  1.95	 2.023	 1.979	 1.685	 4.456	 4.499	 | 4.499 max

train losses    254:	0.2404	 0.245	0.2919	0.2821	0.2745	0.2775	0.2878	0.2847	0.4004	0.4004	0.4405	0.4377	
val losses      254:	0.1859	0.1628	0.3354	0.3281	 0.223	0.2302	0.3205	0.3103	0.4166	0.3889	 1.044	 1.044	 | 0.4158 mean
                     	0.5138	0.4247	0.8654	0.8898	0.5837	0.5545	0.8468	0.8245	 1.067	0.9421	 2.509	 2.523	 | 1.377 quantile
                      	 1.614	 1.228	 2.334	 2.769	 1.307	 1.141	 1.942	 2.014	 1.943	 1.673	 4.478	 4.517	 | 4.517 max

train losses    256:	0.2407	0.2435	0.2919	0.2825	0.2763	0.2765	0.2878	0.2863	0.4006	   0.4	0.4393	0.4378	
val losses      256:	0.1858	0.1629	0.3352	 0.328	0.2226	0.2296	0.3205	0.3104	0.4156	0.3875	 1.044	 1.044	 | 0.4155 mean
                     	0.5142	 0.423	0.8658	 0.889	0.5817	0.5513	 0.843	0.8256	 1.065	0.9389	 2.514	 2.527	 | 1.378 quantile
                      	  1.62	  1.22	 2.332	 2.765	 1.302	 1.132	 1.935	 2.007	 1.942	 1.652	 4.468	 4.506	 | 4.506 max

train losses    258:	0.2408	 0.244	0.2922	0.2825	0.2747	0.2775	0.2877	0.2852	0.4017	0.4012	0.4395	 0.439	
val losses      258:	0.1854	0.1628	 0.335	0.3277	0.2226	0.2295	0.3203	0.3102	0.4156	0.3871	 1.043	 1.043	 | 0.4152 mean
                     	0.5137	0.4228	 0.865	0.8865	0.5807	0.5521	0.8399	0.8281	 1.064	0.9431	  2.51	 2.527	 | 1.375 quantile
                      	 1.643	 1.191	 2.347	 2.759	 1.284	 1.124	 1.932	 2.012	 1.962	 1.643	 4.527	 4.565	 | 4.565 max

train losses    260:	0.2402	0.2447	0.2922	0.2824	0.2749	0.2788	0.2879	0.2843	0.3999	0.3991	0.4431	0.4418	
val losses      260:	0.1858	0.1631	0.3349	0.3277	0.2226	0.2297	0.3204	0.3101	0.4157	0.3873	 1.042	 1.043	 | 0.4152 mean
                     	0.5182	 0.425	0.8641	0.8878	0.5818	0.5515	0.8411	0.8283	 1.062	0.9423	 2.512	 2.523	 | 1.377 quantile
                      	 1.648	 1.192	 2.348	 2.753	 1.306	 1.117	 1.948	 2.025	 1.936	  1.63	 4.519	 4.557	 | 4.557 max

train losses    262:	0.2404	0.2445	0.2914	0.2821	0.2751	0.2775	0.2866	0.2838	0.3997	0.3995	  0.44	0.4393	
val losses      262:	0.1863	0.1631	0.3348	0.3277	0.2228	0.2298	0.3201	0.3101	0.4161	0.3883	 1.043	 1.044	 | 0.4156 mean
                     	0.5163	0.4239	0.8636	0.8867	0.5808	0.5535	0.8437	0.8244	 1.066	0.9435	 2.517	 2.522	 | 1.379 quantile
                      	 1.636	 1.223	 2.342	 2.758	 1.332	 1.118	 1.939	 2.017	 1.941	 1.629	 4.469	 4.483	 | 4.483 max

train losses    264:	0.2409	0.2441	0.2916	 0.282	 0.276	0.2768	0.2858	0.2841	0.3999	0.4001	0.4414	0.4393	
val losses      264:	 0.187	0.1637	0.3349	0.3278	0.2231	0.2296	  0.32	  0.31	0.4163	0.3885	 1.043	 1.044	 | 0.4157 mean
                     	0.5205	0.4243	 0.865	0.8882	0.5851	0.5531	0.8433	0.8283	 1.063	0.9455	 2.525	 2.529	 | 1.379 quantile
                      	 1.672	 1.277	 2.341	 2.765	 1.308	 1.136	 1.942	 2.027	 1.968	 1.643	 4.474	 4.508	 | 4.508 max

train losses    266:	0.2397	0.2432	0.2917	0.2819	0.2745	0.2777	0.2856	0.2839	0.4001	0.3981	0.4413	0.4407	
val losses      266:	0.1858	0.1632	 0.335	0.3278	0.2227	0.2292	0.3204	0.3101	0.4166	0.3878	 1.042	 1.043	 | 0.4153 mean
                     	0.5189	0.4259	0.8653	0.8885	0.5824	0.5506	0.8429	0.8267	 1.062	0.9443	 2.519	 2.527	 | 1.376 quantile
                      	 1.654	 1.283	 2.346	 2.762	 1.315	 1.135	 1.941	 2.026	 1.937	 1.644	 4.473	  4.51	 | 4.51 max

train losses    268:	0.2395	0.2436	 0.292	 0.281	 0.275	0.2762	 0.287	0.2834	0.3991	0.4001	0.4385	 0.437	
val losses      268:	0.1842	0.1625	0.3349	0.3278	0.2216	 0.229	0.3203	0.3102	0.4153	0.3857	 1.045	 1.045	 | 0.4151 mean
                     	0.5092	 0.423	0.8663	0.8895	0.5774	0.5495	0.8435	0.8262	 1.058	0.9422	 2.534	 2.529	 | 1.376 quantile
                      	 1.625	  1.24	 2.343	 2.758	 1.288	 1.112	  1.93	 2.012	 1.935	 1.647	  4.44	 4.478	 | 4.478 max

train losses    270:	0.2398	0.2435	0.2912	0.2809	0.2747	0.2762	0.2864	0.2823	0.3989	0.3985	0.4398	0.4377	
val losses      270:	0.1846	0.1627	0.3347	0.3277	0.2221	0.2287	0.3204	0.3102	0.4157	0.3865	 1.043	 1.043	 | 0.4149 mean
                     	0.5117	0.4234	 0.867	0.8865	0.5793	0.5498	0.8416	 0.828	  1.06	0.9386	 2.523	 2.525	 | 1.374 quantile
                      	 1.652	 1.244	 2.336	 2.757	 1.301	 1.109	 1.939	 2.028	 1.938	 1.643	 4.465	 4.503	 | 4.503 max

train losses    272:	0.2401	0.2413	0.2908	 0.281	0.2751	0.2749	0.2869	 0.283	0.3969	 0.398	0.4381	0.4371	
val losses      272:	0.1858	0.1628	0.3347	0.3277	0.2226	0.2291	0.3204	0.3104	0.4164	0.3878	 1.044	 1.044	 | 0.4155 mean
                     	0.5177	0.4237	0.8681	0.8871	0.5793	0.5449	0.8423	0.8251	  1.06	0.9454	 2.526	 2.532	 | 1.374 quantile
                      	 1.656	 1.298	 2.339	 2.758	 1.306	  1.12	 1.945	 2.028	 1.964	 1.655	 4.491	 4.529	 | 4.529 max

train losses    274:	0.2401	0.2437	 0.291	0.2811	0.2751	0.2757	0.2853	0.2826	0.3978	0.3993	0.4381	0.4357	
val losses      274:	 0.186	0.1623	0.3348	0.3276	0.2227	 0.229	0.3202	  0.31	 0.417	0.3888	 1.041	 1.042	 | 0.4151 mean
                     	0.5158	0.4228	0.8667	0.8876	0.5811	0.5465	0.8428	0.8274	 1.067	0.9443	 2.506	 2.533	 | 1.372 quantile
                      	 1.659	 1.313	 2.345	 2.758	 1.289	 1.126	 1.943	 2.028	 1.956	 1.659	 4.461	   4.5	 | 4.5 max

train losses    276:	0.2405	0.2439	0.2903	0.2804	0.2749	0.2756	0.2848	0.2835	0.3975	0.3967	0.4371	0.4379	
val losses      276:	0.1852	0.1622	0.3348	0.3275	0.2218	0.2288	  0.32	0.3099	0.4167	0.3876	 1.042	 1.043	 | 0.4149 mean
                     	0.5127	0.4214	0.8663	 0.887	0.5801	0.5482	0.8378	0.8219	 1.065	0.9411	 2.508	 2.533	 | 1.376 quantile
                      	 1.609	 1.216	 2.346	 2.761	 1.303	 1.103	 1.932	  2.02	 1.929	 1.645	 4.502	 4.538	 | 4.538 max

train losses    278:	 0.239	0.2443	0.2912	0.2813	0.2748	0.2758	0.2866	0.2831	0.3989	0.3992	0.4391	0.4368	
val losses      278:	0.1846	0.1622	0.3346	0.3275	 0.222	0.2291	  0.32	0.3099	0.4154	0.3868	 1.042	 1.042	 | 0.4147 mean
                     	0.5109	 0.422	0.8642	0.8865	0.5789	0.5489	0.8394	0.8265	 1.056	0.9447	 2.507	 2.518	 | 1.375 quantile
                      	 1.598	 1.195	 2.346	 2.762	 1.314	 1.091	 1.941	 2.019	 1.946	 1.651	 4.467	 4.503	 | 4.503 max

train losses    280:	0.2389	0.2423	0.2899	  0.28	 0.274	0.2732	0.2839	0.2825	0.3984	0.3973	0.4362	0.4356	
val losses      280:	0.1844	 0.162	0.3348	0.3276	0.2219	0.2284	0.3199	0.3099	0.4156	0.3869	 1.039	  1.04	 | 0.4141 mean
                     	0.5101	0.4202	0.8648	0.8874	0.5797	0.5464	0.8413	 0.827	 1.058	0.9342	 2.514	 2.538	 | 1.367 quantile
                      	 1.614	 1.273	  2.33	 2.762	 1.277	  1.11	  1.95	 2.027	 1.934	 1.646	 4.485	  4.53	 | 4.53 max

train losses    282:	0.2399	0.2432	0.2907	  0.28	0.2742	0.2742	0.2839	0.2821	0.3949	0.3979	0.4332	0.4324	
val losses      282:	0.1846	 0.162	0.3348	0.3276	 0.222	0.2291	  0.32	  0.31	0.4156	 0.387	 1.042	 1.043	 | 0.4148 mean
                     	0.5132	0.4196	0.8636	0.8874	0.5802	0.5475	0.8425	0.8328	 1.057	0.9366	 2.521	 2.521	 | 1.375 quantile
                      	  1.61	 1.229	 2.336	 2.754	 1.277	 1.129	 1.965	 2.039	 1.929	 1.641	 4.456	 4.509	 | 4.509 max

train losses    284:	0.2398	0.2429	0.2899	0.2795	0.2739	0.2752	0.2845	0.2819	0.3978	0.3993	0.4378	0.4348	
val losses      284:	0.1843	0.1618	0.3348	0.3275	0.2215	 0.229	  0.32	  0.31	0.4155	 0.387	 1.039	 1.041	 | 0.4143 mean
                     	  0.51	0.4202	0.8648	0.8892	0.5768	  0.55	0.8403	0.8259	 1.056	0.9354	 2.515	 2.527	 | 1.369 quantile
                      	 1.627	 1.243	 2.339	 2.754	 1.269	 1.101	 1.951	 2.026	 1.929	 1.642	 4.468	 4.516	 | 4.516 max

train losses    286:	0.2393	0.2433	0.2901	0.2803	0.2728	0.2731	0.2836	0.2815	0.3986	 0.395	0.4381	0.4354	
val losses      286:	0.1848	0.1617	0.3346	0.3274	0.2216	0.2287	  0.32	0.3101	0.4154	 0.387	 1.041	 1.041	 | 0.4144 mean
                     	0.5138	0.4196	 0.864	0.8885	 0.577	0.5452	0.8364	0.8247	 1.054	0.9373	 2.518	 2.517	 | 1.374 quantile
                      	 1.633	 1.251	 2.347	 2.749	  1.24	 1.095	 1.939	 2.013	 1.926	  1.66	 4.429	  4.48	 | 4.48 max

train losses    288:	0.2378	0.2423	0.2896	0.2793	0.2734	0.2739	0.2846	0.2826	0.3984	0.3962	0.4376	0.4336	
val losses      288:	0.1844	0.1613	0.3344	0.3276	0.2215	0.2284	0.3198	0.3101	0.4142	0.3867	  1.04	 1.041	 | 0.4141 mean
                     	0.5108	0.4166	0.8615	0.8884	0.5789	0.5465	0.8413	0.8283	 1.051	0.9431	  2.52	 2.517	 | 1.369 quantile
                      	 1.594	 1.213	 2.352	 2.749	 1.264	 1.105	  1.95	 2.025	 1.951	 1.672	 4.424	 4.467	 | 4.467 max

train losses    290:	0.2387	 0.243	0.2903	0.2805	0.2725	 0.274	0.2853	 0.282	 0.397	0.3961	0.4347	0.4339	
val losses      290:	 0.184	0.1616	0.3345	0.3276	0.2213	0.2284	0.3201	0.3104	0.4143	0.3865	 1.037	 1.038	 | 0.4136 mean
                     	0.5085	0.4188	0.8637	0.8883	0.5798	0.5468	0.8389	0.8272	 1.052	0.9339	 2.504	 2.518	 | 1.368 quantile
                      	 1.626	 1.252	 2.352	 2.755	 1.275	 1.091	 1.944	 2.022	 1.937	 1.647	 4.412	 4.433	 | 4.433 max

train losses    292:	0.2386	0.2423	0.2902	  0.28	0.2724	0.2735	0.2838	0.2812	0.3982	0.3964	0.4364	0.4346	
val losses      292:	0.1843	0.1611	0.3344	0.3274	0.2214	 0.228	0.3204	0.3103	0.4149	0.3868	 1.042	 1.042	 | 0.4144 mean
                     	0.5099	0.4197	0.8633	0.8872	0.5792	0.5488	0.8404	0.8269	 1.055	 0.937	 2.516	 2.515	 | 1.372 quantile
                      	 1.596	 1.219	  2.36	 2.753	 1.278	 1.087	 1.947	 2.024	 1.922	 1.639	 4.442	 4.488	 | 4.488 max

train losses    294:	0.2393	0.2424	  0.29	0.2799	0.2745	0.2733	0.2844	0.2818	0.3971	0.3972	0.4318	0.4316	
val losses      294:	0.1839	0.1615	0.3344	0.3274	0.2213	0.2279	  0.32	0.3102	0.4144	0.3866	 1.038	 1.039	 | 0.4138 mean
                     	0.5087	 0.418	0.8645	 0.887	 0.578	0.5517	0.8391	0.8242	 1.045	0.9308	 2.511	 2.523	 | 1.372 quantile
                      	 1.652	  1.23	 2.348	 2.764	 1.277	 1.087	 1.944	 2.021	 1.928	 1.631	 4.455	   4.5	 | 4.5 max

train losses    296:	0.2383	0.2429	0.2905	  0.28	 0.274	0.2738	0.2836	0.2813	0.3949	0.3962	0.4347	0.4338	
val losses      296:	0.1841	0.1621	0.3344	0.3273	0.2211	0.2281	0.3201	0.3101	0.4148	0.3871	 1.037	 1.038	 | 0.4137 mean
                     	0.5111	0.4198	0.8637	0.8875	0.5759	0.5481	 0.839	0.8265	  1.05	  0.93	  2.51	 2.527	 | 1.368 quantile
                      	 1.649	 1.229	 2.345	 2.766	 1.273	 1.087	 1.952	  2.03	 1.927	 1.651	 4.431	 4.475	 | 4.475 max

train losses    298:	0.2387	0.2429	0.2902	0.2793	0.2728	0.2747	0.2835	0.2803	0.3962	0.3953	 0.432	0.4293	
val losses      298:	0.1833	0.1611	0.3343	0.3274	0.2209	0.2277	0.3202	0.3101	0.4149	0.3863	 1.038	 1.039	 | 0.4137 mean
                     	0.5035	0.4176	0.8633	 0.887	0.5777	0.5488	0.8409	0.8294	  1.05	0.9362	 2.516	 2.513	 | 1.37 quantile
                      	 1.614	 1.211	 2.345	 2.756	 1.267	  1.09	 1.946	 2.023	 1.912	 1.679	 4.418	 4.462	 | 4.462 max

