train losses      0:	0.5984	0.6041	0.3758	0.3716	0.7488	0.7768	 0.502	0.4978	 1.607	 1.618	 1.477	 1.469	
val losses        0:	0.8547	0.6955	0.6913	0.4463	0.6283	0.7021	0.6975	0.4848	 1.359	 1.441	 1.764	  1.75	 | 0.9595 mean
                     	 1.915	 2.038	 1.582	 1.167	 1.776	 1.929	 1.629	 1.414	 3.885	 4.022	 4.949	 4.988	 | 3.024 quantile
                      	 5.622	 7.533	 3.299	 3.034	 4.071	 4.288	 3.276	 3.399	 6.516	 7.635	 7.805	 8.206	 | 8.206 max

train losses      2:	0.5965	0.6027	0.3758	0.3714	0.7473	0.7757	0.5011	0.4983	 1.608	 1.618	 1.477	 1.469	
val losses        2:	0.5481	0.6722	0.4573	0.4331	0.5939	0.6467	0.5019	0.4798	 1.339	  1.41	 1.752	 1.747	 | 0.8817 mean
                     	 1.636	 1.997	 1.206	 1.137	 1.772	 1.848	 1.413	 1.399	  3.83	 3.947	 4.983	 4.989	 | 3.002 quantile
                      	 6.142	 7.661	 2.836	 2.934	 3.951	  3.97	 3.366	 3.294	 6.667	 7.164	 7.998	  8.13	 | 8.13 max

train losses      4:	0.5955	0.6023	0.3748	0.3717	0.7464	0.7765	0.5003	0.4982	 1.606	 1.619	 1.477	 1.469	
val losses        4:	0.5225	0.6719	0.4442	0.4321	0.5931	0.6461	 0.493	0.4769	  1.34	 1.413	 1.751	 1.747	 | 0.8775 mean
                     	 1.612	  1.99	 1.171	 1.137	 1.781	 1.863	 1.434	 1.393	 3.826	 3.949	   5.0	 4.991	 | 3.007 quantile
                      	 6.298	 7.649	 2.882	 2.918	 3.912	  3.91	 3.458	 3.261	 6.696	  7.04	   8.0	 8.101	 | 8.101 max

train losses      6:	0.5946	0.6023	0.3748	0.3711	0.7471	0.7761	0.4997	0.4974	 1.606	 1.618	 1.476	 1.469	
val losses        6:	0.5217	0.6719	0.4429	0.4318	0.5935	0.6466	0.4936	 0.476	  1.34	 1.415	  1.75	 1.746	 | 0.8775 mean
                     	 1.628	 1.991	 1.162	 1.133	 1.777	  1.87	 1.445	  1.39	 3.819	 3.932	   5.0	 4.989	 | 3.009 quantile
                      	 6.334	 7.639	 2.899	 2.907	 3.899	 3.886	 3.484	 3.254	 6.706	 7.005	 7.999	 8.088	 | 8.088 max

train losses      8:	0.5927	0.6022	0.3749	0.3707	0.7465	0.7757	   0.5	 0.498	 1.605	 1.618	 1.476	 1.469	
val losses        8:	0.5217	0.6717	0.4427	0.4318	0.5937	0.6467	0.4939	0.4757	  1.34	 1.415	  1.75	 1.746	 | 0.8774 mean
                     	 1.633	 1.989	 1.161	 1.135	 1.771	 1.867	 1.453	 1.394	 3.823	  3.93	 4.998	 4.987	 | 3.009 quantile
                      	 6.338	 7.629	 2.901	 2.901	 3.896	 3.873	 3.495	 3.255	 6.709	 6.991	 8.011	 8.083	 | 8.083 max

train losses     10:	0.5924	0.6017	0.3743	0.3705	0.7468	0.7759	0.4996	0.4985	 1.606	 1.618	 1.476	 1.468	
val losses       10:	0.5213	0.6715	0.4427	0.4319	0.5937	0.6467	0.4942	0.4755	  1.34	 1.415	  1.75	 1.746	 | 0.8774 mean
                     	 1.633	 1.991	 1.161	 1.132	 1.766	 1.869	 1.456	 1.397	 3.826	 3.929	 4.994	 4.991	 | 3.011 quantile
                      	 6.334	 7.619	 2.902	 2.898	   3.9	 3.864	 3.502	  3.26	 6.707	 6.986	 8.019	 8.078	 | 8.078 max

train losses     12:	0.5912	0.6016	0.3742	 0.371	0.7465	 0.775	0.4993	0.4974	 1.606	 1.618	 1.476	 1.469	
val losses       12:	 0.521	0.6713	0.4428	0.4321	0.5936	0.6466	0.4944	0.4755	  1.34	 1.415	  1.75	 1.746	 | 0.8773 mean
                     	 1.634	 1.991	 1.157	 1.136	  1.77	 1.868	 1.457	 1.403	 3.831	 3.923	 4.987	 4.991	 | 3.011 quantile
                      	 6.328	 7.623	 2.901	 2.897	 3.907	 3.855	 3.506	 3.266	 6.703	 6.987	 8.024	 8.072	 | 8.072 max

train losses     14:	0.5907	0.6008	0.3746	0.3706	0.7455	0.7755	0.4992	0.4976	 1.605	 1.618	 1.475	 1.469	
val losses       14:	0.5205	0.6711	0.4429	0.4323	0.5935	0.6465	0.4946	0.4755	  1.34	 1.415	 1.749	 1.746	 | 0.8773 mean
                     	 1.631	 1.989	 1.155	 1.136	 1.769	 1.867	 1.459	 1.401	 3.835	 3.921	 4.986	 4.991	 | 3.008 quantile
                      	 6.319	 7.624	 2.901	 2.897	 3.913	  3.85	 3.508	  3.27	 6.708	 6.986	 8.027	 8.067	 | 8.067 max

train losses     16:	0.5899	0.6003	0.3739	0.3709	0.7451	 0.775	0.4989	0.4971	 1.606	 1.617	 1.475	 1.469	
val losses       16:	  0.52	0.6708	0.4429	0.4323	0.5933	0.6464	0.4946	0.4754	  1.34	 1.415	 1.749	 1.746	 | 0.8771 mean
                     	 1.626	 1.986	 1.157	 1.137	 1.766	 1.865	 1.461	 1.401	 3.837	 3.922	 4.984	 4.989	 | 3.01 quantile
                      	 6.307	 7.621	 2.901	 2.897	 3.915	 3.847	 3.509	 3.272	 6.709	 6.983	 8.028	 8.064	 | 8.064 max

train losses     18:	0.5893	   0.6	0.3738	0.3699	0.7459	0.7744	0.4985	0.4972	 1.605	 1.617	 1.476	 1.469	
val losses       18:	0.5194	0.6703	0.4428	0.4322	0.5931	0.6463	0.4945	0.4753	 1.339	 1.415	 1.749	 1.746	 | 0.877 mean
                     	 1.625	 1.984	 1.156	 1.138	 1.765	 1.863	 1.461	   1.4	 3.835	 3.923	 4.984	 4.988	 | 3.009 quantile
                      	 6.294	 7.615	 2.901	 2.898	 3.917	 3.845	  3.51	 3.274	 6.709	 6.979	 8.027	 8.063	 | 8.063 max

train losses     20:	0.5881	0.5994	0.3732	0.3699	0.7448	0.7746	0.4979	0.4968	 1.605	 1.617	 1.475	 1.469	
val losses       20:	0.5187	0.6699	0.4427	 0.432	0.5928	0.6461	0.4944	0.4753	 1.339	 1.415	 1.749	 1.746	 | 0.8768 mean
                     	 1.623	 1.982	 1.157	 1.138	 1.765	  1.86	  1.46	 1.401	 3.834	 3.923	 4.983	 4.987	 | 3.009 quantile
                      	 6.281	 7.609	 2.902	 2.899	 3.918	 3.844	 3.509	 3.274	 6.709	 6.974	 8.027	 8.062	 | 8.062 max

train losses     22:	0.5868	0.5995	0.3738	0.3696	0.7448	0.7737	0.4986	 0.497	 1.605	 1.617	 1.474	 1.468	
val losses       22:	0.5181	0.6695	0.4426	0.4319	0.5925	0.6459	0.4943	0.4752	 1.339	 1.415	 1.749	 1.746	 | 0.8766 mean
                     	  1.62	 1.979	 1.156	 1.137	 1.766	 1.858	 1.458	 1.402	 3.832	 3.922	 4.981	 4.987	 | 3.008 quantile
                      	 6.269	 7.602	 2.903	   2.9	 3.918	 3.843	 3.509	 3.275	 6.709	 6.969	 8.026	 8.061	 | 8.061 max

train losses     24:	0.5867	0.5982	0.3731	  0.37	0.7447	0.7749	0.4981	0.4963	 1.605	 1.617	 1.475	 1.468	
val losses       24:	0.5174	 0.669	0.4425	0.4318	0.5922	0.6458	0.4941	0.4751	 1.339	 1.415	 1.748	 1.746	 | 0.8764 mean
                     	 1.618	 1.979	 1.156	 1.138	 1.767	 1.857	 1.456	 1.402	 3.831	 3.922	 4.979	 4.987	 | 3.008 quantile
                      	 6.256	 7.596	 2.904	 2.901	 3.919	 3.842	 3.509	 3.276	 6.708	 6.965	 8.026	  8.06	 | 8.06 max

train losses     26:	0.5857	0.5975	0.3725	0.3692	0.7439	 0.774	0.4972	0.4978	 1.605	 1.617	 1.475	 1.468	
val losses       26:	0.5168	0.6686	0.4424	0.4317	 0.592	0.6456	 0.494	0.4751	 1.339	 1.415	 1.748	 1.746	 | 0.8762 mean
                     	 1.614	 1.979	 1.157	 1.138	 1.767	 1.857	 1.456	 1.403	 3.829	 3.923	 4.977	 4.987	 | 3.008 quantile
                      	 6.243	 7.589	 2.904	 2.901	 3.919	 3.841	 3.509	 3.276	 6.708	  6.96	 8.025	 8.059	 | 8.059 max

train losses     28:	0.5846	0.5972	0.3727	0.3698	0.7437	 0.774	0.4976	0.4964	 1.604	 1.617	 1.474	 1.468	
val losses       28:	0.5162	0.6682	0.4423	0.4315	0.5917	0.6454	0.4939	 0.475	 1.339	 1.415	 1.748	 1.746	 | 0.876 mean
                     	 1.612	 1.978	 1.158	 1.136	 1.766	 1.857	 1.455	 1.403	 3.828	 3.924	 4.975	 4.987	 | 3.008 quantile
                      	  6.23	 7.582	 2.905	 2.902	  3.92	  3.84	 3.508	 3.277	 6.707	 6.956	 8.025	 8.058	 | 8.058 max

train losses     30:	0.5836	 0.597	0.3727	0.3696	0.7435	 0.773	0.4974	0.4963	 1.605	 1.616	 1.475	 1.468	
val losses       30:	0.5156	0.6677	0.4422	0.4314	0.5914	0.6453	0.4938	0.4749	 1.339	 1.415	 1.748	 1.746	 | 0.8758 mean
                     	 1.608	 1.977	 1.159	 1.135	 1.766	 1.858	 1.455	 1.402	 3.827	 3.925	 4.973	 4.987	 | 3.008 quantile
                      	 6.218	 7.575	 2.906	 2.902	  3.92	 3.839	 3.508	 3.277	 6.706	 6.952	 8.024	 8.057	 | 8.057 max

train losses     32:	0.5829	0.5969	0.3729	0.3684	0.7433	0.7732	0.4968	0.4965	 1.603	 1.617	 1.474	 1.468	
val losses       32:	 0.515	0.6673	0.4421	0.4313	0.5912	0.6451	0.4937	0.4749	 1.339	 1.415	 1.748	 1.745	 | 0.8756 mean
                     	 1.604	 1.975	 1.159	 1.134	 1.765	 1.858	 1.454	 1.402	 3.828	 3.926	 4.971	 4.987	 | 3.009 quantile
                      	 6.206	 7.569	 2.907	 2.903	 3.921	 3.837	 3.508	 3.278	 6.706	 6.952	 8.024	 8.057	 | 8.057 max

train losses     34:	0.5825	0.5968	0.3726	0.3692	0.7428	0.7735	0.4966	0.4961	 1.604	 1.616	 1.474	 1.468	
val losses       34:	0.5144	0.6669	 0.442	0.4312	0.5909	0.6449	0.4935	0.4748	 1.338	 1.415	 1.747	 1.745	 | 0.8754 mean
                     	 1.602	 1.974	 1.159	 1.134	 1.764	 1.859	 1.453	 1.402	 3.828	 3.927	  4.97	 4.986	 | 3.008 quantile
                      	 6.194	 7.562	 2.907	 2.903	 3.921	 3.836	 3.507	 3.278	 6.705	 6.951	 8.023	 8.056	 | 8.056 max

train losses     36:	0.5819	0.5961	0.3726	0.3687	 0.743	0.7729	0.4962	 0.496	 1.603	 1.616	 1.474	 1.468	
val losses       36:	0.5138	0.6665	0.4419	0.4311	0.5907	0.6448	0.4934	0.4747	 1.338	 1.415	 1.747	 1.745	 | 0.8752 mean
                     	 1.602	 1.972	  1.16	 1.135	 1.764	 1.859	 1.452	 1.403	 3.828	 3.927	 4.968	 4.986	 | 3.007 quantile
                      	 6.182	 7.556	 2.908	 2.904	 3.921	 3.835	 3.507	 3.279	 6.704	 6.951	 8.023	 8.055	 | 8.055 max

train losses     38:	0.5808	0.5961	0.3727	0.3694	0.7434	0.7729	0.4965	0.4959	 1.603	 1.616	 1.474	 1.467	
val losses       38:	0.5132	0.6661	0.4418	 0.431	0.5904	0.6446	0.4933	0.4747	 1.338	 1.415	 1.747	 1.745	 | 0.875 mean
                     	 1.601	 1.971	  1.16	 1.136	 1.764	  1.86	 1.452	 1.403	 3.829	 3.927	 4.968	 4.986	 | 3.006 quantile
                      	  6.17	 7.549	 2.909	 2.904	 3.921	 3.834	 3.507	  3.28	 6.704	 6.951	 8.022	 8.054	 | 8.054 max

train losses     40:	0.5811	0.5954	0.3716	0.3685	0.7424	0.7723	0.4967	0.4959	 1.603	 1.616	 1.473	 1.468	
val losses       40:	0.5127	0.6656	0.4417	0.4309	0.5902	0.6445	0.4932	0.4746	 1.338	 1.415	 1.747	 1.745	 | 0.8748 mean
                     	 1.598	 1.972	  1.16	 1.137	 1.765	 1.859	 1.452	 1.404	 3.828	 3.927	 4.967	 4.985	 | 3.007 quantile
                      	 6.158	 7.543	 2.909	 2.905	 3.922	 3.833	 3.506	  3.28	 6.703	  6.95	 8.021	 8.053	 | 8.053 max

train losses     42:	0.5793	0.5949	0.3719	0.3682	0.7423	0.7717	0.4962	0.4954	 1.603	 1.616	 1.473	 1.467	
val losses       42:	0.5121	0.6652	0.4417	0.4308	0.5899	0.6443	0.4931	0.4745	 1.338	 1.415	 1.747	 1.745	 | 0.8746 mean
                     	 1.597	 1.971	 1.161	 1.137	 1.765	 1.858	 1.451	 1.404	 3.827	 3.927	 4.967	 4.985	 | 3.007 quantile
                      	 6.147	 7.537	  2.91	 2.905	 3.922	 3.832	 3.506	 3.281	 6.703	  6.95	 8.021	 8.053	 | 8.053 max

train losses     44:	0.5788	0.5944	0.3722	0.3687	0.7419	 0.772	0.4966	0.4957	 1.602	 1.616	 1.472	 1.467	
val losses       44:	0.5116	0.6648	0.4416	0.4307	0.5897	0.6442	 0.493	0.4745	 1.338	 1.415	 1.746	 1.745	 | 0.8745 mean
                     	 1.596	 1.969	 1.161	 1.137	 1.764	 1.857	  1.45	 1.404	 3.827	 3.927	 4.965	 4.984	 | 3.006 quantile
                      	 6.135	  7.53	 2.911	 2.906	 3.922	 3.831	 3.506	 3.281	 6.702	  6.95	  8.02	 8.052	 | 8.052 max

train losses     46:	0.5773	 0.594	0.3723	0.3684	 0.741	0.7722	0.4962	0.4952	 1.602	 1.616	 1.473	 1.467	
val losses       46:	 0.511	0.6644	0.4415	0.4306	0.5894	 0.644	0.4929	0.4744	 1.338	 1.414	 1.746	 1.745	 | 0.8743 mean
                     	 1.591	 1.967	 1.161	 1.137	 1.764	 1.856	  1.45	 1.404	 3.826	 3.927	 4.963	 4.983	 | 3.006 quantile
                      	 6.124	 7.524	 2.911	 2.906	 3.922	 3.829	 3.505	 3.282	 6.701	 6.949	  8.02	 8.051	 | 8.051 max

train losses     48:	 0.577	0.5943	0.3721	0.3684	0.7419	0.7715	0.4955	0.4959	 1.602	 1.616	 1.473	 1.467	
val losses       48:	0.5105	 0.664	0.4415	0.4305	0.5892	0.6439	0.4928	0.4744	 1.337	 1.414	 1.746	 1.745	 | 0.8741 mean
                     	 1.586	 1.966	 1.161	 1.136	 1.763	 1.854	 1.451	 1.404	 3.825	 3.927	 4.962	 4.982	 | 3.005 quantile
                      	 6.113	 7.518	 2.912	 2.906	 3.922	 3.828	 3.505	 3.283	 6.701	 6.949	 8.019	  8.05	 | 8.05 max

train losses     50:	0.5779	0.5939	 0.372	0.3684	0.7415	0.7717	0.4958	0.4961	 1.601	 1.616	 1.472	 1.467	
val losses       50:	  0.51	0.6636	0.4414	0.4304	0.5889	0.6437	0.4927	0.4743	 1.337	 1.414	 1.746	 1.745	 | 0.8739 mean
                     	 1.584	 1.964	  1.16	 1.136	 1.763	 1.852	 1.451	 1.404	 3.824	 3.927	  4.96	 4.981	 | 3.004 quantile
                      	 6.102	 7.511	 2.913	 2.907	 3.923	 3.827	 3.504	 3.283	   6.7	 6.949	 8.019	 8.049	 | 8.049 max

train losses     52:	 0.576	0.5932	0.3719	0.3681	  0.74	0.7716	0.4958	0.4961	 1.603	 1.616	 1.473	 1.467	
val losses       52:	0.5095	0.6632	0.4413	0.4303	0.5887	0.6436	0.4926	0.4742	 1.337	 1.414	 1.746	 1.745	 | 0.8738 mean
                     	 1.579	 1.963	 1.159	 1.135	 1.762	 1.851	 1.451	 1.404	 3.823	 3.927	  4.96	 4.981	 | 3.003 quantile
                      	 6.091	 7.505	 2.913	 2.907	 3.923	 3.826	 3.504	 3.284	 6.699	 6.948	 8.018	 8.049	 | 8.049 max

train losses     54:	0.5757	 0.593	0.3716	0.3679	0.7408	0.7709	0.4967	0.4956	 1.602	 1.616	 1.472	 1.467	
val losses       54:	0.5089	0.6628	0.4413	0.4302	0.5885	0.6434	0.4926	0.4742	 1.337	 1.414	 1.746	 1.745	 | 0.8736 mean
                     	 1.577	 1.962	 1.159	 1.136	 1.762	  1.85	 1.451	 1.404	 3.822	 3.926	 4.961	  4.98	 | 3.002 quantile
                      	  6.08	 7.499	 2.914	 2.907	 3.923	 3.825	 3.504	 3.284	 6.699	 6.948	 8.018	 8.048	 | 8.048 max

train losses     56:	0.5743	0.5923	0.3721	0.3683	0.7401	 0.771	0.4953	0.4951	 1.601	 1.616	 1.472	 1.467	
val losses       56:	0.5084	0.6625	0.4412	0.4301	0.5883	0.6433	0.4925	0.4741	 1.337	 1.414	 1.745	 1.744	 | 0.8734 mean
                     	 1.575	  1.96	  1.16	 1.135	 1.762	 1.849	  1.45	 1.404	 3.821	 3.924	 4.962	 4.979	 | 3.002 quantile
                      	 6.069	 7.493	 2.914	 2.907	 3.923	 3.824	 3.503	 3.285	 6.698	 6.947	 8.017	 8.047	 | 8.047 max

train losses     58:	0.5749	0.5928	0.3716	0.3677	0.7409	0.7708	 0.495	 0.495	 1.601	 1.616	 1.472	 1.467	
val losses       58:	0.5079	0.6621	0.4411	0.4301	 0.588	0.6431	0.4924	0.4741	 1.337	 1.414	 1.745	 1.744	 | 0.8733 mean
                     	 1.574	 1.958	 1.161	 1.135	 1.762	 1.849	 1.449	 1.404	  3.82	 3.924	 4.963	 4.978	 | 3.002 quantile
                      	 6.059	 7.487	 2.915	 2.908	 3.923	 3.823	 3.503	 3.285	 6.697	 6.947	 8.017	 8.047	 | 8.047 max

train losses     60:	0.5739	0.5922	0.3709	0.3675	0.7396	0.7704	0.4958	 0.495	 1.601	 1.616	 1.473	 1.467	
val losses       60:	0.5074	0.6617	0.4411	  0.43	0.5878	 0.643	0.4923	 0.474	 1.337	 1.414	 1.745	 1.744	 | 0.8731 mean
                     	 1.571	 1.957	 1.161	 1.134	 1.762	 1.849	 1.448	 1.404	 3.819	 3.924	 4.963	 4.977	 | 3.002 quantile
                      	 6.048	 7.481	 2.915	 2.908	 3.923	 3.822	 3.502	 3.286	 6.696	 6.946	 8.016	 8.046	 | 8.046 max

train losses     62:	0.5732	0.5909	0.3719	0.3673	0.7396	0.7706	0.4944	 0.495	 1.602	 1.615	 1.472	 1.467	
val losses       62:	0.5069	0.6613	 0.441	0.4299	0.5876	0.6428	0.4922	 0.474	 1.336	 1.414	 1.745	 1.744	 | 0.8729 mean
                     	 1.569	 1.955	 1.162	 1.134	  1.76	 1.849	 1.447	 1.403	 3.818	 3.925	 4.962	 4.977	 | 3.001 quantile
                      	 6.038	 7.475	 2.916	 2.908	 3.922	 3.821	 3.502	 3.286	 6.695	 6.946	 8.016	 8.045	 | 8.045 max

train losses     64:	0.5723	0.5916	0.3716	0.3675	0.7386	  0.77	0.4949	 0.495	   1.6	 1.615	 1.471	 1.467	
val losses       64:	0.5064	0.6609	 0.441	0.4298	0.5874	0.6427	0.4921	0.4739	 1.336	 1.414	 1.745	 1.744	 | 0.8728 mean
                     	 1.567	 1.953	 1.162	 1.134	  1.76	 1.849	 1.446	 1.403	 3.817	 3.926	 4.962	 4.977	 | 3.0 quantile
                      	 6.028	 7.469	 2.916	 2.908	 3.922	  3.82	 3.501	 3.287	 6.695	 6.945	 8.016	 8.045	 | 8.045 max

train losses     66:	0.5723	0.5904	0.3714	0.3667	 0.739	0.7705	0.4945	0.4953	   1.6	 1.616	 1.472	 1.466	
val losses       66:	0.5059	0.6606	0.4409	0.4297	0.5871	0.6426	 0.492	0.4739	 1.336	 1.414	 1.745	 1.744	 | 0.8726 mean
                     	 1.566	 1.953	 1.162	 1.134	  1.76	 1.849	 1.445	 1.403	 3.817	 3.927	 4.961	 4.976	 | 2.999 quantile
                      	 6.018	 7.463	 2.917	 2.909	 3.922	 3.818	 3.501	 3.287	 6.694	 6.945	 8.015	 8.044	 | 8.044 max

train losses     68:	 0.571	 0.591	0.3707	0.3671	0.7394	0.7703	0.4944	0.4946	 1.601	 1.615	 1.471	 1.466	
val losses       68:	0.5055	0.6602	0.4409	0.4297	0.5869	0.6424	 0.492	0.4738	 1.336	 1.414	 1.744	 1.744	 | 0.8725 mean
                     	 1.565	 1.951	 1.163	 1.134	  1.76	 1.848	 1.445	 1.402	 3.817	 3.928	  4.96	 4.976	 | 2.999 quantile
                      	 6.008	 7.457	 2.918	 2.909	 3.922	 3.817	   3.5	 3.288	 6.694	 6.945	 8.015	 8.043	 | 8.043 max

train losses     70:	0.5714	0.5902	 0.371	0.3674	0.7385	0.7698	0.4942	0.4951	   1.6	 1.615	 1.472	 1.466	
val losses       70:	 0.505	0.6598	0.4408	0.4296	0.5867	0.6423	0.4919	0.4738	 1.336	 1.414	 1.744	 1.744	 | 0.8723 mean
                     	 1.564	 1.948	 1.162	 1.133	  1.76	 1.848	 1.444	 1.402	 3.817	 3.929	  4.96	 4.976	 | 2.998 quantile
                      	 5.998	 7.452	 2.918	 2.909	 3.922	 3.816	   3.5	 3.288	 6.693	 6.944	 8.014	 8.043	 | 8.043 max

train losses     72:	0.5708	0.5899	0.3711	0.3672	0.7387	0.7694	0.4946	0.4948	 1.601	 1.615	 1.471	 1.466	
val losses       72:	0.5045	0.6595	0.4408	0.4295	0.5865	0.6421	0.4918	0.4737	 1.336	 1.414	 1.744	 1.744	 | 0.8722 mean
                     	 1.563	 1.946	 1.162	 1.132	 1.759	 1.847	 1.443	 1.402	 3.817	 3.928	 4.959	 4.975	 | 2.998 quantile
                      	 5.988	 7.446	 2.919	 2.909	 3.922	 3.815	 3.499	 3.289	 6.692	 6.944	 8.014	 8.042	 | 8.042 max

train losses     74:	0.5696	0.5891	0.3713	0.3669	0.7381	0.7699	0.4942	0.4941	   1.6	 1.614	 1.471	 1.466	
val losses       74:	0.5041	0.6591	0.4407	0.4295	0.5863	 0.642	0.4917	0.4737	 1.336	 1.414	 1.744	 1.744	 | 0.872 mean
                     	 1.559	 1.943	 1.162	 1.132	 1.759	 1.847	 1.443	 1.401	 3.817	 3.928	 4.957	 4.975	 | 2.997 quantile
                      	 5.979	  7.44	 2.919	 2.909	 3.922	 3.814	 3.499	 3.289	 6.691	 6.943	 8.013	 8.041	 | 8.041 max

train losses     76:	0.5685	0.5891	 0.371	0.3675	0.7374	0.7697	0.4943	 0.494	   1.6	 1.615	  1.47	 1.466	
val losses       76:	0.5036	0.6587	0.4407	0.4294	0.5861	0.6419	0.4916	0.4736	 1.336	 1.414	 1.744	 1.744	 | 0.8719 mean
                     	 1.557	 1.942	 1.161	 1.132	 1.759	 1.847	 1.444	 1.401	 3.817	 3.928	 4.957	 4.975	 | 2.997 quantile
                      	 5.969	 7.434	  2.92	 2.909	 3.921	 3.813	 3.498	  3.29	 6.691	 6.943	 8.013	  8.04	 | 8.04 max

train losses     78:	0.5695	0.5888	0.3707	0.3671	0.7381	0.7695	0.4937	0.4939	 1.599	 1.615	 1.471	 1.467	
val losses       78:	0.5032	0.6584	0.4406	0.4293	0.5859	0.6417	0.4916	0.4736	 1.335	 1.414	 1.744	 1.744	 | 0.8717 mean
                     	 1.555	  1.94	 1.161	 1.132	 1.759	 1.847	 1.443	 1.401	 3.816	 3.928	 4.957	 4.975	 | 2.997 quantile
                      	  5.96	 7.429	  2.92	  2.91	 3.921	 3.812	 3.498	  3.29	  6.69	 6.942	 8.013	  8.04	 | 8.04 max

train losses     80:	0.5685	0.5883	 0.371	0.3665	0.7374	0.7686	0.4939	0.4948	   1.6	 1.615	  1.47	 1.466	
val losses       80:	0.5027	 0.658	0.4406	0.4293	0.5857	0.6416	0.4915	0.4735	 1.335	 1.413	 1.743	 1.744	 | 0.8716 mean
                     	 1.553	 1.938	 1.162	 1.132	 1.758	 1.847	 1.444	   1.4	 3.816	 3.928	 4.957	 4.975	 | 2.997 quantile
                      	  5.95	 7.423	 2.921	  2.91	 3.921	 3.811	 3.497	 3.291	 6.689	 6.941	 8.012	 8.039	 | 8.039 max

train losses     82:	0.5677	 0.588	0.3704	0.3668	0.7377	0.7696	 0.494	0.4941	 1.599	 1.615	  1.47	 1.466	
val losses       82:	0.5023	0.6577	0.4406	0.4292	0.5855	0.6415	0.4914	0.4735	 1.335	 1.413	 1.743	 1.743	 | 0.8714 mean
                     	 1.551	 1.937	 1.162	 1.132	 1.758	 1.848	 1.444	   1.4	 3.815	 3.928	 4.956	 4.974	 | 2.995 quantile
                      	 5.941	 7.418	 2.921	  2.91	  3.92	 3.811	 3.497	 3.291	 6.689	 6.941	 8.012	 8.038	 | 8.038 max

train losses     84:	0.5677	0.5876	0.3714	0.3672	0.7376	0.7686	0.4934	0.4939	 1.599	 1.615	  1.47	 1.466	
val losses       84:	0.5018	0.6573	0.4405	0.4292	0.5853	0.6413	0.4913	0.4734	 1.335	 1.413	 1.743	 1.743	 | 0.8713 mean
                     	 1.551	 1.935	 1.163	 1.132	 1.757	 1.848	 1.443	   1.4	 3.814	 3.927	 4.955	 4.974	 | 2.995 quantile
                      	 5.932	 7.412	 2.922	  2.91	  3.92	 3.811	 3.496	 3.291	 6.688	  6.94	 8.011	 8.038	 | 8.038 max

train losses     86:	0.5664	0.5878	0.3711	0.3661	0.7369	0.7691	0.4934	0.4937	 1.599	 1.615	  1.47	 1.466	
val losses       86:	0.5014	 0.657	0.4405	0.4291	0.5851	0.6412	0.4913	0.4734	 1.335	 1.413	 1.743	 1.743	 | 0.8711 mean
                     	  1.55	 1.933	 1.163	 1.132	 1.756	 1.847	 1.443	   1.4	 3.813	 3.928	 4.954	 4.973	 | 2.995 quantile
                      	 5.923	 7.407	 2.923	  2.91	 3.919	 3.811	 3.496	 3.292	 6.687	 6.939	 8.011	 8.037	 | 8.037 max

train losses     88:	0.5667	0.5868	0.3706	0.3663	0.7365	0.7686	0.4935	0.4941	 1.599	 1.614	  1.47	 1.466	
val losses       88:	 0.501	0.6566	0.4405	 0.429	0.5849	0.6411	0.4912	0.4733	 1.335	 1.413	 1.743	 1.743	 | 0.871 mean
                     	 1.549	 1.932	 1.163	 1.131	 1.756	 1.847	 1.443	   1.4	 3.812	 3.928	 4.955	 4.973	 | 2.995 quantile
                      	 5.914	 7.401	 2.923	  2.91	 3.919	 3.811	 3.495	 3.292	 6.687	 6.939	 8.011	 8.036	 | 8.036 max

train losses     90:	0.5652	0.5876	 0.371	0.3664	0.7368	0.7682	0.4937	0.4941	   1.6	 1.614	  1.47	 1.466	
val losses       90:	0.5005	0.6563	0.4404	 0.429	0.5847	0.6409	0.4911	0.4733	 1.335	 1.413	 1.743	 1.743	 | 0.8708 mean
                     	 1.548	  1.93	 1.162	 1.131	 1.755	 1.848	 1.443	   1.4	 3.812	 3.928	 4.954	 4.973	 | 2.995 quantile
                      	 5.906	 7.396	 2.924	  2.91	 3.918	 3.811	 3.495	 3.293	 6.686	 6.938	  8.01	 8.036	 | 8.036 max

train losses     92:	0.5662	0.5861	 0.371	0.3663	0.7359	0.7684	 0.493	0.4936	 1.598	 1.615	  1.47	 1.466	
val losses       92:	0.5001	0.6559	0.4404	0.4289	0.5845	0.6408	0.4911	0.4733	 1.334	 1.413	 1.743	 1.743	 | 0.8707 mean
                     	 1.547	 1.928	 1.161	 1.131	 1.755	 1.849	 1.443	 1.401	 3.811	 3.928	 4.954	 4.974	 | 2.995 quantile
                      	 5.897	 7.391	 2.924	  2.91	 3.918	 3.811	 3.494	 3.293	 6.685	 6.938	  8.01	 8.035	 | 8.035 max

train losses     94:	0.5651	0.5867	0.3701	 0.366	0.7362	0.7677	0.4937	0.4937	 1.598	 1.615	 1.469	 1.466	
val losses       94:	0.4997	0.6556	0.4404	0.4289	0.5843	0.6407	 0.491	0.4732	 1.334	 1.413	 1.742	 1.743	 | 0.8705 mean
                     	 1.545	 1.926	 1.161	  1.13	 1.754	 1.848	 1.443	 1.401	  3.81	 3.928	 4.953	 4.973	 | 2.995 quantile
                      	 5.888	 7.386	 2.924	  2.91	 3.918	 3.811	 3.494	 3.293	 6.685	 6.937	 8.009	 8.034	 | 8.034 max

train losses     96:	0.5639	0.5861	0.3705	0.3661	 0.736	0.7676	0.4928	0.4937	 1.598	 1.614	  1.47	 1.465	
val losses       96:	0.4993	0.6552	0.4403	0.4288	0.5841	0.6406	 0.491	0.4732	 1.334	 1.413	 1.742	 1.743	 | 0.8704 mean
                     	 1.543	 1.924	 1.161	  1.13	 1.754	 1.847	 1.443	 1.401	 3.809	 3.928	 4.953	 4.973	 | 2.995 quantile
                      	  5.88	 7.381	 2.925	  2.91	 3.918	 3.811	 3.493	 3.294	 6.684	 6.936	 8.009	 8.034	 | 8.034 max

train losses     98:	0.5644	0.5854	0.3702	0.3662	0.7351	0.7678	0.4925	0.4946	 1.598	 1.614	 1.469	 1.466	
val losses       98:	0.4989	0.6549	0.4403	0.4288	0.5839	0.6404	0.4909	0.4731	 1.334	 1.413	 1.742	 1.743	 | 0.8703 mean
                     	 1.542	 1.922	 1.161	  1.13	 1.753	 1.847	 1.443	 1.401	 3.808	 3.928	 4.952	 4.974	 | 2.995 quantile
                      	 5.871	 7.375	 2.925	 2.911	 3.917	 3.811	 3.492	 3.294	 6.683	 6.936	 8.008	 8.033	 | 8.033 max

train losses    100:	0.5632	0.5857	0.3701	0.3661	0.7351	0.7673	0.4931	0.4938	 1.598	 1.614	 1.469	 1.466	
val losses      100:	0.4985	0.6545	0.4403	0.4287	0.5837	0.6403	0.4908	0.4731	 1.334	 1.413	 1.742	 1.743	 | 0.8701 mean
                     	 1.541	 1.921	  1.16	  1.13	 1.753	 1.847	 1.443	 1.401	 3.808	 3.927	 4.951	 4.974	 | 2.995 quantile
                      	 5.863	  7.37	 2.926	 2.911	 3.917	  3.81	 3.492	 3.295	 6.683	 6.935	 8.008	 8.033	 | 8.033 max

train losses    102:	0.5629	 0.585	0.3709	 0.366	0.7348	0.7674	0.4923	0.4935	 1.598	 1.614	  1.47	 1.466	
val losses      102:	0.4981	0.6542	0.4402	0.4287	0.5835	0.6402	0.4908	 0.473	 1.334	 1.413	 1.742	 1.743	 | 0.87 mean
                     	 1.539	  1.92	  1.16	  1.13	 1.752	 1.846	 1.443	 1.401	 3.807	 3.927	 4.951	 4.974	 | 2.995 quantile
                      	 5.855	 7.365	 2.926	 2.911	 3.916	  3.81	 3.491	 3.295	 6.682	 6.935	 8.008	 8.032	 | 8.032 max

train losses    104:	 0.563	0.5845	0.3705	0.3663	0.7348	0.7674	0.4925	0.4937	 1.597	 1.614	 1.469	 1.465	
val losses      104:	0.4977	0.6539	0.4402	0.4286	0.5833	  0.64	0.4907	 0.473	 1.334	 1.413	 1.742	 1.743	 | 0.8699 mean
                     	 1.538	 1.919	 1.159	  1.13	 1.752	 1.846	 1.443	   1.4	 3.806	 3.927	  4.95	 4.973	 | 2.995 quantile
                      	 5.847	  7.36	 2.927	 2.911	 3.915	  3.81	  3.49	 3.295	 6.681	 6.934	 8.007	 8.031	 | 8.031 max

train losses    106:	0.5622	0.5843	0.3705	0.3665	0.7353	0.7668	0.4916	0.4934	 1.597	 1.614	 1.469	 1.466	
val losses      106:	0.4973	0.6535	0.4402	0.4286	0.5831	0.6399	0.4906	 0.473	 1.333	 1.413	 1.742	 1.743	 | 0.8697 mean
                     	 1.538	 1.919	 1.159	  1.13	 1.752	 1.846	 1.442	   1.4	 3.805	 3.927	  4.95	 4.973	 | 2.995 quantile
                      	 5.839	 7.355	 2.927	 2.911	 3.915	  3.81	  3.49	 3.296	  6.68	 6.933	 8.007	 8.031	 | 8.031 max

train losses    108:	0.5618	0.5838	0.3707	0.3656	 0.734	0.7671	0.4924	0.4929	 1.598	 1.614	 1.469	 1.465	
val losses      108:	 0.497	0.6532	0.4401	0.4285	0.5829	0.6398	0.4906	0.4729	 1.333	 1.413	 1.741	 1.743	 | 0.8696 mean
                     	 1.537	 1.918	 1.159	  1.13	 1.751	 1.846	 1.442	   1.4	 3.804	 3.927	 4.949	 4.973	 | 2.995 quantile
                      	 5.831	  7.35	 2.928	 2.911	 3.914	  3.81	 3.489	 3.296	  6.68	 6.933	 8.007	  8.03	 | 8.03 max

train losses    110:	 0.561	0.5842	0.3706	0.3661	0.7345	0.7667	0.4932	0.4936	 1.597	 1.613	 1.468	 1.465	
val losses      110:	0.4966	0.6529	0.4401	0.4285	0.5827	0.6397	0.4905	0.4729	 1.333	 1.413	 1.741	 1.742	 | 0.8694 mean
                     	 1.536	 1.918	 1.158	  1.13	  1.75	 1.846	 1.442	   1.4	 3.804	 3.927	 4.949	 4.972	 | 2.994 quantile
                      	 5.823	 7.345	 2.928	 2.911	 3.914	  3.81	 3.489	 3.297	 6.679	 6.932	 8.006	 8.029	 | 8.029 max

train losses    112:	0.5612	0.5831	0.3702	0.3655	0.7335	0.7667	0.4913	0.4939	 1.597	 1.613	 1.469	 1.465	
val losses      112:	0.4962	0.6525	0.4401	0.4285	0.5826	0.6395	0.4905	0.4728	 1.333	 1.413	 1.741	 1.742	 | 0.8693 mean
                     	 1.536	 1.918	 1.158	  1.13	  1.75	 1.846	 1.441	   1.4	 3.803	 3.926	 4.948	 4.972	 | 2.994 quantile
                      	 5.815	  7.34	 2.929	 2.911	 3.913	 3.809	 3.488	 3.297	 6.678	 6.931	 8.006	 8.029	 | 8.029 max

train losses    114:	0.5605	0.5832	0.3707	0.3655	0.7334	0.7669	0.4919	0.4936	 1.597	 1.613	 1.468	 1.465	
val losses      114:	0.4958	0.6522	0.4401	0.4284	0.5824	0.6394	0.4904	0.4728	 1.333	 1.413	 1.741	 1.742	 | 0.8692 mean
                     	 1.535	 1.917	 1.158	  1.13	 1.749	 1.846	 1.441	 1.401	 3.803	 3.926	 4.948	 4.972	 | 2.994 quantile
                      	 5.807	 7.336	 2.929	 2.911	 3.913	 3.809	 3.487	 3.297	 6.678	 6.931	 8.005	 8.029	 | 8.029 max

train losses    116:	0.5596	0.5834	0.3707	0.3655	0.7329	0.7663	0.4916	0.4933	 1.597	 1.613	 1.469	 1.465	
val losses      116:	0.4955	0.6519	  0.44	0.4284	0.5822	0.6393	0.4903	0.4728	 1.333	 1.412	 1.741	 1.742	 | 0.8691 mean
                     	 1.533	 1.917	 1.158	  1.13	 1.749	 1.845	 1.441	 1.401	 3.802	 3.926	 4.949	 4.972	 | 2.994 quantile
                      	   5.8	 7.331	  2.93	 2.911	 3.912	 3.809	 3.486	 3.298	 6.677	  6.93	 8.005	 8.028	 | 8.028 max

train losses    118:	0.5596	0.5827	0.3698	0.3657	0.7328	0.7659	 0.491	0.4925	 1.596	 1.613	 1.468	 1.465	
val losses      118:	0.4951	0.6516	  0.44	0.4283	 0.582	0.6392	0.4903	0.4727	 1.333	 1.412	 1.741	 1.742	 | 0.8689 mean
                     	 1.533	 1.917	 1.158	  1.13	 1.748	 1.845	 1.441	 1.401	 3.801	 3.926	 4.949	 4.972	 | 2.993 quantile
                      	 5.792	 7.326	  2.93	 2.911	 3.912	 3.809	 3.486	 3.298	 6.676	 6.929	 8.005	 8.028	 | 8.028 max

train losses    120:	 0.558	0.5822	0.3698	0.3657	0.7327	 0.766	0.4914	 0.493	 1.596	 1.613	 1.467	 1.465	
val losses      120:	0.4948	0.6512	  0.44	0.4283	0.5818	0.6391	0.4902	0.4727	 1.332	 1.412	 1.741	 1.742	 | 0.8688 mean
                     	 1.533	 1.917	 1.157	  1.13	 1.748	 1.844	  1.44	 1.402	   3.8	 3.926	 4.949	 4.972	 | 2.993 quantile
                      	 5.785	 7.321	 2.931	 2.911	 3.911	 3.808	 3.485	 3.298	 6.676	 6.929	 8.004	 8.027	 | 8.027 max

train losses    122:	0.5584	0.5821	0.3698	0.3656	0.7332	0.7655	0.4909	0.4927	 1.596	 1.613	 1.468	 1.465	
val losses      122:	0.4944	0.6509	  0.44	0.4282	0.5816	0.6389	0.4902	0.4726	 1.332	 1.412	  1.74	 1.742	 | 0.8687 mean
                     	 1.533	 1.916	 1.157	  1.13	 1.747	 1.843	  1.44	 1.402	 3.799	 3.926	 4.949	 4.972	 | 2.993 quantile
                      	 5.777	 7.317	 2.931	 2.911	  3.91	 3.808	 3.484	 3.299	 6.675	 6.928	 8.004	 8.027	 | 8.027 max

train losses    124:	0.5578	0.5817	0.3705	0.3648	0.7334	0.7653	0.4912	0.4933	 1.596	 1.613	 1.468	 1.465	
val losses      124:	 0.494	0.6506	0.4399	0.4282	0.5815	0.6388	0.4901	0.4726	 1.332	 1.412	  1.74	 1.742	 | 0.8685 mean
                     	 1.532	 1.915	 1.157	  1.13	 1.746	 1.842	 1.439	 1.402	 3.798	 3.926	 4.949	 4.972	 | 2.992 quantile
                      	  5.77	 7.312	 2.931	 2.911	  3.91	 3.808	 3.483	 3.299	 6.674	 6.927	 8.003	 8.026	 | 8.026 max

train losses    126:	0.5574	0.5816	0.3699	0.3654	0.7325	0.7656	0.4916	0.4928	 1.596	 1.613	 1.468	 1.465	
val losses      126:	0.4937	0.6503	0.4399	0.4282	0.5813	0.6387	0.4901	0.4726	 1.332	 1.412	  1.74	 1.742	 | 0.8684 mean
                     	 1.531	 1.914	 1.156	  1.13	 1.746	 1.842	 1.438	 1.402	 3.797	 3.926	 4.948	 4.973	 | 2.991 quantile
                      	 5.763	 7.307	 2.932	 2.911	 3.909	 3.808	 3.483	   3.3	 6.674	 6.926	 8.003	 8.026	 | 8.026 max

train losses    128:	0.5573	0.5814	0.3698	0.3654	0.7325	0.7655	0.4913	0.4927	 1.596	 1.613	 1.468	 1.465	
val losses      128:	0.4933	  0.65	0.4399	0.4281	0.5811	0.6386	  0.49	0.4725	 1.332	 1.412	  1.74	 1.742	 | 0.8683 mean
                     	 1.528	 1.913	 1.156	  1.13	 1.746	 1.841	 1.438	 1.402	 3.796	 3.926	 4.948	 4.972	 | 2.991 quantile
                      	 5.755	 7.302	 2.932	 2.912	 3.909	 3.807	 3.482	   3.3	 6.673	 6.926	 8.002	 8.025	 | 8.025 max

train losses    130:	0.5573	0.5805	  0.37	0.3648	0.7322	0.7647	0.4915	0.4927	 1.596	 1.613	 1.468	 1.465	
val losses      130:	 0.493	0.6496	0.4399	0.4281	0.5809	0.6385	  0.49	0.4725	 1.332	 1.412	  1.74	 1.742	 | 0.8682 mean
                     	 1.525	 1.912	 1.156	 1.131	 1.745	  1.84	 1.437	 1.402	 3.796	 3.926	 4.947	 4.972	 | 2.99 quantile
                      	 5.748	 7.298	 2.933	 2.912	 3.908	 3.807	 3.481	   3.3	 6.673	 6.925	 8.002	 8.024	 | 8.024 max

train losses    132:	0.5565	0.5807	0.3701	0.3649	0.7318	0.7656	0.4915	 0.492	 1.595	 1.613	 1.467	 1.465	
val losses      132:	0.4927	0.6493	0.4399	 0.428	0.5808	0.6383	0.4899	0.4724	 1.332	 1.412	  1.74	 1.742	 | 0.868 mean
                     	 1.521	 1.911	 1.155	 1.131	 1.744	  1.84	 1.437	 1.402	 3.795	 3.927	 4.947	 4.971	 | 2.99 quantile
                      	 5.741	 7.293	 2.933	 2.911	 3.907	 3.807	  3.48	   3.3	 6.672	 6.924	 8.002	 8.024	 | 8.024 max

train losses    134:	0.5555	  0.58	0.3702	0.3648	0.7323	0.7648	0.4915	0.4928	 1.596	 1.613	 1.467	 1.464	
val losses      134:	0.4923	 0.649	0.4398	 0.428	0.5806	0.6382	0.4899	0.4724	 1.331	 1.412	  1.74	 1.742	 | 0.8679 mean
                     	  1.52	  1.91	 1.155	 1.131	 1.744	 1.839	 1.437	 1.402	 3.795	 3.927	 4.946	 4.971	 | 2.989 quantile
                      	 5.734	 7.289	 2.934	 2.911	 3.906	 3.806	  3.48	 3.301	 6.671	 6.924	 8.001	 8.023	 | 8.023 max

train losses    136:	0.5554	0.5802	0.3702	0.3649	0.7312	0.7648	0.4903	0.4925	 1.595	 1.613	 1.468	 1.464	
val losses      136:	 0.492	0.6487	0.4398	 0.428	0.5804	0.6381	0.4898	0.4724	 1.331	 1.412	 1.739	 1.742	 | 0.8678 mean
                     	  1.52	  1.91	 1.155	  1.13	 1.744	 1.839	 1.436	 1.402	 3.795	 3.927	 4.946	  4.97	 | 2.989 quantile
                      	 5.727	 7.284	 2.934	 2.911	 3.906	 3.806	 3.479	 3.301	  6.67	 6.923	 8.001	 8.023	 | 8.023 max

train losses    138:	0.5545	0.5799	0.3693	0.3651	0.7311	0.7647	0.4907	 0.493	 1.594	 1.613	 1.467	 1.464	
val losses      138:	0.4916	0.6484	0.4398	0.4279	0.5802	 0.638	0.4897	0.4723	 1.331	 1.412	 1.739	 1.742	 | 0.8677 mean
                     	 1.519	 1.909	 1.154	  1.13	 1.743	 1.839	 1.436	 1.402	 3.794	 3.926	 4.945	  4.97	 | 2.988 quantile
                      	  5.72	  7.28	 2.935	 2.911	 3.905	 3.806	 3.478	 3.301	  6.67	 6.922	 8.001	 8.022	 | 8.022 max

train losses    140:	 0.555	0.5794	0.3692	0.3648	0.7305	0.7649	0.4911	0.4922	 1.595	 1.613	 1.467	 1.465	
val losses      140:	0.4913	0.6481	0.4398	0.4279	  0.58	0.6378	0.4897	0.4723	 1.331	 1.412	 1.739	 1.741	 | 0.8675 mean
                     	 1.519	 1.908	 1.154	  1.13	 1.743	 1.838	 1.436	 1.403	 3.793	 3.926	 4.945	  4.97	 | 2.988 quantile
                      	 5.713	 7.275	 2.935	 2.911	 3.905	 3.805	 3.477	 3.301	 6.669	 6.921	   8.0	 8.022	 | 8.022 max

train losses    142:	0.5542	0.5792	0.3702	0.3653	0.7303	0.7641	0.4906	0.4919	 1.594	 1.612	 1.467	 1.464	
val losses      142:	 0.491	0.6478	0.4398	0.4279	0.5799	0.6377	0.4897	0.4723	 1.331	 1.412	 1.739	 1.741	 | 0.8674 mean
                     	 1.518	 1.905	 1.153	  1.13	 1.742	 1.838	 1.436	 1.403	 3.793	 3.926	 4.945	  4.97	 | 2.987 quantile
                      	 5.706	 7.271	 2.936	 2.911	 3.904	 3.805	 3.477	 3.302	 6.669	 6.921	   8.0	 8.021	 | 8.021 max

train losses    144:	0.5541	0.5788	0.3698	0.3651	0.7304	0.7636	0.4909	0.4928	 1.594	 1.612	 1.467	 1.465	
val losses      144:	0.4906	0.6475	0.4397	0.4278	0.5797	0.6376	0.4896	0.4722	 1.331	 1.412	 1.739	 1.741	 | 0.8673 mean
                     	 1.516	 1.903	 1.153	  1.13	 1.741	 1.837	 1.436	 1.403	 3.792	 3.926	 4.945	  4.97	 | 2.987 quantile
                      	 5.699	 7.266	 2.936	 2.911	 3.904	 3.805	 3.476	 3.302	 6.668	  6.92	 7.999	 8.021	 | 8.021 max

train losses    146:	0.5535	0.5788	0.3699	0.3648	0.7302	0.7638	0.4903	0.4927	 1.593	 1.612	 1.467	 1.464	
val losses      146:	0.4903	0.6472	0.4397	0.4278	0.5795	0.6375	0.4896	0.4722	 1.331	 1.412	 1.739	 1.741	 | 0.8672 mean
                     	 1.516	 1.901	 1.153	  1.13	  1.74	 1.837	 1.436	 1.403	 3.792	 3.926	 4.945	  4.97	 | 2.987 quantile
                      	 5.692	 7.262	 2.937	 2.911	 3.903	 3.804	 3.475	 3.302	 6.667	  6.92	 7.999	  8.02	 | 8.02 max

train losses    148:	0.5534	0.5785	0.3697	0.3649	0.7303	0.7638	 0.491	0.4931	 1.594	 1.612	 1.467	 1.464	
val losses      148:	  0.49	0.6469	0.4397	0.4278	0.5793	0.6374	0.4895	0.4722	  1.33	 1.412	 1.739	 1.741	 | 0.867 mean
                     	 1.516	   1.9	 1.153	  1.13	 1.739	 1.837	 1.435	 1.403	 3.791	 3.926	 4.945	  4.97	 | 2.987 quantile
                      	 5.686	 7.258	 2.937	 2.911	 3.903	 3.804	 3.474	 3.303	 6.667	 6.921	 7.998	  8.02	 | 8.02 max

train losses    150:	0.5532	0.5784	0.3692	0.3642	0.7307	0.7633	0.4904	0.4923	 1.593	 1.612	 1.466	 1.464	
val losses      150:	0.4897	0.6466	0.4397	0.4277	0.5792	0.6373	0.4895	0.4721	  1.33	 1.412	 1.739	 1.741	 | 0.8669 mean
                     	 1.514	   1.9	 1.153	  1.13	  1.74	 1.836	 1.435	 1.403	 3.791	 3.925	 4.945	  4.97	 | 2.986 quantile
                      	 5.681	 7.254	 2.938	 2.911	 3.902	 3.803	 3.474	 3.303	 6.666	 6.921	 7.998	 8.019	 | 8.019 max

train losses    152:	0.5536	0.5786	0.3694	0.3651	0.7296	0.7637	0.4903	0.4922	 1.594	 1.612	 1.467	 1.465	
val losses      152:	0.4896	0.6465	0.4397	0.4277	0.5791	0.6372	0.4895	0.4721	  1.33	 1.411	 1.739	 1.741	 | 0.8669 mean
                     	 1.513	   1.9	 1.153	  1.13	  1.74	 1.836	 1.435	 1.403	 3.791	 3.925	 4.945	  4.97	 | 2.986 quantile
                      	 5.678	 7.253	 2.938	 2.911	 3.902	 3.803	 3.473	 3.303	 6.666	 6.922	 7.997	 8.019	 | 8.019 max

train losses    154:	0.5517	0.5775	0.3698	0.3649	0.7293	0.7634	0.4901	0.4925	 1.594	 1.612	 1.467	 1.464	
val losses      154:	0.4895	0.6464	0.4397	0.4277	0.5791	0.6372	0.4894	0.4721	  1.33	 1.411	 1.738	 1.741	 | 0.8669 mean
                     	 1.512	   1.9	 1.153	  1.13	  1.74	 1.836	 1.435	 1.402	  3.79	 3.925	 4.945	  4.97	 | 2.986 quantile
                      	 5.676	 7.251	 2.938	 2.911	 3.902	 3.803	 3.473	 3.303	 6.666	 6.922	 7.997	 8.019	 | 8.019 max

train losses    156:	0.5524	0.5775	0.3696	0.3649	0.7293	0.7635	0.4903	 0.493	 1.594	 1.612	 1.466	 1.464	
val losses      156:	0.4893	0.6462	0.4397	0.4277	 0.579	0.6371	0.4894	0.4721	  1.33	 1.411	 1.738	 1.741	 | 0.8668 mean
                     	  1.51	   1.9	 1.153	  1.13	  1.74	 1.836	 1.434	 1.402	  3.79	 3.925	 4.945	  4.97	 | 2.986 quantile
                      	 5.673	 7.249	 2.938	 2.911	 3.901	 3.803	 3.473	 3.303	 6.666	 6.922	 7.997	 8.019	 | 8.019 max

train losses    158:	0.5527	0.5785	0.3695	0.3647	0.7292	0.7631	0.4909	0.4924	 1.593	 1.613	 1.467	 1.464	
val losses      158:	0.4892	0.6461	0.4397	0.4277	0.5789	0.6371	0.4894	0.4721	  1.33	 1.411	 1.738	 1.741	 | 0.8668 mean
                     	 1.509	   1.9	 1.153	  1.13	  1.74	 1.836	 1.434	 1.402	  3.79	 3.925	 4.945	  4.97	 | 2.986 quantile
                      	  5.67	 7.247	 2.938	 2.911	 3.901	 3.803	 3.472	 3.303	 6.665	 6.922	 7.997	 8.018	 | 8.018 max

train losses    160:	 0.552	0.5783	0.3696	0.3644	0.7294	 0.763	0.4901	0.4927	 1.593	 1.612	 1.467	 1.464	
val losses      160:	0.4891	 0.646	0.4397	0.4277	0.5789	 0.637	0.4894	0.4721	  1.33	 1.411	 1.738	 1.741	 | 0.8667 mean
                     	 1.509	   1.9	 1.153	  1.13	  1.74	 1.836	 1.434	 1.402	  3.79	 3.925	 4.945	  4.97	 | 2.986 quantile
                      	 5.668	 7.246	 2.938	 2.911	 3.901	 3.803	 3.472	 3.303	 6.665	 6.923	 7.997	 8.018	 | 8.018 max

train losses    162:	0.5521	0.5772	0.3692	0.3641	  0.73	0.7638	0.4903	0.4924	 1.593	 1.612	 1.467	 1.464	
val losses      162:	 0.489	0.6459	0.4396	0.4276	0.5788	 0.637	0.4894	 0.472	  1.33	 1.411	 1.738	 1.741	 | 0.8667 mean
                     	 1.508	   1.9	 1.153	  1.13	  1.74	 1.836	 1.434	 1.402	  3.79	 3.925	 4.945	  4.97	 | 2.986 quantile
                      	 5.665	 7.244	 2.939	 2.911	   3.9	 3.802	 3.472	 3.303	 6.665	 6.923	 7.997	 8.018	 | 8.018 max

train losses    164:	 0.552	0.5774	0.3697	0.3643	0.7293	0.7635	0.4903	0.4925	 1.593	 1.612	 1.467	 1.464	
val losses      164:	0.4888	0.6458	0.4396	0.4276	0.5787	0.6369	0.4893	 0.472	  1.33	 1.411	 1.738	 1.741	 | 0.8666 mean
                     	 1.508	   1.9	 1.153	  1.13	  1.74	 1.836	 1.434	 1.402	  3.79	 3.925	 4.945	  4.97	 | 2.986 quantile
                      	 5.663	 7.242	 2.939	 2.911	   3.9	 3.802	 3.471	 3.304	 6.665	 6.923	 7.996	 8.018	 | 8.018 max

train losses    166:	0.5513	0.5777	0.3697	0.3648	0.7297	0.7636	0.4901	0.4924	 1.593	 1.612	 1.467	 1.464	
val losses      166:	0.4887	0.6456	0.4396	0.4276	0.5787	0.6369	0.4893	 0.472	  1.33	 1.411	 1.738	 1.741	 | 0.8666 mean
                     	 1.508	   1.9	 1.153	  1.13	  1.74	 1.836	 1.434	 1.402	  3.79	 3.926	 4.945	  4.97	 | 2.986 quantile
                      	  5.66	 7.241	 2.939	 2.911	   3.9	 3.802	 3.471	 3.304	 6.664	 6.924	 7.996	 8.018	 | 8.018 max

train losses    168:	0.5515	0.5772	0.3694	0.3649	0.7296	0.7639	0.4913	0.4921	 1.593	 1.612	 1.466	 1.464	
val losses      168:	0.4886	0.6455	0.4396	0.4276	0.5786	0.6369	0.4893	 0.472	  1.33	 1.411	 1.738	 1.741	 | 0.8665 mean
                     	 1.507	   1.9	 1.153	  1.13	  1.74	 1.835	 1.434	 1.402	  3.79	 3.926	 4.944	  4.97	 | 2.985 quantile
                      	 5.658	 7.239	 2.939	 2.911	   3.9	 3.802	 3.471	 3.304	 6.664	 6.924	 7.996	 8.017	 | 8.017 max

train losses    170:	0.5519	0.5775	0.3693	0.3645	0.7294	0.7637	0.4903	0.4923	 1.593	 1.612	 1.466	 1.464	
val losses      170:	0.4885	0.6454	0.4396	0.4276	0.5785	0.6368	0.4893	 0.472	  1.33	 1.411	 1.738	 1.741	 | 0.8665 mean
                     	 1.506	 1.899	 1.153	  1.13	 1.739	 1.835	 1.434	 1.403	  3.79	 3.926	 4.944	  4.97	 | 2.985 quantile
                      	 5.655	 7.237	 2.939	 2.911	 3.899	 3.802	  3.47	 3.304	 6.664	 6.924	 7.996	 8.017	 | 8.017 max

train losses    172:	0.5518	0.5776	0.3694	0.3647	0.7295	0.7624	0.4902	0.4924	 1.593	 1.612	 1.466	 1.464	
val losses      172:	0.4883	0.6453	0.4396	0.4276	0.5785	0.6368	0.4893	 0.472	  1.33	 1.411	 1.738	 1.741	 | 0.8664 mean
                     	 1.505	 1.899	 1.153	  1.13	 1.739	 1.835	 1.433	 1.403	  3.79	 3.926	 4.944	  4.97	 | 2.985 quantile
                      	 5.653	 7.236	 2.939	 2.911	 3.899	 3.801	  3.47	 3.304	 6.664	 6.924	 7.996	 8.017	 | 8.017 max

train losses    174:	0.5516	0.5772	0.3696	0.3644	0.7295	 0.763	  0.49	0.4922	 1.593	 1.612	 1.466	 1.464	
val losses      174:	0.4882	0.6452	0.4396	0.4276	0.5784	0.6367	0.4893	 0.472	  1.33	 1.411	 1.738	 1.741	 | 0.8664 mean
                     	 1.505	 1.899	 1.152	  1.13	 1.739	 1.835	 1.433	 1.403	  3.79	 3.926	 4.944	  4.97	 | 2.985 quantile
                      	  5.65	 7.234	  2.94	 2.911	 3.899	 3.801	  3.47	 3.304	 6.663	 6.925	 7.996	 8.017	 | 8.017 max

train losses    176:	0.5511	 0.577	  0.37	0.3644	0.7294	0.7631	0.4902	0.4922	 1.592	 1.611	 1.466	 1.464	
val losses      176:	0.4881	 0.645	0.4396	0.4276	0.5783	0.6367	0.4892	0.4719	  1.33	 1.411	 1.738	 1.741	 | 0.8663 mean
                     	 1.504	 1.898	 1.152	  1.13	 1.739	 1.835	 1.433	 1.403	  3.79	 3.926	 4.944	  4.97	 | 2.985 quantile
                      	 5.648	 7.232	  2.94	 2.911	 3.898	 3.801	 3.469	 3.304	 6.663	 6.925	 7.995	 8.017	 | 8.017 max

train losses    178:	0.5515	0.5774	0.3695	0.3644	 0.729	0.7628	0.4903	0.4919	 1.592	 1.612	 1.466	 1.464	
val losses      178:	 0.488	0.6449	0.4396	0.4275	0.5783	0.6366	0.4892	0.4719	  1.33	 1.411	 1.738	 1.741	 | 0.8663 mean
                     	 1.504	 1.898	 1.152	  1.13	 1.738	 1.835	 1.433	 1.403	  3.79	 3.926	 4.944	  4.97	 | 2.985 quantile
                      	 5.645	 7.231	  2.94	 2.911	 3.898	 3.801	 3.469	 3.304	 6.663	 6.925	 7.995	 8.016	 | 8.016 max

train losses    180:	0.5504	0.5765	0.3696	0.3649	0.7283	0.7625	0.4894	0.4919	 1.593	 1.612	 1.466	 1.464	
val losses      180:	0.4878	0.6448	0.4396	0.4275	0.5782	0.6366	0.4892	0.4719	 1.329	 1.411	 1.738	 1.741	 | 0.8662 mean
                     	 1.503	 1.898	 1.152	  1.13	 1.738	 1.835	 1.433	 1.403	  3.79	 3.927	 4.944	  4.97	 | 2.985 quantile
                      	 5.643	 7.229	  2.94	 2.911	 3.898	 3.801	 3.469	 3.305	 6.663	 6.925	 7.995	 8.016	 | 8.016 max

train losses    182:	0.5513	0.5768	0.3701	0.3643	0.7279	0.7624	0.4903	 0.492	 1.593	 1.612	 1.466	 1.463	
val losses      182:	0.4877	0.6447	0.4396	0.4275	0.5781	0.6365	0.4892	0.4719	 1.329	 1.411	 1.738	 1.741	 | 0.8662 mean
                     	 1.503	 1.898	 1.152	  1.13	 1.738	 1.835	 1.433	 1.403	  3.79	 3.927	 4.943	  4.97	 | 2.985 quantile
                      	  5.64	 7.227	  2.94	 2.911	 3.898	   3.8	 3.468	 3.305	 6.662	 6.926	 7.995	 8.016	 | 8.016 max

train losses    184:	0.5514	0.5767	0.3693	0.3648	 0.728	0.7627	0.4904	0.4926	 1.592	 1.612	 1.465	 1.465	
val losses      184:	0.4876	0.6446	0.4396	0.4275	 0.578	0.6365	0.4892	0.4719	 1.329	 1.411	 1.738	 1.741	 | 0.8661 mean
                     	 1.502	 1.897	 1.151	  1.13	 1.738	 1.835	 1.433	 1.404	  3.79	 3.927	 4.943	  4.97	 | 2.984 quantile
                      	 5.638	 7.226	  2.94	 2.911	 3.897	   3.8	 3.468	 3.305	 6.662	 6.926	 7.995	 8.016	 | 8.016 max

train losses    186:	0.5495	0.5759	0.3698	0.3647	0.7283	0.7632	0.4897	0.4922	 1.592	 1.612	 1.467	 1.463	
val losses      186:	0.4875	0.6444	0.4396	0.4275	 0.578	0.6364	0.4891	0.4719	 1.329	 1.411	 1.738	 1.741	 | 0.8661 mean
                     	 1.502	 1.897	 1.151	  1.13	 1.737	 1.835	 1.433	 1.404	 3.789	 3.927	 4.943	  4.97	 | 2.984 quantile
                      	 5.635	 7.224	 2.941	 2.911	 3.897	   3.8	 3.467	 3.305	 6.662	 6.926	 7.995	 8.016	 | 8.016 max

train losses    188:	0.5504	 0.576	0.3692	0.3644	0.7274	0.7627	0.4895	0.4916	 1.593	 1.612	 1.465	 1.464	
val losses      188:	0.4873	0.6443	0.4396	0.4275	0.5779	0.6364	0.4891	0.4719	 1.329	 1.411	 1.738	 1.741	 | 0.866 mean
                     	 1.502	 1.896	 1.151	  1.13	 1.737	 1.835	 1.432	 1.404	 3.789	 3.927	 4.943	  4.97	 | 2.984 quantile
                      	 5.633	 7.222	 2.941	 2.911	 3.897	   3.8	 3.467	 3.305	 6.661	 6.926	 7.994	 8.015	 | 8.015 max

train losses    190:	0.5501	0.5763	0.3695	0.3644	0.7279	0.7629	0.4895	0.4922	 1.591	 1.612	 1.466	 1.463	
val losses      190:	0.4872	0.6442	0.4395	0.4275	0.5778	0.6363	0.4891	0.4718	 1.329	 1.411	 1.738	 1.741	 | 0.866 mean
                     	 1.501	 1.896	  1.15	  1.13	 1.737	 1.835	 1.432	 1.404	 3.789	 3.927	 4.943	  4.97	 | 2.984 quantile
                      	  5.63	 7.221	 2.941	 2.911	 3.896	   3.8	 3.467	 3.305	 6.661	 6.926	 7.994	 8.015	 | 8.015 max

train losses    192:	0.5502	0.5765	0.3694	0.3646	0.7284	0.7624	0.4901	0.4919	 1.593	 1.611	 1.465	 1.463	
val losses      192:	0.4871	0.6441	0.4395	0.4275	0.5778	0.6363	0.4891	0.4718	 1.329	 1.411	 1.737	 1.741	 | 0.8659 mean
                     	 1.501	 1.896	  1.15	  1.13	 1.736	 1.835	 1.432	 1.404	 3.788	 3.927	 4.942	  4.97	 | 2.984 quantile
                      	 5.628	 7.219	 2.941	 2.911	 3.896	 3.799	 3.466	 3.305	 6.661	 6.927	 7.994	 8.015	 | 8.015 max

train losses    194:	0.5496	0.5764	0.3693	0.3649	0.7278	0.7623	  0.49	0.4923	 1.592	 1.612	 1.466	 1.463	
val losses      194:	 0.487	 0.644	0.4395	0.4274	0.5777	0.6362	0.4891	0.4718	 1.329	 1.411	 1.737	 1.741	 | 0.8659 mean
                     	 1.501	 1.895	  1.15	  1.13	 1.736	 1.835	 1.432	 1.404	 3.788	 3.927	 4.942	  4.97	 | 2.983 quantile
                      	 5.626	 7.217	 2.941	 2.911	 3.896	 3.799	 3.466	 3.305	 6.661	 6.927	 7.994	 8.015	 | 8.015 max

train losses    196:	0.5494	0.5754	0.3692	0.3636	 0.728	0.7624	  0.49	0.4917	 1.592	 1.611	 1.465	 1.464	
val losses      196:	0.4869	0.6439	0.4395	0.4274	0.5776	0.6362	0.4891	0.4718	 1.329	 1.411	 1.737	 1.741	 | 0.8659 mean
                     	 1.501	 1.895	 1.151	  1.13	 1.736	 1.835	 1.431	 1.405	 3.788	 3.927	 4.942	  4.97	 | 2.983 quantile
                      	 5.623	 7.216	 2.941	 2.911	 3.896	 3.799	 3.466	 3.306	  6.66	 6.927	 7.994	 8.015	 | 8.015 max

train losses    198:	0.5488	0.5762	0.3692	 0.364	0.7285	0.7626	0.4889	0.4922	 1.592	 1.611	 1.465	 1.464	
val losses      198:	0.4867	0.6437	0.4395	0.4274	0.5776	0.6362	 0.489	0.4718	 1.329	 1.411	 1.737	 1.741	 | 0.8658 mean
                     	 1.501	 1.894	 1.151	  1.13	 1.736	 1.835	 1.431	 1.405	 3.788	 3.927	 4.942	  4.97	 | 2.983 quantile
                      	 5.621	 7.214	 2.942	 2.911	 3.895	 3.799	 3.465	 3.306	  6.66	 6.927	 7.994	 8.014	 | 8.014 max

train losses    200:	0.5492	0.5762	0.3692	0.3645	0.7282	 0.762	0.4907	0.4916	 1.592	 1.612	 1.465	 1.464	
val losses      200:	0.4866	0.6436	0.4395	0.4274	0.5775	0.6361	 0.489	0.4718	 1.329	 1.411	 1.737	  1.74	 | 0.8658 mean
                     	   1.5	 1.894	 1.151	  1.13	 1.735	 1.834	 1.431	 1.405	 3.787	 3.927	 4.942	  4.97	 | 2.983 quantile
                      	 5.618	 7.212	 2.942	 2.911	 3.895	 3.799	 3.465	 3.306	  6.66	 6.927	 7.993	 8.014	 | 8.014 max

train losses    202:	0.5492	0.5761	0.3696	0.3644	 0.728	0.7624	0.4891	0.4917	 1.592	 1.612	 1.466	 1.463	
val losses      202:	0.4865	0.6435	0.4395	0.4274	0.5774	0.6361	 0.489	0.4718	 1.329	 1.411	 1.737	  1.74	 | 0.8657 mean
                     	   1.5	 1.894	 1.151	 1.129	 1.735	 1.834	 1.431	 1.405	 3.787	 3.927	 4.941	 4.969	 | 2.983 quantile
                      	 5.616	 7.211	 2.942	 2.911	 3.895	 3.798	 3.465	 3.306	  6.66	 6.928	 7.993	 8.014	 | 8.014 max

train losses    204:	0.5491	0.5756	0.3693	0.3646	0.7274	0.7623	0.4896	0.4909	 1.592	 1.611	 1.466	 1.464	
val losses      204:	0.4864	0.6434	0.4395	0.4274	0.5774	 0.636	 0.489	0.4718	 1.329	 1.411	 1.737	  1.74	 | 0.8657 mean
                     	   1.5	 1.893	 1.151	 1.129	 1.735	 1.834	 1.431	 1.405	 3.787	 3.927	 4.941	 4.969	 | 2.983 quantile
                      	 5.614	 7.209	 2.942	 2.911	 3.894	 3.798	 3.464	 3.306	 6.659	 6.928	 7.993	 8.014	 | 8.014 max

train losses    206:	 0.549	0.5759	 0.369	0.3643	0.7278	0.7619	0.4896	0.4923	 1.591	 1.612	 1.466	 1.464	
val losses      206:	0.4863	0.6433	0.4395	0.4274	0.5773	 0.636	 0.489	0.4717	 1.329	 1.411	 1.737	  1.74	 | 0.8656 mean
                     	   1.5	 1.893	 1.151	 1.129	 1.735	 1.834	  1.43	 1.405	 3.787	 3.927	 4.941	 4.969	 | 2.982 quantile
                      	 5.611	 7.208	 2.942	 2.911	 3.894	 3.798	 3.464	 3.306	 6.659	 6.928	 7.993	 8.014	 | 8.014 max

train losses    208:	0.5499	0.5754	0.3695	0.3637	0.7279	0.7619	0.4893	 0.492	 1.591	 1.611	 1.466	 1.463	
val losses      208:	0.4861	0.6432	0.4395	0.4274	0.5772	0.6359	 0.489	0.4717	 1.329	 1.411	 1.737	  1.74	 | 0.8656 mean
                     	 1.499	 1.893	 1.151	 1.129	 1.735	 1.834	  1.43	 1.405	 3.787	 3.927	 4.941	 4.969	 | 2.982 quantile
                      	 5.609	 7.206	 2.942	 2.911	 3.894	 3.798	 3.464	 3.306	 6.659	 6.928	 7.993	 8.013	 | 8.013 max

train losses    210:	0.5486	0.5756	0.3693	0.3644	0.7267	0.7621	0.4901	0.4918	 1.591	 1.612	 1.467	 1.463	
val losses      210:	 0.486	 0.643	0.4395	0.4273	0.5772	0.6359	0.4889	0.4717	 1.329	 1.411	 1.737	  1.74	 | 0.8655 mean
                     	 1.498	 1.893	 1.151	 1.129	 1.735	 1.833	  1.43	 1.406	 3.787	 3.927	 4.941	 4.969	 | 2.982 quantile
                      	 5.606	 7.205	 2.943	 2.911	 3.893	 3.797	 3.463	 3.306	 6.658	 6.929	 7.993	 8.013	 | 8.013 max

train losses    212:	0.5484	0.5754	0.3688	0.3641	 0.727	0.7617	0.4896	0.4918	 1.591	 1.612	 1.464	 1.463	
val losses      212:	0.4859	0.6429	0.4395	0.4273	0.5771	0.6358	0.4889	0.4717	 1.329	 1.411	 1.737	  1.74	 | 0.8655 mean
                     	 1.497	 1.893	 1.151	 1.129	 1.735	 1.833	  1.43	 1.406	 3.787	 3.927	  4.94	 4.969	 | 2.982 quantile
                      	 5.604	 7.203	 2.943	 2.911	 3.893	 3.797	 3.463	 3.306	 6.658	 6.929	 7.992	 8.013	 | 8.013 max

train losses    214:	0.5478	0.5755	0.3696	 0.364	0.7273	0.7615	0.4903	0.4915	 1.592	 1.611	 1.465	 1.463	
val losses      214:	0.4858	0.6428	0.4395	0.4273	 0.577	0.6358	0.4889	0.4717	 1.328	 1.411	 1.737	  1.74	 | 0.8654 mean
                     	 1.496	 1.892	 1.151	 1.129	 1.735	 1.833	  1.43	 1.406	 3.787	 3.927	  4.94	 4.969	 | 2.982 quantile
                      	 5.602	 7.201	 2.943	 2.911	 3.893	 3.797	 3.462	 3.307	 6.658	 6.929	 7.992	 8.013	 | 8.013 max

train losses    216:	0.5485	0.5757	0.3692	0.3642	0.7273	0.7618	0.4891	0.4919	  1.59	 1.612	 1.465	 1.463	
val losses      216:	0.4857	0.6427	0.4395	0.4273	 0.577	0.6357	0.4889	0.4717	 1.328	 1.411	 1.737	  1.74	 | 0.8654 mean
                     	 1.494	 1.892	  1.15	 1.129	 1.735	 1.833	 1.429	 1.406	 3.787	 3.927	  4.94	 4.968	 | 2.982 quantile
                      	 5.599	   7.2	 2.943	 2.911	 3.892	 3.797	 3.462	 3.307	 6.658	 6.929	 7.992	 8.013	 | 8.013 max

train losses    218:	0.5478	0.5743	0.3691	0.3643	0.7271	 0.762	0.4895	0.4909	 1.591	 1.611	 1.465	 1.463	
val losses      218:	0.4856	0.6426	0.4395	0.4273	0.5769	0.6357	0.4889	0.4717	 1.328	 1.411	 1.737	  1.74	 | 0.8653 mean
                     	 1.493	 1.892	  1.15	 1.129	 1.735	 1.833	 1.429	 1.406	 3.786	 3.926	  4.94	 4.968	 | 2.982 quantile
                      	 5.597	 7.198	 2.943	 2.911	 3.892	 3.796	 3.462	 3.307	 6.658	 6.929	 7.992	 8.013	 | 8.013 max

train losses    220:	0.5482	0.5744	0.3694	0.3643	0.7269	0.7618	 0.489	0.4913	 1.591	 1.611	 1.465	 1.464	
val losses      220:	0.4854	0.6425	0.4395	0.4273	0.5768	0.6356	0.4889	0.4716	 1.328	 1.411	 1.737	  1.74	 | 0.8653 mean
                     	 1.493	 1.892	  1.15	 1.129	 1.735	 1.833	 1.429	 1.406	 3.786	 3.926	  4.94	 4.968	 | 2.982 quantile
                      	 5.595	 7.197	 2.943	 2.911	 3.892	 3.796	 3.461	 3.307	 6.657	  6.93	 7.992	 8.012	 | 8.012 max

train losses    222:	0.5473	0.5754	0.3689	0.3638	0.7276	0.7613	0.4893	 0.492	 1.591	 1.611	 1.465	 1.464	
val losses      222:	0.4853	0.6423	0.4395	0.4273	0.5768	0.6356	0.4888	0.4716	 1.328	 1.411	 1.737	  1.74	 | 0.8652 mean
                     	 1.492	 1.892	  1.15	 1.129	 1.735	 1.833	 1.429	 1.406	 3.786	 3.926	 4.939	 4.968	 | 2.982 quantile
                      	 5.592	 7.195	 2.944	 2.911	 3.891	 3.796	 3.461	 3.307	 6.657	  6.93	 7.991	 8.012	 | 8.012 max

train losses    224:	0.5478	0.5746	0.3697	0.3641	0.7272	0.7613	0.4899	0.4918	 1.591	 1.611	 1.465	 1.463	
val losses      224:	0.4852	0.6422	0.4394	0.4273	0.5767	0.6355	0.4888	0.4716	 1.328	 1.411	 1.737	  1.74	 | 0.8652 mean
                     	 1.491	 1.892	  1.15	 1.129	 1.735	 1.832	 1.428	 1.406	 3.787	 3.926	 4.939	 4.967	 | 2.982 quantile
                      	  5.59	 7.193	 2.944	 2.911	 3.891	 3.796	 3.461	 3.307	 6.657	  6.93	 7.991	 8.012	 | 8.012 max

train losses    226:	0.5474	0.5757	0.3692	 0.364	 0.727	0.7613	0.4894	0.4921	 1.591	 1.611	 1.464	 1.463	
val losses      226:	0.4851	0.6421	0.4394	0.4273	0.5766	0.6355	0.4888	0.4716	 1.328	 1.411	 1.737	  1.74	 | 0.8652 mean
                     	 1.491	 1.891	  1.15	 1.129	 1.735	 1.832	 1.428	 1.406	 3.787	 3.926	 4.939	 4.967	 | 2.982 quantile
                      	 5.588	 7.192	 2.944	 2.911	 3.891	 3.795	  3.46	 3.307	 6.656	  6.93	 7.991	 8.012	 | 8.012 max

train losses    228:	 0.547	0.5747	 0.369	0.3636	0.7262	0.7612	0.4889	0.4918	 1.591	 1.611	 1.465	 1.463	
val losses      228:	 0.485	 0.642	0.4394	0.4272	0.5766	0.6355	0.4888	0.4716	 1.328	 1.411	 1.737	  1.74	 | 0.8651 mean
                     	  1.49	 1.891	 1.151	 1.129	 1.735	 1.832	 1.428	 1.406	 3.787	 3.926	 4.939	 4.967	 | 2.981 quantile
                      	 5.585	  7.19	 2.944	 2.911	  3.89	 3.795	  3.46	 3.307	 6.656	  6.93	 7.991	 8.012	 | 8.012 max

train losses    230:	0.5472	0.5744	0.3692	0.3638	0.7262	0.7617	0.4892	0.4914	  1.59	 1.612	 1.465	 1.463	
val losses      230:	0.4849	0.6419	0.4394	0.4272	0.5765	0.6354	0.4888	0.4716	 1.328	 1.411	 1.736	  1.74	 | 0.8651 mean
                     	  1.49	  1.89	  1.15	 1.129	 1.735	 1.832	 1.428	 1.406	 3.787	 3.926	 4.939	 4.967	 | 2.981 quantile
                      	 5.583	 7.189	 2.944	 2.911	  3.89	 3.795	  3.46	 3.307	 6.656	 6.931	 7.991	 8.011	 | 8.011 max

train losses    232:	 0.547	0.5742	0.3696	0.3644	0.7262	0.7615	0.4896	0.4918	 1.591	 1.611	 1.465	 1.464	
val losses      232:	0.4847	0.6418	0.4394	0.4272	0.5764	0.6354	0.4888	0.4716	 1.328	 1.411	 1.736	  1.74	 | 0.865 mean
                     	 1.489	  1.89	  1.15	 1.129	 1.735	 1.831	 1.428	 1.406	 3.787	 3.926	 4.939	 4.967	 | 2.981 quantile
                      	 5.581	 7.187	 2.944	 2.911	  3.89	 3.795	 3.459	 3.307	 6.656	 6.931	  7.99	 8.011	 | 8.011 max

train losses    234:	0.5473	 0.574	0.3693	0.3641	 0.726	0.7607	0.4893	0.4921	  1.59	 1.611	 1.465	 1.464	
val losses      234:	0.4846	0.6417	0.4394	0.4272	0.5764	0.6353	0.4887	0.4716	 1.328	  1.41	 1.736	  1.74	 | 0.865 mean
                     	 1.488	  1.89	  1.15	 1.129	 1.735	 1.831	 1.428	 1.406	 3.787	 3.926	 4.938	 4.966	 | 2.981 quantile
                      	 5.579	 7.186	 2.945	 2.911	 3.889	 3.794	 3.459	 3.308	 6.655	 6.931	  7.99	 8.011	 | 8.011 max

train losses    236:	0.5472	0.5738	0.3686	0.3644	0.7262	0.7612	0.4893	0.4917	 1.591	 1.611	 1.465	 1.463	
val losses      236:	0.4845	0.6415	0.4394	0.4272	0.5763	0.6353	0.4887	0.4715	 1.328	  1.41	 1.736	  1.74	 | 0.8649 mean
                     	 1.487	  1.89	  1.15	 1.129	 1.735	 1.831	 1.428	 1.406	 3.787	 3.926	 4.938	 4.966	 | 2.98 quantile
                      	 5.576	 7.184	 2.945	 2.911	 3.889	 3.794	 3.459	 3.308	 6.655	 6.931	  7.99	 8.011	 | 8.011 max

train losses    238:	0.5471	0.5746	0.3689	0.3634	0.7263	0.7607	0.4887	0.4907	 1.591	 1.611	 1.464	 1.463	
val losses      238:	0.4844	0.6414	0.4394	0.4272	0.5762	0.6352	0.4887	0.4715	 1.328	  1.41	 1.736	  1.74	 | 0.8649 mean
                     	 1.487	  1.89	  1.15	 1.129	 1.735	  1.83	 1.428	 1.406	 3.787	 3.926	 4.938	 4.966	 | 2.98 quantile
                      	 5.574	 7.182	 2.945	 2.911	 3.889	 3.794	 3.458	 3.308	 6.655	 6.932	  7.99	 8.011	 | 8.011 max

train losses    240:	0.5466	0.5737	0.3691	0.3644	 0.726	0.7614	0.4886	0.4919	 1.591	 1.611	 1.465	 1.463	
val losses      240:	0.4843	0.6413	0.4394	0.4272	0.5762	0.6352	0.4887	0.4715	 1.328	  1.41	 1.736	  1.74	 | 0.8648 mean
                     	 1.486	  1.89	  1.15	 1.129	 1.735	  1.83	 1.428	 1.406	 3.787	 3.926	 4.938	 4.966	 | 2.98 quantile
                      	 5.572	 7.181	 2.945	 2.911	 3.889	 3.794	 3.458	 3.308	 6.655	 6.932	  7.99	  8.01	 | 8.01 max

train losses    242:	 0.546	0.5736	0.3693	0.3642	0.7263	0.7611	0.4892	0.4907	  1.59	 1.611	 1.465	 1.463	
val losses      242:	0.4842	0.6412	0.4394	0.4272	0.5761	0.6351	0.4887	0.4715	 1.328	  1.41	 1.736	  1.74	 | 0.8648 mean
                     	 1.485	 1.889	  1.15	  1.13	 1.735	  1.83	 1.429	 1.406	 3.787	 3.926	 4.938	 4.966	 | 2.98 quantile
                      	 5.569	 7.179	 2.945	 2.911	 3.888	 3.793	 3.458	 3.308	 6.654	 6.932	  7.99	  8.01	 | 8.01 max

train losses    244:	0.5472	0.5739	0.3692	0.3639	0.7259	0.7611	0.4888	0.4912	 1.591	 1.611	 1.465	 1.463	
val losses      244:	0.4841	0.6411	0.4394	0.4272	 0.576	0.6351	0.4887	0.4715	 1.328	  1.41	 1.736	  1.74	 | 0.8647 mean
                     	 1.484	 1.889	  1.15	  1.13	 1.735	 1.829	 1.429	 1.406	 3.787	 3.926	 4.937	 4.966	 | 2.98 quantile
                      	 5.567	 7.178	 2.945	 2.911	 3.888	 3.793	 3.457	 3.308	 6.654	 6.932	 7.989	  8.01	 | 8.01 max

train losses    246:	0.5462	0.5737	0.3692	0.3639	 0.726	0.7609	0.4886	0.4912	  1.59	 1.611	 1.465	 1.463	
val losses      246:	0.4839	 0.641	0.4394	0.4272	 0.576	 0.635	0.4886	0.4715	 1.328	  1.41	 1.736	  1.74	 | 0.8647 mean
                     	 1.484	 1.888	  1.15	  1.13	 1.735	 1.829	 1.429	 1.406	 3.787	 3.926	 4.937	 4.966	 | 2.98 quantile
                      	 5.565	 7.176	 2.945	 2.911	 3.888	 3.793	 3.457	 3.308	 6.654	 6.932	 7.989	  8.01	 | 8.01 max

train losses    248:	0.5465	0.5738	0.3692	0.3638	0.7256	0.7604	0.4883	 0.492	  1.59	  1.61	 1.464	 1.463	
val losses      248:	0.4838	0.6409	0.4394	0.4271	0.5759	 0.635	0.4886	0.4715	 1.327	  1.41	 1.736	  1.74	 | 0.8647 mean
                     	 1.483	 1.888	  1.15	  1.13	 1.735	 1.829	 1.429	 1.406	 3.787	 3.926	 4.937	 4.966	 | 2.98 quantile
                      	 5.563	 7.175	 2.946	 2.911	 3.887	 3.793	 3.457	 3.308	 6.654	 6.932	 7.989	  8.01	 | 8.01 max

train losses    250:	0.5458	0.5738	0.3695	0.3638	0.7258	0.7613	0.4894	0.4916	  1.59	  1.61	 1.464	 1.464	
val losses      250:	0.4837	0.6408	0.4394	0.4271	0.5758	 0.635	0.4886	0.4714	 1.327	  1.41	 1.736	  1.74	 | 0.8646 mean
                     	 1.483	 1.888	  1.15	  1.13	 1.735	 1.829	 1.429	 1.406	 3.787	 3.926	 4.937	 4.966	 | 2.98 quantile
                      	 5.561	 7.173	 2.946	 2.911	 3.887	 3.792	 3.456	 3.308	 6.653	 6.933	 7.989	  8.01	 | 8.01 max

train losses    252:	 0.547	0.5733	0.3697	 0.364	0.7262	0.7608	0.4886	0.4916	  1.59	 1.611	 1.465	 1.463	
val losses      252:	0.4837	0.6407	0.4394	0.4271	0.5758	0.6349	0.4886	0.4714	 1.327	  1.41	 1.736	  1.74	 | 0.8646 mean
                     	 1.482	 1.887	  1.15	  1.13	 1.735	 1.828	 1.429	 1.406	 3.787	 3.926	 4.937	 4.966	 | 2.98 quantile
                      	  5.56	 7.173	 2.946	 2.911	 3.887	 3.792	 3.456	 3.308	 6.653	 6.933	 7.989	 8.009	 | 8.009 max

train losses    254:	0.5459	0.5733	0.3695	0.3638	 0.726	0.7612	0.4895	0.4913	  1.59	 1.611	 1.464	 1.463	
val losses      254:	0.4836	0.6407	0.4394	0.4271	0.5758	0.6349	0.4886	0.4714	 1.327	  1.41	 1.736	  1.74	 | 0.8646 mean
                     	 1.482	 1.887	  1.15	  1.13	 1.735	 1.828	 1.428	 1.406	 3.787	 3.926	 4.937	 4.966	 | 2.98 quantile
                      	 5.559	 7.172	 2.946	 2.911	 3.887	 3.792	 3.456	 3.308	 6.653	 6.933	 7.989	 8.009	 | 8.009 max

train losses    256:	0.5465	0.5734	0.3696	0.3639	0.7258	0.7608	0.4891	0.4915	  1.59	  1.61	 1.465	 1.463	
val losses      256:	0.4836	0.6406	0.4394	0.4271	0.5758	0.6349	0.4886	0.4714	 1.327	  1.41	 1.736	  1.74	 | 0.8646 mean
                     	 1.481	 1.887	  1.15	  1.13	 1.735	 1.828	 1.429	 1.406	 3.788	 3.926	 4.937	 4.966	 | 2.979 quantile
                      	 5.558	 7.172	 2.946	 2.911	 3.887	 3.792	 3.456	 3.308	 6.653	 6.933	 7.988	 8.009	 | 8.009 max

train losses    258:	0.5456	0.5729	 0.369	0.3643	0.7255	0.7607	 0.489	0.4918	  1.59	 1.611	 1.465	 1.463	
val losses      258:	0.4836	0.6406	0.4394	0.4271	0.5757	0.6349	0.4886	0.4714	 1.327	  1.41	 1.736	  1.74	 | 0.8645 mean
                     	 1.481	 1.887	  1.15	  1.13	 1.735	 1.828	 1.429	 1.406	 3.787	 3.926	 4.937	 4.966	 | 2.979 quantile
                      	 5.557	 7.171	 2.946	 2.911	 3.887	 3.792	 3.456	 3.308	 6.653	 6.933	 7.988	 8.009	 | 8.009 max

train losses    260:	0.5452	0.5734	0.3693	0.3642	0.7257	0.7612	0.4889	0.4912	  1.59	 1.611	 1.465	 1.463	
val losses      260:	0.4835	0.6405	0.4394	0.4271	0.5757	0.6349	0.4886	0.4714	 1.327	  1.41	 1.736	  1.74	 | 0.8645 mean
                     	  1.48	 1.887	  1.15	  1.13	 1.735	 1.828	 1.429	 1.406	 3.787	 3.926	 4.937	 4.966	 | 2.979 quantile
                      	 5.556	  7.17	 2.946	 2.911	 3.887	 3.792	 3.456	 3.308	 6.653	 6.933	 7.988	 8.009	 | 8.009 max

train losses    262:	0.5457	0.5741	 0.369	0.3638	0.7252	0.7605	0.4879	0.4916	  1.59	 1.611	 1.464	 1.463	
val losses      262:	0.4835	0.6405	0.4394	0.4271	0.5757	0.6349	0.4886	0.4714	 1.327	  1.41	 1.736	  1.74	 | 0.8645 mean
                     	  1.48	 1.886	 1.151	  1.13	 1.735	 1.828	 1.429	 1.406	 3.787	 3.926	 4.937	 4.966	 | 2.979 quantile
                      	 5.556	  7.17	 2.946	 2.911	 3.886	 3.792	 3.455	 3.308	 6.653	 6.933	 7.988	 8.009	 | 8.009 max

train losses    264:	0.5467	0.5734	 0.369	0.3638	0.7256	0.7605	0.4891	0.4911	  1.59	 1.611	 1.465	 1.463	
val losses      264:	0.4834	0.6405	0.4394	0.4271	0.5757	0.6348	0.4886	0.4714	 1.327	  1.41	 1.736	  1.74	 | 0.8645 mean
                     	 1.479	 1.886	 1.151	  1.13	 1.735	 1.828	 1.429	 1.406	 3.787	 3.926	 4.937	 4.966	 | 2.979 quantile
                      	 5.555	 7.169	 2.946	 2.911	 3.886	 3.792	 3.455	 3.309	 6.653	 6.933	 7.988	 8.009	 | 8.009 max

train losses    266:	 0.545	0.5737	0.3687	0.3641	0.7255	0.7607	0.4884	0.4906	  1.59	  1.61	 1.464	 1.464	
val losses      266:	0.4834	0.6404	0.4394	0.4271	0.5756	0.6348	0.4886	0.4714	 1.327	  1.41	 1.736	  1.74	 | 0.8645 mean
                     	 1.479	 1.886	 1.151	  1.13	 1.734	 1.828	 1.429	 1.406	 3.787	 3.926	 4.937	 4.966	 | 2.979 quantile
                      	 5.554	 7.169	 2.946	 2.911	 3.886	 3.791	 3.455	 3.309	 6.652	 6.933	 7.988	 8.009	 | 8.009 max

train losses    268:	0.5453	0.5727	 0.369	0.3644	0.7262	0.7608	0.4894	0.4909	  1.59	 1.611	 1.464	 1.463	
val losses      268:	0.4833	0.6404	0.4394	0.4271	0.5756	0.6348	0.4886	0.4714	 1.327	  1.41	 1.736	  1.74	 | 0.8645 mean
                     	 1.479	 1.886	 1.151	  1.13	 1.734	 1.828	 1.429	 1.406	 3.787	 3.926	 4.937	 4.966	 | 2.979 quantile
                      	 5.553	 7.168	 2.946	 2.911	 3.886	 3.791	 3.455	 3.309	 6.652	 6.933	 7.988	 8.009	 | 8.009 max

train losses    270:	0.5456	0.5729	0.3686	0.3643	0.7259	0.7608	0.4891	0.4911	  1.59	  1.61	 1.464	 1.463	
val losses      270:	0.4833	0.6403	0.4394	0.4271	0.5756	0.6348	0.4885	0.4714	 1.327	  1.41	 1.736	  1.74	 | 0.8644 mean
                     	 1.478	 1.886	 1.151	  1.13	 1.734	 1.828	 1.429	 1.406	 3.787	 3.926	 4.937	 4.966	 | 2.979 quantile
                      	 5.552	 7.167	 2.946	 2.911	 3.886	 3.791	 3.455	 3.309	 6.652	 6.933	 7.988	 8.009	 | 8.009 max

train losses    272:	0.5452	0.5734	0.3692	0.3637	0.7252	0.7608	0.4883	0.4912	  1.59	 1.611	 1.464	 1.463	
val losses      272:	0.4832	0.6403	0.4394	0.4271	0.5755	0.6348	0.4885	0.4714	 1.327	  1.41	 1.736	  1.74	 | 0.8644 mean
                     	 1.478	 1.886	 1.151	  1.13	 1.734	 1.828	 1.429	 1.406	 3.787	 3.926	 4.937	 4.966	 | 2.979 quantile
                      	 5.551	 7.167	 2.946	 2.911	 3.886	 3.791	 3.455	 3.309	 6.652	 6.933	 7.988	 8.009	 | 8.009 max

train losses    274:	0.5456	0.5732	0.3688	0.3637	0.7249	0.7602	0.4889	0.4915	  1.59	  1.61	 1.464	 1.463	
val losses      274:	0.4832	0.6402	0.4394	0.4271	0.5755	0.6347	0.4885	0.4714	 1.327	  1.41	 1.736	  1.74	 | 0.8644 mean
                     	 1.477	 1.885	 1.151	  1.13	 1.734	 1.828	 1.429	 1.405	 3.787	 3.926	 4.937	 4.966	 | 2.979 quantile
                      	  5.55	 7.166	 2.946	 2.911	 3.886	 3.791	 3.455	 3.309	 6.652	 6.934	 7.988	 8.009	 | 8.009 max

train losses    276:	0.5466	 0.573	0.3688	0.3638	0.7258	0.7607	 0.489	0.4914	  1.59	 1.611	 1.464	 1.463	
val losses      276:	0.4832	0.6402	0.4393	0.4271	0.5755	0.6347	0.4885	0.4714	 1.327	  1.41	 1.736	  1.74	 | 0.8644 mean
                     	 1.477	 1.885	 1.151	  1.13	 1.734	 1.828	 1.428	 1.405	 3.787	 3.926	 4.937	 4.966	 | 2.978 quantile
                      	 5.549	 7.165	 2.947	 2.911	 3.886	 3.791	 3.455	 3.309	 6.652	 6.934	 7.988	 8.009	 | 8.009 max

train losses    278:	0.5453	0.5728	0.3699	0.3641	0.7245	0.7611	0.4894	0.4911	 1.589	 1.611	 1.464	 1.463	
val losses      278:	0.4831	0.6401	0.4393	0.4271	0.5755	0.6347	0.4885	0.4714	 1.327	  1.41	 1.736	  1.74	 | 0.8644 mean
                     	 1.477	 1.885	 1.151	  1.13	 1.734	 1.828	 1.428	 1.405	 3.787	 3.926	 4.937	 4.966	 | 2.978 quantile
                      	 5.548	 7.165	 2.947	 2.911	 3.885	 3.791	 3.454	 3.309	 6.652	 6.934	 7.988	 8.008	 | 8.008 max

train losses    280:	0.5457	0.5731	 0.369	0.3638	0.7248	0.7603	0.4884	0.4916	  1.59	 1.611	 1.464	 1.463	
val losses      280:	0.4831	0.6401	0.4393	0.4271	0.5754	0.6347	0.4885	0.4714	 1.327	  1.41	 1.736	  1.74	 | 0.8643 mean
                     	 1.476	 1.885	 1.151	  1.13	 1.734	 1.828	 1.428	 1.405	 3.787	 3.926	 4.937	 4.966	 | 2.978 quantile
                      	 5.548	 7.164	 2.947	 2.911	 3.885	 3.791	 3.454	 3.309	 6.652	 6.934	 7.988	 8.008	 | 8.008 max

train losses    282:	0.5451	0.5728	0.3687	0.3639	0.7258	0.7609	0.4884	0.4913	  1.59	 1.611	 1.463	 1.463	
val losses      282:	 0.483	  0.64	0.4393	0.4271	0.5754	0.6347	0.4885	0.4714	 1.327	  1.41	 1.736	  1.74	 | 0.8643 mean
                     	 1.476	 1.885	  1.15	  1.13	 1.734	 1.828	 1.428	 1.405	 3.787	 3.926	 4.937	 4.966	 | 2.978 quantile
                      	 5.547	 7.164	 2.947	 2.911	 3.885	 3.791	 3.454	 3.309	 6.652	 6.934	 7.987	 8.008	 | 8.008 max

train losses    284:	0.5452	0.5728	0.3692	0.3638	0.7255	0.7601	0.4881	0.4914	  1.59	  1.61	 1.464	 1.464	
val losses      284:	 0.483	  0.64	0.4393	0.4271	0.5754	0.6346	0.4885	0.4714	 1.327	  1.41	 1.736	  1.74	 | 0.8643 mean
                     	 1.475	 1.885	  1.15	  1.13	 1.734	 1.828	 1.428	 1.405	 3.787	 3.926	 4.937	 4.966	 | 2.978 quantile
                      	 5.546	 7.163	 2.947	 2.911	 3.885	 3.791	 3.454	 3.309	 6.651	 6.934	 7.987	 8.008	 | 8.008 max

train losses    286:	0.5453	 0.573	0.3689	0.3632	0.7252	0.7607	0.4887	0.4912	 1.589	  1.61	 1.464	 1.463	
val losses      286:	0.4829	  0.64	0.4393	0.4271	0.5754	0.6346	0.4885	0.4714	 1.327	  1.41	 1.736	  1.74	 | 0.8643 mean
                     	 1.475	 1.885	  1.15	  1.13	 1.734	 1.828	 1.428	 1.405	 3.787	 3.926	 4.937	 4.966	 | 2.978 quantile
                      	 5.545	 7.162	 2.947	 2.911	 3.885	  3.79	 3.454	 3.309	 6.651	 6.934	 7.987	 8.008	 | 8.008 max

train losses    288:	0.5451	0.5723	0.3688	0.3639	0.7247	  0.76	0.4894	0.4908	  1.59	 1.611	 1.465	 1.463	
val losses      288:	0.4829	0.6399	0.4393	0.4271	0.5753	0.6346	0.4885	0.4713	 1.327	  1.41	 1.736	  1.74	 | 0.8643 mean
                     	 1.475	 1.885	  1.15	  1.13	 1.734	 1.828	 1.428	 1.405	 3.787	 3.926	 4.937	 4.966	 | 2.978 quantile
                      	 5.544	 7.162	 2.947	 2.911	 3.885	  3.79	 3.454	 3.309	 6.651	 6.934	 7.987	 8.008	 | 8.008 max

train losses    290:	0.5456	0.5731	0.3697	0.3638	0.7256	0.7602	0.4882	0.4916	 1.591	 1.611	 1.464	 1.464	
val losses      290:	0.4828	0.6399	0.4393	0.4271	0.5753	0.6346	0.4885	0.4713	 1.327	  1.41	 1.736	  1.74	 | 0.8643 mean
                     	 1.475	 1.885	  1.15	  1.13	 1.734	 1.828	 1.428	 1.405	 3.787	 3.926	 4.937	 4.966	 | 2.978 quantile
                      	 5.543	 7.161	 2.947	 2.911	 3.885	  3.79	 3.454	 3.309	 6.651	 6.934	 7.987	 8.008	 | 8.008 max

train losses    292:	0.5448	 0.572	0.3693	0.3634	0.7249	0.7603	0.4887	 0.491	 1.589	  1.61	 1.464	 1.463	
val losses      292:	0.4828	0.6398	0.4393	 0.427	0.5753	0.6346	0.4885	0.4713	 1.327	  1.41	 1.736	  1.74	 | 0.8642 mean
                     	 1.474	 1.885	  1.15	  1.13	 1.734	 1.827	 1.428	 1.405	 3.787	 3.926	 4.938	 4.966	 | 2.978 quantile
                      	 5.542	 7.161	 2.947	 2.911	 3.885	  3.79	 3.453	 3.309	 6.651	 6.934	 7.987	 8.008	 | 8.008 max

train losses    294:	0.5445	0.5727	0.3693	0.3639	0.7249	0.7602	0.4886	0.4916	 1.589	 1.611	 1.464	 1.463	
val losses      294:	0.4828	0.6398	0.4393	 0.427	0.5753	0.6346	0.4885	0.4713	 1.327	  1.41	 1.736	  1.74	 | 0.8642 mean
                     	 1.473	 1.885	  1.15	  1.13	 1.734	 1.827	 1.428	 1.405	 3.787	 3.926	 4.938	 4.966	 | 2.978 quantile
                      	 5.542	  7.16	 2.947	 2.911	 3.884	  3.79	 3.453	 3.309	 6.651	 6.934	 7.987	 8.008	 | 8.008 max

train losses    296:	0.5448	0.5728	0.3691	 0.364	0.7255	0.7606	 0.489	0.4905	  1.59	 1.611	 1.463	 1.463	
val losses      296:	0.4827	0.6397	0.4393	 0.427	0.5752	0.6345	0.4885	0.4713	 1.327	  1.41	 1.735	  1.74	 | 0.8642 mean
                     	 1.473	 1.885	  1.15	  1.13	 1.734	 1.827	 1.428	 1.405	 3.787	 3.926	 4.938	 4.966	 | 2.977 quantile
                      	 5.541	 7.159	 2.947	 2.911	 3.884	  3.79	 3.453	 3.309	 6.651	 6.934	 7.987	 8.008	 | 8.008 max

train losses    298:	0.5447	0.5723	0.3693	0.3635	0.7242	0.7599	 0.489	0.4915	  1.59	  1.61	 1.464	 1.463	
val losses      298:	0.4827	0.6397	0.4393	 0.427	0.5752	0.6345	0.4885	0.4713	 1.327	  1.41	 1.735	  1.74	 | 0.8642 mean
                     	 1.472	 1.885	  1.15	  1.13	 1.733	 1.827	 1.428	 1.405	 3.787	 3.926	 4.938	 4.966	 | 2.977 quantile
                      	  5.54	 7.159	 2.947	 2.911	 3.884	  3.79	 3.453	 3.309	 6.651	 6.934	 7.987	 8.008	 | 8.008 max

