train losses      0:	0.5712	0.5941	 0.384	0.3692	0.7281	0.7544	0.4861	0.4864	 1.554	 1.573	 1.457	 1.445	
val losses        0:	 1.009	 1.131	0.4452	 0.544	0.8612	0.8677	0.5414	 0.982	 2.278	 2.285	 2.195	 2.237	 | 1.281 mean
                     	 2.026	 2.233	 1.068	 1.174	 2.486	 2.504	 1.368	 1.934	 7.042	 6.683	 5.566	 5.845	 | 4.124 quantile
                      	 7.038	  7.73	 2.485	 2.669	 5.835	 5.486	 2.327	 3.021	 12.57	 13.73	 8.734	 7.608	 | 13.73 max

train losses      2:	0.5174	0.5569	0.3847	0.3733	0.6984	0.7337	0.4863	0.4903	 1.516	 1.561	 1.438	 1.441	
val losses        2:	0.4649	0.6136	0.3702	0.3633	0.7909	 1.041	0.5536	0.9639	 2.288	 2.181	 2.203	 2.177	 | 1.168 mean
                     	 1.286	 1.603	0.9616	0.9301	 2.293	 2.827	 1.338	 1.946	 6.657	 6.656	 5.701	 5.131	 | 4.096 quantile
                      	 5.554	 5.846	 3.116	 2.077	 5.262	 5.241	 2.326	 3.217	 13.37	 13.16	  7.75	 8.703	 | 13.37 max

train losses      4:	0.4895	0.5255	0.3803	 0.388	 0.674	0.7078	 0.488	0.4937	 1.447	 1.531	 1.424	 1.431	
val losses        4:	0.4929	0.5072	 0.418	0.4991	0.7547	0.8411	0.5598	0.6806	 2.055	 2.042	 2.105	 2.128	 | 1.09 mean
                     	 1.354	 1.354	 1.063	 1.214	 2.115	 2.461	 1.383	 1.596	 5.851	 6.182	 5.344	 5.177	 | 3.878 quantile
                      	 4.507	 4.581	 2.902	 2.769	 5.278	 5.168	 2.598	 2.823	 12.13	 13.06	 7.932	 8.546	 | 13.06 max

train losses      6:	0.4754	0.5027	0.3876	0.4069	0.6386	0.6832	0.4951	0.5012	  1.33	 1.477	 1.397	 1.416	
val losses        6:	 0.495	0.4992	0.3618	0.4055	0.7262	0.8069	0.5088	0.5287	 1.804	 1.961	 2.028	 2.086	 | 1.018 mean
                     	 1.369	 1.352	0.9475	 1.036	 2.024	 2.348	 1.255	 1.319	 5.262	 5.954	 5.004	 5.159	 | 3.703 quantile
                      	 5.353	 4.575	 2.738	 2.587	 5.386	 5.027	 2.176	 2.361	 11.15	  12.8	 8.014	 7.982	 | 12.8 max

train losses      8:	0.4922	0.5057	0.4161	0.4339	0.6067	0.6705	0.5125	0.5166	  1.22	 1.402	 1.367	  1.39	
val losses        8:	0.4657	0.5016	0.3647	0.3798	0.7006	  0.78	0.4852	 0.506	 1.682	 1.881	 2.005	  2.03	 | 0.9818 mean
                     	 1.301	 1.396	0.9489	   1.0	 1.935	 2.273	 1.207	 1.248	  4.79	 5.725	 4.869	  5.04	 | 3.573 quantile
                      	 6.939	 6.024	 2.938	 2.253	  5.74	 4.862	 2.633	 2.265	 10.51	 12.52	 8.155	 7.703	 | 12.52 max

train losses     10:	 0.485	 0.507	0.4354	0.4407	0.5725	0.6523	0.5316	0.5295	 1.054	 1.292	 1.321	 1.349	
val losses       10:	0.4183	0.4716	0.3764	0.3741	0.6392	 0.745	0.4892	0.5159	 1.513	 1.785	 1.953	 1.944	 | 0.9354 mean
                     	 1.116	 1.267	0.9792	0.9872	 1.757	 2.138	 1.216	 1.305	 4.068	  5.39	  4.75	 4.855	 | 3.378 quantile
                      	 7.595	 7.124	 2.943	 2.274	 6.223	 4.714	 2.593	 2.306	 10.22	 11.92	 7.832	 7.326	 | 11.92 max

train losses     12:	0.4806	0.5016	0.4537	0.4538	0.5513	0.6124	0.5546	0.5438	0.8478	   1.1	 1.261	 1.283	
val losses       12:	0.3805	0.4686	0.3875	0.3856	0.5419	0.6555	0.5076	0.5261	 1.256	 1.478	 1.782	 1.773	 | 0.8452 mean
                     	 1.003	 1.241	0.9858	0.9823	 1.409	 1.883	 1.296	 1.389	 3.515	 4.203	 4.437	 4.447	 | 2.958 quantile
                      	 9.858	 9.609	 2.919	 2.352	  7.48	 4.816	 2.477	 2.354	 10.93	 10.24	 7.248	 6.887	 | 10.93 max

train losses     14:	0.4856	0.5068	  0.46	0.4654	0.5509	0.5769	0.5757	0.5481	0.8187	0.9292	 1.202	  1.21	
val losses       14:	0.3735	0.4787	 0.383	0.3696	0.5327	0.6103	0.5368	0.5394	 1.118	  1.23	 1.581	 1.605	 | 0.7798 mean
                     	0.9839	 1.271	0.9699	0.9358	 1.387	 1.673	 1.366	 1.451	 3.263	 3.364	 3.996	 4.054	 | 2.568 quantile
                      	 11.95	 11.26	 2.924	 2.473	 8.337	 6.006	 3.399	 2.486	 12.06	 8.847	 6.626	 6.245	 | 12.06 max

train losses     16:	 0.474	0.4902	0.4569	0.4648	0.5442	0.5573	0.5712	0.5414	0.8738	0.9038	 1.162	 1.157	
val losses       16:	 0.372	0.4456	0.3789	0.3691	0.5353	0.5796	0.5219	0.5037	 1.093	 1.116	 1.461	 1.507	 | 0.7403 mean
                     	0.9661	 1.149	0.9661	0.9491	 1.403	 1.569	 1.297	 1.288	 2.788	 3.149	 3.754	 3.889	 | 2.381 quantile
                      	 13.64	 12.17	 3.071	 2.449	 8.171	 7.081	 2.852	 2.234	 11.97	 9.573	  6.11	  6.02	 | 13.64 max

train losses     18:	0.4814	0.4958	0.4672	0.4656	0.5483	0.5526	0.5537	0.5358	0.9294	0.9359	 1.133	 1.134	
val losses       18:	0.3901	0.4398	0.3807	 0.357	0.5831	0.5934	0.4918	0.4828	 1.328	 1.336	 1.534	 1.562	 | 0.79 mean
                     	 1.029	 1.148	0.9694	0.9108	 1.546	 1.567	 1.229	 1.233	 3.644	 3.787	 3.862	 3.975	 | 2.73 quantile
                      	 13.15	 11.84	 2.827	 2.743	 7.527	 8.117	   3.5	 2.251	 11.11	 9.722	  6.28	 6.034	 | 13.15 max

train losses     20:	0.4801	0.4873	0.4498	0.4588	 0.547	0.5602	0.5447	0.5263	0.8343	0.8579	 1.144	 1.154	
val losses       20:	0.3811	0.4369	0.3782	0.3571	0.6005	0.6159	0.5004	0.4731	 1.283	  1.25	 1.567	 1.582	 | 0.7854 mean
                     	0.9736	 1.121	0.9731	0.9015	 1.578	  1.62	 1.284	 1.215	 3.623	 3.749	 3.961	 3.965	 | 2.7 quantile
                      	 13.34	  12.0	 2.867	 2.388	 7.546	 8.416	 3.258	 2.142	 10.17	 8.972	 6.384	 6.153	 | 13.34 max

train losses     22:	0.4599	0.4743	0.4358	0.4443	0.5377	0.5395	0.5246	0.5192	0.7383	0.7552	 1.219	 1.207	
val losses       22:	0.3928	0.4387	0.3761	0.3404	0.5897	0.6398	0.4832	 0.463	  1.22	 1.068	 1.731	  1.73	 | 0.7894 mean
                     	 1.024	 1.152	0.9672	0.8771	 1.503	 1.621	 1.217	 1.188	 3.391	 3.228	 4.376	  4.37	 | 2.741 quantile
                      	 13.67	 12.04	 2.413	 2.051	 8.204	 8.546	 3.017	 2.127	 10.58	 8.464	 6.606	 6.503	 | 13.67 max

train losses     24:	0.4445	 0.466	0.4225	0.4331	0.5141	0.5259	0.5165	0.5106	0.6511	0.6697	 1.151	 1.152	
val losses       24:	  0.38	0.4225	0.3663	0.3351	0.5433	0.6085	0.5126	0.4594	 1.013	0.9348	 1.688	 1.672	 | 0.7446 mean
                     	0.9637	 1.084	0.9343	0.8498	 1.403	 1.574	 1.256	 1.171	 2.484	 2.661	 4.104	  4.14	 | 2.483 quantile
                      	 14.39	 12.92	 2.383	 1.951	 9.304	  8.86	 2.728	 2.072	 11.96	 9.197	 6.643	 6.174	 | 14.39 max

train losses     26:	0.4369	0.4545	0.4141	0.4275	0.4954	0.5139	0.4988	0.5032	0.6083	0.6275	 1.113	 1.104	
val losses       26:	0.3818	0.4202	0.3531	  0.34	0.5159	0.5715	0.5065	0.4654	0.9103	0.8679	 1.672	 1.665	 | 0.7225 mean
                     	0.9626	 1.045	0.8955	0.8605	 1.312	 1.471	 1.245	 1.187	 2.183	 2.442	 4.094	 4.168	 | 2.405 quantile
                      	 14.86	 13.71	 2.611	 2.129	 10.05	 9.708	  2.73	 2.096	 11.88	 8.902	 6.686	 6.641	 | 14.86 max

train losses     28:	0.4215	0.4296	0.4071	0.4167	0.4758	0.4901	0.4851	0.4894	0.5858	0.5928	 1.046	 1.047	
val losses       28:	0.3683	0.4064	0.3511	 0.344	0.5024	0.5294	0.4863	0.4638	0.8963	0.8391	 1.572	 1.575	 | 0.6945 mean
                     	0.9346	 1.014	0.8906	0.8776	 1.264	 1.354	 1.186	 1.169	 2.239	 2.287	 3.786	 3.852	 | 2.271 quantile
                      	 16.01	 14.92	  2.51	  2.12	 10.52	 11.17	 2.988	 2.093	 11.81	 9.278	  6.22	 6.033	 | 16.01 max

train losses     30:	0.4049	0.4148	0.3988	0.4085	0.4635	0.4769	0.4771	0.4819	 0.578	0.5852	0.9965	0.9937	
val losses       30:	0.3713	0.4111	0.3503	0.3409	0.4845	0.5114	0.4789	0.4608	0.8839	0.8159	 1.487	 1.495	 | 0.6742 mean
                     	0.9234	 1.002	0.8956	0.8657	 1.194	 1.278	 1.167	 1.158	 2.234	 2.292	 3.674	 3.676	 | 2.168 quantile
                      	 16.95	 15.64	 2.454	 2.079	  10.5	 11.88	 2.973	 2.016	 12.07	 9.792	 6.039	 5.903	 | 16.95 max

train losses     32:	0.3955	0.4092	0.3934	0.4016	0.4503	 0.463	0.4694	 0.476	0.5708	 0.577	0.9635	0.9615	
val losses       32:	 0.357	 0.396	0.3501	0.3354	 0.479	0.5065	0.4673	0.4535	0.8876	0.8104	 1.434	 1.449	 | 0.6605 mean
                     	0.8769	0.9445	0.8908	 0.859	 1.176	 1.235	 1.153	 1.153	 2.282	 2.266	 3.554	 3.627	 | 2.153 quantile
                      	 18.02	 16.72	 2.421	 2.065	 11.06	 12.28	 2.989	 1.982	 12.15	 9.568	 5.604	  5.59	 | 18.02 max

train losses     34:	0.3865	0.4001	0.3879	0.3966	0.4422	0.4548	0.4611	0.4686	0.5624	 0.564	0.9326	0.9278	
val losses       34:	0.3506	0.3846	0.3474	0.3307	0.4774	0.5049	0.4635	  0.45	 0.897	0.8135	 1.401	  1.42	 | 0.6534 mean
                     	0.8582	0.9181	0.8807	0.8509	  1.16	 1.223	 1.135	 1.139	 2.375	 2.219	  3.51	 3.562	 | 2.112 quantile
                      	 18.55	 17.54	 2.378	 2.059	 11.75	  12.6	 3.048	 2.007	 11.99	 9.478	 5.517	 5.523	 | 18.55 max

train losses     36:	0.3803	0.3953	0.3831	0.3926	0.4345	0.4475	 0.452	0.4604	0.5551	0.5558	0.9053	0.9018	
val losses       36:	 0.348	0.3814	0.3434	0.3284	0.4888	 0.515	0.4645	 0.454	 0.871	 0.794	 1.415	 1.428	 | 0.6527 mean
                     	 0.839	0.9007	0.8755	0.8411	 1.173	 1.245	 1.129	 1.134	 2.228	 2.128	 3.551	 3.585	 | 2.104 quantile
                      	 18.94	 18.25	 2.323	 2.044	 12.34	 13.12	 2.885	 2.006	 12.09	 9.741	 5.556	 5.522	 | 18.94 max

train losses     38:	0.3738	0.3905	0.3792	0.3875	0.4287	0.4412	0.4448	0.4522	0.5427	0.5457	0.8814	0.8767	
val losses       38:	0.3559	  0.39	0.3401	0.3272	0.4956	0.5186	0.4582	0.4481	0.8626	0.7831	 1.437	 1.447	 | 0.6553 mean
                     	0.8451	0.9199	0.8698	0.8438	 1.192	 1.229	 1.116	 1.124	 2.172	 2.054	 3.637	 3.666	 | 2.111 quantile
                      	 19.08	 18.55	 2.284	 2.058	 12.77	 13.55	 2.726	 1.984	 12.27	 9.794	 5.718	 5.455	 | 19.08 max

train losses     40:	0.3675	0.3818	0.3756	0.3837	0.4212	0.4337	0.4378	0.4465	0.5369	0.5395	0.8599	0.8563	
val losses       40:	 0.348	0.3835	0.3377	0.3235	0.4982	0.5157	0.4534	0.4407	0.8731	0.7984	 1.459	 1.467	 | 0.6582 mean
                     	0.8337	0.8997	0.8636	0.8349	 1.197	  1.22	 1.112	 1.105	 2.264	 2.161	 3.725	 3.749	 | 2.153 quantile
                      	 19.34	 18.85	 2.275	 2.024	 13.09	 13.97	 2.762	 1.975	 12.25	 9.814	 5.827	 5.531	 | 19.34 max

train losses     42:	0.3651	0.3797	0.3732	0.3808	0.4166	0.4276	0.4326	0.4404	0.5315	0.5328	0.8514	 0.847	
val losses       42:	0.3509	0.3848	0.3364	0.3215	0.4934	0.5112	0.4519	0.4346	0.8792	0.7982	 1.473	 1.482	 | 0.6598 mean
                     	0.8406	0.9135	0.8653	0.8296	 1.182	 1.199	 1.107	 1.092	 2.228	 2.174	 3.802	 3.842	 | 2.162 quantile
                      	 19.56	 19.26	  2.29	 1.976	 13.56	 14.44	 2.615	 1.968	 12.37	 9.858	 5.998	 5.684	 | 19.56 max

train losses     44:	0.3612	0.3762	0.3695	0.3764	0.4128	0.4227	 0.427	0.4346	0.5303	0.5341	0.8683	0.8643	
val losses       44:	 0.344	0.3752	0.3349	0.3175	0.4985	0.5131	0.4438	0.4255	0.8846	0.7944	 1.501	 1.508	 | 0.6618 mean
                     	0.8287	0.8896	0.8578	0.8199	 1.193	 1.204	 1.099	 1.071	 2.234	 2.166	 3.895	 3.918	 | 2.172 quantile
                      	 19.83	 19.78	 2.349	 1.921	 14.22	  14.9	 2.519	 1.953	 12.41	 9.874	 6.726	 6.349	 | 19.83 max

train losses     46:	0.3574	0.3737	0.3662	0.3742	 0.408	0.4214	 0.422	0.4295	0.5286	0.5302	0.9005	0.8993	
val losses       46:	0.3469	0.3814	0.3349	0.3163	0.5063	 0.527	0.4344	0.4181	0.8893	  0.79	 1.575	 1.575	 | 0.6746 mean
                     	 0.844	0.9078	0.8641	 0.815	 1.201	 1.244	 1.092	 1.066	 2.251	 2.143	 4.032	 4.014	 | 2.255 quantile
                      	 19.77	 19.88	 2.377	 1.912	  14.6	 15.04	 2.355	 1.991	 12.57	 10.04	 7.259	 6.934	 | 19.88 max

train losses     48:	0.3614	0.3779	0.3651	0.3727	 0.411	0.4278	 0.421	0.4281	0.5314	0.5336	0.9205	0.9241	
val losses       48:	 0.359	0.3944	0.3349	0.3152	 0.527	0.5562	0.4357	 0.417	0.8838	0.8074	 1.662	 1.655	 | 0.6956 mean
                     	0.8842	0.9558	0.8587	0.8133	 1.278	 1.322	 1.118	 1.068	 2.304	 2.194	 4.132	  4.16	 | 2.38 quantile
                      	 19.91	 20.05	 2.388	  1.87	 14.63	 14.84	 2.567	 2.103	 12.43	  9.97	 6.537	 6.312	 | 20.05 max

train losses     50:	0.3843	 0.402	 0.374	0.3849	0.4432	0.4543	0.4482	0.4527	0.5667	0.5744	 1.184	 1.172	
val losses       50:	0.3939	0.4286	0.3418	0.3201	0.6048	0.6368	 0.458	0.4343	0.9982	0.9153	  1.82	 1.803	 | 0.7629 mean
                     	   1.0	 1.066	0.8927	0.8279	 1.543	 1.653	 1.148	 1.087	 2.624	 2.557	 4.427	 4.514	 | 2.684 quantile
                      	 18.68	 18.55	 2.307	 1.751	 14.04	 14.35	 2.292	 2.144	 12.69	 10.04	 6.878	 6.596	 | 18.68 max

train losses     52:	0.4529	0.4545	0.3918	0.4043	0.5156	0.5302	0.4733	0.4768	0.7232	0.7461	 1.325	 1.332	
val losses       52:	0.4954	0.4883	0.3803	0.3518	0.7639	0.7651	0.4908	0.4664	 1.267	 1.117	 2.049	 2.029	 | 0.8886 mean
                     	 1.253	 1.293	 0.966	0.9019	  2.05	 2.196	 1.258	 1.203	 3.484	  3.25	 5.115	 5.135	 | 3.115 quantile
                      	 16.16	 14.91	 2.207	  1.95	 12.27	 12.68	 2.241	 2.799	 12.69	 10.63	 7.537	 7.295	 | 16.16 max

train losses     54:	0.4425	0.4565	0.3811	0.3938	0.5212	0.5416	0.4632	0.4669	0.8163	 0.838	 1.214	 1.202	
val losses       54:	0.4525	0.5072	0.3516	 0.327	0.7102	0.7555	0.4916	0.4669	 1.571	 1.438	 2.116	 2.114	 | 0.9418 mean
                     	 1.206	 1.393	0.9144	 0.834	 1.924	 2.031	 1.246	 1.193	 4.285	 3.986	 5.114	 5.275	 | 3.43 quantile
                      	 13.56	 12.32	 2.094	 1.878	 10.63	 9.958	 2.257	 2.328	 11.27	 8.777	 8.392	 8.087	 | 13.56 max

train losses     56:	0.4234	0.4463	0.3738	0.3781	0.5007	  0.52	0.4639	0.4708	0.7744	0.7983	 1.211	 1.205	
val losses       56:	 0.459	0.5107	0.3425	0.3262	0.7039	 0.728	0.4692	0.4759	 1.554	 1.431	 2.107	 2.118	 | 0.9354 mean
                     	 1.219	 1.373	0.8873	 0.837	 1.906	 2.051	 1.212	   1.2	  4.54	 4.147	 5.089	 5.229	 | 3.444 quantile
                      	 13.27	  12.7	 2.146	  1.84	 11.15	 10.11	 2.144	 2.308	 11.38	 8.935	 8.473	  8.15	 | 13.27 max

train losses     58:	0.4158	0.4357	 0.369	0.3761	0.4753	 0.508	0.4626	0.4622	0.6857	0.6849	 1.152	 1.137	
val losses       58:	0.4813	0.5312	0.3389	 0.325	0.6711	0.7486	0.4843	0.4752	 1.284	 1.118	 2.094	 2.083	 | 0.8862 mean
                     	 1.258	 1.383	0.8707	 0.824	 1.767	 1.925	 1.225	 1.205	 3.631	  2.96	 5.128	 5.226	 | 3.122 quantile
                      	 14.57	 13.51	 2.286	 1.785	 11.38	 10.61	 2.078	 2.174	 11.68	 8.699	 8.363	 7.918	 | 14.57 max

train losses     60:	 0.401	0.4194	0.3668	0.3709	0.4561	0.4799	0.4496	 0.453	0.6303	0.6324	 1.084	 1.072	
val losses       60:	0.4657	 0.504	0.3418	0.3219	0.6245	0.6397	0.4711	 0.461	 1.073	0.9382	 2.044	 2.031	 | 0.8263 mean
                     	 1.195	 1.278	0.8765	0.8202	 1.575	 1.595	 1.226	 1.151	 2.998	 2.468	  4.98	 5.053	 | 2.927 quantile
                      	 16.28	 15.19	 2.252	 1.797	 13.41	 13.23	 1.956	 2.378	  12.5	 9.772	 8.044	 7.696	 | 16.28 max

train losses     62:	0.3858	0.4028	0.3625	0.3687	0.4392	0.4559	0.4368	0.4408	0.5948	0.5883	  1.02	 1.008	
val losses       62:	0.4347	0.4722	0.3437	0.3206	0.5945	0.5985	0.4564	0.4417	0.9802	0.8642	 1.941	 1.913	 | 0.7801 mean
                     	 1.119	 1.182	0.8756	0.8013	 1.473	  1.46	 1.161	 1.104	 2.763	 2.074	 4.705	 4.673	 | 2.768 quantile
                      	 17.54	 16.62	 2.343	 1.779	 13.85	 14.24	 1.956	 2.201	 12.78	 9.977	 7.493	 7.012	 | 17.54 max

train losses     64:	0.3768	0.3946	0.3596	0.3638	0.4287	0.4456	0.4304	0.4362	0.5716	0.5748	0.9439	0.9357	
val losses       64:	0.4049	0.4458	  0.34	0.3187	0.5628	0.5696	0.4465	0.4306	0.9359	0.8334	 1.818	 1.783	 | 0.7408 mean
                     	 1.032	 1.126	0.8745	0.7999	 1.382	 1.353	 1.142	 1.081	 2.487	 2.106	 4.438	 4.345	 | 2.578 quantile
                      	 18.36	 17.53	 2.375	 1.766	 14.06	 15.02	 1.849	 2.016	 12.33	 9.766	 7.207	 6.636	 | 18.36 max

train losses     66:	0.3715	0.3821	0.3569	0.3612	0.4176	0.4288	0.4238	0.4282	0.5562	0.5594	0.8867	0.8787	
val losses       66:	0.3777	0.4036	0.3376	0.3173	0.5329	0.5333	0.4409	0.4192	 0.942	0.8554	 1.712	 1.684	 | 0.713 mean
                     	 0.934	 1.007	0.8666	0.7991	 1.308	 1.261	 1.147	 1.065	  2.33	 2.295	 4.187	 4.112	 | 2.439 quantile
                      	 19.29	 18.67	 2.252	 1.794	 14.33	 15.39	 1.909	 2.152	  12.6	 9.761	  6.95	 6.261	 | 19.29 max

train losses     68:	0.3624	0.3742	0.3543	0.3587	0.4094	0.4215	0.4154	0.4197	0.5432	 0.547	0.8449	0.8377	
val losses       68:	0.3749	0.4013	0.3354	0.3139	0.5106	0.5174	0.4307	0.4177	0.9256	0.8357	 1.654	 1.628	 | 0.6954 mean
                     	0.9188	 0.971	0.8658	0.7966	 1.253	 1.192	 1.102	  1.06	  2.25	 2.267	 4.043	 3.995	 | 2.371 quantile
                      	 19.85	 19.54	 2.269	 1.792	 14.45	 15.59	 2.366	 2.092	 12.69	 9.804	 6.639	  6.01	 | 19.85 max

train losses     70:	0.3557	0.3683	0.3507	0.3546	0.3998	0.4122	0.4076	0.4131	0.5334	0.5367	0.8137	0.8075	
val losses       70:	0.3694	0.3972	0.3336	0.3121	0.5152	0.5191	0.4259	0.4157	0.8864	0.7948	  1.62	 1.597	 | 0.6822 mean
                     	 0.893	0.9464	0.8528	0.8012	 1.254	 1.212	 1.096	 1.062	 2.094	 2.073	 3.987	 3.935	 | 2.301 quantile
                      	 20.06	 19.96	 2.362	 1.811	 14.87	 15.89	 2.703	 2.018	  13.0	 10.11	 6.459	 5.845	 | 20.06 max

train losses     72:	0.3517	0.3626	0.3481	0.3521	0.3944	0.4062	0.4018	0.4067	0.5193	0.5245	0.7862	0.7809	
val losses       72:	0.3658	0.3929	0.3321	0.3109	0.5063	0.5116	0.4246	0.4144	0.8802	0.7931	 1.607	 1.591	 | 0.6775 mean
                     	0.8869	0.9427	0.8489	0.8016	 1.219	 1.173	 1.085	 1.061	 2.062	 2.017	 3.945	 3.907	 | 2.283 quantile
                      	 20.37	  20.3	 2.375	  1.83	  15.3	 16.25	 2.777	 2.021	 13.03	 10.19	 6.328	 5.763	 | 20.37 max

train losses     74:	0.3478	0.3603	 0.347	0.3499	0.3882	0.4014	 0.396	0.3997	0.5111	0.5165	0.7625	0.7572	
val losses       74:	 0.362	 0.389	0.3311	0.3103	0.4998	0.5047	0.4223	0.4047	0.8854	0.7859	 1.584	 1.574	 | 0.6711 mean
                     	0.8705	0.9294	0.8461	0.7958	  1.19	 1.148	  1.07	 1.032	 2.108	 1.997	 3.906	 3.888	 | 2.262 quantile
                      	 20.53	 20.54	 2.346	 1.845	 15.62	 16.66	 2.762	 2.024	 12.68	  9.94	 6.047	 5.519	 | 20.54 max

train losses     76:	0.3427	0.3555	 0.345	0.3473	0.3851	0.3964	 0.391	0.3947	0.5082	0.5086	0.7461	0.7434	
val losses       76:	0.3583	0.3819	0.3301	0.3099	0.4968	 0.503	0.4205	0.4028	0.8926	0.7934	 1.554	 1.551	 | 0.6662 mean
                     	0.8555	0.9153	0.8465	0.7951	 1.168	 1.154	 1.068	 1.029	 2.129	 2.026	 3.888	 3.895	 | 2.242 quantile
                      	 20.68	 20.75	 2.433	 1.857	 15.83	 17.04	  2.98	 2.127	 12.51	  9.84	 6.044	 5.505	 | 20.75 max

train losses     78:	0.3399	0.3524	0.3443	0.3465	0.3788	0.3933	0.3875	0.3896	0.5006	0.5061	0.7289	 0.723	
val losses       78:	0.3548	0.3743	0.3294	0.3091	 0.499	0.5062	0.4178	0.3977	 0.885	 0.789	 1.529	 1.531	 | 0.6602 mean
                     	0.8442	0.8987	0.8456	0.7923	 1.156	 1.139	  1.06	 1.016	 2.108	 2.022	 3.875	 3.906	 | 2.22 quantile
                      	 20.99	 21.17	  2.57	 1.852	 15.95	 17.36	 3.072	 2.134	 12.42	 9.868	 6.123	 5.646	 | 21.17 max

train losses     80:	0.3391	0.3488	 0.342	0.3444	0.3761	0.3868	0.3828	0.3848	 0.498	0.5017	0.7088	0.7059	
val losses       80:	0.3505	0.3703	0.3292	0.3091	0.5022	0.5098	 0.415	0.3917	 0.879	0.7828	  1.52	 1.522	 | 0.6568 mean
                     	0.8347	0.8798	0.8441	0.7903	 1.173	 1.142	 1.053	 1.003	 2.083	 2.001	 3.884	 3.911	 | 2.191 quantile
                      	  21.2	 21.45	   2.6	 1.842	 16.08	 17.73	 3.106	  2.12	 12.45	 10.02	 6.697	  6.16	 | 21.45 max

train losses     82:	0.3369	 0.346	0.3412	0.3436	0.3707	0.3818	0.3813	0.3823	0.4918	0.4982	 0.692	0.6871	
val losses       82:	0.3493	0.3675	0.3287	0.3086	0.5052	0.5153	0.4151	0.3924	0.8871	0.7899	 1.517	 1.519	 | 0.6579 mean
                     	0.8292	0.8771	0.8433	0.7909	 1.178	 1.153	 1.049	 1.006	 2.124	 2.034	 3.903	 3.924	 | 2.2 quantile
                      	 21.28	 21.63	 2.643	 1.825	 16.06	 17.82	 3.268	 2.222	 12.28	 9.941	 6.883	 6.366	 | 21.63 max

train losses     84:	0.3342	0.3446	0.3397	0.3413	0.3688	0.3823	0.3768	0.3781	0.4866	0.4938	 0.682	0.6788	
val losses       84:	0.3466	0.3641	0.3285	0.3081	0.5016	0.5107	0.4141	0.3908	0.8745	0.7826	 1.505	 1.509	 | 0.6529 mean
                     	0.8248	0.8716	0.8397	0.7873	 1.152	 1.147	 1.045	0.9931	 2.053	 1.987	 3.906	 3.904	 | 2.179 quantile
                      	 21.53	 21.92	 2.707	  1.81	 16.43	 18.13	 3.396	 2.479	 12.26	 9.994	 7.008	 6.542	 | 21.92 max

train losses     86:	 0.332	0.3431	0.3389	0.3403	0.3644	0.3757	0.3744	0.3755	0.4828	0.4896	 0.665	0.6619	
val losses       86:	0.3453	0.3619	0.3285	0.3077	0.5003	0.5115	0.4151	0.3914	0.8754	0.7808	 1.508	 1.513	 | 0.6532 mean
                     	0.8178	0.8597	0.8425	0.7891	 1.156	 1.144	 1.053	0.9988	 2.059	 1.969	 3.921	 3.933	 | 2.182 quantile
                      	  21.6	 22.07	 2.721	 1.801	 16.52	 18.34	 3.579	  2.64	 12.39	 10.21	 7.225	 6.739	 | 22.07 max

train losses     88:	0.3288	0.3389	0.3373	0.3384	0.3609	0.3758	0.3708	 0.373	0.4792	0.4867	0.6528	0.6483	
val losses       88:	0.3458	0.3624	0.3281	0.3073	0.5006	 0.513	0.4169	0.3935	0.8852	0.7899	 1.507	 1.512	 | 0.6552 mean
                     	0.8266	 0.871	0.8374	0.7865	 1.154	 1.139	 1.059	 1.006	 2.096	 1.996	 3.928	 3.938	 | 2.188 quantile
                      	 21.82	 22.43	 2.753	  1.79	 16.65	 18.63	 3.899	 2.879	  12.3	 10.22	  7.41	 6.877	 | 22.43 max

train losses     90:	0.3283	0.3378	0.3373	0.3378	0.3607	0.3723	 0.369	0.3708	 0.477	0.4826	0.6398	0.6362	
val losses       90:	0.3456	0.3599	0.3281	0.3073	0.5019	0.5122	0.4157	0.3913	0.8776	0.7868	   1.5	 1.505	 | 0.6526 mean
                     	0.8151	0.8588	0.8413	0.7844	 1.136	  1.15	 1.059	 1.015	 2.082	 1.966	 3.955	 3.944	 | 2.168 quantile
                      	 21.63	 22.45	 2.767	 1.799	 16.72	 18.73	  4.04	 3.049	 12.47	 10.41	 7.617	 7.001	 | 22.45 max

train losses     92:	0.3254	0.3359	0.3357	0.3366	0.3564	0.3684	0.3669	0.3676	0.4763	0.4823	0.6275	0.6239	
val losses       92:	0.3459	0.3613	0.3279	0.3072	0.5022	0.5119	0.4178	0.3953	0.8815	0.7937	 1.501	 1.504	 | 0.6542 mean
                     	0.8334	0.8616	 0.838	0.7858	 1.144	 1.152	 1.069	 1.024	 2.105	 1.984	 3.945	 3.932	 | 2.177 quantile
                      	  21.6	 22.79	 2.806	 1.785	 17.02	 19.07	 4.309	 3.304	 12.36	 10.29	 7.777	 7.284	 | 22.79 max

train losses     94:	0.3233	0.3341	0.3344	0.3351	0.3544	0.3662	0.3633	0.3641	 0.471	0.4799	0.6139	0.6078	
val losses       94:	0.3452	 0.357	 0.328	0.3074	0.5001	0.5093	0.4163	0.3942	0.8768	0.7872	 1.487	  1.49	 | 0.6498 mean
                     	0.8147	0.8479	0.8332	0.7832	  1.14	 1.146	 1.062	  1.02	 2.061	 1.974	 3.951	  3.97	 | 2.14 quantile
                      	 21.75	 23.16	 2.812	 1.791	 17.27	 19.31	 4.382	 3.401	 12.52	 10.38	 8.033	 7.651	 | 23.16 max

train losses     96:	0.3217	0.3314	0.3338	0.3334	0.3532	0.3645	0.3606	0.3606	0.4673	0.4715	 0.606	0.6016	
val losses       96:	0.3441	0.3552	0.3282	0.3075	0.5038	0.5136	0.4166	 0.394	0.8783	0.7898	 1.491	 1.491	 | 0.6511 mean
                     	0.8226	0.8537	0.8371	0.7859	 1.156	 1.165	  1.06	 1.025	 2.096	 1.955	 3.941	 3.935	 | 2.146 quantile
                      	 21.87	 23.46	 2.789	 1.803	 17.42	 19.52	 4.477	 3.491	  12.3	 10.25	 8.546	 7.969	 | 23.46 max

train losses     98:	0.3206	0.3297	0.3327	0.3326	0.3498	0.3583	0.3583	 0.359	0.4679	0.4722	0.5924	0.5885	
val losses       98:	0.3437	0.3552	0.3275	0.3071	0.5068	0.5166	0.4172	0.3955	0.8764	0.7898	 1.497	 1.496	 | 0.6523 mean
                     	0.8142	 0.838	0.8414	0.7839	 1.163	 1.164	 1.072	 1.036	 2.046	 1.977	 3.949	  3.99	 | 2.154 quantile
                      	 21.78	 23.69	 2.783	 1.801	 17.64	 19.79	 4.617	 3.602	 12.57	 10.54	 8.437	 7.873	 | 23.69 max

train losses    100:	  0.32	0.3281	 0.332	0.3314	 0.345	0.3555	0.3563	0.3571	0.4629	0.4705	0.5851	0.5778	
val losses      100:	0.3437	0.3531	0.3271	0.3069	0.5035	0.5125	0.4211	0.3995	0.8829	0.8004	 1.494	 1.494	 | 0.6533 mean
                     	0.8172	0.8407	0.8371	0.7845	 1.154	 1.146	 1.074	 1.044	 2.079	 1.978	 3.962	 3.966	 | 2.151 quantile
                      	 21.87	 23.91	 2.782	 1.791	  18.0	 20.15	  4.56	 3.563	 12.44	 10.42	 8.744	 8.149	 | 23.91 max

train losses    102:	0.3176	0.3264	 0.331	0.3308	0.3468	0.3585	0.3538	0.3555	0.4601	0.4665	 0.574	0.5694	
val losses      102:	0.3418	0.3518	0.3273	 0.307	 0.504	0.5129	0.4154	0.3912	0.8785	 0.789	 1.494	  1.49	 | 0.6503 mean
                     	0.8229	0.8362	0.8386	0.7823	 1.153	 1.157	 1.065	 1.027	 2.072	 1.986	 3.928	 3.931	 | 2.149 quantile
                      	  22.0	 24.14	 2.776	 1.806	 18.03	 20.23	 4.588	 3.577	 12.59	  10.6	  9.08	 8.515	 | 24.14 max

train losses    104:	0.3163	0.3242	0.3301	0.3296	0.3416	0.3534	0.3513	0.3522	0.4589	0.4648	0.5655	  0.56	
val losses      104:	0.3418	 0.354	0.3273	 0.307	0.5068	0.5183	0.4219	0.4017	0.8904	0.8009	 1.505	   1.5	 | 0.6562 mean
                     	0.8256	0.8258	0.8427	0.7832	 1.164	  1.17	 1.083	 1.048	 2.124	 2.001	 3.961	 3.985	 | 2.158 quantile
                      	 22.08	 24.37	 2.781	 1.809	 18.16	 20.39	  4.65	 3.664	 12.59	 10.56	 8.966	 8.392	 | 24.37 max

train losses    106:	0.3144	0.3217	0.3288	0.3277	0.3394	0.3495	 0.348	0.3486	0.4564	0.4601	0.5556	 0.549	
val losses      106:	0.3401	0.3517	0.3272	 0.307	0.5047	0.5132	0.4184	0.3968	 0.894	0.8032	 1.499	 1.495	 | 0.6542 mean
                     	0.8205	0.8271	0.8374	0.7847	 1.147	 1.161	 1.072	 1.037	 2.131	  2.04	 3.953	 3.971	 | 2.155 quantile
                      	 22.22	 24.62	 2.773	 1.805	 18.45	 20.68	 4.714	 3.729	 12.63	 10.61	 9.068	 8.564	 | 24.62 max

train losses    108:	0.3138	0.3213	0.3291	 0.327	0.3391	0.3494	0.3471	0.3489	0.4543	0.4599	0.5465	0.5414	
val losses      108:	0.3397	 0.354	 0.327	0.3066	0.5024	0.5115	0.4184	0.3975	0.8886	 0.801	 1.498	 1.494	 | 0.6532 mean
                     	0.8211	0.8308	0.8395	0.7876	 1.156	 1.158	 1.067	 1.041	 2.119	 2.011	 3.974	  4.01	 | 2.153 quantile
                      	 22.36	 24.88	 2.756	  1.81	 18.69	 20.92	  4.67	 3.662	 12.61	 10.74	 9.055	  8.57	 | 24.88 max

train losses    110:	0.3122	0.3201	0.3282	 0.326	0.3367	0.3465	0.3446	0.3459	0.4507	0.4572	0.5409	0.5349	
val losses      110:	0.3378	0.3506	0.3272	0.3065	0.5038	0.5128	0.4176	 0.397	0.8856	 0.798	 1.502	 1.497	 | 0.653 mean
                     	0.8125	 0.814	  0.84	0.7837	 1.163	 1.163	 1.082	 1.047	 2.066	 1.981	 3.951	 3.993	 | 2.14 quantile
                      	 22.58	 25.25	 2.801	 1.796	 18.89	 21.22	 4.753	 3.736	 12.83	 10.89	 9.347	 8.884	 | 25.25 max

train losses    112:	0.3118	0.3187	0.3269	0.3248	 0.334	0.3453	0.3438	0.3447	0.4484	0.4552	0.5364	0.5311	
val losses      112:	0.3388	0.3525	0.3267	0.3067	0.5037	0.5145	0.4156	0.3937	0.8962	0.8027	 1.506	 1.501	 | 0.6549 mean
                     	0.8144	0.8246	0.8369	0.7863	 1.173	 1.159	 1.075	 1.044	  2.15	 2.008	 3.997	 4.025	 | 2.162 quantile
                      	 22.48	 25.21	 2.783	 1.798	 18.94	 21.25	 4.766	 3.748	 12.68	 10.75	 8.977	 8.553	 | 25.21 max

train losses    114:	0.3104	0.3179	0.3267	0.3249	0.3341	0.3449	0.3412	0.3419	0.4496	0.4585	 0.528	0.5258	
val losses      114:	0.3387	0.3521	0.3268	0.3067	0.5067	0.5162	0.4179	0.3981	0.9016	0.8074	  1.51	 1.506	 | 0.6574 mean
                     	0.8128	0.8164	0.8375	0.7872	 1.173	  1.17	 1.079	 1.041	 2.153	 2.072	 3.988	 4.022	 | 2.165 quantile
                      	 22.69	 25.42	 2.751	 1.795	  19.1	 21.33	 4.698	  3.72	 12.85	 10.96	 9.344	 8.907	 | 25.42 max

train losses    116:	0.3088	0.3169	 0.326	0.3235	 0.332	 0.343	 0.339	0.3412	 0.452	0.4607	0.5226	0.5184	
val losses      116:	0.3354	0.3489	0.3271	0.3066	0.5015	0.5099	0.4149	0.3938	0.8901	0.7984	 1.499	 1.493	 | 0.6515 mean
                     	0.8024	0.8109	  0.84	0.7863	 1.155	 1.141	 1.077	 1.038	 2.094	 2.034	 3.961	 3.947	 | 2.15 quantile
                      	 22.94	 25.79	 2.781	 1.799	 19.27	 21.56	 4.779	 3.789	 12.95	 11.09	 9.777	  9.35	 | 25.79 max

train losses    118:	0.3069	0.3161	0.3255	0.3226	 0.329	0.3421	0.3364	0.3382	0.4535	0.4607	0.5195	0.5151	
val losses      118:	0.3355	0.3489	0.3267	0.3067	0.5086	0.5166	0.4179	0.3975	0.8928	0.8016	 1.499	 1.493	 | 0.6538 mean
                     	0.8008	0.8083	0.8378	0.7849	 1.174	 1.151	  1.08	 1.042	 2.126	 2.019	 3.984	 3.999	 | 2.161 quantile
                      	 23.06	 26.02	  2.82	 1.796	 19.63	 21.97	 4.879	 3.931	  12.8	 10.91	 9.407	  9.01	 | 26.02 max

train losses    120:	0.3066	0.3139	0.3253	 0.322	0.3299	0.3427	0.3353	0.3369	0.4631	0.4742	0.5256	0.5209	
val losses      120:	 0.335	 0.349	0.3273	0.3071	0.5051	0.5159	0.4153	0.3933	0.8995	0.8061	 1.504	 1.497	 | 0.6546 mean
                     	0.8015	0.8072	 0.838	0.7798	  1.19	 1.167	 1.092	 1.039	 2.153	 2.048	 3.974	 3.963	 | 2.164 quantile
                      	 22.85	 25.87	 2.841	 1.789	 19.36	 21.71	 4.865	 3.887	 12.93	 11.14	 9.973	 9.615	 | 25.87 max

train losses    122:	0.3071	 0.315	0.3254	0.3223	0.3309	0.3456	0.3369	0.3385	0.4871	 0.497	0.5313	0.5273	
val losses      122:	0.3343	0.3455	0.3272	0.3068	0.5079	0.5177	0.4205	0.3993	0.9061	0.8127	 1.485	 1.479	 | 0.6535 mean
                     	0.8086	0.7984	0.8421	0.7841	  1.18	 1.172	  1.08	 1.047	 2.169	 2.048	 3.925	 3.915	 | 2.15 quantile
                      	 23.14	 26.17	 2.827	 1.792	 19.73	 22.03	 4.816	 3.878	 12.88	 11.09	 10.03	  9.65	 | 26.17 max

train losses    124:	0.3074	0.3168	0.3249	0.3212	0.3361	0.3492	0.3367	0.3383	0.5174	0.5312	0.5568	0.5511	
val losses      124:	0.3415	0.3635	 0.327	0.3073	0.5207	0.5354	0.4177	0.3968	0.9792	0.8832	 1.551	 1.547	 | 0.6809 mean
                     	0.8277	0.8505	0.8392	0.7845	 1.237	 1.227	 1.094	 1.044	 2.567	 2.288	 4.136	  4.21	 | 2.313 quantile
                      	 23.07	 25.95	 2.648	 1.784	 19.81	 21.84	 4.642	  3.67	 12.66	 10.87	 9.265	 8.921	 | 25.95 max

train losses    126:	0.3195	0.3284	0.3261	0.3233	0.3552	0.3724	0.3513	 0.353	 0.666	0.7008	0.6034	0.5952	
val losses      126:	0.3641	 0.388	0.3289	0.3102	 0.567	0.5877	0.4297	0.4078	   1.2	 1.087	 1.666	  1.65	 | 0.7489 mean
                     	 0.892	0.9315	0.8525	0.7949	 1.358	 1.336	 1.121	  1.08	 3.146	 2.909	 4.085	 4.051	 | 2.594 quantile
                      	 22.55	 25.28	 2.531	 1.791	 19.24	 21.53	 3.973	 3.214	 12.13	 10.34	 10.83	 10.33	 | 25.28 max

train losses    128:	0.4047	0.4325	0.3392	 0.335	0.4127	0.4291	0.4049	 0.406	 1.331	  1.32	 0.811	0.8123	
val losses      128:	0.4676	0.5326	0.3447	  0.33	0.6249	0.6634	 0.526	0.4952	 1.638	 1.609	 1.833	 1.787	 | 0.9043 mean
                     	 1.152	 1.322	0.8782	0.8224	 1.619	 1.736	 1.424	 1.317	 5.142	 4.701	 4.442	 4.331	 | 3.228 quantile
                      	 20.48	 22.35	 2.206	 1.822	 17.45	 19.04	 3.964	 4.021	 12.09	 9.829	 8.215	 8.126	 | 22.35 max

train losses    130:	0.4661	0.4998	  0.34	0.3389	0.4963	0.5247	0.4331	0.4362	 1.296	 1.293	 1.055	 1.042	
val losses      130:	0.5516	 0.641	0.3357	0.3183	0.7596	0.8087	0.4695	0.4636	 1.981	 1.902	 1.955	 1.939	 | 1.01 mean
                     	 1.379	 1.567	0.8787	0.8143	 2.027	 2.088	 1.224	 1.184	 5.631	 5.629	 4.693	 4.637	 | 3.706 quantile
                      	 19.23	 18.98	  2.06	 1.907	 16.04	 16.34	 3.098	 2.979	 11.29	 10.73	 7.211	 7.134	 | 19.23 max

train losses    132:	 0.438	0.4502	0.3367	0.3351	0.4911	0.5144	0.4439	0.4513	 1.154	 1.152	 1.016	0.9975	
val losses      132:	 0.435	0.4881	0.3335	0.3151	0.7353	0.7801	0.4738	0.4722	  2.08	 1.973	 1.988	 1.982	 | 1.005 mean
                     	 1.147	 1.289	0.8653	0.8095	 1.947	 2.154	 1.237	 1.198	 6.539	 6.125	 4.875	 4.857	 | 3.708 quantile
                      	 20.27	  18.7	 1.941	 1.891	 18.12	 17.55	 2.907	 2.449	 11.08	 9.904	 6.487	 6.328	 | 20.27 max

train losses    134:	0.4302	0.4439	0.3395	0.3362	0.4751	0.4959	0.4461	0.4545	0.9813	0.9874	0.9628	0.9586	
val losses      134:	0.4367	0.4808	0.3343	 0.317	0.6664	0.7042	0.4764	0.4806	 1.945	 1.824	 1.914	 1.916	 | 0.9579 mean
                     	 1.177	 1.276	0.8649	 0.811	 1.736	 1.855	 1.257	 1.205	 5.943	 5.564	 4.535	 4.513	 | 3.56 quantile
                      	 19.45	 17.92	 2.055	 1.996	 18.51	 18.27	 2.494	 2.124	 11.02	 8.364	  6.34	 6.423	 | 19.45 max

train losses    136:	0.4168	0.4335	0.3375	0.3367	0.4579	0.4822	0.4415	 0.449	0.8117	0.8153	0.8995	0.8883	
val losses      136:	0.4213	0.4606	0.3362	0.3181	0.6024	0.6297	0.5221	0.5278	 1.585	 1.411	 1.766	 1.781	 | 0.8634 mean
                     	 1.125	 1.183	0.8669	0.8111	 1.547	 1.675	 1.318	 1.297	 4.665	 4.061	 4.142	 4.194	 | 3.196 quantile
                      	 19.04	  18.2	 1.921	 1.998	 18.15	 18.63	 2.772	 2.672	 9.957	 7.226	 6.819	 6.552	 | 19.04 max

train losses    138:	0.3866	0.4007	0.3364	0.3357	0.4349	 0.456	0.4426	0.4498	0.7035	0.7097	0.8477	0.8418	
val losses      138:	0.3974	0.4336	0.3379	0.3203	0.5468	0.5747	0.5706	0.5745	 1.196	 1.033	 1.551	 1.571	 | 0.7589 mean
                     	 1.045	 1.108	0.8731	0.8106	 1.344	 1.361	 1.429	 1.382	 3.327	 2.812	 3.822	 3.908	 | 2.531 quantile
                      	  18.8	 19.05	 1.999	 1.934	 17.58	 18.67	 3.135	 2.508	 9.466	 7.981	 10.02	 10.05	 | 19.05 max

train losses    140:	0.3678	0.3815	0.3349	0.3329	0.4071	0.4305	0.4226	0.4277	0.6403	0.6429	0.7685	0.7585	
val losses      140:	0.4015	0.4373	0.3357	0.3228	0.5196	0.5381	0.4926	 0.477	  1.13	0.9543	 1.535	 1.522	 | 0.7222 mean
                     	  1.04	 1.098	0.8688	0.8082	 1.237	 1.221	  1.23	 1.163	 3.041	  2.45	  4.11	 4.053	 | 2.436 quantile
                      	 19.37	 20.18	 1.975	 1.916	 17.03	 18.52	 2.677	 2.169	 9.465	 8.404	 7.853	 7.833	 | 20.18 max

train losses    142:	0.3571	0.3688	0.3325	 0.331	0.3918	0.4087	0.4111	0.4148	0.5941	0.6053	 0.706	0.6982	
val losses      142:	0.3851	0.4201	 0.333	0.3179	0.5278	0.5458	0.4751	 0.458	  1.06	 0.898	 1.508	   1.5	 | 0.7024 mean
                     	0.9906	 1.067	0.8687	0.8014	 1.261	 1.279	  1.19	  1.14	 2.772	 2.292	  3.85	 3.833	 | 2.289 quantile
                      	 19.71	 20.69	 1.981	 1.886	 16.75	 18.49	 2.604	 2.211	 9.888	 8.508	 8.315	 8.279	 | 20.69 max

train losses    144:	0.3435	0.3518	0.3311	 0.328	0.3821	 0.395	0.4009	0.4046	0.5666	0.5747	0.6521	0.6455	
val losses      144:	0.3766	0.4151	0.3321	0.3151	 0.525	0.5495	0.4725	0.4589	 1.047	0.9039	 1.509	 1.493	 | 0.6999 mean
                     	0.9704	  1.08	0.8735	0.7993	 1.243	 1.284	 1.181	 1.144	 2.711	 2.305	 3.887	 3.919	 | 2.278 quantile
                      	 20.18	 21.17	 1.991	 1.878	 16.86	  18.7	 2.671	 2.145	 9.958	 8.294	 7.861	 7.745	 | 21.17 max

train losses    146:	0.3364	0.3417	0.3298	0.3268	 0.366	0.3828	0.3924	0.3953	0.5421	0.5486	0.6172	 0.609	
val losses      146:	0.3713	0.4027	0.3321	0.3139	0.5043	0.5343	0.4724	0.4603	 1.046	0.9059	 1.513	 1.497	 | 0.6961 mean
                     	0.9344	 1.039	 0.872	0.7966	 1.196	 1.232	 1.182	 1.146	 2.724	 2.335	 3.877	 3.861	 | 2.303 quantile
                      	 21.05	 22.17	 1.965	  1.85	 17.13	  19.0	 2.975	 2.397	  9.98	  8.04	 8.275	 7.968	 | 22.17 max

train losses    148:	0.3276	0.3357	0.3285	0.3249	0.3591	0.3743	0.3855	0.3892	0.5252	0.5302	0.5908	 0.582	
val losses      148:	0.3615	0.3826	0.3317	0.3131	0.5076	0.5337	0.4696	0.4573	 1.054	0.9219	 1.506	 1.492	 | 0.6942 mean
                     	0.8933	0.9667	 0.868	0.7983	 1.203	 1.238	 1.171	 1.143	 2.761	 2.459	 3.916	 3.932	 | 2.332 quantile
                      	 21.36	 22.81	 1.946	 1.836	 17.43	 19.21	 3.176	 2.512	 10.07	 8.168	 8.247	 7.823	 | 22.81 max

train losses    150:	0.3237	0.3324	0.3282	0.3243	0.3502	0.3647	0.3793	0.3824	0.5105	0.5173	0.5676	0.5608	
val losses      150:	0.3613	0.3824	0.3309	 0.312	0.4901	0.5219	0.4678	0.4554	 1.043	0.9197	  1.49	 1.474	 | 0.6873 mean
                     	 0.896	0.9597	0.8644	0.7979	 1.151	 1.164	 1.179	 1.144	 2.746	 2.525	 3.882	  3.94	 | 2.316 quantile
                      	 21.56	 23.46	 2.005	 1.814	 17.57	 19.44	 3.476	 2.773	 10.14	 8.216	 8.565	 8.389	 | 23.46 max

train losses    152:	0.3214	0.3269	0.3268	0.3224	 0.347	0.3627	0.3717	0.3752	0.5006	0.5053	0.5531	0.5471	
val losses      152:	0.3557	0.3734	0.3306	0.3113	 0.488	0.5199	 0.466	0.4535	 1.027	0.9144	 1.479	 1.463	 | 0.6819 mean
                     	0.8679	0.9319	0.8645	0.7988	 1.137	 1.164	 1.174	 1.149	 2.715	 2.512	 3.912	 3.931	 | 2.281 quantile
                      	 21.49	 23.65	  2.09	  1.81	 17.71	 19.68	 3.673	 2.985	 10.28	 8.436	 9.096	 8.869	 | 23.65 max

train losses    154:	0.3173	0.3225	0.3256	0.3214	0.3425	0.3565	0.3673	0.3707	0.4902	 0.498	0.5379	0.5322	
val losses      154:	0.3499	0.3685	0.3303	0.3108	0.4927	0.5234	0.4601	0.4478	 1.021	0.9114	  1.49	 1.476	 | 0.6819 mean
                     	0.8662	0.9146	0.8621	0.7987	 1.156	 1.176	  1.17	  1.13	 2.712	 2.505	 3.935	 3.953	 | 2.317 quantile
                      	 21.63	 23.98	 2.106	 1.801	 17.96	 19.95	 3.758	 3.105	 10.33	 8.505	 9.072	 8.916	 | 23.98 max

train losses    156:	0.3153	0.3203	0.3251	0.3209	0.3391	0.3515	0.3618	0.3647	0.4785	0.4849	 0.528	0.5213	
val losses      156:	0.3451	0.3626	0.3302	0.3106	 0.501	0.5293	0.4556	 0.443	 1.009	0.8986	 1.494	  1.48	 | 0.6799 mean
                     	0.8513	0.8953	0.8604	0.7959	 1.183	 1.203	 1.163	 1.128	 2.689	 2.474	  3.96	 3.948	 | 2.297 quantile
                      	 21.83	 24.25	 2.133	 1.802	 18.09	 20.01	 3.806	 3.189	 10.48	 8.623	 9.161	  9.01	 | 24.25 max

train losses    158:	0.3117	0.3155	0.3244	0.3195	0.3358	0.3489	0.3575	0.3599	0.4752	0.4817	0.5187	0.5129	
val losses      158:	0.3412	0.3576	0.3303	0.3107	0.5078	 0.535	  0.45	0.4364	 1.004	0.8942	 1.498	 1.483	 | 0.679 mean
                     	0.8483	0.8853	0.8615	 0.793	 1.203	 1.228	 1.151	  1.12	 2.704	 2.485	 3.936	 3.927	 | 2.3 quantile
                      	 21.97	  24.5	 2.154	 1.803	 18.39	  20.3	 3.859	 3.238	 10.55	 8.771	 9.601	 9.446	 | 24.5 max

train losses    160:	0.3096	0.3138	0.3236	0.3188	0.3329	0.3466	0.3525	0.3541	0.4659	0.4742	 0.511	 0.505	
val losses      160:	0.3416	0.3599	0.3301	0.3105	 0.503	0.5308	0.4514	0.4373	0.9978	0.8927	  1.49	 1.475	 | 0.6767 mean
                     	0.8468	0.8849	0.8625	0.7961	 1.184	 1.221	 1.152	 1.124	 2.695	 2.494	 3.938	 3.939	 | 2.298 quantile
                      	 21.77	 24.45	 2.184	 1.802	 18.44	 20.37	 3.973	 3.347	 10.58	 8.829	 9.792	 9.596	 | 24.45 max

train losses    162:	0.3089	0.3114	0.3233	0.3185	0.3309	0.3433	0.3487	 0.352	0.4634	0.4684	0.5049	0.4977	
val losses      162:	  0.34	0.3583	0.3302	0.3108	0.5063	0.5323	0.4497	0.4354	 1.003	0.8976	 1.492	 1.478	 | 0.6779 mean
                     	0.8304	0.8703	  0.86	0.7964	 1.196	 1.224	 1.146	 1.125	 2.699	 2.492	 3.927	 3.942	 | 2.308 quantile
                      	  21.9	 24.79	  2.24	 1.803	 18.96	 20.91	 4.156	 3.512	 10.67	 8.955	 9.961	 9.776	 | 24.79 max

train losses    164:	0.3047	0.3103	0.3225	0.3172	0.3281	  0.34	0.3442	0.3473	0.4599	0.4653	0.5021	0.4953	
val losses      164:	0.3358	0.3531	0.3302	0.3105	0.5144	 0.538	0.4486	0.4337	 1.002	0.8987	  1.49	 1.478	 | 0.6778 mean
                     	0.8174	0.8534	0.8579	0.7984	 1.206	  1.22	  1.14	  1.12	 2.716	   2.5	 3.981	 3.971	 | 2.301 quantile
                      	  22.0	 24.96	 2.291	 1.818	 19.18	 21.17	  4.25	 3.583	 10.68	 9.036	 9.924	 9.751	 | 24.96 max

train losses    166:	 0.304	0.3094	0.3222	0.3168	0.3265	0.3376	0.3416	0.3427	0.4545	0.4606	0.4965	0.4908	
val losses      166:	0.3339	0.3494	0.3301	0.3103	 0.507	  0.53	0.4469	0.4317	0.9857	0.8814	  1.49	 1.477	 | 0.6728 mean
                     	0.8118	0.8489	0.8589	0.7984	 1.193	 1.204	 1.134	 1.118	 2.655	  2.45	 3.977	 3.988	 | 2.269 quantile
                      	  22.1	 25.16	 2.325	 1.824	 19.38	 21.43	  4.37	 3.722	 10.78	 9.184	 10.22	  10.0	 | 25.16 max

train losses    168:	0.3027	0.3079	0.3218	0.3163	0.3238	0.3345	0.3398	0.3412	0.4489	0.4578	0.4947	0.4865	
val losses      168:	0.3337	0.3512	0.3297	0.3102	0.5107	0.5334	0.4414	0.4261	0.9935	0.8889	 1.509	 1.495	 | 0.6769 mean
                     	0.8138	0.8472	0.8573	0.7985	   1.2	 1.215	  1.13	 1.107	  2.72	 2.466	 4.006	 3.997	 | 2.316 quantile
                      	 22.07	 25.15	 2.295	 1.816	 19.46	 21.48	 4.391	 3.745	 10.56	 9.026	 9.965	 9.751	 | 25.15 max

train losses    170:	0.3029	 0.306	0.3212	0.3163	0.3227	0.3333	 0.336	0.3379	0.4466	0.4541	0.4864	0.4791	
val losses      170:	0.3342	0.3508	0.3299	0.3102	0.5107	0.5329	0.4397	0.4247	0.9839	0.8828	 1.499	 1.485	 | 0.6736 mean
                     	0.8057	0.8498	 0.858	0.7978	 1.189	 1.204	 1.122	 1.106	 2.653	 2.417	 4.004	 4.002	 | 2.279 quantile
                      	 21.98	 25.07	 2.306	 1.815	  19.7	 21.72	 4.479	 3.828	 10.71	 9.172	 10.25	 10.01	 | 25.07 max

train losses    172:	0.3013	0.3039	0.3211	0.3162	0.3205	0.3332	0.3326	0.3356	0.4442	0.4502	 0.481	0.4761	
val losses      172:	 0.334	0.3517	0.3299	0.3102	0.5053	0.5291	0.4375	0.4215	0.9849	0.8821	 1.506	 1.493	 | 0.6738 mean
                     	0.8176	 0.852	0.8606	0.7953	  1.18	 1.198	 1.131	 1.097	 2.675	  2.42	   4.0	 4.009	 | 2.295 quantile
                      	 22.08	 25.32	 2.297	 1.817	 19.82	 21.92	 4.486	 3.833	  10.8	 9.271	 10.23	 10.01	 | 25.32 max

train losses    174:	0.2998	0.3018	0.3209	0.3153	  0.32	0.3315	0.3322	0.3334	0.4418	0.4488	0.4804	0.4733	
val losses      174:	0.3321	0.3495	  0.33	0.3104	0.5083	0.5313	0.4405	0.4247	0.9778	0.8771	  1.49	 1.478	 | 0.6708 mean
                     	0.8044	0.8364	0.8575	0.7987	 1.185	 1.209	 1.125	 1.108	 2.631	 2.427	 3.998	  3.99	 | 2.275 quantile
                      	  22.0	 25.37	 2.327	  1.81	 19.91	 22.04	  4.57	 3.908	 10.65	 9.172	  10.1	 9.909	 | 25.37 max

train losses    176:	 0.298	0.3027	0.3203	 0.315	0.3174	0.3265	0.3284	 0.331	 0.439	0.4455	0.4797	0.4744	
val losses      176:	0.3324	0.3491	0.3297	0.3101	0.5083	0.5316	0.4353	0.4198	0.9778	0.8745	 1.497	 1.481	 | 0.6705 mean
                     	0.8019	0.8365	 0.859	0.7947	 1.196	 1.201	 1.122	 1.098	 2.649	 2.411	 3.955	 3.956	 | 2.27 quantile
                      	 22.02	 25.46	 2.394	 1.812	 19.95	 22.12	 4.651	 3.985	 10.66	  9.18	 10.42	 10.22	 | 25.46 max

train losses    178:	0.2972	0.3019	0.3199	0.3143	0.3154	0.3253	 0.327	0.3299	0.4372	 0.444	0.4762	0.4699	
val losses      178:	0.3323	0.3492	0.3296	0.3097	0.5074	0.5286	 0.436	0.4201	 0.968	0.8644	 1.485	 1.469	 | 0.6666 mean
                     	0.8021	0.8418	0.8558	0.7893	 1.182	 1.202	 1.127	 1.101	 2.585	 2.356	 3.941	 3.926	 | 2.244 quantile
                      	 22.15	 25.64	 2.422	 1.817	 20.27	 22.49	 4.731	  4.09	 10.72	 9.312	  10.7	 10.51	 | 25.64 max

train losses    180:	0.2978	0.3006	0.3199	0.3141	0.3136	0.3265	0.3264	0.3276	0.4338	0.4407	0.4727	 0.469	
val losses      180:	0.3319	0.3478	0.3296	0.3097	0.5136	0.5331	 0.436	0.4199	0.9623	0.8595	 1.481	 1.467	 | 0.666 mean
                     	0.8032	0.8337	0.8529	0.7913	 1.187	 1.202	 1.125	 1.102	  2.56	  2.34	 3.947	 3.926	 | 2.252 quantile
                      	 22.11	 25.63	 2.423	 1.819	 20.48	 22.71	 4.757	 4.119	 10.74	 9.334	  10.4	 10.21	 | 25.63 max

train losses    182:	0.2976	0.2993	0.3196	0.3139	0.3152	0.3239	0.3232	0.3246	0.4327	0.4399	0.4695	0.4648	
val losses      182:	 0.331	0.3474	0.3299	0.3097	0.5057	0.5265	0.4338	0.4177	0.9632	0.8608	 1.488	 1.475	 | 0.6657 mean
                     	0.8039	0.8257	 0.854	0.7926	 1.166	 1.181	 1.129	 1.096	 2.533	 2.336	 3.992	 3.964	 | 2.243 quantile
                      	 22.24	 25.85	 2.455	 1.819	 20.53	  22.8	 4.772	 4.142	 10.77	 9.367	 10.33	 10.17	 | 25.85 max

train losses    184:	0.2946	0.2984	0.3189	0.3136	0.3125	0.3239	0.3207	0.3221	0.4302	0.4364	 0.472	0.4649	
val losses      184:	 0.331	0.3457	  0.33	  0.31	 0.506	 0.527	0.4326	 0.416	0.9615	0.8561	 1.492	 1.482	 | 0.6659 mean
                     	0.8018	0.8231	0.8543	0.7895	 1.165	  1.19	 1.127	 1.089	 2.548	 2.302	 4.025	 4.005	 | 2.244 quantile
                      	 22.22	 25.94	 2.481	 1.815	 20.66	 22.95	 4.872	 4.251	 10.64	 9.306	 10.39	 10.21	 | 25.94 max

train losses    186:	0.2949	0.2986	0.3187	0.3128	0.3124	0.3236	0.3193	0.3218	0.4265	0.4355	0.4833	0.4776	
val losses      186:	0.3322	0.3482	0.3299	0.3102	 0.509	0.5293	 0.429	0.4117	0.9666	0.8598	 1.506	 1.495	 | 0.6689 mean
                     	0.8153	0.8249	0.8519	0.7883	 1.184	 1.201	 1.124	 1.083	  2.59	 2.331	 4.061	 4.039	 | 2.26 quantile
                      	 22.04	 25.86	 2.447	 1.813	 20.65	  23.0	 4.816	 4.189	 10.58	  9.24	 10.41	 10.26	 | 25.86 max

train losses    188:	0.2944	0.2982	0.3187	0.3126	0.3113	0.3237	0.3179	0.3194	0.4254	0.4348	0.4937	0.4904	
val losses      188:	0.3295	0.3438	0.3305	0.3105	0.5038	0.5241	0.4268	0.4096	0.9485	 0.844	 1.511	 1.504	 | 0.6655 mean
                     	0.8028	 0.818	0.8528	0.7874	 1.178	 1.175	 1.121	 1.088	 2.473	 2.273	 4.081	 4.063	 | 2.226 quantile
                      	 22.09	 25.92	 2.518	 1.822	 20.85	  23.2	 4.952	 4.321	 10.66	 9.332	  10.8	 10.64	 | 25.92 max

train losses    190:	0.2934	0.2971	0.3186	0.3129	0.3106	 0.322	0.3173	0.3181	0.4225	0.4338	0.4982	0.4929	
val losses      190:	 0.329	0.3432	0.3305	0.3104	0.4977	0.5192	 0.426	0.4094	0.9515	 0.845	 1.526	 1.518	 | 0.6671 mean
                     	0.8078	0.8066	0.8536	0.7892	 1.151	 1.185	 1.125	 1.088	 2.469	 2.292	 4.085	 4.049	 | 2.241 quantile
                      	 22.26	 26.11	 2.568	 1.817	 21.02	 23.41	 5.012	 4.382	 10.81	 9.466	 10.88	 10.71	 | 26.11 max

train losses    192:	0.2932	 0.297	0.3183	 0.312	 0.309	  0.32	0.3145	 0.317	0.4211	  0.43	0.4967	0.4923	
val losses      192:	0.3297	0.3424	0.3302	0.3105	0.4948	0.5158	0.4238	0.4065	0.9482	0.8444	 1.516	 1.506	 | 0.6641 mean
                     	0.7904	  0.81	0.8492	0.7869	 1.144	 1.182	 1.115	 1.085	  2.43	 2.281	 3.983	  3.97	 | 2.213 quantile
                      	 22.43	 26.28	 2.616	 1.817	 20.91	 23.32	 5.101	 4.473	 11.04	 9.667	 11.12	 10.95	 | 26.28 max

train losses    194:	0.2935	0.2971	0.3182	0.3119	0.3101	0.3231	0.3163	0.3177	0.4219	0.4311	0.5395	0.5359	
val losses      194:	0.3309	0.3467	0.3293	0.3099	0.5062	0.5268	0.4243	0.4065	0.9847	0.8695	 1.533	 1.514	 | 0.6735 mean
                     	0.8043	 0.831	0.8456	0.7828	 1.184	  1.21	  1.12	 1.073	 2.645	 2.329	 3.845	 3.866	 | 2.297 quantile
                      	 22.27	 26.18	 2.587	 1.823	  21.1	 23.54	  5.14	 4.544	 11.16	 9.788	 10.86	 10.73	 | 26.18 max

train losses    196:	0.2929	0.2977	0.3181	 0.312	0.3137	0.3272	0.3143	0.3159	0.4249	0.4318	0.6001	0.5981	
val losses      196:	0.3327	0.3485	0.3299	0.3103	0.5112	0.5314	0.4263	0.4095	0.9802	 0.868	 1.555	 1.537	 | 0.6784 mean
                     	0.7965	0.8212	 0.849	0.7848	  1.18	  1.22	 1.115	 1.076	 2.626	 2.345	 3.892	 3.886	 | 2.366 quantile
                      	  22.2	 26.17	  2.57	 1.822	 21.02	 23.47	  5.09	 4.476	 10.85	 9.495	 10.09	 9.928	 | 26.17 max

train losses    198:	0.2934	0.2975	 0.318	0.3118	0.3162	0.3329	0.3146	0.3163	 0.421	0.4292	0.5651	0.5607	
val losses      198:	0.3305	 0.344	0.3303	0.3106	0.4981	0.5191	0.4295	0.4132	0.9337	0.8308	 1.526	  1.51	 | 0.6646 mean
                     	0.7967	 0.801	0.8457	0.7876	 1.137	 1.169	 1.118	 1.092	 2.317	 2.161	 3.875	 3.866	 | 2.276 quantile
                      	 22.44	 26.61	 2.685	 1.815	 21.35	  23.9	  5.28	 4.655	 10.86	 9.569	  10.2	 9.919	 | 26.61 max

train losses    200:	0.2956	0.2999	0.3176	0.3116	0.3157	0.3317	0.3132	0.3148	0.4197	  0.43	0.5217	0.5176	
val losses      200:	0.3283	0.3443	0.3304	0.3105	0.4917	0.5157	 0.428	0.4117	0.9252	0.8241	 1.495	 1.481	 | 0.6572 mean
                     	0.7947	0.8082	0.8438	0.7838	 1.125	  1.16	 1.119	 1.091	  2.28	 2.139	  3.95	 3.962	 | 2.182 quantile
                      	 22.07	 26.23	 2.665	 1.813	 20.97	 23.49	 5.267	 4.667	 11.06	 9.753	 10.17	 10.03	 | 26.23 max

train losses    202:	0.2944	 0.297	0.3166	0.3105	0.3117	0.3251	 0.312	0.3147	0.4222	0.4301	0.5253	0.5176	
val losses      202:	0.3347	0.3504	0.3296	0.3101	0.4915	0.5134	0.4261	0.4105	0.9541	0.8493	 1.508	 1.496	 | 0.6644 mean
                     	0.7994	0.8275	0.8438	0.7865	 1.125	 1.156	 1.115	 1.076	 2.523	  2.26	 3.953	 3.982	 | 2.25 quantile
                      	 21.99	 26.29	 2.643	 1.817	 21.23	  23.8	 5.312	 4.727	 10.92	 9.593	 9.986	 9.801	 | 26.29 max

train losses    204:	0.2938	0.2959	0.3173	 0.311	0.3128	0.3208	0.3108	0.3127	0.4199	0.4314	0.5154	0.5122	
val losses      204:	0.3298	0.3408	0.3299	0.3105	 0.493	0.5131	 0.425	 0.408	0.9436	 0.844	 1.496	 1.485	 | 0.6599 mean
                     	0.7944	0.8063	0.8458	0.7848	 1.118	 1.157	 1.106	 1.073	 2.478	 2.224	 3.964	 3.978	 | 2.223 quantile
                      	 22.28	 26.42	 2.761	 1.842	 21.39	 23.97	 5.537	 4.958	  10.9	 9.635	 10.05	 9.925	 | 26.42 max

train losses    206:	0.2916	 0.295	0.3168	0.3105	0.3096	0.3181	0.3077	0.3094	0.4171	0.4244	0.5046	0.4994	
val losses      206:	0.3285	0.3436	  0.33	0.3108	0.5007	0.5185	0.4232	0.4064	 0.946	0.8418	  1.51	 1.498	 | 0.6631 mean
                     	0.7917	0.8024	0.8419	 0.787	 1.145	 1.165	 1.116	 1.086	 2.436	 2.223	 4.032	 4.017	 | 2.227 quantile
                      	 22.48	 26.55	 2.709	 1.817	 21.51	 24.01	 5.309	 4.708	 10.94	 9.693	  9.85	 9.738	 | 26.55 max

train losses    208:	0.2915	0.2933	0.3166	0.3105	0.3069	0.3167	0.3084	0.3093	0.4163	0.4225	0.4976	0.4913	
val losses      208:	0.3263	0.3388	0.3302	0.3104	0.5036	0.5207	0.4226	0.4052	0.9333	0.8324	 1.513	 1.501	 | 0.6615 mean
                     	0.7891	0.7893	 0.839	0.7848	 1.147	 1.182	 1.111	 1.089	 2.391	  2.19	 3.945	  3.96	 | 2.217 quantile
                      	 22.33	 26.52	 2.841	 1.932	  21.4	 23.96	 5.551	 4.926	 11.14	 9.868	 9.989	 9.866	 | 26.52 max

train losses    210:	0.2904	0.2936	0.3156	0.3091	0.3062	0.3131	0.3054	0.3072	0.4139	0.4234	0.4733	0.4689	
val losses      210:	0.3273	 0.342	0.3305	0.3108	0.4956	 0.518	0.4259	0.4092	0.9248	0.8293	 1.487	 1.477	 | 0.6564 mean
                     	0.7869	0.8062	 0.844	0.7846	 1.138	 1.164	 1.111	 1.089	 2.336	 2.147	 3.972	 3.959	 | 2.202 quantile
                      	 22.26	 26.51	 2.826	 1.931	 21.46	 24.02	  5.54	 4.954	 10.98	 9.693	 9.797	 9.652	 | 26.51 max

train losses    212:	0.2906	0.2913	0.3163	0.3096	0.3031	0.3133	0.3048	0.3062	0.4147	0.4224	0.4655	0.4601	
val losses      212:	0.3282	0.3418	0.3299	0.3106	0.4971	0.5162	0.4244	0.4076	0.9354	 0.833	  1.49	 1.479	 | 0.6578 mean
                     	0.7904	0.8011	0.8404	0.7855	  1.14	 1.166	 1.111	 1.085	 2.408	 2.181	 3.955	 3.935	 | 2.207 quantile
                      	 22.25	 26.52	 2.798	  1.89	  21.5	 24.02	 5.501	 4.947	 10.93	 9.665	 10.19	 9.929	 | 26.52 max

train losses    214:	0.2888	0.2922	0.3152	0.3083	0.3023	0.3104	0.3031	0.3042	0.4112	0.4198	0.4565	0.4513	
val losses      214:	0.3277	0.3402	  0.33	0.3105	0.5017	0.5176	0.4226	0.4059	0.9519	0.8483	 1.496	 1.484	 | 0.6614 mean
                     	0.7996	 0.797	0.8393	 0.785	 1.159	 1.175	 1.108	 1.077	 2.465	 2.249	 3.949	  3.95	 | 2.228 quantile
                      	 22.13	 26.34	 2.832	 1.936	 21.45	 23.97	 5.601	 5.057	 11.11	 9.883	 10.04	 9.876	 | 26.34 max

train losses    216:	 0.289	0.2922	 0.315	0.3082	0.2997	0.3108	0.3014	0.3028	0.4135	0.4199	0.4546	  0.45	
val losses      216:	0.3274	 0.345	0.3299	0.3104	0.4943	0.5125	0.4246	0.4083	0.9382	0.8371	 1.482	  1.47	 | 0.6567 mean
                     	0.7845	0.8083	0.8381	0.7817	 1.132	 1.172	  1.11	 1.083	 2.403	 2.183	 3.921	 3.905	 | 2.2 quantile
                      	  22.1	 26.44	 2.821	 1.954	 21.38	 23.95	 5.551	 5.009	 11.13	 9.897	  10.2	 10.05	 | 26.44 max

train losses    218:	0.2874	 0.289	 0.315	0.3085	0.2986	0.3092	0.3015	0.3038	0.4103	0.4183	0.4489	0.4419	
val losses      218:	0.3269	0.3437	0.3303	0.3108	 0.497	0.5142	0.4236	 0.407	0.9385	0.8372	 1.477	 1.465	 | 0.6559 mean
                     	0.7804	0.8104	0.8382	0.7823	 1.139	 1.158	 1.114	 1.082	 2.398	 2.199	 3.899	 3.881	 | 2.189 quantile
                      	 21.98	 26.44	 2.801	 1.939	 21.71	 24.31	 5.502	  4.97	 11.32	 10.08	 10.36	 10.24	 | 26.44 max

train losses    220:	0.2874	0.2885	0.3152	 0.308	0.2993	0.3084	0.2995	0.3011	0.4089	0.4174	0.4489	0.4447	
val losses      220:	 0.326	0.3412	0.3301	0.3107	0.4926	0.5109	0.4226	0.4063	0.9338	0.8333	 1.475	 1.464	 | 0.6538 mean
                     	0.7833	 0.795	0.8399	0.7817	 1.133	 1.163	 1.108	 1.086	 2.349	 2.159	 3.895	 3.895	 | 2.181 quantile
                      	 21.87	 26.42	  2.85	 1.967	 21.55	 24.19	 5.554	  5.01	 11.19	 10.01	 10.13	 9.944	 | 26.42 max

train losses    222:	0.2835	0.2885	0.3149	0.3082	 0.299	0.3082	0.2983	0.3003	 0.409	0.4136	0.4531	0.4482	
val losses      222:	0.3249	0.3374	0.3305	 0.311	0.4922	0.5092	0.4239	0.4084	0.9263	0.8262	  1.47	 1.461	 | 0.6518 mean
                     	0.7913	0.7791	0.8383	0.7867	 1.121	 1.153	 1.106	 1.087	 2.339	 2.122	 3.898	 3.903	 | 2.168 quantile
                      	 21.87	 26.51	  2.91	 2.045	 21.52	 24.21	 5.638	 5.116	 11.26	 10.06	 10.46	 10.27	 | 26.51 max

train losses    224:	0.2841	0.2865	0.3141	 0.307	0.2995	 0.307	0.2974	0.2994	0.4065	0.4147	0.4557	0.4495	
val losses      224:	0.3259	0.3423	0.3302	0.3106	 0.498	0.5134	0.4219	0.4058	0.9444	0.8411	 1.494	 1.482	 | 0.6592 mean
                     	0.7828	0.7993	0.8385	0.7801	 1.148	 1.154	 1.123	 1.092	 2.408	 2.215	 3.933	 3.949	 | 2.217 quantile
                      	 21.86	 26.54	  2.88	 2.057	 21.57	 24.28	 5.519	 5.001	 11.21	 10.02	 10.27	 10.02	 | 26.54 max

train losses    226:	0.2834	0.2856	 0.314	0.3072	0.2982	0.3053	0.2966	0.2975	0.4059	0.4145	0.4631	0.4581	
val losses      226:	0.3256	0.3419	0.3304	0.3109	0.4955	0.5137	0.4225	0.4063	0.9357	0.8328	  1.49	 1.478	 | 0.6569 mean
                     	0.7871	0.7952	0.8372	0.7818	 1.137	 1.159	 1.114	 1.089	 2.411	 2.149	 3.903	 3.919	 | 2.197 quantile
                      	 21.96	  26.7	 2.956	  2.13	 21.53	 24.29	 5.585	 5.062	 11.11	 9.938	 10.46	 10.26	 | 26.7 max

train losses    228:	0.2839	 0.287	 0.314	0.3068	0.2971	0.3067	0.2945	 0.296	0.4085	 0.413	0.4616	0.4553	
val losses      228:	0.3234	 0.338	0.3305	0.3109	0.4925	0.5118	0.4233	0.4076	0.9274	0.8241	 1.484	 1.471	 | 0.6537 mean
                     	0.7843	0.7886	0.8417	0.7836	 1.132	 1.147	 1.116	 1.086	 2.337	 2.125	 3.889	 3.905	 | 2.179 quantile
                      	 21.94	 26.63	 2.946	  2.11	 21.54	 24.24	 5.539	 5.028	 11.06	 9.891	 10.54	 10.29	 | 26.63 max

train losses    230:	 0.284	0.2865	0.3134	0.3065	0.2964	0.3062	0.2948	 0.296	0.4053	0.4151	0.4658	0.4604	
val losses      230:	0.3251	0.3395	0.3302	0.3108	0.4941	0.5121	0.4235	 0.407	0.9361	0.8331	 1.492	 1.481	 | 0.657 mean
                     	0.7886	0.7933	 0.837	0.7839	 1.146	 1.155	  1.12	 1.089	 2.403	  2.17	 3.907	 3.927	 | 2.213 quantile
                      	 21.86	  26.6	 2.952	 2.114	  21.6	 24.28	 5.546	 5.052	 11.22	 10.05	 10.15	 9.903	 | 26.6 max

train losses    232:	0.2839	0.2878	0.3134	0.3066	0.2944	 0.304	0.2923	0.2953	0.4048	0.4131	0.4645	0.4584	
val losses      232:	0.3237	0.3373	0.3306	 0.311	0.4903	0.5083	 0.424	0.4076	0.9298	 0.831	 1.481	  1.47	 | 0.6537 mean
                     	0.7779	0.7849	0.8383	0.7815	 1.133	 1.152	 1.118	 1.088	  2.41	  2.16	  3.89	 3.872	 | 2.195 quantile
                      	 21.73	 26.64	 2.981	 2.141	 21.62	 24.32	 5.578	 5.083	 11.19	 10.04	 10.15	 9.996	 | 26.64 max

train losses    234:	0.2849	0.2854	0.3136	0.3061	0.2984	0.3049	0.2951	0.2961	0.4036	0.4118	0.4598	0.4516	
val losses      234:	0.3238	0.3407	0.3307	0.3107	0.4908	0.5071	0.4242	0.4089	0.9267	0.8277	 1.474	 1.463	 | 0.6523 mean
                     	0.7798	0.7965	0.8402	0.7847	 1.125	 1.152	 1.105	  1.09	 2.333	 2.129	 3.869	 3.866	 | 2.181 quantile
                      	 21.84	 26.79	 3.021	 2.193	 21.82	 24.57	  5.66	  5.16	 11.41	 10.26	  10.2	 9.956	 | 26.79 max

train losses    236:	0.2843	0.2844	0.3136	0.3062	0.2959	0.3032	0.2939	0.2941	 0.403	0.4086	0.4617	0.4539	
val losses      236:	0.3219	0.3388	0.3307	 0.311	0.4927	0.5108	 0.424	0.4084	0.9268	0.8281	 1.488	 1.476	 | 0.6548 mean
                     	0.7878	0.7872	 0.841	0.7838	 1.117	 1.154	 1.121	 1.101	 2.342	 2.125	 3.839	 3.861	 | 2.19 quantile
                      	 21.71	 26.59	 2.971	 2.129	 21.72	 24.43	 5.577	 5.075	 11.39	 10.21	 10.25	 10.07	 | 26.59 max

train losses    238:	0.2828	0.2827	0.3128	0.3059	0.2957	0.3026	0.2922	0.2945	0.4036	0.4088	0.4582	0.4535	
val losses      238:	0.3235	0.3403	0.3306	0.3108	0.4952	0.5112	0.4243	0.4094	0.9281	0.8281	 1.488	 1.475	 | 0.6554 mean
                     	0.7791	0.7924	0.8398	0.7811	 1.129	 1.161	 1.119	 1.091	 2.343	 2.118	 3.869	 3.871	 | 2.188 quantile
                      	 21.83	 26.83	 2.993	 2.159	 21.77	 24.55	 5.598	 5.117	 11.31	 10.12	 10.22	 9.901	 | 26.83 max

train losses    240:	0.2845	0.2832	0.3129	0.3057	0.2932	0.3035	0.2918	0.2929	0.4009	0.4064	0.4532	0.4482	
val losses      240:	0.3196	 0.335	 0.331	0.3113	0.4895	 0.507	0.4253	0.4102	0.9143	0.8182	  1.48	 1.468	 | 0.6508 mean
                     	0.7687	0.7667	0.8386	 0.779	 1.115	 1.135	 1.126	 1.103	 2.254	 2.067	 3.836	 3.856	 | 2.158 quantile
                      	 21.66	 26.76	 3.038	   2.2	 21.86	 24.67	 5.563	 5.097	 11.34	 10.14	  10.2	  10.0	 | 26.76 max

train losses    242:	0.2822	0.2836	0.3122	0.3055	0.2958	0.3046	0.2899	0.2913	0.4024	0.4086	0.4484	0.4436	
val losses      242:	 0.322	0.3358	0.3302	0.3107	0.4951	0.5109	0.4254	0.4101	0.9242	 0.826	 1.475	 1.462	 | 0.6523 mean
                     	0.7684	0.7746	0.8385	0.7809	 1.144	 1.144	 1.114	 1.097	 2.329	 2.111	 3.789	 3.809	 | 2.165 quantile
                      	 21.68	  26.8	 3.048	 2.217	 21.85	 24.66	 5.622	 5.144	 11.27	 10.15	 10.34	 10.08	 | 26.8 max

train losses    244:	0.2817	0.2841	0.3127	0.3052	0.2929	0.3029	0.2891	0.2902	0.3998	 0.409	0.4421	 0.439	
val losses      244:	0.3213	0.3349	0.3306	0.3108	0.4931	0.5096	0.4262	0.4114	0.9332	0.8309	 1.481	 1.467	 | 0.6541 mean
                     	0.7741	0.7806	0.8406	0.7813	 1.133	 1.152	 1.123	 1.101	 2.379	 2.149	 3.786	 3.809	 | 2.175 quantile
                      	 21.73	 26.88	  3.09	 2.253	 21.86	 24.67	 5.676	 5.188	 11.33	 10.24	 10.27	 10.08	 | 26.88 max

train losses    246:	0.2814	0.2832	0.3127	0.3049	0.2925	0.3003	0.2892	0.2909	0.4014	0.4073	0.4406	 0.436	
val losses      246:	 0.321	0.3385	0.3307	0.3109	0.4911	0.5087	0.4265	0.4111	0.9323	0.8315	 1.489	 1.476	 | 0.6556 mean
                     	0.7801	0.7868	0.8367	0.7803	 1.126	 1.147	 1.124	  1.11	 2.384	 2.153	 3.814	 3.822	 | 2.189 quantile
                      	 21.72	 26.77	 3.101	 2.273	 21.82	 24.61	 5.614	 5.131	 11.31	 10.19	 10.64	  10.4	 | 26.77 max

train losses    248:	0.2801	0.2835	0.3113	0.3042	0.2933	0.3004	0.2875	0.2892	0.3995	0.4063	0.4349	0.4306	
val losses      248:	0.3207	0.3368	0.3303	0.3103	0.4929	0.5093	 0.428	0.4128	0.9213	0.8203	 1.468	 1.456	 | 0.6506 mean
                     	0.7717	0.7781	0.8418	0.7837	 1.125	 1.128	 1.116	 1.104	   2.3	 2.099	 3.799	 3.788	 | 2.157 quantile
                      	  21.9	 27.06	 3.112	 2.282	 22.06	 24.88	  5.63	 5.155	 11.38	 10.33	 10.39	 10.16	 | 27.06 max

train losses    250:	0.2796	0.2833	0.3112	 0.304	0.2928	0.2998	0.2859	0.2872	0.3985	0.4029	0.4302	0.4247	
val losses      250:	0.3222	0.3391	0.3303	0.3103	0.4894	0.5069	0.4274	0.4121	0.9198	 0.821	 1.461	 1.449	 | 0.649 mean
                     	0.7778	 0.789	0.8405	0.7801	 1.125	  1.14	  1.12	 1.102	 2.305	 2.096	 3.745	 3.774	 | 2.15 quantile
                      	 21.57	 26.79	 3.069	 2.261	  21.9	 24.74	 5.579	 5.125	 11.32	 10.26	 10.46	 10.22	 | 26.79 max

train losses    252:	0.2803	0.2826	0.3113	0.3042	0.2919	0.3004	0.2843	0.2873	0.3975	0.4046	0.4254	0.4201	
val losses      252:	0.3204	0.3379	0.3306	0.3106	0.4895	0.5057	0.4271	0.4122	0.9198	0.8217	 1.459	 1.446	 | 0.6484 mean
                     	 0.764	0.7793	0.8352	0.7821	 1.124	 1.134	 1.122	 1.108	 2.301	 2.089	 3.741	 3.752	 | 2.14 quantile
                      	 21.69	 26.95	 3.059	 2.252	 21.97	 24.84	 5.469	  5.02	 11.35	 10.29	 10.67	 10.45	 | 26.95 max

train losses    254:	0.2793	0.2828	0.3108	0.3031	0.2926	0.2991	 0.286	0.2857	0.3972	0.4048	0.4265	0.4208	
val losses      254:	0.3192	 0.335	0.3302	0.3099	0.4847	0.5014	 0.427	0.4118	 0.921	0.8212	 1.461	  1.45	 | 0.6477 mean
                     	0.7685	0.7711	0.8406	0.7799	 1.114	 1.118	 1.119	 1.111	  2.33	 2.088	 3.733	 3.754	 | 2.15 quantile
                      	 21.73	 27.01	 3.126	 2.316	 21.85	 24.73	 5.539	 5.086	 11.51	 10.38	 10.67	 10.39	 | 27.01 max

train losses    256:	0.2784	0.2803	0.3105	0.3027	0.2915	0.2975	0.2836	0.2848	0.3961	0.4049	0.4169	0.4124	
val losses      256:	0.3205	0.3335	0.3302	  0.31	0.4866	0.5023	0.4257	0.4109	0.9244	0.8233	 1.468	 1.456	 | 0.6493 mean
                     	0.7729	0.7784	0.8415	0.7852	 1.118	 1.106	 1.121	 1.115	 2.345	 2.091	 3.782	 3.787	 | 2.158 quantile
                      	 21.74	 27.16	  3.17	 2.365	 21.97	 24.83	 5.603	  5.16	 11.28	 10.23	 10.56	  10.3	 | 27.16 max

train losses    258:	0.2778	 0.281	0.3111	 0.303	0.2904	0.2983	0.2825	0.2837	0.3952	0.4038	 0.422	0.4159	
val losses      258:	0.3204	0.3366	0.3304	0.3099	0.4879	0.5048	0.4277	0.4123	0.9215	0.8176	 1.467	 1.455	 | 0.6492 mean
                     	0.7638	0.7881	0.8383	0.7802	 1.112	 1.115	 1.123	 1.117	 2.313	  2.09	 3.781	   3.8	 | 2.16 quantile
                      	 21.78	 27.23	 3.219	 2.412	 22.05	 24.93	 5.686	 5.253	 11.44	 10.31	 10.68	 10.44	 | 27.23 max

train losses    260:	0.2769	0.2804	0.3096	0.3025	0.2906	0.2979	0.2825	 0.283	0.3943	0.4043	0.4161	0.4107	
val losses      260:	0.3199	0.3349	0.3301	0.3098	 0.493	0.5085	0.4267	0.4119	0.9339	0.8296	 1.467	 1.456	 | 0.6518 mean
                     	0.7796	0.7775	0.8411	0.7822	  1.12	 1.124	 1.124	 1.114	  2.37	 2.134	 3.771	 3.808	 | 2.169 quantile
                      	 21.53	 27.03	 3.209	 2.398	 21.96	 24.89	 5.588	 5.153	 11.36	 10.39	 10.69	 10.47	 | 27.03 max

train losses    262:	0.2779	0.2784	0.3099	0.3028	0.2899	0.2965	 0.281	0.2819	0.3943	0.4019	0.4171	0.4102	
val losses      262:	0.3182	0.3343	0.3305	0.3099	0.4921	0.5063	0.4303	0.4156	 0.917	0.8186	 1.451	 1.441	 | 0.6471 mean
                     	0.7632	0.7737	0.8437	 0.781	 1.114	 1.124	 1.118	 1.109	 2.301	 2.071	 3.749	 3.775	 | 2.133 quantile
                      	 21.66	 27.16	 3.233	 2.425	 21.99	 24.96	 5.645	 5.215	 11.17	 10.26	 10.76	 10.53	 | 27.16 max

train losses    264:	0.2778	0.2801	0.3104	0.3027	0.2891	0.2979	0.2816	0.2831	0.3932	0.4015	0.4176	0.4134	
val losses      264:	0.3184	0.3344	0.3303	0.3097	0.4906	0.5067	0.4281	0.4128	0.9217	0.8181	 1.467	 1.457	 | 0.6496 mean
                     	0.7743	0.7739	0.8364	0.7851	 1.113	 1.123	 1.123	 1.118	 2.328	 2.105	 3.774	 3.802	 | 2.158 quantile
                      	 21.35	 26.78	 3.144	 2.369	 21.83	 24.72	 5.471	 5.042	 11.42	 10.45	 10.69	 10.45	 | 26.78 max

train losses    266:	0.2778	0.2789	0.3097	0.3022	0.2883	0.2965	 0.281	0.2824	0.3937	0.4011	0.4186	0.4136	
val losses      266:	 0.318	0.3341	0.3306	0.3098	 0.488	0.5042	0.4291	0.4144	 0.914	0.8163	 1.466	 1.456	 | 0.6484 mean
                     	0.7623	0.7713	0.8381	0.7835	 1.114	 1.114	 1.115	 1.116	 2.304	 2.064	 3.819	 3.819	 | 2.145 quantile
                      	 21.41	 26.91	 3.199	 2.405	  22.0	 24.92	 5.481	 5.061	 11.38	  10.3	 10.57	 10.29	 | 26.91 max

train losses    268:	0.2764	0.2783	0.3097	 0.302	0.2888	0.2971	0.2783	 0.281	0.3925	0.3998	0.4211	0.4163	
val losses      268:	0.3165	0.3327	0.3302	0.3095	0.4876	0.5042	0.4279	0.4134	0.9229	 0.821	 1.472	 1.461	 | 0.6499 mean
                     	0.7685	0.7642	0.8388	0.7829	 1.119	 1.121	 1.113	  1.12	  2.33	 2.094	 3.793	  3.79	 | 2.155 quantile
                      	  21.5	 27.14	 3.262	 2.456	 22.03	 24.98	 5.521	   5.1	 11.52	 10.53	 10.76	 10.52	 | 27.14 max

train losses    270:	0.2761	0.2769	0.3095	0.3018	0.2891	0.2966	0.2781	0.2797	0.3922	0.3995	 0.417	 0.413	
val losses      270:	0.3165	0.3292	0.3303	0.3096	 0.487	0.5021	0.4288	0.4143	0.9053	0.8093	 1.459	 1.448	 | 0.645 mean
                     	0.7695	0.7607	0.8389	0.7792	 1.113	 1.122	 1.124	 1.124	 2.257	 2.028	 3.766	 3.784	 | 2.127 quantile
                      	 21.44	 27.17	 3.287	 2.497	 22.08	 25.07	 5.539	 5.125	 11.35	  10.4	 10.69	 10.43	 | 27.17 max

train losses    272:	0.2757	0.2784	0.3094	0.3019	0.2883	 0.296	0.2782	0.2794	0.3914	0.4011	0.4107	0.4059	
val losses      272:	0.3167	0.3321	  0.33	0.3097	0.4905	0.5054	0.4288	0.4154	0.9177	0.8202	 1.476	 1.463	 | 0.6504 mean
                     	0.7644	 0.772	 0.837	0.7823	 1.108	 1.116	 1.125	 1.121	 2.323	 2.079	 3.766	 3.754	 | 2.152 quantile
                      	 21.33	 27.12	 3.253	 2.472	 21.91	 24.93	 5.438	 5.019	 11.31	  10.3	 10.99	 10.69	 | 27.12 max

train losses    274:	 0.276	0.2771	0.3093	0.3014	0.2872	0.2957	0.2772	0.2778	0.3911	0.3973	0.4062	0.4013	
val losses      274:	0.3158	 0.332	0.3303	0.3098	0.4916	0.5062	0.4289	0.4153	0.9148	0.8142	 1.457	 1.446	 | 0.6468 mean
                     	0.7579	0.7653	0.8396	0.7819	 1.108	 1.123	 1.125	  1.13	 2.304	 2.046	 3.738	 3.745	 | 2.134 quantile
                      	 21.48	 27.25	  3.24	 2.466	  22.1	 25.12	 5.405	 4.986	 11.44	 10.44	 10.92	 10.65	 | 27.25 max

train losses    276:	0.2744	0.2784	0.3087	 0.301	0.2875	0.2949	0.2745	0.2775	0.3919	0.3973	0.4017	0.3971	
val losses      276:	0.3151	0.3334	  0.33	0.3094	0.4892	0.5054	0.4295	0.4159	0.9118	0.8188	  1.46	 1.449	 | 0.6472 mean
                     	0.7545	0.7672	0.8394	0.7803	 1.112	 1.119	 1.125	  1.12	 2.291	 2.062	 3.759	 3.773	 | 2.145 quantile
                      	 21.47	  27.3	 3.332	 2.552	 22.09	 25.08	 5.539	 5.132	 11.31	 10.31	 10.56	 10.33	 | 27.3 max

train losses    278:	0.2738	0.2769	0.3082	0.3004	0.2874	0.2936	0.2744	0.2771	0.3908	0.3971	0.4055	0.4009	
val losses      278:	0.3146	0.3327	0.3299	 0.309	0.4893	0.5052	0.4277	0.4137	0.9314	0.8286	 1.485	 1.474	 | 0.6534 mean
                     	0.7624	 0.771	0.8367	0.7792	 1.112	 1.118	 1.122	 1.125	 2.379	  2.15	 3.759	 3.774	 | 2.181 quantile
                      	 21.27	 27.11	 3.276	 2.516	 22.01	 25.03	 5.338	 4.925	 11.47	 10.47	 10.73	 10.46	 | 27.11 max

train losses    280:	0.2748	0.2762	0.3081	0.3005	 0.288	0.2941	0.2751	 0.276	0.3914	0.3989	0.4089	0.4034	
val losses      280:	 0.315	 0.331	0.3301	0.3092	0.4827	 0.501	0.4286	0.4142	0.9118	0.8167	 1.457	 1.445	 | 0.6452 mean
                     	0.7575	0.7663	0.8399	 0.782	 1.098	 1.106	 1.118	 1.129	 2.303	 2.085	 3.744	 3.766	 | 2.136 quantile
                      	 21.42	 27.37	 3.257	  2.49	  22.1	 25.16	 5.329	 4.928	 11.33	 10.46	  10.5	 10.19	 | 27.37 max

train losses    282:	0.2733	0.2769	0.3075	0.3001	0.2864	0.2915	0.2748	0.2763	0.3878	0.3951	0.4083	 0.404	
val losses      282:	0.3146	0.3297	  0.33	0.3093	 0.484	0.5015	0.4284	 0.414	0.9149	0.8193	 1.466	 1.455	 | 0.6472 mean
                     	0.7649	0.7671	0.8399	0.7796	 1.097	 1.104	 1.136	 1.133	 2.289	 2.084	 3.749	  3.76	 | 2.136 quantile
                      	 21.44	 27.41	 3.345	 2.571	 22.07	 25.14	 5.478	 5.071	 11.36	 10.45	 10.48	 10.23	 | 27.41 max

train losses    284:	0.2757	0.2755	0.3089	0.3001	0.2856	0.2933	0.2733	0.2743	0.3891	0.3954	0.4066	 0.402	
val losses      284:	0.3147	0.3345	  0.33	0.3094	0.4865	0.5004	0.4298	0.4161	0.9069	0.8136	 1.464	 1.455	 | 0.6467 mean
                     	0.7567	0.7795	0.8385	0.7803	 1.097	 1.103	 1.127	 1.128	 2.273	 2.044	 3.762	 3.769	 | 2.134 quantile
                      	 21.26	 27.29	 3.392	 2.621	 22.01	 25.13	  5.52	 5.109	 11.34	 10.46	 10.77	 10.51	 | 27.29 max

train losses    286:	0.2747	0.2743	0.3069	0.2991	0.2865	0.2904	0.2725	0.2735	0.3895	 0.394	0.4054	0.4014	
val losses      286:	 0.313	0.3294	0.3302	0.3093	0.4851	0.4984	0.4305	0.4177	0.9049	0.8077	 1.452	 1.443	 | 0.6435 mean
                     	0.7518	0.7619	 0.844	0.7808	 1.092	 1.084	 1.131	 1.129	 2.244	 2.031	  3.75	 3.784	 | 2.111 quantile
                      	 21.28	 27.46	 3.373	 2.611	 22.06	 25.26	 5.378	 5.083	 11.46	 10.57	 10.95	 10.66	 | 27.46 max

train losses    288:	0.2728	0.2753	0.3075	   0.3	0.2842	0.2926	0.2713	0.2728	0.3886	0.3963	0.4013	0.3971	
val losses      288:	0.3147	0.3308	0.3305	0.3094	0.4827	0.4987	 0.432	0.4188	0.9161	0.8215	 1.458	 1.447	 | 0.6467 mean
                     	0.7534	0.7636	0.8416	0.7825	 1.109	 1.089	 1.135	 1.133	 2.287	 2.059	 3.742	 3.755	 | 2.13 quantile
                      	  21.3	  27.6	 3.452	 2.693	 22.03	 25.25	 5.479	 5.109	 11.29	 10.35	 11.08	 10.79	 | 27.6 max

train losses    290:	0.2728	 0.275	0.3072	0.2991	0.2839	0.2907	0.2713	 0.272	 0.387	0.3963	0.3921	0.3902	
val losses      290:	0.3154	0.3326	0.3297	0.3087	0.4886	0.5034	0.4302	0.4157	0.9305	0.8273	 1.456	 1.444	 | 0.6485 mean
                     	 0.758	0.7687	0.8459	0.7765	 1.102	 1.102	 1.128	 1.129	 2.375	 2.113	 3.723	 3.718	 | 2.149 quantile
                      	 21.44	 27.82	  3.47	 2.699	 22.26	 25.48	 5.469	 5.124	 11.41	 10.56	  11.1	 10.84	 | 27.82 max

train losses    292:	0.2717	0.2747	0.3074	0.2988	0.2842	0.2921	0.2712	0.2728	0.3857	0.3929	0.3897	0.3874	
val losses      292:	0.3146	0.3323	0.3299	0.3088	 0.489	0.5032	0.4286	0.4146	0.9226	0.8225	 1.465	 1.453	 | 0.6487 mean
                     	0.7601	0.7727	0.8431	0.7824	 1.114	 1.101	 1.119	  1.12	 2.329	 2.084	 3.693	 3.698	 | 2.146 quantile
                      	 21.33	 27.62	 3.469	 2.689	 22.24	 25.43	 5.495	 5.118	 11.49	 10.54	 11.23	 10.94	 | 27.62 max

train losses    294:	0.2707	0.2739	0.3066	0.2984	0.2839	0.2912	0.2694	0.2704	0.3864	0.3899	0.3894	0.3853	
val losses      294:	 0.315	0.3335	0.3301	 0.309	0.4858	0.5008	0.4293	0.4154	0.9136	0.8211	 1.453	 1.439	 | 0.6455 mean
                     	0.7531	0.7736	0.8399	0.7808	  1.11	 1.088	 1.127	  1.13	 2.302	 2.067	 3.662	 3.671	 | 2.136 quantile
                      	 21.21	 27.53	 3.452	 2.689	 22.11	  25.3	 5.383	 5.183	 11.34	 10.43	 11.11	 10.79	 | 27.53 max

train losses    296:	0.2714	0.2744	0.3067	0.2987	0.2833	0.2905	0.2693	 0.271	0.3848	0.3914	0.3896	0.3861	
val losses      296:	0.3139	0.3289	0.3304	0.3091	0.4831	0.4983	0.4315	0.4182	0.9031	0.8098	 1.431	 1.419	 | 0.6397 mean
                     	0.7437	0.7616	0.8447	0.7829	 1.088	 1.077	  1.12	 1.123	 2.236	 2.027	 3.618	 3.618	 | 2.11 quantile
                      	 21.32	 27.78	 3.568	 2.812	 22.34	  25.6	 5.519	 5.138	 11.52	  10.6	 11.11	 10.83	 | 27.78 max

train losses    298:	0.2705	0.2754	0.3061	0.2983	0.2828	0.2902	0.2679	0.2702	0.3845	0.3932	0.3946	0.3908	
val losses      298:	0.3145	0.3313	0.3292	0.3082	0.4897	0.5038	0.4291	0.4149	0.9229	0.8226	 1.459	 1.446	 | 0.6476 mean
                     	0.7528	0.7619	 0.838	0.7762	 1.106	 1.094	 1.121	 1.128	 2.347	 2.094	 3.645	 3.662	 | 2.156 quantile
                      	 21.24	  27.7	  3.53	 2.771	 22.16	 25.39	 5.481	 5.154	 11.42	 10.51	  10.9	 10.65	 | 27.7 max

