train losses      0:	 0.668	0.6535	0.5019	0.4609	 0.782	0.8162	0.6334	0.5601	 1.607	 1.637	 1.531	 1.519	
val losses        0:	0.7638	0.8407	  1.41	0.8778	0.9044	 1.031	 6.255	 3.186	 1.802	 1.715	 2.462	 1.068	 | 1.86 mean
                     	 1.737	 1.646	 2.241	 1.689	  2.25	 2.311	  7.07	 4.081	 4.837	 4.802	 4.735	 3.428	 | 6.222 quantile
                      	 4.511	 4.097	 4.488	 3.292	 4.794	 4.474	 10.43	  6.57	 9.262	  9.19	 8.035	 6.196	 | 10.43 max

train losses      2:	0.5743	0.5888	0.4753	0.4765	0.7174	 0.756	0.5938	0.5538	  1.52	   1.6	 1.489	 1.508	
val losses        2:	 1.158	 1.147	  1.14	0.9475	0.9364	0.7084	0.6687	 0.467	 1.401	 1.577	 1.037	 1.091	 | 1.023 mean
                     	   1.9	 1.869	 1.836	 1.683	 2.028	 1.828	 1.475	 1.151	 4.144	 4.443	 3.304	 3.316	 | 2.428 quantile
                      	 4.232	 3.593	 3.931	  3.18	 4.158	 5.644	 3.895	 3.427	  8.66	 8.643	 5.653	 6.204	 | 8.66 max

train losses      4:	 0.499	0.5282	0.4201	0.4283	0.6217	0.6852	0.5277	0.5242	 1.381	 1.518	 1.446	 1.468	
val losses        4:	0.3608	0.3205	0.3143	0.3399	0.5486	0.5523	0.4452	0.4221	 1.205	 1.413	 1.012	  1.07	 | 0.667 mean
                     	0.9331	0.8468	0.8193	0.9024	 1.542	 1.525	 1.085	 1.047	 3.421	 3.978	 3.205	 3.335	 | 2.175 quantile
                      	 3.797	 3.374	 2.915	 2.584	 3.294	 3.892	 3.081	 3.656	 7.121	 7.954	 5.448	 6.366	 | 7.954 max

train losses      6:	0.4497	0.4973	0.4027	0.4049	0.5643	0.6379	0.5009	 0.508	 1.178	 1.384	 1.382	 1.431	
val losses        6:	0.2984	0.3167	0.3029	0.3286	0.4226	0.4975	0.3612	0.3803	0.9297	 1.165	  1.04	 1.109	 | 0.596 mean
                     	 0.812	0.8251	0.7859	0.8826	 1.239	 1.431	0.9398	0.9509	 2.944	  3.45	 3.179	 3.264	 | 1.97 quantile
                      	 3.752	 3.934	 2.806	 2.361	 2.903	 4.132	 3.442	 3.028	 5.911	 7.292	 5.262	 6.734	 | 7.292 max

train losses      8:	0.4252	 0.484	0.3982	0.4042	0.5191	0.6073	0.4983	0.5069	0.9494	  1.19	 1.317	 1.383	
val losses        8:	0.2702	0.3016	 0.304	0.3066	 0.373	0.4726	0.3973	0.3657	0.7299	0.9507	 1.008	 1.054	 | 0.5445 mean
                     	0.7934	0.8003	0.7871	0.8078	 1.064	 1.347	0.9897	0.9541	 2.347	 2.855	 2.979	 3.202	 | 1.76 quantile
                      	 3.292	 3.742	 2.528	  2.27	 2.815	 3.773	 3.708	 3.152	 4.836	 6.169	 4.814	 6.596	 | 6.596 max

train losses     10:	0.4154	0.4662	0.4042	0.4096	0.5052	0.5721	0.5133	 0.507	0.8196	0.9979	 1.255	 1.323	
val losses       10:	0.2654	0.2789	0.3036	0.2998	0.3674	0.4227	0.3799	0.3696	 0.607	 0.773	 1.004	  1.04	 | 0.5093 mean
                     	0.7402	0.7368	0.7725	 0.801	0.9994	 1.215	0.9984	0.9526	 1.723	 2.207	 2.846	  3.03	 | 1.644 quantile
                      	 3.028	 3.372	 2.269	 2.272	 3.045	 3.566	  3.87	 3.023	 3.984	 5.498	 4.602	 6.577	 | 6.577 max

train losses     12:	0.4078	0.4431	0.4081	0.4169	0.5207	0.5363	0.5196	0.5035	0.7419	0.8395	 1.204	  1.25	
val losses       12:	 0.256	0.2586	0.3018	0.3037	0.3622	  0.39	0.3726	0.3645	0.5384	0.5907	 1.013	 1.012	 | 0.4802 mean
                     	0.6708	  0.68	0.7742	0.8077	0.9876	 1.081	 1.008	0.9417	 1.489	 1.681	 2.819	  2.94	 | 1.556 quantile
                      	 2.727	 2.828	 2.445	 2.291	 3.011	 3.258	   3.9	 3.034	 3.516	 4.856	 4.469	 6.136	 | 6.136 max

train losses     14:	0.3925	0.4221	0.4099	 0.418	0.5147	0.5085	0.5164	0.4981	0.7381	0.7763	 1.164	 1.186	
val losses       14:	 0.233	0.2304	0.2967	0.3055	0.3806	0.3587	0.3851	0.3583	0.7375	0.7024	 1.033	0.9962	 | 0.5014 mean
                     	0.6228	0.6107	0.7643	0.8134	 1.008	0.9783	 1.048	0.9256	 1.796	 1.668	 2.943	 2.809	 | 1.605 quantile
                      	 2.643	 2.459	 2.571	 2.195	 2.964	 2.929	 3.827	 2.733	 3.101	 4.355	 4.228	 5.439	 | 5.439 max

train losses     16:	0.3867	0.4147	0.4133	0.4127	0.5258	0.5042	 0.512	0.4934	0.9333	0.9172	 1.169	 1.173	
val losses       16:	0.2296	0.2285	0.2962	0.2931	0.3396	0.3578	0.3602	0.3501	 0.532	0.5389	 1.058	 1.021	 | 0.4671 mean
                     	0.5865	0.5817	0.7577	 0.783	0.9388	0.9294	0.9622	0.9135	 1.663	 1.456	 2.833	 2.746	 | 1.557 quantile
                      	 2.544	 2.202	 2.539	 2.221	 2.565	 2.837	 3.896	 2.834	 3.128	 3.996	 4.369	 5.052	 | 5.052 max

train losses     18:	 0.386	0.4095	 0.412	0.4045	0.5101	0.4978	0.4963	0.4878	0.8314	0.8453	 1.152	 1.153	
val losses       18:	0.2193	0.2187	0.2937	0.2879	0.3401	  0.34	0.3555	0.3591	0.6119	0.5889	 1.095	 1.065	 | 0.4812 mean
                     	0.5662	0.5559	0.7653	 0.779	0.9287	0.8731	0.9193	0.9053	 1.602	 1.508	 2.866	 2.772	 | 1.603 quantile
                      	 2.549	 2.074	 2.639	 2.088	 2.307	 2.515	  3.66	 2.635	 3.213	 4.127	 4.724	 4.828	 | 4.828 max

train losses     20:	0.3828	0.3963	0.4032	0.3979	0.4884	0.4806	0.4851	0.4832	0.7603	0.7663	 1.162	 1.162	
val losses       20:	0.2194	0.2228	0.2922	0.2835	0.3401	0.3549	0.3322	0.3466	0.5659	0.5367	  1.06	 1.031	 | 0.4655 mean
                     	0.5961	0.5768	0.7491	0.7572	0.9132	0.8963	0.8656	0.8797	 1.592	 1.485	 2.799	 2.844	 | 1.538 quantile
                      	 2.515	 2.057	 2.462	 2.109	 2.314	  2.84	  3.92	 2.576	 4.135	  3.76	 4.694	 4.751	 | 4.751 max

train losses     22:	0.3925	0.4067	0.4075	0.4005	0.4831	 0.484	0.4862	0.4824	0.8759	0.8758	 1.188	 1.181	
val losses       22:	0.2235	 0.215	 0.291	0.2828	0.3256	0.3303	0.3299	0.3474	0.5849	0.5652	 1.075	 1.064	 | 0.4695 mean
                     	0.6066	0.5508	0.7477	0.7633	0.8644	0.8381	0.8634	0.8796	 1.651	 1.592	 2.775	 2.801	 | 1.619 quantile
                      	  2.55	 1.843	 2.534	 2.166	 2.374	 2.427	 4.106	 2.725	 4.696	 3.729	 4.539	 5.091	 | 5.091 max

train losses     24:	0.4032	0.4071	0.4076	0.3979	0.4808	0.4807	0.4859	0.4813	0.7713	0.7984	 1.218	 1.183	
val losses       24:	0.2402	0.2154	0.2875	0.2824	0.3143	0.3233	0.3274	0.3401	  0.52	0.4867	  1.03	 1.023	 | 0.4491 mean
                     	0.6014	  0.55	0.7412	0.7551	0.8559	0.8181	0.8747	0.8726	 1.364	 1.283	 2.899	 2.829	 | 1.477 quantile
                      	  2.46	 2.069	 2.406	 2.122	 2.197	 2.128	 3.717	 2.563	 4.018	  3.59	  4.24	 4.732	 | 4.732 max

train losses     26:	 0.378	0.3935	0.3943	  0.39	0.4652	0.4649	0.4732	0.4693	0.7264	0.7302	 1.123	 1.121	
val losses       26:	0.2094	0.2397	0.2864	0.2838	0.3351	0.3317	0.3303	0.3341	0.6735	0.6113	 1.016	 1.008	 | 0.4715 mean
                     	0.5569	0.5988	0.7372	0.7533	 0.869	0.8205	0.8778	0.8589	 1.535	 1.574	 2.853	 2.866	 | 1.513 quantile
                      	 2.303	  2.04	 2.302	 2.037	 1.987	 2.016	 3.492	  2.66	  2.96	 3.442	 4.202	 4.859	 | 4.859 max

train losses     28:	0.3627	0.3863	0.3911	0.3847	0.4606	0.4603	0.4657	0.4628	0.6761	 0.685	 1.111	 1.106	
val losses       28:	   0.2	0.1922	0.2861	0.2845	0.3077	0.3138	0.3301	0.3361	0.5474	0.5551	 1.086	 1.063	 | 0.4585 mean
                     	0.5445	0.5002	0.7367	0.7623	0.8321	0.7885	0.8549	 0.844	 1.348	 1.423	 2.786	 2.795	 | 1.536 quantile
                      	 2.361	 1.653	 2.227	 2.199	  2.49	 2.161	 3.946	 2.959	  3.61	 2.747	 4.718	 4.842	 | 4.842 max

train losses     30:	0.3519	  0.37	 0.385	 0.383	0.4484	0.4461	0.4584	0.4565	0.6637	0.6689	 1.117	 1.118	
val losses       30:	0.1996	0.1884	0.2846	0.2827	0.3397	0.3444	0.3212	 0.335	0.5165	0.4352	  1.07	  1.05	 | 0.4473 mean
                     	0.5567	0.4924	0.7314	0.7459	0.9042	 0.847	0.8401	0.8531	 1.301	 1.083	 2.923	 2.908	 | 1.469 quantile
                      	 2.381	 1.858	 2.226	 2.129	 2.197	 2.214	 3.433	 2.739	 3.194	 2.757	 4.677	 4.544	 | 4.677 max

train losses     32:	0.3496	0.3642	  0.38	0.3768	 0.454	0.4563	0.4555	0.4505	0.6576	 0.667	 1.129	 1.122	
val losses       32:	0.2121	0.1849	0.2865	0.2829	0.3139	0.3236	0.3215	0.3296	0.5091	0.4513	 1.109	   1.1	 | 0.4521 mean
                     	0.5702	0.4854	0.7406	0.7504	0.8329	0.7991	0.8354	0.8353	 1.311	 1.205	 2.862	 2.857	 | 1.547 quantile
                      	 2.381	 1.955	 2.365	 1.993	 2.239	 2.036	 3.616	 2.783	 2.839	 3.103	 5.053	 4.769	 | 5.053 max

train losses     34:	0.3594	0.3688	0.3828	0.3792	0.4629	0.4623	0.4631	0.4567	0.7217	0.7216	 1.316	 1.292	
val losses       34:	0.2041	0.1858	 0.284	0.2831	0.3086	0.3199	0.3148	0.3256	0.5428	0.4598	 1.026	  1.02	 | 0.4395 mean
                     	0.5543	0.4701	0.7275	0.7515	0.8124	0.7919	0.8397	0.8351	 1.308	 1.126	 2.791	 2.776	 | 1.436 quantile
                      	 2.332	 1.904	 2.225	 1.983	 2.348	 1.898	 3.552	 2.691	 3.174	 2.602	 4.562	 4.547	 | 4.562 max

train losses     36:	 0.363	0.3781	0.3857	0.3801	0.4604	0.4549	0.4582	0.4528	 0.742	0.7418	 1.225	 1.212	
val losses       36:	0.1956	0.1765	0.2823	0.2835	0.3034	0.3168	0.3167	0.3255	0.5158	0.4351	  1.01	 1.005	 | 0.4305 mean
                     	0.5405	0.4536	0.7338	0.7552	 0.799	0.7979	0.8316	0.8173	 1.283	 1.176	 2.824	 2.828	 | 1.415 quantile
                      	 2.427	 1.835	 2.252	 2.087	 2.227	 1.827	 3.855	  2.89	 3.084	 2.502	 4.037	 4.227	 | 4.227 max

train losses     38:	0.3621	0.3676	 0.379	0.3771	0.4548	 0.453	0.4491	0.4442	0.8392	0.8654	 1.178	 1.174	
val losses       38:	0.1982	0.1924	0.2808	0.2819	0.3045	0.3166	0.3169	 0.337	0.7134	0.6096	 1.031	 1.023	 | 0.4671 mean
                     	0.5597	0.4875	0.7226	0.7471	0.8076	0.8134	 0.848	0.8589	  1.65	 1.416	 2.799	 2.804	 | 1.545 quantile
                      	 2.191	 1.853	 2.151	 2.041	 2.142	 1.933	 3.533	 2.674	 2.874	 2.866	 4.323	 4.635	 | 4.635 max

train losses     40:	0.3745	0.3782	0.3757	0.3712	0.4462	0.4472	0.4501	0.4429	0.9942	0.9446	 1.125	 1.121	
val losses       40:	0.2568	0.2159	0.2817	0.2831	0.3059	0.3144	0.3104	0.3242	0.5945	0.5197	 1.022	 1.027	 | 0.4547 mean
                     	0.6629	 0.553	 0.735	0.7451	0.7971	0.7951	0.8143	0.8289	 1.505	 1.352	 2.866	 2.811	 | 1.49 quantile
                      	 2.281	  1.81	 2.298	 2.051	 2.091	 1.835	  3.54	 2.699	 3.673	 3.453	 4.064	 4.443	 | 4.443 max

train losses     42:	0.4042	0.4327	 0.371	0.3667	0.4822	0.4849	0.4419	0.4412	0.7497	0.7667	 1.089	 1.091	
val losses       42:	0.2244	0.2017	0.2802	 0.283	0.3342	0.3482	0.3092	0.3244	 0.613	0.5274	 1.027	 1.022	 | 0.4578 mean
                     	0.5953	 0.533	0.7213	0.7448	0.8248	0.8221	0.8189	0.8362	 1.531	 1.402	 2.877	 2.842	 | 1.491 quantile
                      	 2.627	 2.103	 2.267	 1.984	 1.993	 1.762	 3.448	 2.658	 3.465	 3.339	 4.252	 4.354	 | 4.354 max

train losses     44:	0.3587	0.3726	0.3695	0.3631	0.4798	0.4832	0.4368	0.4317	0.6255	0.6318	 1.035	 1.039	
val losses       44:	0.2146	0.1992	0.2801	0.2818	0.3316	0.3339	0.3091	 0.321	0.4872	0.3956	 1.025	 1.011	 | 0.4325 mean
                     	0.5717	0.5177	0.7174	0.7546	0.8418	0.8349	 0.818	0.8434	 1.204	 1.061	 2.888	 2.848	 | 1.419 quantile
                      	 2.749	  2.11	 2.175	 2.028	 1.867	  1.97	 3.302	 2.695	 2.957	 2.353	 4.372	 4.358	 | 4.372 max

train losses     46:	0.3419	0.3533	0.3643	0.3606	0.4826	0.5081	0.4294	0.4275	0.5836	0.5843	 1.021	 1.017	
val losses       46:	0.2006	0.1759	  0.28	0.2806	0.3055	0.3135	0.3101	0.3206	  0.47	0.3857	  1.04	 1.025	 | 0.4256 mean
                     	0.5601	0.4653	0.7239	0.7494	0.8139	 0.788	0.8007	0.8192	 1.148	 1.029	 2.894	 2.853	 | 1.417 quantile
                      	 2.581	 1.911	 2.191	 2.051	  2.17	 1.904	 3.228	 2.714	 2.714	 2.089	 4.629	 4.515	 | 4.629 max

train losses     48:	0.3256	0.3328	0.3608	0.3561	0.4257	0.4291	0.4217	0.4199	0.5756	0.5721	 1.004	 1.001	
val losses       48:	 0.198	0.1692	0.2791	0.2807	0.3015	0.3092	 0.306	0.3174	 0.457	0.3761	  1.04	 1.028	 | 0.4219 mean
                     	0.5511	0.4355	0.7211	0.7505	0.7971	0.7817	 0.809	0.8145	 1.156	0.9834	 2.924	 2.889	 | 1.416 quantile
                      	 2.438	 1.769	 2.201	 2.069	 2.222	 1.932	  3.21	 2.658	 2.492	 2.116	 4.664	 4.542	 | 4.664 max

train losses     50:	0.3167	0.3249	0.3563	0.3518	0.4168	0.4209	0.4132	0.4118	0.5543	0.5598	0.9928	0.9924	
val losses       50:	0.1956	 0.168	0.2789	0.2803	0.2969	0.3033	 0.308	0.3205	0.4665	0.3945	 1.043	 1.029	 | 0.4237 mean
                     	0.5431	 0.444	0.7155	0.7446	0.7761	0.7788	0.8109	0.8104	 1.192	 1.066	 2.885	 2.868	 | 1.433 quantile
                      	 2.364	 1.836	  2.11	 2.042	 2.133	 2.009	 3.336	 2.646	 2.848	 2.285	 4.717	  4.56	 | 4.717 max

train losses     52:	0.3138	0.3176	0.3536	0.3474	0.4085	0.4128	0.4064	0.4067	0.5533	0.5582	0.9869	0.9868	
val losses       52:	0.1893	 0.167	0.2795	0.2803	0.2955	0.2996	0.3052	0.3175	0.4675	0.3891	 1.037	 1.023	 | 0.4208 mean
                     	0.5313	0.4426	0.7152	0.7432	0.7895	0.7847	0.8118	0.8081	  1.19	 1.049	 2.871	 2.821	 | 1.438 quantile
                      	 2.328	 1.776	 2.141	 2.008	 2.114	 1.887	 3.336	 2.628	 2.726	 2.288	 4.654	  4.55	 | 4.654 max

train losses     54:	0.3056	0.3134	0.3504	0.3447	0.4018	0.4047	0.4024	0.4024	0.5502	 0.558	0.9938	0.9931	
val losses       54:	0.1913	0.1673	0.2789	0.2802	0.2901	0.2967	0.3047	 0.315	0.4716	0.3858	 1.043	 1.031	 | 0.4213 mean
                     	0.5465	0.4471	0.7161	 0.743	0.7748	0.7627	0.7979	0.7995	  1.18	 1.019	 2.852	 2.794	 | 1.435 quantile
                      	 2.334	  1.71	 2.158	 2.021	 1.931	 1.865	  3.45	  2.74	 2.596	 2.227	 4.774	 4.694	 | 4.774 max

train losses     56:	0.3061	0.3131	0.3489	0.3425	0.3994	0.4018	0.4002	0.4003	0.5447	0.5499	 1.011	  1.01	
val losses       56:	0.1912	0.1687	 0.279	0.2798	0.2906	0.2961	0.3044	 0.314	0.4713	0.3873	 1.061	  1.05	 | 0.4245 mean
                     	0.5505	0.4587	0.7146	0.7443	0.7807	0.7625	 0.798	0.7946	 1.188	 1.009	 2.805	 2.782	 | 1.442 quantile
                      	 2.249	 1.824	 2.154	 2.029	 2.044	 1.848	 3.306	 2.625	 2.775	 2.191	 4.927	 4.824	 | 4.927 max

train losses     58:	 0.307	0.3118	0.3472	0.3412	0.4044	0.4057	0.3997	 0.398	0.5536	0.5568	 1.062	 1.057	
val losses       58:	0.1992	0.1701	0.2787	0.2799	0.2978	0.3028	0.3055	0.3162	0.4807	0.3959	 1.101	 1.089	 | 0.4348 mean
                     	0.5557	0.4494	 0.716	0.7447	0.7881	0.7629	0.7942	0.7905	 1.188	 1.047	 2.789	 2.768	 | 1.495 quantile
                      	 2.405	 2.026	  2.12	   2.0	  2.02	 1.913	 3.238	 2.638	 2.753	  2.42	 5.169	 4.939	 | 5.169 max

train losses     60:	 0.315	0.3222	0.3482	0.3415	0.4078	0.4108	0.4052	0.4026	0.5705	0.5771	 1.184	 1.176	
val losses       60:	 0.208	 0.189	0.2789	0.2799	0.3109	0.3164	 0.305	0.3148	0.5182	0.4624	 1.151	 1.136	 | 0.4559 mean
                     	0.5724	0.4777	0.7123	0.7386	0.8009	0.8081	 0.803	0.7878	 1.291	 1.274	 2.908	 2.894	 | 1.601 quantile
                      	  2.27	 2.114	 2.206	 2.001	 2.288	 1.842	 3.252	 2.601	 3.192	 2.717	 4.897	  4.82	 | 4.897 max

train losses     62:	0.3368	0.3439	0.3463	0.3416	0.4463	0.4506	 0.401	0.4002	0.6206	 0.624	 1.176	 1.175	
val losses       62:	0.1923	0.1673	0.2793	0.2796	0.3015	 0.311	0.3007	0.3105	0.4957	0.4239	 1.071	  1.07	 | 0.4336 mean
                     	0.5496	0.4412	0.7189	0.7386	0.7949	0.7945	0.7923	0.8015	  1.26	 1.104	 2.994	 2.961	 | 1.485 quantile
                      	 2.287	 2.089	  2.27	 1.982	 1.902	 1.931	 3.051	 2.487	 2.462	 2.447	 4.615	 4.322	 | 4.615 max

train losses     64:	0.3075	0.3211	0.3469	0.3407	0.4304	0.4408	0.4023	0.4007	0.6378	0.6611	  1.08	 1.078	
val losses       64:	0.1861	0.1661	0.2791	0.2806	0.3188	0.3269	0.3022	0.3096	 0.809	0.7183	 0.972	0.9765	 | 0.4704 mean
                     	 0.516	0.4376	0.7185	0.7417	 0.804	0.7906	0.7991	0.7885	 1.683	 1.526	 2.752	 2.695	 | 1.5 quantile
                      	 2.214	 1.915	 2.197	 2.009	 1.797	 1.654	 3.149	 2.614	 2.617	  2.31	 3.868	 4.086	 | 4.086 max

train losses     66:	0.3206	0.3237	0.3456	 0.341	0.4688	0.4792	0.4014	0.3991	 0.967	  0.99	 1.002	 1.003	
val losses       66:	0.2167	0.1765	0.2777	  0.28	0.3243	0.3252	0.3023	 0.314	0.6001	0.5181	 1.028	 1.023	 | 0.4489 mean
                     	0.6095	  0.47	0.7112	0.7409	0.8699	0.8353	0.8098	0.8178	 1.531	 1.401	 2.806	 2.734	 | 1.52 quantile
                      	 2.593	 2.103	 2.105	   2.0	 2.294	 2.161	   3.0	 2.453	 3.648	 3.328	 4.446	 4.317	 | 4.446 max

train losses     68:	0.3268	 0.364	0.3519	0.3433	0.4547	0.4741	0.4107	 0.407	 1.001	 1.007	0.9964	 1.002	
val losses       68:	0.2275	0.1792	0.2781	0.2791	0.3427	0.3444	0.3018	0.3125	0.6126	0.5419	 1.016	 1.008	 | 0.4536 mean
                     	0.6255	0.4773	0.7191	0.7426	0.9425	0.9145	0.7937	0.8225	 1.542	 1.287	  2.81	  2.81	 | 1.475 quantile
                      	 2.609	 2.137	 2.152	 2.015	  2.28	 2.061	 3.037	  2.53	 3.142	 3.101	 4.603	 4.507	 | 4.603 max

train losses     70:	0.3806	0.3742	0.3467	0.3406	0.4767	0.4815	0.4063	0.4051	0.9251	0.9237	 0.983	0.9811	
val losses       70:	0.2751	0.2594	0.2781	0.2801	0.3797	 0.396	0.3037	0.3115	0.7157	0.6357	 1.023	 1.016	 | 0.4895 mean
                     	 0.761	0.6189	0.7102	0.7462	 1.021	 1.039	0.8029	0.8014	 1.827	 1.576	 2.833	 2.818	 | 1.585 quantile
                      	 2.619	 1.997	 2.203	  2.01	 2.647	 2.431	 3.263	 2.634	 4.318	 4.103	  4.39	 4.291	 | 4.39 max

train losses     72:	0.3494	0.3588	0.3472	  0.34	0.4293	0.4388	0.4043	0.4044	0.6972	0.7016	0.9548	0.9536	
val losses       72:	0.2717	0.2514	0.2787	0.2796	0.3336	0.3594	0.3014	0.3109	0.5013	 0.426	 1.028	 1.014	 | 0.4463 mean
                     	0.6362	0.5843	0.7218	0.7401	  0.84	0.8704	 0.786	0.7954	 1.244	 1.091	 2.783	 2.861	 | 1.415 quantile
                      	 2.581	 1.865	 2.164	 1.996	 1.811	 1.543	 3.141	 2.536	 2.394	 2.366	 4.346	 4.266	 | 4.346 max

train losses     74:	0.3778	0.3856	0.3487	0.3408	0.4199	0.4306	0.4014	0.4012	0.6244	 0.617	0.9483	0.9448	
val losses       74:	0.2435	0.2582	0.2789	0.2809	0.3184	0.3275	0.3003	0.3113	0.4816	0.3786	 1.028	 1.019	 | 0.4355 mean
                     	0.7038	0.6719	0.7215	0.7434	0.8163	0.8402	0.7938	0.8015	 1.162	0.9757	 2.817	 2.831	 | 1.394 quantile
                      	 2.403	 2.041	 2.056	 2.017	 2.238	 1.924	 3.092	 2.563	 2.105	 1.831	  4.47	 4.196	 | 4.47 max

train losses     76:	0.3245	0.3271	0.3451	0.3367	0.4072	0.4116	0.3961	 0.394	0.5656	 0.561	0.9439	0.9419	
val losses       76:	0.2161	0.1883	0.2776	0.2799	0.2942	0.3032	0.2999	0.3117	0.4578	0.3678	 1.004	0.9938	 | 0.4162 mean
                     	0.6016	0.4958	0.7171	0.7414	0.7846	0.7795	0.7993	 0.811	 1.122	0.9426	 2.762	 2.746	 | 1.384 quantile
                      	 2.566	 2.138	 2.133	 2.037	 2.114	  2.02	 3.169	 2.654	 2.222	 1.863	 4.458	 4.198	 | 4.458 max

train losses     78:	0.3071	0.3171	0.3415	0.3343	0.3953	0.4071	 0.393	0.3908	0.5421	0.5484	0.9506	0.9488	
val losses       78:	0.2033	 0.178	0.2775	0.2797	   0.3	0.3057	0.2995	0.3105	0.4707	0.3977	0.9661	0.9616	 | 0.4125 mean
                     	0.5912	0.4709	0.7106	0.7459	0.8069	 0.801	0.7966	0.7843	 1.181	 1.078	 2.717	 2.661	 | 1.374 quantile
                      	 2.247	 1.729	 2.121	 2.028	 2.308	  1.88	 3.335	 2.817	 2.576	 2.078	  4.32	 4.134	 | 4.32 max

train losses     80:	0.3007	0.3049	0.3394	0.3323	0.3932	0.4004	 0.385	0.3847	0.5408	0.5438	0.9813	0.9792	
val losses       80:	0.2042	0.1817	0.2779	0.2795	0.2931	0.2968	0.3008	0.3118	0.4825	0.3903	 1.059	 1.052	 | 0.4275 mean
                     	0.5823	0.4754	0.7147	0.7442	0.7647	0.7813	 0.791	0.7821	 1.185	0.9979	 2.737	 2.698	 | 1.434 quantile
                      	 2.279	  1.67	 2.165	  2.02	 2.051	 1.936	 3.283	 2.766	 2.407	 2.079	 4.614	 4.466	 | 4.614 max

train losses     82:	0.2947	0.2963	0.3379	0.3313	0.3877	0.3919	0.3833	0.3825	0.5417	0.5418	0.9761	  0.97	
val losses       82:	0.2071	 0.173	0.2774	0.2794	0.2973	0.3022	0.2973	0.3068	0.4554	0.3736	 1.004	 1.008	 | 0.4152 mean
                     	0.5661	0.4487	 0.716	0.7392	0.7885	0.7676	0.7843	0.7933	 1.149	0.9499	 2.752	 2.766	 | 1.352 quantile
                      	 2.403	 1.929	  2.15	  1.99	  2.03	 1.889	 3.099	 2.611	 1.869	 1.956	 4.188	 4.128	 | 4.188 max

train losses     84:	0.2909	0.2926	0.3376	0.3304	0.3892	0.3942	0.3835	0.3817	0.5661	0.5655	 1.028	 1.023	
val losses       84:	0.1911	0.1633	 0.278	0.2792	0.2881	0.2958	 0.298	0.3078	0.5098	0.4182	 1.094	 1.087	 | 0.4342 mean
                     	  0.55	0.4405	0.7189	0.7415	0.7524	0.7655	0.7767	0.7679	 1.224	 1.099	 2.731	 2.747	 | 1.467 quantile
                      	 2.177	 1.743	 2.095	 1.997	  1.95	 1.735	 3.214	 2.691	 2.102	 2.245	 4.629	 4.498	 | 4.629 max

train losses     86:	0.2871	 0.292	0.3361	0.3287	0.3867	0.3929	0.3787	0.3769	 0.583	0.5856	 1.022	 1.019	
val losses       86:	0.1872	0.1706	0.2772	0.2793	0.2905	0.2967	0.2968	0.3066	0.4881	0.3924	 1.013	  1.02	 | 0.4182 mean
                     	0.5383	0.4515	0.7148	0.7419	0.7628	0.7643	0.7847	0.7809	 1.212	 1.075	 2.765	 2.801	 | 1.43 quantile
                      	  2.18	  1.77	  2.09	 2.016	 1.927	 1.835	 3.334	 2.857	 2.777	 2.303	 4.018	 4.035	 | 4.035 max

train losses     88:	0.2882	0.2895	 0.336	0.3284	0.3807	0.3873	0.3768	0.3763	0.5857	0.5946	0.9358	0.9344	
val losses       88:	0.1889	0.1595	0.2777	0.2798	0.2852	0.2888	0.3013	0.3119	0.4645	0.3833	 1.108	 1.097	 | 0.4288 mean
                     	0.5187	0.4306	 0.711	0.7412	0.7455	0.7532	0.7906	0.7941	 1.118	0.9395	 2.757	 2.765	 | 1.461 quantile
                      	 2.205	  1.73	 2.126	 1.966	 2.077	 1.665	 3.103	 2.611	 2.275	 1.947	 4.715	 4.583	 | 4.715 max

train losses     90:	 0.285	0.2915	0.3358	0.3281	0.3852	0.3882	  0.38	0.3784	0.6155	0.6175	 1.013	 1.008	
val losses       90:	0.1912	0.1638	0.2777	0.2793	 0.291	0.2918	 0.297	0.3071	0.5055	0.4126	 1.046	 1.043	 | 0.4255 mean
                     	0.5539	0.4506	0.7144	0.7447	0.7676	0.7615	 0.785	0.7827	 1.286	 1.083	 2.673	 2.674	 | 1.432 quantile
                      	 2.202	 1.786	 2.145	  1.98	 2.071	 1.867	 3.082	 2.602	 2.228	 2.671	 4.904	 4.834	 | 4.904 max

train losses     92:	0.2942	0.2987	0.3366	0.3289	0.3948	0.3954	0.3899	0.3878	 0.637	 0.639	 1.259	 1.245	
val losses       92:	0.2096	0.1756	0.2783	0.2796	0.3058	0.3091	0.2979	0.3066	0.5503	  0.46	 1.131	 1.112	 | 0.4514 mean
                     	0.6045	0.4841	0.7197	0.7423	0.8326	0.8166	0.7823	 0.774	 1.376	 1.202	 2.796	 2.808	 | 1.606 quantile
                      	  2.24	  1.75	 2.169	 1.965	 2.351	 1.925	 3.141	 2.645	 2.667	 2.949	 4.899	 4.688	 | 4.899 max

train losses     94:	0.3198	0.3271	0.3386	0.3304	0.4249	0.4282	0.3987	0.3958	0.7346	0.7389	 1.284	 1.279	
val losses       94:	0.1932	0.1773	0.2782	0.2802	 0.314	 0.317	0.3253	0.3288	0.6299	0.5922	 1.015	 1.025	 | 0.4564 mean
                     	 0.537	0.4569	0.7195	0.7447	 0.776	0.7818	0.8534	0.8665	 1.549	 1.285	 2.768	 2.793	 | 1.476 quantile
                      	  2.15	 1.753	 2.217	 2.013	  1.99	 1.745	 3.711	 3.202	 2.316	 2.039	 4.285	 4.301	 | 4.301 max

train losses     96:	0.3324	0.3521	 0.341	0.3343	0.4382	0.4451	0.4216	0.4218	 1.053	 1.059	 1.184	 1.184	
val losses       96:	0.1979	0.1927	0.2791	0.2816	0.3116	0.3139	  0.32	0.3278	0.5882	0.5321	 1.017	 1.023	 | 0.4488 mean
                     	0.5533	0.5043	 0.717	 0.748	0.8164	0.8027	  0.81	0.8087	 1.529	 1.467	 2.707	 2.751	 | 1.476 quantile
                      	 2.323	 1.865	 2.241	 2.032	 2.245	 2.147	 3.457	 2.864	 3.693	 3.672	 4.325	 4.458	 | 4.458 max

train losses     98:	0.4029	0.4098	0.3501	0.3384	0.5097	0.5156	0.4403	0.4377	 1.306	  1.33	 1.111	 1.116	
val losses       98:	0.2236	0.1988	0.2779	0.2799	0.3425	0.3355	0.3244	0.3369	0.6839	0.6291	 1.016	 1.023	 | 0.4726 mean
                     	0.6711	0.5215	0.7113	0.7412	0.9436	0.8744	0.9047	0.8992	  1.79	  1.51	 2.893	 2.834	 | 1.524 quantile
                      	 2.414	 1.663	 2.217	 1.959	 2.024	 2.105	  2.86	 2.691	 4.421	 4.355	 4.109	  4.47	 | 4.47 max

train losses    100:	0.4171	0.4509	0.3517	0.3448	0.4811	0.5066	0.4608	0.4594	0.9392	0.9417	 1.088	 1.075	
val losses      100:	0.2155	0.2078	0.2796	0.2826	0.3158	0.3353	 0.307	0.3218	0.6056	0.5275	 1.038	 1.048	 | 0.457 mean
                     	0.5712	0.5242	0.7151	0.7456	0.7884	0.8356	0.7891	0.8131	 1.545	 1.364	 2.926	  2.87	 | 1.474 quantile
                      	 2.393	  1.98	 2.244	 2.006	 1.652	 1.779	 3.341	 2.801	 3.113	 2.941	 4.268	 4.292	 | 4.292 max

train losses    102:	0.3963	0.4055	0.3448	0.3392	0.4542	0.4683	0.4382	0.4375	0.8087	0.8067	 1.025	 1.016	
val losses      102:	0.2223	0.1806	0.2786	0.2806	 0.301	0.3129	0.3051	0.3154	 0.529	0.4745	   1.0	 1.001	 | 0.4335 mean
                     	0.6077	0.4629	0.7224	0.7509	0.7933	0.7964	0.7959	0.7953	 1.359	 1.169	 2.813	 2.821	 | 1.422 quantile
                      	  2.73	  1.78	 2.178	 2.015	 1.924	 1.812	 3.124	 2.643	 2.728	 2.911	  4.42	 4.392	 | 4.42 max

train losses    104:	0.3603	 0.366	0.3398	0.3345	0.4495	0.4538	0.4142	0.4132	0.6728	0.6824	0.9773	0.9732	
val losses      104:	0.2346	0.1977	0.2784	0.2805	0.3196	0.3248	0.3065	0.3166	0.5349	0.4476	  0.98	0.9767	 | 0.4332 mean
                     	0.6358	0.5011	0.7251	0.7506	0.8531	0.8166	0.7928	0.8113	 1.281	 1.123	 2.774	 2.814	 | 1.379 quantile
                      	 2.468	 1.909	 2.185	  2.04	 2.072	 1.851	 3.052	 2.553	 2.681	 2.861	 4.232	 4.004	 | 4.232 max

train losses    106:	0.3472	0.3678	0.3395	0.3312	0.4142	0.4244	0.4118	0.4118	0.6023	0.6089	0.9438	0.9408	
val losses      106:	0.2107	0.1781	0.2783	0.2802	 0.307	0.3092	0.3038	 0.317	0.4613	0.3903	   1.0	0.9906	 | 0.4189 mean
                     	0.6003	0.4771	0.7176	0.7475	0.7836	0.7759	0.8063	0.8133	 1.134	0.9904	  2.77	 2.795	 | 1.381 quantile
                      	 2.219	 1.933	 2.191	 2.044	  2.39	 1.891	 2.953	 2.487	 2.179	 2.319	 4.326	  4.09	 | 4.326 max

train losses    108:	0.3135	0.3189	0.3363	0.3293	0.4059	0.4201	0.3996	0.3991	0.5642	0.5736	0.9279	0.9265	
val losses      108:	0.2126	0.1902	0.2778	 0.281	0.2979	0.3041	0.3115	0.3192	 0.466	 0.383	 1.009	0.9935	 | 0.4205 mean
                     	 0.623	0.5047	0.7134	0.7495	0.7871	0.7832	0.8135	0.8018	  1.16	0.9905	 2.754	 2.773	 | 1.387 quantile
                      	 2.384	 2.064	 2.177	 1.995	 2.254	  1.99	 2.902	 2.445	 2.454	  2.34	 4.445	 4.192	 | 4.445 max

train losses    110:	0.3022	 0.308	 0.335	 0.327	0.3925	0.4024	0.3935	 0.394	0.5398	0.5406	0.9237	 0.922	
val losses      110:	0.2024	0.1719	0.2781	0.2794	0.2958	 0.299	0.3013	0.3145	0.4614	0.3766	 1.016	0.9998	 | 0.4164 mean
                     	0.5872	0.4618	0.7233	0.7467	0.7699	0.7661	0.8008	0.8088	 1.159	0.9532	 2.723	 2.736	 | 1.382 quantile
                      	 2.221	 1.893	 2.171	 2.009	 2.189	 1.793	 3.207	 2.711	  2.27	 2.124	 4.525	   4.3	 | 4.525 max

train losses    112:	0.2945	0.2971	0.3338	0.3259	0.3867	0.3962	0.3874	0.3885	0.5308	0.5318	0.9343	0.9311	
val losses      112:	0.1954	0.1643	0.2776	0.2794	0.2872	0.2932	0.3003	0.3116	 0.444	0.3621	 1.062	  1.05	 | 0.419 mean
                     	0.5562	0.4349	0.7154	0.7461	0.7473	0.7604	0.7949	0.7949	 1.118	0.9238	 2.753	  2.72	 | 1.403 quantile
                      	 2.093	 1.715	 2.148	 2.023	 2.052	 1.628	 3.302	 2.788	 2.009	 1.858	 4.703	 4.476	 | 4.703 max

train losses    114:	0.2902	0.2877	0.3335	 0.325	0.3801	0.3864	0.3846	0.3845	0.5273	0.5239	0.9491	0.9467	
val losses      114:	0.1946	0.1642	0.2774	0.2793	0.2875	0.2944	 0.299	0.3109	0.4462	0.3605	 1.055	 1.045	 | 0.4179 mean
                     	0.5461	 0.436	0.7142	0.7475	0.7602	0.7608	0.7973	0.7928	 1.111	0.9338	 2.741	 2.723	 | 1.399 quantile
                      	 2.197	 1.666	  2.12	 1.999	 1.924	 1.692	 3.122	 2.618	 1.913	 1.926	 4.572	  4.45	 | 4.572 max

train losses    116:	 0.285	0.2851	0.3325	0.3239	0.3782	 0.383	0.3792	0.3788	 0.522	0.5211	0.9493	0.9453	
val losses      116:	0.1947	 0.164	0.2772	0.2794	0.2856	0.2931	0.2979	0.3092	0.4406	0.3574	 1.047	  1.04	 | 0.4155 mean
                     	0.5416	0.4363	0.7147	0.7447	0.7483	0.7587	0.7882	0.7839	 1.094	0.9122	  2.76	 2.736	 | 1.393 quantile
                      	 2.223	 1.731	 2.142	 2.009	 1.926	 1.599	 3.118	 2.632	 1.798	 1.829	 4.513	 4.305	 | 4.513 max

train losses    118:	0.2824	0.2828	 0.332	0.3235	 0.376	 0.383	0.3776	0.3777	0.5219	0.5225	0.9424	0.9396	
val losses      118:	 0.193	0.1664	0.2773	0.2795	0.2858	0.2914	0.2955	0.3066	0.4506	0.3655	 1.063	 1.055	 | 0.4192 mean
                     	0.5477	0.4362	0.7144	0.7436	0.7464	 0.761	0.7895	0.7804	 1.112	0.9319	 2.767	 2.766	 | 1.417 quantile
                      	 2.095	 1.787	 2.149	  1.99	 1.889	 1.693	 3.091	 2.626	 1.918	 1.943	 4.518	 4.305	 | 4.518 max

train losses    120:	0.2856	 0.286	0.3311	0.3226	0.3722	0.3788	0.3738	0.3738	  0.52	0.5216	0.9078	0.9049	
val losses      120:	 0.189	0.1652	0.2771	0.2798	0.2822	0.2892	0.2972	0.3078	0.4435	0.3608	 1.028	 1.024	 | 0.412 mean
                     	0.5273	0.4331	0.7098	0.7422	 0.737	0.7431	0.7926	0.7902	 1.103	0.9043	 2.756	 2.716	 | 1.378 quantile
                      	 2.143	 1.713	 2.109	 1.971	  1.98	 1.672	 3.014	 2.562	 1.802	 1.844	 4.358	 4.128	 | 4.358 max

train losses    122:	0.2854	0.2869	0.3313	0.3222	0.3705	 0.376	0.3718	 0.371	0.5252	0.5242	0.8763	0.8751	
val losses      122:	0.1895	0.1628	0.2769	0.2794	0.2817	0.2876	0.2939	0.3051	0.4467	0.3627	0.9827	0.9792	 | 0.404 mean
                     	0.5322	0.4282	0.7082	0.7425	0.7341	0.7311	0.7864	0.7805	 1.122	0.9288	 2.716	 2.736	 | 1.347 quantile
                      	 2.237	 1.769	 2.098	  1.98	 2.022	 1.678	  3.02	 2.592	 1.875	 1.927	 4.225	 3.975	 | 4.225 max

train losses    124:	 0.286	0.2892	0.3309	0.3218	0.3714	0.3751	0.3685	0.3681	0.5235	0.5229	0.8794	0.8754	
val losses      124:	0.1928	0.1648	0.2768	0.2796	0.2825	0.2877	0.2944	0.3051	0.4579	0.3706	 0.979	0.9782	 | 0.4058 mean
                     	0.5382	0.4375	0.7095	0.7405	0.7441	0.7372	0.7812	0.7748	 1.158	0.9595	 2.746	 2.746	 | 1.342 quantile
                      	 2.193	 1.777	 2.101	 1.983	 1.997	  1.72	 3.159	 2.701	 2.253	 2.153	 4.133	 3.929	 | 4.133 max

train losses    126:	0.2857	0.2895	0.3299	0.3215	0.3689	0.3753	0.3676	0.3666	0.5246	0.5247	0.8828	0.8794	
val losses      126:	0.1919	0.1668	0.2767	0.2795	0.2803	 0.286	0.2931	0.3034	0.4486	0.3671	0.9829	0.9794	 | 0.4047 mean
                     	0.5284	0.4418	0.7091	0.7384	0.7315	0.7344	 0.784	0.7764	 1.127	0.9367	 2.715	 2.744	 | 1.344 quantile
                      	 2.162	 1.801	 2.134	  1.96	 1.996	 1.715	 3.103	 2.641	 2.155	 1.961	 4.101	 3.913	 | 4.101 max

train losses    128:	0.2941	0.2987	0.3303	0.3214	0.3725	0.3806	0.3685	 0.368	0.5372	 0.536	0.8832	0.8797	
val losses      128:	0.1974	0.1723	0.2767	0.2794	0.2848	0.2908	0.2932	0.3033	 0.462	0.3787	0.9764	0.9772	 | 0.4077 mean
                     	0.5491	0.4528	0.7072	0.7409	0.7494	0.7425	0.7805	0.7699	 1.151	0.9921	  2.73	 2.737	 | 1.341 quantile
                      	  2.38	  1.76	 2.123	  1.97	 1.881	 1.726	 3.038	 2.584	 2.278	 2.004	 4.001	 3.958	 | 4.001 max

train losses    130:	0.3097	0.3171	0.3303	0.3208	0.3882	0.3976	0.3696	0.3693	0.5703	0.5675	0.9946	0.9881	
val losses      130:	0.2099	0.1969	0.2772	0.2804	0.2965	0.3103	0.2941	 0.304	0.5123	 0.419	0.9911	0.9943	 | 0.4238 mean
                     	0.5657	0.4913	0.7069	0.7397	0.7513	0.7652	0.7838	0.7863	 1.214	 1.038	  2.68	 2.701	 | 1.338 quantile
                      	 2.244	 1.705	 2.097	 1.951	 1.887	 1.657	 2.967	  2.53	 2.141	  2.24	 4.162	 4.121	 | 4.162 max

train losses    132:	 0.357	 0.365	0.3306	0.3212	0.4413	0.4629	0.3738	0.3741	0.6515	0.6385	 1.015	 1.011	
val losses      132:	0.2491	0.2314	0.2778	0.2803	0.3574	0.3766	0.2999	0.3088	0.4955	0.4077	  1.02	  1.03	 | 0.4445 mean
                     	0.6671	 0.588	0.7187	0.7448	0.9143	0.9532	0.8143	0.8032	 1.246	 1.054	 2.754	 2.874	 | 1.455 quantile
                      	 2.266	 1.806	 2.135	 1.987	 2.591	 2.275	 3.122	 2.729	 2.334	 2.228	 4.206	 4.176	 | 4.206 max

train losses    134:	0.4196	0.4336	0.3328	0.3234	0.5857	0.6319	0.4006	0.3993	0.5827	 0.576	 1.096	 1.079	
val losses      134:	0.3018	0.2956	0.2791	0.2806	0.3785	0.3982	0.3228	0.3276	0.4914	0.4066	0.9892	0.9966	 | 0.4557 mean
                     	0.8075	0.7707	0.7224	 0.746	 1.004	0.9484	0.8364	0.8541	 1.216	  1.05	 2.738	 2.735	 | 1.44 quantile
                      	 3.101	 2.508	 2.278	 2.075	  2.35	 2.345	 3.592	  3.16	  2.49	  2.41	 4.317	 4.447	 | 4.447 max

train losses    136:	0.4081	0.3972	0.3324	0.3243	0.5386	0.5682	0.4114	  0.41	0.6008	0.5907	 1.133	 1.127	
val losses      136:	0.2329	0.2015	 0.278	0.2806	 0.358	0.3553	 0.311	0.3202	 0.508	0.4339	0.9556	0.9656	 | 0.4334 mean
                     	0.7095	 0.569	0.7132	0.7494	0.9666	0.9183	0.8455	0.8447	 1.264	 1.049	 2.668	  2.66	 | 1.384 quantile
                      	 2.982	 2.248	 2.111	 1.966	 2.764	 2.897	 2.885	 2.669	 1.948	 2.207	 3.904	 3.784	 | 3.904 max

train losses    138:	 0.368	0.3735	0.3347	0.3256	0.4581	 0.475	0.4097	0.4127	0.7578	0.7631	 1.163	 1.161	
val losses      138:	0.2287	0.2117	0.2778	0.2801	0.3372	0.3436	0.3054	0.3136	0.5489	0.4879	 1.028	 1.023	 | 0.4488 mean
                     	0.6687	 0.558	0.7133	0.7489	0.9754	0.9016	0.8188	0.7947	 1.374	 1.214	 2.692	 2.679	 | 1.45 quantile
                      	  3.16	 2.324	 2.129	 1.989	 2.338	 2.436	 3.179	  2.75	 2.096	 2.074	 4.113	 3.943	 | 4.113 max

train losses    140:	0.3675	0.3724	0.3362	0.3275	0.4944	 0.515	0.4223	0.4229	 1.111	 1.125	 1.148	 1.147	
val losses      140:	0.2426	0.2117	0.2794	0.2813	0.3506	0.3527	0.3271	0.3366	 0.678	0.5981	 1.053	 1.041	 | 0.4794 mean
                     	0.7381	0.5944	0.7181	0.7539	 1.063	0.9563	0.8568	0.8537	 1.904	 1.725	 2.675	 2.635	 | 1.629 quantile
                      	 2.718	 2.251	 2.287	 2.037	 2.423	 2.563	 3.545	 3.055	 4.325	 4.091	  4.83	 4.645	 | 4.83 max

train losses    142:	0.3733	0.3794	0.3349	0.3277	0.4539	0.4682	0.4197	0.4242	0.8864	0.8971	 1.069	  1.07	
val losses      142:	0.2469	0.2028	0.2825	0.2845	0.3166	0.3267	0.3507	0.3589	0.6874	0.5963	  1.07	 1.054	 | 0.4815 mean
                     	0.6329	0.5189	0.7244	0.7554	0.8433	0.8658	0.9107	0.9203	 1.633	 1.291	  2.69	 2.692	 | 1.532 quantile
                      	 2.161	 1.767	 2.134	 1.921	 2.176	 2.173	 3.365	  2.85	 3.181	  3.02	 4.976	 4.718	 | 4.976 max

train losses    144:	0.3721	0.3984	0.3355	0.3272	0.4475	0.4691	0.4153	0.4177	0.7567	 0.755	  1.02	 1.015	
val losses      144:	0.2511	 0.237	 0.278	0.2808	0.3147	 0.329	0.3065	0.3172	0.6421	0.5643	0.9695	0.9709	 | 0.4551 mean
                     	0.6564	 0.575	 0.708	0.7417	 0.826	0.8409	0.8115	0.8042	 1.576	 1.347	 2.768	  2.73	 | 1.42 quantile
                      	 2.165	 1.799	 2.174	 1.951	 1.943	 1.823	  3.39	 2.864	 3.084	 2.959	 4.552	 4.348	 | 4.552 max

train losses    146:	0.3746	0.3883	0.3342	0.3259	0.4264	0.4442	0.4098	0.4112	0.6647	0.6632	0.9633	0.9612	
val losses      146:	0.2235	0.2029	0.2783	0.2806	0.3055	0.3138	0.3035	0.3159	0.5352	0.4284	 1.019	  1.01	 | 0.4347 mean
                     	0.6356	0.5403	0.7115	0.7424	0.7918	0.8062	 0.816	0.8142	  1.33	 1.158	 2.701	 2.652	 | 1.428 quantile
                      	 2.152	 1.651	 2.169	 1.957	 1.871	 1.831	 3.244	 2.735	 2.466	 2.359	  4.21	 3.997	 | 4.21 max

train losses    148:	0.3454	 0.356	 0.333	0.3248	0.4134	 0.425	0.3994	0.4005	0.6703	0.6637	0.9359	0.9327	
val losses      148:	0.2201	0.1808	0.2772	0.2804	0.3092	0.3163	0.3064	0.3173	0.5151	0.3979	0.9731	0.9694	 | 0.4219 mean
                     	0.6187	0.4811	 0.707	0.7445	0.8125	 0.804	0.8037	0.8173	 1.198	 1.037	 2.634	 2.658	 | 1.328 quantile
                      	 2.269	 1.919	 2.217	 2.013	 1.996	 1.741	 3.199	  2.73	 2.217	 1.909	 3.985	 3.837	 | 3.985 max

train losses    150:	0.3132	0.3169	0.3314	0.3229	 0.403	0.4137	0.3934	0.3941	0.6504	0.6529	0.9734	0.9668	
val losses      150:	0.2116	0.1835	0.2764	0.2794	0.3076	0.3111	0.3008	0.3138	0.5088	0.3982	0.9598	0.9683	 | 0.4183 mean
                     	0.6317	0.5012	0.7084	0.7451	0.8184	0.8017	0.8082	0.8184	 1.268	  1.07	 2.672	 2.646	 | 1.326 quantile
                      	 2.285	 1.713	 2.149	 1.998	 2.125	 1.892	 2.967	 2.552	 2.391	 2.147	 4.062	  4.07	 | 4.07 max

train losses    152:	0.2997	0.3057	 0.331	0.3221	0.3956	0.4005	0.3842	0.3852	 0.595	0.6061	 1.013	 1.004	
val losses      152:	0.2071	0.1721	0.2765	0.2797	0.2985	0.3033	0.3014	 0.313	0.4828	0.4012	0.9897	0.9864	 | 0.4176 mean
                     	0.5792	0.4515	0.7085	0.7424	0.7922	0.7921	0.7954	 0.789	 1.176	 1.052	 2.685	 2.663	 | 1.372 quantile
                      	 2.118	 1.744	 2.117	 1.975	 2.173	 1.797	 3.013	 2.592	 2.258	  2.04	 4.227	 4.075	 | 4.227 max

train losses    154:	0.2916	0.2966	0.3302	0.3216	 0.388	0.3985	0.3799	0.3812	0.5554	0.5702	0.9601	0.9537	
val losses      154:	0.2115	 0.174	0.2767	0.2795	0.2985	0.3088	0.3003	0.3116	0.4435	0.3738	0.9865	0.9819	 | 0.4122 mean
                     	0.5761	 0.456	0.7118	0.7422	0.7847	0.8123	0.7907	0.7961	 1.081	0.9859	 2.657	 2.635	 | 1.326 quantile
                      	   2.2	 1.774	 2.145	 1.991	 1.999	 1.788	 3.208	 2.779	 2.072	 1.772	 4.274	 4.116	 | 4.274 max

train losses    156:	0.2873	0.2878	  0.33	0.3211	0.3847	0.3946	0.3793	0.3793	0.5363	0.5497	0.9251	0.9212	
val losses      156:	0.2005	 0.166	0.2766	0.2796	0.3021	0.3096	0.2963	0.3072	0.4522	0.3738	0.9624	0.9573	 | 0.407 mean
                     	0.5709	0.4444	0.7086	0.7412	0.7988	0.8078	0.7872	0.7887	  1.11	0.9786	 2.671	 2.658	 | 1.326 quantile
                      	 2.128	 1.854	 2.143	 1.982	 1.928	 1.877	 3.095	 2.678	 2.137	 1.884	 4.173	 4.078	 | 4.173 max

train losses    158:	0.2845	0.2809	0.3294	0.3205	0.3803	 0.391	0.3741	0.3741	0.5296	0.5348	0.8878	0.8849	
val losses      158:	0.1966	0.1645	0.2767	0.2797	0.2923	0.2998	0.2941	0.3053	 0.452	0.3715	0.9565	0.9554	 | 0.4037 mean
                     	0.5598	0.4348	0.7096	0.7446	0.7622	0.7768	0.7903	0.7865	 1.136	0.9671	 2.661	 2.695	 | 1.318 quantile
                      	 2.141	 1.767	 2.114	 1.976	 2.099	 1.758	 3.059	 2.641	 2.081	 1.842	 4.038	  3.91	 | 4.038 max

train losses    160:	0.2818	0.2803	0.3293	0.3205	0.3787	0.3893	0.3702	0.3712	0.5364	0.5411	 0.914	0.9078	
val losses      160:	0.1969	0.1663	0.2768	  0.28	0.2918	0.2984	0.2944	0.3047	0.4602	0.3738	0.9632	0.9624	 | 0.4057 mean
                     	0.5559	0.4339	0.7095	0.7392	0.7607	0.7793	0.7765	0.7782	 1.149	0.9755	 2.668	 2.651	 | 1.314 quantile
                      	 2.138	 1.856	 2.114	 1.973	 2.009	 1.834	  3.09	 2.677	 1.971	 1.846	 3.977	 3.861	 | 3.977 max

train losses    162:	0.2801	0.2791	0.3291	0.3201	0.3767	0.3874	0.3679	0.3677	0.5516	0.5557	0.9507	0.9444	
val losses      162:	0.1927	0.1639	0.2768	0.2799	0.2885	0.2958	0.2958	0.3068	0.4538	0.3719	0.9754	0.9746	 | 0.4063 mean
                     	0.5525	0.4316	0.7147	0.7422	0.7515	0.7764	0.7796	0.7841	 1.134	 0.966	 2.701	 2.685	 | 1.333 quantile
                      	 2.169	 1.818	 2.125	 1.978	 1.918	 1.712	 3.188	 2.803	 1.951	 1.942	 3.948	  3.84	 | 3.948 max

train losses    164:	0.2795	0.2776	0.3285	0.3195	0.3755	0.3838	0.3691	0.3692	0.5588	0.5655	0.9717	0.9646	
val losses      164:	0.1932	0.1641	 0.277	0.2798	0.2892	0.2962	0.2962	0.3077	0.4613	0.3848	0.9751	0.9721	 | 0.408 mean
                     	0.5525	0.4296	0.7148	0.7452	0.7535	0.7763	0.7807	 0.784	 1.175	 1.005	 2.677	 2.628	 | 1.356 quantile
                      	 2.078	 1.824	 2.121	  1.99	 1.967	 1.699	 3.211	 2.808	 2.151	 2.008	 4.041	 3.895	 | 4.041 max

train losses    166:	 0.284	0.2825	0.3287	0.3194	0.3768	0.3836	0.3693	0.3683	  0.57	0.5745	0.9517	0.9467	
val losses      166:	0.2021	0.1707	 0.277	0.2798	0.2889	0.2963	0.2959	0.3077	 0.452	0.3835	0.9694	0.9664	 | 0.4075 mean
                     	0.5698	0.4474	0.7113	0.7463	0.7524	0.7683	0.7727	0.7814	 1.167	  1.02	 2.659	 2.595	 | 1.346 quantile
                      	 2.135	 1.682	 2.121	 1.986	   2.0	 1.706	 3.313	 2.887	 2.103	 1.706	 4.003	 3.874	 | 4.003 max

train losses    168:	0.2927	0.2897	0.3286	0.3193	0.3781	0.3858	0.3666	0.3654	0.5828	0.5832	 0.909	0.9051	
val losses      168:	0.2244	0.1969	0.2773	0.2799	0.2937	0.2977	0.2957	0.3077	0.4836	0.4245	0.9706	0.9682	 | 0.4183 mean
                     	0.6545	0.5387	0.7106	0.7418	0.7752	0.7706	0.7751	  0.78	 1.247	 1.131	 2.706	  2.63	 | 1.372 quantile
                      	   2.3	 1.752	 2.131	  1.98	 2.091	 1.793	 3.292	 2.859	 2.393	 2.104	 4.009	 3.922	 | 4.009 max

train losses    170:	0.2909	0.2914	0.3283	0.3193	0.3778	0.3847	 0.365	0.3644	0.5992	0.5991	0.8945	0.8889	
val losses      170:	0.2187	0.1943	0.2768	0.2797	0.2865	0.2925	0.2934	0.3052	 0.484	0.4282	0.9587	0.9598	 | 0.4148 mean
                     	 0.642	0.5245	0.7076	0.7414	  0.76	0.7621	0.7727	0.7772	 1.238	  1.14	 2.704	 2.684	 | 1.349 quantile
                      	 2.202	 1.744	 2.131	 1.979	 1.975	 1.808	 3.229	 2.794	 2.393	 2.112	   3.8	 3.672	 | 3.8 max

train losses    172:	0.2921	0.2908	 0.328	0.3191	0.3789	0.3851	0.3681	0.3677	0.6118	0.6066	0.9481	0.9438	
val losses      172:	0.2189	0.1917	0.2767	0.2798	0.2859	0.2928	0.2967	0.3073	0.4922	0.4311	0.9594	0.9662	 | 0.4166 mean
                     	0.6149	0.4896	 0.709	0.7386	0.7478	0.7663	0.7837	0.7883	  1.25	 1.162	 2.709	 2.695	 | 1.348 quantile
                      	 2.101	 1.655	  2.12	  1.98	 1.945	 1.726	 3.197	 2.778	 2.483	  2.21	  3.83	 3.773	 | 3.83 max

train losses    174:	0.3352	0.3304	0.3284	0.3196	0.3972	0.4027	0.3835	0.3835	 0.601	0.5958	0.9591	0.9551	
val losses      174:	0.2207	0.2083	0.2771	0.2796	0.3041	0.3183	0.2947	0.3045	0.4842	0.3987	0.9536	0.9573	 | 0.4168 mean
                     	0.6319	0.5195	 0.706	0.7378	0.7725	0.7892	0.7813	0.7824	 1.213	 1.077	 2.648	 2.646	 | 1.324 quantile
                      	 2.269	 1.822	 2.064	 1.937	 2.039	 1.912	 3.026	 2.578	 2.372	 2.145	  3.99	 3.879	 | 3.99 max

train losses    176:	0.3442	0.3343	 0.329	0.3204	 0.424	0.4436	0.3847	0.3853	0.5459	0.5405	 0.889	0.8857	
val losses      176:	0.2183	0.2042	0.2789	0.2815	0.3524	0.3855	0.3109	0.3209	0.4573	0.3626	 0.991	0.9885	 | 0.4293 mean
                     	0.6272	0.5694	0.7115	0.7371	 0.955	 1.011	0.8467	0.8312	  1.09	0.9072	 2.674	 2.661	 | 1.337 quantile
                      	 2.402	 1.975	 2.022	 1.907	 2.429	 2.292	 2.801	 2.586	 1.944	 1.452	 4.314	 4.167	 | 4.314 max

train losses    178:	0.3087	0.3066	0.3296	0.3201	0.4332	 0.456	0.3855	0.3863	0.5634	0.5615	0.8595	0.8578	
val losses      178:	0.2084	0.1782	0.2772	0.2799	0.3322	0.3562	0.3029	 0.314	0.4745	0.3871	0.9892	0.9873	 | 0.4239 mean
                     	0.6121	0.4776	0.7105	0.7421	0.9073	0.9518	0.8266	0.8276	 1.143	0.9685	 2.709	 2.687	 | 1.354 quantile
                      	 2.647	 1.823	  2.04	  1.98	 2.338	 2.269	 2.922	 2.621	 1.851	 1.811	 4.319	 4.177	 | 4.319 max

train losses    180:	0.3202	 0.327	 0.329	0.3198	0.3858	0.3973	0.3851	0.3863	 0.577	0.5818	0.8497	0.8469	
val losses      180:	0.2029	0.1721	0.2796	0.2822	0.2969	0.3046	0.3262	 0.334	0.5121	0.4254	0.9792	0.9763	 | 0.4243 mean
                     	0.5994	0.4699	0.7201	0.7545	0.7826	0.7744	0.8331	0.8707	 1.214	 1.056	 2.691	 2.702	 | 1.358 quantile
                      	 2.371	 1.834	 2.192	 2.079	 1.928	 1.785	  3.54	 3.138	 2.227	 2.168	 4.406	 4.171	 | 4.406 max

train losses    182:	0.2944	0.3015	 0.328	 0.319	0.3802	0.3891	0.3809	0.3828	 0.573	0.5809	0.8581	0.8539	
val losses      182:	0.2001	0.1698	 0.278	0.2807	0.2902	0.3003	0.3011	0.3108	0.5183	0.4326	 1.017	 1.005	 | 0.4253 mean
                     	0.5882	0.4557	0.7177	0.7465	0.7769	0.7621	0.8039	0.8011	 1.278	 1.109	 2.614	 2.629	 | 1.413 quantile
                      	 2.309	 1.742	 2.141	 2.019	 2.004	 1.663	 3.277	 2.866	 2.272	 2.261	 4.528	 4.278	 | 4.528 max

train losses    184:	0.2836	0.2822	0.3281	0.3194	0.3744	0.3812	0.3734	0.3742	0.5411	0.5413	0.8742	0.8721	
val losses      184:	0.2135	0.1812	0.2774	0.2805	0.2888	0.2924	0.3096	 0.318	0.4638	0.3842	 1.043	  1.03	 | 0.4235 mean
                     	0.5796	0.4699	0.7074	0.7381	0.7648	0.7667	0.8239	0.8083	 1.163	0.9636	 2.649	 2.652	 | 1.402 quantile
                      	 2.417	 2.067	 2.046	 1.943	 1.733	 1.654	 2.896	 2.486	 1.837	 2.002	 4.595	 4.372	 | 4.595 max

train losses    186:	0.2854	0.2825	 0.328	0.3185	0.3762	0.3887	0.3755	0.3754	0.5599	0.5636	0.8926	0.8892	
val losses      186:	 0.198	0.1661	0.2767	0.2797	0.2912	0.2945	0.2958	0.3061	0.4687	0.3919	 1.016	 1.011	 | 0.4163 mean
                     	0.5656	0.4313	0.7065	 0.739	0.7883	 0.779	0.7965	0.7883	 1.188	 1.046	 2.702	 2.714	 | 1.389 quantile
                      	 2.134	  1.73	 2.066	  1.96	 1.807	 1.669	  2.96	 2.545	 1.954	 1.941	 4.384	 4.233	 | 4.384 max

train losses    188:	0.2784	0.2742	0.3274	0.3185	0.3758	0.3856	0.3636	0.3635	0.6532	0.6576	0.8882	0.8845	
val losses      188:	0.1997	0.1676	0.2769	0.2798	0.3026	0.3132	0.2981	0.3092	0.5111	0.4549	 1.034	  1.03	 | 0.4314 mean
                     	0.5691	0.4365	0.7135	0.7454	0.8206	0.8192	0.7882	0.7934	 1.341	 1.246	  2.72	 2.696	 | 1.445 quantile
                      	 2.139	 1.827	 2.113	   2.0	 1.814	 1.735	  3.21	 2.797	 2.479	 2.305	 4.382	  4.24	 | 4.382 max

train losses    190:	0.2846	0.2808	0.3272	0.3186	0.3813	0.3874	0.3679	0.3677	0.7125	0.7097	0.9014	0.8972	
val losses      190:	0.2003	0.1748	0.2772	0.2803	0.3011	0.3141	0.2972	0.3077	0.5146	0.4577	 1.018	 1.015	 | 0.4299 mean
                     	0.5618	0.4573	0.7156	0.7439	0.8217	0.8206	0.7772	0.7896	  1.35	 1.289	 2.741	 2.745	 | 1.449 quantile
                      	 2.115	 2.017	 2.144	 2.006	 1.784	 1.865	 3.222	 2.814	 2.703	 2.551	 4.308	 4.083	 | 4.308 max

train losses    192:	0.2818	0.2788	0.3285	0.3192	0.3725	0.3761	0.3749	0.3759	0.6765	0.6875	0.8971	0.8969	
val losses      192:	0.1968	 0.162	0.2789	0.2814	0.2816	0.2896	0.3178	0.3266	0.4698	0.4124	0.9823	0.9771	 | 0.4147 mean
                     	0.5434	0.4282	0.7126	0.7468	0.7479	0.7466	0.8593	 0.874	 1.178	 1.066	 2.671	 2.654	 | 1.352 quantile
                      	 2.276	 2.051	 2.066	 1.886	 1.872	 1.657	 2.851	 2.685	 2.008	 1.884	 4.303	 4.048	 | 4.303 max

train losses    194:	0.2874	0.2883	0.3292	0.3199	0.3718	0.3832	0.3918	0.3945	0.6142	0.6237	0.9194	0.9149	
val losses      194:	0.2003	 0.171	0.2805	0.2827	0.2883	0.2928	0.3342	 0.344	  0.48	0.4107	0.9616	0.9561	 | 0.4168 mean
                     	0.5804	0.4619	0.7169	0.7457	0.7697	0.7674	0.8919	0.9196	 1.175	 1.124	 2.597	 2.582	 | 1.359 quantile
                      	 2.242	 1.819	 2.024	 1.887	 1.909	 1.768	 2.819	 2.667	 2.013	 1.877	 4.219	 3.972	 | 4.219 max

train losses    196:	0.2875	0.2916	 0.331	0.3217	0.3702	 0.387	0.4119	0.4152	0.6348	0.6441	0.9887	0.9824	
val losses      196:	 0.228	0.1889	0.2773	0.2798	0.2962	0.3013	0.3034	0.3138	0.5763	 0.501	  1.06	 1.049	 | 0.4479 mean
                     	0.6934	0.5148	0.7133	0.7474	 0.805	0.7828	0.7956	0.8077	 1.346	 1.185	 2.669	 2.656	 | 1.462 quantile
                      	 2.397	 1.773	 2.095	 2.033	 1.983	 1.797	 3.212	 2.809	  2.31	 2.662	 4.634	 4.463	 | 4.634 max

train losses    198:	0.3044	0.3065	0.3283	0.3194	 0.377	0.3838	0.3874	0.3893	0.6432	0.6565	 1.123	 1.111	
val losses      198:	0.2219	0.2126	0.2777	0.2801	0.3032	 0.315	0.3046	0.3171	0.5807	0.4923	 1.031	 1.021	 | 0.4464 mean
                     	0.6107	0.5299	 0.714	0.7481	0.8064	0.7996	0.8156	0.8212	 1.418	 1.324	 2.646	 2.674	 | 1.483 quantile
                      	 2.313	 2.061	 2.128	 2.037	 1.805	 1.771	  3.21	 2.834	 2.294	 2.854	 4.436	 4.135	 | 4.436 max

train losses    200:	0.3022	0.3159	0.3303	0.3215	0.3813	0.3891	0.3996	0.4008	 0.666	  0.66	 1.304	 1.292	
val losses      200:	0.2271	0.2074	0.2773	  0.28	0.2936	 0.302	0.3018	0.3141	0.5991	0.5375	 0.969	0.9843	 | 0.4411 mean
                     	0.6321	0.5312	0.7115	0.7412	0.7722	 0.774	0.8144	0.8171	 1.507	 1.384	 2.703	 2.733	 | 1.423 quantile
                      	 2.365	 2.167	 2.098	 1.978	 1.731	 1.675	 3.121	 2.689	 2.458	 2.909	 4.064	 4.057	 | 4.064 max

train losses    202:	0.3119	0.3232	0.3299	0.3209	0.3866	0.4001	0.3885	0.3914	0.6433	0.6333	 1.041	 1.038	
val losses      202:	0.2021	0.1946	0.2772	0.2801	0.2928	0.3104	 0.302	0.3127	0.5035	0.4363	0.9301	0.9415	 | 0.4153 mean
                     	0.5459	0.4787	0.7136	 0.744	0.7648	0.7884	0.7981	0.7859	 1.207	 1.107	 2.646	 2.616	 | 1.304 quantile
                      	  2.03	 1.873	 2.109	 1.986	 1.496	 1.359	 3.175	 2.763	 2.204	 2.231	 4.134	 4.151	 | 4.151 max

train losses    204:	 0.325	0.3223	0.3289	0.3197	0.3781	0.3955	0.3834	0.3849	0.5663	0.5757	 1.012	 1.013	
val losses      204:	0.2118	0.1705	 0.277	0.2796	0.3039	0.3117	0.2971	0.3083	0.5095	0.4357	 1.022	 1.017	 | 0.4287 mean
                     	0.5973	0.4397	0.7156	0.7459	0.8045	 0.798	0.7881	 0.784	 1.214	 1.109	 2.629	 2.624	 | 1.39 quantile
                      	 2.225	  1.83	 2.102	 1.995	 1.707	 1.604	 3.085	 2.674	 2.135	 2.254	 4.447	   4.3	 | 4.447 max

train losses    206:	0.3011	0.2972	0.3284	0.3189	0.3756	0.3843	0.3759	0.3768	0.5453	0.5468	0.9215	0.9212	
val losses      206:	0.2289	0.2008	 0.277	0.2796	 0.295	0.2978	0.2946	0.3053	0.4467	0.3795	0.9757	0.9704	 | 0.4126 mean
                     	0.6587	0.5145	0.7115	0.7429	0.7811	0.7666	0.8004	0.7978	 1.105	0.9734	 2.688	 2.643	 | 1.323 quantile
                      	 2.281	 1.732	 2.078	 1.967	 1.897	 1.784	 3.088	 2.675	 1.797	 1.736	 4.189	 4.029	 | 4.189 max

train losses    208:	0.3018	0.3038	0.3279	0.3187	0.3703	0.3759	0.3702	0.3704	  0.53	0.5271	0.8734	0.8721	
val losses      208:	 0.241	0.2261	0.2775	0.2801	0.2891	0.2893	0.2951	0.3061	0.4744	0.4039	0.9912	0.9785	 | 0.421 mean
                     	0.7304	0.6077	0.7078	0.7453	0.7623	0.7524	0.7949	 0.793	 1.182	 1.038	  2.69	 2.716	 | 1.357 quantile
                      	 2.451	 1.933	 2.075	 1.943	 2.003	 1.776	 2.986	 2.576	 2.004	 1.974	  4.15	 3.949	 | 4.15 max

train losses    210:	0.2886	0.2929	0.3281	0.3186	0.3763	0.3816	0.3667	0.3674	0.5241	0.5218	0.8539	0.8508	
val losses      210:	0.2031	0.1673	0.2772	0.2803	0.2934	0.2973	0.2936	0.3032	0.4615	0.3893	0.9819	 0.976	 | 0.4103 mean
                     	0.5691	0.4359	0.7079	0.7434	0.7921	0.7689	0.7807	0.7803	 1.145	 1.026	 2.704	 2.725	 | 1.316 quantile
                      	 2.283	 1.559	 2.079	 1.941	 1.772	 1.648	 3.077	 2.682	 1.837	 1.824	 4.221	 3.986	 | 4.221 max

train losses    212:	0.2902	0.2921	0.3277	0.3185	0.3736	0.3797	 0.362	0.3618	0.5055	0.5054	0.8391	0.8348	
val losses      212:	0.2014	0.1738	0.2772	0.2803	0.2899	 0.297	0.2945	0.3043	0.4581	0.3762	0.9872	 0.979	 | 0.4099 mean
                     	0.5663	0.4506	0.7125	0.7427	0.7761	0.7648	0.7679	  0.78	 1.128	0.9571	 2.703	 2.718	 | 1.343 quantile
                      	 2.284	  1.71	  2.11	  1.98	 1.815	 1.752	 3.203	  2.81	 1.856	  1.83	 4.206	 3.984	 | 4.206 max

train losses    214:	0.2955	0.3035	0.3276	 0.318	0.3594	0.3655	0.3601	0.3602	0.5006	0.5028	0.8313	0.8275	
val losses      214:	0.1916	0.1632	0.2773	0.2805	0.2791	0.2847	0.2924	 0.303	0.4374	0.3554	0.9705	0.9704	 | 0.4005 mean
                     	0.5367	0.4198	0.7105	0.7427	0.7208	0.7436	0.7695	0.7793	 1.102	0.8927	 2.703	 2.726	 | 1.292 quantile
                      	 2.064	 1.701	 2.096	 1.977	 1.827	 1.615	 3.172	 2.776	 1.683	 1.653	 4.123	 3.984	 | 4.123 max

train losses    216:	0.2765	0.2722	0.3272	 0.318	0.3628	0.3685	0.3591	0.3587	0.5002	0.5011	 0.825	0.8227	
val losses      216:	0.2042	 0.178	0.2772	0.2801	0.2796	0.2856	0.2917	0.3022	0.4418	0.3589	0.9691	0.9663	 | 0.4029 mean
                     	0.5608	0.4614	0.7092	0.7412	0.7349	0.7451	0.7697	0.7747	 1.085	0.9045	 2.705	 2.699	 | 1.298 quantile
                      	 2.265	 1.864	 2.075	 1.967	 1.683	 1.523	 3.064	 2.663	  1.91	 1.724	 4.159	 4.014	 | 4.159 max

train losses    218:	0.2734	0.2694	0.3272	0.3181	0.3573	 0.365	0.3581	 0.358	 0.505	0.5029	 0.811	0.8098	
val losses      218:	0.1948	 0.164	0.2771	0.2801	0.2836	0.2905	0.2903	0.3007	0.4463	0.3676	0.9651	0.9613	 | 0.4018 mean
                     	0.5574	0.4277	  0.71	0.7417	0.7343	0.7274	 0.767	0.7749	 1.121	0.9335	 2.675	 2.694	 | 1.308 quantile
                      	 2.065	 1.623	 2.076	 1.958	 1.756	 1.712	 3.122	 2.728	 1.799	 1.795	 4.238	 4.047	 | 4.238 max

train losses    220:	0.2706	0.2664	0.3271	0.3178	0.3632	0.3692	0.3579	0.3577	0.5147	0.5144	0.8058	0.8037	
val losses      220:	0.2187	0.2026	0.2767	0.2797	0.2862	0.2926	0.2905	0.3008	0.4559	0.3799	 0.997	0.9893	 | 0.4142 mean
                     	0.5895	 0.516	0.7093	0.7423	0.7586	0.7587	0.7807	0.7663	 1.155	 1.004	 2.678	 2.663	 | 1.361 quantile
                      	 2.334	 1.991	 2.071	 1.958	 1.761	 1.608	 3.113	 2.713	 2.077	 1.984	 4.318	  4.12	 | 4.318 max

train losses    222:	0.2883	0.2865	0.3268	 0.318	0.3649	0.3724	0.3562	0.3564	0.5353	0.5346	0.7995	0.7968	
val losses      222:	0.2167	0.1901	0.2771	0.2799	0.3032	0.3123	0.2904	0.3005	 0.477	0.3948	0.9749	0.9707	 | 0.4156 mean
                     	0.6041	0.4808	0.7072	 0.741	0.7649	0.7878	0.7711	0.7737	 1.132	 1.001	 2.644	 2.677	 | 1.311 quantile
                      	 2.159	 1.578	 2.071	 1.959	 1.839	  1.73	  3.24	 2.844	 1.916	 1.865	 4.307	 4.086	 | 4.307 max

train losses    224:	0.2967	0.2958	0.3268	0.3176	0.3892	0.3978	0.3555	0.3554	0.5523	0.5521	 0.794	0.7931	
val losses      224:	 0.202	0.1728	0.2767	0.2797	0.2867	0.2887	0.2911	0.3016	 0.457	0.3803	0.9885	 0.982	 | 0.4089 mean
                     	0.5628	0.4584	 0.707	 0.742	0.7692	 0.747	0.7681	0.7794	  1.14	0.9711	 2.628	 2.635	 | 1.356 quantile
                      	 2.362	 1.935	 2.061	  1.96	  1.93	 1.809	 3.001	 2.604	 2.055	 1.987	  4.44	   4.2	 | 4.44 max

train losses    226:	0.2842	0.2791	0.3266	0.3172	 0.374	0.3804	0.3567	 0.356	 0.559	0.5624	0.8121	0.8115	
val losses      226:	0.1975	0.1662	0.2767	0.2797	0.2987	0.3037	0.2909	0.3012	0.5013	0.4242	0.9949	0.9899	 | 0.4188 mean
                     	0.5535	0.4411	0.7075	0.7432	0.7931	0.7758	0.7712	0.7751	 1.215	0.9916	 2.604	 2.638	 | 1.351 quantile
                      	 2.147	  1.86	 2.071	 1.958	   1.9	  1.81	  2.96	 2.635	  2.27	 2.174	 4.456	 4.232	 | 4.456 max

train losses    228:	0.2926	0.2938	0.3267	0.3177	0.3922	0.4013	0.3574	0.3577	0.5607	0.5593	0.8287	0.8264	
val losses      228:	0.1979	0.1651	0.2768	0.2798	0.2986	0.3002	0.2916	0.3014	0.5008	0.4266	0.9969	0.9932	 | 0.4191 mean
                     	0.5797	0.4411	0.7053	0.7412	0.7917	0.7834	0.7785	0.7777	  1.25	 1.042	 2.568	 2.608	 | 1.369 quantile
                      	 2.212	 1.879	 2.075	 1.956	 2.013	 1.811	 2.994	   2.6	 2.341	 2.445	 4.485	 4.298	 | 4.485 max

train losses    230:	0.3194	0.3238	0.3269	0.3175	0.4438	0.4543	0.3618	0.3617	0.5562	0.5625	0.8693	 0.865	
val losses      230:	  0.23	0.2121	0.2774	0.2802	0.3454	0.3569	0.2935	 0.302	0.4847	0.4002	 1.032	 1.025	 | 0.4367 mean
                     	0.7006	0.5924	0.7097	0.7409	0.9354	0.9614	0.7891	0.7835	 1.142	0.9743	 2.555	 2.566	 | 1.406 quantile
                      	 2.324	 1.838	 2.083	 1.938	 2.396	 2.039	  3.03	 2.632	  2.17	 2.051	 4.761	 4.536	 | 4.761 max

train losses    232:	0.3283	0.3178	0.3269	0.3177	0.4361	0.4428	 0.375	0.3755	0.5837	0.5862	 1.034	 1.029	
val losses      232:	0.2397	 0.197	0.2781	0.2809	0.3529	0.3432	0.3176	0.3266	0.4623	0.3923	 1.238	 1.226	 | 0.4712 mean
                     	 0.633	0.5168	0.7067	0.7395	0.9142	0.8672	0.8232	0.8211	 1.168	0.9996	 2.971	 2.967	 | 1.645 quantile
                      	 2.739	  1.83	 2.039	 1.909	 2.158	 1.994	 2.779	 2.534	 1.997	 1.944	 5.156	 5.012	 | 5.156 max

train losses    234:	0.3037	0.3001	0.3274	0.3184	0.4525	0.4649	 0.374	0.3757	0.5754	0.5753	 1.201	 1.193	
val losses      234:	0.2575	0.2194	0.2767	0.2792	  0.42	0.4478	0.3045	0.3152	0.5549	0.4816	 1.033	 1.024	 | 0.4678 mean
                     	0.7316	0.5782	0.7091	0.7377	  1.18	 1.194	0.8162	0.8183	 1.361	  1.22	 2.708	 2.775	 | 1.493 quantile
                      	 2.886	  2.21	 2.063	 1.993	 2.909	 2.824	 3.028	 2.624	 2.516	 3.016	 4.112	 4.149	 | 4.149 max

train losses    236:	0.2986	 0.301	0.3284	0.3198	0.4376	0.4448	0.3854	0.3871	0.6378	0.6443	 1.056	 1.048	
val losses      236:	 0.204	0.1931	0.2782	0.2813	0.3269	0.3224	 0.327	0.3342	0.5035	0.4464	0.9691	0.9815	 | 0.4306 mean
                     	0.5611	0.5254	0.7106	0.7443	0.8364	0.8408	0.8219	0.8835	 1.222	 1.025	 2.753	  2.75	 | 1.377 quantile
                      	 2.211	 1.955	 2.107	 1.998	 2.204	 1.838	 3.463	 3.077	 1.914	 1.627	 3.969	 4.071	 | 4.071 max

train losses    238:	0.3011	0.2991	0.3278	0.3193	0.4142	 0.417	0.3822	0.3847	0.7725	0.7824	0.9215	0.9204	
val losses      238:	0.2246	0.1916	 0.277	0.2794	0.3305	 0.324	0.3019	0.3148	 0.624	0.5477	0.9852	0.9864	 | 0.4489 mean
                     	0.6612	0.5158	0.7139	 0.746	0.9026	 0.859	 0.811	0.8078	  1.59	 1.501	 2.577	 2.574	 | 1.501 quantile
                      	 2.582	 2.069	  2.07	 2.011	 2.252	 2.098	 2.855	  2.48	 2.968	 2.892	 4.073	 4.209	 | 4.209 max

train losses    240:	0.3098	0.2926	0.3289	  0.32	0.4074	0.4123	0.3779	0.3786	0.7756	0.7747	0.9031	0.9018	
val losses      240:	0.2047	 0.182	0.2767	0.2797	0.3305	0.3351	0.2972	  0.31	0.6017	 0.549	 1.006	0.9987	 | 0.4476 mean
                     	0.5685	0.4734	0.7074	 0.745	 0.891	0.8776	 0.793	0.8005	 1.558	 1.517	 2.734	 2.736	 | 1.47 quantile
                      	 2.103	 1.949	  2.08	 1.998	 2.096	 1.909	 2.879	 2.468	 3.059	 2.951	 4.543	 4.293	 | 4.543 max

train losses    242:	0.3073	 0.306	0.3273	0.3183	0.3845	0.3934	0.3744	 0.375	0.6908	0.6939	0.8704	0.8686	
val losses      242:	0.2042	0.1794	0.2773	0.2799	0.3018	0.3009	0.2929	0.3038	0.4961	0.4249	0.9858	0.9773	 | 0.4187 mean
                     	0.5875	0.4696	0.7066	0.7429	0.7691	0.7631	0.7796	0.7794	 1.201	 1.078	 2.664	 2.668	 | 1.355 quantile
                      	 2.087	 1.607	 2.106	 1.967	 1.918	 1.734	 3.051	  2.65	 1.921	 2.009	 4.195	 3.941	 | 4.195 max

train losses    244:	0.3008	0.2997	0.3278	0.3192	  0.38	0.3898	0.3696	0.3707	0.6978	0.7041	0.8355	0.8332	
val losses      244:	0.2027	0.1929	 0.278	0.2808	0.3037	0.3106	0.2908	0.3004	0.4866	0.4078	0.9592	0.9601	 | 0.4145 mean
                     	0.5883	0.5254	0.7098	0.7417	0.7756	0.7722	0.7779	0.7822	  1.13	  1.02	 2.632	 2.642	 | 1.3 quantile
                      	  2.11	 1.788	 2.052	 1.928	 2.127	 1.891	 2.969	 2.574	 1.898	 1.698	 4.195	 3.966	 | 4.195 max

train losses    246:	0.2854	0.2841	0.3287	0.3201	0.3787	0.3888	0.3803	0.3819	0.5662	0.5629	0.8211	0.8163	
val losses      246:	0.2024	0.1675	0.2771	  0.28	0.2973	0.2929	0.2907	 0.302	0.5148	0.4324	0.9712	0.9642	 | 0.4161 mean
                     	0.5861	0.4429	0.7068	0.7387	0.7873	0.7681	 0.781	0.7816	 1.301	 1.109	 2.663	 2.632	 | 1.363 quantile
                      	 2.289	 1.976	 2.073	 1.956	 1.989	 1.856	 2.785	 2.458	 1.968	 2.181	 4.151	 3.923	 | 4.151 max

train losses    248:	0.2814	0.2754	0.3273	0.3182	0.3749	0.3845	0.3645	0.3647	 0.577	0.5756	0.8087	0.8046	
val losses      248:	0.1986	0.1702	0.2769	0.2801	0.2983	0.2976	0.2927	0.3024	0.4655	0.3817	 0.939	0.9419	 | 0.4037 mean
                     	0.5499	0.4473	0.7037	0.7411	0.7828	0.7796	0.7759	0.7716	 1.158	0.9718	  2.57	 2.592	 | 1.285 quantile
                      	 2.217	 1.933	  2.11	 1.981	 1.767	 1.723	 2.907	 2.515	 1.935	 1.778	 4.035	 3.803	 | 4.035 max

train losses    250:	0.2833	0.2753	 0.327	0.3182	0.3692	0.3826	0.3638	0.3646	0.5139	0.5144	0.7993	0.7966	
val losses      250:	0.1943	 0.166	0.2769	0.2801	0.2886	0.2915	0.2891	0.2992	0.4481	0.3569	0.9637	0.9619	 | 0.4014 mean
                     	0.5295	0.4297	0.7064	0.7418	0.7523	0.7556	0.7561	0.7753	 1.076	0.9152	 2.589	 2.594	 | 1.307 quantile
                      	 2.139	 1.782	 2.113	 1.975	 1.892	 1.587	 3.083	 2.698	 2.067	 1.477	 4.238	 4.007	 | 4.238 max

train losses    252:	0.2812	0.2775	0.3266	0.3176	0.3648	 0.375	0.3581	 0.359	0.5014	0.5041	0.7935	0.7898	
val losses      252:	0.2027	0.1744	0.2767	  0.28	0.2889	0.2904	0.2881	0.2979	0.4401	0.3558	0.9671	0.9622	 | 0.402 mean
                     	0.5519	0.4551	 0.707	0.7424	0.7525	0.7472	0.7589	0.7613	 1.065	0.8998	 2.612	 2.619	 | 1.307 quantile
                      	 2.387	 1.941	 2.075	  1.95	 1.827	 1.587	 2.918	 2.528	 1.819	 1.514	 4.182	 4.011	 | 4.182 max

train losses    254:	0.2776	 0.273	0.3272	 0.318	0.3608	0.3692	0.3569	0.3569	0.4905	0.4951	0.7851	0.7837	
val losses      254:	0.1945	0.1643	0.2768	0.2801	0.2849	0.2877	0.2893	 0.299	0.4365	0.3582	0.9728	0.9711	 | 0.4013 mean
                     	0.5362	0.4229	 0.709	0.7421	0.7463	0.7515	0.7596	0.7654	 1.073	0.9107	 2.613	 2.621	 | 1.3 quantile
                      	 2.237	 1.797	 2.085	 1.967	 1.851	 1.599	 2.957	 2.567	 1.834	 1.595	 4.234	 4.056	 | 4.234 max

train losses    256:	0.2799	0.2751	 0.327	0.3181	0.3617	0.3685	0.3566	0.3567	0.4865	0.4881	0.7775	0.7754	
val losses      256:	0.1901	0.1611	 0.277	0.2801	0.2859	0.2895	0.2885	0.2986	0.4382	0.3594	0.9582	0.9596	 | 0.3988 mean
                     	0.5394	0.4166	0.7077	0.7431	0.7438	0.7511	0.7641	0.7707	 1.099	0.8989	 2.577	 2.605	 | 1.315 quantile
                      	 2.176	 1.749	 2.088	 1.963	 1.871	 1.631	 3.001	 2.612	 1.822	 1.569	 4.144	 3.965	 | 4.144 max

train losses    258:	0.2801	0.2771	0.3268	0.3174	0.3579	0.3632	0.3556	0.3561	0.4883	0.4904	0.8023	0.7983	
val losses      258:	0.1971	0.1698	0.2772	0.2802	0.2821	 0.285	0.2927	0.3029	0.4493	0.3642	0.9988	0.9978	 | 0.4081 mean
                     	0.5612	0.4373	0.7068	0.7418	0.7461	0.7493	0.7569	0.7743	 1.101	0.9292	 2.684	 2.676	 | 1.334 quantile
                      	 2.083	 1.662	 2.096	 1.965	 1.761	 1.624	 3.125	 2.743	 1.875	  1.77	 4.155	 3.901	 | 4.155 max

train losses    260:	0.2775	0.2734	0.3266	0.3175	 0.359	0.3638	0.3564	0.3564	0.4936	0.4936	0.8205	0.8164	
val losses      260:	0.1911	0.1621	0.2769	0.2801	0.2828	0.2851	0.2876	0.2974	0.4377	0.3561	0.9825	0.9912	 | 0.4025 mean
                     	0.5378	0.4201	 0.705	0.7426	0.7512	0.7444	0.7603	0.7761	 1.083	0.9187	 2.695	 2.639	 | 1.333 quantile
                      	 2.099	 1.792	 2.077	 1.937	 1.824	 1.621	 2.994	 2.603	 1.826	 1.781	 4.014	   3.9	 | 4.014 max

train losses    262:	0.2749	  0.27	0.3273	 0.318	0.3629	0.3663	0.3612	0.3611	0.4943	0.4972	0.9325	0.9254	
val losses      262:	0.1999	0.1672	0.2773	0.2802	0.2898	0.2931	0.3047	0.3125	0.4824	0.3926	 1.056	 1.061	 | 0.4263 mean
                     	0.5619	0.4393	0.7066	0.7446	0.7862	0.7708	0.7826	0.7957	 1.235	 1.027	 2.767	 2.809	 | 1.503 quantile
                      	 2.242	 1.912	 2.098	 1.986	 1.988	 1.802	 3.277	 2.901	 2.315	 2.164	 4.514	 4.616	 | 4.616 max

train losses    264:	0.2776	0.2793	0.3281	 0.319	0.3568	0.3628	0.3727	0.3737	0.5089	0.5117	0.9801	0.9759	
val losses      264:	0.2084	0.2034	0.2782	0.2807	0.2811	0.2882	0.2912	0.3017	0.4357	 0.369	0.9511	0.9593	 | 0.404 mean
                     	0.5948	0.5192	0.7091	 0.736	0.7359	0.7472	0.7731	0.7857	 1.065	0.9141	  2.52	 2.501	 | 1.282 quantile
                      	 2.117	 1.617	 2.034	 1.905	 1.703	  1.54	 2.902	 2.509	  1.56	 1.526	  3.83	 3.678	 | 3.83 max

train losses    266:	0.2947	0.2948	0.3275	0.3184	0.3618	0.3628	0.3706	0.3728	0.5501	0.5554	0.9444	0.9422	
val losses      266:	0.2053	0.1754	 0.277	0.2797	0.2898	0.2908	0.2987	0.3097	0.5188	0.4385	0.9301	0.9404	 | 0.4128 mean
                     	0.5957	0.4629	0.7073	0.7406	0.7688	0.7551	0.7915	0.7886	 1.226	 1.089	 2.659	 2.644	 | 1.296 quantile
                      	 2.104	 1.601	 2.073	 1.969	 1.808	 1.748	  2.97	 2.587	 2.315	 2.339	 4.233	  4.17	 | 4.233 max

train losses    268:	0.3095	0.3109	0.3278	0.3186	0.3696	0.3679	 0.382	0.3837	0.6216	0.6251	 1.083	 1.081	
val losses      268:	 0.213	0.1899	0.2769	0.2799	0.2782	 0.288	0.2971	0.3067	0.4734	0.3881	 1.037	 1.045	 | 0.4228 mean
                     	0.5578	0.4632	0.7076	0.7439	0.7465	 0.758	0.7761	 0.776	 1.164	0.9632	 2.792	 2.843	 | 1.46 quantile
                      	  2.07	 1.654	 2.087	 1.991	 1.586	 1.535	 3.098	 2.722	 2.049	  2.01	  4.41	 4.471	 | 4.471 max

train losses    270:	0.2979	0.2943	0.3294	 0.321	  0.39	0.3847	 0.386	0.3898	0.6837	0.6799	 1.056	 1.053	
val losses      270:	0.2004	0.1752	0.2772	0.2804	0.3053	 0.318	0.2997	0.3098	0.4889	 0.423	 1.067	  1.06	 | 0.4338 mean
                     	0.5579	 0.446	0.7088	0.7381	0.7923	0.8097	0.7726	0.7937	 1.129	 1.064	 2.744	 2.724	 | 1.418 quantile
                      	  2.04	 1.718	 2.049	  1.94	 1.668	 1.464	 2.974	 2.593	 2.115	 1.988	 4.212	 4.357	 | 4.357 max

train losses    272:	0.2991	0.3072	0.3295	0.3205	0.4131	0.4166	0.3952	0.3984	0.6041	0.6136	0.9823	0.9792	
val losses      272:	0.2245	0.1993	0.2775	0.2801	0.3315	0.3353	 0.295	0.3071	0.5085	0.4396	0.9814	0.9743	 | 0.4295 mean
                     	0.6774	0.5326	0.7095	0.7434	  0.93	0.9068	0.7876	0.7964	 1.288	 1.155	 2.667	 2.611	 | 1.379 quantile
                      	 2.395	 1.756	 2.101	 1.974	 2.426	 2.161	 2.762	  2.38	 1.922	 1.951	 3.983	 3.786	 | 3.983 max

train losses    274:	0.3177	0.3208	0.3292	0.3202	0.3906	 0.393	0.3855	0.3877	0.7108	0.7113	0.8979	0.8957	
val losses      274:	0.2132	 0.179	0.2791	0.2821	0.3014	0.2984	0.3272	0.3343	0.5389	0.4647	0.9497	0.9547	 | 0.4269 mean
                     	0.6334	0.4764	0.7125	0.7543	0.8039	0.7825	0.8272	0.8708	 1.332	 1.167	 2.643	 2.596	 | 1.379 quantile
                      	 2.356	 1.828	 2.214	 2.079	 2.196	 1.785	 3.391	 3.021	 2.131	 2.215	 3.832	 3.774	 | 3.832 max

train losses    276:	0.2976	0.2875	0.3285	0.3198	0.4137	0.4195	0.3857	 0.388	0.7752	0.7739	0.9206	0.9172	
val losses      276:	0.2153	0.1914	0.2775	  0.28	0.3064	 0.305	0.2994	0.3115	0.5561	0.4726	0.9842	0.9879	 | 0.4323 mean
                     	0.5928	0.4878	0.7097	0.7423	0.8313	0.7927	0.8109	0.7948	 1.477	 1.274	 2.732	 2.706	 | 1.447 quantile
                      	 2.474	 1.923	 2.106	 1.979	 2.148	 1.895	 2.772	 2.395	 2.748	 2.681	 4.185	 4.127	 | 4.185 max

train losses    278:	0.3091	0.3013	0.3291	0.3201	0.3903	0.4027	0.3938	0.3971	0.6944	0.6978	 0.931	 0.927	
val losses      278:	0.1923	0.1778	0.2769	0.2797	 0.347	0.3666	0.2945	0.3069	0.4622	0.3614	0.9837	0.9801	 | 0.4191 mean
                     	0.5303	0.4528	0.7077	0.7454	0.8875	 0.909	 0.785	0.7863	 1.084	0.9248	  2.71	 2.711	 | 1.291 quantile
                      	 1.969	 1.553	 2.113	 1.997	 1.677	  1.37	 2.857	 2.481	 1.991	 1.634	 4.176	 4.117	 | 4.176 max

train losses    280:	0.2913	0.2923	0.3293	0.3209	0.3989	0.4276	0.3999	0.4028	0.5508	0.5553	0.8712	0.8709	
val losses      280:	0.2104	0.1727	0.2779	0.2811	0.3171	 0.345	0.3302	0.3394	0.4721	0.3783	 0.962	 0.958	 | 0.4203 mean
                     	0.5942	0.4572	0.7154	0.7508	0.8566	 0.894	0.8403	0.8809	 1.147	0.9843	 2.638	 2.622	 | 1.304 quantile
                      	 2.026	 1.533	  2.14	  2.07	 1.974	 1.765	 3.313	 2.973	 1.843	 1.866	 4.173	 3.916	 | 4.173 max

train losses    282:	0.3153	0.3094	0.3284	0.3201	0.3702	0.3801	0.3931	0.3965	0.5185	0.5132	0.8345	0.8326	
val losses      282:	 0.201	0.1679	0.2771	0.2799	0.2893	 0.292	0.2982	0.3117	0.4629	0.3735	0.9683	0.9684	 | 0.4075 mean
                     	0.5667	0.4402	0.7114	0.7438	 0.771	0.7587	  0.79	0.8008	  1.11	0.9694	 2.683	 2.673	 | 1.293 quantile
                      	 2.119	  1.71	 2.071	 2.003	 1.962	   1.6	 2.997	 2.613	 1.752	 1.584	 4.128	 3.922	 | 4.128 max

train losses    284:	0.3026	 0.294	0.3278	0.3187	0.3619	0.3674	0.3704	0.3722	0.5016	0.4996	0.8296	 0.825	
val losses      284:	0.2113	0.1753	0.2772	0.2801	0.2958	0.2971	 0.298	0.3104	0.4721	0.3956	0.9607	0.9537	 | 0.4106 mean
                     	0.6024	0.4564	0.7098	0.7426	0.7724	0.7627	 0.803	0.7959	 1.147	  1.02	 2.588	 2.588	 | 1.322 quantile
                      	 2.377	 1.902	 2.067	 1.965	 1.978	 1.788	 2.825	 2.437	 1.909	 1.696	 4.337	 4.093	 | 4.337 max

train losses    286:	0.2838	 0.279	0.3274	0.3185	0.3648	0.3771	0.3733	0.3749	0.5013	0.5019	0.8582	0.8539	
val losses      286:	0.2107	0.1822	0.2769	0.2801	0.2814	0.2852	 0.298	0.3087	0.4444	0.3709	 1.034	 1.024	 | 0.4164 mean
                     	0.5785	0.4752	0.7101	0.7461	0.7344	0.7431	0.7845	0.7838	  1.08	0.9465	 2.643	 2.648	 | 1.381 quantile
                      	 2.214	 1.841	 2.103	 1.993	 1.716	 1.559	 3.149	 2.769	 1.697	 1.611	 4.507	 4.247	 | 4.507 max

train losses    288:	0.2789	0.2746	0.3273	0.3185	0.3711	0.3789	0.3635	0.3641	0.4961	0.4969	0.8919	0.8856	
val losses      288:	0.1945	0.1647	0.2771	0.2802	0.2835	0.2872	0.2944	0.3057	0.4426	 0.372	 1.052	 1.047	 | 0.4168 mean
                     	0.5433	 0.429	0.7155	 0.748	0.7433	0.7443	0.7745	0.7832	 1.087	0.9321	 2.661	 2.689	 | 1.395 quantile
                      	  2.07	 1.719	 2.088	 1.978	 1.846	 1.669	 3.218	 2.838	 1.679	 1.653	 4.262	 4.058	 | 4.262 max

train losses    290:	0.2783	0.2725	0.3276	0.3186	0.3674	0.3718	0.3617	0.3614	0.5077	0.5079	0.8682	 0.862	
val losses      290:	0.1945	0.1635	 0.277	0.2803	0.2792	0.2849	0.2916	0.3015	0.4295	0.3578	 1.002	0.9989	 | 0.4051 mean
                     	0.5423	0.4254	0.7063	0.7407	0.7346	0.7389	0.7839	0.7767	 1.063	0.8854	 2.655	 2.629	 | 1.343 quantile
                      	 2.097	 1.687	 2.066	 1.946	 1.843	 1.571	 2.979	 2.593	 1.676	 1.478	 4.117	  3.91	 | 4.117 max

train losses    292:	 0.293	0.2878	0.3275	0.3182	 0.385	0.3876	0.3648	 0.365	0.4994	0.4997	 0.831	 0.827	
val losses      292:	 0.219	0.2018	0.2784	0.2814	0.2899	0.2994	0.3062	0.3156	0.4537	0.3793	0.9809	0.9792	 | 0.4154 mean
                     	0.6287	0.5463	 0.709	 0.741	0.7642	0.7617	0.8276	0.8386	 1.118	0.9626	 2.632	 2.638	 | 1.35 quantile
                      	 2.049	 1.699	 2.038	 1.899	 2.023	 1.767	 2.815	 2.594	 1.703	 1.672	 3.977	 3.743	 | 3.977 max

train losses    294:	0.3034	0.3073	0.3279	0.3188	0.3672	0.3781	0.3689	0.3691	0.5139	0.5113	0.8003	0.7985	
val losses      294:	0.2044	0.1789	0.2779	0.2808	0.2863	 0.286	0.2979	0.3086	0.4614	 0.386	 0.961	0.9624	 | 0.4076 mean
                     	0.5936	0.4853	0.7095	0.7417	0.7637	0.7457	0.8125	0.8114	 1.166	 1.032	 2.634	 2.669	 | 1.333 quantile
                      	 2.177	 1.588	 2.054	  1.92	 1.942	 1.729	 2.812	 2.509	 2.059	 1.717	 4.015	 3.755	 | 4.015 max

train losses    296:	0.2939	0.2939	0.3281	0.3189	0.3675	0.3722	0.3698	0.3711	0.5333	0.5345	0.8155	0.8122	
val losses      296:	0.2184	0.2005	0.2774	0.2802	0.2906	0.2925	0.2905	0.3013	0.4618	0.3812	 0.945	0.9532	 | 0.4077 mean
                     	0.6126	0.5051	0.7086	0.7417	0.7394	0.7419	0.7759	0.7812	 1.194	 1.032	 2.614	 2.628	 | 1.294 quantile
                      	 2.172	 1.472	 2.076	 1.947	 1.949	 1.655	 2.915	 2.526	 2.089	 2.016	 4.012	 3.962	 | 4.012 max

train losses    298:	0.3223	0.3255	0.3273	0.3179	0.3698	0.3775	0.3604	0.3606	0.5199	0.5215	0.8463	0.8422	
val losses      298:	0.2097	0.1803	0.2771	0.2799	0.2955	0.3034	0.2939	0.3043	0.4831	0.4094	0.9468	0.9491	 | 0.411 mean
                     	0.5863	0.4655	0.7098	 0.744	0.7967	0.7914	0.7669	0.7792	 1.211	 1.056	 2.615	  2.63	 | 1.318 quantile
                      	 2.493	   1.8	 2.099	 1.975	  1.88	 1.756	   3.1	 2.725	 2.108	 1.889	  4.01	  3.75	 | 4.01 max

