train losses      0:	0.5795	0.5923	0.3665	0.3641	0.7422	  0.77	0.4884	 0.499	 1.619	  1.63	 1.501	 1.488	
val losses        0:	 1.448	0.6718	0.9082	0.9354	0.5577	0.9512	 2.012	0.8863	 1.465	 1.793	  1.87	 1.267	 | 1.23 mean
                     	 2.697	 1.573	 1.679	 1.724	 1.519	 2.066	 2.876	 1.861	 3.149	 3.598	 4.183	 3.035	 | 2.834 quantile
                      	 5.887	 4.628	 2.963	 3.218	 3.465	 3.955	 5.006	 3.497	 5.374	 5.553	 7.347	 5.491	 | 7.347 max

train losses      2:	0.5251	0.5464	0.3775	 0.375	 0.726	0.7505	0.4924	0.4975	 1.571	 1.583	 1.466	 1.471	
val losses        2:	 0.475	 1.521	0.4542	0.4676	0.5174	0.5568	 1.451	0.4652	0.8526	 0.863	 1.397	 1.295	 | 0.8596 mean
                     	 1.301	 2.448	 1.141	 1.198	 1.445	 1.473	 2.334	 1.246	 2.478	  2.39	 3.362	 3.085	 | 2.322 quantile
                      	 3.207	 4.098	  2.64	 2.791	 3.147	 3.631	 4.188	 3.317	 4.608	 4.496	 6.308	  5.25	 | 6.308 max

train losses      4:	 0.506	0.5193	0.3972	0.3996	0.7072	0.7208	0.5138	0.5259	 1.469	 1.484	 1.425	 1.449	
val losses        4:	0.4723	0.6508	0.8056	0.7714	 1.023	0.7063	0.6267	0.6541	 0.948	   1.1	 1.386	 1.156	 | 0.8584 mean
                     	 1.213	 1.403	 1.575	 1.675	 2.021	  1.54	 1.396	 1.604	  2.28	 2.488	 3.215	 2.765	 | 2.143 quantile
                      	 2.543	 2.825	  3.03	 3.635	 3.751	  4.02	 3.371	 4.206	 4.354	 4.103	 5.341	 5.432	 | 5.432 max

train losses      6:	0.5196	0.5306	0.4352	0.4448	 0.698	0.6999	0.5442	0.5618	 1.339	 1.365	 1.377	 1.419	
val losses        6:	0.4093	0.3997	 0.401	0.4718	0.5926	0.5472	0.4345	0.5467	 1.188	 1.129	 1.205	 1.159	 | 0.7069 mean
                     	 1.177	 1.074	 1.032	 1.147	 1.432	 1.278	 1.174	 1.365	   2.6	  2.46	 2.909	 2.782	 | 2.069 quantile
                      	 2.936	 2.517	 2.453	 2.628	 2.897	 3.371	 3.007	 3.363	 4.449	 3.972	 4.764	 5.344	 | 5.344 max

train losses      8:	0.5216	0.5279	 0.456	0.4674	0.6899	0.6794	  0.56	0.5727	  1.22	 1.256	 1.346	 1.398	
val losses        8:	0.3909	0.3769	0.3763	0.4152	0.4179	0.4171	0.4049	0.4559	0.6521	0.6514	 1.097	 1.121	 | 0.5647 mean
                     	 1.146	0.9975	0.9813	 1.055	 1.162	 1.082	 1.116	 1.215	 1.647	 1.679	  2.61	  2.72	 | 1.728 quantile
                      	  2.74	 2.326	 2.213	 2.789	 2.449	 3.068	 2.825	 2.836	 3.222	 2.924	  4.76	 5.108	 | 5.108 max

train losses     10:	0.5182	0.5323	0.4658	0.4828	0.6616	0.6493	0.5617	0.5662	 1.052	 1.073	 1.286	 1.352	
val losses       10:	0.3917	0.3564	0.3699	0.3935	0.3986	0.4095	 0.401	0.4332	0.5934	0.6319	 1.093	 1.096	 | 0.5474 mean
                     	  1.15	0.9622	0.9719	 1.023	 1.106	  1.07	 1.096	  1.18	 1.677	 1.708	 2.599	 2.633	 | 1.709 quantile
                      	 2.702	 2.221	 2.228	 2.831	 2.188	 2.762	 2.654	  2.71	 3.104	 2.784	 4.726	  4.76	 | 4.76 max

train losses     12:	0.5206	0.5405	0.4846	 0.506	0.6502	0.6337	0.5766	0.5849	0.9302	0.9505	 1.234	 1.311	
val losses       12:	0.3874	0.3389	0.3677	0.3966	0.3738	0.3831	0.3914	0.4282	0.5898	0.6095	 1.092	 1.079	 | 0.5365 mean
                     	 1.136	0.9231	0.9509	 1.042	 1.031	0.9982	 1.071	  1.17	 1.623	   1.6	 2.587	 2.605	 | 1.653 quantile
                      	 2.743	 2.228	 2.243	 2.587	 2.107	 2.529	 2.649	 2.674	 2.706	 2.371	 4.611	 4.615	 | 4.615 max

train losses     14:	0.5066	0.5172	0.4806	   0.5	0.6297	0.6203	0.5693	0.5783	0.8965	0.9151	 1.194	 1.273	
val losses       14:	0.3693	0.3175	0.3658	0.3885	0.3726	0.3855	0.3916	0.4217	0.5648	0.5833	 1.084	  1.07	 | 0.5262 mean
                     	 1.075	0.8572	0.9427	 1.013	 1.029	 1.007	 1.068	 1.155	 1.543	 1.521	 2.489	 2.574	 | 1.624 quantile
                      	 2.651	 2.031	 2.172	 2.593	 1.905	 2.291	 2.581	 2.575	 2.804	 2.451	 4.788	 4.543	 | 4.788 max

train losses     16:	0.4904	0.4999	0.4694	0.4857	0.6087	0.6053	0.5569	0.5693	0.8771	0.8752	 1.151	 1.226	
val losses       16:	0.3477	0.3054	0.3659	0.3873	0.3429	0.3648	0.3973	0.4124	0.5476	0.5485	 1.092	 1.068	 | 0.515 mean
                     	 1.011	0.8106	0.9416	 1.012	0.9445	0.9354	 1.067	 1.135	 1.584	 1.435	 2.486	 2.541	 | 1.596 quantile
                      	 2.442	 1.927	 2.221	 2.572	 1.846	 2.222	 2.586	 2.568	 2.763	 2.456	 4.919	 4.299	 | 4.919 max

train losses     18:	0.4767	0.4863	0.4629	 0.477	0.5921	0.5892	0.5488	0.5587	0.8404	0.8313	 1.131	 1.191	
val losses       18:	0.3394	0.3008	 0.365	0.3776	0.3387	0.3577	0.3974	0.4083	0.5357	 0.536	 1.101	 1.076	 | 0.5111 mean
                     	0.9752	0.7989	0.9398	   1.0	 0.911	 0.913	 1.053	 1.108	 1.611	 1.387	 2.483	 2.561	 | 1.599 quantile
                      	 2.509	 2.047	 2.146	 2.608	 1.812	 2.201	 2.507	 2.516	 2.724	 2.519	 5.255	 4.196	 | 5.255 max

train losses     20:	 0.471	0.4792	0.4599	 0.467	0.5788	0.5718	0.5411	0.5526	0.8065	0.7991	 1.103	 1.154	
val losses       20:	0.3311	0.2852	0.3641	0.3732	0.3305	0.3514	0.3903	0.4055	0.5209	0.5295	 1.115	  1.08	 | 0.5064 mean
                     	0.9437	 0.756	0.9351	0.9933	0.8659	0.8909	 1.047	 1.106	 1.536	  1.35	 2.524	 2.533	 | 1.598 quantile
                      	 2.487	 1.973	 2.182	 2.656	 1.726	 1.894	 2.478	 2.602	 2.565	 2.573	  5.65	 4.415	 | 5.65 max

train losses     22:	 0.463	0.4652	0.4493	0.4547	0.5606	0.5564	0.5291	0.5401	0.7777	0.7761	  1.06	 1.113	
val losses       22:	0.3301	 0.288	0.3633	0.3687	0.3264	0.3487	0.3903	0.4038	0.5144	0.5265	  1.11	 1.076	 | 0.5039 mean
                     	 0.948	0.7591	0.9288	0.9852	0.8834	0.8813	 1.035	 1.105	 1.501	 1.341	 2.501	 2.516	 | 1.585 quantile
                      	 2.574	 2.156	 2.151	 2.737	 1.786	 2.079	 2.484	 2.545	  2.76	 2.669	 5.448	 4.561	 | 5.448 max

train losses     24:	0.4533	0.4555	0.4446	 0.445	0.5491	0.5429	0.5201	0.5305	0.7526	0.7543	 1.017	 1.067	
val losses       24:	0.3248	0.2807	0.3634	0.3669	 0.319	0.3406	0.3861	0.3999	0.5061	0.5204	 1.125	 1.084	 | 0.5014 mean
                     	0.9275	0.7569	0.9262	0.9768	0.8483	 0.854	 1.026	 1.087	 1.471	 1.337	 2.564	 2.481	 | 1.606 quantile
                      	 2.495	  1.88	 2.154	 2.727	 1.679	 1.949	 2.479	 2.556	 2.654	 2.664	 5.343	 4.611	 | 5.343 max

train losses     26:	0.4445	0.4461	0.4369	0.4386	0.5381	0.5285	0.5118	0.5228	0.7367	0.7394	0.9865	 1.032	
val losses       26:	  0.32	 0.278	0.3632	0.3643	0.3157	0.3321	0.3852	0.3955	0.5073	0.5253	 1.128	 1.093	 | 0.5006 mean
                     	0.9152	0.7494	 0.927	0.9606	0.8445	 0.821	 1.021	 1.075	 1.437	 1.324	 2.574	 2.533	 | 1.573 quantile
                      	 2.415	 1.866	 2.134	 2.764	 1.772	 1.815	 2.463	 2.491	  2.74	 2.693	 5.367	 4.804	 | 5.367 max

train losses     28:	0.4362	0.4382	0.4297	0.4284	0.5277	0.5198	0.5025	0.5137	0.7392	0.7449	0.9732	 1.011	
val losses       28:	0.3142	0.2685	0.3619	0.3623	0.3138	0.3279	 0.386	0.3924	0.5106	0.5288	  1.14	 1.106	 | 0.501 mean
                     	0.8955	0.7097	0.9279	0.9548	0.8362	0.8025	 1.027	  1.06	 1.455	 1.351	 2.582	 2.548	 | 1.58 quantile
                      	 2.243	 1.903	 2.116	 2.789	 1.814	  1.77	  2.46	 2.461	  2.74	 2.744	 5.204	 4.684	 | 5.204 max

train losses     30:	0.4332	0.4331	0.4224	  0.42	0.5185	0.5093	0.4949	0.5049	0.7659	0.7688	0.9835	 1.018	
val losses       30:	0.3104	0.2703	0.3616	0.3626	0.3089	0.3232	0.3816	0.3918	0.5204	0.5406	  1.12	 1.078	 | 0.4975 mean
                     	0.8864	0.7247	0.9211	0.9527	0.8103	0.8028	 1.015	 1.065	  1.41	 1.341	 2.516	 2.433	 | 1.592 quantile
                      	 2.221	 1.896	 2.139	 2.798	 1.675	 1.681	 2.448	 2.409	 2.957	 2.836	 4.457	 3.943	 | 4.457 max

train losses     32:	 0.433	0.4363	 0.419	 0.416	0.5171	 0.508	0.4904	0.5031	 0.792	0.7967	   1.0	 1.023	
val losses       32:	0.3244	0.2704	0.3638	0.3607	0.3165	0.3178	 0.384	0.3887	0.5244	0.5305	 1.224	 1.189	 | 0.5162 mean
                     	0.9345	0.7076	0.9353	0.9511	0.8671	0.7809	 1.035	 1.057	 1.527	 1.334	 2.788	  2.72	 | 1.665 quantile
                      	 2.119	 1.711	 2.161	 2.807	 1.849	 1.766	 2.415	  2.48	 2.627	 2.713	 5.505	 4.873	 | 5.505 max

train losses     34:	0.4462	 0.455	 0.424	0.4192	0.5322	0.5199	0.4966	0.5073	0.7861	0.7861	  1.21	  1.19	
val losses       34:	0.3207	0.2719	0.3667	0.3628	0.3172	0.3261	0.3788	0.3917	0.6057	0.5764	 1.241	 1.195	 | 0.5295 mean
                     	0.8867	 0.702	0.9473	0.9694	0.8253	0.8056	 1.031	 1.053	 1.592	 1.469	 2.806	 2.716	 | 1.711 quantile
                      	 2.013	 1.785	 2.149	 2.713	 1.717	 1.691	 2.476	 2.535	 2.517	   2.5	  4.96	 4.515	 | 4.96 max

train losses     36:	0.4475	0.4633	0.4067	0.4028	0.5305	0.5245	0.4849	0.4974	0.9023	0.9045	 1.111	  1.12	
val losses       36:	0.3325	0.3001	0.3669	0.3619	0.3167	0.3322	0.3813	0.3967	0.5872	0.5836	 1.194	 1.176	 | 0.5274 mean
                     	0.9397	0.7781	0.9461	0.9524	0.8513	0.8086	 1.051	 1.067	 1.723	 1.509	 3.072	 2.991	 | 1.687 quantile
                      	  2.15	 1.864	 2.211	 2.797	 1.787	  1.95	 2.574	 2.468	 3.108	 2.736	 5.898	 5.383	 | 5.898 max

train losses     38:	0.4508	0.4557	0.4064	0.3973	0.5217	0.5143	0.4876	0.4984	0.7992	0.8015	 1.057	 1.081	
val losses       38:	0.3288	0.2836	0.3655	0.3611	0.3099	0.3232	0.3783	0.3954	0.5246	0.5287	 1.107	 1.095	 | 0.5001 mean
                     	0.9369	0.7485	0.9382	0.9645	 0.805	0.7961	 1.021	 1.061	 1.511	 1.352	 2.625	 2.571	 | 1.618 quantile
                      	 2.515	 1.634	 2.183	 2.791	 1.576	 1.649	 2.551	 2.443	  2.72	 2.792	 5.253	 4.984	 | 5.253 max

train losses     40:	0.4366	0.4462	0.4049	0.3975	 0.511	0.5074	0.4821	0.4911	0.7435	0.7562	0.9709	0.9997	
val losses       40:	0.3122	0.2655	0.3652	 0.362	0.3156	0.3322	0.3786	0.3888	 0.524	0.5442	 1.128	 1.115	 | 0.5027 mean
                     	0.8763	0.6998	0.9316	0.9556	 0.833	0.8413	 1.035	 1.044	 1.382	 1.363	 2.576	 2.541	 | 1.578 quantile
                      	 2.163	 1.554	 2.117	 2.843	 1.729	 1.715	 2.433	 2.484	 2.809	 2.857	 5.856	 5.645	 | 5.856 max

train losses     42:	0.4229	0.4241	 0.402	0.3937	0.4997	0.4874	0.4742	0.4835	0.7143	0.7274	0.9091	0.9279	
val losses       42:	0.3115	0.2659	0.3654	0.3591	0.3138	0.3284	0.3754	0.3888	0.5152	0.5333	 1.161	 1.131	 | 0.5041 mean
                     	 0.877	0.6993	0.9318	0.9479	0.8172	0.8065	 1.017	 1.055	 1.473	 1.348	 2.677	 2.572	 | 1.643 quantile
                      	 2.258	 1.705	 2.152	 2.921	 1.653	 1.643	  2.39	 2.441	 2.594	 2.629	 5.779	 5.597	 | 5.779 max

train losses     44:	0.4116	0.4161	0.3966	0.3891	0.4902	0.4789	0.4653	0.4758	0.6971	0.7048	  0.86	0.8827	
val losses       44:	0.3113	0.2665	0.3634	0.3583	0.3071	0.3229	0.3749	0.3868	 0.509	0.5284	 1.152	 1.127	 | 0.5007 mean
                     	0.8933	0.6978	0.9311	0.9392	0.8367	0.7738	 1.015	 1.057	 1.446	 1.323	 2.643	  2.56	 | 1.642 quantile
                      	  2.22	 1.616	 2.185	 2.887	 1.658	 1.669	  2.41	 2.377	 2.766	 2.674	 5.469	 5.409	 | 5.469 max

train losses     46:	0.4032	0.4068	0.3902	0.3816	0.4771	 0.466	0.4585	0.4687	 0.684	0.6899	0.8278	0.8537	
val losses       46:	0.3118	 0.265	0.3631	0.3576	0.3038	0.3154	0.3727	0.3841	0.5069	  0.53	 1.146	 1.122	 | 0.4982 mean
                     	0.8844	0.7009	0.9299	0.9449	0.7966	0.7852	 1.004	 1.041	 1.426	 1.308	 2.598	 2.492	 | 1.621 quantile
                      	 2.163	 1.665	 2.184	 2.858	 1.738	 1.594	 2.382	   2.4	 2.692	  2.64	 5.484	 5.208	 | 5.484 max

train losses     48:	0.3984	0.4013	0.3856	0.3771	0.4671	0.4568	0.4527	0.4631	0.6677	0.6709	0.8123	0.8373	
val losses       48:	0.3103	0.2667	0.3621	0.3566	0.2997	0.3117	0.3706	0.3824	0.5014	0.5171	 1.148	 1.124	 | 0.496 mean
                     	0.8877	0.7014	0.9249	0.9464	0.7964	0.7739	 1.001	 1.034	 1.473	 1.299	 2.617	 2.515	 | 1.644 quantile
                      	 2.191	 1.754	 2.179	 2.841	  1.68	 1.566	 2.393	 2.409	 2.617	   2.6	 5.261	 5.233	 | 5.261 max

train losses     50:	0.3923	 0.394	0.3811	0.3719	0.4584	0.4491	 0.449	0.4586	0.6549	0.6622	0.7881	 0.813	
val losses       50:	0.3048	0.2611	0.3614	0.3559	0.2961	0.3098	0.3685	0.3802	0.5054	0.5235	 1.148	 1.124	 | 0.4949 mean
                     	0.8695	0.6943	0.9261	0.9464	 0.796	0.7625	 0.999	 1.038	 1.468	 1.316	  2.61	  2.52	 | 1.65 quantile
                      	 2.285	 1.833	 2.152	  2.83	 1.756	 1.608	 2.374	 2.388	 2.633	 2.621	 4.933	 4.745	 | 4.933 max

train losses     52:	0.3873	0.3921	 0.376	0.3678	0.4544	0.4465	0.4437	0.4528	0.6463	0.6528	0.7686	0.7949	
val losses       52:	0.3001	0.2548	0.3611	0.3555	0.2948	0.3072	0.3674	0.3781	0.5118	0.5316	 1.135	 1.116	 | 0.4927 mean
                     	 0.853	0.6719	0.9242	 0.947	 0.788	0.7597	0.9961	 1.024	 1.489	 1.334	 2.586	 2.527	 | 1.637 quantile
                      	 2.185	 1.639	 2.123	 2.838	 1.744	 1.611	 2.359	 2.396	 2.805	 2.578	 5.074	 4.797	 | 5.074 max

train losses     54:	0.3851	0.3886	0.3741	 0.365	0.4468	0.4379	0.4397	0.4472	 0.642	 0.647	0.7553	0.7802	
val losses       54:	0.3072	0.2601	0.3609	0.3545	0.2933	0.3068	0.3664	0.3749	0.5092	0.5273	 1.137	 1.118	 | 0.493 mean
                     	0.8775	0.6827	0.9249	0.9414	0.7961	 0.761	0.9946	 1.021	 1.469	 1.294	  2.62	 2.568	 | 1.626 quantile
                      	 2.422	 1.681	 2.138	 2.829	 1.817	  1.62	 2.337	 2.419	  2.62	 2.568	 5.132	 4.862	 | 5.132 max

train losses     56:	0.3814	0.3851	0.3711	 0.362	0.4417	0.4323	 0.435	0.4424	0.6327	0.6368	0.7365	0.7653	
val losses       56:	0.3038	0.2597	0.3608	0.3539	 0.294	0.3077	 0.364	0.3721	0.5064	0.5278	 1.137	  1.12	 | 0.4922 mean
                     	0.8771	0.6807	 0.926	0.9359	0.7893	0.7619	0.9833	 1.009	 1.452	   1.3	 2.667	 2.591	 | 1.62 quantile
                      	 2.249	 1.749	 2.128	 2.824	 1.725	 1.602	 2.329	 2.414	 2.774	 2.671	 5.132	 4.946	 | 5.132 max

train losses     58:	0.3772	 0.383	0.3676	0.3591	0.4373	0.4276	 0.431	0.4397	0.6242	0.6278	0.7138	0.7396	
val losses       58:	0.3035	0.2575	0.3601	0.3541	0.2903	 0.303	0.3615	0.3706	0.5062	0.5231	 1.142	  1.12	 | 0.4909 mean
                     	0.8733	0.6758	0.9214	0.9374	0.7793	0.7512	0.9762	 1.003	 1.435	 1.302	 2.633	 2.581	 | 1.633 quantile
                      	 2.406	 1.792	 2.128	  2.81	 1.763	 1.583	  2.33	 2.417	 2.756	 2.648	 4.988	 4.806	 | 4.988 max

train losses     60:	0.3763	0.3816	0.3648	0.3549	0.4334	0.4254	0.4288	0.4353	0.6191	0.6255	0.7078	0.7324	
val losses       60:	0.3025	0.2573	  0.36	0.3539	0.2879	0.3041	0.3586	0.3678	0.5058	0.5207	 1.181	 1.153	 | 0.496 mean
                     	0.8699	0.6755	0.9188	0.9382	0.7721	0.7565	0.9702	0.9994	 1.411	 1.277	 2.771	 2.696	 | 1.662 quantile
                      	 2.416	 1.787	 2.132	 2.825	 1.768	 1.583	 2.319	 2.416	 2.821	 2.675	 5.029	 4.809	 | 5.029 max

train losses     62:	0.3738	0.3794	0.3615	0.3533	0.4292	0.4234	0.4239	0.4317	0.6189	0.6215	0.7384	0.7551	
val losses       62:	0.3027	 0.259	0.3601	0.3534	0.2889	0.3037	0.3593	 0.368	0.5082	0.5245	 1.172	 1.151	 | 0.4958 mean
                     	0.8674	0.6712	0.9209	0.9421	0.7752	0.7528	 0.975	 1.003	 1.465	 1.295	 2.952	 2.867	 | 1.633 quantile
                      	 2.357	 1.737	 2.126	 2.828	 1.722	 1.596	  2.31	   2.4	 2.904	 2.658	 5.377	 5.236	 | 5.377 max

train losses     64:	0.3711	0.3763	0.3581	0.3508	0.4256	0.4175	0.4211	0.4286	0.6101	0.6167	0.7369	0.7549	
val losses       64:	 0.301	0.2559	0.3595	0.3532	0.2861	0.3002	0.3567	0.3668	0.5039	0.5172	 1.218	 1.189	 | 0.5006 mean
                     	0.8578	 0.665	0.9219	0.9395	0.7801	0.7467	0.9617	0.9893	 1.427	 1.274	  2.84	   2.8	 | 1.689 quantile
                      	 2.455	 1.628	 2.133	  2.79	 1.869	 1.547	 2.327	 2.441	 2.834	 2.679	  5.29	 5.092	 | 5.29 max

train losses     66:	0.3728	0.3774	0.3572	0.3491	0.4208	0.4164	  0.42	0.4256	0.6096	0.6147	0.8215	0.8326	
val losses       66:	0.3005	0.2592	0.3602	0.3533	0.2839	0.2996	 0.356	0.3654	0.5067	0.5193	   1.2	 1.176	 | 0.4984 mean
                     	0.8553	 0.677	0.9232	0.9373	0.7725	0.7404	0.9655	0.9801	  1.44	 1.278	 3.165	 3.088	 | 1.64 quantile
                      	 2.361	 1.774	 2.137	 2.827	 1.663	 1.685	 2.336	 2.444	 2.794	  2.68	 5.342	 5.263	 | 5.342 max

train losses     68:	0.3692	0.3776	0.3543	0.3454	0.4236	0.4198	0.4181	0.4243	0.6201	0.6263	0.8518	0.8623	
val losses       68:	0.3097	0.2618	0.3604	0.3532	0.2939	0.3031	 0.358	0.3666	0.5253	0.5443	  1.17	  1.17	 | 0.5014 mean
                     	 0.886	0.6819	0.9263	  0.94	0.7977	0.7412	0.9828	0.9974	 1.539	 1.349	 2.781	 2.768	 | 1.633 quantile
                      	 2.415	 1.711	 2.157	 2.818	 1.938	 1.663	 2.306	  2.39	  2.81	 2.513	  5.06	 5.089	 | 5.089 max

train losses     70:	0.3698	0.3741	 0.354	0.3451	  0.42	 0.416	0.4158	0.4215	0.6178	0.6278	0.7313	0.7561	
val losses       70:	0.3046	0.2572	  0.36	 0.353	0.2884	0.3021	0.3558	 0.364	0.5235	0.5349	  1.13	 1.132	 | 0.4921 mean
                     	0.8656	0.6766	0.9274	 0.942	0.7897	0.7447	0.9746	0.9892	  1.52	 1.342	 2.545	 2.554	 | 1.618 quantile
                      	 2.226	 1.736	 2.151	 2.815	 1.745	 1.648	  2.29	 2.413	 2.636	 2.496	 4.371	 4.285	 | 4.371 max

train losses     72:	0.3669	0.3762	0.3516	0.3438	0.4202	0.4173	0.4125	0.4191	0.6681	0.6751	0.7774	 0.796	
val losses       72:	0.3064	0.2551	0.3596	0.3526	0.2888	0.2968	0.3544	0.3621	0.5478	 0.565	 1.112	 1.112	 | 0.4927 mean
                     	0.8725	0.6801	0.9276	0.9383	0.7789	0.7381	0.9723	0.9967	 1.557	 1.419	 2.488	 2.541	 | 1.605 quantile
                      	 2.334	 1.637	 2.145	 2.818	 1.636	 1.571	 2.259	 2.345	 2.609	 2.283	   4.4	 4.498	 | 4.498 max

train losses     74:	0.3646	0.3721	0.3495	0.3409	0.4199	0.4164	0.4102	0.4158	0.7026	0.7097	0.7231	0.7391	
val losses       74:	0.3121	0.2645	0.3595	0.3532	0.2886	0.3006	0.3545	0.3654	0.5703	0.5815	 1.159	 1.145	 | 0.5044 mean
                     	0.8854	0.6938	 0.926	0.9392	0.8048	 0.737	0.9661	0.9742	  1.65	 1.469	 2.646	 2.604	 | 1.699 quantile
                      	  2.41	 1.816	 2.126	 2.787	 1.798	 1.671	 2.339	 2.416	  2.62	 2.347	 4.904	 4.942	 | 4.942 max

train losses     76:	  0.37	0.3782	0.3498	0.3404	0.4181	0.4167	0.4096	0.4163	0.6979	0.7077	 0.749	0.7608	
val losses       76:	0.3094	0.2606	0.3593	0.3525	0.2912	0.2993	0.3522	0.3619	0.5275	0.5349	   1.2	  1.18	 | 0.5024 mean
                     	0.8824	0.6857	0.9255	0.9355	0.7606	0.7447	 0.956	0.9796	 1.485	 1.335	 2.833	 2.782	 | 1.685 quantile
                      	 2.234	 1.783	 2.122	 2.786	 1.771	 1.598	 2.344	 2.476	 3.087	 2.578	 4.942	 5.011	 | 5.011 max

train losses     78:	0.3671	0.3733	0.3468	0.3389	0.4239	0.4226	0.4076	0.4142	0.6906	 0.706	0.7427	0.7627	
val losses       78:	0.3044	0.2575	0.3592	0.3526	0.2849	0.3005	0.3506	0.3585	0.5005	0.5273	 1.142	 1.129	 | 0.4889 mean
                     	 0.864	0.6762	0.9262	0.9351	0.7675	0.7518	0.9635	0.9652	 1.377	  1.32	 2.633	 2.591	 | 1.646 quantile
                      	 2.246	 1.502	 2.141	 2.809	 1.609	 1.519	 2.263	 2.324	  2.82	 2.656	 4.664	 4.627	 | 4.664 max

train losses     80:	 0.364	0.3685	0.3462	0.3381	0.4145	0.4123	0.4044	0.4102	0.6439	0.6542	0.6576	 0.679	
val losses       80:	0.3091	0.2598	0.3597	0.3528	0.2866	 0.302	 0.354	0.3616	0.5101	0.5416	 1.133	 1.136	 | 0.4922 mean
                     	0.8911	 0.679	0.9219	0.9443	 0.774	0.7252	 0.969	0.9746	 1.463	 1.354	 2.553	 2.551	 | 1.605 quantile
                      	 2.362	 1.777	 2.137	 2.817	 1.815	 1.544	 2.289	 2.403	 3.109	 2.829	 4.751	 4.824	 | 4.824 max

train losses     82:	 0.361	 0.369	0.3449	0.3373	 0.406	0.4044	0.4045	0.4102	0.6333	0.6371	0.6804	0.7058	
val losses       82:	0.3106	0.2575	0.3591	0.3524	 0.292	0.3024	0.3523	0.3602	0.5154	0.5412	 1.155	  1.16	 | 0.4966 mean
                     	0.8888	 0.679	0.9249	0.9384	0.7878	0.7471	0.9692	0.9833	 1.495	 1.386	 2.614	 2.609	 | 1.639 quantile
                      	 2.329	 1.661	 2.135	 2.803	 1.906	 1.651	 2.339	 2.371	 2.876	 2.809	 4.653	 4.707	 | 4.707 max

train losses     84:	0.3595	0.3652	0.3438	0.3354	0.4052	0.4062	0.3999	0.4065	0.6064	0.6115	0.6881	0.7059	
val losses       84:	  0.31	0.2585	0.3591	0.3522	0.2803	0.2963	 0.349	0.3552	0.5122	0.5325	 1.134	 1.139	 | 0.4898 mean
                     	0.8718	0.6729	0.9256	0.9359	0.7704	0.7304	 0.957	0.9646	 1.475	 1.322	 2.569	 2.564	 | 1.615 quantile
                      	 2.365	  1.95	 2.144	 2.826	 1.704	 1.574	 2.221	 2.322	 2.673	 2.626	 4.525	  4.36	 | 4.525 max

train losses     86:	 0.363	0.3658	0.3425	0.3343	0.4016	   0.4	0.3975	0.4024	0.5937	0.5999	 0.642	0.6619	
val losses       86:	0.3078	0.2592	 0.359	0.3523	0.2829	0.2936	0.3479	0.3563	0.5395	0.5582	 1.122	 1.113	 | 0.491 mean
                     	0.8799	0.6796	0.9254	0.9391	0.7718	0.7204	0.9472	 0.966	 1.578	 1.376	 2.557	 2.524	 | 1.646 quantile
                      	 2.355	 1.855	 2.135	 2.812	 1.723	 1.616	 2.296	 2.396	 2.671	 2.536	 4.527	 4.488	 | 4.527 max

train losses     88:	0.3525	0.3607	0.3406	0.3326	0.3964	0.3971	0.3925	0.3977	 0.597	0.6007	0.6108	0.6317	
val losses       88:	0.3111	0.2606	0.3586	0.3523	0.2855	0.3012	0.3478	0.3559	0.5263	0.5411	 1.165	 1.149	 | 0.4962 mean
                     	0.8954	 0.684	0.9232	0.9391	0.7844	0.7258	0.9552	0.9575	 1.532	 1.368	 2.666	 2.645	 | 1.69 quantile
                      	  2.41	 1.775	 2.126	 2.801	 1.735	 1.636	 2.245	 2.368	 2.888	 2.648	 4.599	 4.557	 | 4.599 max

train losses     90:	0.3558	0.3622	0.3394	 0.332	0.3922	0.3944	0.3896	0.3945	0.5728	 0.577	0.6014	0.6236	
val losses       90:	0.3024	 0.254	0.3586	0.3524	0.2802	0.2983	0.3448	0.3518	0.5097	 0.521	 1.165	 1.149	 | 0.4906 mean
                     	0.8583	0.6677	0.9217	0.9375	0.7665	0.7338	0.9356	0.9533	 1.451	 1.305	 2.573	 2.567	 | 1.68 quantile
                      	 2.234	 1.736	 2.127	 2.809	 1.707	 1.576	  2.23	 2.321	 2.694	 2.664	 4.227	 4.241	 | 4.241 max

train losses     92:	0.3549	0.3607	0.3388	0.3305	0.3913	0.3932	0.3872	0.3924	0.5708	0.5751	0.6004	 0.621	
val losses       92:	0.3046	0.2579	0.3585	0.3523	0.2824	0.2978	0.3463	0.3531	0.5091	0.5288	 1.125	 1.113	 | 0.4857 mean
                     	0.8667	0.6755	0.9246	0.9381	0.7607	0.7221	0.9413	0.9551	 1.451	 1.301	 2.511	 2.498	 | 1.633 quantile
                      	  2.35	 1.833	  2.13	  2.82	  1.84	  1.53	 2.258	 2.341	  2.93	 2.658	 4.274	 4.315	 | 4.315 max

train losses     94:	0.3531	0.3578	0.3375	0.3295	0.3855	0.3883	0.3854	0.3896	0.5627	0.5682	0.5822	0.6013	
val losses       94:	0.3052	0.2539	0.3583	 0.352	0.2821	0.2935	0.3458	0.3518	 0.513	0.5294	 1.112	 1.108	 | 0.4837 mean
                     	0.8727	0.6668	0.9254	0.9352	0.7646	0.7077	 0.944	0.9552	 1.482	 1.321	 2.506	 2.488	 | 1.613 quantile
                      	 2.222	 1.753	 2.139	 2.809	 1.671	 1.497	 2.245	 2.307	 2.947	 2.635	 4.259	 4.298	 | 4.298 max

train losses     96:	0.3499	0.3591	0.3367	0.3282	0.3821	0.3854	0.3831	0.3873	0.5566	0.5617	 0.565	0.5871	
val losses       96:	0.3075	0.2557	0.3581	0.3515	0.2817	0.2931	0.3444	0.3501	0.5156	0.5332	 1.121	 1.125	 | 0.4865 mean
                     	0.8828	0.6734	0.9254	0.9387	0.7743	0.7108	0.9487	0.9574	 1.485	  1.32	 2.557	 2.558	 | 1.61 quantile
                      	 2.302	 1.896	 2.144	 2.813	 1.654	 1.543	 2.193	 2.325	 2.859	 2.661	 4.347	 4.352	 | 4.352 max

train losses     98:	0.3481	0.3548	0.3351	0.3271	0.3808	0.3829	  0.38	0.3847	0.5527	0.5605	 0.577	0.5959	
val losses       98:	0.2999	0.2515	0.3581	0.3512	0.2755	0.2897	0.3419	0.3463	0.5116	0.5253	 1.134	 1.139	 | 0.4853 mean
                     	0.8561	0.6591	0.9251	0.9368	0.7542	0.7117	0.9322	0.9405	 1.458	 1.308	 2.555	 2.547	 | 1.615 quantile
                      	 2.314	 1.872	 2.136	 2.821	 1.693	 1.582	 2.208	  2.28	  2.78	 2.603	 4.299	  4.36	 | 4.36 max

train losses    100:	0.3489	0.3546	0.3346	0.3266	0.3788	0.3802	0.3787	0.3831	 0.551	0.5532	0.5955	0.6154	
val losses      100:	0.3035	0.2525	0.3579	0.3512	0.2788	 0.291	0.3433	0.3483	0.5126	0.5284	 1.103	 1.105	 | 0.4813 mean
                     	0.8697	0.6667	0.9236	0.9394	0.7695	0.7075	0.9316	0.9482	 1.469	 1.313	 2.453	 2.454	 | 1.595 quantile
                      	 2.346	 1.765	 2.134	  2.82	 1.675	 1.464	 2.208	 2.296	  2.88	 2.621	 4.013	 3.983	 | 4.013 max

train losses    102:	0.3474	0.3511	0.3336	 0.326	0.3774	0.3801	0.3764	0.3809	0.5461	0.5523	  0.59	0.6083	
val losses      102:	0.3031	0.2526	0.3578	0.3514	0.2769	0.2889	 0.343	0.3477	0.5117	0.5246	 1.103	 1.096	 | 0.4797 mean
                     	0.8747	0.6699	0.9248	0.9348	0.7523	0.7013	0.9281	  0.94	 1.472	 1.303	 2.452	 2.443	 | 1.616 quantile
                      	 2.263	  1.77	 2.134	 2.812	 1.501	 1.497	  2.19	 2.297	 2.889	 2.653	 4.079	 4.017	 | 4.079 max

train losses    104:	0.3423	0.3522	0.3328	0.3252	0.3745	0.3797	0.3742	0.3781	0.5448	0.5482	0.5693	0.5868	
val losses      104:	0.3065	0.2561	0.3578	0.3515	0.2806	0.2936	0.3434	0.3495	0.5159	0.5269	  1.17	 1.156	 | 0.4923 mean
                     	0.8764	0.6728	0.9249	0.9372	 0.768	0.7116	0.9423	0.9464	 1.496	 1.301	 2.587	 2.555	 | 1.692 quantile
                      	 2.326	 1.877	 2.143	 2.785	  1.56	 1.566	 2.213	 2.329	 2.904	  2.64	 3.994	  4.04	 | 4.04 max

train losses    106:	0.3453	0.3525	0.3323	0.3243	0.3725	0.3792	0.3734	0.3766	0.5438	0.5472	0.5915	0.6077	
val losses      106:	0.3045	0.2548	0.3575	0.3514	0.2784	0.2914	 0.342	0.3486	0.5126	0.5229	 1.228	 1.211	 | 0.5002 mean
                     	0.8646	0.6621	0.9228	0.9366	0.7606	0.7085	0.9319	0.9406	 1.476	 1.289	 2.693	 2.663	 | 1.748 quantile
                      	  2.31	  1.83	 2.149	 2.787	 1.628	 1.515	 2.195	 2.317	 2.776	 2.664	 3.973	 4.061	 | 4.061 max

train losses    108:	0.3461	0.3535	0.3316	0.3238	0.3743	0.3785	0.3724	0.3755	0.5447	0.5476	0.6606	0.6733	
val losses      108:	0.2987	  0.25	0.3574	0.3512	0.2776	0.2892	0.3401	0.3462	0.5121	0.5212	  1.25	 1.233	 | 0.5022 mean
                     	0.8519	0.6448	0.9249	 0.939	0.7553	 0.711	0.9255	0.9353	 1.478	 1.303	  2.75	 2.719	 | 1.766 quantile
                      	 2.347	 1.658	 2.141	 2.784	 1.556	 1.492	 2.217	 2.346	 2.692	 2.636	 4.218	 4.187	 | 4.218 max

train losses    110:	0.3452	0.3492	0.3306	0.3227	0.3707	0.3749	0.3718	0.3744	 0.542	0.5461	0.6639	  0.68	
val losses      110:	0.3036	 0.255	0.3575	0.3512	0.2792	0.2925	0.3404	 0.346	0.5165	 0.528	 1.114	 1.104	 | 0.4823 mean
                     	0.8616	0.6696	0.9242	0.9357	0.7631	0.7097	0.9343	0.9345	 1.469	  1.31	  2.47	 2.436	 | 1.635 quantile
                      	 2.309	 1.788	 2.133	 2.785	 1.619	 1.496	 2.214	 2.322	 2.968	 2.705	  3.76	 3.752	 | 3.76 max

train losses    112:	0.3431	0.3502	0.3299	 0.322	0.3682	0.3743	0.3678	0.3705	0.5379	0.5419	0.5748	0.5957	
val losses      112:	0.3037	0.2538	0.3573	0.3511	0.2774	0.2892	0.3405	0.3441	0.5164	0.5286	 1.094	 1.087	 | 0.4786 mean
                     	0.8682	0.6725	0.9238	0.9364	 0.758	0.7058	0.9285	0.9365	 1.463	 1.328	 2.428	 2.411	 | 1.61 quantile
                      	 2.408	 1.862	 2.132	   2.8	 1.612	 1.629	  2.21	 2.292	 2.853	 2.725	 3.911	 3.662	 | 3.911 max

train losses    114:	0.3411	0.3489	0.3294	0.3218	0.3687	0.3744	0.3661	0.3695	0.5435	0.5457	0.5523	0.5716	
val losses      114:	0.2975	0.2459	0.3574	0.3509	0.2734	0.2846	0.3389	0.3428	0.5144	0.5239	 1.105	 1.107	 | 0.4785 mean
                     	0.8525	0.6427	0.9268	0.9364	0.7482	0.6909	0.9294	0.9359	 1.445	 1.303	 2.476	  2.49	 | 1.596 quantile
                      	 2.218	 1.591	 2.129	  2.81	 1.699	 1.426	 2.158	 2.256	 2.834	 2.727	 4.276	 4.294	 | 4.294 max

train losses    116:	0.3438	0.3503	0.3293	0.3217	0.3659	0.3716	0.3655	0.3691	0.5399	0.5435	0.5412	0.5568	
val losses      116:	0.3037	0.2522	0.3577	0.3511	0.2764	0.2877	0.3394	0.3426	0.5177	0.5371	  1.11	 1.113	 | 0.4823 mean
                     	0.8628	0.6584	0.9279	0.9348	0.7559	0.6989	0.9329	0.9396	 1.494	 1.343	 2.503	 2.509	 | 1.603 quantile
                      	 2.365	 1.714	 2.135	 2.807	 1.595	 1.447	 2.157	 2.269	 2.914	 2.696	 4.024	  4.11	 | 4.11 max

train losses    118:	0.3424	0.3487	0.3284	 0.321	0.3656	0.3725	0.3635	0.3654	0.5314	0.5376	0.5281	0.5447	
val losses      118:	0.3056	0.2536	0.3575	0.3512	0.2774	0.2884	0.3413	0.3438	0.5183	0.5256	 1.109	 1.111	 | 0.4819 mean
                     	0.8737	0.6712	0.9244	0.9348	0.7725	0.7042	0.9324	 0.939	 1.487	 1.317	 2.507	 2.512	 | 1.608 quantile
                      	 2.289	 1.743	 2.144	 2.815	 1.606	 1.503	  2.15	 2.243	 2.866	 2.646	 4.408	 4.368	 | 4.408 max

train losses    120:	0.3394	0.3463	 0.328	0.3205	0.3615	 0.371	0.3609	0.3638	 0.531	0.5321	0.5154	0.5332	
val losses      120:	0.3028	 0.251	0.3572	0.3507	0.2769	0.2843	0.3394	0.3425	0.5137	0.5295	 1.104	 1.102	 | 0.4795 mean
                     	0.8601	 0.658	0.9263	0.9344	0.7687	0.7008	0.9316	0.9346	  1.48	 1.311	 2.513	 2.511	 | 1.614 quantile
                      	 2.268	  1.82	 2.145	 2.798	 1.526	 1.519	 2.201	 2.291	 2.773	 2.696	 4.202	 4.261	 | 4.261 max

train losses    122:	0.3398	0.3453	0.3279	0.3206	0.3626	0.3675	0.3582	0.3613	0.5258	0.5311	 0.504	0.5241	
val losses      122:	0.3005	0.2496	0.3572	0.3508	0.2753	0.2859	0.3385	0.3419	0.5123	0.5244	 1.109	 1.104	 | 0.4791 mean
                     	0.8527	0.6543	0.9274	0.9327	0.7649	0.6974	0.9239	0.9323	  1.47	 1.301	 2.506	 2.499	 | 1.612 quantile
                      	   2.3	 1.777	  2.15	   2.8	 1.471	 1.507	 2.185	 2.297	 2.793	 2.614	 4.039	 4.095	 | 4.095 max

train losses    124:	0.3395	0.3453	 0.327	0.3193	0.3622	0.3667	0.3561	0.3579	0.5206	0.5277	0.5032	0.5214	
val losses      124:	0.2954	0.2476	0.3573	 0.351	0.2722	 0.281	0.3367	0.3405	 0.511	 0.523	 1.122	 1.114	 | 0.4793 mean
                     	0.8364	0.6539	0.9273	0.9352	0.7457	0.6986	0.9197	0.9213	 1.454	 1.283	 2.528	 2.501	 | 1.63 quantile
                      	 2.374	 1.847	 2.149	 2.805	 1.476	 1.428	 2.172	 2.257	 2.782	 2.629	 4.161	 4.084	 | 4.161 max

train losses    126:	0.3379	0.3444	0.3268	0.3187	 0.359	0.3673	0.3548	0.3578	0.5223	0.5254	0.5107	0.5259	
val losses      126:	0.2968	0.2489	 0.357	0.3505	0.2721	0.2824	0.3361	0.3391	0.5123	0.5235	 1.127	 1.119	 | 0.4804 mean
                     	0.8402	0.6433	 0.925	0.9348	0.7481	0.6965	0.9193	0.9223	 1.442	 1.303	 2.562	 2.522	 | 1.634 quantile
                      	  2.28	 1.754	 2.156	 2.792	 1.622	 1.445	 2.175	   2.3	 2.846	 2.737	 4.187	 4.171	 | 4.187 max

train losses    128:	0.3386	0.3425	0.3259	0.3183	0.3578	0.3632	0.3543	0.3563	0.5237	0.5278	 0.523	0.5376	
val losses      128:	0.2964	0.2488	0.3571	0.3504	0.2711	0.2841	0.3368	0.3393	0.5133	0.5232	  1.11	 1.105	 | 0.4779 mean
                     	0.8406	0.6493	0.9239	0.9307	0.7465	0.7025	0.9155	0.9235	 1.464	 1.298	 2.542	  2.54	 | 1.613 quantile
                      	 2.332	 1.809	 2.148	 2.799	 1.554	 1.433	 2.172	 2.291	 2.834	 2.631	 4.094	 4.155	 | 4.155 max

train losses    130:	0.3381	0.3435	0.3253	0.3179	0.3565	0.3632	0.3521	0.3551	0.5193	0.5234	0.5181	0.5328	
val losses      130:	0.3003	0.2499	0.3569	0.3502	0.2738	0.2823	0.3375	0.3396	0.5136	0.5262	 1.109	 1.107	 | 0.4789 mean
                     	0.8542	 0.657	0.9246	0.9319	0.7628	 0.684	0.9149	0.9241	 1.455	 1.333	 2.587	 2.561	 | 1.604 quantile
                      	  2.35	 1.784	 2.144	 2.811	 1.493	 1.487	 2.183	 2.277	 2.842	 2.773	 4.509	  4.47	 | 4.509 max

train losses    132:	0.3353	0.3432	0.3252	0.3172	0.3541	0.3625	0.3487	0.3517	0.5184	0.5231	 0.511	0.5272	
val losses      132:	0.3008	0.2527	 0.357	0.3502	0.2715	0.2817	0.3369	0.3385	0.5151	0.5313	 1.111	 1.113	 | 0.48 mean
                     	 0.859	0.6619	0.9232	0.9288	0.7401	0.6858	0.9167	0.9243	 1.464	 1.323	 2.567	 2.573	 | 1.589 quantile
                      	 2.326	 1.788	 2.148	 2.818	 1.675	 1.499	 2.175	  2.24	 2.995	  2.72	 4.341	 4.298	 | 4.341 max

train losses    134:	0.3349	0.3422	0.3247	 0.317	0.3548	0.3606	0.3483	0.3504	0.5183	 0.522	0.4997	0.5149	
val losses      134:	0.3008	0.2503	0.3571	0.3502	0.2726	0.2837	0.3384	 0.339	0.5138	0.5265	 1.114	 1.119	 | 0.4805 mean
                     	0.8514	0.6628	0.9238	0.9332	0.7488	0.6848	0.9221	0.9261	 1.445	 1.305	 2.545	 2.538	 | 1.59 quantile
                      	 2.307	 1.715	 2.139	 2.824	  1.64	 1.412	 2.119	 2.219	 2.935	 2.852	 4.175	 4.155	 | 4.175 max

train losses    136:	0.3345	0.3413	0.3241	0.3169	0.3545	0.3613	0.3475	0.3503	0.5259	0.5274	0.5196	0.5345	
val losses      136:	0.3005	0.2505	0.3569	0.3502	0.2721	 0.281	0.3367	0.3375	0.5155	0.5285	 1.102	 1.107	 | 0.4782 mean
                     	0.8561	0.6644	0.9245	0.9312	0.7476	0.6828	0.9212	0.9273	 1.454	 1.315	 2.476	 2.482	 | 1.587 quantile
                      	 2.387	 1.804	 2.136	 2.819	 1.564	 1.406	  2.16	 2.222	 2.887	 2.885	 3.936	  3.95	 | 3.95 max

train losses    138:	 0.334	0.3407	0.3238	0.3168	0.3532	0.3607	0.3455	 0.348	0.5397	0.5414	 0.532	0.5472	
val losses      138:	 0.297	0.2469	0.3566	0.3501	  0.27	0.2797	0.3355	0.3365	0.5245	0.5329	  1.08	 1.081	 | 0.4743 mean
                     	  0.85	0.6518	 0.922	0.9317	0.7405	0.6795	0.9267	0.9217	 1.439	 1.322	 2.395	 2.403	 | 1.576 quantile
                      	 2.312	 1.889	 2.145	 2.805	 1.608	 1.461	 2.175	 2.281	 3.008	  2.92	 3.709	 3.763	 | 3.763 max

train losses    140:	0.3349	0.3402	 0.323	0.3159	0.3532	 0.361	0.3442	0.3466	0.5504	0.5512	0.5342	0.5488	
val losses      140:	0.2961	0.2474	0.3568	0.3502	0.2688	0.2775	0.3358	 0.337	0.5204	0.5283	 1.104	 1.099	 | 0.4768 mean
                     	 0.836	 0.656	0.9223	0.9309	0.7401	0.6781	0.9173	0.9128	  1.42	 1.323	 2.447	 2.417	 | 1.611 quantile
                      	 2.228	 1.805	 2.146	 2.794	 1.589	 1.463	 2.167	 2.275	 2.932	 2.895	 3.732	 3.796	 | 3.796 max

train losses    142:	 0.334	0.3395	0.3236	0.3159	0.3533	0.3632	0.3444	0.3466	0.5492	0.5494	0.5166	0.5289	
val losses      142:	0.2978	0.2476	0.3562	0.3501	0.2716	0.2841	 0.335	0.3374	0.5346	0.5361	 1.161	 1.153	 | 0.4887 mean
                     	0.8365	0.6498	0.9232	0.9311	0.7456	0.6866	0.9079	0.9223	 1.546	 1.359	 2.601	 2.581	 | 1.695 quantile
                      	 2.342	  1.69	 2.157	 2.779	 1.495	 1.411	 2.191	 2.261	 2.737	 2.733	 3.936	 3.987	 | 3.987 max

train losses    144:	0.3341	 0.342	 0.323	0.3155	0.3534	0.3637	0.3429	0.3456	0.5514	 0.554	0.5553	0.5642	
val losses      144:	0.3004	0.2512	0.3565	  0.35	0.2704	0.2797	0.3358	0.3383	0.5379	 0.536	 1.252	  1.24	 | 0.504 mean
                     	0.8537	0.6679	0.9232	0.9321	 0.738	0.6734	0.9124	0.9229	 1.526	 1.373	 2.779	 2.739	 | 1.782 quantile
                      	  2.36	 1.681	 2.158	 2.778	 1.601	 1.486	 2.209	 2.311	 2.844	 2.774	 4.117	 4.223	 | 4.223 max

train losses    146:	0.3377	0.3423	0.3231	0.3154	0.3589	0.3704	0.3476	  0.35	0.5744	0.5849	0.6601	0.6665	
val losses      146:	0.2954	0.2488	0.3558	0.3499	0.2687	0.2807	 0.334	0.3363	0.5518	0.5434	 1.235	 1.227	 | 0.5022 mean
                     	 0.832	0.6417	0.9228	0.9308	0.7313	0.6817	0.9082	0.9076	 1.478	 1.406	 2.775	 2.743	 | 1.764 quantile
                      	  2.23	 1.682	 2.162	 2.797	 1.543	  1.45	 2.223	 2.327	 2.968	 2.963	 4.316	 4.383	 | 4.383 max

train losses    148:	0.3511	0.3628	0.3245	0.3177	0.3754	0.3849	 0.362	0.3645	0.7558	0.7858	0.7439	0.7498	
val losses      148:	0.2919	0.2459	 0.356	0.3499	0.2766	0.2823	0.3315	 0.332	0.5825	0.5682	 1.128	 1.121	 | 0.4888 mean
                     	0.8312	0.6393	0.9225	0.9304	 0.743	0.6929	0.8994	0.8877	 1.532	 1.506	 2.491	 2.489	 | 1.681 quantile
                      	 2.004	 1.614	 2.137	 2.806	 1.549	 1.476	 2.199	  2.28	 3.482	 3.068	 3.461	 3.483	 | 3.483 max

train losses    150:	0.4204	0.4324	0.3322	0.3257	0.4773	0.4919	0.4084	0.4142	 1.475	 1.534	0.9653	0.9615	
val losses      150:	0.3284	0.2877	 0.357	0.3509	 0.303	0.3148	 0.339	0.3358	0.8323	0.8324	  1.09	 1.092	 | 0.5387 mean
                     	0.8709	0.7394	0.9228	0.9331	0.8002	0.7966	0.9129	0.9138	 1.977	 1.875	  2.44	 2.489	 | 1.712 quantile
                      	 2.457	 2.071	 2.207	 2.816	 1.784	 2.414	 2.343	 2.417	 3.829	 3.863	 4.054	 3.632	 | 4.054 max

train losses    152:	0.4275	0.4464	0.3301	 0.323	 0.543	0.5707	0.4262	0.4294	 1.215	  1.22	 1.165	 1.164	
val losses      152:	0.3441	0.3054	0.3594	0.3534	0.3622	0.3837	0.3674	0.3673	0.7242	0.6799	 1.157	 1.167	 | 0.5476 mean
                     	0.9561	0.7857	0.9355	0.9363	0.9787	0.9569	0.9816	 0.993	 2.037	 1.947	 2.714	 2.678	 | 1.805 quantile
                      	 2.415	 1.802	 2.208	 2.754	 2.095	  2.68	 2.333	 2.415	 3.813	 3.833	 4.874	 4.683	 | 4.874 max

train losses    154:	0.4356	0.4556	0.3337	0.3267	0.5204	0.5433	0.4411	0.4479	 1.279	 1.269	 1.163	 1.162	
val losses      154:	0.3887	0.3388	0.3586	0.3537	0.3631	 0.368	0.3779	0.3835	0.6959	 0.708	 1.084	   1.1	 | 0.5434 mean
                     	 1.108	0.8804	0.9301	0.9501	0.9605	0.9225	 1.012	  1.04	 1.841	 1.781	 2.473	 2.562	 | 1.677 quantile
                      	 2.409	 2.066	 2.203	 2.727	 2.005	 1.906	 2.582	 2.654	 4.085	  3.39	 3.885	 3.594	 | 4.085 max

train losses    156:	0.4326	0.4501	0.3306	0.3242	0.4974	0.5196	0.4291	 0.435	 1.092	 1.103	 1.127	 1.126	
val losses      156:	0.3808	0.3357	0.3587	0.3528	0.3404	0.3509	0.3688	0.3784	0.5969	0.6188	 1.091	 1.105	 | 0.5232 mean
                     	 1.099	0.8829	0.9264	 0.945	0.9053	0.8643	0.9897	 1.016	 1.518	 1.649	 2.478	 2.459	 | 1.664 quantile
                      	 2.536	 1.884	 2.173	 2.747	 1.968	 1.963	  2.49	  2.55	 3.515	 2.853	 3.691	 3.921	 | 3.921 max

train losses    158:	0.4319	0.4455	0.3319	0.3269	0.4918	0.5104	0.4409	0.4482	0.9849	0.9814	 1.071	 1.073	
val losses      158:	0.3587	0.3065	0.3584	0.3528	0.3299	0.3409	0.3716	0.3819	0.5421	0.5448	 1.152	 1.153	 | 0.516 mean
                     	 1.015	0.8009	0.9215	0.9418	0.8637	 0.838	0.9724	 1.018	 1.436	 1.451	 2.807	 2.739	 | 1.633 quantile
                      	 2.394	 2.003	 2.173	 2.747	 1.887	 1.668	 2.483	 2.521	 2.737	 2.908	 4.534	  4.61	 | 4.61 max

train losses    160:	0.4286	0.4375	0.3312	0.3254	0.4782	 0.497	0.4246	0.4309	0.8885	0.8996	0.9777	0.9854	
val losses      160:	0.3602	 0.309	0.3588	0.3522	0.3252	0.3387	0.3702	0.3794	0.5365	0.5404	  1.19	 1.199	 | 0.5216 mean
                     	 1.007	 0.813	0.9273	0.9394	0.8633	0.8361	0.9919	 1.033	 1.467	 1.376	 3.002	 2.931	 | 1.663 quantile
                      	 2.436	 2.267	 2.206	 2.759	 2.001	 1.839	  2.48	 2.498	 2.631	 2.652	 5.851	 5.805	 | 5.851 max

train losses    162:	0.4143	0.4234	0.3303	0.3237	0.4709	 0.487	0.4224	0.4273	 0.854	0.8569	0.9016	0.9177	
val losses      162:	0.3487	0.3033	0.3581	0.3523	 0.315	0.3302	0.3627	0.3704	0.5416	0.5439	 1.162	 1.178	 | 0.5138 mean
                     	0.9695	0.7804	0.9287	0.9445	0.8366	0.8146	0.9719	 1.012	 1.547	 1.384	 2.684	 2.681	 | 1.654 quantile
                      	 2.071	  1.63	 2.186	 2.764	 1.767	 1.763	 2.429	 2.481	   2.5	 2.769	  5.58	 5.558	 | 5.58 max

train losses    164:	0.4008	0.4075	0.3293	0.3226	 0.453	0.4725	0.4123	0.4177	0.8028	0.8088	0.8264	0.8387	
val losses      164:	0.3521	0.2988	0.3576	0.3523	0.3173	0.3294	0.3581	0.3645	0.5289	0.5356	 1.147	 1.167	 | 0.5091 mean
                     	0.9995	0.7689	0.9292	0.9446	0.8521	0.8211	0.9627	0.9971	 1.542	  1.38	 2.551	 2.594	 | 1.665 quantile
                      	 2.507	 1.927	 2.185	 2.786	 1.636	 1.877	 2.393	 2.402	 2.539	 2.775	 4.508	 4.695	 | 4.695 max

train losses    166:	0.3932	0.3981	0.3284	0.3213	0.4447	 0.465	0.4062	0.4123	0.7636	0.7705	0.7666	0.7746	
val losses      166:	0.3459	0.2898	0.3575	 0.352	0.3108	  0.32	0.3548	0.3611	0.5201	0.5371	 1.149	 1.154	 | 0.5044 mean
                     	0.9773	0.7441	0.9247	0.9428	0.8242	0.8018	0.9524	0.9808	 1.514	  1.36	 2.567	 2.558	 | 1.681 quantile
                      	 2.483	 1.997	 2.174	 2.786	 1.576	 1.759	 2.366	 2.388	 2.637	 2.958	 4.814	 4.775	 | 4.814 max

train losses    168:	0.3833	0.3872	0.3275	0.3215	0.4332	0.4544	0.4021	 0.407	0.7236	0.7373	0.7259	0.7376	
val losses      168:	0.3368	0.2802	0.3574	0.3519	0.3007	0.3093	0.3511	0.3573	0.5204	0.5333	 1.144	 1.149	 | 0.4993 mean
                     	0.9424	0.7275	0.9261	 0.941	0.8101	0.7811	0.9439	0.9713	 1.516	 1.349	 2.542	 2.544	 | 1.682 quantile
                      	   2.3	 2.242	 2.164	 2.797	 1.583	 1.732	 2.356	 2.378	 2.505	 2.934	 4.702	 4.771	 | 4.771 max

train losses    170:	0.3737	0.3807	0.3273	0.3205	0.4255	0.4426	0.3971	0.4018	0.6982	0.7104	0.6883	0.7007	
val losses      170:	0.3288	0.2736	0.3573	0.3517	 0.294	0.3017	0.3491	0.3555	0.5133	0.5329	 1.128	 1.134	 | 0.4934 mean
                     	0.9137	0.7042	0.9291	0.9431	0.7799	  0.77	0.9421	0.9638	 1.485	 1.351	 2.492	 2.502	 | 1.653 quantile
                      	 2.289	 2.274	 2.137	 2.789	  1.45	 1.713	 2.359	 2.398	 2.412	 2.861	 4.299	 4.394	 | 4.394 max

train losses    172:	0.3685	0.3766	0.3262	0.3193	0.4169	0.4334	0.3921	0.3966	0.6795	0.6928	0.6585	0.6702	
val losses      172:	0.3212	0.2694	0.3569	0.3514	0.2899	0.2998	0.3458	0.3509	 0.507	0.5228	 1.133	 1.138	 | 0.4905 mean
                     	0.8945	 0.703	0.9254	0.9393	0.7666	0.7512	0.9359	0.9459	 1.469	 1.328	 2.509	 2.509	 | 1.663 quantile
                      	 2.241	 2.185	 2.135	 2.787	   1.5	 1.593	 2.271	  2.32	 2.458	 2.846	 4.221	 4.171	 | 4.221 max

train losses    174:	0.3636	0.3717	0.3261	0.3194	0.4109	 0.427	0.3871	0.3922	 0.661	0.6752	0.6347	0.6467	
val losses      174:	0.3165	0.2659	0.3565	0.3512	0.2883	0.2993	0.3438	0.3493	 0.507	0.5243	 1.133	 1.138	 | 0.4894 mean
                     	0.8783	 0.691	0.9256	0.9414	0.7546	0.7551	0.9365	0.9426	 1.482	  1.33	 2.497	 2.502	 | 1.665 quantile
                      	 2.221	 2.215	  2.14	 2.797	 1.517	 1.477	 2.247	 2.304	 2.587	 2.826	 4.316	 4.232	 | 4.316 max

train losses    176:	  0.36	0.3673	0.3255	0.3182	 0.403	0.4194	0.3826	0.3871	0.6474	0.6568	0.6199	0.6304	
val losses      176:	0.3157	0.2641	0.3564	0.3509	0.2854	0.2965	0.3431	0.3485	0.5051	0.5245	 1.127	 1.132	 | 0.4875 mean
                     	0.8774	0.6864	0.9279	0.9384	0.7525	0.7478	0.9382	0.9423	 1.471	 1.318	 2.488	 2.506	 | 1.654 quantile
                      	 2.161	 2.168	 2.147	 2.791	 1.583	 1.479	 2.217	 2.272	 2.513	  2.81	  4.22	 4.135	 | 4.22 max

train losses    178:	0.3537	0.3615	0.3251	 0.318	0.3984	0.4154	0.3797	0.3837	0.6329	0.6435	0.5995	0.6096	
val losses      178:	 0.313	0.2623	0.3563	0.3507	0.2847	0.2961	0.3422	0.3471	0.5046	0.5243	 1.133	 1.136	 | 0.4875 mean
                     	0.8695	0.6808	0.9286	0.9412	0.7609	0.7442	0.9327	0.9451	 1.477	  1.32	 2.509	 2.506	 | 1.653 quantile
                      	 2.164	 2.124	 2.154	  2.79	 1.468	 1.494	 2.214	 2.267	 2.572	 2.768	 4.251	 4.161	 | 4.251 max

train losses    180:	0.3533	0.3597	0.3248	0.3176	0.3935	0.4084	 0.375	0.3792	0.6212	0.6312	0.5863	0.5968	
val losses      180:	0.3129	0.2614	0.3563	0.3507	0.2841	0.2944	0.3417	0.3462	0.5069	 0.526	 1.129	 1.132	 | 0.4867 mean
                     	0.8694	0.6777	0.9287	0.9383	0.7517	0.7343	0.9277	0.9446	 1.494	 1.328	 2.494	 2.503	 | 1.647 quantile
                      	 2.124	 2.085	 2.156	  2.79	 1.632	 1.451	 2.197	 2.236	 2.669	 2.757	 4.354	  4.24	 | 4.354 max

train losses    182:	0.3519	0.3575	0.3244	0.3175	0.3875	 0.403	0.3711	0.3747	0.6119	0.6206	0.5761	0.5863	
val losses      182:	0.3106	0.2588	0.3563	0.3507	0.2841	0.2931	0.3402	0.3449	0.5034	0.5247	  1.12	 1.123	 | 0.4841 mean
                     	  0.87	0.6741	0.9276	0.9367	0.7546	0.7356	0.9275	0.9468	 1.469	 1.302	 2.482	 2.493	 | 1.634 quantile
                      	 2.152	 2.096	 2.146	 2.784	 1.595	 1.455	 2.249	 2.303	 2.574	 2.713	 4.224	 4.138	 | 4.224 max

train losses    184:	0.3486	 0.356	0.3241	0.3168	0.3813	0.3978	0.3703	0.3735	0.6002	0.6111	0.5654	0.5771	
val losses      184:	0.3093	0.2579	0.3561	0.3505	0.2828	0.2926	0.3383	0.3422	0.5051	0.5262	 1.115	 1.119	 | 0.4829 mean
                     	0.8602	0.6721	0.9247	0.9349	0.7508	0.7365	0.9267	0.9336	 1.447	 1.302	 2.479	 2.485	 | 1.629 quantile
                      	 2.168	 2.029	 2.148	 2.786	 1.602	 1.439	 2.187	 2.236	 2.641	 2.761	 4.269	 4.152	 | 4.269 max

train losses    186:	0.3468	0.3533	0.3236	0.3163	0.3824	0.3965	0.3659	 0.369	0.5949	   0.6	0.5534	0.5615	
val losses      186:	0.3085	0.2568	0.3561	0.3503	0.2826	0.2911	0.3376	 0.341	 0.503	0.5207	  1.12	 1.123	 | 0.4826 mean
                     	0.8663	0.6728	0.9243	 0.932	0.7531	0.7298	0.9257	 0.934	 1.469	   1.3	 2.509	 2.511	 | 1.636 quantile
                      	 2.095	 2.033	 2.145	 2.792	 1.492	 1.349	 2.227	 2.277	 2.613	 2.678	 4.306	 4.186	 | 4.306 max

train losses    188:	0.3448	0.3521	0.3237	0.3161	0.3772	0.3936	 0.366	0.3679	0.5856	0.5942	0.5423	0.5519	
val losses      188:	0.3052	0.2536	0.3559	0.3501	 0.281	0.2896	0.3367	0.3401	0.5036	0.5234	 1.116	 1.119	 | 0.4812 mean
                     	0.8532	 0.663	0.9246	0.9338	0.7474	0.7236	0.9186	 0.931	 1.461	 1.293	 2.484	 2.487	 | 1.629 quantile
                      	 2.036	 1.946	 2.155	 2.789	 1.568	 1.326	 2.216	 2.271	 2.534	 2.663	 4.096	 4.126	 | 4.126 max

train losses    190:	0.3429	0.3508	0.3232	0.3157	 0.375	0.3877	  0.36	0.3632	0.5801	0.5857	0.5382	0.5452	
val losses      190:	0.3035	0.2537	0.3559	0.3501	 0.279	0.2882	0.3356	0.3386	0.5041	0.5241	 1.114	 1.117	 | 0.4802 mean
                     	0.8419	 0.657	0.9239	0.9341	0.7463	0.7233	0.9108	0.9259	 1.448	 1.302	 2.459	  2.47	 | 1.628 quantile
                      	  2.09	 1.988	 2.154	 2.788	 1.556	 1.314	 2.211	 2.257	 2.626	  2.64	 4.052	 4.074	 | 4.074 max

train losses    192:	0.3438	0.3481	0.3231	0.3153	0.3726	0.3875	0.3582	0.3601	0.5732	0.5802	0.5297	0.5388	
val losses      192:	0.3053	0.2539	0.3559	  0.35	0.2806	0.2881	0.3364	0.3394	0.5051	0.5248	 1.113	 1.116	 | 0.4807 mean
                     	0.8588	0.6673	0.9239	0.9355	0.7563	0.7242	0.9123	0.9306	 1.462	 1.312	 2.475	 2.475	 | 1.63 quantile
                      	 2.045	 1.984	 2.151	 2.789	 1.549	 1.333	 2.231	 2.298	 2.602	 2.637	 4.051	 4.076	 | 4.076 max

train losses    194:	0.3415	0.3489	0.3223	0.3148	0.3697	0.3837	 0.355	0.3571	0.5666	 0.576	0.5284	0.5354	
val losses      194:	0.3041	0.2528	0.3559	  0.35	0.2802	0.2887	0.3355	 0.338	0.5051	0.5239	  1.12	 1.121	 | 0.4813 mean
                     	0.8496	0.6622	0.9244	0.9325	 0.745	0.7202	 0.908	0.9243	  1.46	 1.304	 2.494	 2.484	 | 1.628 quantile
                      	 2.071	 2.051	 2.152	 2.786	  1.54	 1.311	 2.228	 2.285	 2.632	 2.607	 4.126	 4.166	 | 4.166 max

train losses    196:	0.3396	0.3458	0.3225	0.3148	0.3686	 0.381	 0.354	0.3565	0.5605	0.5664	0.5203	 0.528	
val losses      196:	0.3037	0.2525	0.3559	0.3498	0.2779	0.2869	0.3345	0.3368	0.5064	0.5263	 1.116	 1.118	 | 0.4804 mean
                     	 0.848	0.6621	0.9224	0.9303	0.7397	0.7039	0.9066	0.9175	  1.46	 1.298	 2.476	 2.489	 | 1.627 quantile
                      	   2.1	 2.019	 2.151	 2.787	 1.563	 1.315	 2.207	 2.256	  2.68	  2.56	 4.066	  3.97	 | 4.066 max

train losses    198:	0.3394	0.3469	0.3221	0.3141	0.3669	0.3791	0.3529	0.3549	0.5571	0.5596	0.5196	0.5261	
val losses      198:	0.3022	0.2514	0.3558	0.3498	0.2778	0.2868	 0.335	0.3375	0.5074	0.5282	 1.112	 1.114	 | 0.4799 mean
                     	 0.839	0.6576	0.9234	0.9317	0.7543	0.7057	0.9087	0.9233	 1.473	 1.309	 2.472	 2.477	 | 1.628 quantile
                      	 2.045	 1.945	 2.155	 2.779	  1.51	 1.296	 2.202	 2.256	 2.659	 2.596	  4.09	  4.11	 | 4.11 max

train losses    200:	0.3384	0.3446	0.3214	0.3141	0.3653	0.3775	0.3506	0.3523	0.5511	 0.558	0.5164	0.5239	
val losses      200:	0.3027	0.2527	0.3559	0.3501	0.2754	0.2851	0.3346	0.3372	0.5068	0.5242	 1.113	 1.114	 | 0.4793 mean
                     	0.8447	0.6657	0.9224	0.9332	0.7398	0.7005	0.9034	0.9223	 1.467	 1.304	 2.459	 2.459	 | 1.626 quantile
                      	 2.113	 1.952	 2.148	 2.779	 1.636	 1.303	 2.214	 2.266	 2.666	 2.644	 4.057	 4.077	 | 4.077 max

train losses    202:	0.3381	0.3449	0.3221	0.3141	0.3615	0.3748	0.3496	0.3509	0.5467	0.5512	 0.513	0.5184	
val losses      202:	0.3011	0.2503	0.3559	0.3499	0.2768	0.2851	0.3346	0.3369	0.5061	0.5245	 1.113	 1.114	 | 0.479 mean
                     	0.8371	0.6586	0.9224	0.9308	0.7499	0.7032	0.9077	0.9238	  1.45	 1.303	 2.472	 2.475	 | 1.625 quantile
                      	  2.07	 1.966	 2.147	 2.785	 1.585	 1.278	 2.224	  2.28	 2.667	 2.616	 3.914	 3.944	 | 3.944 max

train losses    204:	0.3377	 0.344	0.3219	0.3139	 0.361	0.3723	0.3458	 0.348	0.5455	0.5499	0.5104	 0.517	
val losses      204:	0.2986	0.2486	0.3558	0.3499	0.2757	0.2856	0.3337	0.3352	0.5041	0.5213	  1.11	  1.11	 | 0.4774 mean
                     	0.8307	0.6499	0.9212	 0.933	0.7476	0.7003	0.9018	0.9206	 1.448	 1.305	  2.46	 2.451	 | 1.627 quantile
                      	  2.04	 1.902	 2.146	 2.793	 1.545	 1.242	 2.199	 2.246	 2.687	 2.611	 3.947	  4.02	 | 4.02 max

train losses    206:	0.3363	0.3423	0.3213	0.3132	0.3613	0.3742	0.3438	0.3468	0.5402	0.5447	0.5044	0.5112	
val losses      206:	0.3013	0.2509	0.3558	0.3499	0.2743	 0.286	0.3342	 0.336	0.5066	0.5237	 1.111	 1.112	 | 0.4784 mean
                     	0.8433	0.6611	0.9211	0.9339	 0.743	0.6948	 0.903	0.9161	 1.467	 1.307	 2.469	 2.475	 | 1.628 quantile
                      	 2.078	 1.962	 2.151	 2.794	 1.552	 1.291	 2.211	 2.273	 2.722	 2.666	 4.141	 4.173	 | 4.173 max

train losses    208:	0.3359	0.3417	0.3209	0.3129	0.3562	0.3709	0.3451	0.3472	0.5373	 0.542	0.5049	0.5098	
val losses      208:	0.2985	 0.249	0.3559	0.3499	0.2729	0.2836	0.3331	0.3349	0.5048	0.5227	 1.111	 1.113	 | 0.4775 mean
                     	0.8333	0.6528	 0.921	0.9337	0.7408	 0.689	0.9001	0.9188	 1.455	 1.306	 2.474	 2.483	 | 1.621 quantile
                      	 2.065	 1.896	 2.148	  2.79	 1.546	 1.306	 2.201	 2.257	 2.727	 2.718	 4.029	 4.066	 | 4.066 max

train losses    210:	0.3351	0.3407	0.3209	 0.313	0.3562	  0.37	0.3408	0.3434	0.5349	  0.54	0.4992	0.5055	
val losses      210:	0.2971	 0.247	0.3559	0.3498	0.2723	0.2821	0.3328	0.3347	0.5052	0.5207	 1.109	  1.11	 | 0.4764 mean
                     	0.8288	0.6499	0.9203	0.9339	0.7425	 0.694	0.9037	0.9162	 1.446	 1.305	 2.466	 2.474	 | 1.625 quantile
                      	 2.079	 1.912	 2.156	 2.791	 1.482	 1.265	 2.221	 2.286	 2.678	  2.71	 4.068	 4.109	 | 4.109 max

train losses    212:	0.3343	0.3413	0.3201	0.3129	0.3563	0.3688	  0.34	 0.342	0.5286	0.5339	0.4931	0.4983	
val losses      212:	0.2991	0.2493	0.3559	0.3497	0.2729	0.2829	0.3325	0.3342	0.5054	0.5232	 1.104	 1.106	 | 0.4763 mean
                     	0.8392	0.6529	0.9207	0.9344	0.7406	0.6852	0.9073	0.9121	  1.46	 1.306	 2.451	 2.467	 | 1.614 quantile
                      	 2.143	  1.95	 2.147	 2.793	 1.596	 1.319	 2.211	 2.277	 2.739	 2.761	 4.054	 4.086	 | 4.086 max

train losses    214:	0.3337	0.3392	0.3206	0.3128	0.3523	0.3657	0.3386	0.3402	0.5294	0.5345	0.4932	0.4972	
val losses      214:	0.2987	0.2486	0.3558	0.3497	0.2731	 0.282	0.3329	0.3347	0.5084	0.5233	 1.108	 1.109	 | 0.477 mean
                     	0.8389	 0.653	0.9205	0.9343	0.7414	0.6944	0.9034	0.9169	 1.471	 1.303	  2.46	 2.474	 | 1.62 quantile
                      	 2.098	 1.891	 2.152	 2.796	 1.484	 1.285	 2.224	 2.244	 2.634	 2.647	 4.144	 4.177	 | 4.177 max

train losses    216:	0.3329	0.3375	 0.321	0.3128	 0.351	0.3644	 0.337	0.3386	0.5223	0.5271	0.4855	0.4903	
val losses      216:	0.2975	 0.247	0.3557	0.3498	0.2728	0.2825	0.3329	0.3342	0.5078	0.5217	 1.106	 1.106	 | 0.4761 mean
                     	0.8324	0.6524	0.9198	 0.934	 0.741	0.6946	0.9006	0.9144	 1.454	 1.309	 2.469	 2.469	 | 1.62 quantile
                      	  2.12	 1.885	 2.148	 2.807	 1.616	 1.304	 2.184	 2.227	 2.715	 2.746	 4.194	 4.235	 | 4.235 max

train losses    218:	 0.333	0.3388	0.3205	0.3128	0.3533	0.3631	0.3361	0.3385	 0.525	0.5286	0.4856	0.4905	
val losses      218:	 0.297	0.2457	0.3557	0.3496	0.2728	0.2834	0.3324	 0.334	0.5058	0.5224	 1.104	 1.104	 | 0.4756 mean
                     	0.8273	0.6465	0.9215	0.9341	0.7434	 0.692	0.9023	 0.914	 1.458	 1.312	 2.468	 2.468	 | 1.614 quantile
                      	 2.049	 1.968	 2.153	 2.799	 1.568	  1.28	 2.211	 2.256	 2.691	 2.753	 4.052	 4.113	 | 4.113 max

train losses    220:	0.3328	0.3392	0.3202	0.3121	0.3497	0.3627	0.3344	0.3359	0.5218	0.5244	 0.483	0.4862	
val losses      220:	0.2959	0.2456	0.3558	0.3497	0.2714	0.2819	0.3322	0.3336	0.5059	0.5221	 1.103	 1.102	 | 0.4749 mean
                     	 0.821	0.6462	0.9227	0.9338	0.7475	0.6903	0.9004	0.9109	 1.452	 1.299	 2.459	 2.472	 | 1.608 quantile
                      	 2.039	  1.93	 2.148	 2.793	 1.499	 1.285	 2.191	 2.242	 2.718	 2.747	 4.028	 4.053	 | 4.053 max

train losses    222:	0.3325	0.3372	 0.319	0.3113	0.3494	0.3613	0.3327	0.3344	0.5156	0.5223	0.4819	0.4854	
val losses      222:	0.2951	 0.246	0.3557	0.3496	0.2712	0.2813	0.3325	0.3336	0.5059	0.5201	 1.099	   1.1	 | 0.4742 mean
                     	0.8214	0.6449	0.9229	0.9361	0.7461	0.6838	0.8992	0.9097	  1.47	 1.309	 2.442	 2.448	 | 1.605 quantile
                      	 2.087	 1.911	 2.151	 2.793	 1.533	 1.327	 2.212	 2.258	 2.671	 2.811	 3.912	 3.942	 | 3.942 max

train losses    224:	 0.333	0.3397	0.3198	0.3117	0.3469	0.3606	0.3325	0.3336	0.5173	0.5217	0.4804	0.4846	
val losses      224:	0.2959	0.2457	0.3558	0.3495	0.2707	0.2812	0.3318	0.3326	0.5031	0.5186	   1.1	 1.101	 | 0.4739 mean
                     	0.8302	0.6453	0.9235	0.9346	0.7411	0.6874	0.8926	0.9077	 1.441	 1.293	 2.463	  2.46	 | 1.606 quantile
                      	 2.093	 1.885	 2.147	 2.809	 1.491	 1.296	 2.213	 2.283	 2.688	 2.774	 3.905	 3.937	 | 3.937 max

train losses    226:	0.3318	0.3373	0.3193	0.3112	0.3468	0.3595	0.3318	0.3328	0.5161	 0.519	0.4766	 0.483	
val losses      226:	0.2963	0.2463	0.3559	0.3497	0.2719	 0.283	0.3324	0.3331	0.5067	0.5199	 1.104	 1.104	 | 0.4753 mean
                     	0.8258	 0.647	0.9234	0.9318	 0.746	0.6866	0.8924	0.9035	  1.45	 1.306	 2.471	  2.47	 | 1.607 quantile
                      	  2.08	 1.841	 2.149	 2.809	 1.617	 1.276	 2.158	 2.206	 2.751	 2.803	 4.128	 4.153	 | 4.153 max

train losses    228:	 0.331	0.3372	0.3194	0.3113	0.3474	0.3587	0.3304	0.3325	0.5138	0.5152	0.4782	0.4817	
val losses      228:	0.2927	 0.243	0.3557	0.3496	0.2706	0.2808	0.3321	0.3325	0.5063	0.5182	 1.103	 1.103	 | 0.474 mean
                     	0.8164	0.6318	0.9229	0.9317	0.7381	0.6775	0.8963	0.9097	 1.444	 1.299	 2.461	 2.466	 | 1.612 quantile
                      	 2.048	 1.891	 2.156	 2.811	 1.513	 1.271	 2.166	 2.215	 2.674	 2.672	 3.942	 3.971	 | 3.971 max

train losses    230:	0.3292	0.3383	0.3193	0.3108	0.3463	0.3584	0.3289	0.3309	0.5115	 0.517	0.4802	0.4838	
val losses      230:	0.2931	0.2443	0.3559	0.3497	0.2683	0.2779	0.3315	0.3318	 0.504	0.5167	 1.104	 1.105	 | 0.4735 mean
                     	0.8193	0.6416	0.9235	0.9335	0.7301	0.6785	0.8947	0.9076	 1.437	 1.296	 2.465	 2.474	 | 1.607 quantile
                      	 2.071	 1.937	 2.151	 2.803	 1.487	 1.225	 2.149	 2.208	 2.659	 2.777	 4.063	 4.088	 | 4.088 max

train losses    232:	  0.33	0.3362	 0.319	0.3107	 0.345	0.3573	0.3278	0.3288	0.5103	0.5149	0.4788	0.4816	
val losses      232:	0.2955	 0.245	0.3558	0.3497	0.2707	0.2806	0.3318	0.3319	0.5035	0.5189	   1.1	 1.101	 | 0.4737 mean
                     	0.8304	0.6423	0.9222	 0.933	0.7374	 0.679	0.8925	0.9082	 1.433	 1.304	 2.454	 2.445	 | 1.601 quantile
                      	 2.106	 1.935	 2.157	 2.807	  1.53	 1.292	 2.157	 2.202	 2.747	 2.823	 4.114	 4.152	 | 4.152 max

train losses    234:	0.3302	0.3356	0.3188	0.3104	 0.347	 0.357	0.3281	0.3283	0.5102	0.5129	0.4744	0.4783	
val losses      234:	0.2939	0.2446	0.3558	0.3496	0.2701	0.2797	0.3322	0.3317	0.5042	0.5186	 1.098	   1.1	 | 0.4732 mean
                     	0.8213	0.6448	0.9224	0.9291	0.7351	0.6759	 0.895	0.9046	 1.449	 1.292	 2.452	 2.447	 | 1.597 quantile
                      	  2.07	 1.913	 2.147	 2.797	 1.531	 1.277	 2.181	 2.217	  2.76	 2.782	 3.888	 3.921	 | 3.921 max

train losses    236:	0.3306	0.3352	0.3186	0.3101	0.3421	0.3541	0.3275	0.3274	0.5059	0.5098	0.4716	0.4739	
val losses      236:	0.2959	0.2447	0.3556	0.3496	0.2716	0.2805	0.3317	0.3318	 0.505	0.5178	 1.092	 1.095	 | 0.4726 mean
                     	0.8353	0.6401	0.9221	  0.93	0.7392	0.6776	0.8982	0.9112	 1.443	 1.305	 2.441	 2.446	 | 1.59 quantile
                      	 2.143	 1.891	 2.154	 2.809	 1.512	 1.318	 2.173	 2.237	 2.779	 2.769	 3.926	 3.962	 | 3.962 max

train losses    238:	0.3294	 0.334	0.3187	0.3103	0.3428	0.3543	0.3252	 0.327	0.5034	0.5081	0.4719	0.4746	
val losses      238:	0.2933	 0.245	0.3558	0.3497	0.2705	  0.28	 0.332	0.3317	0.5035	0.5166	 1.092	 1.095	 | 0.4721 mean
                     	0.8209	 0.641	0.9221	0.9301	0.7405	0.6826	0.8966	0.9097	 1.443	   1.3	  2.45	 2.448	 | 1.593 quantile
                      	 2.109	 1.932	  2.15	 2.805	 1.516	 1.329	  2.16	 2.186	 2.678	 2.736	 4.003	 4.018	 | 4.018 max

train losses    240:	0.3306	0.3355	 0.318	0.3098	 0.343	0.3552	0.3245	0.3259	 0.503	0.5062	0.4728	0.4762	
val losses      240:	0.2954	0.2457	0.3556	0.3496	0.2701	0.2792	 0.332	0.3322	 0.506	0.5218	 1.093	 1.097	 | 0.4731 mean
                     	0.8265	0.6419	0.9233	0.9345	0.7361	0.6804	0.9005	0.9087	 1.447	 1.311	 2.454	 2.442	 | 1.594 quantile
                      	 2.119	 1.929	 2.146	 2.812	  1.45	 1.293	 2.141	 2.211	 2.769	 2.831	 3.999	  4.03	 | 4.03 max

train losses    242:	0.3281	0.3342	0.3186	0.3103	0.3424	0.3532	0.3245	0.3259	0.5025	0.5058	0.4713	0.4741	
val losses      242:	0.2926	0.2446	0.3554	0.3494	0.2692	0.2776	0.3308	 0.331	0.5079	0.5217	 1.095	 1.097	 | 0.4727 mean
                     	0.8148	0.6389	 0.923	0.9285	0.7371	0.6809	0.8929	0.9101	 1.436	 1.302	 2.461	 2.439	 | 1.598 quantile
                      	 2.163	 1.913	 2.143	 2.811	 1.487	 1.348	 2.179	 2.238	 2.782	 2.844	 4.028	 4.055	 | 4.055 max

train losses    244:	0.3268	0.3324	 0.318	0.3098	0.3415	0.3517	0.3229	0.3252	0.5025	0.5055	0.4722	0.4743	
val losses      244:	0.2937	 0.244	0.3555	0.3494	0.2703	0.2791	0.3314	0.3316	0.5078	0.5211	 1.097	 1.099	 | 0.4733 mean
                     	0.8211	0.6392	0.9234	0.9316	0.7523	0.6833	0.8999	0.9117	 1.476	 1.324	 2.457	 2.461	 | 1.606 quantile
                      	 2.118	 1.923	 2.153	 2.805	 1.424	 1.384	  2.18	 2.247	 2.706	  2.75	 4.062	 4.093	 | 4.093 max

train losses    246:	0.3278	0.3324	0.3177	  0.31	0.3418	0.3536	0.3204	0.3222	0.5021	0.5053	0.4705	 0.473	
val losses      246:	0.2931	0.2441	0.3555	0.3495	0.2676	0.2782	0.3317	0.3311	0.5033	0.5151	   1.1	   1.1	 | 0.4724 mean
                     	0.8206	0.6412	0.9214	0.9298	0.7323	0.6781	0.8956	0.9067	 1.453	 1.291	  2.45	 2.447	 | 1.605 quantile
                      	 2.107	 1.853	 2.147	 2.804	 1.561	 1.313	 2.195	 2.248	 2.652	 2.722	 4.099	  4.13	 | 4.13 max

train losses    248:	0.3279	0.3333	0.3173	0.3094	0.3404	0.3527	0.3208	0.3218	0.4991	0.5006	0.4684	0.4707	
val losses      248:	0.2934	 0.244	0.3554	0.3493	0.2667	0.2761	0.3315	0.3313	0.5035	0.5143	 1.104	 1.104	 | 0.4727 mean
                     	 0.822	0.6399	0.9231	0.9285	0.7264	  0.67	0.8939	0.9063	 1.449	 1.276	 2.468	 2.468	 | 1.608 quantile
                      	 2.091	 1.873	 2.154	 2.805	 1.515	 1.316	 2.199	 2.257	 2.684	 2.737	 4.003	 4.034	 | 4.034 max

train losses    250:	0.3282	0.3331	0.3181	0.3098	0.3397	0.3515	0.3222	 0.323	0.4998	0.5011	0.4743	0.4763	
val losses      250:	0.2954	0.2454	0.3555	0.3496	0.2684	0.2782	0.3319	0.3322	0.5039	0.5151	 1.115	 1.115	 | 0.4755 mean
                     	0.8228	0.6342	0.9223	0.9286	0.7292	0.6777	0.8975	0.9059	 1.478	 1.289	 2.499	 2.485	 | 1.624 quantile
                      	 2.127	  1.88	 2.154	 2.806	 1.533	 1.352	 2.208	 2.241	 2.716	 2.698	 4.006	 4.027	 | 4.027 max

train losses    252:	0.3283	0.3315	0.3174	0.3091	0.3412	0.3501	0.3189	0.3198	0.4991	0.5022	0.4806	0.4826	
val losses      252:	 0.293	0.2447	0.3554	0.3496	0.2676	 0.277	0.3306	0.3304	 0.503	 0.516	 1.103	 1.103	 | 0.4728 mean
                     	0.8158	0.6383	0.9255	 0.931	0.7258	0.6717	0.8873	0.8962	 1.464	 1.288	 2.471	 2.459	 | 1.614 quantile
                      	 2.102	 1.882	 2.152	   2.8	 1.456	  1.33	 2.183	 2.238	 2.698	 2.743	 3.882	 3.914	 | 3.914 max

train losses    254:	0.3272	 0.334	0.3177	0.3094	0.3403	0.3507	0.3189	0.3199	0.4976	 0.502	0.4852	0.4871	
val losses      254:	 0.289	0.2432	0.3555	0.3498	0.2657	 0.276	0.3305	0.3301	 0.503	0.5141	 1.108	 1.107	 | 0.4726 mean
                     	0.8087	0.6401	0.9228	0.9305	0.7216	0.6782	0.8907	 0.901	 1.454	  1.28	 2.481	 2.465	 | 1.614 quantile
                      	 2.076	 1.868	 2.146	 2.801	 1.437	 1.313	 2.183	 2.232	 2.605	 2.739	  3.99	 3.993	 | 3.993 max

train losses    256:	0.3269	0.3308	0.3175	0.3091	0.3402	0.3492	0.3177	0.3187	0.4983	0.4991	0.4825	0.4858	
val losses      256:	0.2926	0.2449	0.3555	0.3495	 0.268	0.2775	0.3309	 0.331	 0.502	0.5155	 1.098	 1.099	 | 0.472 mean
                     	0.8235	  0.64	0.9212	0.9317	  0.73	0.6713	0.8923	0.9025	  1.46	 1.286	 2.453	 2.435	 | 1.605 quantile
                      	 2.076	 1.911	 2.147	 2.803	 1.437	 1.337	 2.184	 2.245	 2.597	  2.68	 4.078	 4.099	 | 4.099 max

train losses    258:	0.3281	0.3305	0.3175	0.3091	0.3403	  0.35	0.3186	0.3195	0.4979	0.4982	0.4735	 0.475	
val losses      258:	0.2929	0.2436	0.3554	0.3493	0.2686	0.2792	 0.331	0.3309	0.5013	0.5155	 1.091	 1.094	 | 0.4711 mean
                     	0.8214	0.6349	0.9235	 0.932	0.7342	0.6747	0.8955	0.9066	 1.462	 1.289	 2.433	 2.412	 | 1.597 quantile
                      	 2.107	 1.947	  2.15	 2.802	 1.385	 1.335	 2.189	 2.224	  2.66	 2.714	  3.83	 3.859	 | 3.859 max

train losses    260:	0.3264	 0.332	0.3168	0.3085	0.3385	0.3497	0.3161	0.3177	0.4945	0.4955	0.4673	0.4667	
val losses      260:	0.2891	0.2425	0.3552	0.3495	0.2676	0.2781	0.3303	0.3297	0.5027	0.5165	  1.09	 1.095	 | 0.4705 mean
                     	 0.812	0.6294	0.9238	0.9299	0.7224	0.6728	 0.888	0.9039	 1.439	 1.281	 2.455	 2.438	 | 1.592 quantile
                      	  2.04	 1.865	 2.152	 2.811	 1.451	 1.323	 2.179	 2.232	 2.687	 2.691	 3.977	 3.971	 | 3.977 max

train losses    262:	 0.327	0.3311	0.3171	0.3084	 0.338	0.3473	0.3145	0.3163	0.4936	0.4997	0.4593	0.4608	
val losses      262:	0.2919	0.2447	0.3552	0.3496	0.2672	 0.277	0.3299	0.3295	0.5031	0.5166	 1.086	 1.092	 | 0.4702 mean
                     	0.8222	0.6397	0.9262	0.9309	0.7263	0.6744	0.8914	 0.904	 1.438	 1.282	 2.454	  2.45	 | 1.582 quantile
                      	 2.152	 1.927	 2.153	  2.81	 1.487	 1.314	 2.149	  2.19	 2.715	 2.667	  4.04	 4.078	 | 4.078 max

train losses    264:	0.3265	0.3303	0.3173	0.3089	0.3382	0.3488	0.3141	0.3163	0.4954	0.4964	  0.46	0.4611	
val losses      264:	0.2948	0.2449	0.3552	0.3494	0.2686	0.2784	 0.331	0.3306	 0.504	0.5168	  1.09	 1.096	 | 0.4717 mean
                     	0.8316	0.6441	0.9238	0.9298	0.7294	 0.675	0.8879	0.9045	 1.451	 1.288	 2.468	 2.468	 | 1.578 quantile
                      	 2.106	 1.903	 2.153	 2.819	 1.554	 1.327	 2.189	 2.262	 2.712	 2.677	  4.06	 4.121	 | 4.121 max

train losses    266:	0.3263	0.3298	 0.317	0.3084	0.3376	0.3489	0.3149	 0.317	0.4932	 0.494	0.4622	0.4633	
val losses      266:	0.2934	0.2446	0.3553	0.3495	0.2658	0.2771	0.3309	  0.33	0.5034	0.5167	 1.089	 1.095	 | 0.4709 mean
                     	0.8155	0.6408	0.9241	0.9324	0.7331	0.6789	0.8869	0.8989	 1.439	 1.282	  2.47	  2.47	 | 1.577 quantile
                      	 2.168	  1.85	 2.154	 2.809	 1.437	 1.282	 2.138	 2.196	 2.746	 2.764	  4.11	 4.143	 | 4.143 max

train losses    268:	 0.326	 0.331	0.3169	0.3085	0.3362	0.3464	0.3128	0.3142	 0.493	0.4959	0.4678	0.4685	
val losses      268:	0.2907	0.2427	0.3553	0.3495	0.2674	 0.278	0.3306	0.3299	0.5029	0.5144	 1.089	 1.094	 | 0.4704 mean
                     	0.8122	0.6354	0.9249	0.9315	0.7285	0.6762	0.8832	0.8992	 1.434	 1.273	 2.448	 2.456	 | 1.576 quantile
                      	 2.236	  1.92	 2.158	 2.806	 1.549	 1.243	  2.18	 2.247	 2.729	 2.724	 4.127	 4.161	 | 4.161 max

train losses    270:	0.3255	0.3307	0.3161	 0.308	0.3392	0.3482	0.3122	0.3132	0.4899	0.4963	0.4649	 0.465	
val losses      270:	0.2926	0.2432	0.3551	0.3494	0.2692	0.2777	0.3316	0.3307	0.5055	0.5208	 1.086	 1.092	 | 0.4711 mean
                     	 0.819	0.6377	0.9249	0.9328	0.7335	0.6753	0.8898	0.9024	 1.444	 1.287	 2.436	 2.438	 | 1.571 quantile
                      	 2.115	 1.862	 2.162	 2.811	 1.406	 1.325	 2.191	 2.261	 2.819	 2.666	 4.087	 4.122	 | 4.122 max

train losses    272:	0.3259	0.3299	0.3166	0.3083	0.3347	0.3466	0.3126	0.3135	0.4899	0.4911	0.4641	0.4647	
val losses      272:	0.2905	0.2427	0.3552	0.3496	0.2685	0.2775	0.3314	0.3309	0.5048	0.5158	 1.084	  1.09	 | 0.4701 mean
                     	0.8107	0.6362	0.9231	0.9326	0.7284	0.6749	0.8918	0.9044	 1.446	 1.286	 2.432	 2.431	 | 1.571 quantile
                      	 2.131	 1.856	  2.16	   2.8	  1.44	 1.314	 2.179	 2.249	 2.767	 2.661	 4.055	 4.088	 | 4.088 max

train losses    274:	 0.325	0.3294	0.3161	0.3078	0.3361	0.3451	0.3114	0.3124	 0.487	0.4911	0.4629	0.4641	
val losses      274:	0.2912	0.2423	0.3552	0.3494	0.2689	0.2773	0.3312	0.3303	0.5045	0.5156	 1.087	 1.092	 | 0.4705 mean
                     	0.8161	0.6385	 0.923	0.9311	0.7294	0.6777	0.8877	0.9028	 1.446	 1.282	 2.441	 2.422	 | 1.581 quantile
                      	 2.084	 1.843	 2.154	 2.806	  1.43	 1.308	 2.205	  2.25	 2.716	 2.669	 3.814	 3.849	 | 3.849 max

train losses    276:	0.3252	0.3292	0.3156	0.3075	0.3362	0.3462	0.3107	0.3123	0.4898	0.4921	0.4528	 0.454	
val losses      276:	0.2871	0.2399	0.3549	0.3492	0.2658	0.2758	0.3311	0.3299	0.5043	0.5152	 1.097	 1.099	 | 0.4707 mean
                     	0.8007	0.6231	0.9227	0.9287	0.7221	0.6793	0.8842	 0.895	 1.428	 1.278	 2.447	 2.442	 | 1.598 quantile
                      	 2.055	 1.797	 2.152	 2.811	 1.408	 1.283	 2.176	 2.227	 2.689	  2.73	 3.811	 3.838	 | 3.838 max

train losses    278:	0.3251	0.3296	0.3162	0.3078	0.3351	0.3457	 0.311	0.3119	0.4902	0.4895	0.4541	0.4559	
val losses      278:	0.2908	0.2423	0.3551	0.3492	0.2655	0.2755	0.3314	0.3301	0.5035	 0.514	   1.1	 1.101	 | 0.4715 mean
                     	0.8149	0.6394	0.9205	0.9309	0.7168	  0.68	0.8922	0.9028	 1.447	 1.272	 2.455	 2.448	 | 1.61 quantile
                      	 2.096	 1.961	  2.15	 2.812	 1.381	 1.315	 2.201	 2.253	 2.635	 2.647	 3.694	 3.728	 | 3.728 max

train losses    280:	0.3229	0.3301	0.3159	0.3073	0.3355	 0.346	0.3096	0.3108	0.4894	0.4902	0.4607	0.4602	
val losses      280:	0.2908	 0.243	 0.355	0.3491	0.2673	0.2758	0.3313	0.3296	0.5026	0.5137	 1.107	 1.108	 | 0.4727 mean
                     	0.8172	0.6384	0.9208	0.9311	0.7183	0.6808	0.8884	0.8996	 1.438	 1.265	 2.488	 2.481	 | 1.615 quantile
                      	 2.187	 1.973	 2.156	 2.809	 1.444	  1.31	 2.205	 2.259	 2.691	 2.613	 3.884	 3.894	 | 3.894 max

train losses    282:	0.3236	  0.33	0.3154	0.3073	0.3359	0.3463	 0.309	0.3106	0.4909	0.4923	0.4748	0.4741	
val losses      282:	0.2887	0.2412	 0.355	0.3493	0.2676	0.2762	0.3321	 0.331	0.5082	0.5187	 1.123	 1.122	 | 0.476 mean
                     	0.8077	0.6296	0.9232	0.9314	0.7219	0.6816	0.8899	0.9075	 1.468	 1.285	 2.544	 2.517	 | 1.639 quantile
                      	   2.0	 1.854	  2.15	 2.804	 1.379	 1.361	 2.217	 2.278	 2.639	 2.651	 3.914	 3.947	 | 3.947 max

train losses    284:	0.3248	0.3292	0.3157	0.3077	0.3343	0.3433	0.3069	0.3079	0.4915	0.4931	 0.494	0.4946	
val losses      284:	0.2885	0.2427	 0.355	0.3491	0.2661	 0.276	  0.33	0.3285	0.5087	0.5186	 1.113	 1.112	 | 0.474 mean
                     	0.8068	 0.635	0.9219	0.9311	0.7181	0.6798	0.8884	0.8931	 1.473	 1.285	 2.515	 2.495	 | 1.628 quantile
                      	 2.024	 1.965	 2.151	 2.815	 1.377	 1.326	 2.165	 2.218	 2.711	 2.644	 4.031	 4.063	 | 4.063 max

train losses    286:	0.3226	0.3263	0.3158	0.3069	0.3356	 0.345	0.3083	0.3092	0.4908	0.4921	0.4911	0.4908	
val losses      286:	0.2862	0.2427	0.3549	0.3491	0.2662	0.2766	0.3295	0.3284	 0.506	0.5162	 1.089	 1.091	 | 0.4697 mean
                     	0.8021	0.6375	0.9205	0.9274	0.7177	0.6792	0.8839	0.8986	 1.474	 1.285	 2.434	 2.421	 | 1.598 quantile
                      	 2.001	 1.945	 2.153	 2.812	 1.506	  1.32	  2.19	 2.238	 2.692	 2.634	 3.724	 3.728	 | 3.728 max

train losses    288:	0.3237	0.3288	 0.316	0.3072	 0.334	0.3429	0.3063	0.3076	0.4875	0.4913	 0.468	0.4697	
val losses      288:	 0.292	 0.245	0.3546	0.3491	0.2681	0.2768	0.3304	0.3291	0.5043	0.5153	 1.081	 1.085	 | 0.4693 mean
                     	0.8161	0.6455	0.9212	0.9313	0.7315	0.6772	0.8874	0.9012	 1.446	 1.277	 2.419	  2.42	 | 1.571 quantile
                      	 2.155	 1.915	 2.158	 2.818	 1.408	 1.331	 2.193	 2.242	 2.687	 2.612	 3.715	 3.676	 | 3.715 max

train losses    290:	0.3232	0.3288	0.3154	0.3073	0.3346	0.3434	0.3053	0.3072	0.4861	0.4924	 0.459	0.4587	
val losses      290:	0.2922	0.2444	0.3549	0.3492	0.2693	0.2772	0.3314	0.3296	0.5058	0.5138	  1.09	 1.097	 | 0.4712 mean
                     	 0.819	0.6401	0.9221	0.9303	0.7388	0.6797	0.8842	0.8986	 1.454	 1.291	 2.458	 2.463	 | 1.578 quantile
                      	 2.117	 2.005	 2.168	 2.815	 1.423	 1.347	 2.151	 2.202	 2.633	  2.62	 3.815	 3.849	 | 3.849 max

train losses    292:	0.3246	0.3282	0.3152	0.3067	0.3351	 0.345	 0.306	 0.308	0.4891	0.4895	0.4652	0.4633	
val losses      292:	0.2905	0.2417	0.3551	0.3492	0.2695	0.2783	0.3318	0.3299	0.5044	0.5156	   1.1	 1.108	 | 0.4728 mean
                     	0.8095	0.6282	 0.922	0.9305	0.7275	0.6861	0.8838	0.9021	 1.415	 1.281	 2.495	 2.506	 | 1.578 quantile
                      	 2.095	 1.909	  2.17	 2.812	 1.426	 1.349	 2.199	 2.251	 2.758	 2.682	 3.874	 3.927	 | 3.927 max

train losses    294:	0.3226	 0.328	 0.315	0.3064	0.3354	 0.346	0.3056	0.3066	0.4886	0.4912	0.4766	0.4771	
val losses      294:	0.2928	0.2462	0.3549	0.3489	0.2724	0.2814	0.3319	0.3306	0.5041	0.5193	 1.096	 1.103	 | 0.4734 mean
                     	0.8257	0.6497	0.9218	0.9279	0.7447	0.6834	 0.892	0.9056	 1.447	 1.308	 2.509	 2.499	 | 1.576 quantile
                      	 2.082	  1.91	 2.173	 2.814	 1.517	  1.38	 2.171	 2.238	  2.77	 2.675	 4.167	 4.181	 | 4.181 max

train losses    296:	0.3232	0.3273	0.3151	0.3067	 0.334	0.3449	0.3039	0.3055	0.4894	0.4929	0.4706	0.4706	
val losses      296:	 0.289	0.2429	0.3546	0.3488	0.2654	0.2759	0.3304	0.3282	0.5072	0.5191	 1.093	   1.1	 | 0.4712 mean
                     	0.8006	0.6343	0.9244	0.9281	 0.721	0.6792	0.8861	0.8974	  1.41	 1.299	   2.5	 2.488	 | 1.569 quantile
                      	 2.061	 1.938	 2.161	 2.807	 1.497	 1.304	 2.144	 2.193	 2.791	 2.722	 4.107	 4.143	 | 4.143 max

train losses    298:	0.3227	 0.329	0.3144	0.3063	0.3345	0.3443	0.3032	0.3044	0.4864	0.4895	0.4646	0.4634	
val losses      298:	0.2888	 0.242	0.3549	0.3489	0.2652	0.2739	0.3298	0.3279	0.5053	0.5194	 1.087	 1.093	 | 0.4697 mean
                     	0.8093	0.6323	0.9226	 0.932	0.7157	0.6774	0.8873	0.8963	 1.418	 1.283	 2.476	 2.473	 | 1.566 quantile
                      	 2.086	 2.052	 2.151	 2.797	 1.385	 1.283	 2.175	 2.224	 2.697	 2.686	 4.029	 4.068	 | 4.068 max

