train losses      0:	0.5564	0.5822	0.3328	0.3311	0.6938	 0.733	0.4548	0.4632	 1.532	 1.544	 1.477	 1.472	
val losses        0:	0.7392	 2.258	 1.117	0.8534	 1.114	 1.801	0.4883	 1.152	 2.575	 2.589	 1.453	 1.824	 | 1.497 mean
                     	 1.712	 3.295	 1.851	 1.539	 3.132	 3.869	 1.271	 2.123	  6.84	 6.912	 3.824	 4.519	 | 4.09 quantile
                      	 6.253	 5.415	 3.098	 4.122	 8.404	 8.732	 2.456	  3.36	 12.64	 12.22	 5.569	 6.229	 | 12.64 max

train losses      2:	0.4886	0.5069	0.3386	0.3334	0.6643	0.6784	0.4708	0.4829	 1.485	 1.496	 1.449	 1.425	
val losses        2:	 1.013	  1.05	0.6359	0.3909	 1.093	 1.275	0.8125	0.5192	 2.661	 2.675	 1.607	 3.644	 | 1.448 mean
                     	 1.932	 2.004	 1.318	0.9629	 2.904	  3.05	 1.748	  1.33	 7.035	 7.001	 4.135	 6.517	 | 4.782 quantile
                      	 4.485	 4.927	 2.813	 3.542	 7.848	 7.119	 2.996	 2.768	 10.44	 10.43	 5.783	 8.436	 | 10.44 max

train losses      4:	0.4715	0.4673	0.3791	0.3962	0.6342	0.6741	0.5728	0.5407	 1.359	 1.386	 1.341	 1.306	
val losses        4:	0.5331	 0.435	0.4443	0.5923	0.8895	0.8575	0.5896	0.7718	 1.873	 2.005	 1.294	 1.282	 | 0.9639 mean
                     	 1.277	 1.227	 1.089	 1.391	 2.403	 2.321	 1.528	  1.78	 5.253	 5.489	 3.058	 3.282	 | 3.041 quantile
                      	 3.574	  3.54	 2.509	 4.073	 6.159	 5.087	 2.413	  3.14	 7.788	 7.892	 5.703	 5.226	 | 7.892 max

train losses      6:	0.4444	0.4333	0.3717	0.4325	0.6413	0.6292	  0.52	0.4976	 1.159	  1.17	 1.304	 1.264	
val losses        6:	 0.476	0.4285	0.3836	0.5077	0.8893	0.9051	 0.545	0.5993	 1.706	 1.704	 1.301	 1.239	 | 0.8904 mean
                     	 1.211	 1.133	0.9709	 1.257	 2.421	  2.41	 1.324	 1.457	 4.468	  4.63	  3.36	 3.187	 | 2.92 quantile
                      	 3.448	 3.028	  2.32	 3.134	 5.848	  4.86	 2.574	 3.578	  7.14	  7.14	 5.148	 5.197	 | 7.14 max

train losses      8:	0.4011	0.4029	0.3708	0.3911	 0.616	0.6325	0.5041	0.5043	 0.943	0.9319	 1.205	 1.204	
val losses        8:	0.4333	0.4011	0.4276	0.4512	0.8773	0.9004	0.5116	0.5583	  1.25	 1.259	 1.277	 1.372	 | 0.81 mean
                     	 1.143	 1.088	 1.056	 1.168	 2.386	 2.475	 1.292	 1.372	 3.455	 3.374	 2.937	 3.142	 | 2.486 quantile
                      	 3.373	 2.782	 2.464	 3.005	 5.957	 4.905	 2.441	 3.117	 6.012	 5.902	 4.931	 4.408	 | 6.012 max

train losses     10:	 0.405	0.3582	 0.347	0.3868	0.5588	0.6235	0.4765	0.4894	0.8841	0.8819	 1.147	 1.162	
val losses       10:	0.4206	0.3535	0.3574	0.4263	0.8148	0.8169	0.4846	0.5046	 1.074	 1.062	 1.147	 1.144	 | 0.7171 mean
                     	 1.112	0.9986	0.8893	 1.064	 2.357	 2.288	 1.228	 1.294	 2.858	 2.838	 2.859	 2.798	 | 2.242 quantile
                      	 2.918	 2.654	 2.343	 3.433	 6.188	 5.222	 2.497	 2.685	 5.085	  4.72	  4.25	 4.308	 | 6.188 max

train losses     12:	0.4021	0.3376	0.3446	0.3855	0.5526	0.5735	0.4822	0.4695	 0.877	0.9811	 1.086	 1.095	
val losses       12:	0.3828	0.3377	0.3505	0.4153	0.8109	 0.782	0.4827	0.4887	 1.239	 1.331	 1.145	 1.141	 | 0.7423 mean
                     	 1.034	0.9352	0.8753	 1.076	  2.31	 2.213	 1.232	 1.278	 2.975	 3.031	 2.848	 2.773	 | 2.378 quantile
                      	 2.789	 2.501	 2.319	 3.226	  6.19	  5.52	 2.538	 2.648	  4.63	  4.43	 4.447	 4.019	 | 6.19 max

train losses     14:	0.4065	0.3174	0.3459	0.4132	0.5586	0.5318	0.4543	0.4696	0.8703	0.9109	 1.042	 1.046	
val losses       14:	0.3625	0.3168	0.3522	0.4151	0.7514	 0.724	0.4749	0.4722	 1.068	 1.074	 1.143	 1.152	 | 0.6922 mean
                     	0.9968	0.8798	0.8743	 1.098	 2.162	 2.079	 1.203	 1.266	 2.772	 2.726	  2.84	 2.797	 | 2.211 quantile
                      	 2.775	 2.104	 2.362	 3.415	 6.249	 5.402	 2.424	 2.642	 4.521	  4.27	 4.254	 4.303	 | 6.249 max

train losses     16:	0.3823	0.3136	0.3408	0.3943	0.5165	0.5202	0.4478	0.4689	0.7528	0.7639	0.9966	 1.025	
val losses       16:	  0.37	0.3103	0.3546	0.4195	0.7257	 0.709	0.4665	 0.473	0.9468	0.9437	 1.147	 1.224	 | 0.6742 mean
                     	 0.979	0.9013	0.9025	 1.083	 2.002	 2.045	 1.183	 1.243	 2.361	 2.272	 2.853	 2.915	 | 2.082 quantile
                      	 2.953	 2.227	 2.253	 3.083	 6.157	 5.679	 2.356	 2.742	 3.407	 3.548	 4.064	 4.258	 | 6.157 max

train losses     18:	0.3393	0.2731	0.3428	0.3739	0.4569	0.4866	0.4468	0.4547	 0.629	0.6324	0.9678	 0.973	
val losses       18:	0.3805	0.2848	0.3585	0.4124	0.6818	0.6569	0.4685	0.4739	0.8399	0.8335	 1.151	 1.188	 | 0.6442 mean
                     	0.9907	0.7867	0.9011	 1.063	 1.843	 1.876	 1.184	 1.236	 1.956	 1.975	 2.861	  2.81	 | 1.929 quantile
                      	  2.89	 2.128	 2.424	 3.123	 5.689	 5.335	 2.342	 2.783	 3.008	 2.984	 3.996	  4.07	 | 5.689 max

train losses     20:	0.3358	 0.262	0.3415	0.3773	0.4314	0.4485	 0.444	0.4489	0.6155	0.6137	0.9203	0.9141	
val losses       20:	0.3253	 0.281	 0.357	   0.4	0.5895	0.5903	0.4617	0.4588	0.8144	0.8208	 1.082	 1.109	 | 0.6075 mean
                     	0.8657	0.7633	0.9009	 1.038	 1.596	  1.67	 1.165	 1.221	 1.871	 1.961	  2.75	 2.692	 | 1.829 quantile
                      	 2.506	 2.231	 2.354	 3.298	  5.02	 4.753	 2.433	  2.67	 3.143	 3.071	 3.776	 3.944	 | 5.02 max

train losses     22:	0.2921	0.2543	0.3395	0.3602	 0.389	 0.427	0.4386	0.4471	0.5852	0.5757	0.8781	0.8876	
val losses       22:	0.3057	0.2573	0.3524	0.3678	0.5613	0.5767	 0.457	0.4541	0.8054	0.8184	 1.137	 1.149	 | 0.6035 mean
                     	0.8351	0.7118	0.8904	 0.952	 1.495	 1.627	 1.152	 1.208	 1.831	  1.88	 2.813	 2.759	 | 1.806 quantile
                      	 2.479	 2.123	 2.426	 3.157	 4.749	 4.496	 2.334	 2.595	 3.102	 2.932	 4.313	 4.265	 | 4.749 max

train losses     24:	0.2836	0.2548	0.3453	0.3465	0.3763	0.4034	0.4366	0.4377	 0.581	0.5751	0.9763	0.9518	
val losses       24:	0.3015	0.2556	0.3528	0.3474	0.5235	0.5465	0.4582	0.4491	 0.811	0.8042	 1.039	 1.083	 | 0.581 mean
                     	0.8158	0.7024	0.8899	0.8969	 1.357	  1.53	  1.16	 1.192	 1.807	  1.86	 2.634	 2.697	 | 1.75 quantile
                      	 2.536	 2.139	 2.414	 3.101	 4.475	 4.335	 2.302	 2.595	 2.958	 3.246	 3.971	 4.168	 | 4.475 max

train losses     26:	0.2939	 0.272	 0.345	0.3397	0.3636	0.3918	0.4478	0.4369	0.5562	 0.557	 1.173	 1.159	
val losses       26:	0.2914	0.2515	0.3547	0.3443	0.5096	0.5254	0.4597	0.4449	0.7902	0.7894	 1.112	 1.136	 | 0.5841 mean
                     	0.7914	0.6887	0.8859	0.8877	 1.299	 1.462	 1.162	 1.183	  1.77	 1.841	 2.924	 2.942	 | 1.788 quantile
                      	 2.478	 2.004	 2.312	 3.042	 4.348	 4.119	 2.463	 2.557	 2.863	 3.127	 4.402	 4.481	 | 4.481 max

train losses     28:	0.3107	0.2844	0.3415	0.3347	0.3625	0.3792	  0.43	0.4317	0.5487	0.5549	0.9185	0.9068	
val losses       28:	0.2916	0.2726	0.3589	0.3375	0.5032	0.5102	0.4516	0.4477	0.7681	0.7702	 1.073	 1.084	 | 0.5724 mean
                     	0.7941	0.7128	0.9075	0.8736	 1.277	 1.434	 1.135	 1.179	 1.752	 1.834	 2.884	 2.799	 | 1.753 quantile
                      	   2.5	 1.872	 2.256	 3.106	 4.246	 3.866	 2.294	 2.497	 3.008	 2.939	 4.615	 4.513	 | 4.615 max

train losses     30:	0.2952	0.3144	0.3386	0.3335	0.3559	0.3712	0.4301	0.4226	0.5418	0.5456	0.8689	0.8643	
val losses       30:	0.2899	0.2605	0.3611	0.3305	0.4966	0.4963	0.4512	0.4412	0.7681	0.7572	 1.117	 1.119	 | 0.574 mean
                     	0.7881	0.6918	0.9189	0.8575	 1.283	 1.368	 1.141	 1.167	 1.772	 1.847	 2.777	 2.739	 | 1.763 quantile
                      	 2.368	 1.933	 2.249	 3.218	 3.989	 3.646	 2.228	 2.541	 2.921	 2.967	 3.804	 4.064	 | 4.064 max

train losses     32:	0.2963	 0.318	0.3415	0.3348	0.3508	0.3601	0.4304	0.4156	0.5426	0.5437	 0.805	0.8029	
val losses       32:	0.3021	0.2633	 0.352	 0.331	0.4927	0.4805	0.4497	0.4385	0.7635	0.7471	 1.092	 1.094	 | 0.5672 mean
                     	0.8176	0.6904	0.8864	0.8559	 1.287	 1.314	 1.131	 1.167	 1.799	 1.818	 2.751	  2.71	 | 1.721 quantile
                      	 2.439	 1.972	 2.271	 3.323	 3.849	 3.595	  2.14	 2.587	 2.908	 2.874	 4.195	 4.463	 | 4.463 max

train losses     34:	0.2939	0.3145	0.3355	0.3366	0.3473	0.3564	0.4274	 0.409	0.5292	0.5334	0.7965	0.7795	
val losses       34:	0.2938	0.2572	0.3463	0.3286	0.4931	0.4752	0.4461	  0.43	0.7628	0.7608	 1.133	 1.132	 | 0.5716 mean
                     	0.7997	0.6784	0.8669	0.8568	 1.288	 1.297	  1.13	 1.159	 1.763	 1.787	  2.84	 2.714	 | 1.724 quantile
                      	 2.347	 1.982	  2.28	 3.316	 3.865	 3.604	 2.123	 2.684	 3.047	 2.975	 3.889	 3.964	 | 3.964 max

train losses     36:	0.2935	0.3048	 0.334	0.3352	0.3384	0.3486	0.4173	0.4079	0.5135	0.5234	0.8179	0.7985	
val losses       36:	0.2868	0.2499	0.3453	0.3251	0.4829	0.4683	0.4424	0.4253	0.7538	 0.749	 1.047	 1.075	 | 0.5543 mean
                     	0.7791	0.6596	 0.864	 0.847	  1.24	 1.273	  1.12	 1.132	 1.766	 1.778	 2.692	 2.682	 | 1.663 quantile
                      	 2.255	 1.991	 2.299	 3.281	 3.761	 3.518	 2.207	 2.743	 2.957	 2.754	 4.121	 4.461	 | 4.461 max

train losses     38:	 0.296	0.3027	0.3347	0.3324	0.3345	0.3435	0.4176	0.4118	 0.511	0.5256	0.9455	0.9431	
val losses       38:	0.2729	0.2436	0.3449	0.3251	0.4776	0.4663	0.4393	 0.419	0.7561	0.7623	 1.058	 1.065	 | 0.5525 mean
                     	0.7408	0.6455	0.8625	0.8529	 1.214	 1.259	 1.117	 1.116	 1.741	 1.822	 2.722	 2.658	 | 1.678 quantile
                      	 2.255	 1.998	 2.271	 3.359	 3.779	  3.49	 2.151	 2.766	 3.026	 2.819	 3.846	 4.165	 | 4.165 max

train losses     40:	0.2873	0.2821	0.3358	 0.332	0.3277	0.3416	0.4122	0.4075	0.5013	0.5122	0.9024	0.8915	
val losses       40:	0.2673	0.2363	 0.347	0.3253	0.4726	0.4601	0.4394	0.4205	0.7461	0.7454	 1.109	 1.128	 | 0.5581 mean
                     	0.7253	0.6255	0.8694	0.8503	 1.212	 1.236	 1.113	   1.1	 1.754	 1.816	 2.772	 2.854	 | 1.762 quantile
                      	 2.312	 2.118	 2.213	 3.403	 3.656	 3.426	  2.15	 2.719	 2.937	 2.848	  4.24	 4.547	 | 4.547 max

train losses     42:	0.2686	0.2521	0.3354	0.3306	0.3214	0.3322	0.4072	0.4011	0.4963	 0.502	0.8492	0.8474	
val losses       42:	0.2651	0.2327	0.3515	0.3295	0.4693	 0.459	0.4319	0.4151	0.7368	0.7341	 1.089	 1.081	 | 0.5496 mean
                     	0.7201	0.6085	0.8855	0.8594	  1.23	 1.216	 1.104	 1.088	 1.733	 1.785	 2.673	 2.627	 | 1.683 quantile
                      	 2.269	 2.116	  2.24	 3.474	 3.598	 3.397	 1.992	 2.698	 2.911	  3.02	 3.623	 3.811	 | 3.811 max

train losses     44:	0.2545	0.2362	0.3381	0.3323	0.3183	0.3301	0.4003	0.4032	 0.494	0.4982	0.7879	0.7852	
val losses       44:	0.2628	0.2263	0.3462	0.3278	0.4666	0.4498	0.4253	0.4098	0.7548	0.7609	 1.178	 1.174	 | 0.5652 mean
                     	0.7196	0.5991	 0.871	0.8594	 1.219	  1.19	 1.095	 1.075	 1.762	 1.755	 2.727	 2.694	 | 1.734 quantile
                      	 2.269	  2.12	 2.237	 3.442	   3.6	 3.318	  1.94	 2.733	  3.16	 3.205	 3.931	 3.692	 | 3.931 max

train losses     46:	 0.261	0.2419	0.3404	0.3344	 0.309	0.3213	0.3918	0.4023	0.5065	0.5143	0.7698	0.7595	
val losses       46:	0.2721	0.2346	 0.342	0.3233	0.4527	0.4386	0.4231	0.3983	0.7807	0.7889	  1.03	 1.048	 | 0.5444 mean
                     	0.7382	0.6156	0.8524	 0.838	 1.165	 1.169	 1.081	 1.043	 1.775	 1.782	 2.589	 2.515	 | 1.642 quantile
                      	 2.423	 2.146	 2.295	 3.279	 3.448	 3.118	 1.957	 2.852	 3.342	 3.135	 3.804	 4.086	 | 4.086 max

train losses     48:	0.2951	0.2733	0.3349	0.3314	0.3113	0.3161	0.3899	0.3941	0.4863	0.4932	0.8654	0.8555	
val losses       48:	0.2584	0.2286	0.3464	0.3231	0.4485	0.4348	0.4195	0.3992	0.7589	0.7539	 1.056	 1.072	 | 0.5416 mean
                     	0.7069	0.6049	0.8712	0.8457	 1.147	 1.152	 1.067	 1.031	 1.744	 1.772	 2.698	 2.702	 | 1.67 quantile
                      	 2.355	 2.033	 2.185	 3.352	 3.463	 3.122	 1.943	 2.773	 3.205	 2.779	 4.021	 4.364	 | 4.364 max

train losses     50:	0.2875	0.2624	0.3325	0.3277	0.3107	0.3137	0.3812	 0.376	0.4789	0.4857	0.9007	0.9039	
val losses       50:	0.2543	0.2289	0.3557	0.3281	0.4491	0.4371	0.4151	0.4084	0.7737	0.7692	 1.086	 1.089	 | 0.5496 mean
                     	0.7014	 0.615	0.8987	0.8555	 1.159	 1.175	  1.05	 1.044	 1.826	 1.835	 2.802	 2.835	 | 1.757 quantile
                      	 2.291	 1.976	 2.241	 3.456	  3.49	 3.153	 1.929	 2.706	 2.944	 2.806	 4.171	 4.455	 | 4.455 max

train losses     52:	  0.25	0.2275	0.3362	0.3292	0.3098	0.3181	0.3698	0.3654	0.5224	0.5233	0.7386	 0.749	
val losses       52:	0.2663	0.2404	0.3556	0.3293	0.4519	0.4438	0.4052	0.3979	0.7782	0.7775	 1.062	 1.043	 | 0.5459 mean
                     	0.7282	 0.615	0.8948	0.8607	  1.19	 1.184	 1.041	 1.022	 1.848	 1.928	 2.567	 2.506	 | 1.698 quantile
                      	 2.172	 1.908	 2.308	 3.462	 3.387	 3.092	 1.956	 2.791	 2.916	 3.074	 3.673	 3.956	 | 3.956 max

train losses     54:	 0.242	0.2165	0.3367	0.3301	0.3082	0.3176	0.3651	0.3664	0.5114	0.5075	0.6838	0.6867	
val losses       54:	0.2732	0.2432	0.3454	0.3249	0.4497	0.4359	0.4008	0.3851	0.7547	0.7595	 1.089	 1.081	 | 0.5452 mean
                     	  0.73	 0.615	0.8677	0.8502	 1.177	 1.152	  1.02	0.9878	  1.79	 1.807	 2.584	 2.531	 | 1.693 quantile
                      	 2.135	  1.88	 2.288	  3.41	 3.341	 2.966	 2.015	 2.952	 2.848	 3.156	 3.669	 3.988	 | 3.988 max

train losses     56:	0.2273	0.2064	0.3284	0.3279	 0.309	0.3076	0.3669	0.3723	0.4832	0.5002	0.6433	0.6477	
val losses       56:	 0.246	0.2191	0.3366	 0.319	0.4379	 0.416	0.4014	0.3833	0.8031	0.8406	  1.02	 1.027	 | 0.5375 mean
                     	 0.678	0.5705	0.8407	0.8283	 1.132	 1.094	   1.0	0.9758	 1.872	 1.898	  2.59	 2.595	 | 1.684 quantile
                      	 2.154	 1.882	 2.194	 3.284	 3.262	 2.847	 1.922	 2.913	  3.38	 3.485	 4.094	 4.376	 | 4.376 max

train losses     58:	0.2369	0.2103	0.3295	0.3348	0.3764	0.3492	0.3693	0.3991	0.5542	0.6039	0.6144	0.5989	
val losses       58:	0.2488	0.2388	0.3355	 0.319	0.4662	 0.429	0.3985	0.3856	0.8229	0.8748	 1.081	 1.085	 | 0.557 mean
                     	0.6819	0.6057	0.8411	 0.833	 1.188	 1.137	0.9928	0.9832	 1.881	  1.96	 2.622	 2.611	 | 1.727 quantile
                      	 2.107	 1.713	  2.17	 3.305	 3.257	 2.834	 1.966	 2.819	 3.525	 3.261	 3.826	 3.988	 | 3.988 max

train losses     60:	0.2762	0.2483	0.3291	0.3361	0.4527	 0.394	0.3736	0.4186	  0.59	 0.656	0.6481	 0.634	
val losses       60:	0.2476	0.2306	0.3334	0.3167	0.4367	0.4201	0.3968	0.3919	 0.803	0.8351	 1.054	 1.067	 | 0.5444 mean
                     	0.6742	0.5958	0.8391	0.8185	  1.11	 1.149	0.9889	0.9968	 1.865	 1.919	 2.488	 2.535	 | 1.692 quantile
                      	 2.214	  1.72	 2.232	  3.21	 3.452	 2.689	 2.083	 3.039	 3.367	  3.01	  3.92	 4.008	 | 4.008 max

train losses     62:	0.2715	0.2509	0.3283	0.3252	0.3925	0.3592	0.3573	0.3759	0.5827	0.6253	0.6475	0.6439	
val losses       62:	0.3247	0.2541	0.3377	0.3247	0.4942	0.4474	 0.421	0.4748	0.7857	0.8219	 1.087	 1.128	 | 0.5751 mean
                     	0.8088	0.6748	0.8633	0.8375	 1.235	 1.171	 1.052	 1.194	 1.885	  1.98	 2.539	 2.577	 | 1.738 quantile
                      	 2.507	 2.011	 2.226	 3.103	 3.882	 2.872	 2.166	 3.324	 3.063	   3.2	 3.821	 3.997	 | 3.997 max

train losses     64:	0.2922	0.2532	0.3302	0.3266	 0.379	0.3531	 0.357	0.3936	0.4875	0.4889	0.6464	0.6403	
val losses       64:	0.2905	0.2591	0.3346	0.3165	0.4374	0.4151	0.3888	0.3887	0.7673	0.7735	 1.067	 1.088	 | 0.5439 mean
                     	0.7601	0.6828	0.8466	0.8222	 1.131	 1.105	0.9722	0.9778	 1.794	 1.775	 2.532	 2.517	 | 1.667 quantile
                      	 2.408	 2.022	 2.224	 3.295	 3.491	 2.527	 1.941	 2.943	 3.125	 3.101	 3.798	 3.908	 | 3.908 max

train losses     66:	0.3052	0.3041	0.3322	0.3209	0.3566	0.3516	0.3508	0.3511	0.4536	 0.452	0.5907	0.5761	
val losses       66:	0.2519	0.2269	0.3394	0.3156	 0.438	0.4126	0.3905	0.3956	0.8002	0.8251	 1.023	  1.02	 | 0.5366 mean
                     	   0.7	0.5933	0.8533	0.8185	 1.152	  1.14	0.9686	0.9922	 1.827	 1.865	 2.434	 2.489	 | 1.666 quantile
                      	 2.158	 1.694	 2.296	 3.324	 3.235	 2.848	 1.937	 2.797	 3.386	 3.333	 3.748	 4.047	 | 4.047 max

train losses     68:	0.2547	0.2314	0.3218	0.3178	0.2974	0.3061	0.3548	0.3518	0.5262	0.5276	0.5436	0.5374	
val losses       68:	 0.248	 0.235	0.3309	0.3129	0.4258	0.4165	0.3911	 0.403	0.8025	0.8136	 1.006	 1.006	 | 0.5327 mean
                     	0.6932	0.6129	0.8359	0.8184	 1.124	 1.128	0.9684	 1.028	 1.854	 1.893	 2.538	 2.527	 | 1.655 quantile
                      	 2.039	 1.576	  2.22	 3.202	 3.232	 2.811	 2.135	 3.145	 3.487	 3.085	 3.907	 4.217	 | 4.217 max

train losses     70:	0.2265	0.2079	0.3223	0.3182	 0.292	0.2953	 0.336	0.3458	0.5916	0.5817	0.4774	0.4758	
val losses       70:	 0.251	0.2221	0.3338	0.3132	0.4167	0.4061	0.3791	0.3977	0.7774	0.7917	 1.016	 1.019	 | 0.527 mean
                     	0.6875	0.5815	0.8532	0.8126	 1.086	 1.071	0.9316	0.9997	 1.803	 1.808	 2.512	 2.523	 | 1.642 quantile
                      	 2.144	 1.707	   2.2	 3.171	 3.326	 2.527	 2.048	 3.204	 3.405	 2.831	 3.842	  4.16	 | 4.16 max

train losses     72:	0.2702	 0.259	0.3337	  0.32	0.3032	0.3005	0.3276	0.3502	0.5992	0.5805	0.4473	0.4424	
val losses       72:	0.2669	0.2205	0.3312	0.3121	 0.408	0.3982	0.3851	0.3744	0.7687	0.7858	 1.011	 1.007	 | 0.5224 mean
                     	0.6993	0.5717	0.8342	0.8071	 1.056	 1.042	0.9449	0.9246	 1.797	 1.793	 2.526	 2.497	 | 1.621 quantile
                      	 2.209	 1.736	 2.241	 3.254	 3.067	 2.459	 2.028	 2.944	  3.19	 2.938	 3.797	 4.077	 | 4.077 max

train losses     74:	 0.309	 0.288	0.3255	0.3171	0.3023	0.2994	0.3341	 0.331	0.5678	0.5497	0.4496	0.4563	
val losses       74:	0.2488	0.2484	 0.339	0.3129	0.4252	0.4023	0.3769	0.3739	0.7666	0.7697	0.9983	0.9913	 | 0.5211 mean
                     	0.6869	0.6276	0.8479	0.8075	 1.114	 1.063	0.9231	0.9234	 1.814	 1.811	   2.5	 2.534	 | 1.6 quantile
                      	 2.032	 1.571	 2.312	 3.289	 3.003	 2.519	 2.011	  2.96	 2.974	 2.946	 3.862	 4.142	 | 4.142 max

train losses     76:	0.2526	0.2315	0.3203	0.3158	0.2851	0.2851	0.3314	0.3226	0.5065	 0.504	 0.443	 0.428	
val losses       76:	0.3064	0.2893	0.3342	0.3152	0.4259	 0.405	0.3934	0.3797	 0.781	0.7767	 1.065	 1.042	 | 0.5428 mean
                     	0.8111	0.6977	0.8386	0.8118	 1.117	 1.075	0.9736	0.9482	 1.869	 1.854	 2.563	 2.516	 | 1.679 quantile
                      	 1.902	 1.673	 2.283	 3.323	 3.028	 2.561	 2.176	 3.149	 3.016	 2.974	 3.977	 3.982	 | 3.982 max

train losses     78:	0.2281	0.2057	0.3187	0.3135	0.2716	0.2724	0.3215	0.3177	0.4522	0.4462	0.4545	0.4627	
val losses       78:	0.2366	0.2062	0.3316	0.3117	0.3943	0.3776	0.3779	0.3712	0.7559	0.7537	  1.03	 1.031	 | 0.5148 mean
                     	0.6568	0.5338	0.8315	 0.804	 1.034	0.9855	0.9138	0.9204	 1.794	 1.776	 2.666	 2.658	 | 1.61 quantile
                      	 2.092	 1.562	  2.27	 3.233	 2.994	 2.333	 2.025	 3.171	 2.989	 2.839	 4.157	 4.554	 | 4.554 max

train losses     80:	0.2076	0.1949	 0.318	0.3136	0.2662	0.2685	0.3205	0.3143	 0.445	0.4518	0.5192	0.5011	
val losses       80:	0.2373	0.2016	0.3303	0.3103	0.3888	 0.375	0.3746	0.3698	0.7588	0.7585	 1.227	  1.23	 | 0.5468 mean
                     	0.6499	 0.523	0.8326	0.7972	 1.014	0.9919	0.9183	0.9173	 1.793	 1.787	 2.841	 2.871	 | 1.797 quantile
                      	 2.151	 1.553	 2.293	 3.199	 2.712	 2.278	 2.023	 3.068	  3.19	  2.89	 4.172	 4.275	 | 4.275 max

train losses     82:	0.1997	0.1877	0.3164	0.3109	0.2606	0.2637	0.3164	0.3177	0.4323	0.4316	0.5782	0.5762	
val losses       82:	0.2327	0.1979	0.3283	0.3081	0.3877	0.3699	0.3766	0.3718	0.7817	0.7989	0.9839	0.9824	 | 0.51 mean
                     	0.6414	0.5117	0.8264	0.7977	 1.011	0.9802	 0.916	0.9253	  1.84	 1.822	 2.551	  2.53	 | 1.602 quantile
                      	 2.181	  1.49	 2.249	 3.097	 2.791	 2.195	 2.041	 3.172	  3.27	  3.18	 3.787	 4.109	 | 4.109 max

train losses     84:	0.1994	0.1876	0.3154	0.3107	0.2584	0.2594	 0.315	0.3121	0.4387	0.4356	 0.658	0.6478	
val losses       84:	0.2275	0.1961	0.3282	 0.308	0.3851	0.3662	0.3801	0.3693	0.7676	0.7883	 1.143	 1.142	 | 0.5334 mean
                     	0.6322	0.5106	 0.824	0.7952	 1.001	0.9621	0.9317	0.9157	 1.767	 1.816	 2.822	 2.793	 | 1.73 quantile
                      	 2.109	 1.415	 2.259	 3.117	 2.801	 2.219	 2.064	  3.17	 3.292	 3.245	 4.373	 4.706	 | 4.706 max

train losses     86:	0.1957	0.1858	 0.315	0.3098	0.2543	0.2577	0.3131	0.3109	0.4149	0.4193	0.7797	0.7726	
val losses       86:	0.2264	   0.2	0.3271	0.3077	0.3914	0.3694	0.3788	0.3761	0.7732	0.7887	 1.125	 1.123	 | 0.5323 mean
                     	0.6268	0.5233	0.8233	0.7939	 1.022	0.9944	0.9325	0.9343	 1.825	  1.81	 2.669	 2.715	 | 1.722 quantile
                      	 2.148	 1.461	 2.272	 3.203	 2.687	 2.185	 2.036	 3.158	  3.33	 3.114	 3.893	 4.083	 | 4.083 max

train losses     88:	 0.195	0.1829	0.3143	0.3096	0.2565	0.2596	  0.31	0.3076	0.4096	0.4145	 0.712	0.7037	
val losses       88:	0.2241	0.1964	0.3266	0.3062	0.3838	0.3622	0.3766	0.3681	 0.774	0.7722	 1.082	 1.079	 | 0.5209 mean
                     	0.6235	0.5183	0.8222	0.7895	 1.009	0.9728	0.9289	0.9093	 1.824	 1.775	 2.682	 2.653	 | 1.683 quantile
                      	 2.228	 1.432	  2.28	 3.195	 2.566	 2.092	 2.014	 3.167	 3.299	  3.17	 4.207	 4.087	 | 4.207 max

train losses     90:	0.1952	0.1814	0.3129	0.3082	0.2588	0.2558	0.3049	0.3035	0.4174	0.4167	 0.543	0.5413	
val losses       90:	0.2247	0.1935	0.3268	0.3058	0.3791	0.3583	 0.374	0.3685	0.7578	0.7582	 1.139	 1.131	 | 0.5264 mean
                     	0.6196	0.5032	 0.824	0.7827	0.9917	0.9505	0.9353	 0.921	 1.794	 1.796	  2.59	 2.528	 | 1.714 quantile
                      	 2.232	   1.4	  2.29	 3.177	 2.553	 2.093	 2.066	  3.16	 3.299	 3.111	 4.039	 3.851	 | 4.039 max

train losses     92:	0.1925	0.1803	0.3129	 0.307	0.2494	0.2496	0.3026	 0.301	 0.437	0.4447	0.6398	 0.635	
val losses       92:	 0.231	 0.193	0.3248	0.3043	0.3759	0.3606	0.3792	0.3671	0.7873	0.8019	 1.048	 1.043	 | 0.518 mean
                     	0.6361	 0.507	0.8192	0.7842	0.9788	 0.955	0.9415	0.9089	 1.873	 1.854	 2.557	 2.542	 | 1.654 quantile
                      	 2.316	 1.506	 2.231	 3.116	 2.531	 1.918	 2.074	 3.147	 3.352	  2.98	 3.965	 4.305	 | 4.305 max

train losses     94:	0.1951	0.1906	0.3141	0.3071	0.2541	0.2628	0.3105	0.3057	 0.426	0.4404	0.7268	0.7199	
val losses       94:	0.2349	0.2009	0.3241	0.3046	0.3812	0.3593	 0.378	  0.37	0.8012	 0.807	 1.106	 1.098	 | 0.5304 mean
                     	0.6425	0.5327	0.8166	0.7832	0.9893	0.9696	0.9321	0.9173	 1.901	 1.867	 2.681	 2.693	 | 1.757 quantile
                      	 2.267	 1.472	 2.189	  3.15	 2.754	  2.03	  1.98	 3.208	  3.31	 3.061	 4.028	 4.084	 | 4.084 max

train losses     96:	0.1942	0.1846	0.3131	0.3059	0.2435	0.2493	0.3049	0.3023	0.4321	0.4368	0.5649	0.5552	
val losses       96:	0.2267	 0.196	0.3273	0.3037	0.3729	0.3491	0.3736	0.3683	0.7744	0.7705	 1.027	 1.023	 | 0.5094 mean
                     	0.6257	 0.513	0.8242	0.7813	0.9774	0.9352	0.9242	0.9217	  1.82	 1.881	 2.508	 2.493	 | 1.64 quantile
                      	 2.236	 1.429	 2.257	  3.16	 2.645	 2.044	 2.039	 3.147	 3.204	  2.98	 3.694	 4.012	 | 4.012 max

train losses     98:	0.1954	  0.18	0.3104	0.3047	0.2478	0.2457	0.3016	0.2988	0.4374	0.4417	0.4301	0.4241	
val losses       98:	 0.225	0.1894	0.3259	0.3031	0.3751	0.3525	 0.374	0.3705	0.7832	0.7907	 1.089	 1.093	 | 0.5226 mean
                     	0.6157	0.4946	0.8239	0.7746	0.9631	 0.951	0.9257	0.9222	 1.875	 1.842	 2.568	 2.528	 | 1.679 quantile
                      	 2.277	 1.434	 2.243	 3.111	  2.43	 2.084	 2.065	 3.237	 3.396	 3.309	 3.619	  3.87	 | 3.87 max

train losses    100:	0.1986	 0.179	0.3098	0.3044	0.2497	0.2577	0.2966	 0.292	0.4207	0.4242	0.3582	0.3499	
val losses      100:	0.2268	0.1866	0.3232	0.3022	0.3647	0.3464	0.3803	0.3715	0.7903	0.8151	  1.04	  1.03	 | 0.5148 mean
                     	0.6174	0.4814	 0.818	0.7808	0.9512	 0.924	0.9367	0.9201	 1.891	  1.86	 2.583	 2.564	 | 1.652 quantile
                      	 2.301	 1.415	 2.219	  3.09	 2.435	 2.008	 2.096	 3.233	 3.398	 3.206	 3.922	 4.175	 | 4.175 max

train losses    102:	0.1995	0.1788	0.3094	0.3039	0.2377	0.2424	0.2927	0.2892	0.4173	0.4189	0.3095	0.3116	
val losses      102:	0.2203	0.1876	0.3221	0.3015	0.3604	0.3423	0.3735	0.3761	0.7945	0.8042	  1.05	 1.043	 | 0.5146 mean
                     	0.6085	0.4879	0.8111	0.7699	0.9508	0.9024	 0.932	0.9347	 1.909	 1.865	 2.487	 2.483	 | 1.654 quantile
                      	 2.337	 1.435	 2.209	 3.146	 2.346	 1.915	 2.064	 3.236	  3.43	 3.343	 3.632	 3.862	 | 3.862 max

train losses    104:	0.1956	0.1867	0.3098	0.3032	0.2369	0.2403	0.2912	0.2877	0.4435	0.4463	0.2836	0.2781	
val losses      104:	0.2198	 0.186	0.3226	0.3011	0.3567	0.3348	0.3723	0.3694	0.7904	 0.806	 1.027	  1.02	 | 0.5088 mean
                     	0.5997	  0.48	 0.811	0.7699	0.9336	0.8903	0.9192	0.9178	   1.9	 1.879	 2.523	 2.521	 | 1.628 quantile
                      	 2.343	 1.409	 2.217	 3.161	 2.372	  1.94	  2.04	 3.181	 3.464	 3.269	 3.766	 4.088	 | 4.088 max

train losses    106:	0.1995	 0.188	0.3101	0.3012	0.2378	 0.239	0.2865	0.2827	0.5042	0.5048	0.2776	0.2793	
val losses      106:	0.2259	0.1853	0.3221	0.3004	0.3599	 0.336	0.3704	0.3672	0.8135	 0.832	  1.05	 1.045	 | 0.5173 mean
                     	 0.616	0.4821	0.8117	0.7725	0.9372	0.8996	0.9107	0.9129	 1.933	 1.938	 2.503	 2.489	 | 1.67 quantile
                      	 2.365	 1.353	 2.199	 3.113	 2.392	 1.959	 2.036	 3.195	 3.534	 3.126	 3.641	 3.842	 | 3.842 max

train losses    108:	0.2113	0.1947	0.3108	0.3023	 0.264	 0.272	0.2879	0.2844	0.5432	0.5423	0.2851	0.2737	
val losses      108:	0.2187	0.1868	0.3216	0.2999	0.3595	0.3355	0.3685	 0.363	0.7986	0.8193	 1.012	 1.004	 | 0.5073 mean
                     	0.6078	0.4885	 0.808	0.7704	0.9383	  0.89	0.9133	0.9001	 1.902	  1.88	 2.525	 2.539	 | 1.634 quantile
                      	 2.333	 1.375	 2.199	 3.112	 2.622	 1.763	 2.031	 3.194	 3.389	 2.982	 3.765	 3.983	 | 3.983 max

train losses    110:	0.2074	0.1903	0.3093	0.3019	0.2495	0.2537	0.2855	0.2804	0.5354	0.5334	0.2766	0.2858	
val losses      110:	0.2195	0.1941	0.3223	0.3005	0.3621	0.3438	0.3694	0.3619	0.7861	0.7925	 1.051	 1.041	 | 0.512 mean
                     	0.6003	0.5109	0.8068	 0.766	0.9368	0.8886	0.9188	0.8923	 1.918	 1.898	 2.472	 2.443	 | 1.659 quantile
                      	 2.227	 1.449	 2.231	 3.164	 2.533	 1.813	 2.044	 3.099	 3.109	 3.126	 3.648	 3.795	 | 3.795 max

train losses    112:	 0.197	0.1832	0.3081	0.3014	0.2421	0.2471	0.2836	0.2774	 0.474	0.4797	 0.281	0.2628	
val losses      112:	 0.224	0.1967	0.3244	0.3007	0.3544	0.3302	0.3715	0.3613	0.7984	0.7939	 1.029	 1.019	 | 0.5087 mean
                     	0.6149	0.5173	0.8165	0.7679	0.9163	0.8657	0.9107	0.8827	 1.903	  1.95	  2.59	 2.586	 | 1.651 quantile
                      	 2.225	  1.48	 2.263	 3.142	 2.348	 1.993	 2.019	 3.168	 3.099	 3.179	 3.837	 4.113	 | 4.113 max

train losses    114:	0.1895	0.1753	0.3056	   0.3	0.2386	0.2419	0.2786	0.2737	0.4016	 0.399	0.2664	0.2676	
val losses      114:	0.2251	0.1998	0.3244	0.3037	0.3591	  0.34	0.3715	0.3601	0.7848	0.7732	 1.049	 1.033	 | 0.5103 mean
                     	0.6093	0.5146	0.8135	0.7744	0.9341	0.8975	0.9096	0.8878	 1.857	  1.93	 2.506	 2.479	 | 1.645 quantile
                      	 2.275	 1.392	 2.286	 3.207	 2.317	 1.991	  2.09	  3.16	 2.918	 2.978	 3.713	 3.799	 | 3.799 max

train losses    116:	0.1863	  0.17	0.3041	0.2991	0.2305	0.2319	0.2728	 0.267	0.3718	0.3698	0.2703	0.2694	
val losses      116:	0.2204	0.1873	0.3213	0.2998	0.3522	 0.328	0.3675	0.3611	0.7607	 0.758	 1.033	 1.027	 | 0.5014 mean
                     	0.5988	0.4826	0.8084	0.7662	0.9198	0.8719	0.9031	0.8941	 1.792	 1.784	 2.608	 2.615	 | 1.612 quantile
                      	 2.319	  1.31	 2.265	 3.147	 2.269	 1.853	 2.033	 3.221	 3.203	 2.997	 3.791	  4.18	 | 4.18 max

train losses    118:	0.1834	0.1699	0.3031	 0.298	 0.229	0.2312	0.2695	 0.263	0.3683	0.3716	0.2996	0.2879	
val losses      118:	0.2154	0.1849	0.3212	0.2984	0.3483	0.3257	0.3687	0.3615	0.7683	0.7728	 1.056	 1.045	 | 0.5055 mean
                     	0.5913	 0.479	 0.806	0.7651	0.9083	0.8657	0.9007	0.8926	 1.836	 1.805	 2.528	 2.515	 | 1.631 quantile
                      	 2.369	 1.286	 2.283	 3.123	  2.21	 1.824	 2.088	 3.165	 3.304	 3.064	  3.65	 3.814	 | 3.814 max

train losses    120:	0.1816	0.1668	0.3022	0.2959	 0.224	0.2252	0.2655	0.2592	0.3548	 0.352	0.2965	0.2997	
val losses      120:	0.2141	0.1794	0.3198	0.2971	0.3446	0.3206	0.3686	0.3617	0.7743	0.7846	 1.047	 1.035	 | 0.5039 mean
                     	0.5881	 0.467	0.8034	0.7646	 0.902	0.8544	0.9061	0.8904	 1.854	 1.834	 2.667	 2.645	 | 1.64 quantile
                      	  2.39	 1.258	 2.265	 3.123	 2.219	 1.746	  2.08	  3.24	 3.282	  3.13	 3.873	 4.212	 | 4.212 max

train losses    122:	0.1793	0.1666	0.3011	0.2952	0.2219	0.2221	0.2641	0.2562	0.3418	0.3419	0.3246	 0.314	
val losses      122:	0.2134	0.1815	0.3194	0.2979	0.3433	0.3202	0.3678	0.3613	0.7707	0.7699	 1.143	 1.129	 | 0.5181 mean
                     	 0.588	0.4724	0.8023	0.7646	 0.889	0.8516	0.8988	0.8943	 1.844	 1.838	 2.718	 2.659	 | 1.719 quantile
                      	 2.396	 1.258	 2.282	 3.168	 2.112	 1.751	 2.146	 3.216	 3.283	 3.007	 3.974	 4.066	 | 4.066 max

train losses    124:	0.1772	0.1626	0.2999	 0.294	 0.218	0.2189	0.2592	0.2538	0.3278	0.3253	0.3629	0.3686	
val losses      124:	0.2132	0.1763	0.3189	0.2957	0.3414	0.3155	0.3655	0.3593	0.7784	0.7855	 1.044	 1.029	 | 0.5018 mean
                     	0.5891	0.4576	0.8026	0.7633	0.8832	0.8378	0.9018	0.8865	 1.868	 1.848	 2.694	 2.691	 | 1.638 quantile
                      	 2.387	 1.294	 2.246	 3.127	 2.202	 1.696	  2.09	 3.227	  3.33	 3.111	 3.977	 4.176	 | 4.176 max

train losses    126:	 0.177	0.1643	0.2992	0.2937	 0.221	0.2198	0.2619	0.2534	0.3239	0.3235	0.4387	0.4324	
val losses      126:	0.2129	0.1817	 0.319	0.2973	0.3392	0.3156	0.3672	 0.362	0.7707	0.7676	 1.185	 1.175	 | 0.5245 mean
                     	0.5915	0.4721	0.7996	0.7688	0.8787	0.8355	 0.904	0.8984	 1.845	 1.834	  2.69	 2.612	 | 1.741 quantile
                      	  2.34	 1.291	 2.246	 3.178	 2.106	 1.706	 2.161	 3.198	 3.302	  2.91	 4.068	 4.146	 | 4.146 max

train losses    128:	0.1756	0.1635	0.2985	0.2929	0.2194	0.2217	0.2605	0.2552	0.3231	0.3257	0.5278	0.5303	
val losses      128:	0.2126	0.1788	0.3191	0.2956	0.3444	0.3157	0.3635	0.3605	0.7846	0.7882	 1.028	 1.023	 | 0.5012 mean
                     	0.5925	0.4696	0.7987	0.7672	0.8818	0.8441	0.9042	0.9032	  1.89	 1.881	 2.457	 2.477	 | 1.638 quantile
                      	 2.312	 1.306	 2.228	 3.154	 2.225	 1.711	 2.146	 3.187	 3.343	 2.973	 3.407	 3.589	 | 3.589 max

train losses    130:	0.1743	0.1606	0.2977	 0.292	0.2188	0.2179	0.2571	0.2515	0.3211	0.3205	 0.464	0.4619	
val losses      130:	0.2117	0.1772	0.3175	0.2949	0.3369	0.3099	0.3627	0.3587	 0.774	0.7642	 1.047	 1.038	 | 0.4994 mean
                     	0.5809	0.4607	0.8011	0.7663	0.8741	0.8287	0.9011	0.8944	 1.862	 1.858	 2.511	  2.48	 | 1.644 quantile
                      	  2.38	 1.281	 2.211	 3.139	 2.069	 1.693	 2.134	  3.24	 3.322	 3.019	 3.486	 3.773	 | 3.773 max

train losses    132:	0.1749	0.1611	0.2966	0.2908	0.2265	0.2222	0.2546	0.2486	0.3215	0.3258	0.3758	0.3706	
val losses      132:	0.2117	0.1799	0.3177	0.2956	0.3367	0.3119	0.3679	0.3616	0.7861	0.7845	  1.06	 1.045	 | 0.5049 mean
                     	0.5792	0.4689	 0.798	0.7614	0.8701	0.8287	0.9004	 0.901	 1.895	 1.898	  2.52	 2.502	 | 1.656 quantile
                      	 2.374	 1.258	 2.239	 3.143	 2.069	 1.649	 2.216	  3.27	 3.316	 2.899	 3.577	 3.925	 | 3.925 max

train losses    134:	0.1743	0.1609	0.2956	0.2903	0.2236	0.2228	0.2575	0.2501	 0.333	0.3458	0.3952	0.3913	
val losses      134:	0.2098	0.1776	 0.317	0.2952	0.3376	0.3089	 0.369	0.3648	0.7907	0.7876	 1.052	  1.04	 | 0.5042 mean
                     	 0.579	0.4615	0.7936	0.7616	0.8657	0.8293	0.9082	0.9116	   1.9	 1.902	 2.514	 2.519	 | 1.65 quantile
                      	  2.38	 1.237	 2.227	 3.156	 2.057	 1.682	 2.254	 3.265	 3.361	 2.923	 3.617	 3.796	 | 3.796 max

train losses    136:	0.1735	0.1597	0.2949	  0.29	0.2196	0.2188	0.2612	0.2556	0.3406	0.3496	0.3364	0.3303	
val losses      136:	0.2109	0.1799	0.3194	0.2956	0.3558	0.3256	0.3781	0.3739	0.7923	0.7846	 1.051	 1.043	 | 0.5092 mean
                     	0.5808	0.4652	0.7988	  0.76	0.9087	0.8525	0.9417	0.9357	 1.907	 1.918	 2.478	 2.488	 | 1.643 quantile
                      	 2.371	 1.255	  2.23	 3.136	 2.141	 1.665	 2.261	 3.286	 3.248	 2.985	 3.676	 3.696	 | 3.696 max

train losses    138:	0.1731	0.1597	0.2945	0.2894	0.2455	0.2401	0.2638	0.2583	0.3436	0.3455	0.2393	0.2379	
val losses      138:	 0.211	0.1805	0.3191	 0.294	0.3422	0.3108	0.3723	 0.364	 0.802	0.7959	 1.046	 1.036	 | 0.5061 mean
                     	0.5797	0.4647	0.7979	0.7594	0.8708	0.8312	0.9212	0.9128	 1.935	 1.965	 2.558	 2.566	 | 1.649 quantile
                      	 2.344	 1.268	 2.213	 3.125	 2.252	  1.65	 2.322	  3.31	 3.203	 3.032	 3.732	 4.104	 | 4.104 max

train losses    140:	0.1715	0.1603	 0.294	0.2876	0.2338	0.2312	 0.253	0.2429	0.3672	 0.375	0.2488	0.2447	
val losses      140:	0.2118	0.1872	0.3169	0.2938	0.3454	0.3125	0.3681	0.3584	0.8066	0.8053	 1.071	 1.053	 | 0.5108 mean
                     	0.5779	 0.487	0.7927	0.7598	0.8895	0.8372	0.9196	0.9109	  1.96	 2.009	 2.565	 2.567	 | 1.684 quantile
                      	 2.293	 1.292	 2.187	 3.169	 2.197	 1.667	 2.274	  3.24	 3.219	 3.206	 3.591	 3.834	 | 3.834 max

train losses    142:	0.1706	0.1584	0.2946	0.2876	0.2164	0.2107	0.2671	0.2646	0.4616	0.4657	0.2509	0.2546	
val losses      142:	0.2116	0.1799	0.3155	0.2924	 0.337	0.3078	 0.371	0.3638	 0.837	0.8373	 1.044	 1.031	 | 0.5107 mean
                     	0.5751	0.4713	0.7933	0.7549	0.8758	0.8245	0.9276	0.9063	 2.074	 2.089	 2.597	 2.573	 | 1.711 quantile
                      	  2.23	   1.3	 2.155	 3.124	 2.269	 1.652	 2.137	 3.147	 3.487	 3.326	 3.779	 4.132	 | 4.132 max

train losses    144:	0.1713	0.1616	0.2944	0.2872	0.2253	0.2323	 0.275	0.2728	0.5218	0.5313	 0.311	 0.305	
val losses      144:	0.2106	0.1788	0.3158	 0.292	0.3517	0.3259	0.3587	0.3526	0.8506	0.8614	 1.067	  1.05	 | 0.5179 mean
                     	0.5853	0.4726	 0.792	0.7539	 0.892	 0.859	0.8849	0.8716	 2.128	 2.147	 2.558	 2.549	 | 1.741 quantile
                      	 2.247	 1.328	 2.164	 3.139	 2.232	 1.696	 2.123	  3.13	 3.392	 3.361	 3.655	 3.763	 | 3.763 max

train losses    146:	0.1754	 0.165	0.2938	0.2858	0.2816	0.3022	0.2504	0.2504	0.4739	0.4759	0.3676	0.3623	
val losses      146:	0.2115	0.1801	0.3163	0.2916	 0.366	0.3319	0.3685	0.3741	0.8519	0.8902	  1.02	 1.009	 | 0.5176 mean
                     	0.5853	  0.47	0.7891	0.7556	0.9571	0.9285	0.9215	 0.936	 2.155	  2.13	 2.511	 2.502	 | 1.714 quantile
                      	 2.242	 1.318	 2.176	 3.148	 2.341	 1.723	 2.238	 3.273	 3.415	 3.803	 3.745	 3.909	 | 3.909 max

train losses    148:	0.1729	 0.162	0.2929	0.2861	0.2337	0.2401	0.2503	0.2456	0.4005	0.4111	0.3216	0.3098	
val losses      148:	0.2197	 0.182	0.3175	0.2982	0.3744	  0.36	0.3744	0.3764	0.8061	0.8241	 1.085	 1.062	 | 0.5234 mean
                     	0.5882	0.4715	0.7911	0.7716	 0.953	0.9375	0.9259	0.9475	 2.006	 1.912	 2.628	 2.571	 | 1.694 quantile
                      	 2.182	 1.294	 2.192	 3.229	 2.211	  1.79	 2.251	 3.211	 3.288	 3.421	 3.668	 3.765	 | 3.765 max

train losses    150:	 0.178	 0.161	0.2926	0.2892	0.2373	0.2495	0.2638	0.2605	0.3528	0.3541	0.2134	0.2232	
val losses      150:	0.2118	0.1747	0.3162	0.2954	0.3327	0.3069	 0.362	0.3594	0.7806	0.7906	 1.021	 1.011	 | 0.4969 mean
                     	0.5799	0.4557	0.7937	0.7622	 0.869	0.8185	0.8817	0.8956	  1.87	 1.916	 2.532	 2.501	 | 1.622 quantile
                      	 2.212	 1.259	 2.153	 3.175	 2.195	 1.859	 2.181	 3.196	 3.081	 3.223	 3.805	 4.032	 | 4.032 max

train losses    152:	 0.173	0.1621	0.2911	0.2887	0.2298	0.2431	0.2729	 0.268	0.3214	0.3159	0.1892	  0.18	
val losses      152:	0.2103	0.1781	0.3144	0.2909	0.3412	0.3192	0.3586	0.3509	0.7774	0.7757	  1.05	 1.035	 | 0.5001 mean
                     	0.5822	0.4638	0.7902	0.7523	0.8787	0.8445	 0.894	0.8871	 1.855	 1.899	 2.576	  2.55	 | 1.629 quantile
                      	 2.324	 1.246	  2.12	 3.062	 2.175	 1.697	 2.237	 3.141	 3.246	 2.897	 3.623	 3.814	 | 3.814 max

train losses    154:	0.1677	0.1564	0.2895	0.2834	 0.215	0.2135	0.2478	0.2388	0.3183	0.3154	0.2015	0.1972	
val losses      154:	0.2086	0.1749	0.3171	0.2916	0.3319	0.3082	0.3681	0.3592	0.7801	0.7779	 1.033	  1.02	 | 0.4976 mean
                     	0.5727	0.4574	 0.792	0.7526	0.8596	0.8201	0.9195	 0.898	 1.878	 1.893	 2.528	 2.515	 | 1.627 quantile
                      	 2.336	 1.243	 2.147	 3.162	 2.078	 1.712	 2.257	 3.192	 3.278	 2.907	  3.62	 3.835	 | 3.835 max

train losses    156:	0.1655	 0.154	 0.289	0.2821	0.2111	0.2089	0.2327	0.2245	0.3174	0.3183	0.1929	0.1891	
val losses      156:	0.2089	0.1733	0.3157	0.2935	0.3295	0.3027	0.3626	0.3543	0.7841	0.7863	 1.035	 1.023	 | 0.4974 mean
                     	0.5717	0.4544	0.7879	0.7575	0.8551	 0.819	0.8907	0.8927	 1.889	  1.89	 2.555	  2.53	 | 1.623 quantile
                      	 2.312	 1.283	 2.166	 3.185	 2.051	 1.789	 2.197	 3.208	 3.268	 3.068	 3.653	 3.834	 | 3.834 max

train losses    158:	 0.165	 0.153	0.2868	0.2813	0.2071	 0.205	0.2265	0.2199	0.3094	 0.308	0.1963	0.1909	
val losses      158:	0.2099	0.1712	0.3148	0.2906	 0.335	0.3023	0.3585	0.3492	0.7798	0.7808	 1.036	 1.023	 | 0.4959 mean
                     	0.5707	0.4499	0.7909	 0.754	 0.862	 0.812	  0.88	0.8753	 1.875	 1.867	 2.531	 2.522	 | 1.62 quantile
                      	 2.295	 1.264	 2.133	  3.14	  2.02	 1.686	 2.208	 3.179	 3.272	 3.049	 3.567	  3.84	 | 3.84 max

train losses    160:	0.1649	0.1513	0.2851	0.2793	0.2088	0.2072	0.2188	0.2111	0.3028	0.2991	0.2316	0.2273	
val losses      160:	0.2087	0.1722	0.3146	0.2909	0.3312	0.3008	0.3576	0.3482	0.7804	0.7749	 1.036	 1.022	 | 0.4948 mean
                     	0.5662	0.4467	0.7872	0.7541	0.8433	0.8102	0.8822	0.8786	 1.873	 1.876	 2.538	 2.516	 | 1.621 quantile
                      	 2.268	 1.253	 2.147	 3.135	 1.943	 1.643	 2.223	 3.146	 3.224	 2.995	 3.586	  3.78	 | 3.78 max

train losses    162:	0.1635	0.1491	0.2836	0.2783	0.2044	0.2013	0.2187	0.2104	0.2931	0.2902	0.3138	 0.304	
val losses      162:	0.2071	0.1719	 0.314	  0.29	0.3263	0.2951	0.3545	0.3456	0.7844	0.7793	 1.034	 1.023	 | 0.4937 mean
                     	 0.565	0.4465	0.7907	  0.75	0.8319	0.7965	0.8865	0.8714	  1.89	 1.888	 2.572	 2.545	 | 1.631 quantile
                      	 2.261	 1.263	  2.14	 3.132	 1.931	 1.609	 2.177	 3.128	 3.209	 2.989	 3.703	 3.991	 | 3.991 max

train losses    164:	0.1616	0.1489	 0.283	0.2779	0.2002	0.1963	0.2229	0.2136	0.2903	0.2894	0.4398	  0.43	
val losses      164:	0.2053	0.1784	0.3169	0.2932	0.3252	0.2923	0.3581	0.3471	0.7857	 0.777	 1.077	 1.056	 | 0.501 mean
                     	 0.565	0.4583	0.7876	0.7564	0.8356	0.7872	0.8836	0.8764	  1.89	 1.914	 2.571	 2.549	 | 1.669 quantile
                      	 2.239	 1.271	 2.173	 3.173	 1.919	 1.594	 2.236	 3.098	 3.169	 2.981	 3.797	 3.869	 | 3.869 max

train losses    166:	0.1613	0.1488	0.2829	0.2777	0.1999	0.1953	0.2265	0.2169	0.2848	0.2876	 0.482	0.4679	
val losses      166:	0.2066	0.1724	0.3144	 0.289	0.3224	0.2902	0.3521	0.3434	0.7845	 0.778	 1.026	 1.016	 | 0.4912 mean
                     	0.5659	0.4504	0.7854	0.7483	0.8253	0.7813	0.8801	0.8761	 1.884	 1.895	 2.557	 2.515	 | 1.629 quantile
                      	 2.244	 1.284	 2.134	 3.144	 1.956	  1.58	  2.19	 3.092	 3.194	 2.945	 3.644	 3.928	 | 3.928 max

train losses    168:	0.1607	0.1477	0.2823	 0.277	0.1982	0.1966	0.2273	0.2184	0.2815	0.2804	0.3357	 0.331	
val losses      168:	0.2039	0.1714	0.3147	0.2904	0.3196	0.2878	 0.354	0.3459	0.7841	0.7765	 1.031	  1.02	 | 0.4916 mean
                     	0.5641	0.4466	0.7838	0.7484	0.8261	0.7761	 0.885	0.8779	 1.879	 1.894	 2.561	 2.541	 | 1.624 quantile
                      	 2.261	 1.244	 2.127	 3.138	 2.002	 1.535	 2.168	 3.102	 3.159	 2.912	 3.695	 4.015	 | 4.015 max

train losses    170:	0.1606	0.1483	0.2812	0.2764	0.1987	0.1969	0.2248	0.2173	0.2861	0.2876	0.1804	0.1744	
val losses      170:	0.2047	 0.173	 0.315	0.2905	0.3221	0.2885	0.3551	0.3462	0.7866	0.7817	 1.053	 1.037	 | 0.4961 mean
                     	0.5638	0.4474	0.7848	0.7503	0.8223	0.7727	0.8841	0.8832	 1.897	 1.923	  2.57	 2.557	 | 1.641 quantile
                      	 2.264	 1.235	 2.145	 3.164	 1.923	 1.572	 2.179	 3.067	 3.231	 2.919	 3.769	 3.873	 | 3.873 max

train losses    172:	0.1606	0.1469	0.2806	0.2759	0.1973	0.1957	0.2276	0.2208	0.2927	0.2889	 0.227	0.2258	
val losses      172:	0.2037	0.1687	0.3142	0.2895	0.3206	0.2872	0.3546	0.3469	 0.796	0.7908	 1.026	 1.014	 | 0.4927 mean
                     	0.5617	0.4381	 0.781	0.7499	0.8188	0.7756	0.8923	0.8805	 1.936	  1.95	 2.538	 2.502	 | 1.632 quantile
                      	 2.257	  1.23	 2.115	 3.145	 1.949	  1.52	 2.187	 3.067	 3.162	 3.033	 3.639	 3.945	 | 3.945 max

train losses    174:	0.1608	0.1475	0.2803	0.2756	0.1965	0.1944	0.2352	0.2278	 0.306	0.3044	0.2214	0.2132	
val losses      174:	 0.203	0.1713	0.3149	0.2901	0.3216	0.2871	0.3576	0.3489	0.7951	0.7908	  1.03	 1.016	 | 0.4939 mean
                     	0.5606	0.4444	0.7821	0.7518	0.8225	0.7722	0.8992	0.8852	 1.936	 1.955	 2.533	 2.509	 | 1.629 quantile
                      	  2.26	 1.224	 2.125	 3.165	 1.938	 1.539	 2.215	 3.062	 3.182	 3.043	 3.709	 3.795	 | 3.795 max

train losses    176:	0.1608	0.1479	0.2793	0.2745	0.1967	0.1919	0.2321	0.2249	0.3276	0.3251	0.1864	0.1859	
val losses      176:	0.2035	0.1715	0.3148	0.2892	0.3226	0.2878	0.3561	0.3472	0.7997	0.7978	  1.03	 1.016	 | 0.4947 mean
                     	0.5598	0.4473	0.7838	0.7498	0.8223	0.7735	 0.896	0.8851	 1.948	 1.978	  2.53	 2.516	 | 1.638 quantile
                      	 2.229	  1.24	 2.106	 3.157	 1.931	  1.53	 2.246	 3.086	 3.132	 3.082	 3.638	 3.825	 | 3.825 max

train losses    178:	 0.161	0.1475	0.2781	0.2727	0.1972	0.1918	0.2193	  0.21	0.3499	0.3473	0.1697	0.1693	
val losses      178:	 0.202	0.1694	0.3132	0.2879	0.3224	 0.287	0.3529	0.3431	0.8051	0.8063	 1.026	 1.013	 | 0.494 mean
                     	0.5582	0.4448	0.7814	0.7507	0.8235	0.7667	0.8863	0.8786	 1.974	 1.994	 2.517	  2.51	 | 1.645 quantile
                      	  2.21	  1.25	 2.068	  3.14	 1.952	 1.502	 2.216	 3.079	 3.162	 3.133	  3.65	 3.808	 | 3.808 max

train losses    180:	0.1596	0.1482	0.2767	0.2705	0.1981	 0.193	0.2049	0.1928	0.3694	0.3699	0.1604	  0.16	
val losses      180:	 0.202	0.1698	0.3124	0.2872	0.3221	0.2836	0.3541	0.3441	 0.806	0.8107	 1.036	 1.021	 | 0.4957 mean
                     	0.5579	0.4466	0.7812	0.7492	0.8242	0.7631	0.8952	0.8794	 1.973	 2.009	 2.528	  2.51	 | 1.656 quantile
                      	 2.202	 1.243	 2.043	 3.128	  1.93	 1.507	 2.218	 3.079	 3.187	 3.226	 3.726	 3.846	 | 3.846 max

train losses    182:	0.1573	 0.148	0.2771	0.2704	0.1971	0.1931	0.2143	0.2064	0.3667	0.3702	0.1666	0.1655	
val losses      182:	0.2015	0.1668	0.3129	0.2875	0.3248	 0.283	0.3674	 0.359	0.8122	0.8212	 1.027	 1.013	 | 0.4981 mean
                     	0.5563	0.4419	0.7845	0.7497	0.8338	0.7576	0.9305	0.9001	 1.997	 2.031	 2.514	 2.511	 | 1.659 quantile
                      	 2.195	 1.227	 2.075	 3.093	  1.94	 1.497	 2.213	 3.089	 3.182	 3.384	 3.683	 3.807	 | 3.807 max

train losses    184:	0.1554	0.1459	0.2787	0.2726	0.1991	0.1931	0.2497	0.2508	 0.338	0.3433	 0.159	0.1541	
val losses      184:	0.2005	0.1656	0.3143	0.2877	0.3281	0.2848	0.3794	0.3722	0.8039	0.8081	 1.039	 1.023	 | 0.5006 mean
                     	0.5524	0.4366	0.7951	 0.748	 0.842	0.7639	0.9496	0.9247	 1.962	 2.002	 2.541	 2.523	 | 1.656 quantile
                      	 2.203	  1.21	 2.087	 3.098	 1.943	 1.534	 2.173	 3.074	 3.162	 3.318	 3.711	 3.839	 | 3.839 max

train losses    186:	0.1548	0.1432	0.2795	0.2736	0.2065	0.1973	0.2721	0.2768	 0.307	0.3095	0.1759	0.1725	
val losses      186:	0.1995	 0.164	0.3137	0.2863	0.3221	0.2812	0.3712	0.3606	0.7966	0.7989	 1.028	 1.015	 | 0.4948 mean
                     	 0.551	0.4326	0.7903	 0.743	0.8292	0.7562	0.9244	0.9111	 1.927	 1.971	 2.527	 2.509	 | 1.634 quantile
                      	 2.239	 1.182	 2.064	  3.08	 1.917	 1.513	 2.102	 3.036	 3.148	 3.212	 3.633	 3.808	 | 3.808 max

train losses    188:	0.1549	0.1413	0.2759	0.2702	0.2033	 0.198	0.2458	0.2493	0.2881	0.2901	0.1769	0.1697	
val losses      188:	0.1993	0.1633	0.3116	 0.286	0.3209	0.2812	0.3495	0.3415	0.7895	0.7879	 1.038	 1.024	 | 0.4911 mean
                     	0.5509	0.4296	0.7811	 0.743	0.8181	0.7543	 0.874	0.8659	 1.911	 1.926	  2.55	 2.533	 | 1.626 quantile
                      	 2.276	 1.197	 2.067	 3.108	 1.892	 1.516	 2.113	 3.072	 3.129	 3.059	 3.619	 3.811	 | 3.811 max

train losses    190:	0.1547	0.1414	0.2724	0.2667	 0.197	0.1955	0.2119	0.2086	0.2719	 0.273	0.1936	0.1895	
val losses      190:	0.1992	0.1627	0.3125	0.2877	 0.321	0.2812	0.3523	0.3488	0.7882	0.7866	 1.037	 1.024	 | 0.4917 mean
                     	0.5527	 0.423	0.7772	 0.748	0.8156	0.7522	0.8932	 0.885	  1.92	 1.911	  2.55	 2.529	 | 1.625 quantile
                      	 2.306	 1.178	 2.086	 3.092	  1.87	 1.487	 2.156	 3.049	 3.178	 3.108	 3.658	 3.828	 | 3.828 max

train losses    192:	0.1552	0.1406	0.2714	0.2665	0.2005	0.1977	0.2143	0.2087	0.2581	0.2604	0.2345	0.2268	
val losses      192:	0.1991	0.1627	0.3117	0.2858	0.3167	0.2779	 0.348	0.3391	0.7892	0.7871	 1.039	 1.025	 | 0.4901 mean
                     	0.5526	 0.425	0.7787	0.7455	 0.805	0.7459	0.8803	0.8709	  1.91	 1.913	 2.557	 2.535	 | 1.629 quantile
                      	 2.288	 1.137	 2.046	  3.09	 1.854	  1.45	 2.151	  2.99	 3.203	 3.089	 3.621	 3.885	 | 3.885 max

train losses    194:	0.1534	0.1396	0.2708	0.2652	0.1983	0.1939	0.2151	0.2087	0.2468	 0.248	0.3148	0.3069	
val losses      194:	 0.199	0.1647	 0.312	0.2865	0.3167	 0.277	0.3492	0.3394	0.7886	0.7842	  1.06	 1.041	 | 0.4931 mean
                     	0.5537	0.4266	0.7786	0.7465	 0.809	0.7469	0.8736	0.8847	 1.898	 1.927	 2.557	 2.556	 | 1.652 quantile
                      	 2.266	 1.119	 2.042	 3.095	 1.844	 1.452	 2.235	 2.996	 3.196	 3.067	 3.852	 3.988	 | 3.988 max

train losses    196:	0.1521	 0.139	0.2688	0.2639	0.1928	 0.187	0.2023	0.1917	0.2416	0.2472	0.4504	 0.442	
val losses      196:	 0.199	0.1623	0.3117	0.2846	0.3136	0.2756	0.3522	0.3406	0.7934	0.7947	 1.037	 1.023	 | 0.4907 mean
                     	0.5486	0.4216	0.7812	0.7424	0.8001	0.7446	0.8954	0.8849	 1.923	 1.952	 2.587	 2.547	 | 1.667 quantile
                      	 2.231	 1.137	 2.028	 3.093	 1.888	 1.475	 2.211	 3.021	 3.214	  3.09	 3.784	 4.069	 | 4.069 max

train losses    198:	0.1513	0.1394	0.2702	0.2647	0.1933	0.1903	0.2124	0.2015	0.2401	0.2437	0.5057	 0.487	
val losses      198:	0.1988	0.1637	0.3116	0.2856	 0.313	0.2755	0.3492	0.3408	  0.79	0.7837	 1.039	 1.026	 | 0.4897 mean
                     	0.5516	0.4281	0.7798	0.7465	0.7979	0.7323	0.8735	0.8707	 1.903	 1.937	 2.543	 2.536	 | 1.64 quantile
                      	  2.23	 1.172	 2.013	 3.132	  1.93	 1.423	 2.288	 3.116	 3.186	 3.009	 3.601	 3.769	 | 3.769 max

train losses    200:	0.1512	0.1382	0.2674	0.2625	 0.191	0.1873	0.2041	0.1962	0.2397	0.2435	0.3216	0.3225	
val losses      200:	0.1997	0.1664	 0.313	0.2855	0.3159	0.2777	0.3542	0.3465	0.7926	0.7883	 1.065	 1.048	 | 0.4961 mean
                     	0.5518	0.4328	0.7818	0.7437	0.7994	0.7321	0.8904	0.8921	 1.921	 1.952	 2.592	 2.549	 | 1.663 quantile
                      	 2.231	 1.186	 2.057	 3.122	 1.873	 1.464	 2.302	 3.075	 3.314	 3.011	 3.751	 3.898	 | 3.898 max

train losses    202:	0.1499	0.1369	 0.267	0.2621	0.1897	0.1837	0.2137	0.2102	0.2374	0.2366	0.2277	0.2306	
val losses      202:	0.1987	0.1616	0.3127	0.2872	0.3207	0.2814	0.3614	0.3597	 0.796	0.7925	 1.028	 1.016	 | 0.493 mean
                     	0.5494	0.4236	0.7762	0.7475	0.8097	0.7351	0.9147	0.9125	 1.917	 1.967	  2.53	 2.496	 | 1.64 quantile
                      	  2.25	 1.127	 2.029	 3.166	 1.934	 1.439	 2.307	 3.175	  3.26	 2.962	 3.636	 3.892	 | 3.892 max

train losses    204:	0.1499	0.1371	 0.267	0.2625	0.1936	0.1839	 0.229	0.2261	0.2388	0.2386	0.2517	0.2452	
val losses      204:	0.1992	0.1665	 0.313	0.2872	 0.319	0.2777	0.3626	0.3566	0.7997	0.7967	 1.039	 1.025	 | 0.4952 mean
                     	0.5486	0.4284	0.7782	0.7446	0.8089	0.7367	0.9202	0.9017	 1.931	 1.989	 2.538	  2.51	 | 1.651 quantile
                      	 2.213	 1.154	 2.036	 3.177	 1.858	 1.489	 2.289	 3.089	 3.274	 3.062	 3.664	 3.808	 | 3.808 max

train losses    206:	0.1498	0.1372	0.2664	 0.262	0.1927	0.1836	0.2313	 0.228	0.2426	0.2427	0.2203	0.2219	
val losses      206:	0.1994	0.1647	0.3134	 0.287	0.3186	0.2758	0.3616	0.3551	0.8024	0.7989	 1.035	  1.02	 | 0.4943 mean
                     	0.5453	0.4277	 0.775	0.7445	0.8071	0.7313	0.9262	0.9037	 1.959	 2.012	 2.544	 2.506	 | 1.647 quantile
                      	  2.19	 1.143	 2.014	  3.14	 1.842	 1.479	 2.325	 3.092	 3.216	 3.043	 3.559	 3.769	 | 3.769 max

train losses    208:	0.1489	0.1357	 0.265	0.2603	0.1911	0.1818	0.2251	0.2203	 0.246	 0.244	0.1817	0.1821	
val losses      208:	0.1997	0.1656	0.3124	0.2853	0.3161	0.2729	0.3522	0.3429	 0.799	0.7926	 1.032	 1.017	 | 0.4906 mean
                     	 0.546	0.4287	0.7737	0.7427	0.8035	0.7324	0.8886	0.8797	 1.941	 1.985	 2.538	 2.511	 | 1.636 quantile
                      	 2.173	 1.113	 1.996	 3.157	 1.795	 1.479	 2.313	 3.077	 3.179	 3.031	 3.538	 3.793	 | 3.793 max

train losses    210:	0.1482	0.1363	0.2636	0.2588	 0.186	  0.18	0.2152	0.2096	0.2577	0.2565	0.1433	0.1417	
val losses      210:	0.2006	0.1678	0.3112	0.2844	0.3168	 0.275	 0.347	0.3366	0.8031	0.8013	 1.036	 1.021	 | 0.4917 mean
                     	0.5453	0.4316	0.7736	0.7376	0.8097	0.7296	0.8768	0.8723	 1.969	 2.013	 2.542	 2.515	 | 1.647 quantile
                      	 2.163	 1.115	 2.014	 3.116	 1.794	 1.467	 2.203	 2.982	 3.243	  3.11	 3.533	 3.792	 | 3.792 max

train losses    212:	0.1494	 0.137	0.2639	0.2585	0.1889	0.1887	0.2231	0.2173	0.2804	0.2794	0.1362	0.1352	
val losses      212:	0.2021	0.1678	0.3107	0.2842	 0.316	0.2751	0.3473	0.3377	0.8088	0.8063	 1.029	 1.016	 | 0.4917 mean
                     	0.5447	0.4346	0.7711	0.7401	0.8101	0.7357	0.8794	0.8795	 1.982	 2.022	 2.529	 2.507	 | 1.647 quantile
                      	 2.136	 1.128	 2.048	 3.134	 1.792	  1.49	 2.226	 2.977	 3.196	 3.108	 3.589	 3.869	 | 3.869 max

train losses    214:	0.1532	0.1408	0.2646	 0.259	0.2061	0.2156	0.2324	0.2275	0.3144	0.3144	0.1357	 0.134	
val losses      214:	0.2008	0.1669	0.3098	0.2838	0.3147	0.2755	0.3499	 0.342	0.8211	0.8211	 1.034	 1.019	 | 0.4949 mean
                     	0.5464	0.4368	0.7689	0.7388	0.8014	0.7467	0.8934	0.8851	 2.038	 2.055	  2.54	 2.516	 | 1.663 quantile
                      	 2.129	 1.161	 2.061	 3.126	 1.873	 1.482	 2.229	 2.955	 3.272	 3.165	 3.497	  3.76	 | 3.76 max

train losses    216:	 0.161	 0.144	0.2639	0.2592	0.2163	0.2252	0.2194	0.2123	0.3179	0.3144	0.1556	0.1553	
val losses      216:	0.1985	0.1661	0.3102	0.2834	0.3223	0.2937	0.3621	0.3565	0.8226	0.8236	  1.03	 1.016	 | 0.4988 mean
                     	0.5496	 0.437	0.7738	0.7322	0.8094	0.7843	0.9216	0.9048	 2.041	 2.073	 2.519	 2.507	 | 1.665 quantile
                      	 2.148	  1.19	 2.084	 3.091	 2.047	 1.477	 2.231	 2.962	 3.254	 3.212	 3.608	  3.84	 | 3.84 max

train losses    218:	0.1602	0.1428	0.2629	0.2592	0.1901	0.1913	 0.218	0.2158	0.2844	0.2822	0.1744	0.1812	
val losses      218:	0.1992	0.1652	0.3115	0.2851	  0.32	0.2952	0.3718	0.3686	0.8084	0.8061	 1.036	 1.022	 | 0.4991 mean
                     	0.5522	 0.436	0.7802	0.7386	0.8073	0.7777	0.9385	0.9214	 1.992	 2.008	  2.55	 2.524	 | 1.654 quantile
                      	 2.149	 1.216	 2.081	 3.004	 1.982	 1.547	 2.165	 2.944	  3.11	 3.014	 3.633	 3.861	 | 3.861 max

train losses    220:	0.1519	0.1444	0.2635	0.2571	0.1939	0.1951	 0.242	0.2429	0.2682	0.2659	0.2051	0.2001	
val losses      220:	0.1998	0.1667	 0.311	0.2842	0.3213	0.2756	0.3578	0.3524	0.8046	0.8029	 1.033	 1.019	 | 0.494 mean
                     	0.5478	 0.437	 0.776	0.7363	 0.823	0.7325	0.8921	0.8945	 1.982	 2.007	 2.527	  2.52	 | 1.651 quantile
                      	 2.144	 1.228	  2.06	 2.991	 1.933	 1.578	 2.171	  2.98	 3.099	  3.12	 3.599	 3.858	 | 3.858 max

train losses    222:	0.1482	0.1422	0.2607	 0.255	0.2008	0.1957	0.2154	0.2145	0.2906	0.3024	0.2547	0.2333	
val losses      222:	0.2025	0.1646	0.3105	0.2821	0.3226	0.2816	0.3477	0.3384	0.8139	0.8116	 1.032	 1.017	 | 0.4937 mean
                     	0.5518	0.4324	0.7673	0.7368	0.8269	0.7379	0.8755	0.8679	 2.012	 2.018	 2.544	 2.517	 | 1.667 quantile
                      	 2.139	 1.224	 2.017	 3.065	 1.906	 1.562	 2.249	  3.04	 3.294	 3.169	 3.629	  3.91	 | 3.91 max

train losses    224:	0.1474	0.1378	0.2573	0.2542	0.1878	0.1805	0.2014	0.2031	0.3279	0.3368	0.2975	0.3027	
val losses      224:	0.2019	 0.164	0.3112	0.2872	 0.316	0.2742	0.3484	0.3385	0.8188	0.8188	 1.041	 1.021	 | 0.495 mean
                     	0.5521	 0.432	 0.773	0.7468	 0.812	0.7235	0.8708	0.8694	 2.026	 2.039	 2.521	 2.504	 | 1.668 quantile
                      	 2.148	  1.23	 2.003	 3.196	 1.855	 1.572	 2.207	 2.998	 3.353	 3.169	 3.686	 3.814	 | 3.814 max

train losses    226:	0.1475	0.1365	0.2552	0.2502	 0.189	 0.182	0.1785	0.1745	0.3735	0.3759	0.3327	0.3208	
val losses      226:	0.1975	0.1606	0.3109	 0.287	 0.319	0.2734	0.3463	0.3364	0.8258	0.8341	 1.023	  1.01	 | 0.4937 mean
                     	0.5439	0.4248	0.7668	0.7404	 0.811	0.7161	0.8732	0.8693	 2.066	 2.084	 2.521	 2.493	 | 1.675 quantile
                      	 2.165	 1.226	 2.018	 3.178	 1.935	 1.494	  2.18	 2.999	 3.315	 3.262	 3.522	 3.769	 | 3.769 max

train losses    228:	0.1458	0.1359	0.2541	0.2488	 0.192	0.1835	0.1765	0.1751	0.3844	0.3908	0.2971	0.2906	
val losses      228:	0.1958	0.1603	0.3125	0.2846	0.3203	0.2736	0.3491	0.3394	0.8237	0.8371	 1.022	  1.01	 | 0.494 mean
                     	0.5424	0.4217	0.7743	0.7425	0.8083	0.7144	 0.874	0.8786	 2.038	 2.077	 2.509	 2.495	 | 1.663 quantile
                      	 2.198	 1.178	 2.001	 3.112	 1.967	  1.41	 2.222	 2.982	 3.144	 3.462	 3.535	 3.677	 | 3.677 max

train losses    230:	0.1447	0.1358	0.2563	0.2495	0.1975	0.1895	0.1879	0.1832	 0.351	0.3507	0.2114	0.2133	
val losses      230:	0.1966	 0.159	0.3119	0.2836	0.3173	0.2728	0.3484	0.3393	0.8224	0.8299	 1.033	 1.021	 | 0.4946 mean
                     	0.5426	0.4175	0.7706	0.7374	0.8076	0.7147	0.8869	0.8818	 2.051	 2.061	 2.539	 2.533	 | 1.674 quantile
                      	 2.219	 1.164	 2.023	 3.084	 1.906	 1.378	 2.237	 3.001	 3.134	 3.583	 3.556	 3.712	 | 3.712 max

train losses    232:	0.1439	 0.137	0.2598	0.2497	0.2085	0.1988	0.2058	0.1986	0.2942	   0.3	0.1652	0.1623	
val losses      232:	0.1963	0.1568	0.3117	0.2844	0.3157	0.2687	0.3501	 0.344	0.8042	0.8161	 1.021	 1.011	 | 0.49 mean
                     	0.5426	0.4138	0.7672	0.7423	0.8091	0.7139	0.8845	0.8773	 2.006	 1.991	 2.542	  2.52	 | 1.648 quantile
                      	  2.23	 1.088	 2.053	  3.12	  1.93	 1.395	 2.268	 3.062	  3.14	 3.524	 3.606	 3.857	 | 3.857 max

train losses    234:	0.1437	0.1371	0.2597	0.2498	   0.2	0.1894	0.2203	0.2154	0.2606	0.2631	0.1449	0.1431	
val losses      234:	0.1955	0.1572	0.3113	0.2845	0.3137	0.2691	0.3487	0.3435	0.7921	0.7972	 1.042	 1.027	 | 0.4901 mean
                     	0.5392	0.4136	0.7752	0.7439	0.8057	0.7208	0.8901	0.8874	 1.971	 1.948	 2.553	 2.554	 | 1.635 quantile
                      	 2.191	 1.072	 2.096	 3.146	 1.877	 1.455	 2.285	 3.075	 3.162	 3.305	 3.585	 3.744	 | 3.744 max

train losses    236:	0.1416	 0.135	0.2558	0.2483	0.1873	0.1786	0.2108	0.2069	0.2475	0.2478	0.1408	0.1368	
val losses      236:	 0.195	0.1578	0.3114	0.2836	0.3133	0.2684	0.3451	0.3382	0.7942	0.7962	 1.033	 1.019	 | 0.488 mean
                     	0.5348	0.4136	0.7774	0.7388	0.7962	0.7209	0.8764	0.8797	 1.942	 1.964	 2.563	 2.537	 | 1.634 quantile
                      	 2.228	 1.074	 2.129	  3.12	 1.883	 1.422	 2.282	  3.09	   3.1	   3.2	 3.669	 3.871	 | 3.871 max

train losses    238:	0.1429	0.1347	0.2519	0.2453	0.1928	0.1905	0.1878	0.1823	 0.243	0.2402	0.1381	0.1341	
val losses      238:	0.1958	0.1585	0.3115	0.2829	0.3152	0.2696	0.3452	0.3353	 0.796	0.7964	 1.039	 1.023	 | 0.489 mean
                     	0.5344	 0.415	0.7795	0.7345	0.7995	0.7147	0.8789	0.8782	 1.943	 1.972	 2.551	 2.552	 | 1.64 quantile
                      	 2.236	 1.044	 2.129	  3.07	 1.829	 1.386	 2.269	 3.031	 3.154	 3.115	 3.643	 3.795	 | 3.795 max

train losses    240:	0.1467	0.1334	0.2482	0.2424	 0.197	0.1958	0.1727	0.1669	0.2311	0.2317	0.1312	0.1311	
val losses      240:	0.1974	0.1584	0.3115	0.2826	0.3144	0.2703	0.3494	0.3371	0.8013	 0.803	 1.029	 1.017	 | 0.4893 mean
                     	0.5393	0.4135	0.7819	0.7351	0.7929	0.7145	0.8933	0.8833	 1.957	 1.998	  2.55	 2.529	 | 1.644 quantile
                      	 2.207	 1.061	  2.11	 3.067	 1.825	 1.404	 2.274	 3.013	 3.181	 3.113	 3.648	 3.881	 | 3.881 max

train losses    242:	0.1471	0.1304	 0.246	0.2406	0.1862	0.1798	0.1678	0.1621	0.2206	0.2204	0.1375	0.1285	
val losses      242:	0.1975	0.1615	0.3104	0.2834	0.3131	0.2701	 0.347	0.3359	0.8025	   0.8	 1.045	 1.028	 | 0.4912 mean
                     	0.5406	0.4226	0.7684	0.7376	0.7954	0.7085	 0.878	0.8764	 1.953	 1.992	 2.537	 2.542	 | 1.653 quantile
                      	  2.19	 1.096	 2.064	  3.11	 1.816	 1.461	 2.323	 3.049	 3.194	 3.061	 3.615	 3.786	 | 3.786 max

train losses    244:	0.1447	0.1291	0.2442	0.2383	0.1813	0.1733	0.1621	0.1539	0.2175	 0.215	0.1354	0.1342	
val losses      244:	0.1988	0.1626	 0.311	0.2829	0.3109	0.2675	0.3478	0.3361	0.8029	0.8047	 1.029	 1.016	 | 0.4892 mean
                     	0.5418	0.4239	0.7734	0.7341	0.7918	0.7024	0.8809	0.8797	 1.954	  2.01	 2.572	  2.52	 | 1.661 quantile
                      	  2.17	 1.116	 2.062	 3.097	 1.785	 1.474	 2.339	 3.056	 3.162	 3.117	 3.707	 3.944	 | 3.944 max

train losses    246:	0.1389	0.1293	0.2425	0.2369	0.1805	0.1719	0.1583	0.1502	0.2145	 0.213	0.1548	 0.154	
val losses      246:	0.1953	0.1655	0.3116	0.2833	0.3095	0.2631	0.3476	0.3367	0.8027	0.7978	 1.068	 1.047	 | 0.4939 mean
                     	0.5351	 0.433	0.7708	0.7334	0.7909	0.6907	0.8813	0.8774	 1.959	 1.993	  2.54	 2.536	 | 1.689 quantile
                      	 2.194	 1.119	 2.021	 3.097	 1.748	 1.413	 2.353	 3.049	 3.147	 3.058	 3.714	 3.884	 | 3.884 max

train losses    248:	 0.137	0.1264	0.2414	0.2366	0.1768	0.1697	0.1582	0.1501	0.2127	  0.21	0.2234	0.2127	
val losses      248:	0.1943	0.1565	0.3115	0.2826	 0.307	0.2613	0.3472	0.3363	0.8013	0.8037	 1.031	 1.016	 | 0.4874 mean
                     	0.5366	0.4092	0.7767	0.7313	0.7807	0.6871	0.8826	0.8736	 1.948	 2.006	 2.602	 2.538	 | 1.678 quantile
                      	   2.2	 1.096	 2.061	 3.054	 1.836	 1.342	 2.365	 3.067	 3.153	 3.146	 3.825	 3.985	 | 3.985 max

train losses    250:	0.1364	0.1269	0.2397	0.2357	0.1745	0.1674	0.1605	0.1522	 0.211	0.2165	0.3274	0.3254	
val losses      250:	0.1934	 0.161	0.3111	 0.283	 0.305	0.2594	0.3481	0.3382	 0.802	0.7971	 1.093	 1.073	 | 0.4971 mean
                     	0.5289	0.4219	0.7715	0.7355	0.7793	0.6793	0.8819	0.8791	  1.95	 1.981	 2.575	 2.533	 | 1.72 quantile
                      	 2.214	 1.112	  2.03	 3.094	 1.779	  1.33	 2.337	 3.053	 3.159	 3.041	 3.808	 3.948	 | 3.948 max

train losses    252:	0.1371	0.1259	0.2394	0.2347	0.1764	0.1668	0.1624	0.1554	0.2121	0.2143	0.3366	0.3251	
val losses      252:	0.1949	0.1552	0.3112	 0.282	 0.308	0.2599	0.3471	0.3384	0.8013	0.8048	 1.021	 1.009	 | 0.4861 mean
                     	0.5373	0.4051	0.7737	0.7331	0.7803	0.6794	0.8848	0.8774	 1.937	 2.017	 2.581	 2.534	 | 1.671 quantile
                      	 2.181	 1.105	 2.073	 3.115	 1.862	 1.352	 2.323	 3.068	 3.158	 3.165	 3.798	 3.926	 | 3.926 max

train losses    254:	0.1372	0.1271	0.2378	0.2329	0.1749	0.1646	0.1668	0.1601	0.2131	0.2129	0.1842	0.1864	
val losses      254:	0.1947	0.1588	0.3116	0.2852	0.3045	0.2593	0.3499	0.3414	0.7998	0.7965	 1.058	  1.04	 | 0.4916 mean
                     	0.5357	0.4152	 0.771	  0.74	0.7763	0.6808	0.8938	0.8843	 1.947	 1.986	 2.558	 2.556	 | 1.661 quantile
                      	   2.2	 1.096	 2.051	 3.159	 1.767	 1.374	 2.352	 3.112	  3.21	 3.036	 3.708	 3.873	 | 3.873 max

train losses    256:	0.1378	 0.126	 0.237	0.2318	0.1724	0.1636	0.1679	0.1611	0.2119	0.2121	0.1627	0.1618	
val losses      256:	0.1951	 0.158	0.3117	0.2841	0.3069	0.2584	0.3486	0.3401	0.8064	0.8047	  1.03	 1.016	 | 0.4884 mean
                     	0.5334	0.4136	0.7734	0.7356	0.7829	0.6779	0.8906	0.8916	 1.954	 2.024	 2.532	 2.511	 | 1.645 quantile
                      	 2.229	 1.069	 2.052	 3.121	 1.761	 1.397	 2.296	 3.041	 3.185	 3.092	 3.625	 3.792	 | 3.792 max

train losses    258:	0.1365	0.1252	0.2361	0.2309	0.1716	0.1625	0.1741	0.1697	0.2144	0.2122	0.1866	 0.185	
val losses      258:	0.1936	0.1564	0.3122	0.2854	0.3059	0.2584	0.3533	0.3453	0.8016	0.7987	 1.023	  1.01	 | 0.4869 mean
                     	0.5347	0.4092	0.7709	0.7406	0.7776	 0.681	0.8991	 0.889	 1.953	 1.995	 2.543	 2.512	 | 1.643 quantile
                      	  2.21	 1.065	 2.061	 3.142	 1.747	 1.357	 2.407	  3.13	 3.145	 3.054	  3.59	 3.837	 | 3.837 max

train losses    260:	0.1357	0.1273	0.2353	0.2303	0.1702	 0.161	0.1787	0.1742	0.2191	0.2183	 0.166	 0.163	
val losses      260:	0.1946	0.1608	0.3131	0.2852	0.3047	0.2564	 0.351	0.3414	0.8049	 0.803	 1.039	 1.023	 | 0.4898 mean
                     	0.5319	0.4178	0.7722	0.7383	0.7749	0.6774	0.8979	0.8883	 1.968	 2.017	 2.526	 2.518	 | 1.652 quantile
                      	 2.198	 1.079	 2.038	 3.073	 1.739	 1.378	 2.317	 3.003	 3.153	 3.078	 3.628	 3.796	 | 3.796 max

train losses    262:	0.1357	0.1271	0.2371	0.2304	0.1695	  0.16	0.1915	0.1887	0.2275	 0.226	0.1587	0.1583	
val losses      262:	0.1948	0.1571	0.3132	0.2867	0.3054	0.2567	0.3589	0.3511	 0.807	0.8057	 1.024	 1.011	 | 0.4893 mean
                     	0.5297	0.4103	0.7763	0.7392	 0.775	0.6728	0.9164	0.9058	 1.983	  2.02	 2.541	 2.506	 | 1.644 quantile
                      	 2.184	 1.074	 2.054	 3.202	 1.752	  1.33	 2.451	 3.181	 3.113	 3.079	 3.577	 3.836	 | 3.836 max

train losses    264:	0.1358	0.1321	0.2346	0.2292	0.1681	0.1596	0.1882	0.1888	0.2449	0.2435	0.1441	0.1414	
val losses      264:	0.1962	0.1656	0.3124	0.2853	 0.305	0.2562	0.3494	0.3391	0.8079	0.8042	 1.032	 1.017	 | 0.4893 mean
                     	0.5285	0.4293	0.7725	0.7351	0.7803	0.6733	0.8972	0.8963	 2.002	 2.009	 2.543	 2.531	 | 1.642 quantile
                      	 2.156	 1.113	  2.03	 3.059	 1.737	  1.37	 2.242	 2.896	  3.15	 3.021	  3.59	 3.772	 | 3.772 max

train losses    266:	0.1363	0.1309	 0.239	0.2295	0.1675	  0.16	0.1964	0.1885	0.2683	0.2666	0.1507	0.1513	
val losses      266:	0.1954	0.1581	0.3125	0.2863	0.3049	0.2563	0.3573	0.3486	0.8172	0.8185	  1.03	 1.015	 | 0.4916 mean
                     	0.5288	0.4141	0.7719	0.7355	0.7765	 0.672	0.9202	0.9061	 2.033	 2.046	 2.546	 2.521	 | 1.655 quantile
                      	 2.146	 1.095	 2.051	 3.221	 1.794	 1.331	 2.418	 3.172	  3.16	 3.143	  3.58	 3.837	 | 3.837 max

train losses    268:	0.1387	0.1372	0.2325	0.2252	0.1682	0.1611	0.1724	 0.169	0.2969	0.2979	 0.152	0.1501	
val losses      268:	 0.197	0.1649	0.3111	0.2844	0.3072	0.2581	0.3464	0.3381	0.8179	0.8164	 1.034	 1.018	 | 0.4912 mean
                     	0.5302	0.4292	0.7713	0.7321	0.7863	0.6785	0.8837	0.8875	  2.05	 2.026	 2.558	 2.534	 | 1.656 quantile
                      	 2.133	 1.125	 2.035	 3.119	  1.75	 1.379	 2.258	 2.914	 3.263	 3.065	 3.599	 3.819	 | 3.819 max

train losses    270:	0.1377	0.1362	0.2348	0.2241	 0.172	0.1653	0.1729	0.1627	0.3156	0.3172	0.1519	0.1514	
val losses      270:	0.1934	0.1588	0.3102	0.2829	0.3057	0.2568	0.3495	0.3431	0.8204	0.8259	 1.038	 1.021	 | 0.4922 mean
                     	0.5259	 0.415	0.7722	0.7318	0.7776	0.6742	0.8885	0.8987	 2.033	 2.056	  2.56	 2.539	 | 1.669 quantile
                      	  2.14	 1.112	 2.075	 3.152	 1.845	 1.335	 2.307	 2.986	 3.138	 3.227	 3.695	 3.868	 | 3.868 max

train losses    272:	0.1382	0.1374	0.2348	0.2273	0.1722	0.1646	0.1896	0.1891	0.3113	0.3161	0.1492	0.1489	
val losses      272:	 0.192	0.1579	0.3123	0.2831	0.3071	0.2571	0.3695	0.3711	0.8192	0.8263	 1.037	 1.022	 | 0.4962 mean
                     	0.5243	0.4123	0.7791	0.7335	  0.78	0.6716	 0.934	0.9586	  2.03	 2.054	 2.567	 2.549	 | 1.669 quantile
                      	 2.141	 1.101	 2.111	 3.066	 1.849	  1.31	 2.224	 2.871	 3.126	 3.251	 3.627	 3.816	 | 3.816 max

train losses    274:	0.1346	0.1358	0.2367	0.2298	 0.169	0.1644	0.2185	0.2244	0.2863	0.2893	0.1622	0.1591	
val losses      274:	0.1899	0.1559	 0.315	0.2854	0.3095	0.2618	0.3807	0.3836	0.8172	0.8275	 1.041	 1.027	 | 0.4996 mean
                     	0.5206	0.4123	0.7911	0.7374	0.7765	0.6762	0.9555	0.9706	 2.015	 2.078	 2.553	 2.543	 | 1.67 quantile
                      	 2.137	 1.092	 2.122	 3.014	 1.891	 1.308	 2.212	 2.857	 3.057	 3.334	 3.723	  3.92	 | 3.92 max

train losses    276:	0.1325	 0.133	0.2436	0.2402	0.1755	0.1853	 0.247	0.2546	0.2383	0.2383	0.1943	0.1924	
val losses      276:	0.1894	0.1539	0.3167	0.2866	0.3104	0.2644	0.3788	0.3765	0.8067	0.8122	  1.03	 1.017	 | 0.4952 mean
                     	0.5205	0.4076	0.8037	0.7391	0.7792	0.6796	 0.945	0.9484	 1.985	 2.021	 2.547	 2.526	 | 1.653 quantile
                      	 2.145	 1.055	 2.131	 2.958	 1.844	 1.314	 2.165	  2.85	 3.025	 3.154	 3.584	 3.776	 | 3.776 max

train losses    278:	0.1337	0.1336	0.2397	0.2384	0.1959	0.2193	0.2397	0.2502	0.2113	0.2124	0.2069	0.2157	
val losses      278:	0.1896	0.1548	0.3097	0.2808	0.3149	0.2655	0.3462	0.3402	0.8099	0.8143	 1.037	 1.021	 | 0.4903 mean
                     	0.5206	0.4067	0.7764	0.7272	0.8042	0.6956	0.8617	0.8851	 1.966	 2.023	 2.514	 2.504	 | 1.661 quantile
                      	 2.161	 1.082	 2.035	 2.947	 1.874	 1.391	 2.207	 2.888	 3.144	 3.201	 3.651	 3.816	 | 3.816 max

train losses    280:	0.1318	0.1337	0.2319	 0.231	0.2011	0.2206	0.2064	0.2127	0.2045	0.2029	 0.196	0.1852	
val losses      280:	0.1921	0.1533	0.3108	0.2832	0.3127	0.2631	0.3596	0.3563	0.8052	0.8081	 1.024	 1.011	 | 0.49 mean
                     	 0.527	0.4031	0.7733	0.7291	0.7938	0.6934	0.9253	0.9009	  1.95	 2.009	 2.536	 2.508	 | 1.639 quantile
                      	   2.2	 1.096	 2.026	 3.003	 1.864	 1.495	 2.256	 2.979	 3.159	 3.067	 3.586	 3.796	 | 3.796 max

train losses    282:	0.1313	0.1447	0.2358	0.2261	0.1815	0.1792	0.2019	 0.198	 0.199	0.2016	 0.194	0.1974	
val losses      282:	0.1926	0.1532	0.3102	0.2833	0.3094	0.2606	0.3541	0.3473	 0.804	0.7998	 1.052	 1.036	 | 0.4919 mean
                     	 0.527	0.4016	0.7763	0.7274	0.7839	0.6925	0.9181	0.8914	 1.932	 1.995	 2.493	 2.494	 | 1.667 quantile
                      	 2.212	 1.064	 2.022	  3.05	  1.82	 1.497	 2.256	 2.996	 3.108	  3.09	 3.711	  3.76	 | 3.76 max

train losses    284:	0.1327	 0.142	0.2268	0.2197	0.1687	0.1621	0.1813	0.1787	0.1962	0.1942	0.2382	0.2243	
val losses      284:	0.1924	 0.151	 0.312	0.2806	0.3063	0.2568	0.3509	0.3397	0.8041	0.8098	 1.024	 1.012	 | 0.4866 mean
                     	0.5262	 0.394	0.7874	0.7273	0.7739	0.6703	0.8837	0.8964	 1.954	 2.029	 2.593	 2.532	 | 1.666 quantile
                      	 2.161	  1.03	 2.081	 3.026	 1.845	 1.408	 2.159	 2.838	 3.102	 3.146	 3.706	 3.935	 | 3.935 max

train losses    286:	 0.133	0.1474	0.2304	0.2168	0.1653	0.1576	0.1761	 0.165	0.1962	0.1962	0.2348	0.2341	
val losses      286:	0.1923	0.1557	 0.311	0.2839	0.3084	0.2546	0.3525	0.3459	0.8049	0.8029	 1.072	 1.051	 | 0.4946 mean
                     	0.5199	0.4061	0.7757	0.7299	0.7789	0.6568	0.8926	0.8972	 1.964	 1.996	 2.535	  2.51	 | 1.696 quantile
                      	 2.138	 1.026	 2.095	 3.156	 1.846	  1.29	 2.269	 2.958	 3.114	 3.033	 3.782	 3.828	 | 3.828 max

train losses    288:	0.1343	0.1372	0.2213	0.2155	0.1672	0.1641	0.1598	 0.156	0.1962	0.1944	0.2701	0.2522	
val losses      288:	0.1956	 0.152	0.3135	0.2821	0.3053	0.2539	0.3587	0.3483	0.8092	0.8218	 1.047	 1.034	 | 0.4934 mean
                     	0.5286	0.3968	0.7836	0.7247	0.7705	0.6548	0.9185	0.9194	 1.985	 2.073	 2.619	 2.608	 | 1.715 quantile
                      	 2.095	 1.048	 2.124	 3.086	 1.892	 1.301	 2.275	 2.914	 3.109	 3.251	 3.849	 4.091	 | 4.091 max

train losses    290:	 0.137	0.1437	 0.223	0.2134	0.1652	0.1618	 0.166	0.1588	0.1979	0.1996	0.2625	0.2656	
val losses      290:	 0.191	0.1535	0.3118	 0.285	0.3036	0.2527	0.3494	0.3421	0.8038	0.8009	 1.054	 1.037	 | 0.4904 mean
                     	0.5165	0.4012	0.7785	0.7331	 0.771	0.6594	0.8839	0.9006	 1.958	  1.98	 2.547	 2.555	 | 1.653 quantile
                      	 2.117	 1.019	 2.071	 3.184	 1.724	 1.341	 2.329	 3.021	 3.052	 2.948	 3.547	 3.699	 | 3.699 max

train losses    292:	0.1357	0.1349	0.2195	0.2152	0.1688	0.1674	0.1738	0.1754	0.2075	0.1994	0.2507	0.2435	
val losses      292:	0.1956	0.1555	0.3132	0.2833	 0.313	 0.264	 0.353	0.3445	0.8106	0.8144	 1.037	 1.025	 | 0.4924 mean
                     	 0.529	0.4053	0.7821	0.7272	0.7973	0.6886	0.8921	0.9116	 2.008	 2.035	 2.548	 2.522	 | 1.684 quantile
                      	 2.089	 1.041	 2.066	 3.089	 1.852	  1.44	 2.291	  2.93	 3.085	 3.187	 3.694	 3.941	 | 3.941 max

train losses    294:	0.1314	0.1317	0.2174	0.2114	0.1672	0.1702	0.1648	0.1616	0.2006	0.1992	0.2156	0.2185	
val losses      294:	0.1918	0.1514	 0.314	0.2833	0.3053	0.2548	0.3506	0.3422	0.8052	0.8043	 1.053	 1.038	 | 0.4911 mean
                     	0.5205	0.3961	0.7816	0.7278	0.7767	0.6667	0.8854	0.9029	 1.991	 2.006	 2.594	 2.556	 | 1.674 quantile
                      	  2.14	 1.007	 2.078	 3.073	 1.756	 1.379	 2.277	 2.955	 3.079	 3.027	 3.744	 3.975	 | 3.975 max

train losses    296:	0.1312	0.1315	0.2152	0.2097	0.1659	0.1625	0.1555	0.1515	0.2036	0.1993	 0.178	0.1796	
val losses      296:	0.1962	0.1553	0.3128	0.2849	0.3097	0.2584	 0.346	0.3359	0.8055	0.8052	 1.041	 1.024	 | 0.4895 mean
                     	0.5278	0.4028	0.7737	0.7268	0.7822	0.6661	0.8768	0.8892	 1.983	 2.016	  2.55	 2.542	 | 1.654 quantile
                      	 2.133	0.9927	 2.058	 3.077	 1.788	 1.353	 2.318	 2.988	 3.082	 3.051	  3.54	 3.793	 | 3.793 max

train losses    298:	0.1338	0.1321	 0.214	0.2068	0.1657	 0.161	0.1519	0.1458	0.1953	0.1934	0.1397	0.1396	
val losses      298:	0.1981	0.1548	0.3129	0.2858	0.3052	0.2526	0.3456	0.3353	0.8058	0.8086	 1.039	 1.024	 | 0.489 mean
                     	0.5308	 0.402	0.7758	0.7329	0.7806	0.6579	 0.875	0.8839	 1.979	 2.021	 2.579	 2.532	 | 1.664 quantile
                      	  2.11	 1.023	 2.072	  3.14	 1.794	 1.334	 2.339	 3.006	 3.101	 3.071	  3.64	 3.877	 | 3.877 max

