train losses      0:	0.5665	 0.573	 0.335	0.3271	0.7271	0.7576	0.4641	0.4735	 1.592	 1.605	 1.467	 1.456	
val losses        0:	0.8707	 1.962	0.5997	0.6066	 0.746	 0.677	 1.487	 1.593	 2.024	 2.598	 1.897	 1.802	 | 1.405 mean
                     	 2.041	 3.275	 1.391	 1.412	 1.962	 1.892	 2.559	 2.632	 4.902	 5.567	 4.935	 4.978	 | 3.79 quantile
                      	  6.48	 5.882	 3.712	 3.139	 4.407	 4.212	 4.739	 4.963	 7.993	 9.402	 7.828	 7.912	 | 9.402 max

train losses      2:	 0.526	0.5404	0.3339	0.3296	0.7095	0.7427	 0.457	0.4663	 1.568	 1.584	 1.438	 1.442	
val losses        2:	0.5642	0.7249	 0.478	0.5375	0.8768	0.6337	 1.016	0.8049	 1.345	 1.604	   2.0	 1.712	 | 1.025 mean
                     	 1.515	 1.869	 1.209	 1.338	 2.089	 1.819	 2.064	 1.773	  3.88	 4.284	 5.056	 4.911	 | 3.112 quantile
                      	 4.484	 4.474	 3.392	 3.157	 4.876	 4.053	 4.017	 4.029	  6.26	  8.14	 8.047	 8.053	 | 8.14 max

train losses      4:	0.5016	0.5111	0.3367	 0.341	0.6956	0.7238	0.4581	0.4682	 1.532	 1.553	 1.412	 1.427	
val losses        4:	0.4582	0.5477	0.4408	0.4515	0.6806	0.6138	0.5488	0.5059	 1.282	 1.373	 1.715	  1.68	 | 0.8581 mean
                     	 1.289	 1.575	 1.165	 1.198	 1.804	 1.777	 1.513	 1.432	 3.705	 3.822	 4.667	  4.81	 | 2.919 quantile
                      	 3.348	  4.17	 2.981	 3.047	 4.833	 3.826	 3.313	  3.43	 6.493	 7.361	 7.176	 7.993	 | 7.993 max

train losses      6:	0.4757	0.4867	 0.342	0.3572	0.6813	0.7041	0.4582	0.4715	 1.487	 1.514	  1.38	 1.408	
val losses        6:	0.4075	0.5079	0.4412	0.4523	0.5867	0.5903	0.4965	0.4723	 1.239	 1.342	 1.611	 1.656	 | 0.8169 mean
                     	  1.17	  1.45	  1.17	 1.187	 1.688	  1.73	 1.422	 1.384	 3.654	 3.749	 4.521	 4.715	 | 2.811 quantile
                      	 3.064	 4.048	 2.872	 3.117	  4.51	 3.543	 3.054	 3.085	 6.408	  7.14	  7.36	 7.895	 | 7.895 max

train losses      8:	0.4498	0.4639	0.3491	0.3762	0.6666	0.6821	0.4571	0.4751	 1.433	 1.467	 1.341	 1.385	
val losses        8:	0.3945	0.4901	0.4383	0.4472	0.5541	0.5771	0.4855	0.4706	 1.205	 1.311	 1.571	 1.636	 | 0.7984 mean
                     	 1.129	 1.377	 1.169	 1.181	 1.642	 1.691	 1.386	 1.349	 3.606	  3.69	 4.495	  4.68	 | 2.744 quantile
                      	 3.027	 3.691	  2.88	 3.122	 4.286	 3.532	 3.129	 3.028	 6.373	 6.799	 7.537	 7.813	 | 7.813 max

train losses     10:	0.4304	0.4452	0.3571	0.3966	 0.651	0.6566	0.4556	 0.479	  1.37	 1.411	 1.298	 1.358	
val losses       10:	0.3923	0.4837	0.4409	0.4502	0.5417	0.5624	0.4823	 0.471	 1.168	 1.278	 1.543	 1.617	 | 0.786 mean
                     	  1.11	 1.341	  1.18	  1.19	 1.604	 1.646	 1.357	 1.356	 3.529	  3.62	  4.43	 4.643	 | 2.697 quantile
                      	 2.992	 3.549	  2.86	 3.012	 4.189	 3.482	 3.179	 2.996	  6.07	 6.454	 7.403	 7.805	 | 7.805 max

train losses     12:	0.4138	0.4296	0.3639	0.4146	0.6348	0.6282	0.4541	0.4802	 1.297	 1.344	 1.254	 1.329	
val losses       12:	0.3852	0.4763	0.4406	0.4564	0.5326	0.5462	0.4799	0.4684	 1.122	 1.241	 1.514	 1.596	 | 0.7715 mean
                     	 1.085	 1.316	 1.176	 1.213	 1.557	 1.597	 1.342	 1.343	 3.437	 3.519	 4.359	 4.599	 | 2.634 quantile
                      	 2.956	  3.48	 2.829	 2.947	 4.124	 3.377	 3.139	 3.014	 5.699	 6.109	 7.181	 7.729	 | 7.729 max

train losses     14:	0.3994	0.4174	0.3693	0.4303	0.6183	0.5989	0.4518	0.4784	 1.217	 1.271	 1.211	   1.3	
val losses       14:	0.3745	0.4678	0.4403	0.4638	0.5224	 0.528	0.4787	0.4658	  1.07	 1.198	 1.482	 1.572	 | 0.7553 mean
                     	 1.053	 1.298	  1.17	 1.228	 1.505	 1.539	 1.332	 1.339	 3.291	 3.385	 4.255	 4.522	 | 2.55 quantile
                      	 2.927	 3.438	 2.816	 2.861	 4.043	  3.24	 3.079	 3.022	 5.349	 5.933	 7.052	 7.689	 | 7.689 max

train losses     16:	0.3862	0.4065	 0.372	0.4355	0.5994	  0.57	 0.448	0.4723	 1.134	 1.191	 1.169	 1.272	
val losses       16:	0.3627	0.4573	0.4394	 0.467	0.5112	0.5074	0.4775	0.4641	 1.013	 1.146	  1.45	 1.548	 | 0.737 mean
                     	 1.012	 1.265	 1.175	 1.231	 1.445	 1.462	 1.321	 1.334	 3.136	 3.253	 4.156	 4.451	 | 2.473 quantile
                      	 2.881	 3.379	 2.824	 2.843	 3.957	  3.08	 2.993	 3.011	 4.918	 5.647	 6.955	 7.683	 | 7.683 max

train losses     18:	0.3729	0.3949	0.3714	0.4362	0.5762	0.5434	 0.444	0.4641	 1.046	 1.103	  1.13	 1.244	
val losses       18:	0.3502	0.4431	 0.438	0.4701	0.4969	0.4867	0.4757	0.4617	0.9457	 1.083	 1.416	 1.522	 | 0.7158 mean
                     	0.9663	 1.216	 1.174	 1.231	 1.384	  1.38	 1.309	 1.316	 2.922	 3.056	 4.047	  4.37	 | 2.389 quantile
                      	 2.805	 3.293	 2.882	 2.859	 3.824	 2.883	 2.919	 2.988	 4.499	 5.184	 6.806	 7.589	 | 7.589 max

train losses     20:	0.3582	0.3804	0.3672	0.4348	0.5524	 0.519	0.4397	0.4564	0.9597	 1.014	 1.096	 1.218	
val losses       20:	0.3373	0.4252	0.4361	0.4724	0.4802	0.4665	0.4728	0.4589	0.8771	 1.013	  1.38	 1.495	 | 0.6928 mean
                     	0.9248	 1.145	 1.168	 1.237	 1.326	 1.309	   1.3	 1.289	 2.714	 2.845	 3.927	 4.285	 | 2.292 quantile
                      	 2.729	 3.151	 2.925	 2.886	 3.654	 2.756	 2.927	 2.952	 4.217	 4.743	  6.66	 7.484	 | 7.484 max

train losses     22:	0.3433	0.3638	0.3613	0.4301	0.5268	0.4961	 0.435	0.4481	 0.877	0.9252	 1.065	  1.19	
val losses       22:	0.3254	 0.407	0.4341	0.4747	0.4606	0.4467	0.4688	0.4556	0.8101	0.9391	 1.345	 1.467	 | 0.6695 mean
                     	0.8743	 1.073	 1.168	 1.249	 1.263	 1.231	 1.286	 1.271	 2.463	 2.601	 3.806	 4.212	 | 2.186 quantile
                      	 2.588	 3.035	 2.934	 2.908	 3.546	 2.616	   2.9	 2.916	   3.9	 4.324	 6.475	 7.403	 | 7.403 max

train losses     24:	0.3294	0.3465	0.3554	0.4221	0.5002	0.4736	0.4295	 0.439	0.7992	0.8421	 1.036	 1.162	
val losses       24:	0.3149	0.3891	0.4326	0.4771	0.4401	0.4284	0.4643	0.4508	0.7498	0.8651	 1.313	  1.44	 | 0.6471 mean
                     	0.8409	 1.013	 1.161	 1.253	 1.189	 1.161	  1.27	 1.248	 2.215	 2.355	 3.692	 4.138	 | 2.086 quantile
                      	 2.401	 2.936	  2.91	  2.92	 3.402	 2.452	 2.823	 2.914	  3.61	 3.981	 6.265	 7.253	 | 7.253 max

train losses     26:	0.3164	0.3291	  0.35	0.4118	 0.474	 0.452	0.4243	0.4289	0.7313	0.7698	 1.008	 1.132	
val losses       26:	0.3057	0.3721	0.4316	0.4751	0.4177	0.4109	0.4596	0.4449	0.6993	0.7925	 1.279	 1.413	 | 0.6251 mean
                     	0.8066	  0.96	 1.157	 1.242	 1.126	 1.087	 1.247	 1.222	 2.005	 2.113	 3.573	 4.069	 | 1.99 quantile
                      	 2.222	 2.808	 2.893	 2.915	 3.231	 2.278	 2.832	 2.939	 3.364	 3.814	 6.042	  7.11	 | 7.11 max

train losses     28:	0.3054	0.3127	0.3458	 0.401	0.4518	0.4347	0.4191	 0.419	0.6997	0.7332	0.9829	 1.102	
val losses       28:	0.2977	0.3543	0.4309	0.4688	0.3989	0.3981	0.4552	0.4389	0.6918	0.7524	 1.244	  1.39	 | 0.61 mean
                     	0.7816	0.9224	 1.153	 1.223	 1.089	 1.043	 1.236	 1.194	 1.912	   2.0	 3.481	 4.043	 | 1.917 quantile
                      	 2.047	 2.705	 2.924	 3.002	 3.073	 2.134	 2.844	 2.923	 3.333	 3.492	 5.911	 6.991	 | 6.991 max

train losses     30:	0.2958	0.3003	0.3431	0.3934	0.4371	0.4218	0.4158	0.4119	0.7553	0.7849	 0.978	 1.083	
val losses       30:	0.2911	0.3442	0.4299	0.4697	0.3902	0.3878	0.4478	0.4317	0.6459	0.7062	 1.216	 1.354	 | 0.5929 mean
                     	0.7619	0.8992	 1.144	 1.213	 1.049	  1.01	 1.199	 1.175	 1.747	 1.813	 3.393	 3.893	 | 1.842 quantile
                      	 1.931	 2.702	   3.0	 3.175	 2.984	 2.036	  2.79	 2.828	 2.933	  3.66	 5.579	 6.676	 | 6.676 max

train losses     32:	0.2851	0.2925	0.3401	0.3823	0.4165	0.4084	 0.409	0.4036	0.6571	0.6779	0.9436	 1.045	
val losses       32:	 0.283	0.3257	0.4286	0.4709	0.3833	0.3769	0.4436	0.4283	0.6467	0.7038	 1.193	 1.326	 | 0.5842 mean
                     	0.7421	0.8529	 1.139	 1.224	 1.021	 0.976	 1.193	 1.165	 1.713	 1.768	 3.328	 3.786	 | 1.814 quantile
                      	 1.818	 2.638	 3.031	 2.947	 2.859	 1.973	 2.826	 2.823	 2.936	 3.608	 5.299	 6.445	 | 6.445 max

train losses     34:	 0.279	0.2827	 0.338	0.3732	0.4045	0.3966	0.4036	0.3976	0.6105	0.6329	0.9259	 1.014	
val losses       34:	0.2779	0.3187	0.4281	0.4594	0.3733	0.3696	0.4413	0.4232	0.6345	 0.659	 1.178	 1.305	 | 0.5723 mean
                     	0.7316	0.8306	 1.139	 1.182	0.9811	0.9559	 1.182	 1.143	 1.675	 1.701	 3.257	 3.744	 | 1.774 quantile
                      	  1.72	 2.489	 3.028	 2.912	 2.748	 1.973	 2.826	 2.691	 2.839	  3.05	 5.324	 6.361	 | 6.361 max

train losses     36:	0.2725	0.2717	0.3363	0.3652	0.3948	0.3882	0.3989	0.3927	0.5989	0.6185	0.9112	0.9887	
val losses       36:	0.2753	0.3168	0.4273	0.4579	0.3671	0.3645	 0.436	 0.418	0.5911	0.6202	 1.179	 1.284	 | 0.5614 mean
                     	0.7199	0.8271	 1.141	 1.177	0.9616	0.9423	 1.162	 1.127	 1.532	 1.554	  3.22	 3.627	 | 1.729 quantile
                      	 1.693	 2.422	 3.062	  3.14	 2.805	 1.888	 2.707	 2.651	 2.612	 3.241	 5.046	 6.069	 | 6.069 max

train losses     38:	0.2674	0.2657	0.3348	0.3568	0.3871	 0.381	0.3939	0.3883	  0.58	0.6024	0.8929	0.9652	
val losses       38:	0.2674	0.3017	0.4267	0.4509	0.3621	0.3574	0.4326	0.4142	0.5833	 0.597	 1.171	 1.265	 | 0.5524 mean
                     	 0.702	0.7869	 1.142	 1.173	0.9424	0.9264	 1.154	 1.103	   1.5	 1.496	 3.162	 3.566	 | 1.706 quantile
                      	 1.665	 2.331	 3.049	 2.923	 2.654	 1.865	 2.709	 2.591	  2.55	 3.015	  4.92	 5.952	 | 5.952 max

train losses     40:	0.2625	  0.26	0.3336	0.3501	0.3798	0.3737	0.3897	0.3842	 0.562	0.5823	0.8772	0.9409	
val losses       40:	0.2665	0.2965	0.4259	0.4435	 0.356	0.3539	0.4287	0.4106	0.5797	0.5823	 1.158	 1.245	 | 0.5455 mean
                     	0.6974	0.7736	 1.138	  1.16	0.9224	0.9098	 1.136	 1.087	 1.478	  1.47	 3.118	 3.488	 | 1.688 quantile
                      	 1.701	 2.223	 3.048	 2.966	 2.633	 1.873	 2.626	 2.532	 2.509	  2.83	 4.892	 5.793	 | 5.793 max

train losses     42:	0.2583	0.2543	0.3321	0.3448	0.3739	0.3678	0.3855	0.3802	0.5494	0.5698	0.8612	0.9189	
val losses       42:	0.2642	0.2969	0.4252	0.4404	0.3535	0.3499	0.4245	0.4072	0.5664	0.5751	 1.149	 1.225	 | 0.5398 mean
                     	0.6937	0.7731	 1.139	 1.155	0.9162	0.8999	 1.124	 1.076	 1.431	 1.431	   3.1	 3.432	 | 1.668 quantile
                      	 1.762	 2.205	 3.044	 3.049	  2.66	   1.8	 2.547	 2.501	 2.477	  2.86	 4.815	 5.615	 | 5.615 max

train losses     44:	0.2544	0.2504	 0.331	0.3404	0.3687	0.3625	0.3814	0.3764	0.5406	0.5607	0.8454	0.8983	
val losses       44:	0.2611	0.2884	0.4246	0.4361	0.3518	0.3464	0.4214	0.4044	0.5631	 0.566	 1.141	 1.209	 | 0.5344 mean
                     	0.6879	0.7533	 1.134	 1.139	0.9044	0.8878	 1.113	  1.06	 1.428	 1.428	 3.062	 3.366	 | 1.656 quantile
                      	 1.797	 2.139	 3.027	 2.948	 2.601	 1.774	  2.49	 2.454	 2.514	 2.693	 4.779	 5.529	 | 5.529 max

train losses     46:	0.2511	0.2463	0.3297	0.3364	0.3639	0.3573	0.3775	 0.373	0.5309	0.5507	0.8296	0.8782	
val losses       46:	0.2593	0.2841	0.4238	0.4318	0.3485	0.3439	0.4179	0.4015	0.5624	0.5611	 1.134	 1.195	 | 0.5303 mean
                     	0.6798	 0.746	  1.13	 1.129	0.8964	0.8798	 1.097	 1.053	 1.429	 1.423	 3.029	 3.324	 | 1.648 quantile
                      	 1.802	 2.044	  3.02	  2.96	  2.58	 1.787	 2.421	 2.417	 2.514	 2.559	 4.744	 5.424	 | 5.424 max

train losses     48:	0.2482	0.2426	0.3285	0.3332	0.3596	0.3528	0.3738	0.3697	0.5238	0.5436	0.8136	 0.859	
val losses       48:	0.2574	0.2825	0.4232	 0.429	0.3463	0.3412	0.4144	0.3991	0.5582	0.5569	  1.13	 1.183	 | 0.5268 mean
                     	0.6683	 0.739	 1.133	  1.12	0.8869	0.8727	 1.085	 1.044	 1.415	 1.406	 2.996	 3.275	 | 1.638 quantile
                      	  1.82	 2.003	 3.019	 3.002	 2.596	  1.76	 2.323	  2.38	 2.482	 2.538	 4.718	 5.318	 | 5.318 max

train losses     50:	0.2454	0.2394	0.3274	0.3305	0.3554	0.3485	0.3702	0.3665	0.5163	0.5369	0.7974	0.8404	
val losses       50:	0.2552	0.2801	0.4224	0.4266	0.3445	0.3388	0.4115	0.3967	0.5569	0.5538	 1.126	 1.172	 | 0.5237 mean
                     	0.6643	  0.73	 1.133	 1.116	 0.885	0.8632	 1.075	 1.035	  1.41	 1.404	 2.973	 3.232	 | 1.633 quantile
                      	 1.833	 1.961	 3.015	 2.977	 2.562	 1.737	 2.266	 2.347	 2.469	 2.494	 4.687	 5.255	 | 5.255 max

train losses     52:	0.2427	0.2365	0.3263	0.3281	0.3515	0.3446	0.3668	0.3635	0.5095	0.5305	0.7812	0.8224	
val losses       52:	0.2539	0.2769	0.4218	0.4243	0.3424	0.3368	0.4088	0.3945	0.5571	0.5516	 1.121	 1.163	 | 0.521 mean
                     	0.6588	0.7195	 1.132	 1.114	0.8737	0.8583	 1.065	 1.028	 1.407	   1.4	 2.947	 3.188	 | 1.626 quantile
                      	  1.82	 1.895	 3.004	  2.98	 2.532	 1.727	 2.241	  2.31	 2.486	 2.444	  4.66	 5.186	 | 5.186 max

train losses     54:	0.2402	0.2339	0.3252	0.3261	0.3478	0.3409	0.3636	0.3607	0.5033	0.5246	0.7653	0.8049	
val losses       54:	0.2522	0.2751	0.4211	0.4226	0.3401	0.3348	0.4061	0.3926	 0.557	0.5501	 1.118	 1.154	 | 0.5187 mean
                     	0.6547	0.7142	  1.13	 1.108	0.8648	0.8525	 1.058	 1.014	 1.411	 1.397	 2.925	 3.151	 | 1.622 quantile
                      	 1.821	 1.844	   3.0	 3.002	 2.527	 1.714	 2.211	 2.271	 2.495	 2.419	 4.625	  5.11	 | 5.11 max

train losses     56:	 0.238	0.2314	0.3241	0.3244	0.3442	0.3375	0.3606	0.3581	0.4976	0.5191	 0.751	0.7886	
val losses       56:	0.2508	0.2737	0.4206	0.4214	0.3382	0.3329	0.4035	0.3912	0.5565	0.5486	 1.116	 1.147	 | 0.5167 mean
                     	0.6497	0.7114	 1.132	 1.106	0.8575	0.8458	 1.049	 1.006	 1.409	 1.396	 2.902	   3.1	 | 1.62 quantile
                      	 1.824	 1.858	  2.99	 3.015	 2.525	 1.695	 2.183	 2.247	 2.487	 2.413	 4.579	 5.034	 | 5.034 max

train losses     58:	0.2365	0.2293	0.3232	0.3231	0.3409	0.3349	0.3579	 0.356	0.4923	0.5139	 0.745	0.7772	
val losses       58:	 0.249	0.2717	  0.42	0.4207	 0.337	0.3314	0.4013	0.3899	0.5565	0.5481	  1.12	 1.142	 | 0.5156 mean
                     	0.6441	0.7061	 1.131	 1.108	0.8557	0.8453	 1.042	 1.006	  1.41	   1.4	 2.889	 3.057	 | 1.624 quantile
                      	 1.843	 1.883	 2.985	 3.005	 2.501	  1.68	  2.16	 2.241	 2.482	 2.401	 4.503	 4.947	 | 4.947 max

train losses     60:	0.2367	0.2286	0.3223	0.3228	0.3382	0.3337	0.3555	0.3545	0.4871	0.5092	0.7615	0.7804	
val losses       60:	0.2473	0.2701	0.4194	0.4198	0.3368	0.3303	0.3992	0.3878	0.5566	0.5488	 1.127	 1.142	 | 0.5154 mean
                     	0.6389	0.7024	 1.128	 1.104	0.8534	0.8426	 1.039	0.9993	 1.406	 1.403	 2.871	  3.03	 | 1.625 quantile
                      	  1.87	 1.906	 2.979	 2.985	 2.479	 1.684	 2.135	  2.22	 2.443	 2.387	 4.451	 4.883	 | 4.883 max

train losses     62:	0.2343	0.2271	0.3214	0.3219	0.3355	0.3299	0.3533	0.3517	0.4833	 0.507	0.7557	0.7733	
val losses       62:	0.2475	0.2695	0.4187	0.4169	0.3367	0.3289	0.3979	0.3851	0.5601	0.5531	 1.123	 1.143	 | 0.5151 mean
                     	0.6338	0.6977	 1.125	 1.097	0.8521	0.8323	 1.038	0.9935	 1.421	 1.424	 2.871	 3.025	 | 1.629 quantile
                      	 1.846	 1.892	  2.98	 2.974	 2.474	 1.695	 2.111	  2.15	 2.451	 2.354	 4.549	  4.98	 | 4.98 max

train losses     64:	0.2308	0.2238	0.3204	0.3197	 0.332	0.3255	0.3504	0.3486	0.4812	0.5052	0.7123	0.7409	
val losses       64:	0.2491	0.2721	0.4181	0.4149	0.3356	0.3274	0.3975	 0.384	0.5667	0.5588	 1.116	 1.141	 | 0.5151 mean
                     	0.6358	0.7011	 1.122	 1.098	0.8435	0.8228	  1.03	0.9896	 1.443	 1.438	  2.89	 3.003	 | 1.622 quantile
                      	 1.838	 1.845	 2.956	 2.966	 2.455	 1.676	 2.089	 2.097	 2.458	 2.396	 4.659	 5.053	 | 5.053 max

train losses     66:	0.2299	0.2227	0.3196	0.3183	 0.329	0.3224	0.3483	0.3468	0.4824	 0.506	0.7061	0.7307	
val losses       66:	0.2482	0.2703	0.4176	0.4141	0.3328	0.3243	0.3955	0.3837	0.5724	0.5628	 1.101	 1.125	 | 0.5122 mean
                     	0.6354	0.6942	 1.121	 1.098	0.8356	0.8181	 1.026	0.9857	 1.449	  1.45	 2.847	 2.963	 | 1.615 quantile
                      	  1.84	  1.83	 2.943	 2.986	 2.418	 1.633	 2.073	 2.084	  2.55	 2.381	 4.626	 4.992	 | 4.992 max

train losses     68:	0.2271	  0.22	0.3188	0.3161	0.3263	0.3191	0.3463	0.3444	0.4858	0.5086	0.6803	  0.71	
val losses       68:	0.2459	0.2662	0.4175	0.4137	0.3306	0.3219	 0.393	0.3829	0.5652	0.5558	 1.099	 1.115	 | 0.5089 mean
                     	0.6295	0.6896	 1.119	 1.092	0.8296	0.8143	 1.022	0.9829	  1.43	 1.432	  2.82	 2.919	 | 1.608 quantile
                      	 1.846	 1.862	 2.951	 3.021	 2.402	 1.603	 2.059	 2.092	 2.503	 2.348	 4.488	 4.881	 | 4.881 max

train losses     70:	0.2254	 0.218	0.3179	0.3144	0.3229	0.3163	0.3442	0.3421	0.4676	0.4904	0.6562	0.6885	
val losses       70:	0.2442	0.2649	0.4172	0.4134	0.3298	0.3202	0.3919	0.3819	0.5594	0.5481	 1.101	 1.114	 | 0.5071 mean
                     	0.6259	0.6869	 1.119	 1.089	0.8249	0.8114	 1.016	0.9777	 1.414	 1.414	 2.808	 2.896	 | 1.607 quantile
                      	 1.856	 1.879	 2.953	  3.02	 2.397	 1.594	 2.052	 2.089	 2.434	 2.315	 4.412	 4.812	 | 4.812 max

train losses     72:	0.2243	0.2166	0.3172	0.3134	  0.32	0.3134	0.3421	0.3401	0.4601	0.4834	0.6465	0.6765	
val losses       72:	0.2435	0.2655	0.4165	0.4121	0.3279	0.3185	 0.391	0.3809	0.5578	0.5447	 1.103	 1.115	 | 0.5064 mean
                     	0.6209	0.6876	  1.12	 1.091	0.8237	0.8038	 1.007	0.9768	 1.412	 1.394	 2.804	 2.876	 | 1.607 quantile
                      	 1.852	 1.857	 2.939	 3.003	 2.394	 1.602	 2.033	 2.074	  2.46	 2.328	 4.396	  4.79	 | 4.79 max

train losses     74:	0.2227	 0.215	0.3164	0.3125	0.3172	0.3106	0.3401	0.3381	0.4551	0.4789	0.6356	0.6646	
val losses       74:	0.2432	0.2654	0.4163	0.4114	0.3266	 0.317	0.3903	0.3797	0.5593	0.5446	 1.105	 1.116	 | 0.5062 mean
                     	0.6188	0.6847	 1.117	  1.09	0.8173	0.7997	 1.006	0.9744	 1.416	 1.382	 2.802	 2.869	 | 1.605 quantile
                      	 1.846	 1.848	 2.928	 2.994	  2.38	  1.61	 2.025	 2.057	 2.523	 2.324	 4.407	 4.786	 | 4.786 max

train losses     76:	0.2212	0.2136	0.3157	0.3116	0.3144	 0.308	0.3384	0.3362	0.4503	0.4738	0.6241	0.6526	
val losses       76:	0.2429	0.2639	0.4158	0.4108	0.3254	0.3153	0.3891	0.3786	0.5608	0.5456	 1.104	 1.115	 | 0.5055 mean
                     	0.6171	0.6807	 1.119	 1.088	0.8135	0.7933	0.9997	0.9694	 1.419	 1.385	 2.794	 2.859	 | 1.606 quantile
                      	 1.845	 1.857	 2.924	 3.001	 2.365	 1.616	 2.022	 2.037	 2.549	 2.301	 4.418	 4.772	 | 4.772 max

train losses     78:	0.2199	0.2124	 0.315	0.3107	0.3119	0.3056	0.3366	0.3343	 0.447	0.4701	0.6133	0.6412	
val losses       78:	0.2423	0.2626	0.4153	0.4102	0.3243	0.3137	 0.388	0.3776	0.5611	0.5462	 1.101	  1.11	 | 0.5044 mean
                     	0.6147	0.6761	 1.116	 1.087	0.8097	0.7879	 0.993	0.9683	  1.42	 1.392	 2.794	 2.844	 | 1.602 quantile
                      	 1.842	 1.865	 2.917	 3.003	 2.346	 1.614	 2.021	 2.024	 2.535	 2.297	 4.411	 4.752	 | 4.752 max

train losses     80:	0.2185	0.2112	0.3143	0.3098	0.3094	0.3031	0.3349	0.3325	0.4432	0.4662	0.6019	0.6295	
val losses       80:	0.2416	0.2619	0.4149	0.4096	0.3233	 0.312	 0.387	 0.377	0.5621	0.5479	 1.096	 1.104	 | 0.5031 mean
                     	0.6107	0.6759	 1.113	 1.086	 0.809	0.7815	0.9924	0.9661	 1.412	 1.404	 2.788	 2.823	 | 1.602 quantile
                      	 1.844	 1.868	 2.912	 3.003	 2.325	 1.613	 2.018	 2.008	 2.514	 2.298	  4.41	 4.745	 | 4.745 max

train losses     82:	0.2172	0.2099	0.3135	0.3088	0.3069	0.3005	0.3332	0.3306	0.4396	0.4625	0.5888	0.6165	
val losses       82:	0.2412	0.2617	0.4146	 0.409	0.3221	0.3104	0.3859	0.3764	0.5634	0.5499	 1.092	 1.099	 | 0.5021 mean
                     	0.6099	0.6727	 1.112	 1.085	0.8041	 0.777	0.9886	0.9654	 1.421	 1.417	 2.773	 2.802	 | 1.6 quantile
                      	 1.832	 1.858	 2.903	 3.007	 2.305	 1.613	 2.009	 1.987	 2.502	 2.306	 4.411	 4.743	 | 4.743 max

train losses     84:	0.2159	0.2087	0.3128	0.3077	0.3044	0.2979	0.3314	0.3289	0.4366	0.4593	0.5742	0.6027	
val losses       84:	0.2408	0.2613	0.4142	0.4083	 0.321	0.3088	 0.385	0.3757	0.5645	0.5512	 1.089	 1.096	 | 0.5013 mean
                     	0.6087	0.6707	 1.111	 1.082	0.8016	0.7711	0.9872	0.9615	 1.425	 1.421	 2.767	 2.792	 | 1.596 quantile
                      	 1.832	 1.854	 2.895	 3.015	 2.287	 1.611	 2.001	 1.969	 2.496	 2.313	 4.416	 4.741	 | 4.741 max

train losses     86:	0.2147	0.2074	0.3121	0.3067	0.3019	0.2954	0.3298	0.3271	0.4339	0.4566	0.5611	0.5903	
val losses       86:	0.2404	0.2607	0.4137	0.4076	0.3199	0.3072	0.3843	0.3748	0.5644	0.5507	 1.088	 1.094	 | 0.5005 mean
                     	0.6082	0.6694	 1.111	 1.081	0.7971	0.7645	0.9863	0.9607	 1.425	 1.418	 2.771	 2.791	 | 1.591 quantile
                      	 1.831	 1.857	 2.895	 3.017	 2.271	 1.611	  1.99	 1.956	 2.494	 2.323	 4.432	 4.745	 | 4.745 max

train losses     88:	0.2137	0.2063	0.3115	0.3059	0.2997	 0.293	0.3282	0.3253	0.4309	0.4538	0.5572	0.5849	
val losses       88:	0.2403	0.2604	0.4132	0.4067	 0.319	 0.306	0.3839	0.3734	0.5638	0.5492	 1.087	 1.096	 | 0.4998 mean
                     	0.6053	0.6669	 1.109	 1.081	0.7975	0.7616	0.9852	0.9555	 1.421	 1.411	 2.774	  2.81	 | 1.587 quantile
                      	 1.827	 1.859	 2.894	  3.02	 2.261	 1.602	 1.986	 1.935	 2.497	  2.33	  4.48	 4.783	 | 4.783 max

train losses     90:	0.2132	0.2056	0.3108	0.3059	0.2976	0.2913	0.3269	0.3238	0.4272	0.4504	0.5941	0.6095	
val losses       90:	0.2432	0.2614	0.4129	0.4058	0.3183	0.3063	0.3837	0.3724	0.5638	0.5487	 1.086	 1.098	 | 0.5 mean
                     	0.6063	0.6646	  1.11	 1.076	0.7928	0.7559	0.9826	 0.953	 1.424	 1.405	 2.793	 2.818	 | 1.567 quantile
                      	 1.811	  1.86	 2.895	 3.031	 2.251	 1.559	 1.982	  1.89	 2.492	 2.339	 4.659	 4.925	 | 4.925 max

train losses     92:	0.2162	0.2074	0.3105	0.3084	0.2965	0.2925	0.3276	0.3229	0.4245	0.4477	0.7507	0.7296	
val losses       92:	0.2474	0.2638	0.4129	0.4055	0.3172	0.3068	0.3828	 0.373	0.5649	0.5505	 1.088	 1.096	 | 0.5008 mean
                     	0.6151	0.6686	  1.11	 1.072	 0.789	 0.754	0.9799	 0.953	 1.434	 1.409	 2.795	 2.807	 | 1.56 quantile
                      	 1.772	 1.832	 2.886	 3.049	 2.238	 1.532	  1.97	 1.861	 2.526	 2.386	 4.727	 4.981	 | 4.981 max

train losses     94:	0.2141	0.2068	0.3101	0.3057	0.2948	0.2894	0.3268	0.3214	 0.425	0.4473	0.7237	0.7084	
val losses       94:	0.2404	0.2612	0.4131	0.4077	0.3157	0.3047	0.3812	0.3736	0.5652	0.5501	 1.116	 1.104	 | 0.5027 mean
                     	0.6093	0.6682	 1.111	 1.078	 0.783	0.7664	0.9741	0.9625	 1.433	 1.416	 2.869	 2.871	 | 1.575 quantile
                      	 1.795	 1.806	 2.863	 3.004	 2.182	  1.63	 1.937	  1.93	 2.548	 2.315	 4.291	 4.687	 | 4.687 max

train losses     96:	0.2125	0.2046	0.3093	0.3038	0.2928	0.2869	0.3248	0.3196	0.4206	0.4423	 0.641	0.6366	
val losses       96:	0.2378	0.2581	0.4129	0.4076	0.3153	0.3008	0.3807	0.3733	0.5661	0.5509	 1.122	 1.107	 | 0.5027 mean
                     	0.6041	0.6624	 1.109	 1.082	0.7892	0.7573	0.9734	0.9643	 1.431	 1.423	  2.87	 2.855	 | 1.572 quantile
                      	 1.776	 1.863	 2.867	 3.018	 2.143	 1.608	 1.945	   1.9	 2.431	 2.331	 4.371	 4.619	 | 4.619 max

train losses     98:	0.2095	0.2026	0.3085	 0.302	0.2901	0.2838	0.3216	0.3179	0.4175	0.4368	0.5476	 0.567	
val losses       98:	0.2427	0.2602	0.4118	0.4039	0.3148	0.3004	0.3812	 0.371	0.5656	0.5522	 1.097	 1.095	 | 0.4997 mean
                     	0.6058	0.6608	 1.104	 1.069	0.7829	0.7405	0.9721	0.9504	 1.421	 1.424	 2.828	 2.811	 | 1.559 quantile
                      	 1.767	 1.831	 2.864	 3.025	  2.16	  1.53	 1.957	 1.841	 2.444	 2.322	 4.766	 4.977	 | 4.977 max

train losses    100:	0.2102	0.2028	0.3079	0.3019	0.2879	0.2829	0.3201	0.3161	  0.41	0.4296	0.5821	0.5895	
val losses      100:	0.2394	0.2595	0.4115	0.4037	0.3135	0.2988	0.3803	0.3709	0.5717	0.5588	 1.085	 1.087	 | 0.4983 mean
                     	 0.606	0.6623	 1.105	 1.068	0.7811	0.7471	0.9741	0.9484	 1.453	  1.43	 2.786	 2.784	 | 1.581 quantile
                      	 1.812	 1.805	 2.891	 3.004	 2.209	   1.6	 1.915	 1.853	 2.571	 2.432	 4.444	 4.697	 | 4.697 max

train losses    102:	0.2076	0.2009	0.3075	0.2997	0.2858	0.2803	0.3183	0.3146	0.4118	0.4301	0.5103	0.5341	
val losses      102:	0.2351	0.2554	0.4106	0.4034	0.3129	0.2955	0.3807	0.3704	 0.569	0.5558	 1.102	 1.105	 | 0.4997 mean
                     	0.5968	0.6516	 1.109	 1.064	0.7847	0.7475	0.9692	0.9564	 1.438	 1.429	 2.812	 2.802	 | 1.606 quantile
                      	 1.822	 1.857	 2.883	 2.981	 2.167	 1.637	  1.92	 1.861	 2.539	   2.4	 4.309	 4.592	 | 4.592 max

train losses    104:	 0.207	0.1999	0.3068	0.2989	 0.284	0.2785	0.3167	0.3131	0.4046	0.4238	0.5056	0.5285	
val losses      104:	0.2351	0.2568	0.4103	0.4018	0.3126	0.2955	0.3809	  0.37	0.5657	0.5499	 1.099	 1.108	 | 0.4987 mean
                     	0.5974	0.6522	 1.109	 1.065	0.7803	0.7426	0.9675	0.9562	 1.424	 1.414	 2.799	 2.816	 | 1.597 quantile
                      	 1.815	 1.864	 2.878	 2.999	 2.165	 1.614	 1.949	 1.854	  2.44	 2.328	 4.423	   4.7	 | 4.7 max

train losses    106:	0.2061	0.1987	0.3061	0.2984	0.2819	0.2759	0.3154	0.3116	   0.4	 0.419	0.4935	0.5185	
val losses      106:	0.2347	0.2567	  0.41	0.4016	 0.311	0.2931	0.3804	0.3695	0.5656	0.5496	 1.094	 1.101	 | 0.4972 mean
                     	0.5954	0.6546	 1.107	 1.061	0.7753	0.7348	0.9675	0.9504	 1.424	  1.41	 2.783	 2.787	 | 1.593 quantile
                      	 1.814	 1.852	 2.883	 3.003	 2.185	 1.616	 1.935	 1.834	 2.475	 2.349	 4.336	 4.624	 | 4.624 max

train losses    108:	 0.205	0.1976	0.3055	0.2974	  0.28	0.2737	 0.314	0.3101	0.3962	0.4154	0.4812	0.5067	
val losses      108:	0.2347	0.2552	0.4097	0.4016	0.3105	0.2917	0.3792	0.3689	0.5668	0.5513	 1.091	 1.095	 | 0.4963 mean
                     	0.5933	0.6513	 1.107	 1.062	0.7765	0.7329	0.9634	0.9489	 1.434	 1.413	 2.771	 2.777	 | 1.589 quantile
                      	 1.797	 1.835	 2.876	 2.993	 2.164	 1.628	 1.931	 1.826	 2.534	 2.374	 4.272	  4.57	 | 4.57 max

train losses    110:	0.2042	0.1969	 0.305	0.2967	0.2783	0.2721	0.3127	0.3088	0.3932	0.4123	0.4772	0.5005	
val losses      110:	0.2341	0.2545	0.4096	0.4012	0.3088	0.2904	0.3787	0.3686	0.5673	0.5519	 1.084	  1.09	 | 0.4949 mean
                     	0.5902	0.6486	 1.105	  1.06	0.7713	0.7308	0.9616	0.9522	 1.436	 1.413	 2.754	 2.765	 | 1.58 quantile
                      	 1.796	 1.845	  2.86	 3.008	  2.14	 1.626	 1.936	 1.827	 2.528	 2.382	 4.319	 4.605	 | 4.605 max

train losses    112:	0.2034	0.1961	0.3045	 0.296	0.2766	0.2704	0.3114	0.3074	0.3902	0.4091	0.4657	0.4902	
val losses      112:	0.2337	0.2544	0.4094	0.4005	0.3075	0.2892	0.3784	 0.368	 0.567	0.5513	  1.08	 1.086	 | 0.4938 mean
                     	  0.59	 0.647	 1.105	 1.062	0.7671	0.7251	 0.962	0.9479	 1.428	 1.407	 2.755	 2.756	 | 1.573 quantile
                      	 1.809	 1.851	  2.86	 3.017	 2.134	 1.608	 1.933	 1.826	 2.505	 2.385	 4.358	 4.644	 | 4.644 max

train losses    114:	0.2027	0.1953	0.3039	0.2954	0.2749	0.2687	  0.31	 0.306	0.3871	 0.406	0.4586	 0.483	
val losses      114:	0.2337	 0.254	0.4091	0.4002	0.3072	0.2884	0.3778	0.3675	0.5675	0.5519	 1.079	 1.084	 | 0.4934 mean
                     	0.5891	0.6473	 1.104	 1.059	0.7653	0.7215	0.9601	0.9422	 1.435	 1.408	 2.749	 2.755	 | 1.569 quantile
                      	 1.803	 1.849	 2.855	  3.02	 2.134	 1.601	 1.929	 1.827	 2.513	 2.385	 4.352	 4.638	 | 4.638 max

train losses    116:	0.2019	0.1945	0.3033	0.2947	0.2732	0.2671	0.3088	0.3046	0.3843	 0.403	0.4513	0.4754	
val losses      116:	0.2338	0.2534	0.4088	0.3999	0.3064	0.2873	0.3774	0.3671	0.5679	0.5525	  1.08	 1.084	 | 0.4931 mean
                     	 0.588	 0.647	 1.102	 1.058	0.7641	0.7181	0.9571	0.9454	 1.437	 1.413	 2.757	 2.754	 | 1.568 quantile
                      	 1.794	  1.84	 2.852	 3.018	 2.117	 1.594	 1.925	 1.829	 2.519	 2.385	 4.338	 4.629	 | 4.629 max

train losses    118:	0.2012	0.1938	0.3027	0.2939	0.2716	0.2656	0.3075	0.3032	0.3815	   0.4	0.4442	0.4679	
val losses      118:	0.2331	0.2529	0.4085	0.3995	0.3054	0.2861	0.3771	0.3668	0.5681	0.5527	  1.08	 1.084	 | 0.4928 mean
                     	0.5874	0.6459	 1.102	 1.057	0.7627	0.7159	0.9588	0.9459	 1.438	 1.411	 2.754	 2.753	 | 1.568 quantile
                      	 1.788	 1.838	 2.846	 3.018	 2.101	 1.589	 1.921	 1.834	 2.518	 2.391	 4.332	 4.629	 | 4.629 max

train losses    120:	0.2005	0.1931	0.3022	0.2932	  0.27	0.2641	0.3062	0.3019	0.3787	 0.397	0.4375	0.4608	
val losses      120:	0.2325	0.2525	0.4082	 0.399	0.3044	 0.285	0.3768	0.3663	0.5683	0.5528	 1.079	 1.084	 | 0.4924 mean
                     	0.5857	0.6453	 1.102	 1.057	0.7601	0.7139	0.9588	0.9431	 1.439	 1.414	 2.752	 2.746	 | 1.568 quantile
                      	  1.79	 1.843	  2.84	 3.016	 2.091	 1.581	 1.915	 1.835	 2.519	 2.391	 4.336	 4.636	 | 4.636 max

train losses    122:	0.1998	0.1923	0.3016	0.2925	0.2685	0.2625	0.3049	0.3005	0.3759	0.3939	0.4308	0.4537	
val losses      122:	0.2322	0.2522	0.4079	0.3985	0.3036	 0.284	0.3765	 0.366	0.5684	0.5529	 1.079	 1.083	 | 0.4921 mean
                     	0.5851	0.6434	 1.101	 1.055	0.7579	0.7126	0.9569	  0.94	 1.441	 1.415	 2.755	 2.746	 | 1.567 quantile
                      	 1.791	 1.844	 2.836	 3.018	 2.086	 1.574	  1.91	 1.834	 2.522	  2.39	 4.335	 4.637	 | 4.637 max

train losses    124:	0.1991	0.1916	 0.301	0.2918	0.2669	 0.261	0.3036	0.2991	 0.373	0.3908	0.4241	0.4468	
val losses      124:	0.2321	0.2519	0.4077	0.3981	0.3028	 0.283	0.3763	0.3656	0.5684	0.5527	 1.079	 1.083	 | 0.4917 mean
                     	0.5851	0.6422	 1.101	 1.055	0.7553	0.7093	0.9545	0.9396	 1.443	 1.412	 2.754	 2.744	 | 1.564 quantile
                      	 1.789	 1.842	 2.829	 3.022	 2.083	 1.567	  1.91	 1.833	 2.521	 2.386	 4.332	 4.633	 | 4.633 max

train losses    126:	0.1984	0.1909	0.3004	0.2911	0.2653	0.2595	0.3023	0.2977	0.3702	0.3878	0.4176	  0.44	
val losses      126:	0.2318	0.2515	0.4074	0.3977	0.3022	0.2821	0.3759	0.3652	0.5686	0.5523	 1.078	 1.082	 | 0.4913 mean
                     	0.5822	0.6421	 1.102	 1.054	0.7531	0.7078	0.9526	0.9373	  1.44	 1.411	 2.752	 2.745	 | 1.563 quantile
                      	 1.786	 1.838	 2.823	 3.023	 2.082	 1.559	 1.909	 1.834	 2.525	 2.381	  4.33	 4.632	 | 4.632 max

train losses    128:	0.1978	0.1901	0.2998	0.2903	0.2639	 0.258	 0.301	0.2964	0.3678	0.3853	0.4111	0.4333	
val losses      128:	0.2315	 0.251	0.4072	0.3972	0.3015	0.2813	0.3757	0.3649	0.5689	0.5517	 1.078	 1.082	 | 0.4909 mean
                     	0.5819	0.6422	   1.1	 1.052	0.7508	0.7052	0.9508	0.9361	 1.437	 1.417	 2.749	 2.743	 | 1.562 quantile
                      	 1.784	 1.837	 2.817	 3.024	 2.082	 1.558	 1.908	 1.833	 2.516	 2.371	 4.323	 4.625	 | 4.625 max

train losses    130:	0.1971	0.1894	0.2992	0.2896	0.2625	0.2566	0.2997	 0.295	0.3674	0.3848	0.4047	0.4267	
val losses      130:	0.2312	0.2508	0.4069	0.3968	0.3011	0.2807	0.3754	0.3647	0.5694	 0.551	 1.077	 1.081	 | 0.4905 mean
                     	0.5817	0.6419	 1.101	 1.054	0.7484	0.7043	0.9521	0.9325	 1.429	 1.408	 2.751	 2.737	 | 1.559 quantile
                      	 1.783	 1.832	 2.809	 3.023	 2.082	  1.55	 1.908	 1.836	 2.504	 2.358	 4.316	 4.618	 | 4.618 max

train losses    132:	0.1966	0.1888	0.2987	0.2889	0.2614	0.2556	0.2985	0.2937	0.3726	  0.39	0.3987	0.4204	
val losses      132:	 0.231	0.2506	0.4066	0.3963	 0.301	0.2802	0.3752	0.3644	0.5704	0.5506	 1.077	 1.082	 | 0.4904 mean
                     	0.5826	0.6409	 1.099	 1.052	0.7487	0.7011	0.9518	0.9325	 1.424	 1.405	  2.75	 2.736	 | 1.557 quantile
                      	 1.778	 1.829	 2.801	 3.022	 2.086	  1.54	 1.912	  1.84	 2.475	 2.346	 4.311	 4.614	 | 4.614 max

train losses    134:	0.1962	0.1883	0.2981	0.2883	0.2608	0.2554	0.2973	0.2925	0.3898	0.4071	0.3935	 0.415	
val losses      134:	 0.231	0.2503	0.4064	0.3959	0.3014	0.2803	0.3751	0.3641	0.5734	0.5519	 1.078	 1.083	 | 0.4908 mean
                     	0.5835	0.6418	 1.099	 1.047	0.7501	0.6989	0.9524	0.9335	 1.417	 1.405	 2.747	 2.738	 | 1.556 quantile
                      	 1.776	 1.829	 2.793	 3.021	 2.095	 1.531	 1.917	 1.842	 2.447	 2.399	 4.291	 4.593	 | 4.593 max

train losses    136:	0.1959	0.1879	0.2976	0.2876	 0.261	0.2561	0.2962	0.2914	0.4208	0.4379	0.3913	0.4125	
val losses      136:	0.2309	0.2498	 0.406	0.3955	0.3015	0.2802	0.3747	0.3636	0.5807	0.5578	  1.08	 1.085	 | 0.4921 mean
                     	0.5841	 0.639	 1.099	 1.046	0.7484	 0.695	0.9521	 0.932	 1.428	 1.408	 2.754	 2.745	 | 1.559 quantile
                      	 1.778	 1.833	 2.781	 3.021	 2.103	  1.53	  1.92	 1.844	 2.451	 2.442	 4.267	 4.568	 | 4.568 max

train losses    138:	0.1953	0.1874	0.2972	0.2871	0.2607	0.2554	 0.295	0.2902	0.4433	0.4595	0.4004	0.4192	
val losses      138:	0.2304	0.2496	0.4057	0.3952	0.3005	0.2795	0.3742	0.3631	0.6006	0.5798	 1.085	  1.09	 | 0.4961 mean
                     	0.5828	0.6393	 1.096	 1.047	0.7499	0.6993	0.9508	0.9323	  1.47	 1.447	 2.761	 2.752	 | 1.582 quantile
                      	 1.784	 1.847	 2.765	  3.02	 2.107	 1.548	 1.916	 1.843	 2.587	 2.445	 4.213	 4.517	 | 4.517 max

train losses    140:	0.1943	0.1868	0.2967	0.2866	0.2586	0.2524	 0.294	 0.289	0.4296	0.4439	 0.439	0.4493	
val losses      140:	0.2288	0.2501	0.4054	0.3949	0.2989	0.2796	0.3737	0.3628	0.6487	0.6341	 1.097	 1.101	 | 0.5062 mean
                     	0.5812	0.6407	 1.095	 1.045	 0.743	0.7012	 0.949	0.9296	 1.605	 1.552	 2.791	 2.768	 | 1.629 quantile
                      	 1.798	 1.868	 2.745	 3.019	   2.1	  1.58	 1.903	  1.84	  2.81	 2.468	 4.134	 4.442	 | 4.442 max

train losses    142:	0.1944	0.1871	0.2963	0.2864	0.2564	0.2518	0.2941	0.2879	0.4076	0.4208	0.5303	0.5252	
val losses      142:	0.2273	0.2511	0.4052	0.3947	0.2975	0.2784	0.3735	0.3631	 0.675	0.6602	 1.126	 1.127	 | 0.515 mean
                     	0.5786	0.6406	 1.094	 1.047	0.7409	0.7003	0.9488	0.9281	 1.657	 1.596	 2.847	 2.798	 | 1.667 quantile
                      	 1.799	 1.875	 2.734	 3.012	 2.097	 1.606	 1.909	 1.856	 2.886	 2.508	 4.108	 4.423	 | 4.423 max

train losses    144:	0.1958	0.1882	 0.296	0.2864	0.2553	0.2542	0.2951	0.2871	0.4017	0.4174	0.6426	0.6227	
val losses      144:	0.2269	  0.25	0.4049	0.3945	 0.297	0.2736	0.3743	0.3632	0.6219	0.5985	 1.159	 1.161	 | 0.5104 mean
                     	 0.577	0.6424	  1.09	 1.045	0.7417	0.6916	0.9535	0.9272	 1.527	 1.476	 2.885	 2.834	 | 1.668 quantile
                      	 1.785	 1.888	 2.738	 2.993	   2.1	 1.572	 1.914	 1.887	 2.676	 2.468	 4.134	 4.444	 | 4.444 max

train losses    146:	0.1939	0.1867	0.2955	0.2854	0.2548	0.2527	0.2934	0.2862	0.3993	0.4158	0.5722	0.5605	
val losses      146:	0.2316	0.2513	0.4044	0.3941	0.3012	0.2793	0.3787	0.3635	 0.567	0.5513	  1.19	 1.196	 | 0.509 mean
                     	0.5777	0.6415	  1.09	 1.045	0.7514	0.6891	0.9644	0.9276	 1.424	 1.416	 2.992	 2.939	 | 1.685 quantile
                      	 1.757	  1.89	 2.763	 2.963	 2.088	 1.482	 1.925	 1.913	  2.53	  2.44	 4.443	 4.743	 | 4.743 max

train losses    148:	0.1934	0.1857	0.2948	0.2843	0.2531	0.2512	0.2914	0.2849	0.3741	0.3903	0.4612	0.4666	
val losses      148:	0.2308	0.2506	0.4041	0.3936	0.3006	0.2794	0.3792	0.3629	0.5758	0.5761	 1.178	  1.18	 | 0.5093 mean
                     	0.5787	0.6378	 1.088	 1.044	0.7488	0.6943	0.9679	0.9256	 1.456	 1.489	 2.951	 2.904	 | 1.684 quantile
                      	 1.789	 1.879	 2.782	 2.948	 2.057	 1.495	 1.929	 1.888	 2.776	 2.546	 4.388	 4.688	 | 4.688 max

train losses    150:	0.1923	0.1844	0.2942	0.2834	 0.251	 0.247	0.2892	0.2835	0.3532	0.3676	0.4191	0.4324	
val losses      150:	0.2258	0.2476	0.4036	0.3935	0.2943	0.2728	0.3755	0.3622	0.5801	0.5801	 1.126	 1.126	 | 0.499 mean
                     	0.5759	0.6351	 1.086	 1.047	0.7328	0.6881	0.9524	0.9249	 1.469	 1.494	  2.85	 2.795	 | 1.633 quantile
                      	 1.799	 1.892	  2.77	 2.973	 2.043	  1.57	 1.883	  1.87	 2.785	 2.552	 4.152	 4.473	 | 4.473 max

train losses    152:	0.1931	0.1846	0.2938	0.2827	0.2504	0.2477	0.2886	0.2824	0.3595	0.3754	0.4294	0.4335	
val losses      152:	 0.225	0.2472	 0.404	 0.393	 0.291	 0.271	0.3738	 0.363	0.5723	0.5661	 1.097	 1.098	 | 0.4918 mean
                     	0.5727	0.6358	 1.089	 1.048	0.7256	0.6863	0.9447	0.9295	 1.457	 1.454	 2.802	 2.776	 | 1.59 quantile
                      	 1.806	 1.869	 2.759	 2.994	  2.03	 1.568	 1.867	 1.875	 2.689	 2.499	 4.168	 4.484	 | 4.484 max

train losses    154:	 0.192	0.1838	0.2933	 0.282	0.2487	0.2451	0.2865	0.2814	0.3431	0.3568	0.3991	0.4083	
val losses      154:	 0.227	0.2464	 0.404	0.3923	0.2926	0.2707	0.3739	0.3623	0.5683	0.5525	 1.071	 1.078	 | 0.4866 mean
                     	0.5736	0.6347	  1.09	 1.047	0.7302	0.6763	0.9448	0.9268	 1.432	 1.429	 2.752	 2.732	 | 1.551 quantile
                      	  1.78	 1.858	 2.757	 3.024	 2.041	 1.497	 1.894	  1.86	   2.6	 2.413	 4.369	 4.632	 | 4.632 max

train losses    156:	0.1903	0.1823	0.2925	0.2814	0.2473	 0.242	0.2852	0.2798	 0.343	0.3566	0.3506	0.3705	
val losses      156:	 0.229	0.2472	 0.404	0.3918	0.2944	0.2733	0.3731	0.3608	0.5709	0.5552	 1.066	 1.072	 | 0.4864 mean
                     	 0.576	0.6389	 1.087	 1.042	0.7344	0.6797	0.9445	0.9238	 1.441	  1.43	 2.744	   2.7	 | 1.54 quantile
                      	 1.764	  1.85	 2.762	 3.031	 2.052	  1.48	 1.901	 1.849	  2.58	 2.375	 4.429	 4.691	 | 4.691 max

train losses    158:	  0.19	 0.182	0.2921	0.2809	0.2464	0.2415	0.2842	0.2787	0.3392	0.3535	0.3554	0.3731	
val losses      158:	0.2273	 0.246	0.4038	0.3916	0.2919	0.2706	0.3723	0.3606	0.5721	0.5593	 1.067	  1.07	 | 0.4861 mean
                     	0.5754	0.6363	 1.087	 1.044	 0.729	0.6784	0.9422	 0.923	 1.451	 1.439	 2.734	 2.684	 | 1.546 quantile
                      	 1.777	 1.853	 2.752	 3.037	 2.042	 1.487	 1.875	 1.836	 2.621	 2.429	 4.349	 4.637	 | 4.637 max

train losses    160:	0.1892	0.1811	0.2915	0.2802	0.2451	0.2396	0.2831	0.2776	0.3355	0.3486	0.3439	0.3634	
val losses      160:	0.2258	0.2451	0.4034	0.3914	0.2898	0.2677	0.3724	0.3613	0.5712	  0.56	 1.069	 1.071	 | 0.4857 mean
                     	0.5728	0.6321	 1.087	 1.044	0.7238	0.6743	 0.938	0.9238	 1.449	 1.441	 2.736	 2.696	 | 1.546 quantile
                      	 1.774	 1.868	 2.739	 3.034	 2.034	 1.506	 1.881	 1.849	 2.664	 2.486	 4.293	 4.616	 | 4.616 max

train losses    162:	0.1887	0.1805	 0.291	0.2797	0.2442	0.2385	0.2821	0.2766	0.3336	0.3462	0.3373	0.3567	
val losses      162:	0.2255	 0.245	0.4032	0.3912	0.2898	0.2671	0.3724	0.3613	0.5716	 0.561	 1.067	 1.071	 | 0.4855 mean
                     	0.5732	0.6331	 1.085	 1.042	0.7243	0.6712	0.9386	0.9231	 1.457	 1.449	  2.73	 2.699	 | 1.547 quantile
                      	 1.769	 1.869	 2.732	 3.026	 2.034	 1.497	 1.888	 1.859	   2.7	 2.514	 4.301	 4.634	 | 4.634 max

train losses    164:	0.1882	  0.18	0.2905	0.2791	0.2432	0.2375	0.2811	0.2754	0.3312	0.3436	0.3327	0.3518	
val losses      164:	0.2256	0.2449	 0.403	0.3908	0.2897	0.2672	0.3723	0.3608	0.5723	0.5613	 1.066	  1.07	 | 0.4853 mean
                     	0.5717	0.6331	 1.082	 1.039	0.7209	0.6696	 0.941	 0.922	 1.459	 1.449	 2.729	  2.69	 | 1.547 quantile
                      	 1.769	 1.865	 2.729	 3.027	 2.032	 1.487	  1.88	 1.848	 2.704	 2.519	 4.322	 4.648	 | 4.648 max

train losses    166:	0.1877	0.1795	  0.29	0.2786	0.2422	0.2366	  0.28	0.2744	0.3289	0.3413	0.3299	0.3485	
val losses      166:	0.2255	0.2445	0.4028	0.3905	0.2892	0.2667	 0.372	0.3602	0.5731	0.5615	 1.065	  1.07	 | 0.4851 mean
                     	0.5723	0.6316	 1.081	 1.039	0.7206	0.6694	0.9376	0.9206	 1.456	 1.451	  2.73	 2.681	 | 1.546 quantile
                      	 1.776	 1.859	 2.722	 3.031	 2.025	 1.482	 1.881	 1.847	 2.685	 2.515	 4.334	 4.654	 | 4.654 max

train losses    168:	0.1872	 0.179	0.2896	 0.278	0.2413	0.2356	 0.279	0.2733	 0.327	0.3393	0.3282	0.3462	
val losses      168:	 0.225	 0.244	0.4026	0.3902	0.2882	0.2659	0.3718	0.3601	0.5738	0.5624	 1.065	 1.069	 | 0.4848 mean
                     	0.5702	0.6306	 1.081	 1.038	0.7159	0.6685	0.9363	0.9215	 1.455	 1.453	  2.73	 2.675	 | 1.543 quantile
                      	 1.777	 1.861	 2.714	 3.032	 2.016	  1.48	 1.879	 1.846	 2.686	 2.515	 4.334	 4.661	 | 4.661 max

train losses    170:	0.1868	0.1785	0.2891	0.2775	0.2404	0.2347	0.2781	0.2723	0.3253	0.3373	0.3275	0.3448	
val losses      170:	0.2247	0.2437	0.4024	0.3899	0.2875	0.2654	0.3716	  0.36	0.5739	0.5624	 1.066	 1.068	 | 0.4846 mean
                     	0.5691	0.6312	  1.08	 1.036	0.7153	0.6669	 0.935	0.9191	 1.455	 1.453	 2.731	 2.674	 | 1.545 quantile
                      	 1.775	 1.859	  2.71	 3.034	 2.012	 1.472	  1.88	 1.849	 2.692	 2.525	 4.338	 4.665	 | 4.665 max

train losses    172:	0.1863	 0.178	0.2886	0.2769	0.2395	0.2338	0.2771	0.2713	0.3233	 0.335	0.3292	0.3456	
val losses      172:	0.2246	0.2434	0.4023	0.3897	 0.287	0.2651	0.3714	0.3598	0.5741	0.5628	 1.067	 1.068	 | 0.4846 mean
                     	0.5685	0.6298	 1.079	 1.037	0.7137	0.6652	0.9359	0.9191	 1.457	 1.457	 2.731	 2.673	 | 1.543 quantile
                      	 1.774	 1.858	 2.706	 3.036	 2.008	 1.462	 1.877	 1.849	  2.71	 2.536	 4.341	 4.679	 | 4.679 max

train losses    174:	0.1859	0.1775	0.2881	0.2764	0.2386	 0.233	0.2762	0.2702	0.3215	0.3328	0.3368	0.3516	
val losses      174:	0.2245	0.2432	0.4021	0.3895	0.2865	 0.265	0.3711	0.3595	0.5745	0.5633	  1.07	 1.069	 | 0.4848 mean
                     	0.5678	0.6301	 1.079	 1.036	0.7135	0.6654	0.9358	0.9179	  1.46	 1.459	 2.735	 2.671	 | 1.543 quantile
                      	 1.772	 1.851	 2.702	 3.039	 2.004	 1.455	 1.877	  1.85	  2.72	 2.548	 4.364	 4.699	 | 4.699 max

train losses    176:	0.1855	0.1772	0.2876	0.2759	0.2377	0.2323	0.2754	0.2693	0.3199	0.3307	0.3569	0.3687	
val losses      176:	0.2244	 0.243	 0.402	0.3892	0.2858	0.2649	0.3709	0.3592	0.5753	0.5643	 1.076	 1.073	 | 0.4857 mean
                     	0.5668	0.6309	 1.077	 1.034	0.7109	0.6653	0.9368	0.9177	 1.465	 1.463	 2.749	 2.669	 | 1.542 quantile
                      	 1.769	 1.848	 2.698	 3.044	 1.995	  1.46	 1.876	  1.85	 2.736	 2.556	 4.394	 4.733	 | 4.733 max

train losses    178:	0.1852	0.1769	0.2871	0.2755	 0.237	0.2317	0.2748	0.2684	0.3189	0.3289	0.3984	0.4049	
val losses      178:	0.2245	0.2429	0.4019	 0.389	0.2851	0.2651	0.3708	 0.359	0.5762	0.5652	 1.091	 1.083	 | 0.4879 mean
                     	0.5665	 0.631	 1.077	 1.032	0.7091	0.6672	0.9378	0.9174	  1.47	 1.461	  2.79	 2.683	 | 1.551 quantile
                      	 1.765	  1.84	 2.694	  3.05	 1.987	 1.467	 1.876	 1.852	 2.757	 2.566	  4.44	 4.782	 | 4.782 max

train losses    180:	 0.185	0.1769	0.2867	0.2751	0.2364	0.2313	0.2746	0.2676	0.3183	0.3272	0.4622	0.4613	
val losses      180:	0.2247	 0.243	0.4019	0.3889	0.2844	0.2657	0.3706	0.3588	0.5769	 0.566	  1.12	 1.104	 | 0.492 mean
                     	0.5674	0.6329	 1.076	  1.03	0.7071	0.6692	0.9348	0.9191	 1.474	 1.464	 2.843	 2.744	 | 1.573 quantile
                      	 1.759	 1.835	 2.687	 3.054	  1.98	 1.474	 1.872	  1.85	 2.776	 2.575	 4.487	 4.824	 | 4.824 max

train losses    182:	0.1849	0.1771	0.2863	0.2748	0.2358	0.2312	0.2744	0.2668	0.3174	0.3256	0.5163	0.5092	
val losses      182:	0.2248	0.2434	0.4019	 0.389	0.2838	0.2665	0.3706	0.3587	0.5771	0.5659	 1.154	 1.131	 | 0.4972 mean
                     	0.5677	0.6345	 1.078	 1.028	0.7067	0.6727	0.9341	0.9196	 1.477	 1.465	 2.908	 2.817	 | 1.601 quantile
                      	 1.752	 1.833	 2.682	 3.054	 1.973	 1.477	 1.873	 1.859	 2.789	 2.582	 4.486	 4.822	 | 4.822 max

train losses    184:	0.1845	0.1768	0.2858	0.2743	 0.235	0.2308	0.2734	0.2659	0.3147	0.3239	0.5028	0.4957	
val losses      184:	0.2241	0.2432	0.4017	0.3887	0.2834	0.2661	0.3704	0.3585	0.5751	0.5649	 1.159	 1.134	 | 0.4974 mean
                     	0.5688	0.6332	 1.076	 1.025	0.7068	0.6738	 0.933	0.9217	 1.473	 1.458	 2.951	 2.837	 | 1.608 quantile
                      	 1.755	 1.845	  2.68	 3.041	 1.966	 1.472	 1.869	 1.862	 2.778	 2.582	  4.44	 4.779	 | 4.779 max

train losses    186:	0.1839	 0.176	0.2853	0.2735	0.2341	0.2298	0.2718	0.2647	0.3114	0.3221	0.4309	0.4303	
val losses      186:	0.2232	 0.242	0.4013	0.3883	0.2832	 0.264	0.3703	0.3585	0.5745	0.5637	 1.111	 1.097	 | 0.4897 mean
                     	0.5632	  0.63	 1.074	 1.028	0.7065	0.6681	0.9341	0.9217	 1.457	 1.457	 2.841	 2.757	 | 1.563 quantile
                      	 1.763	 1.849	 2.676	 3.033	 1.962	 1.466	 1.874	 1.876	 2.748	  2.58	 4.407	  4.76	 | 4.76 max

train losses    188:	0.1832	0.1749	0.2848	0.2728	0.2331	0.2286	0.2702	0.2634	0.3096	0.3207	0.3653	0.3715	
val losses      188:	0.2225	0.2413	0.4005	0.3875	0.2833	0.2623	0.3703	0.3582	0.5746	0.5632	 1.066	 1.066	 | 0.483 mean
                     	0.5617	0.6283	 1.072	 1.027	0.7075	0.6615	 0.934	 0.918	 1.463	 1.458	 2.736	 2.658	 | 1.534 quantile
                      	  1.78	 1.852	 2.682	 3.021	 1.963	 1.467	 1.871	 1.873	 2.722	 2.561	  4.39	 4.757	 | 4.757 max

train losses    190:	0.1827	0.1741	0.2842	0.2721	0.2322	0.2274	0.2686	0.2622	0.3091	0.3199	0.3219	0.3335	
val losses      190:	0.2221	 0.241	0.4002	0.3871	0.2837	0.2613	0.3704	0.3579	0.5762	0.5629	 1.064	 1.073	 | 0.4833 mean
                     	0.5606	0.6241	  1.07	 1.025	  0.71	0.6541	0.9348	0.9156	 1.465	 1.452	  2.72	  2.69	 | 1.547 quantile
                      	 1.778	 1.844	  2.68	 3.027	 1.969	  1.46	 1.868	 1.878	 2.703	 2.562	 4.314	  4.71	 | 4.71 max

train losses    192:	0.1822	0.1734	0.2838	0.2715	0.2314	0.2263	0.2673	0.2611	0.3092	0.3192	0.3023	0.3171	
val losses      192:	0.2213	 0.241	0.3999	0.3868	0.2836	0.2602	0.3704	0.3576	0.5768	0.5629	 1.074	 1.083	 | 0.4848 mean
                     	0.5607	0.6242	  1.07	 1.024	0.7095	0.6504	0.9365	 0.915	 1.465	 1.457	 2.736	 2.715	 | 1.566 quantile
                      	 1.789	 1.841	 2.683	 3.017	 1.975	  1.45	  1.86	 1.877	 2.699	 2.561	 4.225	 4.633	 | 4.633 max

train losses    194:	0.1817	0.1729	0.2833	0.2709	0.2307	0.2252	0.2662	0.2601	0.3098	0.3191	0.2972	0.3128	
val losses      194:	0.2208	0.2407	0.3997	0.3867	0.2828	0.2592	  0.37	0.3577	0.5772	0.5629	 1.076	 1.084	 | 0.4849 mean
                     	0.5593	0.6233	  1.07	 1.022	0.7083	0.6501	0.9351	0.9137	 1.463	 1.456	 2.747	 2.708	 | 1.565 quantile
                      	 1.786	 1.841	 2.673	 3.027	 1.973	 1.441	 1.861	 1.884	 2.677	 2.552	 4.169	 4.581	 | 4.581 max

train losses    196:	0.1813	0.1724	0.2828	0.2704	  0.23	0.2244	0.2653	0.2592	0.3118	0.3203	0.2976	0.3121	
val losses      196:	0.2204	0.2404	0.3995	0.3864	0.2825	 0.259	0.3699	 0.358	0.5786	0.5635	 1.074	 1.081	 | 0.4844 mean
                     	0.5587	0.6241	 1.068	 1.022	0.7051	0.6496	0.9347	0.9161	 1.461	  1.46	 2.736	 2.699	 | 1.561 quantile
                      	 1.788	 1.838	 2.666	 3.024	 1.971	 1.443	 1.868	 1.892	 2.662	 2.545	  4.16	 4.574	 | 4.574 max

train losses    198:	0.1808	 0.172	0.2823	0.2698	0.2294	0.2238	0.2644	0.2583	0.3159	0.3243	0.2924	0.3072	
val losses      198:	0.2204	0.2401	0.3993	0.3862	0.2824	0.2593	0.3697	 0.358	0.5814	0.5653	  1.07	 1.077	 | 0.4841 mean
                     	0.5588	0.6245	 1.068	 1.021	 0.706	0.6539	0.9331	0.9172	 1.462	 1.461	 2.728	 2.685	 | 1.553 quantile
                      	 1.784	 1.842	 2.657	 3.032	 1.965	 1.452	 1.874	 1.897	 2.632	 2.523	 4.185	 4.595	 | 4.595 max

train losses    200:	0.1805	0.1715	0.2819	0.2693	0.2289	0.2237	0.2636	0.2574	0.3239	 0.333	 0.284	0.2997	
val losses      200:	0.2204	0.2399	0.3991	0.3859	0.2827	0.2605	0.3696	0.3578	 0.586	0.5693	 1.066	 1.073	 | 0.4842 mean
                     	0.5603	0.6231	 1.068	 1.019	0.7066	0.6578	0.9323	0.9173	 1.466	 1.459	 2.716	 2.676	 | 1.546 quantile
                      	 1.787	 1.834	 2.651	 3.034	 1.963	 1.466	 1.879	 1.898	 2.599	 2.561	 4.209	 4.615	 | 4.615 max

train losses    202:	0.1802	0.1712	0.2814	0.2689	0.2287	 0.224	 0.263	0.2565	0.3374	0.3481	0.2777	0.2937	
val losses      202:	0.2205	0.2398	 0.399	0.3855	0.2829	0.2618	0.3693	0.3576	0.5943	0.5772	 1.064	 1.071	 | 0.4852 mean
                     	0.5585	0.6241	 1.067	 1.016	0.7074	0.6628	0.9306	0.9166	 1.471	 1.459	 2.717	  2.67	 | 1.542 quantile
                      	 1.788	 1.833	 2.646	 3.037	 1.957	 1.475	 1.881	 1.898	 2.573	 2.609	 4.226	 4.631	 | 4.631 max

train losses    204:	  0.18	 0.171	 0.281	0.2684	0.2285	0.2247	0.2624	0.2557	0.3529	0.3654	0.2749	0.2904	
val losses      204:	0.2204	0.2395	0.3988	0.3853	0.2827	0.2628	0.3692	0.3573	0.6042	0.5877	 1.063	 1.069	 | 0.4867 mean
                     	0.5596	0.6216	 1.066	 1.015	  0.71	0.6677	0.9303	 0.918	 1.486	 1.463	 2.718	 2.663	 | 1.544 quantile
                      	 1.789	 1.834	 2.639	 3.042	 1.957	 1.481	 1.884	 1.897	 2.603	 2.634	 4.229	 4.632	 | 4.632 max

train losses    206:	0.1797	0.1707	0.2805	0.2679	0.2279	0.2245	0.2616	0.2547	0.3565	0.3704	0.2744	 0.289	
val losses      206:	0.2202	0.2393	0.3987	 0.385	0.2816	0.2626	 0.369	0.3569	0.6094	 0.595	 1.063	 1.068	 | 0.4874 mean
                     	0.5588	0.6208	 1.069	 1.014	0.7041	 0.669	 0.928	0.9197	 1.499	  1.48	 2.717	 2.654	 | 1.544 quantile
                      	 1.789	 1.839	 2.632	 3.038	 1.948	 1.475	 1.878	 1.891	 2.649	 2.613	 4.232	 4.635	 | 4.635 max

train losses    208:	0.1791	0.1702	  0.28	0.2674	0.2267	0.2229	0.2606	0.2537	0.3392	0.3525	0.2746	0.2885	
val losses      208:	0.2195	0.2388	0.3984	0.3848	0.2797	0.2608	0.3688	0.3565	0.6006	0.5888	 1.064	 1.068	 | 0.4857 mean
                     	0.5574	0.6207	 1.066	 1.014	0.7001	0.6653	0.9281	0.9194	 1.497	 1.482	 2.718	 2.659	 | 1.539 quantile
                      	 1.795	  1.84	 2.636	 3.042	 1.941	 1.472	  1.87	 1.885	 2.681	  2.56	 4.241	 4.638	 | 4.638 max

train losses    210:	0.1785	0.1697	0.2795	0.2669	0.2253	0.2209	0.2593	0.2525	0.3144	0.3264	0.2749	0.2884	
val losses      210:	0.2191	0.2383	0.3985	0.3846	0.2783	0.2588	0.3686	0.3562	 0.587	0.5757	 1.065	 1.067	 | 0.4831 mean
                     	0.5537	 0.621	 1.068	 1.012	0.6985	0.6567	0.9304	0.9167	 1.477	 1.478	 2.721	 2.658	 | 1.536 quantile
                      	 1.789	 1.852	  2.63	 3.035	 1.928	 1.467	 1.861	 1.885	 2.647	 2.506	 4.247	 4.641	 | 4.641 max

train losses    212:	 0.178	0.1692	 0.279	0.2664	0.2242	0.2195	0.2582	0.2515	0.2989	0.3093	0.2766	0.2897	
val losses      212:	0.2186	0.2379	0.3981	0.3845	 0.278	0.2575	0.3685	 0.356	0.5773	0.5669	 1.065	 1.067	 | 0.4813 mean
                     	0.5526	0.6189	 1.066	 1.012	0.6956	0.6512	0.9291	0.9151	  1.47	 1.464	 2.726	 2.655	 | 1.534 quantile
                      	 1.799	 1.854	 2.641	 3.033	 1.923	 1.473	 1.857	 1.885	  2.74	  2.58	 4.267	 4.659	 | 4.659 max

train losses    214:	0.1776	0.1688	0.2784	0.2659	0.2234	0.2184	0.2572	0.2505	0.2921	0.3012	0.2832	0.2953	
val losses      214:	0.2185	0.2377	0.3981	0.3843	0.2778	0.2568	0.3684	0.3559	 0.576	0.5669	 1.066	 1.067	 | 0.4812 mean
                     	0.5531	0.6193	 1.067	 1.013	0.6925	0.6476	 0.928	0.9154	 1.471	  1.47	 2.729	 2.658	 | 1.533 quantile
                      	 1.793	 1.857	 2.639	 3.033	 1.909	 1.474	 1.852	 1.884	 2.807	 2.624	 4.293	 4.687	 | 4.687 max

train losses    216:	0.1773	0.1684	 0.278	0.2654	0.2227	0.2177	0.2564	0.2495	0.2892	0.2972	0.2996	0.3099	
val losses      216:	0.2183	0.2374	0.3978	0.3841	0.2774	0.2564	0.3683	0.3557	0.5776	0.5693	  1.07	 1.069	 | 0.4818 mean
                     	0.5517	0.6187	 1.063	 1.013	0.6904	0.6444	0.9281	0.9157	 1.472	  1.48	 2.732	 2.658	 | 1.536 quantile
                      	 1.797	 1.855	 2.642	 3.033	   1.9	 1.478	 1.853	 1.884	 2.853	 2.653	 4.322	 4.718	 | 4.718 max

train losses    218:	 0.177	0.1682	0.2775	 0.265	0.2221	0.2171	0.2557	0.2487	0.2879	0.2947	0.3328	0.3398	
val losses      218:	0.2183	0.2372	0.3978	0.3839	0.2764	0.2561	0.3682	0.3554	0.5793	0.5716	 1.079	 1.075	 | 0.4832 mean
                     	0.5517	0.6177	 1.064	 1.012	0.6885	0.6437	0.9281	0.9127	  1.48	 1.486	 2.743	 2.661	 | 1.545 quantile
                      	 1.793	  1.85	 2.639	 3.038	 1.888	 1.477	 1.851	 1.882	 2.877	 2.661	 4.375	 4.767	 | 4.767 max

train losses    220:	0.1767	 0.168	0.2771	0.2646	0.2216	0.2166	0.2553	0.2479	0.2885	0.2933	 0.386	0.3883	
val losses      220:	0.2182	0.2371	0.3976	0.3838	0.2758	0.2562	 0.368	0.3552	0.5812	0.5733	 1.095	 1.087	 | 0.4857 mean
                     	0.5517	0.6205	 1.059	 1.012	0.6878	0.6445	0.9299	 0.913	 1.485	 1.489	 2.776	 2.684	 | 1.554 quantile
                      	 1.792	  1.85	 2.636	 3.043	 1.881	 1.478	 1.848	 1.881	 2.902	 2.671	 4.432	 4.814	 | 4.814 max

train losses    222:	0.1766	0.1681	0.2768	0.2643	0.2212	0.2164	0.2549	0.2472	0.2897	0.2924	0.4404	 0.438	
val losses      222:	0.2181	0.2369	0.3975	0.3837	0.2752	0.2562	0.3679	 0.355	0.5815	0.5736	 1.114	 1.102	 | 0.4885 mean
                     	0.5506	0.6186	 1.059	 1.013	0.6871	0.6479	0.9291	0.9133	 1.484	 1.489	 2.826	 2.735	 | 1.573 quantile
                      	 1.788	 1.847	 2.631	 3.044	 1.875	 1.476	 1.845	 1.882	 2.912	 2.672	 4.439	 4.814	 | 4.814 max

train losses    224:	0.1763	0.1679	0.2764	0.2638	0.2206	 0.216	0.2542	0.2464	0.2881	0.2911	0.4464	0.4429	
val losses      224:	0.2175	0.2369	0.3973	0.3837	0.2749	0.2556	0.3676	0.3551	0.5804	0.5729	 1.122	 1.108	 | 0.4894 mean
                     	0.5487	0.6197	 1.059	 1.011	0.6883	0.6492	0.9296	0.9146	 1.486	 1.487	  2.86	 2.766	 | 1.577 quantile
                      	  1.79	  1.85	 2.628	 3.039	 1.872	  1.47	 1.838	 1.891	 2.907	  2.67	 4.377	  4.74	 | 4.74 max

train losses    226:	0.1757	0.1672	0.2758	0.2632	  0.22	0.2153	0.2528	0.2454	0.2838	0.2891	0.3851	0.3856	
val losses      226:	0.2168	0.2363	 0.397	0.3834	0.2745	0.2547	0.3674	 0.355	0.5778	0.5708	 1.108	 1.097	 | 0.4866 mean
                     	0.5484	0.6196	  1.06	 1.009	0.6868	0.6465	0.9299	0.9127	 1.475	 1.475	 2.849	 2.762	 | 1.565 quantile
                      	 1.795	 1.842	 2.623	 3.035	 1.868	 1.455	 1.838	 1.897	 2.881	 2.656	 4.318	 4.684	 | 4.684 max

train losses    228:	0.1752	0.1664	0.2753	0.2626	0.2192	0.2144	0.2514	0.2443	0.2808	0.2878	0.3192	0.3251	
val losses      228:	0.2165	0.2358	0.3967	 0.383	0.2743	0.2541	0.3676	0.3552	0.5782	0.5708	 1.082	 1.077	 | 0.4826 mean
                     	0.5479	0.6162	  1.06	 1.007	0.6885	0.6421	 0.929	0.9123	 1.477	 1.474	 2.785	 2.702	 | 1.549 quantile
                      	   1.8	  1.86	 2.624	 3.025	 1.864	 1.455	 1.841	 1.905	 2.839	 2.634	 4.319	  4.68	 | 4.68 max

train losses    230:	0.1748	0.1658	0.2748	 0.262	0.2185	0.2136	0.2503	0.2432	  0.28	0.2873	 0.284	0.2933	
val losses      230:	0.2165	0.2356	0.3964	0.3825	0.2743	0.2541	0.3678	 0.355	0.5793	0.5709	 1.064	 1.066	 | 0.4801 mean
                     	 0.549	0.6158	 1.059	 1.006	0.6894	0.6435	0.9289	0.9133	 1.476	 1.475	 2.726	  2.64	 | 1.535 quantile
                      	 1.805	  1.84	  2.62	 3.025	 1.858	 1.457	 1.847	 1.909	 2.819	 2.613	 4.331	 4.704	 | 4.704 max

train losses    232:	0.1744	0.1654	0.2743	0.2615	0.2178	0.2129	0.2492	0.2422	0.2799	0.2873	0.2661	0.2771	
val losses      232:	0.2164	0.2354	0.3962	0.3822	0.2746	 0.254	0.3676	0.3547	0.5809	0.5711	 1.059	 1.065	 | 0.4798 mean
                     	0.5487	0.6141	  1.06	 1.004	 0.691	 0.645	0.9259	0.9125	 1.479	 1.474	 2.697	 2.666	 | 1.534 quantile
                      	 1.807	 1.849	 2.623	 3.029	 1.856	 1.458	 1.844	 1.902	 2.789	 2.602	 4.306	  4.68	 | 4.68 max

train losses    234:	 0.174	0.1649	0.2739	 0.261	0.2172	0.2123	0.2482	0.2413	0.2802	0.2876	0.2545	0.2668	
val losses      234:	0.2159	0.2354	 0.396	0.3819	0.2746	0.2534	0.3672	0.3543	0.5814	0.5712	  1.06	 1.068	 | 0.4799 mean
                     	0.5463	0.6136	 1.058	 1.004	0.6889	0.6404	0.9254	0.9107	 1.476	  1.48	 2.704	 2.668	 | 1.541 quantile
                      	 1.811	 1.842	 2.621	  3.03	 1.854	 1.453	 1.844	 1.901	 2.783	 2.591	 4.261	 4.643	 | 4.643 max

train losses    236:	0.1736	0.1644	0.2734	0.2605	0.2165	0.2116	0.2472	0.2403	0.2818	0.2888	0.2453	0.2586	
val losses      236:	0.2155	0.2349	0.3959	0.3818	0.2743	0.2527	0.3669	0.3543	0.5819	0.5711	 1.062	  1.07	 | 0.4801 mean
                     	0.5456	0.6136	 1.057	 1.003	0.6883	0.6402	 0.925	0.9112	 1.472	 1.478	  2.71	 2.661	 | 1.544 quantile
                      	  1.81	 1.852	 2.618	 3.029	 1.854	 1.446	 1.843	 1.902	 2.763	 2.584	 4.214	 4.595	 | 4.595 max

train losses    238:	0.1732	 0.164	 0.273	  0.26	 0.216	 0.211	0.2463	0.2394	0.2849	0.2914	0.2412	0.2547	
val losses      238:	 0.215	0.2348	0.3958	0.3817	0.2738	0.2523	0.3668	0.3543	0.5833	0.5717	 1.063	  1.07	 | 0.4802 mean
                     	0.5444	0.6131	 1.059	 1.002	0.6862	  0.64	0.9233	0.9116	 1.472	 1.475	 2.712	 2.664	 | 1.546 quantile
                      	 1.811	 1.847	 2.612	 3.028	 1.855	 1.443	 1.848	 1.907	 2.747	 2.567	 4.199	 4.583	 | 4.583 max

train losses    240:	0.1728	0.1636	0.2726	0.2595	0.2156	0.2106	0.2455	0.2386	0.2906	0.2968	0.2398	 0.253	
val losses      240:	0.2148	0.2345	0.3957	0.3815	0.2736	0.2523	0.3669	0.3545	0.5864	0.5733	 1.063	  1.07	 | 0.4806 mean
                     	0.5451	0.6117	 1.059	   1.0	0.6859	 0.639	0.9244	0.9111	 1.471	 1.479	 2.714	 2.663	 | 1.545 quantile
                      	 1.808	 1.848	 2.605	 3.027	 1.855	 1.446	 1.853	 1.914	 2.714	 2.572	 4.188	 4.569	 | 4.569 max

train losses    242:	0.1725	0.1633	0.2721	 0.259	0.2152	0.2104	0.2449	0.2379	0.2998	0.3063	0.2377	0.2509	
val losses      242:	0.2147	0.2344	0.3956	0.3813	0.2735	0.2526	 0.367	0.3546	0.5916	0.5772	 1.063	  1.07	 | 0.4813 mean
                     	 0.545	0.6129	 1.057	0.9999	0.6856	0.6399	0.9233	0.9117	  1.47	 1.477	 2.712	 2.662	 | 1.544 quantile
                      	 1.807	 1.845	 2.599	 3.029	 1.855	 1.454	 1.855	 1.918	 2.675	 2.607	 4.192	 4.565	 | 4.565 max

train losses    244:	0.1722	 0.163	0.2718	0.2586	 0.215	0.2105	0.2443	0.2372	0.3133	0.3211	0.2352	0.2483	
val losses      244:	0.2145	0.2342	0.3954	 0.381	0.2735	0.2534	 0.367	0.3546	   0.6	0.5845	 1.062	 1.069	 | 0.4825 mean
                     	 0.544	0.6115	 1.056	0.9988	0.6863	0.6435	0.9246	0.9126	 1.481	 1.476	 2.711	  2.66	 | 1.544 quantile
                      	 1.807	 1.845	 2.593	 3.031	 1.851	 1.455	 1.857	 1.921	 2.626	 2.642	 4.214	 4.574	 | 4.574 max

train losses    246:	 0.172	0.1627	0.2714	0.2581	0.2148	0.2108	0.2437	0.2365	 0.328	0.3376	0.2334	0.2461	
val losses      246:	0.2144	 0.234	0.3952	0.3808	0.2733	0.2541	0.3668	0.3544	0.6106	0.5948	 1.062	 1.068	 | 0.4841 mean
                     	0.5448	0.6107	 1.057	0.9986	0.6865	0.6471	0.9251	0.9129	 1.497	 1.493	 2.712	 2.664	 | 1.546 quantile
                      	 1.807	 1.844	 2.585	 3.035	 1.847	  1.46	 1.856	 1.922	 2.655	 2.667	 4.229	 4.584	 | 4.584 max

train losses    248:	0.1717	0.1624	0.2709	0.2577	0.2145	0.2109	0.2431	0.2357	 0.336	0.3471	0.2327	0.2449	
val losses      248:	0.2141	0.2338	 0.395	0.3805	0.2727	0.2544	0.3665	 0.354	0.6192	0.6046	 1.062	 1.068	 | 0.4854 mean
                     	0.5435	0.6108	 1.057	 0.998	0.6882	0.6505	0.9243	0.9118	 1.521	 1.511	 2.709	 2.664	 | 1.549 quantile
                      	  1.81	 1.841	 2.581	 3.037	  1.84	 1.462	 1.852	  1.92	   2.7	 2.668	 4.242	 4.581	 | 4.581 max

train losses    250:	0.1713	0.1621	0.2705	0.2572	0.2138	0.2101	0.2421	0.2348	0.3287	0.3401	0.2334	0.2448	
val losses      250:	0.2137	0.2334	0.3948	0.3803	0.2717	0.2539	0.3662	0.3536	0.6188	0.6067	 1.062	 1.067	 | 0.4852 mean
                     	0.5428	0.6091	 1.056	0.9979	0.6859	0.6502	0.9228	0.9135	 1.527	 1.519	 2.716	 2.659	 | 1.55 quantile
                      	 1.808	  1.84	 2.575	 3.037	 1.834	 1.458	 1.849	 1.919	 2.736	  2.64	 4.252	 4.584	 | 4.584 max

train losses    252:	0.1709	0.1617	  0.27	0.2568	0.2128	0.2087	0.2411	0.2337	0.3097	0.3203	0.2351	0.2459	
val losses      252:	0.2132	 0.233	0.3946	  0.38	0.2705	0.2526	0.3659	0.3533	0.6067	0.5969	 1.062	 1.066	 | 0.483 mean
                     	0.5403	0.6085	 1.056	0.9973	0.6836	0.6428	0.9234	0.9126	   1.5	 1.504	 2.722	 2.659	 | 1.545 quantile
                      	 1.812	  1.84	 2.581	 3.036	 1.825	 1.457	 1.844	 1.918	 2.737	 2.598	 4.267	 4.589	 | 4.589 max

train losses    254:	0.1704	0.1613	0.2695	0.2563	0.2118	0.2074	  0.24	0.2327	0.2902	0.2998	0.2391	0.2492	
val losses      254:	 0.213	0.2326	0.3945	0.3799	0.2699	0.2515	0.3658	0.3531	0.5917	0.5825	 1.063	 1.066	 | 0.4803 mean
                     	0.5379	0.6084	 1.055	0.9961	0.6783	0.6409	0.9244	0.9112	 1.484	 1.487	 2.722	 2.661	 | 1.533 quantile
                      	  1.81	 1.845	 2.579	 3.034	 1.819	 1.462	 1.842	 1.922	 2.697	 2.557	 4.273	 4.595	 | 4.595 max

train losses    256:	  0.17	0.1609	 0.269	0.2558	 0.211	0.2063	0.2391	0.2318	0.2765	0.2853	0.2485	0.2577	
val losses      256:	0.2128	0.2323	0.3943	0.3797	0.2698	0.2507	0.3658	 0.353	0.5815	0.5733	 1.064	 1.066	 | 0.4786 mean
                     	0.5388	 0.607	 1.054	0.9929	 0.678	0.6358	0.9224	0.9104	 1.474	  1.48	 2.721	  2.66	 | 1.532 quantile
                      	 1.807	 1.849	 2.589	 3.035	  1.81	 1.464	 1.834	 1.918	 2.775	 2.579	 4.291	 4.608	 | 4.608 max

train losses    258:	0.1697	0.1606	0.2685	0.2554	0.2103	0.2057	0.2384	0.2309	0.2683	0.2762	0.2703	0.2777	
val losses      258:	0.2128	0.2322	0.3942	0.3796	0.2696	0.2504	0.3657	0.3528	0.5787	0.5714	 1.068	 1.068	 | 0.4786 mean
                     	0.5367	 0.607	 1.055	0.9933	0.6748	0.6345	0.9233	0.9091	 1.474	 1.478	 2.732	 2.649	 | 1.534 quantile
                      	   1.8	 1.852	 2.588	 3.035	   1.8	 1.457	 1.827	 1.917	 2.839	 2.624	  4.34	  4.65	 | 4.65 max

train losses    260:	0.1695	0.1604	0.2681	 0.255	0.2098	0.2052	0.2379	0.2302	0.2637	0.2704	0.3149	 0.319	
val losses      260:	0.2128	0.2321	 0.394	0.3795	0.2691	0.2502	0.3657	0.3527	0.5794	 0.573	 1.077	 1.075	 | 0.48 mean
                     	0.5373	0.6078	 1.053	0.9947	0.6768	0.6339	0.9223	0.9083	 1.483	 1.486	  2.74	 2.651	 | 1.543 quantile
                      	 1.802	 1.846	 2.591	 3.036	 1.788	 1.454	 1.821	 1.914	 2.884	 2.653	 4.416	 4.721	 | 4.721 max

train losses    262:	0.1693	0.1605	0.2678	0.2547	0.2094	0.2049	0.2377	0.2296	0.2635	0.2667	0.3875	0.3867	
val losses      262:	0.2129	 0.232	 0.394	0.3794	0.2683	0.2501	0.3654	0.3523	0.5822	0.5764	 1.095	 1.089	 | 0.4831 mean
                     	0.5358	 0.609	 1.052	0.9957	0.6731	0.6344	0.9212	0.9084	 1.492	 1.496	 2.768	 2.684	 | 1.557 quantile
                      	   1.8	  1.84	 2.587	  3.04	 1.778	 1.459	 1.818	 1.913	 2.937	  2.68	 4.497	 4.803	 | 4.803 max

train losses    264:	0.1692	0.1606	0.2675	0.2545	0.2092	0.2046	0.2376	0.2292	0.2681	0.2657	0.4629	0.4575	
val losses      264:	0.2127	0.2322	0.3941	0.3794	0.2677	0.2499	0.3648	0.3519	0.5858	0.5802	 1.119	 1.108	 | 0.4871 mean
                     	0.5378	0.6105	 1.048	0.9946	 0.671	0.6344	0.9242	0.9094	 1.496	 1.503	 2.836	 2.744	 | 1.577 quantile
                      	 1.805	 1.827	 2.587	 3.041	 1.775	 1.477	 1.817	 1.916	 2.989	 2.704	  4.47	 4.776	 | 4.776 max

train losses    266:	0.1689	0.1605	0.2672	0.2542	0.2089	0.2042	0.2369	0.2287	0.2718	0.2664	0.4682	0.4626	
val losses      266:	0.2121	0.2317	 0.394	0.3794	0.2672	0.2485	0.3641	0.3516	0.5864	0.5815	 1.131	 1.118	 | 0.4888 mean
                     	0.5353	0.6101	 1.051	0.9951	  0.67	0.6328	0.9228	0.9085	 1.498	 1.506	 2.891	 2.793	 | 1.595 quantile
                      	 1.796	 1.834	 2.589	 3.039	 1.774	 1.467	  1.81	 1.915	  3.02	 2.735	 4.344	 4.633	 | 4.633 max

train losses    268:	0.1684	0.1598	0.2667	0.2535	0.2083	0.2035	0.2355	0.2277	0.2669	 0.265	0.3784	0.3775	
val losses      268:	0.2113	0.2315	0.3935	0.3792	0.2669	 0.247	0.3643	0.3522	 0.584	0.5796	 1.119	 1.107	 | 0.4863 mean
                     	0.5359	0.6083	 1.048	0.9929	0.6682	0.6291	0.9204	0.9081	 1.491	  1.51	 2.878	 2.796	 | 1.586 quantile
                      	 1.798	 1.869	 2.594	 3.029	 1.769	 1.424	 1.792	 1.917	 2.968	 2.717	 4.319	 4.598	 | 4.598 max

train losses    270:	 0.168	 0.159	0.2661	 0.253	0.2077	0.2026	0.2341	0.2265	0.2606	0.2622	0.3005	0.3044	
val losses      270:	0.2111	0.2305	0.3932	 0.379	0.2666	0.2471	 0.365	0.3525	0.5808	0.5773	 1.085	  1.08	 | 0.4807 mean
                     	0.5338	0.6028	 1.045	0.9923	0.6701	0.6274	0.9211	0.9063	 1.475	 1.497	 2.799	 2.722	 | 1.553 quantile
                      	 1.806	 1.857	 2.582	 3.019	 1.759	 1.417	 1.808	 1.932	 2.936	 2.718	 4.353	 4.658	 | 4.658 max

train losses    272:	0.1676	0.1584	0.2657	0.2525	0.2069	0.2019	0.2328	0.2254	0.2575	0.2604	 0.265	0.2715	
val losses      272:	0.2116	0.2305	 0.393	0.3784	0.2668	0.2478	0.3657	0.3528	0.5809	0.5762	 1.061	 1.064	 | 0.4774 mean
                     	0.5365	 0.603	 1.045	0.9912	0.6714	0.6295	0.9228	0.9083	 1.489	 1.495	 2.718	 2.644	 | 1.534 quantile
                      	 1.813	 1.846	 2.584	 3.019	 1.753	 1.446	 1.809	 1.928	  2.93	  2.65	 4.346	 4.662	 | 4.662 max

train losses    274:	0.1674	0.1581	0.2652	0.2519	0.2063	0.2015	 0.232	0.2246	0.2561	0.2596	 0.245	0.2534	
val losses      274:	0.2114	0.2306	0.3928	 0.378	0.2672	0.2476	0.3661	0.3526	0.5823	0.5768	 1.057	 1.064	 | 0.4772 mean
                     	 0.535	0.6001	 1.047	  0.99	 0.671	0.6259	0.9243	0.9066	 1.479	 1.497	 2.691	 2.661	 | 1.537 quantile
                      	 1.802	 1.858	 2.584	 3.029	 1.753	 1.416	 1.827	 1.937	 2.857	 2.652	 4.361	 4.694	 | 4.694 max

train losses    276:	 0.167	0.1576	0.2648	0.2515	0.2057	0.2008	 0.231	0.2236	0.2555	0.2592	0.2289	0.2385	
val losses      276:	 0.211	0.2303	0.3926	0.3779	0.2671	0.2472	0.3651	0.3521	0.5824	0.5765	 1.058	 1.067	 | 0.4773 mean
                     	0.5354	0.6012	 1.042	0.9897	0.6723	0.6255	0.9219	0.9034	 1.479	 1.494	 2.701	 2.667	 | 1.546 quantile
                      	 1.814	  1.85	 2.581	 3.028	 1.752	  1.42	 1.822	 1.929	 2.894	 2.628	 4.243	 4.571	 | 4.571 max

train losses    278:	0.1666	0.1572	0.2643	 0.251	0.2051	0.2002	  0.23	0.2227	0.2553	0.2586	0.2174	0.2286	
val losses      278:	0.2103	0.2301	0.3924	0.3777	0.2669	 0.246	0.3647	0.3518	0.5817	0.5758	 1.061	  1.07	 | 0.4774 mean
                     	0.5337	0.5987	 1.046	0.9861	0.6712	0.6242	 0.923	 0.903	 1.479	 1.498	 2.706	 2.661	 | 1.551 quantile
                      	 1.807	 1.848	 2.579	  3.03	 1.762	 1.408	 1.817	  1.93	 2.867	 2.637	 4.261	 4.572	 | 4.572 max

train losses    280:	0.1662	0.1568	0.2639	0.2505	0.2046	0.1995	0.2292	 0.222	0.2553	 0.258	0.2172	0.2281	
val losses      280:	  0.21	0.2298	0.3924	0.3777	0.2663	0.2456	0.3646	0.3518	 0.582	0.5768	 1.062	  1.07	 | 0.4774 mean
                     	0.5341	0.5983	 1.041	0.9869	0.6704	 0.621	0.9216	 0.905	 1.479	 1.493	 2.706	 2.666	 | 1.55 quantile
                      	 1.798	 1.874	 2.579	  3.03	 1.757	 1.397	 1.826	 1.936	 2.853	 2.662	  4.17	 4.487	 | 4.487 max

train losses    282:	0.1659	0.1565	0.2635	0.2501	0.2042	0.1991	0.2284	0.2211	0.2551	0.2577	0.2181	0.2281	
val losses      282:	0.2098	0.2296	0.3923	0.3777	 0.266	0.2455	0.3645	0.3518	 0.582	0.5759	 1.062	  1.07	 | 0.4773 mean
                     	 0.533	0.5975	 1.042	0.9892	0.6708	0.6223	0.9191	0.9047	 1.477	 1.497	 2.704	  2.66	 | 1.552 quantile
                      	 1.816	 1.839	 2.569	 3.024	 1.761	 1.427	  1.82	 1.934	 2.886	 2.618	 4.188	 4.501	 | 4.501 max

train losses    284:	0.1656	0.1562	0.2631	0.2496	0.2037	0.1986	0.2278	0.2205	0.2551	0.2574	0.2149	 0.225	
val losses      284:	0.2095	0.2293	0.3923	0.3774	0.2657	0.2453	0.3651	0.3521	0.5829	0.5767	 1.062	  1.07	 | 0.4773 mean
                     	0.5323	0.5963	 1.041	0.9872	 0.669	 0.622	0.9187	0.9057	 1.471	 1.495	 2.709	 2.668	 | 1.549 quantile
                      	 1.786	 1.858	 2.567	  3.03	  1.75	 1.402	 1.823	 1.942	 2.824	 2.647	 4.281	  4.59	 | 4.59 max

train losses    286:	0.1652	0.1557	0.2627	0.2492	0.2033	0.1981	 0.227	0.2196	0.2556	0.2583	 0.211	0.2212	
val losses      286:	0.2094	0.2291	0.3922	0.3774	0.2652	0.2456	0.3647	0.3522	0.5838	0.5768	  1.06	 1.068	 | 0.477 mean
                     	0.5323	0.5969	 1.038	0.9894	0.6677	0.6225	0.9199	0.9054	 1.476	 1.494	 2.702	 2.666	 | 1.545 quantile
                      	 1.815	 1.853	 2.567	 3.026	 1.741	 1.432	 1.822	 1.938	 2.883	 2.617	  4.21	 4.445	 | 4.445 max

train losses    288:	 0.165	0.1555	0.2623	0.2488	0.2027	0.1977	0.2263	0.2189	0.2582	 0.261	0.2088	0.2193	
val losses      288:	0.2091	0.2289	 0.392	0.3771	0.2651	0.2455	0.3651	0.3522	0.5846	0.5764	 1.061	 1.068	 | 0.4771 mean
                     	0.5314	0.5968	  1.04	0.9871	0.6688	0.6223	 0.917	0.9069	 1.473	 1.494	 2.704	 2.664	 | 1.544 quantile
                      	 1.799	 1.832	 2.553	 3.028	 1.748	  1.42	 1.829	 1.951	 2.781	 2.598	 4.312	 4.607	 | 4.607 max

train losses    290:	0.1646	0.1552	0.2619	0.2484	0.2025	0.1976	0.2259	0.2184	0.2649	0.2685	 0.208	0.2182	
val losses      290:	 0.209	0.2286	0.3918	0.3769	 0.265	 0.246	 0.365	0.3524	0.5876	0.5778	 1.059	 1.066	 | 0.4771 mean
                     	0.5311	0.5969	 1.037	0.9868	0.6679	0.6214	0.9184	0.9067	 1.462	 1.484	 2.698	 2.663	 | 1.54 quantile
                      	 1.796	 1.852	 2.561	 3.029	 1.736	 1.428	 1.825	 1.948	  2.83	 2.622	 4.206	 4.491	 | 4.491 max

train losses    292:	0.1644	0.1549	0.2615	 0.248	0.2022	0.1977	0.2253	0.2177	 0.279	0.2844	0.2079	0.2176	
val losses      292:	0.2088	0.2287	0.3917	0.3768	0.2651	0.2467	0.3652	0.3527	 0.593	0.5805	 1.059	 1.066	 | 0.4779 mean
                     	0.5287	0.5963	 1.037	0.9868	0.6687	 0.625	0.9182	0.9101	 1.472	 1.485	 2.698	 2.661	 | 1.54 quantile
                      	  1.81	 1.834	 2.545	  3.03	 1.737	  1.44	 1.836	 1.951	 2.702	 2.669	 4.264	 4.545	 | 4.545 max

train losses    294:	0.1642	0.1548	0.2612	0.2476	0.2024	0.1985	0.2253	0.2175	 0.303	0.3112	0.2078	0.2169	
val losses      294:	0.2087	0.2283	0.3915	0.3764	0.2655	0.2478	0.3654	0.3528	0.6041	0.5898	 1.059	 1.066	 | 0.4796 mean
                     	0.5293	0.5972	 1.035	0.9857	0.6694	0.6277	0.9174	0.9096	 1.491	 1.483	 2.701	 2.662	 | 1.541 quantile
                      	 1.789	 1.835	 2.544	 3.034	 1.748	  1.43	 1.839	 1.964	 2.682	 2.705	 4.254	 4.537	 | 4.537 max

train losses    296:	0.1641	0.1546	 0.261	0.2473	0.2026	0.1997	 0.225	0.2171	0.3323	0.3452	0.2093	0.2177	
val losses      296:	0.2087	0.2284	0.3915	0.3764	0.2651	 0.249	0.3654	 0.353	0.6217	0.6061	 1.059	 1.065	 | 0.4824 mean
                     	0.5291	0.5963	 1.034	0.9878	0.6709	0.6318	0.9174	0.9091	 1.516	 1.522	 2.705	 2.659	 | 1.549 quantile
                      	 1.816	  1.84	 2.541	  3.04	 1.725	 1.446	 1.844	 1.956	 2.698	 2.759	 4.235	 4.505	 | 4.505 max

train losses    298:	 0.164	0.1544	0.2606	 0.247	0.2026	0.2002	0.2248	0.2166	0.3483	0.3642	0.2141	0.2213	
val losses      298:	0.2083	0.2282	0.3911	 0.376	0.2642	0.2494	0.3649	0.3522	0.6394	0.6265	  1.06	 1.065	 | 0.4854 mean
                     	0.5285	0.5968	 1.036	0.9863	0.6704	0.6364	0.9159	0.9064	 1.555	 1.565	 2.705	 2.657	 | 1.562 quantile
                      	 1.792	 1.829	 2.526	 3.037	 1.738	 1.434	 1.837	 1.959	  2.75	  2.75	 4.313	 4.567	 | 4.567 max

