train losses      0:	0.5538	 0.591	0.3339	0.3311	0.7174	0.7563	0.4541	0.4633	  1.59	 1.602	 1.462	 1.459	
val losses        0:	0.5168	0.6818	0.4232	 0.414	 0.579	 0.652	0.5217	0.4573	 1.387	 1.417	 1.707	 1.711	 | 0.8723 mean
                     	 1.635	 2.054	 1.139	 1.111	 1.722	 1.857	  1.46	 1.356	  3.89	  3.92	 4.932	 4.941	 | 2.985 quantile
                      	 6.299	  7.95	 2.887	 2.913	 3.778	  3.77	 3.341	 3.106	 6.605	 6.973	 7.927	 8.053	 | 8.053 max

train losses      2:	0.5527	0.5822	0.3313	0.3258	0.7167	0.7545	0.4539	0.4634	 1.588	   1.6	 1.461	 1.458	
val losses        2:	0.5168	0.6776	0.4277	0.4157	0.5797	0.6462	0.4923	0.4597	 1.385	 1.415	 1.705	 1.703	 | 0.8687 mean
                     	 1.636	 2.043	 1.132	 1.119	 1.726	 1.842	 1.412	 1.353	  3.87	 3.901	 4.903	 4.909	 | 2.983 quantile
                      	 6.289	 7.863	 2.975	 2.916	 3.787	 3.756	 3.242	 3.156	 6.592	 6.909	 7.882	 7.978	 | 7.978 max

train losses      4:	0.5513	0.5751	0.3303	0.3233	0.7156	0.7516	0.4538	0.4637	 1.582	 1.594	 1.459	 1.456	
val losses        4:	0.5159	0.6683	0.4257	0.4149	0.5731	0.6483	0.4767	0.4621	 1.378	 1.408	 1.703	 1.698	 | 0.8643 mean
                     	 1.644	 2.011	 1.129	 1.119	 1.717	 1.864	 1.374	 1.354	 3.855	 3.886	 4.895	 4.892	 | 2.975 quantile
                      	 6.249	 7.712	 2.945	 2.888	 3.841	 3.667	 3.159	 3.178	 6.539	 6.873	 7.877	 7.933	 | 7.933 max

train losses      6:	0.5487	 0.568	  0.33	0.3221	0.7136	0.7497	0.4536	 0.464	 1.573	 1.585	 1.457	 1.452	
val losses        6:	0.5103	 0.658	0.4238	0.4141	0.5713	0.6458	0.4726	 0.462	  1.37	 1.399	   1.7	 1.693	 | 0.8599 mean
                     	 1.617	 1.979	  1.13	 1.117	 1.713	 1.865	 1.364	  1.35	 3.849	 3.857	 4.877	  4.88	 | 2.969 quantile
                      	   6.2	 7.555	 2.913	 2.859	 3.799	 3.672	 3.094	 3.146	  6.53	 6.786	 7.874	 7.943	 | 7.943 max

train losses      8:	0.5448	0.5603	0.3302	0.3219	0.7102	0.7497	0.4533	0.4646	 1.558	 1.568	 1.452	 1.447	
val losses        8:	0.5045	0.6489	0.4234	0.4138	0.5692	0.6377	 0.472	0.4611	 1.357	 1.385	 1.694	 1.687	 | 0.8545 mean
                     	 1.604	 1.932	 1.133	 1.111	 1.705	 1.858	 1.361	 1.355	 3.843	 3.831	 4.859	 4.872	 | 2.959 quantile
                      	 6.154	 7.394	 2.882	 2.837	 3.767	 3.665	 3.092	 3.102	 6.531	 6.732	 7.883	 7.952	 | 7.952 max

train losses     10:	0.5397	0.5521	0.3314	0.3225	0.7053	 0.751	0.4531	0.4658	 1.532	 1.542	 1.445	  1.44	
val losses       10:	0.4997	0.6406	0.4248	0.4152	0.5672	0.6339	0.4718	0.4607	 1.336	 1.367	 1.686	 1.681	 | 0.8487 mean
                     	 1.583	 1.889	  1.14	 1.109	 1.689	 1.853	 1.363	 1.353	 3.835	 3.798	 4.848	 4.857	 | 2.944 quantile
                      	 6.091	  7.22	 2.856	 2.841	 3.742	 3.651	 3.086	 3.099	 6.455	 6.669	  7.89	 7.933	 | 7.933 max

train losses     12:	0.5327	0.5434	0.3344	0.3237	0.6982	 0.754	 0.453	0.4678	 1.491	 1.502	 1.434	  1.43	
val losses       12:	0.4939	0.6321	0.4266	0.4166	0.5641	0.6327	 0.472	0.4615	 1.306	 1.341	 1.677	 1.672	 | 0.8413 mean
                     	 1.548	  1.86	 1.134	  1.11	 1.673	  1.84	 1.364	 1.368	 3.807	 3.761	 4.841	 4.831	 | 2.917 quantile
                      	 5.978	  7.07	 2.828	 2.859	 3.754	 3.602	 3.076	 3.127	 6.455	 6.555	  7.86	 7.896	 | 7.896 max

train losses     14:	0.5238	0.5357	0.3408	 0.326	0.6881	0.7591	 0.453	0.4703	 1.432	 1.442	 1.417	 1.416	
val losses       14:	0.4873	0.6227	 0.429	 0.418	0.5588	0.6331	0.4726	0.4623	 1.264	 1.303	 1.662	 1.659	 | 0.831 mean
                     	 1.518	 1.839	 1.136	 1.111	 1.667	 1.829	 1.368	 1.373	 3.723	 3.702	 4.815	 4.801	 | 2.876 quantile
                      	   5.8	 6.928	 2.816	 2.883	 3.738	 3.579	 3.067	 3.159	 6.357	 6.342	 7.807	 7.862	 | 7.862 max

train losses     16:	 0.514	0.5297	0.3541	0.3296	0.6762	0.7666	0.4534	0.4738	 1.349	 1.357	 1.394	 1.396	
val losses       16:	0.4806	 0.613	0.4335	0.4189	0.5519	0.6362	0.4732	0.4637	 1.205	 1.248	 1.641	  1.64	 | 0.8171 mean
                     	 1.486	 1.804	 1.141	 1.114	 1.659	 1.827	  1.37	 1.376	 3.591	  3.54	 4.776	 4.755	 | 2.798 quantile
                      	 5.582	 6.772	 2.828	 2.913	 3.817	 3.552	 3.077	 3.195	 6.037	 5.981	 7.751	 7.812	 | 7.812 max

train losses     18:	0.5043	 0.524	0.3769	0.3336	0.6661	0.7765	0.4542	0.4753	 1.241	 1.248	 1.365	 1.367	
val losses       18:	0.4739	 0.603	0.4415	0.4203	0.5447	0.6405	0.4734	0.4639	 1.131	 1.178	 1.611	 1.612	 | 0.7995 mean
                     	  1.46	 1.771	 1.154	 1.118	  1.64	 1.826	 1.362	 1.374	 3.363	 3.356	 4.712	 4.697	 | 2.701 quantile
                      	 5.328	 6.556	 2.846	 2.935	 3.955	 3.487	 3.086	 3.237	 5.533	 5.505	 7.679	 7.718	 | 7.718 max

train losses     20:	 0.497	0.5182	0.4076	0.3384	0.6623	 0.779	0.4556	0.4736	 1.117	 1.124	  1.33	 1.329	
val losses       20:	0.4678	0.5918	0.4513	0.4226	0.5434	0.6414	0.4726	0.4636	 1.046	 1.095	 1.577	 1.575	 | 0.779 mean
                     	 1.425	 1.734	 1.175	 1.122	 1.636	 1.821	 1.351	 1.369	 3.054	 3.116	 4.592	 4.573	 | 2.568 quantile
                      	 5.037	  6.31	 2.876	 2.924	 4.132	 3.515	 3.065	 3.257	 4.954	  4.95	 7.541	 7.536	 | 7.541 max

train losses     22:	0.4918	0.5074	0.4273	0.3421	0.6641	0.7697	0.4572	0.4744	0.9935	 1.001	  1.29	  1.28	
val losses       22:	0.4612	0.5788	0.4599	0.4234	0.5448	0.6316	0.4719	0.4645	0.9625	 1.007	 1.541	 1.529	 | 0.7563 mean
                     	 1.387	 1.692	 1.194	 1.119	 1.623	 1.797	 1.339	 1.362	 2.806	 2.877	 4.432	 4.417	 | 2.447 quantile
                      	 4.753	  6.09	 2.923	 2.923	 4.193	 3.633	 3.024	 3.269	 4.521	 4.477	 7.337	 7.297	 | 7.337 max

train losses     24:	0.4849	0.4915	0.4281	0.3448	 0.663	0.7512	0.4583	0.4772	0.8908	0.9021	 1.244	 1.223	
val losses       24:	 0.455	0.5644	0.4554	0.4254	0.5525	0.6236	 0.475	0.4653	0.8812	0.9288	 1.501	 1.477	 | 0.7337 mean
                     	 1.347	 1.654	 1.181	 1.124	  1.62	 1.775	 1.338	 1.359	 2.554	 2.626	 4.234	 4.236	 | 2.347 quantile
                      	 4.496	 5.876	 3.055	  2.91	  4.23	  3.67	 2.946	 3.277	 4.267	 3.971	 6.972	 6.938	 | 6.972 max

train losses     26:	0.4786	0.4775	0.4182	0.3461	0.6607	0.7372	0.4599	0.4797	0.9079	0.9115	 1.203	 1.175	
val losses       26:	0.4482	0.5538	0.4503	0.4254	0.5559	0.6112	0.4769	0.4662	0.8433	0.8854	 1.467	  1.44	 | 0.7186 mean
                     	 1.314	 1.619	 1.169	 1.122	 1.592	 1.739	 1.347	 1.359	 2.386	 2.392	 4.108	 4.131	 | 2.26 quantile
                      	 4.236	 5.697	 3.012	 2.904	 4.224	 3.653	 2.934	 3.279	 3.823	 3.979	 6.792	 6.697	 | 6.792 max

train losses     28:	0.4708	0.4651	0.3996	0.3443	0.6457	0.7206	0.4595	0.4794	0.8133	0.8219	 1.161	 1.136	
val losses       28:	 0.444	0.5427	0.4479	 0.425	0.5469	0.6022	0.4772	 0.467	0.7734	0.8201	 1.431	 1.404	 | 0.6985 mean
                     	 1.285	 1.588	 1.165	 1.122	 1.555	 1.727	 1.348	 1.368	 2.193	 2.245	 4.014	  4.01	 | 2.175 quantile
                      	 4.007	 5.538	 3.067	 2.883	 4.046	 3.497	 2.907	 3.267	  3.65	 3.578	  6.59	 6.431	 | 6.59 max

train losses     30:	0.4628	 0.456	0.3945	0.3408	 0.631	0.6994	 0.459	0.4772	0.7538	0.7622	 1.129	 1.107	
val losses       30:	0.4347	0.5315	0.4462	0.4235	0.5273	0.5938	0.4774	0.4678	0.7316	0.7611	 1.399	  1.37	 | 0.6804 mean
                     	 1.243	 1.548	  1.17	 1.119	 1.524	 1.716	 1.343	 1.374	  2.04	 2.105	 3.908	 3.883	 | 2.106 quantile
                      	  3.72	 5.323	 3.064	 2.868	 3.832	 3.313	 2.896	 3.244	 3.735	 3.196	 6.379	 6.138	 | 6.379 max

train losses     32:	0.4551	0.4483	0.3896	0.3383	0.6115	0.6778	 0.459	0.4737	0.7381	0.7415	 1.101	 1.084	
val losses       32:	0.4273	0.5226	0.4462	0.4239	0.5163	0.5777	0.4774	0.4684	0.6864	0.7117	 1.376	 1.348	 | 0.6651 mean
                     	 1.225	 1.517	 1.176	 1.117	 1.496	 1.668	 1.338	 1.378	 1.918	 1.943	  3.81	 3.788	 | 2.054 quantile
                      	 3.516	 5.116	 3.028	 2.859	 3.718	 3.269	 2.872	 3.215	 3.465	 3.007	 6.147	 5.912	 | 6.147 max

train losses     34:	0.4481	0.4416	0.3841	0.3362	0.5936	0.6583	 0.458	0.4707	0.6981	0.6954	  1.08	 1.064	
val losses       34:	0.4203	0.5141	0.4448	0.4232	0.5028	0.5663	0.4768	0.4684	0.6587	0.6805	 1.349	 1.323	 | 0.6524 mean
                     	 1.189	 1.474	 1.165	 1.124	 1.482	 1.637	 1.338	 1.392	 1.816	 1.807	 3.741	 3.709	 | 2.01 quantile
                      	 3.314	 4.918	 3.068	 2.882	 3.578	 3.131	 2.857	 3.157	 3.333	 2.943	 5.997	 5.697	 | 5.997 max

train losses     36:	0.4427	0.4353	0.3801	0.3355	0.5748	0.6389	0.4565	 0.468	0.6596	0.6607	 1.057	 1.045	
val losses       36:	0.4144	0.5063	0.4447	0.4248	0.4891	0.5533	0.4751	0.4688	0.6251	0.6409	 1.324	 1.299	 | 0.6388 mean
                     	 1.164	 1.444	 1.173	 1.125	 1.459	 1.591	 1.336	 1.391	 1.727	  1.68	 3.656	 3.648	 | 1.965 quantile
                      	 3.226	 4.696	 3.029	 2.864	 3.428	 3.034	 2.853	 3.129	 3.006	 2.699	 5.871	 5.551	 | 5.871 max

train losses     38:	0.4387	0.4287	0.3782	0.3347	0.5567	0.6188	0.4548	0.4654	0.6333	0.6329	 1.038	 1.026	
val losses       38:	0.4084	0.4971	 0.445	 0.425	0.4741	0.5399	0.4741	0.4694	0.6186	0.6322	 1.303	 1.278	 | 0.6304 mean
                     	 1.142	 1.406	 1.173	 1.123	 1.425	 1.548	 1.332	 1.383	 1.679	 1.647	 3.578	 3.559	 | 1.935 quantile
                      	 3.178	 4.499	 2.998	 2.861	 3.254	 2.904	  2.84	 3.094	 3.059	 2.675	 5.714	  5.37	 | 5.714 max

train losses     40:	0.4354	0.4224	0.3762	0.3343	0.5389	0.5976	0.4535	0.4634	0.6181	 0.616	  1.02	  1.01	
val losses       40:	0.4039	0.4893	0.4452	 0.425	0.4617	0.5261	0.4733	0.4698	0.6084	 0.619	 1.283	 1.259	 | 0.622 mean
                     	 1.114	 1.381	 1.169	 1.123	 1.393	   1.5	 1.329	 1.381	 1.645	 1.587	 3.495	 3.491	 | 1.901 quantile
                      	 3.144	 4.291	 2.965	 2.858	 3.089	 2.797	 2.819	 3.071	 2.892	 2.558	  5.57	 5.218	 | 5.57 max

train losses     42:	 0.433	0.4165	0.3745	0.3339	0.5209	0.5767	0.4524	0.4616	0.6026	0.5996	 1.004	0.9937	
val losses       42:	   0.4	0.4816	0.4447	0.4255	0.4499	0.5109	0.4731	  0.47	0.5903	0.6018	 1.267	 1.245	 | 0.6133 mean
                     	 1.096	 1.347	 1.172	 1.122	 1.354	 1.446	 1.329	 1.382	 1.595	 1.532	 3.435	 3.422	 | 1.876 quantile
                      	   3.1	 4.094	 2.934	 2.852	 2.948	 2.692	 2.805	 3.044	  2.77	 2.496	 5.419	 5.065	 | 5.419 max

train losses     44:	0.4308	0.4106	0.3734	0.3333	 0.504	0.5554	0.4512	0.4599	0.5909	0.5873	0.9889	0.9788	
val losses       44:	0.3965	0.4737	0.4448	0.4255	0.4386	0.4957	 0.473	0.4699	0.5828	0.5917	 1.251	 1.232	 | 0.6063 mean
                     	 1.079	 1.318	  1.17	 1.126	 1.315	 1.395	 1.326	 1.383	 1.559	 1.502	 3.382	 3.375	 | 1.856 quantile
                      	  3.05	 3.926	 2.899	 2.848	 2.799	  2.59	 2.782	  3.01	  2.68	 2.437	 5.306	 4.936	 | 5.306 max

train losses     46:	0.4283	0.4047	0.3725	0.3327	0.4883	 0.535	0.4501	0.4582	0.5814	0.5772	0.9738	0.9652	
val losses       46:	0.3932	0.4662	0.4447	0.4256	0.4279	0.4806	0.4732	0.4695	0.5697	0.5782	 1.235	 1.217	 | 0.5984 mean
                     	 1.064	 1.293	 1.172	 1.126	 1.275	 1.346	 1.326	 1.381	 1.521	 1.457	 3.347	 3.342	 | 1.831 quantile
                      	 2.996	 3.775	  2.88	 2.838	 2.662	 2.478	 2.764	 2.981	 2.614	   2.4	 5.197	 4.827	 | 5.197 max

train losses     48:	0.4252	0.3986	0.3716	0.3322	0.4736	0.5168	0.4489	0.4566	0.5714	0.5668	  0.96	0.9516	
val losses       48:	0.3898	0.4593	0.4446	0.4252	0.4178	0.4666	0.4733	0.4687	0.5645	0.5729	 1.221	 1.205	 | 0.5924 mean
                     	 1.049	 1.275	 1.174	 1.127	 1.237	 1.298	 1.321	 1.372	  1.49	  1.43	 3.318	 3.301	 | 1.814 quantile
                      	 2.947	 3.632	 2.897	 2.829	 2.531	 2.388	 2.761	 2.953	 2.584	 2.359	 5.076	 4.711	 | 5.076 max

train losses     50:	0.4212	0.3921	0.3704	0.3318	0.4605	0.5003	0.4478	0.4551	0.5627	0.5578	0.9467	0.9381	
val losses       50:	0.3861	0.4525	0.4445	0.4252	0.4085	0.4531	0.4733	0.4678	0.5621	0.5707	 1.211	 1.198	 | 0.5877 mean
                     	 1.039	 1.255	 1.177	  1.13	 1.194	 1.258	 1.322	  1.36	 1.471	 1.413	 3.286	 3.251	 | 1.804 quantile
                      	 2.895	 3.506	 2.926	 2.819	 2.416	 2.303	 2.773	 2.929	 2.556	 2.319	 4.936	 4.579	 | 4.936 max

train losses     52:	0.4162	0.3854	0.3688	0.3316	 0.449	0.4856	0.4469	0.4537	0.5547	0.5498	0.9332	0.9253	
val losses       52:	0.3824	0.4459	0.4441	0.4251	0.4003	0.4408	0.4733	0.4666	0.5565	0.5641	 1.199	 1.188	 | 0.5822 mean
                     	 1.026	 1.236	  1.18	 1.134	 1.167	 1.223	 1.322	 1.357	 1.441	 1.391	 3.239	 3.221	 | 1.786 quantile
                      	 2.835	 3.396	  2.94	 2.814	 2.377	 2.229	 2.778	 2.913	 2.555	 2.316	 4.838	 4.544	 | 4.838 max

train losses     54:	0.4106	0.3786	0.3671	0.3316	 0.439	0.4729	0.4459	0.4526	0.5488	0.5438	0.9202	0.9137	
val losses       54:	0.3787	0.4397	0.4438	0.4251	0.3932	0.4301	 0.473	0.4653	0.5523	0.5582	 1.187	 1.177	 | 0.5769 mean
                     	  1.02	 1.214	 1.178	 1.134	 1.135	 1.184	 1.326	 1.356	 1.424	 1.367	 3.217	 3.205	 | 1.771 quantile
                      	 2.772	 3.344	 2.956	 2.809	 2.347	 2.167	 2.781	   2.9	 2.542	 2.319	 4.762	 4.602	 | 4.762 max

train losses     56:	0.4041	0.3716	0.3652	0.3316	0.4301	 0.462	0.4453	0.4515	0.5427	0.5377	0.9093	0.9003	
val losses       56:	0.3745	 0.434	0.4436	0.4249	0.3865	0.4208	0.4733	0.4641	0.5497	0.5573	 1.188	  1.18	 | 0.5747 mean
                     	 1.006	 1.189	 1.173	 1.134	 1.106	 1.144	 1.319	  1.36	 1.419	 1.362	  3.15	 3.114	 | 1.77 quantile
                      	 2.715	 3.291	 2.974	 2.811	 2.303	 2.149	 2.776	 2.882	 2.559	 2.258	 4.594	  4.45	 | 4.594 max

train losses     58:	 0.398	0.3651	0.3634	0.3317	0.4236	0.4536	0.4445	0.4504	0.5355	0.5308	0.8959	0.8895	
val losses       58:	0.3717	0.4296	0.4438	0.4251	0.3849	0.4158	0.4727	0.4629	 0.555	0.5655	 1.168	 1.162	 | 0.5714 mean
                     	0.9984	 1.178	 1.174	 1.135	 1.102	 1.118	 1.321	 1.347	 1.426	 1.383	  3.13	 3.127	 | 1.748 quantile
                      	 2.654	 3.233	 2.991	 2.814	 2.313	 2.162	 2.787	 2.886	 2.654	 2.152	 4.719	 4.617	 | 4.719 max

train losses     60:	0.3924	 0.359	0.3617	0.3316	0.4197	 0.448	0.4437	0.4504	0.5352	0.5308	0.8883	0.8825	
val losses       60:	0.3699	0.4245	0.4434	0.4247	0.3809	0.4096	0.4725	0.4618	 0.546	0.5553	 1.164	 1.158	 | 0.5675 mean
                     	 1.002	 1.165	 1.168	 1.133	 1.088	 1.096	 1.315	 1.344	 1.408	 1.351	 3.074	 3.099	 | 1.742 quantile
                      	  2.59	 3.181	 2.991	 2.819	 2.295	 2.141	 2.792	 2.886	 2.586	   2.2	 4.622	 4.572	 | 4.622 max

train losses     62:	0.3879	0.3521	0.3599	0.3317	0.4113	0.4388	0.4433	 0.449	0.5412	0.5331	0.8811	0.8692	
val losses       62:	0.3697	0.4197	0.4419	0.4243	0.3712	0.3979	 0.473	0.4613	0.5588	0.5556	 1.186	 1.175	 | 0.5696 mean
                     	 1.002	 1.148	  1.17	 1.132	 1.052	 1.067	 1.313	 1.345	 1.439	 1.386	 3.047	 2.989	 | 1.765 quantile
                      	 2.525	 3.137	 2.978	 2.834	 2.206	 2.061	 2.786	  2.87	 2.688	  2.41	 4.436	 4.543	 | 4.543 max

train losses     64:	0.3872	0.3494	0.3588	0.3317	0.4121	 0.438	0.4426	0.4486	0.5824	0.5727	0.8616	0.8554	
val losses       64:	0.3684	0.4208	 0.441	0.4249	 0.372	0.3944	0.4717	  0.46	0.5549	 0.552	 1.147	 1.144	 | 0.5626 mean
                     	0.9989	 1.143	 1.167	 1.136	 1.056	 1.057	 1.314	 1.342	 1.422	 1.353	 3.036	 3.017	 | 1.724 quantile
                      	 2.491	 3.057	 2.961	 2.827	 2.205	 2.037	 2.808	 2.878	 2.497	 2.386	 4.546	 4.561	 | 4.561 max

train losses     66:	0.3792	0.3498	0.3571	0.3314	0.4131	0.4414	 0.442	0.4482	0.5462	0.5447	0.8623	0.8602	
val losses       66:	0.3544	0.4126	0.4404	0.4274	0.3732	  0.39	0.4716	0.4589	0.5596	 0.565	 1.141	 1.142	 | 0.5614 mean
                     	0.9525	 1.127	 1.167	 1.139	 1.054	 1.042	 1.313	 1.338	 1.443	 1.407	 3.067	 3.055	 | 1.712 quantile
                      	 2.533	 3.015	 2.955	 2.829	 2.183	 1.985	 2.793	 2.872	 2.916	 2.222	 4.723	 4.714	 | 4.723 max

train losses     68:	0.3675	0.3367	0.3543	0.3317	 0.401	0.4252	 0.442	0.4471	0.5845	0.5767	0.8626	0.8563	
val losses       68:	0.3504	0.3983	0.4394	0.4261	0.3617	0.3797	0.4723	0.4587	0.6333	0.6349	  1.14	 1.136	 | 0.5692 mean
                     	0.9373	  1.08	 1.166	 1.141	 1.026	 1.019	 1.312	 1.338	 1.639	 1.542	 3.006	 2.976	 | 1.759 quantile
                      	  2.59	 3.051	 2.954	 2.813	 2.128	 1.911	 2.765	  2.84	 2.954	 2.302	  4.78	 4.733	 | 4.78 max

train losses     70:	0.3663	 0.331	0.3529	0.3306	0.3956	 0.419	 0.442	0.4469	0.6159	0.5998	0.8519	0.8414	
val losses       70:	0.3463	0.3956	0.4395	0.4251	0.3589	0.3804	0.4717	0.4582	0.6966	   0.7	 1.147	 1.146	 | 0.5804 mean
                     	0.9265	 1.076	 1.162	 1.137	 1.017	 1.021	 1.306	 1.338	 1.726	 1.657	 2.995	 2.924	 | 1.797 quantile
                      	 2.552	 3.008	 2.958	 2.801	 2.139	 1.951	 2.785	 2.847	 2.718	 2.596	 4.513	 4.456	 | 4.513 max

train losses     72:	0.3584	0.3265	0.3522	0.3303	0.3944	0.4199	0.4411	0.4456	0.5941	0.5838	0.8304	0.8226	
val losses       72:	0.3449	0.4012	0.4399	0.4254	0.3733	0.3922	0.4727	0.4574	0.7313	0.7355	 1.151	 1.153	 | 0.5899 mean
                     	0.9252	 1.091	 1.162	 1.138	 1.042	 1.039	 1.301	 1.333	 1.747	 1.691	 2.994	 2.925	 | 1.804 quantile
                      	 2.476	 2.918	 2.965	 2.794	 2.216	 2.015	 2.759	 2.856	 2.831	 2.602	 4.405	 4.549	 | 4.549 max

train losses     74:	0.3536	0.3237	 0.352	0.3301	0.3971	0.4219	0.4414	 0.445	0.6193	0.6103	0.8211	0.8141	
val losses       74:	0.3409	0.3904	0.4385	 0.425	0.3587	0.3748	0.4721	0.4573	0.6537	0.6593	 1.144	 1.142	 | 0.5714 mean
                     	0.9183	 1.058	 1.158	 1.136	 1.009	 1.009	 1.309	 1.334	 1.641	 1.575	  2.97	 2.908	 | 1.763 quantile
                      	 2.487	  2.92	 2.942	 2.792	  2.12	 1.899	 2.771	 2.838	 2.825	 2.393	  4.46	 4.532	 | 4.532 max

train losses     76:	0.3512	0.3172	0.3503	0.3297	0.3855	0.4077	0.4403	0.4446	0.5667	0.5567	0.8131	0.8043	
val losses       76:	0.3384	0.3842	0.4373	0.4247	0.3517	 0.365	0.4706	0.4569	 0.541	0.5507	 1.129	 1.129	 | 0.5482 mean
                     	0.9112	 1.039	 1.163	 1.135	0.9823	0.9739	 1.306	 1.329	 1.397	 1.343	 2.949	 2.902	 | 1.695 quantile
                      	 2.476	   2.9	  2.97	 2.796	 1.985	 1.735	 2.806	 2.842	 2.677	 2.235	 4.495	 4.661	 | 4.661 max

train losses     78:	0.3468	0.3136	 0.349	0.3296	0.3822	0.4023	0.4397	0.4441	0.5086	0.5065	0.8057	0.8005	
val losses       78:	0.3387	0.3841	0.4371	0.4249	0.3519	 0.363	0.4702	0.4564	0.5383	0.5429	 1.122	 1.123	 | 0.5461 mean
                     	0.9114	 1.037	 1.162	 1.135	0.9862	0.9664	 1.305	 1.326	 1.386	 1.317	 2.942	 2.891	 | 1.681 quantile
                      	 2.415	 2.853	  2.98	 2.791	 2.015	 1.738	 2.803	  2.85	 2.692	 2.406	  4.66	  4.86	 | 4.86 max

train losses     80:	0.3433	  0.31	0.3483	0.3294	0.3805	0.3996	0.4396	0.4437	0.5035	0.5021	0.8081	0.8064	
val losses       80:	0.3358	0.3799	 0.437	0.4244	0.3489	0.3599	  0.47	0.4562	0.5372	0.5454	 1.121	 1.122	 | 0.5448 mean
                     	0.9038	 1.029	 1.159	 1.133	0.9749	0.9614	 1.304	 1.323	 1.387	 1.322	 2.926	 2.878	 | 1.675 quantile
                      	 2.405	 2.833	 2.979	 2.797	 2.007	 1.744	 2.812	  2.85	  2.63	 2.284	 4.754	 4.972	 | 4.972 max

train losses     82:	0.3393	0.3061	0.3477	0.3292	0.3785	0.3971	0.4393	0.4432	0.5028	0.5003	 0.805	 0.803	
val losses       82:	0.3321	0.3759	0.4368	0.4249	0.3489	0.3577	0.4698	0.4559	0.5613	0.5703	  1.12	 1.121	 | 0.5479 mean
                     	0.8946	 1.014	  1.16	 1.131	 0.973	0.9559	 1.304	 1.318	 1.454	 1.388	 2.915	 2.885	 | 1.687 quantile
                      	 2.405	 2.798	 2.978	 2.792	 2.014	 1.737	 2.798	 2.844	 2.754	 2.274	 4.768	 4.988	 | 4.988 max

train losses     84:	0.3362	 0.303	0.3469	0.3294	0.3777	0.3956	0.4388	0.4428	 0.514	0.5101	0.8047	0.8009	
val losses       84:	0.3302	0.3749	0.4367	0.4251	0.3524	0.3594	0.4696	0.4555	0.6033	0.6098	 1.122	 1.123	 | 0.5551 mean
                     	0.8906	 1.012	  1.16	 1.133	 0.982	0.9607	 1.305	 1.318	 1.543	 1.485	 2.904	 2.894	 | 1.699 quantile
                      	 2.379	 2.755	  2.97	 2.791	 2.055	 1.785	 2.801	 2.848	 2.864	 2.328	 4.824	 5.061	 | 5.061 max

train losses     86:	0.3328	0.3002	0.3461	0.3292	0.3782	0.3954	0.4385	0.4428	0.5362	0.5315	0.8144	 0.812	
val losses       86:	0.3283	0.3725	0.4362	0.4247	0.3517	0.3577	0.4695	0.4552	0.6078	 0.615	 1.124	 1.126	 | 0.5557 mean
                     	 0.887	 1.007	 1.156	 1.131	 0.975	 0.955	 1.304	 1.316	  1.55	 1.486	 2.898	 2.886	 | 1.699 quantile
                      	 2.355	 2.728	 2.966	 2.795	 2.066	 1.787	 2.807	 2.851	 2.809	 2.315	 4.901	 5.141	 | 5.141 max

train losses     88:	0.3297	0.2972	0.3451	0.3291	0.3762	0.3923	0.4383	0.4423	0.5271	0.5227	 0.823	 0.821	
val losses       88:	0.3261	0.3691	0.4353	0.4247	0.3455	0.3526	0.4692	0.4545	0.5666	0.5747	 1.116	 1.117	 | 0.5459 mean
                     	0.8809	0.9967	 1.158	  1.13	0.9634	0.9391	 1.303	 1.317	 1.459	   1.4	 2.884	 2.859	 | 1.68 quantile
                      	 2.331	 2.702	 2.975	 2.795	 2.008	 1.731	 2.813	 2.837	 2.783	 2.283	 4.831	 5.049	 | 5.049 max

train losses     90:	0.3266	0.2942	0.3443	0.3289	 0.372	0.3887	0.4379	0.4413	0.5002	0.4988	0.7948	0.7915	
val losses       90:	0.3243	 0.365	0.4347	0.4237	0.3413	0.3489	0.4692	0.4542	0.5377	0.5455	 1.116	 1.114	 | 0.5395 mean
                     	0.8761	0.9824	 1.156	 1.129	0.9513	0.9301	 1.299	 1.316	 1.386	 1.322	 2.877	 2.846	 | 1.676 quantile
                      	   2.3	 2.679	 2.975	 2.807	  1.94	  1.67	 2.802	 2.823	 2.733	  2.35	 4.596	 4.768	 | 4.768 max

train losses     92:	0.3235	0.2911	0.3439	0.3282	0.3692	0.3862	0.4375	0.4406	0.4853	0.4863	 0.757	0.7499	
val losses       92:	0.3223	0.3613	0.4343	0.4231	0.3395	0.3466	0.4696	0.4545	0.5357	0.5419	 1.141	 1.138	 | 0.5424 mean
                     	0.8696	0.9743	 1.155	 1.128	0.9447	0.9247	 1.302	 1.317	 1.387	 1.318	 2.886	 2.845	 | 1.706 quantile
                      	 2.275	 2.659	 2.974	 2.816	 1.912	 1.634	 2.798	 2.809	 2.693	 2.433	 4.475	 4.577	 | 4.577 max

train losses     94:	0.3206	0.2883	0.3436	 0.328	0.3675	0.3843	0.4373	0.4402	0.4845	0.4851	0.7517	0.7413	
val losses       94:	0.3202	 0.359	 0.434	 0.423	0.3384	0.3448	0.4697	0.4546	0.5358	0.5427	 1.151	 1.147	 | 0.5434 mean
                     	0.8661	0.9673	 1.153	 1.128	 0.941	 0.919	 1.303	 1.323	 1.381	 1.315	 2.887	 2.865	 | 1.716 quantile
                      	 2.257	 2.632	 2.975	 2.816	 1.905	 1.626	 2.798	 2.801	 2.713	 2.425	  4.55	 4.646	 | 4.646 max

train losses     96:	0.3178	0.2857	0.3433	0.3278	0.3657	0.3824	 0.437	0.4399	0.4809	0.4815	0.7481	0.7374	
val losses       96:	0.3185	0.3568	0.4339	0.4229	0.3372	 0.343	0.4693	0.4541	0.5369	 0.545	 1.137	 1.133	 | 0.5406 mean
                     	 0.863	0.9618	 1.151	 1.129	0.9384	0.9168	 1.301	 1.319	 1.391	 1.323	 2.859	 2.842	 | 1.696 quantile
                      	 2.237	 2.609	 2.974	 2.817	 1.907	 1.632	 2.806	 2.801	  2.73	 2.391	 4.468	 4.603	 | 4.603 max

train losses     98:	 0.315	0.2831	0.3429	0.3277	0.3639	0.3804	0.4366	0.4393	0.4771	0.4777	0.7367	0.7264	
val losses       98:	0.3167	0.3547	0.4337	 0.423	0.3361	0.3413	0.4688	0.4537	0.5389	0.5471	 1.121	 1.118	 | 0.5378 mean
                     	0.8587	0.9585	  1.15	 1.128	0.9373	0.9059	 1.297	 1.315	 1.393	 1.326	 2.845	 2.844	 | 1.681 quantile
                      	 2.221	 2.585	 2.976	 2.815	 1.905	 1.633	 2.814	   2.8	 2.748	 2.372	  4.58	 4.727	 | 4.727 max

train losses    100:	0.3123	0.2805	0.3425	0.3276	0.3623	0.3784	0.4362	0.4388	0.4744	0.4752	0.7256	0.7163	
val losses      100:	0.3149	0.3522	0.4335	 0.423	0.3352	0.3396	0.4684	0.4534	0.5402	 0.548	 1.114	  1.11	 | 0.536 mean
                     	0.8554	0.9512	 1.149	 1.127	0.9332	0.9006	   1.3	 1.313	 1.396	 1.331	 2.833	 2.824	 | 1.673 quantile
                      	 2.202	 2.562	 2.978	 2.815	 1.903	 1.627	 2.816	 2.797	 2.766	 2.367	 4.654	 4.812	 | 4.812 max

train losses    102:	0.3096	0.2779	0.3421	0.3275	0.3608	0.3765	0.4358	0.4383	0.4723	0.4734	0.7174	0.7089	
val losses      102:	0.3132	0.3498	0.4332	 0.423	0.3341	0.3379	0.4682	0.4532	0.5407	0.5483	  1.11	 1.107	 | 0.5349 mean
                     	0.8479	0.9456	 1.148	 1.129	0.9281	0.8968	 1.299	 1.312	 1.398	 1.333	 2.819	 2.817	 | 1.667 quantile
                      	 2.183	 2.538	  2.98	 2.816	 1.899	 1.621	 2.818	 2.793	 2.768	 2.359	 4.693	 4.863	 | 4.863 max

train losses    104:	0.3069	0.2755	0.3418	0.3274	0.3593	0.3747	0.4355	0.4377	0.4703	0.4716	0.7104	0.7024	
val losses      104:	0.3114	0.3475	0.4329	0.4229	 0.333	0.3362	0.4681	 0.453	0.5409	0.5484	 1.109	 1.106	 | 0.5341 mean
                     	 0.843	0.9394	 1.145	 1.129	0.9239	0.8911	   1.3	  1.31	 1.398	 1.332	 2.808	 2.813	 | 1.664 quantile
                      	 2.164	 2.515	 2.982	 2.817	 1.895	 1.614	 2.817	 2.786	  2.77	 2.353	 4.716	 4.888	 | 4.888 max

train losses    106:	0.3043	0.2731	0.3414	0.3273	0.3577	0.3728	0.4351	0.4372	0.4682	0.4698	0.7036	0.6958	
val losses      106:	0.3098	0.3451	0.4326	0.4228	0.3319	0.3346	0.4679	0.4527	0.5414	0.5488	 1.109	 1.105	 | 0.5334 mean
                     	0.8384	0.9335	 1.145	 1.128	0.9219	0.8852	 1.298	 1.308	   1.4	 1.336	 2.807	 2.811	 | 1.662 quantile
                      	 2.152	 2.491	 2.984	 2.818	 1.891	 1.608	 2.816	 2.781	 2.776	 2.347	 4.747	 4.906	 | 4.906 max

train losses    108:	0.3017	0.2707	0.3411	0.3272	0.3562	 0.371	0.4347	0.4367	0.4662	 0.468	0.6967	 0.689	
val losses      108:	0.3081	 0.343	0.4324	0.4227	0.3309	0.3331	0.4677	0.4524	0.5419	0.5495	 1.108	 1.103	 | 0.5327 mean
                     	0.8333	0.9288	 1.148	 1.128	  0.92	0.8819	 1.297	 1.306	 1.404	 1.339	 2.798	 2.806	 | 1.659 quantile
                      	 2.142	 2.469	 2.986	 2.819	 1.889	 1.603	 2.815	 2.776	 2.782	 2.341	 4.779	 4.925	 | 4.925 max

train losses    110:	0.2992	0.2685	0.3407	0.3271	0.3547	0.3692	0.4344	0.4361	0.4641	0.4663	0.6898	0.6822	
val losses      110:	0.3065	0.3408	0.4321	0.4226	0.3299	0.3315	0.4675	0.4521	0.5425	0.5503	 1.106	 1.101	 | 0.5319 mean
                     	0.8274	0.9244	 1.145	 1.128	0.9159	0.8773	 1.295	 1.304	 1.407	 1.341	 2.796	 2.798	 | 1.655 quantile
                      	 2.133	 2.449	 2.988	 2.818	 1.886	 1.599	 2.815	  2.77	 2.791	 2.343	 4.816	 4.948	 | 4.948 max

train losses    112:	0.2967	0.2663	0.3403	 0.327	0.3532	0.3675	 0.434	0.4356	0.4621	0.4645	0.6831	0.6756	
val losses      112:	0.3049	0.3388	0.4317	0.4226	 0.329	  0.33	0.4673	0.4517	0.5433	0.5511	 1.104	 1.099	 | 0.5311 mean
                     	0.8224	0.9181	 1.144	 1.127	0.9109	0.8734	 1.293	 1.303	  1.41	 1.344	  2.79	 2.797	 | 1.652 quantile
                      	 2.124	 2.429	 2.989	 2.818	 1.886	 1.596	 2.814	 2.766	 2.801	 2.344	 4.855	 4.975	 | 4.975 max

train losses    114:	0.2943	0.2642	0.3399	0.3269	0.3517	0.3658	0.4336	 0.435	  0.46	0.4627	0.6766	0.6694	
val losses      114:	0.3034	0.3368	0.4314	0.4225	0.3281	0.3286	0.4671	0.4513	0.5442	0.5522	   1.1	 1.096	 | 0.5301 mean
                     	0.8167	0.9122	 1.144	 1.127	0.9111	0.8694	 1.292	   1.3	 1.408	 1.348	 2.781	  2.79	 | 1.647 quantile
                      	 2.114	 2.409	 2.991	 2.818	 1.888	 1.594	 2.814	 2.761	 2.815	 2.345	 4.898	 5.006	 | 5.006 max

train losses    116:	0.2919	0.2621	0.3395	0.3268	0.3502	0.3641	0.4332	0.4345	 0.458	 0.461	0.6709	0.6641	
val losses      116:	0.3019	0.3349	0.4311	0.4225	0.3273	0.3272	0.4668	0.4509	0.5453	0.5536	 1.097	 1.092	 | 0.5292 mean
                     	0.8118	0.9066	 1.145	 1.126	0.9037	0.8655	 1.292	 1.299	 1.409	 1.352	 2.781	 2.788	 | 1.642 quantile
                      	 2.104	 2.389	 2.992	 2.817	 1.891	 1.592	 2.814	 2.759	 2.829	 2.346	 4.951	 5.049	 | 5.049 max

train losses    118:	0.2896	0.2602	0.3391	0.3267	0.3487	0.3625	0.4328	 0.434	 0.456	0.4592	0.6668	0.6607	
val losses      118:	0.3004	 0.333	0.4309	0.4224	0.3266	0.3259	0.4665	0.4504	0.5468	0.5554	 1.092	 1.088	 | 0.5283 mean
                     	0.8077	 0.901	 1.144	 1.126	0.9009	 0.861	 1.291	 1.297	 1.411	 1.354	 2.786	 2.791	 | 1.636 quantile
                      	 2.095	  2.37	 2.994	 2.816	 1.892	  1.59	 2.816	 2.758	 2.845	 2.346	 5.012	 5.099	 | 5.099 max

train losses    120:	0.2874	0.2583	0.3386	0.3267	0.3473	0.3609	0.4324	0.4335	0.4542	0.4576	0.6659	0.6609	
val losses      120:	 0.299	0.3313	0.4306	0.4224	 0.326	0.3247	0.4662	0.4499	0.5487	0.5576	 1.088	 1.085	 | 0.5274 mean
                     	0.8046	0.8969	 1.141	 1.126	0.8984	0.8587	  1.29	 1.295	 1.414	 1.359	 2.789	   2.8	 | 1.633 quantile
                      	 2.086	  2.35	 2.994	 2.815	 1.892	 1.589	 2.818	 2.759	 2.861	 2.346	 5.084	 5.162	 | 5.162 max

train losses    122:	0.2852	0.2565	0.3382	0.3266	0.3459	0.3594	 0.432	 0.433	0.4525	0.4561	0.6704	0.6666	
val losses      122:	0.2976	0.3296	0.4303	0.4224	0.3255	0.3236	0.4659	0.4494	0.5512	0.5603	 1.085	 1.082	 | 0.5269 mean
                     	0.7984	0.8895	 1.141	 1.127	0.8983	0.8532	 1.285	 1.291	 1.421	  1.36	 2.796	 2.806	 | 1.632 quantile
                      	 2.077	  2.33	 2.994	 2.813	 1.892	 1.591	 2.821	 2.761	 2.878	 2.344	 5.174	 5.245	 | 5.245 max

train losses    124:	0.2831	0.2548	0.3377	0.3265	0.3445	 0.358	0.4317	0.4327	0.4513	0.4549	0.6813	0.6791	
val losses      124:	0.2963	0.3281	  0.43	0.4225	0.3251	0.3226	0.4656	0.4489	0.5546	0.5638	 1.087	 1.083	 | 0.5273 mean
                     	0.7914	0.8846	 1.141	 1.125	0.8928	0.8519	 1.286	 1.287	 1.427	 1.369	 2.786	 2.793	 | 1.633 quantile
                      	 2.068	 2.309	 2.992	  2.81	 1.892	 1.594	 2.823	 2.764	 2.893	 2.342	 5.295	  5.36	 | 5.36 max

train losses    126:	 0.281	0.2532	0.3371	0.3265	0.3432	0.3567	0.4314	0.4323	0.4506	0.4542	0.6962	0.6962	
val losses      126:	0.2949	0.3267	0.4298	0.4225	 0.325	0.3217	0.4656	0.4488	0.5602	0.5692	 1.101	 1.098	 | 0.5302 mean
                     	0.7875	0.8802	 1.139	 1.126	0.8917	0.8524	 1.287	 1.282	 1.438	 1.382	 2.797	 2.787	 | 1.651 quantile
                      	  2.06	 2.287	  2.99	 2.807	 1.894	 1.601	 2.826	 2.769	 2.903	 2.339	 5.449	 5.514	 | 5.514 max

train losses    128:	0.2791	0.2518	0.3364	0.3265	0.3421	0.3554	0.4312	0.4319	0.4508	0.4541	0.7165	0.7194	
val losses      128:	0.2936	0.3256	0.4295	0.4227	0.3252	 0.321	0.4656	0.4487	0.5698	0.5775	 1.126	 1.125	 | 0.5358 mean
                     	0.7841	0.8775	 1.136	 1.126	0.8902	0.8512	 1.281	 1.278	 1.454	 1.398	 2.799	 2.812	 | 1.676 quantile
                      	 2.052	 2.262	 2.988	 2.801	 1.903	 1.608	 2.831	 2.775	 2.916	 2.336	 5.601	  5.67	 | 5.67 max

train losses    130:	0.2773	0.2505	0.3358	0.3267	0.3411	 0.354	0.4311	0.4315	0.4526	0.4547	 0.757	0.7625	
val losses      130:	0.2924	0.3249	0.4292	0.4231	0.3256	0.3202	0.4652	0.4479	0.5814	0.5867	 1.137	 1.137	 | 0.5392 mean
                     	0.7797	0.8749	 1.137	 1.129	0.8896	0.8498	  1.28	 1.277	 1.473	 1.423	 2.836	  2.85	 | 1.68 quantile
                      	 2.045	 2.239	 2.988	 2.795	  1.91	  1.61	 2.833	  2.78	 2.951	 2.334	 5.661	 5.733	 | 5.733 max

train losses    132:	0.2756	0.2494	0.3352	 0.327	0.3403	0.3528	 0.431	0.4309	0.4567	0.4565	0.8009	0.8047	
val losses      132:	0.2915	0.3243	0.4288	0.4228	 0.325	0.3195	0.4642	0.4466	0.5835	0.5885	 1.102	 1.101	 | 0.5331 mean
                     	 0.777	0.8698	 1.139	 1.128	0.8879	 0.849	 1.284	 1.283	 1.472	 1.426	 2.852	 2.846	 | 1.64 quantile
                      	 2.036	 2.218	 2.986	 2.797	 1.908	 1.609	  2.82	 2.774	  2.99	 2.324	 5.507	 5.539	 | 5.539 max

train losses    134:	 0.274	0.2483	0.3347	0.3267	0.3393	0.3518	  0.43	0.4298	0.4574	0.4564	0.7565	 0.755	
val losses      134:	0.2909	0.3229	0.4283	0.4214	0.3222	0.3187	0.4642	0.4461	0.5664	0.5765	  1.09	 1.086	 | 0.5278 mean
                     	0.7736	 0.867	 1.139	 1.128	0.8822	0.8481	 1.283	 1.285	 1.436	 1.396	 2.786	 2.796	 | 1.632 quantile
                      	 2.039	 2.208	 2.974	 2.811	 1.897	 1.606	 2.783	 2.758	 2.967	 2.296	 5.109	 5.028	 | 5.109 max

train losses    136:	0.2724	0.2471	0.3344	0.3257	0.3377	 0.351	0.4289	0.4287	0.4478	0.4502	0.6497	0.6415	
val losses      136:	0.2902	0.3205	 0.428	0.4205	0.3193	0.3171	0.4651	0.4466	0.5514	0.5633	 1.145	 1.138	 | 0.5337 mean
                     	0.7731	0.8618	 1.139	 1.128	0.8758	0.8429	 1.287	 1.285	 1.403	  1.36	 2.793	 2.822	 | 1.679 quantile
                      	 2.042	 2.204	 2.967	 2.823	 1.917	 1.588	 2.761	 2.744	 2.907	 2.316	 4.788	 4.611	 | 4.788 max

train losses    138:	0.2709	0.2457	0.3342	0.3254	0.3361	0.3495	0.4285	 0.428	0.4398	0.4436	0.6316	0.6204	
val losses      138:	0.2893	0.3182	0.4277	0.4203	0.3176	0.3153	0.4648	0.4465	 0.547	0.5576	 1.146	 1.138	 | 0.5323 mean
                     	0.7715	0.8565	 1.138	 1.127	0.8758	0.8381	 1.286	 1.282	 1.403	 1.352	 2.777	 2.818	 | 1.68 quantile
                      	 2.035	 2.198	  2.97	 2.824	 1.931	 1.565	  2.76	 2.735	 2.875	 2.361	 4.774	  4.59	 | 4.774 max

train losses    140:	0.2695	0.2444	0.3341	0.3253	0.3349	0.3478	0.4281	0.4275	0.4378	0.4408	0.6319	0.6224	
val losses      140:	0.2883	0.3166	0.4276	0.4204	0.3169	 0.314	0.4638	0.4458	0.5471	0.5561	 1.113	 1.105	 | 0.5262 mean
                     	0.7695	0.8503	 1.137	 1.126	0.8751	0.8335	 1.283	 1.279	 1.405	 1.349	 2.774	 2.784	 | 1.648 quantile
                      	 2.024	 2.188	 2.975	 2.822	 1.934	 1.547	 2.768	 2.732	 2.883	 2.382	 4.954	 4.788	 | 4.954 max

train losses    142:	0.2683	0.2432	0.3339	0.3253	0.3338	0.3464	0.4274	0.4267	0.4364	0.4392	0.6096	0.6003	
val losses      142:	0.2873	0.3153	0.4274	0.4207	0.3167	 0.313	0.4632	0.4454	0.5487	0.5569	 1.094	 1.087	 | 0.5229 mean
                     	0.7677	0.8452	 1.137	 1.125	0.8726	0.8297	  1.28	 1.277	 1.408	 1.347	 2.763	 2.764	 | 1.624 quantile
                      	 2.009	 2.176	 2.979	 2.819	 1.932	 1.547	 2.777	  2.73	 2.909	 2.378	  5.11	 4.979	 | 5.11 max

train losses    144:	 0.267	 0.242	0.3337	0.3252	0.3327	0.3451	0.4268	0.4261	0.4343	0.4373	0.5987	0.5904	
val losses      144:	0.2864	 0.314	0.4273	0.4207	0.3163	0.3121	0.4629	0.4451	0.5502	0.5583	 1.088	 1.082	 | 0.522 mean
                     	0.7652	0.8393	 1.136	 1.127	0.8714	0.8259	 1.283	 1.277	 1.407	 1.346	 2.762	 2.776	 | 1.62 quantile
                      	 1.996	 2.167	  2.98	 2.818	 1.932	 1.554	 2.778	 2.724	 2.923	 2.348	  5.18	 5.053	 | 5.18 max

train losses    146:	0.2658	0.2408	0.3336	0.3251	0.3317	0.3439	0.4263	0.4254	0.4321	0.4352	0.5947	0.5876	
val losses      146:	0.2856	0.3128	 0.427	0.4207	0.3158	0.3113	0.4627	 0.445	0.5511	0.5597	  1.09	 1.084	 | 0.5221 mean
                     	0.7618	0.8362	 1.137	 1.127	0.8695	0.8263	  1.28	 1.272	 1.404	 1.351	 2.765	 2.773	 | 1.622 quantile
                      	 1.988	 2.158	 2.979	  2.82	 1.934	 1.558	 2.774	 2.716	 2.922	 2.314	 5.196	 5.055	 | 5.196 max

train losses    148:	0.2646	0.2398	0.3336	0.3251	0.3306	0.3427	0.4259	0.4248	0.4302	0.4334	0.5884	0.5814	
val losses      148:	0.2848	0.3117	0.4268	0.4206	0.3153	0.3105	0.4625	0.4448	0.5516	0.5608	 1.094	 1.087	 | 0.5225 mean
                     	 0.759	0.8337	 1.137	 1.127	0.8678	0.8267	 1.278	 1.269	 1.414	 1.355	 2.757	  2.76	 | 1.628 quantile
                      	 1.981	 2.148	  2.98	 2.822	 1.936	  1.56	 2.767	 2.706	  2.92	 2.293	 5.199	 5.039	 | 5.199 max

train losses    150:	0.2634	0.2388	0.3335	 0.325	0.3295	0.3416	0.4254	0.4241	0.4284	0.4318	 0.582	0.5747	
val losses      150:	 0.284	0.3106	0.4265	0.4205	0.3148	0.3096	0.4624	0.4446	0.5523	0.5618	 1.098	  1.09	 | 0.5229 mean
                     	0.7579	0.8311	 1.135	 1.125	0.8641	0.8244	 1.277	 1.267	 1.411	 1.359	 2.758	 2.763	 | 1.632 quantile
                      	 1.973	  2.14	 2.982	 2.823	 1.939	  1.56	 2.761	 2.697	 2.926	 2.297	 5.203	 5.025	 | 5.203 max

train losses    152:	0.2623	0.2379	0.3334	0.3249	0.3285	0.3405	0.4249	0.4234	0.4267	0.4303	0.5769	0.5694	
val losses      152:	0.2832	0.3095	0.4263	0.4205	0.3143	0.3088	0.4622	0.4442	0.5528	0.5626	 1.101	 1.092	 | 0.5231 mean
                     	0.7548	0.8283	 1.132	 1.126	0.8613	0.8221	 1.277	 1.265	 1.411	 1.362	 2.756	 2.776	 | 1.633 quantile
                      	 1.967	 2.131	 2.983	 2.824	 1.942	  1.56	 2.755	 2.689	 2.935	 2.305	 5.213	  5.02	 | 5.213 max

train losses    154:	0.2611	0.2369	0.3332	0.3249	0.3275	0.3393	0.4244	0.4228	0.4251	0.4288	0.5719	0.5644	
val losses      154:	0.2825	0.3085	 0.426	0.4205	0.3138	 0.308	0.4619	0.4438	0.5534	0.5634	 1.102	 1.093	 | 0.523 mean
                     	0.7505	0.8263	  1.13	 1.126	0.8592	0.8205	 1.279	 1.264	 1.412	 1.361	  2.75	 2.779	 | 1.632 quantile
                      	 1.961	 2.122	 2.985	 2.824	 1.945	  1.56	 2.751	 2.681	 2.944	 2.313	  5.23	 5.023	 | 5.23 max

train losses    156:	  0.26	 0.236	 0.333	0.3248	0.3264	0.3382	0.4239	0.4221	0.4234	0.4273	 0.567	0.5594	
val losses      156:	0.2817	0.3074	0.4258	0.4204	0.3133	0.3072	0.4616	0.4434	 0.554	0.5642	 1.102	 1.093	 | 0.5228 mean
                     	 0.749	0.8248	  1.13	 1.125	0.8557	 0.818	  1.28	 1.263	 1.412	 1.362	  2.75	 2.781	 | 1.633 quantile
                      	 1.955	 2.113	 2.986	 2.824	 1.947	 1.558	 2.747	 2.674	 2.952	  2.32	 5.251	 5.029	 | 5.251 max

train losses    158:	0.2589	0.2352	0.3327	0.3247	0.3254	0.3371	0.4234	0.4214	0.4217	0.4258	 0.562	0.5544	
val losses      158:	 0.281	0.3064	0.4256	0.4203	0.3128	0.3065	0.4613	0.4429	0.5547	0.5651	 1.102	 1.093	 | 0.5227 mean
                     	0.7479	0.8232	 1.129	 1.125	 0.854	0.8161	 1.277	 1.259	 1.414	 1.365	 2.751	 2.782	 | 1.632 quantile
                      	  1.95	 2.104	 2.988	 2.824	  1.95	 1.556	 2.742	 2.667	 2.959	 2.326	 5.272	 5.034	 | 5.272 max

train losses    160:	0.2579	0.2343	0.3325	0.3246	0.3244	 0.336	0.4228	0.4207	0.4201	0.4243	0.5571	0.5494	
val losses      160:	0.2803	0.3054	0.4254	0.4202	0.3123	0.3057	0.4611	0.4424	0.5554	0.5661	 1.103	 1.093	 | 0.5226 mean
                     	0.7462	0.8188	 1.128	 1.124	0.8525	0.8138	 1.278	 1.257	 1.419	 1.367	 2.746	 2.787	 | 1.631 quantile
                      	 1.945	 2.096	 2.989	 2.824	 1.953	 1.554	 2.737	  2.66	 2.965	 2.328	  5.29	 5.035	 | 5.29 max

train losses    162:	0.2569	0.2335	0.3323	0.3245	0.3234	0.3349	0.4223	  0.42	0.4184	0.4228	0.5524	0.5446	
val losses      162:	0.2796	0.3045	0.4252	0.4202	0.3118	 0.305	0.4608	 0.442	0.5562	0.5671	 1.104	 1.095	 | 0.5226 mean
                     	0.7444	 0.817	 1.126	 1.124	0.8496	0.8129	 1.277	 1.257	 1.421	  1.37	 2.749	  2.79	 | 1.633 quantile
                      	  1.94	 2.088	  2.99	 2.825	 1.956	 1.552	 2.732	 2.653	 2.971	 2.329	 5.304	 5.034	 | 5.304 max

train losses    164:	0.2559	0.2327	 0.332	0.3245	0.3224	0.3338	0.4217	0.4192	0.4168	0.4212	0.5479	0.5401	
val losses      164:	0.2789	0.3036	 0.425	0.4201	0.3114	0.3043	0.4605	0.4415	0.5571	0.5681	 1.107	 1.097	 | 0.5229 mean
                     	0.7428	0.8147	 1.126	 1.123	0.8487	0.8116	 1.276	 1.256	 1.424	 1.374	 2.756	 2.796	 | 1.635 quantile
                      	 1.934	 2.081	 2.992	 2.825	 1.958	  1.55	 2.727	 2.645	 2.976	  2.33	 5.312	 5.028	 | 5.312 max

train losses    166:	0.2549	 0.232	0.3318	0.3244	0.3214	0.3328	0.4211	0.4185	0.4152	0.4197	0.5443	0.5362	
val losses      166:	0.2783	0.3028	0.4248	  0.42	 0.311	0.3035	0.4603	0.4411	0.5581	0.5692	 1.112	 1.102	 | 0.5235 mean
                     	0.7385	0.8131	 1.127	 1.123	0.8466	0.8074	 1.274	 1.254	 1.423	 1.377	 2.758	 2.804	 | 1.639 quantile
                      	  1.93	 2.074	 2.993	 2.824	  1.96	 1.548	  2.72	 2.636	 2.983	  2.33	 5.314	 5.015	 | 5.314 max

train losses    168:	 0.254	0.2313	0.3316	0.3243	0.3204	0.3317	0.4206	0.4177	0.4135	0.4182	0.5433	0.5348	
val losses      168:	0.2777	0.3021	0.4246	0.4198	0.3106	0.3029	0.4602	0.4408	0.5591	0.5705	 1.122	 1.111	 | 0.5251 mean
                     	0.7367	0.8124	 1.128	 1.123	0.8463	0.8052	 1.272	 1.251	 1.425	 1.382	 2.765	 2.808	 | 1.646 quantile
                      	 1.925	 2.067	 2.995	 2.823	 1.962	 1.546	 2.711	 2.626	 2.988	 2.327	 5.304	 4.986	 | 5.304 max

train losses    170:	0.2531	0.2306	0.3314	0.3242	0.3194	0.3307	0.4201	0.4171	 0.412	0.4167	 0.551	0.5419	
val losses      170:	0.2772	0.3016	0.4244	0.4197	0.3103	0.3022	0.4604	0.4408	0.5601	0.5716	 1.143	 1.132	 | 0.5286 mean
                     	 0.736	0.8102	 1.127	 1.122	0.8454	0.8029	  1.27	 1.248	 1.425	 1.387	 2.777	 2.832	 | 1.66 quantile
                      	 1.921	 2.059	 2.996	 2.824	 1.963	 1.544	   2.7	 2.615	 2.989	 2.325	 5.267	 4.927	 | 5.267 max

train losses    172:	0.2522	  0.23	0.3312	0.3241	0.3185	0.3298	0.4199	0.4167	0.4104	0.4152	0.5824	0.5724	
val losses      172:	0.2769	0.3014	0.4242	0.4195	  0.31	0.3015	 0.461	0.4414	0.5604	0.5719	 1.187	 1.175	 | 0.5358 mean
                     	0.7359	 0.808	 1.129	 1.121	0.8433	0.7997	 1.271	 1.249	 1.427	 1.386	 2.817	 2.863	 | 1.698 quantile
                      	  1.92	 2.051	 2.995	 2.828	 1.964	 1.542	 2.685	 2.602	 2.981	 2.329	 5.178	 4.811	 | 5.178 max

train losses    174:	0.2514	0.2294	0.3309	 0.324	0.3176	 0.329	  0.42	0.4167	 0.409	0.4139	 0.639	0.6287	
val losses      174:	0.2769	0.3014	 0.424	0.4193	0.3096	0.3008	 0.462	0.4425	 0.559	0.5706	  1.25	 1.238	 | 0.5461 mean
                     	0.7369	0.8077	 1.129	 1.121	0.8419	0.7984	 1.277	 1.255	 1.427	 1.383	 2.959	 2.967	 | 1.755 quantile
                      	 1.919	 2.041	 2.991	 2.832	 1.964	 1.543	 2.673	 2.595	 2.972	 2.358	 5.017	 4.853	 | 5.017 max

train losses    176:	0.2505	0.2289	0.3306	0.3239	0.3168	0.3282	0.4194	 0.416	0.4103	0.4151	0.6432	0.6326	
val losses      176:	0.2764	0.3008	0.4239	0.4191	0.3088	0.3006	0.4621	0.4422	0.5599	 0.571	 1.278	 1.267	 | 0.5508 mean
                     	 0.733	0.8074	 1.131	  1.12	0.8417	0.7972	 1.277	 1.252	 1.426	 1.379	  3.03	 3.048	 | 1.776 quantile
                      	 1.916	  2.03	 2.982	 2.833	 1.966	 1.551	 2.667	 2.599	 3.007	 2.416	 5.166	 5.028	 | 5.166 max

train losses    178:	0.2496	0.2284	0.3302	0.3237	0.3159	0.3273	0.4182	0.4145	0.4105	0.4149	0.5962	 0.586	
val losses      178:	0.2752	0.2992	0.4239	0.4189	0.3082	0.3009	0.4604	0.4399	0.5658	0.5771	 1.239	 1.228	 | 0.5447 mean
                     	0.7297	0.8005	 1.129	 1.121	0.8421	 0.796	 1.272	 1.246	 1.425	   1.4	 2.951	  2.97	 | 1.744 quantile
                      	 1.912	 2.014	 2.975	 2.833	 1.972	 1.555	 2.657	 2.598	 3.066	 2.462	 5.029	 4.898	 | 5.029 max

train losses    180:	0.2488	 0.228	  0.33	0.3236	0.3149	0.3265	0.4176	0.4135	 0.408	 0.413	 0.601	0.5918	
val losses      180:	0.2745	0.2984	0.4239	0.4186	0.3077	0.3007	0.4592	0.4382	0.5635	 0.577	 1.217	 1.205	 | 0.5403 mean
                     	0.7292	0.7988	 1.132	 1.121	  0.84	0.7955	 1.264	 1.233	 1.425	 1.401	 2.846	 2.849	 | 1.72 quantile
                      	 1.912	 2.004	  2.97	 2.835	 1.977	 1.542	  2.64	 2.589	 3.042	  2.43	  4.97	 4.719	 | 4.97 max

train losses    182:	0.2482	0.2277	0.3299	0.3236	 0.314	 0.326	0.4174	0.4129	0.4051	 0.411	0.6469	 0.637	
val losses      182:	0.2746	0.2986	0.4238	0.4185	0.3073	0.3001	0.4588	0.4375	0.5591	0.5742	 1.224	 1.211	 | 0.5406 mean
                     	0.7308	0.7998	 1.132	 1.122	0.8338	0.7969	 1.258	 1.233	 1.436	 1.397	 2.864	 2.856	 | 1.724 quantile
                      	 1.914	 2.007	 2.969	 2.836	 1.982	 1.519	  2.63	 2.582	 2.946	 2.368	 4.965	 4.714	 | 4.965 max

train losses    184:	0.2477	0.2272	0.3297	0.3235	0.3131	0.3251	0.4169	0.4122	 0.403	0.4075	0.6587	0.6508	
val losses      184:	0.2743	0.2977	0.4235	0.4184	 0.306	0.2983	0.4579	 0.437	0.5573	0.5708	 1.212	 1.198	 | 0.5376 mean
                     	0.7288	0.7977	 1.131	 1.121	0.8299	0.7926	 1.262	 1.231	 1.443	 1.392	 2.863	 2.868	 | 1.712 quantile
                      	  1.91	 2.005	 2.972	 2.834	 1.993	 1.501	 2.635	 2.579	 2.895	 2.374	  4.99	 4.717	 | 4.99 max

train losses    186:	0.2469	0.2263	0.3294	0.3233	0.3125	0.3236	0.4155	0.4112	0.4073	0.4097	0.6038	 0.596	
val losses      186:	0.2729	0.2954	0.4233	0.4185	0.3045	0.2967	0.4564	0.4359	0.5579	0.5678	 1.166	 1.155	 | 0.5292 mean
                     	 0.724	0.7909	 1.134	 1.122	 0.827	0.7862	 1.262	 1.227	 1.426	 1.384	 2.816	 2.861	 | 1.674 quantile
                      	 1.904	 2.003	 2.977	 2.831	 2.004	 1.505	 2.644	 2.577	 2.938	 2.449	 5.145	  4.74	 | 5.145 max

train losses    188:	 0.246	0.2255	0.3292	0.3232	0.3121	0.3227	0.4142	  0.41	 0.411	0.4136	0.5439	0.5343	
val losses      188:	0.2717	0.2937	0.4232	0.4185	0.3039	0.2963	0.4549	0.4346	0.5637	0.5712	 1.116	 1.107	 | 0.5213 mean
                     	0.7209	0.7853	 1.131	  1.12	0.8269	0.7817	 1.259	 1.223	 1.426	 1.392	 2.769	 2.819	 | 1.634 quantile
                      	 1.901	 1.999	 2.984	 2.825	  2.01	 1.515	  2.65	  2.57	 2.993	 2.531	 5.355	 4.962	 | 5.355 max

train losses    190:	0.2454	0.2249	 0.329	 0.323	0.3114	0.3221	0.4132	 0.409	 0.413	0.4166	0.5098	0.5006	
val losses      190:	0.2709	0.2927	 0.423	0.4185	0.3034	 0.296	0.4538	0.4337	0.5679	0.5744	  1.09	 1.081	 | 0.5171 mean
                     	0.7193	0.7811	  1.13	  1.12	0.8242	0.7795	 1.256	 1.219	 1.425	 1.404	 2.739	 2.796	 | 1.615 quantile
                      	   1.9	 1.996	 2.991	 2.822	 2.015	 1.525	 2.655	 2.562	 2.989	 2.579	 5.504	 5.116	 | 5.504 max

train losses    192:	0.2447	0.2244	 0.329	 0.323	 0.311	0.3219	0.4124	 0.408	0.4192	0.4234	0.4954	0.4891	
val losses      192:	0.2703	0.2917	0.4228	0.4185	0.3026	0.2955	0.4532	0.4332	0.5697	0.5757	 1.082	 1.073	 | 0.5157 mean
                     	 0.717	  0.78	 1.131	  1.12	0.8206	0.7769	 1.254	 1.217	 1.434	 1.414	 2.729	 2.787	 | 1.612 quantile
                      	 1.894	 1.998	 2.996	 2.822	 2.023	 1.541	 2.657	  2.55	 2.956	 2.612	 5.563	 5.176	 | 5.563 max

train losses    194:	0.2442	0.2241	 0.329	0.3229	 0.311	 0.322	0.4117	0.4071	 0.429	0.4334	 0.492	0.4876	
val losses      194:	0.2699	 0.291	0.4227	0.4184	 0.302	0.2953	0.4528	 0.433	0.5728	0.5782	 1.085	 1.074	 | 0.5163 mean
                     	0.7167	0.7783	 1.129	  1.12	0.8148	0.7752	 1.253	 1.213	 1.442	 1.426	 2.734	 2.786	 | 1.613 quantile
                      	 1.891	   2.0	 3.002	 2.823	 2.031	 1.557	 2.654	 2.534	 2.936	 2.647	 5.565	 5.175	 | 5.565 max

train losses    196:	0.2436	0.2237	0.3291	0.3228	0.3108	0.3219	0.4111	0.4063	0.4361	0.4402	 0.488	0.4835	
val losses      196:	0.2697	0.2906	0.4226	0.4183	0.3017	0.2952	0.4526	 0.433	0.5768	0.5817	 1.093	 1.082	 | 0.5181 mean
                     	0.7161	0.7778	 1.129	  1.12	0.8128	0.7753	 1.251	 1.208	  1.45	 1.436	  2.74	 2.782	 | 1.62 quantile
                      	  1.89	 1.999	 3.007	 2.825	 2.035	 1.568	 2.647	 2.519	 2.935	 2.675	 5.539	 5.144	 | 5.539 max

train losses    198:	 0.243	0.2232	0.3291	0.3227	0.3102	0.3214	0.4104	0.4056	0.4395	0.4432	 0.484	0.4784	
val losses      198:	0.2695	0.2902	0.4225	0.4182	0.3013	0.2948	0.4525	0.4329	0.5796	0.5842	 1.105	 1.093	 | 0.5203 mean
                     	0.7167	0.7768	 1.128	 1.121	0.8103	0.7749	 1.252	 1.208	 1.454	 1.444	 2.757	 2.796	 | 1.63 quantile
                      	 1.889	 1.996	  3.01	 2.827	 2.038	 1.575	 2.639	 2.505	 2.934	 2.689	 5.502	 5.102	 | 5.502 max

train losses    200:	0.2425	0.2228	 0.329	0.3226	0.3096	0.3207	0.4097	0.4048	0.4415	0.4448	0.4821	0.4753	
val losses      200:	0.2691	0.2898	0.4223	0.4181	0.3008	0.2944	0.4523	0.4327	0.5815	 0.586	 1.116	 1.104	 | 0.5223 mean
                     	0.7163	0.7759	 1.128	 1.121	0.8076	0.7737	 1.249	 1.207	 1.454	 1.448	 2.763	 2.818	 | 1.637 quantile
                      	 1.887	 1.993	  3.01	 2.829	 2.039	 1.579	  2.63	 2.492	 2.932	 2.697	 5.467	 5.061	 | 5.467 max

train losses    202:	0.2419	0.2224	0.3289	0.3225	0.3089	  0.32	0.4091	0.4041	0.4427	0.4455	0.4821	0.4745	
val losses      202:	0.2687	0.2895	0.4222	 0.418	0.3004	0.2939	0.4521	0.4323	0.5827	0.5871	 1.127	 1.114	 | 0.524 mean
                     	0.7141	 0.775	 1.129	 1.122	0.8077	0.7733	 1.247	 1.204	 1.453	  1.45	 2.776	 2.823	 | 1.645 quantile
                      	 1.885	 1.988	 3.008	  2.83	 2.039	 1.579	 2.621	 2.481	 2.937	 2.701	 5.439	 5.029	 | 5.439 max

train losses    204:	0.2414	 0.222	0.3287	0.3224	 0.308	 0.319	0.4084	0.4033	0.4409	0.4432	 0.484	0.4756	
val losses      204:	0.2684	0.2893	0.4221	0.4179	   0.3	 0.293	0.4517	0.4317	0.5813	0.5861	 1.136	 1.123	 | 0.525 mean
                     	0.7122	0.7736	 1.128	 1.121	0.8083	0.7723	 1.246	 1.202	 1.447	 1.444	 2.787	 2.826	 | 1.651 quantile
                      	 1.884	 1.982	 3.005	  2.83	 2.037	 1.576	 2.613	 2.472	 2.951	 2.693	 5.421	 5.005	 | 5.421 max

train losses    206:	0.2409	0.2215	0.3285	0.3224	0.3068	0.3177	0.4077	0.4025	0.4344	0.4363	0.4868	0.4778	
val losses      206:	 0.268	0.2892	 0.422	0.4178	0.2996	 0.292	0.4513	 0.431	0.5763	0.5822	 1.142	 1.129	 | 0.525 mean
                     	0.7108	 0.773	 1.127	 1.121	0.8064	0.7679	 1.246	   1.2	 1.439	 1.432	 2.791	  2.83	 | 1.653 quantile
                      	 1.881	 1.976	   3.0	 2.829	 2.033	 1.569	 2.605	 2.464	 2.963	 2.661	 5.413	 4.994	 | 5.413 max

train losses    208:	0.2403	0.2211	0.3282	0.3223	0.3056	0.3163	0.4071	0.4017	0.4244	0.4259	0.4882	 0.479	
val losses      208:	0.2676	0.2892	0.4219	0.4178	0.2992	0.2909	0.4508	0.4301	0.5699	 0.578	 1.144	 1.132	 | 0.5243 mean
                     	0.7093	0.7738	 1.127	  1.12	 0.809	0.7654	 1.245	 1.198	 1.429	 1.421	  2.79	 2.832	 | 1.653 quantile
                      	 1.879	 1.971	 2.995	 2.828	 2.027	  1.56	 2.598	 2.457	 2.974	 2.609	 5.418	 4.995	 | 5.418 max

train losses    210:	0.2398	0.2207	0.3281	0.3221	0.3042	0.3148	0.4063	0.4008	0.4128	0.4145	 0.487	0.4778	
val losses      210:	0.2673	0.2892	0.4218	0.4177	0.2991	0.2902	0.4502	0.4293	0.5658	0.5759	 1.143	 1.132	 | 0.5234 mean
                     	0.7102	0.7739	 1.126	 1.121	0.8105	0.7646	 1.242	 1.198	 1.431	 1.407	 2.793	 2.835	 | 1.65 quantile
                      	 1.877	 1.975	 2.991	 2.826	  2.02	  1.55	 2.592	 2.451	 2.988	 2.554	 5.433	 5.008	 | 5.433 max

train losses    212:	0.2393	0.2203	0.3279	 0.322	 0.303	0.3135	0.4056	0.3999	0.4017	0.4037	0.4838	0.4747	
val losses      212:	0.2669	0.2892	0.4217	0.4176	0.2992	0.2898	0.4496	0.4284	0.5649	0.5765	 1.141	  1.13	 | 0.5228 mean
                     	0.7095	0.7729	 1.125	 1.121	0.8113	0.7664	  1.24	 1.195	 1.434	 1.397	 2.792	 2.829	 | 1.646 quantile
                      	 1.875	 1.978	 2.988	 2.824	 2.012	 1.541	 2.586	 2.443	 3.005	 2.503	 5.456	 5.028	 | 5.456 max

train losses    214:	0.2388	0.2199	0.3278	0.3219	0.3018	0.3123	0.4048	 0.399	0.3925	0.3951	0.4795	0.4705	
val losses      214:	0.2665	0.2891	0.4216	0.4176	0.2994	0.2896	 0.449	0.4277	0.5661	0.5787	 1.138	 1.128	 | 0.5226 mean
                     	0.7088	0.7738	 1.124	 1.121	  0.81	0.7654	 1.238	 1.191	 1.436	 1.403	 2.793	 2.823	 | 1.644 quantile
                      	 1.872	  1.98	 2.986	 2.823	 2.006	 1.534	  2.58	 2.434	 3.023	 2.463	  5.48	  5.05	 | 5.48 max

train losses    216:	0.2383	0.2196	0.3277	0.3218	0.3009	0.3113	 0.404	0.3981	0.3862	0.3893	0.4752	0.4665	
val losses      216:	0.2661	 0.289	0.4215	0.4175	0.2996	0.2895	0.4484	0.4271	0.5679	0.5812	 1.137	 1.127	 | 0.5227 mean
                     	0.7064	0.7732	 1.124	 1.119	0.8083	0.7657	 1.234	 1.187	 1.437	  1.41	 2.795	 2.822	 | 1.643 quantile
                      	  1.87	 1.982	 2.986	 2.821	 2.001	 1.531	 2.574	 2.424	 3.036	 2.434	 5.499	 5.066	 | 5.499 max

train losses    218:	0.2378	0.2192	0.3276	0.3217	0.3001	0.3104	0.4033	0.3972	0.3823	0.3858	 0.472	0.4633	
val losses      218:	0.2657	0.2888	0.4214	0.4175	0.2997	0.2893	0.4479	0.4265	0.5697	0.5835	 1.139	 1.129	 | 0.5231 mean
                     	0.7043	0.7718	 1.125	 1.119	0.8096	0.7654	  1.23	 1.184	 1.443	 1.418	 2.795	 2.821	 | 1.644 quantile
                      	 1.868	 1.982	 2.986	 2.821	 1.997	 1.529	 2.567	 2.414	 3.045	  2.41	  5.51	 5.075	 | 5.51 max

train losses    220:	0.2374	0.2189	0.3276	0.3216	0.2993	0.3097	0.4025	0.3964	0.3799	0.3836	0.4705	0.4619	
val losses      220:	0.2654	0.2886	0.4213	0.4174	0.2997	 0.289	0.4474	 0.426	0.5713	0.5853	 1.143	 1.133	 | 0.5239 mean
                     	0.7061	0.7713	 1.124	 1.119	0.8092	0.7657	 1.227	 1.181	 1.446	 1.425	 2.806	 2.831	 | 1.649 quantile
                      	 1.866	 1.982	 2.986	 2.821	 1.995	  1.53	  2.56	 2.404	 3.051	 2.395	 5.513	 5.076	 | 5.513 max

train losses    222:	0.2369	0.2186	0.3275	0.3215	0.2987	0.3089	0.4017	0.3955	0.3782	0.3821	0.4716	0.4629	
val losses      222:	0.2651	0.2884	0.4212	0.4173	0.2996	0.2887	 0.447	0.4256	0.5726	0.5868	  1.15	  1.14	 | 0.5252 mean
                     	 0.705	0.7708	 1.125	 1.118	0.8074	0.7652	 1.225	 1.179	 1.448	 1.428	 2.814	 2.835	 | 1.657 quantile
                      	 1.864	 1.982	 2.986	 2.822	 1.992	 1.532	 2.552	 2.394	 3.055	 2.387	 5.506	 5.068	 | 5.506 max

train losses    224:	0.2365	0.2183	0.3275	0.3214	 0.298	0.3082	 0.401	0.3947	0.3768	0.3808	0.4758	 0.467	
val losses      224:	0.2649	0.2882	0.4212	0.4173	0.2994	0.2884	0.4467	0.4252	0.5736	0.5879	 1.161	  1.15	 | 0.5269 mean
                     	0.7047	 0.769	 1.125	 1.117	 0.808	0.7631	 1.225	 1.177	  1.45	 1.431	 2.832	  2.84	 | 1.667 quantile
                      	 1.863	 1.982	 2.987	 2.823	 1.991	 1.534	 2.542	 2.383	 3.059	 2.384	 5.488	 5.049	 | 5.488 max

train losses    226:	0.2361	 0.218	0.3274	0.3213	0.2974	0.3075	0.4003	0.3939	0.3756	0.3796	0.4834	0.4744	
val losses      226:	0.2647	0.2881	0.4211	0.4171	0.2992	 0.288	0.4464	0.4249	0.5743	0.5888	 1.174	 1.163	 | 0.5291 mean
                     	0.7041	 0.768	 1.125	 1.116	0.8078	 0.762	 1.224	 1.176	 1.453	 1.432	 2.854	 2.861	 | 1.681 quantile
                      	 1.863	 1.984	 2.987	 2.823	  1.99	 1.536	 2.532	 2.373	 3.062	 2.386	  5.46	 5.021	 | 5.46 max

train losses    228:	0.2356	0.2177	0.3273	0.3212	0.2967	0.3068	0.3995	0.3932	0.3744	0.3785	0.4932	0.4839	
val losses      228:	0.2644	0.2879	 0.421	 0.417	 0.299	0.2876	0.4461	0.4246	0.5747	0.5893	 1.189	 1.177	 | 0.5315 mean
                     	0.7034	0.7668	 1.126	 1.115	 0.806	0.7589	 1.223	 1.171	 1.456	 1.433	 2.882	 2.886	 | 1.694 quantile
                      	 1.863	 1.985	 2.986	 2.824	  1.99	 1.538	 2.522	 2.363	 3.063	 2.392	 5.426	 4.988	 | 5.426 max

train losses    230:	0.2352	0.2174	0.3273	0.3211	0.2961	0.3062	0.3988	0.3924	0.3733	0.3774	0.5014	 0.492	
val losses      230:	0.2642	0.2877	 0.421	0.4169	0.2986	0.2872	0.4458	0.4242	0.5749	0.5895	 1.202	  1.19	 | 0.5335 mean
                     	0.7039	0.7662	 1.127	 1.115	0.8044	0.7576	 1.222	 1.172	 1.454	 1.433	 2.899	 2.913	 | 1.703 quantile
                      	 1.863	 1.986	 2.985	 2.824	  1.99	 1.539	 2.512	 2.358	 3.066	 2.404	 5.393	 4.955	 | 5.393 max

train losses    232:	0.2348	0.2172	0.3272	0.3209	0.2955	0.3055	 0.398	0.3916	0.3722	0.3763	 0.504	0.4943	
val losses      232:	0.2639	0.2874	 0.421	0.4168	0.2982	0.2868	0.4452	0.4236	0.5752	0.5896	 1.208	 1.196	 | 0.5343 mean
                     	0.7021	0.7657	 1.126	 1.115	0.8034	0.7559	 1.221	 1.172	 1.451	 1.431	 2.912	 2.933	 | 1.708 quantile
                      	 1.863	 1.988	 2.984	 2.824	  1.99	  1.54	 2.505	 2.353	 3.071	 2.421	  5.37	 4.933	 | 5.37 max

train losses    234:	0.2344	0.2169	0.3271	0.3208	0.2948	0.3049	0.3972	0.3906	0.3714	0.3753	   0.5	0.4902	
val losses      234:	0.2635	 0.287	0.4209	0.4167	0.2977	0.2864	0.4444	0.4228	0.5753	0.5897	 1.205	 1.193	 | 0.5335 mean
                     	0.7022	0.7656	 1.127	 1.115	0.8011	0.7558	 1.219	 1.169	 1.451	  1.43	 2.904	 2.924	 | 1.703 quantile
                      	 1.862	 1.988	 2.982	 2.823	 1.991	 1.541	 2.498	 2.351	 3.074	 2.438	 5.366	  4.93	 | 5.366 max

train losses    236:	 0.234	0.2166	 0.327	0.3207	0.2942	0.3042	0.3963	0.3897	0.3706	0.3744	0.4934	0.4836	
val losses      236:	0.2631	0.2865	0.4209	0.4166	0.2971	 0.286	0.4434	0.4218	0.5753	0.5895	 1.195	 1.183	 | 0.5315 mean
                     	0.7013	0.7633	 1.126	 1.114	0.7972	0.7553	 1.215	 1.164	 1.454	 1.431	 2.878	 2.896	 | 1.694 quantile
                      	 1.861	 1.988	 2.981	 2.823	 1.993	 1.543	 2.492	 2.352	 3.072	 2.452	 5.383	 4.946	 | 5.383 max

train losses    238:	0.2336	0.2164	 0.327	0.3206	0.2936	0.3035	0.3954	0.3888	0.3699	0.3735	0.4875	 0.478	
val losses      238:	0.2627	0.2859	0.4209	0.4165	0.2965	0.2854	0.4423	0.4207	0.5748	0.5889	 1.183	 1.171	 | 0.529 mean
                     	   0.7	0.7628	 1.126	 1.114	0.7975	0.7532	 1.211	 1.161	 1.456	 1.429	 2.857	 2.877	 | 1.681 quantile
                      	  1.86	 1.986	 2.981	 2.822	 1.995	 1.545	 2.486	 2.353	 3.063	 2.461	  5.41	 4.973	 | 5.41 max

train losses    240:	0.2332	 0.216	0.3269	0.3204	 0.293	0.3028	0.3945	0.3878	0.3693	0.3726	0.4823	0.4734	
val losses      240:	0.2622	0.2854	0.4209	0.4164	0.2959	0.2848	0.4413	0.4198	0.5743	 0.588	 1.171	 1.159	 | 0.5266 mean
                     	0.6994	0.7611	 1.126	 1.115	0.7947	0.7511	 1.209	  1.16	 1.454	 1.427	 2.835	 2.854	 | 1.67 quantile
                      	 1.859	 1.984	 2.981	 2.822	 1.996	 1.549	 2.482	 2.352	 3.053	 2.467	 5.441	 5.005	 | 5.441 max

train losses    242:	0.2328	0.2157	0.3269	0.3203	0.2924	 0.302	0.3937	0.3869	 0.369	 0.372	0.4761	0.4677	
val losses      242:	0.2618	0.2847	0.4208	0.4163	0.2953	0.2842	0.4403	0.4188	0.5739	0.5873	  1.16	 1.149	 | 0.5243 mean
                     	0.6995	0.7604	 1.126	 1.115	0.7918	0.7503	 1.208	 1.157	 1.451	 1.427	  2.82	 2.837	 | 1.66 quantile
                      	 1.857	 1.981	 2.981	 2.821	 1.997	 1.552	 2.479	  2.35	 3.046	 2.474	 5.475	 5.039	 | 5.475 max

train losses    244:	0.2324	0.2153	0.3268	0.3202	0.2918	0.3013	0.3927	 0.386	 0.369	0.3715	0.4678	  0.46	
val losses      244:	0.2614	0.2841	0.4208	0.4162	0.2947	0.2836	0.4393	 0.418	 0.574	0.5869	 1.151	 1.139	 | 0.5224 mean
                     	0.6979	0.7586	 1.125	 1.114	0.7908	0.7479	 1.209	 1.154	 1.451	 1.425	 2.805	 2.818	 | 1.652 quantile
                      	 1.855	 1.978	 2.981	 2.821	 1.999	 1.556	 2.476	 2.346	 3.044	 2.481	  5.51	 5.072	 | 5.51 max

train losses    246:	0.2321	0.2149	0.3267	  0.32	0.2913	0.3006	0.3918	0.3851	0.3691	0.3712	0.4578	0.4503	
val losses      246:	0.2609	0.2835	0.4207	0.4161	0.2941	 0.283	0.4385	0.4171	0.5743	0.5867	 1.143	 1.132	 | 0.5208 mean
                     	0.6948	0.7567	 1.126	 1.114	0.7895	0.7462	 1.205	 1.153	 1.456	 1.423	 2.803	 2.818	 | 1.645 quantile
                      	 1.853	 1.974	 2.982	  2.82	   2.0	  1.56	 2.474	 2.342	 3.044	 2.491	 5.544	 5.107	 | 5.544 max

train losses    248:	0.2317	0.2146	0.3267	0.3199	0.2907	0.2999	0.3909	0.3841	0.3693	0.3711	0.4471	0.4398	
val losses      248:	0.2605	0.2829	0.4207	 0.416	0.2936	0.2825	0.4376	0.4164	0.5749	0.5868	 1.137	 1.126	 | 0.5196 mean
                     	0.6925	 0.753	 1.125	 1.114	0.7878	0.7436	 1.199	 1.153	 1.455	 1.426	 2.798	 2.814	 | 1.64 quantile
                      	 1.852	 1.971	 2.983	  2.82	 2.001	 1.563	 2.471	 2.337	 3.047	 2.501	 5.577	 5.138	 | 5.577 max

train losses    250:	0.2313	0.2142	0.3266	0.3198	0.2902	0.2993	0.3899	0.3832	0.3696	0.3713	 0.437	0.4297	
val losses      250:	0.2601	0.2824	0.4207	0.4159	0.2931	 0.282	0.4369	0.4157	0.5757	0.5871	 1.133	 1.122	 | 0.5187 mean
                     	0.6924	 0.752	 1.125	 1.114	0.7837	0.7413	 1.197	 1.149	 1.456	 1.427	 2.797	 2.808	 | 1.638 quantile
                      	  1.85	 1.968	 2.983	  2.82	 2.002	 1.566	 2.467	 2.332	  3.05	 2.514	 5.604	 5.165	 | 5.604 max

train losses    252:	0.2309	0.2139	0.3266	0.3196	0.2897	0.2987	 0.389	0.3823	0.3703	0.3719	0.4282	0.4209	
val losses      252:	0.2597	0.2819	0.4206	0.4158	0.2926	0.2815	0.4362	 0.415	0.5767	0.5876	  1.13	  1.12	 | 0.5181 mean
                     	0.6914	0.7507	 1.124	 1.114	0.7816	0.7401	 1.195	 1.148	 1.458	 1.427	 2.796	  2.81	 | 1.636 quantile
                      	 1.849	 1.966	 2.985	 2.819	 2.004	  1.57	 2.464	 2.328	 3.053	 2.531	 5.626	 5.187	 | 5.626 max

train losses    254:	0.2306	0.2136	0.3266	0.3195	0.2893	0.2981	0.3881	0.3814	0.3717	0.3731	0.4212	0.4138	
val losses      254:	0.2593	0.2814	0.4206	0.4157	0.2921	0.2811	0.4355	0.4144	0.5781	0.5883	  1.13	 1.119	 | 0.5179 mean
                     	0.6907	0.7504	 1.125	 1.114	0.7792	0.7394	 1.191	 1.147	 1.461	 1.432	 2.794	 2.814	 | 1.635 quantile
                      	 1.847	 1.963	 2.986	 2.819	 2.006	 1.574	 2.459	 2.323	 3.055	 2.552	 5.643	 5.203	 | 5.643 max

train losses    256:	0.2302	0.2133	0.3266	0.3193	0.2889	0.2977	0.3872	0.3806	 0.374	0.3753	0.4162	0.4087	
val losses      256:	0.2589	0.2809	0.4206	0.4156	0.2916	0.2807	0.4348	0.4138	0.5801	0.5894	  1.13	  1.12	 | 0.5181 mean
                     	0.6879	0.7521	 1.125	 1.113	0.7795	 0.739	  1.19	 1.144	  1.46	 1.435	 2.793	 2.818	 | 1.636 quantile
                      	 1.846	 1.961	 2.987	 2.819	 2.009	 1.579	 2.455	 2.318	 3.055	 2.578	 5.653	 5.213	 | 5.653 max

train losses    258:	0.2299	 0.213	0.3265	0.3192	0.2886	0.2973	0.3864	0.3797	0.3776	0.3787	 0.413	0.4053	
val losses      258:	0.2586	0.2804	0.4205	0.4155	0.2911	0.2804	0.4342	0.4133	 0.583	0.5913	 1.133	 1.122	 | 0.5186 mean
                     	0.6859	0.7504	 1.125	 1.113	0.7772	 0.736	 1.187	 1.142	 1.463	 1.444	 2.797	 2.821	 | 1.637 quantile
                      	 1.844	 1.959	 2.988	 2.819	 2.012	 1.585	  2.45	 2.314	 3.055	 2.608	 5.657	 5.216	 | 5.657 max

train losses    260:	0.2295	0.2128	0.3265	0.3191	0.2884	 0.297	0.3855	0.3789	0.3825	0.3833	0.4114	0.4036	
val losses      260:	0.2582	  0.28	0.4205	0.4154	0.2907	0.2803	0.4337	0.4128	 0.587	0.5939	 1.136	 1.125	 | 0.5195 mean
                     	0.6844	0.7497	 1.126	 1.112	0.7764	0.7338	 1.185	  1.14	 1.469	 1.456	 2.802	 2.822	 | 1.641 quantile
                      	 1.844	 1.957	 2.989	 2.819	 2.016	 1.591	 2.444	  2.31	 3.053	 2.644	 5.656	 5.216	 | 5.656 max

train losses    262:	0.2292	0.2126	0.3265	0.3189	0.2882	0.2969	0.3847	0.3781	0.3888	0.3892	0.4114	0.4033	
val losses      262:	0.2579	0.2795	0.4206	0.4153	0.2903	0.2802	0.4331	0.4123	0.5921	0.5975	 1.141	 1.129	 | 0.5208 mean
                     	0.6841	 0.749	 1.125	 1.111	0.7754	0.7351	 1.185	  1.14	 1.472	 1.473	 2.806	 2.829	 | 1.646 quantile
                      	 1.843	 1.954	  2.99	 2.819	  2.02	 1.597	 2.438	 2.306	 3.053	 2.683	  5.65	 5.211	 | 5.65 max

train losses    264:	0.2288	0.2124	0.3265	0.3188	0.2881	0.2968	0.3838	0.3774	0.3956	0.3954	0.4127	0.4043	
val losses      264:	0.2577	0.2792	0.4206	0.4152	0.2901	0.2802	0.4325	0.4119	0.5976	0.6016	 1.146	 1.134	 | 0.5223 mean
                     	 0.684	0.7496	 1.125	 1.111	0.7738	0.7341	 1.182	 1.135	  1.48	 1.488	 2.817	 2.842	 | 1.655 quantile
                      	 1.842	 1.952	  2.99	  2.82	 2.024	 1.601	 2.431	 2.302	 3.053	 2.719	 5.642	 5.204	 | 5.642 max

train losses    266:	0.2285	0.2122	0.3264	0.3187	 0.288	0.2967	 0.383	0.3766	0.4016	0.4008	0.4148	0.4062	
val losses      266:	0.2574	0.2788	0.4206	 0.415	0.2898	0.2802	 0.432	0.4113	0.6018	0.6046	 1.152	  1.14	 | 0.5236 mean
                     	0.6841	0.7501	 1.123	 1.111	0.7707	0.7326	 1.178	 1.131	 1.489	 1.491	 2.829	 2.851	 | 1.661 quantile
                      	 1.842	  1.95	  2.99	  2.82	 2.027	 1.605	 2.425	 2.298	 3.053	 2.747	 5.633	 5.196	 | 5.633 max

train losses    268:	0.2281	0.2121	0.3264	0.3185	0.2879	0.2965	0.3822	0.3759	0.4054	 0.404	0.4176	0.4086	
val losses      268:	0.2572	0.2786	0.4206	0.4149	0.2894	0.2798	0.4314	0.4107	0.6021	0.6045	 1.157	 1.144	 | 0.5242 mean
                     	0.6828	0.7492	 1.123	 1.111	0.7695	0.7324	 1.175	 1.128	 1.492	 1.489	 2.842	 2.853	 | 1.663 quantile
                      	 1.841	  1.95	 2.989	 2.819	  2.03	 1.606	 2.419	 2.293	  3.05	 2.759	 5.627	 5.192	 | 5.627 max

train losses    270:	0.2278	0.2119	0.3263	0.3184	0.2876	0.2961	0.3814	0.3751	0.4061	0.4041	0.4213	 0.412	
val losses      270:	0.2571	0.2786	0.4206	0.4148	0.2888	 0.279	0.4307	  0.41	0.5971	0.6003	 1.161	 1.148	 | 0.5239 mean
                     	0.6827	0.7481	 1.123	 1.111	0.7707	0.7305	 1.173	 1.127	 1.481	 1.489	 2.853	 2.855	 | 1.663 quantile
                      	  1.84	 1.952	 2.987	 2.818	  2.03	 1.605	 2.413	 2.289	 3.044	 2.743	 5.626	 5.193	 | 5.626 max

train losses    272:	0.2274	0.2117	0.3262	0.3183	 0.287	0.2955	0.3806	0.3744	0.4033	0.4012	0.4271	0.4177	
val losses      272:	0.2571	0.2787	0.4206	0.4148	0.2882	0.2778	0.4301	0.4093	0.5886	0.5938	 1.164	 1.152	 | 0.5229 mean
                     	0.6844	0.7488	 1.123	 1.111	0.7696	0.7274	 1.172	 1.126	 1.472	  1.47	 2.858	 2.866	 | 1.662 quantile
                      	 1.839	 1.956	 2.985	 2.817	 2.027	 1.601	 2.408	 2.284	 3.037	 2.694	 5.631	 5.199	 | 5.631 max

train losses    274:	0.2271	0.2115	0.3261	0.3181	0.2862	0.2946	0.3799	0.3736	0.3972	0.3959	0.4363	0.4267	
val losses      274:	0.2571	 0.279	0.4205	0.4147	0.2879	0.2768	0.4294	0.4084	0.5811	0.5893	 1.167	 1.154	 | 0.5221 mean
                     	 0.684	0.7494	 1.124	  1.11	0.7689	0.7286	 1.171	 1.123	 1.464	 1.446	 2.865	 2.874	 | 1.659 quantile
                      	 1.837	 1.963	 2.983	 2.815	  2.02	 1.593	 2.404	 2.279	 3.031	 2.624	  5.64	  5.21	 | 5.64 max

train losses    276:	0.2268	0.2112	0.3261	 0.318	0.2852	0.2935	0.3791	0.3729	0.3882	0.3882	0.4448	0.4351	
val losses      276:	 0.257	0.2793	0.4205	0.4146	0.2881	0.2765	0.4287	0.4075	0.5783	0.5898	 1.165	 1.154	 | 0.5216 mean
                     	0.6825	0.7479	 1.123	 1.109	0.7683	0.7309	 1.168	 1.121	 1.463	 1.441	 2.878	 2.881	 | 1.657 quantile
                      	 1.835	  1.97	 2.981	 2.812	 2.012	 1.583	 2.401	 2.272	  3.03	 2.549	 5.655	 5.224	 | 5.655 max

train losses    278:	0.2265	0.2109	 0.326	0.3178	 0.284	0.2922	0.3782	 0.372	0.3758	0.3767	0.4389	0.4292	
val losses      278:	0.2566	0.2792	0.4204	0.4146	0.2888	0.2767	0.4277	0.4064	0.5802	0.5933	 1.155	 1.144	 | 0.5203 mean
                     	0.6818	0.7478	 1.122	  1.11	0.7669	 0.729	 1.167	  1.12	 1.457	 1.448	 2.875	  2.88	 | 1.648 quantile
                      	 1.831	 1.976	  2.98	 2.809	 2.003	 1.573	   2.4	 2.265	 3.043	 2.491	 5.684	 5.252	 | 5.684 max

train losses    280:	0.2262	0.2105	0.3259	0.3176	0.2827	0.2908	0.3772	 0.371	0.3627	0.3635	0.4115	0.4024	
val losses      280:	0.2559	0.2787	0.4204	0.4145	0.2893	 0.277	0.4264	0.4052	0.5833	0.5968	 1.134	 1.126	 | 0.5173 mean
                     	0.6799	0.7462	 1.121	 1.109	0.7683	0.7301	 1.163	 1.114	 1.468	 1.452	 2.846	 2.872	 | 1.633 quantile
                      	 1.826	  1.98	  2.98	 2.805	 1.997	 1.564	 2.398	 2.261	 3.073	 2.461	 5.738	 5.303	 | 5.738 max

train losses    282:	0.2259	0.2101	0.3259	0.3175	0.2817	0.2897	0.3762	0.3701	0.3541	0.3545	0.3812	0.3738	
val losses      282:	0.2551	0.2781	0.4203	0.4144	0.2894	0.2771	 0.425	 0.404	0.5866	   0.6	 1.114	 1.106	 | 0.5141 mean
                     	  0.68	0.7444	  1.12	  1.11	0.7679	0.7296	 1.159	 1.109	 1.481	 1.455	 2.804	 2.843	 | 1.618 quantile
                      	  1.82	 1.981	 2.981	 2.803	 1.991	 1.557	 2.396	 2.261	 3.112	 2.451	 5.807	 5.368	 | 5.807 max

train losses    284:	0.2256	0.2098	0.3259	0.3173	0.2811	0.2888	0.3752	0.3692	0.3498	0.3503	0.3648	 0.359	
val losses      284:	0.2545	0.2775	0.4203	0.4144	0.2895	0.2773	0.4239	0.4031	0.5891	0.6027	 1.101	 1.092	 | 0.5121 mean
                     	0.6791	0.7427	 1.121	 1.109	0.7678	 0.728	 1.156	 1.104	 1.493	 1.461	 2.784	 2.802	 | 1.607 quantile
                      	 1.817	 1.983	 2.983	 2.802	 1.987	 1.553	 2.391	 2.262	 3.137	 2.447	 5.867	 5.425	 | 5.867 max

train losses    286:	0.2253	0.2096	0.3259	0.3172	0.2805	0.2881	0.3744	0.3684	0.3471	0.3479	0.3581	0.3532	
val losses      286:	0.2541	0.2772	0.4203	0.4142	0.2894	0.2772	 0.423	0.4023	0.5902	0.6041	 1.095	 1.086	 | 0.5111 mean
                     	0.6775	0.7407	 1.121	 1.109	0.7669	0.7283	 1.152	   1.1	 1.497	 1.461	 2.768	 2.776	 | 1.603 quantile
                      	 1.815	 1.986	 2.984	 2.799	 1.984	 1.551	 2.387	 2.261	 3.142	 2.439	 5.903	 5.461	 | 5.903 max

train losses    288:	 0.225	0.2094	0.3259	 0.317	  0.28	0.2875	0.3735	0.3676	0.3449	0.3461	0.3548	0.3506	
val losses      288:	0.2539	0.2771	0.4203	0.4141	0.2892	 0.277	0.4222	0.4017	0.5907	0.6049	 1.094	 1.084	 | 0.5107 mean
                     	0.6765	0.7401	 1.123	 1.109	0.7658	0.7283	  1.15	 1.098	 1.495	 1.461	 2.763	 2.772	 | 1.603 quantile
                      	 1.814	 1.985	 2.986	 2.796	 1.982	 1.551	 2.381	 2.259	 3.136	 2.426	 5.919	 5.477	 | 5.919 max

train losses    290:	0.2247	0.2091	0.3259	0.3169	0.2795	0.2869	0.3727	0.3668	0.3434	0.3448	0.3523	0.3486	
val losses      290:	0.2537	0.2769	0.4203	 0.414	 0.289	0.2768	0.4215	0.4011	0.5914	0.6057	 1.094	 1.084	 | 0.5107 mean
                     	0.6757	0.7396	 1.123	  1.11	 0.765	0.7284	 1.147	 1.095	 1.497	 1.465	 2.767	 2.772	 | 1.604 quantile
                      	 1.812	 1.984	 2.984	  2.79	  1.98	 1.552	 2.376	 2.255	 3.128	 2.416	 5.921	  5.48	 | 5.921 max

train losses    292:	0.2244	0.2089	0.3258	0.3167	0.2791	0.2864	0.3718	 0.366	0.3422	0.3437	  0.35	0.3466	
val losses      292:	0.2534	0.2767	0.4203	0.4139	0.2887	0.2765	0.4208	0.4004	 0.592	0.6064	 1.094	 1.085	 | 0.5107 mean
                     	0.6741	0.7387	 1.123	  1.11	0.7641	0.7278	 1.144	 1.093	 1.496	 1.466	 2.769	 2.777	 | 1.604 quantile
                      	 1.811	 1.983	 2.982	 2.788	 1.979	 1.553	 2.369	 2.251	 3.125	 2.412	 5.921	  5.48	 | 5.921 max

train losses    294:	0.2241	0.2086	0.3258	0.3166	0.2786	0.2858	 0.371	0.3653	0.3413	0.3428	0.3478	0.3447	
val losses      294:	0.2532	0.2764	0.4203	0.4138	0.2884	0.2761	0.4201	0.3997	0.5926	0.6069	 1.095	 1.085	 | 0.5106 mean
                     	0.6731	0.7378	 1.123	  1.11	0.7625	0.7285	 1.141	 1.092	 1.498	 1.468	 2.772	 2.782	 | 1.605 quantile
                      	 1.809	 1.982	  2.98	 2.788	 1.978	 1.554	 2.363	 2.248	 3.127	 2.414	 5.923	 5.482	 | 5.923 max

train losses    296:	0.2238	0.2084	0.3258	0.3164	0.2781	0.2852	0.3701	0.3645	0.3404	0.3419	0.3457	0.3429	
val losses      296:	0.2529	0.2761	0.4203	0.4137	0.2881	0.2757	0.4193	 0.399	0.5928	 0.607	 1.094	 1.085	 | 0.5103 mean
                     	0.6717	0.7373	 1.123	 1.109	 0.763	0.7271	 1.138	 1.091	   1.5	 1.469	 2.774	 2.777	 | 1.604 quantile
                      	 1.808	  1.98	 2.979	 2.788	 1.977	 1.554	 2.356	 2.245	 3.129	 2.418	 5.929	 5.489	 | 5.929 max

train losses    298:	0.2235	0.2082	0.3257	0.3163	0.2777	0.2846	0.3693	0.3638	0.3395	0.3411	 0.344	0.3415	
val losses      298:	0.2525	0.2757	0.4203	0.4136	0.2876	0.2753	0.4185	0.3983	0.5928	0.6069	 1.093	 1.083	 | 0.5098 mean
                     	0.6708	 0.737	 1.122	 1.108	0.7602	0.7267	 1.133	 1.091	   1.5	 1.469	 2.769	 2.778	 | 1.602 quantile
                      	 1.807	 1.978	 2.978	 2.786	 1.978	 1.554	 2.349	 2.243	 3.131	 2.426	 5.939	 5.499	 | 5.939 max

