train losses      0:	0.5661	 0.581	0.3619	0.3697	0.7265	0.7579	0.4838	0.4926	 1.587	 1.603	  1.49	 1.479	
val losses        0:	 1.362	  1.47	 1.196	 0.949	 1.365	0.8001	 1.505	0.5907	 1.896	 3.803	 2.786	 1.879	 | 1.634 mean
                     	 2.873	 2.689	 1.871	 1.789	 3.075	 2.233	 2.455	 1.462	 5.142	 7.249	 5.386	 4.258	 | 4.436 quantile
                      	 5.976	 4.948	 3.237	 3.193	 6.414	  6.25	 3.525	 2.737	 7.981	 10.47	 6.954	 5.499	 | 10.47 max

train losses      2:	0.5057	 0.523	 0.371	0.3743	0.7089	0.7292	0.4915	0.4895	 1.528	 1.553	 1.454	 1.461	
val losses        2:	0.6063	 0.603	0.6984	0.5525	 0.719	0.8785	0.6942	0.5591	  1.36	 1.508	 1.515	 1.275	 | 0.9141 mean
                     	 1.564	 1.718	  1.43	 1.323	 1.971	  2.27	 1.646	 1.407	 3.718	 4.226	 3.551	  2.95	 | 2.676 quantile
                      	 4.012	 4.116	 2.931	 2.869	 5.029	 6.052	 3.297	 2.856	 8.552	 7.465	 5.314	  4.46	 | 8.552 max

train losses      4:	0.4858	0.5002	0.3971	0.4005	 0.685	 0.698	0.5128	0.5161	 1.404	 1.439	 1.405	 1.434	
val losses        4:	0.4564	0.4862	0.4572	0.5291	0.7374	0.6905	0.4542	0.5456	 1.131	 1.143	 1.245	 1.249	 | 0.7603 mean
                     	  1.28	 1.354	 1.065	 1.235	 1.884	  1.86	 1.221	 1.376	 2.864	  3.35	 2.817	 2.955	 | 2.266 quantile
                      	 3.262	 3.806	 2.397	 2.352	 4.351	 5.193	 2.532	 3.062	 6.719	 6.435	 4.657	 4.927	 | 6.719 max

train losses      6:	0.4861	0.4997	0.4255	0.4402	0.6646	0.6664	0.5287	0.5414	 1.248	 1.288	 1.339	 1.391	
val losses        6:	0.4889	0.5049	0.3621	0.3976	 0.645	0.5564	0.4113	0.5553	 1.256	 1.142	 1.299	 1.193	 | 0.7344 mean
                     	 1.246	 1.319	0.9311	 1.019	 1.646	 1.562	 1.122	  1.35	 2.974	 3.144	 2.852	 2.737	 | 2.195 quantile
                      	 3.463	 3.364	  2.06	 1.937	 3.943	  4.84	 2.164	 2.904	 5.787	 6.188	 4.678	 4.396	 | 6.188 max

train losses      8:	0.4859	 0.506	0.4489	0.4771	0.6518	 0.637	0.5497	0.5571	  1.11	 1.148	 1.286	 1.354	
val losses        8:	0.4058	0.4652	0.3402	0.3896	0.5992	0.5478	0.4279	0.4638	  1.15	 1.151	 1.208	 1.199	 | 0.6956 mean
                     	 1.162	 1.283	 0.851	0.9887	 1.567	 1.486	 1.124	 1.197	 2.675	 2.979	 2.598	   2.7	 | 2.089 quantile
                      	  3.24	 3.398	 2.214	 1.947	 3.792	 4.751	 2.232	 2.536	 5.327	 5.681	 4.436	 4.027	 | 5.681 max

train losses     10:	0.4845	0.5072	0.4589	0.4935	0.6274	0.6062	0.5599	0.5594	  1.02	 1.054	 1.237	 1.313	
val losses       10:	0.4044	0.4501	0.3216	0.3815	 0.509	0.5087	0.3996	0.4377	0.8566	0.8695	  1.08	 1.134	 | 0.6127 mean
                     	 1.135	 1.235	0.8209	0.9539	 1.435	 1.421	 1.081	 1.145	 2.065	 2.226	 2.733	 2.646	 | 1.867 quantile
                      	 2.845	  3.38	 2.206	 1.989	 3.996	  4.54	 2.291	 2.455	 4.043	 4.264	 4.247	 4.413	 | 4.54 max

train losses     12:	0.4727	0.4924	0.4547	0.4909	0.5947	0.5746	0.5516	0.5585	 0.886	0.9043	 1.184	 1.258	
val losses       12:	0.3971	0.4096	0.3163	 0.365	0.4775	0.4905	 0.386	0.4375	  0.77	0.7748	 1.057	 1.098	 | 0.5816 mean
                     	 1.125	 1.162	0.7983	0.9172	 1.335	 1.353	 1.053	 1.147	 1.971	 2.103	 2.697	 2.608	 | 1.796 quantile
                      	 2.656	 3.236	 2.532	 1.984	 3.961	 4.409	 2.035	 2.173	 3.938	 3.958	 4.232	 4.204	 | 4.409 max

train losses     14:	0.4589	0.4768	0.4557	0.4835	0.5705	0.5598	0.5492	0.5515	0.7859	0.7937	 1.146	 1.213	
val losses       14:	0.3688	0.3724	0.3117	0.3495	0.4451	 0.475	0.3804	0.4238	0.7237	0.7154	 1.051	 1.082	 | 0.5582 mean
                     	 1.057	  1.05	0.7959	0.8707	 1.233	 1.301	 1.048	 1.121	 1.849	 1.946	 2.523	 2.509	 | 1.718 quantile
                      	 2.556	 3.242	 2.399	 1.866	 3.702	 4.102	 2.175	 2.535	 2.995	 3.547	 4.395	 4.119	 | 4.395 max

train losses     16:	0.4434	0.4551	0.4485	0.4662	0.5487	0.5473	0.5373	0.5396	0.7536	0.7405	 1.112	 1.172	
val losses       16:	0.3587	0.3591	0.3115	 0.341	0.4386	0.4601	 0.381	0.4159	0.7242	0.6916	  1.09	 1.087	 | 0.5549 mean
                     	 1.021	 1.017	0.7871	0.8538	 1.219	 1.281	 1.034	 1.107	   1.9	 1.896	  2.52	 2.457	 | 1.708 quantile
                      	 2.618	 3.271	 2.377	 1.936	 3.553	 3.908	 2.147	 2.265	 3.072	 3.275	 3.987	 3.872	 | 3.987 max

train losses     18:	0.4284	0.4334	0.4393	 0.454	0.5285	0.5263	0.5262	 0.527	0.7382	0.7225	 1.085	 1.132	
val losses       18:	  0.33	 0.323	0.3098	0.3351	0.4145	0.4338	0.3801	0.4147	0.7064	0.6732	 1.105	 1.078	 | 0.542 mean
                     	0.9186	0.9106	0.7926	0.8385	 1.106	 1.193	 1.029	 1.094	 1.795	 1.806	 2.539	 2.458	 | 1.699 quantile
                      	 2.484	 2.996	  2.27	 1.986	 3.281	  3.47	  2.16	 2.266	 3.116	 2.988	 3.939	 3.816	 | 3.939 max

train losses     20:	0.4183	0.4234	0.4349	0.4459	0.5127	0.5108	0.5155	 0.521	0.7239	0.7132	 1.071	   1.1	
val losses       20:	0.3202	0.3078	0.3072	0.3291	0.4146	0.4322	0.3766	0.4094	0.7053	0.6738	  1.11	 1.082	 | 0.539 mean
                     	0.8925	0.8689	0.7828	0.8252	 1.102	 1.188	 1.029	 1.089	 1.766	 1.805	 2.569	 2.487	 | 1.69 quantile
                      	  2.29	 2.821	 2.388	 1.909	 3.179	 3.367	 2.313	 2.092	 3.257	 2.965	 3.625	 3.687	 | 3.687 max

train losses     22:	0.4111	0.4135	0.4256	0.4366	0.5024	0.4982	0.5069	0.5113	0.7194	0.7108	 1.047	 1.069	
val losses       22:	 0.308	0.3052	0.3065	0.3237	0.4033	0.4291	0.3691	 0.403	0.6888	0.6641	  1.09	 1.069	 | 0.53 mean
                     	0.8594	0.8809	0.7777	0.8132	 1.077	 1.166	 1.012	 1.068	 1.686	 1.761	 2.629	 2.502	 | 1.665 quantile
                      	 2.094	 2.845	 2.374	  1.81	  3.01	 3.206	 2.376	 2.162	 2.987	 2.912	 4.081	 4.016	 | 4.081 max

train losses     24:	0.4042	0.4066	0.4206	0.4289	0.4934	0.4884	0.4969	0.5028	0.6947	0.6972	0.9913	 1.023	
val losses       24:	0.3047	0.3011	0.3058	0.3206	0.3986	0.4199	0.3666	0.3988	0.6838	0.6601	 1.082	  1.06	 | 0.5252 mean
                     	0.8542	0.8595	0.7765	 0.803	 1.056	 1.138	 1.004	 1.066	 1.658	  1.74	 2.623	 2.514	 | 1.651 quantile
                      	 2.054	 2.616	  2.39	 1.789	 2.794	 3.061	  2.32	 2.134	 3.089	 2.949	 3.862	 3.879	 | 3.879 max

train losses     26:	0.3993	 0.399	 0.417	0.4221	0.4852	 0.476	0.4892	0.4918	0.6768	 0.682	0.9491	  0.98	
val losses       26:	0.3046	0.2959	0.3052	0.3188	 0.392	0.4189	0.3624	0.3951	0.6873	0.6599	 1.076	 1.049	 | 0.5221 mean
                     	0.8562	0.8548	0.7737	  0.79	 1.039	 1.116	0.9914	 1.048	 1.691	 1.745	 2.711	 2.584	 | 1.635 quantile
                      	 2.098	 2.739	 2.376	 1.816	 2.696	 2.824	 2.382	 2.149	 2.898	 2.822	 4.435	 3.939	 | 4.435 max

train losses     28:	0.3929	0.3916	0.4103	0.4155	0.4769	0.4658	0.4808	0.4839	0.6815	0.6895	0.9372	0.9629	
val losses       28:	0.3015	0.2941	0.3048	 0.319	0.3849	0.4125	0.3586	0.3928	0.7051	 0.681	 1.096	 1.056	 | 0.5256 mean
                     	0.8473	0.8195	0.7736	0.8055	  1.02	 1.086	0.9879	  1.05	 1.704	 1.817	  2.81	 2.689	 | 1.658 quantile
                      	  2.07	 2.571	 2.403	 1.856	 2.677	 2.745	 2.271	 2.075	 2.813	 2.927	  4.78	 4.188	 | 4.78 max

train losses     30:	 0.392	0.3875	0.4055	0.4092	0.4702	0.4582	0.4739	0.4759	0.6989	0.7124	0.9672	0.9826	
val losses       30:	 0.302	0.2916	0.3036	0.3183	0.3813	0.4044	0.3551	0.3903	0.6895	 0.668	 1.113	 1.073	 | 0.5242 mean
                     	0.8504	0.8184	0.7656	0.8018	 1.013	 1.066	0.9735	 1.034	 1.683	 1.731	 2.908	 2.756	 | 1.647 quantile
                      	 2.202	 2.336	 2.387	 1.882	 2.546	 2.564	 2.288	 2.213	 2.602	 3.019	 4.866	  4.37	 | 4.866 max

train losses     32:	0.3953	0.3931	0.4054	0.4074	0.4736	0.4562	0.4706	0.4759	0.7294	0.7374	  1.03	 1.038	
val losses       32:	0.3085	0.2951	0.3026	0.3147	0.3725	0.3842	 0.354	0.3895	0.7081	0.6873	 1.043	 1.014	 | 0.5144 mean
                     	0.8453	0.8143	0.7717	0.7977	0.9899	 1.025	0.9555	 1.016	   1.7	 1.695	 2.594	 2.534	 | 1.585 quantile
                      	 2.154	 2.293	 2.286	 1.774	 2.638	 2.363	 2.186	 2.181	 3.298	 3.126	 4.505	 4.143	 | 4.505 max

train losses     34:	0.3964	0.3955	0.4004	0.3993	0.4724	0.4596	0.4647	0.4743	0.6958	0.7013	0.9649	0.9963	
val losses       34:	0.3017	 0.302	0.3024	 0.314	 0.375	0.3784	0.3558	0.3921	0.7622	0.7496	 1.039	  1.02	 | 0.5243 mean
                     	0.8415	0.8482	0.7647	 0.801	0.9883	   1.0	 0.957	 1.029	 1.822	  1.78	 2.476	 2.418	 | 1.643 quantile
                      	 1.999	 2.425	 2.354	 1.647	 2.266	 2.297	 2.134	 2.097	 3.275	  3.32	 4.097	  3.82	 | 4.097 max

train losses     36:	0.3898	0.3874	0.3954	0.3971	0.4716	0.4575	 0.458	0.4652	0.7369	0.7464	0.8725	0.9008	
val losses       36:	0.2988	0.2896	0.3021	0.3147	0.3792	0.3913	0.3558	0.3849	0.7341	0.6987	 1.057	 1.038	 | 0.5203 mean
                     	0.8449	0.7952	0.7719	0.7979	0.9963	 1.042	 0.963	 1.024	 1.747	 1.718	  2.66	 2.538	 | 1.622 quantile
                      	 1.939	 2.142	 2.349	 1.722	 2.535	 2.394	  2.18	 2.068	 2.925	 3.377	 4.506	 4.021	 | 4.506 max

train losses     38:	 0.384	0.3804	0.3917	0.3941	0.4615	0.4478	0.4541	0.4596	0.6993	0.7034	0.8375	0.8569	
val losses       38:	0.2998	0.2721	0.3013	0.3126	0.3771	0.3888	 0.356	0.3844	0.6945	0.6701	 1.051	 1.031	 | 0.5116 mean
                     	0.8326	0.7476	 0.769	0.7974	0.9926	 1.028	0.9501	 1.006	 1.734	 1.722	 2.601	 2.528	 | 1.625 quantile
                      	 2.185	 2.304	 2.312	 1.662	 2.686	 2.482	  2.12	 2.068	 2.773	 3.157	 4.351	   4.0	 | 4.351 max

train losses     40:	0.3785	0.3787	0.3902	0.3898	0.4489	0.4383	0.4447	0.4513	0.6702	0.6744	0.8111	0.8277	
val losses       40:	 0.294	0.2783	0.3007	0.3111	0.3772	  0.39	0.3503	0.3781	0.6911	0.6648	 1.047	 1.025	 | 0.5089 mean
                     	0.8275	0.7744	0.7656	0.7875	 0.994	 1.041	 0.929	0.9916	 1.702	 1.737	  2.54	 2.489	 | 1.628 quantile
                      	 2.143	 2.314	 2.391	 1.708	 2.634	 2.598	  2.23	 2.061	  2.75	 2.925	 4.271	  3.89	 | 4.271 max

train losses     42:	0.3712	0.3689	0.3844	0.3833	0.4358	 0.424	0.4368	0.4437	0.6197	0.6283	0.7723	0.7895	
val losses       42:	0.2867	0.2735	0.2993	0.3098	0.3697	0.3653	 0.349	0.3778	0.7075	0.6729	 1.054	 1.031	 | 0.5081 mean
                     	0.8053	0.7599	0.7549	  0.78	0.9665	0.9691	0.9241	 0.992	 1.642	 1.645	 2.488	  2.41	 | 1.613 quantile
                      	 2.013	  2.22	 2.333	 1.672	 2.391	  2.14	 2.047	  2.01	 3.175	 3.064	 4.185	 3.867	 | 4.185 max

train losses     44:	0.3648	 0.363	0.3803	0.3802	0.4275	0.4154	0.4312	0.4382	0.6087	0.6109	0.7463	0.7675	
val losses       44:	0.2855	 0.271	0.2982	0.3088	0.3584	0.3586	0.3484	0.3773	 0.684	0.6482	 1.049	 1.028	 | 0.5012 mean
                     	0.8074	0.7565	0.7534	0.7796	0.9612	0.9543	0.9174	0.9847	 1.633	 1.649	 2.457	 2.395	 | 1.609 quantile
                      	 2.051	 2.072	  2.33	 1.713	 2.415	 2.094	 1.993	 1.953	 2.655	 3.115	 3.997	  3.66	 | 3.997 max

train losses     46:	0.3596	0.3565	0.3757	0.3742	0.4198	0.4074	0.4239	  0.43	0.5983	0.6041	0.7234	0.7449	
val losses       46:	0.2802	0.2666	0.2969	0.3069	0.3591	0.3597	0.3438	0.3716	0.6813	0.6486	 1.043	  1.02	 | 0.4982 mean
                     	0.7785	0.7508	0.7511	0.7748	0.9593	0.9631	0.9148	0.9821	 1.683	 1.696	 2.448	 2.373	 | 1.611 quantile
                      	 2.037	 2.111	 2.328	 1.717	 2.373	 2.075	 2.022	 1.979	 2.608	 3.006	 3.977	 3.642	 | 3.977 max

train losses     48:	0.3562	0.3539	0.3732	0.3717	0.4135	0.4008	0.4195	0.4249	0.5931	0.5975	0.7023	0.7221	
val losses       48:	0.2804	 0.262	0.2958	 0.306	0.3604	 0.357	0.3418	0.3701	0.6748	0.6381	 1.048	 1.023	 | 0.4964 mean
                     	0.7918	0.7381	0.7462	0.7719	0.9651	0.9483	0.9005	0.9697	 1.647	 1.688	 2.439	 2.358	 | 1.614 quantile
                      	 2.123	 2.112	 2.343	 1.687	 2.343	 2.142	  1.99	 1.951	 2.645	 2.909	 3.853	 3.449	 | 3.853 max

train losses     50:	0.3517	0.3496	  0.37	0.3672	0.4065	0.3941	0.4131	0.4197	0.5795	0.5845	 0.693	  0.71	
val losses       50:	0.2785	0.2604	0.2949	0.3056	0.3528	0.3464	0.3433	0.3693	0.6769	0.6422	 1.115	 1.082	 | 0.5056 mean
                     	0.7805	0.7276	0.7492	0.7718	 0.936	0.9264	0.8955	0.9648	 1.667	 1.682	 2.508	 2.445	 | 1.665 quantile
                      	 1.997	 1.984	 2.331	 1.695	 2.305	  2.13	 1.982	 1.906	 2.681	 2.981	 3.711	 3.539	 | 3.711 max

train losses     52:	0.3494	0.3498	0.3665	0.3636	0.4024	0.3906	 0.408	0.4133	0.5733	0.5794	0.7095	 0.725	
val losses       52:	0.2786	0.2607	0.2942	0.3056	0.3481	0.3433	0.3417	0.3694	0.6762	0.6408	 1.107	 1.067	 | 0.5027 mean
                     	0.7723	0.7199	0.7409	0.7776	0.9236	0.9287	0.8866	0.9605	 1.655	 1.654	 2.562	  2.47	 | 1.643 quantile
                      	 2.119	 1.998	 2.288	 1.662	 2.285	 2.017	 1.964	 1.906	 2.733	 2.976	  3.86	  3.79	 | 3.86 max

train losses     54:	0.3477	0.3473	0.3638	 0.361	0.3992	0.3875	0.4041	0.4097	0.5714	0.5761	0.7805	0.7916	
val losses       54:	0.2813	0.2612	0.2949	 0.306	0.3624	0.3441	0.3527	0.3749	0.6742	0.6512	 1.525	 1.459	 | 0.5739 mean
                     	0.8062	 0.714	0.7487	  0.77	 0.969	0.9124	0.8973	0.9648	 1.703	 1.724	 3.197	  3.11	 | 2.032 quantile
                      	 2.058	 1.917	  2.32	 1.624	 2.278	 2.032	 1.848	 1.825	 2.704	 3.008	 4.183	 4.133	 | 4.183 max

train losses     56:	0.3567	0.3511	0.3618	0.3586	0.4084	0.3982	 0.409	0.4151	 0.605	0.6093	0.9919	0.9915	
val losses       56:	0.2911	0.2617	0.2944	0.3048	 0.351	0.3303	0.3431	 0.368	0.6913	  0.66	 1.255	 1.226	 | 0.5314 mean
                     	 0.824	0.7056	0.7482	0.7711	0.9292	0.8751	0.8768	0.9431	 1.729	   1.7	 2.745	 2.714	 | 1.79 quantile
                      	 2.241	 1.948	 2.329	 1.647	 2.111	 1.775	  1.98	 1.943	 2.717	 2.944	 3.842	  3.76	 | 3.842 max

train losses     58:	0.3603	0.3592	0.3601	0.3573	0.4106	0.4063	0.4065	0.4133	0.5976	0.6052	0.9219	 0.922	
val losses       58:	0.2814	0.2772	0.2965	0.3067	0.3516	 0.359	0.3404	0.3619	0.7005	0.6597	 1.054	 1.036	 | 0.5021 mean
                     	0.7635	0.7803	0.7517	0.7811	 0.939	0.9447	0.8662	0.9627	 1.716	 1.687	 2.553	 2.455	 | 1.596 quantile
                      	 1.979	  2.08	 2.302	 1.702	 2.138	 2.041	 2.057	 2.019	 2.846	 3.195	 4.235	 4.164	 | 4.235 max

train losses     60:	0.3598	0.3582	0.3599	0.3554	0.4062	0.4015	0.4053	 0.411	0.5947	0.6105	0.8291	0.8413	
val losses       60:	0.2928	0.2852	0.2968	0.3069	 0.346	0.3602	0.3431	0.3635	0.6879	0.6604	 1.045	  1.03	 | 0.5015 mean
                     	0.7927	0.7976	0.7517	0.7734	0.9214	0.9773	0.8931	0.9715	 1.617	 1.659	  2.53	 2.474	 | 1.59 quantile
                      	 2.358	  2.37	 2.268	 1.718	 2.185	 2.309	 1.993	 1.989	 2.998	 3.355	 3.833	 3.724	 | 3.833 max

train losses     62:	0.3512	0.3517	  0.36	0.3551	0.3983	0.3918	0.4006	0.4075	0.5877	0.5978	0.7613	 0.775	
val losses       62:	0.2802	0.2734	0.2954	0.3064	0.3464	 0.367	0.3399	0.3646	0.7412	0.6891	 1.043	  1.03	 | 0.5063 mean
                     	0.7809	0.7624	0.7452	0.7761	0.9252	0.9746	0.8653	0.9566	 1.715	 1.663	  2.69	 2.612	 | 1.572 quantile
                      	  2.14	 2.128	   2.3	 1.721	 2.153	 2.013	 2.039	 2.076	 3.078	 3.439	 4.814	 4.438	 | 4.814 max

train losses     64:	0.3453	0.3425	0.3552	0.3509	0.3932	0.3835	 0.394	0.4002	 0.576	0.5914	0.7087	0.7207	
val losses       64:	0.2738	0.2698	0.2957	0.3054	0.3488	0.3635	0.3384	0.3616	0.6889	0.6439	0.9925	0.9804	 | 0.4886 mean
                     	0.7814	0.7595	0.7471	0.7714	0.9333	0.9414	 0.871	0.9358	 1.688	 1.698	 2.527	 2.459	 | 1.549 quantile
                      	 2.012	 1.935	 2.315	 1.685	 2.141	  2.04	 1.915	  1.94	 2.847	 3.161	 4.579	 4.177	 | 4.579 max

train losses     66:	0.3398	0.3375	0.3537	0.3486	0.3876	0.3775	0.3893	0.3939	0.5551	0.5673	0.6624	0.6819	
val losses       66:	 0.274	0.2636	0.2948	0.3061	0.3415	0.3472	0.3354	0.3596	 0.696	0.6542	0.9997	0.9836	 | 0.488 mean
                     	0.7694	0.7308	0.7436	 0.769	0.9154	0.9133	0.8708	0.9359	 1.666	 1.673	 2.463	 2.389	 | 1.548 quantile
                      	 2.074	 1.852	 2.302	 1.717	  2.24	 1.859	 1.925	  1.97	 2.899	  2.83	 4.375	 3.995	 | 4.375 max

train losses     68:	 0.333	0.3344	0.3518	 0.347	0.3799	0.3726	0.3828	0.3881	0.5494	0.5644	0.6171	0.6362	
val losses       68:	0.2725	0.2591	0.2938	0.3043	0.3363	0.3376	0.3313	0.3565	0.6875	0.6429	 1.016	 0.996	 | 0.4861 mean
                     	0.7664	0.7169	0.7407	0.7661	0.8764	0.8927	0.8615	0.9305	 1.663	 1.654	 2.406	  2.35	 | 1.558 quantile
                      	 2.045	 1.894	 2.304	 1.707	 2.308	  1.92	 1.991	 2.022	 2.633	 3.012	  4.15	 3.729	 | 4.15 max

train losses     70:	0.3298	0.3305	0.3496	 0.345	0.3761	0.3675	0.3787	0.3842	0.5415	0.5538	0.5903	0.6105	
val losses       70:	0.2734	0.2614	0.2933	0.3036	0.3347	0.3381	0.3346	0.3565	0.6965	0.6524	  1.02	 1.005	 | 0.4891 mean
                     	 0.767	 0.727	0.7423	0.7641	0.8868	0.8813	0.8625	0.9331	 1.626	  1.64	 2.423	 2.356	 | 1.563 quantile
                      	  2.15	 1.989	 2.279	 1.688	 2.241	  1.88	 1.839	 1.837	 3.127	  3.35	 4.072	 3.694	 | 4.072 max

train losses     72:	0.3278	0.3286	0.3471	0.3428	0.3746	0.3637	0.3762	0.3807	 0.548	  0.56	0.5829	0.6004	
val losses       72:	0.2729	 0.256	0.2925	 0.303	0.3306	0.3338	0.3355	0.3542	  0.74	0.6963	 1.043	 1.029	 | 0.499 mean
                     	0.7703	0.7165	0.7386	0.7659	0.8792	0.8604	0.8512	0.9225	 1.648	 1.664	 2.435	 2.388	 | 1.595 quantile
                      	 2.125	 1.828	 2.276	 1.609	 2.184	 1.856	 1.904	 1.929	   2.8	 3.057	 3.889	 3.512	 | 3.889 max

train losses     74:	0.3264	0.3278	0.3447	0.3404	0.3687	0.3593	0.3724	0.3774	 0.573	0.5798	0.5913	  0.61	
val losses       74:	0.2735	0.2574	0.2922	0.3024	0.3313	 0.331	 0.332	0.3504	0.7488	 0.705	 1.086	 1.068	 | 0.5065 mean
                     	0.7779	0.7153	0.7376	0.7604	0.8639	0.8663	 0.848	0.9185	 1.643	 1.654	 2.479	 2.445	 | 1.626 quantile
                      	 2.114	 1.765	 2.274	 1.619	  2.17	 1.782	 1.927	 1.887	 2.705	 3.079	 3.993	 3.604	 | 3.993 max

train losses     76:	0.3249	0.3247	0.3441	0.3391	0.3645	0.3553	0.3706	0.3763	0.5671	0.5727	0.5804	0.5989	
val losses       76:	0.2714	0.2573	0.2921	0.3026	0.3298	0.3318	0.3315	0.3517	0.7313	 0.693	 1.066	 1.054	 | 0.5011 mean
                     	0.7769	 0.718	0.7389	0.7614	0.8611	0.8813	0.8511	0.9221	 1.649	 1.591	 2.421	 2.402	 | 1.596 quantile
                      	 2.132	 1.762	 2.276	 1.642	 2.154	  1.72	 1.903	 1.859	 2.959	 2.977	  4.18	 3.802	 | 4.18 max

train losses     78:	0.3227	 0.324	0.3431	0.3382	0.3619	0.3534	0.3667	0.3706	0.5334	0.5406	0.5512	0.5717	
val losses       78:	0.2699	0.2555	0.2925	0.3023	0.3296	0.3331	0.3309	0.3496	0.7104	0.6791	 1.015	 1.005	 | 0.4895 mean
                     	0.7601	0.7068	0.7343	0.7608	0.8622	0.8774	0.8403	0.9281	 1.698	 1.646	 2.469	 2.419	 | 1.569 quantile
                      	 2.157	 1.715	  2.27	 1.659	 2.161	  1.81	 1.918	  1.94	 2.807	  2.95	 4.231	  3.89	 | 4.231 max

train losses     80:	  0.32	0.3238	 0.342	0.3367	0.3621	0.3525	0.3639	0.3675	0.5272	0.5326	0.5342	0.5531	
val losses       80:	 0.274	 0.262	0.2921	0.3025	0.3354	0.3413	0.3298	0.3491	 0.689	0.6526	0.9869	0.9723	 | 0.4823 mean
                     	0.7814	0.7304	0.7347	0.7612	0.8778	0.9008	0.8461	0.9154	 1.661	 1.622	 2.509	 2.429	 | 1.527 quantile
                      	 2.177	 1.774	 2.261	 1.674	 2.255	 1.844	  1.95	 1.946	 2.825	 2.981	  4.37	 3.927	 | 4.37 max

train losses     82:	0.3187	0.3199	0.3402	0.3345	0.3595	0.3509	0.3621	0.3649	0.5213	0.5261	0.5416	0.5611	
val losses       82:	0.2672	0.2537	 0.292	0.3021	0.3232	0.3268	0.3278	0.3461	 0.687	0.6498	0.9976	0.9822	 | 0.4796 mean
                     	0.7568	0.6944	0.7331	0.7623	0.8428	0.8577	0.8407	0.9096	 1.669	 1.632	 2.601	 2.502	 | 1.528 quantile
                      	 2.117	  1.69	 2.262	 1.686	 2.198	 1.733	 1.965	 1.981	 2.847	  3.11	 4.519	 4.172	 | 4.519 max

train losses     84:	0.3192	0.3191	0.3392	0.3333	0.3546	0.3474	0.3582	0.3616	0.5054	0.5132	0.5411	0.5578	
val losses       84:	0.2677	0.2537	0.2918	0.3017	0.3184	0.3226	0.3274	0.3442	0.6886	 0.644	0.9991	0.9837	 | 0.4786 mean
                     	0.7528	0.7057	0.7345	0.7605	0.8429	0.8426	 0.836	0.9066	 1.646	  1.63	 2.597	 2.523	 | 1.523 quantile
                      	  2.08	 1.689	  2.26	 1.703	 2.149	 1.703	 1.965	 1.979	 2.795	 2.958	 4.469	 4.198	 | 4.469 max

train losses     86:	0.3172	0.3191	0.3377	0.3325	0.3504	0.3445	0.3541	0.3571	0.5001	0.5049	0.5281	0.5455	
val losses       86:	0.2679	0.2555	0.2918	 0.302	0.3183	0.3238	0.3271	0.3441	0.6905	0.6455	 1.017	 1.005	 | 0.4823 mean
                     	0.7607	0.7205	0.7346	0.7617	0.8497	0.8342	0.8289	0.9074	 1.638	 1.647	 2.642	 2.579	 | 1.534 quantile
                      	 2.238	 1.791	 2.255	 1.697	 2.075	  1.74	 1.956	 1.967	 2.568	 2.912	 4.672	 4.429	 | 4.672 max

train losses     88:	0.3125	0.3151	0.3364	0.3303	0.3533	0.3462	0.3536	0.3559	0.5008	0.5073	0.5376	0.5547	
val losses       88:	0.2635	0.2548	0.2912	0.3017	0.3159	 0.327	 0.327	 0.343	0.7249	0.6783	 1.039	 1.022	 | 0.4907 mean
                     	0.7533	0.7036	0.7288	0.7619	0.8439	0.8443	0.8277	0.9074	 1.666	 1.661	 2.694	 2.628	 | 1.56 quantile
                      	 2.267	 1.789	 2.244	 1.676	 2.039	 1.821	 1.886	 1.912	  2.84	 3.242	 4.572	  4.34	 | 4.572 max

train losses     90:	0.3143	0.3142	 0.335	 0.329	0.3528	0.3454	 0.352	0.3553	0.5093	0.5189	0.5596	0.5747	
val losses       90:	0.2653	0.2577	0.2912	0.3014	0.3157	0.3228	0.3285	0.3439	 0.731	0.6793	 1.049	 1.031	 | 0.4931 mean
                     	0.7435	0.7066	0.7306	0.7645	0.8317	0.8516	0.8418	0.9083	 1.673	 1.612	 2.765	 2.664	 | 1.562 quantile
                      	 2.163	 1.749	 2.245	 1.677	 2.111	 1.755	 1.966	 1.974	 2.644	 3.026	 4.791	 4.537	 | 4.791 max

train losses     92:	0.3123	0.3129	0.3345	 0.328	0.3494	0.3433	0.3503	0.3537	0.5117	0.5193	 0.565	  0.58	
val losses       92:	0.2682	0.2523	0.2908	0.3013	0.3182	0.3227	0.3281	0.3436	0.7162	0.6751	 1.019	 1.004	 | 0.4866 mean
                     	0.7583	0.6998	0.7303	0.7644	0.8322	 0.865	0.8387	0.9042	 1.656	 1.589	 2.664	 2.573	 | 1.536 quantile
                      	 2.168	 1.682	 2.249	 1.673	 2.266	 1.679	 1.921	 1.967	 2.876	 2.825	  4.66	 4.435	 | 4.66 max

train losses     94:	0.3139	0.3132	0.3333	0.3267	0.3436	0.3377	0.3468	0.3489	 0.501	0.5095	0.5508	0.5629	
val losses       94:	0.2733	0.2547	0.2908	 0.301	0.3224	0.3251	0.3299	0.3456	0.7006	0.6641	0.9722	0.9599	 | 0.4783 mean
                     	0.7813	0.7131	0.7347	0.7646	0.8581	0.8524	0.8333	0.9132	 1.705	 1.642	 2.478	 2.389	 | 1.524 quantile
                      	 2.108	 1.814	 2.262	 1.711	  1.85	 1.807	 1.919	 1.921	 3.252	 2.904	 4.283	 4.046	 | 4.283 max

train losses     96:	0.3089	0.3124	0.3328	0.3257	0.3427	0.3378	 0.345	0.3466	0.5091	0.5169	0.5141	0.5303	
val losses       96:	0.2706	0.2534	0.2904	0.3006	0.3274	0.3292	 0.329	0.3445	0.6995	0.6773	0.9662	0.9546	 | 0.4786 mean
                     	0.7781	0.6989	0.7331	0.7628	0.8544	0.8675	0.8309	0.9053	 1.801	 1.764	 2.433	 2.355	 | 1.553 quantile
                      	 2.133	 1.778	 2.296	 1.685	  1.99	 1.789	 1.898	 1.905	 3.371	 3.041	 4.154	 3.949	 | 4.154 max

train losses     98:	 0.308	0.3109	 0.332	0.3257	0.3397	0.3391	0.3432	0.3449	0.5457	0.5533	0.4775	0.4956	
val losses       98:	0.2658	0.2513	0.2905	0.3007	0.3303	0.3278	0.3287	0.3426	0.7118	0.6926	0.9867	0.9759	 | 0.4837 mean
                     	0.7661	0.6882	 0.735	0.7587	0.8402	 0.864	0.8266	0.8996	 1.804	 1.817	 2.424	 2.355	 | 1.59 quantile
                      	  2.24	 1.825	 2.285	  1.75	 2.117	 1.697	 1.868	 1.859	 2.959	 3.295	 4.287	 4.093	 | 4.287 max

train losses    100:	0.3078	0.3108	0.3309	0.3243	0.3419	0.3386	0.3394	0.3425	0.5549	0.5623	0.4694	0.4873	
val losses      100:	0.2679	0.2516	0.2905	0.3013	0.3234	0.3206	0.3274	0.3417	0.7059	0.6687	0.9775	0.9663	 | 0.4786 mean
                     	0.7682	0.7024	0.7342	0.7576	0.8411	0.8336	0.8245	0.8954	 1.713	 1.738	 2.396	 2.346	 | 1.541 quantile
                      	 2.151	 1.752	 2.261	 1.752	 2.078	 1.612	 1.875	 1.901	 2.585	 3.036	 4.151	 3.947	 | 4.151 max

train losses    102:	0.3086	0.3116	0.3304	 0.324	0.3403	0.3402	0.3397	 0.341	0.5316	0.5422	0.4741	0.4906	
val losses      102:	0.2617	0.2474	0.2904	0.3007	0.3212	0.3181	0.3278	0.3407	 0.699	0.6607	0.9964	0.9867	 | 0.4792 mean
                     	0.7495	0.6972	0.7289	0.7642	0.8249	0.8304	0.8251	0.9086	 1.682	 1.709	 2.523	 2.459	 | 1.547 quantile
                      	 2.069	 1.605	 2.262	 1.749	 1.994	 1.657	 1.865	 1.777	 2.469	 2.873	 4.406	 4.152	 | 4.406 max

train losses    104:	0.3075	0.3145	0.3303	0.3234	0.3421	0.3417	0.3382	0.3403	0.5256	0.5345	0.4901	0.5057	
val losses      104:	0.2664	0.2544	0.2903	0.3007	0.3127	0.3158	0.3256	0.3404	0.6889	0.6457	 1.009	0.9975	 | 0.4789 mean
                     	0.7618	0.7087	0.7312	0.7608	0.8176	0.8321	0.8259	0.9044	 1.654	 1.644	 2.592	 2.552	 | 1.534 quantile
                      	 2.305	 1.779	 2.244	 1.729	 2.018	 1.771	 1.937	 1.958	 2.878	 2.927	 4.571	  4.35	 | 4.571 max

train losses    106:	0.3079	0.3117	0.3289	0.3226	0.3368	 0.335	0.3383	0.3402	0.5184	0.5216	0.5463	0.5627	
val losses      106:	0.2642	0.2551	0.2904	0.3015	0.3127	0.3168	 0.328	0.3418	0.6865	0.6399	 1.057	 1.043	 | 0.4864 mean
                     	0.7509	0.7079	0.7331	0.7588	0.8223	  0.83	0.8267	 0.903	 1.627	 1.575	 2.774	 2.691	 | 1.549 quantile
                      	 2.013	  1.68	 2.254	 1.716	 2.048	  1.61	 1.978	 1.956	 2.574	 2.669	 4.628	 4.406	 | 4.628 max

train losses    108:	0.3101	0.3127	0.3287	0.3223	0.3426	0.3389	0.3391	0.3405	0.5097	0.5121	 0.626	0.6421	
val losses      108:	0.2674	0.2551	0.2901	0.3008	0.3104	0.3155	0.3269	0.3419	0.7092	0.6681	 1.168	 1.153	 | 0.5089 mean
                     	0.7521	 0.708	0.7372	0.7662	0.8196	0.8226	0.8359	0.9094	 1.648	  1.63	 3.059	 2.975	 | 1.669 quantile
                      	 2.438	 1.624	 2.252	 1.737	 1.909	 1.746	 2.019	 2.053	 2.763	 2.905	 5.075	 4.835	 | 5.075 max

train losses    110:	0.3251	 0.329	  0.33	0.3234	0.3658	0.3602	 0.347	0.3496	0.5341	0.5284	0.9517	0.9598	
val losses      110:	0.2678	0.2506	0.2913	0.3018	0.3243	0.3223	0.3559	0.3631	 0.773	0.7422	 1.355	 1.341	 | 0.5574 mean
                     	0.7476	0.6768	0.7314	0.7637	0.8219	0.8443	0.8831	0.9295	 1.767	 1.772	 3.384	 3.254	 | 1.89 quantile
                      	 2.085	 1.606	 2.249	 1.693	 1.971	 1.522	 2.033	 2.053	  2.92	 2.977	  5.76	 5.457	 | 5.76 max

train losses    112:	0.3711	0.3838	0.3383	0.3318	0.4345	0.4432	0.3919	0.3987	0.7376	0.7179	 1.435	  1.44	
val losses      112:	0.3084	0.2932	0.2942	0.3062	 0.349	0.3587	 0.389	0.4068	0.8298	0.8123	 1.324	 1.316	 | 0.5823 mean
                     	0.8573	0.8069	0.7331	0.7737	0.9355	0.9289	0.9493	 1.014	 2.102	 2.103	 3.123	  3.12	 | 1.966 quantile
                      	 2.386	 2.312	 2.277	 1.864	 1.911	 1.962	 1.824	 1.837	 3.524	 3.583	 5.254	 5.098	 | 5.254 max

train losses    114:	 0.393	0.4269	0.3375	0.3298	0.5065	0.5406	0.4196	0.4266	0.9735	0.9769	 1.202	 1.198	
val losses      114:	0.3428	0.3744	0.2995	0.3126	0.4333	0.4631	0.3823	0.4087	0.9408	0.9297	 1.125	 1.113	 | 0.5937 mean
                     	0.9202	0.9934	0.7658	0.7901	 1.069	 1.145	0.9749	 1.027	 2.339	 2.255	 2.799	 2.779	 | 1.946 quantile
                      	 2.037	 3.058	 2.218	 1.829	 2.776	 2.728	 2.428	 2.066	 4.036	 3.554	 4.076	 4.187	 | 4.187 max

train losses    116:	0.4034	0.4253	0.3419	0.3335	0.5042	0.5265	0.4322	0.4342	0.8567	0.8719	 1.167	 1.174	
val losses      116:	0.3724	0.3986	 0.301	0.3109	0.3518	0.3772	0.3704	0.3978	0.7272	0.7033	 1.105	  1.11	 | 0.5438 mean
                     	0.9887	 1.054	 0.775	0.7936	0.9139	0.9884	0.9512	  1.01	 1.748	 1.851	 2.737	 2.722	 | 1.722 quantile
                      	 2.244	 3.162	 2.227	 1.898	 2.053	  1.96	 2.167	 2.142	 3.163	 3.368	 4.495	 4.732	 | 4.732 max

train losses    118:	0.3997	0.4094	0.3406	0.3358	0.4669	0.4825	0.4191	 0.428	0.8054	0.8026	 1.072	 1.089	
val losses      118:	0.3304	 0.352	0.2971	0.3086	0.3644	0.3889	0.3641	0.3915	0.7031	0.6765	 1.067	 1.076	 | 0.5266 mean
                     	0.9243	0.9885	0.7597	0.7887	0.9359	0.9748	0.9523	 1.014	 1.662	 1.735	 2.688	 2.704	 | 1.64 quantile
                      	 2.352	 2.652	 2.254	  1.92	 1.755	 2.021	 2.004	 2.004	 2.913	 3.134	 3.805	 3.944	 | 3.944 max

train losses    120:	0.3802	0.3911	0.3393	0.3316	0.4526	 0.467	 0.414	0.4197	0.7292	0.7464	0.9418	  0.94	
val losses      120:	0.3179	0.3294	0.2962	0.3069	 0.355	 0.367	0.3566	0.3823	0.6879	0.6534	 1.069	  1.08	 | 0.5168 mean
                     	0.8964	0.9124	0.7531	0.7904	0.9412	0.9343	0.9336	0.9935	 1.629	 1.698	 2.759	 2.767	 | 1.615 quantile
                      	 2.219	 2.252	 2.288	  1.91	 2.023	 1.949	 1.952	 1.992	  2.75	 3.159	 3.856	  3.75	 | 3.856 max

train losses    122:	0.3636	0.3723	 0.337	0.3311	 0.435	0.4461	0.3991	0.4068	0.6791	0.6912	0.8317	0.8425	
val losses      122:	0.3075	0.2947	0.2942	0.3057	0.3769	 0.387	0.3524	0.3787	0.7055	 0.684	 1.053	 1.066	 | 0.5171 mean
                     	 0.869	0.8467	 0.749	0.7789	0.9994	 1.023	0.9275	0.9773	  1.67	 1.687	 2.625	 2.616	 | 1.608 quantile
                      	 2.234	 2.305	 2.248	 1.875	 2.466	 1.973	 1.857	 1.892	 2.889	 3.537	 3.935	 4.085	 | 4.085 max

train losses    124:	0.3523	0.3611	0.3349	0.3285	0.4109	0.4216	0.3901	0.3956	0.6347	0.6544	0.7627	0.7759	
val losses      124:	0.3016	0.2852	0.2943	0.3057	0.3843	0.4005	0.3533	0.3781	0.6925	0.6559	 1.028	 1.037	 | 0.5097 mean
                     	0.8417	0.8239	0.7524	0.7834	 1.012	 1.054	0.9121	0.9891	  1.69	 1.642	 2.602	 2.575	 | 1.572 quantile
                      	 2.451	  2.12	 2.238	 1.868	 2.486	 2.194	  1.84	 1.924	 2.873	 3.465	 4.342	 4.129	 | 4.342 max

train losses    126:	0.3412	0.3465	0.3334	0.3271	0.3992	0.4079	0.3779	0.3833	0.6026	0.6225	0.7023	0.7154	
val losses      126:	0.2941	0.2645	0.2933	0.3043	0.3599	0.3666	0.3482	0.3713	0.7024	0.6648	 1.025	 1.024	 | 0.5015 mean
                     	0.8144	0.7239	0.7467	 0.777	0.9392	0.9633	0.9093	0.9732	 1.678	 1.658	  2.56	  2.55	 | 1.558 quantile
                      	 2.284	 1.648	 2.247	 1.801	 2.292	 1.961	 1.928	 1.947	 2.702	 3.633	 4.442	 4.186	 | 4.442 max

train losses    128:	0.3386	0.3385	0.3315	0.3251	0.3843	0.3877	0.3694	0.3734	0.5828	0.5979	0.6561	0.6676	
val losses      128:	0.2886	 0.262	0.2928	 0.303	0.3422	0.3478	0.3413	0.3628	0.7025	0.6588	 1.015	 1.011	 | 0.4939 mean
                     	0.8206	0.7088	 0.744	0.7679	 0.893	0.9065	0.8875	0.9453	 1.666	 1.673	 2.499	   2.5	 | 1.547 quantile
                      	 2.371	 1.583	 2.244	 1.786	  2.05	 1.759	 1.973	 1.987	 2.756	 3.339	 4.314	 4.135	 | 4.314 max

train losses    130:	 0.331	0.3297	0.3306	0.3238	0.3725	0.3765	0.3625	0.3666	0.5589	0.5783	0.6192	0.6336	
val losses      130:	0.2787	0.2532	 0.292	0.3026	0.3438	0.3486	0.3386	0.3592	0.6981	0.6576	 1.002	 0.994	 | 0.4891 mean
                     	0.7773	0.6907	0.7426	0.7673	0.8927	0.9175	 0.873	0.9413	 1.667	 1.659	 2.432	 2.411	 | 1.533 quantile
                      	 2.179	  1.63	 2.249	 1.752	 1.963	 1.838	 2.027	 2.034	 2.664	 3.335	 4.025	 3.767	 | 4.025 max

train losses    132:	0.3241	0.3252	0.3293	0.3223	0.3629	0.3668	0.3565	0.3599	0.5432	0.5603	0.5895	0.6013	
val losses      132:	0.2791	0.2565	0.2917	 0.302	0.3414	0.3445	0.3357	0.3556	0.6888	0.6521	 1.011	0.9959	 | 0.4879 mean
                     	0.7796	0.7155	0.7371	0.7665	0.8882	 0.895	 0.872	0.9373	 1.657	 1.662	 2.409	 2.384	 | 1.534 quantile
                      	 2.116	  1.66	  2.24	 1.752	 1.886	 1.822	 1.997	 1.989	 2.698	 3.163	 3.951	 3.793	 | 3.951 max

train losses    134:	 0.321	0.3216	0.3278	0.3211	0.3573	0.3608	0.3512	0.3533	0.5297	0.5442	0.5656	0.5797	
val losses      134:	0.2775	0.2578	 0.291	0.3014	0.3356	0.3385	0.3321	0.3507	0.6882	 0.651	 1.006	0.9956	 | 0.4854 mean
                     	 0.773	0.7169	 0.735	0.7628	0.8867	0.8904	0.8547	0.9302	 1.674	 1.656	 2.426	 2.404	 | 1.533 quantile
                      	 2.136	 1.614	 2.238	  1.73	 1.863	 1.791	 1.987	 2.003	 2.615	 3.052	 4.017	 3.894	 | 4.017 max

train losses    136:	0.3169	0.3179	 0.327	0.3202	0.3511	0.3558	0.3458	0.3478	0.5209	0.5301	0.5468	0.5597	
val losses      136:	0.2765	0.2575	0.2909	0.3012	0.3306	0.3346	0.3316	0.3491	0.6933	 0.658	 1.007	 0.995	 | 0.4855 mean
                     	0.7761	0.7198	0.7311	0.7608	0.8656	0.8831	0.8444	0.9225	 1.666	 1.671	 2.434	 2.382	 | 1.539 quantile
                      	 2.202	 1.719	 2.238	 1.741	 1.788	 1.787	 1.992	 2.016	 2.828	 2.843	 4.123	 3.999	 | 4.123 max

train losses    138:	0.3155	0.3155	0.3257	0.3195	0.3446	0.3491	 0.341	0.3427	0.5089	0.5184	0.5296	0.5428	
val losses      138:	0.2774	0.2583	0.2909	0.3008	0.3301	0.3338	0.3302	 0.347	0.6877	0.6531	 1.006	0.9968	 | 0.4844 mean
                     	0.7884	 0.722	0.7319	0.7588	0.8594	0.8906	0.8335	0.9292	 1.651	 1.652	 2.418	 2.383	 | 1.534 quantile
                      	 2.277	 1.745	 2.242	 1.747	 1.802	 1.758	 1.969	 1.989	 2.726	 2.883	 4.032	 3.882	 | 4.032 max

train losses    140:	0.3113	 0.312	 0.325	0.3179	0.3399	0.3432	0.3373	0.3387	0.5009	0.5113	0.5153	 0.528	
val losses      140:	0.2765	0.2578	0.2905	0.3009	0.3261	0.3287	0.3302	0.3458	0.6873	0.6542	 1.007	0.9975	 | 0.4835 mean
                     	0.7932	0.7184	0.7313	0.7574	0.8475	0.8702	0.8349	0.9292	 1.642	 1.644	 2.423	 2.371	 | 1.533 quantile
                      	 2.134	 1.688	 2.252	 1.745	 1.818	 1.755	 1.972	  1.98	  2.63	 2.938	 4.091	 3.892	 | 4.091 max

train losses    142:	0.3092	0.3097	0.3241	0.3172	0.3373	0.3414	0.3345	0.3355	0.4946	0.5021	0.5012	0.5153	
val losses      142:	0.2726	0.2562	0.2902	0.3008	0.3211	0.3264	0.3288	0.3447	0.6892	0.6551	 1.005	0.9958	 | 0.4821 mean
                     	0.7817	0.7103	0.7283	0.7575	0.8409	0.8586	0.8308	0.9237	 1.672	 1.673	 2.441	 2.399	 | 1.533 quantile
                      	 2.179	 1.608	 2.254	 1.753	 1.706	 1.746	 1.954	 1.966	 2.724	 2.988	 4.252	 4.071	 | 4.252 max

train losses    144:	0.3084	0.3066	0.3238	 0.317	0.3332	 0.339	0.3309	 0.332	0.4873	0.4935	0.4915	0.5043	
val losses      144:	0.2725	0.2558	0.2898	0.3006	0.3194	0.3237	0.3283	0.3439	0.6897	0.6563	 1.003	0.9916	 | 0.4812 mean
                     	0.7799	0.7112	0.7266	0.7567	0.8407	0.8546	0.8326	0.9224	 1.647	 1.651	 2.419	  2.37	 | 1.529 quantile
                      	 2.222	 1.605	 2.254	 1.758	 1.752	 1.697	 1.896	 1.902	 2.737	 3.014	 4.186	 3.993	 | 4.186 max

train losses    146:	0.3059	0.3058	0.3231	0.3157	0.3291	0.3343	0.3277	0.3284	0.4798	0.4872	0.4824	0.4949	
val losses      146:	0.2721	0.2533	0.2898	0.3005	0.3219	 0.324	 0.328	0.3436	0.6837	0.6536	 1.003	0.9924	 | 0.4805 mean
                     	0.7804	0.7049	0.7267	0.7616	0.8364	0.8544	0.8285	0.9139	 1.646	  1.63	 2.407	  2.38	 | 1.528 quantile
                      	 2.068	 1.553	 2.246	 1.749	 1.678	 1.712	 1.896	 1.899	 2.768	 2.961	 4.252	 4.028	 | 4.252 max

train losses    148:	0.3024	0.3045	0.3225	0.3158	0.3271	 0.331	0.3259	0.3268	0.4773	0.4819	0.4764	0.4894	
val losses      148:	0.2678	0.2513	0.2898	0.3002	0.3135	0.3198	0.3283	0.3427	0.6918	0.6586	0.9995	0.9886	 | 0.4793 mean
                     	0.7634	0.6957	0.7281	0.7625	0.8292	0.8477	0.8236	0.9041	 1.653	 1.633	 2.418	 2.371	 | 1.528 quantile
                      	 2.147	  1.59	 2.242	 1.749	 1.718	 1.722	 1.887	 1.913	 2.854	 2.918	 4.135	 3.914	 | 4.135 max

train losses    150:	0.3037	0.3009	0.3226	0.3149	0.3239	0.3285	0.3247	0.3253	  0.47	0.4748	0.4695	0.4836	
val losses      150:	 0.269	0.2524	0.2895	0.3002	0.3163	 0.321	0.3279	0.3422	0.6866	0.6509	0.9953	0.9856	 | 0.4781 mean
                     	 0.775	0.7006	0.7314	0.7601	 0.832	0.8448	0.8208	0.9128	 1.626	 1.622	   2.4	 2.345	 | 1.519 quantile
                      	 2.174	 1.636	 2.243	  1.76	 1.691	 1.658	 1.901	 1.906	 2.791	 2.974	 4.086	 3.875	 | 4.086 max

train losses    152:	0.3016	 0.302	 0.322	0.3141	0.3225	0.3266	0.3234	0.3238	0.4675	0.4718	0.4632	0.4756	
val losses      152:	 0.266	0.2481	0.2895	0.3004	0.3112	0.3157	0.3289	0.3427	0.6906	0.6546	 1.002	0.9909	 | 0.4784 mean
                     	0.7573	0.6871	0.7277	0.7597	0.8154	0.8184	0.8225	0.9008	 1.634	 1.625	 2.411	 2.373	 | 1.525 quantile
                      	 2.128	 1.624	 2.235	 1.742	 1.647	 1.649	 1.906	 1.912	  2.79	 2.782	 4.275	  3.99	 | 4.275 max

train losses    154:	0.3009	0.3006	0.3211	0.3135	0.3199	0.3251	0.3194	0.3186	0.4649	0.4678	0.4591	0.4728	
val losses      154:	0.2691	0.2515	0.2893	0.3002	0.3134	0.3168	0.3282	0.3419	0.6894	0.6511	   1.0	0.9898	 | 0.4784 mean
                     	0.7797	0.7086	0.7263	0.7628	0.8278	0.8374	0.8229	0.9049	 1.635	 1.621	 2.405	 2.356	 | 1.527 quantile
                      	 2.246	 1.626	 2.237	 1.749	 1.769	 1.642	  1.89	 1.884	 2.773	 2.777	 4.307	 4.071	 | 4.307 max

train losses    156:	0.2992	   0.3	0.3205	0.3134	0.3192	 0.323	0.3169	0.3172	0.4601	 0.464	0.4545	0.4693	
val losses      156:	 0.266	0.2493	0.2892	0.2999	0.3132	 0.316	0.3284	0.3424	0.6839	0.6481	 0.995	0.9857	 | 0.4764 mean
                     	0.7638	0.6904	0.7286	0.7596	0.8147	  0.84	0.8172	0.9073	 1.633	 1.621	  2.39	 2.346	 | 1.524 quantile
                      	 2.135	   1.7	 2.242	 1.742	 1.812	 1.618	 1.943	 1.929	 2.724	 2.912	 4.273	  4.04	 | 4.273 max

train losses    158:	0.2986	0.2984	 0.321	 0.313	0.3167	 0.324	0.3164	0.3168	0.4595	0.4624	0.4527	 0.464	
val losses      158:	 0.264	0.2492	0.2891	   0.3	0.3065	0.3112	0.3287	0.3423	0.6919	 0.656	0.9959	0.9846	 | 0.4766 mean
                     	0.7638	 0.699	0.7284	0.7612	0.8103	0.8195	0.8193	0.9053	 1.646	 1.624	 2.387	 2.341	 | 1.526 quantile
                      	 2.164	 1.636	 2.239	 1.734	 1.746	 1.617	 1.941	 1.936	 2.744	 2.865	 4.401	 4.185	 | 4.401 max

train losses    160:	0.2983	0.2981	0.3206	0.3128	0.3172	0.3201	0.3149	0.3145	0.4549	0.4593	0.4469	0.4604	
val losses      160:	0.2665	0.2494	 0.289	0.2997	0.3081	0.3103	 0.328	0.3414	0.6864	0.6515	0.9921	0.9814	 | 0.4753 mean
                     	0.7708	0.7012	0.7262	0.7583	0.8065	0.8218	0.8225	0.9097	 1.643	 1.609	 2.381	 2.339	 | 1.521 quantile
                      	 2.247	 1.651	 2.239	 1.743	 1.775	  1.61	  1.92	 1.905	 2.751	 2.854	 4.365	 4.118	 | 4.365 max

train losses    162:	0.2956	0.2982	0.3196	0.3119	0.3139	0.3201	0.3123	0.3128	0.4517	0.4554	0.4463	0.4584	
val losses      162:	0.2667	 0.249	0.2888	0.2996	0.3076	0.3094	0.3286	0.3406	 0.688	0.6532	0.9927	0.9833	 | 0.4756 mean
                     	0.7648	 0.697	0.7248	0.7609	0.8008	 0.806	0.8204	0.9009	 1.629	  1.62	 2.367	 2.344	 | 1.516 quantile
                      	 2.206	  1.65	 2.239	 1.755	 1.727	 1.625	 1.935	 1.924	 2.929	  2.91	 4.294	 3.996	 | 4.294 max

train losses    164:	0.2963	 0.298	  0.32	0.3123	0.3125	0.3181	0.3123	0.3128	0.4495	0.4557	0.4445	0.4572	
val losses      164:	0.2655	0.2524	0.2892	0.2997	0.3085	0.3128	0.3286	0.3413	0.6863	0.6458	0.9869	0.9779	 | 0.4746 mean
                     	0.7584	0.7142	0.7262	0.7613	0.8118	  0.82	0.8194	0.9061	 1.621	 1.608	 2.383	 2.349	 | 1.507 quantile
                      	 2.212	 1.652	 2.245	 1.766	  1.83	  1.62	 1.897	 1.886	 2.697	 2.937	  4.26	 3.979	 | 4.26 max

train losses    166:	0.2952	0.2961	0.3189	 0.311	 0.312	0.3178	0.3104	0.3105	0.4483	0.4534	0.4437	0.4554	
val losses      166:	0.2582	0.2465	 0.289	0.2998	0.3024	0.3061	0.3285	  0.34	0.6944	0.6564	0.9902	0.9804	 | 0.4743 mean
                     	0.7357	0.6931	 0.726	0.7604	0.7953	0.8002	0.8175	0.9023	 1.638	 1.621	 2.385	  2.36	 | 1.519 quantile
                      	 2.178	 1.623	 2.243	 1.767	  1.84	 1.621	   1.9	 1.882	 2.629	 3.082	 4.452	 4.177	 | 4.452 max

train losses    168:	0.2958	0.2957	0.3182	0.3105	0.3129	0.3166	0.3083	0.3074	 0.445	0.4528	0.4451	0.4566	
val losses      168:	0.2633	0.2492	0.2887	0.2992	0.3054	0.3076	0.3291	0.3406	0.6858	 0.645	0.9874	0.9775	 | 0.4732 mean
                     	0.7545	0.6998	0.7244	0.7593	 0.802	0.8044	0.8186	0.9007	 1.649	 1.606	 2.382	  2.34	 | 1.512 quantile
                      	 2.133	 1.626	  2.24	  1.75	 1.769	  1.59	 1.927	 1.911	 2.805	 3.009	 4.424	  4.16	 | 4.424 max

train losses    170:	0.2932	0.2952	0.3185	0.3105	 0.311	0.3144	0.3067	0.3079	0.4447	0.4481	0.4484	0.4595	
val losses      170:	0.2637	0.2496	0.2888	0.2993	0.3044	0.3058	0.3282	  0.34	0.6866	0.6472	0.9841	0.9755	 | 0.4728 mean
                     	0.7568	0.7026	0.7277	0.7596	 0.801	0.8051	0.8192	0.9008	 1.644	 1.592	 2.371	  2.33	 | 1.511 quantile
                      	 2.196	 1.668	 2.229	 1.738	 1.787	 1.599	 1.855	 1.853	 2.734	 3.067	 4.296	 4.058	 | 4.296 max

train losses    172:	0.2942	0.2954	0.3183	0.3102	0.3086	0.3155	0.3061	 0.306	0.4432	0.4454	0.4463	0.4566	
val losses      172:	 0.261	0.2468	0.2888	0.2995	0.3031	0.3042	 0.329	0.3406	0.6854	0.6502	0.9856	0.9738	 | 0.4723 mean
                     	0.7584	0.6937	0.7241	0.7589	0.7857	0.8064	0.8153	0.9037	 1.632	 1.602	 2.341	 2.309	 | 1.509 quantile
                      	 2.209	 1.574	  2.23	 1.757	  1.79	 1.541	  1.87	 1.869	 2.828	 2.911	 4.235	 3.961	 | 4.235 max

train losses    174:	 0.293	0.2951	0.3183	0.3103	0.3087	0.3125	0.3043	 0.305	0.4435	0.4463	0.4464	0.4567	
val losses      174:	0.2602	0.2488	0.2885	0.2989	0.3036	0.3047	0.3282	0.3405	0.6811	0.6415	0.9826	0.9728	 | 0.4709 mean
                     	0.7496	0.7036	0.7266	0.7594	0.7922	0.8073	 0.817	0.8977	  1.63	 1.602	 2.353	 2.307	 | 1.506 quantile
                      	 2.185	 1.733	 2.233	 1.755	 1.872	 1.569	 1.824	 1.818	 2.692	 3.165	 4.246	 3.945	 | 4.246 max

train losses    176:	0.2941	0.2951	0.3174	0.3093	0.3071	0.3116	0.3023	 0.302	0.4434	0.4447	0.4432	0.4532	
val losses      176:	0.2603	0.2492	0.2881	0.2988	0.3031	0.3034	0.3279	  0.34	0.6847	0.6435	0.9882	0.9759	 | 0.4719 mean
                     	 0.752	0.7006	0.7223	0.7593	0.7962	0.8028	0.8151	0.8985	 1.607	 1.599	 2.355	 2.317	 | 1.504 quantile
                      	 2.024	 1.606	 2.227	 1.768	 1.743	 1.595	 1.869	 1.872	 2.739	 3.026	 4.236	 3.928	 | 4.236 max

train losses    178:	0.2917	 0.292	0.3166	0.3088	0.3077	0.3115	0.3018	0.3014	0.4412	0.4435	0.4311	0.4422	
val losses      178:	0.2592	0.2463	0.2886	0.2991	   0.3	0.3013	0.3281	0.3398	0.6843	0.6465	0.9864	0.9754	 | 0.4712 mean
                     	0.7382	0.6915	0.7273	0.7598	0.7779	0.7912	 0.817	0.8993	 1.642	 1.602	  2.38	 2.338	 | 1.509 quantile
                      	 2.106	 1.649	  2.23	 1.762	 1.694	 1.596	 1.868	 1.873	 2.917	 2.947	 4.184	 3.963	 | 4.184 max

train losses    180:	 0.292	0.2926	0.3173	0.3086	0.3044	0.3118	0.3001	0.2999	0.4419	0.4432	 0.422	0.4342	
val losses      180:	0.2569	0.2447	0.2883	0.2989	0.2984	0.3005	0.3281	0.3387	0.6897	0.6501	0.9807	0.9695	 | 0.4704 mean
                     	0.7336	0.6816	 0.724	0.7582	0.7803	 0.796	0.8238	 0.896	  1.66	 1.613	 2.372	 2.321	 | 1.507 quantile
                      	 2.103	 1.575	 2.228	 1.745	 1.748	 1.582	 1.848	  1.86	 2.773	 3.059	 4.304	 3.981	 | 4.304 max

train losses    182:	0.2912	 0.291	0.3169	0.3086	0.3044	 0.311	0.2988	0.2985	 0.437	0.4424	0.4175	0.4308	
val losses      182:	0.2607	0.2484	0.2883	0.2984	0.3004	0.3026	0.3289	0.3397	0.6875	0.6485	0.9758	 0.966	 | 0.4704 mean
                     	0.7506	0.6991	0.7236	0.7577	0.7885	0.7972	0.8164	0.9022	 1.645	  1.59	 2.361	 2.326	 | 1.499 quantile
                      	 2.092	 1.624	 2.228	  1.77	 1.826	 1.547	  1.81	 1.802	 2.819	 2.965	 4.241	 3.944	 | 4.241 max

train losses    184:	0.2912	 0.292	0.3163	 0.308	0.3058	0.3093	0.2977	0.2979	0.4366	0.4402	0.4144	0.4279	
val losses      184:	0.2552	0.2445	0.2879	0.2986	0.2983	0.3024	0.3289	0.3395	0.6888	0.6491	0.9749	 0.965	 | 0.4694 mean
                     	0.7239	0.6798	0.7226	0.7593	  0.77	0.7957	 0.819	 0.902	 1.634	  1.59	 2.334	 2.309	 | 1.499 quantile
                      	 2.085	 1.559	 2.228	 1.752	 1.741	 1.511	  1.87	 1.858	 2.834	 2.914	 4.303	 4.017	 | 4.303 max

train losses    186:	0.2906	0.2923	0.3164	0.3079	0.3045	0.3087	 0.297	0.2965	0.4399	0.4401	0.4117	0.4232	
val losses      186:	0.2562	0.2456	0.2883	 0.299	0.3016	0.3047	0.3284	0.3401	0.6856	0.6445	0.9695	0.9598	 | 0.4686 mean
                     	0.7272	0.6938	0.7283	0.7611	 0.775	0.8132	0.8177	0.8955	 1.628	 1.591	 2.343	 2.302	 | 1.501 quantile
                      	 2.072	 1.677	 2.228	 1.769	 1.792	  1.58	 1.828	 1.835	 2.697	 3.039	 4.035	 3.775	 | 4.035 max

train losses    188:	0.2904	0.2909	0.3163	0.3076	 0.303	0.3081	0.2963	0.2963	0.4377	0.4423	0.4102	 0.422	
val losses      188:	0.2585	0.2476	0.2882	0.2989	0.2985	 0.301	0.3281	0.3397	0.6853	0.6465	0.9761	0.9666	 | 0.4696 mean
                     	0.7422	0.6961	0.7269	0.7591	0.7784	0.7965	0.8249	0.9007	 1.628	 1.588	 2.345	 2.309	 | 1.498 quantile
                      	 2.026	 1.574	 2.222	 1.777	 1.819	 1.585	 1.856	 1.849	 2.899	 3.049	 4.193	 3.951	 | 4.193 max

train losses    190:	0.2884	0.2914	0.3155	0.3069	0.3037	0.3075	0.2931	0.2931	0.4355	0.4388	 0.407	0.4182	
val losses      190:	 0.258	0.2468	0.2879	0.2985	0.2985	0.2988	0.3299	0.3406	0.6912	0.6509	0.9803	0.9693	 | 0.4709 mean
                     	 0.745	0.6989	0.7235	0.7567	0.7769	 0.792	0.8218	 0.894	 1.626	 1.594	  2.35	   2.3	 | 1.505 quantile
                      	 2.127	 1.581	 2.225	 1.751	 1.862	 1.574	 1.837	 1.831	  2.94	 3.101	 4.173	  3.93	 | 4.173 max

train losses    192:	0.2884	0.2896	0.3153	0.3067	0.3013	0.3072	0.2934	0.2922	0.4354	0.4365	0.4066	0.4193	
val losses      192:	0.2533	0.2433	 0.288	0.2985	0.2944	0.2957	0.3287	0.3395	0.6918	0.6554	0.9793	0.9686	 | 0.4697 mean
                     	0.7169	0.6838	0.7227	0.7585	0.7647	0.7826	0.8204	0.8966	  1.65	 1.622	 2.379	 2.327	 | 1.508 quantile
                      	 2.059	 1.564	 2.226	 1.763	 1.829	 1.569	 1.843	 1.841	 2.869	 2.795	 4.311	 4.105	 | 4.311 max

train losses    194:	0.2875	0.2902	0.3149	0.3061	0.3034	0.3068	 0.292	0.2915	0.4345	0.4366	0.4054	0.4164	
val losses      194:	0.2594	0.2462	0.2879	0.2983	0.2988	0.2989	0.3284	0.3399	0.6858	 0.648	0.9783	0.9678	 | 0.4698 mean
                     	0.7435	0.6912	0.7265	0.7569	0.7782	0.7843	0.8238	0.8953	  1.62	 1.574	 2.347	 2.311	 | 1.502 quantile
                      	 2.085	 1.553	 2.222	 1.763	  1.79	 1.596	 1.844	 1.848	 2.782	  2.82	 4.074	  3.84	 | 4.074 max

train losses    196:	0.2877	0.2894	0.3149	0.3062	0.3017	0.3068	0.2902	0.2905	0.4317	0.4345	0.4048	0.4139	
val losses      196:	 0.254	0.2437	0.2877	0.2979	 0.293	0.2969	0.3278	0.3395	0.6908	0.6528	 0.975	0.9656	 | 0.4687 mean
                     	  0.72	0.6815	0.7238	0.7562	0.7581	 0.783	0.8179	0.8905	 1.649	 1.606	 2.373	 2.328	 | 1.504 quantile
                      	 2.094	 1.667	 2.233	 1.799	 1.834	 1.527	 1.856	 1.854	 2.937	 2.818	 4.302	  4.06	 | 4.302 max

train losses    198:	0.2872	0.2895	0.3142	0.3052	0.3009	0.3059	0.2903	0.2892	0.4313	0.4349	0.4069	0.4155	
val losses      198:	0.2574	0.2463	0.2878	0.2982	0.2964	0.2989	0.3292	0.3405	0.6851	0.6467	0.9732	0.9632	 | 0.4686 mean
                     	0.7394	0.6872	0.7249	0.7572	0.7679	0.7958	0.8219	 0.898	 1.643	   1.6	 2.351	 2.296	 | 1.505 quantile
                      	 2.135	 1.654	 2.222	 1.794	 1.788	 1.543	 1.834	 1.837	 2.784	 2.851	 4.175	 3.927	 | 4.175 max

train losses    200:	0.2878	0.2901	 0.314	0.3057	0.3007	0.3054	0.2886	0.2884	0.4291	0.4313	0.4048	0.4151	
val losses      200:	0.2574	0.2452	0.2879	0.2983	0.2943	0.2975	0.3297	0.3398	0.6832	0.6431	0.9715	0.9617	 | 0.4675 mean
                     	0.7385	0.6889	0.7239	0.7554	0.7698	 0.785	0.8254	0.8965	 1.629	  1.58	 2.353	 2.299	 | 1.498 quantile
                      	  2.12	 1.748	 2.225	 1.799	 1.806	  1.55	 1.782	 1.799	 2.749	 2.809	 4.361	 4.084	 | 4.361 max

train losses    202:	0.2861	 0.288	0.3143	0.3052	0.2999	0.3053	0.2886	0.2871	0.4286	0.4306	0.4042	0.4152	
val losses      202:	 0.256	0.2414	0.2874	0.2976	0.2936	0.2957	0.3295	0.3399	0.6907	0.6522	0.9754	0.9662	 | 0.4688 mean
                     	0.7309	0.6746	 0.722	0.7555	0.7674	 0.788	0.8161	 0.897	 1.627	 1.597	  2.35	 2.301	 | 1.502 quantile
                      	   2.1	 1.616	 2.223	 1.767	 1.842	 1.591	 1.924	 1.933	  2.79	 3.008	  4.15	 3.883	 | 4.15 max

train losses    204:	0.2868	0.2884	0.3139	0.3053	0.2996	0.3048	0.2865	 0.286	0.4263	0.4309	0.4037	0.4141	
val losses      204:	0.2553	 0.242	0.2878	0.2981	0.2936	0.2949	0.3276	0.3385	0.6866	0.6501	0.9748	0.9639	 | 0.4678 mean
                     	0.7276	0.6767	0.7235	0.7574	0.7651	0.7855	0.8212	0.8896	 1.626	 1.578	 2.349	 2.308	 | 1.498 quantile
                      	  2.05	 1.606	 2.222	 1.754	 1.829	 1.567	 1.896	 1.905	 2.763	 2.941	  4.02	 3.792	 | 4.02 max

train losses    206:	0.2859	0.2873	0.3136	0.3042	0.2974	0.3045	0.2857	0.2843	0.4266	0.4271	0.4061	0.4141	
val losses      206:	0.2534	0.2432	0.2877	0.2979	0.2942	0.2955	0.3286	  0.34	 0.685	0.6463	0.9802	0.9704	 | 0.4685 mean
                     	0.7218	0.6781	0.7264	0.7558	0.7623	0.7829	0.8202	 0.899	 1.634	 1.597	 2.344	  2.31	 | 1.509 quantile
                      	 2.051	 1.605	 2.224	 1.812	 1.818	 1.552	 1.865	 1.877	 2.818	 2.905	  4.08	 3.801	 | 4.08 max

train losses    208:	0.2854	0.2869	0.3128	0.3038	0.2968	0.3033	0.2855	0.2844	 0.429	0.4302	0.4042	0.4144	
val losses      208:	0.2538	0.2436	0.2877	0.2981	0.2942	0.2958	0.3289	0.3401	0.6877	0.6486	 0.981	0.9714	 | 0.4692 mean
                     	0.7166	0.6845	0.7236	0.7591	0.7615	0.7854	 0.821	0.8951	 1.634	   1.6	 2.334	 2.303	 | 1.514 quantile
                      	 1.971	 1.596	 2.224	 1.794	 1.807	 1.549	 1.837	 1.851	 2.944	 2.895	 4.071	  3.79	 | 4.071 max

train losses    210:	0.2861	0.2857	0.3136	0.3045	0.2976	0.3036	0.2835	0.2826	0.4246	0.4281	0.4056	 0.415	
val losses      210:	0.2557	0.2423	0.2878	 0.298	0.2936	0.2955	0.3282	0.3392	0.6796	0.6457	0.9774	0.9676	 | 0.4676 mean
                     	0.7258	0.6678	0.7246	0.7579	0.7688	0.7812	0.8241	0.8965	 1.635	 1.615	 2.338	 2.296	 | 1.509 quantile
                      	 2.046	 1.592	 2.217	  1.79	 1.877	 1.573	 1.848	  1.86	  2.68	 2.848	 4.002	 3.745	 | 4.002 max

train losses    212:	0.2857	0.2873	0.3122	 0.304	0.2973	0.3035	0.2826	0.2825	0.4266	0.4288	0.4027	0.4118	
val losses      212:	 0.257	0.2469	0.2875	0.2981	0.2946	0.2958	0.3272	0.3387	0.6808	0.6456	0.9788	0.9688	 | 0.4683 mean
                     	 0.738	0.6966	 0.722	0.7549	0.7732	0.7823	0.8154	0.8923	  1.64	  1.63	 2.331	 2.297	 | 1.51 quantile
                      	  2.06	 1.651	 2.216	  1.77	 1.899	 1.522	 1.843	 1.857	 2.917	 2.926	 4.083	 3.865	 | 4.083 max

train losses    214:	0.2846	0.2858	0.3126	0.3033	0.2966	0.3018	0.2816	0.2809	 0.427	0.4333	0.4031	0.4141	
val losses      214:	0.2549	0.2425	0.2878	0.2982	0.2927	 0.295	0.3291	  0.34	0.6843	0.6478	0.9711	0.9613	 | 0.4671 mean
                     	0.7229	0.6715	0.7235	0.7573	0.7641	 0.777	0.8139	0.8908	 1.649	  1.62	 2.343	 2.295	 | 1.498 quantile
                      	 1.928	 1.605	 2.221	 1.819	 1.884	  1.59	 1.775	 1.788	 2.902	 2.942	 4.032	 3.821	 | 4.032 max

train losses    216:	0.2839	0.2861	0.3125	0.3036	0.2951	0.3025	0.2814	0.2809	0.4248	0.4274	0.4025	0.4119	
val losses      216:	0.2517	 0.242	0.2875	0.2978	0.2915	 0.294	0.3291	0.3412	0.6911	0.6558	0.9713	0.9621	 | 0.4679 mean
                     	0.7198	0.6714	0.7231	0.7574	0.7587	0.7767	0.8237	0.8925	 1.646	 1.611	 2.352	 2.323	 | 1.501 quantile
                      	 2.113	 1.531	 2.211	 1.803	 1.863	 1.535	 1.827	 1.842	 3.031	 2.824	 3.978	 3.765	 | 3.978 max

train losses    218:	 0.284	0.2863	0.3124	0.3036	0.2958	0.3026	0.2806	0.2797	0.4245	0.4275	0.3986	 0.408	
val losses      218:	0.2523	0.2407	0.2873	0.2978	0.2916	0.2933	0.3286	0.3403	0.6941	0.6556	0.9724	0.9637	 | 0.4681 mean
                     	0.7196	0.6648	 0.727	0.7549	 0.759	 0.778	0.8202	0.8925	  1.65	 1.606	 2.341	 2.304	 | 1.503 quantile
                      	 1.968	 1.608	 2.213	 1.794	 1.827	 1.559	  1.87	 1.886	 2.862	 2.892	 4.091	 3.817	 | 4.091 max

train losses    220:	0.2831	0.2852	0.3118	0.3027	0.2966	0.3027	0.2802	0.2791	0.4231	 0.426	0.3957	0.4047	
val losses      220:	0.2548	0.2418	0.2873	0.2973	0.2914	0.2921	0.3283	0.3392	0.6861	0.6495	0.9737	 0.965	 | 0.4672 mean
                     	0.7296	 0.667	 0.723	0.7554	0.7588	0.7718	0.8119	0.8869	 1.644	 1.617	 2.344	 2.299	 | 1.5 quantile
                      	 2.115	 1.572	  2.21	 1.818	 1.819	  1.59	 1.829	 1.846	 2.847	  2.94	 4.111	  3.82	 | 4.111 max

train losses    222:	 0.284	0.2845	0.3111	0.3018	 0.296	 0.301	0.2779	0.2768	0.4211	0.4238	0.3941	0.4011	
val losses      222:	0.2526	 0.242	0.2875	0.2976	0.2912	0.2942	0.3294	0.3403	0.6857	0.6498	0.9715	0.9628	 | 0.4671 mean
                     	0.7156	0.6736	0.7232	0.7547	0.7606	 0.781	0.8196	0.8901	 1.655	 1.634	 2.332	   2.3	 | 1.51 quantile
                      	 2.014	 1.645	 2.209	 1.796	  1.79	 1.599	 1.822	 1.836	  2.98	  2.95	 4.025	 3.816	 | 4.025 max

train losses    224:	0.2836	0.2838	0.3118	0.3025	0.2958	0.3003	0.2786	0.2771	0.4224	0.4268	0.3923	 0.402	
val losses      224:	0.2527	0.2409	0.2879	0.2979	0.2915	0.2946	0.3301	0.3416	0.6924	0.6516	0.9659	0.9565	 | 0.467 mean
                     	 0.717	0.6718	0.7256	 0.755	0.7626	0.7795	0.8149	0.8857	 1.647	  1.62	 2.358	 2.325	 | 1.496 quantile
                      	  2.02	 1.622	 2.205	 1.803	 1.844	 1.589	 1.789	 1.807	 2.799	 2.877	 4.124	 3.911	 | 4.124 max

train losses    226:	0.2821	0.2836	0.3105	0.3016	0.2937	   0.3	0.2759	0.2756	0.4217	0.4239	0.3903	0.3992	
val losses      226:	0.2526	0.2425	0.2873	0.2974	0.2899	0.2943	0.3288	0.3402	0.6891	0.6466	0.9746	0.9645	 | 0.4673 mean
                     	0.7162	0.6734	0.7245	0.7563	 0.761	 0.782	0.8173	0.8927	  1.65	 1.607	  2.34	 2.305	 | 1.508 quantile
                      	 2.063	 1.603	 2.212	 1.817	 1.809	  1.64	 1.864	 1.885	 2.842	 2.865	 4.128	 3.867	 | 4.128 max

train losses    228:	0.2818	0.2835	0.3108	0.3017	 0.294	0.2993	0.2756	 0.275	0.4255	0.4277	0.3908	 0.398	
val losses      228:	0.2515	0.2399	0.2874	0.2978	0.2887	0.2897	0.3296	0.3402	0.6911	0.6528	0.9757	0.9672	 | 0.4676 mean
                     	0.7139	0.6596	0.7288	0.7519	0.7601	 0.769	0.8211	0.8893	  1.65	 1.614	 2.341	 2.316	 | 1.508 quantile
                      	  2.04	 1.595	 2.209	 1.805	  1.77	 1.617	  1.84	 1.859	 3.063	 2.919	 4.137	 3.914	 | 4.137 max

train losses    230:	0.2821	0.2836	0.3109	0.3014	0.2949	0.3008	0.2727	0.2732	0.4256	0.4266	0.3911	0.3972	
val losses      230:	0.2482	0.2394	0.2871	0.2975	0.2885	0.2915	0.3288	0.3395	0.6883	 0.651	0.9738	 0.964	 | 0.4665 mean
                     	0.7062	0.6518	0.7271	0.7559	0.7541	0.7827	0.8247	0.8869	 1.658	 1.617	  2.35	 2.299	 | 1.503 quantile
                      	 2.025	 1.556	 2.213	 1.824	 1.709	 1.635	 1.816	 1.836	 2.922	 2.805	 4.147	 3.907	 | 4.147 max

train losses    232:	0.2815	0.2828	0.3105	0.3017	0.2956	0.2999	0.2744	 0.274	0.4227	0.4277	0.3947	0.4018	
val losses      232:	0.2509	0.2416	0.2873	0.2978	0.2864	0.2895	0.3297	0.3404	0.6887	0.6505	0.9661	0.9559	 | 0.4654 mean
                     	0.7139	0.6758	0.7258	0.7527	0.7502	0.7558	0.8204	0.8957	 1.646	 1.613	  2.34	 2.299	 | 1.497 quantile
                      	 2.087	 1.583	  2.21	 1.828	  1.74	 1.579	  1.83	 1.851	 2.799	 2.843	 4.207	  3.95	 | 4.207 max

train losses    234:	0.2829	0.2839	0.3103	0.3009	0.2948	0.2992	0.2752	0.2745	0.4278	  0.43	0.3929	0.4029	
val losses      234:	0.2502	0.2384	0.2873	0.2976	0.2884	0.2917	0.3292	0.3406	0.6934	0.6563	 0.964	0.9541	 | 0.4659 mean
                     	0.7152	0.6558	0.7281	0.7538	0.7568	0.7806	0.8197	0.8921	 1.633	 1.596	 2.362	 2.324	 | 1.489 quantile
                      	 2.072	 1.599	 2.215	 1.845	 1.798	 1.537	 1.843	 1.867	 2.927	  3.03	 4.176	 3.937	 | 4.176 max

train losses    236:	0.2811	0.2838	0.3096	0.3005	0.2943	0.3019	0.2737	 0.272	0.4231	0.4267	0.3949	 0.401	
val losses      236:	0.2487	0.2394	0.2871	0.2975	0.2879	0.2928	0.3301	0.3418	0.6945	0.6537	0.9751	0.9651	 | 0.4678 mean
                     	0.7089	0.6592	 0.725	0.7552	0.7528	0.7795	0.8194	0.8899	 1.635	 1.598	 2.315	   2.3	 | 1.506 quantile
                      	 1.914	 1.641	 2.214	  1.82	 1.792	 1.584	 1.888	 1.909	 2.711	 2.876	  4.11	 3.859	 | 4.11 max

train losses    238:	0.2826	0.2836	0.3099	0.3004	0.2923	0.2988	0.2719	0.2713	0.4266	0.4277	 0.396	 0.402	
val losses      238:	0.2526	0.2449	0.2872	0.2973	0.2912	0.2945	0.3293	0.3416	0.6942	0.6521	0.9732	0.9632	 | 0.4685 mean
                     	0.7142	 0.673	0.7253	0.7531	0.7589	0.7867	0.8272	0.8921	 1.636	 1.577	 2.327	 2.296	 | 1.502 quantile
                      	 2.021	 1.644	 2.213	 1.805	 1.929	 1.578	 1.896	 1.919	 2.651	 2.784	 4.056	  3.84	 | 4.056 max

train losses    240:	0.2821	0.2817	0.3093	0.3001	0.2933	0.2987	0.2709	0.2711	0.4243	0.4292	0.3957	0.4038	
val losses      240:	0.2491	0.2392	0.2869	0.2976	0.2899	 0.295	0.3297	0.3424	0.6982	0.6575	0.9651	 0.955	 | 0.4671 mean
                     	0.7135	0.6553	0.7272	0.7564	0.7674	0.7697	0.8199	 0.886	 1.645	 1.605	 2.333	 2.315	 | 1.489 quantile
                      	 2.038	 1.612	  2.21	 1.763	 1.769	 1.537	 1.879	 1.902	 2.552	 2.906	 4.082	 3.866	 | 4.082 max

train losses    242:	0.2821	0.2833	0.3089	0.2997	0.2947	0.2984	0.2705	0.2703	 0.422	0.4269	 0.396	0.4038	
val losses      242:	0.2488	0.2377	0.2873	0.2974	0.2844	0.2905	0.3296	0.3424	0.7174	0.6744	0.9719	0.9614	 | 0.4703 mean
                     	 0.709	0.6542	0.7225	0.7497	0.7499	0.7597	0.8265	0.8934	 1.643	  1.62	 2.328	 2.292	 | 1.499 quantile
                      	 1.978	 1.562	 2.222	 1.814	 1.816	 1.565	 1.891	  1.91	 2.614	 2.905	 4.123	 3.902	 | 4.123 max

train losses    244:	0.2814	0.2825	0.3093	0.2993	0.2958	0.2993	0.2707	0.2706	0.4299	 0.433	 0.392	0.3981	
val losses      244:	0.2472	0.2378	0.2873	 0.297	0.2836	0.2884	0.3304	 0.342	0.7178	0.6763	0.9726	 0.962	 | 0.4702 mean
                     	0.7016	0.6481	0.7252	0.7539	0.7502	0.7489	0.8208	0.8909	 1.654	 1.633	 2.351	 2.319	 | 1.505 quantile
                      	 1.975	 1.618	 2.207	 1.816	 1.854	 1.528	 1.871	  1.89	 2.632	 2.804	 4.158	 3.971	 | 4.158 max

train losses    246:	0.2817	 0.281	0.3092	0.2995	0.2961	0.3015	0.2698	0.2689	0.4372	 0.436	  0.39	0.3951	
val losses      246:	0.2423	0.2387	0.2872	0.2975	0.2828	0.2917	0.3318	0.3427	0.7375	0.6941	0.9772	0.9664	 | 0.4742 mean
                     	0.6802	0.6598	 0.727	0.7551	 0.744	 0.757	0.8222	0.8917	 1.669	 1.651	 2.339	 2.327	 | 1.524 quantile
                      	 1.941	 1.649	 2.214	 1.804	 1.928	 1.488	 1.878	 1.899	 2.534	 2.893	 4.218	 4.025	 | 4.218 max

train losses    248:	0.2812	0.2807	0.3091	0.2993	0.2979	0.3008	0.2708	0.2699	0.4501	0.4559	0.3898	 0.395	
val losses      248:	0.2435	 0.237	0.2871	0.2972	0.2852	0.2932	0.3336	0.3446	0.7527	0.7095	0.9751	0.9641	 | 0.4769 mean
                     	 0.688	0.6525	 0.724	0.7534	 0.761	0.7621	0.8209	0.8916	  1.67	 1.656	 2.337	 2.314	 | 1.519 quantile
                      	 1.867	 1.646	 2.198	 1.805	 1.902	 1.558	 1.914	 1.935	 2.597	 2.949	 4.014	 3.829	 | 4.014 max

train losses    250:	0.2825	0.2806	0.3089	0.2998	0.2993	0.3005	0.2705	0.2711	0.4615	0.4626	0.3867	0.3921	
val losses      250:	0.2454	0.2405	0.2872	0.2975	0.2846	0.2936	0.3324	0.3443	0.7565	 0.714	 0.972	0.9605	 | 0.4774 mean
                     	0.6969	 0.667	0.7251	0.7587	0.7559	0.7666	0.8326	0.8955	 1.656	  1.63	 2.381	 2.339	 | 1.511 quantile
                      	 1.936	 1.629	 2.197	 1.785	 1.892	 1.583	 1.877	 1.899	 2.589	 3.069	 4.126	 3.938	 | 4.126 max

train losses    252:	0.2831	0.2804	0.3085	0.2993	0.2991	0.3009	0.2692	 0.269	0.4601	0.4626	 0.387	0.3923	
val losses      252:	0.2453	0.2401	 0.287	0.2973	0.2847	0.2901	 0.331	 0.343	 0.717	0.6736	0.9693	0.9593	 | 0.4698 mean
                     	0.6883	0.6608	0.7248	 0.754	0.7573	0.7619	0.8147	0.8949	 1.615	 1.572	 2.339	   2.3	 | 1.489 quantile
                      	 1.933	 1.585	 2.209	 1.807	 1.802	 1.532	 1.859	 1.881	 2.651	  2.89	 4.136	 3.928	 | 4.136 max

train losses    254:	0.2826	0.2811	0.3085	0.2994	0.2949	0.2987	0.2682	0.2686	0.4324	0.4368	0.3836	  0.39	
val losses      254:	0.2513	0.2412	0.2867	0.2967	 0.291	0.2948	0.3307	0.3429	0.6909	0.6519	0.9729	0.9656	 | 0.468 mean
                     	0.7104	0.6683	0.7215	0.7535	0.7621	0.7806	 0.821	0.8909	 1.634	 1.588	  2.31	 2.288	 | 1.511 quantile
                      	 2.017	 1.636	  2.21	  1.84	 1.943	 1.594	 1.829	 1.853	 2.952	 2.756	 3.951	 3.749	 | 3.951 max

train losses    256:	0.2787	0.2805	0.3078	0.2982	0.2935	0.2976	0.2655	0.2647	0.4211	0.4232	0.3816	0.3894	
val losses      256:	0.2501	 0.238	0.2861	0.2964	0.2948	 0.295	0.3283	0.3407	0.6798	0.6473	 0.982	0.9741	 | 0.4677 mean
                     	0.7118	0.6579	0.7212	0.7499	0.7643	0.7673	  0.82	0.8877	 1.671	 1.617	 2.321	 2.285	 | 1.525 quantile
                      	 1.873	 1.597	  2.21	 1.844	  1.91	 1.562	 1.894	 1.919	 2.944	 2.686	 4.061	 3.887	 | 4.061 max

train losses    258:	0.2796	0.2806	0.3078	0.2983	0.2916	0.2971	0.2657	0.2652	0.4243	0.4282	0.3793	0.3868	
val losses      258:	0.2533	0.2406	0.2867	0.2962	 0.296	0.2945	0.3296	0.3415	0.6887	0.6539	0.9688	0.9612	 | 0.4676 mean
                     	0.7228	0.6705	0.7204	0.7506	0.7631	0.7684	0.8251	0.8955	 1.686	 1.675	 2.298	 2.262	 | 1.519 quantile
                      	 2.022	  1.76	 2.217	 1.882	 1.813	 1.545	 1.893	 1.922	 2.851	 2.768	 3.948	 3.765	 | 3.948 max

train losses    260:	 0.278	0.2808	0.3069	0.2976	0.2918	0.2969	0.2654	0.2652	0.4333	0.4364	0.3806	0.3869	
val losses      260:	0.2521	0.2389	 0.287	0.2966	0.2959	0.2946	0.3306	0.3423	 0.689	0.6544	 0.971	 0.961	 | 0.4678 mean
                     	0.7188	0.6499	0.7221	 0.752	 0.771	 0.769	0.8265	 0.893	 1.673	 1.649	 2.315	 2.281	 | 1.518 quantile
                      	 2.002	  1.68	 2.209	 1.884	 1.845	 1.623	 1.826	 1.852	 2.681	 2.731	 4.174	 3.982	 | 4.174 max

train losses    262:	0.2772	0.2788	0.3076	0.2979	0.2897	0.2955	0.2636	0.2641	 0.423	0.4269	0.3797	0.3876	
val losses      262:	0.2468	0.2342	0.2865	0.2964	0.2854	0.2875	 0.331	0.3426	0.6865	0.6495	  0.98	0.9699	 | 0.4664 mean
                     	0.6973	0.6415	0.7191	0.7521	0.7449	0.7521	0.8172	0.8843	 1.633	 1.618	 2.321	 2.308	 | 1.513 quantile
                      	 1.853	 1.609	 2.212	 1.841	 1.853	 1.547	 1.941	  1.97	   2.7	 2.558	 4.071	 3.866	 | 4.071 max

train losses    264:	0.2776	0.2792	0.3075	0.2969	0.2904	0.2956	0.2643	 0.264	0.4155	0.4174	0.3793	0.3844	
val losses      264:	0.2494	0.2412	0.2865	0.2965	0.2868	0.2903	  0.33	0.3423	0.6971	0.6586	0.9661	0.9563	 | 0.4668 mean
                     	0.7095	0.6593	0.7193	0.7509	0.7544	0.7602	0.8223	0.8924	 1.621	 1.572	 2.317	 2.286	 | 1.486 quantile
                      	 1.849	 1.643	 2.209	 1.832	 1.804	 1.548	 1.915	 1.942	 2.635	 2.806	 4.107	 3.917	 | 4.107 max

train losses    266:	 0.277	 0.279	0.3071	0.2974	0.2902	0.2976	0.2637	0.2627	0.4182	0.4224	0.3797	0.3846	
val losses      266:	0.2431	 0.236	0.2868	0.2966	0.2818	 0.286	0.3305	0.3432	0.7222	0.6855	0.9647	0.9538	 | 0.4692 mean
                     	0.6877	0.6458	0.7222	0.7505	0.7431	0.7468	0.8176	0.8902	 1.626	 1.605	 2.353	  2.32	 | 1.494 quantile
                      	  1.86	 1.675	 2.215	 1.856	 1.813	 1.506	 1.811	 1.836	 2.721	 2.784	 4.228	 4.063	 | 4.228 max

train losses    268:	0.2781	 0.279	0.3062	0.2964	 0.291	 0.295	0.2612	0.2611	0.4203	0.4233	0.3785	0.3831	
val losses      268:	0.2445	0.2334	0.2868	0.2968	0.2825	0.2863	0.3314	0.3428	 0.706	0.6689	0.9689	 0.957	 | 0.4671 mean
                     	0.6896	0.6465	0.7199	0.7492	0.7416	0.7492	0.8282	0.8946	 1.612	 1.589	  2.36	 2.325	 | 1.496 quantile
                      	 1.744	 1.662	 2.221	 1.822	 1.738	 1.547	 1.949	 1.977	 2.953	 2.808	 4.188	 3.996	 | 4.188 max

train losses    270:	0.2771	0.2776	0.3063	0.2964	0.2904	0.2957	0.2627	 0.261	 0.415	0.4156	0.3766	0.3843	
val losses      270:	0.2423	0.2352	0.2864	 0.296	0.2833	0.2892	0.3304	0.3414	0.6907	 0.653	0.9578	0.9471	 | 0.4627 mean
                     	0.6798	0.6479	0.7204	0.7519	0.7452	 0.748	0.8198	0.8891	 1.617	 1.598	 2.326	 2.292	 | 1.487 quantile
                      	 1.828	 1.614	 2.212	 1.861	 1.815	 1.593	 1.885	 1.912	 2.799	 2.653	 4.143	 3.957	 | 4.143 max

train losses    272:	0.2782	0.2777	 0.306	0.2961	0.2905	0.2951	0.2609	0.2603	0.4123	0.4108	0.3814	 0.385	
val losses      272:	0.2442	0.2385	0.2865	0.2962	0.2844	0.2895	0.3307	0.3418	0.6934	0.6521	0.9631	0.9518	 | 0.4643 mean
                     	0.6895	0.6585	0.7209	0.7509	0.7418	0.7512	0.8165	0.8885	 1.625	  1.62	 2.352	  2.32	 | 1.498 quantile
                      	 1.829	 1.624	  2.21	 1.869	 1.829	 1.564	 1.914	 1.944	  2.64	  2.78	 4.282	 4.114	 | 4.282 max

train losses    274:	0.2771	0.2779	0.3058	0.2964	0.2894	0.2947	0.2593	0.2599	0.4101	0.4093	0.3782	0.3834	
val losses      274:	0.2475	0.2381	0.2867	0.2959	0.2865	0.2889	0.3303	0.3412	0.6833	0.6482	0.9785	0.9663	 | 0.466 mean
                     	0.7004	0.6545	0.7213	0.7462	0.7487	0.7531	0.8189	0.8947	 1.652	 1.623	  2.36	  2.31	 | 1.514 quantile
                      	 1.872	 1.612	 2.218	 1.905	 1.814	 1.622	  1.88	 1.909	 2.916	  2.66	 4.265	 4.105	 | 4.265 max

train losses    276:	0.2778	0.2785	0.3052	0.2957	 0.289	0.2942	0.2592	0.2597	0.4115	0.4142	0.3804	0.3852	
val losses      276:	0.2445	0.2357	0.2862	0.2957	0.2842	0.2863	0.3311	0.3421	 0.689	0.6514	0.9614	0.9508	 | 0.4632 mean
                     	0.6929	0.6444	0.7191	0.7469	0.7484	0.7386	0.8247	0.8952	 1.664	 1.619	 2.369	  2.33	 | 1.492 quantile
                      	 1.826	 1.655	 2.217	 1.874	 1.903	  1.57	 1.788	 1.816	 2.675	 2.639	 4.259	 4.106	 | 4.259 max

train losses    278:	0.2763	 0.277	0.3054	0.2956	0.2914	 0.294	0.2607	0.2604	0.4115	0.4118	0.3953	0.4016	
val losses      278:	0.2442	 0.238	0.2861	0.2958	0.2834	 0.287	0.3289	0.3406	0.6916	0.6499	0.9613	0.9506	 | 0.4631 mean
                     	0.6909	0.6583	 0.718	0.7472	0.7509	0.7428	0.8217	0.8962	  1.65	 1.604	 2.361	 2.327	 | 1.493 quantile
                      	 1.891	 1.601	 2.221	 1.888	 1.839	 1.543	 1.923	 1.952	 2.846	 2.782	 4.428	  4.27	 | 4.428 max

train losses    280:	0.2767	0.2768	0.3053	0.2951	0.2922	0.2942	0.2582	0.2571	  0.41	0.4118	0.3843	0.3891	
val losses      280:	 0.243	0.2325	 0.286	0.2958	0.2845	0.2853	0.3307	0.3398	0.7014	0.6628	 0.988	0.9778	 | 0.469 mean
                     	0.6834	0.6393	0.7183	0.7493	0.7525	0.7423	0.8217	0.8952	 1.672	 1.615	 2.467	 2.403	 | 1.524 quantile
                      	 1.801	 1.616	 2.218	 1.918	  1.79	 1.553	 2.007	 2.036	 2.786	 2.703	 4.401	 4.228	 | 4.401 max

train losses    282:	0.2746	0.2774	0.3046	0.2952	0.2897	0.2939	0.2583	0.2575	0.4108	0.4115	0.3996	0.4023	
val losses      282:	0.2422	0.2366	0.2856	0.2956	0.2828	 0.289	 0.331	0.3416	0.6893	0.6498	0.9659	0.9552	 | 0.4637 mean
                     	0.6829	0.6503	0.7206	0.7492	 0.745	0.7385	0.8218	 0.895	  1.65	 1.623	 2.453	 2.413	 | 1.496 quantile
                      	 1.881	 1.649	 2.215	 1.891	 1.786	   1.5	 1.877	 1.907	 2.725	 2.671	 4.514	 4.365	 | 4.514 max

train losses    284:	0.2761	0.2773	 0.305	0.2953	0.2921	0.2981	0.2587	0.2594	0.4175	0.4172	0.4244	0.4291	
val losses      284:	0.2423	0.2384	0.2863	 0.296	0.2837	0.2913	0.3309	0.3435	0.6969	0.6513	0.9665	0.9561	 | 0.4653 mean
                     	0.6787	0.6478	0.7198	0.7484	0.7524	0.7454	0.8224	0.9052	 1.669	 1.618	 2.436	 2.391	 | 1.502 quantile
                      	 1.857	 1.614	 2.214	  1.93	 1.833	 1.515	 1.899	 1.931	 2.505	 2.633	 4.446	 4.303	 | 4.446 max

train losses    286:	0.2769	0.2773	0.3046	0.2945	0.2927	0.2978	0.2587	0.2584	0.4144	0.4145	0.4001	0.4038	
val losses      286:	0.2401	0.2371	0.2863	0.2963	0.2859	0.2906	0.3308	0.3433	0.6975	0.6525	   1.0	0.9901	 | 0.4709 mean
                     	0.6669	0.6552	0.7179	0.7493	0.7605	0.7546	0.8228	0.9058	 1.664	  1.63	 2.516	 2.459	 | 1.535 quantile
                      	 1.841	 1.612	 2.209	 1.896	 1.897	 1.497	 1.899	 1.927	 2.678	   2.6	  4.45	 4.294	 | 4.45 max

train losses    288:	 0.277	0.2745	0.3051	0.2954	0.2926	0.2937	0.2584	0.2592	0.4143	0.4131	0.4001	0.4048	
val losses      288:	0.2473	0.2412	0.2864	 0.296	0.2903	0.2948	0.3305	0.3436	0.6805	0.6416	0.9563	0.9461	 | 0.4629 mean
                     	0.6959	0.6656	0.7197	0.7541	 0.768	0.7673	0.8279	0.9061	 1.624	 1.582	 2.407	 2.353	 | 1.473 quantile
                      	 1.958	 1.651	 2.199	 1.897	 1.811	 1.595	 1.932	 1.961	 2.477	 2.714	 4.344	 4.182	 | 4.344 max

train losses    290:	0.2756	0.2762	0.3047	0.2951	0.2916	0.2962	0.2569	0.2568	0.4109	0.4116	0.4198	0.4241	
val losses      290:	0.2413	0.2367	0.2859	0.2959	0.2834	0.2884	 0.332	 0.344	0.6922	0.6522	 0.957	0.9495	 | 0.4632 mean
                     	0.6811	0.6424	0.7194	0.7491	 0.746	0.7472	0.8262	0.8966	 1.628	  1.62	 2.375	 2.337	 | 1.485 quantile
                      	 1.893	 1.667	 2.205	 1.906	 1.917	 1.517	 1.948	 1.981	 2.512	 2.755	 4.291	 4.103	 | 4.291 max

train losses    292:	0.2765	0.2763	0.3044	0.2942	 0.291	0.2948	 0.257	0.2562	0.4125	0.4121	 0.392	0.3942	
val losses      292:	0.2413	0.2335	0.2861	0.2955	0.2828	 0.289	0.3305	0.3423	0.6937	0.6544	0.9807	0.9721	 | 0.4668 mean
                     	0.6783	0.6434	0.7202	0.7504	0.7544	0.7448	0.8171	0.8958	 1.619	 1.602	 2.387	 2.342	 | 1.506 quantile
                      	 1.795	 1.668	 2.208	 1.941	 1.841	 1.601	  1.91	 1.944	 2.593	 2.839	 4.322	 4.074	 | 4.322 max

train losses    294:	0.2749	0.2756	0.3037	 0.294	0.2925	 0.295	0.2557	0.2564	0.4134	0.4168	0.3852	0.3883	
val losses      294:	0.2436	0.2377	0.2857	0.2953	0.2853	 0.287	0.3292	0.3413	0.7018	0.6636	0.9726	0.9619	 | 0.4671 mean
                     	0.6919	 0.647	0.7198	0.7485	0.7531	0.7491	0.8251	0.8952	  1.62	 1.619	 2.296	 2.276	 | 1.504 quantile
                      	  1.84	 1.662	 2.201	 1.931	 1.858	 1.587	 1.905	 1.935	 2.582	  2.73	 4.195	 4.009	 | 4.195 max

train losses    296:	0.2762	0.2759	 0.304	0.2939	0.2927	0.2958	 0.255	0.2555	0.4207	0.4195	0.3813	0.3844	
val losses      296:	0.2409	 0.236	0.2861	0.2959	0.2804	0.2855	0.3314	0.3447	0.7156	0.6744	0.9576	0.9483	 | 0.4664 mean
                     	0.6787	0.6492	0.7199	 0.749	0.7388	0.7421	 0.826	 0.903	 1.605	 1.615	 2.353	 2.318	 | 1.485 quantile
                      	  1.89	 1.658	 2.199	 1.932	 1.809	 1.585	 1.946	 1.976	 2.517	 2.888	 4.243	 4.067	 | 4.243 max

train losses    298:	0.2748	0.2753	0.3028	 0.293	0.2892	0.2937	0.2545	0.2547	0.4278	0.4301	0.3823	 0.384	
val losses      298:	 0.238	0.2299	0.2863	0.2964	 0.279	0.2822	0.3331	0.3448	0.7352	 0.693	0.9722	0.9631	 | 0.4711 mean
                     	0.6666	0.6294	0.7181	0.7505	0.7362	0.7306	0.8185	0.9001	 1.668	 1.668	 2.371	 2.335	 | 1.517 quantile
                      	 1.811	 1.652	 2.207	 1.906	 1.891	 1.583	 1.933	 1.965	 2.625	 3.033	 4.205	 4.017	 | 4.205 max

