train losses      0:	0.5643	0.5975	0.3665	0.3667	0.7114	0.7606	0.4747	0.4914	 1.539	 1.548	 1.491	 1.479	
val losses        0:	 0.503	0.8781	  1.22	 1.489	 1.055	 1.478	0.5268	0.5811	 2.673	 2.697	 1.433	 1.646	 | 1.348 mean
                     	 1.424	 1.903	 2.029	 2.336	 3.145	 3.536	 1.345	 1.453	 6.958	 7.018	  3.76	 4.281	 | 4.066 quantile
                      	 5.532	 4.886	 3.134	 4.722	 8.131	 8.377	  2.64	 2.873	 13.03	 13.04	 6.143	 6.089	 | 13.04 max

train losses      2:	 0.501	0.5223	0.3677	0.3538	0.6799	 0.716	0.4719	 0.488	 1.512	 1.511	 1.472	 1.463	
val losses        2:	0.4368	0.4702	0.4554	0.4429	   1.2	 1.063	0.5194	0.5034	 2.452	 2.506	 1.405	 1.388	 | 1.07 mean
                     	 1.258	  1.37	 1.136	 1.074	 3.049	 3.039	 1.331	 1.316	 6.487	 6.537	 3.415	 3.386	 | 3.636 quantile
                      	  4.56	 4.018	 2.508	 3.325	 6.855	 7.228	 2.506	 2.638	 11.75	 11.92	 6.162	 5.789	 | 11.92 max

train losses      4:	0.4717	0.4874	0.3936	0.3888	0.6452	0.6485	0.4933	 0.511	 1.437	 1.388	  1.44	 1.415	
val losses        4:	0.4364	 0.517	0.3954	0.5646	0.8242	0.7933	0.6072	0.6575	 2.148	 1.994	 1.352	 1.362	 | 0.971 mean
                     	 1.243	 1.399	 1.021	 1.331	 2.274	 2.116	 1.457	 1.686	 5.738	  5.26	  3.32	 3.145	 | 3.169 quantile
                      	 4.234	 3.326	  2.37	 3.664	 6.812	 5.213	 2.811	  3.44	 9.966	 10.34	 5.877	 5.756	 | 10.34 max

train losses      6:	 0.479	0.4966	0.4265	0.4338	0.6169	0.5918	0.5211	0.5495	 1.274	 1.162	 1.371	 1.337	
val losses        6:	0.4643	0.4824	0.3818	0.4103	0.7528	0.7416	0.5144	0.6419	  1.93	 1.663	 1.264	 1.322	 | 0.8806 mean
                     	 1.323	 1.344	0.9803	  1.07	 2.056	 1.898	 1.288	 1.669	 5.254	 4.355	 3.028	 2.965	 | 2.849 quantile
                      	 3.353	 2.969	 2.302	 2.865	 6.483	 4.579	 2.416	 3.056	 8.128	 7.948	 5.594	 5.446	 | 8.128 max

train losses      8:	0.5025	0.5211	0.4532	0.4638	0.5948	0.5803	0.5333	0.5805	 1.069	0.9685	 1.301	 1.281	
val losses        8:	0.4528	0.4422	 0.371	0.4015	0.6686	 0.598	0.4758	0.5958	 1.614	 1.303	  1.24	 1.268	 | 0.7858 mean
                     	 1.221	 1.206	0.9448	 1.045	  1.85	 1.594	 1.233	 1.533	 4.252	 3.503	 2.962	 2.879	 | 2.532 quantile
                      	 3.155	 3.053	 2.382	 3.051	 5.605	 4.208	 2.206	 2.878	 7.031	 4.862	 5.017	 5.119	 | 7.031 max

train losses     10:	0.5318	0.5553	0.4748	0.4949	0.6099	0.6027	0.5508	 0.621	 1.058	 1.083	 1.275	 1.282	
val losses       10:	0.4343	0.3906	0.3587	0.3752	0.6672	0.6161	0.4933	0.5558	 1.357	 1.132	 1.184	 1.181	 | 0.7288 mean
                     	 1.186	 1.067	0.9024	 0.955	  1.78	 1.714	 1.289	 1.434	 3.572	 3.023	  2.74	 2.779	 | 2.311 quantile
                      	 3.264	  2.74	 2.258	 3.233	 4.633	 4.496	 2.517	 2.713	 6.118	 4.412	 5.008	 4.677	 | 6.118 max

train losses     12:	0.5119	0.5386	0.4528	0.4663	0.6009	0.6007	0.5379	0.5783	 0.898	0.8867	 1.295	 1.301	
val losses       12:	0.4123	0.3999	0.3558	0.3655	0.6957	0.6394	0.4908	0.5179	 1.319	 1.272	 1.157	 1.136	 | 0.7302 mean
                     	 1.106	 1.103	0.9034	0.9272	 1.902	 1.829	 1.267	  1.35	 3.449	 3.356	 2.913	 2.813	 | 2.328 quantile
                      	 3.084	 3.441	 2.357	 3.296	 5.179	 4.885	 2.263	 2.539	 5.704	 4.822	 4.605	 4.702	 | 5.704 max

train losses     14:	  0.49	0.5077	0.4438	0.4448	0.5768	0.5649	0.5205	0.5556	0.8095	0.7862	 1.229	 1.224	
val losses       14:	0.4187	0.4071	0.3623	0.3594	0.7137	  0.64	0.4967	0.5171	  1.17	 1.151	  1.16	 1.124	 | 0.71 mean
                     	 1.105	 1.121	0.9064	0.9256	 1.953	 1.806	 1.309	  1.37	 2.954	  2.98	 2.709	 2.668	 | 2.197 quantile
                      	 2.917	 3.144	 2.479	  2.97	 5.402	 4.695	 2.331	 2.569	  5.23	 4.312	 5.058	 4.316	 | 5.402 max

train losses     16:	0.4765	 0.487	0.4414	0.4401	0.5647	0.5548	0.5164	0.5496	0.7352	0.7331	 1.153	  1.14	
val losses       16:	0.3918	0.3866	0.3585	0.3494	0.6789	0.6087	0.4917	0.5087	0.9883	0.9231	 1.121	 1.086	 | 0.6577 mean
                     	 1.035	 1.086	0.9015	 0.917	 1.836	 1.725	 1.286	 1.331	 2.528	  2.31	 2.662	 2.574	 | 2.024 quantile
                      	 2.766	 2.905	 2.402	 2.926	  5.18	 4.462	 2.282	 2.424	 4.212	  3.29	 4.914	 4.295	 | 5.18 max

train losses     18:	0.4655	 0.477	0.4308	0.4345	0.5455	0.5346	0.5059	0.5419	0.6858	0.6815	 1.101	 1.091	
val losses       18:	0.3777	0.3712	0.3512	0.3479	0.6408	 0.572	0.4782	0.4958	0.9035	0.8062	 1.075	 1.068	 | 0.6239 mean
                     	 1.006	 1.026	0.8894	0.9099	  1.71	 1.607	 1.233	 1.279	 2.311	 2.001	 2.763	 2.602	 | 1.918 quantile
                      	 2.747	 2.753	 2.431	 3.162	 4.718	  4.07	 2.244	 2.372	 3.606	 2.672	  4.27	 4.291	 | 4.718 max

train losses     20:	0.4494	0.4619	0.4182	0.4242	 0.529	0.5181	0.4971	0.5289	0.6637	0.6607	 1.068	 1.053	
val losses       20:	0.3717	0.3638	0.3475	0.3466	0.6278	0.5521	0.4641	0.4828	 0.892	0.8031	 1.065	 1.066	 | 0.6152 mean
                     	0.9908	 1.005	0.8904	0.9017	 1.667	 1.575	  1.18	  1.25	 2.241	 1.992	 2.635	 2.528	 | 1.876 quantile
                      	  2.64	 2.861	 2.423	 3.137	 4.736	 4.094	 2.056	 2.366	 3.415	   2.9	 4.169	 4.202	 | 4.736 max

train losses     22:	 0.434	 0.449	0.4114	0.4169	0.5122	0.4976	0.4866	0.5171	0.6526	0.6454	 1.036	 1.024	
val losses       22:	0.3667	0.3595	0.3472	0.3407	 0.616	0.5312	0.4591	0.4775	0.8808	0.8001	 1.061	 1.064	 | 0.6087 mean
                     	0.9792	0.9833	0.8867	0.8958	 1.604	 1.469	 1.173	 1.257	 2.226	 1.998	 2.605	  2.49	 | 1.848 quantile
                      	 2.636	 2.876	 2.279	 3.057	 4.596	 3.892	 2.003	 2.376	  3.19	 2.848	 4.242	 4.179	 | 4.596 max

train losses     24:	0.4205	0.4345	0.4053	  0.41	0.4958	0.4857	0.4791	0.5077	0.6349	0.6323	 1.003	0.9921	
val losses       24:	0.3475	0.3413	0.3472	0.3328	0.5791	0.5029	 0.458	 0.469	0.8537	0.7743	  1.05	 1.056	 | 0.5926 mean
                     	0.9373	0.9333	0.8821	0.8674	 1.513	 1.364	 1.177	 1.234	 2.156	 1.942	 2.638	 2.452	 | 1.803 quantile
                      	 2.462	 2.695	 2.243	 3.019	 4.217	 3.522	 1.982	 2.371	  3.12	  2.78	 4.145	 4.045	 | 4.217 max

train losses     26:	 0.409	0.4252	0.3988	0.4046	 0.487	0.4725	0.4695	 0.499	0.6183	0.6164	0.9708	0.9599	
val losses       26:	0.3261	0.3225	0.3445	0.3291	0.5544	0.4872	0.4517	0.4604	0.8235	0.7454	  1.03	 1.036	 | 0.5759 mean
                     	0.8882	 0.871	0.8715	0.8537	 1.454	  1.31	 1.157	 1.209	 2.051	 1.858	 2.632	 2.482	 | 1.731 quantile
                      	 2.309	 2.557	 2.288	 2.963	  4.04	  3.42	 1.859	 2.369	 2.933	 2.743	 3.954	 4.059	 | 4.059 max

train losses     28:	 0.399	0.4146	0.3928	 0.399	0.4746	 0.464	 0.463	0.4911	 0.608	0.6043	0.9393	0.9298	
val losses       28:	0.3142	0.3152	0.3431	 0.326	0.5533	0.4868	0.4433	0.4528	0.8131	0.7379	  1.02	 1.025	 | 0.5692 mean
                     	0.8551	0.8505	0.8742	0.8527	 1.429	 1.324	 1.128	 1.189	 2.017	 1.822	 2.643	 2.481	 | 1.712 quantile
                      	 2.385	 2.518	 2.271	 2.907	 4.017	 3.517	 1.856	 2.372	 3.059	 2.579	  3.96	 4.154	 | 4.154 max

train losses     30:	0.3934	0.4086	0.3892	0.3943	0.4679	0.4568	0.4554	0.4851	0.6054	0.6012	0.9167	0.9084	
val losses       30:	0.3056	0.3152	0.3412	 0.324	0.5386	 0.474	0.4416	0.4499	0.8221	0.7502	 1.014	 1.021	 | 0.5665 mean
                     	 0.836	0.8439	0.8674	 0.838	 1.402	 1.311	  1.12	  1.17	  2.03	  1.83	 2.611	  2.47	 | 1.71 quantile
                      	 2.342	  2.51	  2.23	 2.998	 3.888	 3.382	 1.866	 2.294	 3.227	 2.745	 4.003	 4.185	 | 4.185 max

train losses     32:	0.3865	0.4041	0.3839	0.3895	0.4587	0.4486	0.4495	0.4768	0.6164	0.6119	0.9066	0.9007	
val losses       32:	0.3044	0.3138	0.3405	0.3219	0.5306	 0.468	0.4391	 0.446	0.8258	0.7648	 1.022	 1.031	 | 0.5673 mean
                     	 0.839	0.8355	0.8683	0.8341	 1.367	  1.29	 1.111	 1.153	 2.007	 1.837	 2.624	 2.496	 | 1.713 quantile
                      	 2.316	 2.556	 2.249	 2.973	 3.908	 3.411	 1.901	 2.291	 3.196	 2.943	 3.901	 4.058	 | 4.058 max

train losses     34:	0.3813	0.3994	0.3792	0.3841	0.4528	0.4448	0.4412	0.4681	0.6252	0.6235	0.8867	0.8802	
val losses       34:	0.2978	0.3088	0.3396	0.3196	 0.529	0.4658	0.4354	0.4397	 0.827	0.7787	 1.031	 1.036	 | 0.5674 mean
                     	0.8121	  0.83	0.8637	 0.824	  1.37	 1.269	 1.098	 1.136	  2.01	  1.87	  2.66	 2.552	 | 1.729 quantile
                      	 2.356	 2.542	 2.297	 2.892	 3.792	 3.233	 1.915	 2.378	 3.143	  3.03	 4.019	  4.09	 | 4.09 max

train losses     36:	0.3781	0.3949	0.3762	0.3818	0.4471	0.4381	0.4401	0.4666	0.6238	0.6251	 0.896	0.8912	
val losses       36:	0.2881	0.3078	0.3385	0.3172	0.5247	0.4608	0.4307	0.4341	0.8227	0.7772	 1.022	 1.025	 | 0.5624 mean
                     	0.7895	0.8173	0.8643	0.8179	 1.337	 1.254	 1.078	 1.118	 1.985	 1.858	  2.66	 2.543	 | 1.711 quantile
                      	 2.236	 2.438	 2.221	 2.818	 3.819	  3.22	  1.85	 2.427	 3.143	 3.059	 3.986	 4.073	 | 4.073 max

train losses     38:	0.3818	 0.399	0.3756	0.3822	0.4521	0.4438	0.4421	0.4675	 0.618	  0.62	 1.028	 1.022	
val losses       38:	0.2921	0.3136	0.3383	0.3175	 0.532	0.4707	0.4261	 0.431	0.8393	0.7934	 1.029	 1.023	 | 0.5672 mean
                     	0.7992	0.8508	0.8605	0.8186	 1.386	 1.309	 1.074	 1.104	 2.039	 1.939	 2.583	 2.528	 | 1.749 quantile
                      	 2.356	 2.641	 2.267	 2.937	 3.803	 3.171	 1.848	 2.456	 3.258	 3.026	 4.154	 4.439	 | 4.439 max

train losses     40:	0.4058	0.4355	0.3808	0.3849	0.4773	0.4749	0.4521	0.4757	0.6761	0.6942	 1.154	 1.161	
val losses       40:	0.3221	0.3548	0.3423	0.3233	0.5956	0.5535	0.4441	0.4424	0.9512	0.9132	 1.219	 1.197	 | 0.6382 mean
                     	0.8594	0.9653	0.8594	0.8284	 1.612	 1.576	 1.116	 1.142	 2.274	  2.18	 3.021	 2.888	 | 2.051 quantile
                      	 2.535	 3.311	 2.267	  2.96	 4.525	 3.553	 1.957	 2.389	 3.416	 3.282	 4.808	 5.193	 | 5.193 max

train losses     42:	0.4384	0.4586	0.3886	0.3868	0.5272	0.5539	0.4644	0.4899	0.9088	0.9143	 1.107	  1.13	
val losses       42:	0.3471	 0.377	0.3499	0.3254	0.6532	0.6366	 0.465	0.4756	 1.207	 1.174	 1.213	 1.205	 | 0.7024 mean
                     	0.9486	 1.036	0.8714	0.8385	 1.869	 1.845	 1.192	 1.225	 2.866	 2.847	 2.883	 2.856	 | 2.224 quantile
                      	 2.878	 3.444	 2.418	 2.955	 4.558	 3.718	 1.941	 2.352	 4.985	 4.442	 5.331	 5.161	 | 5.331 max

train losses     44:	0.4171	0.4462	0.3698	0.3746	0.5338	0.5416	0.4532	0.4736	0.9462	0.9394	 1.105	 1.103	
val losses       44:	0.3672	0.4079	0.3554	0.3269	0.7604	0.7498	 0.462	0.4775	  1.47	 1.492	 1.276	 1.267	 | 0.7843 mean
                     	  1.01	 1.138	0.8841	0.8535	 2.209	 2.203	 1.169	 1.242	 3.538	 3.738	 2.979	 2.932	 | 2.53 quantile
                      	  3.06	 3.324	 2.302	 2.669	 5.979	 5.041	 1.915	 2.364	 5.717	 5.517	 5.727	  5.52	 | 5.979 max

train losses     46:	0.4394	0.4591	0.3864	0.3907	0.5416	0.5394	0.4632	0.4942	0.8046	0.8127	 1.015	 1.006	
val losses       46:	0.3318	 0.367	0.3554	0.3354	0.6347	 0.584	0.4568	0.4589	 1.089	 1.103	 1.189	 1.143	 | 0.6707 mean
                     	0.9066	0.9892	0.8808	0.8648	 1.749	 1.666	 1.147	 1.169	 2.663	 2.666	 2.793	 2.728	 | 2.117 quantile
                      	 2.628	 2.841	 2.377	 2.504	 4.994	 4.008	 2.207	  2.32	 4.411	 4.603	 4.892	   4.8	 | 4.994 max

train losses     48:	0.4296	0.4487	0.3794	0.3927	0.4952	0.4887	0.4512	0.4787	0.6773	0.6721	0.9019	0.8971	
val losses       48:	0.3556	0.3646	0.3486	0.3387	0.6202	0.5748	0.4437	0.4537	0.8719	0.8693	 1.124	 1.093	 | 0.6215 mean
                     	 0.931	0.9813	0.8653	0.8991	 1.581	 1.547	 1.122	 1.194	 2.148	 2.139	 2.745	 2.644	 | 1.883 quantile
                      	 2.397	 3.341	 2.304	  2.76	 4.291	 3.483	 1.954	 2.296	 3.112	 3.012	 4.446	 4.547	 | 4.547 max

train losses     50:	0.4019	0.4227	0.3689	0.3799	 0.469	0.4613	0.4387	0.4636	0.6256	0.6358	0.8557	0.8453	
val losses       50:	0.3197	0.3402	0.3407	0.3284	0.5752	0.5193	0.4362	0.4397	0.8085	0.7879	 1.084	 1.077	 | 0.5881 mean
                     	0.8632	0.9313	0.8542	0.8587	 1.502	  1.43	 1.103	  1.14	 2.054	 1.963	 2.581	 2.525	 | 1.789 quantile
                      	 2.718	 3.015	 2.247	 2.985	 4.207	 3.336	 1.885	 2.368	 2.985	 2.954	 4.166	 4.528	 | 4.528 max

train losses     52:	0.3924	0.4108	0.3641	0.3712	0.4542	0.4462	0.4309	0.4562	0.5955	0.5959	0.8119	0.8024	
val losses       52:	0.3099	0.3435	0.3391	0.3219	0.5632	0.4943	0.4322	0.4353	0.8657	0.8393	  1.06	 1.053	 | 0.588 mean
                     	0.8506	0.9468	0.8568	0.8413	 1.506	 1.388	 1.098	 1.115	 2.123	 2.078	 2.559	  2.48	 | 1.798 quantile
                      	 2.695	 2.937	 2.198	 2.954	 4.313	 3.229	 1.798	 2.311	 3.158	 3.074	 4.027	 4.383	 | 4.383 max

train losses     54:	0.3799	0.3973	0.3612	0.3679	0.4351	0.4307	 0.423	0.4469	0.5755	0.5755	0.7715	0.7686	
val losses       54:	0.2991	 0.336	0.3393	0.3238	0.5282	0.4673	0.4283	0.4301	0.8393	0.8111	 1.047	 1.043	 | 0.5744 mean
                     	0.8077	0.9057	 0.854	0.8461	 1.388	 1.266	 1.081	 1.098	  2.04	 1.976	 2.563	 2.455	 | 1.757 quantile
                      	 2.624	 2.845	  2.23	 2.927	 3.995	 2.963	 1.837	 2.267	 3.002	 2.951	 4.007	 4.407	 | 4.407 max

train losses     56:	  0.37	0.3881	0.3571	0.3634	0.4228	0.4176	0.4158	0.4388	0.5518	0.5546	0.7376	0.7306	
val losses       56:	0.2864	 0.312	0.3388	0.3207	  0.49	0.4413	0.4249	0.4259	0.7865	0.7485	 1.018	 1.018	 | 0.551 mean
                     	0.7792	 0.841	0.8575	0.8376	 1.266	 1.166	  1.07	 1.094	 1.921	 1.845	 2.569	 2.495	 | 1.675 quantile
                      	 2.366	 2.455	 2.181	 2.996	 3.698	 2.717	 1.778	 2.275	 3.025	 2.894	 4.109	 4.424	 | 4.424 max

train losses     58:	0.3628	0.3792	0.3543	0.3591	0.4129	0.4086	0.4082	0.4326	0.5429	0.5464	0.7123	0.7044	
val losses       58:	0.2809	 0.301	0.3382	0.3197	0.4823	0.4303	0.4228	0.4235	0.7806	0.7438	 1.016	 1.021	 | 0.5467 mean
                     	0.7631	0.8177	0.8558	0.8318	 1.221	 1.129	 1.068	 1.085	 1.903	 1.838	 2.507	 2.445	 | 1.658 quantile
                      	 2.296	 2.455	 2.169	 3.014	 3.664	 2.696	 1.784	 2.259	  3.02	 2.959	 4.079	 4.229	 | 4.229 max

train losses     60:	0.3589	0.3729	0.3513	0.3561	0.4076	0.4023	0.4039	0.4259	0.5327	0.5335	0.6907	0.6836	
val losses       60:	 0.276	0.2939	0.3373	0.3187	0.4821	 0.427	0.4187	0.4196	0.7642	0.7269	 1.013	 1.016	 | 0.5411 mean
                     	0.7557	0.7982	0.8578	0.8287	 1.211	 1.135	 1.041	 1.067	 1.878	  1.79	 2.521	 2.469	 | 1.647 quantile
                      	 2.322	 2.365	 2.184	 3.012	 3.697	  2.75	 1.767	 2.328	 3.007	 2.929	 4.131	 4.111	 | 4.131 max

train losses     62:	0.3531	0.3675	0.3494	0.3539	0.4001	0.3962	0.3985	0.4197	 0.526	0.5216	0.6693	0.6634	
val losses       62:	0.2713	0.2884	0.3363	0.3174	 0.475	0.4213	0.4142	0.4149	 0.758	0.7189	 1.007	 1.012	 | 0.5362 mean
                     	0.7497	0.7819	 0.853	0.8265	 1.188	 1.112	 1.027	 1.055	 1.872	 1.762	 2.496	 2.444	 | 1.631 quantile
                      	 2.329	 2.342	 2.164	 3.008	 3.651	 2.775	 1.742	 2.385	 2.964	 2.964	 4.057	 4.136	 | 4.136 max

train losses     64:	0.3505	0.3632	0.3474	0.3516	0.3937	0.3899	0.3928	0.4153	0.5227	0.5175	0.6471	0.6435	
val losses       64:	0.2709	0.2864	0.3352	 0.317	0.4663	0.4154	0.4114	0.4113	0.7563	0.7195	0.9935	0.9973	 | 0.5317 mean
                     	0.7418	0.7714	0.8538	 0.824	 1.155	 1.086	 1.018	 1.041	 1.875	 1.778	 2.512	 2.457	 | 1.62 quantile
                      	 2.233	 2.207	  2.15	 3.049	 3.603	 2.761	 1.757	 2.405	 2.956	 2.946	 4.121	 4.176	 | 4.176 max

train losses     66:	0.3475	0.3608	0.3457	0.3496	0.3888	0.3864	0.3857	0.4084	 0.515	0.5107	0.6294	0.6267	
val losses       66:	0.2692	0.2819	0.3347	0.3161	0.4616	0.4106	0.4088	0.4089	0.7579	 0.722	 1.003	 1.007	 | 0.5318 mean
                     	0.7418	0.7606	0.8496	0.8202	 1.146	 1.079	 1.001	  1.03	 1.886	 1.782	 2.529	 2.458	 | 1.627 quantile
                      	 2.246	 2.203	 2.138	  3.07	 3.486	 2.672	 1.744	  2.47	 2.974	 2.914	 4.065	 4.137	 | 4.137 max

train losses     68:	0.3465	0.3568	0.3442	0.3476	0.3839	0.3775	0.3827	0.4037	0.5061	0.5024	0.6129	0.6073	
val losses       68:	 0.268	0.2781	0.3343	0.3157	 0.453	 0.406	0.4076	0.4072	 0.739	0.7008	 1.018	 1.025	 | 0.5294 mean
                     	0.7422	0.7433	0.8472	0.8201	 1.116	  1.05	0.9935	 1.027	 1.841	 1.725	 2.491	 2.431	 | 1.616 quantile
                      	 2.162	 2.175	  2.12	 3.038	 3.374	 2.589	 1.694	 2.481	 2.935	 2.904	 4.147	 4.371	 | 4.371 max

train losses     70:	0.3431	0.3543	0.3424	 0.346	0.3805	0.3764	0.3777	0.3988	0.5006	 0.499	 0.597	 0.591	
val losses       70:	0.2672	0.2772	0.3336	0.3151	0.4537	0.4061	0.4047	 0.404	0.7491	0.7124	 1.003	 1.007	 | 0.5278 mean
                     	0.7383	0.7428	0.8438	0.8191	  1.12	 1.051	0.9852	 1.022	 1.865	 1.767	 2.501	 2.417	 | 1.606 quantile
                      	 2.202	 2.095	 2.122	 3.016	 3.418	  2.62	   1.7	 2.483	 2.957	  2.92	 4.113	 4.239	 | 4.239 max

train losses     72:	0.3396	0.3499	0.3405	0.3433	 0.375	0.3716	0.3744	0.3954	0.4935	 0.491	0.5764	0.5738	
val losses       72:	0.2669	0.2789	0.3329	0.3138	0.4516	0.4038	 0.401	0.4005	0.7498	0.7104	0.9819	0.9846	 | 0.523 mean
                     	0.7412	0.7466	0.8423	0.8138	  1.12	 1.051	0.9805	 1.005	 1.856	 1.736	 2.501	 2.431	 | 1.593 quantile
                      	 2.124	 2.137	 2.107	 3.001	 3.344	 2.564	 1.706	 2.514	 2.922	 2.881	 4.137	 4.053	 | 4.137 max

train losses     74:	0.3374	0.3461	0.3397	0.3423	0.3726	0.3683	0.3705	 0.391	0.4893	0.4841	  0.56	0.5588	
val losses       74:	 0.265	0.2744	 0.332	0.3139	0.4443	0.3996	0.3993	0.3974	0.7393	0.6975	0.9821	0.9852	 | 0.5192 mean
                     	 0.741	0.7302	0.8405	0.8112	  1.09	 1.035	0.9788	 1.009	 1.842	 1.732	 2.491	 2.413	 | 1.57 quantile
                      	 2.068	 2.141	 2.112	 2.996	 3.357	 2.578	 1.693	  2.56	 2.905	 2.808	 4.001	 4.149	 | 4.149 max

train losses     76:	0.3354	0.3437	0.3383	0.3408	0.3686	0.3648	0.3669	0.3865	0.4864	 0.479	0.5546	0.5468	
val losses       76:	0.2655	0.2735	0.3324	0.3136	 0.441	0.3981	0.3968	0.3957	0.7424	0.7055	 1.006	 1.007	 | 0.5231 mean
                     	0.7326	0.7295	0.8435	 0.812	 1.098	 1.043	0.9677	 1.003	  1.83	  1.72	 2.474	 2.404	 | 1.588 quantile
                      	 2.147	 2.226	 2.123	 3.025	 3.295	 2.515	 1.672	 2.633	 2.924	 2.962	 4.067	 4.335	 | 4.335 max

train losses     78:	 0.333	 0.343	0.3368	0.3388	0.3636	0.3622	0.3639	0.3815	0.4803	0.4766	0.5508	0.5447	
val losses       78:	0.2637	0.2723	0.3314	0.3128	0.4333	0.3911	0.3951	 0.393	0.7494	0.7129	  0.96	0.9617	 | 0.5147 mean
                     	0.7273	0.7259	0.8419	0.8077	 1.067	 1.005	0.9636	0.9974	 1.841	 1.749	 2.491	 2.411	 | 1.558 quantile
                      	 2.109	 2.143	 2.127	  2.99	 3.184	 2.469	 1.697	 2.554	 2.901	 2.869	 4.054	 4.038	 | 4.054 max

train losses     80:	0.3302	0.3401	0.3358	0.3375	0.3599	0.3573	0.3622	0.3795	0.4742	0.4721	0.6015	0.5968	
val losses       80:	0.2625	0.2701	0.3312	0.3127	0.4258	0.3885	0.3941	0.3917	0.7416	   0.7	0.9788	0.9831	 | 0.515 mean
                     	0.7245	0.7197	0.8438	0.8011	  1.04	0.9954	0.9552	0.9959	  1.82	 1.715	 2.554	 2.492	 | 1.587 quantile
                      	 2.111	 1.981	 2.129	 3.006	 3.142	 2.441	 1.662	 2.628	 2.876	 2.865	 4.068	 4.184	 | 4.184 max

train losses     82:	0.3294	0.3409	 0.335	0.3355	0.3573	0.3528	0.3604	0.3777	0.4756	0.4733	0.6474	0.6447	
val losses       82:	0.2647	0.2684	0.3318	0.3137	0.4226	0.3945	0.4007	0.4011	0.7326	0.6957	 1.223	 1.218	 | 0.5556 mean
                     	  0.73	0.7162	0.8369	0.8097	 1.034	0.9978	0.9779	  1.02	 1.812	 1.702	 2.686	 2.653	 | 1.735 quantile
                      	 2.146	 2.038	 2.157	 3.095	 3.145	 2.392	 1.815	 2.782	 3.015	 2.981	 4.714	 4.968	 | 4.968 max

train losses     84:	0.3279	0.3367	0.3345	0.3347	0.3566	0.3543	  0.36	0.3764	0.4717	0.4706	0.6689	0.6664	
val losses       84:	0.2653	 0.273	0.3302	0.3114	0.4158	0.3879	0.3939	0.3892	0.7528	0.7213	 1.021	 1.023	 | 0.5238 mean
                     	 0.728	0.7393	0.8371	0.7971	 1.048	 1.001	 0.954	0.9809	 1.872	 1.777	 2.735	 2.722	 | 1.648 quantile
                      	 2.058	 2.025	 2.115	 3.012	 2.992	 2.242	 1.695	 2.641	 2.926	 2.917	 4.415	 4.187	 | 4.415 max

train losses     86:	0.3288	0.3379	0.3329	 0.333	0.3499	0.3494	0.3531	0.3696	0.4656	0.4647	 0.625	0.6242	
val losses       86:	0.2633	0.2702	0.3301	0.3115	0.4148	0.3928	 0.392	0.3875	0.7456	 0.708	0.9723	0.9693	 | 0.5131 mean
                     	 0.727	0.7227	0.8355	0.8007	 1.041	  1.01	0.9516	0.9912	 1.836	 1.734	 2.447	 2.433	 | 1.561 quantile
                      	 2.106	 2.161	 2.135	 3.047	 3.071	 2.354	 1.806	 2.683	 2.985	 2.951	 3.684	 3.968	 | 3.968 max

train losses     88:	0.3276	0.3335	0.3323	0.3325	0.3521	0.3472	0.3537	0.3699	0.4683	0.4636	0.5977	0.5983	
val losses       88:	 0.266	0.2715	0.3303	0.3114	0.4276	0.3892	0.3913	0.3876	0.7687	0.7408	0.9882	0.9874	 | 0.5217 mean
                     	0.7423	0.7376	0.8323	0.7989	  1.06	 1.001	0.9458	0.9833	 1.886	 1.786	 2.584	 2.551	 | 1.625 quantile
                      	 2.181	 2.076	 2.136	 3.028	 3.183	 2.455	 1.777	 2.665	 3.137	 3.138	 3.924	 3.916	 | 3.924 max

train losses     90:	0.3263	0.3338	 0.331	 0.331	0.3483	0.3473	0.3512	0.3657	0.4661	0.4638	0.7233	0.7215	
val losses       90:	0.2677	0.2748	0.3302	0.3116	0.4243	0.3857	0.3931	0.3891	0.7592	0.7199	 1.005	 1.001	 | 0.5218 mean
                     	0.7463	0.7432	0.8317	0.7976	 1.045	0.9976	0.9445	0.9918	 1.881	 1.783	   2.6	 2.553	 | 1.628 quantile
                      	 2.157	 2.278	 2.128	 3.046	 3.161	 2.446	 1.707	 2.671	 2.945	 2.978	 4.096	  4.42	 | 4.42 max

train losses     92:	0.3319	0.3366	0.3316	0.3305	0.3567	0.3518	0.3545	0.3695	0.4855	0.4874	0.8618	0.8585	
val losses       92:	0.2738	0.2827	0.3305	0.3109	0.4452	0.3974	0.3924	0.3884	 0.764	0.7193	 1.096	 1.076	 | 0.5397 mean
                     	0.7479	0.7643	0.8339	0.8024	 1.118	 1.035	0.9606	0.9827	  1.89	 1.718	 2.798	 2.744	 | 1.715 quantile
                      	 2.279	 1.967	  2.16	 3.139	  3.43	 2.515	 1.919	  2.86	  2.85	  2.89	 4.442	 4.406	 | 4.442 max

train losses     94:	0.3348	0.3424	0.3323	0.3308	0.3643	0.3631	0.3685	0.3829	0.5082	0.5138	0.8372	0.8389	
val losses       94:	0.2828	0.3001	0.3331	 0.314	0.4695	0.4224	0.4064	0.4009	0.7754	0.7536	 1.158	 1.139	 | 0.5629 mean
                     	0.7809	0.8104	0.8404	0.8123	 1.169	 1.122	 0.989	 1.009	 1.997	 1.909	 2.861	 2.797	 | 1.791 quantile
                      	 2.477	 2.534	 2.174	 2.948	 3.455	 2.684	 1.625	 2.422	 2.945	  2.96	 3.937	 3.905	 | 3.937 max

train losses     96:	0.3408	0.3447	0.3318	0.3305	0.3778	0.3794	0.3647	0.3804	0.5206	0.5209	0.7709	0.7718	
val losses       96:	0.2683	0.2727	0.3327	0.3136	0.4024	0.3824	0.4075	 0.401	0.7387	0.6809	 1.087	 1.069	 | 0.5297 mean
                     	0.7372	0.7283	0.8373	0.8116	 1.018	0.9911	0.9923	 1.012	 1.888	 1.686	 2.857	 2.803	 | 1.692 quantile
                      	 2.107	 2.127	 2.118	 3.088	 2.755	  2.09	 1.752	 2.652	 3.017	 2.758	 4.385	 4.167	 | 4.385 max

train losses     98:	0.3372	0.3428	0.3299	0.3295	0.3636	 0.363	0.3592	0.3756	0.5105	 0.509	 0.703	0.7059	
val losses       98:	0.2746	0.2821	0.3309	0.3112	0.4277	0.3895	0.3937	0.3894	0.8232	0.7988	 1.029	 1.017	 | 0.539 mean
                     	0.7597	0.7489	 0.835	0.8047	 1.065	 1.027	0.9588	0.9986	 1.993	 1.887	 2.663	 2.623	 | 1.736 quantile
                      	 2.047	 2.284	 2.126	 3.067	 3.315	 2.522	 1.727	 2.612	 3.081	 2.984	 4.235	 4.128	 | 4.235 max

train losses    100:	0.3271	0.3422	0.3299	0.3286	0.3545	0.3575	0.3509	0.3648	0.4894	0.4969	0.6312	0.6291	
val losses      100:	0.2748	0.2824	0.3314	0.3115	0.4251	0.3907	0.3919	0.3891	0.7751	0.7385	 1.034	 1.038	 | 0.5318 mean
                     	0.7558	0.7559	0.8318	0.8074	 1.036	 1.016	0.9434	0.9984	 1.877	 1.773	 2.576	 2.518	 | 1.671 quantile
                      	 1.979	 2.253	 2.104	 3.111	 3.195	  2.43	 1.792	 2.761	 2.907	 2.793	 4.084	 3.748	 | 4.084 max

train losses    102:	  0.33	0.3343	0.3291	0.3275	0.3497	0.3525	0.3465	  0.36	0.4714	0.4723	0.5476	0.5404	
val losses      102:	0.2655	0.2621	0.3314	0.3128	0.4077	0.3866	 0.392	0.3867	0.7376	0.7018	 1.035	 1.035	 | 0.5212 mean
                     	0.7263	0.7032	0.8411	0.8093	 1.018	 0.992	0.9282	0.9732	 1.811	 1.773	 2.476	 2.416	 | 1.617 quantile
                      	 1.962	 1.945	 2.139	  3.18	 2.913	 2.207	 1.765	 2.797	 2.838	 2.748	 3.883	 3.957	 | 3.957 max

train losses    104:	0.3282	0.3311	0.3272	0.3259	0.3473	0.3444	0.3399	0.3536	0.4641	0.4645	  0.52	 0.513	
val losses      104:	0.2664	0.2699	0.3304	0.3119	0.4068	0.3801	0.3892	 0.385	0.7468	0.7234	0.9906	0.9902	 | 0.5159 mean
                     	0.7226	 0.715	0.8311	0.8008	 1.009	  0.98	0.9368	0.9805	 1.843	 1.776	 2.524	 2.456	 | 1.6 quantile
                      	 1.969	 2.242	 2.143	 3.113	 3.153	 2.461	 1.704	 2.687	 2.928	 2.939	 4.076	 3.956	 | 4.076 max

train losses    106:	0.3202	0.3277	0.3266	0.3253	0.3415	0.3412	0.3358	0.3488	0.4593	0.4615	0.4891	0.4858	
val losses      106:	0.2631	0.2651	0.3303	0.3117	0.4015	 0.377	 0.387	0.3838	0.7457	0.7175	 0.987	0.9883	 | 0.5132 mean
                     	0.7207	0.7097	0.8372	0.7932	 1.018	0.9719	0.9347	0.9676	 1.823	 1.745	  2.54	 2.462	 | 1.58 quantile
                      	 1.981	 2.078	 2.146	 3.097	 3.044	 2.384	 1.721	 2.603	 3.001	 3.001	 4.005	 3.714	 | 4.005 max

train losses    108:	0.3191	0.3259	0.3264	0.3247	0.3367	0.3373	0.3288	0.3431	0.4541	0.4557	 0.479	0.4793	
val losses      108:	0.2629	0.2645	0.3305	0.3117	0.4051	 0.376	0.3874	0.3844	0.7603	 0.731	 0.985	 0.986	 | 0.5154 mean
                     	0.7228	  0.71	0.8363	0.7967	 1.024	0.9798	0.9333	0.9664	 1.853	 1.793	 2.498	 2.413	 | 1.594 quantile
                      	 1.985	 2.036	 2.152	 3.111	 2.939	 2.251	  1.75	 2.645	  3.07	 2.949	  3.92	 3.753	 | 3.92 max

train losses    110:	0.3171	 0.322	0.3247	0.3227	0.3321	0.3309	 0.329	0.3406	0.4489	0.4477	0.4726	  0.47	
val losses      110:	0.2595	0.2614	0.3299	0.3119	0.3952	0.3725	0.3875	0.3844	0.7421	0.7141	0.9781	0.9777	 | 0.5095 mean
                     	0.7193	0.6875	0.8352	0.7952	 0.979	0.9691	0.9414	0.9795	 1.801	 1.763	 2.456	  2.38	 | 1.552 quantile
                      	 1.972	 2.001	 2.146	 3.133	 2.888	  2.17	 1.757	 2.747	 2.938	  2.99	 3.786	  3.85	 | 3.85 max

train losses    112:	0.3155	0.3211	 0.324	0.3217	0.3287	0.3288	0.3246	0.3359	0.4437	0.4459	0.4659	0.4654	
val losses      112:	0.2589	0.2613	0.3293	0.3103	0.3959	0.3716	0.3855	0.3816	0.7547	0.7264	0.9636	0.9618	 | 0.5084 mean
                     	0.7189	0.6846	0.8311	0.7922	0.9784	0.9667	0.9407	0.9769	 1.809	 1.763	 2.487	 2.401	 | 1.559 quantile
                      	 1.962	   2.0	 2.156	 3.105	 2.839	 2.126	  1.78	 2.673	 2.969	 3.057	 3.876	  3.89	 | 3.89 max

train losses    114:	0.3146	0.3204	0.3237	0.3212	0.3266	0.3265	0.3227	0.3355	0.4463	0.4425	0.4571	0.4609	
val losses      114:	0.2597	0.2599	0.3294	0.3105	0.3968	0.3691	0.3854	0.3822	0.7493	0.7146	0.9702	0.9692	 | 0.508 mean
                     	0.7187	0.6893	0.8316	0.7932	0.9762	0.9514	0.9363	 0.976	 1.817	 1.747	   2.5	 2.402	 | 1.564 quantile
                      	 2.001	 1.921	  2.18	 3.124	 2.936	 2.237	 1.794	 2.701	 3.115	 3.164	 3.901	 3.854	 | 3.901 max

train losses    116:	0.3138	0.3181	0.3234	0.3204	0.3254	0.3269	0.3206	 0.332	0.4557	0.4495	0.4582	0.4576	
val losses      116:	0.2592	0.2602	0.3289	0.3099	0.3963	0.3704	0.3834	0.3794	0.7612	0.7279	0.9769	0.9745	 | 0.5107 mean
                     	0.7183	0.6873	0.8304	0.7892	0.9856	0.9583	0.9306	0.9675	 1.839	 1.784	 2.486	 2.402	 | 1.583 quantile
                      	 2.038	 2.057	  2.17	 3.079	 2.936	 2.236	  1.77	 2.648	 3.249	  3.27	 3.928	 3.919	 | 3.928 max

train losses    118:	0.3106	 0.318	0.3225	0.3198	0.3225	0.3219	0.3175	0.3274	0.4585	0.4564	0.4523	0.4528	
val losses      118:	 0.258	 0.259	0.3287	0.3098	0.3896	0.3658	 0.383	0.3779	0.7683	0.7282	0.9734	0.9717	 | 0.5094 mean
                     	0.7092	0.6779	0.8296	0.7916	0.9678	0.9473	0.9232	0.9629	 1.812	 1.783	 2.544	 2.458	 | 1.59 quantile
                      	 2.008	 1.949	 2.173	   3.1	 2.919	 2.223	  1.81	 2.715	 3.263	 3.277	 4.005	 3.912	 | 4.005 max

train losses    120:	0.3097	0.3164	0.3215	0.3187	0.3194	0.3183	0.3148	0.3267	0.4553	0.4539	0.4452	 0.446	
val losses      120:	0.2597	0.2637	0.3285	0.3096	0.3971	0.3664	0.3799	0.3734	0.7723	0.7376	0.9748	0.9729	 | 0.5113 mean
                     	0.7154	0.6989	0.8309	0.7903	0.9899	0.9672	0.9256	0.9531	 1.854	 1.846	 2.571	 2.498	 | 1.617 quantile
                      	 2.017	  2.12	  2.16	 3.093	 2.991	   2.3	 1.843	 2.766	 3.193	  3.22	 3.911	 3.807	 | 3.911 max

train losses    122:	 0.308	0.3154	0.3212	0.3176	0.3189	0.3206	0.3125	0.3225	0.4532	0.4492	0.4367	0.4383	
val losses      122:	0.2594	0.2634	0.3286	0.3098	0.3935	0.3641	0.3796	0.3756	0.7747	0.7369	0.9785	0.9758	 | 0.5117 mean
                     	0.7138	0.6892	 0.827	 0.789	0.9842	0.9543	0.9256	0.9567	 1.863	 1.832	 2.532	 2.434	 | 1.607 quantile
                      	  2.07	 2.067	 2.171	 3.099	 2.965	  2.28	 1.917	 2.817	 3.052	 3.005	 3.826	 3.869	 | 3.869 max

train losses    124:	0.3082	0.3117	0.3213	0.3174	0.3187	0.3165	 0.309	0.3204	0.4704	0.4657	0.4297	0.4262	
val losses      124:	0.2577	0.2565	0.3281	0.3096	0.3875	0.3643	0.3801	0.3763	0.7839	  0.75	0.9681	0.9668	 | 0.5107 mean
                     	0.7089	0.6748	0.8318	0.7891	0.9809	0.9357	0.9282	0.9597	 1.925	 1.863	 2.527	 2.418	 | 1.598 quantile
                      	 2.001	 1.885	  2.17	 3.129	 2.839	 2.146	 1.846	 2.712	 3.186	 3.033	 3.868	 3.858	 | 3.868 max

train losses    126:	0.3078	0.3106	0.3206	0.3169	0.3223	0.3172	0.3091	0.3186	0.5121	0.5077	0.4327	0.4292	
val losses      126:	0.2605	0.2607	0.3279	0.3093	0.3894	0.3659	0.3808	0.3766	 0.798	0.7749	0.9584	0.9565	 | 0.5132 mean
                     	0.7146	0.6916	0.8284	0.7879	 0.995	  0.95	0.9298	0.9543	 1.956	 1.911	 2.504	 2.396	 | 1.604 quantile
                      	 2.013	 2.083	 2.167	  3.13	 2.848	 2.165	 1.782	 2.652	  3.21	 3.216	 3.876	 3.826	 | 3.876 max

train losses    128:	  0.31	0.3104	0.3208	0.3164	0.3267	 0.321	0.3079	0.3179	0.5671	0.5633	0.4394	 0.435	
val losses      128:	0.2606	0.2609	0.3274	0.3088	0.3963	0.3756	0.3783	0.3753	0.8655	0.8494	0.9587	0.9554	 | 0.526 mean
                     	0.7128	0.6954	0.8282	0.7872	  1.02	 0.958	0.9239	0.9499	 2.047	 2.033	 2.436	 2.339	 | 1.645 quantile
                      	 2.065	 1.994	  2.17	 3.089	 2.871	 2.206	 1.829	 2.642	 3.293	 3.324	 3.782	  3.92	 | 3.92 max

train losses    130:	0.3108	0.3133	0.3198	0.3162	0.3378	  0.34	0.3136	0.3243	0.5505	 0.544	0.4437	0.4414	
val losses      130:	0.2614	0.2558	0.3278	0.3097	0.3967	0.3815	0.3786	0.3772	0.8564	0.8402	0.9534	0.9541	 | 0.5244 mean
                     	0.7049	0.6691	0.8307	0.7905	0.9944	0.9426	 0.942	0.9466	 2.001	 2.038	 2.424	 2.305	 | 1.622 quantile
                      	  1.98	 1.794	 2.215	  3.14	 2.788	  2.13	 1.915	 2.711	 3.271	 3.145	 3.736	 3.998	 | 3.998 max

train losses    132:	0.3141	0.3157	0.3205	0.3164	0.3294	0.3292	 0.313	0.3228	0.5065	0.5072	0.4492	0.4483	
val losses      132:	0.2625	 0.258	0.3285	0.3115	0.4054	0.3768	 0.385	0.3832	0.8719	0.8554	0.9447	0.9472	 | 0.5275 mean
                     	0.7095	0.6824	0.8325	0.7937	 1.002	0.9722	0.9396	0.9469	 1.976	 2.026	 2.415	 2.354	 | 1.637 quantile
                      	 1.943	 2.088	  2.12	 3.161	 2.774	 2.117	 1.998	 2.836	 3.174	 3.107	 3.723	 3.777	 | 3.777 max

train losses    134:	0.3101	0.3206	0.3206	0.3169	0.3243	0.3262	0.3207	0.3299	0.4956	0.4973	0.4655	0.4658	
val losses      134:	0.2623	0.2573	0.3278	0.3087	 0.389	0.3655	0.3834	0.3793	0.8433	 0.823	0.9423	0.9443	 | 0.5189 mean
                     	0.7165	0.6784	0.8297	0.7885	0.9712	0.9599	0.9502	0.9734	 1.952	 1.993	 2.432	 2.381	 | 1.608 quantile
                      	 2.025	 1.937	 2.207	 3.073	  2.72	 2.069	 1.812	 2.655	 3.187	 2.912	  3.69	 3.787	 | 3.787 max

train losses    136:	0.3108	0.3196	0.3208	0.3164	0.3179	0.3234	0.3147	0.3218	 0.505	0.4962	0.4913	0.4979	
val losses      136:	0.2678	0.2652	0.3279	 0.309	0.3966	0.3649	 0.383	0.3785	0.8492	0.8245	0.9498	0.9445	 | 0.5217 mean
                     	0.7264	0.7072	0.8299	0.7873	 1.002	 0.942	0.9254	0.9425	 1.941	 1.967	 2.485	 2.398	 | 1.627 quantile
                      	 2.078	 2.032	 2.188	 3.099	 2.743	 2.063	 1.722	 2.578	 3.102	 2.954	  3.66	 3.685	 | 3.685 max

train losses    138:	0.3103	0.3187	0.3187	0.3147	0.3189	0.3216	0.3144	 0.324	0.4916	0.4867	0.5682	0.5735	
val losses      138:	0.2666	0.2625	0.3283	0.3094	 0.384	0.3634	0.3794	0.3734	0.8438	0.8323	0.9833	0.9776	 | 0.5253 mean
                     	0.7211	0.6951	0.8277	0.7845	0.9797	0.9498	0.9244	0.9298	 1.994	 2.016	 2.669	 2.626	 | 1.688 quantile
                      	 2.046	 2.214	  2.15	 3.018	 2.655	 1.946	 1.745	 2.621	 2.998	 2.991	  3.96	 4.203	 | 4.203 max

train losses    140:	0.3125	0.3154	0.3199	 0.315	0.3238	 0.324	0.3101	0.3198	0.4514	 0.447	0.6455	0.6469	
val losses      140:	0.2691	0.2646	0.3282	0.3088	  0.39	0.3645	0.3816	0.3768	0.7902	0.7591	 1.028	 1.012	 | 0.5227 mean
                     	0.7358	0.7068	0.8268	0.7876	0.9953	0.9529	0.9256	0.9478	 1.901	 1.877	  2.78	 2.721	 | 1.671 quantile
                      	 2.067	 1.927	 2.194	 3.142	 2.833	 2.109	 1.915	 2.886	 3.094	  2.94	 4.066	 4.294	 | 4.294 max

train losses    142:	0.3135	0.3134	0.3187	0.3137	0.3197	0.3182	0.3089	0.3186	0.4473	0.4405	0.6188	0.6208	
val losses      142:	0.2688	0.2673	0.3278	0.3083	0.3819	0.3565	0.3777	 0.374	0.7365	0.6998	 1.041	 1.027	 | 0.5139 mean
                     	0.7237	0.7013	0.8253	 0.791	  0.97	0.9203	0.9337	0.9433	 1.782	 1.725	  2.85	 2.837	 | 1.62 quantile
                      	 2.024	 2.097	 2.143	 3.088	 2.518	 1.811	  1.75	 2.688	 2.715	 2.694	  4.31	 4.571	 | 4.571 max

train losses    144:	0.3097	0.3169	0.3187	0.3141	0.3197	0.3234	0.3098	0.3175	0.4329	 0.435	0.5326	0.5371	
val losses      144:	0.2634	0.2566	0.3279	0.3076	0.3801	0.3591	 0.382	0.3794	0.7471	0.7131	0.9959	0.9903	 | 0.5085 mean
                     	0.7224	0.6721	0.8276	0.7912	0.9623	 0.902	 0.941	0.9649	 1.812	 1.756	 2.672	 2.602	 | 1.607 quantile
                      	 2.055	 1.811	 2.162	 3.208	 2.519	 1.864	  1.83	 2.857	 2.794	 2.716	 3.944	 4.243	 | 4.243 max

train losses    146:	0.3073	0.3157	0.3178	0.3127	0.3119	0.3146	0.3075	0.3174	0.4308	0.4322	0.5052	0.5052	
val losses      146:	0.2614	0.2598	0.3281	0.3084	0.3762	0.3538	0.3834	0.3804	0.7738	0.7486	0.9886	0.9798	 | 0.5119 mean
                     	0.7064	0.6795	0.8313	0.7877	 0.961	0.9209	0.9404	0.9607	 1.884	 1.832	 2.666	 2.596	 | 1.626 quantile
                      	 2.009	 1.919	 2.141	 3.107	 2.608	 1.964	 1.838	 2.612	 3.081	 3.157	  4.18	 4.122	 | 4.18 max

train losses    148:	0.3062	0.3093	0.3167	0.3114	0.3111	0.3118	 0.299	0.3067	0.4209	0.4199	0.4808	0.4816	
val losses      148:	0.2623	 0.261	0.3278	0.3066	0.3845	 0.361	0.3795	0.3748	0.7675	0.7405	0.9879	0.9832	 | 0.5114 mean
                     	0.7197	0.6958	 0.826	0.7854	0.9498	0.9628	0.9341	0.9469	  1.87	 1.845	 2.625	 2.526	 | 1.615 quantile
                      	 1.922	 2.081	 2.173	 3.145	 2.655	 2.034	 1.866	 2.782	 2.999	 3.015	 4.008	  4.11	 | 4.11 max

train losses    150:	0.3069	0.3082	0.3159	 0.311	0.3096	0.3075	0.2939	0.3016	0.4214	0.4142	0.4479	0.4457	
val losses      150:	 0.259	0.2499	0.3277	 0.307	0.3722	  0.35	0.3785	0.3764	0.7482	0.7211	0.9632	0.9631	 | 0.5014 mean
                     	 0.699	0.6555	0.8254	0.7862	0.9234	0.8904	0.9355	0.9595	  1.81	 1.746	 2.412	 2.315	 | 1.541 quantile
                      	 2.047	 1.888	  2.16	  3.11	 2.487	 1.839	 1.936	 2.778	  2.81	 2.838	 3.911	 3.738	 | 3.911 max

train losses    152:	0.3039	0.3057	0.3156	  0.31	0.3072	0.3051	0.2915	0.2985	0.4204	0.4109	 0.427	0.4219	
val losses      152:	0.2582	0.2544	0.3273	0.3072	0.3785	0.3517	 0.377	0.3744	0.7642	0.7381	0.9703	0.9658	 | 0.5056 mean
                     	0.7016	0.6711	0.8259	0.7858	0.9476	0.9036	0.9294	0.9514	 1.846	 1.798	  2.44	 2.308	 | 1.562 quantile
                      	  1.91	 1.967	 2.175	 3.081	 2.513	 1.895	 1.896	 2.805	 2.923	 2.879	  3.72	 3.742	 | 3.742 max

train losses    154:	0.3001	0.3053	0.3147	0.3098	0.3023	0.3057	0.2905	0.2978	0.4143	0.4105	0.4148	0.4147	
val losses      154:	0.2563	0.2506	0.3273	0.3073	0.3682	0.3499	0.3797	0.3769	  0.74	0.7032	 0.958	0.9554	 | 0.4977 mean
                     	0.6969	0.6649	0.8248	0.7856	0.9304	0.8958	0.9394	0.9608	 1.801	 1.728	  2.45	 2.347	 | 1.53 quantile
                      	 1.996	  1.99	 2.196	 3.119	 2.506	 1.866	 1.909	 2.777	 2.918	 2.979	 3.819	 3.759	 | 3.819 max

train losses    156:	0.2988	0.3049	0.3139	0.3086	0.3019	 0.303	0.2864	0.2938	0.4082	0.4086	0.4033	0.4039	
val losses      156:	0.2554	0.2536	0.3273	0.3075	0.3734	0.3522	0.3768	0.3729	0.7529	0.7232	0.9618	0.9595	 | 0.5014 mean
                     	0.6943	0.6688	0.8236	0.7865	0.9314	0.9146	0.9303	0.9484	 1.835	 1.785	 2.432	 2.326	 | 1.548 quantile
                      	 1.987	 1.866	  2.18	 3.136	 2.643	 1.962	 1.972	 2.781	 3.045	 3.102	 3.892	 3.844	 | 3.892 max

train losses    158:	0.2963	0.3046	0.3135	0.3078	0.2995	 0.301	 0.283	0.2892	0.4042	0.4037	0.4008	0.3989	
val losses      158:	0.2556	0.2571	0.3268	0.3067	0.3785	0.3516	0.3742	0.3707	0.7596	 0.729	0.9523	 0.949	 | 0.5009 mean
                     	0.6972	0.6776	0.8236	0.7841	0.9455	 0.924	0.9282	0.9425	 1.841	 1.795	 2.462	 2.367	 | 1.569 quantile
                      	 2.004	 1.974	 2.187	 3.196	 2.668	 1.981	 2.014	 2.863	 3.058	 3.057	  3.95	 3.846	 | 3.95 max

train losses    160:	0.2978	0.3013	 0.313	0.3078	0.2994	0.2976	0.2825	0.2886	0.4089	0.4013	0.3987	0.3953	
val losses      160:	0.2548	0.2541	0.3268	0.3067	0.3749	0.3473	0.3762	0.3729	  0.76	0.7286	0.9524	0.9473	 | 0.5002 mean
                     	0.6949	0.6663	0.8227	 0.782	0.9324	0.9153	0.9251	0.9539	  1.84	 1.795	 2.478	 2.378	 | 1.57 quantile
                      	 1.997	  1.92	 2.183	 3.126	 2.621	 1.973	 1.916	 2.773	 2.982	 3.014	  3.91	 3.837	 | 3.91 max

train losses    162:	0.2964	0.3006	0.3131	0.3067	0.2964	0.2978	0.2813	0.2859	0.4035	0.4048	 0.393	0.3901	
val losses      162:	0.2555	0.2526	0.3266	0.3061	0.3729	0.3473	 0.375	0.3724	0.7591	0.7265	0.9605	0.9544	 | 0.5007 mean
                     	 0.692	0.6615	 0.822	0.7816	0.9354	0.9185	0.9258	0.9492	 1.844	 1.807	 2.474	 2.386	 | 1.563 quantile
                      	 2.037	 1.947	 2.191	 3.113	 2.642	 1.984	 1.869	 2.851	  2.95	 2.987	 3.808	 3.816	 | 3.816 max

train losses    164:	0.2971	0.2981	 0.312	0.3063	0.2973	0.2974	0.2778	0.2836	0.4021	0.3992	0.3926	0.3909	
val losses      164:	0.2546	0.2485	0.3262	0.3059	0.3643	0.3444	0.3759	0.3723	0.7533	0.7169	0.9577	0.9537	 | 0.4978 mean
                     	0.6925	0.6504	0.8224	0.7869	0.9268	0.8959	0.9247	0.9464	  1.81	 1.792	 2.437	 2.337	 | 1.55 quantile
                      	 2.016	  1.93	 2.179	 3.118	 2.558	  1.91	 1.879	 2.793	 2.835	 2.857	  3.76	 3.861	 | 3.861 max

train losses    166:	0.2946	0.2961	0.3118	0.3056	0.2962	0.2939	0.2769	0.2821	0.4022	0.4003	0.3913	0.3892	
val losses      166:	0.2564	0.2519	0.3256	0.3051	0.3764	0.3486	0.3737	0.3693	 0.765	0.7428	0.9575	 0.953	 | 0.5021 mean
                     	0.7012	0.6582	 0.823	0.7841	0.9426	0.9188	0.9215	0.9313	 1.875	 1.824	 2.457	 2.352	 | 1.57 quantile
                      	 1.974	 2.006	 2.192	 3.102	 2.618	 2.016	  1.86	 2.737	 2.972	 2.996	 3.739	 3.811	 | 3.811 max

train losses    168:	0.2962	0.2958	0.3115	 0.306	0.2951	0.2957	0.2747	0.2808	0.4025	0.3995	  0.39	0.3889	
val losses      168:	 0.254	0.2485	0.3258	0.3052	0.3721	 0.346	 0.374	0.3694	0.7535	0.7233	 0.951	0.9476	 | 0.4975 mean
                     	0.6834	0.6533	0.8236	0.7812	0.9243	0.9092	0.9266	0.9394	 1.795	 1.773	 2.473	 2.365	 | 1.55 quantile
                      	 2.051	 1.901	 2.184	 3.117	 2.611	 1.958	 1.892	 2.797	 2.974	  2.96	 3.727	  3.74	 | 3.74 max

train losses    170:	0.2944	 0.299	0.3112	0.3054	0.2974	0.2965	 0.273	0.2796	 0.405	0.4011	0.3936	0.3916	
val losses      170:	0.2533	 0.249	0.3259	0.3051	0.3668	0.3476	0.3761	0.3717	0.7527	0.7218	0.9507	 0.947	 | 0.4973 mean
                     	0.6926	0.6503	0.8214	0.7825	0.9315	0.9116	0.9259	0.9387	  1.81	 1.791	 2.454	 2.352	 | 1.555 quantile
                      	 2.009	 1.861	 2.184	  3.12	 2.606	 1.938	 1.896	 2.776	 2.925	 2.963	 3.689	 3.738	 | 3.738 max

train losses    172:	0.2933	0.2947	0.3109	0.3048	0.2953	0.2949	0.2714	0.2781	0.4087	0.4079	0.4056	0.4036	
val losses      172:	0.2566	0.2535	0.3259	 0.305	0.3732	0.3501	 0.375	0.3718	0.7637	 0.736	0.9483	0.9436	 | 0.5002 mean
                     	0.6987	0.6685	0.8226	0.7829	 0.936	0.9094	0.9298	0.9414	 1.844	 1.812	 2.444	 2.351	 | 1.565 quantile
                      	   2.0	 1.903	 2.193	 3.131	 2.652	 1.982	 1.913	 2.788	 3.028	 3.064	 3.659	 3.749	 | 3.749 max

train losses    174:	 0.293	0.2962	0.3113	0.3047	0.2943	0.2954	0.2707	0.2764	0.4181	0.4196	0.4245	0.4223	
val losses      174:	0.2536	0.2493	0.3258	0.3054	0.3697	0.3446	0.3753	0.3724	 0.768	0.7404	0.9523	 0.949	 | 0.5005 mean
                     	0.6984	0.6486	0.8214	0.7805	0.9372	0.9056	0.9323	0.9512	 1.846	 1.812	 2.486	 2.399	 | 1.571 quantile
                      	 1.958	 1.935	 2.207	 3.102	 2.651	 1.971	  1.89	 2.749	 2.969	 3.012	 3.837	 3.821	 | 3.837 max

train losses    176:	0.2912	0.2973	0.3105	 0.304	0.2953	0.2937	  0.27	0.2757	 0.425	0.4278	0.4339	0.4338	
val losses      176:	0.2543	0.2484	0.3258	0.3052	0.3636	0.3379	0.3743	0.3713	0.7557	0.7232	0.9583	0.9542	 | 0.4977 mean
                     	0.6894	0.6575	0.8246	0.7803	0.9081	0.8971	0.9362	0.9513	 1.804	 1.769	 2.508	 2.414	 | 1.569 quantile
                      	 2.014	 1.767	 2.203	 3.134	 2.553	 1.862	 1.911	 2.848	 2.985	 3.019	 3.865	 3.857	 | 3.865 max

train losses    178:	 0.292	0.2972	0.3099	 0.303	0.2936	0.2913	0.2708	0.2758	0.4272	0.4308	0.4504	 0.453	
val losses      178:	0.2563	0.2555	0.3253	0.3049	0.3752	0.3449	0.3729	0.3684	 0.775	0.7497	0.9752	0.9704	 | 0.5061 mean
                     	0.7039	0.6672	0.8201	0.7789	0.9366	0.9205	0.9228	0.9348	 1.884	 1.822	 2.516	 2.418	 | 1.608 quantile
                      	 2.037	 1.818	 2.193	  3.11	 2.575	 1.954	 1.813	 2.821	 3.109	 3.138	 3.762	 3.706	 | 3.762 max

train losses    180:	0.2917	0.2973	0.3098	0.3037	0.2897	0.2931	0.2702	0.2772	0.4214	0.4235	0.4336	 0.436	
val losses      180:	0.2554	0.2539	0.3254	0.3047	0.3683	0.3455	 0.371	 0.366	0.7734	0.7479	0.9756	0.9714	 | 0.5049 mean
                     	0.6977	0.6655	0.8196	 0.783	0.9177	0.9183	0.9145	0.9378	 1.916	 1.855	 2.531	 2.443	 | 1.611 quantile
                      	 2.072	 1.818	 2.216	 3.142	 2.526	 1.951	 1.883	 2.821	 3.109	 3.136	 3.912	 3.744	 | 3.912 max

train losses    182:	0.2935	0.2949	  0.31	0.3028	0.2893	 0.291	0.2681	0.2734	0.4081	0.4076	0.4062	 0.403	
val losses      182:	 0.252	 0.245	0.3255	0.3046	0.3533	 0.339	0.3722	0.3667	0.7587	0.7318	0.9689	0.9645	 | 0.4985 mean
                     	0.6829	0.6434	0.8244	 0.781	0.8985	0.8683	 0.919	0.9448	 1.887	 1.849	 2.499	 2.391	 | 1.58 quantile
                      	 2.044	 1.798	 2.203	 3.134	 2.312	 1.756	 1.999	 2.862	 2.988	 3.011	 3.864	 3.803	 | 3.864 max

train losses    184:	0.2928	0.2947	0.3085	0.3016	0.2902	0.2896	0.2668	0.2728	 0.403	0.4036	0.3866	0.3856	
val losses      184:	0.2541	0.2453	0.3252	0.3039	0.3584	0.3375	0.3734	0.3696	0.7689	0.7457	0.9601	0.9551	 | 0.4998 mean
                     	0.6944	 0.646	0.8192	0.7796	0.9058	0.8834	0.9208	0.9443	 1.899	 1.852	 2.468	 2.339	 | 1.585 quantile
                      	 2.009	 1.951	 2.186	 3.132	 2.458	 1.837	 1.992	 2.867	  2.96	 2.998	 3.708	 3.703	 | 3.708 max

train losses    186:	0.2928	0.2943	0.3083	0.3014	0.2916	 0.291	0.2659	0.2714	0.4026	0.3995	0.3879	0.3859	
val losses      186:	0.2531	0.2451	 0.325	0.3036	0.3631	0.3369	0.3735	0.3697	0.7524	0.7238	0.9522	0.9492	 | 0.4956 mean
                     	0.6824	0.6408	0.8189	0.7778	 0.907	0.8755	  0.92	0.9384	 1.821	 1.777	 2.489	 2.374	 | 1.558 quantile
                      	  2.07	 1.688	  2.19	 3.069	 2.423	 1.778	 1.887	 2.747	 3.008	 3.037	 3.775	 3.753	 | 3.775 max

train losses    188:	0.2923	0.2893	0.3073	0.3006	0.2906	0.2901	 0.265	0.2698	0.3942	0.3954	0.3857	0.3837	
val losses      188:	0.2527	0.2458	0.3249	0.3033	0.3698	0.3428	0.3725	0.3697	 0.756	0.7261	0.9488	0.9459	 | 0.4965 mean
                     	0.6893	0.6491	0.8213	0.7787	0.9206	0.8997	0.9256	 0.951	 1.817	 1.763	 2.483	 2.367	 | 1.548 quantile
                      	 2.011	 1.967	 2.199	 3.118	 2.425	 1.748	 1.981	 2.926	 2.934	 2.977	 3.715	 3.715	 | 3.715 max

train losses    190:	0.2893	0.2904	0.3072	0.2997	0.2885	0.2893	0.2624	0.2674	0.3925	0.3889	0.3834	0.3813	
val losses      190:	0.2532	0.2473	0.3248	0.3036	0.3647	0.3423	0.3739	0.3703	0.7574	 0.731	0.9494	 0.945	 | 0.4969 mean
                     	0.6913	0.6523	0.8204	0.7797	0.9033	0.8969	 0.923	0.9448	 1.848	 1.793	 2.459	 2.361	 | 1.556 quantile
                      	 1.993	 1.791	 2.206	 3.098	 2.451	 1.812	 1.978	 2.864	 2.968	 3.039	 3.699	 3.859	 | 3.859 max

train losses    192:	0.2862	0.2927	0.3065	0.2995	0.2869	0.2878	0.2612	0.2652	0.3896	0.3876	0.3855	0.3812	
val losses      192:	0.2511	 0.246	0.3246	0.3036	0.3625	0.3387	0.3732	0.3689	0.7532	0.7191	 0.959	0.9539	 | 0.4961 mean
                     	0.6851	0.6492	0.8197	0.7815	0.9012	  0.89	0.9175	0.9323	 1.818	 1.778	 2.507	 2.351	 | 1.563 quantile
                      	  2.09	 1.849	 2.207	 3.137	 2.512	 1.847	 1.967	 2.849	 2.841	 2.927	 3.653	 3.792	 | 3.792 max

train losses    194:	0.2879	0.2909	0.3069	0.2994	0.2885	0.2855	0.2599	0.2644	0.3913	0.3903	0.3855	0.3823	
val losses      194:	0.2518	0.2448	0.3247	0.3029	0.3628	0.3379	0.3713	0.3669	  0.76	 0.728	0.9567	0.9508	 | 0.4966 mean
                     	0.6815	0.6476	 0.819	0.7777	0.9134	0.8908	0.9194	0.9311	 1.822	 1.807	 2.498	 2.361	 | 1.567 quantile
                      	 2.038	 1.658	 2.217	 3.114	  2.53	 1.886	 1.904	 2.856	 2.781	 2.857	 3.771	 3.766	 | 3.771 max

train losses    196:	0.2866	0.2882	0.3058	0.2989	0.2878	0.2876	0.2582	0.2627	0.3916	0.3906	0.3893	0.3868	
val losses      196:	0.2528	0.2454	0.3242	0.3021	0.3646	0.3402	  0.37	0.3663	0.7646	0.7361	0.9626	0.9543	 | 0.4986 mean
                     	0.6882	0.6468	0.8198	0.7762	0.9237	0.8965	0.9256	 0.932	 1.844	 1.811	 2.456	 2.316	 | 1.56 quantile
                      	 2.043	 1.768	 2.235	 3.111	 2.454	 1.821	 1.926	 2.865	 2.931	 3.004	 3.747	 3.816	 | 3.816 max

train losses    198:	0.2874	0.2895	0.3056	0.2981	0.2879	0.2859	0.2572	0.2639	0.3954	0.3942	  0.39	0.3864	
val losses      198:	0.2523	0.2436	 0.324	0.3018	0.3612	0.3361	0.3707	0.3665	0.7566	0.7241	0.9493	0.9445	 | 0.4942 mean
                     	 0.684	0.6395	0.8185	0.7747	0.9057	0.8909	0.9266	0.9382	 1.834	 1.776	 2.435	 2.293	 | 1.545 quantile
                      	 2.068	 1.743	 2.225	 3.113	 2.463	  1.84	 1.898	 2.794	 2.969	 3.035	 3.636	 3.779	 | 3.779 max

train losses    200:	0.2863	0.2912	0.3053	0.2976	0.2851	 0.286	0.2542	0.2584	0.4004	0.3974	0.3962	0.3942	
val losses      200:	0.2521	0.2478	 0.324	0.3019	0.3659	0.3388	0.3689	0.3641	0.7778	0.7519	0.9545	0.9481	 | 0.4996 mean
                     	0.6865	0.6529	0.8154	0.7732	0.9176	0.8945	0.9191	0.9308	 1.895	 1.875	 2.399	 2.283	 | 1.561 quantile
                      	 2.001	 1.827	   2.2	 3.076	 2.492	 1.901	 1.884	 2.891	 2.973	 3.014	 3.775	 3.831	 | 3.831 max

train losses    202:	0.2858	0.2907	0.3049	0.2974	0.2846	0.2844	0.2549	0.2599	0.4066	0.4028	0.4037	0.4004	
val losses      202:	0.2499	0.2453	0.3238	0.3012	0.3582	0.3359	 0.368	0.3644	0.7514	0.7225	0.9442	0.9376	 | 0.4919 mean
                     	 0.675	0.6397	0.8124	0.7727	0.9015	0.8859	0.9147	0.9274	 1.853	 1.813	 2.416	 2.283	 | 1.529 quantile
                      	 2.035	 1.856	 2.197	 3.097	  2.42	 1.874	 1.997	 3.006	 3.095	 3.107	 3.653	 3.722	 | 3.722 max

train losses    204:	0.2875	0.2874	0.3038	0.2964	0.2839	0.2854	0.2547	0.2595	0.4041	0.4004	0.4078	0.4046	
val losses      204:	0.2491	0.2433	0.3236	0.3012	0.3662	0.3379	0.3711	0.3657	0.7769	0.7509	0.9465	0.9385	 | 0.4976 mean
                     	0.6768	0.6396	0.8136	0.7744	0.9179	0.8992	0.9234	0.9179	 1.881	 1.835	  2.39	 2.247	 | 1.548 quantile
                      	 2.046	 1.662	 2.216	 3.087	 2.459	 1.874	 1.994	 2.922	 3.067	 3.072	 3.637	 3.789	 | 3.789 max

train losses    206:	0.2868	0.2884	0.3037	0.2964	0.2862	 0.287	0.2542	0.2589	0.4046	0.3972	0.4012	0.3999	
val losses      206:	0.2503	0.2442	0.3235	0.3009	0.3614	0.3335	0.3703	0.3662	0.7543	0.7273	0.9461	0.9405	 | 0.4932 mean
                     	0.6843	0.6404	0.8104	0.7737	 0.916	0.8852	0.9272	0.9366	 1.855	 1.787	 2.395	 2.272	 | 1.526 quantile
                      	 2.064	 1.896	 2.199	  3.11	 2.451	 1.764	  2.01	 2.942	 3.026	 3.029	 3.569	 3.685	 | 3.685 max

train losses    208:	0.2873	0.2865	0.3039	0.2959	0.2871	0.2855	0.2544	0.2578	0.4012	0.3956	0.3925	0.3904	
val losses      208:	0.2515	0.2483	0.3232	 0.301	0.3657	0.3401	0.3701	0.3649	0.7657	0.7424	0.9431	0.9362	 | 0.496 mean
                     	0.6894	0.6514	0.8156	0.7755	 0.917	0.9025	0.9151	 0.932	 1.897	 1.837	 2.407	  2.29	 | 1.551 quantile
                      	 1.979	   1.9	 2.192	 3.066	 2.534	 1.866	 1.969	 2.896	 3.082	 3.091	 3.583	 3.662	 | 3.662 max

train losses    210:	 0.287	0.2863	0.3032	0.2955	0.2835	0.2858	0.2519	0.2566	0.4028	0.3998	0.3941	0.3908	
val losses      210:	0.2527	0.2474	0.3236	0.3007	0.3591	0.3353	0.3736	0.3679	0.7564	0.7353	0.9335	0.9246	 | 0.4925 mean
                     	0.6819	  0.65	0.8119	0.7743	0.8901	0.8762	 0.931	 0.947	 1.872	 1.831	 2.424	  2.28	 | 1.538 quantile
                      	   2.0	 1.793	 2.198	 3.093	 2.484	   1.9	 1.952	 2.818	 3.125	 3.099	 3.696	 3.863	 | 3.863 max

train losses    212:	0.2854	0.2861	0.3029	0.2953	0.2818	0.2852	0.2529	0.2578	0.4281	0.4215	0.4167	0.4143	
val losses      212:	0.2528	0.2447	 0.323	0.3001	 0.364	0.3376	0.3735	0.3692	0.7699	 0.747	0.9326	0.9246	 | 0.4949 mean
                     	0.6893	0.6457	0.8112	0.7716	0.8943	0.8808	0.9365	0.9471	 1.896	 1.849	 2.467	 2.358	 | 1.55 quantile
                      	 2.072	 1.805	 2.197	 3.094	 2.443	 1.883	 1.925	 2.835	 3.194	 3.133	 3.975	 4.169	 | 4.169 max

train losses    214:	0.2869	0.2858	0.3027	 0.295	0.2863	0.2878	0.2531	0.2581	0.4587	0.4503	0.4523	0.4492	
val losses      214:	0.2526	0.2457	0.3231	0.3004	0.3677	0.3403	 0.378	0.3735	 0.786	0.7758	0.9369	0.9254	 | 0.5004 mean
                     	0.6903	0.6458	0.8121	0.7755	0.9104	0.8896	 0.933	0.9427	 1.954	 1.911	 2.444	 2.358	 | 1.568 quantile
                      	  1.98	 1.673	 2.211	 3.097	 2.485	 1.868	 1.887	 2.796	 3.372	 3.343	 3.993	 4.153	 | 4.153 max

train losses    216:	0.2873	 0.287	0.3044	0.2952	0.2889	0.2922	0.2607	0.2635	0.4971	0.4872	0.4755	0.4774	
val losses      216:	0.2529	 0.242	0.3228	0.3005	0.3661	0.3414	0.3748	0.3725	 0.803	0.7873	0.9469	0.9378	 | 0.504 mean
                     	0.6891	0.6334	0.8116	0.7765	0.9164	0.8841	0.9317	0.9341	 1.946	 1.952	 2.516	 2.415	 | 1.588 quantile
                      	 2.033	  1.72	 2.223	 3.151	 2.528	  1.81	 1.943	 2.798	  3.27	 3.274	 4.137	 4.276	 | 4.276 max

train losses    218:	0.2969	 0.306	0.3062	0.2985	0.3013	0.3101	0.2766	0.2802	0.7232	0.7089	0.6084	0.6216	
val losses      218:	0.2675	0.2723	0.3248	0.3028	0.4266	0.3969	0.3803	0.3729	  1.09	 1.052	 1.035	 1.034	 | 0.5797 mean
                     	0.7382	0.7315	0.8194	0.7821	 1.082	 1.084	0.9389	0.9338	 2.792	 2.849	 2.819	 2.719	 | 1.919 quantile
                      	 2.025	 1.961	 2.254	 3.093	 2.876	 2.371	 2.094	 2.856	 4.159	 4.348	 4.709	 4.799	 | 4.799 max

train losses    220:	0.3835	0.3924	0.3303	0.3239	0.4112	0.4107	0.3654	0.3713	0.9944	  1.03	0.7874	0.8016	
val losses      220:	0.3438	0.3625	0.3319	0.3131	0.5926	0.5797	0.3995	0.3947	 1.654	 1.648	 1.389	 1.402	 | 0.7842 mean
                     	0.9581	0.9943	0.8332	0.8047	 1.589	 1.638	 1.002	 1.004	 4.075	 3.975	  3.36	 3.326	 | 2.731 quantile
                      	 2.813	 2.632	 2.308	 3.078	 3.692	 3.011	 1.843	 2.534	   6.1	 5.556	 6.785	 6.718	 | 6.785 max

train losses    222:	0.4004	0.4288	0.3374	0.3312	0.4768	0.4936	 0.401	0.4082	 1.164	 1.179	 1.198	 1.154	
val losses      222:	0.4223	0.4599	0.3401	0.3207	0.7682	0.7849	0.4507	0.4467	 1.949	 2.031	 1.228	 1.218	 | 0.8683 mean
                     	 1.186	  1.31	0.8516	0.8297	 2.178	  2.18	 1.152	 1.166	 5.205	 5.554	 3.052	 3.003	 | 2.977 quantile
                      	 3.889	 3.684	 2.184	  2.95	 4.097	 4.389	 1.978	 2.368	  8.83	  8.75	  5.82	 5.551	 | 8.83 max

train losses    224:	0.5035	0.5077	0.3367	0.3332	0.5447	0.5747	0.4527	0.4609	0.9648	0.9662	 1.126	  1.11	
val losses      224:	0.4899	0.5096	0.3404	0.3215	0.7313	0.7181	0.4752	0.4693	 1.536	 1.601	 1.385	 1.311	 | 0.824 mean
                     	 1.402	 1.481	0.8474	0.8269	 2.151	 2.134	 1.214	 1.228	  4.03	 4.243	 3.277	 2.979	 | 2.684 quantile
                      	 4.056	  4.22	 2.261	  2.79	 6.119	 4.892	 2.168	 2.275	 7.442	 7.664	 5.851	 5.627	 | 7.664 max

train losses    226:	0.4487	0.4598	 0.335	0.3335	0.5311	0.5544	0.4319	0.4404	0.9103	0.8962	 1.135	 1.105	
val losses      226:	0.4219	0.4679	0.3414	0.3247	0.7402	 0.732	0.4756	0.4717	 1.322	 1.338	 1.312	 1.226	 | 0.7644 mean
                     	 1.176	 1.334	0.8525	0.8376	 2.048	 2.031	 1.205	 1.219	 3.238	 3.285	 3.148	 2.909	 | 2.413 quantile
                      	 3.352	 3.501	 2.236	 2.646	  6.47	 5.368	 2.497	 2.358	 5.042	 5.205	 4.951	 4.716	 | 6.47 max

train losses    228:	0.4219	0.4368	0.3351	0.3354	0.4849	0.4973	0.4267	0.4432	 0.825	0.8355	0.9964	0.9933	
val losses      228:	0.3674	0.4008	0.3385	0.3214	0.6141	0.5971	0.4516	0.4623	 1.014	 1.004	 1.209	  1.14	 | 0.66 mean
                     	 1.023	  1.13	 0.853	0.8276	 1.632	 1.653	 1.135	 1.167	 2.409	 2.403	 3.062	 2.922	 | 2.044 quantile
                      	 3.275	 2.979	 2.139	 2.971	 4.968	  4.06	 1.929	 2.426	 4.314	 4.079	 4.645	 4.517	 | 4.968 max

train losses    230:	0.4028	0.4146	0.3296	0.3249	0.4739	0.4872	0.4056	0.4143	0.7377	0.7607	0.8986	0.8765	
val losses      230:	0.3761	0.4055	0.3403	0.3218	0.5699	0.5614	0.4458	0.4458	 1.089	 1.109	 1.189	 1.085	 | 0.6616 mean
                     	 1.056	 1.135	 0.858	0.8398	  1.51	 1.542	 1.117	 1.144	 2.775	 2.775	 2.824	 2.565	 | 2.102 quantile
                      	 3.109	 2.818	 2.166	 3.343	 4.003	 3.022	 1.846	 2.499	 4.515	 4.904	  4.81	 3.784	 | 4.904 max

train losses    232:	0.3772	0.3883	0.3266	0.3226	0.4368	 0.441	0.3919	0.4025	0.6585	0.6538	0.7962	0.7845	
val losses      232:	0.3502	0.3811	0.3362	0.3168	0.5274	0.5131	0.4241	0.4245	0.8488	0.8429	 1.111	 1.047	 | 0.5936 mean
                     	 0.965	 1.029	0.8475	0.8281	 1.401	 1.395	 1.068	 1.103	  2.04	 1.982	 2.735	 2.631	 | 1.833 quantile
                      	 2.621	 2.281	 2.184	 3.241	 3.507	 2.787	  1.82	 2.551	  3.03	 2.871	 4.116	 4.306	 | 4.306 max

train losses    234:	0.3609	 0.375	0.3238	 0.319	0.4001	0.4104	0.3754	0.3832	0.6054	0.6073	 0.708	0.7066	
val losses      234:	0.3466	0.3718	0.3356	0.3159	0.5254	0.5007	0.4156	0.4147	0.8394	0.8212	 1.073	 1.036	 | 0.583 mean
                     	0.9616	 1.022	0.8432	0.8166	 1.326	 1.296	 1.036	  1.08	  2.02	 1.963	 2.619	 2.584	 | 1.766 quantile
                      	 2.573	 2.428	 2.207	 3.044	 3.756	 2.907	 1.668	   2.5	 2.982	 2.803	 4.138	 4.716	 | 4.716 max

train losses    236:	0.3512	0.3598	0.3218	0.3166	0.3783	0.3853	0.3617	0.3686	0.5732	0.5704	0.6441	0.6333	
val losses      236:	0.3174	0.3344	0.3351	0.3156	0.4764	0.4521	0.4131	0.4121	0.8215	0.8076	 1.033	 1.012	 | 0.5609 mean
                     	0.8811	0.9106	0.8408	0.8116	 1.192	 1.175	 1.034	 1.058	 2.014	 1.982	 2.597	 2.565	 | 1.723 quantile
                      	 2.379	 2.204	 2.186	  3.08	 3.263	 2.513	 1.636	 2.634	 2.989	 2.787	 4.678	 5.065	 | 5.065 max

train losses    238:	0.3447	0.3504	0.3197	0.3139	0.3576	0.3651	0.3485	0.3528	0.5346	 0.537	0.5876	0.5839	
val losses      238:	0.3066	0.3226	0.3344	0.3149	0.4444	0.4282	0.4059	0.4029	0.7981	0.7787	 1.008	0.9871	 | 0.5444 mean
                     	0.8581	0.8685	0.8381	 0.814	 1.113	 1.098	 1.004	 1.031	 1.965	 1.948	 2.538	 2.475	 | 1.65 quantile
                      	 2.338	 2.109	  2.19	   3.0	 3.072	 2.415	 1.608	 2.566	 2.781	  2.66	 4.272	 4.596	 | 4.596 max

train losses    240:	0.3344	0.3404	0.3176	0.3118	0.3481	0.3521	 0.335	0.3397	0.5082	  0.51	0.5416	0.5378	
val losses      240:	 0.297	0.3102	0.3341	0.3149	0.4396	0.4207	0.3994	0.3957	0.8182	0.8071	 1.001	0.9822	 | 0.5433 mean
                     	0.8317	0.8353	0.8374	0.8124	 1.125	   1.1	 1.002	 1.021	 1.994	 2.007	 2.544	 2.443	 | 1.64 quantile
                      	 2.318	 2.095	 2.185	 3.019	 3.095	  2.34	 1.573	 2.464	 2.841	 2.768	 4.044	 4.304	 | 4.304 max

train losses    242:	0.3258	0.3314	0.3155	0.3094	0.3379	0.3432	0.3223	0.3267	0.4873	0.4883	0.5095	0.5036	
val losses      242:	 0.292	0.3002	0.3321	0.3126	0.4403	 0.416	0.3934	0.3895	0.8129	0.8097	 1.004	0.9834	 | 0.5405 mean
                     	0.8123	0.8176	0.8298	0.8039	  1.13	 1.103	0.9918	0.9927	 1.963	 2.017	 2.585	 2.491	 | 1.645 quantile
                      	 2.159	 2.039	 2.148	 3.087	 3.085	 2.351	 1.645	 2.514	 2.739	  2.78	 3.992	 3.948	 | 3.992 max

train losses    244:	0.3208	0.3245	0.3144	0.3073	0.3295	0.3353	 0.313	0.3171	0.4721	0.4685	0.4893	0.4872	
val losses      244:	0.2848	0.2878	0.3315	0.3116	0.4353	0.4129	0.3906	 0.385	0.7983	0.8015	0.9939	0.9705	 | 0.5336 mean
                     	0.7884	0.7885	0.8262	0.8004	   1.1	 1.079	0.9803	0.9666	 1.936	 2.005	 2.608	 2.495	 | 1.643 quantile
                      	 2.064	 1.921	 2.153	 3.064	 3.033	 2.421	 1.594	 2.514	 2.731	 2.816	 4.027	 3.982	 | 4.027 max

train losses    246:	0.3142	0.3174	0.3131	0.3062	0.3257	0.3273	0.3047	 0.309	0.4628	0.4603	0.4679	 0.469	
val losses      246:	0.2793	0.2777	0.3306	0.3111	0.4223	0.4034	0.3876	0.3824	0.7875	0.7962	 1.005	 0.985	 | 0.5306 mean
                     	 0.773	0.7467	0.8287	0.7972	 1.065	 1.054	0.9711	0.9468	 1.908	 2.012	 2.569	 2.454	 | 1.625 quantile
                      	 2.052	  1.82	 2.159	 3.116	 2.949	 2.359	 1.676	 2.625	 2.748	 2.815	 3.916	 3.857	 | 3.916 max

train losses    248:	0.3096	0.3138	0.3111	0.3042	0.3164	0.3216	0.2948	0.2983	0.4505	 0.445	0.4504	0.4507	
val losses      248:	0.2761	0.2741	  0.33	0.3098	0.4173	0.4009	0.3837	0.3777	0.7769	 0.781	0.9928	0.9745	 | 0.5246 mean
                     	0.7632	0.7286	0.8296	0.7998	 1.035	 1.044	0.9557	0.9296	 1.899	 1.982	  2.56	 2.435	 | 1.603 quantile
                      	  1.97	 1.933	 2.162	 3.099	 2.864	 2.383	 1.712	 2.612	 2.691	 2.768	 3.966	 3.863	 | 3.966 max

train losses    250:	0.3048	0.3081	0.3101	0.3029	0.3134	 0.317	0.2895	0.2929	0.4422	0.4375	0.4401	0.4385	
val losses      250:	0.2721	0.2669	0.3299	 0.309	0.4063	0.3938	0.3807	0.3742	0.7678	0.7729	0.9795	0.9612	 | 0.5179 mean
                     	0.7506	 0.712	0.8289	0.7983	 1.005	  1.02	0.9423	0.9214	 1.859	 1.948	 2.559	 2.443	 | 1.598 quantile
                      	 1.984	 1.948	 2.165	 3.102	 2.878	 2.328	 1.736	 2.607	 2.721	 2.763	 4.004	 3.856	 | 4.004 max

train losses    252:	0.3027	0.3038	0.3094	0.3021	0.3085	0.3099	0.2828	0.2848	0.4339	0.4291	0.4346	0.4302	
val losses      252:	 0.269	0.2622	0.3283	0.3072	0.4028	0.3887	0.3772	0.3712	0.7636	 0.767	0.9869	0.9683	 | 0.516 mean
                     	0.7452	0.6956	0.8262	0.7919	0.9958	 1.003	0.9377	0.9276	 1.858	 1.924	 2.559	 2.439	 | 1.596 quantile
                      	 1.967	 1.801	 2.188	 3.126	 2.774	 2.318	 1.776	 2.644	 2.797	 2.837	  3.93	 3.847	 | 3.93 max

train losses    254:	0.2999	0.3004	0.3079	0.3009	0.3044	0.3068	0.2771	0.2816	0.4292	0.4251	0.4227	0.4209	
val losses      254:	0.2674	0.2611	0.3277	0.3062	0.3987	 0.383	0.3758	0.3695	0.7703	0.7733	 0.989	0.9714	 | 0.5161 mean
                     	0.7415	0.6997	0.8243	0.7894	0.9924	0.9838	0.9276	0.9299	 1.858	 1.931	 2.553	 2.445	 | 1.601 quantile
                      	 1.991	  1.91	 2.186	  3.08	 2.737	 2.311	 1.802	 2.635	 2.834	 2.872	 3.897	 3.806	 | 3.897 max

train losses    256:	0.2974	0.2992	0.3081	0.3003	0.3018	0.3024	0.2745	0.2774	 0.421	0.4168	0.4177	0.4155	
val losses      256:	0.2656	0.2604	0.3271	0.3057	0.3965	0.3791	0.3747	0.3689	0.7674	0.7676	 0.974	0.9589	 | 0.5122 mean
                     	0.7385	0.6918	0.8228	0.7875	0.9781	0.9711	0.9198	0.9265	 1.847	 1.896	 2.573	 2.444	 | 1.589 quantile
                      	 1.973	 1.864	 2.185	 3.071	 2.676	 2.331	 1.794	 2.605	 2.773	 2.818	 3.955	 3.886	 | 3.955 max

train losses    258:	0.2938	0.2971	0.3072	0.2998	 0.296	0.3011	 0.271	0.2728	0.4167	0.4163	0.4092	0.4088	
val losses      258:	0.2654	0.2607	0.3267	0.3055	0.3947	0.3795	0.3746	0.3684	0.7623	0.7629	0.9699	 0.956	 | 0.5105 mean
                     	0.7392	0.7018	0.8215	0.7883	0.9788	0.9726	 0.916	0.9239	 1.844	 1.903	 2.545	 2.427	 | 1.591 quantile
                      	 1.952	 1.909	 2.179	 3.083	 2.687	 2.314	 1.802	 2.674	 2.784	 2.837	 3.925	 3.864	 | 3.925 max

train losses    260:	0.2921	 0.295	0.3064	0.2986	0.2941	0.2971	0.2692	0.2712	0.4131	0.4107	0.4102	0.4092	
val losses      260:	0.2634	0.2573	0.3263	0.3049	0.3897	0.3771	0.3741	0.3673	0.7641	0.7616	0.9756	0.9615	 | 0.5102 mean
                     	0.7323	0.6916	0.8195	0.7897	0.9648	0.9664	0.9183	0.9274	  1.86	 1.901	 2.536	 2.411	 | 1.597 quantile
                      	 1.978	 1.866	  2.19	 3.135	 2.704	 2.275	 1.803	 2.721	 2.775	 2.816	 3.908	 3.827	 | 3.908 max

train losses    262:	0.2891	 0.292	0.3058	0.2974	0.2908	0.2939	0.2635	0.2658	0.4083	0.4069	0.4016	0.3998	
val losses      262:	0.2625	0.2572	0.3261	 0.305	0.3878	0.3727	0.3743	0.3671	0.7687	 0.768	0.9712	0.9575	 | 0.5098 mean
                     	0.7304	0.6863	0.8186	0.7877	0.9659	0.9578	 0.917	0.9351	 1.876	  1.91	 2.536	 2.409	 | 1.596 quantile
                      	 1.967	 1.919	 2.186	 3.107	 2.697	 2.245	 1.867	 2.731	 2.768	 2.817	 3.934	 3.878	 | 3.934 max

train losses    264:	0.2896	 0.292	0.3046	0.2968	0.2898	0.2944	0.2608	0.2628	0.4056	 0.402	0.3983	0.3969	
val losses      264:	0.2602	0.2541	0.3256	0.3046	0.3834	0.3662	0.3737	0.3669	0.7681	0.7658	0.9763	0.9636	 | 0.509 mean
                     	0.7244	 0.683	0.8183	0.7851	0.9505	0.9384	0.9202	0.9302	 1.863	 1.905	  2.53	 2.417	 | 1.587 quantile
                      	 2.012	 1.912	 2.196	 3.126	 2.582	  2.17	 1.861	 2.772	 2.857	 2.902	   3.9	 3.876	 | 3.9 max

train losses    266:	0.2879	0.2898	 0.304	0.2961	0.2884	0.2915	0.2586	0.2609	0.4022	0.3994	0.3929	 0.391	
val losses      266:	0.2599	0.2525	0.3254	0.3044	0.3835	0.3641	0.3733	0.3653	0.7655	0.7657	0.9725	0.9593	 | 0.5076 mean
                     	0.7221	0.6741	0.8184	 0.784	0.9489	0.9317	0.9222	0.9341	 1.868	 1.908	  2.51	 2.385	 | 1.586 quantile
                      	 2.081	  1.87	 2.186	 3.087	 2.634	 2.177	 1.838	 2.739	  2.88	 2.908	 3.889	 3.905	 | 3.905 max

train losses    268:	0.2886	0.2897	0.3051	0.2962	0.2872	0.2888	0.2574	0.2601	0.3956	0.3938	0.3925	0.3911	
val losses      268:	0.2593	 0.251	0.3251	 0.304	0.3798	0.3633	0.3729	0.3653	0.7567	0.7547	0.9609	0.9486	 | 0.5035 mean
                     	0.7147	0.6728	0.8197	0.7814	0.9505	0.9338	0.9125	0.9334	 1.838	 1.872	 2.526	 2.382	 | 1.574 quantile
                      	 2.072	 1.849	 2.195	 3.103	 2.605	  2.16	 1.879	 2.747	 2.766	 2.791	 3.886	 3.935	 | 3.935 max

train losses    270:	0.2873	0.2861	0.3039	 0.296	0.2832	0.2884	0.2533	0.2556	0.3942	0.3948	0.3869	0.3869	
val losses      270:	0.2586	0.2506	0.3251	0.3038	0.3807	0.3628	0.3728	0.3655	0.7677	 0.765	 0.963	0.9519	 | 0.5056 mean
                     	 0.708	0.6708	0.8177	0.7819	0.9612	0.9368	 0.909	0.9216	 1.873	 1.908	 2.554	 2.398	 | 1.589 quantile
                      	 2.057	 1.725	 2.197	 3.092	 2.628	 2.219	 1.832	 2.729	 2.844	 2.856	  4.01	 3.862	 | 4.01 max

train losses    272:	 0.285	0.2861	0.3039	0.2955	0.2836	0.2884	0.2529	0.2556	0.3929	0.3919	0.3846	0.3839	
val losses      272:	0.2577	0.2508	0.3248	0.3035	0.3796	0.3625	0.3728	0.3652	0.7579	0.7521	 0.962	0.9506	 | 0.5033 mean
                     	0.7154	0.6709	0.8156	0.7788	0.9542	0.9366	0.9109	0.9333	 1.847	 1.862	 2.502	 2.359	 | 1.578 quantile
                      	 2.056	 1.871	 2.199	 3.108	 2.636	 2.213	 1.848	 2.817	 2.814	 2.845	 3.975	 3.837	 | 3.975 max

train losses    274:	0.2853	0.2874	0.3028	0.2947	0.2825	0.2887	0.2514	0.2537	0.3928	0.3908	0.3808	0.3799	
val losses      274:	0.2557	0.2464	0.3246	0.3032	0.3718	0.3536	0.3725	0.3653	 0.752	0.7442	0.9633	0.9526	 | 0.5004 mean
                     	0.7001	0.6553	0.8154	0.7796	0.9349	0.9151	0.9121	0.9257	 1.816	 1.829	 2.504	 2.342	 | 1.56 quantile
                      	  2.07	 1.748	 2.194	 3.145	  2.52	 2.087	 1.871	 2.855	 2.842	 2.861	 3.885	 3.892	 | 3.892 max

train losses    276:	0.2855	0.2879	0.3028	0.2945	0.2834	0.2856	0.2518	 0.254	0.3896	 0.388	0.3798	0.3806	
val losses      276:	 0.257	 0.249	0.3244	0.3033	0.3711	0.3538	0.3709	0.3641	0.7612	0.7589	0.9548	0.9448	 | 0.5011 mean
                     	0.7023	0.6613	0.8161	0.7797	0.9302	0.9199	0.9053	0.9204	 1.844	 1.872	 2.538	 2.386	 | 1.569 quantile
                      	 2.086	 1.856	 2.179	 3.161	 2.485	 2.036	 1.894	 2.862	 2.887	 2.903	 3.932	 4.028	 | 4.028 max

train losses    278:	0.2829	0.2846	0.3015	 0.293	0.2816	0.2827	0.2494	0.2524	0.3909	0.3897	 0.379	0.3779	
val losses      278:	0.2565	0.2474	0.3241	0.3027	0.3712	0.3537	0.3707	0.3643	0.7642	0.7613	0.9583	0.9476	 | 0.5018 mean
                     	0.7019	0.6539	0.8142	0.7789	0.9263	0.9173	0.9093	 0.915	  1.84	  1.89	 2.514	 2.346	 | 1.572 quantile
                      	 2.061	 1.732	 2.183	 3.141	 2.502	 2.038	 1.973	 2.885	 2.876	 2.866	 4.036	 4.067	 | 4.067 max

train losses    280:	0.2837	0.2823	 0.302	0.2936	 0.282	0.2818	 0.249	0.2504	0.3872	0.3869	0.3789	0.3763	
val losses      280:	0.2566	0.2475	0.3238	0.3022	0.3694	0.3521	 0.371	 0.365	0.7556	0.7507	0.9521	0.9409	 | 0.4989 mean
                     	0.6979	0.6621	0.8133	0.7782	0.9182	  0.92	0.9104	0.9208	 1.813	 1.845	 2.492	 2.346	 | 1.564 quantile
                      	 2.082	 1.741	 2.182	 3.126	 2.523	 2.019	 1.865	 2.841	 2.908	 2.899	 3.927	 3.949	 | 3.949 max

train losses    282:	0.2816	0.2835	0.3026	0.2937	0.2802	0.2819	0.2479	0.2493	0.3853	0.3856	0.3739	 0.375	
val losses      282:	0.2568	0.2473	 0.324	0.3019	0.3721	0.3537	0.3723	0.3658	 0.759	0.7553	0.9537	0.9422	 | 0.5004 mean
                     	0.6995	0.6589	0.8106	0.7775	0.9267	0.9221	0.9091	0.9267	 1.821	 1.854	 2.475	 2.342	 | 1.564 quantile
                      	 2.062	 1.733	 2.196	 3.118	 2.519	 2.038	  1.85	  2.79	  2.86	 2.851	 3.911	  3.92	 | 3.92 max

train losses    284:	0.2818	0.2852	0.3002	0.2917	0.2778	0.2813	 0.247	 0.248	0.3833	0.3838	0.3729	0.3681	
val losses      284:	0.2549	0.2457	0.3238	0.3018	0.3703	0.3509	0.3738	0.3666	0.7606	 0.758	0.9535	0.9433	 | 0.5003 mean
                     	0.6977	0.6535	0.8125	0.7772	0.9144	0.9125	0.9105	0.9259	 1.836	 1.866	 2.485	 2.338	 | 1.564 quantile
                      	 2.055	 1.696	   2.2	 3.095	 2.475	 2.113	  1.91	 2.813	 2.792	 2.827	 3.905	 3.925	 | 3.925 max

train losses    286:	0.2828	0.2819	 0.301	 0.292	0.2787	0.2788	0.2439	0.2463	 0.383	0.3809	  0.37	0.3682	
val losses      286:	0.2547	 0.245	0.3233	 0.301	0.3705	0.3483	 0.373	0.3671	 0.758	0.7522	0.9469	0.9383	 | 0.4982 mean
                     	0.6938	0.6536	0.8105	0.7797	0.9177	0.9006	0.9142	0.9241	 1.829	 1.856	 2.499	 2.345	 | 1.559 quantile
                      	 2.114	 1.778	 2.218	 3.135	 2.485	 2.123	 1.952	 2.885	 2.812	 2.846	 3.983	 4.017	 | 4.017 max

train losses    288:	0.2816	0.2822	0.3001	0.2916	0.2757	0.2811	0.2435	 0.246	0.3821	0.3832	0.3676	0.3684	
val losses      288:	0.2537	0.2439	0.3231	0.3007	0.3685	0.3502	0.3719	0.3669	0.7592	0.7527	0.9546	0.9461	 | 0.4993 mean
                     	0.6925	0.6484	0.8096	0.7782	0.9195	0.9034	0.9081	 0.928	 1.807	 1.856	   2.5	 2.331	 | 1.559 quantile
                      	 2.118	   1.7	 2.195	 3.106	 2.479	 2.077	 1.976	 2.943	 2.813	  2.83	 3.856	 3.978	 | 3.978 max

train losses    290:	0.2818	0.2801	0.2992	0.2909	0.2753	0.2778	 0.244	0.2464	0.3798	0.3792	0.3673	0.3643	
val losses      290:	0.2527	0.2448	0.3232	0.3006	 0.364	0.3473	0.3711	0.3645	0.7506	0.7425	0.9518	0.9436	 | 0.4964 mean
                     	0.6919	0.6463	0.8123	0.7754	0.9038	0.9079	 0.914	0.9221	 1.793	 1.828	 2.496	 2.336	 | 1.551 quantile
                      	 2.067	 1.772	 2.192	 3.087	 2.415	 2.026	 1.916	 2.902	 2.829	 2.801	 3.841	 4.012	 | 4.012 max

train losses    292:	0.2801	0.2823	 0.299	0.2904	0.2767	0.2792	0.2439	0.2453	0.3777	0.3811	0.3666	0.3646	
val losses      292:	0.2528	0.2433	 0.323	0.3006	0.3624	0.3426	0.3705	0.3647	0.7534	 0.745	0.9488	0.9398	 | 0.4956 mean
                     	0.6846	0.6494	0.8118	0.7789	0.9041	0.8902	0.9114	0.9235	 1.798	 1.821	  2.48	 2.328	 | 1.55 quantile
                      	 2.117	 1.654	 2.197	 3.137	 2.363	 1.985	 1.892	 2.855	 2.864	 2.852	 3.903	 4.069	 | 4.069 max

train losses    294:	 0.279	0.2811	0.2999	0.2907	0.2756	0.2794	0.2425	0.2463	0.3797	 0.381	0.3672	0.3654	
val losses      294:	0.2518	0.2415	0.3231	 0.301	0.3621	0.3439	 0.371	0.3641	0.7506	 0.743	0.9559	0.9465	 | 0.4962 mean
                     	0.6909	0.6387	0.8114	0.7785	0.9021	0.8854	0.9099	0.9224	 1.796	 1.833	 2.481	 2.338	 | 1.557 quantile
                      	 2.097	 1.654	 2.196	 3.132	 2.467	 2.035	 1.865	 2.813	 2.937	 2.925	 3.829	 4.003	 | 4.003 max

train losses    296:	0.2792	0.2803	0.2989	0.2896	0.2749	0.2776	0.2426	0.2433	0.3784	0.3789	0.3656	0.3656	
val losses      296:	0.2527	0.2438	0.3229	0.3003	0.3635	 0.345	0.3698	0.3634	0.7584	0.7536	0.9526	0.9432	 | 0.4974 mean
                     	0.6903	0.6486	  0.81	0.7775	0.9065	0.8961	0.9123	0.9181	 1.812	 1.861	  2.47	 2.344	 | 1.565 quantile
                      	 2.034	  1.79	 2.208	 3.129	 2.436	 1.967	 1.895	 2.841	 2.907	 2.895	 3.807	 3.926	 | 3.926 max

train losses    298:	0.2788	0.2795	0.2984	0.2897	0.2731	0.2774	0.2413	0.2432	0.3766	0.3758	0.3635	0.3631	
val losses      298:	0.2521	0.2422	0.3228	0.2997	 0.364	0.3443	0.3695	0.3636	0.7605	0.7553	0.9525	0.9433	 | 0.4975 mean
                     	0.6902	 0.643	0.8068	0.7786	0.9146	0.8972	0.9096	0.9102	 1.823	 1.862	 2.455	 2.307	 | 1.564 quantile
                      	 2.114	 1.775	 2.198	 3.133	 2.468	  1.96	 1.926	 2.862	 2.932	 2.914	 3.912	 4.007	 | 4.007 max

