train losses      0:	0.5715	0.5844	0.3542	0.3643	0.7214	0.7514	0.4775	0.4864	 1.545	 1.565	 1.448	 1.436	
val losses        0:	 1.707	 0.545	 1.291	 0.396	 2.618	 1.036	 2.457	0.5665	 2.262	 3.805	 3.944	 2.257	 | 1.907 mean
                     	 2.714	  1.51	 2.087	 1.022	 4.509	 2.558	 3.582	 1.426	 6.671	 8.086	 8.482	 5.821	 | 5.548 quantile
                      	 7.458	 5.591	 3.147	 2.551	 8.551	 6.421	 4.779	 2.791	 12.82	 16.39	  10.9	 7.458	 | 16.39 max

train losses      2:	 0.494	0.5097	0.3669	0.3744	 0.693	0.7086	0.4852	0.4856	 1.469	   1.5	 1.404	 1.415	
val losses        2:	0.4958	0.6187	0.4052	 0.391	0.8137	0.8464	0.5397	0.5278	 2.036	 2.028	 2.049	 2.076	 | 1.069 mean
                     	 1.261	 1.517	 1.013	0.9892	 2.217	 2.265	 1.354	 1.336	 6.063	  6.12	 5.157	 4.926	 | 3.822 quantile
                      	  4.98	 4.205	 2.723	 2.176	 6.127	 5.594	 2.473	 2.657	 11.35	 11.75	 8.024	 8.427	 | 11.75 max

train losses      4:	0.4651	 0.476	0.3969	0.4069	0.6581	0.6691	0.4993	0.5139	 1.325	 1.365	 1.345	  1.38	
val losses        4:	0.4748	0.5257	0.4872	0.4205	0.7744	0.7894	0.5018	0.5589	  1.78	 1.813	 1.876	 2.004	 | 1.0 mean
                     	 1.249	 1.339	 1.212	 1.038	 2.023	 2.069	 1.268	 1.393	  5.15	 5.549	 4.799	 4.802	 | 3.568 quantile
                      	 5.238	 6.117	 3.244	 2.379	  5.85	 5.158	 2.913	 2.776	  9.71	 9.377	   7.8	 8.431	 | 9.71 max

train losses      6:	0.4585	0.4654	0.4203	0.4531	0.6275	0.6214	0.5123	0.5302	 1.142	 1.182	  1.27	 1.324	
val losses        6:	0.4156	0.4512	0.4245	0.4394	0.6961	0.6695	0.4917	0.5429	 1.643	 1.674	 1.721	 1.893	 | 0.9219 mean
                     	 1.129	 1.227	 1.098	 1.095	 1.776	  1.84	 1.258	 1.353	 4.643	 4.996	 4.429	 4.709	 | 3.359 quantile
                      	 7.083	 8.567	 3.822	 2.474	 5.241	 6.162	  2.89	 2.685	 12.15	 9.093	 7.301	 7.696	 | 12.15 max

train losses      8:	0.4488	0.4644	0.4379	0.4891	0.6113	0.5803	0.5269	0.5283	 1.034	 1.061	 1.221	 1.285	
val losses        8:	 0.398	0.4558	0.3795	0.4638	0.6613	0.6126	0.4845	0.4915	 1.607	 1.622	 1.596	 1.806	 | 0.8815 mean
                     	 1.058	 1.195	0.9857	 1.157	 1.646	 1.685	 1.233	 1.256	 4.381	 4.515	 4.175	 4.715	 | 3.136 quantile
                      	 8.486	 10.95	 3.713	 2.558	 6.191	 9.015	 2.788	 2.546	 13.87	 11.49	 6.907	  7.23	 | 13.87 max

train losses     10:	0.4439	0.4532	0.4387	0.4842	0.5775	0.5532	0.5282	0.5317	0.9954	 1.025	 1.185	 1.254	
val losses       10:	0.3906	0.4428	0.3612	0.4429	0.6043	0.5918	0.4797	0.4945	 1.458	 1.461	 1.528	 1.781	 | 0.8363 mean
                     	 1.022	 1.133	0.9358	 1.105	 1.569	 1.581	 1.225	  1.26	  3.92	 3.988	 4.005	 4.459	 | 2.892 quantile
                      	 9.235	 13.49	 3.479	 2.549	 8.105	 11.18	 3.008	 3.585	 15.74	 13.25	 6.964	 7.318	 | 15.74 max

train losses     12:	0.4201	0.4366	0.4258	0.4703	0.5335	0.5214	0.5164	0.5249	0.8755	0.9076	  1.14	 1.203	
val losses       12:	0.3866	0.4352	0.3556	0.4175	0.5827	0.6009	 0.481	0.5001	 1.401	 1.382	 1.438	 1.705	 | 0.807 mean
                     	0.9922	 1.124	0.9228	 1.053	 1.518	 1.619	 1.215	 1.266	 3.738	  3.71	 3.776	 4.288	 | 2.709 quantile
                      	 9.943	 15.15	 2.983	 2.462	 9.614	 12.21	 3.602	 3.598	 16.26	 13.53	 7.091	 7.338	 | 16.26 max

train losses     14:	  0.41	0.4254	0.4268	0.4561	0.5095	 0.508	0.5128	0.5179	 0.788	0.7945	 1.109	 1.157	
val losses       14:	0.3775	0.4224	0.3646	0.4088	0.5381	0.5672	0.4797	0.4745	 1.242	 1.215	 1.283	 1.531	 | 0.742 mean
                     	0.9584	 1.077	0.9332	 1.034	 1.375	 1.489	 1.217	  1.19	 3.061	 2.912	 3.585	 4.045	 | 2.397 quantile
                      	  11.9	 17.08	 2.802	 2.434	 10.92	 13.81	 3.773	 3.416	 17.24	 15.42	 6.727	 6.962	 | 17.24 max

train losses     16:	0.3999	0.4032	 0.423	0.4417	0.4937	0.4903	0.5042	0.5054	0.7081	0.6965	 1.075	 1.107	
val losses       16:	0.3671	0.4025	0.3558	0.3808	 0.513	0.5597	0.4731	0.4691	 1.132	 1.111	 1.233	 1.445	 | 0.7036 mean
                     	0.9241	0.9954	0.9265	0.9663	 1.273	 1.436	  1.19	 1.179	 2.745	 2.514	  3.52	   3.9	 | 2.179 quantile
                      	 13.29	  18.4	  3.07	 2.321	 12.27	 15.16	 3.695	 2.917	 17.44	 16.25	 6.335	 6.656	 | 18.4 max

train losses     18:	0.3871	0.3901	0.4168	0.4306	0.4812	0.4759	0.4957	0.4962	0.6718	0.6624	 1.064	 1.082	
val losses       18:	0.3659	 0.392	0.3502	0.3614	0.5156	0.5445	0.4683	 0.459	 1.108	 1.077	 1.225	  1.39	 | 0.6881 mean
                     	0.9122	0.9669	0.9106	 0.916	 1.279	 1.392	 1.184	 1.159	 2.645	 2.424	 3.517	 3.773	 | 2.139 quantile
                      	 14.04	 19.21	 3.188	 2.227	 13.08	 15.84	 3.982	 2.582	 17.34	 16.69	 6.275	 6.469	 | 19.21 max

train losses     20:	0.3753	0.3747	0.4082	0.4174	0.4626	0.4627	0.4825	0.4868	 0.651	 0.647	 1.028	 1.043	
val losses       20:	0.3622	0.3872	 0.349	0.3513	0.5262	0.5557	0.4619	0.4539	 1.107	 1.058	 1.284	 1.397	 | 0.6911 mean
                     	0.9031	0.9496	0.9071	0.8916	 1.347	 1.413	 1.172	  1.15	 2.656	 2.329	 3.612	 3.748	 | 2.147 quantile
                      	 15.07	 20.07	 3.081	 2.068	 13.38	 16.25	 4.031	 2.381	 17.02	 16.52	 6.336	 6.391	 | 20.07 max

train losses     22:	0.3655	0.3626	0.4011	 0.409	 0.452	0.4498	0.4737	0.4764	0.6366	0.6362	0.9886	 1.005	
val losses       22:	0.3508	0.3784	0.3486	0.3469	0.5076	0.5487	0.4574	 0.449	 1.084	 1.042	 1.251	 1.341	 | 0.6754 mean
                     	0.8703	0.9258	 0.909	0.8777	 1.283	 1.355	 1.158	 1.139	 2.655	 2.293	  3.57	 3.676	 | 2.086 quantile
                      	 16.18	 21.15	 3.057	 1.995	 13.85	 16.89	  4.07	 2.415	 17.13	 16.44	 6.098	 6.098	 | 21.15 max

train losses     24:	0.3615	0.3577	0.3978	0.4064	0.4437	0.4393	 0.465	0.4675	0.6196	0.6216	0.9416	0.9595	
val losses       24:	0.3463	 0.378	0.3467	0.3455	0.4907	0.5294	0.4536	0.4425	 1.061	 1.027	 1.195	  1.27	 | 0.6572 mean
                     	0.8538	0.9097	0.8991	0.8809	  1.21	 1.267	 1.148	 1.124	   2.6	 2.254	 3.477	 3.617	 | 2.01 quantile
                      	 16.87	 22.12	 3.054	 2.021	 14.62	 17.59	 4.225	  2.38	 17.63	 16.86	 6.451	 5.832	 | 22.12 max

train losses     26:	0.3567	0.3519	 0.393	0.4001	0.4345	0.4279	0.4548	0.4565	0.6103	0.6116	0.9186	0.9315	
val losses       26:	0.3477	0.3725	 0.343	0.3405	0.4942	0.5289	0.4476	0.4336	 1.067	 1.045	 1.224	 1.283	 | 0.6606 mean
                     	0.8583	0.9011	0.8871	0.8639	 1.226	  1.26	 1.147	 1.119	 2.634	  2.23	 3.508	 3.602	 | 2.003 quantile
                      	 17.33	 22.64	 3.064	 1.953	 15.24	 18.07	 4.136	 2.271	 17.89	 16.65	 6.814	 6.194	 | 22.64 max

train losses     28:	0.3504	0.3467	0.3882	 0.396	0.4285	0.4198	0.4472	0.4484	0.6016	0.6057	0.9345	0.9405	
val losses       28:	0.3519	 0.376	0.3421	0.3343	 0.507	0.5378	0.4421	0.4246	 1.081	 1.055	 1.246	 1.288	 | 0.6655 mean
                     	0.8749	 0.902	  0.88	0.8502	 1.279	 1.277	 1.131	 1.102	 2.655	 2.251	 3.539	 3.564	 | 2.04 quantile
                      	 17.75	  22.8	 3.045	 1.948	 15.76	 18.54	 4.072	 2.079	  18.2	 16.99	 7.222	 6.507	 | 22.8 max

train losses     30:	0.3476	0.3419	0.3841	0.3908	0.4197	0.4117	0.4386	0.4413	0.5931	0.6015	0.9473	 0.951	
val losses       30:	0.3548	0.3777	 0.342	0.3323	0.5048	 0.532	0.4381	0.4213	 1.076	 1.038	 1.302	 1.322	 | 0.6701 mean
                     	0.8822	 0.916	 0.887	0.8479	 1.278	 1.258	 1.131	 1.085	 2.602	 2.207	 3.612	  3.64	 | 2.108 quantile
                      	 18.73	 23.55	 2.869	 1.954	 16.29	 19.48	 4.127	 2.213	  18.4	 17.12	 7.496	 7.029	 | 23.55 max

train losses     32:	0.3458	0.3403	0.3822	0.3865	 0.415	0.4061	0.4314	0.4352	0.5896	0.5955	  0.93	0.9374	
val losses       32:	0.3606	0.3856	 0.342	0.3289	0.5133	0.5452	0.4347	0.4172	 1.073	 1.031	 1.326	 1.342	 | 0.675 mean
                     	 0.882	 0.925	0.8786	0.8385	 1.305	 1.265	 1.121	 1.085	 2.553	 2.187	 3.741	 3.734	 | 2.098 quantile
                      	 19.05	 23.99	 2.877	 1.958	  16.9	 19.82	 4.193	 2.436	 18.79	 17.54	 7.473	 7.179	 | 23.99 max

train losses     34:	 0.345	0.3425	0.3794	0.3823	0.4095	0.3995	0.4241	0.4304	0.5858	0.5926	0.8568	0.8769	
val losses       34:	0.3599	0.3869	0.3422	0.3315	0.5059	0.5395	0.4359	0.4206	 1.074	 1.046	 1.293	 1.311	 | 0.6705 mean
                     	0.8869	0.9284	0.8807	0.8617	 1.257	 1.221	 1.116	 1.103	 2.555	 2.225	 3.718	 3.767	 | 2.055 quantile
                      	 19.92	 25.12	 2.704	 1.992	 17.81	  20.7	 4.335	 2.595	 19.16	 17.47	 8.139	  8.02	 | 25.12 max

train losses     36:	0.3423	0.3375	0.3759	0.3795	0.4053	0.3934	0.4167	0.4221	0.5749	0.5844	0.8188	0.8354	
val losses       36:	0.3548	0.3758	0.3405	0.3308	0.5037	0.5215	0.4294	0.4139	 1.072	  1.04	 1.246	 1.252	 | 0.6567 mean
                     	0.8646	0.9031	0.8681	0.8526	 1.207	 1.156	 1.104	 1.081	 2.576	 2.225	 3.639	 3.765	 | 2.025 quantile
                      	 20.42	 25.61	 2.714	 1.993	 18.55	 21.36	 4.213	 2.845	 19.38	 17.89	 8.957	   9.1	 | 25.61 max

train losses     38:	0.3382	0.3338	0.3727	0.3759	0.3988	0.3892	0.4096	0.4137	0.5643	0.5713	0.7908	0.8018	
val losses       38:	0.3553	0.3809	0.3396	0.3264	0.5086	0.5376	0.4257	0.4116	 1.079	 1.042	 1.245	 1.247	 | 0.6582 mean
                     	0.8698	0.9093	0.8735	0.8386	 1.205	 1.169	   1.1	 1.069	 2.658	 2.181	 3.726	 3.803	 | 2.056 quantile
                      	 21.21	 26.01	 2.643	 1.944	 19.03	 21.74	 4.197	 3.106	 19.71	 18.12	 9.862	 10.25	 | 26.01 max

train losses     40:	0.3322	0.3276	0.3688	0.3723	0.3907	0.3795	0.4037	0.4087	0.5609	 0.569	0.8097	0.8165	
val losses       40:	0.3616	0.3859	0.3393	0.3244	0.5222	0.5323	0.4231	0.4072	 1.102	 1.056	  1.27	 1.287	 | 0.6676 mean
                     	0.8844	0.9089	0.8668	0.8251	 1.252	  1.17	 1.105	  1.07	 2.616	 2.199	 3.831	   3.9	 | 2.049 quantile
                      	 21.45	 26.02	 2.812	 1.994	 19.87	 22.59	 4.383	 3.037	 19.92	 18.44	 9.817	 10.67	 | 26.02 max

train losses     42:	0.3293	0.3238	0.3662	0.3686	0.3856	0.3747	   0.4	0.4034	0.5537	0.5606	0.8382	0.8403	
val losses       42:	0.3606	0.3783	0.3389	 0.323	0.5285	0.5435	0.4248	0.4085	 1.111	  1.07	 1.391	 1.401	 | 0.6899 mean
                     	   0.9	0.8917	0.8602	0.8249	  1.26	 1.202	 1.116	 1.081	 2.638	 2.218	 4.011	 4.077	 | 2.107 quantile
                      	 22.17	 26.68	 2.904	 2.009	 20.13	 23.13	 4.499	 3.168	 20.17	 18.67	 9.831	 10.76	 | 26.68 max

train losses     44:	0.3251	0.3205	 0.361	 0.363	0.3789	0.3682	0.3936	0.3968	0.5539	0.5637	0.8193	0.8243	
val losses       44:	0.3637	0.3833	 0.338	 0.325	0.5195	 0.556	0.4231	0.4071	 1.101	 1.072	 1.437	 1.446	 | 0.6976 mean
                     	0.8871	0.9084	0.8623	0.8328	 1.188	  1.18	 1.119	 1.084	  2.66	 2.281	 4.099	 4.125	 | 2.156 quantile
                      	 22.46	 27.32	 2.886	 2.214	 20.93	 23.92	 4.571	 3.356	 20.59	 19.29	 10.06	 11.11	 | 27.32 max

train losses     46:	0.3252	0.3242	0.3609	0.3632	0.3776	0.3665	0.3908	0.3951	0.5665	0.5748	0.7512	0.7601	
val losses       46:	0.3651	0.3813	0.3388	0.3291	0.5269	0.5466	0.4245	0.4088	   1.1	 1.067	 1.316	 1.328	 | 0.6777 mean
                     	0.8885	0.8937	 0.858	 0.854	 1.192	 1.141	 1.113	 1.077	 2.629	 2.246	 3.912	 3.972	 | 2.064 quantile
                      	 23.06	 28.13	 2.993	 2.444	 21.75	 24.66	 4.963	 3.328	 21.05	 19.64	 11.22	 12.15	 | 28.13 max

train losses     48:	0.3261	0.3272	0.3587	  0.36	0.3787	0.3667	0.3846	0.3891	0.6027	0.6165	0.7178	0.7279	
val losses       48:	0.3693	0.3941	0.3365	0.3234	0.5328	0.5577	0.4198	0.4058	  1.14	 1.099	 1.285	 1.296	 | 0.68 mean
                     	0.9014	0.9509	0.8584	0.8255	 1.237	 1.171	 1.109	 1.076	 2.756	 2.352	 3.813	 3.851	 | 2.081 quantile
                      	 23.53	 28.66	 2.843	 2.299	 22.17	 24.73	 4.535	  3.59	 20.89	 19.43	 11.88	 12.61	 | 28.66 max

train losses     50:	 0.327	 0.332	0.3577	0.3605	0.3899	0.3784	0.3864	0.3902	0.7146	0.7329	0.6969	0.7083	
val losses       50:	0.3756	0.4286	0.3382	0.3237	0.5505	0.5704	 0.436	0.4225	 1.245	 1.205	 1.327	 1.348	 | 0.7141 mean
                     	0.9235	 1.025	0.8563	0.8263	 1.318	  1.23	 1.113	 1.103	 3.056	   2.7	 3.828	 3.849	 | 2.24 quantile
                      	 23.58	  28.4	 3.053	 2.418	 21.51	 24.54	 4.603	 3.518	 19.69	 18.56	 12.11	 13.11	 | 28.4 max

train losses     52:	0.3431	0.3429	0.3577	0.3667	0.4041	0.4094	0.3919	0.4003	0.8253	0.8509	0.7423	0.7602	
val losses       52:	0.4063	0.4281	0.3405	0.3412	0.5972	0.6476	0.4621	0.4713	 1.459	 1.403	 1.423	 1.457	 | 0.7864 mean
                     	0.9893	 1.037	0.8746	0.8516	 1.399	 1.441	 1.153	 1.203	 4.004	 3.831	 3.988	 3.987	 | 2.626 quantile
                      	 23.29	  27.4	 3.263	 2.565	  20.4	 22.19	 4.066	 3.672	 17.46	 16.12	 11.21	  12.4	 | 27.4 max

train losses     54:	 0.349	0.3458	0.3584	0.3636	0.4142	0.4122	 0.402	0.4081	0.7656	0.7821	0.9248	0.9259	
val losses       54:	0.4021	0.4279	0.3437	 0.331	0.6095	0.6431	0.4419	 0.437	 1.438	  1.35	 1.556	 1.533	 | 0.7928 mean
                     	 1.004	 1.014	0.8846	0.8337	 1.473	 1.416	 1.164	 1.122	 3.886	 3.329	 4.143	 4.178	 | 2.683 quantile
                      	 23.37	  26.2	  3.53	 2.619	 19.52	 22.12	 4.228	 3.399	 17.88	 16.83	 10.43	 11.91	 | 26.2 max

train losses     56:	0.3518	0.3498	0.3568	0.3616	0.4212	0.4138	0.3966	0.4038	0.6807	0.6844	0.9115	0.9079	
val losses       56:	0.3955	0.4529	0.3408	0.3347	0.6247	0.6506	0.4463	0.4438	 1.332	 1.263	 1.744	 1.749	 | 0.8147 mean
                     	0.9832	 1.119	0.8797	0.8563	 1.448	 1.379	 1.146	 1.125	 3.685	 3.173	 4.551	  4.51	 | 2.823 quantile
                      	 23.13	 24.88	 3.945	  2.71	 19.64	 22.01	 4.899	 3.355	 16.98	 15.97	 9.094	 10.57	 | 24.88 max

train losses     58:	0.3462	 0.352	0.3591	0.3588	0.4086	0.4045	0.4038	0.4121	0.6025	0.6185	0.8277	0.8318	
val losses       58:	0.4001	0.4519	0.3558	 0.352	0.6039	0.6397	0.4761	0.4537	 1.039	 1.007	 1.557	 1.533	 | 0.7391 mean
                     	 1.003	 1.096	0.9104	0.9033	 1.299	  1.43	  1.19	 1.159	 2.563	 2.329	 4.162	 4.085	 | 2.374 quantile
                      	 23.67	 25.86	 3.936	  2.32	 21.83	  24.1	 5.226	 3.789	 18.67	 17.66	 11.55	 12.81	 | 25.86 max

train losses     60:	0.3409	0.3363	0.3579	0.3596	 0.396	0.3878	0.3948	0.4024	0.5685	  0.58	0.7638	 0.776	
val losses       60:	0.3887	0.4071	0.3434	0.3391	0.5534	0.5965	0.4493	0.4436	 1.052	 1.018	 1.428	 1.408	 | 0.7022 mean
                     	0.9694	 1.002	0.8776	 0.862	 1.183	 1.257	 1.181	 1.176	 2.701	 2.369	   4.0	 3.987	 | 2.142 quantile
                      	 23.05	 26.86	 3.468	 2.376	 21.77	 23.35	 4.141	 3.572	 19.33	 18.44	 11.14	 12.21	 | 26.86 max

train losses     62:	0.3321	0.3214	0.3532	 0.354	 0.379	0.3711	0.3837	0.3919	 0.557	0.5614	0.7058	0.7097	
val losses       62:	0.3761	0.3952	0.3373	0.3304	0.5418	0.5579	0.4323	0.4212	  1.07	 1.007	 1.392	 1.379	 | 0.6868 mean
                     	0.9157	0.9567	0.8648	0.8463	 1.278	 1.181	 1.111	 1.109	 2.707	 2.347	 3.878	 3.855	 | 2.127 quantile
                      	 22.69	 27.03	 3.427	 2.569	 21.53	 23.15	 4.455	 3.648	 19.13	 17.88	 11.76	 12.88	 | 27.03 max

train losses     64:	0.3206	 0.315	0.3493	0.3502	0.3708	0.3577	0.3778	0.3837	0.5343	0.5442	 0.648	0.6572	
val losses       64:	0.3656	 0.395	0.3366	0.3287	 0.552	 0.582	  0.44	0.4211	 1.054	   1.0	 1.293	  1.28	 | 0.6708 mean
                     	0.8784	 0.931	0.8616	 0.852	 1.229	 1.196	 1.112	 1.113	 2.602	 2.232	 3.666	 3.647	 | 2.047 quantile
                      	 23.71	 27.55	 3.626	  2.56	 21.91	 24.05	 4.719	 3.573	 19.03	 17.75	 12.82	 13.99	 | 27.55 max

train losses     66:	0.3121	0.3076	0.3475	0.3484	0.3604	0.3487	0.3695	0.3754	0.5158	0.5258	0.6181	 0.631	
val losses       66:	0.3677	0.3776	 0.336	0.3246	0.5286	0.5359	0.4286	0.4124	  1.07	 1.009	 1.278	 1.274	 | 0.6619 mean
                     	0.8885	0.8836	0.8546	0.8314	 1.203	 1.091	 1.115	 1.104	 2.636	  2.22	  3.67	 3.681	 | 2.012 quantile
                      	 24.72	 28.18	 3.714	 2.589	 22.61	 25.02	 4.724	 3.541	 19.32	 18.23	 13.35	 14.37	 | 28.18 max

train losses     68:	0.3069	0.3026	 0.344	0.3437	0.3551	0.3426	0.3637	0.3693	0.5065	0.5149	0.5942	0.6035	
val losses       68:	0.3604	0.3806	0.3353	0.3239	0.5361	0.5523	0.4243	0.4071	 1.078	 1.029	 1.284	 1.278	 | 0.6658 mean
                     	0.8749	0.8807	0.8502	0.8369	 1.209	 1.129	 1.127	   1.1	  2.64	 2.234	 3.691	 3.705	 | 2.026 quantile
                      	 24.89	 28.54	  3.51	 2.631	 22.75	 25.02	 4.536	 3.584	 19.51	 18.58	 13.79	 14.86	 | 28.54 max

train losses     70:	0.3041	0.2993	0.3417	0.3423	0.3481	 0.339	0.3584	0.3626	0.4979	0.5087	0.5739	0.5844	
val losses       70:	0.3584	0.3682	 0.336	0.3232	0.5338	0.5434	 0.423	0.4044	 1.085	 1.041	 1.288	 1.278	 | 0.6652 mean
                     	0.8661	  0.86	 0.859	0.8317	 1.221	 1.113	 1.123	 1.089	 2.665	 2.243	 3.672	 3.681	 | 2.044 quantile
                      	 24.86	 28.78	 3.333	  2.69	 23.09	 25.36	 4.441	 3.637	  19.6	 18.76	 14.36	 15.47	 | 28.78 max

train losses     72:	0.3023	0.2968	0.3408	0.3406	0.3439	0.3334	0.3549	0.3589	0.4902	 0.499	0.5576	0.5702	
val losses       72:	0.3592	0.3685	0.3353	0.3211	0.5354	0.5426	0.4225	0.4024	 1.086	 1.042	 1.297	  1.29	 | 0.6668 mean
                     	0.8726	0.8627	0.8507	 0.834	 1.223	 1.108	 1.113	 1.092	 2.644	 2.237	 3.708	 3.719	 | 2.031 quantile
                      	 24.82	 28.81	  3.28	 2.683	 23.32	 25.76	 4.457	 3.768	 19.71	 18.98	 14.47	 15.55	 | 28.81 max

train losses     74:	0.2986	0.2939	0.3389	0.3382	0.3392	0.3295	0.3516	0.3556	0.4868	0.4962	0.5443	0.5558	
val losses       74:	0.3574	0.3698	0.3348	0.3208	 0.536	0.5491	0.4212	0.4021	 1.081	 1.037	 1.295	 1.286	 | 0.6659 mean
                     	0.8723	0.8616	0.8483	0.8288	 1.218	 1.106	 1.109	  1.08	 2.623	 2.219	 3.677	 3.693	 | 2.037 quantile
                      	 25.14	 29.22	 3.274	 2.754	 23.51	 26.06	 4.423	 3.896	 19.89	 19.17	 15.01	 16.05	 | 29.22 max

train losses     76:	0.2963	0.2913	0.3372	0.3367	0.3368	0.3264	0.3476	0.3516	0.4794	0.4905	  0.53	0.5403	
val losses       76:	0.3572	0.3662	0.3344	0.3204	0.5359	0.5469	0.4211	0.4022	 1.085	 1.042	 1.293	 1.284	 | 0.6657 mean
                     	 0.874	0.8453	0.8456	0.8274	 1.217	 1.101	 1.117	 1.085	 2.647	 2.221	 3.675	 3.685	 | 2.032 quantile
                      	 25.16	 29.39	 3.282	 2.838	 23.78	 26.39	 4.364	 3.958	 20.11	 19.39	 15.52	 16.55	 | 29.39 max

train losses     78:	0.2936	0.2898	 0.336	0.3353	0.3357	0.3245	0.3449	0.3484	0.4753	0.4835	0.5166	0.5283	
val losses       78:	0.3551	0.3639	0.3344	0.3198	0.5371	0.5471	 0.421	0.4015	 1.089	 1.048	 1.296	 1.289	 | 0.6668 mean
                     	 0.869	0.8422	0.8414	0.8245	  1.22	 1.098	 1.112	  1.08	 2.645	 2.243	   3.7	 3.701	 | 2.039 quantile
                      	 25.32	 29.68	 3.267	 2.871	 24.09	 26.73	 4.301	 4.023	 20.25	 19.56	 15.96	 16.97	 | 29.68 max

train losses     80:	0.2904	0.2876	0.3344	 0.333	  0.33	0.3213	0.3423	0.3449	0.4724	0.4798	 0.513	0.5236	
val losses       80:	0.3551	0.3626	0.3345	0.3196	0.5393	0.5498	0.4213	0.4012	  1.09	 1.048	 1.298	 1.292	 | 0.6675 mean
                     	0.8671	0.8345	0.8417	0.8244	 1.223	 1.103	 1.109	 1.082	 2.654	 2.248	 3.713	 3.708	 | 2.045 quantile
                      	 25.48	 29.92	 3.267	 2.913	 24.32	 26.99	  4.27	 4.137	 20.31	 19.66	 16.44	 17.44	 | 29.92 max

train losses     82:	0.2886	 0.287	0.3338	0.3325	0.3273	0.3191	0.3389	0.3413	0.4667	0.4722	0.5079	0.5203	
val losses       82:	0.3533	0.3643	0.3341	0.3188	0.5414	0.5501	0.4211	0.4004	 1.097	 1.052	 1.315	  1.31	 | 0.6714 mean
                     	0.8638	0.8313	0.8439	0.8187	  1.22	 1.121	 1.111	 1.086	  2.67	 2.236	 3.738	 3.708	 | 2.033 quantile
                      	 25.64	  30.0	 3.264	  2.96	  24.5	 27.25	 4.233	 4.182	 20.29	 19.72	 16.27	 17.24	 | 30.0 max

train losses     84:	0.2878	0.2844	0.3323	0.3306	0.3253	0.3165	0.3367	0.3398	0.4591	0.4688	0.5018	0.5128	
val losses       84:	0.3522	0.3622	0.3339	0.3184	0.5405	0.5477	0.4213	0.4003	   1.1	 1.055	 1.307	 1.298	 | 0.6697 mean
                     	0.8591	0.8328	0.8417	0.8239	  1.21	 1.093	  1.11	 1.087	 2.673	 2.245	 3.698	 3.702	 | 2.039 quantile
                      	 25.83	 30.19	 3.254	 2.986	 24.89	 27.64	 4.218	 4.229	 20.32	 19.81	 16.59	 17.59	 | 30.19 max

train losses     86:	0.2873	0.2833	0.3314	0.3294	0.3213	0.3131	0.3337	0.3365	0.4585	0.4646	0.5095	0.5211	
val losses       86:	0.3511	0.3614	0.3336	0.3179	0.5405	0.5497	0.4216	0.4005	 1.098	 1.056	 1.301	 1.292	 | 0.6686 mean
                     	0.8575	0.8294	0.8439	0.8216	 1.204	 1.099	 1.111	 1.084	 2.651	 2.242	 3.734	 3.719	 | 2.049 quantile
                      	 25.85	 30.28	 3.221	 3.022	 24.99	 27.71	 4.149	 4.338	 20.55	 20.02	 17.04	 18.07	 | 30.28 max

train losses     88:	0.2856	0.2838	0.3296	0.3275	 0.322	0.3133	0.3321	0.3348	0.4535	0.4607	0.5429	0.5522	
val losses       88:	0.3519	0.3615	0.3338	0.3181	0.5439	 0.548	0.4222	 0.401	 1.105	 1.062	 1.327	 1.322	 | 0.6747 mean
                     	0.8682	0.8413	0.8404	 0.823	  1.22	 1.095	 1.109	 1.087	 2.662	 2.279	 3.772	 3.752	 | 2.036 quantile
                      	 26.04	 30.47	 3.256	 3.072	 25.15	 27.94	 4.088	 4.356	 20.77	 20.26	 16.56	 17.56	 | 30.47 max

train losses     90:	0.2841	0.2791	0.3295	0.3264	0.3202	0.3126	  0.33	0.3336	0.4519	0.4589	0.5619	0.5716	
val losses       90:	0.3529	0.3625	0.3338	0.3176	0.5461	0.5514	0.4235	0.4018	 1.106	 1.063	 1.357	 1.356	 | 0.6809 mean
                     	0.8715	0.8362	0.8422	0.8241	 1.215	 1.082	 1.117	 1.095	 2.676	 2.263	  3.75	 3.768	 | 2.058 quantile
                      	 26.19	  30.6	   3.3	 3.097	 25.34	 28.19	 4.124	 4.407	 20.83	 20.38	 16.53	 17.54	 | 30.6 max

train losses     92:	 0.282	0.2798	0.3286	0.3256	0.3184	0.3099	0.3289	 0.331	0.4481	0.4562	0.5856	0.5943	
val losses       92:	0.3532	0.3653	0.3338	0.3177	0.5467	 0.554	0.4265	 0.404	 1.112	  1.07	   1.4	 1.402	 | 0.6904 mean
                     	0.8655	0.8429	0.8391	0.8247	 1.212	 1.099	 1.117	   1.1	 2.657	 2.284	 3.833	 3.817	 | 2.11 quantile
                      	 26.27	 30.71	 3.318	 3.081	 25.59	 28.41	 4.155	 4.439	 20.76	 20.33	 16.41	  17.4	 | 30.71 max

train losses     94:	0.2823	0.2793	0.3275	0.3251	0.3166	0.3083	0.3264	0.3295	0.4464	0.4544	0.5899	0.5991	
val losses       94:	0.3539	0.3649	0.3341	 0.318	0.5526	0.5554	0.4296	0.4057	 1.116	 1.071	 1.537	 1.549	 | 0.7157 mean
                     	0.8632	0.8447	0.8417	0.8228	  1.22	 1.102	  1.13	 1.114	 2.685	 2.316	 3.983	 3.984	 | 2.264 quantile
                      	 26.53	 31.01	 3.351	 3.153	 25.96	 28.81	 4.133	 4.407	 20.82	 20.46	 15.62	 16.63	 | 31.01 max

train losses     96:	0.2789	0.2788	0.3268	0.3234	0.3155	0.3093	0.3257	0.3275	 0.447	0.4512	0.5537	0.5661	
val losses       96:	0.3521	0.3617	 0.334	0.3178	0.5504	0.5583	0.4274	0.4046	  1.11	 1.059	 1.415	 1.416	 | 0.6923 mean
                     	0.8646	0.8306	0.8414	0.8232	 1.186	 1.098	 1.124	 1.112	 2.674	 2.293	 3.783	 3.712	 | 2.142 quantile
                      	 26.69	 31.33	  3.33	 3.193	 26.17	 28.92	 4.292	 4.514	 21.12	 20.72	 16.35	  17.4	 | 31.33 max

train losses     98:	0.2816	0.2775	 0.326	0.3224	0.3146	0.3079	0.3234	0.3251	0.4455	0.4519	0.6049	0.6112	
val losses       98:	0.3545	0.3654	0.3334	0.3168	0.5615	  0.56	 0.425	0.4027	 1.132	 1.075	 1.378	 1.368	 | 0.6894 mean
                     	0.8705	0.8649	0.8435	0.8195	 1.247	 1.129	 1.108	 1.094	 2.705	 2.251	 3.738	 3.744	 | 2.133 quantile
                      	 26.67	 31.32	  3.33	 3.255	  26.2	  28.9	 4.287	 4.534	 20.87	 20.55	 15.97	 16.95	 | 31.32 max

train losses    100:	0.2812	0.2774	0.3248	0.3216	0.3155	0.3088	0.3212	0.3242	0.4459	0.4511	0.6912	0.6964	
val losses      100:	0.3546	0.3651	0.3339	0.3173	0.5566	0.5596	0.4296	0.4068	  1.12	 1.065	  1.48	 1.462	 | 0.7043 mean
                     	0.8712	0.8635	0.8458	0.8232	 1.243	 1.108	 1.104	 1.092	  2.63	 2.253	 3.816	 3.805	 | 2.285 quantile
                      	 26.93	 31.55	  3.38	  3.26	 26.36	 29.12	 4.397	 4.634	 21.02	 20.71	 16.37	 17.35	 | 31.55 max

train losses    102:	0.2788	0.2752	0.3249	0.3206	0.3137	0.3059	0.3205	0.3233	0.4418	0.4492	0.6091	0.6182	
val losses      102:	0.3522	0.3576	0.3352	0.3193	0.5532	0.5578	 0.436	0.4117	  1.11	 1.077	 1.388	  1.37	 | 0.6891 mean
                     	0.8522	0.8261	0.8419	0.8324	 1.137	 1.048	 1.133	 1.106	 2.667	  2.45	 3.905	 3.897	 | 2.185 quantile
                      	 27.29	 31.96	 3.525	 3.266	 27.02	 29.85	 4.554	 4.804	 21.53	 21.19	 15.93	 17.02	 | 31.96 max

train losses    104:	0.2792	0.2765	0.3238	0.3204	0.3108	0.3072	0.3177	0.3204	0.4459	0.4532	0.5484	0.5606	
val losses      104:	0.3541	0.3659	 0.334	0.3179	0.5601	0.5705	0.4326	0.4094	 1.151	 1.102	 1.391	 1.383	 | 0.6977 mean
                     	0.8666	0.8576	0.8435	0.8234	 1.176	 1.128	 1.131	 1.118	 2.717	 2.378	 3.846	 3.851	 | 2.142 quantile
                      	 26.99	 31.89	 3.286	 3.315	 26.64	 29.27	 4.511	 4.622	 21.76	 21.49	 15.61	 16.71	 | 31.89 max

train losses    106:	0.2772	0.2753	0.3232	0.3188	  0.31	0.3054	0.3153	0.3179	0.4505	0.4586	0.4795	0.4871	
val losses      106:	0.3526	0.3597	0.3345	0.3185	0.5597	0.5594	0.4307	0.4099	 1.157	 1.114	 1.345	 1.342	 | 0.6902 mean
                     	0.8561	0.8335	 0.842	0.8236	 1.196	 1.097	 1.126	 1.098	 2.776	 2.492	 3.758	 3.737	 | 2.117 quantile
                      	 27.22	 32.23	 3.402	 3.421	 26.98	 29.58	 4.636	 4.861	 21.42	 21.18	 16.44	 17.43	 | 32.23 max

train losses    108:	 0.277	0.2748	0.3223	0.3185	 0.309	0.3024	0.3121	0.3147	0.4421	0.4499	0.4523	0.4592	
val losses      108:	0.3516	 0.357	0.3344	0.3177	0.5579	0.5625	0.4312	0.4093	 1.153	 1.109	 1.297	 1.288	 | 0.6806 mean
                     	0.8435	0.8284	0.8452	0.8239	 1.175	 1.079	 1.113	 1.093	 2.755	 2.454	 3.646	 3.619	 | 2.074 quantile
                      	 27.69	 32.57	 3.301	 3.515	 27.24	 29.81	 4.779	 4.944	 21.48	 21.28	  17.2	 18.07	 | 32.57 max

train losses    110:	0.2747	0.2718	0.3207	 0.317	0.3059	0.3004	 0.309	0.3117	0.4312	0.4398	0.4375	0.4466	
val losses      110:	0.3488	0.3576	0.3339	0.3175	 0.556	0.5589	0.4341	0.4101	 1.134	 1.095	 1.298	  1.29	 | 0.6779 mean
                     	0.8274	0.8409	0.8431	0.8228	 1.186	 1.078	 1.129	 1.088	 2.672	 2.413	 3.658	 3.612	 | 2.106 quantile
                      	 27.57	 32.31	 3.406	 3.534	 27.22	 29.82	 4.899	 5.188	 21.24	 21.05	 17.65	 18.51	 | 32.31 max

train losses    112:	0.2737	 0.271	0.3202	0.3162	0.3031	0.2981	0.3081	0.3104	 0.428	0.4353	0.4269	0.4378	
val losses      112:	0.3498	 0.353	0.3344	0.3171	0.5566	0.5579	0.4307	0.4082	 1.122	 1.074	 1.298	 1.289	 | 0.6743 mean
                     	 0.841	0.8289	0.8409	0.8221	 1.179	  1.06	 1.128	 1.088	 2.658	 2.399	 3.655	 3.628	 | 2.09 quantile
                      	 27.59	 32.38	 3.502	 3.601	 27.48	  30.1	 4.893	 5.168	  21.5	 21.36	 17.76	 18.62	 | 32.38 max

train losses    114:	0.2713	0.2703	0.3196	0.3152	0.3011	0.2988	0.3065	0.3087	0.4338	0.4414	0.4223	0.4325	
val losses      114:	0.3492	0.3567	0.3344	0.3166	0.5593	0.5632	 0.432	0.4089	 1.133	  1.08	 1.312	 1.302	 | 0.6789 mean
                     	0.8448	0.8465	0.8388	0.8172	 1.212	 1.088	 1.125	 1.094	 2.685	 2.346	 3.644	 3.647	 | 2.095 quantile
                      	 27.44	 32.35	 3.512	 3.619	 27.41	 30.01	  4.96	 5.188	 21.38	 21.28	 17.75	 18.55	 | 32.35 max

train losses    116:	0.2701	0.2691	0.3186	0.3144	0.3001	 0.298	0.3045	0.3056	0.4316	0.4397	0.4329	 0.441	
val losses      116:	 0.349	0.3545	0.3344	0.3164	0.5607	0.5639	0.4336	0.4111	  1.14	 1.087	 1.309	 1.302	 | 0.6801 mean
                     	0.8339	0.8459	0.8405	0.8193	 1.207	 1.093	 1.135	 1.094	 2.706	 2.355	 3.657	 3.626	 | 2.114 quantile
                      	 27.55	 32.52	   3.6	 3.645	 27.49	 30.15	 5.073	 5.361	  21.3	 21.24	 18.23	 18.98	 | 32.52 max

train losses    118:	0.2688	0.2681	0.3178	0.3137	0.3002	0.2972	0.3022	0.3041	0.4194	0.4267	0.4413	0.4492	
val losses      118:	0.3473	0.3537	0.3348	0.3168	0.5652	0.5662	0.4357	0.4134	 1.143	 1.091	 1.336	 1.332	 | 0.6863 mean
                     	 0.843	0.8356	0.8386	 0.817	 1.215	 1.098	 1.127	 1.105	 2.709	 2.387	 3.671	 3.683	 | 2.108 quantile
                      	 27.61	 32.56	 3.623	 3.694	 27.62	 30.31	  5.12	  5.35	 21.34	 21.36	 17.99	 18.76	 | 32.56 max

train losses    120:	0.2685	0.2651	0.3178	 0.313	0.2998	0.2955	0.2986	0.3002	0.4124	0.4203	0.4348	0.4433	
val losses      120:	0.3471	0.3539	0.3344	0.3166	0.5633	0.5639	0.4339	0.4117	  1.13	 1.078	 1.338	 1.336	 | 0.6839 mean
                     	0.8403	0.8314	0.8392	0.8138	 1.202	 1.098	 1.129	 1.095	 2.654	 2.378	 3.679	  3.67	 | 2.115 quantile
                      	 27.77	 32.75	 3.646	 3.759	 27.81	  30.5	 5.223	 5.404	 21.57	 21.59	 18.03	  18.8	 | 32.75 max

train losses    122:	0.2676	 0.266	0.3165	0.3118	0.2963	0.2923	0.2964	0.2976	0.4145	0.4213	0.4213	0.4321	
val losses      122:	0.3453	0.3538	0.3344	0.3164	0.5595	0.5621	0.4345	0.4113	 1.131	 1.085	 1.346	 1.345	 | 0.6854 mean
                     	0.8297	0.8328	0.8367	0.8105	 1.201	 1.107	 1.127	 1.095	 2.651	 2.404	 3.663	 3.661	 | 2.098 quantile
                      	 27.79	 32.76	  3.69	  3.83	 27.81	 30.53	  5.37	 5.515	 21.69	 21.74	 17.66	 18.43	 | 32.76 max

train losses    124:	0.2665	0.2647	 0.315	0.3103	0.2944	0.2894	0.2937	0.2947	0.4158	0.4203	0.4173	0.4262	
val losses      124:	 0.345	0.3532	0.3344	0.3164	0.5597	0.5617	0.4335	0.4105	 1.149	 1.103	 1.331	 1.325	 | 0.6852 mean
                     	0.8342	0.8371	0.8386	0.8129	 1.202	 1.114	 1.119	 1.085	 2.708	 2.452	  3.64	 3.614	 | 2.089 quantile
                      	 27.86	 32.88	  3.71	 3.852	 27.88	 30.59	 5.424	 5.581	 21.58	 21.65	 17.71	 18.46	 | 32.88 max

train losses    126:	0.2653	0.2638	0.3149	0.3099	0.2936	0.2877	0.2935	0.2948	0.4093	 0.418	0.4317	0.4419	
val losses      126:	0.3443	0.3514	0.3345	0.3163	0.5572	0.5603	0.4356	 0.413	 1.155	 1.113	 1.315	 1.304	 | 0.6832 mean
                     	0.8378	 0.825	0.8359	0.8129	 1.177	 1.082	 1.129	  1.08	 2.723	 2.476	 3.623	  3.58	 | 2.089 quantile
                      	 27.91	 32.98	 3.767	 3.898	 27.82	 30.54	 5.501	 5.702	 21.61	  21.7	 18.13	 18.88	 | 32.98 max

train losses    128:	0.2638	0.2619	0.3142	0.3089	0.2924	0.2868	0.2926	0.2935	0.4054	0.4124	 0.439	0.4473	
val losses      128:	0.3425	0.3492	0.3346	0.3164	 0.554	0.5575	0.4358	0.4134	 1.146	 1.108	 1.318	 1.306	 | 0.6818 mean
                     	 0.827	0.8214	0.8398	0.8135	 1.134	 1.047	 1.132	 1.081	 2.694	 2.455	 3.624	 3.593	 | 2.104 quantile
                      	 27.93	 33.05	 3.842	 3.939	 28.11	  30.8	 5.589	 5.784	 21.73	 21.81	 18.46	 19.18	 | 33.05 max

train losses    130:	0.2633	0.2609	0.3138	0.3082	0.2909	0.2866	0.2895	  0.29	0.4052	0.4103	0.4372	0.4438	
val losses      130:	0.3438	0.3504	0.3343	0.3159	0.5548	0.5576	0.4346	0.4122	 1.136	 1.092	  1.34	  1.33	 | 0.6834 mean
                     	0.8286	0.8266	 0.837	0.8089	 1.154	  1.06	 1.133	 1.087	 2.659	 2.419	 3.656	 3.628	 | 2.134 quantile
                      	  28.0	  33.2	 3.918	 3.967	 28.29	 30.93	 5.628	 5.848	 21.64	 21.74	 18.48	 19.16	 | 33.2 max

train losses    132:	0.2624	  0.26	0.3126	0.3078	0.2897	0.2863	0.2874	0.2886	0.4111	 0.418	0.4234	0.4311	
val losses      132:	0.3429	0.3499	0.3346	0.3157	0.5577	0.5607	0.4363	0.4149	 1.127	 1.074	 1.334	 1.326	 | 0.6812 mean
                     	0.8212	0.8312	0.8399	0.8081	 1.151	 1.064	 1.135	 1.095	 2.613	 2.332	 3.631	 3.585	 | 2.137 quantile
                      	 27.96	 33.31	 3.975	 3.994	 28.32	  31.0	 5.645	  5.91	 21.54	 21.62	 18.94	 19.61	 | 33.31 max

train losses    134:	0.2613	0.2618	0.3124	0.3072	0.2892	0.2837	0.2856	0.2869	0.4277	0.4342	0.4123	0.4216	
val losses      134:	0.3435	0.3506	0.3349	0.3158	0.5642	0.5632	0.4377	0.4148	 1.153	 1.091	 1.318	 1.309	 | 0.683 mean
                     	0.8274	0.8282	 0.842	0.8085	 1.183	 1.076	 1.134	 1.093	 2.689	 2.333	 3.645	 3.614	 | 2.134 quantile
                      	 28.06	 33.48	  4.04	 4.033	  28.5	 31.19	  5.72	 5.984	 21.61	 21.65	 18.95	 19.59	 | 33.48 max

train losses    136:	0.2604	0.2599	0.3121	0.3062	0.2879	0.2851	0.2867	0.2878	0.4334	0.4419	0.4145	 0.422	
val losses      136:	0.3439	0.3525	0.3348	0.3159	0.5699	0.5692	0.4407	0.4179	 1.173	 1.109	 1.316	 1.306	 | 0.6875 mean
                     	0.8331	0.8409	0.8439	0.8043	 1.212	 1.088	 1.139	 1.098	 2.775	 2.362	 3.676	  3.64	 | 2.132 quantile
                      	 28.21	  33.6	 4.126	 4.076	 28.62	 31.24	 5.762	  6.06	 21.55	  21.6	 19.05	 19.66	 | 33.6 max

train losses    138:	0.2605	0.2614	0.3113	0.3064	0.2879	0.2861	0.2858	0.2868	0.4248	0.4365	0.4277	0.4339	
val losses      138:	0.3429	0.3523	0.3349	0.3161	0.5665	0.5693	0.4431	0.4204	 1.187	 1.132	 1.332	 1.327	 | 0.6936 mean
                     	0.8257	0.8391	 0.839	0.8058	 1.187	  1.08	 1.138	 1.103	 2.837	 2.477	 3.672	  3.69	 | 2.156 quantile
                      	 28.31	 33.75	 4.158	 4.134	 28.71	 31.35	 5.913	 6.226	 21.54	 21.66	 18.69	 19.25	 | 33.75 max

train losses    140:	0.2606	0.2593	0.3112	 0.306	0.2899	0.2878	0.2816	0.2838	0.4095	0.4203	0.4142	0.4228	
val losses      140:	0.3424	0.3488	0.3352	0.3162	 0.566	0.5689	0.4389	0.4156	 1.158	 1.104	 1.335	 1.334	 | 0.6886 mean
                     	0.8185	0.8276	0.8402	0.8061	 1.184	 1.073	 1.129	 1.094	 2.768	 2.443	  3.65	 3.669	 | 2.135 quantile
                      	 28.26	 33.84	  4.24	 4.183	 28.77	 31.45	 6.029	 6.369	 21.46	 21.63	 18.44	 19.03	 | 33.84 max

train losses    142:	0.2603	0.2589	  0.31	0.3039	0.2913	0.2895	0.2807	 0.282	0.4125	0.4206	0.3953	0.4038	
val losses      142:	0.3439	0.3506	0.3351	0.3158	0.5728	 0.571	0.4383	0.4165	 1.144	 1.085	 1.336	 1.337	 | 0.6871 mean
                     	0.8298	0.8295	0.8325	0.8047	 1.199	 1.105	 1.126	 1.104	 2.642	 2.365	 3.623	 3.642	 | 2.117 quantile
                      	 28.14	  33.8	 4.285	 4.218	 28.91	 31.52	 6.064	 6.387	 21.49	 21.69	 18.33	 18.92	 | 33.8 max

train losses    144:	0.2585	0.2571	0.3107	0.3039	0.2898	0.2877	0.2779	0.2794	0.4302	0.4406	0.3928	0.4033	
val losses      144:	 0.344	0.3533	0.3344	0.3156	0.5622	0.5643	0.4375	0.4154	 1.163	  1.11	 1.334	 1.333	 | 0.6888 mean
                     	0.8198	0.8482	0.8341	0.8004	 1.186	 1.105	 1.124	 1.097	 2.724	  2.49	 3.608	 3.612	 | 2.105 quantile
                      	 28.21	 33.86	 4.382	 4.284	 28.86	 31.48	 6.159	 6.479	 21.56	 21.72	 18.24	 18.81	 | 33.86 max

train losses    146:	0.2585	0.2566	0.3085	0.3025	0.2862	0.2821	0.2773	0.2783	0.4323	0.4421	0.3901	0.4009	
val losses      146:	 0.347	0.3579	0.3345	0.3156	0.5625	0.5665	0.4393	0.4163	 1.196	 1.145	 1.318	 1.312	 | 0.6925 mean
                     	0.8382	0.8552	0.8349	0.7981	 1.185	 1.109	 1.126	 1.092	 2.798	 2.565	 3.573	  3.59	 | 2.119 quantile
                      	 28.32	 34.12	 4.468	 4.343	 29.08	 31.74	 6.247	 6.586	 21.46	 21.61	 18.47	 18.99	 | 34.12 max

train losses    148:	0.2566	0.2565	0.3083	0.3024	0.2817	0.2803	 0.275	0.2767	0.4169	0.4259	0.3899	0.3988	
val losses      148:	 0.343	0.3497	0.3353	0.3164	0.5599	0.5615	0.4437	0.4213	 1.189	 1.139	 1.303	 1.295	 | 0.688 mean
                     	0.8161	0.8418	0.8348	0.8016	 1.142	  1.06	 1.125	 1.091	 2.798	 2.573	 3.546	 3.553	 | 2.111 quantile
                      	 28.58	 34.41	 4.562	 4.429	 29.32	 32.03	  6.38	 6.759	 21.23	 21.36	  18.7	 19.23	 | 34.41 max

train losses    150:	0.2554	 0.255	0.3076	 0.301	0.2808	0.2793	0.2754	0.2764	0.3973	0.4033	0.3811	0.3899	
val losses      150:	0.3409	 0.348	0.3358	0.3166	0.5632	0.5623	0.4423	0.4197	 1.147	   1.1	 1.304	 1.298	 | 0.6815 mean
                     	0.8169	0.8266	0.8377	0.8026	 1.156	 1.051	 1.136	 1.093	  2.65	 2.458	 3.554	 3.556	 | 2.09 quantile
                      	 28.55	 34.42	 4.595	 4.439	 29.23	 31.99	 6.373	 6.777	 21.08	 21.23	 18.85	 19.37	 | 34.42 max

train losses    152:	0.2559	0.2532	0.3073	0.3008	0.2805	0.2773	0.2724	0.2726	0.3951	0.4029	0.3665	 0.375	
val losses      152:	0.3389	0.3474	0.3356	0.3163	0.5579	0.5604	 0.444	0.4217	 1.136	 1.079	 1.309	 1.305	 | 0.6793 mean
                     	0.8037	0.8368	0.8402	0.8017	 1.151	 1.059	 1.141	 1.095	 2.621	 2.365	 3.578	 3.581	 | 2.1 quantile
                      	 28.44	 34.46	 4.652	 4.481	  29.3	 32.05	 6.411	 6.829	 21.06	 21.24	 19.03	 19.54	 | 34.46 max

train losses    154:	0.2552	 0.253	0.3067	0.3003	0.2789	0.2769	0.2694	 0.271	0.4006	0.4055	0.3653	0.3733	
val losses      154:	0.3394	0.3473	0.3359	0.3158	0.5598	0.5604	0.4452	0.4231	 1.131	 1.073	 1.307	 1.301	 | 0.6782 mean
                     	0.8088	0.8312	0.8403	 0.802	  1.16	  1.05	 1.127	 1.104	 2.671	 2.359	 3.554	 3.583	 | 2.103 quantile
                      	 28.47	 34.57	 4.715	 4.504	 29.38	 32.16	 6.464	 6.912	  20.8	 20.94	 19.18	 19.67	 | 34.57 max

train losses    156:	0.2528	0.2527	0.3064	0.2999	0.2784	0.2764	0.2702	0.2696	0.3988	0.4042	0.3705	0.3783	
val losses      156:	0.3383	0.3494	0.3349	0.3147	0.5611	0.5613	0.4453	0.4231	 1.162	 1.094	 1.302	 1.298	 | 0.6819 mean
                     	0.8036	0.8419	0.8422	0.7989	 1.167	 1.055	 1.123	 1.098	 2.732	  2.37	 3.573	 3.567	 | 2.129 quantile
                      	 28.42	 34.59	 4.738	 4.477	 29.51	 32.32	 6.493	 6.932	 20.93	 21.07	 19.44	 19.92	 | 34.59 max

train losses    158:	 0.253	0.2533	0.3057	0.2986	0.2794	0.2776	0.2687	0.2687	0.3836	 0.391	 0.371	0.3798	
val losses      158:	0.3391	 0.347	0.3354	0.3156	 0.564	0.5643	0.4441	0.4209	 1.139	 1.078	 1.306	   1.3	 | 0.6795 mean
                     	0.8064	0.8337	0.8377	 0.796	 1.183	 1.063	 1.123	 1.099	 2.659	 2.369	 3.543	 3.566	 | 2.097 quantile
                      	 28.52	 34.78	 4.841	 4.583	 29.62	 32.48	 6.619	 7.103	 20.74	 20.87	 19.12	 19.57	 | 34.78 max

train losses    160:	 0.252	0.2521	0.3051	0.2983	0.2782	 0.278	0.2678	0.2687	0.3822	0.3897	 0.374	0.3806	
val losses      160:	0.3373	0.3458	0.3359	0.3154	0.5662	0.5661	0.4446	0.4217	 1.142	 1.081	 1.318	  1.31	 | 0.682 mean
                     	0.7988	0.8276	0.8377	 0.798	 1.201	 1.087	 1.134	 1.093	 2.651	 2.349	  3.56	 3.562	 | 2.092 quantile
                      	 28.42	 34.75	 4.861	 4.622	 29.61	 32.44	 6.665	 7.105	 20.95	 21.09	 18.97	  19.4	 | 34.75 max

train losses    162:	0.2527	0.2518	 0.305	0.2981	0.2817	0.2828	 0.268	 0.268	0.3851	0.3917	0.3762	0.3833	
val losses      162:	0.3366	0.3462	0.3357	0.3151	0.5571	0.5605	 0.446	0.4241	 1.166	   1.1	 1.321	 1.313	 | 0.6851 mean
                     	0.8004	0.8406	0.8406	0.7969	 1.158	 1.056	 1.123	   1.1	 2.663	 2.365	 3.596	 3.564	 | 2.135 quantile
                      	  28.3	 34.73	 4.943	  4.64	 29.57	 32.34	 6.618	 7.074	 21.19	 21.36	 19.45	  19.9	 | 34.73 max

train losses    164:	0.2517	0.2518	0.3038	0.2966	  0.28	 0.278	0.2653	0.2669	0.3863	 0.395	0.3883	0.3959	
val losses      164:	0.3363	0.3486	0.3359	0.3156	0.5572	0.5604	0.4456	0.4228	 1.156	  1.11	 1.339	 1.333	 | 0.6883 mean
                     	0.8069	0.8353	0.8397	0.7988	 1.176	 1.082	 1.122	 1.101	 2.692	 2.465	 3.565	 3.591	 | 2.111 quantile
                      	 28.35	 34.93	 5.018	 4.749	 29.62	 32.45	 6.745	  7.23	 20.78	 20.88	 18.72	 19.11	 | 34.93 max

train losses    166:	0.2518	0.2507	0.3034	0.2958	0.2792	0.2778	0.2654	0.2656	0.3804	0.3852	0.4711	0.4766	
val losses      166:	0.3355	0.3458	0.3358	0.3151	0.5584	0.5613	0.4462	0.4245	 1.149	 1.096	  1.32	  1.31	 | 0.6833 mean
                     	 0.801	 0.821	0.8361	0.7969	 1.174	 1.073	 1.119	 1.102	 2.609	 2.399	 3.543	 3.531	 | 2.1 quantile
                      	 28.33	 34.99	 5.135	 4.822	 29.64	 32.51	 6.791	  7.28	 21.11	 21.21	 19.16	 19.58	 | 34.99 max

train losses    168:	0.2522	0.2505	0.3028	0.2951	0.2783	0.2762	0.2634	0.2648	0.4008	0.4045	0.4556	0.4615	
val losses      168:	0.3358	0.3445	0.3364	0.3151	0.5612	0.5617	 0.445	0.4215	 1.158	 1.099	 1.372	 1.365	 | 0.693 mean
                     	0.8062	0.8243	0.8335	0.7955	 1.139	 1.046	 1.118	 1.098	 2.623	 2.422	 3.651	 3.634	 | 2.199 quantile
                      	 28.45	 35.16	 5.129	 4.798	 29.82	 32.79	 6.692	 7.168	 21.38	 21.47	 19.28	 19.74	 | 35.16 max

train losses    170:	0.2521	0.2512	0.3036	0.2958	0.2787	 0.274	0.2636	0.2646	0.4176	0.4164	0.4886	0.4956	
val losses      170:	 0.339	0.3496	0.3364	0.3156	0.5583	0.5605	0.4426	  0.42	  1.15	 1.106	 1.375	 1.367	 | 0.6933 mean
                     	0.8099	0.8371	0.8389	0.7996	 1.165	  1.06	 1.122	 1.104	 2.757	  2.54	 3.671	 3.699	 | 2.172 quantile
                      	 28.17	 34.88	 5.138	 4.842	 29.93	 32.92	 6.782	 7.275	 20.47	 20.42	  17.9	 18.27	 | 34.88 max

train losses    172:	0.2697	0.2678	0.3072	0.3008	 0.295	0.2965	0.2929	0.2957	0.5962	0.5972	 0.761	0.7695	
val losses      172:	0.3646	0.3922	  0.34	0.3195	0.6137	0.6282	0.4533	0.4304	 1.272	 1.163	 1.697	 1.696	 | 0.7808 mean
                     	0.8814	0.9615	0.8433	0.7988	  1.39	 1.314	  1.14	 1.098	  3.15	 2.726	 4.339	 4.468	 | 2.687 quantile
                      	  26.5	 33.52	 5.109	 4.789	 28.97	  32.0	 6.539	 6.959	  19.8	 19.61	 14.24	 14.46	 | 33.52 max

train losses    174:	0.3802	 0.417	  0.35	0.3516	0.4614	0.4867	0.4123	0.4193	0.9561	0.9144	  2.02	 2.016	
val losses      174:	 0.927	 1.256	0.4133	0.4042	0.7433	0.7589	0.5049	0.4878	 2.212	 2.503	 1.922	 1.924	 | 1.171 mean
                     	 2.066	 2.597	 1.034	0.9927	 1.885	 2.087	 1.296	 1.261	 5.943	 6.239	 4.819	 4.901	 | 3.809 quantile
                      	 16.72	  21.7	 4.359	 4.263	  20.9	 22.47	 4.848	 5.068	 21.92	 20.63	 7.189	 7.097	 | 22.47 max

train losses    176:	0.4603	0.5323	0.3316	0.3279	0.5666	0.5991	0.4365	0.4397	 1.304	 1.324	  1.33	 1.325	
val losses      176:	0.4983	0.5717	0.3354	0.3178	0.8246	0.8657	0.4851	0.4758	 2.239	 2.144	 2.159	 2.146	 | 1.089 mean
                     	 1.431	 1.619	0.8734	 0.809	 2.342	 2.417	  1.25	 1.216	 6.844	 6.681	 5.265	 5.362	 | 4.024 quantile
                      	 11.39	 11.68	  4.24	 4.249	 11.76	 13.44	 6.246	 5.597	 12.44	 12.98	 8.552	 8.112	 | 13.44 max

train losses    178:	 0.471	0.5264	0.3417	0.3371	0.5801	0.6107	0.4697	0.4747	 1.332	 1.357	 1.328	 1.326	
val losses      178:	0.4804	0.5406	0.3367	0.3173	0.8099	0.8506	0.4891	0.4803	 2.156	 2.075	 2.168	 2.153	 | 1.071 mean
                     	 1.347	 1.535	0.8786	0.8073	 2.287	  2.31	 1.232	 1.203	 6.284	 6.178	 5.271	 5.345	 | 3.938 quantile
                      	 11.56	  9.37	 3.266	 3.121	 11.53	 13.01	 6.182	 5.377	 12.75	 12.86	 8.514	 8.117	 | 13.01 max

train losses    180:	0.5447	0.5178	 0.345	0.3398	0.5877	0.6172	0.4637	0.4711	 1.262	 1.248	 1.323	  1.32	
val losses      180:	0.4787	0.5358	0.3355	0.3172	0.8009	0.8355	0.4824	0.4731	 2.169	 2.076	 2.168	 2.152	 | 1.069 mean
                     	 1.333	 1.546	0.8772	0.8064	 2.238	 2.306	 1.222	 1.191	 6.423	  6.26	 5.262	  5.34	 | 3.937 quantile
                      	  12.0	 9.545	 2.567	 2.539	 11.39	 13.01	 5.768	 4.969	 12.78	 12.32	 8.511	 8.116	 | 13.01 max

train losses    182:	0.4711	0.5187	0.3419	0.3413	0.5682	0.5932	0.4507	0.4631	 1.149	 1.163	 1.307	 1.302	
val losses      182:	 0.487	0.5412	0.3342	0.3165	0.7971	0.8389	0.4783	0.4698	  2.07	 1.977	 2.168	 2.152	 | 1.053 mean
                     	 1.398	 1.558	0.8714	0.7999	 2.246	 2.265	 1.199	 1.179	 6.042	 5.826	 5.269	 5.356	 | 3.879 quantile
                      	 9.327	 8.687	 2.205	 1.876	 9.709	 10.85	 4.325	 3.548	 12.74	 12.82	 8.521	 8.116	 | 12.82 max

train losses    184:	0.4725	0.4949	0.3418	0.3427	0.5863	0.5939	0.4597	0.4726	 1.075	 1.085	 1.252	  1.26	
val losses      184:	0.4802	0.5394	0.3388	0.3181	0.7909	0.8421	0.4838	0.4768	 1.907	 1.821	 2.169	 2.153	 | 1.027 mean
                     	 1.371	  1.52	0.8839	0.8057	 2.183	 2.245	 1.207	  1.17	 5.475	 5.322	 5.309	 5.396	 | 3.763 quantile
                      	  9.72	 9.425	   2.2	 1.755	 10.07	  11.2	  4.25	 3.535	 12.69	 12.73	 8.513	 8.111	 | 12.73 max

train losses    186:	0.4618	0.4819	0.3402	0.3373	0.5493	0.5611	0.4601	0.4697	 1.007	 1.007	 1.206	 1.217	
val losses      186:	0.4786	0.5398	0.3385	0.3189	0.7846	0.8299	0.4835	0.4781	 1.889	 1.802	 2.167	 2.151	 | 1.022 mean
                     	 1.352	 1.516	0.8833	 0.808	 2.162	 2.214	 1.206	  1.18	  5.41	 5.243	 5.274	 5.378	 | 3.758 quantile
                      	 10.94	 10.99	 2.173	 1.804	 11.59	  12.9	 4.591	 3.981	 12.59	 12.08	 8.479	 8.085	 | 12.9 max

train losses    188:	0.4503	0.4654	0.3389	0.3351	0.5154	0.5292	0.4508	0.4632	0.9558	0.9452	 1.158	 1.165	
val losses      188:	0.4994	0.5406	 0.338	0.3206	0.7391	0.7715	0.4853	0.4795	 1.802	 1.696	 2.159	 2.142	 | 0.9978 mean
                     	 1.434	 1.508	0.8871	0.8168	 1.967	 1.996	  1.21	 1.187	 5.139	 4.882	  5.28	 5.375	 | 3.675 quantile
                      	 12.44	 12.83	 2.222	 2.053	  13.5	 15.17	 5.047	 4.585	 12.25	 14.12	 8.491	 8.107	 | 15.17 max

train losses    190:	0.4397	0.4512	0.3373	0.3333	0.5012	0.5139	0.4477	0.4598	0.8954	0.8918	 1.118	  1.12	
val losses      190:	0.5185	0.5467	0.3366	0.3218	0.7237	0.7547	 0.486	0.4813	 1.657	 1.578	 2.148	 2.125	 | 0.9732 mean
                     	 1.488	  1.54	0.8744	0.8226	 1.921	 1.928	 1.226	 1.186	 4.851	 4.556	 5.231	 5.304	 | 3.574 quantile
                      	 12.41	 13.58	 2.227	  2.22	 13.43	 15.13	 5.105	 4.677	 11.22	 15.33	  8.59	 8.155	 | 15.33 max

train losses    192:	0.4252	0.4367	0.3351	 0.332	 0.486	0.5002	0.4423	0.4541	  0.85	0.8519	 1.076	 1.075	
val losses      192:	0.5396	0.5553	0.3369	 0.321	0.7016	0.7329	 0.491	0.4866	 1.538	 1.481	 2.128	 2.099	 | 0.9509 mean
                     	 1.515	 1.565	0.8764	 0.824	 1.829	 1.842	 1.246	 1.222	 4.559	 4.261	 5.212	 5.248	 | 3.464 quantile
                      	 12.29	 13.92	 2.284	 2.336	 13.48	 15.14	 5.115	 4.604	 10.87	 16.56	 8.562	 8.166	 | 16.56 max

train losses    194:	 0.421	0.4284	 0.334	0.3318	0.4724	0.4886	0.4378	0.4473	0.8179	 0.816	 1.036	 1.037	
val losses      194:	0.5606	0.5609	0.3366	0.3197	0.6642	0.6921	0.4894	0.4834	  1.46	 1.393	 2.095	 2.069	 | 0.927 mean
                     	 1.562	 1.599	0.8791	0.8236	 1.737	 1.732	 1.249	 1.222	 4.336	 3.935	 5.182	 5.187	 | 3.359 quantile
                      	 12.52	 14.21	 2.331	 2.435	 13.71	 15.42	 5.009	 4.426	 11.69	 17.48	 8.358	 8.056	 | 17.48 max

train losses    196:	0.4085	0.4162	0.3325	0.3303	0.4584	0.4753	0.4308	0.4395	0.7905	0.7859	 1.004	 1.006	
val losses      196:	0.5515	0.5545	0.3352	0.3192	0.6566	0.6837	0.4829	0.4763	 1.387	 1.329	 2.062	 2.036	 | 0.9062 mean
                     	 1.526	 1.594	 0.875	0.8239	 1.702	 1.697	 1.228	   1.2	 4.153	 3.695	 5.165	 5.087	 | 3.28 quantile
                      	 12.39	 14.23	 2.333	 2.433	 13.54	 15.38	 4.841	 4.185	 12.39	 17.92	 8.208	 8.256	 | 17.92 max

train losses    198:	0.3939	0.4035	0.3307	0.3282	0.4473	0.4658	0.4264	0.4344	0.7664	0.7644	0.9667	0.9695	
val losses      198:	0.5594	0.5591	0.3349	 0.319	0.6543	  0.68	0.4912	0.4863	 1.312	 1.268	 2.021	 1.992	 | 0.8897 mean
                     	 1.531	 1.597	0.8759	0.8252	 1.698	 1.692	 1.256	 1.225	  3.85	 3.362	 5.097	 4.964	 | 3.186 quantile
                      	  12.2	 14.49	 2.417	 2.478	 13.23	 15.35	 5.011	 4.301	 13.65	 18.41	 8.386	 8.321	 | 18.41 max

train losses    200:	0.3827	0.3912	0.3299	0.3269	0.4372	0.4556	0.4254	0.4325	0.7406	0.7379	0.9364	0.9378	
val losses      200:	0.5573	0.5557	0.3348	 0.318	0.6446	 0.665	0.4933	0.4891	 1.273	 1.232	 1.981	 1.944	 | 0.874 mean
                     	 1.533	 1.579	 0.877	0.8216	 1.693	 1.679	 1.258	 1.236	 3.557	   3.2	 5.016	 4.836	 | 3.125 quantile
                      	 12.12	  15.0	 2.537	 2.464	  13.0	  15.5	 5.144	 4.389	 14.63	 18.63	 8.597	 8.156	 | 18.63 max

train losses    202:	0.3735	0.3814	0.3285	0.3248	0.4319	 0.448	0.4192	0.4265	0.7154	0.7115	0.9073	0.9081	
val losses      202:	0.5386	0.5417	0.3345	0.3167	0.6313	0.6458	0.4841	0.4793	 1.248	 1.199	  1.93	 1.888	 | 0.853 mean
                     	 1.483	 1.543	0.8764	0.8166	 1.705	 1.681	 1.237	 1.208	 3.388	 3.011	 4.947	 4.699	 | 3.03 quantile
                      	 12.06	 15.42	 2.561	 2.409	 13.09	  15.9	 5.223	 4.434	 15.17	 18.63	 8.836	 8.336	 | 18.63 max

train losses    204:	0.3689	0.3756	0.3274	0.3238	0.4249	0.4405	 0.416	0.4227	0.7009	0.6985	0.8789	0.8788	
val losses      204:	0.5216	0.5291	0.3339	0.3158	0.6259	0.6371	0.4795	0.4737	 1.235	  1.18	 1.872	 1.826	 | 0.8359 mean
                     	 1.412	 1.479	0.8767	0.8129	 1.707	 1.682	 1.224	 1.198	 3.268	 2.889	 4.838	 4.642	 | 2.942 quantile
                      	 12.01	  15.7	 2.509	  2.35	 13.17	 16.11	 5.297	 4.509	 15.58	 18.58	 8.974	 8.421	 | 18.58 max

train losses    206:	0.3627	0.3702	0.3271	0.3231	0.4171	0.4337	0.4117	0.4184	0.6828	0.6811	 0.851	0.8524	
val losses      206:	0.5093	0.5235	0.3337	0.3154	0.6242	0.6325	0.4779	0.4721	 1.231	 1.173	 1.808	 1.764	 | 0.8221 mean
                     	 1.377	 1.444	0.8734	0.8135	 1.692	 1.677	 1.218	 1.194	 3.187	 2.846	 4.734	  4.57	 | 2.859 quantile
                      	 12.06	 16.06	 2.536	 2.391	  13.2	 16.18	 5.388	 4.623	 15.99	 18.53	 9.154	 8.554	 | 18.53 max

train losses    208:	 0.357	 0.365	0.3263	0.3221	0.4113	0.4282	0.4078	0.4137	0.6744	0.6688	0.8216	0.8239	
val losses      208:	0.4919	0.5166	0.3336	0.3153	0.6198	0.6268	0.4771	0.4723	 1.195	 1.144	 1.744	 1.702	 | 0.8031 mean
                     	 1.307	 1.393	0.8744	0.8115	 1.671	 1.654	 1.218	 1.198	 3.076	 2.785	 4.618	 4.463	 | 2.756 quantile
                      	 12.02	 16.33	 2.594	  2.42	 13.22	 16.22	 5.343	 4.606	  16.1	 18.26	 9.189	 8.568	 | 18.26 max

train losses    210:	0.3532	0.3608	0.3254	0.3209	0.4076	 0.423	0.4034	0.4096	0.6597	0.6593	0.8003	0.8025	
val losses      210:	 0.475	0.5087	0.3334	0.3151	0.6167	0.6233	0.4727	0.4679	 1.175	 1.134	 1.677	  1.64	 | 0.7865 mean
                     	 1.258	 1.359	0.8732	0.8088	 1.667	 1.655	 1.211	 1.192	 3.003	 2.787	 4.487	 4.376	 | 2.663 quantile
                      	 11.99	  16.6	 2.634	 2.427	 13.37	  16.4	  5.23	 4.499	  16.2	 18.08	  9.26	 8.629	 | 18.08 max

train losses    212:	0.3492	0.3571	0.3253	0.3202	0.4001	0.4144	 0.398	0.4044	0.6408	0.6441	0.7721	0.7742	
val losses      212:	0.4611	0.5011	0.3329	0.3145	0.6162	0.6228	0.4662	0.4595	 1.166	 1.131	 1.625	 1.591	 | 0.774 mean
                     	 1.212	 1.324	0.8714	 0.805	 1.659	 1.658	 1.194	 1.185	 2.979	  2.81	  4.37	   4.3	 | 2.594 quantile
                      	 12.06	 16.87	 2.681	 2.435	 13.53	 16.55	 5.132	 4.412	 16.22	 17.88	 9.486	 8.856	 | 17.88 max

train losses    214:	0.3451	0.3531	0.3245	0.3192	0.3987	0.4102	0.3945	0.4002	0.6353	0.6381	0.7532	0.7556	
val losses      214:	0.4526	0.4945	0.3327	0.3142	 0.614	0.6184	0.4635	0.4553	 1.153	 1.119	 1.582	  1.55	 | 0.7624 mean
                     	 1.176	  1.29	0.8681	0.8026	  1.65	 1.639	 1.179	 1.184	 2.957	 2.808	 4.287	 4.207	 | 2.532 quantile
                      	 12.18	 17.14	 2.724	 2.438	 13.79	 16.82	  5.15	 4.465	 16.43	 17.91	 9.496	 8.876	 | 17.91 max

train losses    216:	0.3408	0.3495	0.3242	0.3189	0.3916	0.4045	0.3902	0.3957	0.6252	0.6266	0.7318	0.7339	
val losses      216:	0.4473	 0.489	0.3326	0.3139	0.6093	0.6155	0.4652	0.4561	 1.135	 1.105	 1.566	 1.529	 | 0.7552 mean
                     	 1.155	 1.268	0.8697	0.8026	 1.626	 1.637	 1.187	 1.179	 2.934	 2.749	 4.273	 4.188	 | 2.5 quantile
                      	 12.24	 17.31	 2.748	 2.448	 13.81	 16.82	 5.155	 4.517	  16.3	 17.61	 9.956	 9.249	 | 17.61 max

train losses    218:	0.3374	0.3456	0.3233	0.3179	0.3881	0.4021	0.3852	0.3911	0.6132	0.6147	0.7121	0.7145	
val losses      218:	0.4391	0.4831	0.3323	0.3136	0.6084	0.6146	0.4609	0.4518	 1.127	 1.095	 1.537	 1.504	 | 0.7472 mean
                     	 1.125	  1.24	 0.866	0.8013	 1.615	 1.616	 1.178	 1.182	 2.901	 2.685	 4.196	 4.129	 | 2.453 quantile
                      	 12.36	 17.47	 2.769	 2.446	 13.76	 16.76	 5.083	 4.471	  16.1	 17.31	 10.28	 9.604	 | 17.47 max

train losses    220:	0.3344	0.3417	0.3232	0.3179	0.3827	0.3957	0.3816	 0.387	0.6047	 0.606	0.6979	0.7002	
val losses      220:	 0.437	0.4799	0.3322	0.3135	0.6042	0.6095	0.4619	0.4524	 1.138	 1.111	 1.514	 1.479	 | 0.7444 mean
                     	 1.124	 1.234	0.8646	0.8029	 1.608	 1.608	 1.181	  1.18	 2.966	 2.766	 4.153	 4.083	 | 2.45 quantile
                      	  12.6	 17.66	 2.857	 2.504	 13.98	 16.97	 5.124	 4.517	 16.31	 17.45	 10.92	 10.31	 | 17.66 max

train losses    222:	0.3316	0.3388	0.3223	0.3167	0.3808	0.3928	0.3782	0.3837	0.5954	0.5947	0.6785	0.6808	
val losses      222:	0.4346	0.4786	0.3321	0.3134	0.6017	0.6061	0.4614	0.4516	 1.132	 1.112	 1.506	 1.468	 | 0.7415 mean
                     	 1.115	 1.218	 0.862	0.8007	  1.59	 1.588	 1.178	 1.184	 2.929	 2.757	 4.135	 4.028	 | 2.438 quantile
                      	 12.72	 17.69	 2.898	 2.538	  14.2	 17.08	 5.119	   4.5	 16.34	 17.46	 11.55	 10.88	 | 17.69 max

train losses    224:	 0.328	0.3342	0.3221	0.3165	0.3765	0.3884	0.3756	0.3804	0.5868	0.5877	0.6624	0.6643	
val losses      224:	 0.429	0.4755	 0.332	0.3135	 0.596	0.6002	 0.458	0.4481	 1.107	 1.084	 1.495	 1.456	 | 0.7329 mean
                     	 1.097	 1.193	 0.864	0.7999	 1.549	 1.564	 1.171	 1.177	 2.831	 2.632	 4.109	 4.005	 | 2.393 quantile
                      	 12.96	 17.82	  2.93	 2.558	  14.4	 17.12	 5.163	 4.532	 16.23	  17.3	 11.88	 11.23	 | 17.82 max

train losses    226:	0.3261	 0.332	0.3217	0.3161	0.3706	0.3818	  0.37	0.3757	0.5806	0.5824	0.6474	0.6494	
val losses      226:	0.4243	0.4724	0.3319	0.3135	 0.593	0.5968	0.4545	0.4451	 1.095	 1.073	 1.476	  1.44	 | 0.7262 mean
                     	 1.082	 1.178	0.8626	0.7978	 1.553	 1.543	 1.172	 1.176	   2.8	 2.588	 4.048	  3.97	 | 2.354 quantile
                      	 13.31	 18.06	 2.953	 2.551	 14.73	 17.35	 5.175	 4.537	 16.13	 17.17	 12.15	 11.49	 | 18.06 max

train losses    228:	0.3248	0.3291	0.3214	0.3157	0.3683	0.3797	0.3688	 0.373	0.5723	0.5759	0.6376	0.6381	
val losses      228:	0.4225	0.4718	0.3319	0.3134	0.5896	 0.594	 0.454	0.4447	 1.085	 1.065	 1.462	 1.426	 | 0.7217 mean
                     	 1.091	 1.167	0.8589	0.7985	 1.524	 1.507	 1.168	 1.176	 2.763	 2.563	 3.997	 3.904	 | 2.343 quantile
                      	 13.58	 18.22	 2.985	 2.543	 15.08	 17.61	 5.182	 4.548	 16.13	 17.02	  12.7	 11.97	 | 18.22 max

train losses    230:	0.3214	0.3268	0.3212	0.3152	0.3644	0.3753	 0.365	0.3698	0.5669	0.5691	0.6249	0.6265	
val losses      230:	0.4203	0.4715	0.3317	0.3132	0.5859	0.5915	0.4538	0.4439	 1.085	 1.065	 1.466	 1.426	 | 0.7211 mean
                     	 1.078	 1.167	0.8603	0.7993	  1.49	 1.492	 1.166	 1.176	 2.753	 2.543	 3.993	 3.866	 | 2.346 quantile
                      	 13.84	 18.37	 3.021	 2.534	  15.3	 17.75	 5.187	 4.549	 16.06	 16.77	 13.17	 12.42	 | 18.37 max

train losses    232:	 0.318	0.3242	0.3203	0.3142	0.3622	0.3733	0.3611	0.3657	0.5583	  0.56	0.6114	0.6116	
val losses      232:	 0.415	0.4684	0.3318	0.3134	0.5848	0.5905	0.4516	0.4415	 1.073	 1.052	 1.451	 1.414	 | 0.7156 mean
                     	 1.067	 1.157	0.8558	0.7981	 1.473	 1.478	 1.156	 1.173	  2.71	 2.491	 3.951	  3.87	 | 2.316 quantile
                      	 14.11	 18.56	 3.066	 2.552	 15.46	 17.86	 5.228	 4.577	  16.0	 16.59	 13.38	 12.67	 | 18.56 max

train losses    234:	0.3172	0.3218	0.3204	0.3145	0.3592	0.3712	0.3575	0.3621	0.5531	0.5586	0.6005	0.6014	
val losses      234:	0.4122	0.4668	0.3318	0.3134	0.5845	0.5919	0.4517	0.4408	 1.064	 1.045	 1.447	  1.41	 | 0.7133 mean
                     	 1.054	 1.146	0.8541	0.7962	 1.468	  1.46	 1.154	 1.166	 2.678	 2.468	 3.929	 3.813	 | 2.305 quantile
                      	 14.39	 18.81	 3.099	 2.572	 15.77	 18.12	 5.218	 4.568	 16.03	 16.46	 13.82	 13.23	 | 18.81 max

train losses    236:	0.3145	0.3181	0.3198	0.3136	0.3552	0.3671	0.3557	0.3597	0.5444	0.5489	0.5874	0.5879	
val losses      236:	 0.408	0.4645	0.3318	0.3135	0.5836	0.5915	0.4501	 0.439	 1.063	 1.045	 1.435	 1.399	 | 0.7103 mean
                     	 1.041	  1.14	0.8536	0.7965	 1.446	 1.418	 1.147	 1.165	 2.669	 2.472	 3.878	 3.766	 | 2.299 quantile
                      	  14.7	 19.12	 3.109	 2.577	 15.98	 18.32	 5.158	 4.509	 15.99	  16.3	 14.25	 13.69	 | 19.12 max

train losses    238:	0.3126	0.3181	0.3198	0.3134	0.3531	0.3638	 0.352	0.3563	0.5395	  0.54	0.5804	0.5833	
val losses      238:	0.4055	0.4625	0.3318	0.3136	0.5794	0.5874	0.4504	0.4386	  1.06	 1.041	 1.427	 1.391	 | 0.7073 mean
                     	 1.028	 1.131	0.8526	 0.795	 1.417	 1.391	 1.144	 1.165	 2.655	 2.458	 3.881	 3.742	 | 2.281 quantile
                      	 15.06	 19.49	 3.138	 2.591	 16.15	 18.46	 5.177	 4.527	 15.96	 16.16	 14.62	 14.03	 | 19.49 max

train losses    240:	0.3124	0.3153	0.3194	 0.313	0.3511	0.3622	0.3507	0.3543	0.5351	0.5378	0.5713	0.5726	
val losses      240:	0.4036	0.4616	0.3318	0.3135	0.5813	0.5895	0.4505	0.4384	 1.068	 1.049	 1.433	 1.396	 | 0.7097 mean
                     	 1.019	 1.118	0.8524	0.7941	 1.413	 1.395	  1.14	 1.164	 2.669	 2.489	 3.881	  3.74	 | 2.295 quantile
                      	 15.36	 19.77	 3.139	 2.584	  16.3	 18.59	 5.077	 4.443	 16.04	 16.14	 15.09	 14.55	 | 19.77 max

train losses    242:	0.3102	0.3134	0.3189	0.3124	0.3476	0.3564	0.3467	  0.35	0.5286	0.5334	0.5596	0.5625	
val losses      242:	0.3997	 0.461	0.3319	0.3138	0.5801	0.5891	 0.448	0.4358	 1.053	  1.03	  1.42	 1.385	 | 0.7039 mean
                     	 1.004	 1.115	0.8503	0.7931	 1.404	 1.368	 1.148	  1.16	 2.609	 2.413	 3.843	   3.7	 | 2.26 quantile
                      	 15.62	 20.02	 3.178	 2.602	 16.49	 18.76	 5.033	 4.408	 16.11	 16.11	  15.3	 14.84	 | 20.02 max

train losses    244:	0.3083	0.3126	0.3184	0.3117	0.3457	0.3562	0.3441	0.3486	0.5218	 0.527	 0.553	0.5558	
val losses      244:	0.3962	0.4606	0.3321	0.3141	0.5729	0.5836	0.4479	0.4353	 1.044	 1.021	 1.421	 1.387	 | 0.7013 mean
                     	0.9964	 1.118	0.8503	 0.792	 1.377	 1.317	 1.143	 1.161	 2.586	 2.381	  3.83	 3.697	 | 2.256 quantile
                      	  15.9	 20.29	  3.18	 2.586	  16.6	 18.88	 5.001	 4.381	 15.92	 15.89	 15.56	 15.18	 | 20.29 max

train losses    246:	0.3075	 0.311	0.3186	0.3118	0.3424	0.3533	0.3406	0.3437	0.5178	0.5193	0.5462	 0.548	
val losses      246:	0.3933	0.4575	0.3319	 0.314	 0.572	0.5821	0.4482	 0.435	 1.059	 1.037	 1.414	  1.38	 | 0.702 mean
                     	0.9857	 1.103	0.8514	0.7912	 1.359	 1.299	 1.142	 1.164	 2.607	 2.446	 3.807	 3.667	 | 2.26 quantile
                      	 16.24	 20.66	   3.2	 2.587	 16.79	 19.09	 5.003	 4.374	 16.07	 15.94	  15.8	 15.57	 | 20.66 max

train losses    248:	0.3052	 0.308	0.3182	0.3112	0.3393	0.3481	0.3394	0.3422	0.5125	0.5156	0.5405	0.5425	
val losses      248:	0.3901	0.4547	 0.332	0.3138	0.5721	0.5829	0.4476	0.4343	 1.049	 1.026	 1.408	 1.375	 | 0.6988 mean
                     	0.9759	 1.094	0.8499	0.7874	 1.348	 1.289	 1.136	  1.16	 2.569	 2.406	  3.79	  3.66	 | 2.246 quantile
                      	 16.51	 20.92	 3.236	 2.612	 16.96	 19.26	 4.936	 4.303	 16.04	 15.84	 16.22	 16.07	 | 20.92 max

train losses    250:	0.3046	0.3081	0.3175	0.3107	0.3363	0.3472	0.3359	0.3387	0.5088	0.5136	0.5282	0.5303	
val losses      250:	 0.386	0.4528	0.3325	0.3144	0.5697	0.5817	0.4456	0.4323	 1.044	  1.02	 1.398	 1.366	 | 0.6953 mean
                     	0.9639	 1.092	0.8503	0.7894	  1.33	 1.254	 1.144	 1.159	 2.548	 2.383	 3.753	 3.634	 | 2.224 quantile
                      	 16.85	 21.21	 3.303	 2.675	 17.14	 19.44	 4.874	 4.242	 16.11	 15.84	 16.45	 16.35	 | 21.21 max

train losses    252:	0.3026	0.3057	0.3174	0.3104	0.3363	 0.346	0.3346	0.3376	 0.501	0.5076	0.5221	 0.524	
val losses      252:	 0.384	0.4509	0.3324	0.3144	0.5703	0.5828	0.4451	 0.431	 1.042	 1.016	 1.396	 1.364	 | 0.6941 mean
                     	0.9577	 1.083	0.8527	0.7879	 1.308	 1.235	 1.143	 1.157	 2.523	 2.362	 3.709	 3.625	 | 2.21 quantile
                      	 17.08	 21.47	 3.327	 2.704	 17.29	 19.63	 4.842	 4.221	 16.14	  15.8	 16.69	 16.63	 | 21.47 max

train losses    254:	0.3022	0.3044	 0.317	0.3099	0.3331	0.3424	 0.332	0.3354	0.4991	0.5037	0.5176	 0.519	
val losses      254:	0.3833	0.4495	0.3324	0.3143	0.5672	  0.58	0.4456	0.4312	 1.056	 1.028	 1.401	 1.368	 | 0.6964 mean
                     	0.9623	 1.085	 0.852	0.7855	 1.306	 1.207	 1.144	 1.157	 2.558	 2.411	 3.722	 3.619	 | 2.226 quantile
                      	 17.24	 21.57	 3.326	 2.713	 17.37	 19.67	 4.868	 4.279	 16.19	  15.8	  16.9	 16.88	 | 21.57 max

train losses    256:	0.2999	0.3027	0.3173	0.3098	0.3307	0.3414	0.3302	0.3323	0.4911	0.4979	0.5097	0.5123	
val losses      256:	0.3812	0.4489	0.3326	0.3144	0.5628	0.5766	0.4452	0.4306	 1.051	 1.022	   1.4	 1.368	 | 0.6944 mean
                     	0.9505	 1.084	0.8518	0.7888	 1.277	 1.177	 1.137	 1.159	 2.527	 2.383	 3.703	 3.621	 | 2.228 quantile
                      	 17.49	 21.89	  3.35	 2.738	 17.58	 19.95	 4.903	 4.378	 16.16	 15.71	 17.12	 17.18	 | 21.89 max

train losses    258:	0.2986	0.3021	0.3164	0.3093	0.3297	0.3385	 0.327	0.3296	 0.488	0.4925	0.5025	0.5066	
val losses      258:	0.3786	0.4457	0.3325	0.3142	0.5651	0.5795	0.4454	0.4308	  1.05	  1.02	 1.395	 1.364	 | 0.6934 mean
                     	0.9401	 1.082	0.8487	0.7883	 1.261	 1.175	 1.138	 1.153	 2.519	 2.356	 3.727	 3.622	 | 2.211 quantile
                      	 17.69	 22.04	 3.392	 2.764	 17.65	 20.04	 4.929	 4.497	 16.06	 15.56	 17.32	 17.38	 | 22.04 max

train losses    260:	0.2981	0.3011	0.3159	0.3083	0.3279	0.3366	0.3271	0.3299	0.4858	 0.491	0.4974	0.4997	
val losses      260:	0.3752	0.4428	 0.333	0.3146	0.5592	0.5746	0.4445	0.4298	 1.051	 1.019	 1.392	 1.361	 | 0.6915 mean
                     	0.9328	 1.071	 0.852	0.7869	  1.25	 1.154	 1.133	 1.155	 2.517	 2.334	 3.714	  3.63	 | 2.2 quantile
                      	 17.91	 22.21	  3.42	 2.781	 17.79	  20.2	 4.955	 4.579	  16.0	 15.51	 17.39	 17.54	 | 22.21 max

train losses    262:	0.2959	0.2989	0.3158	0.3087	 0.326	0.3348	0.3229	0.3256	0.4811	0.4865	0.4916	 0.494	
val losses      262:	0.3745	0.4403	 0.333	0.3145	0.5629	0.5778	0.4451	0.4298	 1.049	 1.017	 1.398	 1.368	 | 0.6925 mean
                     	0.9257	 1.063	0.8522	0.7864	 1.252	 1.164	 1.128	 1.148	 2.495	 2.328	   3.7	 3.625	 | 2.211 quantile
                      	 18.16	  22.4	 3.437	 2.794	 17.99	 20.41	 4.908	 4.689	 16.09	 15.61	 17.68	 17.83	 | 22.4 max

train losses    264:	0.2959	0.2981	0.3157	0.3084	0.3226	0.3327	0.3192	0.3218	0.4762	  0.48	0.4866	0.4915	
val losses      264:	0.3724	0.4379	0.3332	0.3146	0.5575	0.5739	0.4444	0.4291	 1.046	 1.013	 1.399	  1.37	 | 0.691 mean
                     	0.9211	 1.055	 0.851	0.7861	 1.234	 1.142	 1.128	  1.15	  2.49	 2.338	  3.68	 3.619	 | 2.212 quantile
                      	 18.39	 22.63	  3.47	 2.823	 18.13	 20.56	 4.897	 4.806	 16.08	 15.61	 17.94	 18.12	 | 22.63 max

train losses    266:	0.2951	0.2964	0.3154	 0.308	0.3216	0.3293	 0.319	0.3219	0.4719	0.4775	0.4805	0.4831	
val losses      266:	0.3707	0.4337	0.3333	0.3144	0.5567	0.5724	0.4435	0.4283	 1.054	 1.021	 1.389	 1.359	 | 0.6896 mean
                     	0.9125	  1.05	  0.85	0.7852	 1.225	 1.133	 1.125	 1.148	 2.512	 2.348	 3.681	 3.598	 | 2.188 quantile
                      	 18.57	 22.79	 3.491	  2.86	  18.3	 20.75	 4.894	 4.878	 16.09	 15.68	 17.86	 18.08	 | 22.79 max

train losses    268:	0.2921	0.2945	0.3154	0.3079	0.3198	0.3283	0.3158	0.3181	0.4705	0.4751	0.4743	0.4765	
val losses      268:	0.3683	0.4309	0.3334	0.3145	0.5568	0.5729	0.4433	0.4285	  1.05	 1.018	 1.394	 1.365	 | 0.6896 mean
                     	0.9088	 1.045	0.8531	0.7828	 1.213	 1.122	  1.12	 1.147	 2.499	 2.346	  3.71	  3.61	 | 2.193 quantile
                      	 18.74	 23.01	 3.526	 2.903	 18.48	 20.97	 4.868	 4.974	  16.1	 15.68	 18.08	 18.32	 | 23.01 max

train losses    270:	0.2913	0.2936	0.3144	0.3063	0.3185	0.3284	0.3157	0.3166	0.4678	0.4723	0.4722	0.4761	
val losses      270:	0.3668	0.4295	0.3336	0.3146	 0.553	0.5714	0.4427	0.4281	 1.042	  1.01	 1.389	 1.361	 | 0.6869 mean
                     	0.9079	 1.036	0.8535	0.7821	 1.196	 1.108	 1.121	  1.14	 2.484	 2.304	 3.705	 3.621	 | 2.181 quantile
                      	 18.89	  23.1	 3.591	 2.958	 18.57	 21.05	 4.921	 5.035	 16.02	 15.65	 18.24	 18.49	 | 23.1 max

train losses    272:	0.2904	0.2927	0.3143	0.3071	0.3164	0.3235	0.3132	0.3149	0.4616	0.4671	0.4646	0.4668	
val losses      272:	0.3651	0.4255	0.3338	0.3148	0.5525	0.5704	0.4436	0.4289	 1.052	  1.02	 1.389	 1.362	 | 0.6882 mean
                     	0.9043	 1.029	0.8521	0.7825	 1.191	 1.107	 1.123	 1.144	 2.503	 2.326	 3.724	  3.62	 | 2.184 quantile
                      	 19.11	 23.31	 3.631	  2.99	 18.69	 21.19	 4.954	   5.1	 15.99	 15.64	  18.3	 18.55	 | 23.31 max

train losses    274:	0.2889	0.2915	0.3143	0.3068	0.3136	0.3234	0.3114	0.3132	0.4628	0.4643	0.4608	0.4647	
val losses      274:	0.3634	0.4231	0.3344	0.3152	0.5516	0.5706	0.4428	0.4277	  1.05	 1.018	 1.388	 1.362	 | 0.6873 mean
                     	0.9003	 1.021	 0.855	0.7834	 1.176	 1.094	 1.123	 1.145	 2.516	 2.321	 3.716	 3.617	 | 2.186 quantile
                      	 19.36	 23.58	 3.663	 3.024	 18.91	 21.42	 4.912	 5.191	 15.89	  15.6	 18.55	 18.82	 | 23.58 max

train losses    276:	0.2883	0.2921	0.3135	0.3058	0.3134	0.3223	0.3087	  0.31	0.4577	0.4614	0.4588	0.4619	
val losses      276:	0.3624	0.4197	0.3347	0.3154	0.5493	 0.569	0.4417	0.4267	 1.055	 1.022	 1.386	 1.361	 | 0.6869 mean
                     	0.8883	 1.012	0.8567	0.7833	 1.174	  1.09	 1.118	 1.138	 2.534	 2.342	 3.717	 3.641	 | 2.18 quantile
                      	 19.57	 23.79	 3.669	 3.027	 19.08	 21.61	 4.834	 5.225	 15.94	  15.6	 18.57	 18.84	 | 23.79 max

train losses    278:	0.2875	0.2886	 0.313	0.3059	0.3127	  0.32	0.3061	0.3079	 0.451	0.4567	0.4522	0.4539	
val losses      278:	0.3618	0.4178	0.3346	0.3153	0.5491	0.5691	0.4422	 0.427	 1.046	 1.015	 1.387	 1.362	 | 0.6855 mean
                     	 0.888	 1.005	0.8571	0.7854	 1.177	 1.094	 1.118	 1.138	 2.522	 2.277	 3.712	 3.624	 | 2.171 quantile
                      	 19.64	  23.9	 3.712	 3.071	 19.19	 21.73	 4.845	 5.263	 15.82	 15.52	 18.74	 19.01	 | 23.9 max

train losses    280:	0.2853	0.2875	0.3134	0.3053	0.3114	0.3173	0.3049	0.3069	0.4483	0.4531	0.4463	0.4491	
val losses      280:	0.3608	0.4167	0.3353	0.3159	 0.548	0.5678	0.4419	0.4274	 1.058	 1.025	 1.382	 1.358	 | 0.6864 mean
                     	 0.882	0.9974	0.8551	0.7835	  1.16	 1.085	  1.12	 1.142	 2.554	  2.34	 3.684	 3.623	 | 2.172 quantile
                      	 19.69	 23.93	 3.673	 3.028	 19.31	 21.84	 4.874	 5.286	 15.87	 15.62	  18.8	 19.08	 | 23.93 max

train losses    282:	0.2831	0.2874	0.3126	0.3051	0.3084	0.3151	0.3024	 0.304	0.4469	0.4511	0.4442	0.4478	
val losses      282:	0.3598	0.4148	0.3351	0.3157	0.5467	0.5687	0.4432	0.4288	 1.047	 1.013	 1.394	 1.371	 | 0.6865 mean
                     	0.8789	0.9904	0.8572	0.7848	 1.172	 1.076	 1.123	 1.131	 2.515	 2.276	 3.706	  3.63	 | 2.183 quantile
                      	 19.88	 24.13	 3.723	  3.06	 19.44	  22.0	 4.966	 5.411	 15.79	 15.51	 18.96	 19.21	 | 24.13 max

train losses    284:	0.2845	 0.286	0.3131	0.3045	0.3076	0.3166	0.3015	0.3024	0.4436	0.4507	0.4408	0.4445	
val losses      284:	0.3583	0.4115	0.3349	0.3155	0.5453	0.5667	0.4425	 0.428	 1.044	 1.011	 1.386	 1.364	 | 0.684 mean
                     	0.8714	0.9859	0.8556	0.7873	 1.167	 1.079	 1.114	 1.131	 2.512	 2.259	 3.733	 3.672	 | 2.158 quantile
                      	 20.03	 24.27	 3.728	 3.075	 19.65	 22.22	 4.996	  5.44	 15.73	 15.49	 18.84	 19.08	 | 24.27 max

train losses    286:	0.2832	0.2852	 0.312	0.3045	0.3068	0.3126	0.2994	0.3002	0.4425	0.4451	0.4379	0.4415	
val losses      286:	0.3565	0.4075	0.3355	 0.316	 0.547	0.5689	0.4417	0.4271	 1.049	 1.017	 1.386	 1.365	 | 0.6847 mean
                     	0.8693	0.9755	0.8547	0.7857	 1.166	 1.074	 1.118	 1.136	 2.537	 2.307	 3.723	 3.658	 | 2.178 quantile
                      	 20.23	 24.53	 3.713	 3.076	  19.8	 22.39	 5.054	 5.495	 15.92	  15.7	 19.22	 19.47	 | 24.53 max

train losses    288:	0.2831	0.2843	0.3115	0.3036	0.3051	0.3116	0.2978	0.2993	 0.438	0.4415	0.4336	0.4372	
val losses      288:	0.3542	0.4041	0.3357	 0.316	0.5434	0.5657	0.4422	0.4275	 1.048	 1.017	 1.383	 1.364	 | 0.6834 mean
                     	 0.862	 0.966	0.8551	0.7862	 1.152	 1.065	 1.115	 1.135	  2.53	 2.296	 3.719	  3.66	 | 2.167 quantile
                      	 20.33	 24.64	 3.735	 3.086	 19.92	 22.52	  5.09	 5.498	 15.89	  15.7	 19.14	 19.37	 | 24.64 max

train losses    290:	0.2822	0.2826	0.3118	0.3036	0.3039	0.3102	0.2967	0.2979	0.4359	0.4416	0.4329	0.4352	
val losses      290:	0.3535	 0.403	0.3356	0.3157	0.5402	0.5647	0.4437	0.4287	 1.043	 1.013	 1.383	 1.364	 | 0.6824 mean
                     	0.8591	0.9678	0.8559	0.7854	 1.148	 1.054	 1.117	 1.124	 2.517	 2.244	 3.702	 3.658	 | 2.158 quantile
                      	 20.45	 24.77	 3.782	 3.123	 19.98	 22.62	 5.206	 5.645	 15.87	 15.69	 19.28	 19.49	 | 24.77 max

train losses    292:	 0.281	0.2822	0.3122	0.3044	0.3023	 0.308	0.2949	0.2964	0.4373	0.4387	0.4282	 0.432	
val losses      292:	0.3521	0.3985	0.3361	0.3164	0.5403	0.5654	0.4436	0.4284	 1.045	 1.015	  1.38	 1.361	 | 0.6818 mean
                     	0.8512	0.9518	 0.854	 0.786	 1.143	 1.046	 1.112	 1.123	 2.525	 2.273	 3.705	 3.652	 | 2.16 quantile
                      	  20.6	 24.95	 3.779	 3.109	 20.05	  22.7	 5.218	 5.663	 15.84	 15.69	 19.32	 19.52	 | 24.95 max

train losses    294:	0.2801	0.2814	0.3116	0.3033	0.3006	0.3077	0.2939	0.2945	0.4315	0.4379	0.4255	0.4309	
val losses      294:	 0.352	0.3974	0.3359	0.3161	0.5402	0.5658	0.4441	0.4285	 1.046	 1.018	  1.38	 1.362	 | 0.6822 mean
                     	0.8503	0.9512	0.8542	0.7878	 1.151	 1.049	 1.115	 1.124	 2.531	 2.254	 3.703	 3.661	 | 2.156 quantile
                      	 20.65	 25.02	 3.814	 3.143	 20.19	 22.84	 5.278	  5.72	 15.89	 15.74	 19.29	 19.47	 | 25.02 max

train losses    296:	0.2796	0.2809	0.3107	0.3027	 0.298	0.3057	0.2909	0.2915	0.4288	0.4333	0.4218	 0.425	
val losses      296:	0.3514	0.3967	0.3363	0.3163	0.5363	0.5619	0.4437	0.4283	 1.049	 1.021	 1.388	 1.368	 | 0.6831 mean
                     	0.8505	0.9497	0.8513	0.7881	 1.141	  1.05	 1.111	 1.118	  2.53	 2.253	 3.717	 3.685	 | 2.165 quantile
                      	 20.73	 25.13	 3.834	 3.172	 20.37	 23.04	 5.349	  5.79	 16.07	 15.92	 19.46	 19.61	 | 25.13 max

train losses    298:	0.2783	  0.28	0.3105	0.3026	0.2984	 0.305	  0.29	0.2919	0.4254	  0.43	0.4184	0.4219	
val losses      298:	0.3492	0.3931	 0.336	0.3161	0.5389	0.5635	 0.444	0.4279	 1.042	 1.015	 1.387	 1.368	 | 0.6817 mean
                     	0.8491	0.9325	0.8518	0.7876	 1.145	 1.052	 1.111	 1.121	 2.509	 2.224	 3.713	  3.69	 | 2.152 quantile
                      	 20.94	 25.33	 3.883	 3.224	 20.49	 23.15	 5.379	 5.819	 15.92	 15.82	 19.54	 19.67	 | 25.33 max

