train losses      0:	0.7272	0.6829	0.6736	0.5713	0.8134	0.8591	0.6762	0.6038	 1.635	 1.679	 1.514	 1.518	
val losses        0:	  1.27	0.6542	0.5702	 1.167	0.8637	 1.426	 2.978	 2.087	 3.304	 1.448	 2.246	 2.282	 | 1.691 mean
                     	 2.245	 1.893	 1.472	 2.073	 2.068	 2.767	 4.074	 3.164	 6.235	 3.993	 5.704	 5.996	 | 4.199 quantile
                      	 4.214	  6.97	 3.494	 4.039	 4.758	 5.283	 5.948	 4.775	 9.835	 7.394	 8.871	 10.01	 | 10.01 max

train losses      2:	 0.577	0.5686	0.4619	0.4694	0.7048	0.7419	 0.577	0.5474	 1.516	 1.592	 1.461	 1.473	
val losses        2:	0.4543	0.5782	0.5012	0.5572	 0.566	0.6293	0.9312	0.5305	 1.236	 1.377	  1.73	  1.72	 | 0.9008 mean
                     	 1.235	 1.627	 1.288	 1.348	 1.561	 1.715	 1.913	 1.492	 3.539	 3.837	 4.732	 4.902	 | 2.888 quantile
                      	 4.101	 6.367	 3.251	 3.023	 4.025	 3.699	 3.348	 3.296	 6.124	 7.397	 7.647	 7.765	 | 7.765 max

train losses      4:	0.4892	0.5256	0.4295	0.4275	0.6192	0.6742	0.5165	0.5195	 1.367	 1.507	 1.413	 1.429	
val losses        4:	0.3775	0.5015	0.4472	0.4389	0.4735	0.5591	0.4994	0.4665	 1.054	 1.292	 1.623	  1.67	 | 0.7835 mean
                     	 1.041	 1.397	 1.152	 1.138	 1.337	 1.568	 1.381	  1.38	  3.14	 3.563	 4.659	 4.784	 | 2.654 quantile
                      	  3.47	 5.648	  2.92	 2.808	 3.223	 3.253	 2.992	 3.201	 5.439	 6.815	 7.665	 7.604	 | 7.665 max

train losses      6:	0.4512	0.4954	0.4061	0.4158	0.5688	0.6348	0.4977	0.5107	 1.167	  1.37	 1.353	 1.389	
val losses        6:	0.3614	0.4992	0.4479	 0.429	0.4477	0.5257	0.4746	0.4697	0.8503	 1.138	 1.549	 1.613	 | 0.7338 mean
                     	0.9697	 1.359	 1.152	 1.143	 1.225	  1.47	 1.292	 1.361	 2.692	 3.211	 4.511	 4.645	 | 2.468 quantile
                      	 3.292	 5.192	 3.032	 3.355	 2.951	 2.924	 2.798	 3.292	 4.253	 5.942	 7.153	 7.136	 | 7.153 max

train losses      8:	0.4329	0.4868	0.4062	0.4192	0.5268	0.6042	0.5031	0.5091	0.9489	 1.172	 1.289	 1.339	
val losses        8:	0.3166	0.4747	0.4333	0.4283	0.3826	0.4871	0.4811	0.4554	0.6993	0.9499	 1.457	 1.538	 | 0.6753 mean
                     	0.8873	 1.272	 1.146	 1.139	 1.039	 1.349	 1.287	 1.316	 1.981	 2.652	 4.227	 4.474	 | 2.215 quantile
                      	 3.028	 4.845	 2.982	 2.995	 2.377	  2.89	 2.807	 3.055	 3.549	 5.484	 6.564	 6.744	 | 6.744 max

train losses     10:	0.4296	0.4676	0.4134	0.4288	0.5223	0.5749	0.5164	0.5133	0.8446	0.9809	 1.226	  1.28	
val losses       10:	0.2968	0.4387	0.4304	0.4139	0.3627	0.4447	0.4911	 0.452	0.5645	0.7571	 1.371	 1.438	 | 0.6218 mean
                     	0.8184	 1.192	  1.13	 1.125	 1.004	 1.241	 1.292	 1.316	 1.491	 2.097	  3.95	 4.208	 | 1.995 quantile
                      	 2.565	 4.396	 3.005	 3.027	  2.36	 2.744	 2.848	 2.993	 3.019	 4.633	 6.011	 6.464	 | 6.464 max

train losses     12:	0.4277	0.4531	0.4229	0.4419	0.5417	0.5378	0.5278	0.5143	0.8959	0.9222	 1.177	  1.21	
val losses       12:	0.2845	0.3969	0.4267	0.4255	0.4008	0.4069	0.4953	0.4403	0.6981	0.7616	  1.29	 1.329	 | 0.613 mean
                     	0.7789	 1.059	 1.123	 1.135	  1.08	 1.102	 1.278	 1.293	   1.6	 1.714	 3.675	 3.873	 | 1.879 quantile
                      	  2.27	 4.181	 2.935	 2.912	 2.688	 2.516	 2.948	 2.915	 2.518	 3.896	 5.705	 6.267	 | 6.267 max

train losses     14:	0.4083	0.4343	0.4225	0.4369	0.5262	0.5124	0.5197	0.5057	0.8223	0.8455	 1.133	 1.149	
val losses       14:	0.2626	 0.381	0.4269	0.4162	0.3617	0.3928	0.4653	 0.426	0.6757	0.7201	 1.235	 1.274	 | 0.5864 mean
                     	0.6888	 1.022	 1.104	  1.12	 1.003	 1.024	 1.244	  1.22	 1.906	 1.875	 3.408	 3.665	 | 1.897 quantile
                      	 2.037	 3.725	 2.899	 2.946	 2.305	 2.292	 2.786	  2.83	 3.052	 3.635	 5.305	 5.987	 | 5.987 max

train losses     16:	0.3985	0.4184	0.4208	0.4256	0.5124	0.4968	0.5038	0.4951	0.7081	 0.718	 1.102	 1.107	
val losses       16:	0.2466	0.3444	0.4249	0.4113	0.3384	0.3627	0.4526	0.4241	0.5053	0.5532	 1.206	 1.235	 | 0.542 mean
                     	 0.644	0.9306	  1.11	 1.105	0.9683	0.9452	 1.222	 1.214	 1.238	 1.352	 3.249	 3.404	 | 1.736 quantile
                      	 1.789	 3.463	 2.979	 2.859	 2.135	 2.069	  2.67	 2.713	  2.01	 3.177	 5.336	 5.989	 | 5.989 max

train losses     18:	0.3877	0.4047	0.4153	0.4177	0.4961	0.4797	0.4889	0.4853	0.6658	0.6752	 1.079	 1.081	
val losses       18:	0.2582	0.3315	 0.422	0.4056	0.3396	0.3471	0.4333	0.4242	0.4321	0.4748	 1.192	 1.211	 | 0.5226 mean
                     	0.6524	0.8766	 1.098	 1.083	0.9508	0.8927	 1.187	 1.185	 1.134	 1.275	 3.168	 3.311	 | 1.688 quantile
                      	 1.875	 3.208	 2.774	 2.952	 2.075	 1.842	 2.377	 2.657	 2.196	 2.858	 5.291	 5.725	 | 5.725 max

train losses     20:	0.3809	 0.397	0.4112	0.4119	0.4829	0.4704	0.4774	0.4759	0.6532	0.6561	 1.058	 1.056	
val losses       20:	0.2282	0.3181	0.4195	0.4009	0.3283	0.3393	0.4168	0.4056	 0.409	 0.437	 1.212	 1.215	 | 0.5108 mean
                     	0.6084	0.8583	  1.09	 1.072	0.9245	0.8945	 1.153	 1.141	 1.062	 1.134	 3.182	 3.263	 | 1.68 quantile
                      	 1.854	 2.937	 2.734	 2.768	  2.02	 1.899	 2.241	  2.57	 1.953	 2.532	 4.933	 5.328	 | 5.328 max

train losses     22:	0.3745	0.3859	0.4058	0.4044	0.4687	 0.456	0.4681	0.4655	0.6143	0.6155	  1.04	 1.039	
val losses       22:	0.2366	0.3121	0.4174	0.3988	0.3206	0.3304	0.4129	0.4047	0.4219	0.4501	 1.174	 1.189	 | 0.5057 mean
                     	 0.614	0.8273	 1.085	 1.054	0.8901	0.8675	 1.123	 1.141	 1.075	 1.171	 3.113	 3.279	 | 1.647 quantile
                      	 1.891	 2.799	 2.864	 2.741	 1.966	  1.84	 2.319	  2.44	 2.051	 2.395	 5.409	 5.648	 | 5.648 max

train losses     24:	0.3644	0.3776	0.3989	0.3975	0.4577	 0.445	0.4585	0.4544	0.6088	0.6061	 1.033	 1.033	
val losses       24:	0.2301	0.3121	0.4174	0.3981	0.3132	0.3245	0.4095	0.4003	0.4076	0.4378	 1.186	 1.211	 | 0.504 mean
                     	 0.594	0.8377	 1.088	 1.064	0.8764	0.8546	 1.114	 1.128	 1.065	 1.122	 3.386	 3.463	 | 1.64 quantile
                      	 1.851	 2.776	  2.77	 2.725	 1.989	 1.689	 2.307	 2.216	 2.106	 2.122	 4.917	  4.98	 | 4.98 max

train losses     26:	0.3594	0.3713	0.3938	0.3936	0.4493	0.4414	0.4524	0.4482	0.6285	0.6314	 1.035	 1.038	
val losses       26:	0.2312	0.3336	0.4173	 0.397	0.3111	0.3274	0.4075	0.3956	0.5265	0.5117	 1.343	 1.362	 | 0.547 mean
                     	0.6027	0.8923	 1.067	  1.06	0.8553	0.8703	 1.092	 1.116	 1.257	 1.298	 3.411	 3.504	 | 1.818 quantile
                      	 2.044	 2.745	 2.825	 2.704	 1.977	 1.678	 2.189	 2.243	 2.314	 2.358	 4.903	 5.013	 | 5.013 max

train losses     28:	0.3825	0.3855	0.3954	0.3938	0.4695	0.4649	0.4562	0.4476	0.6926	0.6952	 1.119	  1.12	
val losses       28:	0.3123	0.3839	0.4186	0.3983	0.3694	0.4011	0.4042	0.3937	 0.416	0.4608	 1.202	 1.227	 | 0.5323 mean
                     	0.7681	0.8852	 1.084	 1.057	 1.007	 1.002	 1.103	 1.115	 1.049	 1.202	 3.258	 3.297	 | 1.643 quantile
                      	 2.013	 2.401	 2.971	 2.742	 1.951	 1.869	 2.221	 2.293	 2.079	 2.362	  5.46	 5.488	 | 5.488 max

train losses     30:	0.4084	0.4171	0.4129	0.4051	0.4823	0.4943	 0.468	0.4592	0.6605	0.6735	 1.115	 1.086	
val losses       30:	0.3218	0.4184	0.4446	0.4004	 0.353	0.3607	0.4084	0.3997	 0.488	0.5461	 1.324	 1.329	 | 0.5662 mean
                     	0.7736	 0.961	 1.138	  1.06	0.9069	0.9213	 1.112	 1.128	 1.247	 1.439	 3.512	  3.51	 | 1.8 quantile
                      	 2.208	 2.524	 2.708	 2.867	 2.334	 1.919	 2.212	 2.325	 2.626	 2.527	 5.933	 5.824	 | 5.933 max

train losses     32:	0.4075	0.4199	0.4045	0.4045	0.4714	0.4739	0.4637	0.4555	0.6319	0.6385	 1.063	 1.045	
val losses       32:	0.2484	0.3723	 0.441	0.4127	0.3163	0.3285	0.4113	0.3954	0.4591	   0.5	 1.335	 1.315	 | 0.5446 mean
                     	0.6348	0.9706	  1.13	 1.083	0.8506	0.8599	 1.113	  1.09	 1.161	 1.276	 3.564	 3.569	 | 1.776 quantile
                      	 2.062	 2.409	 3.062	 2.793	 2.013	 1.655	 2.223	 2.336	 2.288	 2.252	 5.804	 5.777	 | 5.804 max

train losses     34:	0.3733	0.3954	0.3877	0.3917	0.4531	0.4528	0.4478	0.4409	 0.638	0.6461	0.9909	0.9887	
val losses       34:	  0.25	 0.364	  0.42	0.4008	0.3715	0.3992	0.4093	0.3936	 0.608	0.7062	 1.225	 1.217	 | 0.5637 mean
                     	  0.64	0.9475	 1.089	 1.068	0.9342	0.9641	 1.084	 1.075	 1.374	  1.54	 3.333	 3.382	 | 1.712 quantile
                      	 1.785	 2.325	 2.862	  2.87	 2.109	 1.997	 2.182	 2.168	 2.565	 2.723	 5.293	 5.346	 | 5.346 max

train losses     36:	0.3695	0.3931	0.3872	0.3896	0.4441	0.4453	0.4442	0.4359	 0.692	 0.702	0.9769	0.9733	
val losses       36:	  0.24	0.3324	0.4127	0.3984	0.3006	0.3221	 0.406	0.3863	0.4858	0.5624	 1.186	 1.189	 | 0.5185 mean
                     	0.6271	0.8613	 1.085	 1.063	0.7952	0.8169	 1.069	 1.084	 1.211	 1.316	  3.19	 3.304	 | 1.632 quantile
                      	 1.902	   2.3	 2.742	 2.997	 1.961	 1.685	 2.385	 2.074	 1.953	 2.455	 5.109	  5.55	 | 5.55 max

train losses     38:	 0.373	0.3828	0.3835	0.3897	0.4375	0.4395	0.4384	0.4307	0.6605	0.6605	0.9734	0.9643	
val losses       38:	0.2551	0.3233	0.4143	 0.402	0.2933	0.3211	0.4059	0.3866	0.5795	0.6336	 1.161	 1.167	 | 0.5285 mean
                     	0.6533	0.8537	 1.077	 1.064	0.7709	0.8111	 1.079	  1.07	 1.352	 1.382	  3.06	 3.081	 | 1.628 quantile
                      	 1.795	  2.23	 2.825	 2.817	 1.692	 1.663	 2.481	  2.08	 2.082	 2.495	  4.91	 5.169	 | 5.169 max

train losses     40:	 0.355	0.3646	 0.377	0.3809	0.4273	0.4268	0.4322	0.4233	0.6351	0.6175	0.9311	0.9264	
val losses       40:	 0.243	0.3116	0.4125	0.4003	0.2888	0.3091	 0.405	0.3834	 0.477	 0.534	 1.125	 1.138	 | 0.5024 mean
                     	0.6307	0.8265	 1.082	 1.059	0.7629	0.7928	 1.076	 1.048	 1.179	 1.273	 2.972	 2.975	 | 1.596 quantile
                      	 1.729	 2.052	  2.75	 2.873	 1.598	 1.443	 2.235	 2.014	 1.936	 2.725	 5.054	 5.206	 | 5.206 max

train losses     42:	0.3488	0.3517	0.3727	0.3743	0.4187	0.4177	0.4238	0.4187	0.5715	0.5629	0.9057	0.9033	
val losses       42:	0.2418	0.3097	  0.41	0.3974	 0.292	0.3172	0.3986	0.3825	0.3824	0.4408	 1.131	 1.153	 | 0.488 mean
                     	0.6312	0.8276	 1.081	 1.059	0.7529	0.8153	 1.079	 1.042	0.9686	 1.123	 3.005	 2.985	 | 1.597 quantile
                      	 1.841	 2.107	 2.892	 2.843	 1.672	 1.808	 2.227	 2.043	 1.767	 2.393	 5.054	 5.322	 | 5.322 max

train losses     44:	0.3416	0.3433	0.3681	0.3702	0.4054	0.4013	0.4165	0.4118	0.5492	 0.543	0.8869	0.8873	
val losses       44:	 0.236	0.3068	 0.409	0.3959	0.2857	0.2982	0.3896	0.3789	0.3842	0.4288	 1.135	 1.156	 | 0.4836 mean
                     	0.6215	0.8223	 1.078	 1.048	0.7434	0.7823	 1.065	 1.046	0.9429	 1.107	 3.013	 3.007	 | 1.582 quantile
                      	 1.745	 2.131	 2.745	 2.774	 1.706	 1.506	  2.18	   2.0	 1.846	 2.307	 5.347	 5.357	 | 5.357 max

train losses     46:	0.3258	0.3327	0.3625	0.3636	0.3959	0.3927	0.4091	0.4049	0.5351	0.5316	 0.865	0.8635	
val losses       46:	0.2279	0.2994	0.4072	0.3941	0.2769	0.2901	0.3847	0.3737	0.3917	 0.439	 1.126	  1.14	 | 0.4792 mean
                     	0.6018	0.8085	 1.074	 1.049	0.7272	0.7552	  1.04	 1.031	0.9455	 1.112	 2.953	 2.922	 | 1.563 quantile
                      	 1.777	 2.051	 2.736	 2.736	 1.485	  1.41	 2.236	 1.981	 1.914	 2.383	 5.085	 5.185	 | 5.185 max

train losses     48:	0.3202	0.3275	0.3586	0.3592	0.3865	0.3863	0.4012	0.3999	  0.53	0.5261	0.8392	0.8357	
val losses       48:	0.2258	0.2968	 0.407	0.3923	0.2721	 0.284	 0.383	0.3721	0.3809	0.4305	 1.111	 1.124	 | 0.4732 mean
                     	 0.604	0.7995	  1.07	 1.045	0.7191	0.7522	 1.041	 1.016	0.9482	   1.1	 2.917	 2.859	 | 1.557 quantile
                      	 1.715	 2.178	 2.754	 2.754	 1.446	 1.412	 2.149	 1.926	 1.911	 2.364	 5.307	 5.347	 | 5.347 max

train losses     50:	0.3178	0.3253	0.3567	0.3574	0.3824	0.3807	0.3985	0.3942	0.5212	0.5175	0.8148	0.8127	
val losses       50:	0.2217	0.2979	0.4072	0.3924	0.2678	0.2778	0.3806	 0.371	0.3817	0.4367	 1.102	 1.115	 | 0.471 mean
                     	0.5785	0.7886	 1.072	 1.052	0.7105	0.7348	  1.03	 1.017	0.9683	 1.094	 2.831	 2.835	 | 1.563 quantile
                      	 1.737	 2.147	   2.8	 2.867	 1.461	 1.348	 2.168	 1.907	 1.897	 2.285	 5.177	  5.28	 | 5.28 max

train losses     52:	0.3127	0.3183	0.3539	 0.354	0.3773	0.3746	0.3928	0.3887	0.5143	0.5105	0.7973	 0.795	
val losses       52:	0.2182	0.2941	0.4061	0.3918	 0.268	0.2762	0.3788	0.3697	0.3807	0.4389	 1.094	 1.109	 | 0.4688 mean
                     	0.5785	0.7735	 1.072	 1.055	0.7157	0.7389	 1.028	  1.01	0.9716	 1.091	 2.814	 2.905	 | 1.57 quantile
                      	 1.664	 2.195	 2.758	 2.831	 1.424	 1.386	 2.084	 1.883	 1.955	 2.245	 5.175	 5.228	 | 5.228 max

train losses     54:	0.3082	0.3148	0.3501	0.3508	 0.371	0.3695	0.3889	0.3852	0.5119	0.5035	0.7943	0.7928	
val losses       54:	0.2173	0.2916	0.4063	0.3911	0.2653	0.2725	0.3775	0.3687	0.3749	0.4261	 1.092	 1.107	 | 0.4658 mean
                     	0.5781	0.7685	 1.075	 1.056	0.7105	0.7183	 1.026	0.9979	0.9596	 1.072	 2.814	 2.926	 | 1.563 quantile
                      	 1.646	 2.117	 2.769	 2.777	 1.458	 1.343	  2.02	 1.908	 1.842	  2.25	 4.851	 4.912	 | 4.912 max

train losses     56:	0.3083	0.3122	0.3481	0.3477	0.3681	0.3659	0.3847	0.3811	0.5087	0.5046	0.8275	0.8247	
val losses       56:	0.2228	 0.294	0.4042	0.3898	0.2636	0.2683	0.3767	0.3677	0.3784	0.4218	 1.122	 1.134	 | 0.4703 mean
                     	0.5937	0.7861	 1.063	 1.051	   0.7	0.7083	 1.029	0.9951	0.9699	 1.058	 2.941	 3.048	 | 1.565 quantile
                      	 1.623	 2.209	 2.745	 2.829	  1.34	 1.393	  2.11	 1.918	 1.921	 2.295	 4.875	 4.926	 | 4.926 max

train losses     58:	0.3081	0.3128	0.3469	0.3469	 0.366	0.3669	 0.385	0.3809	0.5117	0.5081	0.8986	 0.893	
val losses       58:	0.2275	0.2997	0.4047	0.3906	0.2634	0.2705	0.3806	 0.371	0.3956	0.4351	 1.162	 1.169	 | 0.4808 mean
                     	   0.6	0.7849	 1.066	 1.046	0.7099	0.7152	 1.044	 1.022	0.9907	 1.108	 2.989	 3.102	 | 1.582 quantile
                      	 1.673	 2.223	 2.762	 2.797	 1.306	 1.421	 1.998	 1.966	  1.95	 2.487	 5.505	 5.602	 | 5.602 max

train losses     60:	0.3082	 0.313	 0.345	0.3445	0.3658	0.3665	0.3832	0.3787	0.5136	0.5068	 0.869	0.8678	
val losses       60:	0.2241	0.2831	0.4053	0.3898	0.2683	0.2724	0.3799	0.3689	0.3958	0.4234	  1.17	 1.181	 | 0.4802 mean
                     	0.5914	0.7354	 1.064	 1.043	0.7057	0.7047	 1.035	 1.011	0.9758	 1.107	 3.128	 3.074	 | 1.59 quantile
                      	 1.783	 2.174	 2.795	 2.742	 1.276	 1.234	 1.974	 1.977	 2.041	 2.365	 5.532	 5.602	 | 5.602 max

train losses     62:	0.3126	 0.317	0.3453	0.3457	0.3675	0.3684	0.3828	0.3787	0.5191	 0.515	0.8156	0.8144	
val losses       62:	0.2279	0.2904	0.4041	0.3895	0.2632	0.2614	0.3768	0.3676	0.4121	0.4412	  1.16	 1.166	 | 0.4801 mean
                     	0.6057	0.7492	 1.064	 1.048	0.6716	0.6831	 1.024	0.9933	 1.029	 1.118	 3.038	 3.012	 | 1.595 quantile
                      	 1.781	  2.14	 2.724	 2.862	 1.357	 1.268	 2.046	 1.899	 1.931	 2.394	 5.271	 5.394	 | 5.394 max

train losses     64:	0.3117	0.3176	0.3447	0.3426	0.3658	0.3668	0.3801	0.3754	0.5272	 0.523	0.7891	0.7843	
val losses       64:	0.2549	0.3075	0.4039	0.3891	0.2738	0.2835	0.3799	0.3716	0.4371	0.4613	 1.114	 1.124	 | 0.4834 mean
                     	0.6226	0.7477	 1.064	  1.05	0.7015	0.7108	 1.022	0.9996	 1.065	 1.153	 2.886	 2.896	 | 1.527 quantile
                      	 1.842	 2.164	 2.776	 2.792	  1.46	 1.368	 1.915	 1.815	 2.066	 2.572	 5.295	 5.267	 | 5.295 max

train losses     66:	0.3114	0.3141	0.3424	0.3404	0.3701	0.3727	 0.376	0.3718	0.5276	0.5207	0.7512	0.7469	
val losses       66:	0.2468	0.3042	0.4038	0.3897	0.2756	0.2849	 0.376	0.3714	0.4443	0.4635	 1.081	 1.093	 | 0.4778 mean
                     	0.6166	 0.756	 1.061	 1.042	0.7054	0.7222	  1.01	0.9963	 1.066	 1.163	 2.811	 2.777	 | 1.525 quantile
                      	 1.714	 2.024	 2.734	 2.828	 1.544	 1.362	 2.051	 1.889	 2.148	 2.593	  5.05	 5.135	 | 5.135 max

train losses     68:	0.3063	  0.31	0.3395	0.3388	0.3715	0.3721	0.3734	0.3689	0.5109	0.5076	0.7132	0.7135	
val losses       68:	0.2287	0.2939	0.4038	0.3889	0.2707	0.2782	0.3773	0.3706	0.4167	0.4555	 1.097	 1.106	 | 0.4739 mean
                     	0.5979	0.7567	 1.062	 1.042	0.6911	 0.713	 1.019	0.9976	 1.013	 1.145	 2.787	  2.73	 | 1.526 quantile
                      	 1.661	 2.076	 2.749	 2.747	  1.39	 1.285	 1.914	  1.81	 2.065	  2.64	 5.241	 5.352	 | 5.352 max

train losses     70:	0.3014	0.3081	0.3381	0.3363	0.3623	 0.364	 0.371	0.3661	0.5001	0.4977	0.7313	0.7284	
val losses       70:	0.2245	0.2888	0.4045	 0.389	0.2747	0.2764	0.3775	0.3702	 0.378	0.4287	  1.13	 1.129	 | 0.4726 mean
                     	0.5962	0.7509	 1.059	 1.046	0.7023	0.7201	 1.011	0.9899	0.9429	  1.08	 2.875	 2.795	 | 1.538 quantile
                      	 1.738	 2.023	 2.791	 2.829	 1.373	 1.309	 2.021	 1.841	  1.97	 2.491	 5.501	 5.504	 | 5.504 max

train losses     72:	0.2991	0.3049	0.3355	0.3341	0.3602	0.3618	0.3678	0.3639	0.4951	0.4918	0.7791	 0.779	
val losses       72:	 0.223	0.2821	0.4032	0.3884	0.2615	0.2647	0.3739	0.3636	0.3736	0.4273	 1.103	 1.107	 | 0.4642 mean
                     	0.5924	0.7433	 1.062	 1.052	0.6737	0.6899	 1.012	0.9898	  0.95	 1.061	 2.822	 2.801	 | 1.544 quantile
                      	 1.682	 2.027	 2.792	 2.844	 1.363	 1.346	 2.012	 1.923	 1.991	 2.279	 5.338	 5.383	 | 5.383 max

train losses     74:	0.2932	0.2987	0.3336	0.3329	0.3507	0.3503	0.3645	0.3602	0.4958	0.4895	0.7351	0.7386	
val losses       74:	0.2201	 0.269	0.4023	0.3883	0.2531	0.2558	0.3755	 0.366	0.3778	 0.441	 1.093	 1.099	 | 0.4618 mean
                     	 0.586	0.7006	 1.062	 1.045	0.6529	0.6622	 1.013	0.9827	0.9605	 1.097	 2.745	 2.763	 | 1.531 quantile
                      	 1.624	 1.915	 2.767	 2.833	 1.287	  1.25	 1.982	 1.793	 1.907	 2.144	 4.997	 5.026	 | 5.026 max

train losses     76:	0.2933	0.2979	 0.334	0.3319	0.3451	0.3477	0.3642	0.3594	0.4961	0.4941	0.6866	0.6891	
val losses       76:	0.2167	0.2685	 0.402	0.3875	0.2576	0.2644	0.3734	 0.365	0.3917	 0.458	 1.072	  1.08	 | 0.4614 mean
                     	0.5709	0.7094	 1.065	 1.043	0.6642	0.6783	 1.003	0.9824	 1.014	 1.119	 2.694	 2.728	 | 1.549 quantile
                      	 1.732	 1.936	 2.773	 2.837	  1.24	 1.238	 1.964	 1.807	 2.035	 2.137	 4.664	 4.689	 | 4.689 max

train losses     78:	0.2912	 0.297	 0.332	0.3301	0.3538	0.3587	0.3614	0.3571	0.5008	0.5037	 0.671	0.6698	
val losses       78:	0.2158	 0.271	0.4021	 0.388	0.2598	0.2662	0.3727	0.3645	0.3969	0.4621	 1.055	 1.066	 | 0.46 mean
                     	0.5742	0.7169	 1.058	 1.045	 0.675	0.6902	 1.009	0.9782	 1.015	 1.123	 2.682	 2.673	 | 1.516 quantile
                      	 1.782	 1.967	 2.768	 2.879	 1.258	 1.258	 1.911	 1.812	  2.12	  2.13	 4.859	 5.018	 | 5.018 max

train losses     80:	0.2912	0.2973	0.3295	 0.327	 0.366	0.3737	0.3581	0.3533	0.5001	 0.506	 0.671	0.6692	
val losses       80:	0.2194	0.2758	0.4017	0.3876	0.2663	0.2781	0.3716	0.3612	0.3921	0.4601	  1.06	 1.069	 | 0.4619 mean
                     	0.5807	0.7146	 1.061	 1.039	0.6972	0.6998	0.9982	0.9772	 1.001	 1.116	 2.723	 2.672	 | 1.512 quantile
                      	 1.744	 2.142	 2.774	  2.84	 1.354	 1.304	 1.926	 1.855	 1.956	 2.143	 4.983	 5.121	 | 5.121 max

train losses     82:	0.2895	0.2963	0.3289	0.3266	0.3514	0.3581	0.3559	0.3525	0.5076	0.5121	0.6544	0.6538	
val losses       82:	0.2225	0.2784	0.4022	 0.388	0.2898	0.3063	0.3732	0.3633	0.4123	0.4907	 1.061	 1.071	 | 0.4715 mean
                     	0.5854	0.7221	 1.062	 1.043	0.7211	0.7503	0.9996	 0.976	 1.041	  1.17	 2.723	 2.702	 | 1.517 quantile
                      	 1.663	 1.953	 2.786	 2.814	 1.367	  1.32	 1.916	 1.878	 2.102	 2.131	 4.903	 4.987	 | 4.987 max

train losses     84:	0.2864	0.2921	0.3278	 0.325	 0.344	0.3493	0.3554	0.3506	0.5069	0.5082	0.6287	0.6268	
val losses       84:	 0.221	0.2732	0.4031	0.3882	0.2832	0.2942	0.3713	0.3625	  0.44	0.5155	 1.074	  1.08	 | 0.4755 mean
                     	 0.574	0.7105	 1.062	 1.043	0.6959	0.7385	  1.01	0.9761	 1.114	 1.208	 2.692	 2.659	 | 1.516 quantile
                      	 1.774	  1.89	  2.78	   2.8	 1.271	 1.145	 1.939	  1.82	  2.22	 2.123	 4.903	 4.965	 | 4.965 max

train losses     86:	0.2824	0.2887	0.3268	 0.324	0.3356	0.3401	0.3513	 0.347	0.5045	0.5078	 0.617	0.6163	
val losses       86:	 0.215	0.2636	0.4024	0.3878	 0.263	0.2723	0.3703	0.3611	0.4492	0.5246	  1.07	 1.077	 | 0.4714 mean
                     	0.5694	0.6832	 1.067	 1.039	0.6709	0.6994	0.9928	0.9673	 1.128	 1.226	 2.698	 2.629	 | 1.514 quantile
                      	 1.769	 1.953	 2.837	 2.814	 1.179	 1.281	 1.924	 1.779	 2.257	  2.16	 4.845	 4.923	 | 4.923 max

train losses     88:	0.2804	0.2857	 0.325	0.3217	0.3366	0.3394	0.3485	0.3446	0.5041	0.5042	0.6362	0.6339	
val losses       88:	0.2147	0.2589	0.4015	0.3873	0.2519	0.2587	0.3728	0.3635	0.4614	0.5391	   1.1	 1.106	 | 0.4763 mean
                     	0.5647	0.6834	 1.066	 1.043	0.6569	0.6732	 1.008	0.9774	 1.126	 1.232	 2.834	 2.745	 | 1.522 quantile
                      	 1.642	 1.954	 2.742	 2.792	  1.24	   1.2	 1.887	 1.806	 2.258	 2.236	  5.14	 5.174	 | 5.174 max

train losses     90:	0.2815	0.2863	0.3241	0.3202	 0.334	0.3339	0.3498	0.3453	0.5192	0.5148	0.6952	0.6963	
val losses       90:	0.2157	 0.262	0.4012	0.3867	0.2474	0.2506	0.3729	0.3613	0.4935	0.5575	  1.14	 1.142	 | 0.4859 mean
                     	0.5667	0.6926	 1.068	 1.041	 0.648	 0.663	 1.005	0.9793	 1.192	 1.276	 2.947	 2.877	 | 1.557 quantile
                      	 1.664	 1.976	 2.791	 2.796	 1.257	 1.198	 2.005	 1.818	 2.244	 2.365	 5.573	 5.577	 | 5.577 max

train losses     92:	0.2843	0.2877	0.3237	  0.32	0.3337	0.3368	0.3497	0.3459	0.5196	0.5109	0.7295	0.7323	
val losses       92:	0.2185	0.2619	0.4004	0.3856	0.2525	0.2529	0.3733	0.3609	0.5121	0.5537	 1.125	 1.127	 | 0.4853 mean
                     	 0.568	0.7043	 1.061	 1.039	  0.65	0.6595	 1.005	0.9794	 1.211	 1.254	 2.937	 2.869	 | 1.552 quantile
                      	 1.757	 1.888	 2.779	 2.851	 1.288	 1.274	 2.018	  1.75	 2.305	 2.409	 5.511	 5.357	 | 5.511 max

train losses     94:	0.3063	0.3252	0.3295	 0.327	0.3519	0.3535	0.3652	0.3648	0.5835	0.5887	0.7178	0.7152	
val losses       94:	0.2426	0.2779	0.4029	 0.389	0.2778	0.2671	0.3934	0.3839	0.6841	0.7422	 1.251	 1.248	 | 0.5467 mean
                     	0.6287	0.7325	 1.066	 1.048	0.6923	0.6783	 1.054	 1.027	 1.525	 1.606	 3.204	 3.166	 | 1.713 quantile
                      	 1.584	 2.167	 2.756	 2.855	 1.391	 1.336	 1.927	 2.027	 2.259	 2.655	 6.069	 6.117	 | 6.117 max

train losses     96:	0.3666	 0.384	0.3491	0.3426	0.4234	0.4283	0.4084	 0.407	0.8278	0.7849	0.9321	0.9225	
val losses       96:	0.2859	0.2927	0.4112	0.3987	0.3135	0.2904	 0.402	0.3985	0.7953	0.8464	 1.488	 1.469	 | 0.616 mean
                     	0.6845	0.7883	 1.081	 1.059	0.7931	0.7549	 1.125	 1.103	 1.761	 1.806	 3.869	 3.735	 | 1.957 quantile
                      	 2.185	 2.499	 2.719	 2.736	 1.536	 1.727	 1.974	 1.953	 3.091	 2.628	 6.874	  6.85	 | 6.874 max

train losses     98:	0.4009	0.4399	0.3686	0.3696	0.4819	0.4973	0.4355	0.4338	0.9518	 0.933	 1.071	 1.065	
val losses       98:	 0.259	0.3299	0.4255	0.4114	0.3302	 0.325	0.4284	0.4339	0.6117	0.6547	 1.507	 1.494	 | 0.6009 mean
                     	0.6754	 0.836	 1.089	 1.079	0.8066	 0.822	 1.186	 1.159	 1.632	 1.564	 4.183	  4.12	 | 1.966 quantile
                      	 2.143	 3.059	 2.812	 2.902	 1.534	 1.692	 2.223	 2.383	 3.027	 3.165	 6.642	 6.705	 | 6.705 max

train losses    100:	 0.416	0.4265	0.3667	0.3633	 0.482	0.4947	0.4328	0.4284	0.8585	0.8485	 1.044	 1.033	
val losses      100:	  0.27	0.3387	0.4127	0.3974	0.3295	0.3588	0.4178	0.4105	0.7991	0.8227	 1.497	 1.491	 | 0.6288 mean
                     	0.6994	0.8551	 1.089	 1.067	0.8204	0.9134	 1.179	 1.143	 1.784	 1.883	 4.113	 4.033	 | 2.001 quantile
                      	 1.957	 2.652	 2.849	 2.715	 1.569	 1.761	 2.297	  2.37	 3.324	 3.619	 6.543	 6.521	 | 6.543 max

train losses    102:	0.4137	0.4339	0.3603	0.3606	0.4584	0.4746	 0.432	0.4248	0.7592	 0.751	0.9804	0.9634	
val losses      102:	0.3073	0.3683	0.4093	0.4053	0.3259	0.3559	0.4234	0.4162	0.5072	0.5113	 1.353	 1.324	 | 0.5589 mean
                     	0.7576	0.9306	 1.087	 1.077	0.7918	0.8891	 1.163	 1.153	   1.3	 1.268	 3.692	 3.633	 | 1.766 quantile
                      	 2.278	  2.47	 2.821	 2.866	 1.575	 2.054	 2.226	 2.294	 2.361	 2.457	 6.221	 6.228	 | 6.228 max

train losses    104:	0.3815	0.4103	0.3495	0.3479	0.4224	0.4341	0.4117	0.4042	0.6454	0.6343	0.8784	0.8627	
val losses      104:	0.3003	0.3351	0.4128	0.3979	0.2802	0.3282	0.4064	 0.395	0.4586	 0.493	 1.253	 1.235	 | 0.5246 mean
                     	0.7408	0.8369	  1.08	 1.074	0.7284	0.8515	 1.119	 1.099	 1.164	 1.209	 3.387	 3.331	 | 1.683 quantile
                      	 1.969	   2.2	 2.778	 2.755	 1.404	 1.426	 2.083	 2.219	 2.462	 2.302	 5.444	 5.457	 | 5.457 max

train losses    106:	0.3475	0.3687	0.3403	0.3369	0.3971	0.4127	0.3945	0.3881	0.5829	0.5804	0.7918	0.7831	
val losses      106:	0.2653	0.3053	0.4073	0.3954	0.2829	0.3205	0.3996	0.3952	0.4558	0.4703	 1.172	 1.183	 | 0.5044 mean
                     	0.6929	0.8128	 1.079	 1.069	0.7283	0.8146	   1.1	 1.076	 1.084	 1.185	 3.004	 2.986	 | 1.634 quantile
                      	 2.043	 2.062	 2.815	 2.852	  1.53	 1.288	 2.018	  2.12	 2.289	 2.247	 5.176	 5.261	 | 5.261 max

train losses    108:	0.3229	0.3316	0.3327	0.3289	0.3753	0.3843	0.3774	0.3738	0.5483	0.5389	0.7112	0.7133	
val losses      108:	0.2574	0.3089	 0.409	0.3944	0.2733	0.2721	0.3967	0.3874	0.3956	0.4474	 1.109	 1.116	 | 0.4806 mean
                     	0.6605	0.8191	 1.084	 1.062	0.7088	0.6906	 1.076	 1.064	 0.966	 1.114	 2.874	  2.82	 | 1.556 quantile
                      	 1.806	 2.197	 2.783	  2.94	 1.249	 1.396	 1.999	 2.043	 1.921	 2.307	 4.804	 4.948	 | 4.948 max

train losses    110:	  0.31	0.3168	0.3293	 0.325	0.3624	0.3645	0.3663	0.3637	0.5164	  0.51	0.6684	0.6676	
val losses      110:	0.2447	0.2936	0.4072	0.3938	 0.268	0.2683	0.3872	0.3777	 0.382	  0.43	 1.088	 1.094	 | 0.4696 mean
                     	0.6286	0.7882	 1.082	 1.065	0.6748	0.6746	 1.063	 1.038	0.9717	  1.08	 2.844	 2.772	 | 1.535 quantile
                      	 1.763	 2.218	 2.762	 2.906	 1.267	 1.298	 1.988	 2.047	 1.808	  2.26	 4.939	 4.847	 | 4.939 max

train losses    112:	0.2983	 0.303	 0.326	0.3213	0.3494	 0.352	0.3595	0.3571	0.4965	0.4908	0.6348	0.6347	
val losses      112:	0.2356	0.2964	0.4054	0.3929	0.2636	0.2672	0.3843	0.3747	0.3827	0.4307	 1.076	 1.086	 | 0.4663 mean
                     	0.6161	0.7767	 1.074	 1.061	0.6656	0.6706	 1.059	 1.027	 0.976	 1.107	   2.8	 2.744	 | 1.541 quantile
                      	 1.862	 2.157	 2.791	 2.838	 1.322	 1.258	 1.946	 2.006	 1.777	 2.356	 4.843	 4.765	 | 4.843 max

train losses    114:	0.2893	0.2982	0.3236	0.3188	0.3415	0.3434	0.3525	0.3495	0.4872	0.4828	0.6175	0.6168	
val losses      114:	0.2284	0.2889	0.4035	0.3911	0.2598	0.2633	0.3797	0.3699	0.3771	0.4234	 1.069	 1.078	 | 0.4611 mean
                     	0.6132	0.7648	 1.071	 1.056	0.6634	0.6568	  1.04	 1.006	0.9706	 1.073	 2.723	  2.64	 | 1.533 quantile
                      	 1.794	 2.138	  2.82	 2.792	 1.366	 1.247	 1.993	 1.968	 1.844	 2.222	  4.81	 4.742	 | 4.81 max

train losses    116:	0.2859	0.2917	0.3216	 0.317	0.3361	0.3392	 0.346	0.3429	0.4782	0.4776	0.5993	 0.598	
val losses      116:	 0.227	0.2799	0.4029	0.3902	0.2552	  0.26	0.3774	0.3669	0.3729	0.4192	 1.064	 1.073	 | 0.4574 mean
                     	0.6045	0.7408	  1.07	 1.052	0.6494	0.6534	 1.024	0.9873	0.9634	 1.064	 2.729	 2.637	 | 1.523 quantile
                      	 1.708	 2.177	 2.835	 2.833	 1.438	 1.199	 1.978	 1.903	 1.891	 2.179	 4.877	 4.809	 | 4.877 max

train losses    118:	0.2805	0.2869	0.3199	0.3149	0.3292	0.3325	0.3441	0.3397	0.4719	0.4705	0.5854	0.5848	
val losses      118:	0.2258	0.2743	0.4021	0.3887	0.2521	 0.254	0.3767	0.3655	0.3689	0.4169	 1.066	 1.075	 | 0.4555 mean
                     	0.6032	0.7292	 1.073	 1.045	0.6397	0.6434	  1.02	0.9944	0.9608	 1.064	 2.721	 2.626	 | 1.524 quantile
                      	 1.717	 2.019	 2.817	 2.871	 1.372	 1.184	 1.926	 1.888	 1.883	 2.189	 4.937	 4.909	 | 4.937 max

train losses    120:	 0.277	 0.284	0.3188	0.3129	0.3265	0.3297	0.3377	0.3344	0.4686	0.4654	0.5748	0.5749	
val losses      120:	0.2205	0.2739	0.4018	0.3881	0.2502	0.2518	 0.376	0.3652	0.3678	0.4185	 1.059	 1.068	 | 0.4535 mean
                     	0.5797	 0.726	 1.071	 1.044	0.6392	0.6436	 1.014	0.9816	0.9482	 1.054	 2.703	 2.611	 | 1.523 quantile
                      	 1.717	  2.13	 2.804	 2.899	 1.395	 1.112	 1.882	  1.83	  1.87	 2.122	 4.879	 4.884	 | 4.884 max

train losses    122:	0.2747	0.2827	0.3171	0.3116	0.3222	0.3254	0.3366	 0.333	0.4642	0.4606	0.5647	0.5645	
val losses      122:	0.2181	0.2725	0.4013	0.3873	0.2503	0.2473	0.3741	 0.363	0.3667	0.4152	 1.059	 1.066	 | 0.4517 mean
                     	0.5779	0.7238	 1.071	 1.044	0.6319	0.6306	 1.002	0.9833	0.9385	 1.047	 2.685	 2.612	 | 1.512 quantile
                      	 1.705	  2.13	 2.797	 2.868	 1.426	 1.185	 1.881	 1.831	 1.891	 2.123	 4.841	 4.827	 | 4.841 max

train losses    124:	0.2696	0.2788	0.3155	0.3106	0.3203	0.3217	0.3324	0.3296	0.4619	0.4585	0.5551	0.5536	
val losses      124:	0.2152	0.2685	0.4011	0.3869	0.2455	0.2455	 0.373	0.3628	0.3681	0.4165	 1.053	 1.059	 | 0.4496 mean
                     	0.5704	0.7184	 1.072	 1.043	 0.632	0.6239	0.9947	0.9765	0.9342	 1.048	 2.675	 2.613	 | 1.505 quantile
                      	 1.782	 2.092	 2.791	 2.852	   1.3	 1.118	  1.81	 1.821	 1.862	 2.113	 4.937	 4.888	 | 4.937 max

train losses    126:	0.2688	0.2757	0.3149	0.3092	 0.317	0.3203	 0.332	0.3291	0.4586	0.4562	0.5498	0.5498	
val losses      126:	0.2154	0.2664	 0.401	0.3865	0.2434	0.2434	0.3728	0.3623	0.3675	 0.416	 1.055	  1.06	 | 0.4491 mean
                     	0.5663	0.7148	 1.069	 1.042	0.6247	0.6225	0.9967	0.9811	0.9384	 1.052	 2.677	 2.593	 | 1.502 quantile
                      	 1.727	 2.035	 2.791	 2.838	 1.299	 1.115	 1.873	 1.833	 1.876	 2.131	 4.925	 4.875	 | 4.925 max

train losses    128:	0.2679	0.2748	0.3135	 0.308	0.3141	0.3154	0.3292	0.3265	0.4543	0.4523	0.5427	 0.541	
val losses      128:	0.2141	0.2694	0.4009	0.3861	0.2411	0.2396	0.3718	0.3613	0.3691	0.4169	 1.058	 1.064	 | 0.4494 mean
                     	0.5713	0.7155	 1.068	 1.041	0.6225	0.6125	0.9894	0.9746	 0.944	 1.047	 2.687	 2.596	 | 1.509 quantile
                      	 1.726	 2.025	   2.8	 2.832	 1.179	 1.145	 1.872	 1.797	 1.856	 2.161	 4.932	 4.919	 | 4.932 max

train losses    130:	0.2648	0.2725	0.3118	0.3067	0.3126	0.3146	0.3277	0.3245	0.4528	0.4485	0.5396	0.5396	
val losses      130:	0.2109	0.2658	0.4005	0.3858	0.2394	 0.237	0.3713	0.3607	0.3683	0.4183	 1.057	 1.062	 | 0.448 mean
                     	0.5637	0.7114	 1.063	  1.04	0.6218	 0.607	0.9932	 0.973	0.9367	 1.049	 2.659	 2.566	 | 1.504 quantile
                      	 1.763	 2.002	 2.807	 2.825	 1.262	 1.172	 1.871	 1.793	 1.835	  2.14	 5.073	 5.054	 | 5.073 max

train losses    132:	0.2629	0.2709	0.3118	0.3055	0.3077	0.3127	0.3244	0.3202	0.4504	0.4467	0.5319	0.5313	
val losses      132:	0.2111	0.2644	0.4009	0.3854	0.2394	0.2353	 0.371	0.3606	0.3692	0.4174	 1.061	 1.065	 | 0.4484 mean
                     	0.5562	0.7098	 1.062	 1.039	  0.62	0.6024	0.9977	0.9728	 0.938	 1.055	 2.667	 2.582	 | 1.508 quantile
                      	 1.702	 2.013	  2.79	 2.849	 1.196	 1.123	 1.821	 1.756	 1.884	  2.16	 5.117	 5.073	 | 5.117 max

train losses    134:	0.2609	0.2684	0.3112	0.3045	0.3082	 0.312	0.3243	0.3212	0.4471	0.4448	0.5311	0.5299	
val losses      134:	0.2108	0.2632	 0.401	0.3852	 0.239	0.2344	0.3697	0.3585	0.3707	0.4206	 1.052	 1.055	 | 0.4467 mean
                     	0.5597	 0.708	 1.069	  1.04	0.6185	0.6008	0.9839	0.9636	0.9514	 1.054	 2.651	  2.57	 | 1.495 quantile
                      	  1.69	 1.967	 2.824	 2.833	  1.13	 1.174	 1.825	 1.762	 1.844	 2.192	 4.858	 4.831	 | 4.858 max

train losses    136:	0.2611	0.2694	0.3097	0.3034	0.3053	0.3079	0.3212	0.3184	0.4423	0.4392	0.5264	0.5252	
val losses      136:	0.2086	0.2606	0.4005	0.3847	0.2364	0.2319	0.3695	0.3586	 0.368	0.4182	 1.056	 1.058	 | 0.4459 mean
                     	0.5527	0.7032	 1.066	 1.042	0.6077	 0.598	 0.985	0.9686	0.9432	 1.044	 2.662	 2.583	 | 1.496 quantile
                      	 1.728	 1.975	 2.809	 2.795	 1.195	 1.143	 1.826	 1.771	 1.807	 2.041	 4.956	 4.895	 | 4.956 max

train losses    138:	 0.259	0.2659	0.3088	0.3023	0.3038	 0.307	0.3211	0.3174	0.4434	0.4398	 0.521	0.5226	
val losses      138:	0.2092	0.2609	0.4005	0.3845	0.2363	0.2319	0.3684	0.3572	0.3665	0.4156	 1.052	 1.056	 | 0.4449 mean
                     	0.5534	0.7072	 1.062	 1.041	0.6087	0.5874	0.9924	0.9621	0.9494	 1.041	 2.677	 2.583	 | 1.487 quantile
                      	 1.696	 2.003	 2.801	 2.811	  1.17	 1.173	 1.795	 1.735	 1.848	 2.065	  4.89	 4.845	 | 4.89 max

train losses    140:	0.2587	0.2665	0.3078	0.3014	0.3015	 0.307	0.3193	0.3161	0.4428	0.4376	0.5174	0.5175	
val losses      140:	0.2074	0.2613	0.4001	0.3842	0.2348	0.2301	0.3679	 0.357	0.3664	0.4171	 1.048	  1.05	 | 0.4437 mean
                     	0.5514	0.7016	 1.059	  1.04	0.6096	0.5875	0.9862	0.9697	 0.945	 1.036	 2.663	 2.576	 | 1.483 quantile
                      	 1.754	 1.983	 2.808	 2.823	 1.141	 1.146	 1.816	 1.719	 1.859	 2.136	 4.832	 4.863	 | 4.863 max

train losses    142:	0.2582	 0.263	0.3081	0.3004	0.3022	0.3049	0.3178	0.3136	0.4384	0.4379	0.5168	0.5141	
val losses      142:	0.2075	0.2586	0.3997	0.3836	0.2349	 0.229	0.3685	 0.357	0.3674	0.4179	 1.049	 1.052	 | 0.4437 mean
                     	0.5495	0.6982	 1.058	 1.042	 0.609	0.5907	0.9917	0.9681	0.9462	 1.034	  2.64	 2.567	 | 1.484 quantile
                      	 1.689	 1.951	 2.792	 2.833	 1.133	 1.088	  1.82	 1.758	 1.885	 2.137	 4.933	  4.88	 | 4.933 max

train losses    144:	0.2571	 0.262	0.3071	0.2999	0.3004	0.3032	0.3172	0.3136	 0.436	 0.435	0.5226	0.5209	
val losses      144:	0.2077	0.2554	0.4007	0.3842	0.2331	0.2273	0.3675	0.3573	0.3682	 0.417	 1.052	 1.056	 | 0.4439 mean
                     	0.5461	0.6802	 1.062	  1.04	0.6093	 0.584	0.9915	0.9653	0.9503	 1.043	 2.629	 2.559	 | 1.488 quantile
                      	 1.695	 1.865	 2.784	 2.835	 1.122	 1.084	 1.849	 1.761	 1.813	 2.124	 4.833	 4.837	 | 4.837 max

train losses    146:	0.2577	0.2618	0.3065	0.2983	0.2973	0.3026	0.3153	 0.312	0.4354	0.4345	0.5248	0.5219	
val losses      146:	0.2085	0.2579	0.4002	0.3843	0.2336	0.2281	0.3681	 0.358	0.3691	0.4176	 1.078	 1.081	 | 0.4486 mean
                     	0.5521	0.6903	 1.063	 1.041	0.6033	0.5788	0.9908	0.9654	0.9458	 1.055	  2.66	  2.59	 | 1.503 quantile
                      	 1.621	 1.893	 2.799	  2.82	 1.169	 1.152	 1.803	 1.711	 1.837	 2.086	 4.932	 4.919	 | 4.932 max

train losses    148:	0.2546	0.2606	0.3051	0.2982	0.2969	0.3006	0.3155	0.3127	0.4334	0.4315	0.5155	0.5166	
val losses      148:	0.2044	 0.257	   0.4	 0.384	0.2325	0.2289	0.3675	0.3582	0.3666	0.4172	 1.074	 1.077	 | 0.4472 mean
                     	0.5564	0.6883	 1.062	  1.04	0.6034	0.5943	0.9903	 0.966	0.9431	 1.047	 2.676	 2.599	 | 1.511 quantile
                      	 1.694	 1.955	 2.809	 2.823	 1.084	 1.098	 1.862	 1.771	 1.868	 2.094	 4.928	 4.929	 | 4.929 max

train losses    150:	 0.256	  0.26	0.3049	 0.297	0.2951	 0.299	0.3128	0.3105	 0.433	0.4292	0.5305	0.5296	
val losses      150:	0.2036	0.2552	0.3999	0.3836	0.2313	 0.227	0.3663	0.3565	0.3659	0.4158	 1.077	 1.079	 | 0.4468 mean
                     	0.5535	0.6839	 1.063	 1.038	0.6069	0.5841	0.9865	 0.959	0.9409	 1.044	 2.666	 2.589	 | 1.5 quantile
                      	 1.658	 1.902	 2.816	  2.81	 1.083	 1.151	 1.855	 1.753	 1.789	 2.087	 4.903	 4.856	 | 4.903 max

train losses    152:	 0.252	 0.259	0.3055	0.2975	0.2954	0.2977	0.3125	0.3097	0.4335	0.4298	0.5113	  0.51	
val losses      152:	0.2034	0.2519	   0.4	0.3835	0.2312	 0.225	0.3682	0.3587	0.3636	0.4153	 1.053	 1.057	 | 0.4426 mean
                     	0.5435	0.6805	 1.065	 1.039	 0.596	0.5821	0.9951	0.9662	0.9367	 1.036	 2.699	 2.608	 | 1.476 quantile
                      	 1.685	 1.852	 2.785	 2.819	 1.146	  1.17	  1.88	 1.794	  1.82	 2.099	 4.827	 4.823	 | 4.827 max

train losses    154:	0.2532	0.2579	0.3045	 0.297	0.2938	0.2984	0.3101	0.3069	0.4308	 0.428	0.5012	0.5002	
val losses      154:	 0.204	0.2517	0.3997	0.3832	0.2305	0.2249	0.3677	0.3576	0.3633	0.4159	 1.046	 1.049	 | 0.4411 mean
                     	0.5406	0.6813	 1.065	 1.039	0.5982	 0.576	0.9902	0.9665	0.9362	 1.039	 2.658	 2.569	 | 1.473 quantile
                      	 1.675	 1.831	 2.766	 2.825	 1.102	 1.132	 1.848	 1.765	 1.812	 2.095	 4.789	 4.851	 | 4.851 max

train losses    156:	0.2521	0.2565	0.3038	0.2958	0.2948	0.2976	0.3111	0.3067	0.4301	0.4254	0.4956	0.4949	
val losses      156:	 0.203	0.2514	0.3995	0.3831	0.2303	0.2243	 0.367	0.3576	0.3643	 0.414	 1.047	  1.05	 | 0.4409 mean
                     	0.5431	0.6697	 1.063	 1.035	0.5947	0.5772	 0.989	0.9651	0.9403	 1.039	 2.634	 2.567	 | 1.481 quantile
                      	 1.681	 1.881	 2.779	 2.824	 1.078	 1.114	 1.846	  1.76	 1.826	 2.104	 4.872	 4.852	 | 4.872 max

train losses    158:	0.2513	0.2568	0.3033	0.2961	0.2929	0.2952	0.3089	0.3063	0.4304	0.4283	0.4948	0.4916	
val losses      158:	0.2037	0.2512	0.3991	0.3828	0.2289	0.2239	0.3667	0.3567	0.3641	0.4161	 1.041	 1.044	 | 0.4398 mean
                     	 0.544	0.6761	 1.061	 1.036	0.5907	0.5781	  0.99	0.9615	 0.939	 1.043	 2.632	 2.562	 | 1.477 quantile
                      	 1.671	 1.838	 2.787	  2.82	 1.091	 1.117	 1.859	  1.79	 1.821	 2.103	 4.759	 4.788	 | 4.788 max

train losses    160:	 0.251	0.2559	0.3026	0.2951	0.2923	0.2973	0.3095	0.3057	0.4276	 0.425	0.4895	0.4887	
val losses      160:	0.2034	0.2515	0.3991	0.3827	0.2294	0.2232	0.3664	0.3564	0.3648	0.4185	 1.042	 1.045	 | 0.4402 mean
                     	0.5449	0.6803	 1.058	 1.038	0.5933	0.5772	0.9884	0.9627	0.9362	 1.034	 2.648	 2.565	 | 1.468 quantile
                      	 1.651	 1.833	   2.8	 2.821	 1.065	 1.154	 1.839	 1.773	 1.835	  2.11	 4.799	 4.833	 | 4.833 max

train losses    162:	0.2511	0.2558	0.3038	0.2959	0.2922	0.2936	0.3089	0.3061	0.4291	0.4237	0.4896	0.4892	
val losses      162:	0.2021	0.2521	0.3987	0.3822	0.2296	0.2231	0.3661	0.3557	0.3644	0.4166	 1.045	 1.049	 | 0.4404 mean
                     	0.5432	0.6782	  1.06	 1.036	0.5928	0.5722	0.9851	0.9538	0.9406	 1.035	 2.651	 2.555	 | 1.476 quantile
                      	 1.677	 1.823	 2.791	 2.808	  1.12	 1.176	 1.822	 1.759	 1.833	 2.106	 4.853	  4.89	 | 4.89 max

train losses    164:	0.2513	0.2555	0.3022	0.2942	0.2931	0.2929	0.3069	0.3043	0.4243	0.4247	0.4879	0.4859	
val losses      164:	0.2013	0.2509	0.3986	0.3819	0.2277	0.2229	0.3658	0.3556	0.3641	0.4155	  1.04	 1.043	 | 0.439 mean
                     	0.5346	0.6722	 1.062	 1.039	0.5954	0.5748	0.9853	0.9541	0.9398	 1.032	 2.622	 2.557	 | 1.473 quantile
                      	 1.657	 1.814	 2.801	 2.802	 1.092	 1.117	 1.819	 1.743	 1.809	 2.105	 4.811	 4.836	 | 4.836 max

train losses    166:	0.2514	0.2555	0.3025	0.2942	0.2902	0.2942	0.3087	0.3058	0.4258	0.4231	0.4852	0.4825	
val losses      166:	0.2008	0.2502	0.3985	0.3818	0.2281	 0.222	0.3648	0.3543	0.3633	0.4155	 1.043	 1.046	 | 0.439 mean
                     	0.5349	0.6714	 1.061	 1.034	0.5932	0.5731	0.9816	0.9492	0.9448	 1.037	 2.636	 2.558	 | 1.47 quantile
                      	 1.653	 1.834	 2.814	 2.798	 1.083	 1.132	 1.809	 1.751	 1.796	 2.103	 4.817	 4.849	 | 4.849 max

train losses    168:	0.2498	0.2535	0.3027	0.2946	0.2904	0.2935	0.3078	0.3042	0.4276	 0.424	0.4842	0.4814	
val losses      168:	0.2019	0.2485	0.3984	0.3817	0.2293	0.2216	 0.366	 0.356	0.3635	0.4151	 1.043	 1.046	 | 0.4392 mean
                     	 0.535	0.6711	 1.058	 1.034	0.5908	0.5704	0.9837	0.9561	0.9412	 1.029	 2.639	 2.551	 | 1.472 quantile
                      	 1.633	  1.84	 2.798	 2.804	 1.069	  1.13	 1.829	 1.755	 1.803	 2.101	 4.854	 4.882	 | 4.882 max

train losses    170:	0.2494	0.2547	0.3024	 0.294	0.2884	0.2922	0.3073	0.3041	0.4242	0.4227	0.4808	0.4795	
val losses      170:	0.2007	0.2496	0.3986	 0.382	0.2278	0.2222	0.3664	0.3568	0.3639	0.4159	  1.04	 1.043	 | 0.439 mean
                     	0.5352	 0.675	 1.061	 1.036	0.5905	0.5736	0.9884	0.9576	0.9266	 1.036	 2.636	 2.544	 | 1.473 quantile
                      	 1.635	 1.848	  2.79	 2.807	 1.064	 1.138	 1.851	 1.773	 1.826	 2.098	  4.78	 4.804	 | 4.804 max

train losses    172:	0.2497	0.2547	0.3018	0.2941	0.2868	0.2917	0.3068	0.3043	0.4221	0.4199	0.4808	0.4803	
val losses      172:	0.2018	0.2498	0.3987	 0.382	0.2268	0.2219	0.3663	0.3563	0.3643	0.4157	  1.04	 1.043	 | 0.439 mean
                     	0.5347	0.6698	 1.063	 1.034	0.5869	 0.576	0.9918	 0.956	0.9406	 1.036	 2.629	 2.547	 | 1.475 quantile
                      	 1.632	 1.809	 2.781	 2.816	 1.061	 1.129	 1.841	 1.756	 1.833	 2.081	 4.806	 4.818	 | 4.818 max

train losses    174:	0.2496	0.2552	0.3021	0.2935	0.2878	0.2914	0.3051	0.3023	 0.422	0.4192	0.4806	0.4786	
val losses      174:	0.2011	0.2484	0.3982	0.3816	0.2264	0.2214	0.3658	0.3551	0.3644	0.4169	 1.041	 1.043	 | 0.4386 mean
                     	0.5362	0.6683	 1.058	 1.032	0.5903	0.5692	0.9844	0.9525	0.9398	 1.043	 2.637	 2.554	 | 1.469 quantile
                      	 1.652	 1.824	 2.787	 2.816	 1.074	 1.118	 1.847	 1.765	 1.784	 2.117	 4.744	 4.756	 | 4.756 max

train losses    176:	0.2487	0.2532	0.3011	0.2933	0.2871	0.2915	0.3048	0.3027	0.4236	 0.421	 0.479	0.4775	
val losses      176:	0.2006	0.2479	0.3983	0.3817	0.2271	0.2207	0.3662	0.3561	0.3653	0.4187	  1.04	 1.042	 | 0.4387 mean
                     	0.5361	0.6744	 1.058	 1.032	0.5857	0.5659	0.9856	0.9592	0.9394	 1.042	 2.622	 2.543	 | 1.47 quantile
                      	  1.65	 1.817	 2.785	 2.798	 1.092	 1.142	 1.835	 1.765	 1.783	 2.078	 4.772	 4.715	 | 4.772 max

train losses    178:	0.2489	0.2525	0.3016	0.2925	 0.288	 0.291	 0.305	0.3028	0.4211	0.4186	0.4787	0.4761	
val losses      178:	0.2014	 0.249	0.3981	0.3815	0.2261	0.2205	0.3661	0.3557	0.3646	0.4173	 1.043	 1.046	 | 0.4391 mean
                     	 0.537	0.6807	 1.059	 1.031	0.5872	0.5699	0.9875	0.9568	0.9378	 1.042	 2.623	  2.55	 | 1.469 quantile
                      	 1.604	 1.789	 2.782	 2.809	 1.073	 1.119	 1.842	 1.769	 1.818	 2.096	 4.777	 4.789	 | 4.789 max

train losses    180:	0.2463	0.2518	 0.301	0.2931	 0.288	0.2898	0.3043	0.3021	0.4238	0.4194	0.4774	0.4754	
val losses      180:	0.1995	0.2475	 0.398	0.3814	0.2264	  0.22	0.3663	0.3562	0.3638	0.4163	 1.041	 1.043	 | 0.4382 mean
                     	0.5338	0.6736	  1.06	 1.031	 0.582	 0.571	 0.989	0.9591	0.9434	 1.036	 2.612	 2.547	 | 1.472 quantile
                      	 1.624	 1.818	 2.781	 2.792	 1.052	 1.123	 1.856	 1.778	 1.791	 2.089	 4.768	 4.692	 | 4.768 max

train losses    182:	0.2476	0.2528	0.3007	0.2928	 0.286	 0.291	0.3024	0.2995	0.4203	 0.419	0.4757	0.4727	
val losses      182:	0.1996	0.2474	0.3977	 0.381	0.2257	0.2199	0.3656	0.3545	0.3645	0.4165	  1.04	 1.043	 | 0.438 mean
                     	0.5316	0.6663	 1.059	  1.03	0.5874	0.5696	0.9896	0.9523	0.9402	 1.027	 2.623	 2.547	 | 1.468 quantile
                      	 1.701	 1.809	 2.783	 2.798	  1.03	 1.102	 1.851	 1.769	 1.822	 2.088	 4.775	 4.775	 | 4.775 max

train losses    184:	0.2471	0.2515	0.3006	 0.292	0.2861	0.2905	0.3036	0.3008	0.4202	0.4176	0.4738	0.4741	
val losses      184:	0.1999	0.2471	0.3979	 0.381	0.2258	0.2193	0.3656	 0.355	0.3654	0.4176	 1.036	 1.038	 | 0.4373 mean
                     	 0.532	0.6675	 1.057	 1.027	0.5871	 0.568	 0.993	0.9484	0.9399	 1.031	 2.621	 2.544	 | 1.463 quantile
                      	 1.671	 1.783	 2.766	 2.793	 1.034	  1.12	 1.849	 1.766	 1.806	 2.111	 4.736	 4.724	 | 4.736 max

train losses    186:	0.2465	0.2509	0.2995	0.2908	0.2847	0.2895	0.3027	0.2997	0.4207	0.4162	0.4754	0.4728	
val losses      186:	0.1997	0.2483	0.3976	0.3808	0.2256	0.2197	0.3654	0.3546	0.3658	0.4177	 1.038	  1.04	 | 0.4377 mean
                     	0.5358	0.6732	 1.056	  1.03	0.5888	 0.569	0.9863	0.9453	0.9401	 1.036	 2.607	 2.534	 | 1.462 quantile
                      	 1.657	 1.793	  2.79	 2.797	 1.043	 1.122	 1.842	 1.757	 1.791	 2.106	 4.772	 4.754	 | 4.772 max

train losses    188:	0.2457	0.2499	0.2999	 0.292	0.2847	 0.289	 0.302	0.2985	0.4211	0.4174	0.4718	0.4713	
val losses      188:	0.1985	0.2457	0.3978	0.3808	0.2244	0.2189	0.3659	 0.356	0.3646	0.4162	 1.038	 1.041	 | 0.4373 mean
                     	0.5338	0.6669	 1.057	 1.027	0.5814	 0.569	0.9933	0.9505	0.9436	  1.04	 2.604	 2.533	 | 1.462 quantile
                      	 1.646	 1.782	 2.791	 2.798	 1.047	  1.13	 1.821	 1.737	  1.81	 2.074	 4.778	 4.729	 | 4.778 max

train losses    190:	0.2482	0.2519	0.2992	0.2912	0.2829	0.2869	0.3024	0.2996	0.4164	0.4153	0.4713	0.4697	
val losses      190:	0.1985	0.2468	0.3975	0.3805	0.2249	 0.219	0.3661	0.3553	0.3645	0.4169	 1.037	 1.039	 | 0.4372 mean
                     	0.5317	0.6701	 1.056	 1.027	 0.583	0.5628	0.9848	0.9497	0.9324	 1.036	   2.6	 2.533	 | 1.457 quantile
                      	  1.63	 1.783	 2.789	 2.802	 1.039	  1.17	 1.836	 1.748	 1.798	 2.089	 4.704	  4.71	 | 4.71 max

train losses    192:	0.2462	0.2515	0.2997	0.2913	0.2842	 0.288	0.3012	0.2985	0.4182	0.4151	0.4725	0.4703	
val losses      192:	0.1989	0.2459	0.3974	0.3803	 0.224	0.2182	0.3653	0.3542	0.3641	0.4162	 1.036	 1.039	 | 0.4366 mean
                     	0.5315	0.6735	 1.054	 1.023	0.5822	0.5665	0.9868	0.9506	0.9277	 1.037	 2.607	 2.518	 | 1.457 quantile
                      	 1.633	  1.79	  2.79	 2.787	  1.05	 1.124	 1.818	 1.736	 1.778	 2.061	 4.789	 4.793	 | 4.793 max

train losses    194:	0.2463	0.2506	0.2986	0.2902	0.2845	0.2875	0.2992	0.2965	0.4172	0.4155	0.4696	0.4679	
val losses      194:	0.1984	0.2471	0.3973	0.3802	0.2238	0.2187	0.3652	0.3546	0.3648	0.4161	 1.038	 1.041	 | 0.4371 mean
                     	0.5305	0.6707	 1.056	 1.026	0.5787	0.5665	 0.994	0.9496	0.9385	 1.028	 2.613	 2.542	 | 1.453 quantile
                      	 1.652	 1.833	 2.787	 2.785	 1.051	 1.141	 1.821	 1.724	  1.79	 2.065	 4.834	 4.783	 | 4.834 max

train losses    196:	0.2458	0.2502	0.2982	0.2903	0.2835	0.2881	0.2992	0.2975	0.4169	0.4152	0.4677	0.4683	
val losses      196:	0.1989	0.2471	0.3969	  0.38	0.2237	0.2184	0.3653	 0.355	0.3642	0.4151	 1.036	  1.04	 | 0.4368 mean
                     	0.5321	0.6793	 1.058	 1.028	0.5764	0.5627	0.9881	0.9514	0.9339	 1.034	 2.604	 2.517	 | 1.46 quantile
                      	 1.644	 1.789	 2.768	 2.778	  1.05	 1.148	 1.823	 1.733	 1.776	 2.058	 4.771	 4.763	 | 4.771 max

train losses    198:	0.2447	0.2484	0.2979	0.2896	0.2808	0.2874	0.2982	0.2962	0.4158	0.4125	0.4675	 0.467	
val losses      198:	0.1985	0.2452	0.3968	0.3799	0.2234	0.2179	0.3656	0.3552	0.3633	0.4159	  1.03	 1.034	 | 0.4355 mean
                     	0.5324	0.6681	 1.055	 1.027	0.5725	0.5654	0.9879	0.9471	0.9321	 1.034	  2.59	 2.512	 | 1.448 quantile
                      	 1.627	 1.784	 2.784	 2.787	 1.026	 1.139	 1.846	 1.774	   1.8	 2.068	 4.775	 4.765	 | 4.775 max

train losses    200:	0.2461	0.2493	0.2975	0.2892	0.2822	0.2865	0.2999	0.2984	0.4159	0.4134	0.4666	0.4661	
val losses      200:	0.1991	0.2431	 0.397	  0.38	0.2228	0.2176	0.3655	0.3552	0.3624	0.4145	 1.033	 1.036	 | 0.4355 mean
                     	0.5291	0.6576	 1.053	 1.027	0.5734	0.5657	0.9937	0.9526	0.9309	 1.032	 2.608	 2.526	 | 1.445 quantile
                      	 1.661	 1.779	 2.773	 2.773	 1.012	 1.102	 1.819	 1.762	  1.84	 2.059	 4.767	 4.771	 | 4.771 max

train losses    202:	0.2451	 0.248	0.2971	0.2895	0.2818	0.2855	0.2975	0.2953	0.4152	0.4117	0.4639	0.4612	
val losses      202:	 0.199	0.2438	 0.397	  0.38	0.2221	0.2176	0.3653	0.3553	0.3633	0.4147	 1.034	 1.037	 | 0.4357 mean
                     	0.5321	0.6586	 1.056	 1.029	 0.576	0.5621	0.9989	0.9533	0.9329	 1.029	 2.603	 2.531	 | 1.449 quantile
                      	 1.625	 1.778	 2.778	 2.761	 1.017	 1.092	 1.847	 1.775	 1.795	 2.017	 4.766	 4.706	 | 4.766 max

train losses    204:	0.2442	0.2483	0.2963	0.2878	0.2809	0.2855	0.2993	0.2972	 0.414	0.4136	0.4663	 0.465	
val losses      204:	 0.199	0.2449	0.3968	0.3796	0.2222	0.2177	0.3645	0.3538	0.3642	0.4153	 1.032	 1.035	 | 0.4355 mean
                     	0.5333	0.6595	 1.059	 1.027	0.5757	0.5649	0.9911	0.9489	0.9365	  1.03	   2.6	 2.524	 | 1.451 quantile
                      	 1.611	 1.765	 2.771	 2.776	 1.041	 1.137	 1.845	 1.765	 1.804	 2.066	 4.733	 4.716	 | 4.733 max

train losses    206:	0.2447	0.2483	0.2973	0.2889	0.2817	0.2851	0.2986	0.2953	0.4141	0.4109	0.4645	0.4611	
val losses      206:	0.1984	0.2434	0.3964	0.3793	0.2215	0.2173	0.3644	0.3537	0.3639	0.4156	 1.034	 1.037	 | 0.4355 mean
                     	0.5302	0.6637	 1.057	 1.026	 0.575	0.5627	0.9977	0.9493	 0.938	 1.031	 2.591	 2.521	 | 1.45 quantile
                      	 1.588	 1.773	 2.778	 2.786	  1.04	 1.132	 1.834	 1.749	 1.812	 2.051	 4.763	 4.733	 | 4.763 max

train losses    208:	0.2446	0.2478	0.2964	0.2878	0.2797	0.2843	 0.298	0.2969	0.4146	0.4096	0.4631	0.4623	
val losses      208:	0.1985	 0.243	0.3962	0.3792	0.2216	0.2175	0.3649	0.3543	 0.365	0.4159	 1.034	 1.037	 | 0.4356 mean
                     	0.5333	 0.663	 1.055	 1.027	0.5754	0.5596	0.9949	0.9462	0.9383	 1.032	 2.591	 2.529	 | 1.45 quantile
                      	 1.629	 1.752	 2.781	 2.772	 1.044	 1.117	 1.829	 1.761	 1.802	 2.052	 4.795	 4.792	 | 4.795 max

train losses    210:	0.2435	0.2464	0.2966	0.2882	0.2814	 0.284	0.2973	0.2945	0.4143	0.4108	0.4612	0.4603	
val losses      210:	0.1992	0.2451	0.3964	 0.379	0.2217	0.2166	0.3642	0.3542	0.3642	0.4159	 1.031	 1.034	 | 0.4351 mean
                     	0.5329	0.6681	 1.058	 1.026	0.5708	0.5561	0.9911	0.9498	0.9361	 1.029	 2.577	 2.517	 | 1.449 quantile
                      	 1.617	  1.74	 2.785	 2.771	 1.023	 1.152	 1.848	 1.777	 1.797	 2.052	 4.772	 4.775	 | 4.775 max

train losses    212:	 0.244	0.2461	 0.296	 0.287	0.2794	0.2821	 0.297	0.2937	0.4114	0.4088	0.4625	0.4617	
val losses      212:	0.1976	0.2432	 0.396	0.3787	0.2217	0.2169	0.3643	0.3541	0.3628	0.4148	 1.032	 1.035	 | 0.4347 mean
                     	0.5305	0.6582	 1.053	 1.024	0.5701	0.5579	0.9911	0.9457	0.9391	 1.036	 2.588	  2.52	 | 1.447 quantile
                      	 1.629	 1.818	 2.779	 2.767	 1.017	 1.124	 1.851	 1.784	 1.781	 2.057	 4.892	  4.87	 | 4.892 max

train losses    214:	 0.243	 0.246	0.2959	 0.287	0.2786	 0.283	0.2952	0.2927	0.4103	0.4091	0.4611	0.4588	
val losses      214:	0.1975	0.2418	0.3956	0.3785	0.2218	0.2173	0.3644	0.3537	0.3627	0.4143	  1.03	 1.034	 | 0.4342 mean
                     	0.5307	0.6594	  1.05	 1.022	0.5739	0.5661	0.9901	0.9506	0.9293	 1.033	 2.589	 2.523	 | 1.446 quantile
                      	 1.626	 1.772	  2.79	 2.774	 1.027	 1.092	 1.856	 1.789	 1.822	 2.016	 4.788	 4.804	 | 4.804 max

train losses    216:	0.2438	 0.246	 0.296	0.2873	0.2797	0.2835	0.2958	0.2927	 0.409	0.4098	0.4586	0.4564	
val losses      216:	0.2001	0.2421	 0.396	0.3788	0.2221	0.2169	0.3642	0.3534	0.3632	0.4153	 1.029	 1.033	 | 0.4345 mean
                     	0.5377	0.6591	 1.053	 1.023	0.5757	0.5594	0.9917	0.9491	0.9345	 1.029	 2.571	 2.518	 | 1.446 quantile
                      	  1.63	 1.745	 2.795	 2.784	 1.024	 1.104	 1.844	 1.766	 1.801	 2.033	 4.703	 4.715	 | 4.715 max

train losses    218:	0.2415	0.2473	0.2952	0.2871	0.2781	0.2823	0.2946	0.2931	0.4104	0.4092	0.4595	0.4595	
val losses      218:	0.1976	0.2427	0.3957	0.3786	0.2217	0.2166	0.3649	0.3547	0.3633	0.4167	  1.03	 1.033	 | 0.4347 mean
                     	0.5293	0.6535	 1.054	 1.023	0.5772	0.5624	0.9899	0.9503	0.9358	 1.042	 2.569	 2.502	 | 1.444 quantile
                      	 1.645	 1.784	 2.793	  2.79	 1.009	 1.113	 1.839	 1.756	 1.799	 2.025	 4.699	 4.713	 | 4.713 max

train losses    220:	0.2415	0.2452	0.2954	0.2863	0.2783	0.2819	0.2952	0.2925	0.4111	0.4082	0.4572	0.4554	
val losses      220:	0.1958	0.2405	0.3954	0.3784	0.2212	0.2158	0.3651	0.3553	0.3635	0.4147	 1.031	 1.034	 | 0.4342 mean
                     	0.5314	0.6569	  1.05	 1.022	0.5763	0.5621	0.9909	0.9514	0.9389	 1.028	 2.569	 2.498	 | 1.451 quantile
                      	 1.618	 1.768	 2.794	 2.786	 1.011	 1.096	 1.836	 1.775	 1.801	 2.034	 4.793	 4.812	 | 4.812 max

train losses    222:	0.2424	0.2452	 0.295	0.2858	0.2785	0.2822	 0.295	0.2925	0.4117	0.4065	0.4566	0.4544	
val losses      222:	0.1961	0.2415	0.3953	0.3782	0.2209	0.2144	0.3646	0.3547	0.3633	0.4142	 1.028	 1.032	 | 0.4336 mean
                     	 0.526	0.6535	 1.052	 1.021	0.5744	0.5572	 0.996	0.9523	0.9397	 1.031	 2.573	 2.496	 | 1.444 quantile
                      	 1.622	 1.765	 2.786	 2.811	 1.027	 1.104	 1.827	  1.75	 1.765	 2.046	  4.71	 4.711	 | 4.711 max

train losses    224:	0.2425	 0.246	0.2945	0.2862	0.2774	 0.283	 0.294	0.2908	0.4092	0.4062	0.4543	0.4512	
val losses      224:	0.1978	0.2424	0.3951	0.3782	0.2195	0.2145	0.3633	0.3527	0.3644	0.4167	 1.027	  1.03	 | 0.4335 mean
                     	0.5322	0.6632	 1.051	 1.021	0.5722	0.5507	0.9899	0.9423	 0.943	 1.038	 2.573	  2.51	 | 1.439 quantile
                      	 1.607	 1.732	 2.784	 2.788	 1.022	 1.089	 1.815	 1.726	 1.764	 2.057	 4.723	 4.708	 | 4.723 max

train losses    226:	0.2411	0.2444	 0.294	0.2849	 0.277	0.2802	0.2928	0.2902	0.4091	0.4084	0.4543	0.4503	
val losses      226:	0.1968	0.2419	0.3951	 0.378	0.2186	0.2148	0.3638	0.3537	0.3643	0.4144	 1.031	 1.035	 | 0.434 mean
                     	0.5286	0.6619	  1.05	  1.02	0.5679	0.5549	0.9887	0.9441	0.9456	 1.034	 2.573	 2.499	 | 1.444 quantile
                      	  1.61	 1.742	 2.778	 2.791	  1.02	 1.122	 1.829	  1.74	  1.82	 2.062	 4.823	 4.803	 | 4.823 max

train losses    228:	0.2429	0.2452	0.2932	 0.285	0.2776	0.2798	0.2936	0.2904	0.4068	 0.407	0.4542	0.4541	
val losses      228:	0.1962	0.2414	0.3951	0.3781	0.2187	0.2137	0.3637	0.3535	0.3644	0.4169	 1.024	 1.028	 | 0.4328 mean
                     	0.5278	0.6603	 1.053	 1.021	0.5674	0.5568	0.9946	0.9444	0.9427	  1.04	 2.558	 2.498	 | 1.44 quantile
                      	 1.615	 1.748	 2.777	 2.777	 1.018	 1.101	 1.822	 1.757	 1.786	 2.067	 4.754	 4.746	 | 4.754 max

train losses    230:	0.2418	0.2443	0.2934	0.2848	 0.276	0.2811	0.2931	0.2911	0.4082	0.4058	0.4552	0.4535	
val losses      230:	0.1966	0.2398	0.3946	0.3777	0.2181	0.2136	0.3641	0.3534	0.3628	0.4139	  1.03	 1.034	 | 0.4333 mean
                     	0.5309	 0.653	 1.051	  1.02	0.5612	0.5468	0.9892	0.9439	0.9337	 1.034	 2.579	 2.519	 | 1.44 quantile
                      	 1.593	 1.719	 2.786	 2.782	 1.021	 1.104	 1.837	 1.773	 1.789	 2.079	 4.775	 4.775	 | 4.775 max

train losses    232:	0.2415	0.2453	0.2933	0.2846	0.2766	0.2791	0.2914	0.2892	0.4037	 0.405	0.4497	0.4497	
val losses      232:	0.1964	0.2387	0.3945	0.3774	0.2191	0.2142	0.3642	0.3533	0.3638	0.4158	 1.024	 1.028	 | 0.4325 mean
                     	0.5318	 0.651	 1.047	 1.016	0.5656	0.5554	0.9927	0.9448	0.9331	 1.043	 2.578	 2.502	 | 1.44 quantile
                      	 1.586	 1.729	 2.784	 2.782	 1.002	 1.092	 1.832	 1.779	 1.803	 2.061	 4.692	 4.694	 | 4.694 max

train losses    234:	0.2412	0.2445	0.2927	0.2836	0.2764	0.2791	 0.292	0.2904	 0.405	0.4032	0.4521	0.4519	
val losses      234:	0.1955	0.2378	0.3939	0.3769	0.2197	0.2139	0.3642	0.3536	0.3625	0.4135	 1.026	 1.031	 | 0.4324 mean
                     	0.5299	0.6473	 1.051	 1.017	0.5728	0.5506	0.9892	0.9432	0.9397	 1.033	 2.587	 2.508	 | 1.441 quantile
                      	 1.614	 1.739	  2.78	 2.775	 1.031	 1.061	 1.834	 1.761	 1.784	 2.038	 4.731	 4.742	 | 4.742 max

train losses    236:	0.2403	0.2433	0.2924	 0.284	0.2763	0.2799	0.2897	0.2876	0.4058	0.4018	0.4524	0.4522	
val losses      236:	0.1954	  0.24	0.3943	0.3771	0.2192	0.2141	0.3631	0.3518	 0.363	0.4152	 1.024	 1.028	 | 0.432 mean
                     	0.5254	0.6514	 1.051	 1.017	0.5698	 0.556	0.9893	0.9459	0.9343	 1.038	 2.566	 2.495	 | 1.441 quantile
                      	 1.601	 1.711	   2.8	 2.797	 1.005	  1.08	   1.8	 1.727	 1.794	 2.059	 4.755	 4.752	 | 4.755 max

train losses    238:	0.2413	0.2433	0.2933	0.2845	0.2754	0.2806	0.2909	0.2885	0.4048	0.4025	0.4482	0.4469	
val losses      238:	0.1948	0.2388	0.3943	0.3773	0.2181	0.2139	0.3638	0.3532	0.3634	0.4174	 1.022	 1.025	 | 0.4318 mean
                     	0.5246	0.6538	 1.049	 1.019	0.5663	0.5549	0.9854	0.9437	0.9375	  1.04	 2.561	  2.48	 | 1.437 quantile
                      	 1.636	 1.726	 2.795	 2.803	0.9903	 1.079	 1.859	 1.763	 1.761	 2.033	 4.759	 4.754	 | 4.759 max

train losses    240:	0.2397	0.2417	0.2924	0.2841	0.2747	0.2784	0.2906	0.2889	0.4046	0.4012	0.4514	0.4484	
val losses      240:	0.1935	0.2369	 0.394	0.3769	0.2171	0.2122	0.3645	 0.354	0.3614	0.4131	 1.022	 1.026	 | 0.431 mean
                     	  0.52	0.6422	  1.05	 1.018	0.5628	0.5489	0.9856	0.9415	0.9374	  1.04	  2.55	 2.484	 | 1.436 quantile
                      	 1.604	 1.725	 2.776	 2.765	0.9774	 1.105	 1.853	 1.765	 1.785	 2.079	 4.718	 4.722	 | 4.722 max

train losses    242:	0.2401	0.2431	0.2916	0.2825	0.2761	0.2793	0.2895	0.2874	0.4046	0.4035	0.4481	 0.447	
val losses      242:	0.1952	0.2382	0.3939	0.3768	0.2165	0.2127	0.3638	0.3528	0.3621	0.4152	  1.02	 1.023	 | 0.4309 mean
                     	0.5242	 0.658	 1.047	 1.018	0.5626	0.5479	 0.985	0.9398	0.9351	 1.041	 2.554	 2.493	 | 1.429 quantile
                      	 1.603	 1.676	 2.784	 2.772	 0.966	 1.084	 1.843	 1.766	 1.807	 2.057	 4.762	 4.766	 | 4.766 max

train losses    244:	0.2394	0.2431	0.2921	0.2834	0.2745	0.2782	0.2884	0.2879	0.4056	0.4033	0.4491	0.4463	
val losses      244:	0.1942	0.2378	0.3941	 0.377	0.2176	 0.213	0.3644	0.3542	0.3625	0.4157	  1.02	 1.024	 | 0.4312 mean
                     	0.5246	0.6528	 1.044	 1.015	 0.564	 0.549	0.9904	0.9406	0.9361	  1.04	 2.542	 2.497	 | 1.432 quantile
                      	 1.559	 1.685	 2.779	 2.773	0.9856	 1.108	 1.859	 1.786	 1.809	  2.03	  4.88	 4.878	 | 4.88 max

train losses    246:	0.2408	 0.243	0.2921	0.2828	0.2736	0.2778	0.2893	0.2868	0.4033	0.4007	0.4469	0.4429	
val losses      246:	0.1949	0.2399	0.3938	0.3766	0.2178	0.2114	0.3635	 0.353	0.3638	0.4153	 1.022	 1.026	 | 0.4315 mean
                     	0.5249	0.6606	 1.047	 1.012	0.5625	0.5477	0.9833	0.9444	0.9435	 1.039	 2.551	 2.503	 | 1.435 quantile
                      	 1.565	 1.688	 2.779	 2.772	 1.006	 1.083	 1.899	 1.809	 1.789	 2.089	 4.741	 4.729	 | 4.741 max

train losses    248:	0.2387	0.2415	0.2917	 0.283	0.2733	0.2779	0.2879	0.2869	0.4036	0.4023	 0.444	0.4415	
val losses      248:	0.1956	0.2399	0.3934	0.3764	0.2164	0.2123	0.3632	0.3523	0.3629	0.4157	 1.025	 1.029	 | 0.4318 mean
                     	 0.525	0.6546	 1.045	 1.015	0.5609	0.5488	0.9854	0.9413	0.9307	 1.039	  2.55	 2.493	 | 1.435 quantile
                      	 1.603	 1.721	 2.779	 2.773	0.9799	   1.1	 1.837	 1.769	  1.82	 2.051	 4.851	 4.821	 | 4.851 max

train losses    250:	0.2405	0.2416	0.2911	0.2825	0.2737	0.2742	0.2876	0.2867	0.4027	   0.4	0.4432	0.4427	
val losses      250:	0.1963	0.2369	0.3933	0.3761	0.2164	0.2118	0.3635	0.3529	0.3616	0.4144	 1.024	 1.028	 | 0.4312 mean
                     	0.5309	0.6503	 1.044	 1.014	0.5643	0.5458	0.9884	0.9387	0.9354	 1.034	  2.56	 2.489	 | 1.433 quantile
                      	 1.585	 1.695	 2.777	 2.762	 1.006	 1.094	 1.861	 1.813	 1.778	 2.043	 4.863	  4.84	 | 4.863 max

train losses    252:	0.2391	0.2411	0.2909	0.2824	0.2734	0.2762	0.2878	0.2866	0.4025	0.3995	0.4443	0.4436	
val losses      252:	0.1952	0.2359	0.3933	0.3761	0.2161	0.2116	0.3632	0.3523	0.3619	 0.414	 1.023	 1.027	 | 0.4308 mean
                     	0.5267	0.6431	 1.044	 1.013	0.5616	0.5437	0.9883	0.9403	0.9388	 1.037	 2.549	 2.496	 | 1.43 quantile
                      	 1.586	 1.682	 2.786	  2.78	0.9881	  1.09	 1.848	 1.797	  1.76	 2.031	 4.797	 4.799	 | 4.799 max

train losses    254:	0.2386	0.2398	0.2908	0.2827	0.2728	0.2761	0.2874	 0.286	0.4016	0.3987	0.4414	0.4397	
val losses      254:	0.1943	0.2366	0.3933	 0.376	 0.216	0.2113	0.3631	0.3522	0.3621	0.4142	 1.021	 1.025	 | 0.4304 mean
                     	0.5235	0.6469	 1.045	 1.014	0.5598	0.5458	 0.985	0.9385	0.9373	 1.033	  2.54	 2.482	 | 1.43 quantile
                      	  1.57	 1.669	 2.789	 2.785	 1.019	 1.055	 1.852	 1.782	 1.772	 2.029	 4.831	 4.827	 | 4.831 max

train losses    256:	0.2402	0.2398	0.2903	0.2817	0.2743	0.2755	0.2864	0.2858	0.4019	0.4006	0.4458	0.4444	
val losses      256:	0.1946	0.2371	0.3932	 0.376	0.2153	0.2113	0.3633	0.3522	0.3626	0.4144	  1.02	 1.025	 | 0.4304 mean
                     	0.5245	0.6508	 1.041	 1.017	0.5607	0.5468	0.9841	0.9392	 0.937	 1.039	 2.539	 2.476	 | 1.43 quantile
                      	 1.603	 1.705	 2.792	  2.77	  1.02	 1.054	 1.844	 1.784	 1.776	 2.031	 4.774	 4.796	 | 4.796 max

train losses    258:	0.2388	0.2411	0.2906	0.2818	0.2722	0.2747	0.2877	 0.286	0.4026	0.4004	0.4424	 0.441	
val losses      258:	0.1934	0.2375	0.3932	0.3761	 0.215	0.2112	 0.363	 0.352	0.3623	0.4148	  1.02	 1.024	 | 0.4303 mean
                     	0.5208	0.6501	 1.043	 1.014	0.5595	0.5448	 0.984	0.9393	0.9353	 1.038	 2.545	 2.478	 | 1.431 quantile
                      	 1.578	 1.682	 2.799	 2.777	0.9897	 1.035	 1.837	 1.771	 1.763	 2.011	 4.804	 4.805	 | 4.805 max

train losses    260:	0.2373	0.2418	0.2911	0.2822	0.2713	0.2774	0.2875	0.2852	0.4017	0.3978	0.4437	0.4431	
val losses      260:	0.1938	0.2375	0.3932	 0.376	0.2151	0.2112	0.3626	0.3517	0.3618	0.4146	 1.021	 1.025	 | 0.4303 mean
                     	0.5202	0.6527	 1.042	 1.013	0.5591	0.5458	0.9832	0.9446	0.9289	 1.038	 2.554	 2.477	 | 1.429 quantile
                      	 1.581	 1.695	 2.789	 2.772	0.9876	 1.047	 1.842	  1.77	 1.769	 2.031	 4.781	 4.774	 | 4.781 max

train losses    262:	0.2388	0.2412	0.2908	 0.282	0.2723	0.2768	0.2862	0.2845	0.3988	0.3985	0.4409	  0.44	
val losses      262:	 0.194	 0.238	0.3931	0.3758	0.2147	0.2116	0.3628	0.3524	0.3619	 0.415	  1.02	 1.024	 | 0.4303 mean
                     	0.5218	0.6507	 1.044	 1.013	0.5557	0.5458	0.9851	0.9419	0.9287	 1.033	 2.548	 2.469	 | 1.431 quantile
                      	 1.572	   1.7	 2.779	 2.768	0.9942	 1.051	 1.834	 1.767	 1.769	 2.036	 4.799	 4.788	 | 4.799 max

train losses    264:	0.2389	0.2412	0.2904	0.2818	0.2729	0.2762	0.2846	0.2838	0.3998	0.3982	0.4403	0.4388	
val losses      264:	0.1934	0.2375	0.3931	0.3758	0.2149	0.2111	0.3633	0.3527	0.3621	0.4143	 1.019	 1.023	 | 0.4301 mean
                     	0.5218	0.6515	 1.044	 1.013	0.5569	0.5483	0.9887	0.9424	0.9325	 1.032	 2.538	 2.474	 | 1.43 quantile
                      	  1.57	 1.692	 2.777	  2.77	 1.027	 1.057	 1.844	 1.772	 1.756	 2.041	 4.805	 4.782	 | 4.805 max

train losses    266:	0.2361	0.2405	0.2903	0.2815	0.2707	0.2773	0.2849	0.2846	0.4025	0.3977	0.4417	0.4411	
val losses      266:	0.1929	0.2371	 0.393	0.3758	0.2146	0.2108	0.3627	0.3519	 0.362	0.4142	  1.02	 1.024	 | 0.4299 mean
                     	0.5204	0.6491	 1.045	 1.013	0.5539	0.5443	0.9844	0.9428	0.9338	 1.036	 2.553	 2.481	 | 1.429 quantile
                      	 1.578	 1.687	 2.782	 2.776	   1.0	 1.054	 1.844	  1.77	 1.778	  2.04	 4.783	 4.783	 | 4.783 max

train losses    268:	0.2369	  0.24	0.2905	0.2808	0.2714	0.2751	0.2864	0.2839	 0.401	0.3983	0.4399	0.4383	
val losses      268:	0.1925	0.2378	 0.393	0.3759	0.2147	0.2107	0.3626	 0.352	0.3621	 0.415	 1.018	 1.021	 | 0.4296 mean
                     	0.5185	0.6508	 1.043	 1.012	0.5557	 0.545	0.9834	0.9421	0.9311	 1.037	 2.544	 2.483	 | 1.425 quantile
                      	 1.585	  1.69	 2.784	 2.767	 1.011	 1.041	  1.83	 1.759	 1.796	 2.043	 4.751	 4.739	 | 4.751 max

train losses    270:	0.2382	0.2397	0.2904	0.2809	0.2719	0.2756	0.2854	0.2825	0.4004	0.3978	0.4445	0.4409	
val losses      270:	0.1931	0.2378	0.3929	0.3757	0.2148	0.2103	0.3625	0.3515	0.3619	0.4142	 1.016	  1.02	 | 0.4292 mean
                     	  0.52	0.6506	 1.045	 1.012	0.5544	0.5439	0.9866	0.9387	0.9333	 1.036	 2.536	 2.483	 | 1.427 quantile
                      	 1.588	 1.681	 2.792	 2.772	   1.0	 1.062	 1.835	 1.763	 1.798	 2.047	 4.755	 4.774	 | 4.774 max

train losses    272:	0.2379	0.2383	0.2894	0.2805	0.2716	 0.275	0.2865	0.2842	0.3992	0.3984	0.4401	0.4375	
val losses      272:	0.1926	0.2365	 0.393	0.3756	0.2148	0.2106	0.3634	0.3527	0.3615	0.4145	 1.016	  1.02	 | 0.4293 mean
                     	  0.52	0.6463	 1.041	 1.016	0.5573	0.5449	0.9889	0.9424	0.9393	 1.033	 2.545	 2.486	 | 1.426 quantile
                      	 1.597	 1.684	 2.776	 2.774	 1.015	 1.049	 1.837	 1.772	 1.761	  2.02	 4.767	 4.743	 | 4.767 max

train losses    274:	0.2382	0.2398	0.2896	0.2808	 0.272	0.2737	0.2855	0.2838	 0.401	 0.398	0.4413	0.4395	
val losses      274:	0.1927	0.2363	0.3928	0.3755	0.2148	0.2099	0.3631	0.3524	0.3618	 0.414	 1.018	 1.021	 | 0.4293 mean
                     	0.5206	0.6479	 1.042	 1.013	0.5549	0.5461	0.9867	0.9433	0.9375	 1.036	 2.544	 2.477	 | 1.426 quantile
                      	 1.611	 1.686	 2.766	 2.767	 1.007	 1.052	 1.841	 1.781	 1.774	 2.034	 4.734	 4.757	 | 4.757 max

train losses    276:	0.2384	0.2399	0.2893	0.2803	 0.271	0.2743	0.2838	0.2841	0.3978	0.3967	0.4358	0.4369	
val losses      276:	0.1937	0.2369	0.3928	0.3754	 0.215	0.2101	0.3626	0.3517	0.3623	 0.416	 1.018	 1.022	 | 0.4297 mean
                     	0.5233	0.6548	 1.044	 1.011	0.5552	0.5429	0.9892	0.9406	0.9377	 1.035	 2.547	 2.479	 | 1.427 quantile
                      	 1.587	 1.678	  2.77	 2.774	0.9861	 1.072	 1.851	 1.772	 1.782	 2.025	 4.759	 4.773	 | 4.773 max

train losses    278:	0.2371	0.2416	0.2899	0.2804	0.2703	0.2747	0.2854	0.2838	0.3998	0.3958	0.4399	 0.439	
val losses      278:	0.1934	0.2365	0.3927	0.3752	0.2148	0.2097	0.3624	0.3512	0.3623	0.4165	 1.015	 1.019	 | 0.4291 mean
                     	0.5217	0.6539	 1.044	 1.012	0.5571	0.5438	0.9793	 0.939	0.9353	 1.039	 2.535	 2.476	 | 1.424 quantile
                      	 1.573	 1.664	 2.777	  2.78	0.9998	 1.048	 1.838	 1.769	 1.801	 2.018	 4.762	 4.757	 | 4.762 max

train losses    280:	0.2378	0.2385	0.2895	0.2801	 0.272	0.2723	0.2845	0.2825	0.3991	0.3967	 0.437	 0.437	
val losses      280:	0.1931	0.2359	0.3924	 0.375	0.2144	0.2096	0.3626	0.3514	 0.362	0.4158	 1.017	  1.02	 | 0.4291 mean
                     	0.5222	0.6518	 1.041	 1.015	0.5551	0.5435	0.9811	0.9421	0.9285	 1.036	 2.543	 2.478	 | 1.427 quantile
                      	 1.561	 1.685	 2.771	 2.779	  0.98	 1.053	 1.833	 1.751	 1.798	 2.018	 4.735	 4.729	 | 4.735 max

train losses    282:	0.2376	0.2398	0.2893	  0.28	0.2697	0.2732	0.2834	0.2824	0.3946	0.3964	0.4376	0.4376	
val losses      282:	 0.192	0.2354	0.3924	 0.375	0.2144	0.2093	0.3624	0.3515	 0.362	0.4156	 1.017	 1.021	 | 0.429 mean
                     	0.5191	0.6505	  1.04	 1.014	0.5553	0.5452	0.9816	0.9423	0.9304	 1.037	 2.542	 2.484	 | 1.427 quantile
                      	 1.597	 1.684	 2.771	 2.775	 1.012	 1.057	 1.845	 1.756	 1.782	 2.035	 4.769	 4.726	 | 4.769 max

train losses    284:	0.2371	0.2386	0.2892	0.2795	0.2712	0.2733	0.2847	0.2834	 0.399	0.3971	0.4381	 0.435	
val losses      284:	0.1923	0.2342	0.3925	0.3751	0.2141	0.2093	0.3629	0.3525	0.3617	0.4146	 1.014	 1.018	 | 0.4284 mean
                     	0.5165	 0.643	 1.042	 1.012	0.5532	0.5434	0.9837	0.9436	0.9312	 1.038	 2.529	 2.475	 | 1.425 quantile
                      	  1.61	 1.672	 2.772	 2.777	 0.997	 1.041	 1.842	 1.762	 1.786	 2.005	 4.723	 4.748	 | 4.748 max

train losses    286:	0.2373	0.2388	 0.289	0.2802	0.2707	0.2717	0.2841	0.2819	   0.4	0.3958	0.4399	0.4376	
val losses      286:	0.1925	0.2344	0.3924	0.3751	 0.214	0.2097	0.3626	0.3519	 0.362	0.4148	 1.015	 1.018	 | 0.4285 mean
                     	0.5186	0.6392	 1.041	 1.013	0.5573	0.5449	0.9858	0.9446	0.9314	 1.036	 2.534	  2.48	 | 1.425 quantile
                      	 1.594	 1.654	 2.777	 2.779	 1.001	 1.052	 1.851	 1.775	 1.801	 1.992	 4.743	  4.74	 | 4.743 max

train losses    288:	0.2362	0.2397	0.2888	0.2797	0.2706	0.2735	0.2836	0.2819	0.3998	 0.396	0.4381	0.4349	
val losses      288:	0.1927	0.2352	0.3923	0.3749	0.2136	0.2099	0.3618	0.3509	0.3624	0.4148	 1.018	 1.022	 | 0.429 mean
                     	0.5189	0.6438	 1.042	 1.014	0.5523	0.5413	0.9869	 0.943	0.9344	 1.036	 2.545	  2.47	 | 1.424 quantile
                      	 1.616	 1.669	 2.775	 2.775	0.9898	 1.054	 1.834	 1.757	 1.802	 2.025	 4.798	 4.785	 | 4.798 max

train losses    290:	0.2363	0.2399	0.2891	0.2801	0.2701	0.2717	0.2839	0.2821	0.3964	 0.396	0.4371	0.4359	
val losses      290:	0.1924	0.2364	0.3922	0.3748	 0.214	0.2094	0.3619	0.3508	0.3626	0.4157	 1.014	 1.018	 | 0.4285 mean
                     	 0.522	0.6479	 1.042	 1.011	0.5516	0.5424	0.9829	0.9406	0.9301	 1.038	 2.543	  2.48	 | 1.422 quantile
                      	 1.609	 1.652	 2.785	 2.784	0.9978	  1.06	 1.835	 1.752	 1.784	 2.007	 4.781	 4.764	 | 4.781 max

train losses    292:	0.2362	0.2395	0.2884	0.2795	0.2705	 0.271	0.2827	 0.281	0.4007	0.3969	0.4381	0.4353	
val losses      292:	0.1925	0.2354	0.3923	0.3748	0.2142	0.2084	0.3622	0.3511	 0.362	0.4144	 1.015	 1.019	 | 0.4285 mean
                     	0.5205	0.6457	 1.041	 1.011	0.5506	0.5376	0.9818	0.9405	 0.934	 1.045	 2.538	 2.486	 | 1.427 quantile
                      	  1.58	 1.665	 2.792	 2.788	 1.018	 1.042	 1.833	 1.747	  1.79	 2.006	 4.755	 4.745	 | 4.755 max

train losses    294:	0.2374	0.2381	0.2891	0.2797	0.2713	0.2709	0.2836	0.2817	0.3967	0.3957	0.4353	0.4339	
val losses      294:	0.1936	0.2361	0.3923	0.3749	0.2137	 0.209	 0.362	0.3509	0.3627	0.4155	 1.016	  1.02	 | 0.4289 mean
                     	0.5241	0.6494	 1.042	  1.01	0.5495	0.5405	0.9819	0.9414	 0.939	 1.039	 2.544	  2.48	 | 1.424 quantile
                      	  1.56	 1.668	 2.798	 2.783	0.9931	 1.045	 1.818	 1.742	 1.794	 1.986	 4.768	  4.76	 | 4.768 max

train losses    296:	0.2361	0.2395	0.2889	0.2794	0.2713	0.2731	0.2832	0.2812	0.3967	0.3962	0.4354	0.4346	
val losses      296:	0.1933	0.2371	0.3924	 0.375	 0.214	0.2088	0.3625	0.3518	0.3637	0.4167	 1.016	  1.02	 | 0.4293 mean
                     	 0.525	0.6536	 1.042	 1.013	0.5525	0.5438	0.9871	0.9383	0.9336	 1.037	 2.541	 2.481	 | 1.422 quantile
                      	 1.555	 1.663	 2.783	 2.776	 1.025	 1.064	 1.847	 1.769	 1.788	 1.997	 4.793	 4.769	 | 4.793 max

train losses    298:	0.2366	0.2386	0.2891	0.2801	0.2701	0.2728	0.2834	0.2812	0.3958	0.3938	0.4354	0.4318	
val losses      298:	0.1923	0.2361	0.3923	 0.375	0.2137	0.2093	 0.363	0.3524	0.3638	0.4157	 1.016	  1.02	 | 0.4292 mean
                     	0.5256	0.6509	 1.042	 1.013	0.5561	0.5423	0.9911	0.9401	0.9338	 1.035	 2.553	 2.475	 | 1.422 quantile
                      	 1.576	 1.667	 2.768	 2.765	0.9908	 1.065	 1.866	 1.789	  1.79	 1.992	 4.774	 4.757	 | 4.774 max

