train losses      0:	0.6774	0.6594	0.5158	0.4743	0.7877	0.8254	0.6505	0.5656	  1.61	  1.64	 1.534	 1.521	
val losses        0:	0.5891	0.5531	0.8826	 1.046	  1.12	 1.944	 5.788	  2.41	  3.07	 1.714	 1.639	 1.059	 | 1.818 mean
                     	 1.496	 1.341	 1.667	 1.827	 2.459	 3.282	 6.626	  3.26	 6.138	 4.772	 3.875	 3.525	 | 5.798 quantile
                      	 4.821	  3.77	 3.386	 3.131	 4.449	 5.472	 9.953	 5.593	 11.05	 9.162	 7.199	 5.985	 | 11.05 max

train losses      2:	0.5908	0.6018	 0.482	0.4951	0.7288	0.7634	0.6032	0.5677	 1.526	 1.604	 1.496	 1.513	
val losses        2:	 1.249	 1.004	 1.515	0.5505	0.6749	0.6244	0.4857	0.6917	 1.475	 1.782	 1.035	 1.074	 | 1.013 mean
                     	 2.037	 1.725	  2.22	 1.273	 1.795	 1.689	 1.226	 1.453	 4.162	 4.679	  3.32	 3.367	 | 2.553 quantile
                      	 4.289	 3.693	 4.177	 2.941	 3.959	 4.998	 3.477	 3.959	 8.338	 8.938	 5.647	 6.205	 | 8.938 max

train losses      4:	0.5068	0.5388	0.4362	0.4498	0.6346	0.6938	0.5408	0.5366	 1.386	  1.52	 1.453	 1.474	
val losses        4:	0.3766	0.3415	0.3444	0.3498	0.4793	0.5354	0.3771	0.3806	 1.202	 1.353	 1.008	 1.073	 | 0.6517 mean
                     	0.9354	0.8754	0.8743	0.9275	 1.445	 1.516	 1.006	0.9748	  3.45	 3.895	 3.219	 3.391	 | 2.139 quantile
                      	 3.853	 3.415	 2.878	 2.598	 3.184	  4.18	 3.486	 3.688	  7.24	 8.031	 5.504	  6.42	 | 8.031 max

train losses      6:	0.4614	0.5069	0.4163	0.4213	0.5767	0.6463	0.5143	0.5218	 1.185	 1.384	 1.388	 1.434	
val losses        6:	0.3052	0.3242	0.3121	0.3322	0.4361	0.4996	 0.381	0.3788	0.9313	 1.148	 1.051	 1.107	 | 0.6006 mean
                     	 0.809	0.8419	0.8106	0.8711	 1.259	 1.433	0.9795	0.9536	 2.888	 3.369	 3.181	 3.268	 | 1.96 quantile
                      	 3.716	 3.725	  2.97	 2.445	 2.898	 4.214	 3.469	 3.069	 5.861	  7.17	 5.312	 6.789	 | 7.17 max

train losses      8:	0.4361	0.4944	0.4131	0.4258	0.5318	0.6167	0.5174	0.5205	0.9674	 1.194	 1.322	 1.387	
val losses        8:	 0.268	0.3048	0.3119	0.3158	0.3725	0.4755	0.3944	0.3696	0.7392	 0.936	 1.015	 1.067	 | 0.5475 mean
                     	0.7861	 0.798	0.7916	0.8505	 1.041	  1.35	 1.002	0.9651	 2.377	 2.824	 2.978	 3.183	 | 1.772 quantile
                      	 3.134	 3.646	 2.579	 2.317	 2.932	  3.79	 3.853	 3.327	 4.731	 6.069	 4.931	 6.738	 | 6.738 max

train losses     10:	0.4292	 0.474	0.4191	0.4288	0.5189	 0.579	0.5304	0.5202	0.8236	0.9923	 1.258	 1.322	
val losses       10:	 0.259	0.2681	0.3078	0.3045	0.3763	0.4281	0.3865	0.3733	0.6573	0.7758	 1.028	  1.04	 | 0.5171 mean
                     	0.7368	0.7184	0.7889	0.8077	   1.0	 1.249	 1.026	0.9686	 1.847	 2.212	 2.895	 3.029	 | 1.659 quantile
                      	 2.885	 3.169	 2.289	 2.283	 3.092	 3.606	  4.03	 3.127	 3.752	 5.354	 4.599	  6.63	 | 6.63 max

train losses     12:	0.4247	0.4535	0.4266	0.4411	0.5285	 0.544	0.5419	0.5171	0.7517	0.8276	 1.212	 1.254	
val losses       12:	0.2433	0.2529	0.3127	0.3065	0.3629	0.3941	0.3746	0.3583	0.7073	0.6864	 1.035	 1.038	 | 0.506 mean
                     	0.6492	0.6627	0.7947	0.8078	 0.975	 1.059	 1.026	0.9258	 1.726	 1.806	 2.814	 2.895	 | 1.611 quantile
                      	 2.517	 2.664	 2.393	 2.312	 2.939	 3.161	 4.045	 3.106	 3.318	 4.808	 4.567	 6.364	 | 6.364 max

train losses     14:	0.4153	0.4406	0.4328	0.4463	0.5393	0.5238	0.5393	0.5144	0.8583	 0.864	 1.164	 1.184	
val losses       14:	0.2234	0.2296	0.3002	0.3046	0.3768	0.3584	0.3808	0.3566	0.5651	0.5385	 1.064	 1.026	 | 0.477 mean
                     	0.5896	0.6194	0.7684	0.8039	 1.002	 0.978	 1.039	0.9091	 1.444	 1.403	 2.767	 2.745	 | 1.532 quantile
                      	 2.477	 2.334	 2.528	 2.272	 2.973	 2.891	 4.167	 2.928	 2.811	 4.152	  4.61	 5.679	 | 5.679 max

train losses     16:	0.4091	0.4333	0.4325	0.4353	0.5247	 0.504	 0.527	0.5088	0.7837	0.8054	 1.182	 1.173	
val losses       16:	0.2073	0.2212	0.2993	0.2958	 0.352	0.3584	 0.394	0.3697	0.6356	0.6235	 1.179	  1.12	 | 0.5047 mean
                     	0.5668	0.5815	0.7698	0.7865	0.9588	0.9598	 1.029	0.9258	 1.625	 1.532	 3.099	 2.888	 | 1.688 quantile
                      	 2.478	 2.111	 2.523	 2.143	 2.939	 2.675	 4.135	 2.721	  3.17	 3.794	  5.03	 5.309	 | 5.309 max

train losses     18:	0.4052	0.4212	0.4291	 0.428	 0.513	 0.497	0.5131	0.5025	0.7311	0.7442	 1.241	 1.211	
val losses       18:	0.2115	0.2108	0.2959	 0.289	 0.336	0.3468	0.3419	0.3442	0.5751	0.5264	  1.08	 1.053	 | 0.4675 mean
                     	0.5527	0.5509	0.7623	0.7709	0.9061	0.8915	0.9039	0.8842	 1.536	 1.325	 3.009	 2.877	 | 1.537 quantile
                      	  2.34	 2.041	 2.736	 2.057	 2.614	 2.345	 4.282	 2.632	 3.499	 3.564	 4.463	 4.745	 | 4.745 max

train losses     20:	0.3932	0.4067	0.4219	0.4222	0.5007	  0.48	0.5005	0.4978	0.7131	0.7164	 1.195	 1.176	
val losses       20:	0.2009	0.2065	0.2934	0.2881	0.3258	0.3397	 0.335	0.3548	 0.563	0.5319	 1.059	 1.044	 | 0.4619 mean
                     	0.5355	0.5401	0.7446	0.7652	0.8693	0.8686	0.8869	0.9143	 1.418	 1.257	 2.868	 2.861	 | 1.489 quantile
                      	 2.161	 2.042	 2.559	 2.023	 2.405	 2.142	 3.995	 2.519	 2.877	 3.273	 4.232	 4.801	 | 4.801 max

train losses     22:	0.3828	0.4011	 0.417	0.4156	0.4812	0.4708	0.4876	0.4829	0.6952	0.7007	 1.121	 1.121	
val losses       22:	0.1883	0.2003	0.2914	0.2866	0.3188	0.3242	0.3268	 0.343	0.4903	0.4378	 1.049	 1.037	 | 0.4412 mean
                     	0.5335	0.5222	0.7371	0.7576	0.8629	0.8305	0.8567	0.8708	  1.21	 1.154	 2.843	 2.847	 | 1.453 quantile
                      	 1.976	 1.913	 2.538	 2.207	 2.471	  2.12	 4.321	 2.864	 3.213	 2.676	 4.245	 4.783	 | 4.783 max

train losses     24:	0.3858	0.3985	0.4153	 0.413	0.4751	0.4674	0.4789	0.4725	0.7334	 0.738	 1.092	  1.09	
val losses       24:	0.2042	0.1949	0.2936	0.2856	0.3141	0.3141	0.3194	0.3389	 0.515	0.4268	 1.038	 1.024	 | 0.4391 mean
                     	0.5676	0.4989	0.7441	0.7622	0.8575	0.8099	0.8425	0.8697	  1.32	 1.108	 2.819	 2.804	 | 1.46 quantile
                      	 2.082	 1.952	 2.272	 2.168	 2.125	 2.093	 3.895	 2.834	 3.285	 2.815	 4.564	 4.807	 | 4.807 max

train losses     26:	0.4075	 0.404	0.4162	0.4164	0.4711	0.4607	 0.476	0.4705	0.7515	0.7489	 1.054	 1.059	
val losses       26:	0.2127	0.1936	0.2903	 0.287	 0.303	0.3117	0.3231	 0.336	0.5172	0.4454	 1.036	 1.015	 | 0.4392 mean
                     	0.5559	0.5005	0.7394	0.7541	0.8292	0.7975	0.8328	0.8566	 1.328	 1.157	  2.87	 2.819	 | 1.455 quantile
                      	 2.147	 1.895	 2.388	 2.157	 2.332	 2.034	 3.765	 2.567	 3.182	 2.764	 4.454	  4.62	 | 4.62 max

train losses     28:	0.4019	0.3976	0.4088	0.4071	0.4716	0.4582	0.4735	0.4674	0.7046	0.6954	 1.043	 1.047	
val losses       28:	0.2372	0.1919	0.2875	0.2851	 0.303	0.3189	0.3242	0.3353	0.5196	0.4729	 1.041	  1.02	 | 0.4447 mean
                     	0.5874	0.4975	0.7351	0.7522	0.8069	0.7922	0.8297	0.8577	 1.301	 1.204	 2.901	 2.865	 | 1.442 quantile
                      	 2.157	 1.963	  2.27	 2.207	 2.111	 2.234	 3.912	  2.96	 3.433	 2.471	 4.461	 4.584	 | 4.584 max

train losses     30:	0.3779	0.3881	0.3987	0.4024	0.4611	0.4537	0.4562	0.4545	0.6061	0.6127	 1.023	 1.021	
val losses       30:	0.2445	0.1911	0.2864	0.2833	0.3063	0.3334	0.3176	0.3299	 0.478	0.4073	 1.037	 1.017	 | 0.4359 mean
                     	  0.59	 0.495	0.7305	 0.748	0.7931	0.8242	 0.814	0.8361	 1.175	 1.036	 2.917	 2.891	 | 1.403 quantile
                      	  2.53	  2.05	 2.273	 2.132	 2.204	 1.814	 3.747	 2.754	 2.745	 2.219	 4.558	 4.382	 | 4.558 max

train losses     32:	0.3682	0.3857	0.3934	0.4033	0.4543	0.4521	  0.45	0.4433	0.5722	0.5783	 1.004	 1.005	
val losses       32:	0.2267	0.1916	0.2837	0.2897	0.3053	0.3293	0.3124	0.3232	0.4695	0.3894	 1.026	 1.009	 | 0.4297 mean
                     	0.5869	0.5007	0.7252	0.7614	0.8005	0.8177	0.8087	0.8312	  1.15	0.9832	  2.89	 2.882	 | 1.384 quantile
                      	 2.467	 2.006	  2.34	  2.17	 1.993	 1.969	 3.676	 2.787	 2.298	 1.947	 4.458	 4.388	 | 4.458 max

train losses     34:	0.3528	0.3697	0.3874	0.3895	0.4396	0.4359	0.4404	0.4336	0.5508	0.5576	0.9783	0.9752	
val losses       34:	0.1994	0.2037	0.2838	0.2873	0.2936	0.2993	0.3122	0.3186	 0.464	 0.386	 1.014	   1.0	 | 0.4219 mean
                     	0.5454	0.5149	0.7218	  0.75	0.7721	0.7658	 0.807	0.8248	 1.166	0.9894	 2.879	 2.844	 | 1.368 quantile
                      	 2.354	 1.835	 2.278	 2.145	 1.995	 1.751	 3.713	 2.817	 2.148	   1.8	 4.374	 4.396	 | 4.396 max

train losses     36:	0.3416	0.3556	 0.381	0.3805	0.4247	0.4256	0.4324	 0.425	 0.552	0.5539	0.9547	0.9562	
val losses       36:	0.1923	0.1877	0.2813	0.2844	0.2817	0.2893	0.3075	0.3157	0.4783	0.3928	 1.004	 0.993	 | 0.4174 mean
                     	0.5228	0.4828	0.7155	0.7465	0.7459	0.7432	0.8054	0.8215	 1.217	 1.018	 2.849	   2.8	 | 1.369 quantile
                      	 2.129	  1.95	 2.309	 2.105	 1.964	 1.697	 3.702	 2.784	 2.077	 1.898	  4.41	 4.202	 | 4.41 max

train losses     38:	0.3318	0.3457	0.3763	 0.375	0.4098	0.4091	0.4239	0.4186	0.5481	 0.552	0.9356	0.9374	
val losses       38:	0.1903	0.1738	0.2807	0.2827	 0.277	0.2858	0.3061	0.3135	0.4818	0.3956	0.9956	0.9878	 | 0.4142 mean
                     	0.5194	0.4552	0.7162	0.7383	0.7376	0.7425	0.8033	0.8154	 1.236	 1.001	 2.815	 2.805	 | 1.363 quantile
                      	 2.014	 2.014	 2.315	  2.09	  1.93	  1.72	 3.618	 2.679	 1.909	 1.823	 4.238	 4.181	 | 4.238 max

train losses     40:	0.3276	0.3376	0.3719	0.3714	0.4069	0.4037	0.4189	0.4133	0.5438	0.5489	0.9232	0.9231	
val losses       40:	0.1928	 0.171	0.2792	0.2814	0.2756	0.2855	0.3044	0.3119	0.4752	0.3914	 0.987	0.9806	 | 0.4113 mean
                     	0.5299	0.4493	0.7133	0.7411	  0.74	0.7384	0.7947	0.8123	 1.216	0.9831	 2.795	 2.804	 | 1.341 quantile
                      	 2.134	 1.856	  2.24	 2.067	 1.894	 1.713	 3.684	 2.763	 1.947	 1.789	 4.296	   4.2	 | 4.296 max

train losses     42:	 0.325	 0.335	0.3694	0.3678	0.4054	 0.405	0.4147	0.4089	0.5412	0.5448	0.9289	0.9263	
val losses       42:	0.1921	0.1749	0.2793	0.2812	0.2768	0.2863	0.3031	0.3108	0.4791	0.3968	0.9847	0.9797	 | 0.4121 mean
                     	0.5372	0.4563	0.7152	0.7336	0.7329	0.7404	0.7991	0.8097	 1.208	 1.004	 2.759	 2.763	 | 1.334 quantile
                      	 2.084	 2.014	 2.278	 2.057	 1.837	 1.775	 3.606	  2.78	 1.987	  1.71	 4.234	 4.152	 | 4.234 max

train losses     44:	0.3257	0.3362	0.3685	0.3661	0.4061	0.4043	0.4132	0.4065	0.5496	0.5495	0.9941	0.9888	
val losses       44:	0.1918	0.1752	0.2784	0.2812	0.2765	0.2811	 0.301	0.3097	0.4882	0.4028	0.9791	0.9761	 | 0.4118 mean
                     	0.5384	 0.452	0.7124	0.7355	0.7382	0.7381	0.8049	0.8118	 1.227	 1.012	 2.676	 2.713	 | 1.323 quantile
                      	 2.227	 2.086	 2.325	 2.058	 1.821	 1.702	  3.48	 2.782	 2.033	 1.743	 4.285	 4.181	 | 4.285 max

train losses     46:	0.3344	0.3433	0.3693	 0.369	0.4126	0.4133	0.4182	0.4108	0.5836	0.5771	 1.141	 1.138	
val losses       46:	0.1905	0.1685	0.2798	 0.282	0.2776	0.2847	0.3049	0.3089	0.4894	0.4078	0.9871	 0.987	 | 0.414 mean
                     	0.5314	0.4424	0.7196	0.7379	0.7406	0.7503	0.8233	0.7986	 1.213	 1.046	 2.753	 2.765	 | 1.363 quantile
                      	 2.115	 1.847	 2.268	 2.059	 2.093	  1.77	 3.557	  2.69	 2.048	 1.797	 4.305	  4.16	 | 4.305 max

train losses     48:	0.3753	0.3829	0.3905	0.3888	0.4532	0.4599	0.4613	0.4512	0.6362	0.6209	 1.325	 1.307	
val losses       48:	0.1996	0.1792	0.2896	0.2884	0.2777	 0.287	0.3233	0.3166	0.4904	0.4492	 1.058	  1.09	 | 0.4374 mean
                     	0.5344	0.4425	0.7363	0.7586	0.6995	0.7265	0.8444	0.8242	 1.275	  1.09	 2.753	 2.798	 | 1.475 quantile
                      	 2.169	  1.92	 2.239	 2.074	 1.826	 1.617	 3.315	  2.92	 2.246	 1.908	 4.369	 4.532	 | 4.532 max

train losses     50:	0.3856	 0.409	0.3961	0.3995	0.4706	0.4673	 0.455	0.4398	0.6743	0.6593	 1.071	  1.06	
val losses       50:	0.2064	0.1878	0.2852	0.2851	0.2823	0.2889	0.3246	0.3162	 0.526	0.4606	 1.021	 1.039	 | 0.4352 mean
                     	0.5393	0.4851	 0.729	0.7481	 0.704	0.7312	0.8516	0.8246	 1.327	 1.172	 2.695	 2.719	 | 1.439 quantile
                      	 2.552	 1.848	 2.125	 2.005	 1.808	  1.73	 3.557	 2.849	 2.206	 2.286	 4.736	 4.738	 | 4.738 max

train losses     52:	0.3749	 0.389	0.3832	0.3838	0.4525	0.4536	0.4456	0.4311	0.6498	0.6315	  1.04	 1.025	
val losses       52:	0.1946	0.2071	0.2826	 0.291	0.2756	0.2894	0.3127	 0.318	0.5431	0.4502	0.9401	0.9453	 | 0.4208 mean
                     	0.5538	 0.531	 0.714	0.7543	0.7053	0.7331	0.8317	 0.826	 1.297	 1.139	 2.683	 2.642	 | 1.315 quantile
                      	 2.538	 1.651	 2.318	  1.93	 1.817	  1.76	 3.597	 2.852	   2.3	 2.011	 4.107	 3.987	 | 4.107 max

train losses     54:	0.3551	0.3715	0.3759	0.3762	0.4406	0.4411	0.4303	0.4173	0.6506	0.6528	0.9721	0.9713	
val losses       54:	0.2048	0.1774	0.2808	0.2903	 0.285	0.2981	0.3118	0.3125	 0.509	0.4076	 1.026	 1.016	 | 0.4266 mean
                     	0.5438	0.4601	0.7168	0.7548	0.7294	0.7581	0.8231	0.8224	 1.276	 1.071	 2.709	 2.742	 | 1.413 quantile
                      	 2.452	 2.002	 2.283	 1.928	 1.793	 1.571	 3.242	 2.705	 2.259	 1.734	 4.511	 4.412	 | 4.511 max

train losses     56:	 0.349	0.3569	0.3656	0.3653	0.4121	0.4146	0.4159	0.4091	0.6245	0.6391	0.9071	0.9062	
val losses       56:	0.1926	0.1798	0.2777	0.2858	0.2757	0.2854	0.3046	0.3098	0.5171	0.4184	0.9959	0.9941	 | 0.4198 mean
                     	0.5262	0.4572	0.7116	0.7424	0.7307	0.7516	0.8165	0.8157	 1.288	 1.113	 2.765	 2.786	 | 1.368 quantile
                      	 2.076	 1.934	 2.128	 2.027	 1.736	 1.649	 3.256	 2.806	 2.314	 1.967	 4.483	 4.255	 | 4.483 max

train losses     58:	0.3285	0.3421	0.3604	0.3599	0.3963	0.3981	 0.408	0.4006	0.5545	0.5565	0.8571	0.8573	
val losses       58:	0.1933	0.1842	0.2775	0.2836	 0.269	0.2791	0.3032	0.3096	0.4926	0.4088	 1.015	 1.004	 | 0.4183 mean
                     	0.5543	0.4824	0.7123	 0.744	0.6963	0.7175	0.8029	0.8181	 1.203	 1.025	 2.777	 2.787	 | 1.38 quantile
                      	 2.128	 1.797	 2.108	 2.059	 1.654	  1.65	 3.224	 2.718	  2.24	 1.793	 4.364	 4.129	 | 4.364 max

train losses     60:	 0.319	0.3296	0.3583	 0.357	0.3868	0.3886	0.4014	 0.397	0.5425	0.5506	0.8295	0.8316	
val losses       60:	0.1921	0.1672	0.2767	 0.282	0.2684	0.2756	0.3001	0.3063	0.4775	0.3954	0.9911	0.9817	 | 0.4095 mean
                     	0.5362	0.4313	 0.707	0.7522	0.6844	0.7216	0.7938	0.8103	 1.215	 1.012	 2.751	   2.8	 | 1.352 quantile
                      	 2.092	 1.848	 2.183	  2.07	 1.735	 1.495	 3.234	 2.634	 2.209	 1.745	 4.364	 4.226	 | 4.364 max

train losses     62:	0.3119	0.3215	 0.354	 0.353	0.3798	0.3792	0.3927	 0.388	0.5173	0.5179	0.8022	0.8016	
val losses       62:	0.1878	0.1625	0.2762	0.2806	0.2619	0.2707	0.2977	0.3057	0.4657	0.3858	0.9917	0.9792	 | 0.4055 mean
                     	0.5234	0.4248	0.7112	0.7425	0.6787	0.7058	0.7796	0.8081	 1.198	 1.002	 2.737	 2.758	 | 1.368 quantile
                      	  2.24	 1.815	 2.228	 2.034	 1.599	 1.405	 3.153	 2.734	 2.083	 1.691	 4.299	 4.157	 | 4.299 max

train losses     64:	0.3039	0.3139	 0.351	 0.349	0.3706	0.3702	0.3877	0.3824	0.5065	0.5098	0.7817	 0.783	
val losses       64:	0.1832	0.1663	0.2764	0.2802	0.2607	 0.265	 0.296	0.3037	0.4641	 0.384	0.9672	0.9596	 | 0.4005 mean
                     	0.5136	0.4294	0.7092	 0.741	  0.67	0.7001	0.7663	0.7964	 1.201	0.9643	 2.723	 2.715	 | 1.338 quantile
                      	 2.023	 1.751	 2.238	 2.027	 1.575	 1.437	 3.168	 2.661	 2.059	 1.808	 4.179	   4.0	 | 4.179 max

train losses     66:	0.3021	0.3095	0.3486	0.3473	0.3659	0.3647	0.3834	0.3777	0.5019	 0.506	0.7663	0.7684	
val losses       66:	0.1782	0.1611	0.2758	0.2799	0.2593	0.2612	0.2951	0.3032	0.4611	0.3841	0.9644	  0.96	 | 0.3986 mean
                     	0.4969	0.4187	0.7057	 0.738	0.6632	 0.682	0.7749	0.7995	 1.199	0.9712	 2.711	 2.701	 | 1.342 quantile
                      	 1.894	 1.685	 2.249	 1.998	 1.532	 1.429	 3.226	 2.694	 2.052	 1.795	 4.215	 4.048	 | 4.215 max

train losses     68:	0.2969	0.3051	0.3474	0.3442	 0.358	0.3582	0.3801	0.3733	0.4968	0.4989	0.7443	0.7456	
val losses       68:	0.1764	0.1577	0.2755	0.2801	0.2577	0.2617	0.2951	 0.302	0.4614	0.3864	0.9641	0.9599	 | 0.3982 mean
                     	0.5022	0.4102	0.7052	0.7368	0.6647	0.6921	0.7777	0.8056	 1.198	0.9729	 2.675	 2.662	 | 1.341 quantile
                      	 1.822	 1.806	 2.231	 1.984	 1.594	 1.477	 3.178	 2.821	 2.075	 1.773	 4.284	 4.127	 | 4.284 max

train losses     70:	 0.294	0.3021	0.3448	0.3419	0.3546	0.3543	0.3763	0.3706	0.4922	0.4957	0.7319	0.7294	
val losses       70:	0.1739	0.1577	0.2754	0.2798	0.2548	0.2578	0.2945	0.3008	0.4544	0.3802	0.9606	0.9573	 | 0.3956 mean
                     	0.4876	0.4086	0.7032	0.7341	0.6563	0.6793	0.7689	0.8027	 1.188	0.9593	 2.661	 2.638	 | 1.334 quantile
                      	 1.867	 1.769	 2.218	  1.98	 1.526	 1.448	 3.225	  2.71	 2.041	 1.781	 4.236	 4.143	 | 4.236 max

train losses     72:	0.2926	0.2997	0.3423	0.3401	0.3512	0.3508	0.3728	0.3676	0.4849	0.4904	0.7179	0.7168	
val losses       72:	0.1733	0.1565	0.2755	0.2796	0.2516	0.2569	0.2937	   0.3	0.4581	0.3835	0.9541	0.9535	 | 0.3947 mean
                     	0.4808	0.4095	0.7056	 0.735	0.6435	0.6743	0.7651	0.7985	 1.193	0.9726	 2.636	 2.633	 | 1.318 quantile
                      	 1.863	 1.767	 2.199	 1.965	 1.454	 1.398	 3.114	 2.734	 2.019	 1.819	  4.18	 4.093	 | 4.18 max

train losses     74:	0.2898	0.3002	 0.341	0.3384	0.3477	0.3475	0.3693	0.3646	 0.487	 0.488	0.7025	0.7003	
val losses       74:	0.1727	0.1538	 0.275	0.2792	0.2499	0.2564	0.2932	0.2997	0.4566	0.3842	0.9581	0.9587	 | 0.3948 mean
                     	0.4809	0.4094	 0.703	0.7319	0.6517	0.6702	0.7568	0.7998	 1.185	0.9657	 2.599	 2.605	 | 1.326 quantile
                      	 1.816	 1.685	 2.208	 1.972	 1.442	 1.401	 3.131	  2.73	 2.033	 1.859	 4.249	 4.061	 | 4.249 max

train losses     76:	0.2869	0.2962	0.3399	0.3361	0.3462	0.3447	0.3676	0.3608	0.4843	0.4845	0.6887	 0.688	
val losses       76:	 0.172	0.1531	0.2749	0.2784	0.2466	0.2526	0.2922	0.2994	0.4557	0.3813	0.9592	0.9599	 | 0.3938 mean
                     	0.4843	0.4004	0.7004	0.7307	0.6362	 0.662	0.7578	0.7948	 1.182	0.9542	 2.602	 2.591	 | 1.328 quantile
                      	 1.815	 1.691	 2.221	 1.975	 1.403	 1.333	 3.127	 2.689	 2.067	 1.848	 4.309	 4.087	 | 4.309 max

train losses     78:	0.2856	0.2937	0.3373	0.3342	 0.341	0.3434	 0.364	0.3584	0.4815	0.4826	0.6754	 0.675	
val losses       78:	0.1702	0.1508	0.2746	0.2781	0.2448	0.2495	 0.292	0.2983	0.4568	0.3807	0.9513	0.9534	 | 0.3917 mean
                     	0.4681	0.3959	 0.696	0.7304	0.6313	0.6521	0.7528	0.7903	  1.19	0.9583	 2.595	 2.593	 | 1.319 quantile
                      	 1.944	 1.685	 2.225	 1.971	 1.405	  1.29	 3.127	 2.691	 2.066	  1.83	 4.278	 4.008	 | 4.278 max

train losses     80:	0.2836	0.2926	 0.336	0.3328	0.3386	0.3409	0.3635	0.3581	0.4795	0.4796	0.6612	0.6615	
val losses       80:	0.1691	 0.151	0.2747	 0.278	0.2432	0.2475	0.2919	0.2981	0.4515	0.3776	0.9518	0.9547	 | 0.3908 mean
                     	0.4773	 0.398	0.6954	0.7302	0.6291	0.6519	0.7458	0.7924	 1.174	 0.946	 2.568	 2.573	 | 1.313 quantile
                      	 1.762	 1.634	 2.193	 1.956	 1.498	 1.284	 3.112	 2.721	  2.01	 1.785	 4.279	 4.007	 | 4.279 max

train losses     82:	0.2836	0.2898	0.3343	0.3312	0.3359	0.3339	0.3599	0.3546	0.4794	0.4792	0.6504	0.6475	
val losses       82:	0.1694	0.1525	0.2744	0.2778	0.2433	0.2452	0.2907	 0.297	0.4539	0.3786	0.9635	 0.962	 | 0.3924 mean
                     	0.4764	0.3996	0.6985	0.7292	0.6245	0.6467	0.7504	0.7887	 1.177	0.9601	 2.566	 2.556	 | 1.325 quantile
                      	 1.871	 1.833	 2.204	 1.966	 1.445	 1.294	 3.179	 2.756	 2.085	 1.756	 4.327	  4.05	 | 4.327 max

train losses     84:	0.2791	  0.29	0.3324	0.3294	0.3331	0.3351	0.3594	0.3521	0.4741	0.4762	0.6497	0.6482	
val losses       84:	0.1652	0.1508	0.2739	0.2774	0.2417	0.2432	0.2893	0.2956	0.4527	0.3772	0.9375	0.9387	 | 0.3869 mean
                     	0.4637	0.3953	 0.697	0.7325	0.6239	0.6459	0.7463	0.7784	  1.18	0.9467	 2.549	 2.542	 | 1.287 quantile
                      	 1.825	 1.791	 2.168	  1.95	 1.439	 1.302	 3.146	 2.628	 2.102	 1.786	 4.172	 3.875	 | 4.172 max

train losses     86:	0.2814	0.2881	0.3313	0.3272	0.3343	0.3334	 0.357	0.3496	 0.472	0.4756	0.6794	0.6767	
val losses       86:	0.1653	0.1486	0.2739	0.2775	0.2421	0.2465	 0.289	0.2954	0.4529	0.3745	0.9546	0.9534	 | 0.3895 mean
                     	 0.466	0.3851	0.6965	0.7255	0.6325	0.6461	0.7403	0.7801	 1.171	0.9424	 2.513	 2.521	 | 1.322 quantile
                      	 1.807	 1.771	 2.178	 1.943	 1.392	 1.333	 3.111	 2.739	 2.066	 1.731	 4.232	 3.965	 | 4.232 max

train losses     88:	 0.281	0.2867	0.3306	0.3264	0.3318	0.3333	0.3554	0.3493	0.4647	0.4715	0.7715	0.7696	
val losses       88:	0.1688	0.1478	0.2744	0.2779	0.2404	0.2421	0.2887	0.2952	0.4535	0.3825	0.9331	0.9368	 | 0.3868 mean
                     	0.4798	 0.385	 0.699	0.7278	0.6288	0.6364	0.7449	0.7721	 1.176	0.9557	 2.511	  2.42	 | 1.244 quantile
                      	 1.857	 1.708	 2.233	 1.938	 1.421	 1.427	 3.149	 2.715	 2.006	 1.869	 4.076	  4.04	 | 4.076 max

train losses     90:	0.2834	0.2901	 0.331	 0.327	0.3363	0.3386	0.3574	0.3505	0.4676	0.4707	0.8644	 0.854	
val losses       90:	0.1745	0.1598	0.2749	0.2788	0.2493	  0.25	0.2902	0.2983	0.4677	0.3842	 1.036	 1.029	 | 0.4077 mean
                     	0.4857	0.4106	0.7015	0.7344	0.6548	0.6564	0.7462	0.7758	  1.19	0.9569	 2.553	 2.596	 | 1.415 quantile
                      	 1.766	 1.828	 2.178	 1.931	 1.549	 1.466	 3.259	 2.772	 2.004	 1.676	 4.271	 3.954	 | 4.271 max

train losses     92:	0.2877	0.2962	  0.33	0.3261	0.3455	0.3526	0.3582	0.3518	 0.475	0.4799	0.8225	0.8204	
val losses       92:	0.1747	0.1522	0.2736	0.2784	0.2383	 0.241	0.2876	0.2954	0.4503	0.3784	 1.008	 1.014	 | 0.3993 mean
                     	0.4908	0.3994	0.6988	0.7344	0.6219	0.6307	0.7583	0.7767	 1.186	0.9475	 2.721	 2.709	 | 1.388 quantile
                      	 1.837	 1.621	 2.147	 1.956	 1.506	 1.491	  3.18	 2.667	  1.94	 1.972	 4.353	 4.295	 | 4.353 max

train losses     94:	0.2921	0.2955	0.3294	0.3239	0.3463	0.3547	0.3558	0.3497	 0.481	0.4833	0.7858	0.7841	
val losses       94:	0.1765	0.1695	0.2744	 0.279	0.2415	0.2463	0.2867	0.2942	0.4594	0.3779	0.9263	0.9229	 | 0.3879 mean
                     	0.4977	0.4382	0.7011	 0.732	 0.616	0.6458	0.7599	0.7727	 1.181	0.9459	 2.468	 2.487	 | 1.269 quantile
                      	  1.92	 1.633	 2.145	 1.923	 1.413	 1.383	 3.081	 2.722	 1.934	 1.852	 4.093	 3.731	 | 4.093 max

train losses     96:	0.2922	0.3029	0.3295	0.3238	0.3476	0.3581	0.3555	0.3491	0.4804	0.4867	0.6993	0.7014	
val losses       96:	0.1694	0.1535	0.2749	0.2771	0.2486	0.2525	0.2946	 0.303	0.4508	0.3741	0.9419	 0.944	 | 0.3904 mean
                     	0.4802	0.4065	0.7001	0.7276	 0.633	0.6614	0.7467	0.7792	 1.165	0.9357	 2.522	 2.519	 | 1.304 quantile
                      	 1.711	 1.422	 2.151	 2.003	 1.511	 1.341	 3.256	 2.779	 2.096	 1.837	 4.098	 3.938	 | 4.098 max

train losses     98:	0.2895	0.3012	0.3258	0.3197	0.3514	0.3567	0.3552	0.3508	0.4992	0.5058	0.6604	0.6565	
val losses       98:	0.1754	0.1685	0.2739	0.2774	0.2544	0.2501	0.2893	0.2964	0.4801	 0.398	0.9564	0.9517	 | 0.3977 mean
                     	0.5117	0.4545	 0.694	0.7287	0.6553	0.6581	0.7348	0.7695	 1.202	0.9987	 2.501	 2.505	 | 1.299 quantile
                      	 1.848	 1.452	 2.089	 1.975	  1.56	 1.446	 3.149	 2.658	 2.171	 1.742	 4.289	 4.017	 | 4.289 max

train losses    100:	0.2992	0.3083	0.3267	0.3209	 0.348	0.3555	0.3544	0.3505	0.5558	0.5628	0.6317	0.6279	
val losses      100:	0.1879	0.1689	 0.274	0.2788	0.2848	0.3028	0.2863	0.2943	0.5176	0.4391	0.9339	0.9326	 | 0.4084 mean
                     	0.5163	0.4523	0.6975	0.7272	0.7672	0.7687	0.7483	0.7723	 1.266	 1.079	 2.501	 2.502	 | 1.306 quantile
                      	 2.257	 1.782	  2.06	 1.923	  1.69	 1.574	 2.927	 2.693	 2.029	 1.722	  4.22	  4.03	 | 4.22 max

train losses    102:	0.2979	0.3078	0.3262	0.3209	 0.342	0.3486	 0.356	0.3513	0.6073	0.6227	0.6394	0.6356	
val losses      102:	0.1749	0.1561	0.2737	0.2774	0.2435	 0.253	0.2899	0.2969	0.4707	0.3889	0.9763	0.9735	 | 0.3979 mean
                     	0.4808	0.4047	0.6917	 0.729	 0.638	 0.664	0.7388	0.7714	 1.193	 1.002	 2.485	 2.507	 | 1.315 quantile
                      	  1.94	 1.706	 2.115	 1.957	 1.362	  1.56	 3.029	 2.723	 2.214	 1.819	 4.385	 4.111	 | 4.385 max

train losses    104:	0.3033	0.3202	 0.328	0.3242	0.3648	0.3705	0.3601	0.3539	0.6527	0.6587	0.6543	0.6471	
val losses      104:	 0.174	 0.154	0.2744	0.2765	0.2726	0.2911	0.2939	0.3005	0.4879	0.4118	0.9403	 0.944	 | 0.4017 mean
                     	0.4763	0.4074	0.6998	0.7276	0.7002	0.7165	0.7365	0.7602	 1.202	  1.02	 2.496	 2.471	 | 1.286 quantile
                      	 1.793	 1.542	 2.235	 1.959	 1.574	 1.537	 3.291	 2.847	 2.166	 1.666	 3.984	 3.778	 | 3.984 max

train losses    106:	0.3159	0.3382	0.3342	0.3307	0.4569	 0.472	0.3777	0.3689	0.8431	0.8533	0.6825	0.6791	
val losses      106:	0.1924	0.1669	0.2742	0.2769	0.2698	0.2717	0.2936	0.3019	0.5254	0.4393	0.9535	0.9596	 | 0.4104 mean
                     	0.5155	0.4313	0.7036	0.7275	 0.698	0.6861	0.7644	0.7929	 1.275	 1.138	 2.574	 2.511	 | 1.318 quantile
                      	 1.879	 1.639	 2.167	 1.963	 1.732	 1.464	 2.978	 2.681	 2.159	 2.042	 4.083	 3.909	 | 4.083 max

train losses    108:	0.4563	0.4867	0.3532	0.3485	 0.481	 0.511	0.4243	0.4125	0.8922	0.8923	 1.107	 1.109	
val losses      108:	0.2385	 0.253	0.2763	0.2792	0.3787	0.3898	0.3076	0.3104	0.6251	0.5425	0.9976	 1.003	 | 0.4668 mean
                     	0.6313	0.5878	0.7014	0.7353	0.9219	0.9198	0.7733	0.8304	 1.549	 1.312	 2.706	 2.637	 | 1.439 quantile
                      	 2.444	 1.754	 2.196	 2.003	 2.158	 2.474	 3.214	 2.701	 2.848	 3.061	 4.609	 4.387	 | 4.609 max

train losses    110:	0.5144	0.4796	0.3619	0.3535	0.6015	0.6376	0.4751	0.4629	0.7641	 0.755	 1.299	 1.268	
val losses      110:	0.2398	0.2029	0.2815	0.2855	0.3648	0.4134	0.3186	0.3307	0.5889	0.5184	 1.037	  1.03	 | 0.4676 mean
                     	0.6651	0.5449	 0.707	0.7429	0.9209	0.9298	0.7967	0.8378	 1.435	   1.2	 2.596	  2.62	 | 1.493 quantile
                      	  2.27	 1.897	 2.165	 1.936	 2.305	 2.132	 3.121	 3.036	 2.332	 2.259	 4.391	 4.011	 | 4.391 max

train losses    112:	0.4135	0.4458	0.3569	0.3596	0.5171	0.5185	0.4653	 0.477	0.7731	0.7936	 1.105	 1.103	
val losses      112:	0.2044	0.2054	0.2799	0.2845	0.3816	0.3726	0.3424	0.3583	0.5451	0.4217	 1.168	 1.167	 | 0.4776 mean
                     	 0.559	0.5194	0.7065	0.7315	0.8665	0.8652	0.8574	0.9011	 1.297	 1.072	 2.765	 2.777	 | 1.548 quantile
                      	 2.862	 1.991	 1.976	 1.977	 1.816	 1.787	 3.253	 2.988	 2.167	 2.389	 5.443	 5.463	 | 5.463 max

train losses    114:	0.4175	0.4243	0.3525	0.3496	0.5152	0.5416	0.4286	0.4227	0.6952	0.7103	0.9907	0.9886	
val losses      114:	0.2505	0.2427	0.2752	0.2798	0.3051	0.3166	0.3099	 0.322	0.5419	0.4366	0.9721	0.9904	 | 0.4369 mean
                     	0.6788	0.6805	0.6896	0.7349	0.8525	0.8113	0.7869	0.8338	 1.325	 1.173	  2.64	 2.661	 | 1.373 quantile
                      	 2.949	 2.321	 1.961	 2.089	 1.785	 2.559	 3.085	 2.806	 2.091	 2.146	 4.212	 4.153	 | 4.212 max

train losses    116:	0.3775	0.3948	0.3441	0.3402	0.4631	0.4695	 0.414	0.4075	0.6244	 0.622	0.8792	0.8714	
val losses      116:	0.2121	0.2099	0.2792	0.2844	 0.297	0.3049	0.3123	0.3196	 0.536	0.4443	0.9461	0.9513	 | 0.4248 mean
                     	0.5908	0.5397	0.7017	0.7398	0.8122	0.8136	0.8053	0.8227	 1.291	 1.164	 2.596	 2.606	 | 1.354 quantile
                      	 2.487	 1.711	 1.965	 1.998	 2.145	  2.23	 3.099	 2.722	 2.251	 2.184	 4.606	 4.533	 | 4.606 max

train losses    118:	0.3494	0.3623	0.3376	0.3325	0.4176	0.4291	0.4008	0.3959	0.5683	0.5729	0.7759	 0.774	
val losses      118:	0.1993	0.1929	0.2739	0.2789	 0.269	0.2878	0.3049	0.3138	0.4966	0.4003	 1.041	 1.051	 | 0.4258 mean
                     	0.5501	0.5161	0.6968	0.7415	0.7101	0.7521	0.7812	0.7954	 1.185	 1.031	 2.625	 2.707	 | 1.4 quantile
                      	 2.156	 2.092	 2.184	 2.002	 1.581	 1.922	 3.294	 2.649	 1.908	 1.672	 4.356	 4.208	 | 4.356 max

train losses    120:	0.3282	 0.339	0.3317	0.3268	0.3937	0.3968	0.3883	0.3834	0.5359	0.5416	0.7084	0.7072	
val losses      120:	0.1911	0.1823	0.2729	0.2779	0.2706	 0.288	0.2978	0.3105	0.4597	0.3722	0.9782	0.9803	 | 0.4068 mean
                     	0.5078	0.4676	0.6907	0.7416	0.6841	0.7286	 0.791	0.8143	 1.135	0.9559	 2.586	 2.635	 | 1.306 quantile
                      	 2.545	 1.651	 2.166	 2.017	 1.517	 1.694	 3.181	 2.569	 2.057	 1.658	 4.643	 4.586	 | 4.643 max

train losses    122:	0.3153	0.3284	0.3297	0.3237	0.3734	0.3806	0.3786	0.3749	0.5154	0.5175	0.6645	0.6631	
val losses      122:	 0.183	0.1774	0.2744	0.2776	0.2552	 0.273	0.2969	0.3074	0.4588	0.3655	 1.017	 1.017	 | 0.4086 mean
                     	0.4991	0.4806	0.6944	0.7351	0.6699	0.7147	0.7755	0.7951	 1.156	0.9581	 2.614	 2.625	 | 1.366 quantile
                      	 2.372	 1.792	 2.202	 2.078	 1.568	 1.573	 3.194	 2.593	 2.147	 1.632	  4.38	  4.17	 | 4.38 max

train losses    124:	0.3023	0.3165	0.3266	0.3211	0.3644	0.3669	0.3703	0.3661	0.4951	0.4948	0.6315	  0.63	
val losses      124:	 0.181	0.1718	0.2725	0.2767	0.2582	0.2692	0.2948	0.3052	 0.457	0.3607	0.9873	0.9862	 | 0.4017 mean
                     	0.4998	0.4563	0.6936	0.7292	0.6628	0.6893	 0.774	0.7818	 1.139	0.9366	 2.558	 2.596	 | 1.334 quantile
                      	  2.37	  1.73	 2.187	 2.042	 1.622	 1.522	 3.229	 2.646	 2.187	   1.6	 4.215	 4.082	 | 4.215 max

train losses    126:	 0.294	0.3066	0.3241	0.3181	0.3539	0.3571	0.3607	0.3558	0.4813	0.4836	0.6085	0.6071	
val losses      126:	0.1826	0.1674	0.2727	0.2772	0.2567	0.2668	0.2941	0.3024	0.4607	0.3647	0.9769	0.9757	 | 0.3998 mean
                     	0.5052	 0.443	0.6945	0.7267	0.6767	0.6861	0.7494	0.7783	 1.142	0.9462	  2.55	 2.582	 | 1.329 quantile
                      	 2.141	 1.812	 2.247	 2.002	 1.698	 1.472	 3.305	 2.752	 2.052	 1.653	 4.143	 3.969	 | 4.143 max

train losses    128:	 0.288	0.3006	0.3224	0.3165	0.3485	0.3504	0.3551	 0.351	0.4734	0.4758	0.5951	0.5934	
val losses      128:	0.1782	0.1584	0.2725	0.2771	0.2619	0.2639	0.2919	0.3006	0.4572	0.3658	0.9689	0.9677	 | 0.397 mean
                     	0.4928	0.4182	0.6909	0.7248	0.6692	0.6849	0.7508	0.7822	 1.156	0.9542	 2.556	  2.58	 | 1.323 quantile
                      	 2.007	 1.774	 2.152	 1.974	  1.65	 1.439	 3.128	 2.688	 2.109	 1.663	 4.133	 3.927	 | 4.133 max

train losses    130:	0.2846	0.2959	0.3213	0.3141	0.3414	0.3434	0.3497	0.3453	0.4658	0.4702	0.5792	0.5777	
val losses      130:	0.1809	 0.158	0.2722	0.2766	0.2569	0.2611	0.2907	0.2988	0.4532	0.3652	0.9675	0.9649	 | 0.3955 mean
                     	0.5022	0.4129	0.6906	0.7219	0.6658	0.6813	0.7402	0.7735	 1.163	0.9435	 2.554	 2.582	 | 1.318 quantile
                      	 1.903	 1.896	 2.156	  1.99	 1.677	 1.471	 3.122	 2.633	 2.168	 1.685	 4.126	 3.947	 | 4.126 max

train losses    132:	0.2813	0.2909	0.3199	0.3121	 0.335	0.3384	0.3454	0.3393	 0.463	0.4652	0.5702	0.5665	
val losses      132:	0.1772	0.1555	0.2721	0.2768	0.2539	0.2603	0.2903	0.2976	0.4523	0.3659	0.9564	0.9551	 | 0.3928 mean
                     	0.4972	0.4061	0.6936	0.7227	0.6586	0.6791	0.7377	0.7779	 1.158	0.9392	 2.545	  2.57	 | 1.309 quantile
                      	  1.96	 1.812	 2.173	 1.994	 1.654	 1.486	 3.153	 2.671	 2.119	 1.756	 4.086	 3.913	 | 4.086 max

train losses    134:	0.2767	0.2876	0.3188	0.3113	0.3312	0.3347	0.3409	0.3365	0.4533	0.4576	 0.561	0.5587	
val losses      134:	0.1726	0.1541	0.2721	 0.277	0.2519	0.2554	0.2885	0.2963	0.4491	 0.365	0.9603	0.9599	 | 0.3919 mean
                     	0.4854	0.4031	0.6909	0.7209	 0.652	0.6698	  0.74	0.7783	 1.155	0.9324	 2.522	 2.543	 | 1.311 quantile
                      	 1.822	 1.854	 2.161	 1.981	 1.519	 1.388	 3.199	 2.677	 2.079	 1.784	 4.129	  3.96	 | 4.129 max

train losses    136:	0.2749	0.2846	0.3181	0.3098	0.3262	0.3297	0.3377	0.3322	0.4529	 0.456	0.5503	0.5493	
val losses      136:	0.1725	 0.153	0.2723	0.2771	0.2494	0.2527	0.2885	 0.296	0.4495	0.3649	0.9558	0.9558	 | 0.3906 mean
                     	0.4821	0.3989	0.6882	0.7225	0.6539	0.6661	0.7321	0.7821	 1.164	0.9323	 2.519	 2.529	 | 1.303 quantile
                      	 1.852	 1.727	 2.175	  1.97	 1.527	 1.323	 3.216	 2.732	 2.052	 1.788	 4.145	 3.946	 | 4.145 max

train losses    138:	0.2731	0.2807	0.3163	0.3097	 0.323	0.3258	 0.335	0.3301	0.4513	0.4554	0.5482	0.5461	
val losses      138:	0.1707	0.1506	0.2723	0.2768	 0.247	0.2504	0.2889	0.2959	0.4471	0.3634	0.9597	0.9583	 | 0.3901 mean
                     	0.4789	0.3926	0.6884	0.7214	0.6442	0.6619	0.7347	0.7706	 1.151	0.9306	 2.514	 2.512	 | 1.308 quantile
                      	 1.915	 1.617	  2.15	 1.959	 1.574	 1.319	 3.176	 2.712	 2.014	 1.826	 4.183	 4.031	 | 4.183 max

train losses    140:	0.2691	0.2793	0.3159	0.3079	0.3204	 0.321	0.3317	0.3264	 0.447	0.4514	0.5413	0.5395	
val losses      140:	0.1698	0.1493	0.2721	0.2767	0.2461	0.2476	0.2894	 0.296	0.4447	0.3624	0.9456	0.9466	 | 0.3872 mean
                     	0.4716	0.3885	0.6943	0.7242	0.6381	0.6511	0.7299	0.7661	 1.149	0.9276	 2.515	 2.525	 | 1.293 quantile
                      	 1.848	  1.69	 2.112	 1.954	 1.532	 1.276	 3.063	  2.67	  1.99	 1.821	 4.111	 3.945	 | 4.111 max

train losses    142:	0.2677	0.2768	0.3148	0.3072	0.3187	 0.319	0.3303	0.3248	0.4459	0.4482	0.5364	 0.535	
val losses      142:	0.1692	 0.149	0.2723	0.2766	0.2428	0.2459	0.2888	0.2956	0.4469	0.3643	0.9511	0.9505	 | 0.3878 mean
                     	0.4751	0.3878	0.6908	0.7248	0.6336	0.6443	0.7293	0.7656	 1.153	0.9309	 2.499	 2.505	 | 1.297 quantile
                      	 1.865	 1.581	 2.105	 1.946	 1.519	 1.345	 3.093	 2.654	 1.982	 1.748	 4.069	 3.922	 | 4.069 max

train losses    144:	0.2665	 0.275	0.3137	 0.306	 0.315	0.3176	0.3265	0.3226	 0.444	0.4453	0.5278	 0.526	
val losses      144:	0.1681	0.1475	0.2721	0.2762	0.2407	0.2443	0.2884	0.2953	0.4448	0.3626	0.9454	0.9449	 | 0.3859 mean
                     	0.4697	0.3819	0.6884	0.7221	0.6232	0.6398	0.7279	0.7715	 1.149	0.9285	 2.505	 2.512	 | 1.289 quantile
                      	 1.789	  1.53	 2.123	 1.936	 1.523	 1.294	 3.156	 2.682	 1.973	 1.773	 4.016	 3.891	 | 4.016 max

train losses    146:	0.2649	0.2726	0.3138	0.3051	0.3124	0.3151	0.3256	0.3212	0.4396	0.4418	0.5259	0.5242	
val losses      146:	 0.167	0.1461	 0.272	 0.276	0.2415	0.2424	0.2876	0.2944	 0.448	0.3661	0.9443	 0.944	 | 0.3858 mean
                     	0.4633	0.3779	0.6895	0.7274	0.6261	0.6379	0.7259	 0.772	 1.149	0.9494	 2.501	 2.505	 | 1.292 quantile
                      	 1.768	 1.529	 2.131	 1.922	 1.521	 1.321	 3.143	 2.674	 1.958	 1.778	 4.039	 3.848	 | 4.039 max

train losses    148:	0.2636	0.2708	 0.313	0.3049	0.3121	0.3122	0.3248	0.3217	0.4378	0.4412	0.5215	0.5195	
val losses      148:	0.1654	0.1449	0.2716	0.2756	0.2381	0.2405	0.2883	0.2947	0.4442	0.3633	0.9449	0.9451	 | 0.3847 mean
                     	0.4592	0.3716	0.6873	0.7207	 0.609	0.6355	0.7187	 0.771	 1.141	0.9278	 2.483	   2.5	 | 1.291 quantile
                      	 1.793	  1.62	 2.136	 1.933	 1.498	 1.359	 3.039	 2.673	 1.964	 1.828	 4.129	  3.87	 | 4.129 max

train losses    150:	0.2615	0.2684	0.3118	0.3036	0.3092	0.3103	0.3208	0.3167	 0.438	0.4405	0.5183	0.5161	
val losses      150:	0.1652	0.1446	0.2714	0.2754	 0.236	0.2383	0.2881	0.2948	 0.443	0.3625	0.9411	0.9422	 | 0.3835 mean
                     	0.4557	0.3727	0.6869	0.7214	0.6077	0.6277	 0.724	0.7691	 1.136	0.9348	 2.478	 2.497	 | 1.289 quantile
                      	 1.845	 1.545	 2.074	  1.93	 1.493	 1.295	 3.029	 2.646	  1.92	 1.831	 4.099	 3.822	 | 4.099 max

train losses    152:	0.2607	0.2672	0.3108	0.3024	0.3067	0.3078	0.3209	0.3163	 0.434	0.4358	0.5124	0.5111	
val losses      152:	0.1639	0.1437	0.2714	0.2753	0.2346	0.2368	0.2879	0.2945	0.4431	0.3638	0.9377	0.9381	 | 0.3826 mean
                     	0.4561	0.3725	0.6853	0.7228	0.6112	0.6245	0.7216	0.7671	 1.145	0.9348	 2.469	 2.469	 | 1.286 quantile
                      	 1.815	 1.522	 2.095	 1.928	  1.46	 1.347	 3.043	 2.583	 1.905	 1.863	 4.045	 3.841	 | 4.045 max

train losses    154:	0.2588	0.2653	0.3102	0.3014	0.3063	0.3084	0.3172	0.3135	0.4316	0.4349	0.5115	0.5093	
val losses      154:	0.1623	 0.143	0.2715	0.2755	0.2343	0.2355	 0.287	0.2935	0.4424	0.3617	0.9326	0.9333	 | 0.381 mean
                     	0.4495	0.3689	 0.688	0.7241	 0.613	0.6134	 0.716	0.7648	 1.141	0.9252	 2.481	 2.474	 | 1.279 quantile
                      	 1.745	 1.506	 2.074	 1.924	 1.419	 1.353	 3.054	  2.66	 1.895	  1.86	 3.976	 3.817	 | 3.976 max

train losses    156:	0.2582	0.2656	 0.309	0.3003	0.3034	0.3058	0.3172	0.3124	0.4307	0.4344	0.5141	0.5124	
val losses      156:	0.1624	0.1434	0.2713	 0.275	0.2314	0.2353	0.2863	0.2931	0.4399	0.3598	0.9312	0.9314	 | 0.38 mean
                     	0.4466	0.3716	0.6883	0.7223	0.6074	0.6138	0.7181	0.7603	 1.138	0.9293	 2.475	  2.47	 | 1.272 quantile
                      	 1.762	 1.503	 2.087	 1.926	 1.448	 1.308	 3.031	 2.594	 1.871	 1.892	   4.0	 3.828	 | 4.0 max

train losses    158:	0.2593	0.2638	0.3087	0.3004	0.3007	0.3037	0.3162	0.3125	0.4302	0.4343	0.5096	 0.508	
val losses      158:	0.1607	0.1428	0.2713	0.2753	0.2304	0.2334	0.2863	0.2929	0.4413	0.3605	0.9286	0.9281	 | 0.3793 mean
                     	0.4402	 0.365	0.6897	0.7253	0.5938	0.6099	0.7153	0.7587	  1.13	0.9271	 2.471	 2.467	 | 1.269 quantile
                      	 1.726	 1.524	 2.063	 1.919	 1.383	 1.328	 3.029	  2.59	 1.866	 1.912	 3.949	 3.812	 | 3.949 max

train losses    160:	0.2581	 0.264	0.3083	   0.3	0.3011	0.3037	0.3157	0.3132	0.4273	0.4305	0.5098	0.5078	
val losses      160:	0.1608	0.1419	 0.271	0.2752	0.2301	0.2325	0.2871	0.2934	0.4412	0.3601	 0.935	 0.935	 | 0.3803 mean
                     	0.4455	0.3629	0.6847	0.7201	0.5953	0.6179	0.7088	0.7639	 1.134	0.9309	 2.447	 2.464	 | 1.283 quantile
                      	 1.716	 1.588	 2.083	 1.923	 1.399	 1.338	 2.993	 2.566	 1.889	 1.872	  4.07	 3.926	 | 4.07 max

train losses    162:	0.2557	0.2613	0.3074	0.2984	 0.299	0.3013	0.3125	0.3089	0.4271	0.4297	0.5101	0.5074	
val losses      162:	0.1608	0.1414	0.2707	0.2747	0.2308	0.2328	0.2865	 0.293	0.4427	0.3616	0.9399	 0.939	 | 0.3812 mean
                     	0.4431	0.3626	 0.684	0.7207	0.6075	0.6137	0.7136	0.7588	 1.132	0.9315	 2.435	 2.457	 | 1.28 quantile
                      	 1.777	 1.536	 2.079	 1.919	 1.431	 1.313	 3.054	 2.628	 1.881	  1.89	 4.123	 4.027	 | 4.123 max

train losses    164:	0.2544	0.2618	0.3064	0.2976	0.2981	0.3009	0.3128	 0.309	0.4228	0.4249	0.5176	 0.514	
val losses      164:	0.1606	0.1414	0.2707	0.2748	0.2318	0.2323	0.2854	0.2918	0.4423	0.3625	  0.95	 0.948	 | 0.3826 mean
                     	0.4431	0.3649	0.6873	0.7191	 0.616	0.6137	0.7155	0.7609	  1.14	0.9323	 2.433	 2.472	 | 1.29 quantile
                      	  1.76	 1.371	 2.092	 1.898	 1.398	 1.336	 2.969	 2.672	 1.916	 1.934	  4.11	 3.969	 | 4.11 max

train losses    166:	0.2558	0.2602	 0.306	 0.297	0.2979	0.2983	0.3129	0.3081	0.4246	0.4256	0.5272	0.5224	
val losses      166:	0.1589	  0.14	0.2704	0.2744	 0.229	0.2308	0.2857	0.2923	0.4411	0.3626	0.9433	0.9422	 | 0.3809 mean
                     	 0.439	0.3605	0.6855	0.7196	0.6057	0.6022	0.7185	0.7621	 1.136	0.9356	 2.433	 2.452	 | 1.279 quantile
                      	 1.819	 1.389	 2.074	 1.902	 1.365	 1.395	 3.003	 2.643	  1.89	 1.945	 4.032	  3.85	 | 4.032 max

train losses    168:	0.2542	0.2604	0.3061	0.2962	0.2957	0.2989	0.3114	0.3075	0.4228	0.4246	0.5266	0.5255	
val losses      168:	 0.159	0.1396	0.2707	0.2745	0.2276	0.2294	0.2854	0.2922	 0.444	0.3643	0.9373	0.9362	 | 0.38 mean
                     	0.4377	0.3561	0.6853	0.7205	0.5942	0.6089	0.7108	0.7578	 1.132	0.9398	 2.425	 2.433	 | 1.273 quantile
                      	 1.782	 1.516	 2.067	   1.9	 1.426	 1.336	 2.983	 2.612	 1.836	 1.914	 4.041	 3.899	 | 4.041 max

train losses    170:	 0.252	0.2588	0.3056	0.2961	0.2952	 0.298	0.3087	0.3052	 0.422	0.4252	0.5241	0.5197	
val losses      170:	 0.158	0.1402	0.2706	0.2745	0.2268	0.2282	0.2852	 0.292	0.4404	0.3593	0.9282	 0.928	 | 0.3776 mean
                     	0.4335	0.3608	0.6868	0.7177	0.5947	0.6017	0.7075	0.7532	 1.131	0.9246	 2.422	 2.419	 | 1.256 quantile
                      	 1.869	 1.315	  2.07	 1.898	 1.359	 1.326	 2.972	 2.564	  1.86	 1.982	 3.979	 3.829	 | 3.979 max

train losses    172:	 0.253	0.2573	0.3052	0.2958	0.2938	0.2956	0.3075	 0.304	0.4197	0.4234	0.5187	 0.515	
val losses      172:	0.1596	0.1393	0.2702	0.2742	0.2268	0.2269	0.2853	0.2922	0.4414	  0.36	0.9289	0.9282	 | 0.3777 mean
                     	0.4339	0.3609	 0.683	0.7195	0.5952	0.6047	0.7125	0.7572	 1.126	0.9336	 2.439	 2.447	 | 1.259 quantile
                      	 1.813	 1.451	  2.05	 1.908	 1.389	  1.32	 3.023	 2.595	 1.857	 1.988	 3.987	 3.816	 | 3.987 max

train losses    174:	0.2526	 0.257	0.3044	0.2945	0.2928	0.2962	0.3066	0.3039	 0.418	0.4217	0.5117	0.5099	
val losses      174:	0.1583	0.1389	0.2704	0.2741	0.2257	0.2266	0.2856	0.2924	0.4432	0.3615	0.9224	 0.923	 | 0.3768 mean
                     	0.4322	0.3567	 0.682	 0.717	0.5987	0.6005	0.7129	0.7602	 1.136	0.9381	  2.44	 2.452	 | 1.254 quantile
                      	 1.897	  1.47	 2.059	 1.915	 1.427	 1.352	 2.952	 2.556	 1.895	  2.01	 4.024	 3.879	 | 4.024 max

train losses    176:	0.2503	0.2567	0.3041	0.2941	0.2931	0.2956	0.3051	0.3014	0.4189	 0.421	0.5039	0.5026	
val losses      176:	0.1571	 0.138	0.2701	0.2735	0.2233	 0.225	0.2858	0.2926	0.4404	0.3587	0.9217	0.9215	 | 0.3756 mean
                     	0.4347	 0.357	0.6867	0.7143	0.5946	0.5981	0.7101	0.7575	 1.125	0.9377	  2.43	 2.441	 | 1.259 quantile
                      	  1.91	 1.454	 2.046	 1.917	 1.336	  1.37	 2.867	 2.579	 1.873	  2.06	 4.045	 3.894	 | 4.045 max

train losses    178:	0.2495	0.2551	0.3028	0.2931	0.2907	0.2925	0.3055	0.3025	0.4155	0.4171	0.4938	0.4909	
val losses      178:	0.1561	0.1376	0.2703	0.2737	 0.223	0.2247	 0.286	0.2925	0.4392	0.3564	0.9221	 0.921	 | 0.3752 mean
                     	0.4269	0.3552	0.6853	0.7114	0.5931	0.5922	0.7152	0.7634	 1.126	0.9295	 2.418	 2.424	 | 1.258 quantile
                      	 1.903	  1.36	 2.073	 1.914	 1.354	 1.366	 2.935	 2.601	   1.9	 2.033	 4.122	  3.89	 | 4.122 max

train losses    180:	0.2503	0.2537	0.3018	0.2923	0.2893	0.2926	0.3037	0.3006	0.4123	 0.418	 0.486	0.4847	
val losses      180:	 0.155	0.1366	0.2698	0.2737	0.2219	 0.224	0.2849	0.2916	0.4389	 0.355	0.9222	0.9205	 | 0.3745 mean
                     	0.4236	0.3503	 0.685	0.7155	0.5893	0.5965	0.7163	0.7604	 1.124	0.9252	 2.431	 2.417	 | 1.258 quantile
                      	 1.927	 1.412	 2.073	   1.9	 1.421	 1.346	 2.932	 2.597	 1.842	 1.964	 4.034	 3.811	 | 4.034 max

train losses    182:	0.2492	0.2536	0.3016	0.2906	0.2889	  0.29	0.3025	 0.299	0.4153	0.4172	0.4844	0.4832	
val losses      182:	0.1558	0.1378	0.2703	0.2738	0.2213	0.2232	0.2842	 0.291	 0.442	0.3585	0.9225	0.9215	 | 0.3752 mean
                     	0.4308	0.3512	0.6854	0.7145	0.5953	0.5945	0.7131	0.7537	 1.126	 0.935	 2.427	 2.427	 | 1.254 quantile
                      	  1.91	 1.379	 2.059	 1.899	 1.342	 1.276	 2.877	 2.642	 1.863	 1.945	 3.962	 3.758	 | 3.962 max

train losses    184:	0.2486	0.2532	 0.301	 0.292	 0.289	0.2911	0.3005	 0.298	0.4134	0.4134	0.4796	0.4769	
val losses      184:	0.1561	0.1369	0.2701	0.2732	0.2206	0.2224	 0.284	0.2907	0.4408	0.3569	0.9191	 0.917	 | 0.374 mean
                     	0.4333	0.3513	0.6844	0.7166	0.5807	0.5888	 0.706	0.7528	 1.112	0.9276	 2.422	 2.406	 | 1.25 quantile
                      	 1.708	 1.493	 2.087	 1.912	 1.396	 1.278	 2.933	 2.589	 1.862	 1.974	 4.012	 3.782	 | 4.012 max

train losses    186:	0.2474	0.2528	0.3008	0.2906	 0.289	0.2896	0.2993	0.2975	0.4126	0.4141	0.4819	0.4774	
val losses      186:	0.1541	0.1362	0.2698	0.2732	0.2202	0.2219	 0.284	0.2907	0.4398	0.3582	0.9204	0.9183	 | 0.3739 mean
                     	0.4294	0.3467	0.6822	0.7132	 0.583	0.5857	 0.705	0.7566	 1.122	0.9333	 2.407	 2.409	 | 1.25 quantile
                      	 1.839	 1.363	 2.076	 1.889	 1.403	 1.277	  2.98	  2.59	 1.906	 2.058	 3.992	 3.758	 | 3.992 max

train losses    188:	0.2462	0.2519	0.3004	0.2905	0.2864	0.2881	0.2998	0.2969	0.4104	0.4139	0.4804	0.4784	
val losses      188:	0.1545	0.1358	0.2694	0.2729	0.2194	0.2218	0.2846	0.2911	0.4414	 0.359	0.9258	0.9238	 | 0.375 mean
                     	0.4267	  0.35	0.6806	0.7121	0.5847	0.5952	0.7076	0.7583	 1.122	0.9378	   2.4	 2.418	 | 1.257 quantile
                      	  1.81	 1.526	  2.06	 1.898	  1.44	 1.328	 3.003	 2.579	 1.941	 2.039	 4.106	 3.881	 | 4.106 max

train losses    190:	0.2465	0.2517	0.2991	0.2896	0.2859	0.2865	 0.298	0.2946	0.4107	0.4124	0.4822	0.4809	
val losses      190:	0.1541	0.1362	0.2696	0.2731	0.2196	0.2209	0.2837	0.2907	0.4381	0.3551	0.9255	0.9225	 | 0.3741 mean
                     	 0.423	0.3528	0.6785	0.7111	0.5878	0.5924	0.7087	0.7506	  1.13	0.9244	 2.403	 2.414	 | 1.254 quantile
                      	 1.831	 1.479	 2.037	 1.895	 1.324	 1.332	 2.916	 2.557	 1.928	 2.081	 4.116	 3.891	 | 4.116 max

train losses    192:	0.2467	0.2504	0.2993	0.2892	0.2844	0.2856	0.2983	0.2948	0.4086	0.4113	0.4828	0.4795	
val losses      192:	 0.154	0.1353	0.2697	 0.273	0.2186	0.2196	0.2836	0.2903	0.4369	 0.355	0.9327	0.9297	 | 0.3749 mean
                     	0.4221	0.3478	0.6788	0.7135	0.5809	0.5887	0.7072	0.7459	 1.123	  0.93	 2.419	 2.426	 | 1.269 quantile
                      	 1.832	 1.423	   2.0	 1.905	  1.38	 1.308	   2.9	 2.592	 1.944	 2.066	 4.119	 3.896	 | 4.119 max

train losses    194:	0.2461	0.2507	0.2982	0.2882	0.2851	0.2855	 0.298	0.2946	0.4087	0.4126	0.4863	 0.484	
val losses      194:	0.1518	0.1349	0.2692	 0.273	0.2186	0.2193	0.2833	0.2902	0.4388	0.3553	 0.928	0.9255	 | 0.374 mean
                     	0.4175	0.3481	0.6792	0.7131	0.5865	0.5827	0.7113	0.7545	 1.121	 0.932	 2.393	 2.407	 | 1.261 quantile
                      	 1.809	 1.458	 2.034	 1.903	 1.386	 1.322	 2.992	 2.591	 1.915	 2.046	  4.08	 3.864	 | 4.08 max

train losses    196:	0.2454	0.2505	0.2986	0.2879	 0.283	0.2862	0.2965	 0.294	0.4089	0.4114	0.4959	0.4953	
val losses      196:	0.1539	0.1356	0.2693	0.2729	0.2177	0.2195	0.2837	0.2905	0.4442	0.3576	0.9452	0.9416	 | 0.3776 mean
                     	0.4188	0.3493	0.6777	0.7112	0.5819	0.5887	0.7095	0.7504	 1.132	0.9352	 2.391	 2.403	 | 1.279 quantile
                      	 1.913	  1.42	 2.026	  1.89	  1.38	 1.303	 2.948	 2.546	 1.966	 2.036	 4.242	 4.023	 | 4.242 max

train losses    198:	0.2461	0.2501	0.2977	0.2881	0.2838	0.2873	0.2958	0.2934	0.4082	0.4127	 0.523	0.5204	
val losses      198:	0.1557	0.1362	0.2692	0.2725	0.2177	0.2197	 0.283	0.2898	0.4416	0.3586	0.9612	0.9572	 | 0.3802 mean
                     	0.4238	0.3505	0.6781	0.7112	0.5809	0.5919	0.6999	 0.743	 1.118	0.9275	 2.391	 2.416	 | 1.288 quantile
                      	 1.829	 1.529	 2.029	 1.905	 1.415	 1.284	  2.97	 2.607	 1.893	 2.029	 4.287	 4.051	 | 4.287 max

train losses    200:	0.2475	0.2492	0.2976	0.2876	0.2826	0.2853	0.2958	0.2935	0.4103	0.4166	0.5592	0.5572	
val losses      200:	0.1562	 0.135	0.2697	 0.273	0.2172	0.2204	0.2826	0.2894	0.4411	0.3591	0.9778	0.9736	 | 0.3829 mean
                     	0.4337	0.3426	  0.68	0.7173	0.5878	0.5899	0.7104	0.7422	 1.126	0.9326	 2.403	 2.429	 | 1.302 quantile
                      	   1.8	 1.391	 2.092	 1.895	 1.427	 1.297	 2.943	 2.625	   1.9	 2.004	 4.365	  4.13	 | 4.365 max

train losses    202:	0.2502	0.2514	 0.298	0.2873	0.2834	0.2846	0.2961	0.2925	0.4101	 0.418	0.6085	0.6041	
val losses      202:	0.1585	0.1375	0.2695	0.2729	0.2193	0.2203	0.2822	0.2896	0.4452	0.3638	0.9807	0.9775	 | 0.3848 mean
                     	0.4429	0.3562	 0.681	0.7152	0.5884	0.5913	0.7143	0.7458	  1.14	0.9506	 2.438	 2.451	 | 1.311 quantile
                      	 1.825	 1.408	 2.095	 1.884	 1.342	 1.335	 2.942	  2.59	  1.93	 2.046	 4.232	 4.069	 | 4.232 max

train losses    204:	0.2482	0.2497	0.2971	 0.287	0.2825	0.2854	0.2956	0.2928	0.4143	0.4178	0.5922	0.5886	
val losses      204:	0.1556	0.1348	0.2692	0.2725	0.2149	  0.22	0.2825	0.2889	0.4491	0.3745	0.9522	0.9524	 | 0.3806 mean
                     	0.4336	0.3464	0.6762	0.7107	0.5705	0.5913	0.7115	0.7402	 1.173	 1.016	 2.479	 2.454	 | 1.287 quantile
                      	 2.016	 1.404	 2.067	 1.897	 1.314	 1.307	 2.909	 2.647	 2.036	 2.199	 3.984	 3.781	 | 3.984 max

train losses    206:	0.2449	0.2495	0.2975	 0.287	0.2847	0.2854	0.2925	0.2902	0.4206	0.4237	0.5321	0.5306	
val losses      206:	0.1544	0.1343	0.2692	0.2723	0.2135	0.2166	0.2839	0.2905	0.4447	0.3712	 0.924	0.9315	 | 0.3755 mean
                     	 0.428	0.3469	0.6786	0.7144	0.5696	 0.582	0.7135	0.7508	 1.157	0.9687	 2.469	 2.434	 | 1.265 quantile
                      	 1.937	 1.405	 2.008	 1.918	 1.265	 1.242	 2.918	  2.52	 2.083	 2.294	 3.719	 3.523	 | 3.719 max

train losses    208:	0.2461	0.2509	0.2967	0.2864	0.2845	0.2893	0.2911	0.2891	0.4255	0.4339	0.5546	0.5555	
val losses      208:	0.1524	0.1363	0.2694	0.2725	0.2146	0.2175	0.2834	0.2907	0.4428	0.3607	0.9098	0.9126	 | 0.3719 mean
                     	0.4219	0.3504	0.6806	0.7179	0.5773	0.5797	0.7134	0.7495	 1.132	0.9391	 2.425	 2.407	 | 1.234 quantile
                      	 2.032	 1.449	 2.014	 1.879	 1.287	 1.227	 2.917	 2.611	 1.909	 2.123	 3.707	 3.492	 | 3.707 max

train losses    210:	0.2469	0.2509	0.2968	0.2855	0.2898	0.2965	0.2919	0.2889	0.4181	0.4225	0.5999	0.5957	
val losses      210:	 0.154	0.1372	0.2697	0.2728	0.2163	0.2184	0.2815	0.2886	0.4467	0.3564	0.9083	0.9096	 | 0.3716 mean
                     	0.4303	0.3573	0.6811	0.7157	0.5983	0.5789	 0.705	0.7444	 1.104	0.9288	 2.414	  2.43	 | 1.254 quantile
                      	 1.827	 1.465	 2.015	 1.872	 1.431	 1.295	 2.972	   2.6	 1.928	 2.007	 3.825	  3.61	 | 3.825 max

train losses    212:	 0.244	0.2513	0.2956	0.2852	0.2926	0.2943	0.2912	0.2887	0.4217	0.4275	0.5789	0.5766	
val losses      212:	0.1525	0.1354	0.2691	0.2721	0.2214	0.2244	0.2822	0.2881	0.4534	0.3645	0.9405	0.9341	 | 0.3782 mean
                     	0.4226	0.3519	0.6765	0.7146	0.5906	0.5977	0.7136	0.7451	  1.11	0.9404	 2.442	 2.458	 | 1.285 quantile
                      	 1.823	  1.51	 1.996	 1.901	 1.407	 1.421	 2.882	 2.543	 1.952	 2.158	 4.015	 3.772	 | 4.015 max

train losses    214:	0.2469	0.2501	0.2952	0.2839	0.2965	0.3023	0.2924	0.2907	0.4342	0.4456	0.5366	0.5343	
val losses      214:	 0.153	0.1348	0.2687	0.2723	0.2254	 0.231	 0.282	 0.289	0.4492	0.3593	0.9259	0.9215	 | 0.376 mean
                     	0.4205	0.3428	0.6801	0.7142	0.6234	0.6187	0.7014	0.7411	 1.133	0.9419	  2.43	 2.453	 | 1.267 quantile
                      	 1.842	 1.381	 1.965	 1.902	 1.483	 1.489	 2.845	 2.469	 1.958	 2.151	 4.073	 3.831	 | 4.073 max

train losses    216:	0.2471	0.2493	0.2954	0.2845	0.3022	0.3082	 0.292	0.2908	0.4171	0.4253	0.4819	0.4786	
val losses      216:	0.1554	0.1339	0.2691	0.2721	0.2248	0.2323	0.2832	0.2904	 0.445	0.3604	0.9081	0.9072	 | 0.3735 mean
                     	0.4264	0.3486	0.6795	0.7134	0.6261	0.6148	 0.706	0.7608	 1.136	 0.936	 2.416	 2.401	 | 1.252 quantile
                      	  1.88	 1.394	 2.058	 1.916	 1.638	 1.409	 2.929	 2.539	 1.924	 2.158	 3.978	 3.749	 | 3.978 max

train losses    218:	0.2462	0.2511	0.2948	0.2841	0.3018	0.3068	0.2917	0.2895	0.4284	0.4371	0.4566	0.4549	
val losses      218:	0.1535	0.1383	0.2686	 0.272	0.2218	0.2288	0.2833	0.2915	0.4474	0.3606	0.9205	0.9189	 | 0.3754 mean
                     	0.4157	0.3644	0.6752	0.7161	0.6051	0.6215	0.7105	0.7573	 1.151	0.9654	 2.407	 2.422	 | 1.262 quantile
                      	 1.859	 1.449	  2.03	 1.926	 1.488	  1.36	 2.902	 2.603	 2.054	 2.207	  4.12	 3.869	 | 4.12 max

train losses    220:	0.2458	 0.252	0.2935	 0.283	0.2844	0.2894	0.2906	0.2888	 0.453	0.4575	0.4578	 0.456	
val losses      220:	0.1593	0.1391	0.2695	0.2722	0.2141	0.2183	0.2869	0.2941	0.4561	0.3718	 0.926	0.9234	 | 0.3776 mean
                     	0.4373	 0.366	0.6846	0.7171	0.5795	0.5931	0.7122	0.7592	 1.194	0.9906	   2.4	 2.417	 | 1.277 quantile
                      	 1.791	 1.364	 2.013	 1.959	 1.334	 1.304	  2.97	 2.698	 2.123	 2.267	 4.049	 3.809	 | 4.049 max

train losses    222:	 0.248	0.2532	0.2922	0.2824	0.2809	0.2835	0.2894	0.2882	0.4614	0.4574	0.4644	 0.462	
val losses      222:	0.1599	0.1363	0.2693	 0.272	0.2182	 0.224	0.2867	0.2928	0.4598	0.3759	0.9295	0.9269	 | 0.3793 mean
                     	0.4347	0.3575	0.6794	0.7115	0.5866	0.6212	0.7042	0.7554	  1.19	 1.021	   2.4	 2.417	 | 1.285 quantile
                      	 1.883	 1.429	 2.037	 1.942	 1.438	 1.438	 3.004	 2.628	 2.139	 2.249	  4.01	 3.768	 | 4.01 max

train losses    224:	0.2468	0.2503	0.2925	 0.282	0.2827	0.2858	0.2889	0.2877	0.4436	0.4427	0.4585	0.4582	
val losses      224:	0.1502	0.1337	 0.268	0.2717	0.2136	0.2168	0.2816	0.2889	0.4567	 0.374	0.9315	0.9284	 | 0.3763 mean
                     	0.4049	0.3469	0.6747	0.7191	 0.578	0.5823	0.6969	0.7369	 1.161	 1.016	 2.399	 2.406	 | 1.281 quantile
                      	 2.019	 1.452	 1.993	 1.911	 1.335	 1.283	 2.862	 2.566	 2.079	 2.263	 3.974	 3.766	 | 3.974 max

train losses    226:	0.2425	0.2469	0.2924	0.2819	0.2812	0.2821	0.2863	0.2851	0.4273	0.4281	 0.453	0.4515	
val losses      226:	0.1472	0.1327	0.2687	0.2722	0.2144	0.2154	 0.282	  0.29	0.4542	0.3699	0.9219	0.9183	 | 0.3739 mean
                     	0.4001	0.3441	0.6792	 0.716	0.5771	0.5777	0.7129	0.7518	 1.159	 1.006	 2.388	 2.391	 | 1.264 quantile
                      	 2.059	 1.397	 1.975	 1.861	 1.318	 1.226	 2.738	 2.548	 2.071	 2.233	 4.004	 3.724	 | 4.004 max

train losses    228:	0.2417	0.2466	0.2914	0.2812	0.2832	 0.287	0.2849	0.2836	0.4157	0.4188	0.4459	 0.444	
val losses      228:	0.1506	0.1323	0.2686	0.2716	0.2159	0.2164	0.2828	  0.29	0.4444	 0.358	 0.907	0.9043	 | 0.3702 mean
                     	0.4116	0.3436	0.6768	0.7161	 0.569	0.5836	0.7103	0.7425	  1.11	0.9557	 2.389	 2.388	 | 1.245 quantile
                      	 1.892	 1.417	 2.006	 1.895	 1.355	 1.306	 2.815	 2.534	 1.919	 2.217	 3.909	 3.637	 | 3.909 max

train losses    230:	0.2414	0.2456	0.2914	0.2809	0.2851	0.2881	0.2835	0.2808	0.4147	0.4156	0.4564	0.4551	
val losses      230:	 0.151	 0.131	0.2685	0.2714	0.2135	0.2169	0.2826	0.2901	0.4418	0.3555	0.9101	0.9082	 | 0.37 mean
                     	0.4159	0.3425	0.6737	0.7169	0.5816	0.5757	0.7112	 0.747	 1.119	0.9286	 2.413	 2.406	 | 1.248 quantile
                      	 1.802	  1.34	 2.015	 1.902	  1.34	 1.222	  2.85	 2.524	 2.006	 2.225	 3.907	 3.636	 | 3.907 max

train losses    232:	0.2402	0.2435	0.2905	0.2807	0.2821	0.2829	0.2832	0.2814	0.4115	0.4122	0.4717	0.4707	
val losses      232:	 0.154	0.1318	0.2683	0.2718	0.2111	0.2135	0.2815	 0.289	0.4569	0.3695	0.9042	0.9042	 | 0.3713 mean
                     	0.4281	 0.345	0.6782	0.7168	0.5744	0.5762	0.7051	0.7356	 1.144	0.9776	 2.391	 2.389	 | 1.249 quantile
                      	 1.879	 1.398	  2.02	 1.884	 1.424	 1.259	  2.85	 2.517	 2.051	 2.188	 3.842	 3.558	 | 3.842 max

train losses    234:	0.2406	0.2441	0.2899	0.2797	0.2777	0.2779	0.2808	0.2785	0.4104	0.4097	0.4753	0.4723	
val losses      234:	0.1508	0.1307	0.2681	0.2712	0.2098	 0.215	0.2811	0.2882	0.4538	0.3689	0.9042	0.9037	 | 0.3705 mean
                     	0.4131	0.3439	0.6777	0.7159	0.5707	0.5777	0.7078	0.7354	 1.148	0.9746	 2.386	 2.389	 | 1.249 quantile
                      	 1.997	 1.379	 1.998	 1.859	 1.369	 1.233	 2.863	 2.573	  2.02	 2.214	 3.814	 3.551	 | 3.814 max

train losses    236:	0.2404	0.2441	0.2892	0.2787	 0.275	0.2763	0.2832	0.2802	0.4078	0.4069	0.4655	0.4631	
val losses      236:	0.1501	 0.131	 0.268	0.2711	0.2092	0.2123	0.2812	0.2886	0.4571	 0.373	0.9078	0.9061	 | 0.3713 mean
                     	0.4121	 0.342	0.6764	0.7111	0.5653	0.5707	0.7048	0.7387	 1.168	0.9943	 2.399	 2.378	 | 1.255 quantile
                      	 1.862	 1.294	 2.017	 1.866	 1.378	 1.245	 2.913	  2.55	 2.084	 2.244	 3.926	 3.634	 | 3.926 max

train losses    238:	0.2389	0.2435	0.2895	0.2785	 0.273	0.2754	0.2805	0.2783	0.4063	0.4028	0.4481	0.4477	
val losses      238:	0.1495	0.1304	0.2678	 0.271	0.2095	0.2123	0.2806	0.2885	0.4484	0.3641	0.9102	0.9086	 | 0.3701 mean
                     	0.4146	0.3417	0.6733	0.7103	0.5642	0.5626	0.7042	0.7394	 1.141	0.9592	 2.392	 2.377	 | 1.247 quantile
                      	 1.853	 1.293	 2.005	 1.874	 1.412	 1.248	 2.896	 2.565	 2.084	 2.264	  4.05	 3.723	 | 4.05 max

train losses    240:	0.2385	0.2436	0.2886	0.2776	0.2736	0.2752	0.2797	 0.278	0.4066	0.4026	  0.45	 0.448	
val losses      240:	0.1475	0.1304	0.2678	0.2709	0.2091	0.2115	0.2808	0.2887	0.4401	0.3552	0.9157	0.9133	 | 0.3693 mean
                     	0.4064	0.3409	0.6748	0.7143	0.5637	0.5602	0.7037	0.7345	 1.124	0.9395	 2.373	 2.369	 | 1.244 quantile
                      	 1.863	 1.361	 1.993	 1.864	  1.32	 1.254	 2.862	 2.579	 1.988	 2.241	 4.073	 3.751	 | 4.073 max

train losses    242:	0.2406	0.2431	0.2886	0.2781	0.2742	0.2761	0.2781	0.2775	0.4112	0.4064	0.4634	0.4629	
val losses      242:	 0.149	0.1304	0.2672	0.2701	0.2088	0.2109	0.2813	0.2891	0.4418	0.3559	0.9303	0.9282	 | 0.3719 mean
                     	0.4067	 0.341	 0.672	0.7119	0.5675	 0.567	0.6993	0.7349	 1.131	0.9626	  2.39	 2.398	 | 1.266 quantile
                      	 1.789	 1.309	 1.995	 1.883	 1.308	 1.257	 2.963	 2.589	 2.022	 2.267	 4.087	 3.787	 | 4.087 max

train losses    244:	0.2397	 0.243	0.2872	0.2764	0.2728	0.2749	0.2777	0.2749	0.4096	0.4107	0.4739	0.4724	
val losses      244:	0.1482	0.1294	0.2678	0.2703	0.2076	0.2105	0.2804	0.2886	0.4414	0.3541	0.9278	0.9254	 | 0.371 mean
                     	0.4043	0.3358	0.6756	 0.711	0.5622	0.5703	0.6945	0.7446	 1.122	0.9541	  2.39	 2.381	 | 1.266 quantile
                      	 1.984	 1.435	 2.023	 1.878	 1.315	 1.275	 2.935	 2.556	 2.014	 2.207	 4.052	 3.833	 | 4.052 max

train losses    246:	0.2396	0.2427	0.2875	0.2771	0.2726	 0.274	0.2784	0.2775	0.4066	0.4047	0.4713	0.4695	
val losses      246:	0.1491	0.1306	0.2681	0.2703	 0.209	0.2116	0.2808	 0.289	0.4403	0.3541	0.9259	0.9239	 | 0.3711 mean
                     	 0.405	0.3443	0.6732	0.7133	 0.566	0.5773	 0.696	0.7321	 1.118	0.9551	 2.381	 2.377	 | 1.26 quantile
                      	 1.902	 1.337	 2.047	 1.886	  1.29	 1.278	 2.903	 2.573	 1.971	 2.196	 4.047	 3.733	 | 4.047 max

train losses    248:	0.2395	0.2431	0.2868	0.2763	0.2732	0.2755	0.2759	 0.275	0.4045	0.4055	0.4568	0.4545	
val losses      248:	0.1487	0.1312	0.2678	0.2704	0.2078	0.2113	 0.281	0.2886	0.4413	0.3549	0.9058	0.9049	 | 0.3678 mean
                     	0.4052	0.3398	0.6712	0.7109	0.5622	 0.569	0.6959	0.7431	 1.112	0.9596	 2.355	 2.358	 | 1.234 quantile
                      	 1.959	 1.397	 2.006	 1.886	 1.351	 1.225	 2.935	 2.681	 1.946	 2.212	 3.908	  3.64	 | 3.908 max

train losses    250:	 0.238	 0.241	0.2861	0.2759	0.2709	0.2739	0.2757	0.2748	0.4096	0.4128	0.4472	0.4441	
val losses      250:	0.1488	0.1294	0.2678	0.2703	 0.208	0.2095	0.2816	0.2885	0.4463	0.3605	0.9072	0.9057	 | 0.3686 mean
                     	0.4045	0.3393	0.6728	0.7109	  0.56	0.5739	0.6964	0.7371	 1.118	0.9589	  2.36	 2.362	 | 1.237 quantile
                      	 1.929	 1.347	 2.002	 1.879	 1.383	 1.287	 2.978	 2.597	 1.828	 2.098	  3.95	 3.631	 | 3.95 max

train losses    252:	0.2381	0.2419	0.2859	0.2757	0.2731	0.2743	0.2764	0.2751	0.4223	 0.423	0.4445	0.4408	
val losses      252:	0.1492	0.1299	0.2673	0.2701	0.2091	0.2124	0.2812	0.2888	0.4533	0.3711	0.9035	0.9014	 | 0.3698 mean
                     	0.4117	0.3405	0.6733	0.7121	0.5659	0.5784	0.7024	0.7404	 1.131	0.9881	 2.387	 2.387	 | 1.237 quantile
                      	 1.998	 1.361	   2.0	 1.863	 1.454	 1.315	 2.931	 2.553	 1.837	 2.082	 3.821	 3.558	 | 3.821 max

train losses    254:	0.2372	0.2427	0.2869	0.2756	0.2714	0.2743	0.2755	0.2726	0.4194	0.4191	 0.434	0.4326	
val losses      254:	0.1478	0.1284	0.2669	0.2698	0.2067	0.2109	0.2809	0.2886	0.4578	0.3761	0.9034	0.9011	 | 0.3699 mean
                     	0.4068	0.3337	0.6722	 0.712	0.5556	0.5714	0.6992	 0.742	 1.145	 1.004	 2.383	 2.386	 | 1.24 quantile
                      	 1.918	 1.389	 1.978	 1.866	 1.333	  1.35	 2.826	 2.514	 1.872	  2.18	 3.822	 3.553	 | 3.822 max

train losses    256:	0.2366	0.2407	0.2849	0.2749	0.2727	0.2694	0.2747	0.2723	0.4069	0.4084	0.4302	0.4292	
val losses      256:	0.1475	0.1278	0.2673	0.2702	 0.205	0.2093	0.2811	0.2887	0.4543	0.3732	0.9037	0.9011	 | 0.3691 mean
                     	0.4028	0.3294	0.6715	 0.712	0.5469	0.5712	0.7056	0.7406	 1.149	0.9934	 2.378	 2.369	 | 1.248 quantile
                      	 2.041	 1.478	 2.007	 1.863	 1.366	 1.232	 2.862	 2.524	  1.97	 2.287	 3.913	 3.645	 | 3.913 max

train losses    258:	0.2357	  0.24	0.2852	0.2741	0.2704	0.2677	0.2738	0.2723	0.3996	   0.4	0.4297	0.4246	
val losses      258:	0.1483	0.1298	0.2674	0.2699	0.2059	0.2081	0.2811	0.2897	0.4442	0.3612	0.9051	0.9029	 | 0.3678 mean
                     	0.4052	0.3372	0.6744	0.7117	0.5596	0.5685	0.7065	 0.741	 1.136	0.9535	 2.365	 2.366	 | 1.241 quantile
                      	 1.825	 1.391	 2.041	 1.863	 1.398	 1.244	 2.881	 2.511	 2.066	 2.286	 3.892	 3.633	 | 3.892 max

train losses    260:	0.2362	0.2403	0.2839	0.2731	0.2704	0.2722	0.2719	0.2699	0.4107	0.4131	0.4267	 0.426	
val losses      260:	0.1485	0.1292	0.2674	0.2701	0.2057	0.2076	0.2811	0.2898	0.4424	0.3583	0.9029	0.9015	 | 0.367 mean
                     	0.4024	0.3348	0.6743	0.7148	0.5539	0.5697	0.7051	0.7375	  1.13	0.9514	 2.361	 2.326	 | 1.241 quantile
                      	 1.893	 1.285	 1.982	 1.871	 1.384	 1.286	 2.782	 2.563	 2.087	 2.328	 3.889	 3.568	 | 3.889 max

train losses    262:	 0.237	0.2408	0.2843	0.2735	0.2699	0.2703	0.2738	0.2723	0.4269	0.4306	0.4278	0.4255	
val losses      262:	0.1489	 0.129	0.2678	  0.27	0.2058	0.2068	0.2816	0.2896	  0.45	0.3651	0.8988	0.8963	 | 0.3675 mean
                     	0.4051	0.3341	0.6782	0.7105	0.5565	0.5573	0.7013	0.7415	 1.156	0.9883	 2.363	  2.33	 | 1.239 quantile
                      	 1.846	 1.333	  1.98	 1.874	 1.295	 1.224	 2.829	 2.569	 2.073	 2.235	 3.881	 3.614	 | 3.881 max

train losses    264:	0.2347	0.2379	0.2841	0.2732	0.2705	0.2714	 0.274	0.2709	0.4247	0.4279	0.4286	0.4261	
val losses      264:	 0.147	0.1274	0.2676	0.2697	0.2052	0.2059	0.2823	0.2902	0.4513	0.3702	0.9047	0.9022	 | 0.3686 mean
                     	0.3952	0.3344	0.6758	0.7089	0.5541	0.5609	0.7066	0.7416	 1.149	 1.008	 2.359	 2.349	 | 1.257 quantile
                      	 2.024	  1.53	 1.971	 1.893	 1.265	 1.245	 2.896	 2.614	  2.12	 2.284	 3.912	 3.645	 | 3.912 max

train losses    266:	0.2347	0.2397	0.2838	0.2737	0.2693	0.2711	0.2718	0.2716	0.4088	0.4147	0.4297	 0.427	
val losses      266:	0.1458	0.1279	0.2671	0.2697	0.2052	0.2051	0.2808	0.2895	0.4508	0.3709	0.8984	0.8967	 | 0.3673 mean
                     	0.3966	0.3329	0.6751	0.7113	0.5576	0.5523	0.7109	0.7281	 1.139	  1.02	  2.35	 2.333	 | 1.243 quantile
                      	 1.882	 1.438	 1.902	  1.87	 1.286	 1.262	 2.826	 2.573	  2.08	 2.312	 3.814	 3.546	 | 3.814 max

train losses    268:	0.2358	0.2395	0.2824	0.2714	0.2678	  0.27	0.2708	0.2693	0.4048	0.4049	0.4392	0.4384	
val losses      268:	0.1483	0.1273	0.2677	0.2698	0.2042	0.2055	0.2818	  0.29	0.4451	 0.358	0.8927	0.8913	 | 0.3651 mean
                     	 0.405	0.3331	0.6736	0.7109	0.5474	0.5582	0.7032	0.7386	 1.105	0.9547	  2.34	 2.339	 | 1.22 quantile
                      	 1.864	 1.361	 1.945	 1.885	 1.278	 1.225	 2.806	  2.58	 1.886	 2.236	  3.72	 3.453	 | 3.72 max

train losses    270:	0.2357	0.2387	0.2827	0.2725	0.2693	0.2693	0.2695	 0.268	 0.427	0.4231	0.4658	0.4632	
val losses      270:	0.1496	0.1277	0.2678	  0.27	0.2049	0.2066	 0.281	0.2889	0.4471	0.3589	0.8918	0.8916	 | 0.3655 mean
                     	0.4098	0.3327	 0.672	0.7101	0.5529	 0.562	0.7004	0.7376	 1.115	0.9492	 2.346	 2.346	 | 1.219 quantile
                      	  1.99	 1.391	 1.971	  1.88	 1.264	  1.25	 2.815	 2.597	 1.937	 2.208	 3.608	 3.386	 | 3.608 max

train losses    272:	0.2373	0.2382	 0.282	0.2714	0.2692	0.2711	0.2696	0.2691	0.4464	0.4395	0.4915	0.4912	
val losses      272:	0.1511	0.1287	0.2673	0.2696	0.2049	0.2072	  0.28	0.2879	0.4649	0.3795	0.8948	0.8952	 | 0.3693 mean
                     	0.4161	0.3329	 0.668	0.7103	0.5618	0.5626	0.7064	 0.726	 1.163	 1.024	  2.38	 2.364	 | 1.239 quantile
                      	 1.983	 1.336	  1.97	 1.859	 1.307	 1.218	 2.738	  2.55	 1.961	 2.217	 3.597	 3.385	 | 3.597 max

train losses    274:	0.2375	0.2403	0.2819	0.2713	0.2688	0.2707	 0.271	0.2691	0.4468	0.4458	0.5248	 0.521	
val losses      274:	0.1493	0.1277	0.2674	0.2696	0.2036	 0.206	0.2804	0.2872	0.4819	0.4035	 0.897	 0.898	 | 0.3726 mean
                     	0.4079	0.3308	0.6717	0.7092	0.5511	0.5572	 0.706	0.7336	 1.197	 1.113	 2.393	 2.391	 | 1.265 quantile
                      	 2.059	 1.434	 1.997	 1.855	 1.372	 1.272	 2.769	  2.53	 2.142	  2.36	 3.699	  3.43	 | 3.699 max

train losses    276:	0.2391	0.2408	0.2826	 0.272	 0.274	 0.273	0.2724	 0.273	0.4543	0.4513	0.5274	0.5246	
val losses      276:	0.1506	0.1277	0.2672	0.2699	0.2089	0.2111	0.2801	0.2878	0.4735	0.3908	0.9049	0.9042	 | 0.3731 mean
                     	0.4074	 0.333	0.6712	0.7121	  0.57	0.5833	0.7077	 0.731	 1.191	 1.052	 2.415	 2.411	 | 1.271 quantile
                      	 2.025	  1.38	   2.0	 1.858	 1.398	  1.37	 2.701	 2.492	 2.211	 2.528	 3.785	 3.514	 | 3.785 max

train losses    278:	0.2393	0.2415	 0.282	0.2721	0.2817	0.2841	0.2752	0.2744	0.4338	0.4339	 0.498	0.4969	
val losses      278:	0.1512	0.1297	0.2672	0.2695	0.2166	0.2211	 0.279	 0.287	0.4496	0.3605	0.9102	0.9074	 | 0.3708 mean
                     	0.4129	0.3371	0.6738	0.7113	0.6036	0.6101	0.6953	 0.735	 1.132	0.9598	 2.416	 2.431	 | 1.261 quantile
                      	  1.97	 1.388	  1.96	 1.852	 1.493	 1.457	 2.739	 2.527	 2.066	 2.367	 3.834	 3.566	 | 3.834 max

train losses    280:	 0.238	0.2422	0.2827	0.2716	0.2977	0.3068	0.2711	0.2703	0.3976	 0.401	0.4599	0.4599	
val losses      280:	0.1518	0.1306	0.2667	0.2697	0.2099	0.2121	 0.279	0.2864	0.4447	0.3572	0.9211	 0.916	 | 0.3704 mean
                     	0.4109	0.3393	0.6718	0.7139	0.5753	0.5968	0.6873	0.7293	 1.113	0.9547	 2.376	  2.37	 | 1.255 quantile
                      	 1.923	  1.32	 1.928	 1.847	 1.479	 1.386	 2.757	 2.542	 1.994	  2.26	 4.065	 3.857	 | 4.065 max

train losses    282:	 0.243	0.2431	 0.282	0.2715	0.2845	0.2901	0.2711	0.2709	 0.398	0.4032	0.4894	0.4877	
val losses      282:	  0.15	0.1312	0.2672	0.2694	0.2102	0.2134	0.2801	0.2884	0.4494	0.3657	0.9412	0.9364	 | 0.3752 mean
                     	0.4071	0.3399	0.6698	0.7084	0.5703	0.5747	 0.697	0.7289	 1.121	 1.004	 2.376	 2.383	 | 1.281 quantile
                      	 2.039	 1.277	 1.939	 1.822	 1.378	 1.395	 2.876	 2.572	 2.064	 2.279	 4.187	 3.937	 | 4.187 max

train losses    284:	0.2404	 0.244	0.2824	0.2716	0.2821	0.2892	0.2728	0.2722	0.3947	0.4076	0.5412	0.5383	
val losses      284:	 0.147	0.1288	0.2673	0.2689	0.2129	0.2216	0.2801	0.2879	0.4487	0.3701	0.9408	0.9368	 | 0.3759 mean
                     	0.4026	0.3367	0.6749	0.7068	0.5782	 0.592	0.7093	0.7379	  1.13	  1.02	 2.401	 2.395	 | 1.278 quantile
                      	 2.164	 1.419	 1.946	 1.837	 1.434	 1.448	  2.87	 2.577	 2.052	 2.292	 4.019	 3.749	 | 4.019 max

train losses    286:	  0.24	0.2422	 0.281	0.2703	0.2863	0.2927	 0.274	0.2724	0.3874	0.3948	0.5292	0.5265	
val losses      286:	0.1541	0.1349	0.2671	0.2686	0.2293	0.2419	0.2817	0.2891	0.4469	0.3695	0.9404	0.9405	 | 0.3803 mean
                     	0.4226	0.3567	0.6708	0.7098	0.6432	0.6373	0.7072	0.7451	 1.127	  1.01	 2.453	 2.417	 | 1.289 quantile
                      	 1.982	 1.424	 2.008	 1.869	 1.536	 1.589	 2.836	 2.603	 2.126	 2.438	 4.032	 3.874	 | 4.032 max

train losses    288:	0.2394	0.2423	0.2816	0.2706	0.2821	0.2873	0.2731	0.2721	0.3805	0.3869	0.5022	0.4994	
val losses      288:	0.1544	0.1332	0.2675	0.2697	 0.217	0.2267	0.2843	0.2913	0.4409	0.3624	0.9321	0.9361	 | 0.3763 mean
                     	0.4259	 0.353	0.6649	 0.716	0.6019	0.6206	0.7095	0.7532	 1.097	0.9709	 2.485	  2.43	 | 1.269 quantile
                      	 1.988	 1.394	 1.969	  1.89	 1.416	 1.528	 3.021	 2.702	 2.011	 2.405	 4.006	 3.839	 | 4.006 max

train losses    290:	0.2359	0.2423	0.2812	0.2699	0.2757	0.2809	0.2722	0.2707	0.3829	 0.386	0.5247	0.5214	
val losses      290:	0.1504	0.1309	0.2674	0.2691	0.2076	0.2147	0.2823	0.2885	 0.442	0.3603	0.8893	 0.891	 | 0.3661 mean
                     	0.4132	0.3375	0.6736	0.7117	0.5567	0.5808	0.7007	0.7478	 1.109	0.9601	 2.367	 2.346	 | 1.222 quantile
                      	 2.079	 1.413	 1.926	 1.843	 1.315	 1.341	 2.838	 2.607	   1.9	 2.199	 3.617	 3.442	 | 3.617 max

train losses    292:	0.2392	0.2424	0.2809	0.2691	0.2787	0.2783	0.2696	0.2699	0.3838	0.3857	0.5164	0.5133	
val losses      292:	0.1472	0.1298	0.2682	0.2694	0.2142	0.2172	0.2804	0.2874	0.4387	0.3547	0.9048	0.9022	 | 0.3678 mean
                     	0.3995	0.3391	0.6725	0.7059	0.5692	0.5778	0.6921	0.7371	 1.089	0.9432	 2.395	 2.388	 | 1.244 quantile
                      	 2.057	 1.397	 1.975	 1.857	 1.353	 1.356	 2.757	 2.517	 1.998	 2.236	 3.792	 3.556	 | 3.792 max

train losses    294:	0.2357	  0.24	0.2803	 0.269	0.2893	0.2899	0.2717	0.2711	0.3888	0.3897	0.4949	0.4918	
val losses      294:	0.1464	0.1329	0.2686	0.2699	0.2132	0.2156	0.2829	0.2902	0.4431	0.3585	 0.926	0.9194	 | 0.3722 mean
                     	0.3989	0.3411	0.6774	0.7113	0.5799	0.6061	0.6901	0.7475	 1.098	0.9462	 2.411	 2.436	 | 1.279 quantile
                      	 2.059	  1.49	 1.967	 1.899	 1.469	 1.379	 2.866	 2.491	 2.073	 2.298	 3.912	 3.746	 | 3.912 max

train losses    296:	0.2353	0.2393	0.2802	0.2686	0.2824	0.2815	0.2723	0.2714	0.3901	0.3946	0.4738	0.4711	
val losses      296:	0.1484	0.1298	0.2682	0.2701	0.2041	0.2066	0.2859	0.2918	0.4475	0.3618	0.9196	0.9137	 | 0.3706 mean
                     	0.4097	0.3351	0.6732	0.7063	0.5643	0.5544	0.6955	0.7463	 1.109	0.9745	 2.414	 2.421	 | 1.266 quantile
                      	 2.157	 1.622	 2.006	 1.887	 1.301	 1.229	 2.996	 2.622	 2.083	 2.215	 4.053	 3.827	 | 4.053 max

train losses    298:	0.2323	0.2388	0.2803	0.2691	0.2701	0.2727	 0.278	0.2779	0.3837	0.3851	0.4586	 0.457	
val losses      298:	0.1486	0.1308	0.2673	0.2688	0.2067	 0.207	0.2824	0.2892	0.4449	0.3598	 0.908	0.9039	 | 0.3681 mean
                     	0.4085	0.3368	0.6675	0.7089	0.5491	 0.554	0.6885	0.7343	 1.118	0.9661	 2.368	 2.371	 | 1.25 quantile
                      	 1.991	 1.353	 1.956	  1.86	 1.307	 1.203	   3.0	 2.647	 2.107	 2.255	 4.012	 3.861	 | 4.012 max

