train losses      0:	0.6678	0.6505	0.5155	0.4746	0.7819	0.8168	0.6473	0.5638	 1.609	 1.639	 1.519	 1.508	
val losses        0:	0.7327	0.6966	 1.043	 1.041	 1.167	 2.107	 5.932	 2.581	 3.121	 1.722	 1.846	 1.264	 | 1.938 mean
                     	 2.001	  1.91	 1.908	 1.849	 2.624	 3.695	 6.872	 3.493	 6.556	  4.86	 4.224	 2.932	 | 5.944 quantile
                      	 5.466	 5.869	 3.354	 3.018	 7.096	 8.237	 8.246	 5.037	 9.669	 8.044	 5.967	 4.489	 | 9.669 max

train losses      2:	0.5808	0.5871	0.4826	0.4918	0.7218	0.7564	0.6023	0.5635	  1.52	 1.602	 1.482	   1.5	
val losses        2:	 1.076	 1.233	 1.493	0.6557	0.8806	0.7508	0.6408	0.5608	 1.454	 1.741	 1.289	 1.258	 | 1.086 mean
                     	 2.171	 2.375	 2.258	 1.507	 2.061	 2.017	 1.567	 1.375	  4.11	 4.677	 3.034	 2.915	 | 2.681 quantile
                      	 4.036	 4.121	 3.486	 3.383	 6.195	 5.748	 2.793	 2.666	 7.647	 8.288	 4.562	 4.293	 | 8.288 max

train losses      4:	0.5004	0.5293	0.4342	0.4463	0.6316	0.6875	0.5364	 0.529	 1.377	 1.516	 1.438	 1.459	
val losses        4:	0.5143	0.5209	0.4096	0.3805	0.6026	0.6532	0.4104	0.4612	  1.24	 1.388	 1.244	 1.232	 | 0.7547 mean
                     	 1.382	 1.474	 1.018	0.9869	 1.589	 1.806	  1.11	 1.173	 3.508	 3.979	 2.847	 2.855	 | 2.369 quantile
                      	 3.638	 4.998	 2.771	 2.117	 5.318	 5.721	 2.754	 2.487	 6.777	 6.881	 4.419	 4.066	 | 6.881 max

train losses      6:	0.4549	0.4991	0.4155	0.4185	0.5713	0.6426	0.5123	0.5161	  1.17	 1.377	 1.376	 1.421	
val losses        6:	0.4177	0.4646	0.3532	0.3509	0.5125	0.5935	0.3923	0.4316	0.9918	 1.173	 1.188	 1.214	 | 0.6735 mean
                     	 1.227	   1.4	0.8903	0.9148	 1.414	 1.636	 1.051	 1.151	 2.786	 3.486	 2.816	 2.861	 | 2.178 quantile
                      	 3.472	 4.783	 2.423	 2.248	 4.517	 4.941	 2.057	 2.161	 5.822	 5.973	 3.922	 4.092	 | 5.973 max

train losses      8:	0.4351	0.4899	0.4137	0.4247	0.5281	 0.614	0.5159	0.5176	0.9523	 1.182	  1.31	 1.375	
val losses        8:	0.3945	0.4363	0.3378	0.3366	0.4593	0.5619	0.4277	0.4219	0.8009	0.9617	 1.153	 1.168	 | 0.6216 mean
                     	 1.133	 1.355	0.8752	0.8866	 1.271	 1.567	  1.11	 1.118	 2.158	 2.982	  2.78	 2.763	 | 1.985 quantile
                      	 3.017	 4.519	   2.4	 2.168	 4.278	 4.986	 2.173	 1.999	 5.166	 5.212	 4.019	 3.857	 | 5.212 max

train losses     10:	0.4301	0.4714	0.4192	 0.429	0.5163	0.5765	0.5303	0.5169	0.8205	0.9794	 1.249	 1.309	
val losses       10:	0.3571	0.4058	0.3259	0.3334	0.4465	0.5071	0.4073	0.4231	 0.695	0.8278	 1.116	 1.132	 | 0.5814 mean
                     	 1.039	 1.251	0.8494	0.8549	 1.234	 1.417	 1.094	 1.113	 1.774	  2.44	 2.761	 2.721	 | 1.813 quantile
                      	 2.797	 4.345	 2.324	 2.428	  4.05	 4.632	 2.261	 2.222	  3.56	 4.444	 3.917	 3.914	 | 4.632 max

train losses     12:	 0.422	0.4514	0.4262	0.4409	0.5247	0.5414	0.5396	0.5141	0.7777	0.8362	   1.2	  1.24	
val losses       12:	0.3182	0.3663	 0.323	0.3378	0.4262	0.4574	0.3939	0.4073	0.6658	0.6932	 1.106	   1.1	 | 0.5496 mean
                     	0.9116	 1.111	0.8511	0.8678	 1.155	 1.258	 1.065	 1.093	 1.634	 1.963	 2.715	 2.681	 | 1.686 quantile
                      	 2.547	 4.271	 2.295	 2.363	 4.023	 4.126	  2.27	 2.062	 3.596	 3.884	 3.792	 3.678	 | 4.271 max

train losses     14:	0.4163	0.4402	0.4325	0.4455	0.5435	0.5238	0.5397	0.5132	0.9494	0.9403	 1.159	 1.178	
val losses       14:	0.2822	0.3328	 0.325	0.3253	0.4077	 0.429	0.3823	0.4015	 1.121	 1.095	  1.13	 1.104	 | 0.6113 mean
                     	0.7887	 0.988	0.8451	0.8252	 1.107	 1.148	  1.02	 1.072	 2.055	 2.192	 2.721	 2.579	 | 1.85 quantile
                      	 2.122	 3.884	 2.287	 2.303	 4.041	 3.679	 2.294	 2.025	 3.844	 3.619	 3.774	 3.677	 | 4.041 max

train losses     16:	0.4062	 0.426	0.4285	0.4305	0.5194	0.4973	0.5196	0.5003	0.8675	 0.849	 1.122	 1.127	
val losses       16:	0.2585	0.3057	0.3185	0.3208	0.4004	0.4015	0.3797	0.3943	0.5862	0.5835	 1.118	 1.072	 | 0.5116 mean
                     	0.7063	0.8753	0.8104	0.8313	 1.063	 1.108	 1.003	 1.064	 1.474	 1.502	 2.671	 2.551	 | 1.638 quantile
                      	 2.005	 3.678	 2.352	 2.093	 3.998	 3.542	 2.168	 1.958	 3.846	 3.237	 3.655	 3.701	 | 3.998 max

train losses     18:	0.3949	0.4135	0.4233	0.4218	0.5025	0.4865	0.5051	0.4935	 0.822	0.8382	 1.095	 1.099	
val losses       18:	0.2511	0.3029	0.3161	0.3149	 0.392	  0.43	0.3686	0.3912	0.7785	0.8204	 1.103	 1.077	 | 0.5455 mean
                     	0.6996	0.8215	0.8064	0.8197	 1.038	  1.13	 0.966	 1.045	 1.807	 1.871	 2.596	 2.549	 | 1.719 quantile
                      	 1.812	 3.339	 2.251	 2.052	  3.85	 3.366	 2.222	 1.988	  3.97	 3.461	 3.674	  3.65	 | 3.97 max

train losses     20:	0.4077	 0.409	 0.422	0.4195	0.5026	0.4837	 0.498	0.4895	0.7948	0.8077	 1.078	 1.079	
val losses       20:	0.2672	 0.273	0.3134	0.3156	0.3881	 0.381	0.3719	0.3996	0.5604	0.5572	 1.081	 1.052	 | 0.4967 mean
                     	0.7207	0.7835	0.7931	0.8171	 1.026	 1.046	0.9647	 1.069	 1.431	 1.437	 2.784	 2.656	 | 1.566 quantile
                      	 1.833	 3.141	 2.353	 1.728	 3.415	 3.372	 2.229	 2.127	 3.077	 3.099	 4.175	 4.024	 | 4.175 max

train losses     22:	0.4013	0.4027	0.4187	0.4186	0.4804	0.4714	0.4944	 0.484	0.6778	 0.681	 1.066	 1.067	
val losses       22:	0.2919	0.2789	0.3127	0.3194	0.3823	0.3771	0.3745	0.3938	0.5485	0.5304	  1.13	 1.098	 | 0.5031 mean
                     	0.7622	0.7936	0.7874	0.8245	0.9943	 1.005	 0.974	 1.057	 1.402	 1.346	 2.666	 2.594	 | 1.634 quantile
                      	 2.348	 3.011	 2.343	 1.833	 3.387	 3.545	  1.96	 2.309	  2.99	 2.941	 4.113	 3.789	 | 4.113 max

train losses     24:	0.3797	0.3934	0.4118	 0.412	0.4667	0.4604	0.4765	0.4691	0.6401	0.6482	 1.043	 1.046	
val losses       24:	0.2527	0.2685	0.3064	0.3164	0.3803	0.3717	0.3611	0.3835	0.5535	0.5683	 1.115	 1.086	 | 0.4969 mean
                     	0.6944	0.7589	0.7768	0.8183	 1.002	 1.005	0.9405	 1.013	 1.417	 1.342	 2.567	 2.524	 | 1.614 quantile
                      	 1.802	 2.953	 2.392	 1.813	 3.155	 3.375	 2.039	 2.227	 2.709	 2.743	 4.005	 3.827	 | 4.005 max

train losses     26:	0.3713	 0.383	0.4059	0.4062	0.4586	0.4506	0.4673	0.4619	0.5969	 0.596	 1.071	 1.068	
val losses       26:	0.2549	0.2633	0.3062	0.3171	0.3672	0.3682	0.3737	0.3822	0.4914	0.4874	 1.429	 1.372	 | 0.5344 mean
                     	0.6972	0.7686	0.7769	0.8116	0.9756	0.9734	0.9687	 1.016	 1.279	 1.157	 3.168	 3.142	 | 1.848 quantile
                      	 2.028	 2.935	 2.334	 1.749	 3.213	 3.487	 1.983	 1.941	 3.153	 2.395	 4.397	 4.366	 | 4.397 max

train losses     28:	0.3728	0.3827	0.4022	0.4014	0.4662	0.4554	0.4645	0.4547	0.5923	0.5898	 1.156	  1.15	
val losses       28:	0.2688	0.2556	0.3025	0.3111	0.3624	0.3555	0.3574	0.3701	0.4942	0.4992	 1.355	 1.295	 | 0.5189 mean
                     	0.7078	0.7056	0.7681	0.8026	0.9455	0.9437	0.9357	0.9673	 1.299	 1.217	 2.895	 2.826	 | 1.787 quantile
                      	 1.803	 2.502	 2.371	 1.831	 2.843	 2.961	 1.983	 2.035	 3.046	  2.42	 3.985	 4.018	 | 4.018 max

train losses     30:	  0.39	0.3899	0.4009	0.4005	0.4642	0.4562	0.4643	0.4566	0.5964	0.5864	 1.223	 1.212	
val losses       30:	0.2803	0.3046	0.3009	0.3079	0.3807	0.3706	0.3523	0.3698	0.4996	0.4949	 1.261	  1.24	 | 0.5136 mean
                     	0.7476	0.7454	0.7637	0.8035	 1.028	0.9993	0.9131	0.9614	   1.3	  1.21	 2.825	 2.823	 | 1.703 quantile
                      	 1.848	 2.113	 2.323	 1.776	 3.063	 3.147	 2.103	 2.076	 3.132	 2.431	 3.644	 3.615	 | 3.644 max

train losses     32:	 0.424	0.4025	0.3982	0.4027	0.4809	0.4793	0.4655	0.4532	 0.599	0.5942	 1.139	 1.145	
val losses       32:	0.2543	 0.286	0.3025	0.3114	0.4408	0.4281	0.3553	0.3689	0.5071	 0.489	 1.099	 1.095	 | 0.4948 mean
                     	0.6767	0.7026	0.7666	0.8077	 1.039	 1.029	0.9242	0.9679	 1.256	 1.201	 2.793	 2.729	 | 1.52 quantile
                      	 1.815	 2.312	 2.299	 1.766	 2.749	 2.879	 1.943	 1.965	  2.58	  2.51	 4.326	 4.143	 | 4.326 max

train losses     34:	0.3943	0.4048	0.3938	0.3969	0.4788	0.4846	0.4505	0.4434	0.5757	0.5763	 1.033	 1.035	
val losses       34:	 0.265	0.2659	0.2992	0.3126	0.3735	0.3715	0.3531	 0.369	0.4683	0.4642	 1.082	 1.067	 | 0.4743 mean
                     	0.7023	0.7104	0.7616	0.8023	0.9436	0.9527	0.8898	0.9762	 1.211	 1.143	 2.566	 2.528	 | 1.541 quantile
                      	 2.069	 2.601	 2.241	 1.599	 2.492	 2.671	 2.148	 2.054	 2.735	 2.524	 4.326	 4.167	 | 4.326 max

train losses     36:	0.3597	0.3748	0.3879	0.3879	0.4408	0.4413	0.4427	0.4332	0.5579	0.5597	0.9711	0.9754	
val losses       36:	0.2584	0.2498	0.2988	 0.313	0.3716	0.3742	0.3469	0.3646	0.4635	0.4616	   1.1	 1.071	 | 0.4728 mean
                     	0.6983	0.6921	0.7581	0.8011	0.9335	 0.936	0.8932	0.9557	 1.213	 1.116	 2.581	 2.546	 | 1.543 quantile
                      	 1.847	 2.178	 2.304	 1.735	 2.441	 2.815	 1.971	 2.165	 2.555	 2.525	 4.142	 4.065	 | 4.142 max

train losses     38:	0.3421	0.3579	0.3812	  0.38	0.4206	0.4234	0.4324	0.4249	0.5482	0.5481	0.9238	0.9282	
val losses       38:	0.2404	0.2494	0.3001	0.3105	0.3427	0.3432	0.3486	0.3658	0.4759	0.4547	 1.132	 1.093	 | 0.4713 mean
                     	0.6793	0.6885	0.7629	0.8138	0.9124	0.9041	0.8855	0.9587	 1.221	 1.086	 2.609	  2.56	 | 1.602 quantile
                      	  1.92	 2.169	 2.383	 1.657	 2.623	 2.849	 1.955	 1.991	 2.684	 2.247	 4.126	  4.11	 | 4.126 max

train losses     40:	0.3326	0.3447	0.3744	0.3755	 0.412	0.4087	0.4237	0.4181	0.5432	0.5455	0.8982	0.8962	
val losses       40:	0.2356	0.2402	0.2966	0.3056	0.3386	0.3343	0.3464	0.3614	0.4737	0.4566	 1.115	 1.077	 | 0.4651 mean
                     	0.6796	0.6783	0.7546	0.7893	0.8803	0.8737	0.8891	0.9487	 1.228	  1.11	 2.625	 2.534	 | 1.576 quantile
                      	 2.058	  1.96	 2.352	 1.702	 2.524	 2.607	 1.922	 1.982	  2.69	 2.383	 4.278	 4.129	 | 4.278 max

train losses     42:	0.3234	0.3359	  0.37	0.3697	0.3979	0.3975	0.4164	0.4097	0.5384	0.5387	0.8763	0.8748	
val losses       42:	0.2334	0.2355	0.2958	0.3046	0.3388	0.3316	0.3435	0.3598	0.4783	 0.466	 1.123	 1.086	 | 0.4664 mean
                     	0.6727	0.6613	0.7537	0.7876	0.8778	0.8566	0.8784	0.9428	 1.215	  1.11	 2.537	  2.46	 | 1.597 quantile
                      	 2.065	 1.994	 2.304	 1.687	 2.393	 2.496	 2.003	 1.932	 2.752	 2.396	 4.074	 3.813	 | 4.074 max

train losses     44:	0.3205	0.3303	 0.367	0.3656	0.3951	0.3931	0.4112	0.4045	0.5432	0.5451	0.8562	0.8581	
val losses       44:	 0.238	0.2321	0.2957	0.3054	0.3431	0.3334	0.3401	0.3591	0.5006	0.4886	 1.122	 1.092	 | 0.4708 mean
                     	 0.678	0.6573	 0.757	0.7876	0.8637	0.8567	0.8691	 0.938	 1.238	  1.15	 2.501	 2.444	 | 1.598 quantile
                      	 2.173	 1.999	 2.292	 1.688	 2.303	 2.298	  1.89	 1.926	 2.641	 2.315	 3.966	 3.878	 | 3.966 max

train losses     46:	0.3168	0.3273	0.3635	0.3635	0.3916	0.3878	0.4053	0.3995	0.5644	0.5664	0.8434	0.8435	
val losses       46:	0.2289	0.2254	0.2946	 0.304	0.3322	0.3255	0.3386	0.3578	0.5526	0.5335	 1.127	 1.101	 | 0.4768 mean
                     	0.6512	0.6332	0.7558	0.7859	 0.834	0.8366	0.8522	0.9353	  1.33	 1.266	 2.501	 2.435	 | 1.618 quantile
                      	 2.091	 1.837	 2.236	 1.695	 2.252	 2.245	 1.856	 1.919	 2.938	 2.419	 3.763	 3.678	 | 3.763 max

train losses     48:	0.3142	0.3251	0.3628	0.3607	0.3908	0.3893	0.4043	0.3967	0.6159	0.6208	0.8313	0.8346	
val losses       48:	0.2233	0.2284	0.2938	0.3034	0.3268	0.3212	0.3406	0.3599	0.5746	0.5606	 1.183	 1.158	 | 0.4895 mean
                     	0.6336	0.6265	0.7448	 0.786	0.8214	0.8358	0.8704	 0.948	 1.375	 1.318	 2.579	 2.542	 | 1.669 quantile
                      	 1.976	 1.925	 2.222	   1.7	 2.266	 2.202	 1.893	 1.947	 3.121	 2.507	 3.622	 3.425	 | 3.622 max

train losses     50:	0.3208	0.3362	0.3648	0.3627	0.4069	0.4007	0.4044	0.3969	0.7019	0.7071	0.8407	0.8413	
val losses       50:	0.2217	0.2244	0.2932	0.3041	0.3209	0.3078	0.3406	0.3603	 0.467	0.4601	 1.192	 1.174	 | 0.4721 mean
                     	0.6179	 0.612	0.7444	0.7881	0.8186	0.8178	0.8504	 0.953	 1.245	 1.142	 2.609	 2.576	 | 1.648 quantile
                      	 2.021	 1.803	 2.269	 1.657	 2.138	 2.157	  2.03	 2.135	 2.736	 2.249	 3.651	  3.56	 | 3.651 max

train losses     52:	0.3476	0.3814	0.3726	0.3706	 0.433	0.4294	0.4214	0.4122	0.8321	0.8031	0.9095	0.9003	
val losses       52:	0.2213	0.2507	0.3027	 0.307	0.3309	0.3222	0.3491	0.3725	0.5215	0.5363	 1.227	  1.19	 | 0.4943 mean
                     	0.6049	 0.647	0.7662	0.7905	0.8614	 0.823	0.8787	0.9761	 1.301	 1.318	 2.754	 2.639	 | 1.694 quantile
                      	 1.881	 2.104	  2.25	 1.787	 2.017	 1.993	 2.112	 2.069	 2.617	 2.285	 3.964	 3.832	 | 3.964 max

train losses     54:	0.3699	0.3873	0.3768	0.3797	 0.461	0.4838	0.4335	0.4234	0.7236	0.7049	 1.019	 1.051	
val losses       54:	0.2416	0.2881	0.3098	0.3103	0.4517	0.4646	0.3863	0.3933	0.6035	0.6208	 1.716	 1.633	 | 0.6182 mean
                     	0.6225	0.7262	0.7637	0.7893	 1.049	 1.073	0.9707	 1.029	 1.471	 1.453	 3.729	 3.583	 | 2.262 quantile
                      	 1.709	 2.197	 2.215	 1.641	 2.477	 2.478	 1.744	 1.968	 2.419	 2.346	 5.542	  5.05	 | 5.542 max

train losses     56:	0.4264	0.4337	0.3997	0.4002	0.5306	 0.528	0.4665	0.4481	0.8392	0.8296	 1.513	 1.537	
val losses       56:	0.4858	0.5059	0.3134	0.3175	0.6555	0.6802	0.3584	0.3768	0.5182	0.5563	 1.297	  1.23	 | 0.608 mean
                     	 1.017	 1.088	0.7938	0.8045	 1.339	 1.347	0.9428	 1.009	  1.32	 1.362	  2.85	 2.744	 | 1.767 quantile
                      	 2.123	   2.1	  2.13	 1.708	 2.242	 2.124	 2.065	 1.959	 2.577	 2.731	 3.713	 3.918	 | 3.918 max

train losses     58:	0.4787	 0.519	0.4265	0.4167	0.5617	0.5701	 0.478	0.4659	0.7372	0.7936	 1.234	  1.22	
val losses       58:	0.3695	0.4353	0.3128	 0.325	0.5562	 0.585	0.3874	0.3907	0.7235	0.6297	 1.261	  1.26	 | 0.603 mean
                     	0.9586	 1.002	0.7763	0.8288	 1.282	 1.329	0.9963	 1.023	 1.994	 1.698	 3.261	 3.209	 | 1.839 quantile
                      	 2.535	 2.778	 2.151	 1.936	 2.528	 2.791	 1.935	 2.287	 3.796	 3.865	 4.743	 4.794	 | 4.794 max

train losses     60:	 0.457	0.4525	0.4021	0.4075	0.5156	0.5153	0.4652	0.4548	0.7092	0.7076	 1.203	 1.189	
val losses       60:	0.3573	 0.297	0.3079	0.3196	 0.354	0.3705	0.3608	0.3968	0.5058	0.4693	 1.095	 1.076	 | 0.4925 mean
                     	0.8255	0.7468	0.7826	0.8141	 0.932	0.9537	0.9043	 1.003	  1.29	 1.181	 2.744	 2.685	 | 1.503 quantile
                      	 1.931	 2.191	   2.3	 1.821	 1.932	 2.131	 2.207	 2.172	 2.196	 1.975	 3.803	 3.831	 | 3.831 max

train losses     62:	0.3911	0.4142	0.3785	0.3787	0.4557	0.4635	0.4458	 0.434	0.6371	0.6468	 1.111	 1.094	
val losses       62:	0.2615	0.2674	0.3038	0.3158	0.3496	0.3805	 0.353	0.3721	0.5012	0.4836	  1.06	 1.059	 | 0.4757 mean
                     	 0.692	0.6937	0.7767	0.8192	0.8917	0.9651	0.8751	0.9667	 1.252	 1.229	 2.695	 2.612	 | 1.487 quantile
                      	 2.002	 2.147	 2.286	 1.718	 2.078	 2.098	 2.228	 2.065	 2.268	  2.24	 4.044	 3.921	 | 4.044 max

train losses     64:	0.3778	0.3937	0.3727	0.3701	0.4423	0.4441	 0.433	0.4193	 0.607	0.6145	 1.032	 1.025	
val losses       64:	0.2585	0.2581	0.3033	 0.312	 0.371	0.3843	0.3538	0.3681	0.5136	0.4841	 1.112	 1.108	 | 0.4856 mean
                     	0.6838	0.6682	0.7721	0.8101	0.9267	0.9432	0.9033	  0.96	 1.253	  1.23	 2.728	 2.624	 | 1.519 quantile
                      	 1.901	 2.077	 2.274	 1.652	 1.819	 2.477	  2.13	 1.962	 2.431	 2.378	 4.342	 4.234	 | 4.342 max

train losses     66:	0.3582	 0.373	0.3649	0.3627	0.4199	0.4227	0.4179	0.4074	0.5791	0.5896	0.9506	0.9489	
val losses       66:	 0.253	0.2387	0.3001	0.3072	0.3317	0.3377	0.3507	0.3619	0.5206	0.4961	 1.131	   1.1	 | 0.4774 mean
                     	0.6863	 0.642	0.7663	0.7964	0.8665	0.8544	0.8821	0.9609	 1.273	 1.251	 3.067	  2.89	 | 1.508 quantile
                      	  1.72	 2.088	 2.338	 1.641	 1.961	 2.071	 1.917	 1.874	 2.373	 2.406	 4.812	 4.689	 | 4.812 max

train losses     68:	0.3385	0.3542	0.3589	0.3556	0.4032	0.4045	0.4082	0.3982	0.5537	0.5651	0.8875	0.8927	
val losses       68:	0.2431	0.2412	0.2993	 0.306	 0.332	0.3273	0.3454	0.3606	0.4954	0.4856	 1.114	 1.104	 | 0.4712 mean
                     	0.6779	0.6414	0.7657	0.7877	0.8698	0.8325	0.8723	0.9443	 1.229	 1.227	 2.835	 2.722	 | 1.54 quantile
                      	 1.667	 2.104	 2.364	 1.638	 1.831	 1.941	 1.898	 1.998	 2.545	 2.362	 4.517	 4.346	 | 4.517 max

train losses     70:	0.3275	0.3416	0.3552	 0.352	0.3927	0.3924	0.4009	0.3916	0.5307	0.5444	0.8446	0.8456	
val losses       70:	0.2346	0.2268	0.2957	0.3041	0.3208	0.3099	0.3459	0.3591	0.4811	0.4669	 1.125	 1.114	 | 0.4653 mean
                     	0.6481	0.6186	0.7535	0.7861	0.8381	0.8149	0.8678	0.9454	 1.209	 1.174	 2.767	 2.689	 | 1.557 quantile
                      	 1.796	 2.024	 2.306	  1.65	 1.885	 1.797	 1.907	  1.94	 2.561	 2.179	 4.491	 4.294	 | 4.491 max

train losses     72:	0.3203	0.3343	0.3508	0.3484	0.3842	0.3839	0.3923	0.3842	0.5148	0.5302	0.8058	0.8074	
val losses       72:	 0.233	0.2268	0.2941	0.3032	0.3196	0.3129	0.3397	0.3558	0.4759	0.4612	 1.133	 1.113	 | 0.464 mean
                     	0.6534	0.6183	0.7476	0.7808	0.8276	0.8138	0.8563	0.9322	 1.181	 1.136	 2.916	 2.763	 | 1.516 quantile
                      	 1.879	 1.994	 2.273	 1.693	 1.871	 1.894	 1.819	 1.959	 2.492	  2.07	 4.669	 4.473	 | 4.669 max

train losses     74:	0.3144	0.3267	0.3489	0.3454	0.3767	0.3769	0.3864	0.3785	0.5121	0.5199	0.7803	0.7808	
val losses       74:	 0.226	0.2216	0.2929	0.3025	0.3148	0.3038	0.3396	0.3538	0.4589	0.4479	 1.121	 1.107	 | 0.4575 mean
                     	0.6275	0.6132	0.7397	0.7766	0.8223	0.8003	0.8586	0.9308	 1.161	 1.104	 2.665	 2.582	 | 1.529 quantile
                      	  1.93	 1.954	 2.284	 1.656	 1.954	 1.891	 1.875	 1.923	 2.393	 2.086	 4.279	 4.105	 | 4.279 max

train losses     76:	0.3071	0.3203	0.3464	0.3422	0.3703	0.3716	0.3808	0.3715	0.5028	0.5127	0.7603	0.7623	
val losses       76:	0.2256	0.2219	0.2927	0.3022	0.3118	0.2995	0.3379	0.3535	0.4608	0.4452	 1.117	 1.101	 | 0.4558 mean
                     	0.6328	0.6088	0.7384	0.7798	0.8128	0.7877	0.8515	 0.928	 1.166	 1.092	 2.674	 2.557	 | 1.519 quantile
                      	 1.962	 1.996	 2.309	 1.676	 1.963	 1.885	   1.9	 1.965	 2.509	 2.023	 4.305	 4.115	 | 4.305 max

train losses     78:	0.3047	0.3143	0.3442	0.3401	0.3638	0.3657	0.3769	0.3684	   0.5	0.5076	0.7406	0.7398	
val losses       78:	0.2225	0.2153	0.2922	0.3011	 0.309	0.2978	0.3348	0.3514	0.4612	0.4465	 1.116	 1.101	 | 0.454 mean
                     	 0.623	 0.593	0.7391	0.7778	0.8004	0.7838	0.8438	0.9231	 1.178	 1.093	 2.672	 2.564	 | 1.522 quantile
                      	 1.835	 1.896	  2.32	 1.672	 1.962	 1.822	 1.805	 1.921	  2.39	 2.041	 4.282	 4.074	 | 4.282 max

train losses     80:	0.3003	0.3117	0.3422	0.3381	0.3595	0.3626	0.3743	0.3669	0.4944	0.5008	0.7242	 0.723	
val losses       80:	0.2213	 0.215	0.2918	0.3009	0.3076	0.2945	0.3345	0.3502	0.4597	0.4437	 1.117	 1.102	 | 0.4532 mean
                     	0.6169	0.5919	0.7395	0.7747	0.7896	0.7688	0.8435	0.9191	 1.174	 1.093	 2.618	 2.526	 | 1.531 quantile
                      	 1.912	 1.901	 2.294	 1.688	 1.867	 1.791	 1.864	 1.933	 2.253	  2.11	 4.235	 4.082	 | 4.235 max

train losses     82:	0.2976	0.3085	0.3406	0.3362	0.3576	0.3562	0.3707	0.3635	0.4909	0.4984	0.7101	0.7086	
val losses       82:	0.2204	0.2115	0.2912	0.3005	0.3047	0.2915	0.3338	0.3501	0.4637	0.4479	 1.117	 1.101	 | 0.4528 mean
                     	0.6234	0.5798	0.7415	0.7762	0.7817	0.7603	 0.839	0.9201	 1.172	 1.094	 2.615	 2.514	 | 1.534 quantile
                      	 1.807	 1.883	 2.301	 1.646	 1.841	 1.749	 1.956	 1.893	 2.343	 1.874	  4.25	 4.037	 | 4.25 max

train losses     84:	0.2936	0.3057	0.3385	0.3341	0.3518	0.3554	0.3684	0.3594	0.4861	0.4942	0.6968	0.6949	
val losses       84:	0.2188	0.2113	0.2912	0.3004	0.3021	0.2894	0.3329	0.3496	0.4627	0.4487	 1.113	   1.1	 | 0.4517 mean
                     	0.6284	0.5777	0.7377	0.7753	0.7631	0.7578	0.8364	0.9271	  1.18	 1.109	 2.617	 2.511	 | 1.53 quantile
                      	 1.794	 1.915	 2.299	 1.639	  1.81	 1.761	 1.902	 1.896	 2.358	  1.89	 4.223	 4.012	 | 4.223 max

train losses     86:	0.2916	0.3031	0.3378	0.3328	0.3511	0.3504	0.3654	0.3571	0.4832	0.4918	0.6857	0.6827	
val losses       86:	0.2158	0.2105	0.2908	0.3002	0.2997	0.2863	0.3323	0.3492	0.4616	0.4468	  1.11	 1.099	 | 0.4502 mean
                     	0.6104	0.5765	0.7367	0.7758	0.7611	0.7405	0.8316	0.9224	 1.185	 1.091	 2.557	 2.491	 | 1.537 quantile
                      	 1.868	 1.901	 2.276	 1.674	 1.753	 1.749	 1.821	 1.922	 2.359	 1.933	 4.093	 4.005	 | 4.093 max

train losses     88:	0.2897	0.2997	0.3365	 0.331	0.3454	0.3464	0.3629	 0.355	0.4794	0.4886	0.6718	0.6714	
val losses       88:	0.2134	0.2081	0.2907	0.3001	0.2984	0.2863	0.3318	0.3491	0.4612	0.4455	 1.106	 1.094	 | 0.4487 mean
                     	0.6044	0.5725	0.7363	0.7703	 0.757	0.7393	0.8245	0.9196	 1.183	 1.101	 2.589	  2.51	 | 1.517 quantile
                      	 1.774	 1.916	 2.254	 1.669	 1.733	 1.735	 1.788	 1.904	 2.318	 1.932	 4.217	 4.032	 | 4.217 max

train losses     90:	0.2886	0.2985	0.3356	0.3303	0.3434	0.3445	0.3613	0.3529	0.4769	0.4858	0.6592	0.6595	
val losses       90:	0.2137	0.2082	0.2903	0.2999	0.2966	0.2842	0.3309	0.3486	0.4583	0.4441	 1.105	 1.093	 | 0.4478 mean
                     	 0.603	0.5663	0.7346	0.7735	  0.76	0.7357	0.8213	0.9205	 1.177	 1.087	 2.561	 2.504	 | 1.516 quantile
                      	 1.959	 1.863	 2.242	 1.659	 1.767	 1.762	 1.761	 1.877	 2.308	  1.86	 4.241	 4.084	 | 4.241 max

train losses     92:	0.2869	0.2953	0.3341	0.3283	0.3405	0.3413	 0.358	0.3499	0.4745	0.4831	0.6523	0.6529	
val losses       92:	0.2132	0.2071	0.2897	0.3001	0.2927	0.2809	0.3306	0.3482	0.4566	 0.443	 1.101	  1.09	 | 0.4461 mean
                     	0.6002	0.5633	 0.731	0.7745	0.7442	0.7292	 0.815	0.9218	 1.171	 1.091	 2.569	 2.508	 | 1.505 quantile
                      	 1.895	 1.843	  2.24	 1.703	 1.777	  1.67	  1.78	 1.928	 2.025	 1.864	  4.34	 4.154	 | 4.34 max

train losses     94:	0.2839	0.2934	0.3322	0.3265	0.3371	0.3393	0.3561	0.3486	0.4748	0.4803	0.6409	0.6407	
val losses       94:	0.2123	0.2067	0.2895	0.2993	0.2919	 0.278	0.3301	0.3483	0.4581	0.4435	   1.1	 1.089	 | 0.4455 mean
                     	0.6051	0.5708	0.7298	0.7736	0.7392	0.7299	0.8217	0.9277	 1.178	 1.092	 2.569	 2.494	 | 1.506 quantile
                      	 1.906	 1.954	 2.222	 1.705	 1.706	 1.714	 1.792	 1.875	 2.049	 1.881	 4.262	 4.059	 | 4.262 max

train losses     96:	0.2824	0.2913	0.3321	0.3256	0.3355	0.3351	0.3541	0.3468	0.4681	0.4747	0.6318	0.6318	
val losses       96:	0.2092	0.2055	0.2897	0.2993	0.2907	0.2758	0.3285	0.3471	0.4567	  0.44	 1.101	 1.088	 | 0.4443 mean
                     	0.5903	0.5692	0.7324	 0.772	0.7344	0.7227	0.8186	0.9245	 1.181	 1.084	 2.549	 2.496	 | 1.497 quantile
                      	 1.917	 1.952	 2.217	 1.678	 1.665	 1.765	  1.76	  1.86	 2.064	 1.867	   4.3	 4.124	 | 4.3 max

train losses     98:	 0.281	0.2891	0.3296	 0.323	0.3337	0.3332	0.3518	0.3455	0.4658	0.4754	0.6248	0.6229	
val losses       98:	0.2082	0.2033	0.2892	0.2988	 0.289	0.2777	0.3283	0.3468	0.4593	 0.443	 1.098	 1.087	 | 0.444 mean
                     	0.5871	0.5517	0.7285	0.7686	0.7263	 0.712	0.8139	0.9195	 1.181	 1.095	 2.531	 2.493	 | 1.498 quantile
                      	  1.81	 1.956	 2.234	 1.663	 1.627	 1.723	  1.77	 1.895	 2.056	 1.818	 4.231	 4.069	 | 4.231 max

train losses    100:	0.2792	0.2871	 0.329	0.3228	0.3305	0.3313	0.3497	0.3429	0.4626	0.4712	0.6189	0.6181	
val losses      100:	 0.207	0.2029	0.2893	 0.299	0.2845	0.2744	0.3285	0.3465	0.4582	0.4426	  1.09	  1.08	 | 0.4419 mean
                     	0.5794	0.5563	0.7282	0.7674	0.7188	0.6978	0.8116	0.9207	 1.177	 1.103	 2.533	 2.477	 | 1.486 quantile
                      	  1.77	 1.939	 2.251	 1.696	 1.708	 1.711	 1.794	 1.907	 2.013	  1.99	 4.308	 4.134	 | 4.308 max

train losses    102:	0.2778	0.2861	0.3277	0.3216	0.3284	0.3288	0.3476	0.3412	0.4625	0.4715	0.6075	0.6073	
val losses      102:	0.2073	0.2031	0.2886	0.2987	0.2849	0.2723	0.3277	0.3461	0.4596	0.4436	 1.088	  1.08	 | 0.4416 mean
                     	0.5762	0.5497	0.7352	0.7729	0.7158	0.7056	0.8192	0.9264	 1.174	 1.094	 2.539	 2.484	 | 1.49 quantile
                      	 1.817	  1.93	 2.247	 1.712	 1.677	 1.678	 1.794	 1.842	 1.976	 1.842	 4.306	 4.152	 | 4.306 max

train losses    104:	0.2756	0.2844	0.3271	0.3208	0.3266	0.3265	0.3453	0.3391	0.4602	0.4668	0.6011	0.6003	
val losses      104:	 0.207	0.2009	0.2888	0.2983	 0.282	0.2716	0.3282	0.3459	0.4566	0.4417	 1.084	 1.076	 | 0.4401 mean
                     	0.5755	0.5481	0.7337	0.7724	0.7117	 0.697	0.8156	0.9252	 1.174	 1.097	 2.522	 2.458	 | 1.483 quantile
                      	 1.866	 1.971	 2.244	 1.692	 1.704	 1.632	 1.751	 1.883	 2.046	 1.803	 4.243	 4.051	 | 4.243 max

train losses    106:	0.2752	 0.283	 0.326	0.3188	0.3243	0.3251	0.3441	0.3373	0.4596	0.4666	0.5973	0.5963	
val losses      106:	0.2075	0.2004	0.2884	0.2981	0.2806	0.2694	0.3276	0.3459	0.4554	  0.44	 1.081	 1.072	 | 0.4388 mean
                     	0.5853	0.5508	0.7287	  0.77	0.7122	0.6967	0.8168	0.9161	 1.185	 1.085	 2.509	 2.459	 | 1.471 quantile
                      	 1.891	 1.951	 2.237	 1.724	 1.684	 1.635	 1.809	 1.906	 1.984	 1.858	 4.085	 3.898	 | 4.085 max

train losses    108:	0.2731	0.2801	0.3249	0.3181	 0.322	0.3237	0.3416	0.3353	0.4584	0.4645	  0.59	0.5869	
val losses      108:	0.2051	0.2004	0.2879	0.2977	0.2783	0.2681	0.3256	0.3444	0.4531	0.4387	  1.08	 1.073	 | 0.4376 mean
                     	0.5773	0.5451	0.7253	0.7671	0.6976	 0.699	0.8124	0.9105	 1.176	 1.087	 2.495	 2.457	 | 1.481 quantile
                      	 1.845	 2.011	 2.242	 1.692	 1.663	 1.624	 1.763	 1.903	 1.934	 1.945	 4.169	 4.025	 | 4.169 max

train losses    110:	0.2725	0.2799	0.3236	0.3173	 0.322	0.3213	0.3413	0.3345	0.4536	0.4592	0.5832	0.5827	
val losses      110:	0.2051	0.1959	0.2883	0.2974	0.2781	0.2701	0.3266	0.3444	0.4525	0.4398	 1.073	 1.058	 | 0.4357 mean
                     	0.5709	  0.53	0.7313	0.7682	0.7015	0.6907	0.8088	 0.905	 1.172	 1.092	 2.532	 2.464	 | 1.438 quantile
                      	 1.802	 1.967	 2.243	 1.718	 1.656	 1.584	 1.774	 1.903	 1.991	 1.825	 4.059	 3.956	 | 4.059 max

train losses    112:	0.2732	0.2788	0.3223	0.3154	0.3204	0.3211	0.3393	0.3325	 0.452	0.4576	0.5853	0.5844	
val losses      112:	0.2035	0.1985	0.2882	0.2983	0.2755	0.2658	0.3269	0.3448	0.4581	0.4408	 1.116	  1.11	 | 0.4438 mean
                     	0.5603	0.5392	0.7307	0.7701	0.6892	0.6798	0.8226	0.9244	 1.175	 1.064	 2.557	 2.509	 | 1.551 quantile
                      	 1.829	 2.018	 2.233	 1.712	 1.716	 1.614	  1.78	 1.884	 2.109	 1.849	 4.319	 4.165	 | 4.319 max

train losses    114:	0.2718	0.2776	 0.322	0.3149	0.3181	0.3179	0.3383	0.3315	0.4571	0.4612	0.6089	0.6085	
val losses      114:	0.2082	0.1962	0.2879	0.2975	0.2792	 0.263	 0.328	0.3459	0.4633	0.4478	 1.086	 1.068	 | 0.4392 mean
                     	 0.586	0.5313	0.7259	0.7638	0.7057	0.6825	0.8146	0.9139	 1.207	 1.124	 2.605	 2.521	 | 1.441 quantile
                      	 1.844	 2.029	  2.23	 1.703	 1.689	 1.633	 1.782	  1.88	 2.104	 1.843	 4.092	 3.994	 | 4.092 max

train losses    116:	0.2711	 0.277	 0.322	0.3138	0.3168	0.3167	0.3377	 0.331	0.4624	0.4676	0.6769	0.6745	
val losses      116:	0.2038	0.1973	0.2873	0.2974	0.2735	0.2626	0.3256	0.3442	0.4514	0.4339	 1.077	 1.075	 | 0.4358 mean
                     	 0.573	0.5396	 0.728	0.7684	0.6853	  0.68	0.8029	0.9137	 1.169	 1.082	 2.488	 2.444	 | 1.498 quantile
                      	 1.651	 2.065	 2.243	 1.712	 1.634	 1.683	 1.743	 1.868	 2.051	 1.903	 3.995	 3.809	 | 3.995 max

train losses    118:	0.2715	0.2778	0.3209	0.3133	0.3192	0.3209	 0.337	0.3313	  0.46	0.4619	0.7137	0.7101	
val losses      118:	0.2063	0.1967	0.2871	0.2974	0.2771	0.2627	0.3245	0.3428	 0.448	0.4363	 1.132	 1.129	 | 0.445 mean
                     	0.5763	0.5398	0.7234	0.7671	0.6996	0.6768	0.8131	 0.916	 1.154	  1.08	 2.639	 2.588	 | 1.565 quantile
                      	 1.761	 1.985	 2.256	 1.668	 1.577	 1.649	 1.749	  1.83	 2.035	 2.027	 4.656	 4.503	 | 4.656 max

train losses    120:	 0.269	0.2764	0.3207	0.3131	0.3126	0.3167	 0.335	0.3294	0.4559	 0.461	0.6227	0.6218	
val losses      120:	0.2071	0.1968	0.2871	0.2963	0.2795	 0.262	0.3263	0.3431	0.4558	0.4441	 1.057	 1.042	 | 0.4331 mean
                     	 0.583	0.5282	0.7233	0.7649	0.7036	0.6765	0.8168	0.9213	 1.188	 1.115	 2.568	 2.497	 | 1.423 quantile
                      	 1.787	  2.03	 2.266	 1.754	 1.587	 1.591	 1.861	 1.821	 1.985	 1.839	 4.166	 4.058	 | 4.166 max

train losses    122:	0.2693	 0.274	0.3187	 0.311	0.3146	0.3161	0.3329	0.3267	0.4595	0.4592	0.5975	0.6008	
val losses      122:	0.2017	0.1965	0.2879	0.2973	0.2713	0.2612	0.3246	0.3438	0.4574	0.4405	 1.073	 1.061	 | 0.4347 mean
                     	 0.563	0.5192	0.7308	0.7699	0.6812	0.6757	0.8184	0.9204	 1.172	 1.094	 2.522	 2.454	 | 1.434 quantile
                      	 1.697	  2.03	 2.265	 1.708	 1.687	 1.728	 1.777	 1.896	 1.972	 1.939	  4.34	 4.234	 | 4.34 max

train losses    124:	0.2678	 0.278	0.3182	0.3105	0.3124	0.3142	0.3304	 0.325	0.4544	0.4571	0.5697	0.5689	
val losses      124:	 0.206	0.1974	0.2871	0.2968	 0.273	0.2606	0.3263	0.3453	 0.457	0.4443	 1.071	  1.06	 | 0.4354 mean
                     	0.5766	0.5331	 0.724	0.7656	0.6878	0.6739	0.8108	0.9136	 1.171	 1.098	 2.633	 2.542	 | 1.419 quantile
                      	 1.759	 2.012	  2.24	 1.706	 1.548	 1.506	 1.735	  1.91	  1.98	 1.922	  4.37	 4.217	 | 4.37 max

train losses    126:	0.2664	0.2719	0.3172	0.3094	0.3107	0.3138	0.3294	0.3221	0.4585	0.4592	0.5701	0.5678	
val losses      126:	0.2003	0.1973	0.2865	0.2965	0.2749	0.2648	0.3256	 0.345	0.4576	0.4352	 1.106	 1.096	 | 0.4405 mean
                     	0.5591	0.5398	0.7208	0.7641	0.6818	0.6955	0.8066	0.9195	 1.168	 1.089	 2.768	 2.688	 | 1.467 quantile
                      	 1.739	 2.045	 2.215	 1.722	 1.735	 1.651	 1.763	 1.908	 1.977	 1.995	 4.626	 4.379	 | 4.626 max

train losses    128:	0.2657	0.2731	 0.317	0.3091	0.3124	 0.316	0.3283	0.3224	0.4697	0.4702	0.6045	0.6036	
val losses      128:	0.2073	0.1985	0.2867	0.2966	0.2764	0.2603	0.3247	0.3445	0.4678	0.4556	 1.111	 1.096	 | 0.4438 mean
                     	0.5828	0.5431	0.7247	0.7649	0.6949	0.6736	0.8213	0.9203	 1.192	 1.135	 2.834	 2.726	 | 1.459 quantile
                      	 1.767	 2.044	 2.225	 1.721	 1.612	 1.553	 1.795	  1.89	 2.034	  2.05	  4.51	 4.392	 | 4.51 max

train losses    130:	0.2649	0.2713	0.3164	0.3082	0.3143	0.3134	0.3295	0.3242	0.4922	0.4905	0.6729	0.6702	
val losses      130:	0.2088	0.1966	0.2863	0.2961	0.2839	0.2609	0.3245	0.3427	 0.523	 0.499	  1.22	 1.199	 | 0.4701 mean
                     	0.5854	0.5431	0.7241	0.7651	0.7072	0.6888	0.8089	0.9203	 1.292	 1.222	 3.179	 3.044	 | 1.618 quantile
                      	 1.714	 2.027	 2.249	 1.758	 1.618	 1.451	 1.792	 1.917	 2.211	  2.21	  4.87	 4.702	 | 4.87 max

train losses    132:	0.2689	0.2727	0.3162	0.3076	 0.321	0.3212	0.3279	0.3214	  0.54	0.5319	0.7532	0.7531	
val losses      132:	0.2112	0.1945	0.2861	0.2952	0.2841	0.2693	0.3243	0.3407	0.4849	0.4711	 1.154	 1.137	 | 0.4543 mean
                     	0.5925	0.5301	0.7238	0.7629	0.7115	0.6857	0.8008	0.9104	  1.24	 1.154	 2.958	 2.861	 | 1.531 quantile
                      	 1.755	 2.027	 2.226	  1.78	 1.517	 1.579	 1.773	 1.884	 2.148	 2.053	 4.742	 4.593	 | 4.742 max

train losses    134:	0.2694	 0.273	0.3155	0.3071	0.3296	0.3331	0.3266	0.3224	0.5336	0.5297	0.7103	 0.706	
val losses      134:	0.2092	0.2001	0.2866	0.2957	0.2968	0.2866	0.3249	0.3421	0.4626	  0.45	 1.093	 1.088	 | 0.4447 mean
                     	0.5831	0.5414	0.7262	  0.76	0.7338	0.7163	 0.818	0.9105	 1.196	 1.143	 2.512	 2.454	 | 1.487 quantile
                      	 1.822	 1.994	 2.207	 1.733	 1.663	 1.665	 1.735	  1.86	 2.456	 2.389	 3.701	 3.591	 | 3.701 max

train losses    136:	0.2686	0.2733	0.3154	0.3063	0.3269	0.3328	0.3269	0.3217	0.5091	0.5101	0.5988	0.5964	
val losses      136:	0.2127	0.2027	0.2862	0.2953	0.2827	0.2809	0.3267	0.3438	0.4679	 0.456	 1.071	 1.065	 | 0.4409 mean
                     	0.5774	0.5399	0.7235	0.7606	0.7114	0.7072	0.8135	0.9154	 1.224	 1.154	 2.496	 2.428	 | 1.472 quantile
                      	 1.708	 2.006	 2.231	 1.711	 1.743	 1.485	 1.705	 1.909	 2.241	  2.02	 4.131	 3.982	 | 4.131 max

train losses    138:	0.2707	0.2755	0.3144	 0.307	 0.321	0.3271	0.3268	0.3219	0.4922	0.4915	 0.556	0.5562	
val losses      138:	0.2017	 0.203	0.2869	0.2963	0.2762	0.2714	0.3243	0.3424	0.4558	0.4349	 1.062	 1.051	 | 0.4338 mean
                     	0.5583	0.5441	0.7219	0.7618	 0.691	0.7037	0.8033	0.9014	 1.182	 1.109	   2.5	 2.412	 | 1.449 quantile
                      	 1.739	 2.056	 2.238	 1.678	 1.769	 1.581	 1.764	 1.876	 2.088	 2.059	 4.141	 3.972	 | 4.141 max

train losses    140:	0.2661	0.2753	0.3146	 0.306	0.3177	0.3201	 0.326	0.3197	0.4712	0.4732	0.5524	0.5543	
val losses      140:	0.1988	0.1969	0.2858	 0.297	0.2709	0.2603	0.3244	0.3436	0.4516	0.4342	 1.052	 1.047	 | 0.4303 mean
                     	0.5635	0.5353	0.7203	0.7593	0.6786	0.6791	0.8124	0.9145	  1.15	 1.086	 2.457	   2.4	 | 1.441 quantile
                      	 1.762	 2.072	 2.209	 1.711	 1.641	 1.535	 1.784	 1.873	 1.974	 1.894	 3.874	 3.822	 | 3.874 max

train losses    142:	0.2642	0.2713	0.3129	0.3045	0.3092	0.3127	0.3223	 0.317	0.4741	0.4717	0.5365	0.5354	
val losses      142:	0.2015	0.2036	0.2851	0.2955	0.2702	0.2632	0.3248	0.3423	0.4403	0.4296	  1.06	 1.057	 | 0.4311 mean
                     	0.5608	0.5391	 0.722	0.7556	0.6678	0.6869	0.8165	0.9169	 1.152	 1.082	 2.434	 2.376	 | 1.46 quantile
                      	 1.667	  1.99	 2.185	 1.732	 1.538	 1.632	   1.7	 1.793	 1.951	  2.06	 3.838	 3.735	 | 3.838 max

train losses    144:	0.2642	0.2692	0.3114	0.3028	0.3061	0.3093	0.3193	0.3149	0.4773	0.4694	0.5404	0.5396	
val losses      144:	0.2116	0.2041	0.2856	0.2951	0.2707	0.2653	0.3287	0.3456	0.4552	0.4464	 1.062	 1.057	 | 0.4357 mean
                     	 0.584	 0.547	 0.722	0.7564	0.6832	0.6878	0.8213	0.9269	 1.176	 1.145	 2.437	 2.388	 | 1.48 quantile
                      	 1.649	 2.013	 2.204	 1.728	 1.604	 1.583	 1.707	 1.765	  2.25	 2.047	 3.869	 3.701	 | 3.869 max

train losses    146:	0.2621	0.2674	 0.312	0.3026	0.3042	0.3072	0.3191	0.3151	0.4771	0.4728	0.5394	0.5379	
val losses      146:	0.2028	0.1955	0.2854	0.2952	0.2712	0.2667	0.3253	 0.343	0.4506	0.4394	 1.071	 1.066	 | 0.4344 mean
                     	0.5716	0.5351	0.7188	0.7544	0.6746	 0.686	0.8164	 0.908	 1.173	 1.133	 2.435	 2.383	 | 1.495 quantile
                      	 1.619	 2.208	 2.189	 1.722	 1.634	  1.47	 1.727	 1.816	 2.092	 1.939	 3.779	 3.596	 | 3.779 max

train losses    148:	0.2618	 0.264	 0.311	0.3018	0.3065	0.3072	0.3171	0.3125	0.4752	0.4747	0.5469	0.5462	
val losses      148:	0.1965	0.1927	 0.286	0.2958	 0.268	 0.266	0.3234	0.3413	0.4544	0.4475	 1.113	 1.111	 | 0.4414 mean
                     	0.5506	0.5154	 0.722	0.7549	0.6814	0.6887	0.8062	0.9093	 1.163	 1.134	 2.509	 2.452	 | 1.541 quantile
                      	 1.601	 2.172	 2.193	 1.693	  1.53	 1.495	 1.742	  1.83	 2.093	 2.078	  3.67	 3.656	 | 3.67 max

train losses    150:	0.2585	0.2647	0.3099	0.3004	0.3065	0.3068	0.3152	0.3095	0.4651	  0.47	0.5819	0.5812	
val losses      150:	 0.202	 0.197	0.2863	 0.296	0.2652	0.2593	0.3259	0.3434	0.4513	0.4371	 1.125	 1.123	 | 0.4427 mean
                     	0.5507	0.5321	 0.719	0.7552	0.6621	0.6685	0.8235	0.9145	 1.155	 1.092	 2.547	   2.5	 | 1.543 quantile
                      	 1.621	 2.106	   2.2	 1.687	 1.554	 1.575	 1.773	 1.793	 2.011	 1.844	  3.49	 3.543	 | 3.543 max

train losses    152:	  0.26	0.2666	0.3095	0.3002	0.3021	0.3051	0.3153	0.3105	0.4522	0.4577	0.6002	0.6007	
val losses      152:	0.1987	0.1975	0.2858	0.2954	0.2619	0.2543	0.3258	0.3428	0.4565	0.4393	 1.136	 1.134	 | 0.444 mean
                     	0.5478	0.5352	 0.723	0.7551	0.6552	0.6643	0.8116	0.9029	 1.173	 1.112	 2.592	  2.54	 | 1.546 quantile
                      	 1.544	 2.045	 2.197	 1.701	   1.6	 1.603	 1.837	 1.861	 2.001	 2.009	 3.804	 3.762	 | 3.804 max

train losses    154:	  0.26	0.2631	0.3091	0.2994	0.3009	0.3017	0.3132	 0.309	0.4447	0.4482	0.5943	0.5937	
val losses      154:	0.1958	0.1922	0.2862	0.2962	0.2659	0.2567	0.3248	 0.342	0.4617	0.4453	 1.108	 1.105	 | 0.44 mean
                     	0.5358	 0.515	0.7264	0.7556	0.6682	0.6599	0.8191	 0.918	  1.18	 1.119	 2.536	 2.482	 | 1.533 quantile
                      	 1.652	 2.145	 2.212	 1.692	 1.549	 1.582	 1.758	 1.814	 2.027	 1.961	 3.764	 3.621	 | 3.764 max

train losses    156:	0.2557	0.2624	0.3075	0.2983	0.2968	0.3006	0.3112	0.3065	0.4347	0.4388	0.5573	0.5586	
val losses      156:	 0.198	0.1916	0.2855	0.2951	0.2641	0.2554	0.3233	0.3409	0.4583	  0.44	  1.06	 1.053	 | 0.4304 mean
                     	0.5496	0.5179	0.7182	0.7568	0.6616	0.6679	0.8077	 0.911	 1.175	  1.12	 2.496	 2.438	 | 1.473 quantile
                      	  1.63	 2.095	 2.196	 1.734	 1.577	 1.642	 1.737	 1.817	 1.973	 1.899	 4.286	 4.155	 | 4.286 max

train losses    158:	0.2557	0.2595	0.3075	0.2982	 0.296	0.2989	0.3101	0.3055	0.4314	0.4329	0.5389	0.5412	
val losses      158:	0.1949	0.1905	0.2848	0.2955	0.2636	0.2556	0.3215	0.3398	0.4619	0.4422	 1.039	  1.03	 | 0.4266 mean
                     	0.5414	0.5126	0.7152	0.7562	 0.659	0.6672	 0.796	0.9008	 1.181	  1.13	 2.531	 2.464	 | 1.402 quantile
                      	  1.58	 2.119	 2.187	 1.772	 1.613	 1.608	 1.761	 1.843	 1.918	 1.955	 4.096	 3.879	 | 4.096 max

train losses    160:	0.2544	0.2591	0.3065	0.2973	0.2944	0.2979	0.3098	0.3053	0.4269	0.4305	0.5683	0.5675	
val losses      160:	0.1973	0.1896	0.2854	0.2959	0.2676	 0.258	 0.323	0.3415	0.4574	0.4417	 1.083	 1.066	 | 0.4339 mean
                     	0.5502	0.5178	 0.721	0.7579	0.6657	0.6699	0.8064	0.9071	 1.185	 1.099	 2.746	 2.662	 | 1.417 quantile
                      	 1.569	  2.12	 2.205	 1.753	 1.529	 1.619	 1.733	 1.914	 1.986	 1.926	 4.266	 4.198	 | 4.266 max

train losses    162:	0.2545	0.2592	0.3061	0.2961	0.2946	0.2977	 0.308	0.3037	0.4249	0.4293	0.6031	0.5994	
val losses      162:	0.1984	0.1881	 0.285	0.2958	0.2633	0.2527	0.3254	0.3433	0.4561	0.4424	 1.086	 1.068	 | 0.4336 mean
                     	0.5484	0.5063	0.7171	0.7585	0.6571	0.6563	0.8057	0.9086	  1.17	 1.094	 2.715	 2.606	 | 1.426 quantile
                      	 1.596	 2.123	 2.193	 1.746	 1.571	 1.485	 1.758	  1.89	 1.938	 1.899	 4.334	 4.232	 | 4.334 max

train losses    164:	0.2527	0.2571	0.3051	0.2953	0.2927	0.2973	0.3087	0.3037	0.4241	0.4261	0.5841	0.5804	
val losses      164:	0.1942	0.1871	0.2853	0.2951	0.2584	0.2497	0.3254	0.3422	0.4558	0.4414	 1.074	  1.06	 | 0.4307 mean
                     	0.5453	0.5052	0.7197	0.7529	0.6442	 0.662	0.8096	 0.913	  1.15	 1.088	   2.5	 2.436	 | 1.433 quantile
                      	 1.515	 2.085	 2.193	 1.724	 1.566	 1.452	 1.708	 1.882	  1.99	 2.064	 3.914	 3.785	 | 3.914 max

train losses    166:	0.2527	0.2583	0.3038	0.2941	0.2925	0.2961	0.3058	0.3012	0.4307	0.4305	0.5498	0.5481	
val losses      166:	0.1939	0.1881	0.2845	 0.294	0.2576	0.2503	0.3267	0.3434	0.4595	0.4473	 1.091	 1.084	 | 0.435 mean
                     	0.5405	0.5085	0.7164	0.7529	0.6451	0.6538	0.8062	0.9083	 1.163	 1.123	 2.493	  2.43	 | 1.495 quantile
                      	 1.595	 2.083	 2.168	 1.762	 1.635	 1.516	 1.723	 1.827	  2.08	 2.114	 3.636	 3.501	 | 3.636 max

train losses    168:	0.2526	0.2576	0.3035	0.2936	0.2923	0.2956	0.3048	0.3004	0.4354	0.4384	0.5731	0.5741	
val losses      168:	0.1955	0.1908	0.2862	 0.296	0.2579	0.2488	0.3236	0.3416	0.4558	  0.44	 1.088	 1.087	 | 0.4342 mean
                     	0.5438	0.5213	0.7287	0.7596	0.6428	0.6464	0.7999	0.8994	  1.18	 1.104	 2.437	 2.394	 | 1.51 quantile
                      	 1.648	 2.064	 2.169	 1.743	 1.649	 1.613	 1.709	 1.864	  2.06	 1.962	 3.434	 3.377	 | 3.434 max

train losses    170:	0.2513	 0.257	0.3033	0.2935	 0.291	0.2928	0.3027	0.2981	 0.433	0.4395	0.6009	0.5996	
val losses      170:	0.1898	0.1904	0.2864	0.2969	 0.257	0.2479	0.3231	0.3407	0.4646	0.4479	 1.077	 1.076	 | 0.4332 mean
                     	0.5266	0.5152	0.7279	0.7622	 0.645	0.6445	0.8002	0.9015	 1.196	 1.141	 2.445	 2.387	 | 1.52 quantile
                      	 1.491	 2.046	 2.191	 1.731	 1.541	 1.496	 1.753	  1.83	 2.078	 2.086	 3.768	  3.64	 | 3.768 max

train losses    172:	 0.252	0.2561	 0.303	0.2929	0.2909	0.2914	0.3015	0.2967	0.4249	0.4294	  0.58	0.5794	
val losses      172:	0.1915	0.1886	0.2838	0.2944	0.2588	0.2512	0.3229	0.3393	 0.471	0.4548	 1.089	 1.082	 | 0.4356 mean
                     	 0.525	 0.501	0.7201	0.7531	0.6507	0.6428	0.7892	0.9032	 1.205	 1.146	 2.576	 2.502	 | 1.512 quantile
                      	 1.603	 2.076	 2.193	 1.752	 1.459	  1.54	 1.783	 1.881	 1.957	 1.972	 4.647	 4.477	 | 4.647 max

train losses    174:	0.2517	0.2555	 0.302	0.2918	0.2913	0.2922	0.2997	0.2963	0.4288	0.4338	0.5492	0.5488	
val losses      174:	0.1917	0.1858	0.2842	0.2941	0.2634	0.2555	0.3218	 0.339	0.4903	0.4773	 1.091	 1.085	 | 0.4399 mean
                     	0.5327	0.5016	0.7195	0.7557	0.6566	0.6576	0.7949	0.8962	 1.239	 1.186	 2.584	 2.521	 | 1.511 quantile
                      	 1.521	 2.155	 2.175	 1.749	 1.485	 1.647	 1.838	 1.875	 2.018	 1.864	 4.455	 4.275	 | 4.455 max

train losses    176:	0.2505	0.2543	0.3025	0.2915	0.2942	 0.297	0.2995	 0.295	0.4393	0.4458	0.5202	0.5189	
val losses      176:	0.1925	 0.189	0.2843	0.2949	0.2679	0.2636	0.3224	0.3398	0.4939	0.4787	 1.072	 1.069	 | 0.4389 mean
                     	 0.535	0.5076	0.7237	0.7537	0.6548	0.6655	0.7926	0.8941	 1.227	 1.165	 2.528	 2.447	 | 1.492 quantile
                      	 1.558	 2.146	  2.19	 1.736	 1.579	 1.618	 1.876	 1.861	 2.056	 1.927	 4.321	  4.15	 | 4.321 max

train losses    178:	0.2488	0.2529	0.3007	0.2908	0.2949	0.2949	   0.3	0.2963	0.4382	0.4423	0.4939	0.4919	
val losses      178:	0.1903	0.1883	0.2846	0.2954	0.2612	0.2571	0.3213	0.3395	0.4785	0.4664	 1.044	 1.039	 | 0.4305 mean
                     	0.5245	0.5111	0.7196	0.7564	0.6517	0.6455	0.7935	0.8992	   1.2	 1.115	 2.437	 2.374	 | 1.45 quantile
                      	 1.512	 2.002	 2.169	 1.708	 1.671	  1.56	 1.785	 1.831	  1.96	 1.985	 3.981	 3.844	 | 3.981 max

train losses    180:	0.2501	0.2519	0.2995	0.2898	0.2927	0.2934	0.2984	0.2943	0.4255	0.4291	 0.476	0.4755	
val losses      180:	0.1885	0.1889	0.2849	0.2953	0.2613	0.2576	0.3218	0.3397	0.4649	0.4514	 1.032	 1.027	 | 0.4261 mean
                     	0.5274	0.5144	0.7211	0.7568	0.6446	0.6516	0.8028	0.9001	 1.173	 1.092	 2.393	 2.327	 | 1.429 quantile
                      	 1.543	   2.1	 2.157	 1.722	 1.648	 1.559	 1.741	 1.763	 1.976	 1.922	 3.711	 3.589	 | 3.711 max

train losses    182:	0.2483	 0.252	0.2995	0.2881	0.2876	0.2916	0.2962	0.2925	0.4173	 0.422	0.4705	0.4699	
val losses      182:	0.1902	0.1872	 0.285	0.2942	0.2575	0.2539	0.3227	0.3389	0.4644	0.4505	 1.028	 1.023	 | 0.4246 mean
                     	0.5289	0.5085	0.7205	0.7499	0.6373	0.6549	0.8046	0.9065	  1.17	 1.111	 2.385	 2.325	 | 1.418 quantile
                      	 1.524	 2.151	 2.143	 1.723	 1.578	 1.475	 1.765	 1.779	 1.982	  2.02	  3.79	 3.651	 | 3.79 max

train losses    184:	0.2472	0.2512	0.2981	0.2884	0.2876	0.2892	0.2949	 0.292	0.4126	0.4148	0.4662	0.4655	
val losses      184:	 0.191	0.1877	 0.284	0.2939	0.2514	0.2465	0.3223	 0.339	0.4597	0.4405	 1.039	 1.033	 | 0.424 mean
                     	0.5309	0.5102	0.7197	0.7543	0.6207	0.6433	   0.8	0.9002	  1.17	 1.115	  2.39	 2.327	 | 1.435 quantile
                      	 1.609	  2.07	 2.158	 1.721	 1.635	 1.416	 1.773	 1.829	 1.883	 1.988	 3.724	 3.601	 | 3.724 max

train losses    186:	0.2463	0.2504	0.2975	0.2872	 0.286	0.2883	0.2925	0.2884	0.4111	0.4144	0.4692	0.4678	
val losses      186:	0.1873	0.1832	0.2844	0.2945	0.2526	0.2442	0.3227	0.3408	0.4556	0.4377	 1.034	  1.03	 | 0.4222 mean
                     	0.5145	0.4975	0.7201	0.7553	0.6259	0.6358	0.8004	0.9009	 1.162	 1.094	 2.397	 2.315	 | 1.424 quantile
                      	  1.56	 2.031	  2.16	 1.737	 1.598	 1.537	 1.768	 1.835	 1.994	 1.991	 3.871	 3.741	 | 3.871 max

train losses    188:	0.2455	0.2509	0.2969	0.2866	0.2851	0.2865	 0.292	0.2887	0.4098	0.4126	0.4658	0.4644	
val losses      188:	0.1867	 0.184	0.2842	 0.294	0.2543	0.2472	0.3227	0.3406	0.4668	0.4527	 1.032	 1.028	 | 0.4244 mean
                     	 0.518	0.4957	0.7213	0.7525	0.6363	0.6358	0.8035	0.9038	 1.178	 1.128	 2.368	 2.306	 | 1.428 quantile
                      	 1.471	 2.108	 2.192	 1.722	 1.538	 1.535	 1.797	 1.916	 1.944	 1.871	 3.734	 3.613	 | 3.734 max

train losses    190:	0.2461	0.2497	0.2968	0.2868	0.2857	0.2868	0.2912	0.2876	0.4133	0.4144	0.4652	0.4645	
val losses      190:	0.1865	0.1842	0.2845	0.2944	0.2513	0.2447	 0.323	0.3398	0.4755	0.4585	 1.036	 1.033	 | 0.426 mean
                     	0.5168	0.4986	0.7164	0.7545	 0.629	0.6334	0.7998	0.8975	 1.191	 1.125	 2.367	  2.32	 | 1.443 quantile
                      	 1.534	 2.085	 2.162	  1.75	 1.509	 1.512	 1.756	 1.822	 1.959	 1.912	  3.68	 3.551	 | 3.68 max

train losses    192:	0.2447	0.2486	0.2958	0.2851	0.2853	0.2864	0.2901	0.2874	0.4193	0.4184	0.4656	0.4653	
val losses      192:	0.1859	0.1851	0.2844	0.2948	0.2598	0.2533	0.3221	0.3397	0.4836	 0.465	 1.026	 1.022	 | 0.4268 mean
                     	0.5163	0.5007	0.7177	0.7508	0.6452	0.6461	0.8044	0.8957	 1.215	 1.131	 2.377	 2.316	 | 1.422 quantile
                      	 1.419	  2.02	 2.159	 1.711	 1.562	 1.669	 1.786	 1.836	 1.943	 1.917	 3.864	 3.682	 | 3.864 max

train losses    194:	 0.245	0.2486	0.2951	0.2851	0.2891	0.2898	0.2909	0.2868	0.4261	0.4318	0.4611	0.4609	
val losses      194:	0.1839	0.1822	0.2846	0.2945	 0.266	0.2597	0.3229	0.3398	0.5172	0.5036	 1.036	 1.034	 | 0.4354 mean
                     	0.5053	0.4918	0.7195	 0.756	0.6517	0.6482	0.8069	0.8957	 1.261	 1.196	 2.341	 2.287	 | 1.457 quantile
                      	 1.483	  2.05	 2.137	 1.737	 1.458	  1.61	 1.768	  1.77	 2.086	 2.058	 3.752	 3.622	 | 3.752 max

train losses    196:	0.2449	0.2475	0.2951	 0.285	 0.293	0.2962	0.2899	0.2867	0.4537	0.4547	0.4757	0.4769	
val losses      196:	 0.185	0.1853	0.2844	0.2944	0.2759	0.2721	0.3248	0.3422	0.5498	0.5441	 1.043	 1.041	 | 0.4452 mean
                     	0.5147	0.4938	0.7172	  0.75	0.6721	0.6695	0.8045	0.8963	 1.311	 1.279	 2.362	  2.32	 | 1.487 quantile
                      	 1.479	 2.118	 2.154	 1.787	 1.485	 1.582	 1.755	 1.774	 2.202	 2.121	 3.843	 3.689	 | 3.843 max

train losses    198:	0.2468	0.2486	0.2943	0.2837	0.2975	0.2994	0.2901	0.2868	0.4881	0.4846	0.4979	0.4967	
val losses      198:	0.1891	 0.184	0.2845	0.2936	0.2559	0.2517	 0.324	0.3405	0.5935	0.5726	  1.07	  1.07	 | 0.4525 mean
                     	 0.528	0.4959	0.7216	0.7534	0.6282	0.6453	0.8035	0.9025	 1.368	 1.307	 2.448	 2.394	 | 1.521 quantile
                      	 1.598	 2.029	 2.144	 1.737	 1.579	 1.357	 1.711	 1.751	 2.207	 2.164	 3.829	 3.709	 | 3.829 max

train losses    200:	  0.25	0.2518	0.2956	0.2854	0.3018	0.3075	0.2921	0.2882	0.5361	0.5232	0.5267	0.5303	
val losses      200:	0.1899	0.1809	0.2846	0.2939	0.2557	0.2455	0.3247	 0.341	0.5875	0.5642	 1.081	 1.083	 | 0.4527 mean
                     	0.5263	0.4832	0.7237	0.7546	0.6334	0.6385	0.8194	0.8975	 1.321	 1.261	 2.483	  2.44	 | 1.523 quantile
                      	  1.56	 2.074	 2.173	 1.712	 1.603	 1.371	 1.792	 1.779	 2.098	 2.334	 3.784	 3.635	 | 3.784 max

train losses    202:	0.2616	0.2595	0.3012	0.2915	0.3093	0.3158	0.3119	0.3119	0.6177	0.5828	 0.531	0.5302	
val losses      202:	0.1925	0.1839	0.2891	0.2997	0.2598	0.2473	0.3556	0.3795	0.5536	0.5388	 1.037	 1.037	 | 0.4478 mean
                     	0.5322	0.4954	0.7332	0.7724	 0.652	0.6415	0.9165	0.9784	 1.297	 1.234	 2.377	 2.325	 | 1.469 quantile
                      	 1.532	 2.007	 2.206	 1.673	 1.589	 1.444	 1.855	 1.917	 2.231	 2.144	 4.107	 3.975	 | 4.107 max

train losses    204:	0.2917	0.2983	0.3235	0.3137	0.3367	0.3431	0.3477	0.3478	0.7941	0.7669	0.5566	0.5598	
val losses      204:	0.2019	0.1957	  0.29	0.2969	0.2813	0.2636	0.3347	0.3501	 0.474	0.4947	 1.049	 1.042	 | 0.4396 mean
                     	0.5484	0.5029	0.7227	0.7637	0.7044	0.6658	 0.827	 0.932	 1.216	 1.222	 2.654	 2.525	 | 1.439 quantile
                      	 1.896	 2.083	 2.164	 1.805	 1.556	 1.314	 1.726	 1.929	 2.186	 2.188	 4.569	 4.467	 | 4.569 max

train losses    206:	0.3688	0.3542	0.3291	0.3192	0.3766	0.3827	0.4085	0.4088	 0.841	0.8382	0.7396	0.7236	
val losses      206:	0.2608	0.2485	0.3082	0.3204	0.2923	0.2875	0.4114	0.4304	0.6155	0.5985	 1.232	 1.213	 | 0.5182 mean
                     	0.6969	0.6628	0.7813	0.8158	0.7047	0.6959	0.9461	 1.049	 1.651	 1.638	  3.22	 3.098	 | 1.735 quantile
                      	 1.506	  1.96	 2.081	 2.021	  1.53	 1.343	 1.697	 2.027	 2.625	 2.547	 5.185	   5.1	 | 5.185 max

train losses    208:	 0.364	0.3714	0.3308	0.3221	0.3786	0.3835	0.4117	0.4106	0.6967	0.6829	0.7701	0.7609	
val losses      208:	0.2578	0.2501	0.3501	0.3673	0.2808	0.2756	0.5587	0.5796	0.4762	0.4799	 1.055	 1.036	 | 0.4973 mean
                     	0.6687	0.6822	0.8439	0.8887	0.7324	0.7064	 1.197	 1.279	  1.18	 1.122	 2.631	  2.49	 | 1.464 quantile
                      	 1.758	 1.924	 2.377	 1.843	 1.455	 1.703	  2.17	 2.386	 2.335	  1.91	 4.026	 3.794	 | 4.026 max

train losses    210:	0.3432	0.3375	0.3174	0.3052	  0.37	0.3768	0.3906	0.3914	0.5531	0.5528	0.6922	0.6806	
val losses      210:	0.2428	0.2261	0.2905	0.3008	0.3666	0.3838	 0.353	0.3765	0.5276	0.5285	 1.054	 1.035	 | 0.4738 mean
                     	0.6511	0.5732	0.7309	0.7493	0.8925	0.9241	0.8737	 0.973	 1.268	 1.371	 2.637	 2.518	 | 1.482 quantile
                      	 1.803	 1.928	 2.168	 1.796	 1.738	  1.77	  1.88	 1.907	  2.39	  2.38	 4.302	 4.099	 | 4.302 max

train losses    212:	0.3155	 0.327	0.3131	0.3042	0.3544	0.3571	0.3581	0.3587	0.5126	0.5006	0.6165	0.6074	
val losses      212:	 0.272	0.2973	0.2859	0.2964	0.3093	 0.297	0.3388	0.3557	0.5154	0.4956	 1.035	 1.027	 | 0.4604 mean
                     	0.7212	 0.691	 0.724	0.7402	0.7869	 0.743	0.8395	0.9105	 1.261	 1.296	 2.406	 2.352	 | 1.435 quantile
                      	  1.79	 1.704	 2.088	  1.67	 1.435	 1.753	 2.111	 2.165	 2.293	 2.067	 4.018	 3.839	 | 4.018 max

train losses    214:	0.2979	0.3021	0.3095	0.2995	0.3311	0.3389	0.3511	0.3513	0.4741	0.4733	0.5651	0.5634	
val losses      214:	 0.216	0.2077	0.2864	0.2955	0.2827	0.2776	0.3319	0.3478	0.4746	0.4483	 1.086	 1.079	 | 0.4445 mean
                     	0.5876	0.5508	0.7235	0.7577	0.7117	0.7311	  0.84	0.9117	 1.179	 1.169	 2.446	 2.412	 | 1.506 quantile
                      	 1.554	 2.045	 2.162	 1.673	 1.589	 1.561	 2.003	 2.072	 2.145	 2.157	 3.553	 3.639	 | 3.639 max

train losses    216:	0.2816	0.2833	0.3077	0.2972	0.3223	0.3269	0.3368	0.3362	0.4525	0.4555	0.5903	0.5862	
val losses      216:	0.2188	0.2039	 0.287	 0.296	0.3061	0.3042	0.3362	0.3533	0.4643	0.4616	 1.097	 1.094	 | 0.4519 mean
                     	0.5883	0.5326	0.7233	0.7666	0.7924	 0.764	0.8401	0.9147	 1.177	 1.221	 2.439	   2.4	 | 1.514 quantile
                      	 1.552	  2.14	 2.146	 1.715	 1.567	 1.518	 1.812	 2.023	 2.023	  2.11	 3.511	 3.678	 | 3.678 max

train losses    218:	0.2695	0.2726	0.3035	0.2933	0.3135	0.3183	0.3264	0.3246	0.4441	0.4516	0.5665	0.5622	
val losses      218:	0.2103	0.2066	0.2837	0.2926	0.2767	0.2725	0.3204	0.3369	0.4746	0.4594	 1.068	 1.055	 | 0.4381 mean
                     	 0.568	0.5365	0.7256	0.7513	0.7282	 0.707	0.8049	0.8953	 1.178	 1.174	 2.543	  2.44	 | 1.47 quantile
                      	 1.524	 2.044	 2.126	 1.694	 1.396	 1.812	 1.731	 1.845	 2.067	 2.116	 4.553	  4.43	 | 4.553 max

train losses    220:	0.2641	0.2638	0.3022	0.2913	0.3019	0.3045	0.3148	0.3131	0.4349	0.4374	0.5347	0.5343	
val losses      220:	0.2131	0.1999	0.2833	0.2927	0.2746	0.2699	0.3193	0.3357	0.4655	0.4493	 1.053	 1.041	 | 0.4331 mean
                     	0.5931	0.5259	 0.725	0.7522	0.7227	0.7068	0.7993	0.8913	 1.141	 1.118	 2.478	  2.42	 | 1.454 quantile
                      	 1.552	 2.086	 2.138	 1.708	  1.66	 1.618	 1.856	 1.894	 1.957	 2.012	 4.332	 4.188	 | 4.332 max

train losses    222:	0.2573	0.2575	0.2992	0.2891	0.2969	0.2986	0.3075	0.3057	0.4263	0.4235	0.4987	 0.493	
val losses      222:	0.2087	0.1979	0.2831	0.2925	0.2697	0.2679	0.3194	0.3365	0.4487	0.4428	 1.028	  1.02	 | 0.4263 mean
                     	0.5896	0.5257	0.7203	0.7463	0.7039	0.6967	0.7958	  0.89	 1.134	 1.118	 2.455	 2.371	 | 1.414 quantile
                      	 1.521	 2.107	 2.127	 1.694	 1.726	 1.514	 1.857	 1.859	 1.956	 1.955	 4.177	 4.025	 | 4.177 max

train losses    224:	0.2536	0.2548	0.2985	0.2875	0.2897	0.2937	0.3001	0.2973	 0.422	0.4194	0.4677	0.4668	
val losses      224:	0.1949	0.1926	0.2834	0.2926	0.2659	0.2618	0.3202	0.3372	 0.448	0.4383	 1.045	 1.041	 | 0.4267 mean
                     	0.5402	0.5244	0.7212	0.7487	0.6681	0.6832	0.7898	0.8908	 1.126	 1.097	 2.367	 2.307	 | 1.458 quantile
                      	  1.51	 2.034	 2.136	 1.696	 1.703	 1.579	 1.728	 1.822	 1.968	 1.805	 3.811	 3.689	 | 3.811 max

train losses    226:	0.2496	0.2518	0.2976	0.2861	0.2869	0.2894	0.2962	0.2929	0.4169	0.4156	0.4694	0.4688	
val losses      226:	0.1961	0.1918	0.2838	0.2928	0.2637	0.2569	0.3222	 0.339	0.4565	0.4469	 1.025	 1.018	 | 0.4244 mean
                     	0.5528	0.5156	0.7223	0.7482	0.6682	0.6711	0.7945	0.8903	 1.139	 1.126	 2.386	 2.298	 | 1.426 quantile
                      	 1.534	 2.023	 2.158	 1.712	 1.631	 1.583	 1.779	 1.812	 1.977	   1.8	 3.888	 3.763	 | 3.888 max

train losses    228:	0.2464	0.2496	0.2953	0.2849	0.2844	0.2874	0.2914	0.2889	0.4119	0.4109	0.4611	0.4596	
val losses      228:	0.1934	0.1913	0.2843	0.2934	0.2613	0.2557	0.3225	0.3391	0.4631	0.4494	 1.027	 1.022	 | 0.4252 mean
                     	0.5323	0.5166	0.7236	 0.753	 0.664	0.6608	0.7998	0.8923	 1.153	 1.142	 2.407	 2.309	 | 1.435 quantile
                      	 1.544	 2.059	  2.16	 1.727	 1.518	  1.57	  1.74	 1.839	 2.055	 1.972	 4.007	 3.869	 | 4.007 max

train losses    230:	0.2449	0.2478	0.2952	0.2843	0.2818	0.2855	0.2878	0.2846	0.4086	0.4086	0.4549	0.4524	
val losses      230:	 0.192	0.1898	0.2842	0.2932	0.2573	0.2511	0.3218	 0.339	0.4589	0.4452	  1.02	 1.014	 | 0.4223 mean
                     	0.5389	0.5111	0.7237	0.7504	0.6431	0.6611	0.7953	0.8986	 1.146	 1.136	 2.437	 2.331	 | 1.404 quantile
                      	 1.483	 2.096	 2.157	 1.729	 1.572	 1.568	 1.766	 1.808	 1.988	 2.059	 4.224	 4.002	 | 4.224 max

train losses    232:	0.2446	0.2461	0.2934	0.2827	0.2789	0.2833	 0.287	0.2837	0.4051	0.4051	0.4519	0.4495	
val losses      232:	0.1917	0.1893	0.2831	0.2922	0.2549	0.2495	0.3222	0.3393	0.4584	0.4449	 1.015	 1.008	 | 0.4208 mean
                     	0.5349	0.5036	0.7194	0.7464	0.6372	0.6506	0.7964	0.8919	 1.148	 1.127	  2.43	 2.316	 | 1.39 quantile
                      	 1.483	 2.103	 2.137	 1.727	 1.564	  1.51	 1.786	 1.779	 1.919	 1.983	 4.047	 3.889	 | 4.047 max

train losses    234:	0.2425	0.2452	0.2927	0.2819	0.2778	0.2832	0.2831	0.2808	0.4029	0.4039	 0.448	0.4457	
val losses      234:	0.1897	0.1887	0.2832	 0.293	0.2542	0.2475	0.3219	0.3379	 0.454	0.4381	 1.008	 1.001	 | 0.4181 mean
                     	0.5335	0.5146	0.7197	0.7472	0.6365	0.6444	0.7895	0.8916	 1.146	 1.111	 2.401	 2.315	 | 1.376 quantile
                      	 1.541	 2.162	 2.152	 1.756	 1.539	   1.6	 1.825	 1.847	 2.024	 1.891	 3.998	 3.894	 | 3.998 max

train losses    236:	0.2417	0.2439	0.2922	0.2816	0.2754	0.2807	0.2828	 0.281	0.4005	0.3993	0.4447	0.4422	
val losses      236:	0.1878	0.1849	0.2836	 0.293	0.2538	 0.247	0.3233	 0.339	0.4606	0.4467	 1.007	 1.002	 | 0.419 mean
                     	0.5229	0.4998	  0.72	0.7474	0.6402	0.6403	 0.789	0.8899	 1.151	 1.119	 2.354	  2.28	 | 1.386 quantile
                      	 1.521	 2.132	 2.149	 1.719	 1.501	 1.635	 1.781	 1.801	 1.918	 1.955	 3.729	 3.607	 | 3.729 max

train losses    238:	0.2395	0.2422	 0.291	0.2801	 0.275	0.2808	0.2808	0.2793	0.4019	0.3976	0.4413	0.4393	
val losses      238:	0.1872	0.1848	0.2834	0.2929	0.2513	0.2467	0.3229	0.3394	0.4596	0.4436	 1.009	 1.003	 | 0.4187 mean
                     	0.5205	 0.495	0.7191	0.7453	0.6266	0.6402	0.7894	0.8925	  1.14	 1.113	 2.337	 2.251	 | 1.391 quantile
                      	 1.459	 2.055	 2.132	  1.74	  1.55	 1.576	 1.801	 1.811	 1.957	 1.938	 3.762	 3.601	 | 3.762 max

train losses    240:	0.2388	0.2426	0.2904	0.2795	0.2742	0.2774	0.2794	0.2776	0.3972	0.3947	0.4436	0.4389	
val losses      240:	 0.187	0.1843	0.2839	0.2938	0.2502	0.2445	0.3221	 0.339	0.4571	0.4402	 1.013	 1.007	 | 0.4185 mean
                     	0.5237	0.4985	0.7255	0.7489	0.6161	0.6333	0.7886	0.8876	 1.142	 1.115	 2.326	 2.268	 | 1.401 quantile
                      	 1.526	 2.086	 2.124	 1.712	 1.529	  1.53	 1.795	 1.786	 1.933	  1.93	  3.82	  3.62	 | 3.82 max

train losses    242:	0.2396	 0.241	0.2899	0.2787	 0.274	0.2777	0.2795	0.2774	0.3978	0.3956	0.4404	  0.44	
val losses      242:	0.1869	 0.184	0.2831	 0.293	0.2491	0.2428	 0.321	 0.338	0.4588	0.4416	 1.016	  1.01	 | 0.4186 mean
                     	0.5195	0.4961	0.7191	0.7444	0.6202	0.6235	0.7916	0.8964	 1.153	 1.133	  2.35	 2.274	 | 1.41 quantile
                      	 1.488	 2.129	 2.134	 1.722	 1.512	 1.518	 1.805	 1.796	 1.967	 1.941	 3.914	 3.794	 | 3.914 max

train losses    244:	0.2391	0.2411	0.2889	0.2773	0.2729	0.2765	0.2772	0.2743	0.3957	0.3964	0.4391	0.4373	
val losses      244:	0.1873	0.1841	0.2827	0.2924	0.2489	0.2428	0.3212	0.3376	0.4553	0.4379	 1.008	 1.001	 | 0.4166 mean
                     	0.5197	0.4941	0.7188	0.7446	0.6209	0.6264	0.7974	0.8881	 1.146	  1.11	 2.387	 2.289	 | 1.393 quantile
                      	 1.521	 2.152	 2.147	 1.738	 1.539	 1.514	 1.838	 1.824	 2.001	  1.98	 3.995	 3.855	 | 3.995 max

train losses    246:	0.2383	0.2396	 0.288	0.2777	0.2721	0.2752	0.2769	0.2759	0.3955	0.3943	0.4354	0.4355	
val losses      246:	0.1855	0.1845	 0.283	0.2929	0.2491	 0.244	0.3211	0.3384	0.4622	 0.443	 1.004	0.9953	 | 0.4169 mean
                     	0.5207	0.4916	0.7177	0.7475	0.6163	0.6299	0.7965	0.8899	 1.169	 1.112	  2.39	 2.303	 | 1.38 quantile
                      	 1.479	 2.089	 2.156	 1.748	 1.515	 1.576	 1.832	 1.838	  1.88	 1.926	 3.916	  3.83	 | 3.916 max

train losses    248:	0.2379	 0.241	0.2891	0.2774	0.2713	 0.274	0.2759	0.2736	0.3938	0.3927	0.4361	0.4351	
val losses      248:	0.1871	0.1834	0.2831	0.2931	0.2509	0.2445	0.3218	0.3379	0.4551	0.4402	0.9999	0.9919	 | 0.4157 mean
                     	0.5187	0.4966	0.7149	0.7466	0.6308	0.6322	 0.798	0.8938	  1.15	 1.122	 2.386	 2.282	 | 1.367 quantile
                      	 1.523	 2.152	 2.152	 1.791	  1.49	 1.471	 1.832	  1.83	 1.902	 1.862	 3.997	 3.863	 | 3.997 max

train losses    250:	0.2367	0.2389	0.2876	0.2771	0.2696	 0.275	0.2736	0.2717	0.3919	0.3916	0.4346	0.4309	
val losses      250:	0.1858	0.1816	0.2823	0.2926	0.2476	0.2429	 0.322	0.3382	0.4585	0.4413	 1.003	0.9933	 | 0.4157 mean
                     	0.5162	0.4907	0.7157	 0.743	0.6231	0.6281	0.8049	0.8947	 1.159	 1.108	 2.395	 2.307	 | 1.364 quantile
                      	 1.457	 2.071	  2.13	 1.736	 1.534	 1.483	 1.813	 1.806	 1.908	 1.852	 4.051	 3.824	 | 4.051 max

train losses    252:	0.2366	0.2389	0.2871	0.2766	0.2703	0.2727	0.2742	0.2713	0.3903	 0.391	0.4341	 0.433	
val losses      252:	0.1845	0.1805	0.2833	0.2928	 0.246	0.2412	0.3219	0.3394	0.4596	0.4413	   1.0	0.9936	 | 0.4154 mean
                     	0.5067	 0.482	0.7155	0.7442	0.6128	0.6176	0.7966	 0.894	 1.165	 1.114	 2.344	 2.258	 | 1.374 quantile
                      	 1.449	 2.074	 2.139	 1.711	  1.49	 1.485	 1.782	 1.787	 2.017	 1.991	 3.966	 3.821	 | 3.966 max

train losses    254:	0.2349	0.2401	 0.288	0.2759	 0.269	0.2729	0.2732	0.2693	0.3887	0.3885	0.4313	0.4298	
val losses      254:	0.1858	0.1828	0.2832	0.2932	0.2457	0.2397	0.3214	 0.339	0.4599	0.4405	   1.0	 0.993	 | 0.4154 mean
                     	0.5098	0.4879	0.7174	0.7433	0.6063	 0.617	0.7989	0.8884	 1.163	 1.104	  2.34	 2.265	 | 1.384 quantile
                      	 1.484	 2.161	 2.135	 1.728	 1.524	  1.52	 1.808	 1.796	 1.992	 1.916	 3.856	 3.726	 | 3.856 max

train losses    256:	 0.236	0.2384	0.2851	0.2747	0.2693	0.2693	0.2718	0.2696	0.3881	0.3894	0.4288	0.4286	
val losses      256:	0.1848	 0.181	0.2824	0.2924	0.2456	0.2396	0.3228	0.3393	 0.458	0.4409	 1.008	 1.003	 | 0.4165 mean
                     	0.5065	 0.484	0.7161	0.7442	0.6043	0.6182	0.7949	0.8868	 1.156	 1.122	 2.306	 2.253	 | 1.408 quantile
                      	 1.458	 2.113	 2.114	 1.766	 1.543	 1.461	 1.837	 1.821	 1.898	 2.031	 3.992	 3.859	 | 3.992 max

train losses    258:	0.2349	 0.238	0.2859	0.2746	0.2687	0.2688	0.2716	0.2693	0.3875	0.3872	0.4303	0.4289	
val losses      258:	0.1848	 0.183	0.2829	0.2924	0.2457	0.2408	0.3225	0.3387	0.4572	0.4388	  1.01	 1.005	 | 0.4168 mean
                     	0.5085	0.4901	0.7186	0.7455	0.6111	0.6214	0.7981	0.8778	 1.151	 1.112	 2.307	 2.254	 | 1.406 quantile
                      	 1.456	 2.107	  2.14	 1.728	 1.523	 1.468	 1.805	 1.792	 1.917	 1.882	 3.757	 3.608	 | 3.757 max

train losses    260:	0.2358	0.2379	0.2846	0.2739	0.2691	0.2708	0.2687	0.2673	0.3871	0.3866	0.4292	0.4293	
val losses      260:	0.1851	0.1829	 0.283	0.2929	0.2447	0.2419	0.3223	0.3389	0.4566	0.4397	 1.002	0.9979	 | 0.4157 mean
                     	0.5126	0.4875	0.7175	0.7466	0.6075	0.6159	 0.801	0.8927	 1.157	 1.113	 2.293	 2.229	 | 1.393 quantile
                      	 1.504	 2.111	 2.119	 1.749	 1.471	 1.389	 1.843	 1.826	 1.894	 2.014	 3.851	 3.592	 | 3.851 max

train losses    262:	0.2347	0.2381	0.2848	 0.274	0.2682	0.2695	0.2705	0.2676	 0.386	0.3854	0.4281	0.4272	
val losses      262:	0.1852	 0.181	0.2832	0.2928	0.2417	0.2409	0.3212	0.3371	0.4542	0.4393	0.9981	0.9933	 | 0.414 mean
                     	0.5106	0.4895	0.7193	0.7468	0.5999	 0.624	0.7967	0.8843	 1.145	 1.121	 2.289	 2.223	 | 1.389 quantile
                      	 1.446	 2.083	 2.114	 1.722	 1.518	 1.403	 1.847	  1.84	 2.023	  1.97	 3.918	 3.799	 | 3.918 max

train losses    264:	0.2337	0.2357	 0.284	0.2727	0.2666	 0.269	0.2708	0.2666	0.3859	 0.385	0.4243	0.4238	
val losses      264:	0.1828	0.1804	0.2822	0.2921	0.2427	0.2417	0.3218	0.3373	0.4566	0.4418	0.9971	0.9914	 | 0.414 mean
                     	0.4988	0.4828	0.7158	0.7415	0.6029	0.6303	0.7961	0.8877	 1.147	 1.114	 2.322	 2.264	 | 1.379 quantile
                      	 1.496	 2.143	 2.115	 1.762	 1.554	 1.386	 1.879	  1.86	 1.919	 2.073	 3.968	 3.842	 | 3.968 max

train losses    266:	0.2333	0.2359	0.2837	0.2734	0.2656	0.2696	0.2676	0.2667	0.3837	0.3854	0.4203	0.4183	
val losses      266:	0.1842	0.1809	0.2831	0.2928	0.2448	0.2408	0.3214	0.3368	0.4581	0.4434	0.9981	0.9924	 | 0.4147 mean
                     	0.5081	0.4826	 0.718	0.7445	0.6054	0.6189	 0.795	0.8878	 1.151	 1.118	 2.319	 2.243	 | 1.381 quantile
                      	 1.522	 2.127	 2.111	 1.695	 1.531	 1.415	 1.883	 1.864	 1.995	 1.903	 3.782	 3.653	 | 3.782 max

train losses    268:	0.2341	 0.237	 0.283	0.2719	0.2644	0.2687	 0.268	0.2655	0.3837	0.3841	0.4216	0.4214	
val losses      268:	0.1837	0.1811	 0.284	0.2927	0.2427	0.2381	0.3218	0.3377	0.4572	0.4373	 1.001	0.9958	 | 0.4144 mean
                     	0.5079	0.4814	0.7206	 0.747	0.6074	0.6177	0.7921	0.8879	 1.156	 1.111	 2.306	 2.257	 | 1.394 quantile
                      	 1.434	 2.069	 2.091	 1.734	 1.526	   1.4	 1.822	 1.817	  1.87	 1.837	 3.845	 3.585	 | 3.845 max

train losses    270:	0.2335	0.2359	0.2822	0.2715	 0.265	 0.268	0.2666	0.2646	0.3835	0.3826	0.4247	0.4211	
val losses      270:	0.1847	0.1794	0.2836	0.2935	0.2422	0.2369	0.3214	0.3381	0.4634	0.4433	0.9964	0.9915	 | 0.4145 mean
                     	0.5022	  0.48	0.7193	 0.752	0.6044	 0.606	0.7922	0.8871	 1.159	 1.126	 2.319	 2.258	 | 1.383 quantile
                      	 1.468	 2.064	 2.123	 1.733	 1.494	 1.405	 1.832	 1.808	 1.948	 1.813	 3.979	 3.783	 | 3.979 max

train losses    272:	0.2327	0.2345	0.2816	0.2715	 0.264	0.2667	0.2666	0.2649	 0.383	0.3835	0.4224	0.4221	
val losses      272:	0.1852	0.1793	0.2832	0.2923	0.2438	0.2369	0.3212	0.3375	0.4551	0.4403	0.9891	0.9831	 | 0.4122 mean
                     	0.5087	0.4835	0.7269	0.7502	0.6041	0.6184	0.7852	0.8826	 1.151	 1.122	 2.338	 2.243	 | 1.362 quantile
                      	  1.51	 2.127	 2.137	 1.693	 1.483	 1.452	 1.869	 1.844	 1.967	 1.918	 3.952	 3.829	 | 3.952 max

train losses    274:	0.2337	0.2362	0.2813	0.2703	0.2622	0.2671	0.2655	0.2635	0.3796	0.3822	0.4213	0.4188	
val losses      274:	0.1816	 0.179	0.2836	0.2932	0.2414	0.2374	0.3233	0.3385	0.4548	0.4388	0.9904	0.9859	 | 0.4123 mean
                     	0.4948	0.4772	0.7157	0.7535	0.6055	0.6128	0.7948	0.8845	 1.141	 1.117	 2.295	  2.25	 | 1.372 quantile
                      	  1.49	 2.124	 2.101	 1.739	 1.473	 1.369	 1.803	 1.797	 2.012	 1.983	 3.884	 3.777	 | 3.884 max

train losses    276:	0.2321	0.2341	0.2816	0.2703	0.2642	0.2659	0.2658	0.2649	0.3829	0.3817	0.4247	0.4227	
val losses      276:	0.1812	0.1788	0.2832	0.2926	  0.24	0.2362	0.3224	0.3379	0.4597	0.4434	0.9869	0.9805	 | 0.4119 mean
                     	0.4865	0.4782	 0.715	0.7474	0.6008	0.6148	0.7992	 0.885	 1.154	 1.118	  2.33	 2.252	 | 1.362 quantile
                      	 1.373	 2.007	 2.091	 1.735	 1.484	 1.325	 1.811	 1.808	 1.942	 2.004	 4.051	 3.938	 | 4.051 max

train losses    278:	0.2316	0.2337	0.2803	0.2689	0.2608	0.2644	 0.266	0.2642	0.3802	0.3803	0.4221	0.4212	
val losses      278:	 0.183	0.1807	0.2831	0.2928	0.2412	0.2359	0.3208	0.3363	0.4535	0.4364	0.9898	0.9835	 | 0.4114 mean
                     	0.5038	 0.484	0.7146	0.7477	0.6058	0.6116	0.7915	 0.881	 1.151	 1.114	 2.307	 2.232	 | 1.375 quantile
                      	 1.415	 2.031	 2.097	 1.716	 1.475	 1.302	 1.799	   1.8	 1.884	  1.94	 3.794	 3.672	 | 3.794 max

train losses    280:	0.2313	0.2338	0.2799	0.2684	0.2613	0.2648	 0.264	0.2628	0.3792	0.3816	0.4249	0.4236	
val losses      280:	0.1839	0.1784	0.2829	0.2925	0.2428	0.2367	0.3207	0.3367	0.4557	0.4378	0.9907	0.9845	 | 0.4119 mean
                     	0.5055	0.4771	0.7175	0.7478	 0.606	0.6086	 0.789	0.8796	 1.145	 1.114	 2.324	 2.244	 | 1.374 quantile
                      	 1.474	 2.121	 2.075	 1.685	 1.455	 1.363	 1.853	 1.827	 2.002	 1.933	 3.916	 3.785	 | 3.916 max

train losses    282:	0.2329	0.2348	0.2799	0.2691	0.2628	 0.265	0.2633	0.2626	0.3808	  0.38	0.4295	0.4302	
val losses      282:	0.1823	0.1796	0.2836	0.2929	0.2409	0.2381	0.3223	0.3373	 0.467	0.4502	0.9859	0.9805	 | 0.4134 mean
                     	0.5007	0.4842	0.7183	0.7469	0.6054	0.6177	0.7974	0.8839	 1.161	 1.146	 2.316	 2.247	 | 1.368 quantile
                      	 1.517	 2.067	 2.103	 1.714	  1.45	 1.327	 1.867	 1.834	 1.895	 1.896	  3.88	 3.744	 | 3.88 max

train losses    284:	0.2308	0.2336	0.2793	0.2681	0.2609	0.2635	0.2635	0.2618	0.3791	0.3799	0.4309	0.4313	
val losses      284:	0.1797	0.1783	0.2828	0.2925	0.2405	0.2379	0.3204	0.3358	0.4553	0.4396	0.9865	0.9796	 | 0.4108 mean
                     	0.5008	 0.479	0.7177	0.7514	0.6006	0.6152	0.7952	0.8816	 1.151	 1.109	 2.295	 2.236	 | 1.369 quantile
                      	 1.455	 2.069	 2.106	 1.707	 1.542	 1.353	 1.845	 1.824	 1.929	 2.029	 3.764	  3.66	 | 3.764 max

train losses    286:	0.2318	0.2325	0.2787	0.2675	 0.263	0.2635	0.2626	0.2599	 0.378	0.3769	0.4326	0.4295	
val losses      286:	0.1808	 0.178	 0.283	0.2922	0.2417	0.2381	0.3209	0.3368	0.4612	0.4454	0.9906	0.9832	 | 0.4127 mean
                     	0.4944	0.4763	0.7135	0.7472	0.6085	0.6261	0.7967	0.8896	 1.159	 1.119	 2.261	 2.231	 | 1.38 quantile
                      	 1.432	 2.084	 2.067	 1.709	 1.535	 1.356	 1.843	 1.829	 1.921	 2.088	  3.85	 3.737	 | 3.85 max

train losses    288:	0.2311	0.2329	0.2787	0.2675	0.2637	0.2626	0.2626	0.2603	0.3776	0.3771	0.4371	0.4327	
val losses      288:	0.1807	 0.179	0.2836	0.2924	0.2395	0.2349	0.3216	0.3372	0.4593	0.4438	0.9842	0.9775	 | 0.4111 mean
                     	0.4934	0.4793	0.7189	0.7481	0.6014	0.6075	0.7986	0.8874	  1.16	 1.119	 2.315	 2.261	 | 1.363 quantile
                      	 1.432	 2.124	 2.065	 1.718	 1.472	 1.364	 1.825	 1.817	 2.026	 1.846	 3.898	 3.827	 | 3.898 max

train losses    290:	0.2312	0.2351	 0.279	0.2681	0.2611	0.2618	0.2617	0.2596	0.3793	0.3763	0.4338	0.4323	
val losses      290:	0.1839	0.1804	0.2831	0.2919	0.2396	0.2353	0.3211	 0.337	0.4568	0.4437	0.9859	0.9784	 | 0.4114 mean
                     	0.5034	0.4884	0.7128	0.7445	0.5957	 0.612	0.7918	0.8853	 1.162	 1.104	 2.323	 2.252	 | 1.356 quantile
                      	 1.394	 2.023	 2.078	 1.733	 1.525	 1.334	 1.804	  1.78	 1.914	 1.875	 3.868	 3.787	 | 3.868 max

train losses    292:	0.2311	0.2327	0.2788	0.2672	0.2601	0.2623	0.2624	 0.261	0.3764	0.3776	0.4243	 0.423	
val losses      292:	0.1811	0.1795	0.2829	 0.292	0.2425	0.2373	0.3198	0.3364	0.4638	0.4467	0.9936	0.9868	 | 0.4135 mean
                     	0.4922	0.4779	0.7138	0.7394	0.5963	0.6168	0.7856	0.8763	 1.158	 1.119	 2.314	  2.23	 | 1.374 quantile
                      	 1.433	 2.033	 2.058	 1.724	 1.599	 1.366	 1.781	 1.762	 1.983	 1.916	  3.94	 3.816	 | 3.94 max

train losses    294:	0.2301	0.2329	0.2778	0.2661	0.2605	0.2619	 0.261	0.2602	 0.377	0.3749	0.4183	0.4168	
val losses      294:	0.1812	0.1771	0.2832	 0.293	0.2386	0.2342	0.3192	0.3362	 0.455	0.4388	0.9915	0.9847	 | 0.4111 mean
                     	0.4975	0.4778	0.7197	0.7479	0.5989	0.6191	0.7884	0.8824	 1.147	 1.111	  2.32	 2.245	 | 1.371 quantile
                      	 1.462	  2.09	 2.068	 1.747	 1.541	 1.307	 1.789	 1.786	 2.009	 2.026	  4.02	 3.902	 | 4.02 max

train losses    296:	0.2298	0.2329	0.2775	0.2651	0.2616	0.2612	0.2602	 0.258	0.3735	0.3766	0.4179	0.4159	
val losses      296:	0.1797	0.1768	0.2836	0.2929	0.2385	0.2349	 0.322	0.3373	 0.457	0.4412	0.9822	0.9745	 | 0.41 mean
                     	 0.492	0.4754	0.7208	0.7528	0.5903	0.6142	0.7958	0.8941	 1.143	 1.115	 2.354	 2.246	 | 1.345 quantile
                      	 1.441	 2.099	 2.074	 1.714	  1.45	 1.247	 1.822	 1.825	  1.97	 2.057	  4.06	 3.911	 | 4.06 max

train losses    298:	0.2301	0.2322	0.2772	0.2659	0.2597	0.2621	0.2597	0.2589	0.3739	0.3742	0.4147	0.4128	
val losses      298:	0.1796	0.1768	 0.283	0.2923	0.2379	0.2342	0.3213	0.3364	0.4565	0.4383	0.9825	0.9762	 | 0.4096 mean
                     	0.4983	0.4751	0.7143	0.7443	0.5888	0.6125	0.7932	0.8903	 1.147	 1.121	 2.317	 2.241	 | 1.359 quantile
                      	 1.428	 2.114	 2.078	 1.712	  1.46	 1.275	 1.815	 1.773	 1.964	 2.024	  4.16	 4.041	 | 4.16 max

