train losses      0:	0.5546	0.5971	0.3382	0.3359	0.7036	0.7438	0.4535	0.4623	 1.545	 1.562	 1.439	 1.437	
val losses        0:	0.5007	0.5571	0.3455	0.3176	0.8528	0.8973	0.4992	0.4765	 2.283	 2.207	 2.169	 2.149	 | 1.105 mean
                     	 1.465	 1.616	0.8855	0.8192	 2.464	 2.476	 1.239	 1.198	 6.811	 6.633	 5.304	  5.21	 | 4.077 quantile
                      	 6.657	 7.742	 2.296	 1.736	 5.795	 5.782	 2.138	 2.188	 12.73	 12.94	 8.506	 8.316	 | 12.94 max

train losses      2:	0.5535	0.5882	0.3356	0.3308	0.7029	0.7419	0.4534	0.4624	 1.543	  1.56	 1.438	 1.436	
val losses        2:	0.4989	 0.554	0.3352	0.3176	0.8523	0.8957	0.5003	0.4772	  2.28	 2.203	 2.169	 2.145	 | 1.102 mean
                     	  1.47	 1.605	0.8713	0.8135	 2.456	 2.484	 1.236	 1.196	 6.804	 6.607	 5.308	 5.218	 | 4.067 quantile
                      	 6.593	 7.774	 2.237	 1.806	 5.794	 5.754	 2.128	 2.179	 12.71	 12.96	 8.465	 8.281	 | 12.96 max

train losses      4:	0.5519	0.5811	0.3346	0.3283	0.7018	 0.739	0.4534	0.4626	 1.538	 1.555	 1.436	 1.433	
val losses        4:	0.4979	0.5511	0.3352	0.3173	0.8496	0.8903	0.4867	0.4784	 2.272	 2.195	 2.167	 2.142	 | 1.099 mean
                     	 1.463	 1.601	0.8746	0.8172	 2.435	 2.475	 1.231	 1.195	 6.781	 6.599	 5.329	 5.263	 | 4.052 quantile
                      	 6.588	  7.63	 2.182	 1.791	  5.81	  5.69	 2.037	  2.16	 12.68	 12.92	 8.437	 8.185	 | 12.92 max

train losses      6:	 0.549	0.5738	0.3342	 0.327	0.6996	0.7371	0.4533	0.4628	 1.529	 1.545	 1.434	  1.43	
val losses        6:	 0.497	0.5481	0.3358	0.3174	0.8477	0.8866	0.4827	0.4787	 2.264	 2.184	 2.165	 2.138	 | 1.095 mean
                     	 1.459	 1.581	0.8767	0.8171	 2.423	 2.458	 1.221	 1.195	 6.754	 6.564	 5.335	 5.274	 | 4.04 quantile
                      	 6.589	 7.454	 2.143	 1.769	 5.833	 5.637	  2.01	 2.156	 12.67	 12.87	 8.411	 8.101	 | 12.87 max

train losses      8:	0.5447	0.5658	0.3343	0.3268	0.6961	0.7373	0.4532	0.4633	 1.513	 1.528	 1.429	 1.425	
val losses        8:	0.4956	0.5456	0.3365	0.3176	0.8458	 0.883	 0.482	0.4795	 2.253	 2.173	  2.16	 2.134	 | 1.092 mean
                     	 1.455	 1.574	0.8791	0.8168	 2.409	 2.448	 1.222	 1.196	 6.715	 6.529	 5.328	 5.259	 | 4.027 quantile
                      	 6.583	 7.297	 2.065	  1.75	 5.845	 5.618	 1.968	 2.158	 12.67	 12.83	 8.379	 8.043	 | 12.83 max

train losses     10:	0.5391	0.5572	0.3357	0.3273	0.6908	0.7387	0.4531	0.4648	 1.487	 1.503	 1.422	 1.418	
val losses       10:	0.4935	0.5416	0.3373	0.3183	0.8429	0.8804	0.4818	0.4817	 2.236	 2.157	 2.154	 2.127	 | 1.088 mean
                     	  1.44	 1.572	0.8849	0.8164	 2.399	 2.417	  1.22	 1.198	 6.658	 6.484	 5.307	 5.252	 | 4.002 quantile
                      	 6.549	 7.126	 1.998	 1.747	 5.856	 5.632	 1.943	 2.173	 12.65	 12.79	 8.328	 7.979	 | 12.79 max

train losses     12:	0.5318	0.5481	0.3391	0.3285	0.6829	0.7419	0.4532	0.4676	 1.447	 1.464	 1.411	 1.407	
val losses       12:	0.4905	0.5361	0.3395	0.3195	0.8386	0.8788	0.4818	0.4843	 2.211	 2.132	 2.144	 2.117	 | 1.081 mean
                     	 1.428	 1.557	0.8912	 0.816	 2.375	 2.398	 1.218	 1.198	 6.561	  6.42	 5.286	 5.228	 | 3.97 quantile
                      	 6.493	 6.941	 1.945	 1.754	  5.87	 5.636	 1.937	 2.172	  12.6	 12.73	 8.252	 7.912	 | 12.73 max

train losses     14:	0.5232	0.5406	0.3461	0.3307	0.6726	0.7461	0.4536	 0.471	 1.386	 1.406	 1.394	 1.393	
val losses       14:	0.4869	0.5312	0.3447	0.3214	0.8324	0.8785	0.4822	0.4873	 2.173	 2.095	 2.129	 2.102	 | 1.072 mean
                     	 1.418	 1.548	0.9005	0.8177	 2.327	  2.37	  1.22	 1.202	 6.434	 6.362	 5.235	 5.211	 | 3.942 quantile
                      	 6.437	  6.75	 1.934	 1.767	 5.893	 5.632	 1.934	 2.178	  12.5	 12.61	 8.169	 7.807	 | 12.61 max

train losses     16:	0.5137	0.5354	0.3597	0.3344	0.6605	0.7539	0.4537	0.4749	 1.302	 1.322	  1.37	 1.372	
val losses       16:	0.4824	0.5272	0.3557	 0.324	0.8251	0.8817	0.4829	0.4905	 2.117	  2.04	 2.106	 2.081	 | 1.06 mean
                     	   1.4	 1.547	0.9204	0.8271	 2.285	 2.358	 1.229	 1.207	 6.318	 6.184	 5.161	 5.241	 | 3.883 quantile
                      	 6.371	 6.523	 1.933	 1.828	 5.909	 5.612	 1.927	 2.179	 12.35	  12.4	 8.029	 7.667	 | 12.4 max

train losses     18:	0.5028	0.5295	0.3824	0.3385	0.6498	0.7628	0.4545	0.4759	 1.195	 1.214	  1.34	 1.343	
val losses       18:	0.4777	0.5231	0.3769	0.3272	 0.818	0.8859	0.4837	0.4932	 2.039	 1.964	 2.073	  2.05	 | 1.043 mean
                     	 1.371	 1.527	0.9535	0.8399	 2.216	 2.359	 1.227	 1.214	 6.077	 5.981	 5.136	 5.237	 | 3.788 quantile
                      	 6.255	 6.284	 1.951	 1.872	 5.907	 5.565	 1.911	 2.158	 12.08	 12.06	 7.837	 7.451	 | 12.08 max

train losses     20:	0.4944	0.5209	0.4112	0.3429	0.6458	0.7635	 0.456	0.4726	 1.074	 1.092	 1.305	 1.304	
val losses       20:	0.4746	0.5183	0.4055	0.3309	0.8116	0.8897	0.4846	0.4927	 1.941	 1.874	 2.023	 2.002	 | 1.021 mean
                     	  1.35	  1.51	 1.015	0.8436	 2.175	 2.386	 1.225	 1.225	 5.729	 5.706	 5.006	 5.141	 | 3.692 quantile
                      	  6.12	 6.017	 1.997	 1.877	 5.851	 5.512	 1.894	 2.188	 11.66	 11.59	  7.61	 7.202	 | 11.66 max

train losses     22:	0.4878	0.5073	0.4272	0.3457	0.6458	0.7523	0.4572	0.4715	0.9556	0.9736	 1.265	 1.255	
val losses       22:	0.4744	0.5109	0.4183	0.3336	0.8063	0.8919	0.4859	 0.491	 1.854	 1.791	 1.961	 1.935	 | 0.9961 mean
                     	 1.338	 1.478	 1.055	0.8527	 2.113	 2.393	 1.217	 1.214	 5.431	 5.328	 4.886	 4.998	 | 3.572 quantile
                      	 5.926	 5.751	 2.317	 1.884	 5.741	 5.459	  1.88	  2.21	 11.24	 11.01	 7.382	 6.966	 | 11.24 max

train losses     24:	0.4812	0.4914	0.4213	0.3464	0.6447	0.7361	0.4581	0.4734	0.8697	0.8833	 1.224	 1.205	
val losses       24:	 0.471	0.5019	0.4302	0.3366	0.8012	 0.882	 0.486	0.4904	 1.763	 1.703	  1.89	 1.851	 | 0.9672 mean
                     	 1.319	 1.444	 1.085	0.8559	 2.086	 2.404	 1.213	 1.203	 5.119	  5.06	 4.694	 4.741	 | 3.41 quantile
                      	  5.77	 5.494	 2.495	 1.921	 5.519	 5.494	 1.891	 2.213	 12.67	 11.97	 7.232	 7.047	 | 12.67 max

train losses     26:	0.4744	0.4752	 0.408	0.3457	0.6354	0.7164	0.4588	0.4744	 0.806	0.8258	 1.185	  1.16	
val losses       26:	0.4693	 0.492	0.4294	0.3383	0.7976	0.8681	 0.485	0.4878	 1.677	 1.619	 1.815	 1.756	 | 0.9362 mean
                     	 1.304	 1.408	 1.091	0.8571	 2.089	 2.369	 1.211	 1.197	 4.819	 4.784	 4.491	 4.509	 | 3.279 quantile
                      	 5.586	  5.32	 2.561	 1.949	 5.247	  5.49	 1.898	 2.209	 13.76	 13.12	 7.063	 6.943	 | 13.76 max

train losses     28:	0.4668	0.4625	 0.402	 0.344	0.6209	0.6978	0.4592	0.4741	0.7585	  0.77	 1.148	 1.124	
val losses       28:	0.4672	0.4838	0.4217	0.3381	0.7858	0.8522	0.4856	 0.486	 1.628	 1.569	 1.746	 1.675	 | 0.9115 mean
                     	 1.289	 1.377	 1.072	0.8559	 2.053	 2.334	  1.21	 1.203	 4.624	 4.648	 4.346	 4.301	 | 3.153 quantile
                      	 5.432	 5.209	 2.527	 1.944	 5.148	 5.413	 1.897	 2.196	 14.48	 13.86	 6.789	 6.943	 | 14.48 max

train losses     30:	 0.459	 0.453	0.3943	0.3422	0.6062	0.6794	0.4592	 0.472	0.7075	0.7164	 1.115	 1.096	
val losses       30:	0.4647	0.4788	0.4104	0.3401	0.7726	0.8373	0.4846	0.4827	 1.624	 1.567	 1.689	 1.608	 | 0.8966 mean
                     	 1.274	 1.351	 1.057	0.8645	 2.025	 2.267	 1.204	 1.197	 4.689	 4.533	 4.231	 4.125	 | 3.052 quantile
                      	 5.263	 5.047	 2.508	 1.953	 5.125	 5.327	 1.879	 2.186	 15.15	 14.59	 6.713	 6.806	 | 15.15 max

train losses     32:	0.4502	0.4449	0.3903	0.3403	0.5885	0.6553	0.4591	0.4695	0.6683	0.6758	 1.086	 1.073	
val losses       32:	0.4592	0.4756	0.4086	0.3392	0.7589	0.8194	 0.484	0.4798	 1.569	  1.51	  1.63	 1.547	 | 0.8733 mean
                     	 1.258	 1.327	 1.046	0.8574	   2.0	 2.202	 1.202	   1.2	 4.489	 4.311	 4.087	 3.959	 | 2.94 quantile
                      	  5.14	 4.844	 2.508	 1.907	 5.337	 5.253	 1.862	 2.174	 15.79	 15.35	 6.556	 6.631	 | 15.79 max

train losses     34:	0.4427	0.4367	0.3872	0.3388	0.5671	 0.628	0.4584	 0.467	0.6611	0.6641	 1.064	 1.053	
val losses       34:	0.4558	0.4719	0.4071	0.3383	0.7393	0.7932	0.4839	0.4791	 1.514	  1.45	 1.574	 1.492	 | 0.8499 mean
                     	 1.233	 1.309	 1.057	0.8595	 1.939	 2.129	 1.203	 1.201	  4.35	 4.085	 4.003	 3.822	 | 2.838 quantile
                      	  5.01	  4.66	 2.474	 1.878	 5.553	 5.131	 1.865	 2.173	 16.37	 16.08	 6.355	  6.55	 | 16.37 max

train losses     36:	 0.438	0.4289	0.3822	0.3383	0.5441	0.6041	0.4568	0.4647	0.6382	0.6385	 1.043	 1.034	
val losses       36:	0.4516	0.4675	 0.402	0.3372	0.7132	0.7687	0.4841	0.4778	  1.48	 1.414	 1.529	 1.449	 | 0.8312 mean
                     	 1.217	 1.289	 1.047	0.8595	 1.868	 2.052	 1.203	 1.203	 4.203	 3.882	 3.898	 3.726	 | 2.747 quantile
                      	 4.878	 4.502	 2.397	 1.872	 5.846	 5.004	 1.935	 2.192	 16.82	 16.68	 6.118	 6.518	 | 16.82 max

train losses     38:	0.4345	0.4206	 0.379	0.3384	0.5229	0.5805	0.4551	0.4628	0.6136	0.6124	 1.025	 1.017	
val losses       38:	0.4498	0.4629	0.3995	0.3366	0.6888	0.7469	0.4839	 0.477	 1.462	 1.405	 1.498	 1.419	 | 0.8191 mean
                     	 1.206	 1.275	 1.046	0.8654	 1.798	 1.994	 1.206	 1.207	 4.158	 3.767	 3.846	 3.685	 | 2.681 quantile
                      	 4.736	 4.351	 2.384	 1.883	 6.232	 4.901	 2.006	 2.195	 17.27	 17.24	 6.015	 6.375	 | 17.27 max

train losses     40:	0.4324	0.4119	0.3774	0.3389	0.5038	0.5563	0.4535	0.4616	0.6006	0.6025	  1.01	   1.0	
val losses       40:	0.4499	0.4583	0.3977	0.3369	0.6661	0.7226	0.4843	0.4766	 1.451	 1.401	 1.468	 1.391	 | 0.8086 mean
                     	 1.204	 1.253	 1.047	0.8659	 1.747	 1.949	 1.207	 1.203	 4.047	 3.713	 3.782	 3.622	 | 2.634 quantile
                      	 4.593	 4.441	  2.36	 1.909	 6.646	 4.763	 2.076	 2.177	 17.68	 17.79	 5.863	  6.28	 | 17.79 max

train losses     42:	0.4305	0.4043	0.3769	 0.339	0.4851	0.5343	0.4521	  0.46	0.5971	0.5948	0.9919	0.9836	
val losses       42:	0.4503	 0.455	0.3957	 0.335	0.6443	0.6995	 0.485	0.4759	 1.436	 1.397	 1.435	 1.363	 | 0.7976 mean
                     	 1.206	  1.24	 1.036	0.8634	 1.677	 1.881	 1.211	 1.203	 4.022	 3.648	 3.693	 3.572	 | 2.57 quantile
                      	 4.469	 4.768	 2.369	 1.902	 6.934	 4.684	 2.142	 2.133	 18.01	 18.14	 5.737	 6.348	 | 18.14 max

train losses     44:	0.4286	0.3975	0.3756	0.3386	0.4709	0.5158	0.4505	0.4581	0.5969	0.5912	 0.977	0.9702	
val losses       44:	0.4484	 0.451	0.3976	0.3332	0.6284	 0.677	0.4852	0.4766	 1.379	 1.323	 1.423	 1.357	 | 0.7817 mean
                     	 1.202	 1.224	 1.045	0.8665	  1.64	  1.83	 1.209	 1.196	 3.786	 3.423	 3.687	  3.54	 | 2.517 quantile
                      	 4.396	 5.082	 2.407	 1.897	 7.376	 4.792	 2.142	 2.101	 18.38	 18.53	 5.767	 6.278	 | 18.53 max

train losses     46:	0.4258	0.3907	0.3759	0.3386	0.4629	0.5014	0.4493	0.4573	0.5773	  0.58	0.9688	0.9581	
val losses       46:	 0.446	0.4475	0.3953	0.3319	0.6135	0.6608	0.4849	0.4756	 1.378	 1.329	 1.408	 1.344	 | 0.7762 mean
                     	 1.193	 1.212	 1.041	0.8695	 1.592	 1.767	 1.212	 1.197	 3.691	 3.391	 3.686	 3.569	 | 2.508 quantile
                      	 4.366	 5.375	 2.429	 1.892	 7.852	   4.9	 2.145	 2.102	 18.71	 18.88	 5.813	 6.215	 | 18.88 max

train losses     48:	0.4225	0.3845	0.3755	0.3387	0.4511	0.4888	0.4483	0.4561	0.5919	 0.595	0.9549	0.9424	
val losses       48:	0.4444	0.4437	0.3914	0.3323	0.6006	0.6483	 0.485	0.4731	 1.409	 1.374	 1.385	 1.324	 | 0.776 mean
                     	 1.187	 1.198	 1.029	0.8828	 1.552	 1.717	 1.213	 1.193	 3.716	 3.415	 3.674	 3.548	 | 2.496 quantile
                      	 4.516	 5.598	 2.388	 1.853	   8.2	 5.022	 2.153	 2.129	 18.99	 19.08	 5.993	 6.278	 | 19.08 max

train losses     50:	0.4162	0.3776	0.3718	0.3378	0.4383	0.4734	0.4473	0.4536	0.5853	0.5831	0.9435	0.9361	
val losses       50:	 0.444	0.4407	0.3888	0.3317	0.5913	0.6372	0.4845	0.4714	 1.373	 1.339	 1.363	 1.309	 | 0.7644 mean
                     	 1.174	 1.189	  1.02	0.8853	 1.522	 1.689	 1.215	 1.194	 3.626	  3.33	 3.648	 3.513	 | 2.427 quantile
                      	 4.739	 5.764	 2.357	 1.869	  8.46	 5.169	 2.133	 2.159	 19.08	 19.12	 6.222	 6.456	 | 19.12 max

train losses     52:	0.4089	0.3716	0.3706	0.3383	0.4327	0.4653	0.4469	0.4527	0.5758	0.5761	0.9357	0.9327	
val losses       52:	 0.441	0.4388	0.3875	0.3295	0.5834	0.6243	 0.485	0.4715	 1.328	 1.278	 1.351	 1.303	 | 0.7518 mean
                     	 1.168	 1.171	 1.018	0.8681	 1.504	 1.654	 1.214	  1.19	 3.492	 3.211	 3.641	  3.53	 | 2.361 quantile
                      	 4.979	 5.932	   2.4	  1.84	 8.705	  5.27	 2.156	 2.155	 19.07	 19.15	 6.369	 6.561	 | 19.15 max

train losses     54:	0.4042	0.3662	0.3684	0.3384	0.4288	0.4578	0.4461	0.4513	0.5893	0.5858	0.9332	0.9282	
val losses       54:	0.4369	 0.436	0.3864	0.3294	0.5761	 0.614	0.4856	0.4714	 1.353	 1.322	 1.345	 1.302	 | 0.7548 mean
                     	 1.157	  1.16	 1.017	0.8694	 1.483	 1.625	 1.216	 1.186	 3.565	 3.276	 3.645	 3.551	 | 2.359 quantile
                      	 5.169	 6.141	  2.43	 1.855	 8.986	  5.34	 2.171	 2.153	 19.04	 19.14	 6.401	 6.555	 | 19.14 max

train losses     56:	 0.399	0.3603	0.3669	0.3382	0.4205	0.4462	0.4456	0.4505	0.5564	0.5554	 0.944	0.9342	
val losses       56:	0.4339	0.4309	0.3845	0.3296	0.5702	0.6085	0.4842	0.4707	 1.387	 1.361	 1.342	 1.299	 | 0.7584 mean
                     	  1.15	 1.162	 1.009	0.8694	 1.472	  1.61	 1.211	 1.188	 3.633	 3.346	 3.679	 3.544	 | 2.399 quantile
                      	 5.314	 6.419	 2.429	 1.911	 9.281	 5.466	 2.147	 2.162	 19.11	 19.21	 6.363	 6.508	 | 19.21 max

train losses     58:	0.3943	0.3535	0.3657	0.3376	0.4137	0.4393	0.4462	0.4499	0.5618	0.5589	0.9559	0.9481	
val losses       58:	0.4309	0.4274	0.3841	0.3296	 0.563	0.5995	0.4854	 0.471	 1.321	 1.283	 1.361	 1.317	 | 0.7477 mean
                     	 1.142	 1.152	 1.007	0.8717	 1.465	 1.589	 1.213	 1.182	 3.453	  3.21	 3.693	 3.505	 | 2.355 quantile
                      	 5.346	 6.588	 2.439	 1.943	 9.496	 5.594	 2.146	 2.155	 19.22	 19.32	 6.222	 6.318	 | 19.32 max

train losses     60:	0.3901	0.3495	0.3638	0.3378	0.4094	0.4338	0.4449	0.4492	0.5602	0.5614	0.9247	0.9116	
val losses       60:	0.4286	0.4251	0.3838	 0.329	0.5588	0.5948	0.4864	 0.471	   1.3	 1.253	 1.399	 1.361	 | 0.7492 mean
                     	 1.139	 1.147	 1.008	0.8683	 1.456	 1.585	 1.219	 1.185	  3.33	 3.148	 3.679	 3.523	 | 2.367 quantile
                      	 5.367	 6.681	 2.465	 1.932	 9.641	 5.733	 2.136	 2.151	 19.27	 19.38	 6.076	 6.103	 | 19.38 max

train losses     62:	 0.386	0.3453	0.3623	0.3378	0.4055	0.4298	0.4442	0.4485	0.5381	 0.542	0.8995	 0.888	
val losses       62:	0.4258	0.4218	 0.382	0.3292	0.5559	  0.59	0.4846	0.4706	 1.317	  1.28	 1.365	 1.325	 | 0.7456 mean
                     	 1.131	 1.134	 1.005	0.8732	 1.439	  1.57	 1.212	 1.186	   3.4	 3.219	 3.653	 3.495	 | 2.352 quantile
                      	 5.494	 6.885	 2.481	 1.947	 9.815	 5.844	 2.134	 2.155	 19.26	 19.41	   6.2	 6.258	 | 19.41 max

train losses     64:	0.3817	  0.34	 0.362	0.3369	0.4013	0.4241	0.4437	0.4477	0.5379	 0.542	0.8931	0.8874	
val losses       64:	 0.423	0.4188	0.3808	0.3287	0.5519	0.5811	0.4838	0.4706	 1.305	 1.265	 1.332	 1.296	 | 0.7365 mean
                     	 1.122	 1.128	 1.001	0.8709	 1.426	 1.564	 1.211	 1.189	  3.35	 3.185	 3.678	  3.49	 | 2.294 quantile
                      	 5.642	 7.025	 2.507	 1.934	 9.933	  5.94	 2.148	 2.159	 19.26	 19.46	 6.493	 6.565	 | 19.46 max

train losses     66:	0.3774	0.3357	0.3613	0.3364	0.3978	0.4186	 0.443	 0.447	0.5355	0.5398	0.8701	 0.863	
val losses       66:	0.4212	0.4162	0.3798	0.3285	0.5479	0.5757	0.4833	0.4703	 1.291	 1.245	 1.325	 1.291	 | 0.7313 mean
                     	 1.118	 1.119	 1.001	0.8653	 1.416	 1.554	  1.21	 1.188	 3.275	 3.129	 3.683	 3.495	 | 2.274 quantile
                      	 5.714	 7.152	 2.532	 1.935	 10.09	 6.063	 2.151	 2.166	 19.29	 19.54	 6.623	 6.691	 | 19.54 max

train losses     68:	0.3731	0.3312	0.3603	0.3362	 0.395	 0.415	0.4428	0.4467	0.5193	0.5225	0.8666	 0.855	
val losses       68:	0.4182	0.4129	0.3792	0.3293	 0.544	 0.572	0.4834	0.4707	 1.295	 1.252	 1.332	 1.297	 | 0.7322 mean
                     	 1.112	 1.106	0.9997	0.8754	 1.404	 1.541	 1.212	 1.191	 3.283	 3.151	 3.648	 3.482	 | 2.276 quantile
                      	 5.778	  7.36	 2.533	 2.001	 10.31	 6.148	 2.145	 2.163	 19.33	 19.58	 6.523	 6.569	 | 19.58 max

train losses     70:	0.3691	0.3268	0.3592	0.3364	0.3917	0.4108	0.4424	0.4463	0.5084	0.5123	0.8579	0.8449	
val losses       70:	0.4153	0.4103	0.3787	0.3293	0.5405	0.5678	0.4835	0.4715	 1.289	 1.245	  1.34	 1.305	 | 0.7313 mean
                     	 1.102	 1.096	0.9971	0.8711	 1.398	  1.53	 1.211	 1.193	 3.238	  3.12	 3.625	 3.462	 | 2.281 quantile
                      	 5.861	 7.559	 2.549	 2.019	 10.52	  6.24	 2.136	 2.156	 19.36	 19.63	 6.461	 6.489	 | 19.63 max

train losses     72:	0.3651	0.3231	 0.358	0.3366	0.3885	 0.407	 0.442	0.4457	0.5017	0.5056	 0.847	0.8349	
val losses       72:	0.4132	0.4077	0.3775	0.3291	0.5368	0.5635	0.4835	0.4708	 1.281	 1.235	 1.332	 1.298	 | 0.7273 mean
                     	   1.1	 1.091	0.9927	0.8704	 1.381	 1.522	 1.212	 1.194	 3.209	 3.078	 3.616	 3.447	 | 2.257 quantile
                      	 5.962	 7.728	 2.554	 2.017	 10.66	 6.383	 2.138	 2.166	 19.41	 19.68	 6.525	 6.551	 | 19.68 max

train losses     74:	0.3611	 0.319	 0.357	0.3364	0.3855	0.4036	0.4416	0.4451	0.4968	0.5004	 0.838	0.8273	
val losses       74:	0.4109	0.4051	0.3763	 0.329	0.5337	0.5594	0.4836	0.4701	 1.279	 1.236	 1.322	  1.29	 | 0.7246 mean
                     	 1.092	 1.084	0.9874	0.8714	 1.366	 1.511	 1.212	 1.193	 3.216	 3.064	 3.597	 3.454	 | 2.24 quantile
                      	 6.078	 7.913	 2.554	 2.002	  10.8	 6.532	  2.14	 2.178	 19.44	 19.74	 6.626	 6.656	 | 19.74 max

train losses     76:	0.3571	 0.315	0.3563	0.3361	0.3829	0.4003	0.4412	0.4445	0.4933	 0.497	0.8293	0.8188	
val losses       76:	0.4083	0.4026	0.3755	0.3287	0.5309	0.5553	0.4836	0.4699	 1.277	 1.235	 1.317	 1.287	 | 0.7225 mean
                     	 1.084	 1.073	0.9841	  0.87	  1.36	   1.5	 1.213	 1.193	 3.179	 3.046	 3.586	 3.454	 | 2.229 quantile
                      	 6.186	 8.084	 2.568	 1.982	 10.94	 6.681	 2.134	 2.183	 19.48	  19.8	 6.701	 6.727	 | 19.8 max

train losses     78:	0.3531	0.3112	0.3556	0.3358	0.3803	0.3972	0.4409	 0.444	0.4904	 0.494	0.8209	0.8101	
val losses       78:	0.4059	0.4001	0.3748	0.3284	0.5281	0.5515	0.4839	0.4697	 1.271	 1.228	 1.314	 1.286	 | 0.7202 mean
                     	 1.077	 1.065	0.9823	0.8671	 1.351	 1.493	 1.212	 1.193	 3.161	 3.015	 3.577	 3.462	 | 2.217 quantile
                      	 6.273	 8.237	 2.585	  1.97	 11.06	 6.828	 2.119	 2.188	 19.54	 19.87	 6.746	 6.766	 | 19.87 max

train losses     80:	0.3491	0.3074	0.3548	0.3355	0.3778	0.3942	0.4406	0.4435	0.4876	0.4912	 0.813	0.8018	
val losses       80:	0.4035	0.3977	0.3741	0.3282	0.5253	0.5481	0.4841	0.4694	 1.267	 1.223	 1.314	 1.286	 | 0.7183 mean
                     	 1.071	  1.06	0.9799	 0.865	 1.345	  1.48	 1.209	 1.195	 3.125	 2.968	 3.552	 3.453	 | 2.209 quantile
                      	 6.357	  8.39	 2.601	  1.96	 11.18	 6.971	 2.096	 2.191	 19.59	 19.94	 6.781	 6.796	 | 19.94 max

train losses     82:	0.3452	0.3037	 0.354	0.3353	0.3753	0.3911	0.4402	0.4429	0.4848	0.4885	 0.805	0.7935	
val losses       82:	 0.401	0.3953	0.3734	0.3279	0.5225	0.5447	0.4844	0.4693	 1.264	  1.22	 1.313	 1.286	 | 0.7168 mean
                     	 1.064	 1.047	0.9777	0.8635	 1.335	 1.474	 1.211	 1.197	 3.135	 2.957	 3.547	 3.454	 | 2.202 quantile
                      	 6.448	 8.546	 2.618	 1.947	 11.29	 7.114	 2.073	 2.195	 19.63	 20.03	  6.92	 6.831	 | 20.03 max

train losses     84:	0.3412	   0.3	0.3532	0.3351	0.3729	0.3882	0.4398	0.4424	0.4821	0.4859	0.7968	0.7851	
val losses       84:	0.3986	0.3928	0.3727	0.3276	0.5198	0.5415	0.4845	0.4691	 1.261	 1.217	 1.311	 1.285	 | 0.7151 mean
                     	 1.057	  1.04	0.9745	0.8606	 1.322	 1.464	  1.21	 1.198	 3.115	 2.925	 3.535	 3.454	 | 2.194 quantile
                      	 6.541	 8.699	 2.635	 1.928	  11.4	 7.253	  2.05	   2.2	 19.67	 20.11	 7.092	 6.965	 | 20.11 max

train losses     86:	0.3373	0.2964	0.3524	0.3348	0.3705	0.3854	0.4395	0.4418	0.4796	0.4836	0.7884	0.7766	
val losses       86:	0.3962	0.3903	 0.372	0.3272	0.5173	0.5386	0.4846	0.4689	 1.257	 1.213	  1.31	 1.284	 | 0.7133 mean
                     	 1.053	 1.035	0.9717	0.8604	 1.312	 1.455	  1.21	 1.198	 3.094	 2.903	 3.521	 3.448	 | 2.186 quantile
                      	 6.628	 8.847	 2.647	 1.909	 11.49	 7.408	 2.031	 2.203	  19.7	 20.18	 7.264	 7.122	 | 20.18 max

train losses     88:	0.3334	0.2928	0.3517	0.3344	0.3683	0.3826	0.4391	0.4412	0.4772	0.4814	0.7799	0.7681	
val losses       88:	0.3938	0.3878	0.3713	0.3268	 0.515	0.5358	0.4847	0.4687	 1.254	 1.209	 1.308	 1.283	 | 0.7116 mean
                     	 1.048	 1.028	0.9688	0.8602	 1.304	 1.443	  1.21	   1.2	 3.084	 2.873	 3.508	  3.44	 | 2.177 quantile
                      	 6.718	 8.993	 2.662	 1.895	 11.58	 7.567	 2.014	 2.205	 19.73	 20.26	 7.436	 7.286	 | 20.26 max

train losses     90:	0.3296	0.2894	 0.351	0.3341	0.3661	  0.38	0.4386	0.4406	0.4753	0.4796	0.7713	0.7596	
val losses       90:	0.3914	0.3853	0.3707	0.3263	0.5131	0.5331	0.4847	0.4685	 1.251	 1.206	 1.307	 1.282	 | 0.71 mean
                     	 1.042	 1.021	0.9678	0.8604	 1.296	 1.436	 1.209	   1.2	 3.066	 2.857	   3.5	 3.431	 | 2.169 quantile
                      	  6.81	 9.136	  2.68	 1.894	 11.67	 7.725	 1.999	 2.207	 19.76	 20.34	 7.607	 7.452	 | 20.34 max

train losses     92:	0.3258	 0.286	0.3504	0.3337	 0.364	0.3775	0.4382	  0.44	0.4741	0.4786	0.7629	0.7513	
val losses       92:	 0.389	0.3829	0.3701	0.3259	0.5114	0.5307	0.4847	0.4683	 1.249	 1.204	 1.305	 1.281	 | 0.7086 mean
                     	 1.037	  1.01	0.9681	0.8612	 1.292	 1.427	 1.209	   1.2	 3.065	  2.83	 3.489	 3.427	 | 2.161 quantile
                      	 6.903	  9.28	 2.698	 1.893	 11.75	 7.881	 1.986	 2.208	 19.78	 20.42	 7.775	 7.614	 | 20.42 max

train losses     94:	0.3222	0.2828	0.3499	0.3333	0.3621	0.3753	0.4378	0.4394	 0.474	0.4787	0.7549	0.7437	
val losses       94:	0.3866	0.3806	0.3695	0.3255	0.5099	0.5283	0.4847	0.4681	 1.248	 1.201	 1.304	  1.28	 | 0.7072 mean
                     	 1.034	 1.004	0.9671	0.8612	 1.289	 1.422	 1.208	   1.2	 3.072	 2.823	 3.489	 3.421	 | 2.152 quantile
                      	 6.997	 9.425	 2.715	 1.892	 11.83	  8.03	 1.969	  2.21	  19.8	 20.49	 7.935	 7.769	 | 20.49 max

train losses     96:	0.3186	0.2798	0.3493	 0.333	0.3603	0.3734	0.4374	0.4388	0.4755	0.4804	0.7482	0.7379	
val losses       96:	0.3843	0.3785	0.3689	0.3252	0.5085	0.5262	0.4846	0.4679	 1.247	 1.199	 1.301	 1.278	 | 0.7058 mean
                     	 1.027	0.9991	0.9666	 0.858	 1.283	 1.414	 1.206	 1.198	 3.066	 2.809	 3.499	 3.419	 | 2.147 quantile
                      	 7.094	 9.571	 2.731	 1.888	 11.91	 8.171	 1.951	 2.213	 19.81	 20.57	 8.085	 7.919	 | 20.57 max

train losses     98:	0.3151	0.2772	0.3488	0.3326	0.3586	0.3719	 0.437	0.4382	 0.479	 0.484	0.7451	0.7363	
val losses       98:	 0.382	0.3765	0.3682	0.3249	0.5073	0.5241	0.4845	0.4677	 1.246	 1.198	 1.299	 1.277	 | 0.7046 mean
                     	 1.022	0.9916	0.9634	0.8537	 1.277	 1.408	 1.204	 1.198	 3.055	 2.805	 3.511	 3.424	 | 2.138 quantile
                      	 7.194	 9.717	 2.747	 1.884	 11.99	   8.3	 1.933	 2.216	 19.82	 20.63	 8.215	 8.051	 | 20.63 max

train losses    100:	0.3117	0.2749	0.3483	0.3323	0.3572	 0.371	0.4367	0.4377	0.4849	  0.49	  0.75	0.7437	
val losses      100:	0.3797	0.3745	0.3676	0.3246	0.5061	0.5223	0.4844	0.4675	 1.246	 1.197	 1.298	 1.276	 | 0.7037 mean
                     	 1.016	0.9889	0.9616	0.8503	 1.264	 1.402	 1.204	 1.198	 3.038	 2.795	 3.519	 3.413	 | 2.13 quantile
                      	 7.289	  9.87	 2.762	 1.878	 12.06	 8.426	  1.92	 2.219	 19.81	 20.67	  8.33	 8.166	 | 20.67 max

train losses    102:	0.3085	0.2731	0.3478	 0.332	0.3559	0.3709	0.4365	0.4372	0.4941	0.4988	0.7691	0.7659	
val losses      102:	0.3775	0.3726	0.3671	0.3243	0.5048	0.5207	0.4845	0.4673	 1.243	 1.195	 1.302	  1.28	 | 0.7032 mean
                     	 1.011	0.9865	0.9601	0.8491	  1.26	  1.39	 1.201	 1.198	 3.037	 2.794	 3.537	 3.411	 | 2.128 quantile
                      	 7.389	 10.01	 2.774	  1.87	  12.1	 8.532	 1.924	  2.22	 19.76	 20.66	 8.455	 8.291	 | 20.66 max

train losses    104:	0.3055	0.2715	0.3474	0.3318	0.3546	0.3714	0.4365	0.4368	0.5032	 0.507	0.7947	0.7934	
val losses      104:	0.3754	 0.371	0.3668	0.3241	0.5036	0.5198	0.4849	0.4672	 1.241	 1.198	 1.314	 1.294	 | 0.705 mean
                     	 1.006	0.9806	0.9599	0.8457	 1.253	 1.379	 1.203	 1.196	 3.046	 2.825	 3.527	 3.444	 | 2.144 quantile
                      	 7.462	 10.12	 2.779	  1.86	 12.14	  8.59	 1.944	 2.217	 19.62	 20.56	 8.674	  8.51	 | 20.56 max

train losses    106:	0.3027	 0.269	0.3469	0.3315	0.3524	0.3684	0.4359	0.4361	0.4939	0.4967	0.7786	0.7724	
val losses      106:	0.3734	0.3699	0.3667	0.3242	0.5037	0.5225	0.4855	0.4667	 1.254	 1.216	 1.336	 1.319	 | 0.7115 mean
                     	0.9965	0.9779	0.9575	0.8447	  1.25	 1.369	 1.203	 1.193	 3.065	 2.886	 3.588	 3.512	 | 2.189 quantile
                      	 7.535	 10.23	 2.772	 1.853	 12.17	 8.597	 1.975	 2.215	 19.42	  20.4	 8.958	  8.79	 | 20.4 max

train losses    108:	0.3001	0.2652	0.3461	0.3313	0.3498	 0.362	0.4347	0.4352	  0.48	0.4825	0.7213	0.7092	
val losses      108:	0.3717	0.3687	 0.366	0.3241	0.5041	0.5236	0.4846	0.4657	 1.259	 1.222	 1.332	 1.315	 | 0.7114 mean
                     	0.9931	0.9702	0.9562	0.8426	 1.247	 1.371	   1.2	 1.193	 3.081	 2.893	 3.561	 3.485	 | 2.186 quantile
                      	 7.612	 10.35	 2.767	 1.851	 12.19	 8.626	 1.999	 2.222	 19.33	 20.33	  9.08	   8.9	 | 20.33 max

train losses    110:	0.2975	0.2621	0.3456	0.3311	0.3489	0.3597	 0.434	0.4344	0.4842	0.4883	0.6965	 0.686	
val losses      110:	0.3699	0.3669	0.3649	0.3239	0.5028	0.5188	0.4832	 0.465	 1.247	 1.208	  1.31	 1.293	 | 0.7044 mean
                     	0.9883	0.9675	0.9548	0.8442	 1.245	 1.366	 1.202	 1.194	 3.059	 2.861	 3.514	 3.427	 | 2.146 quantile
                      	 7.715	 10.48	  2.77	 1.851	 12.23	 8.722	 2.007	 2.229	 19.39	 20.37	 9.059	 8.862	 | 20.37 max

train losses    112:	 0.295	0.2597	0.3452	0.3309	0.3474	 0.358	0.4334	0.4337	0.4794	 0.485	0.6883	0.6807	
val losses      112:	 0.368	0.3655	0.3642	0.3237	0.5015	0.5157	0.4824	0.4646	  1.24	 1.197	 1.299	 1.281	 | 0.7003 mean
                     	0.9852	0.9663	0.9552	0.8426	 1.241	 1.367	 1.199	 1.197	 3.047	 2.822	 3.518	 3.401	 | 2.114 quantile
                      	 7.828	 10.65	 2.773	 1.853	 12.29	 8.834	 2.011	 2.232	 19.46	 20.44	 9.078	 8.864	 | 20.44 max

train losses    114:	0.2928	0.2575	0.3448	0.3307	0.3452	0.3551	0.4329	0.4332	0.4671	0.4742	0.6875	0.6798	
val losses      114:	0.3664	0.3641	0.3638	0.3237	0.5002	0.5141	0.4824	0.4644	 1.233	  1.19	 1.296	 1.278	 | 0.6979 mean
                     	0.9829	 0.965	0.9543	0.8427	 1.234	 1.367	 1.199	 1.196	 3.026	 2.813	 3.503	 3.393	 | 2.096 quantile
                      	 7.939	 10.83	 2.769	 1.852	 12.36	 8.925	 2.029	 2.241	 19.44	 20.46	 9.208	 8.978	 | 20.46 max

train losses    116:	0.2906	0.2559	0.3444	0.3305	0.3435	0.3528	0.4327	0.4329	0.4651	0.4722	0.7007	0.6926	
val losses      116:	0.3649	0.3625	0.3636	0.3237	0.4988	0.5132	0.4828	0.4642	 1.231	 1.188	 1.296	 1.279	 | 0.6973 mean
                     	0.9768	0.9603	0.9502	0.8411	 1.233	 1.359	   1.2	 1.194	 3.026	 2.806	 3.497	 3.405	 | 2.097 quantile
                      	 8.057	 11.03	 2.764	 1.845	 12.42	 8.999	 2.056	 2.274	 19.37	 20.44	 9.375	 9.142	 | 20.44 max

train losses    118:	0.2886	0.2544	 0.344	0.3305	0.3433	 0.352	0.4324	0.4326	0.4889	0.4932	0.7179	0.7087	
val losses      118:	0.3634	0.3609	0.3633	0.3237	0.4977	0.5129	0.4834	0.4642	 1.231	  1.19	 1.301	 1.285	 | 0.6981 mean
                     	0.9709	0.9539	0.9505	0.8404	 1.225	 1.353	 1.201	 1.193	 3.034	 2.804	 3.495	 3.415	 | 2.101 quantile
                      	 8.171	 11.21	 2.754	 1.838	 12.49	 9.061	 2.082	 2.295	  19.3	  20.4	 9.508	 9.281	 | 20.4 max

train losses    120:	0.2867	 0.253	0.3436	0.3305	0.3448	0.3529	0.4321	0.4324	0.5358	0.5351	0.7331	0.7216	
val losses      120:	 0.362	0.3596	0.3626	0.3236	0.4964	0.5119	0.4836	 0.464	 1.224	 1.182	 1.305	 1.291	 | 0.6971 mean
                     	0.9665	0.9497	0.9496	0.8387	 1.223	 1.355	 1.201	 1.192	  3.01	 2.793	 3.487	 3.413	 | 2.099 quantile
                      	 8.259	 11.34	 2.731	 1.839	 12.54	 9.108	 2.098	 2.298	  19.3	 20.36	 9.614	  9.39	 | 20.36 max

train losses    122:	0.2849	0.2517	0.3432	0.3305	0.3461	0.3544	0.4317	0.4321	0.5705	0.5669	0.7408	0.7259	
val losses      122:	0.3605	0.3584	0.3618	0.3234	0.4952	0.5101	0.4835	0.4639	 1.213	 1.166	 1.312	 1.298	 | 0.6956 mean
                     	0.9622	0.9454	0.9483	 0.841	 1.228	 1.362	 1.203	 1.188	 2.985	 2.737	  3.49	 3.421	 | 2.091 quantile
                      	  8.29	 11.42	 2.711	  1.85	  12.6	 9.144	 2.105	 2.291	 19.42	 20.36	 9.769	 9.536	 | 20.36 max

train losses    124:	0.2827	0.2502	0.3425	0.3302	0.3429	0.3519	0.4311	0.4312	0.5293	0.5307	0.7159	0.6989	
val losses      124:	0.3591	0.3578	0.3613	0.3234	0.4963	0.5103	0.4834	0.4642	 1.223	 1.167	 1.329	 1.313	 | 0.699 mean
                     	0.9597	0.9448	0.9469	0.8428	 1.233	 1.361	 1.202	 1.184	  2.96	 2.689	 3.504	 3.424	 | 2.123 quantile
                      	 8.301	 11.47	 2.698	 1.866	 12.67	 9.173	 2.108	 2.284	 19.56	 20.35	 9.955	 9.701	 | 20.35 max

train losses    126:	0.2807	0.2485	0.3418	0.3297	 0.338	0.3476	0.4304	0.4299	0.4621	0.4716	0.6706	0.6556	
val losses      126:	0.3578	 0.357	0.3609	0.3233	0.4957	0.5097	 0.483	0.4638	 1.225	  1.17	 1.331	 1.315	 | 0.6993 mean
                     	0.9559	0.9406	0.9438	 0.844	  1.23	 1.361	 1.201	 1.183	 2.977	 2.698	 3.497	 3.407	 | 2.123 quantile
                      	 8.378	 11.58	 2.687	  1.87	  12.7	  9.21	  2.12	 2.291	 19.51	 20.29	 10.03	 9.773	 | 20.29 max

train losses    128:	0.2791	0.2476	0.3414	0.3296	0.3362	0.3457	0.4298	0.4291	0.4506	0.4596	 0.652	0.6407	
val losses      128:	0.3567	0.3556	0.3605	 0.323	0.4933	 0.508	0.4824	0.4625	 1.219	 1.174	 1.312	 1.298	 | 0.6954 mean
                     	 0.955	0.9358	0.9402	0.8403	 1.222	 1.361	   1.2	 1.185	 3.027	 2.771	  3.46	 3.418	 | 2.095 quantile
                      	 8.516	 11.74	 2.681	 1.857	 12.71	 9.266	  2.14	 2.312	 19.33	 20.21	 9.994	 9.755	 | 20.21 max

train losses    130:	0.2776	0.2464	0.3411	0.3296	0.3344	0.3434	0.4292	0.4284	 0.444	0.4515	0.6461	0.6379	
val losses      130:	0.3558	0.3545	0.3603	0.3231	0.4928	0.5078	0.4818	0.4615	 1.227	 1.187	 1.298	 1.286	 | 0.6946 mean
                     	0.9499	0.9315	0.9411	0.8382	 1.211	 1.358	 1.197	 1.188	 3.081	 2.829	 3.439	 3.378	 | 2.091 quantile
                      	 8.645	  11.9	 2.682	 1.846	 12.73	  9.35	  2.15	 2.342	 19.21	  20.2	 9.982	 9.745	 | 20.2 max

train losses    132:	 0.276	0.2449	0.3409	0.3294	0.3327	0.3413	0.4287	0.4277	0.4343	 0.442	0.6349	0.6279	
val losses      132:	0.3546	0.3535	0.3602	0.3231	0.4921	0.5065	0.4815	0.4612	 1.226	 1.186	 1.294	 1.281	 | 0.6933 mean
                     	0.9475	 0.928	0.9399	0.8379	 1.212	 1.355	 1.198	 1.186	 3.083	 2.824	 3.439	  3.36	 | 2.079 quantile
                      	 8.734	 12.03	 2.698	 1.842	 12.79	 9.451	 2.152	 2.378	 19.23	 20.28	 10.06	 9.813	 | 20.28 max

train losses    134:	0.2744	0.2437	0.3407	0.3293	0.3316	  0.34	0.4283	0.4272	0.4318	0.4399	0.6261	0.6184	
val losses      134:	0.3534	0.3526	0.3604	0.3231	0.4912	 0.505	0.4814	0.4613	 1.219	 1.177	 1.296	 1.282	 | 0.6918 mean
                     	0.9455	0.9275	0.9419	 0.837	  1.21	 1.348	 1.197	 1.186	 3.049	 2.778	 3.444	 3.374	 | 2.069 quantile
                      	 8.799	 12.14	 2.723	 1.842	 12.88	 9.555	 2.154	 2.415	 19.31	 20.39	 10.22	 9.944	 | 20.39 max

train losses    136:	 0.273	0.2425	0.3405	0.3291	0.3305	0.3388	0.4279	0.4266	  0.43	0.4383	0.6214	0.6125	
val losses      136:	0.3522	0.3517	0.3605	0.3232	0.4906	 0.504	0.4814	0.4614	 1.215	 1.172	   1.3	 1.285	 | 0.6915 mean
                     	0.9417	0.9257	0.9423	0.8372	 1.212	 1.345	 1.199	 1.185	 3.024	 2.754	 3.462	 3.386	 | 2.069 quantile
                      	 8.867	 12.25	 2.744	 1.842	 12.97	 9.652	  2.16	 2.448	 19.38	 20.48	 10.39	 10.09	 | 20.48 max

train losses    138:	0.2716	0.2415	0.3402	 0.329	0.3294	0.3375	0.4274	 0.426	0.4271	0.4356	0.6165	 0.607	
val losses      138:	0.3511	0.3507	0.3606	0.3232	  0.49	0.5032	0.4813	0.4614	 1.215	 1.173	 1.303	 1.288	 | 0.6917 mean
                     	0.9372	0.9227	0.9436	 0.838	 1.212	 1.341	 1.199	 1.184	 3.029	 2.756	 3.471	   3.4	 | 2.069 quantile
                      	  8.95	 12.37	 2.753	  1.84	 13.05	 9.743	  2.17	 2.475	  19.4	 20.54	 10.54	 10.22	 | 20.54 max

train losses    140:	0.2702	0.2405	  0.34	0.3289	0.3282	0.3363	0.4269	0.4254	 0.425	0.4335	0.6103	0.6009	
val losses      140:	0.3501	0.3498	0.3605	0.3233	0.4894	0.5026	0.4811	0.4612	 1.216	 1.175	 1.304	 1.288	 | 0.6918 mean
                     	0.9356	0.9199	0.9426	 0.837	 1.207	 1.336	 1.199	 1.185	 3.044	 2.762	 3.477	   3.4	 | 2.067 quantile
                      	 9.044	 12.49	 2.753	 1.837	 13.13	  9.83	  2.18	 2.497	 19.41	 20.58	 10.67	 10.33	 | 20.58 max

train losses    142:	0.2688	0.2395	0.3398	0.3288	0.3271	 0.335	0.4264	0.4248	0.4234	0.4317	0.6039	0.5948	
val losses      142:	0.3491	0.3489	0.3603	0.3233	0.4888	0.5019	0.4809	0.4609	 1.217	 1.176	 1.304	 1.288	 | 0.6916 mean
                     	0.9288	0.9171	0.9418	0.8362	 1.204	 1.337	 1.199	 1.184	 3.059	 2.772	 3.463	 3.393	 | 2.063 quantile
                      	  9.14	 12.61	 2.746	 1.834	  13.2	 9.913	 2.191	 2.517	 19.41	 20.62	 10.78	 10.43	 | 20.62 max

train losses    144:	0.2675	0.2386	0.3395	0.3287	 0.326	0.3337	0.4259	0.4241	0.4217	0.4301	0.5979	0.5892	
val losses      144:	0.3481	0.3481	0.3601	0.3232	0.4883	0.5012	0.4806	0.4606	 1.217	 1.177	 1.303	 1.287	 | 0.6912 mean
                     	0.9257	0.9119	0.9407	0.8352	   1.2	 1.336	 1.198	 1.185	 3.055	 2.765	 3.457	 3.388	 | 2.06 quantile
                      	 9.234	 12.74	 2.736	 1.832	 13.28	 9.996	 2.202	 2.535	 19.42	 20.66	 10.89	 10.52	 | 20.66 max

train losses    146:	0.2662	0.2376	0.3392	0.3286	0.3249	0.3324	0.4253	0.4234	0.4201	0.4285	0.5921	0.5839	
val losses      146:	0.3471	0.3473	0.3599	0.3232	0.4879	0.5006	0.4803	0.4603	 1.217	 1.177	 1.302	 1.286	 | 0.6908 mean
                     	0.9233	0.9094	 0.939	0.8345	 1.199	 1.332	 1.197	 1.185	  3.05	 2.759	 3.446	 3.383	 | 2.059 quantile
                      	 9.328	 12.86	 2.725	  1.83	 13.35	 10.08	 2.213	 2.553	 19.43	 20.71	  11.0	 10.61	 | 20.71 max

train losses    148:	 0.265	0.2367	 0.339	0.3285	0.3239	0.3312	0.4248	0.4227	0.4185	 0.427	0.5867	0.5786	
val losses      148:	0.3462	0.3465	0.3596	0.3231	0.4874	   0.5	  0.48	  0.46	 1.217	 1.177	 1.303	 1.286	 | 0.6905 mean
                     	0.9195	0.9056	0.9376	 0.834	 1.198	 1.326	 1.198	 1.185	 3.044	 2.752	 3.442	 3.376	 | 2.057 quantile
                      	 9.418	 12.98	 2.712	 1.829	 13.42	 10.15	 2.223	 2.575	 19.44	 20.74	  11.1	  10.7	 | 20.74 max

train losses    150:	0.2638	0.2359	0.3387	0.3284	0.3228	  0.33	0.4242	0.4221	0.4169	0.4255	0.5817	0.5738	
val losses      150:	0.3453	0.3456	0.3593	0.3231	 0.487	0.4994	0.4797	0.4597	 1.218	 1.177	 1.303	 1.286	 | 0.6902 mean
                     	0.9151	0.9011	0.9373	0.8338	 1.194	 1.321	 1.198	 1.187	  3.04	 2.746	 3.443	 3.362	 | 2.054 quantile
                      	 9.507	 13.11	 2.699	 1.827	 13.49	 10.23	 2.232	 2.599	 19.45	 20.78	 11.19	 10.78	 | 20.78 max

train losses    152:	0.2626	 0.235	0.3385	0.3282	0.3217	0.3289	0.4237	0.4214	0.4154	 0.424	0.5782	0.5703	
val losses      152:	0.3444	0.3449	0.3591	 0.323	0.4866	0.4988	0.4794	0.4593	 1.218	 1.177	 1.303	 1.287	 | 0.69 mean
                     	0.9117	0.8974	0.9361	0.8332	 1.189	 1.319	 1.198	 1.186	 3.039	 2.744	 3.435	 3.358	 | 2.051 quantile
                      	 9.596	 13.23	 2.684	 1.826	 13.55	  10.3	 2.242	 2.617	 19.46	 20.82	 11.28	 10.85	 | 20.82 max

train losses    154:	0.2614	0.2342	0.3382	0.3281	0.3207	0.3277	0.4232	0.4207	 0.414	0.4227	0.5795	0.5717	
val losses      154:	0.3435	0.3441	0.3588	 0.323	0.4862	0.4982	0.4791	 0.459	 1.218	 1.177	 1.305	 1.288	 | 0.69 mean
                     	 0.907	0.8966	0.9354	0.8336	 1.188	 1.317	 1.199	 1.186	 3.039	 2.755	 3.432	 3.336	 | 2.047 quantile
                      	 9.687	 13.35	 2.667	 1.824	 13.62	 10.38	 2.252	 2.636	 19.47	 20.85	 11.35	  10.9	 | 20.85 max

train losses    156:	0.2603	0.2335	 0.338	 0.328	0.3196	0.3265	0.4228	0.4202	 0.413	0.4217	0.5958	0.5879	
val losses      156:	0.3427	0.3433	0.3585	0.3229	0.4857	0.4976	 0.479	0.4587	 1.219	 1.178	 1.308	 1.291	 | 0.6904 mean
                     	0.9063	0.8952	0.9342	 0.834	 1.186	 1.316	 1.199	 1.189	 3.037	  2.75	 3.439	 3.315	 | 2.043 quantile
                      	 9.778	 13.48	 2.647	 1.823	 13.68	 10.45	 2.262	  2.66	 19.46	 20.87	  11.4	 10.94	 | 20.87 max

train losses    158:	0.2592	0.2328	0.3378	0.3278	0.3187	0.3255	0.4227	  0.42	0.4121	0.4212	0.6413	0.6338	
val losses      158:	0.3419	0.3427	0.3583	0.3228	0.4852	0.4973	0.4794	0.4589	 1.221	 1.181	 1.315	 1.298	 | 0.6918 mean
                     	0.9067	0.8925	0.9324	0.8329	 1.183	 1.314	 1.201	 1.184	  3.05	 2.767	 3.441	 3.315	 | 2.063 quantile
                      	 9.861	  13.6	 2.628	 1.823	 13.74	 10.51	 2.277	 2.682	 19.45	 20.87	 11.48	 11.02	 | 20.87 max

train losses    160:	0.2582	0.2321	0.3374	0.3277	0.3177	0.3245	0.4225	0.4198	0.4109	0.4204	0.6739	0.6674	
val losses      160:	0.3411	0.3421	0.3581	0.3228	0.4845	0.4969	0.4801	0.4591	 1.218	 1.178	  1.33	 1.311	 | 0.6936 mean
                     	0.9053	0.8867	 0.931	0.8323	 1.182	 1.316	   1.2	 1.181	 3.046	 2.754	 3.463	 3.403	 | 2.092 quantile
                      	 9.924	  13.7	 2.616	 1.822	 13.81	 10.56	 2.301	 2.696	 19.45	 20.85	 11.65	 11.18	 | 20.85 max

train losses    162:	0.2574	0.2313	 0.337	0.3276	0.3168	0.3236	0.4211	0.4184	0.4142	0.4235	0.6058	0.6003	
val losses      162:	0.3401	0.3417	0.3575	0.3227	0.4844	0.4964	0.4789	0.4577	 1.211	  1.17	 1.313	 1.291	 | 0.6887 mean
                     	0.9023	0.8848	0.9278	0.8313	 1.184	 1.309	   1.2	 1.178	 3.002	 2.703	 3.505	 3.416	 | 2.069 quantile
                      	 9.983	 13.78	 2.601	 1.818	 13.89	  10.6	 2.327	 2.706	  19.5	 20.84	 11.79	 11.31	 | 20.84 max

train losses    164:	0.2566	0.2307	0.3367	0.3276	0.3159	0.3225	0.4202	0.4172	0.4145	 0.423	0.5606	0.5545	
val losses      164:	0.3392	0.3413	0.3568	0.3227	0.4853	0.4965	0.4771	 0.456	 1.219	 1.176	 1.296	 1.277	 | 0.687 mean
                     	0.9019	0.8842	0.9252	0.8305	 1.178	 1.303	   1.2	 1.182	 3.027	 2.719	 3.429	 3.339	 | 2.038 quantile
                      	 10.06	 13.88	  2.58	 1.816	 13.95	 10.66	 2.342	 2.725	 19.56	 20.87	 11.79	  11.3	 | 20.87 max

train losses    166:	0.2556	0.2303	0.3364	0.3275	0.3147	0.3213	0.4197	0.4163	0.4076	0.4159	0.5642	0.5569	
val losses      166:	0.3384	0.3407	0.3565	0.3226	0.4858	0.4967	0.4767	0.4556	  1.23	 1.188	 1.299	 1.281	 | 0.6893 mean
                     	0.8999	0.8835	0.9251	0.8311	 1.179	 1.299	 1.198	 1.178	  3.06	 2.764	 3.426	 3.339	 | 2.047 quantile
                      	 10.15	  14.0	 2.561	 1.816	  14.0	 10.74	  2.35	 2.755	 19.59	 20.92	 11.77	 11.27	 | 20.92 max

train losses    168:	0.2547	0.2299	0.3363	0.3273	0.3138	0.3204	0.4191	0.4156	0.4069	0.4152	0.5629	0.5542	
val losses      168:	0.3379	  0.34	0.3565	0.3225	0.4848	0.4958	0.4768	0.4557	 1.225	 1.183	 1.302	 1.284	 | 0.6887 mean
                     	0.8971	0.8802	 0.924	0.8315	 1.174	 1.292	   1.2	 1.177	 3.038	 2.745	 3.417	 3.322	 | 2.046 quantile
                      	 10.24	 14.12	 2.552	 1.815	 14.05	 10.81	 2.357	 2.789	 19.59	 20.96	  11.8	 11.29	 | 20.96 max

train losses    170:	0.2539	0.2293	0.3361	0.3272	0.3129	0.3194	0.4185	0.4149	0.4073	0.4154	0.5687	0.5605	
val losses      170:	0.3374	0.3394	0.3566	0.3225	0.4837	0.4949	0.4767	0.4554	 1.218	 1.177	 1.301	 1.281	 | 0.687 mean
                     	 0.895	0.8805	0.9234	0.8331	 1.171	 1.288	   1.2	 1.176	  3.02	 2.729	 3.425	 3.317	 | 2.038 quantile
                      	 10.32	 14.23	 2.551	 1.813	  14.1	 10.88	 2.367	 2.824	 19.57	 20.97	 11.89	 11.37	 | 20.97 max

train losses    172:	0.2531	0.2287	0.3359	 0.327	0.3119	0.3183	0.4179	0.4143	0.4059	0.4138	0.5789	0.5715	
val losses      172:	0.3367	0.3389	0.3564	0.3224	0.4835	0.4946	0.4762	0.4549	 1.221	 1.181	 1.297	 1.277	 | 0.6866 mean
                     	0.8922	 0.875	 0.924	0.8316	  1.17	 1.291	 1.198	 1.176	 3.032	 2.757	 3.416	 3.332	 | 2.037 quantile
                      	 10.39	 14.33	 2.545	 1.812	 14.15	 10.94	 2.379	 2.853	 19.56	 20.97	 11.99	 11.46	 | 20.97 max

train losses    174:	0.2523	0.2282	0.3357	0.3269	 0.311	0.3174	0.4175	0.4137	0.4043	 0.412	0.5974	0.5904	
val losses      174:	 0.336	0.3385	0.3562	0.3223	0.4837	0.4946	0.4758	0.4544	 1.225	 1.185	 1.296	 1.276	 | 0.687 mean
                     	0.8912	0.8726	0.9231	0.8315	 1.166	  1.29	 1.196	 1.174	 3.045	 2.767	 3.421	 3.337	 | 2.043 quantile
                      	 10.45	 14.42	  2.53	 1.811	 14.19	  11.0	 2.391	 2.874	 19.58	 20.96	 12.06	 11.54	 | 20.96 max

train losses    176:	0.2517	 0.228	0.3355	0.3268	0.3101	0.3166	0.4171	0.4131	0.4049	0.4121	0.6255	0.6185	
val losses      176:	0.3354	0.3381	0.3559	0.3223	0.4836	0.4944	0.4756	 0.454	 1.223	 1.182	   1.3	  1.28	 | 0.687 mean
                     	 0.889	 0.869	0.9217	0.8312	 1.164	 1.285	 1.196	 1.175	 3.044	 2.745	 3.422	 3.345	 | 2.049 quantile
                      	 10.51	  14.5	  2.51	 1.812	 14.23	 11.03	 2.406	 2.887	  19.6	 20.93	 12.11	  11.6	 | 20.93 max

train losses    178:	0.2512	0.2277	0.3352	0.3267	0.3092	0.3158	0.4167	0.4125	0.4067	0.4127	 0.647	0.6389	
val losses      178:	 0.335	0.3377	0.3556	0.3222	0.4833	0.4942	0.4756	0.4537	 1.219	 1.176	  1.31	 1.289	 | 0.6876 mean
                     	0.8886	  0.87	0.9202	0.8313	 1.164	  1.29	 1.195	 1.174	 3.017	 2.714	 3.433	 3.374	 | 2.054 quantile
                      	 10.54	 14.55	 2.491	 1.814	 14.27	 11.05	 2.421	 2.892	 19.62	 20.89	 12.16	 11.66	 | 20.89 max

train losses    180:	0.2504	0.2273	0.3349	0.3266	0.3084	0.3148	0.4159	0.4116	0.4064	0.4118	0.6359	0.6251	
val losses      180:	0.3348	0.3375	0.3554	0.3221	0.4831	0.4941	0.4754	0.4532	 1.218	 1.175	 1.322	 1.302	 | 0.6894 mean
                     	0.8863	0.8693	0.9206	0.8314	 1.163	  1.29	 1.194	 1.173	  3.02	 2.718	 3.454	 3.399	 | 2.066 quantile
                      	 10.56	 14.59	 2.478	 1.817	 14.31	 11.07	 2.437	 2.896	 19.64	 20.84	 12.22	 11.73	 | 20.84 max

train losses    182:	0.2495	0.2266	0.3346	0.3264	0.3077	 0.314	0.4148	0.4105	0.4029	0.4092	0.5885	0.5753	
val losses      182:	0.3345	0.3372	0.3551	0.3221	 0.483	 0.494	 0.475	0.4525	 1.221	 1.178	 1.329	 1.308	 | 0.6908 mean
                     	0.8845	0.8683	0.9178	0.8321	  1.16	  1.29	 1.192	 1.172	 3.044	 2.735	  3.46	 3.381	 | 2.075 quantile
                      	 10.59	 14.64	  2.47	 1.823	 14.36	 11.09	 2.451	 2.914	 19.65	  20.8	 12.26	 11.77	 | 20.8 max

train losses    184:	0.2486	0.2259	0.3344	0.3262	0.3069	0.3132	0.4138	0.4093	0.3978	0.4056	0.5394	0.5267	
val losses      184:	0.3339	0.3367	0.3549	 0.322	0.4829	0.4937	0.4743	0.4519	 1.223	  1.18	 1.324	 1.304	 | 0.6901 mean
                     	0.8833	 0.867	 0.918	0.8313	 1.164	 1.284	  1.19	 1.171	  3.04	 2.752	 3.437	 3.375	 | 2.07 quantile
                      	 10.65	 14.71	 2.461	 1.828	 14.39	 11.14	 2.462	 2.944	 19.66	 20.79	 12.28	 11.79	 | 20.79 max

train losses    186:	0.2479	0.2253	0.3342	 0.326	 0.306	0.3123	0.4129	0.4084	0.3935	0.4022	0.5149	0.5054	
val losses      186:	0.3332	0.3361	0.3548	 0.322	0.4826	0.4933	0.4736	0.4512	 1.223	  1.18	 1.315	 1.295	 | 0.6883 mean
                     	0.8827	0.8625	0.9181	0.8314	 1.162	  1.28	  1.19	  1.17	 3.042	  2.75	 3.422	  3.37	 | 2.054 quantile
                      	 10.72	 14.81	 2.453	 1.831	 14.43	 11.21	 2.471	 2.977	 19.66	  20.8	 12.28	  11.8	 | 20.8 max

train losses    188:	0.2472	0.2248	 0.334	0.3259	0.3051	0.3114	0.4122	0.4075	0.3907	0.3995	0.5076	 0.501	
val losses      188:	0.3325	0.3356	0.3547	 0.322	0.4823	0.4929	 0.473	0.4507	 1.223	 1.181	 1.306	 1.287	 | 0.6868 mean
                     	0.8792	 0.861	0.9196	0.8311	  1.16	 1.274	 1.187	 1.171	 3.043	 2.752	 3.419	 3.353	 | 2.042 quantile
                      	 10.79	 14.92	 2.454	 1.835	 14.46	 11.29	  2.48	 3.012	 19.66	 20.83	 12.29	 11.81	 | 20.83 max

train losses    190:	0.2466	0.2243	0.3339	0.3258	0.3042	0.3104	0.4115	0.4067	0.3889	0.3974	0.5041	0.4992	
val losses      190:	0.3319	0.3351	0.3547	 0.322	0.4821	0.4925	0.4725	0.4501	 1.225	 1.183	 1.302	 1.282	 | 0.6861 mean
                     	0.8781	0.8581	0.9205	0.8306	 1.156	 1.267	 1.185	 1.168	 3.047	 2.765	 3.418	 3.343	 | 2.039 quantile
                      	 10.88	 15.03	 2.456	 1.841	 14.51	 11.38	 2.491	 3.053	 19.67	 20.87	 12.33	 11.85	 | 20.87 max

train losses    192:	 0.246	0.2239	0.3338	0.3257	0.3034	0.3095	0.4108	0.4058	0.3873	0.3957	0.4993	 0.495	
val losses      192:	0.3314	0.3346	0.3547	 0.322	0.4819	0.4922	0.4721	0.4497	 1.227	 1.185	   1.3	  1.28	 | 0.6859 mean
                     	0.8767	0.8567	0.9203	0.8301	 1.156	 1.267	 1.185	 1.167	 3.051	 2.769	   3.4	 3.329	 | 2.037 quantile
                      	 10.95	 15.14	 2.458	 1.848	 14.56	 11.46	 2.504	 3.091	 19.68	  20.9	 12.39	 11.91	 | 20.9 max

train losses    194:	0.2454	0.2235	0.3337	0.3256	0.3026	0.3087	  0.41	 0.405	 0.386	0.3943	0.4937	0.4893	
val losses      194:	 0.331	0.3342	0.3546	 0.322	0.4817	0.4919	0.4717	0.4492	 1.228	 1.187	 1.299	  1.28	 | 0.6859 mean
                     	0.8755	0.8534	0.9194	0.8287	 1.155	 1.266	 1.186	 1.168	 3.056	  2.78	 3.393	 3.321	 | 2.039 quantile
                      	 11.02	 15.24	 2.458	 1.855	 14.62	 11.54	 2.519	 3.126	 19.69	 20.93	 12.46	 11.98	 | 20.93 max

train losses    196:	0.2448	0.2232	0.3336	0.3255	0.3019	0.3078	0.4093	0.4042	0.3846	0.3929	0.4884	0.4837	
val losses      196:	0.3305	0.3338	0.3546	 0.322	0.4814	0.4916	0.4713	0.4488	 1.229	 1.188	   1.3	 1.281	 | 0.686 mean
                     	0.8737	0.8524	0.9203	0.8287	 1.155	 1.261	 1.183	 1.167	 3.054	 2.784	 3.398	 3.318	 | 2.04 quantile
                      	 11.09	 15.33	 2.456	 1.863	 14.69	 11.62	 2.535	 3.158	 19.71	 20.96	 12.54	 12.05	 | 20.96 max

train losses    198:	0.2442	0.2229	0.3335	0.3253	0.3011	 0.307	0.4085	0.4033	0.3833	0.3917	0.4838	0.4788	
val losses      198:	0.3301	0.3334	0.3545	0.3219	0.4812	0.4914	 0.471	0.4484	 1.229	 1.189	 1.301	 1.282	 | 0.6861 mean
                     	0.8718	0.8503	 0.919	 0.829	 1.155	 1.259	 1.183	 1.165	 3.046	 2.797	 3.405	 3.318	 | 2.04 quantile
                      	 11.16	 15.43	 2.452	 1.871	 14.75	 11.69	 2.552	 3.188	 19.73	 20.99	 12.62	 12.12	 | 20.99 max

train losses    200:	0.2437	0.2225	0.3334	0.3252	0.3003	0.3061	0.4078	0.4024	 0.382	0.3904	0.4797	0.4745	
val losses      200:	0.3297	0.3331	0.3544	0.3219	 0.481	0.4911	0.4706	0.4479	  1.23	  1.19	 1.303	 1.283	 | 0.6863 mean
                     	0.8701	0.8509	0.9184	0.8285	 1.154	 1.253	 1.183	 1.165	 3.042	 2.804	 3.403	 3.316	 | 2.044 quantile
                      	 11.23	 15.52	 2.446	 1.879	 14.81	 11.77	 2.569	 3.217	 19.75	 21.01	  12.7	 12.19	 | 21.01 max

train losses    202:	0.2431	0.2222	0.3333	0.3251	0.2996	0.3053	 0.407	0.4016	0.3807	0.3891	0.4758	0.4705	
val losses      202:	0.3293	0.3327	0.3543	0.3219	0.4809	0.4909	0.4702	0.4474	 1.231	 1.191	 1.304	 1.284	 | 0.6864 mean
                     	0.8672	0.8504	0.9191	0.8291	 1.151	 1.253	 1.183	 1.164	 3.043	 2.799	 3.402	 3.315	 | 2.047 quantile
                      	  11.3	 15.62	 2.439	 1.887	 14.87	 11.84	 2.588	 3.247	 19.78	 21.04	 12.77	 12.25	 | 21.04 max

train losses    204:	0.2426	0.2219	0.3331	0.3249	0.2988	0.3045	0.4062	0.4007	0.3794	0.3878	 0.472	0.4668	
val losses      204:	0.3289	0.3324	0.3541	0.3218	0.4808	0.4906	0.4697	0.4469	 1.231	 1.191	 1.305	 1.285	 | 0.6865 mean
                     	0.8655	0.8486	0.9197	 0.829	 1.148	 1.252	 1.183	 1.163	 3.043	 2.797	 3.391	 3.315	 | 2.048 quantile
                      	 11.36	 15.71	 2.431	 1.894	 14.93	 11.91	 2.607	 3.276	  19.8	 21.06	 12.84	 12.31	 | 21.06 max

train losses    206:	 0.242	0.2216	 0.333	0.3248	0.2981	0.3036	0.4054	0.3998	0.3781	0.3866	0.4684	0.4632	
val losses      206:	0.3285	0.3321	 0.354	0.3218	0.4806	0.4904	0.4693	0.4463	 1.232	 1.192	 1.305	 1.286	 | 0.6865 mean
                     	 0.866	0.8458	0.9195	 0.829	 1.147	 1.245	 1.181	 1.161	 3.039	 2.798	 3.388	 3.315	 | 2.049 quantile
                      	 11.43	  15.8	 2.423	 1.901	 14.99	 11.98	 2.627	 3.305	 19.82	 21.07	  12.9	 12.37	 | 21.07 max

train losses    208:	0.2415	0.2213	0.3329	0.3247	0.2973	0.3028	0.4046	0.3989	0.3768	0.3853	 0.465	0.4599	
val losses      208:	0.3281	0.3319	0.3538	0.3217	0.4805	0.4902	0.4688	0.4457	 1.233	 1.193	 1.306	 1.287	 | 0.6866 mean
                     	0.8645	0.8435	0.9206	0.8288	 1.147	 1.245	 1.181	 1.161	 3.034	 2.802	 3.388	 3.309	 | 2.051 quantile
                      	 11.49	 15.89	 2.416	 1.907	 15.05	 12.05	 2.647	 3.335	 19.84	 21.07	 12.97	 12.42	 | 21.07 max

train losses    210:	 0.241	 0.221	0.3328	0.3245	0.2966	 0.302	0.4038	0.3979	0.3756	0.3841	0.4621	0.4572	
val losses      210:	0.3277	0.3316	0.3537	0.3217	0.4804	  0.49	0.4683	0.4451	 1.234	 1.194	 1.307	 1.288	 | 0.6867 mean
                     	0.8627	0.8434	0.9209	0.8287	 1.148	  1.24	  1.18	  1.16	 3.034	 2.808	 3.395	 3.299	 | 2.05 quantile
                      	 11.56	 15.98	 2.409	 1.914	 15.11	 12.11	 2.668	 3.366	 19.87	 21.08	 13.04	 12.47	 | 21.08 max

train losses    212:	0.2405	0.2207	0.3327	0.3244	0.2958	0.3012	0.4029	 0.397	0.3744	 0.383	0.4604	0.4556	
val losses      212:	0.3273	0.3313	0.3536	0.3216	0.4803	0.4898	0.4678	0.4445	 1.234	 1.194	 1.308	 1.289	 | 0.6868 mean
                     	0.8611	 0.843	0.9207	0.8289	 1.147	 1.239	  1.18	 1.158	 3.035	 2.811	 3.394	 3.296	 | 2.05 quantile
                      	 11.62	 16.07	 2.404	 1.922	 15.17	 12.18	 2.689	 3.398	 19.89	 21.09	  13.1	 12.52	 | 21.09 max

train losses    214:	  0.24	0.2204	0.3325	0.3242	0.2951	0.3004	0.4021	0.3961	0.3734	 0.382	0.4611	0.4567	
val losses      214:	0.3269	0.3311	0.3535	0.3215	0.4802	0.4897	0.4673	0.4438	 1.235	 1.195	 1.309	  1.29	 | 0.687 mean
                     	0.8595	0.8433	0.9215	0.8289	 1.145	 1.238	  1.18	 1.157	 3.038	 2.815	 3.382	 3.297	 | 2.052 quantile
                      	 11.67	 16.16	 2.399	  1.93	 15.24	 12.25	 2.711	 3.429	 19.91	 21.09	 13.17	 12.58	 | 21.09 max

train losses    216:	0.2395	0.2202	0.3324	0.3241	0.2945	0.2997	0.4012	0.3952	0.3727	0.3815	0.4679	 0.464	
val losses      216:	0.3266	 0.331	0.3535	0.3215	0.4802	0.4896	0.4667	0.4431	 1.236	 1.196	 1.311	 1.292	 | 0.6873 mean
                     	0.8588	0.8418	0.9207	0.8287	 1.142	 1.239	  1.18	 1.157	 3.037	 2.821	 3.371	 3.295	 | 2.053 quantile
                      	 11.73	 16.24	 2.396	 1.938	  15.3	 12.31	 2.735	 3.459	 19.93	 21.09	 13.25	 12.64	 | 21.09 max

train losses    218:	0.2391	  0.22	0.3323	 0.324	0.2939	0.2991	0.4005	0.3943	0.3727	0.3817	0.4875	0.4844	
val losses      218:	0.3263	0.3309	0.3533	0.3214	0.4802	0.4895	 0.466	0.4423	 1.237	 1.197	 1.314	 1.295	 | 0.6877 mean
                     	0.8573	0.8426	0.9196	0.8277	 1.141	 1.238	 1.176	 1.154	 3.037	 2.828	 3.371	 3.312	 | 2.048 quantile
                      	 11.78	 16.31	 2.392	 1.947	 15.36	 12.36	  2.76	 3.484	 19.94	 21.09	 13.32	  12.7	 | 21.09 max

train losses    220:	0.2388	  0.22	0.3321	0.3238	0.2935	0.2988	0.3999	0.3936	0.3734	0.3828	0.5278	0.5256	
val losses      220:	 0.326	0.3309	0.3531	0.3214	0.4803	0.4895	0.4652	0.4414	 1.237	 1.197	 1.318	 1.301	 | 0.6884 mean
                     	0.8548	0.8413	0.9178	0.8277	 1.141	 1.235	 1.177	 1.151	 3.034	 2.828	 3.342	 3.326	 | 2.046 quantile
                      	 11.81	 16.37	 2.385	 1.953	 15.42	  12.4	 2.785	 3.503	 19.96	 21.07	 13.37	 12.73	 | 21.07 max

train losses    222:	0.2385	0.2203	0.3319	0.3237	0.2933	0.2988	0.3995	0.3931	0.3744	0.3843	0.5812	0.5804	
val losses      222:	0.3256	0.3308	0.3526	0.3213	0.4808	0.4895	0.4641	0.4403	  1.24	 1.199	 1.327	 1.311	 | 0.6901 mean
                     	0.8536	0.8418	0.9147	0.8273	  1.14	  1.23	 1.177	 1.152	 3.033	 2.829	 3.377	  3.34	 | 2.047 quantile
                      	 11.84	 16.41	 2.368	 1.954	 15.46	 12.42	  2.81	 3.512	 19.98	 21.02	 13.35	 12.71	 | 21.02 max

train losses    224:	0.2382	0.2207	0.3317	0.3236	0.2932	0.2992	0.3989	0.3922	0.3762	0.3862	0.6095	0.6108	
val losses      224:	0.3252	0.3307	0.3519	0.3211	0.4818	0.4901	0.4631	0.4393	  1.25	 1.207	 1.333	 1.317	 | 0.6924 mean
                     	 0.853	0.8412	0.9114	0.8282	 1.141	 1.231	  1.18	 1.148	 3.059	 2.853	 3.389	 3.301	 | 2.066 quantile
                      	 11.88	 16.43	 2.337	  1.96	 15.47	 12.43	 2.814	 3.547	 19.99	 20.95	 13.22	  12.6	 | 20.95 max

train losses    226:	0.2377	 0.221	0.3315	0.3234	0.2933	0.3001	0.3977	0.3909	0.3817	0.3921	0.5885	0.5911	
val losses      226:	 0.325	0.3306	0.3514	0.3209	0.4828	0.4908	0.4627	0.4387	 1.259	 1.216	 1.324	 1.307	 | 0.6925 mean
                     	0.8547	0.8381	0.9104	0.8261	 1.142	 1.237	 1.176	 1.144	 3.082	 2.888	 3.381	 3.298	 | 2.077 quantile
                      	 11.92	 16.46	 2.305	 1.968	 15.44	 12.47	 2.827	 3.591	 19.98	 20.86	 13.05	 12.43	 | 20.86 max

train losses    228:	 0.237	 0.221	0.3314	0.3232	0.2934	0.3008	0.3965	0.3896	0.3897	0.4018	0.5611	0.5647	
val losses      228:	0.3244	0.3302	0.3511	0.3207	0.4826	0.4902	0.4625	0.4383	 1.254	  1.21	 1.317	 1.298	 | 0.6899 mean
                     	0.8532	0.8341	0.9096	0.8251	 1.146	 1.236	 1.172	 1.142	 3.067	  2.85	 3.382	  3.32	 | 2.065 quantile
                      	 11.96	  16.5	 2.287	 1.976	 15.42	  12.5	  2.84	 3.636	 19.96	 20.79	 12.92	 12.31	 | 20.79 max

train losses    230:	0.2364	0.2201	0.3313	 0.323	0.2923	0.2996	0.3955	0.3888	0.3905	0.4042	0.5504	0.5547	
val losses      230:	0.3238	0.3296	0.3511	0.3207	0.4819	 0.489	0.4618	0.4376	 1.243	 1.196	  1.31	 1.289	 | 0.6862 mean
                     	0.8488	0.8337	0.9083	0.8247	 1.145	 1.237	 1.172	 1.143	 3.036	 2.827	 3.361	 3.298	 | 2.047 quantile
                      	  12.0	 16.57	 2.286	 1.985	 15.43	 12.54	 2.857	  3.68	 19.93	 20.76	 12.88	 12.28	 | 20.76 max

train losses    232:	0.2359	0.2187	0.3312	0.3229	0.2903	0.2966	0.3944	0.3878	0.3803	0.3931	0.5106	0.5141	
val losses      232:	0.3236	0.3292	0.3512	0.3206	0.4813	0.4883	0.4609	0.4367	  1.24	 1.195	 1.304	 1.282	 | 0.6844 mean
                     	0.8479	0.8322	0.9097	0.8254	 1.143	 1.239	 1.172	 1.142	 3.029	 2.827	 3.355	 3.308	 | 2.038 quantile
                      	 12.05	 16.64	   2.3	 1.993	 15.47	 12.58	 2.881	 3.712	 19.91	 20.75	 12.94	 12.34	 | 20.75 max

train losses    234:	0.2356	0.2182	0.3312	0.3228	0.2892	 0.295	0.3931	0.3868	0.3762	0.3856	0.4564	0.4574	
val losses      234:	0.3236	0.3292	0.3514	0.3205	0.4813	0.4886	0.4604	 0.436	  1.25	 1.206	 1.301	 1.279	 | 0.6856 mean
                     	 0.848	0.8309	 0.911	 0.825	 1.136	 1.236	 1.169	 1.142	 3.055	 2.866	 3.351	 3.305	 | 2.053 quantile
                      	 12.09	  16.7	 2.318	 2.003	 15.53	 12.63	 2.906	 3.739	 19.92	 20.77	 13.04	 12.42	 | 20.77 max

train losses    236:	0.2353	0.2185	0.3312	0.3227	0.2896	0.2957	0.3921	0.3858	0.3905	0.3976	0.4303	0.4283	
val losses      236:	0.3233	 0.329	0.3515	0.3205	0.4815	0.4892	0.4601	0.4355	 1.257	 1.214	 1.303	 1.282	 | 0.6872 mean
                     	0.8474	0.8304	0.9152	0.8248	 1.134	 1.227	 1.166	  1.14	 3.083	  2.89	 3.348	 3.294	 | 2.07 quantile
                      	 12.15	 16.76	 2.332	 2.016	 15.59	 12.68	 2.929	 3.767	 19.96	 20.83	  13.1	 12.46	 | 20.83 max

train losses    238:	0.2349	0.2188	0.3312	0.3226	0.2901	0.2966	0.3912	0.3849	0.4052	0.4114	0.4245	0.4199	
val losses      238:	0.3227	0.3286	0.3517	0.3205	0.4812	0.4889	0.4597	0.4351	 1.254	 1.211	 1.307	 1.287	 | 0.6873 mean
                     	0.8443	 0.828	0.9144	 0.827	 1.133	 1.221	 1.165	 1.136	 3.065	 2.897	  3.36	 3.279	 | 2.063 quantile
                      	 12.21	 16.84	 2.339	  2.03	 15.65	 12.74	 2.951	 3.795	 19.98	 20.87	 13.15	  12.5	 | 20.87 max

train losses    240:	0.2345	0.2188	0.3312	0.3225	  0.29	0.2967	0.3904	0.3841	0.4112	0.4165	0.4219	0.4159	
val losses      240:	0.3224	0.3284	0.3518	0.3205	0.4806	0.4883	0.4594	0.4346	 1.251	 1.208	 1.309	  1.29	 | 0.6871 mean
                     	0.8417	 0.827	0.9157	0.8262	 1.129	 1.218	 1.163	 1.132	 3.056	 2.896	 3.369	 3.282	 | 2.06 quantile
                      	 12.27	 16.91	 2.342	 2.044	 15.71	 12.79	 2.972	 3.822	 19.98	 20.88	 13.23	 12.56	 | 20.88 max

train losses    242:	0.2341	0.2186	0.3311	0.3224	0.2897	0.2963	0.3895	0.3833	0.4156	  0.42	0.4235	0.4171	
val losses      242:	0.3223	0.3284	0.3517	0.3204	0.4801	0.4883	 0.459	 0.434	 1.254	 1.212	  1.31	 1.292	 | 0.6876 mean
                     	0.8398	0.8298	0.9156	0.8249	 1.129	 1.215	  1.16	  1.13	 3.075	 2.905	 3.385	 3.279	 | 2.069 quantile
                      	 12.33	 16.99	 2.337	 2.056	 15.75	 12.83	 2.992	 3.847	 19.95	 20.85	  13.3	 12.63	 | 20.85 max

train losses    244:	0.2338	0.2183	 0.331	0.3223	0.2891	0.2955	0.3887	0.3825	0.4186	0.4223	  0.43	 0.424	
val losses      244:	0.3222	0.3285	0.3514	0.3203	  0.48	0.4886	0.4584	0.4333	  1.26	 1.219	 1.309	 1.291	 | 0.6886 mean
                     	0.8392	0.8319	0.9151	0.8248	 1.126	 1.215	  1.16	 1.128	 3.121	 2.945	 3.386	 3.272	 | 2.085 quantile
                      	 12.39	 17.07	 2.322	 2.066	 15.78	 12.87	 3.009	 3.877	  19.9	 20.81	 13.35	 12.67	 | 20.81 max

train losses    246:	0.2335	0.2178	0.3309	0.3222	0.2882	0.2941	0.3879	0.3817	0.4153	0.4182	0.4398	0.4346	
val losses      246:	 0.322	0.3284	0.3511	0.3202	0.4799	0.4888	0.4577	0.4326	 1.263	 1.223	 1.308	  1.29	 | 0.6888 mean
                     	0.8384	0.8322	0.9164	0.8247	  1.12	 1.213	 1.163	  1.13	 3.148	 2.969	 3.384	 3.256	 | 2.085 quantile
                      	 12.46	 17.14	   2.3	 2.076	  15.8	 12.92	 3.024	 3.911	 19.86	 20.76	 13.35	 12.69	 | 20.76 max

train losses    248:	0.2332	0.2174	0.3308	 0.322	0.2869	0.2925	0.3871	0.3809	 0.405	0.4074	0.4463	0.4421	
val losses      248:	0.3215	0.3281	0.3508	0.3202	0.4795	0.4884	0.4571	0.4319	 1.261	  1.22	 1.308	  1.29	 | 0.688 mean
                     	0.8352	0.8307	0.9147	0.8248	  1.12	 1.212	 1.162	 1.128	 3.152	 2.965	 3.378	 3.259	 | 2.079 quantile
                      	 12.51	 17.22	 2.276	 2.084	 15.81	 12.96	 3.039	 3.949	 19.82	 20.71	 13.34	 12.69	 | 20.71 max

train losses    250:	0.2328	 0.217	0.3306	0.3219	0.2855	0.2908	0.3862	  0.38	0.3909	0.3938	 0.444	0.4409	
val losses      250:	0.3211	0.3278	0.3506	0.3201	0.4791	0.4879	0.4567	0.4313	 1.257	 1.215	 1.307	 1.289	 | 0.6869 mean
                     	0.8324	0.8288	0.9144	0.8256	 1.118	  1.21	 1.162	 1.127	 3.145	 2.949	 3.393	 3.263	 | 2.073 quantile
                      	 12.56	 17.28	 2.258	 2.093	 15.83	 13.01	 3.054	  3.99	 19.82	 20.68	 13.32	 12.68	 | 20.68 max

train losses    252:	0.2324	0.2166	0.3305	0.3217	0.2843	0.2893	0.3853	 0.379	0.3767	 0.381	 0.435	0.4328	
val losses      252:	0.3207	0.3276	0.3505	0.3201	0.4787	0.4874	0.4562	0.4306	 1.254	 1.211	 1.307	 1.288	 | 0.6859 mean
                     	 0.833	0.8283	 0.914	0.8251	 1.115	 1.209	 1.162	 1.125	 3.125	 2.938	 3.396	 3.254	 | 2.067 quantile
                      	  12.6	 17.35	  2.25	 2.104	 15.85	 13.06	  3.07	 4.031	 19.84	 20.68	 13.32	 12.67	 | 20.68 max

train losses    254:	0.2321	0.2162	0.3305	0.3215	0.2831	 0.288	0.3844	0.3781	0.3652	 0.371	0.4237	 0.422	
val losses      254:	0.3203	0.3272	0.3505	  0.32	0.4784	0.4869	0.4557	0.4301	 1.251	 1.208	 1.307	 1.287	 | 0.6852 mean
                     	0.8319	0.8249	0.9143	0.8251	 1.113	 1.207	 1.159	 1.122	 3.107	 2.925	 3.389	 3.248	 | 2.064 quantile
                      	 12.64	 17.42	  2.25	 2.117	 15.88	 13.12	 3.088	 4.073	 19.87	 20.71	 13.33	 12.68	 | 20.71 max

train losses    256:	0.2317	0.2159	0.3304	0.3213	0.2822	0.2869	0.3835	0.3772	0.3574	0.3643	0.4129	0.4112	
val losses      256:	0.3199	0.3268	0.3506	  0.32	0.4781	0.4863	0.4552	0.4295	 1.249	 1.206	 1.307	 1.287	 | 0.6846 mean
                     	0.8307	0.8256	0.9148	0.8251	  1.11	 1.203	 1.156	 1.121	 3.087	 2.914	 3.398	 3.238	 | 2.061 quantile
                      	 12.68	 17.48	 2.257	 2.133	 15.93	 13.18	 3.108	 4.115	  19.9	 20.75	 13.37	  12.7	 | 20.75 max

train losses    258:	0.2313	0.2156	0.3304	0.3211	0.2815	0.2862	0.3826	0.3763	0.3528	0.3604	0.4037	0.4018	
val losses      258:	0.3195	0.3265	0.3507	  0.32	0.4779	0.4859	0.4547	 0.429	 1.248	 1.205	 1.307	 1.288	 | 0.6843 mean
                     	0.8283	0.8245	0.9152	0.8249	 1.108	 1.199	 1.153	 1.117	 3.074	 2.898	 3.404	 3.243	 | 2.061 quantile
                      	 12.72	 17.55	 2.267	 2.149	 15.99	 13.25	  3.13	 4.154	 19.93	  20.8	 13.42	 12.73	 | 20.8 max

train losses    260:	 0.231	0.2154	0.3304	 0.321	 0.281	0.2855	0.3818	0.3754	0.3503	0.3582	0.3968	0.3943	
val losses      260:	0.3192	0.3262	0.3508	0.3199	0.4778	0.4855	0.4542	0.4284	 1.248	 1.204	 1.308	 1.288	 | 0.6842 mean
                     	0.8276	0.8228	0.9156	0.8259	 1.109	 1.197	 1.155	 1.117	  3.07	  2.89	 3.408	 3.248	 | 2.06 quantile
                      	 12.75	 17.61	 2.278	 2.166	 16.05	 13.31	 3.152	 4.192	 19.97	 20.84	 13.47	 12.76	 | 20.84 max

train losses    262:	0.2307	0.2152	0.3304	0.3208	0.2804	0.2849	0.3809	0.3746	0.3487	0.3568	0.3917	0.3888	
val losses      262:	0.3189	0.3259	0.3509	0.3199	0.4777	0.4852	0.4537	0.4279	 1.248	 1.205	 1.309	 1.289	 | 0.6843 mean
                     	0.8264	0.8219	 0.917	0.8257	 1.107	 1.194	 1.154	 1.116	 3.061	 2.886	 3.412	 3.249	 | 2.06 quantile
                      	  12.8	 17.68	 2.286	 2.182	 16.11	 13.37	 3.175	 4.228	 20.01	 20.89	 13.53	  12.8	 | 20.89 max

train losses    264:	0.2303	 0.215	0.3304	0.3207	0.2799	0.2843	  0.38	0.3738	0.3476	0.3557	0.3879	0.3846	
val losses      264:	0.3186	0.3257	 0.351	0.3198	0.4776	0.4851	0.4532	0.4274	 1.248	 1.205	  1.31	  1.29	 | 0.6844 mean
                     	0.8244	0.8228	0.9185	0.8255	 1.108	 1.191	 1.153	 1.115	 3.063	 2.881	 3.416	 3.247	 | 2.059 quantile
                      	 12.84	 17.74	 2.291	 2.199	 16.17	 13.43	 3.198	 4.263	 20.05	 20.93	 13.58	 12.84	 | 20.93 max

train losses    266:	  0.23	0.2148	0.3304	0.3206	0.2794	0.2837	0.3791	0.3729	0.3465	0.3547	0.3849	0.3813	
val losses      266:	0.3183	0.3255	 0.351	0.3198	0.4775	 0.485	0.4526	0.4269	 1.249	 1.206	 1.311	 1.291	 | 0.6845 mean
                     	0.8235	0.8208	0.9192	0.8255	 1.108	 1.188	  1.15	 1.111	 3.056	 2.869	 3.417	 3.241	 | 2.06 quantile
                      	 12.88	  17.8	 2.294	 2.216	 16.23	 13.49	 3.222	   4.3	 20.09	 20.96	 13.63	 12.87	 | 20.96 max

train losses    268:	0.2297	0.2146	0.3304	0.3204	0.2789	0.2831	0.3783	0.3721	0.3455	0.3537	0.3821	0.3785	
val losses      268:	 0.318	0.3253	 0.351	0.3197	0.4775	0.4849	 0.452	0.4263	  1.25	 1.207	 1.312	 1.292	 | 0.6846 mean
                     	0.8206	0.8204	0.9191	0.8255	 1.106	 1.187	 1.149	 1.111	 3.052	 2.864	 3.421	 3.239	 | 2.062 quantile
                      	 12.92	 17.86	 2.294	 2.232	 16.29	 13.56	 3.246	  4.34	 20.13	  21.0	 13.68	  12.9	 | 21.0 max

train losses    270:	0.2294	0.2145	0.3304	0.3203	0.2784	0.2826	0.3774	0.3713	0.3445	0.3528	0.3797	0.3759	
val losses      270:	0.3177	0.3252	0.3509	0.3197	0.4775	0.4848	0.4514	0.4257	 1.251	 1.208	 1.313	 1.292	 | 0.6848 mean
                     	0.8208	0.8185	0.9187	0.8256	 1.106	 1.185	 1.147	  1.11	 3.051	 2.866	 3.417	 3.234	 | 2.062 quantile
                      	 12.96	 17.91	 2.292	 2.247	 16.35	 13.62	 3.272	 4.381	 20.18	 21.03	 13.72	 12.94	 | 21.03 max

train losses    272:	0.2291	0.2143	0.3303	0.3202	0.2779	 0.282	0.3765	0.3705	0.3436	0.3519	0.3774	0.3737	
val losses      272:	0.3174	 0.325	0.3508	0.3196	0.4775	0.4848	0.4508	0.4251	 1.252	 1.209	 1.314	 1.293	 | 0.6849 mean
                     	0.8197	0.8168	0.9184	0.8252	 1.107	 1.184	 1.146	 1.109	 3.057	 2.867	 3.413	 3.227	 | 2.062 quantile
                      	  13.0	 17.97	 2.289	 2.264	 16.41	 13.68	 3.296	 4.423	 20.22	 21.06	 13.77	  13.0	 | 21.06 max

train losses    274:	0.2288	0.2141	0.3303	  0.32	0.2774	0.2814	0.3756	0.3696	0.3427	 0.351	0.3755	0.3718	
val losses      274:	0.3171	0.3249	0.3508	0.3196	0.4775	0.4847	0.4502	0.4245	 1.253	  1.21	 1.314	 1.294	 | 0.6851 mean
                     	0.8183	0.8164	0.9177	0.8249	 1.107	 1.183	 1.143	 1.107	 3.062	 2.867	 3.407	 3.213	 | 2.062 quantile
                      	 13.04	 18.02	 2.285	 2.281	 16.46	 13.75	 3.322	 4.466	 20.27	 21.08	 13.81	 13.07	 | 21.08 max

train losses    276:	0.2284	0.2139	0.3302	0.3199	0.2769	0.2808	0.3748	0.3688	0.3418	0.3501	0.3743	0.3708	
val losses      276:	0.3168	0.3247	0.3507	0.3195	0.4775	0.4847	0.4496	0.4238	 1.254	 1.212	 1.315	 1.295	 | 0.6852 mean
                     	0.8168	0.8158	0.9166	0.8254	 1.103	 1.182	 1.142	 1.105	 3.063	 2.866	 3.403	 3.208	 | 2.063 quantile
                      	 13.07	 18.07	 2.282	 2.299	 16.52	 13.81	 3.348	 4.509	 20.31	 21.11	 13.84	 13.13	 | 21.11 max

train losses    278:	0.2281	0.2137	0.3302	0.3198	0.2764	0.2803	0.3739	0.3681	0.3411	0.3494	0.3745	0.3711	
val losses      278:	0.3165	0.3246	0.3506	0.3195	0.4775	0.4846	 0.449	0.4232	 1.256	 1.213	 1.316	 1.296	 | 0.6855 mean
                     	0.8151	0.8164	0.9173	0.8253	 1.102	 1.181	 1.141	 1.102	 3.065	 2.866	 3.398	 3.204	 | 2.064 quantile
                      	  13.1	 18.12	  2.28	 2.318	 16.57	 13.88	 3.375	 4.552	 20.36	 21.14	 13.88	 13.18	 | 21.14 max

train losses    280:	0.2279	0.2135	0.3301	0.3196	0.2759	0.2797	0.3731	0.3673	0.3408	0.3488	0.3777	0.3746	
val losses      280:	0.3162	0.3245	0.3505	0.3194	0.4776	0.4846	0.4483	0.4225	 1.257	 1.215	 1.317	 1.297	 | 0.6858 mean
                     	0.8129	0.8155	0.9161	 0.825	   1.1	  1.18	  1.14	   1.1	 3.067	 2.867	 3.387	 3.207	 | 2.064 quantile
                      	 13.14	 18.17	 2.281	 2.332	 16.63	 13.94	 3.403	 4.592	 20.39	 21.16	 13.92	 13.23	 | 21.16 max

train losses    282:	0.2276	0.2133	0.3301	0.3195	0.2755	0.2791	0.3722	0.3666	0.3411	0.3488	0.3872	0.3844	
val losses      282:	0.3159	0.3243	0.3504	0.3193	0.4777	0.4846	0.4476	0.4219	 1.259	 1.217	 1.318	 1.298	 | 0.6862 mean
                     	0.8103	0.8162	0.9159	0.8249	 1.098	 1.178	  1.14	 1.098	 3.072	 2.869	 3.371	 3.204	 | 2.062 quantile
                      	 13.17	 18.22	 2.281	 2.343	 16.68	  14.0	 3.432	  4.63	 20.43	 21.19	 13.96	 13.26	 | 21.19 max

train losses    284:	0.2273	0.2132	  0.33	0.3194	0.2751	0.2786	0.3715	 0.366	0.3428	0.3499	0.4092	0.4066	
val losses      284:	0.3156	0.3243	0.3503	0.3192	0.4779	0.4847	0.4468	0.4212	 1.263	  1.22	  1.32	   1.3	 | 0.6869 mean
                     	0.8094	0.8136	0.9159	0.8253	 1.096	 1.177	 1.139	 1.099	 3.078	 2.877	 3.362	 3.201	 | 2.064 quantile
                      	 13.19	 18.26	 2.278	 2.349	 16.73	 14.06	 3.462	 4.667	 20.45	 21.21	  14.0	 13.27	 | 21.21 max

train losses    286:	0.2271	 0.213	0.3299	0.3193	0.2747	0.2782	 0.371	0.3655	0.3466	0.3526	0.4505	0.4484	
val losses      286:	0.3154	0.3243	0.3502	0.3191	0.4783	 0.485	0.4459	0.4205	 1.268	 1.225	 1.325	 1.305	 | 0.6884 mean
                     	0.8088	0.8136	0.9169	0.8257	 1.094	 1.174	 1.141	 1.098	 3.085	 2.905	 3.325	 3.235	 | 2.067 quantile
                      	 13.21	 18.29	 2.269	  2.35	 16.77	 14.11	  3.49	 4.703	 20.46	 21.21	 14.01	 13.26	 | 21.21 max

train losses    288:	0.2269	0.2129	0.3298	0.3192	0.2744	0.2778	0.3706	0.3653	0.3517	 0.356	0.5076	0.5067	
val losses      288:	0.3152	0.3244	0.3499	 0.319	0.4788	0.4855	 0.445	0.4198	 1.274	 1.231	 1.334	 1.316	 | 0.691 mean
                     	0.8092	0.8149	0.9155	0.8256	 1.092	 1.174	 1.138	   1.1	 3.124	 2.936	 3.319	 3.269	 | 2.08 quantile
                      	 13.22	 18.32	 2.249	 2.356	  16.8	 14.16	 3.514	 4.741	 20.47	 21.19	 13.98	 13.22	 | 21.19 max

train losses    290:	0.2268	0.2129	0.3296	0.3191	 0.274	0.2773	0.3701	0.3648	0.3529	0.3563	0.5499	0.5502	
val losses      290:	0.3149	0.3244	0.3496	0.3189	0.4789	0.4856	0.4443	0.4191	 1.275	 1.231	 1.343	 1.327	 | 0.6926 mean
                     	0.8105	0.8149	0.9141	0.8256	 1.093	 1.176	 1.138	 1.099	 3.129	 2.948	 3.322	 3.249	 | 2.09 quantile
                      	 13.23	 18.33	 2.223	 2.375	  16.8	 14.19	 3.534	 4.786	 20.48	 21.15	 13.87	  13.2	 | 21.15 max

train losses    292:	0.2265	0.2129	0.3295	 0.319	0.2734	0.2769	0.3691	0.3638	0.3481	0.3521	0.5362	0.5363	
val losses      292:	0.3148	0.3243	0.3492	0.3187	0.4784	0.4849	 0.444	0.4184	 1.266	 1.221	 1.336	 1.319	 | 0.6896 mean
                     	0.8106	0.8172	0.9122	0.8248	 1.093	 1.178	 1.136	 1.097	 3.105	 2.906	 3.275	 3.184	 | 2.075 quantile
                      	 13.22	 18.33	 2.201	 2.398	 16.77	 14.23	 3.548	 4.838	 20.52	 21.11	  13.7	 13.22	 | 21.11 max

train losses    294:	0.2261	0.2128	0.3295	0.3188	0.2729	0.2764	0.3678	0.3626	0.3447	0.3491	0.4806	0.4793	
val losses      294:	0.3146	0.3242	0.3491	0.3187	0.4778	0.4843	 0.444	0.4179	 1.257	 1.212	 1.328	  1.31	 | 0.6865 mean
                     	0.8098	0.8144	0.9099	0.8268	 1.096	 1.176	 1.131	 1.092	 3.065	 2.892	 3.346	 3.147	 | 2.069 quantile
                      	 13.22	 18.34	  2.19	 2.422	 16.73	 14.26	 3.565	 4.892	 20.58	 21.06	 13.53	 13.29	 | 21.06 max

train losses    296:	0.2257	0.2126	0.3294	0.3187	0.2724	0.2761	0.3668	0.3618	0.3468	0.3498	0.4569	0.4557	
val losses      296:	0.3143	 0.324	 0.349	0.3187	0.4777	0.4843	0.4436	0.4173	 1.258	 1.213	 1.326	 1.307	 | 0.6861 mean
                     	0.8104	0.8132	0.9091	0.8256	 1.093	 1.173	 1.131	  1.09	 3.072	 2.902	 3.343	  3.17	 | 2.072 quantile
                      	 13.23	 18.36	 2.192	 2.443	 16.71	  14.3	 3.591	 4.937	 20.63	 21.05	 13.44	 13.34	 | 21.05 max

train losses    298:	0.2254	0.2123	0.3294	0.3185	 0.272	0.2756	0.3662	0.3613	0.3494	0.3508	0.4619	0.4618	
val losses      298:	0.3137	0.3236	 0.349	0.3187	0.4779	0.4846	0.4427	0.4165	 1.264	 1.219	 1.321	 1.302	 | 0.686 mean
                     	0.8086	0.8112	0.9104	 0.826	 1.091	 1.173	  1.13	 1.088	 3.092	 2.912	 3.314	 3.163	 | 2.071 quantile
                      	 13.25	 18.39	 2.203	 2.459	 16.73	 14.35	 3.619	 4.972	 20.65	 21.09	 13.43	 13.36	 | 21.09 max

