train losses      0:	0.5529	0.5917	0.3685	0.3513	0.7385	0.7725	 0.487	0.4983	 1.622	 1.627	 1.492	 1.488	
val losses        0:	 1.326	 1.029	 1.023	 1.247	0.5133	 4.015	0.7706	0.6649	 1.785	 1.254	 2.115	 1.173	 | 1.41 mean
                     	 2.445	 2.042	 1.889	 2.077	 1.441	 5.122	 1.618	  1.46	 3.519	 3.057	 4.468	 2.864	 | 4.076 quantile
                      	  4.16	 4.705	 3.164	 3.634	 3.094	 8.686	 3.871	 3.417	 5.884	 5.575	 7.734	 5.848	 | 8.686 max

train losses      2:	 0.507	0.5609	0.3747	 0.358	0.6882	0.7249	0.4925	0.4885	 1.585	 1.584	 1.481	 1.474	
val losses        2:	0.7003	 0.469	0.6353	0.4683	0.4915	 1.244	0.7688	0.8708	 1.172	 1.034	 1.193	 1.239	 | 0.8571 mean
                     	 1.628	 1.272	 1.383	 1.142	 1.343	  2.15	 1.648	 1.704	  2.64	 2.518	 2.881	 3.137	 | 2.156 quantile
                      	 3.528	 4.784	 3.135	 2.822	  2.73	 5.334	 3.022	   3.7	 4.722	 4.351	 5.115	 5.951	 | 5.951 max

train losses      4:	0.4802	0.5355	0.3905	0.3698	0.6314	0.6658	0.4971	0.4887	 1.511	 1.494	 1.459	  1.45	
val losses        4:	 0.429	0.4692	0.4088	0.4137	0.7215	0.7735	0.5049	0.4183	 0.847	0.8169	 1.142	 1.151	 | 0.6747 mean
                     	  1.18	 1.222	 1.044	 1.051	 1.565	 1.624	 1.303	 1.126	 2.131	 2.043	 2.882	 2.929	 | 1.852 quantile
                      	 2.452	 4.253	 2.271	 2.601	 2.855	 4.085	 2.592	 3.068	 3.776	 3.077	 5.403	 5.463	 | 5.463 max

train losses      6:	0.4973	0.5344	0.4177	0.3922	0.5875	0.6165	0.5186	0.4989	 1.387	 1.337	 1.421	 1.402	
val losses        6:	0.4436	0.5563	0.4069	 0.374	0.4255	0.4239	0.4169	0.4215	 0.731	0.8428	 1.104	 1.114	 | 0.605 mean
                     	 1.165	 1.286	 1.025	0.9899	 1.128	 1.066	 1.125	 1.123	 2.102	 1.995	  2.76	 2.844	 | 1.781 quantile
                      	 2.645	 4.343	 2.404	 2.809	 2.326	 3.033	 2.466	 2.515	 4.075	 3.549	 4.912	 4.938	 | 4.938 max

train losses      8:	0.5347	0.5385	0.4479	0.4124	0.5773	0.6116	0.5398	0.5136	  1.22	 1.144	 1.363	 1.333	
val losses        8:	0.4378	 0.418	0.3919	0.3672	0.4148	0.4121	0.4033	0.4276	0.7019	0.7523	 1.079	 1.094	 | 0.575 mean
                     	 1.174	 1.096	0.9998	0.9757	 1.082	 1.018	 1.109	 1.159	  1.91	 1.833	 2.637	 2.749	 | 1.716 quantile
                      	 2.867	  4.33	 2.421	 2.675	 1.968	 2.522	 2.445	  2.54	 3.478	 2.956	 4.242	 4.458	 | 4.458 max

train losses     10:	0.5391	0.5342	0.4672	0.4279	 0.574	0.6255	0.5456	  0.53	 1.027	0.9526	 1.283	 1.256	
val losses       10:	0.3979	 0.391	0.3847	0.3623	0.3851	0.4054	 0.402	0.4235	0.5928	0.5754	 1.066	 1.084	 | 0.5391 mean
                     	 1.148	 1.067	0.9785	 0.974	0.9806	 1.001	 1.085	 1.129	 1.622	 1.462	 2.602	 2.687	 | 1.634 quantile
                      	 3.058	  4.21	 2.292	 2.513	 2.039	 2.101	 2.581	 2.476	 2.986	 2.336	 4.312	  4.69	 | 4.69 max

train losses     12:	0.5129	 0.523	0.4722	0.4371	0.5608	0.6005	0.5503	 0.534	0.9005	0.8278	 1.204	 1.191	
val losses       12:	0.3771	0.3658	0.3829	0.3593	0.3416	0.3621	0.3989	0.4106	0.5581	0.5032	 1.073	 1.104	 | 0.5197 mean
                     	   1.1	  1.01	0.9761	0.9541	0.8974	0.9632	 1.072	 1.091	 1.477	 1.257	 2.592	 2.616	 | 1.559 quantile
                      	 2.903	  3.83	 2.253	 2.541	  1.76	 2.132	 2.453	 2.478	 2.901	 2.737	 4.796	 5.398	 | 5.398 max

train losses     14:	0.4729	0.5092	0.4672	0.4373	0.5501	0.5849	0.5457	0.5245	0.8526	 0.804	 1.166	 1.162	
val losses       14:	 0.363	0.3472	0.3791	0.3584	0.3322	0.3532	0.3864	0.4019	0.5318	0.4887	   1.1	 1.121	 | 0.5136 mean
                     	 1.074	0.9508	0.9787	0.9601	0.8971	0.9535	 1.043	  1.09	 1.434	 1.223	 2.573	 2.564	 | 1.554 quantile
                      	  2.49	 3.386	 2.234	 2.664	 1.702	 2.092	  2.38	 2.404	 2.635	 2.627	 4.876	 5.418	 | 5.418 max

train losses     16:	0.4509	0.4844	0.4552	0.4284	 0.534	0.5669	0.5304	0.5153	0.8017	0.7683	  1.14	 1.137	
val losses       16:	0.3572	0.3346	0.3744	0.3606	0.3169	0.3332	0.3846	0.3931	0.5359	0.5256	 1.123	 1.144	 | 0.5152 mean
                     	 1.056	0.9098	0.9653	  0.96	0.8192	 0.875	  1.03	 1.053	 1.566	 1.277	  2.65	 2.633	 | 1.582 quantile
                      	 2.205	  3.07	 2.172	 2.639	 1.724	   1.8	 2.512	 2.324	 2.643	 2.611	 5.276	 5.862	 | 5.862 max

train losses     18:	0.4336	0.4643	0.4451	0.4176	0.5085	0.5362	0.5181	0.5035	0.7617	0.7426	 1.099	   1.1	
val losses       18:	0.3386	 0.315	 0.374	0.3601	0.3061	0.3205	0.3796	0.3912	0.5105	0.5151	 1.127	 1.149	 | 0.5072 mean
                     	0.9995	0.8539	0.9718	0.9545	0.7716	0.8053	 1.014	 1.045	 1.452	 1.259	 2.638	 2.626	 | 1.554 quantile
                      	 2.144	 2.545	 2.101	 2.585	 1.645	 1.602	 2.555	 2.301	  2.56	 2.683	 5.259	 5.779	 | 5.779 max

train losses     20:	0.4198	0.4525	0.4382	0.4111	0.4972	0.5289	 0.512	0.4963	0.7727	0.7619	 1.074	 1.072	
val losses       20:	0.3417	0.3158	0.3736	0.3609	0.3044	0.3137	 0.373	0.3898	0.5143	0.5199	 1.115	 1.131	 | 0.5044 mean
                     	0.9906	0.8304	0.9708	0.9534	 0.769	0.7888	   1.0	 1.052	 1.435	 1.291	 2.663	 2.591	 | 1.563 quantile
                      	 1.982	 2.519	 2.316	 2.659	 1.831	 1.705	 2.526	 2.368	 2.601	 2.636	 5.367	 5.703	 | 5.703 max

train losses     22:	0.4227	0.4556	0.4375	0.4098	0.5087	 0.541	0.5139	0.4967	0.8703	0.8658	 1.057	 1.057	
val losses       22:	0.3182	0.2906	0.3736	0.3605	0.3031	 0.315	0.3742	0.3854	0.5469	0.5546	 1.141	 1.153	 | 0.5097 mean
                     	 0.907	0.7762	 0.963	0.9467	0.7611	 0.775	0.9982	 1.025	 1.441	  1.35	 2.722	 2.655	 | 1.62 quantile
                      	  1.86	 2.249	 2.267	 2.659	 1.759	 1.562	 2.569	 2.292	 2.888	 2.825	 5.493	 5.982	 | 5.982 max

train losses     24:	0.4339	0.4581	0.4367	0.4079	 0.524	0.5544	0.5052	 0.493	0.9189	0.9056	 1.048	 1.047	
val losses       24:	0.3064	0.2733	0.3691	0.3638	0.3004	0.3155	0.3757	0.3804	0.5792	0.5646	 1.147	 1.161	 | 0.5114 mean
                     	0.8631	0.7328	0.9527	0.9629	0.7525	0.7842	0.9819	  1.02	 1.471	 1.443	 2.689	 2.611	 | 1.633 quantile
                      	 2.007	 2.106	 2.142	  2.66	 1.841	 1.736	 2.503	 2.346	 2.605	  2.61	 5.877	 6.244	 | 6.244 max

train losses     26:	0.4159	0.4409	0.4246	0.3988	0.5049	0.5269	0.4981	 0.482	0.8437	0.8307	  1.02	 1.018	
val losses       26:	0.3186	0.2819	0.3692	0.3594	0.3156	0.3263	0.3747	0.3807	0.5637	 0.559	 1.132	 1.143	 | 0.5104 mean
                     	0.9138	0.7483	0.9493	0.9535	0.7795	0.8136	0.9886	 1.011	 1.434	 1.427	 2.667	 2.583	 | 1.618 quantile
                      	   2.0	 2.138	 2.223	 2.678	 1.757	 1.862	 2.547	 2.335	 2.817	  2.45	 5.539	 5.729	 | 5.729 max

train losses     28:	0.4011	0.4277	 0.414	0.3872	 0.472	0.4985	0.4861	0.4741	0.7442	0.7336	0.9881	0.9908	
val losses       28:	0.3118	0.2808	0.3666	0.3557	0.2948	0.3023	0.3744	0.3795	0.5113	0.5141	 1.146	  1.15	 | 0.4989 mean
                     	0.8958	0.7436	0.9455	0.9428	 0.744	0.7716	 0.986	 1.008	  1.37	 1.275	 2.666	 2.578	 | 1.598 quantile
                      	 1.931	 2.093	 2.254	 2.741	 1.839	 1.616	  2.61	 2.349	 2.691	   2.6	 5.456	  5.82	 | 5.82 max

train losses     30:	0.3913	0.4151	0.4079	0.3823	0.4583	0.4802	0.4798	0.4676	0.6957	0.6864	0.9548	 0.959	
val losses       30:	0.3121	0.2794	0.3649	 0.356	0.2982	0.3014	0.3735	 0.379	0.5045	0.5015	 1.138	 1.147	 | 0.4963 mean
                     	0.8877	0.7487	0.9338	 0.949	 0.765	0.7726	0.9824	 1.007	 1.501	 1.249	 2.695	 2.633	 | 1.589 quantile
                      	 1.763	 2.117	 2.267	   2.7	 1.793	 1.692	 2.576	 2.295	 2.231	 2.445	 5.522	 5.918	 | 5.918 max

train losses     32:	0.3856	0.4039	0.3989	 0.376	0.4464	0.4689	0.4699	 0.459	 0.679	0.6695	0.9328	0.9362	
val losses       32:	0.3131	0.2813	0.3649	0.3555	0.2923	0.2978	  0.37	0.3764	0.5063	0.5122	  1.13	 1.144	 | 0.4953 mean
                     	0.8725	0.7393	 0.939	0.9392	 0.761	0.7647	0.9761	0.9954	 1.503	 1.264	 2.659	 2.657	 | 1.59 quantile
                      	 1.952	  1.83	 2.316	 2.705	 1.792	 1.533	 2.517	  2.22	 2.396	 2.653	 5.352	 5.753	 | 5.753 max

train losses     34:	0.3743	0.3937	0.3923	0.3699	 0.434	0.4538	0.4602	0.4502	0.6647	0.6542	0.9017	0.9075	
val losses       34:	0.3069	0.2791	 0.363	 0.355	0.2877	0.2951	 0.367	0.3744	0.4932	0.5116	 1.136	 1.146	 | 0.4929 mean
                     	0.8801	0.7293	0.9335	0.9444	0.7391	0.7565	0.9774	   1.0	 1.449	 1.244	 2.688	 2.683	 | 1.593 quantile
                      	 2.002	 1.768	 2.283	  2.75	 1.734	 1.494	  2.48	 2.193	 2.259	  2.66	 5.375	 5.643	 | 5.643 max

train losses     36:	0.3655	0.3891	0.3875	 0.366	0.4263	 0.446	0.4527	0.4442	0.6521	0.6442	0.8781	0.8809	
val losses       36:	0.3048	0.2767	0.3612	0.3551	0.2854	0.2916	0.3626	  0.37	0.4948	0.5144	 1.133	 1.139	 | 0.4908 mean
                     	0.8627	 0.732	0.9294	0.9401	  0.75	0.7455	0.9646	0.9898	 1.422	 1.249	 2.625	 2.648	 | 1.585 quantile
                      	 2.086	 1.807	 2.297	 2.757	  1.64	 1.681	 2.401	 2.225	  2.27	 2.562	 5.393	 5.597	 | 5.597 max

train losses     38:	0.3634	0.3832	0.3837	0.3617	0.4201	0.4396	0.4451	0.4366	0.6438	0.6336	0.8597	0.8607	
val losses       38:	0.2966	 0.269	 0.362	0.3546	0.2839	0.2916	0.3584	0.3652	0.4914	0.5127	 1.126	 1.129	 | 0.4867 mean
                     	0.8372	0.7077	0.9311	 0.944	0.7397	0.7373	0.9557	0.9917	 1.416	  1.25	 2.565	 2.619	 | 1.568 quantile
                      	 1.895	 1.925	 2.291	 2.752	 1.638	 1.646	 2.403	 2.172	 2.331	 2.472	 5.239	 5.309	 | 5.309 max

train losses     40:	0.3578	0.3766	0.3798	0.3583	0.4137	0.4337	0.4381	0.4304	0.6367	0.6304	0.8469	 0.849	
val losses       40:	0.2961	0.2653	0.3614	0.3538	0.2853	0.2911	0.3555	0.3613	 0.491	0.5154	 1.122	 1.121	 | 0.4849 mean
                     	0.8347	0.7005	0.9305	0.9419	0.7387	0.7356	0.9454	0.9793	 1.412	  1.26	 2.551	 2.588	 | 1.567 quantile
                      	  1.88	 1.991	 2.304	 2.791	 1.754	 1.652	 2.324	 2.215	  2.36	 2.521	 4.827	   4.8	 | 4.827 max

train losses     42:	0.3548	0.3722	0.3763	0.3559	0.4076	0.4258	0.4304	0.4242	0.6333	0.6265	0.8304	0.8349	
val losses       42:	0.2934	0.2636	0.3599	0.3537	0.2813	0.2892	0.3516	0.3594	 0.494	0.5177	 1.113	 1.118	 | 0.4829 mean
                     	0.8271	0.6885	 0.921	0.9352	0.7348	 0.734	0.9447	 0.973	 1.435	 1.254	 2.583	 2.632	 | 1.533 quantile
                      	 1.966	   1.9	 2.243	 2.794	 1.619	  1.72	 2.333	 2.152	 2.441	 2.511	 4.834	 4.796	 | 4.834 max

train losses     44:	0.3531	0.3692	0.3727	0.3532	0.4032	0.4221	0.4248	0.4185	0.6225	0.6153	0.8585	0.8548	
val losses       44:	0.2963	  0.27	0.3594	0.3534	 0.278	0.2882	0.3487	0.3593	0.4934	0.5134	 1.116	 1.125	 | 0.4835 mean
                     	0.8374	0.6956	0.9256	0.9361	0.7237	0.7196	0.9335	0.9633	 1.431	 1.244	 2.623	 2.687	 | 1.542 quantile
                      	 1.978	 2.046	 2.227	 2.817	 1.685	 1.614	 2.255	 2.132	 2.475	 2.536	 4.732	 4.403	 | 4.732 max

train losses     46:	0.3531	0.3717	0.3705	0.3493	0.4054	0.4243	0.4212	0.4163	0.6282	 0.619	 0.954	0.9519	
val losses       46:	0.2885	0.2643	0.3593	0.3531	0.2793	0.2859	0.3489	0.3576	0.4953	0.5134	 1.101	 1.105	 | 0.4793 mean
                     	0.8125	0.6848	0.9184	0.9413	0.7231	0.7304	0.9325	0.9493	  1.41	 1.254	 2.625	 2.693	 | 1.533 quantile
                      	 1.959	 1.891	 2.236	 2.816	  1.82	 1.542	  2.24	 2.133	 2.417	 2.514	 4.867	 4.673	 | 4.867 max

train losses     48:	0.3811	0.4016	0.3784	0.3524	0.4277	 0.444	0.4276	0.4223	0.6481	 0.642	 1.153	 1.147	
val losses       48:	0.2788	 0.249	0.3575	0.3527	0.2892	0.2847	0.3442	0.3419	0.5007	0.5073	  1.12	 1.115	 | 0.4784 mean
                     	0.7723	0.6353	0.9204	0.9406	0.7326	0.7234	0.9024	0.9254	 1.446	  1.28	 2.561	 2.539	 | 1.591 quantile
                      	 2.346	 1.576	 2.274	 2.753	  1.69	 1.331	  2.24	 2.165	 2.166	 2.461	 5.053	 4.945	 | 5.053 max

train losses     50:	0.3882	0.4099	0.3782	0.3558	0.4552	0.4748	0.4383	0.4346	0.6774	0.6763	 1.126	 1.134	
val losses       50:	0.2758	0.2454	0.3614	0.3529	0.2946	0.3013	 0.346	0.3457	0.5121	0.5129	 1.153	 1.156	 | 0.4881 mean
                     	0.7452	0.6367	0.9297	0.9384	 0.746	0.7651	0.9136	0.9297	 1.447	 1.295	 3.033	 2.947	 | 1.564 quantile
                      	 1.856	 1.847	 2.251	 2.848	 1.632	 1.692	 2.203	 2.113	 2.246	 2.486	 5.747	 5.882	 | 5.882 max

train losses     52:	0.3851	 0.401	0.3701	0.3522	0.4467	0.4716	0.4443	0.4392	0.6949	0.6996	 1.025	 1.026	
val losses       52:	0.2912	0.2509	0.3608	 0.353	0.3028	0.2977	0.3503	0.3535	0.5057	 0.532	  1.09	 1.103	 | 0.4826 mean
                     	0.7852	0.6335	0.9319	0.9415	0.7919	0.7666	0.9349	0.9509	 1.381	 1.292	 2.629	 2.652	 | 1.521 quantile
                      	 1.899	 1.909	 2.298	 2.853	 1.644	 1.709	 2.239	 2.046	 2.536	 2.384	 5.043	 4.894	 | 5.043 max

train losses     54:	0.3849	0.4002	0.3694	0.3507	0.4356	0.4556	0.4307	0.4249	0.6729	0.6665	0.9679	0.9643	
val losses       54:	0.2945	0.2503	0.3598	0.3525	0.2941	0.2875	0.3445	0.3509	0.4971	0.5078	 1.101	 1.109	 | 0.4791 mean
                     	0.8113	0.6424	0.9274	0.9411	0.7551	0.7395	0.9263	0.9606	 1.382	 1.251	 2.622	 2.595	 | 1.545 quantile
                      	 1.991	 1.828	 2.287	 2.834	 1.539	 1.634	 2.268	 2.122	 2.428	 2.367	 5.346	  5.25	 | 5.346 max

train losses     56:	0.3696	0.3832	0.3657	0.3461	0.4165	 0.437	0.4183	0.4133	0.6358	0.6313	0.8781	0.8815	
val losses       56:	0.2989	0.2543	0.3579	0.3522	0.2818	0.2826	0.3467	0.3521	0.4901	0.5069	 1.151	 1.146	 | 0.485 mean
                     	0.8416	0.6602	0.9187	0.9335	0.7168	0.7245	0.9335	0.9708	 1.371	 1.255	 2.706	  2.66	 | 1.614 quantile
                      	 1.902	 1.766	 2.285	  2.79	 1.659	 1.437	 2.185	 2.068	 2.471	  2.34	 5.534	 5.434	 | 5.534 max

train losses     58:	0.3585	0.3716	 0.361	0.3417	 0.405	0.4254	0.4113	0.4058	0.6275	0.6194	0.8259	0.8242	
val losses       58:	0.2988	0.2575	0.3585	0.3512	0.2786	0.2784	0.3495	0.3489	0.4819	0.5116	 1.156	 1.158	 | 0.4857 mean
                     	0.8584	 0.662	0.9203	0.9286	0.7291	0.7068	0.9269	0.9651	 1.368	 1.248	 2.731	 2.695	 | 1.606 quantile
                      	 1.927	 1.977	 2.251	 2.762	 1.632	 1.544	 2.221	 2.072	 2.352	 2.552	 5.945	 5.892	 | 5.945 max

train losses     60:	  0.35	0.3649	0.3581	0.3392	0.3946	0.4152	0.4055	0.4007	0.6132	0.6059	 0.784	0.7842	
val losses       60:	0.3053	0.2633	0.3584	0.3508	0.2819	0.2825	0.3485	0.3494	0.4941	0.5191	 1.149	 1.156	 | 0.4882 mean
                     	0.8772	0.6808	0.9205	 0.937	0.7438	0.7164	0.9305	0.9497	 1.437	 1.287	 2.707	 2.718	 | 1.604 quantile
                      	 1.995	 2.078	 2.264	 2.751	 1.672	 1.546	 2.236	 2.108	  2.48	 2.431	 5.946	 6.055	 | 6.055 max

train losses     62:	0.3456	0.3595	0.3548	0.3368	0.3865	0.4026	0.3991	 0.394	0.5983	0.5921	0.7559	0.7549	
val losses       62:	0.3033	0.2628	0.3571	0.3506	 0.279	0.2775	0.3445	0.3479	0.5005	0.5181	 1.133	 1.142	 | 0.4847 mean
                     	0.8671	0.6723	0.9182	0.9329	0.7378	 0.701	0.9372	0.9451	 1.466	 1.285	 2.618	 2.659	 | 1.601 quantile
                      	 1.996	 2.116	 2.282	 2.773	  1.71	 1.533	 2.236	 2.129	  2.32	 2.406	 5.883	  5.91	 | 5.91 max

train losses     64:	0.3396	0.3527	0.3518	0.3341	0.3802	0.3975	0.3925	0.3875	0.5917	0.5851	0.7291	0.7272	
val losses       64:	0.2997	0.2587	0.3571	0.3505	0.2781	0.2786	0.3431	0.3452	0.4986	0.5152	 1.128	 1.138	 | 0.4825 mean
                     	 0.841	0.6622	0.9197	0.9347	0.7309	0.7108	 0.924	0.9334	 1.483	 1.279	 2.599	 2.623	 | 1.606 quantile
                      	  1.98	 2.046	  2.27	 2.776	 1.776	 1.566	 2.272	 2.182	 2.416	 2.463	 5.856	 5.806	 | 5.856 max

train losses     66:	0.3368	0.3485	0.3494	0.3325	0.3725	0.3905	0.3891	0.3833	0.5808	0.5751	0.7119	0.7104	
val losses       66:	 0.292	0.2524	0.3563	  0.35	0.2752	0.2763	0.3415	0.3421	0.4968	0.5118	 1.128	 1.137	 | 0.4799 mean
                     	0.8179	0.6474	 0.921	0.9326	0.7272	0.7015	0.9111	0.9309	 1.481	 1.266	 2.601	 2.632	 | 1.61 quantile
                      	 1.908	 1.986	 2.264	 2.795	 1.629	 1.609	 2.308	 2.226	  2.42	 2.505	 5.842	 5.788	 | 5.842 max

train losses     68:	0.3323	0.3451	0.3486	0.3311	0.3713	0.3881	0.3851	0.3792	0.5737	0.5666	0.6887	0.6864	
val losses       68:	0.2905	0.2522	0.3564	0.3499	0.2743	0.2773	0.3409	0.3405	0.4956	0.5113	  1.12	  1.13	 | 0.4782 mean
                     	0.8222	0.6526	0.9193	0.9303	0.7269	0.7057	0.9104	0.9282	 1.454	 1.261	 2.582	 2.598	 | 1.593 quantile
                      	 1.917	  2.04	 2.252	 2.808	 1.601	 1.663	 2.311	 2.232	 2.407	 2.567	 5.679	  5.56	 | 5.679 max

train losses     70:	0.3311	0.3432	0.3464	0.3296	 0.368	0.3843	 0.382	0.3755	0.5715	0.5629	0.6799	0.6768	
val losses       70:	0.2855	0.2486	0.3564	0.3497	0.2723	0.2774	0.3405	0.3397	 0.498	 0.511	 1.116	 1.127	 | 0.4769 mean
                     	0.8029	0.6439	0.9163	0.9353	0.7093	0.7075	0.9111	0.9295	 1.456	 1.263	 2.561	 2.581	 | 1.597 quantile
                      	 1.809	 1.919	  2.24	 2.804	 1.728	 1.606	 2.254	 2.204	 2.429	 2.498	 5.516	 5.435	 | 5.516 max

train losses     72:	0.3284	0.3411	0.3445	0.3283	0.3648	0.3784	0.3773	0.3718	0.5631	0.5575	0.6593	0.6589	
val losses       72:	 0.289	0.2507	 0.356	0.3495	 0.273	0.2756	0.3396	0.3377	0.4994	0.5103	 1.113	 1.121	 | 0.4762 mean
                     	0.8102	0.6421	0.9177	0.9328	0.7172	0.7014	0.9101	0.9172	 1.418	 1.246	 2.551	 2.567	 | 1.59 quantile
                      	 1.897	 1.988	 2.235	 2.808	 1.652	 1.606	 2.278	 2.237	 2.453	   2.5	 5.252	 5.186	 | 5.252 max

train losses     74:	0.3272	0.3393	0.3438	0.3274	0.3637	0.3779	0.3756	0.3696	0.5583	0.5516	0.6501	0.6458	
val losses       74:	0.2877	0.2481	0.3556	0.3492	0.2689	0.2725	0.3381	0.3367	0.5025	0.5047	 1.109	 1.116	 | 0.4741 mean
                     	0.8129	0.6357	0.9157	0.9318	0.7053	0.6958	0.9103	0.9184	 1.451	 1.248	 2.551	 2.561	 | 1.594 quantile
                      	 1.851	 1.931	 2.242	 2.821	 1.702	 1.513	 2.247	 2.217	  2.45	 2.493	 5.212	 5.104	 | 5.212 max

train losses     76:	0.3258	0.3381	 0.342	 0.326	0.3584	0.3734	0.3727	0.3682	0.5545	0.5479	0.6358	0.6327	
val losses       76:	0.2893	0.2498	0.3555	0.3491	0.2697	0.2738	0.3384	0.3354	0.5045	0.5102	 1.108	 1.114	 | 0.4748 mean
                     	0.8116	0.6479	0.9149	0.9348	0.7112	0.7032	0.8966	 0.919	 1.474	 1.262	 2.524	 2.526	 | 1.608 quantile
                      	 1.863	  1.94	 2.247	 2.821	 1.614	 1.541	 2.256	 2.209	 2.442	 2.542	 5.195	 5.095	 | 5.195 max

train losses     78:	0.3244	0.3364	0.3406	0.3253	0.3555	0.3723	0.3708	0.3651	0.5513	0.5451	0.6223	0.6205	
val losses       78:	0.2866	 0.246	0.3553	0.3491	0.2693	 0.274	0.3386	0.3351	0.5053	0.5075	 1.115	 1.121	 | 0.4752 mean
                     	0.8018	0.6413	0.9148	0.9302	0.7088	0.7034	0.9046	0.9138	  1.48	 1.244	 2.561	 2.541	 | 1.619 quantile
                      	 1.838	 1.888	 2.257	 2.806	 1.724	 1.587	 2.281	 2.245	 2.464	 2.524	  5.19	 5.118	 | 5.19 max

train losses     80:	0.3232	0.3344	0.3394	0.3243	0.3534	0.3678	0.3676	0.3631	 0.546	0.5411	0.6139	0.6104	
val losses       80:	0.2889	0.2473	0.3552	 0.349	0.2715	0.2756	0.3394	0.3369	0.5091	0.5074	 1.103	 1.111	 | 0.4744 mean
                     	0.8094	0.6466	0.9161	0.9346	0.7158	0.7089	0.9067	0.9196	 1.488	 1.268	 2.551	 2.537	 | 1.589 quantile
                      	 1.982	 1.757	 2.236	 2.803	 1.635	 1.644	 2.277	  2.25	 2.439	 2.497	 5.101	 5.025	 | 5.101 max

train losses     82:	0.3211	0.3348	0.3381	0.3229	0.3524	0.3675	0.3647	0.3596	0.5398	0.5324	0.6057	0.6041	
val losses       82:	0.2888	0.2475	 0.355	0.3492	0.2661	0.2736	0.3359	0.3346	0.5058	0.5096	   1.1	 1.109	 | 0.4729 mean
                     	0.8106	0.6463	0.9139	0.9338	0.7003	0.6988	0.9022	0.9102	 1.443	 1.265	 2.572	 2.557	 | 1.581 quantile
                      	 1.915	 1.833	 2.222	  2.81	 1.658	 1.528	 2.224	 2.193	 2.632	 2.561	 5.046	 4.979	 | 5.046 max

train losses     84:	0.3207	0.3325	0.3363	0.3227	  0.35	0.3642	0.3632	0.3577	0.5379	0.5331	0.5929	0.5903	
val losses       84:	0.2873	0.2459	0.3545	0.3489	0.2679	0.2726	0.3372	0.3337	0.5115	0.5039	 1.116	 1.119	 | 0.4749 mean
                     	0.8137	0.6377	0.9123	0.9319	0.7033	0.6968	0.8963	0.9064	 1.488	 1.248	 2.509	 2.541	 | 1.625 quantile
                      	 1.897	 1.816	 2.245	 2.813	 1.683	 1.579	 2.273	 2.232	 2.501	 2.526	 4.838	 4.761	 | 4.838 max

train losses     86:	0.3192	0.3316	0.3357	0.3218	0.3465	 0.361	0.3622	0.3576	0.5365	0.5312	0.5985	0.5962	
val losses       86:	0.2846	0.2468	0.3544	 0.349	 0.265	0.2721	0.3356	0.3315	0.5135	0.5077	 1.104	 1.114	 | 0.4732 mean
                     	0.7924	 0.649	0.9113	0.9341	0.6888	0.6988	0.8877	0.8969	 1.453	  1.26	 2.586	   2.6	 | 1.576 quantile
                      	  1.95	 1.829	 2.185	 2.806	 1.657	 1.445	 2.299	 2.275	 2.446	 2.464	 5.132	  5.03	 | 5.132 max

train losses     88:	0.3189	0.3301	0.3346	0.3208	0.3465	0.3607	0.3598	0.3549	 0.542	 0.531	0.6127	0.6097	
val losses       88:	0.2826	0.2428	0.3546	0.3491	0.2632	0.2711	0.3342	0.3325	0.5282	0.5133	 1.101	 1.109	 | 0.4734 mean
                     	 0.792	0.6284	0.9135	0.9348	0.6828	0.6906	0.8834	0.9058	 1.485	   1.3	 2.573	 2.554	 | 1.588 quantile
                      	 1.793	 1.854	 2.207	 2.818	 1.712	  1.38	  2.21	 2.169	 2.352	   2.4	 4.883	 4.871	 | 4.883 max

train losses     90:	0.3174	0.3301	0.3331	0.3195	0.3447	0.3575	0.3565	0.3523	0.5561	0.5466	0.6003	0.6004	
val losses       90:	0.2911	0.2466	0.3538	0.3485	0.2712	0.2756	0.3364	0.3313	0.5364	0.5171	 1.157	 1.158	 | 0.4853 mean
                     	0.8193	0.6448	 0.912	0.9326	0.7107	0.7023	0.8957	0.8995	 1.486	 1.324	  2.61	 2.624	 | 1.661 quantile
                      	 1.878	 1.818	  2.23	 2.808	 1.695	 1.597	 2.247	 2.196	 2.378	 2.399	 4.597	 4.564	 | 4.597 max

train losses     92:	0.3197	0.3323	0.3333	  0.32	0.3454	0.3579	0.3606	0.3554	0.5962	0.5862	0.6669	0.6641	
val losses       92:	0.2913	 0.252	0.3543	 0.349	 0.265	 0.276	 0.338	0.3331	0.5467	0.5292	  1.15	  1.16	 | 0.487 mean
                     	0.8304	0.6532	0.9195	0.9373	0.6876	0.7045	0.8989	 0.906	 1.465	 1.344	 2.878	 2.854	 | 1.585 quantile
                      	 2.051	 1.731	 2.214	 2.774	 1.581	 1.447	 2.302	 2.272	 2.383	  2.35	 5.242	 5.186	 | 5.242 max

train losses     94:	0.3235	0.3363	0.3327	0.3192	 0.353	0.3669	0.3607	0.3561	0.6321	0.6225	0.6756	0.6751	
val losses       94:	0.2853	0.2396	0.3547	0.3486	0.2675	0.2716	0.3357	0.3349	0.5245	0.5117	  1.09	 1.101	 | 0.4722 mean
                     	 0.806	 0.627	0.9139	0.9324	0.6782	0.6846	0.8992	0.9093	 1.437	 1.306	 2.484	 2.536	 | 1.566 quantile
                      	 1.813	 1.634	 2.192	 2.839	 1.606	 1.512	 2.189	 2.169	 2.475	 2.335	 4.776	 4.816	 | 4.816 max

train losses     96:	0.3505	0.3669	0.3399	0.3247	0.3865	0.4058	0.3843	0.3773	  1.05	 1.037	0.7247	0.7206	
val losses       96:	0.2587	0.2282	0.3533	0.3477	0.2789	0.2811	0.3382	0.3301	0.7391	0.7054	 1.135	 1.157	 | 0.5128 mean
                     	0.6983	0.5858	0.9222	0.9392	0.6846	0.7178	0.8967	0.8972	 1.905	 1.695	 2.586	 2.622	 | 1.73 quantile
                      	 2.112	 1.623	  2.23	 2.746	 1.519	 1.459	 2.111	 2.069	 3.601	  2.99	 4.571	 4.498	 | 4.571 max

train losses     98:	0.3898	0.4099	0.3389	0.3262	0.4588	0.4868	0.4043	0.4012	0.9691	0.9489	0.7764	0.7833	
val losses       98:	0.3016	 0.259	0.3576	0.3508	0.3078	0.3167	0.3521	0.3624	0.6831	0.6802	 1.042	 1.046	 | 0.505 mean
                     	0.8413	0.6743	0.9261	0.9447	0.7934	0.7963	0.9303	0.9611	 1.791	 1.734	 2.432	 2.433	 | 1.622 quantile
                      	 2.136	   2.0	 2.127	 2.829	 1.607	 1.884	 2.106	  2.06	 2.757	 3.029	 3.527	 3.723	 | 3.723 max

train losses    100:	0.3939	0.4165	0.3464	0.3312	0.4473	0.4707	0.4311	0.4219	0.9787	0.9755	 0.986	 0.997	
val losses      100:	0.2973	0.2713	0.3586	0.3523	0.3002	0.2937	0.3474	0.3603	0.6326	0.6573	 1.232	 1.229	 | 0.5277 mean
                     	0.8001	0.7015	0.9253	0.9512	0.7697	0.7588	 0.925	0.9618	 1.838	 1.686	 2.678	 2.664	 | 1.813 quantile
                      	 2.026	 2.064	 2.143	 2.803	 1.518	 1.526	 2.244	 2.214	 2.724	 2.843	 4.317	  4.47	 | 4.47 max

train losses    102:	0.3786	0.3959	  0.34	0.3266	0.4333	0.4517	0.4111	0.4111	0.8284	0.8362	0.9694	0.9679	
val losses      102:	0.3088	0.2677	0.3574	0.3528	0.2788	 0.287	0.3425	0.3545	0.6057	0.6015	 1.196	 1.198	 | 0.5126 mean
                     	0.8566	0.6974	0.9209	0.9571	0.7187	 0.704	0.9358	0.9611	 1.667	 1.513	 2.837	 2.869	 | 1.692 quantile
                      	 2.242	 1.937	 2.104	 2.817	 1.789	 1.716	  2.38	 2.335	 2.733	 2.629	   5.7	 5.502	 | 5.7 max

train losses    104:	0.3693	0.3836	0.3401	0.3258	0.4247	0.4408	 0.407	0.4049	0.7147	0.7078	0.8524	0.8511	
val losses      104:	0.3082	0.2681	0.3572	0.3508	0.2889	0.2969	0.3436	0.3512	0.5443	0.5203	  1.06	 1.073	 | 0.4803 mean
                     	0.8712	  0.71	0.9217	0.9445	0.7471	0.7166	0.9342	0.9459	 1.501	 1.336	 2.432	 2.509	 | 1.562 quantile
                      	 2.012	 2.318	 2.121	   2.8	 1.675	 1.558	 2.442	 2.346	 2.539	 2.401	 4.341	   4.1	 | 4.341 max

train losses    106:	0.3572	 0.376	0.3384	0.3256	0.3975	0.4173	0.4039	0.3984	 0.669	0.6613	0.7767	0.7835	
val losses      106:	0.2989	0.2608	0.3572	  0.35	0.2683	0.2855	0.3452	0.3513	0.5209	0.5017	 1.093	 1.106	 | 0.4783 mean
                     	0.8381	0.6672	0.9296	0.9383	0.7138	0.7085	0.9373	 0.942	 1.463	 1.269	  2.54	 2.584	 | 1.575 quantile
                      	 2.034	 1.857	 2.165	 2.784	 1.733	 1.207	 2.349	 2.261	 2.583	 2.407	 5.056	 5.163	 | 5.163 max

train losses    108:	 0.352	0.3607	0.3361	0.3232	0.3838	0.4032	0.3873	0.3859	0.6207	0.6161	0.7051	0.7056	
val losses      108:	0.3065	0.2664	0.3563	0.3496	0.2713	0.2789	0.3442	0.3516	0.5079	 0.507	 1.107	 1.118	 | 0.4805 mean
                     	0.8573	0.7013	0.9301	0.9434	0.7034	0.6876	0.9301	0.9479	 1.471	 1.265	 2.604	 2.624	 | 1.584 quantile
                      	 1.913	 1.718	  2.23	 2.799	 1.582	 1.461	 2.229	 2.188	 2.416	 2.549	 5.398	 5.529	 | 5.529 max

train losses    110:	 0.339	0.3488	 0.333	0.3203	0.3728	0.3898	0.3792	0.3778	0.6007	0.5936	 0.669	0.6667	
val losses      110:	0.2955	0.2506	0.3557	0.3493	0.2637	0.2763	0.3392	0.3444	0.4975	0.4996	 1.086	 1.097	 | 0.4713 mean
                     	0.8261	0.6585	0.9214	0.9414	0.6931	0.6884	0.9208	0.9484	  1.44	 1.262	 2.496	 2.546	 | 1.566 quantile
                      	 1.919	   1.9	  2.22	 2.802	 1.666	 1.196	 2.181	 2.139	 2.317	 2.612	 4.708	 4.718	 | 4.718 max

train losses    112:	0.3322	 0.342	 0.332	0.3191	0.3647	0.3801	0.3726	0.3709	0.5785	0.5691	0.6241	0.6211	
val losses      112:	0.3047	0.2542	 0.355	0.3493	0.2696	0.2783	0.3403	0.3435	0.5041	0.5054	 1.085	 1.098	 | 0.4739 mean
                     	0.8548	0.6504	0.9164	0.9376	0.7108	0.6911	0.9108	0.9372	 1.481	 1.289	 2.488	 2.532	 | 1.588 quantile
                      	 2.005	 1.927	 2.244	 2.777	 1.715	 1.336	 2.233	 2.206	 2.671	 2.497	 4.507	 4.551	 | 4.551 max

train losses    114:	0.3245	0.3366	  0.33	0.3176	0.3535	0.3684	0.3649	0.3621	 0.565	0.5519	0.5993	0.5962	
val losses      114:	0.3003	0.2526	0.3553	0.3495	0.2644	0.2748	0.3379	0.3404	0.5035	0.5062	 1.089	 1.104	 | 0.4732 mean
                     	0.8427	0.6513	0.9154	0.9361	0.7115	0.6893	 0.903	0.9262	 1.463	 1.277	 2.509	 2.552	 | 1.588 quantile
                      	 1.891	 1.902	 2.248	 2.774	 1.681	 1.304	  2.21	 2.158	 2.674	 2.462	 4.426	 4.665	 | 4.665 max

train losses    116:	0.3198	0.3312	0.3289	0.3168	0.3501	0.3627	0.3611	 0.358	0.5493	 0.539	0.5842	0.5817	
val losses      116:	0.2983	0.2511	0.3545	0.3486	0.2679	0.2744	0.3374	0.3375	0.5074	0.5103	 1.098	 1.111	 | 0.4747 mean
                     	0.8539	 0.646	 0.916	0.9363	0.7023	0.6947	0.9034	0.9252	 1.472	 1.273	 2.506	  2.54	 | 1.615 quantile
                      	  1.91	  1.74	 2.247	 2.778	 1.589	 1.473	 2.273	 2.229	 2.616	 2.454	 4.379	 4.437	 | 4.437 max

train losses    118:	0.3178	0.3246	 0.328	0.3159	0.3433	0.3573	0.3556	0.3531	0.5406	0.5313	0.5698	0.5659	
val losses      118:	0.2925	0.2468	0.3542	0.3482	0.2638	0.2715	0.3363	 0.335	0.5063	0.5043	 1.084	 1.097	 | 0.47 mean
                     	0.8247	0.6331	 0.913	0.9374	0.6883	0.6891	0.8941	 0.916	 1.468	 1.252	 2.467	 2.519	 | 1.591 quantile
                      	 1.881	 1.736	 2.225	 2.776	 1.639	 1.331	 2.199	 2.173	 2.569	 2.436	 4.109	 4.189	 | 4.189 max

train losses    120:	0.3163	0.3259	0.3275	 0.315	 0.342	0.3562	0.3503	 0.348	0.5332	0.5233	0.5526	0.5513	
val losses      120:	0.2928	 0.245	0.3539	0.3478	0.2667	0.2721	0.3376	0.3339	0.5066	0.5045	 1.093	 1.103	 | 0.4714 mean
                     	0.8287	0.6372	0.9103	0.9338	0.6939	0.6898	0.8972	0.9067	 1.475	 1.262	 2.477	 2.529	 | 1.596 quantile
                      	 1.882	 1.703	 2.221	 2.776	 1.653	 1.402	 2.223	 2.194	 2.673	 2.523	 4.344	 4.371	 | 4.371 max

train losses    122:	0.3141	0.3215	0.3259	0.3144	0.3389	0.3532	0.3486	0.3455	0.5265	0.5144	0.5451	0.5421	
val losses      122:	0.2915	 0.245	0.3541	0.3483	0.2655	0.2721	0.3351	0.3324	0.5084	0.5068	 1.091	 1.102	 | 0.4711 mean
                     	0.8238	0.6336	0.9131	0.9345	0.6978	0.6899	0.8955	0.9093	 1.481	 1.259	 2.485	 2.507	 | 1.602 quantile
                      	 1.864	 1.649	 2.216	 2.783	 1.606	 1.383	 2.167	 2.154	 2.674	 2.569	 4.356	 4.266	 | 4.356 max

train losses    124:	0.3133	0.3189	0.3257	0.3143	0.3381	0.3502	0.3445	0.3424	 0.522	 0.509	0.5408	0.5378	
val losses      124:	0.2906	0.2424	0.3542	0.3482	0.2662	0.2711	0.3353	0.3322	0.5079	0.5087	  1.09	 1.099	 | 0.4705 mean
                     	0.8224	0.6256	0.9154	0.9359	0.6993	0.6896	0.8929	0.8991	 1.463	 1.269	 2.486	 2.504	 | 1.601 quantile
                      	 1.875	 1.663	 2.218	 2.776	 1.598	  1.45	 2.222	 2.202	 2.753	 2.528	 4.315	 4.327	 | 4.327 max

train losses    126:	0.3117	0.3187	 0.325	0.3133	0.3339	0.3473	0.3435	0.3401	0.5146	0.5048	0.5335	 0.532	
val losses      126:	0.2858	0.2404	0.3541	0.3483	0.2633	 0.271	 0.334	0.3307	0.5062	0.5042	 1.083	 1.092	 | 0.4678 mean
                     	0.8091	0.6206	0.9132	0.9354	0.6846	0.6916	 0.886	 0.893	 1.437	 1.249	 2.459	 2.504	 | 1.589 quantile
                      	 1.849	 1.583	 2.203	 2.796	 1.594	 1.395	 2.217	 2.193	 2.663	 2.451	 4.152	 4.149	 | 4.152 max

train losses    128:	0.3091	 0.316	0.3245	 0.313	0.3318	0.3449	0.3404	0.3378	0.5129	0.5027	0.5279	 0.526	
val losses      128:	0.2864	0.2414	0.3541	0.3481	0.2665	0.2722	0.3328	0.3293	 0.508	0.5035	  1.08	  1.09	 | 0.4677 mean
                     	0.8127	0.6271	0.9155	0.9354	0.6994	0.6839	0.8936	0.8924	  1.46	 1.245	 2.452	 2.498	 | 1.587 quantile
                      	 1.821	 1.684	   2.2	 2.783	 1.632	 1.411	 2.215	   2.2	 2.641	 2.486	 4.184	 4.121	 | 4.184 max

train losses    130:	 0.308	0.3156	0.3242	0.3131	0.3317	0.3449	0.3391	0.3366	0.5095	0.4988	0.5222	0.5185	
val losses      130:	0.2834	0.2401	0.3539	0.3481	0.2628	  0.27	0.3316	0.3287	0.5078	0.5016	 1.077	 1.087	 | 0.466 mean
                     	0.8035	0.6191	0.9155	0.9325	0.6869	0.6769	0.8825	0.8874	 1.457	 1.232	 2.436	 2.492	 | 1.58 quantile
                      	 1.865	 1.623	 2.183	 2.798	 1.606	 1.381	 2.177	 2.162	 2.586	 2.379	 4.281	 4.233	 | 4.281 max

train losses    132:	0.3075	 0.315	0.3238	0.3128	0.3298	0.3423	0.3387	0.3352	0.5048	 0.495	 0.515	0.5144	
val losses      132:	0.2835	0.2406	0.3537	0.3478	0.2635	0.2701	0.3315	0.3292	 0.507	0.5021	 1.074	 1.085	 | 0.4656 mean
                     	0.8048	0.6213	0.9116	0.9322	0.6923	0.6812	0.8855	 0.894	 1.456	 1.233	 2.456	 2.494	 | 1.574 quantile
                      	 1.902	 1.537	 2.191	 2.792	 1.681	 1.328	 2.169	 2.158	 2.669	 2.464	 4.244	 4.177	 | 4.244 max

train losses    134:	0.3067	0.3146	0.3228	0.3117	0.3262	0.3377	0.3347	0.3336	0.5013	0.4915	 0.513	0.5101	
val losses      134:	0.2842	0.2406	0.3537	 0.348	0.2617	0.2694	0.3302	0.3279	0.5073	0.5025	 1.073	 1.085	 | 0.4653 mean
                     	0.8016	0.6208	0.9148	0.9321	0.6849	0.6711	 0.884	0.8955	 1.443	 1.228	 2.479	 2.519	 | 1.568 quantile
                      	 1.957	 1.567	 2.187	 2.795	 1.572	 1.392	  2.17	 2.168	 2.698	 2.484	 4.258	 4.284	 | 4.284 max

train losses    136:	0.3054	0.3132	0.3227	0.3118	0.3256	0.3384	0.3358	0.3344	0.4996	0.4898	0.5084	0.5072	
val losses      136:	0.2844	0.2403	0.3536	0.3476	0.2613	0.2695	0.3304	0.3271	0.5095	0.5024	 1.072	 1.084	 | 0.4653 mean
                     	0.8041	0.6214	0.9112	0.9351	0.6838	0.6768	0.8802	0.8911	  1.45	 1.229	  2.46	 2.514	 | 1.564 quantile
                      	 1.964	 1.594	 2.186	 2.787	 1.548	 1.345	  2.19	 2.169	 2.656	 2.436	 4.235	  4.27	 | 4.27 max

train losses    138:	0.3051	0.3117	0.3224	0.3116	0.3242	0.3363	0.3322	0.3309	 0.497	0.4868	0.5062	0.5046	
val losses      138:	0.2825	0.2387	0.3533	0.3476	0.2611	 0.268	0.3301	0.3268	0.5089	0.5051	 1.072	 1.083	 | 0.4647 mean
                     	0.8001	 0.621	0.9102	0.9339	0.6851	0.6767	0.8771	0.8922	 1.442	 1.229	 2.461	 2.494	 | 1.561 quantile
                      	 1.917	 1.593	 2.181	 2.788	 1.683	 1.365	  2.19	 2.168	 2.726	 2.482	 4.209	 4.193	 | 4.209 max

train losses    140:	0.3055	0.3123	0.3215	0.3112	0.3233	0.3348	 0.331	0.3294	 0.489	0.4837	0.5031	0.5036	
val losses      140:	0.2836	0.2389	0.3531	0.3475	0.2619	0.2675	0.3297	0.3269	0.5121	0.5028	 1.066	 1.078	 | 0.464 mean
                     	0.8074	0.6224	0.9109	0.9346	0.6892	0.6779	0.8812	0.8885	 1.457	 1.242	 2.438	 2.462	 | 1.57 quantile
                      	 1.997	 1.537	 2.179	 2.776	  1.63	 1.326	 2.216	 2.199	 2.736	 2.441	 4.135	 4.021	 | 4.135 max

train losses    142:	0.3046	0.3118	0.3212	0.3111	 0.321	0.3342	0.3281	0.3262	0.4928	0.4802	0.5048	0.5038	
val losses      142:	0.2822	0.2377	0.3529	0.3473	0.2595	0.2666	0.3281	0.3256	0.5102	0.5034	 1.068	 1.079	 | 0.4633 mean
                     	0.7987	0.6192	0.9084	0.9314	0.6839	0.6709	0.8709	0.8816	 1.427	 1.226	 2.444	 2.465	 | 1.567 quantile
                      	 1.972	 1.607	 2.179	 2.781	 1.566	 1.317	 2.197	  2.17	 2.766	 2.458	 4.094	 4.094	 | 4.094 max

train losses    144:	0.3031	 0.309	0.3208	  0.31	0.3201	 0.332	0.3275	0.3263	0.4876	0.4806	0.5013	0.4989	
val losses      144:	0.2816	0.2382	 0.353	0.3474	0.2618	0.2688	0.3289	0.3256	0.5092	0.5037	 1.075	 1.085	 | 0.4648 mean
                     	0.7914	0.6162	0.9109	0.9301	0.6866	0.6753	0.8683	0.8809	 1.436	 1.234	 2.434	 2.454	 | 1.582 quantile
                      	 1.834	 1.529	 2.185	 2.788	 1.623	 1.379	 2.193	 2.163	 2.756	 2.457	 4.178	 4.166	 | 4.178 max

train losses    146:	0.3028	0.3101	0.3202	0.3096	0.3196	0.3331	0.3258	 0.324	 0.487	0.4775	0.5018	0.5004	
val losses      146:	0.2826	0.2372	0.3528	 0.347	0.2632	0.2687	0.3285	0.3252	0.5099	 0.508	 1.087	 1.096	 | 0.4671 mean
                     	0.8021	0.6192	0.9128	  0.93	0.6877	 0.675	0.8682	0.8853	 1.434	 1.238	 2.477	 2.486	 | 1.596 quantile
                      	 1.896	 1.528	 2.168	 2.787	 1.649	 1.382	 2.222	 2.185	 2.807	 2.525	 4.262	 4.287	 | 4.287 max

train losses    148:	0.3024	0.3104	0.3199	0.3096	0.3184	0.3327	0.3257	0.3237	 0.485	0.4758	0.5014	 0.501	
val losses      148:	0.2795	0.2364	0.3529	0.3471	0.2581	0.2661	0.3273	0.3245	0.5114	0.5055	  1.09	 1.099	 | 0.4665 mean
                     	0.7841	0.6156	0.9131	0.9332	0.6733	0.6684	0.8695	0.8829	 1.427	  1.23	 2.492	 2.498	 | 1.592 quantile
                      	 1.863	 1.581	 2.173	 2.792	 1.586	 1.317	 2.215	 2.172	 2.796	 2.463	 4.221	 4.219	 | 4.221 max

train losses    150:	0.3008	0.3059	0.3191	0.3087	 0.317	0.3306	0.3249	0.3232	0.4817	0.4734	0.5153	0.5134	
val losses      150:	0.2774	0.2356	0.3532	0.3474	0.2586	0.2661	0.3281	0.3251	0.5083	0.5055	 1.083	 1.093	 | 0.4651 mean
                     	0.7756	0.6128	0.9144	0.9291	0.6753	0.6706	 0.866	0.8769	 1.425	 1.225	 2.507	 2.501	 | 1.572 quantile
                      	 1.874	 1.543	  2.16	 2.796	 1.633	 1.293	 2.174	  2.14	 2.776	 2.584	 4.396	 4.398	 | 4.398 max

train losses    152:	 0.302	0.3085	0.3194	0.3086	0.3185	0.3286	0.3242	0.3224	0.4819	0.4733	  0.52	 0.516	
val losses      152:	0.2813	0.2376	0.3528	0.3473	0.2609	0.2678	0.3277	0.3249	 0.512	0.5064	 1.079	 1.091	 | 0.4657 mean
                     	0.7897	0.6146	0.9126	0.9296	0.6961	0.6778	0.8683	0.8785	  1.45	 1.238	 2.507	 2.532	 | 1.559 quantile
                      	  1.95	 1.536	  2.17	 2.784	 1.702	 1.321	 2.169	 2.146	 2.781	 2.487	  4.58	 4.606	 | 4.606 max

train losses    154:	0.3009	0.3073	0.3184	 0.308	0.3163	0.3278	0.3235	0.3212	0.4748	  0.47	0.5066	0.5047	
val losses      154:	0.2805	0.2384	0.3529	 0.347	0.2582	0.2671	0.3279	0.3256	0.5111	0.5037	 1.083	 1.098	 | 0.4661 mean
                     	0.7871	0.6102	0.9137	0.9311	0.6778	0.6695	0.8618	0.8817	 1.452	  1.24	 2.514	 2.562	 | 1.557 quantile
                      	 1.948	 1.603	 2.165	 2.793	 1.602	 1.295	 2.173	 2.154	 2.649	 2.435	 4.324	 4.385	 | 4.385 max

train losses    156:	0.3014	0.3062	0.3185	0.3085	0.3169	0.3267	0.3203	0.3192	0.4764	0.4704	0.5077	0.5058	
val losses      156:	0.2778	0.2378	0.3529	0.3471	0.2573	0.2681	0.3276	0.3255	0.5144	0.5046	 1.077	 1.094	 | 0.4653 mean
                     	0.7806	0.6142	0.9144	0.9298	0.6742	  0.68	0.8655	0.8825	 1.466	 1.246	 2.484	  2.54	 | 1.556 quantile
                      	 1.868	 1.561	 2.159	  2.76	 1.641	 1.272	 2.091	 2.075	 2.606	 2.409	   4.2	 4.207	 | 4.207 max

train losses    158:	0.3003	 0.307	0.3185	0.3084	0.3148	0.3281	0.3207	0.3192	0.4744	0.4673	0.5206	0.5194	
val losses      158:	0.2776	0.2365	0.3526	 0.347	0.2587	0.2673	0.3268	0.3249	0.5106	0.5008	 1.069	 1.086	 | 0.4631 mean
                     	0.7818	0.6099	0.9133	0.9309	0.6797	 0.672	0.8579	0.8812	 1.431	 1.225	  2.44	  2.52	 | 1.554 quantile
                      	  1.97	 1.533	  2.15	 2.784	  1.72	 1.293	 2.133	 2.117	 2.586	 2.398	  3.99	 4.008	 | 4.008 max

train losses    160:	0.2992	0.3033	0.3179	0.3082	0.3147	0.3251	0.3207	0.3191	0.4765	0.4683	0.5546	0.5513	
val losses      160:	0.2823	0.2377	0.3524	0.3469	0.2581	0.2659	0.3258	0.3237	0.5133	0.5045	 1.046	 1.058	 | 0.4595 mean
                     	0.7973	 0.621	0.9136	0.9305	 0.686	0.6746	0.8604	0.8769	 1.452	 1.235	 2.364	 2.424	 | 1.541 quantile
                      	 2.014	 1.535	 2.158	 2.767	 1.561	 1.293	 2.177	 2.155	  2.73	 2.441	 3.766	 3.766	 | 3.766 max

train losses    162:	0.2985	0.3047	0.3171	0.3079	0.3142	0.3238	0.3192	0.3186	0.4684	0.4664	0.5361	0.5366	
val losses      162:	0.2774	0.2344	0.3522	0.3468	0.2567	0.2646	0.3255	 0.322	0.5094	0.5009	   1.1	 1.109	 | 0.4666 mean
                     	0.7831	0.6064	0.9112	0.9278	0.6734	 0.677	0.8567	0.8656	 1.438	 1.228	 2.442	 2.478	 | 1.614 quantile
                      	 1.842	 1.507	  2.16	 2.786	 1.668	 1.341	 2.184	 2.152	 2.838	 2.487	 3.863	 3.825	 | 3.863 max

train losses    164:	0.2993	0.3045	0.3181	0.3078	0.3126	0.3248	0.3184	0.3166	  0.47	0.4642	0.5265	0.5258	
val losses      164:	0.2795	0.2347	0.3521	0.3465	0.2577	0.2666	0.3269	0.3234	0.5079	0.5074	 1.196	 1.202	 | 0.4834 mean
                     	0.7875	0.6094	0.9145	0.9256	0.6721	0.6692	0.8527	0.8714	 1.444	 1.257	 2.626	  2.63	 | 1.698 quantile
                      	 1.872	 1.517	  2.18	 2.783	 1.643	 1.448	 2.236	   2.2	 2.926	 2.568	 3.934	 3.933	 | 3.934 max

train losses    166:	0.2971	0.3058	0.3173	0.3075	0.3152	0.3254	0.3203	0.3191	0.4724	0.4663	0.6107	0.6097	
val losses      166:	0.2847	0.2364	0.3519	0.3465	0.2609	0.2669	0.3274	0.3223	0.5092	0.5162	 1.253	 1.258	 | 0.4945 mean
                     	0.8019	0.6194	0.9096	0.9282	0.6766	0.6676	0.8614	0.8729	 1.437	 1.286	 2.717	 2.713	 | 1.753 quantile
                      	  1.93	 1.524	 2.194	 2.769	 1.712	 1.477	 2.294	 2.259	 2.997	 2.607	 4.072	 4.043	 | 4.072 max

train losses    168:	0.2986	0.3059	0.3174	0.3075	0.3125	0.3244	0.3186	0.3157	 0.475	0.4729	0.6485	0.6462	
val losses      168:	0.2837	0.2345	0.3518	0.3466	 0.259	0.2653	0.3253	0.3218	0.5115	0.5101	 1.132	 1.136	 | 0.4731 mean
                     	0.7994	0.6055	0.9134	0.9281	 0.675	0.6724	0.8503	0.8678	 1.445	 1.282	 2.455	  2.46	 | 1.64 quantile
                      	  2.06	  1.52	 2.159	 2.776	 1.612	 1.312	 2.254	 2.218	 2.936	  2.51	 3.699	 3.886	 | 3.886 max

train losses    170:	0.2995	0.3032	0.3172	0.3076	 0.314	0.3234	0.3168	 0.317	0.4703	0.4668	0.5568	0.5578	
val losses      170:	 0.274	0.2351	0.3526	0.3475	0.2553	 0.266	 0.324	0.3226	0.5126	 0.506	 1.051	 1.059	 | 0.4588 mean
                     	0.7671	0.6085	0.9156	0.9287	0.6693	0.6793	0.8567	0.8688	  1.43	 1.226	 2.357	 2.394	 | 1.568 quantile
                      	 1.821	 1.659	 2.153	 2.778	 1.588	 1.378	  2.13	 2.106	 2.765	 2.516	 3.511	 3.757	 | 3.757 max

train losses    172:	0.3024	0.3066	0.3171	0.3065	0.3146	0.3238	0.3166	0.3156	0.4722	0.4697	0.5411	0.5396	
val losses      172:	0.2768	0.2345	 0.352	0.3469	0.2589	0.2649	0.3289	0.3258	0.5116	0.5016	 1.083	 1.098	 | 0.4652 mean
                     	0.7805	0.6073	0.9124	0.9292	0.6798	0.6738	0.8721	0.8851	 1.473	 1.234	 2.489	 2.528	 | 1.558 quantile
                      	 2.033	 1.503	 2.142	  2.77	 1.679	 1.294	 2.165	 2.128	 2.683	 2.433	 4.674	 4.642	 | 4.674 max

train losses    174:	0.2974	0.3037	0.3162	0.3062	0.3139	 0.324	0.3155	0.3141	0.4728	0.4738	 0.551	0.5465	
val losses      174:	0.2864	0.2456	0.3522	0.3468	0.2642	0.2696	0.3285	0.3288	0.5204	0.5186	  1.13	 1.148	 | 0.4783 mean
                     	0.8118	0.6372	0.9117	0.9354	0.6976	0.6846	0.8754	0.9039	 1.496	 1.271	 2.624	 2.692	 | 1.614 quantile
                      	 2.102	  1.49	 2.137	  2.77	 1.613	 1.191	 2.236	  2.18	 2.578	 2.442	 4.364	 4.444	 | 4.444 max

train losses    176:	0.2985	0.3027	0.3154	0.3057	0.3118	0.3231	0.3143	 0.313	0.4677	0.4663	0.5404	0.5377	
val losses      176:	0.2751	0.2314	0.3526	0.3469	0.2525	0.2614	0.3266	0.3235	0.5134	 0.499	  1.09	 1.106	 | 0.4649 mean
                     	0.7718	0.6021	0.9124	0.9311	0.6692	0.6659	0.8604	0.8752	 1.467	 1.222	 2.558	   2.6	 | 1.552 quantile
                      	 1.963	 1.504	 2.145	 2.777	 1.663	 1.298	  2.23	 2.207	 2.442	 2.437	 4.531	 4.528	 | 4.531 max

train losses    178:	0.2999	0.3025	0.3155	0.3059	0.3137	0.3217	0.3135	0.3122	0.4679	0.4635	0.5237	0.5204	
val losses      178:	 0.282	0.2358	0.3523	0.3469	0.2594	0.2674	0.3272	0.3236	0.5119	0.5088	  1.09	 1.105	 | 0.4675 mean
                     	 0.797	0.6077	0.9153	 0.931	0.6784	0.6782	0.8699	0.8812	 1.449	 1.242	 2.597	 2.626	 | 1.564 quantile
                      	 2.064	  1.44	 2.151	 2.771	 1.642	  1.26	 2.225	 2.203	 2.747	 2.535	 4.364	 4.401	 | 4.401 max

train losses    180:	0.2947	 0.301	0.3156	 0.306	 0.311	0.3206	0.3115	0.3112	0.4644	0.4608	0.4945	0.4931	
val losses      180:	 0.274	0.2303	0.3517	0.3464	0.2551	0.2609	0.3246	 0.322	0.5125	0.5047	 1.078	 1.092	 | 0.4627 mean
                     	 0.771	0.5966	 0.913	0.9254	0.6549	0.6652	0.8535	 0.869	  1.45	 1.234	  2.51	 2.535	 | 1.552 quantile
                      	 1.972	 1.447	 2.153	 2.779	 1.645	 1.201	 2.142	 2.107	 2.812	  2.62	 4.525	 4.503	 | 4.525 max

train losses    182:	0.2956	0.3011	0.3151	0.3048	0.3095	0.3222	0.3097	0.3088	0.4618	0.4546	0.4665	0.4625	
val losses      182:	0.2747	0.2316	0.3521	0.3469	0.2564	0.2638	0.3233	0.3209	0.5098	0.5054	  1.08	 1.092	 | 0.4631 mean
                     	 0.772	0.6034	0.9163	0.9257	 0.674	0.6791	0.8583	 0.873	 1.441	 1.234	 2.535	 2.567	 | 1.57 quantile
                      	 1.991	 1.456	 2.131	 2.782	 1.705	 1.228	 2.154	 2.118	 2.741	 2.612	 4.223	 4.253	 | 4.253 max

train losses    184:	0.2955	0.3005	0.3148	0.3049	0.3088	0.3183	0.3077	0.3071	0.4599	0.4539	0.4586	0.4558	
val losses      184:	0.2721	0.2307	0.3513	 0.346	0.2539	0.2613	0.3238	0.3216	0.5108	0.5032	 1.068	 1.081	 | 0.4603 mean
                     	0.7734	0.5992	0.9145	 0.925	0.6639	0.6684	0.8533	0.8768	  1.43	 1.237	 2.466	 2.516	 | 1.561 quantile
                      	 2.014	 1.455	 2.152	 2.772	 1.622	 1.273	 2.142	 2.114	 2.728	 2.534	 4.282	 4.254	 | 4.282 max

train losses    186:	0.2929	0.3008	0.3135	0.3041	0.3076	0.3187	 0.307	0.3055	0.4604	0.4547	0.4507	0.4471	
val losses      186:	0.2767	0.2317	0.3511	0.3459	0.2572	 0.263	0.3238	0.3214	0.5122	0.5053	 1.063	 1.077	 | 0.4607 mean
                     	0.7794	0.6012	0.9131	0.9252	0.6707	0.6786	0.8543	0.8693	 1.466	 1.248	 2.448	 2.492	 | 1.55 quantile
                      	 1.982	 1.457	  2.16	 2.775	 1.615	 1.238	 2.122	 2.102	 2.703	 2.455	 4.422	 4.384	 | 4.422 max

train losses    188:	 0.294	0.2981	0.3136	0.3038	0.3064	 0.315	0.3057	0.3043	0.4564	0.4486	0.4492	 0.448	
val losses      188:	0.2737	0.2289	0.3515	0.3461	 0.255	 0.262	0.3234	0.3212	0.5122	 0.504	 1.063	 1.077	 | 0.4598 mean
                     	 0.767	0.5933	0.9138	  0.93	0.6693	0.6689	0.8548	0.8753	 1.438	 1.243	  2.45	 2.493	 | 1.55 quantile
                      	 1.944	  1.48	 2.144	 2.761	  1.67	 1.205	 2.142	 2.132	 2.762	  2.47	 4.108	 4.093	 | 4.108 max

train losses    190:	0.2926	0.2987	0.3138	 0.304	0.3059	0.3171	0.3059	 0.304	0.4531	0.4495	0.4497	0.4483	
val losses      190:	0.2749	0.2313	0.3512	0.3459	0.2568	0.2637	0.3242	0.3219	  0.51	0.5043	 1.056	 1.069	 | 0.4591 mean
                     	0.7768	0.6038	0.9137	0.9292	0.6787	0.6678	0.8568	0.8769	 1.447	 1.246	  2.43	 2.459	 | 1.549 quantile
                      	 1.921	 1.499	  2.15	 2.769	  1.63	 1.278	 2.199	 2.174	 2.756	 2.499	 4.072	 4.066	 | 4.072 max

train losses    192:	0.2915	0.2984	0.3139	0.3043	0.3058	0.3148	0.3044	0.3034	 0.453	0.4486	0.4517	0.4496	
val losses      192:	0.2731	0.2293	0.3512	0.3458	0.2535	 0.262	0.3237	0.3214	0.5135	 0.505	  1.06	 1.073	 | 0.4593 mean
                     	0.7743	0.5936	0.9122	0.9285	0.6629	 0.663	0.8546	0.8723	  1.44	 1.242	  2.45	 2.479	 | 1.547 quantile
                      	 1.941	 1.559	  2.13	 2.772	 1.621	  1.28	 2.152	 2.128	 2.745	 2.475	 3.962	 3.971	 | 3.971 max

train losses    194:	 0.292	0.2973	 0.313	0.3038	0.3049	0.3136	0.3032	0.3024	0.4526	0.4457	0.4539	0.4522	
val losses      194:	0.2724	0.2283	0.3514	0.3458	0.2522	0.2612	 0.323	 0.321	0.5147	0.5048	 1.058	 1.071	 | 0.4586 mean
                     	0.7638	0.5904	0.9143	0.9284	0.6634	  0.66	0.8553	0.8698	 1.439	 1.245	  2.43	 2.464	 | 1.547 quantile
                      	 1.915	 1.475	 2.138	 2.776	 1.666	 1.308	 2.141	 2.121	 2.692	 2.478	 4.043	 4.027	 | 4.043 max

train losses    196:	0.2917	0.2972	0.3133	0.3036	0.3034	0.3106	0.3007	0.3005	  0.45	0.4456	0.4508	 0.449	
val losses      196:	0.2694	 0.226	0.3512	0.3455	  0.25	0.2592	0.3224	0.3183	0.5135	0.5023	 1.057	 1.069	 | 0.4569 mean
                     	0.7536	0.5932	0.9131	0.9254	0.6575	0.6659	0.8576	0.8591	 1.438	 1.239	 2.398	 2.453	 | 1.55 quantile
                      	 1.927	 1.509	 2.156	 2.769	 1.607	 1.266	 2.092	 2.066	 2.656	 2.457	  3.98	 4.005	 | 4.005 max

train losses    198:	0.2908	0.2954	0.3129	0.3032	0.3044	0.3126	0.3027	0.3015	0.4486	0.4447	0.4449	0.4433	
val losses      198:	0.2749	0.2282	0.3514	0.3459	0.2528	 0.261	0.3219	0.3201	0.5146	0.5058	  1.06	 1.072	 | 0.4591 mean
                     	0.7748	0.5946	0.9169	0.9266	0.6721	0.6644	0.8492	 0.871	 1.445	  1.25	 2.387	 2.458	 | 1.576 quantile
                      	  1.95	 1.506	 2.143	 2.785	 1.653	 1.274	 2.169	 2.139	 2.743	 2.442	 4.073	 4.125	 | 4.125 max

train losses    200:	0.2919	0.2951	0.3121	0.3026	0.3011	0.3115	0.2999	0.2993	0.4508	0.4448	 0.441	0.4408	
val losses      200:	0.2768	 0.227	0.3505	0.3452	0.2553	0.2622	0.3236	0.3203	0.5125	0.5063	 1.069	  1.08	 | 0.4608 mean
                     	0.7792	0.5973	0.9136	0.9258	 0.669	0.6639	0.8559	0.8665	 1.467	 1.259	   2.4	 2.471	 | 1.583 quantile
                      	 2.005	 1.517	 2.153	 2.757	 1.631	  1.29	 2.179	 2.158	 2.768	 2.526	  3.95	  3.92	 | 3.95 max

train losses    202:	0.2909	 0.294	0.3122	0.3025	0.3048	0.3105	   0.3	 0.298	0.4496	0.4442	0.4418	 0.442	
val losses      202:	0.2726	0.2264	0.3507	0.3451	0.2511	0.2583	0.3207	 0.317	0.5127	0.5034	 1.076	 1.087	 | 0.4601 mean
                     	0.7682	0.5939	0.9115	 0.925	0.6581	0.6597	0.8428	0.8622	 1.453	 1.245	 2.419	 2.476	 | 1.584 quantile
                      	 1.964	 1.461	 2.151	  2.76	 1.725	 1.281	  2.16	 2.139	 2.794	 2.498	 3.871	 3.845	 | 3.871 max

train losses    204:	0.2891	0.2938	0.3117	0.3022	0.3022	0.3113	0.2991	0.2975	0.4468	0.4431	0.4498	0.4481	
val losses      204:	0.2698	0.2269	0.3512	0.3456	0.2511	0.2594	0.3213	0.3174	0.5101	0.5037	 1.085	 1.097	 | 0.4616 mean
                     	0.7624	0.5944	0.9166	0.9327	0.6566	0.6665	0.8543	0.8616	 1.445	  1.25	 2.436	 2.485	 | 1.591 quantile
                      	 1.882	 1.452	 2.131	 2.781	 1.608	 1.237	 2.147	 2.128	 2.849	 2.557	 3.844	 3.834	 | 3.844 max

train losses    206:	0.2894	0.2941	0.3122	 0.302	0.3029	0.3109	0.2981	0.2972	0.4438	0.4425	0.4587	 0.457	
val losses      206:	 0.273	0.2283	0.3505	0.3449	0.2561	0.2618	0.3223	  0.32	0.5125	 0.509	  1.08	 1.091	 | 0.4624 mean
                     	0.7685	0.6013	0.9138	0.9252	0.6796	0.6645	0.8577	0.8602	 1.432	 1.261	  2.43	 2.474	 | 1.589 quantile
                      	 1.956	 1.431	 2.143	 2.757	 1.611	 1.312	 2.213	 2.202	  2.89	 2.526	 3.882	 3.857	 | 3.882 max

train losses    208:	0.2883	 0.296	0.3111	 0.302	0.3007	0.3088	0.2977	0.2968	0.4474	0.4391	0.4636	0.4621	
val losses      208:	0.2722	0.2278	0.3506	0.3451	0.2515	0.2597	0.3212	0.3189	0.5102	0.5051	 1.074	 1.085	 | 0.4601 mean
                     	0.7724	0.5967	0.9152	0.9242	 0.657	0.6564	0.8456	0.8538	 1.427	 1.261	 2.443	 2.459	 | 1.573 quantile
                      	 1.885	 1.475	 2.135	 2.753	 1.619	 1.292	 2.181	 2.165	 2.846	 2.487	 4.021	 4.008	 | 4.021 max

train losses    210:	0.2893	0.2921	0.3116	0.3019	0.3011	0.3092	0.2974	 0.296	0.4448	0.4409	0.4624	0.4616	
val losses      210:	0.2699	0.2253	0.3506	0.3451	0.2509	0.2606	0.3207	0.3185	0.5099	0.5075	 1.053	 1.065	 | 0.4564 mean
                     	 0.763	 0.585	0.9118	0.9247	0.6588	0.6644	0.8491	0.8551	 1.419	 1.246	 2.422	 2.463	 | 1.532 quantile
                      	  1.93	 1.417	 2.125	  2.78	 1.602	 1.191	 2.093	 2.089	 2.793	 2.505	  3.99	 3.959	 | 3.99 max

train losses    212:	0.2898	0.2944	0.3112	0.3016	0.2991	0.3094	0.2959	0.2946	0.4465	0.4414	0.4494	0.4463	
val losses      212:	0.2698	0.2263	0.3505	0.3453	0.2519	 0.259	0.3218	0.3199	0.5147	 0.509	 1.053	 1.068	 | 0.4574 mean
                     	0.7588	0.5913	0.9139	0.9279	0.6499	0.6586	0.8515	0.8637	 1.447	 1.259	 2.451	 2.474	 | 1.523 quantile
                      	 1.948	 1.468	 2.117	 2.777	 1.636	 1.207	 2.115	 2.097	 2.866	 2.528	  3.98	 4.043	 | 4.043 max

train losses    214:	0.2893	0.2923	0.3105	 0.301	0.2994	0.3081	0.2955	0.2954	0.4423	0.4405	0.4522	0.4502	
val losses      214:	0.2713	0.2292	0.3507	0.3452	0.2534	0.2627	0.3228	0.3212	0.5118	0.5076	 1.073	 1.092	 | 0.4617 mean
                     	0.7704	0.5944	0.9129	0.9323	0.6714	0.6646	0.8547	0.8732	 1.436	 1.232	 2.496	  2.53	 | 1.532 quantile
                      	  1.96	 1.478	  2.13	 2.772	 1.683	 1.229	 2.208	 2.211	 2.698	 2.465	 4.164	 4.149	 | 4.164 max

train losses    216:	0.2902	0.2937	0.3109	0.3007	0.3006	0.3103	0.2947	0.2935	0.4465	0.4422	0.4924	0.4887	
val losses      216:	0.2723	0.2295	0.3508	0.3453	0.2522	0.2614	0.3228	0.3209	 0.513	 0.506	 1.087	 1.106	 | 0.464 mean
                     	0.7654	0.5966	0.9157	0.9271	0.6611	0.6605	 0.845	0.8652	 1.463	  1.24	 2.528	 2.579	 | 1.559 quantile
                      	 1.976	  1.47	 2.117	 2.784	 1.633	 1.216	 2.158	 2.148	  2.52	 2.482	 4.067	 4.039	 | 4.067 max

train losses    218:	0.2897	0.2941	0.3113	0.3015	0.3011	0.3081	0.2955	0.2948	0.4468	0.4423	0.5413	  0.54	
val losses      218:	0.2753	0.2313	0.3505	0.3452	 0.255	0.2635	0.3244	0.3233	0.5224	0.5132	 1.087	 1.105	 | 0.4663 mean
                     	0.7727	0.6053	0.9104	0.9307	0.6662	0.6611	 0.863	0.8783	 1.511	 1.253	  2.54	 2.587	 | 1.57 quantile
                      	 2.084	 1.481	 2.134	 2.769	 1.681	 1.258	 2.211	 2.195	 2.608	 2.431	 3.974	 3.997	 | 3.997 max

train losses    220:	0.2893	0.2907	0.3105	0.3011	0.3017	0.3096	 0.295	0.2956	  0.45	0.4456	  0.53	 0.527	
val losses      220:	 0.273	0.2302	0.3506	0.3452	0.2512	0.2623	0.3234	0.3221	0.5224	0.5133	 1.074	 1.088	 | 0.463 mean
                     	0.7672	0.5941	0.9089	0.9306	0.6547	0.6631	0.8535	0.8716	 1.499	 1.263	 2.521	 2.573	 | 1.542 quantile
                      	 1.952	 1.428	 2.124	  2.76	 1.646	 1.169	 2.149	 2.131	 2.576	 2.424	 4.156	 4.149	 | 4.156 max

train losses    222:	0.2881	0.2927	0.3101	 0.301	   0.3	0.3098	0.2936	0.2934	0.4511	0.4494	0.4753	0.4732	
val losses      222:	0.2685	0.2249	0.3504	0.3454	0.2516	0.2597	0.3228	0.3202	 0.529	0.5181	 1.069	  1.08	 | 0.4616 mean
                     	 0.759	0.5832	 0.912	0.9301	0.6623	0.6543	0.8447	0.8659	 1.526	 1.268	 2.488	 2.545	 | 1.558 quantile
                      	 1.965	 1.417	 2.125	 2.765	 1.573	 1.199	 2.173	 2.169	 2.648	 2.482	 4.386	 4.418	 | 4.418 max

train losses    224:	0.2895	0.2938	  0.31	0.3006	0.2989	0.3086	0.2926	0.2925	0.4529	0.4513	0.4496	0.4498	
val losses      224:	0.2725	0.2255	0.3501	0.3444	0.2519	0.2599	0.3225	0.3199	 0.523	0.5166	 1.063	 1.076	 | 0.4604 mean
                     	0.7681	0.5899	0.9086	0.9294	 0.672	0.6538	0.8513	 0.865	 1.495	 1.265	 2.448	 2.477	 | 1.563 quantile
                      	 1.993	 1.426	 2.128	  2.74	  1.66	 1.272	 2.099	 2.089	 2.704	 2.451	 3.918	 3.949	 | 3.949 max

train losses    226:	0.2873	0.2912	0.3097	0.3002	0.3003	0.3067	0.2937	 0.295	0.4509	0.4485	0.4393	0.4404	
val losses      226:	0.2702	0.2256	0.3502	0.3446	0.2532	0.2595	0.3205	0.3181	0.5165	0.5093	 1.066	 1.077	 | 0.4592 mean
                     	0.7613	0.5928	0.9128	0.9281	0.6641	0.6601	0.8404	0.8551	 1.452	 1.248	 2.418	  2.45	 | 1.582 quantile
                      	 1.936	 1.487	 2.106	 2.767	 1.631	 1.217	  2.16	 2.146	 2.741	 2.496	 3.967	 3.991	 | 3.991 max

train losses    228:	0.2871	0.2907	0.3087	0.2995	0.3016	0.3058	0.2917	0.2906	0.4479	0.4424	0.4359	0.4325	
val losses      228:	0.2675	0.2239	0.3499	0.3445	0.2492	0.2568	0.3202	0.3179	0.5083	0.5072	  1.07	 1.081	 | 0.458 mean
                     	0.7481	 0.582	0.9092	0.9236	0.6483	 0.653	0.8405	0.8537	 1.442	 1.265	 2.425	 2.454	 | 1.574 quantile
                      	 1.819	 1.427	  2.11	 2.766	  1.63	 1.214	 2.124	 2.115	 2.881	 2.603	 3.916	  3.95	 | 3.95 max

train losses    230:	 0.288	0.2899	0.3091	0.2996	0.2979	0.3037	0.2907	0.2917	0.4447	0.4429	0.4374	0.4364	
val losses      230:	0.2701	0.2255	0.3499	0.3442	0.2526	0.2593	0.3213	0.3189	0.5147	0.5195	 1.067	 1.077	 | 0.46 mean
                     	0.7608	0.5874	0.9095	0.9262	0.6705	0.6559	0.8483	0.8497	 1.446	 1.307	 2.403	 2.437	 | 1.581 quantile
                      	 1.945	 1.418	 2.116	 2.772	 1.602	 1.252	 2.126	 2.123	 3.074	 2.569	 4.025	 4.024	 | 4.025 max

train losses    232:	0.2863	0.2916	0.3087	0.2988	0.2965	0.3066	0.2893	0.2892	0.4488	0.4438	0.4478	0.4462	
val losses      232:	0.2686	0.2239	0.3495	0.3442	0.2532	0.2593	0.3211	0.3188	  0.52	0.5269	 1.078	 1.086	 | 0.4624 mean
                     	0.7577	 0.584	0.9121	0.9295	0.6657	0.6599	0.8453	0.8532	 1.449	 1.306	  2.41	 2.443	 | 1.589 quantile
                      	 1.911	 1.448	 2.115	 2.788	  1.66	 1.226	 2.091	 2.091	 3.085	 2.618	 3.756	 3.808	 | 3.808 max

train losses    234:	 0.285	0.2882	0.3091	 0.299	0.2973	0.3055	0.2887	0.2886	 0.448	0.4447	 0.451	0.4482	
val losses      234:	0.2654	0.2249	0.3497	0.3445	  0.25	0.2572	0.3209	0.3179	0.5185	0.5217	 1.071	 1.081	 | 0.4602 mean
                     	0.7447	0.5907	0.9147	0.9285	0.6456	0.6554	0.8501	0.8458	 1.442	 1.275	 2.393	 2.423	 | 1.576 quantile
                      	 1.788	 1.416	 2.117	 2.759	 1.589	 1.173	 2.089	 2.086	 2.997	 2.518	 3.739	 3.739	 | 3.739 max

train losses    236:	0.2866	0.2894	0.3084	0.2987	0.2971	0.3035	 0.288	0.2875	0.4428	0.4412	0.4421	0.4418	
val losses      236:	0.2672	0.2239	0.3498	0.3444	0.2496	0.2568	0.3211	0.3181	0.5133	0.5154	  1.06	  1.07	 | 0.4575 mean
                     	0.7534	0.5862	0.9143	0.9284	0.6591	0.6566	0.8477	0.8475	 1.433	 1.276	 2.371	 2.409	 | 1.573 quantile
                      	 1.908	 1.483	  2.12	 2.765	  1.61	 1.243	 2.123	  2.12	 2.942	 2.536	 3.603	 3.668	 | 3.668 max

train losses    238:	0.2856	0.2889	0.3079	0.2987	0.2958	0.3041	 0.286	0.2866	0.4437	0.4366	0.4375	0.4361	
val losses      238:	0.2627	 0.221	0.3497	0.3445	0.2483	0.2554	0.3202	0.3176	 0.519	0.5135	 1.053	 1.063	 | 0.4557 mean
                     	0.7323	 0.571	 0.906	0.9322	0.6504	0.6537	0.8444	0.8504	 1.435	 1.267	 2.351	 2.397	 | 1.557 quantile
                      	 1.874	 1.389	 2.117	 2.768	 1.649	 1.218	  2.13	 2.124	 2.897	 2.484	 3.757	 3.736	 | 3.757 max

train losses    240:	 0.286	 0.289	0.3073	0.2979	0.2958	0.3021	0.2864	0.2864	0.4376	0.4356	0.4253	0.4231	
val losses      240:	 0.267	 0.221	0.3494	0.3437	0.2476	0.2565	0.3215	0.3182	0.5115	0.5051	 1.053	 1.064	 | 0.4548 mean
                     	0.7466	0.5801	0.9081	0.9263	0.6391	 0.658	0.8473	0.8524	 1.423	 1.251	 2.366	 2.431	 | 1.557 quantile
                      	  1.95	  1.42	 2.121	 2.759	 1.679	 1.122	 2.089	 2.085	 2.854	  2.52	 3.919	 3.984	 | 3.984 max

train losses    242:	0.2838	0.2864	0.3074	0.2977	0.2975	0.3044	0.2853	0.2849	0.4393	0.4312	0.4205	0.4215	
val losses      242:	0.2652	0.2232	0.3493	0.3439	0.2534	0.2599	0.3204	0.3187	0.5132	0.5111	 1.043	 1.056	 | 0.4548 mean
                     	0.7415	0.5813	0.9102	0.9259	0.6604	 0.661	0.8482	0.8612	 1.434	 1.259	 2.353	   2.4	 | 1.544 quantile
                      	 1.914	 1.417	 2.118	 2.761	 1.603	 1.157	 2.084	 2.093	 2.867	 2.487	 3.696	 3.726	 | 3.726 max

train losses    244:	0.2847	 0.288	0.3074	0.2976	 0.293	0.3008	 0.284	0.2845	0.4317	0.4303	0.4151	0.4122	
val losses      244:	0.2695	0.2251	0.3493	0.3436	0.2499	0.2573	0.3207	0.3185	0.5113	0.5082	 1.047	  1.06	 | 0.455 mean
                     	0.7696	0.5924	0.9124	0.9275	0.6554	0.6587	0.8483	0.8591	 1.433	 1.247	 2.367	 2.428	 | 1.544 quantile
                      	 1.972	 1.463	 2.108	 2.763	 1.624	  1.18	  2.11	 2.109	 2.836	 2.482	 3.775	 3.812	 | 3.812 max

train losses    246:	0.2819	0.2867	 0.307	0.2974	0.2944	0.3032	0.2836	0.2832	 0.434	0.4308	0.4174	0.4137	
val losses      246:	 0.268	0.2235	0.3494	0.3436	 0.251	0.2577	0.3207	0.3189	0.5128	0.5072	 1.044	 1.057	 | 0.4545 mean
                     	 0.753	0.5884	0.9108	 0.926	0.6541	0.6541	 0.849	 0.864	 1.464	 1.257	 2.375	 2.427	 | 1.542 quantile
                      	 1.965	 1.554	 2.111	 2.785	 1.623	 1.211	 2.156	 2.162	 2.836	 2.522	 3.941	 3.963	 | 3.963 max

train losses    248:	0.2838	0.2877	0.3065	0.2971	0.2932	0.3009	0.2826	0.2837	0.4319	0.4302	 0.413	0.4113	
val losses      248:	0.2636	0.2216	0.3491	0.3433	0.2499	0.2571	0.3202	0.3175	0.5194	0.5092	 1.043	 1.055	 | 0.4541 mean
                     	0.7317	0.5784	 0.911	0.9216	0.6601	0.6524	0.8437	0.8561	 1.473	  1.24	 2.364	 2.411	 | 1.543 quantile
                      	 1.877	 1.522	  2.12	 2.752	 1.592	 1.202	 2.079	 2.112	 2.767	 2.544	 3.762	 3.841	 | 3.841 max

train losses    250:	0.2839	0.2862	0.3064	0.2966	0.2955	0.2992	0.2815	0.2812	0.4322	 0.427	0.4133	0.4114	
val losses      250:	0.2657	0.2224	0.3492	0.3435	0.2497	 0.257	0.3196	0.3166	0.5163	0.5072	 1.039	 1.051	 | 0.4531 mean
                     	0.7442	0.5783	0.9132	0.9253	0.6572	0.6497	0.8417	0.8546	 1.457	 1.244	 2.353	 2.403	 | 1.536 quantile
                      	 1.897	 1.437	 2.112	 2.754	 1.631	 1.214	  2.11	 2.109	 2.812	 2.542	 3.705	 3.749	 | 3.749 max

train losses    252:	0.2825	0.2866	0.3065	0.2967	0.2936	0.3009	0.2811	 0.282	 0.432	0.4302	0.4156	0.4125	
val losses      252:	0.2655	 0.223	0.3488	0.3431	 0.249	0.2561	0.3194	0.3165	0.5174	0.5068	 1.042	 1.054	 | 0.4535 mean
                     	0.7419	0.5788	0.9118	0.9242	0.6533	 0.656	  0.85	0.8556	 1.481	 1.238	 2.361	 2.416	 | 1.538 quantile
                      	 1.912	 1.456	 2.106	 2.743	 1.676	 1.245	 2.149	 2.148	 2.709	 2.505	 3.698	 3.715	 | 3.715 max

train losses    254:	0.2826	0.2866	0.3064	0.2963	0.2944	0.3004	 0.281	0.2813	0.4323	0.4295	0.4138	0.4106	
val losses      254:	0.2695	0.2254	 0.349	0.3432	0.2507	0.2583	0.3196	0.3184	0.5136	 0.507	 1.038	 1.051	 | 0.4536 mean
                     	 0.756	0.5877	0.9115	0.9286	0.6607	0.6577	0.8491	0.8563	 1.452	 1.247	 2.363	 2.419	 | 1.54 quantile
                      	 1.925	 1.536	 2.098	 2.759	  1.55	 1.261	 2.116	 2.118	 2.784	 2.551	 3.721	 3.722	 | 3.722 max

train losses    256:	0.2835	0.2862	0.3064	0.2969	0.2946	0.2992	  0.28	0.2808	0.4322	0.4282	  0.41	0.4082	
val losses      256:	0.2628	0.2205	0.3488	0.3432	0.2462	0.2556	0.3201	0.3178	0.5155	0.5067	 1.039	 1.051	 | 0.4523 mean
                     	0.7302	0.5722	0.9146	0.9244	0.6385	0.6514	0.8437	0.8521	 1.454	  1.25	 2.376	 2.428	 | 1.532 quantile
                      	 1.964	 1.438	  2.11	 2.745	 1.574	 1.183	 2.071	 2.087	 2.775	 2.533	 3.775	 3.779	 | 3.779 max

train losses    258:	0.2817	0.2846	0.3055	0.2957	0.2937	   0.3	0.2802	0.2805	0.4328	0.4234	0.4151	0.4145	
val losses      258:	0.2631	0.2209	0.3487	0.3428	0.2476	0.2563	0.3198	0.3176	0.5141	0.5087	 1.037	  1.05	 | 0.4522 mean
                     	0.7383	0.5805	0.9077	0.9224	0.6526	0.6525	0.8444	0.8518	  1.45	 1.242	 2.368	 2.412	 | 1.519 quantile
                      	 1.904	 1.465	 2.088	 2.761	 1.683	 1.197	 2.047	 2.047	 2.756	 2.499	   3.7	 3.689	 | 3.7 max

train losses    260:	0.2814	0.2849	0.3051	0.2957	0.2915	0.2988	0.2795	0.2794	0.4305	0.4243	0.4251	0.4247	
val losses      260:	0.2658	0.2199	0.3483	0.3429	0.2494	0.2558	0.3206	0.3187	0.5143	0.5062	 1.032	 1.045	 | 0.4515 mean
                     	0.7443	0.5749	0.9113	0.9208	 0.645	0.6562	0.8486	 0.852	 1.449	 1.247	 2.354	 2.384	 | 1.525 quantile
                      	 1.954	  1.46	 2.106	 2.759	 1.662	 1.232	 2.093	 2.115	 2.827	 2.514	  3.81	 3.807	 | 3.81 max

train losses    262:	0.2815	0.2835	0.3057	0.2958	0.2917	0.2984	0.2784	0.2784	0.4259	0.4254	0.4365	0.4351	
val losses      262:	0.2625	0.2186	0.3485	0.3428	0.2466	0.2565	0.3215	0.3191	0.5122	0.5047	 1.034	 1.045	 | 0.451 mean
                     	0.7312	0.5717	0.9117	0.9213	0.6391	 0.647	0.8434	 0.857	  1.45	 1.239	 2.335	 2.353	 | 1.531 quantile
                      	 1.896	 1.482	 2.107	 2.759	  1.58	 1.261	  2.04	 2.054	 2.814	 2.545	 3.634	  3.64	 | 3.64 max

train losses    264:	0.2822	0.2862	0.3042	0.2945	0.2906	0.2976	0.2795	0.2802	0.4287	0.4235	0.4428	0.4432	
val losses      264:	0.2633	0.2216	 0.348	0.3424	0.2486	 0.256	0.3199	0.3183	0.5169	0.5086	 1.042	 1.054	 | 0.4533 mean
                     	0.7371	0.5788	0.9058	0.9209	 0.657	0.6493	0.8529	0.8517	 1.475	 1.255	 2.345	 2.365	 | 1.551 quantile
                      	 1.857	 1.403	 2.096	 2.753	 1.633	  1.17	 2.015	 2.027	 2.877	 2.535	 3.512	 3.664	 | 3.664 max

train losses    266:	0.2812	 0.284	0.3052	0.2958	 0.291	0.2981	 0.279	0.2799	 0.429	0.4262	0.4368	0.4359	
val losses      266:	0.2598	0.2186	0.3483	0.3428	0.2451	0.2533	0.3181	0.3164	0.5127	0.5057	 1.062	 1.072	 | 0.4546 mean
                     	0.7209	0.5667	0.9106	0.9229	0.6381	 0.637	0.8484	0.8386	 1.448	 1.241	 2.362	 2.383	 | 1.572 quantile
                      	 1.854	  1.55	 2.119	 2.752	 1.611	 1.289	 2.086	  2.09	 2.832	  2.58	 3.751	 3.768	 | 3.768 max

train losses    268:	0.2822	0.2845	0.3048	0.2951	0.2919	0.2971	0.2785	0.2778	0.4264	0.4258	0.4386	0.4391	
val losses      268:	0.2645	0.2201	0.3481	0.3423	0.2483	0.2573	0.3204	0.3163	0.5123	0.5123	 1.086	 1.095	 | 0.4603 mean
                     	0.7348	0.5728	  0.91	0.9288	0.6508	0.6514	0.8514	0.8483	 1.442	 1.262	 2.419	 2.432	 | 1.598 quantile
                      	 1.903	 1.389	 2.136	 2.728	 1.602	 1.225	 2.139	 2.146	 2.927	 2.562	 3.649	 3.643	 | 3.649 max

train losses    270:	 0.283	 0.284	0.3046	0.2947	0.2929	0.2974	0.2767	0.2785	0.4345	0.4284	0.4566	0.4561	
val losses      270:	0.2639	0.2212	0.3479	0.3423	0.2465	 0.253	0.3182	0.3154	0.5131	0.5179	 1.126	 1.134	 | 0.4666 mean
                     	0.7374	0.5794	  0.91	0.9225	0.6455	0.6401	 0.843	0.8374	 1.423	 1.289	 2.513	 2.542	 | 1.618 quantile
                      	 1.863	 1.511	 2.119	 2.745	 1.611	 1.218	 2.116	 2.122	 3.014	 2.609	 3.791	 3.785	 | 3.791 max

train losses    272:	0.2813	0.2841	0.3035	0.2945	0.2938	0.2987	0.2783	0.2797	0.4379	0.4369	 0.513	0.5121	
val losses      272:	0.2626	0.2175	0.3488	 0.343	0.2488	0.2539	0.3199	0.3173	0.5194	0.5268	 1.147	 1.154	 | 0.4716 mean
                     	0.7338	0.5605	0.9131	0.9247	0.6436	0.6488	0.8452	0.8405	 1.443	 1.327	 2.564	 2.562	 | 1.641 quantile
                      	 1.812	 1.427	 2.099	 2.764	 1.626	 1.225	 2.105	  2.11	  3.08	 2.597	 4.068	 4.117	 | 4.117 max

train losses    274:	0.2804	0.2844	 0.305	0.2946	0.2934	0.3013	0.2795	 0.279	0.4443	0.4458	0.5549	0.5556	
val losses      274:	0.2672	0.2192	0.3479	0.3427	0.2498	0.2583	0.3188	0.3159	0.5261	0.5291	 1.103	 1.109	 | 0.4656 mean
                     	0.7555	0.5743	0.9102	0.9219	0.6637	0.6618	0.8586	0.8476	 1.467	 1.343	 2.462	 2.476	 | 1.614 quantile
                      	 1.893	 1.467	 2.098	  2.75	 1.699	 1.181	 2.132	 2.138	 3.182	 2.563	 3.854	 3.845	 | 3.854 max

train losses    276:	0.2803	0.2841	 0.304	0.2947	0.2962	0.3019	0.2795	0.2812	0.4405	0.4458	0.5135	0.5151	
val losses      276:	0.2655	0.2222	0.3486	0.3431	0.2482	0.2586	0.3187	0.3167	0.5117	0.5145	  1.06	  1.07	 | 0.4564 mean
                     	0.7442	0.5738	0.9133	0.9245	0.6439	0.6485	0.8427	0.8409	  1.45	 1.285	 2.394	 2.434	 | 1.568 quantile
                      	 1.895	 1.373	  2.09	 2.713	 1.684	 1.166	 2.074	 2.081	 2.907	 2.506	 3.785	 3.804	 | 3.804 max

train losses    278:	0.2832	0.2869	0.3044	0.2947	0.2954	0.2996	0.2788	0.2791	0.4407	0.4429	0.4586	 0.458	
val losses      278:	0.2617	0.2174	0.3478	0.3425	0.2468	0.2546	0.3181	0.3155	0.5078	 0.502	 1.053	 1.064	 | 0.4526 mean
                     	0.7278	0.5723	0.9059	0.9187	0.6389	 0.655	0.8491	0.8475	 1.414	 1.242	 2.421	 2.464	 | 1.538 quantile
                      	 1.786	 1.418	   2.1	 2.716	 1.669	 1.223	 2.033	 2.054	 2.716	 2.609	 3.966	 4.061	 | 4.061 max

train losses    280:	0.2825	0.2846	0.3043	0.2952	0.2937	0.2993	0.2769	0.2789	0.4339	0.4392	0.4292	0.4276	
val losses      280:	0.2643	0.2216	0.3488	 0.343	 0.251	0.2578	0.3235	0.3216	0.5152	0.5103	 1.057	 1.073	 | 0.4573 mean
                     	0.7369	0.5779	0.9075	0.9216	0.6627	0.6552	0.8537	0.8533	 1.439	 1.264	 2.455	 2.495	 | 1.531 quantile
                      	 1.896	  1.37	 2.087	 2.716	  1.73	 1.186	  2.08	 2.087	  2.65	 2.402	 4.182	 4.205	 | 4.205 max

train losses    282:	0.2805	0.2848	0.3036	0.2944	0.2935	0.3008	 0.277	0.2773	0.4295	0.4283	0.4283	 0.426	
val losses      282:	0.2605	0.2205	0.3483	0.3429	0.2482	0.2568	0.3208	0.3189	0.5151	0.5097	 1.055	 1.071	 | 0.4556 mean
                     	0.7258	0.5663	0.9105	0.9204	0.6599	0.6535	0.8584	0.8606	 1.477	 1.263	 2.459	 2.485	 | 1.528 quantile
                      	 1.904	 1.395	 2.117	 2.727	 1.644	 1.215	 2.102	 2.109	 2.739	 2.456	 4.239	 4.254	 | 4.254 max

train losses    284:	0.2813	0.2831	0.3035	0.2933	 0.292	0.2992	0.2753	0.2764	0.4295	0.4322	0.4388	0.4362	
val losses      284:	0.2625	0.2199	0.3481	 0.342	0.2476	0.2561	0.3212	0.3177	0.5207	0.5153	 1.064	  1.08	 | 0.458 mean
                     	0.7312	 0.575	0.9082	0.9199	0.6486	0.6497	0.8509	0.8519	 1.503	  1.28	 2.496	 2.523	 | 1.539 quantile
                      	 1.961	 1.446	 2.078	 2.735	 1.607	 1.155	 2.074	 2.092	 2.595	 2.506	  4.17	 4.195	 | 4.195 max

train losses    286:	0.2789	0.2819	 0.303	0.2929	0.2919	0.2975	0.2749	 0.276	0.4326	0.4336	0.4516	0.4488	
val losses      286:	0.2679	0.2261	0.3477	0.3422	0.2525	0.2589	0.3223	0.3207	0.5226	0.5144	 1.056	 1.071	 | 0.4586 mean
                     	0.7475	0.5861	0.9071	0.9164	0.6635	0.6628	0.8572	0.8614	 1.507	 1.291	 2.467	 2.504	 | 1.534 quantile
                      	 2.001	 1.414	 2.085	 2.715	 1.553	 1.179	  2.12	 2.128	 2.672	 2.486	 4.091	 4.121	 | 4.121 max

train losses    288:	0.2801	0.2844	0.3031	0.2935	0.2916	0.2988	0.2735	0.2732	0.4265	0.4307	0.4447	0.4427	
val losses      288:	0.2612	 0.217	0.3477	0.3419	0.2475	0.2535	0.3214	0.3185	0.5174	0.5084	 1.057	 1.071	 | 0.4552 mean
                     	0.7221	0.5654	0.9088	0.9176	0.6413	0.6434	0.8539	0.8598	 1.488	 1.266	 2.464	   2.5	 | 1.535 quantile
                      	 1.875	 1.406	 2.092	 2.719	 1.589	  1.18	 2.024	  2.03	 2.663	 2.493	 4.095	 4.093	 | 4.095 max

train losses    290:	0.2795	0.2838	0.3026	0.2928	0.2912	0.2977	0.2726	0.2745	0.4288	0.4268	0.4311	0.4299	
val losses      290:	0.2566	0.2163	0.3479	0.3421	0.2453	0.2529	0.3188	0.3151	0.5155	0.5116	 1.042	 1.053	 | 0.4515 mean
                     	0.7136	0.5652	0.9108	0.9199	0.6448	0.6481	0.8431	0.8466	 1.454	  1.24	 2.403	 2.443	 | 1.529 quantile
                      	 1.849	  1.42	 2.087	 2.732	 1.571	 1.217	 2.015	  2.02	 2.696	 2.568	 4.043	 4.135	 | 4.135 max

train losses    292:	0.2816	0.2821	0.3027	0.2926	0.2909	0.2975	 0.274	0.2736	0.4281	0.4287	0.4138	 0.412	
val losses      292:	0.2623	0.2188	0.3475	0.3416	0.2478	0.2541	0.3195	0.3158	0.5125	0.5084	 1.048	  1.06	 | 0.453 mean
                     	0.7313	0.5782	0.9077	0.9201	0.6592	0.6411	0.8445	0.8498	 1.472	 1.251	 2.369	 2.409	 | 1.563 quantile
                      	 1.864	  1.46	 2.101	 2.716	 1.572	 1.255	 1.976	 1.986	 2.789	  2.51	 3.778	  3.78	 | 3.78 max

train losses    294:	0.2776	0.2813	0.3024	0.2924	0.2922	0.2968	0.2724	0.2727	0.4248	0.4267	0.4067	0.4073	
val losses      294:	0.2578	0.2163	 0.347	0.3416	0.2456	0.2497	0.3181	0.3151	0.5097	0.5077	 1.058	 1.068	 | 0.4528 mean
                     	0.7168	0.5678	0.9149	0.9196	0.6463	0.6353	0.8412	0.8498	 1.434	 1.257	 2.389	 2.411	 | 1.561 quantile
                      	 1.776	 1.446	 2.097	 2.742	 1.481	 1.207	 1.978	 1.991	 2.823	 2.513	 4.086	 4.062	 | 4.086 max

train losses    296:	0.2783	0.2808	0.3019	0.2919	  0.29	0.2959	0.2716	0.2728	0.4266	0.4265	0.4093	0.4087	
val losses      296:	0.2597	0.2182	0.3472	0.3415	0.2466	0.2545	 0.319	0.3153	0.5099	0.5116	 1.058	 1.067	 | 0.4541 mean
                     	0.7246	0.5701	0.9081	0.9206	0.6474	0.6403	0.8513	 0.851	 1.438	 1.285	 2.363	 2.391	 | 1.565 quantile
                      	 1.822	 1.489	 2.099	 2.728	 1.513	 1.152	 2.049	  2.07	 3.028	 2.581	 3.958	  3.97	 | 3.97 max

train losses    298:	0.2772	0.2803	0.3015	0.2914	0.2901	0.2942	  0.27	0.2708	0.4267	0.4246	0.4163	0.4153	
val losses      298:	0.2618	0.2193	 0.347	0.3413	0.2478	0.2533	0.3177	 0.313	0.5124	0.5185	 1.076	 1.086	 | 0.4579 mean
                     	0.7335	0.5768	0.9066	0.9222	0.6494	0.6442	0.8428	0.8397	 1.446	 1.305	 2.406	 2.414	 | 1.585 quantile
                      	 1.846	 1.445	  2.08	 2.741	 1.737	 1.318	 2.031	 2.044	 3.129	 2.542	 3.884	 3.894	 | 3.894 max

