train losses      0:	0.5577	0.5887	0.3374	0.3235	0.7227	0.7609	 0.462	0.4663	 1.619	 1.629	  1.49	 1.485	
val losses        0:	0.5761	0.5519	0.3706	0.3607	0.5173	0.5432	0.5352	0.4219	0.8323	0.9016	 1.172	 1.169	 | 0.6626 mean
                     	  1.75	  1.58	0.9521	0.9694	 1.507	  1.46	 1.276	 1.125	  2.64	 2.573	 2.894	 2.833	 | 2.128 quantile
                      	 5.043	 6.491	 2.269	 2.679	 2.938	 3.803	 3.216	 2.806	 4.358	 4.604	 5.337	 5.304	 | 6.491 max

train losses      2:	0.5522	0.5865	0.3322	0.3234	0.7186	0.7598	  0.46	0.4643	 1.615	 1.626	 1.489	 1.483	
val losses        2:	0.5608	0.5324	0.3805	0.3668	0.5181	0.5437	 0.467	0.4204	0.8139	0.8867	  1.17	 1.171	 | 0.6526 mean
                     	 1.727	 1.544	0.9828	0.9683	 1.502	 1.461	 1.189	 1.126	  2.62	 2.514	 2.887	  2.83	 | 2.119 quantile
                      	 4.977	 6.367	 2.273	 2.844	 2.938	 3.787	 3.087	 2.788	 4.241	 4.487	 5.349	  5.27	 | 6.367 max

train losses      4:	0.5407	0.5809	 0.333	0.3252	0.7089	 0.751	 0.459	0.4707	 1.581	 1.597	 1.491	 1.483	
val losses        4:	0.5443	0.5458	0.3651	  0.36	0.4945	0.5483	0.4065	0.4186	0.8075	0.8682	 1.202	 1.165	 | 0.6438 mean
                     	 1.662	 1.563	0.9431	0.9692	  1.43	 1.466	 1.108	 1.132	 2.543	 2.417	 2.949	 2.869	 | 2.076 quantile
                      	 4.822	 6.391	 2.226	 2.672	 2.787	 3.664	 2.896	 2.735	 4.049	 4.225	 5.221	 5.541	 | 6.391 max

train losses      6:	0.5353	0.5754	0.3367	0.3333	0.6652	0.7202	0.4566	 0.472	 1.499	 1.519	 1.499	 1.478	
val losses        6:	0.5427	0.5208	0.3748	0.3693	0.4605	0.4889	0.3942	0.4304	0.7662	0.8244	 1.184	 1.162	 | 0.6266 mean
                     	 1.652	 1.494	0.9716	0.9908	 1.271	 1.289	 1.085	 1.162	  2.37	 2.209	 2.935	 2.729	 | 2.022 quantile
                      	 5.117	 6.238	 2.201	 2.758	 2.556	  3.55	 2.825	  2.65	 3.749	 4.249	 5.352	 5.105	 | 6.238 max

train losses      8:	0.5436	0.6178	0.3823	0.3851	0.5814	0.6045	0.4895	0.5116	 1.303	 1.347	 1.524	 1.493	
val losses        8:	0.5299	0.6181	0.4298	0.4096	  0.37	0.3923	0.4173	 0.433	0.6245	0.6728	 1.242	 1.158	 | 0.6082 mean
                     	 1.602	 1.646	  1.07	 1.076	0.9898	 1.051	 1.115	 1.217	 1.704	 1.759	 3.019	 2.727	 | 1.903 quantile
                      	 4.739	 6.701	 2.518	 2.699	 2.295	 2.713	 2.923	 2.517	 3.152	 3.864	 5.329	 5.305	 | 6.701 max

train losses     10:	0.5479	0.6225	0.3616	0.3928	0.5499	0.5318	0.5111	0.5271	 1.077	 1.016	 1.502	 1.504	
val losses       10:	0.5398	0.5738	0.3844	0.3912	0.4506	0.3815	0.4256	0.4244	0.6732	0.6752	 1.177	 1.157	 | 0.6045 mean
                     	  1.63	 1.589	0.9816	 1.038	 1.132	0.9983	 1.124	 1.167	 1.568	 1.623	  2.86	 2.801	 | 1.831 quantile
                      	 4.646	 6.404	 2.208	 2.606	 2.509	 2.333	 2.993	 2.525	 2.766	 3.069	 5.495	 5.539	 | 6.404 max

train losses     12:	0.5429	0.6077	0.3583	0.3814	0.5516	0.5067	0.5122	0.4785	 0.887	0.8398	 1.494	 1.484	
val losses       12:	0.5796	0.5079	 0.404	0.4117	0.3585	0.3637	0.4242	0.4182	0.5451	0.6179	 1.164	 1.168	 | 0.5802 mean
                     	 1.671	 1.463	 1.024	 1.082	 0.963	0.9262	 1.126	 1.146	 1.387	 1.565	 2.906	 2.894	 | 1.766 quantile
                      	 4.391	 5.964	 2.461	 2.588	 2.088	 2.194	 2.969	 2.656	 2.039	 2.904	  5.62	 5.716	 | 5.964 max

train losses     14:	0.5105	0.5589	0.3687	0.3761	0.4954	0.4745	0.4963	 0.469	0.7202	0.7493	 1.492	 1.487	
val losses       14:	0.5007	0.4733	0.3706	0.3768	0.3538	0.3591	0.4058	0.4171	0.5133	0.5023	 1.154	 1.163	 | 0.5491 mean
                     	 1.493	 1.358	0.9453	   1.0	0.9233	0.9025	 1.122	 1.147	 1.404	 1.358	 2.846	   2.8	 | 1.746 quantile
                      	 4.463	 5.504	 2.328	 2.815	 2.242	  2.26	 2.751	 2.652	  2.27	 2.465	 5.531	 5.509	 | 5.531 max

train losses     16:	0.4883	0.5109	0.3461	 0.368	0.4968	0.4693	0.4794	0.4731	0.6452	0.6582	 1.488	 1.487	
val losses       16:	0.4746	 0.449	0.3684	0.3689	 0.331	0.3522	 0.417	0.4184	0.5274	0.5047	 1.156	 1.165	 | 0.5444 mean
                     	 1.399	 1.291	0.9563	0.9825	0.8673	0.8732	 1.138	 1.135	 1.464	 1.352	 2.846	 2.809	 | 1.742 quantile
                      	 4.121	 5.077	 2.244	 2.755	 2.042	 2.281	 2.661	 2.682	 2.581	 2.329	 5.579	 5.583	 | 5.583 max

train losses     18:	0.4842	 0.502	 0.338	0.3404	 0.452	0.4682	0.4752	 0.474	0.6008	0.5931	 1.485	 1.483	
val losses       18:	0.4929	0.4593	0.3664	0.3645	0.3205	0.3646	0.4099	0.4179	0.5188	 0.518	 1.162	 1.163	 | 0.5465 mean
                     	 1.385	 1.275	0.9535	0.9847	0.8472	0.9068	 1.109	 1.129	 1.392	 1.364	 2.854	 2.867	 | 1.694 quantile
                      	 3.479	 4.601	 2.232	 2.694	 1.916	 2.317	 2.849	 2.747	 2.276	 2.442	 5.614	 5.708	 | 5.708 max

train losses     20:	0.4436	0.4732	0.3366	0.3332	0.4184	0.4462	 0.474	0.4735	0.5709	0.5656	 1.486	  1.48	
val losses       20:	 0.447	0.4141	0.3667	0.3622	0.3226	0.3559	0.4062	0.4214	0.5209	0.5115	  1.16	 1.161	 | 0.5375 mean
                     	 1.285	 1.167	0.9475	0.9712	0.8439	0.8737	 1.109	 1.154	 1.423	 1.321	 2.883	 2.823	 | 1.713 quantile
                      	 3.597	 4.509	 2.249	 2.672	 1.672	 2.008	 2.734	  2.64	  2.55	  2.09	 5.553	 5.615	 | 5.615 max

train losses     22:	0.4303	0.4563	0.3324	0.3336	0.4081	0.4251	0.4722	0.4745	0.5484	0.5533	 1.484	 1.477	
val losses       22:	0.4303	0.4069	0.3621	0.3628	0.3148	0.3464	0.4035	0.4204	0.5124	 0.515	 1.159	 1.162	 | 0.533 mean
                     	  1.21	 1.148	0.9306	0.9806	0.8326	0.8599	 1.111	 1.152	 1.427	 1.291	 2.865	 2.829	 | 1.683 quantile
                      	 3.101	 4.185	 2.203	 2.658	 1.646	 2.081	 2.753	 2.731	 2.438	 2.254	 5.578	 5.726	 | 5.726 max

train losses     24:	 0.423	 0.442	0.3331	0.3346	0.4343	0.4277	0.4725	0.4763	0.5254	0.5401	 1.481	 1.472	
val losses       24:	0.4353	0.4006	0.3659	 0.364	0.3897	0.3807	0.4086	0.4232	0.5027	0.5259	 1.162	 1.164	 | 0.5435 mean
                     	 1.207	  1.11	0.9432	0.9856	0.9872	 0.948	 1.111	 1.161	 1.437	 1.345	 2.843	 2.842	 | 1.658 quantile
                      	 2.962	 4.197	 2.243	 2.639	 1.761	 1.655	 2.809	 2.701	 2.254	 2.508	 5.687	 5.762	 | 5.762 max

train losses     26:	0.4539	0.4476	0.3357	0.3279	0.4025	 0.408	0.4743	0.4823	0.5203	0.5191	 1.476	 1.468	
val losses       26:	0.4205	0.3775	0.3634	0.3591	0.3174	0.3319	0.4071	0.4246	0.5388	0.5421	 1.153	 1.159	 | 0.5329 mean
                     	 1.181	 1.047	0.9351	0.9565	0.8475	0.8173	 1.125	 1.165	 1.529	 1.402	 2.834	 2.766	 | 1.714 quantile
                      	 3.336	 4.133	 2.216	 2.701	 1.661	 1.746	 2.688	 2.684	 2.381	 2.272	 5.543	 5.551	 | 5.551 max

train losses     28:	0.4035	 0.422	0.3327	 0.328	0.3908	0.4164	0.4689	0.4776	0.5584	0.5647	 1.469	 1.454	
val losses       28:	0.4209	0.3887	0.3617	0.3596	0.3321	0.3605	0.4035	0.4247	0.5072	0.5255	 1.151	 1.156	 | 0.5326 mean
                     	 1.136	 1.053	0.9333	0.9598	0.8756	0.8952	 1.107	 1.145	 1.459	 1.349	 2.799	 2.791	 | 1.664 quantile
                      	 2.945	  4.05	 2.176	 2.678	 1.655	 1.803	  2.75	 2.776	 2.237	 2.624	 5.554	 5.655	 | 5.655 max

train losses     30:	0.4156	0.4256	 0.336	0.3265	0.3837	0.3859	0.4682	 0.481	0.5426	0.5397	 1.458	  1.44	
val losses       30:	0.4303	0.3941	0.3631	0.3587	 0.352	0.3445	0.4059	0.4286	0.5414	0.5383	 1.147	 1.152	 | 0.5379 mean
                     	 1.171	 1.024	0.9385	0.9579	0.9124	0.8521	 1.125	  1.18	 1.404	 1.385	 2.754	  2.73	 | 1.701 quantile
                      	 3.315	 3.981	 2.185	 2.699	 1.745	 1.715	 2.724	 2.732	 2.613	 2.704	 5.426	 5.412	 | 5.426 max

train losses     32:	0.4466	0.4536	0.3361	0.3281	0.4165	0.3952	0.4664	 0.482	 0.593	0.5641	 1.442	 1.422	
val losses       32:	0.4538	0.4258	0.3624	0.3576	0.4072	  0.38	0.4032	0.4307	0.6403	0.6185	 1.142	 1.143	 | 0.5637 mean
                     	 1.189	 1.104	0.9365	0.9648	0.9965	0.9577	 1.102	 1.151	 1.703	 1.612	 2.751	 2.766	 | 1.719 quantile
                      	 2.994	 3.758	 2.162	 2.703	 1.893	 1.521	 2.786	  2.83	 2.664	 2.246	 5.492	 5.443	 | 5.492 max

train losses     34:	 0.457	0.4502	0.3369	0.3259	0.3828	0.3783	0.4654	0.4847	  0.53	0.5181	 1.426	 1.406	
val losses       34:	0.4736	0.4307	0.3624	0.3593	 0.349	0.3414	0.4007	0.4334	0.6881	0.6632	 1.135	 1.143	 | 0.565 mean
                     	 1.276	 1.105	0.9463	 0.963	0.8954	0.8377	 1.111	  1.17	 1.721	 1.672	 2.674	 2.685	 | 1.741 quantile
                      	 3.556	 3.791	 2.184	 2.723	 1.681	 1.732	 2.753	 2.762	 2.627	 2.806	 5.291	 5.084	 | 5.291 max

train losses     36:	0.4684	0.4675	0.3422	  0.33	 0.372	0.3693	0.4653	 0.485	0.4883	0.4964	 1.399	 1.378	
val losses       36:	0.4705	 0.417	0.3783	0.3622	0.3478	0.3381	0.4015	0.4362	0.5167	0.5498	 1.128	  1.13	 | 0.5397 mean
                     	 1.252	  1.08	0.9851	0.9604	0.8928	0.8378	 1.096	 1.154	   1.5	  1.48	 2.707	 2.713	 | 1.673 quantile
                      	 3.277	 3.552	 2.296	 2.764	 1.689	 1.618	 2.793	 2.893	 2.256	 2.447	  5.16	 4.965	 | 5.16 max

train losses     38:	0.5577	0.5142	0.3475	0.3443	0.3745	0.3669	0.4663	0.4845	0.4922	0.4871	 1.331	 1.307	
val losses       38:	0.5395	0.4989	0.3718	 0.372	 0.346	0.3404	0.4004	 0.433	 0.546	0.5314	 1.126	 1.146	 | 0.5543 mean
                     	  1.47	 1.316	0.9711	 1.002	0.9055	0.8331	 1.101	 1.175	 1.438	 1.437	 2.656	 2.709	 | 1.73 quantile
                      	 3.884	 3.602	 2.213	 2.774	 1.607	 1.781	 2.746	 2.806	 2.447	  2.55	 4.715	 4.849	 | 4.849 max

train losses     40:	0.5695	0.5308	0.3499	0.3595	0.3635	0.3651	0.4588	0.4797	0.5606	0.6156	 1.248	 1.233	
val losses       40:	0.5143	0.4526	0.3789	0.3835	0.3368	0.3469	0.3986	0.4296	0.5192	0.5722	  1.11	 1.119	 | 0.5468 mean
                     	 1.411	 1.191	0.9851	 1.007	0.8787	0.8727	 1.087	  1.15	   1.6	  1.55	 2.647	 2.688	 | 1.695 quantile
                      	 4.001	 3.467	 2.284	 2.943	  1.55	 1.902	 2.631	 2.872	 2.383	 2.356	 4.322	 4.726	 | 4.726 max

train losses     42:	0.4962	0.4816	0.3606	 0.369	0.3665	 0.364	0.4577	0.4698	 0.647	0.6058	 1.166	 1.164	
val losses       42:	0.4822	0.4231	0.3861	0.4048	0.3398	0.3524	0.4022	0.4192	0.5248	0.6064	 1.146	 1.154	 | 0.5534 mean
                     	 1.342	 1.126	  1.01	 1.048	 0.908	 0.852	 1.091	 1.123	 1.565	 1.622	 2.825	 2.791	 | 1.709 quantile
                      	 4.217	 3.822	 2.248	 3.084	 1.569	 2.015	 2.499	 2.752	 2.455	 2.446	 5.593	 5.462	 | 5.593 max

train losses     44:	  0.44	0.4446	0.3633	0.3814	 0.344	0.3654	0.4685	0.4659	 0.617	0.5794	 1.132	 1.124	
val losses       44:	0.4203	0.3738	0.3786	 0.387	0.3263	0.3804	0.4053	0.4293	0.5602	0.5344	 1.237	 1.176	 | 0.5507 mean
                     	 1.226	 1.028	0.9962	 1.023	0.8744	0.9434	 1.109	 1.163	 1.538	 1.504	 3.026	 2.846	 | 1.707 quantile
                      	 3.852	 4.177	 2.294	 2.928	  1.52	 1.692	 2.459	 2.693	 2.523	 2.462	 6.272	 5.712	 | 6.272 max

train losses     46:	0.3849	0.3888	0.3483	0.3553	0.3958	0.3759	0.4596	0.4597	0.5667	 0.585	 1.061	  1.07	
val losses       46:	0.3894	0.3445	0.3827	 0.373	0.3548	0.3388	0.4004	0.4109	 0.551	0.5174	 1.192	 1.202	 | 0.5381 mean
                     	 1.117	0.9278	0.9936	0.9758	 0.957	0.8322	 1.089	 1.113	 1.514	 1.471	  2.97	 2.927	 | 1.696 quantile
                      	 3.599	 4.091	 2.409	 2.972	 1.758	  1.51	 2.431	 2.528	 2.442	 2.615	 6.301	 6.104	 | 6.301 max

train losses     48:	0.3859	0.3898	0.3591	 0.344	0.3431	0.3575	0.4647	0.4591	0.4206	0.4448	 1.127	 1.144	
val losses       48:	0.4356	0.3942	0.3789	0.3617	0.3133	0.3285	0.4058	0.4085	0.5341	 0.546	 1.292	 1.341	 | 0.5616 mean
                     	 1.183	 1.013	0.9667	0.9566	0.8364	0.8122	 1.116	 1.091	 1.671	 1.525	 2.802	 2.896	 | 1.843 quantile
                      	 3.112	  3.79	 2.445	 2.767	 1.511	 1.639	 2.463	 2.553	 2.364	 2.645	 5.033	 5.053	 | 5.053 max

train losses     50:	0.3822	0.3839	0.3458	0.3335	0.3408	0.3484	0.4522	0.4588	 0.513	0.4981	 1.055	 1.046	
val losses       50:	 0.428	0.3514	0.3763	0.3642	0.3156	0.3266	0.3914	0.4086	0.6788	0.7048	 1.189	 1.198	 | 0.5611 mean
                     	 1.138	  0.91	0.9668	0.9607	0.8409	 0.797	 1.084	 1.092	 1.762	 1.816	 2.777	   2.8	 | 1.734 quantile
                      	 2.851	 3.447	 2.315	 2.699	 1.616	 1.859	 2.612	 2.532	 2.959	 2.751	 5.839	 6.214	 | 6.214 max

train losses     52:	0.3571	0.3487	0.3445	0.3341	0.3499	0.3574	0.4578	0.4572	0.5017	0.5339	0.9336	0.9346	
val losses       52:	0.3751	0.3085	 0.372	0.3597	0.3495	0.3495	0.3926	0.4094	0.5463	0.6095	 1.178	 1.194	 | 0.5371 mean
                     	 1.001	0.8187	 0.961	  0.95	0.9205	0.8722	  1.08	 1.091	 1.545	 1.547	 2.793	 2.777	 | 1.68 quantile
                      	  2.67	 2.783	 2.206	 2.751	 1.739	 1.797	 2.508	 2.502	 2.527	 2.579	 6.371	 6.491	 | 6.491 max

train losses     54:	0.3507	0.3306	0.3411	0.3298	0.3603	0.3639	0.4526	0.4548	0.4562	0.4427	0.8704	0.8684	
val losses       54:	0.3421	0.2838	  0.37	0.3595	 0.344	0.3369	0.3955	0.4074	 0.545	0.5688	 1.206	 1.231	 | 0.5324 mean
                     	0.9149	0.7487	0.9518	0.9446	0.9011	0.8332	 1.084	 1.088	 1.536	 1.535	  2.87	 2.853	 | 1.692 quantile
                      	 2.723	 2.302	 2.227	 2.749	 1.706	  1.58	 2.528	 2.492	 2.351	 2.797	 7.123	 7.438	 | 7.438 max

train losses     56:	0.3386	0.3091	0.3413	0.3266	0.3309	0.3582	0.4532	0.4534	0.3969	0.4175	0.8265	0.8225	
val losses       56:	0.3337	0.2774	  0.37	 0.357	0.3451	0.3951	0.3949	0.4103	0.5093	0.5586	 1.204	 1.229	 | 0.532 mean
                     	0.8849	0.7249	0.9454	0.9375	0.8939	0.9526	 1.075	 1.103	  1.55	  1.58	 2.901	 2.866	 | 1.686 quantile
                      	 2.766	 1.937	 2.235	 2.746	 1.691	 1.612	 2.482	 2.473	 2.035	  2.66	 7.619	 7.909	 | 7.909 max

train losses     58:	0.3346	0.3186	0.3367	0.3286	0.3398	0.3396	0.4565	 0.456	0.4246	0.4402	0.8295	0.8275	
val losses       58:	0.3408	0.2952	0.3643	 0.363	0.3455	 0.328	0.3966	0.4084	0.5129	0.5583	 1.213	 1.236	 | 0.5302 mean
                     	0.9239	0.7636	0.9396	0.9432	0.8816	  0.82	 1.088	 1.094	 1.501	 1.549	 2.895	 2.885	 | 1.679 quantile
                      	 2.928	 2.318	 2.128	 2.829	 1.725	 1.459	 2.458	 2.486	 2.169	 2.746	 7.819	 7.979	 | 7.979 max

train losses     60:	0.3435	0.3334	0.3361	0.3258	0.3199	0.3317	0.4515	0.4537	0.4019	0.4209	0.7877	0.8021	
val losses       60:	0.4241	 0.347	 0.364	0.3557	0.3143	0.3246	0.3952	0.4072	0.5172	0.5661	 1.294	 1.315	 | 0.552 mean
                     	 1.054	0.8721	0.9409	0.9402	0.8535	0.8009	 1.083	 1.084	 1.553	 1.598	  2.93	 2.897	 | 1.795 quantile
                      	 2.687	 2.529	 2.162	 2.714	 1.564	 1.369	 2.491	   2.5	 2.012	 2.661	 7.186	 7.195	 | 7.195 max

train losses     62:	 0.351	0.3411	0.3359	0.3251	0.3267	0.3325	 0.448	0.4519	0.4324	0.4429	0.7974	0.8034	
val losses       62:	0.3932	0.3612	0.3642	0.3618	0.3169	0.3239	0.3934	0.4068	0.5505	0.5956	 1.227	 1.233	 | 0.544 mean
                     	 1.021	0.9009	0.9427	0.9607	0.8442	0.8044	 1.085	  1.09	 1.634	 1.624	   2.9	 2.865	 | 1.73 quantile
                      	 2.621	   2.8	 2.181	 2.663	 1.656	 1.493	 2.587	 2.459	 2.211	 2.654	  7.15	 7.129	 | 7.15 max

train losses     64:	0.3392	0.3348	0.3356	0.3277	0.3359	0.3456	0.4474	0.4513	0.4169	0.4375	0.6934	0.6865	
val losses       64:	0.3804	 0.335	0.3637	0.3564	0.3433	0.3419	0.3946	0.4088	 0.517	0.5773	 1.269	 1.286	 | 0.5478 mean
                     	0.9712	0.8538	0.9352	0.9515	0.8781	0.8552	 1.084	 1.086	 1.564	 1.562	 3.122	  3.07	 | 1.759 quantile
                      	 2.614	  2.26	 2.152	  2.74	  1.81	  1.51	 2.458	 2.454	 2.161	 2.782	 7.916	 7.963	 | 7.963 max

train losses     66:	  0.36	0.3492	0.3356	0.3266	0.3702	 0.356	0.4486	0.4498	0.3841	0.3846	0.6081	0.6165	
val losses       66:	0.4056	0.3705	 0.365	0.3551	0.4179	0.4094	0.3972	0.4059	0.5297	0.5978	 1.231	 1.262	 | 0.5623 mean
                     	 1.007	0.9233	0.9455	0.9381	 1.002	 1.013	 1.076	  1.08	 1.588	 1.553	 2.866	 2.916	 | 1.722 quantile
                      	 2.544	 2.565	 2.223	 2.721	 2.005	 1.749	 2.421	 2.472	 2.292	 2.849	 7.458	 7.556	 | 7.556 max

train losses     68:	0.3416	0.3403	0.3381	0.3248	0.3994	0.4138	0.4471	0.4494	0.3754	0.3864	0.5606	0.5625	
val losses       68:	0.3754	0.3502	0.3678	0.3551	0.4658	0.4716	0.3942	0.4077	0.5347	0.5951	 1.236	 1.257	 | 0.5675 mean
                     	0.9471	0.8687	0.9536	 0.939	 1.051	 1.097	 1.074	 1.081	 1.616	 1.607	 3.011	 2.933	 | 1.738 quantile
                      	  2.47	 2.458	 2.245	 2.737	 2.027	 1.841	 2.463	 2.448	 2.249	 2.686	 7.981	 7.982	 | 7.982 max

train losses     70:	0.3864	  0.39	0.3389	0.3247	0.4067	0.4073	0.4464	0.4497	0.3694	0.3721	0.5531	0.5555	
val losses       70:	0.3994	0.3623	0.3662	0.3549	0.4073	 0.418	0.3964	0.4061	0.5402	0.6025	  1.25	 1.261	 | 0.5637 mean
                     	0.9881	0.8932	0.9486	 0.942	0.9734	 1.021	 1.093	 1.087	 1.618	 1.606	 2.914	 2.899	 | 1.761 quantile
                      	 2.599	 2.462	 2.206	 2.739	 1.942	 1.758	 2.494	 2.466	 2.292	 2.782	 7.767	 7.669	 | 7.767 max

train losses     72:	0.3952	0.4009	0.3388	0.3249	0.3861	  0.39	0.4475	0.4504	0.3748	0.3849	0.5256	0.5217	
val losses       72:	 0.317	0.2894	0.3626	0.3554	0.3122	0.3133	0.3948	0.4059	0.5393	0.5995	 1.243	 1.262	 | 0.5329 mean
                     	0.8549	  0.75	0.9334	0.9475	0.7897	0.7825	 1.071	  1.09	 1.683	 1.621	 3.146	 3.072	 | 1.749 quantile
                      	 2.544	 2.936	 2.138	 2.748	   1.7	 1.506	 2.434	 2.451	 2.257	 2.718	 7.616	 7.667	 | 7.667 max

train losses     74:	0.3101	0.3134	0.3347	0.3251	0.3304	0.3257	0.4473	 0.449	0.3637	0.3686	0.5033	 0.505	
val losses       74:	0.3238	0.3011	0.3646	0.3557	0.3299	0.3367	0.3922	0.4059	 0.535	0.5985	  1.22	 1.248	 | 0.5342 mean
                     	0.8561	0.7658	0.9294	0.9415	0.8698	0.8193	 1.075	 1.104	 1.593	 1.571	 2.986	 2.966	 | 1.739 quantile
                      	 2.627	 2.822	 2.188	 2.745	 1.777	 1.468	 2.521	 2.503	 2.332	 2.821	 7.827	 8.032	 | 8.032 max

train losses     76:	0.3081	0.3112	0.3343	0.3253	0.3288	0.3245	0.4451	 0.448	0.3543	0.3608	0.4458	0.4497	
val losses       76:	0.3098	0.2957	0.3637	0.3555	0.3257	0.3279	0.3926	0.4064	0.5378	0.6004	 1.218	 1.243	 | 0.5314 mean
                     	0.8177	0.7507	0.9275	0.9378	0.8511	 0.808	 1.088	   1.1	 1.661	  1.59	 2.846	 2.852	 | 1.738 quantile
                      	 2.348	 2.402	 2.189	 2.734	 1.673	 1.417	 2.518	 2.495	 2.375	 2.817	 8.091	  8.27	 | 8.27 max

train losses     78:	0.3063	0.3081	 0.334	 0.325	0.3237	0.3191	0.4435	0.4466	0.3482	0.3551	0.4262	0.4276	
val losses       78:	0.2974	0.2896	0.3628	0.3554	0.3219	0.3224	0.3929	0.4066	 0.537	0.5985	 1.233	 1.258	 | 0.5313 mean
                     	0.7995	0.7456	0.9282	0.9433	 0.848	0.8023	 1.082	 1.102	  1.66	 1.594	  2.87	 2.875	 | 1.755 quantile
                      	 2.299	 2.289	 2.193	 2.728	 1.575	 1.395	 2.508	 2.485	 2.364	 2.871	  8.48	 8.603	 | 8.603 max

train losses     80:	0.2961	0.3033	0.3332	0.3247	0.3138	0.3119	0.4423	0.4451	0.3441	0.3453	0.4058	0.4037	
val losses       80:	0.2982	0.2859	0.3624	0.3554	0.3171	0.3197	0.3917	 0.405	0.5359	 0.586	 1.225	  1.25	 | 0.5278 mean
                     	0.7995	 0.735	0.9248	0.9393	0.8407	0.7991	 1.078	   1.1	 1.635	 1.588	 2.924	 2.896	 | 1.741 quantile
                      	 2.316	 2.299	 2.186	 2.737	 1.483	 1.399	 2.509	 2.479	 2.341	 2.838	 8.528	 8.637	 | 8.637 max

train losses     82:	0.2918	0.2953	0.3328	0.3248	  0.31	0.3077	0.4418	0.4442	0.3414	0.3402	0.3923	0.3915	
val losses       82:	0.2958	0.2857	0.3624	0.3555	0.3185	0.3216	0.3914	0.4038	0.5389	0.5863	 1.217	 1.243	 | 0.5266 mean
                     	0.7898	0.7342	0.9239	 0.939	0.8414	0.7963	 1.073	 1.091	 1.653	 1.602	 2.964	 2.913	 | 1.745 quantile
                      	 2.273	 2.192	 2.195	  2.74	 1.493	 1.415	 2.499	 2.469	 2.374	 2.842	 8.615	 8.723	 | 8.723 max

train losses     84:	0.2885	0.2962	0.3324	0.3247	0.3086	0.3056	0.4406	0.4427	0.3381	0.3376	0.3753	0.3791	
val losses       84:	0.2984	0.2884	0.3622	0.3554	0.3181	0.3226	0.3918	0.4033	 0.542	0.5885	 1.214	  1.24	 | 0.5271 mean
                     	0.7976	0.7404	0.9254	0.9403	0.8324	0.7999	 1.079	 1.088	 1.642	   1.6	 2.899	 2.904	 | 1.749 quantile
                      	 2.256	 2.074	 2.196	 2.758	 1.493	  1.44	 2.522	 2.462	 2.393	  2.84	 8.496	 8.589	 | 8.589 max

train losses     86:	0.2901	0.2961	0.3321	0.3245	0.3099	0.3076	0.4395	0.4419	0.3355	0.3369	0.3713	0.3681	
val losses       86:	0.3018	0.2927	0.3625	0.3558	0.3245	0.3295	 0.391	0.4013	0.5477	0.5921	 1.222	 1.255	 | 0.5314 mean
                     	0.8055	0.7479	0.9259	0.9437	0.8416	0.8135	 1.075	 1.078	 1.614	 1.589	 2.974	 2.971	 | 1.775 quantile
                      	 2.306	 2.013	 2.201	 2.775	 1.544	 1.506	 2.535	 2.437	 2.425	 2.895	 8.642	  8.77	 | 8.77 max

train losses     88:	0.2958	0.3031	0.3321	0.3241	 0.314	0.3082	0.4402	0.4437	0.3376	0.3359	0.5416	0.5173	
val losses       88:	0.3091	0.2892	 0.362	0.3557	0.3119	0.3163	0.3895	0.4002	0.5455	0.5842	 1.185	  1.22	 | 0.5223 mean
                     	0.8276	0.7346	0.9249	0.9419	0.8225	0.7795	 1.069	 1.073	  1.64	 1.602	 2.933	 2.924	 | 1.748 quantile
                      	 2.469	  2.44	 2.184	  2.77	 1.465	 1.438	 2.514	 2.425	 2.372	 2.871	 8.133	 8.289	 | 8.289 max

train losses     90:	0.3032	0.3097	0.3321	 0.324	0.3144	0.3071	0.4404	0.4422	0.3603	0.3634	 0.604	0.5979	
val losses       90:	0.3028	 0.276	0.3616	0.3555	0.3015	0.3033	0.3897	0.3977	0.5702	0.5995	 1.226	  1.25	 | 0.5278 mean
                     	0.8255	0.7129	0.9305	0.9439	0.7965	  0.76	 1.069	  1.07	 1.615	 1.579	  2.92	 2.868	 | 1.763 quantile
                      	 2.373	 2.631	 2.157	 2.721	 1.613	 1.282	  2.49	  2.42	 2.457	 3.059	 8.012	 8.094	 | 8.094 max

train losses     92:	0.2895	0.2955	 0.332	0.3238	0.3012	0.3005	 0.439	0.4407	0.4263	0.4313	0.5041	 0.503	
val losses       92:	0.3022	0.2819	0.3617	0.3557	0.3195	0.3249	0.3928	 0.399	 0.651	0.6779	 1.316	 1.327	 | 0.5591 mean
                     	 0.798	 0.735	0.9308	0.9453	0.8331	0.8146	 1.073	  1.08	 1.714	 1.778	 3.003	 3.082	 | 1.832 quantile
                      	 2.383	  2.33	 2.177	  2.73	 1.603	 1.421	 2.463	 2.413	 2.972	  2.72	 8.338	   8.4	 | 8.4 max

train losses     94:	0.2837	0.2881	0.3317	0.3235	0.3108	0.3088	0.4386	0.4407	0.4765	0.4793	0.4389	0.4266	
val losses       94:	0.2912	0.2768	0.3615	0.3555	0.3125	0.3135	 0.389	0.3985	0.5761	0.5918	 1.259	 1.291	 | 0.5347 mean
                     	0.7826	0.7137	0.9293	0.9446	0.8147	0.7798	 1.074	 1.073	 1.632	 1.607	 3.026	 3.027	 | 1.799 quantile
                      	 2.169	 2.202	 2.149	 2.752	 1.575	 1.464	 2.488	 2.436	 2.433	 2.948	 9.011	 9.174	 | 9.174 max

train losses     96:	0.2767	0.2831	0.3313	0.3236	0.2955	0.2971	0.4363	0.4368	0.4308	0.4305	0.3948	0.3959	
val losses       96:	 0.297	0.2756	0.3608	0.3556	0.3028	0.3036	0.3873	0.3982	 0.547	0.6012	 1.184	 1.222	 | 0.5196 mean
                     	0.8005	0.7119	0.9268	0.9467	0.7973	0.7558	 1.062	 1.068	 1.627	 1.577	 2.812	 2.825	 | 1.743 quantile
                      	 2.257	 2.284	 2.145	 2.755	 1.533	 1.435	 2.516	 2.418	 2.338	  2.93	 8.067	 8.298	 | 8.298 max

train losses     98:	0.2772	0.2836	0.3312	0.3241	0.2959	0.2964	0.4338	0.4351	0.3738	0.3747	0.4042	0.3953	
val losses       98:	0.2861	0.2705	0.3613	0.3555	0.3016	0.3052	0.3893	0.4005	0.5569	0.6189	 1.216	 1.232	 | 0.5245 mean
                     	0.7802	 0.699	0.9245	0.9434	0.8002	0.7423	 1.069	 1.084	 1.677	 1.588	 2.797	 2.848	 | 1.748 quantile
                      	 2.234	 2.443	 2.179	 2.742	 1.461	 1.387	 2.497	 2.446	 2.429	 2.908	 7.424	 7.675	 | 7.675 max

train losses    100:	0.2777	0.2775	0.3316	 0.324	0.2904	0.2908	0.4323	0.4325	0.3715	0.3722	0.3812	0.3819	
val losses      100:	0.2864	0.2694	0.3612	0.3556	0.3032	0.3053	0.3873	0.3973	0.5572	0.6053	  1.24	 1.267	 | 0.5279 mean
                     	0.7694	0.7004	0.9232	0.9442	0.7966	0.7425	 1.065	 1.061	 1.653	 1.579	 2.992	 2.971	 | 1.795 quantile
                      	 2.204	 2.054	  2.16	 2.751	   1.5	 1.365	 2.458	 2.389	 2.359	 2.802	 8.704	  8.87	 | 8.87 max

train losses    102:	0.2734	0.2788	0.3312	 0.324	0.2873	0.2867	 0.432	0.4325	0.4023	0.3994	0.3336	0.3317	
val losses      102:	0.2841	0.2679	0.3603	0.3556	0.3031	0.3056	 0.387	0.3966	0.5556	0.6055	 1.246	 1.266	 | 0.5278 mean
                     	0.7625	0.6929	0.9265	0.9436	0.8034	0.7427	 1.053	 1.071	 1.653	 1.616	 2.898	 2.929	 | 1.777 quantile
                      	 2.307	 2.177	 2.149	 2.743	 1.539	 1.392	 2.467	 2.403	 2.466	 2.924	 8.521	 8.647	 | 8.647 max

train losses    104:	0.2708	0.2772	0.3305	 0.324	0.2865	0.2838	0.4314	 0.431	0.3914	 0.387	0.3143	  0.32	
val losses      104:	 0.283	0.2679	0.3606	0.3558	0.2984	0.3003	0.3867	0.3955	0.5508	0.5978	 1.213	 1.237	 | 0.5206 mean
                     	0.7649	0.6922	0.9263	0.9443	0.7815	0.7347	 1.057	 1.057	  1.66	 1.584	 2.834	 2.826	 | 1.745 quantile
                      	 2.266	 2.083	 2.162	 2.769	 1.576	 1.339	 2.482	 2.392	 2.374	 2.888	 8.193	 8.336	 | 8.336 max

train losses    106:	0.2666	0.2724	0.3309	0.3239	0.2842	0.2823	0.4284	0.4282	0.3659	0.3569	0.2937	0.2962	
val losses      106:	0.2799	0.2631	0.3602	0.3561	0.2979	0.2989	0.3856	0.3943	0.5567	0.6079	 1.203	  1.23	 | 0.5195 mean
                     	0.7592	0.6881	0.9246	0.9427	0.7858	0.7293	 1.056	 1.053	 1.693	   1.6	 2.829	 2.816	 | 1.755 quantile
                      	 2.283	 1.991	 2.146	 2.768	 1.541	 1.384	 2.469	 2.375	 2.388	 2.883	 8.006	 8.141	 | 8.141 max

train losses    108:	0.2642	0.2693	0.3305	0.3239	0.2812	0.2785	0.4263	0.4262	0.3339	0.3264	0.3003	0.2958	
val losses      108:	0.2767	 0.262	0.3605	0.3558	0.3001	0.3012	0.3857	0.3935	0.5602	0.6055	  1.22	 1.243	 | 0.522 mean
                     	0.7485	0.6871	0.9273	 0.941	0.7896	0.7347	 1.049	 1.051	 1.674	 1.612	 2.842	 2.894	 | 1.762 quantile
                      	 2.287	 1.961	 2.167	 2.751	 1.546	 1.396	 2.421	 2.361	 2.402	 2.943	 8.231	 8.351	 | 8.351 max

train losses    110:	0.2618	0.2674	0.3302	0.3237	0.2783	0.2766	0.4243	0.4243	0.3157	0.3138	0.2899	0.2885	
val losses      110:	0.2751	 0.261	0.3603	 0.356	0.3014	0.3015	0.3837	0.3919	0.5621	0.6091	 1.231	  1.26	 | 0.5244 mean
                     	0.7421	0.6856	0.9285	0.9421	0.7901	 0.733	 1.039	 1.036	 1.673	  1.63	 2.953	 2.932	 | 1.792 quantile
                      	 2.274	 1.772	 2.158	 2.754	 1.565	 1.379	 2.433	 2.336	 2.405	 2.936	 8.746	  8.88	 | 8.88 max

train losses    112:	0.2595	0.2656	0.3301	0.3236	0.2769	0.2742	0.4222	0.4228	0.3142	0.3067	 0.284	0.2825	
val losses      112:	0.2736	0.2595	0.3602	0.3558	0.3003	0.2996	0.3838	0.3919	0.5685	0.6162	 1.227	  1.25	 | 0.5239 mean
                     	0.7389	 0.683	0.9278	0.9424	0.7904	0.7289	 1.035	 1.044	 1.658	 1.622	 2.848	 2.926	 | 1.766 quantile
                      	 2.299	 1.749	 2.158	 2.754	 1.522	 1.416	 2.444	 2.344	 2.415	 2.959	 8.294	 8.425	 | 8.425 max

train losses    114:	0.2599	0.2642	0.3299	0.3235	0.2744	0.2726	0.4199	  0.42	0.3085	0.3015	0.2813	0.2802	
val losses      114:	0.2736	0.2574	0.3602	0.3559	 0.302	   0.3	0.3824	0.3905	 0.568	0.6163	 1.216	 1.241	 | 0.522 mean
                     	0.7446	0.6776	0.9271	 0.944	0.7902	 0.729	 1.037	 1.031	 1.695	 1.619	 2.835	 2.867	 | 1.773 quantile
                      	 2.254	 1.694	 2.162	 2.752	  1.51	 1.418	 2.407	 2.326	 2.359	 2.933	 8.308	 8.461	 | 8.461 max

train losses    116:	0.2591	0.2631	0.3298	0.3235	0.2736	0.2704	0.4167	 0.417	0.3035	0.2987	0.3102	0.3148	
val losses      116:	0.2745	0.2573	0.3602	 0.356	0.3003	0.2977	0.3806	0.3885	0.5659	0.6136	 1.219	 1.249	 | 0.5219 mean
                     	0.7478	0.6731	0.9275	0.9441	0.7877	 0.721	 1.025	  1.02	 1.688	 1.634	 2.909	 2.915	 | 1.784 quantile
                      	 2.247	 1.709	 2.163	 2.761	 1.516	  1.45	  2.41	 2.287	 2.392	 2.929	 8.531	 8.671	 | 8.671 max

train losses    118:	0.2577	0.2612	0.3298	0.3234	0.2728	  0.27	0.4142	0.4151	0.3015	0.2959	0.3022	0.3069	
val losses      118:	0.2746	0.2562	0.3605	0.3559	0.3002	0.2979	0.3804	0.3875	0.5703	0.6194	 1.242	  1.27	 | 0.5262 mean
                     	0.7486	 0.673	0.9282	0.9451	  0.78	0.7197	 1.021	 1.021	 1.704	 1.649	 2.951	 2.933	 | 1.806 quantile
                      	 2.258	 1.677	 2.163	  2.77	 1.504	 1.436	 2.421	 2.313	 2.352	 2.919	 8.256	 8.393	 | 8.393 max

train losses    120:	0.2586	0.2604	0.3298	0.3234	0.2705	 0.268	0.4123	0.4149	0.3325	0.3424	0.3949	0.3971	
val losses      120:	0.2766	0.2539	0.3607	0.3559	0.2989	0.2943	0.3805	0.3889	0.5751	 0.619	 1.211	  1.23	 | 0.5204 mean
                     	 0.759	0.6669	0.9278	0.9465	0.7847	0.7136	 1.023	  1.02	 1.696	 1.638	 2.827	 2.871	 | 1.746 quantile
                      	 2.243	  1.89	 2.176	  2.75	 1.497	 1.435	 2.327	 2.285	 2.418	 3.046	 7.758	 7.894	 | 7.894 max

train losses    122:	0.2659	0.2645	0.3299	0.3233	0.2703	 0.266	 0.409	0.4097	0.3376	0.3366	0.3852	0.3912	
val losses      122:	  0.28	0.2563	0.3607	0.3559	0.3003	0.2948	0.3758	0.3826	0.5844	0.6214	 1.225	 1.258	 | 0.5246 mean
                     	0.7639	0.6654	0.9251	0.9452	 0.783	0.7172	0.9987	 0.985	 1.674	 1.663	 2.987	 2.939	 | 1.797 quantile
                      	 2.275	 1.877	 2.161	 2.763	 1.496	 1.464	 2.317	 2.215	 2.631	 3.125	 8.574	 8.737	 | 8.737 max

train losses    124:	0.2617	0.2613	0.3302	0.3231	0.2738	0.2693	0.4076	 0.409	 0.342	 0.334	0.3419	0.3481	
val losses      124:	  0.28	 0.255	0.3616	0.3558	0.3077	 0.301	 0.379	0.3842	0.5988	0.6314	 1.223	 1.243	 | 0.5266 mean
                     	0.7644	0.6656	0.9282	0.9445	0.8051	0.7195	 1.005	0.9889	 1.732	 1.679	 2.821	 2.896	 | 1.769 quantile
                      	 2.294	 1.816	  2.18	 2.777	 1.441	 1.518	 2.318	 2.236	 2.452	   2.9	 7.962	  8.09	 | 8.09 max

train losses    126:	0.2669	0.2648	  0.33	 0.323	0.2705	0.2675	0.4024	0.4034	0.3073	0.3056	0.3048	0.3114	
val losses      126:	 0.279	0.2622	0.3608	0.3558	0.2985	0.2947	0.3763	0.3821	0.5931	0.6345	 1.248	 1.277	 | 0.5301 mean
                     	0.7651	0.6821	0.9271	0.9434	 0.778	 0.722	0.9903	  0.99	 1.683	 1.675	 2.924	 2.919	 | 1.821 quantile
                      	 2.204	  1.69	  2.16	  2.78	 1.532	 1.468	 2.337	 2.236	 2.563	   3.2	 8.435	 8.598	 | 8.598 max

train losses    128:	0.2595	0.2608	0.3302	 0.323	0.2767	0.2706	0.3996	0.4012	0.2996	0.2923	0.3012	0.2979	
val losses      128:	0.2768	0.2557	0.3613	0.3558	0.3094	0.2988	0.3769	0.3829	0.5816	0.6155	 1.224	 1.245	 | 0.5236 mean
                     	0.7557	0.6646	0.9262	0.9453	  0.81	0.7269	0.9895	0.9886	 1.658	 1.638	 2.804	 2.856	 | 1.761 quantile
                      	 2.224	  1.81	 2.174	 2.773	  1.42	 1.559	 2.285	 2.238	 2.458	 3.073	 7.971	 8.152	 | 8.152 max

train losses    130:	0.2676	0.2645	0.3298	0.3228	0.2678	0.2634	0.3946	0.3955	0.2977	 0.295	0.2821	0.2853	
val losses      130:	0.2798	 0.259	0.3612	0.3558	0.3109	0.3013	0.3749	0.3797	 0.586	0.6183	  1.22	  1.25	 | 0.5247 mean
                     	0.7713	0.6687	0.9246	0.9455	0.8064	0.7256	0.9802	0.9703	 1.689	 1.662	 2.846	  2.89	 | 1.786 quantile
                      	 2.161	 1.714	 2.171	 2.781	 1.442	 1.522	 2.227	  2.23	 2.405	 3.055	 8.405	 8.606	 | 8.606 max

train losses    132:	0.2618	0.2615	0.3302	0.3226	0.2708	0.2645	0.3913	0.3934	0.2983	0.2991	0.2687	0.2669	
val losses      132:	0.2852	0.2611	 0.361	0.3561	0.3073	0.2973	0.3741	0.3787	0.5877	0.6155	 1.214	 1.245	 | 0.5235 mean
                     	0.7749	0.6747	0.9272	0.9443	0.8041	0.7214	0.9766	0.9641	 1.645	 1.639	 2.866	 2.877	 | 1.775 quantile
                      	 2.148	 1.743	 2.177	 2.789	  1.46	  1.54	 2.221	 2.204	  2.47	 3.118	 8.207	 8.397	 | 8.397 max

train losses    134:	0.2623	 0.261	  0.33	0.3224	0.2695	0.2646	0.3859	0.3878	0.2998	0.2995	0.2628	0.2666	
val losses      134:	0.2726	0.2558	0.3614	0.3556	0.3119	0.3029	0.3742	0.3781	0.5946	0.6222	 1.221	 1.244	 | 0.5246 mean
                     	0.7508	0.6693	0.9278	0.9456	0.8007	0.7317	  0.98	0.9642	 1.656	 1.646	 2.811	 2.851	 | 1.762 quantile
                      	 2.198	 1.712	 2.182	 2.784	 1.416	 1.511	 2.191	 2.212	 2.555	 3.163	 8.042	 8.231	 | 8.231 max

train losses    136:	0.2661	0.2626	0.3297	0.3222	0.2654	0.2606	0.3817	0.3832	0.3101	0.3084	0.2501	0.2572	
val losses      136:	0.2744	 0.257	0.3604	0.3558	0.3055	 0.297	0.3701	 0.374	0.5962	0.6177	 1.224	 1.254	 | 0.5238 mean
                     	0.7512	0.6694	0.9335	0.9451	0.7935	0.7243	0.9592	0.9505	 1.658	 1.623	 2.863	 2.856	 | 1.782 quantile
                      	 2.207	 1.719	 2.152	 2.799	 1.469	 1.543	  2.21	 2.141	 2.579	 3.164	 8.189	  8.39	 | 8.39 max

train losses    138:	0.2544	0.2556	0.3295	0.3219	0.2705	0.2665	0.3778	0.3791	0.3759	0.3786	0.2459	 0.244	
val losses      138:	0.2745	0.2571	0.3607	0.3562	0.3007	0.2926	0.3691	0.3737	0.5901	0.6179	 1.218	 1.249	 | 0.5216 mean
                     	0.7514	0.6695	 0.933	0.9444	0.7715	0.7156	0.9553	0.9509	 1.634	  1.64	  2.82	 2.839	 | 1.768 quantile
                      	 2.186	 1.723	 2.177	 2.814	 1.528	 1.459	  2.17	 2.109	  2.49	 3.067	 8.193	 8.431	 | 8.431 max

train losses    140:	0.2566	 0.262	0.3302	0.3218	0.2673	0.2641	 0.377	0.3773	0.3731	0.3644	0.2529	0.2508	
val losses      140:	 0.276	0.2538	0.3601	0.3553	0.3171	0.3088	0.3692	0.3723	0.6191	0.6519	 1.215	 1.237	 | 0.5279 mean
                     	0.7461	0.6578	0.9299	0.9462	0.8138	0.7463	0.9585	0.9415	 1.687	 1.707	 2.783	 2.829	 | 1.759 quantile
                      	  2.31	  1.54	 2.165	  2.79	 1.384	 1.603	 2.116	  2.12	 2.669	 2.941	 7.921	 8.134	 | 8.134 max

train losses    142:	0.2561	 0.265	 0.331	0.3217	0.2801	 0.272	0.3768	0.3768	0.5071	0.4959	0.2563	0.2658	
val losses      142:	 0.279	0.2663	0.3629	0.3559	0.3112	0.2967	0.3746	0.3733	0.7362	0.7188	  1.22	 1.248	 | 0.5453 mean
                     	0.7691	0.6892	0.9403	0.9451	0.7785	0.7352	0.9817	 0.954	 1.888	 1.827	 2.796	 2.805	 | 1.817 quantile
                      	  2.23	 1.976	 2.196	 2.807	 1.676	 1.359	 2.219	   2.1	 3.119	 3.536	 7.816	 8.036	 | 8.036 max

train losses    144:	0.2568	0.2635	0.3295	0.3216	0.2717	0.2718	0.3741	 0.374	0.4104	0.4137	0.2611	0.2586	
val losses      144:	0.2804	0.2538	  0.36	0.3552	0.3079	0.3021	0.3689	0.3715	0.6241	0.6584	 1.203	  1.23	 | 0.5263 mean
                     	 0.775	0.6618	0.9294	0.9462	0.7937	0.7249	 0.953	0.9391	 1.667	 1.647	 2.732	 2.755	 | 1.741 quantile
                      	 2.267	 1.942	 2.168	 2.797	  1.35	   1.5	 2.088	  2.16	  2.48	 2.786	 7.517	 7.749	 | 7.749 max

train losses    146:	0.2581	0.2606	0.3293	0.3212	0.2744	0.2707	0.3706	0.3706	0.3691	0.3631	0.2659	0.2597	
val losses      146:	0.2744	 0.253	0.3593	 0.355	0.2947	0.2891	0.3656	0.3686	0.5752	0.6288	   1.2	 1.227	 | 0.5159 mean
                     	0.7574	0.6617	0.9308	0.9484	0.7612	0.6974	0.9445	0.9271	 1.743	 1.667	 2.758	 2.797	 | 1.742 quantile
                      	  2.18	 1.921	 2.184	 2.791	 1.404	 1.505	  2.03	 2.163	 2.411	 3.067	 7.658	 7.876	 | 7.876 max

train losses    148:	0.2582	0.2633	0.3288	 0.321	0.2632	0.2604	0.3656	0.3656	0.3379	0.3384	0.2613	0.2616	
val losses      148:	0.2724	0.2588	 0.359	0.3553	0.2955	0.2891	0.3655	0.3674	0.6002	 0.664	 1.218	 1.246	 | 0.5243 mean
                     	0.7491	0.6778	 0.931	0.9445	0.7684	0.6966	0.9373	0.9247	 1.725	 1.692	 2.832	 2.819	 | 1.781 quantile
                      	 2.159	 1.764	 2.174	 2.794	 1.472	 1.439	 2.079	  2.12	 2.605	 3.218	 7.911	 8.125	 | 8.125 max

train losses    150:	0.2576	0.2574	0.3286	0.3206	0.2651	0.2656	0.3606	0.3614	0.3089	0.3087	0.2486	0.2446	
val losses      150:	  0.27	0.2507	0.3591	0.3548	0.3103	 0.304	0.3662	0.3675	0.5757	0.6261	 1.225	 1.251	 | 0.5217 mean
                     	0.7427	0.6554	0.9286	0.9493	0.7964	0.7281	0.9374	0.9299	 1.698	  1.65	  2.82	 2.829	 | 1.768 quantile
                      	 2.167	 1.615	 2.182	 2.792	 1.343	 1.536	 2.078	 2.107	 2.336	 2.952	 7.804	 8.059	 | 8.059 max

train losses    152:	0.2595	 0.264	0.3283	0.3204	0.2599	0.2577	0.3584	 0.358	0.2937	0.2915	0.2344	0.2316	
val losses      152:	0.2791	0.2689	0.3586	0.3549	0.2979	0.2902	0.3663	 0.367	0.5807	 0.626	 1.224	 1.253	 | 0.5222 mean
                     	 0.761	0.6939	0.9329	0.9447	0.7688	0.7017	0.9434	0.9368	  1.66	  1.64	 2.818	 2.827	 | 1.768 quantile
                      	 2.151	 1.769	 2.155	 2.804	 1.415	 1.481	 2.111	   2.1	 2.531	 3.117	 7.953	 8.178	 | 8.178 max

train losses    154:	0.2537	0.2547	0.3278	0.3202	0.2682	 0.268	 0.354	0.3539	0.2876	0.2862	0.2329	0.2346	
val losses      154:	0.2738	0.2564	0.3584	0.3548	0.3143	 0.304	0.3643	0.3656	0.5762	 0.622	 1.217	 1.245	 | 0.521 mean
                     	0.7525	0.6643	0.9253	0.9481	0.8078	 0.729	0.9363	 0.928	 1.662	  1.65	 2.808	  2.81	 | 1.75 quantile
                      	 2.119	 1.732	 2.173	 2.806	  1.34	 1.565	 2.079	 2.095	 2.365	 2.988	 7.949	 8.171	 | 8.171 max

train losses    156:	0.2557	0.2584	0.3275	0.3201	0.2565	0.2556	0.3536	0.3525	0.2857	 0.283	 0.261	0.2664	
val losses      156:	0.2703	0.2506	0.3578	0.3545	0.3043	0.2964	 0.362	0.3637	0.5765	0.6217	 1.225	 1.255	 | 0.5198 mean
                     	0.7456	0.6509	0.9241	0.9449	0.7798	0.7135	0.9373	0.9218	 1.661	 1.651	 2.835	 2.843	 | 1.76 quantile
                      	 2.167	 1.675	 2.163	 2.802	 1.395	 1.526	 2.119	 2.121	  2.46	 3.093	 8.088	  8.26	 | 8.26 max

train losses    158:	 0.253	 0.252	 0.327	0.3199	0.2583	0.2537	0.3488	0.3486	 0.283	 0.277	0.2547	0.2497	
val losses      158:	0.2691	0.2476	0.3575	0.3545	0.3001	0.2912	0.3632	0.3653	  0.58	0.6241	 1.253	 1.288	 | 0.5245 mean
                     	 0.738	0.6435	0.9235	0.9463	0.7745	0.7055	0.9446	0.9262	 1.664	 1.659	 2.926	 2.951	 | 1.807 quantile
                      	 2.178	 1.647	 2.157	   2.8	 1.391	 1.531	 2.146	 2.167	 2.418	 3.056	 8.312	 8.473	 | 8.473 max

train losses    160:	 0.253	0.2536	0.3267	0.3202	0.2544	0.2533	0.3556	0.3579	 0.288	0.2902	0.5571	0.5367	
val losses      160:	0.2815	0.2508	0.3575	 0.355	0.2891	  0.28	 0.361	0.3629	0.5743	0.6252	 1.203	 1.216	 | 0.513 mean
                     	0.7749	0.6515	0.9225	0.9425	0.7447	0.6843	0.9218	0.9157	 1.694	  1.66	 2.874	 2.955	 | 1.679 quantile
                      	 2.297	 1.893	  2.17	 2.813	 1.462	  1.35	 2.014	 2.131	 2.558	 3.058	 6.842	 7.032	 | 7.032 max

train losses    162:	0.2584	0.2569	0.3269	0.3201	0.2592	0.2594	0.3524	0.3538	0.3053	0.3031	0.4937	 0.504	
val losses      162:	0.2839	0.2501	 0.358	0.3544	0.3015	0.2966	0.3581	0.3635	0.5657	0.6116	 1.265	 1.306	 | 0.5262 mean
                     	0.7769	0.6437	0.9226	 0.953	0.7862	0.7199	0.9275	0.9189	 1.615	 1.619	 3.035	 3.028	 | 1.812 quantile
                      	 2.256	 1.925	 2.156	 2.776	 1.348	 1.539	 2.135	 2.113	 2.494	 3.116	 7.867	 8.041	 | 8.041 max

train losses    164:	0.2611	0.2594	0.3275	0.3201	0.2596	0.2622	0.3516	0.3491	0.3127	 0.307	0.3485	0.3368	
val losses      164:	0.2805	0.2491	 0.358	0.3541	0.2989	 0.291	0.3574	0.3605	 0.586	0.6206	 1.199	 1.225	 | 0.515 mean
                     	0.7583	0.6496	0.9232	0.9513	0.7765	0.7015	0.9118	0.8998	 1.638	  1.64	 2.787	   2.8	 | 1.695 quantile
                      	 2.222	 2.011	 2.157	 2.771	 1.452	  1.49	 2.089	 2.071	 2.675	 3.271	 7.427	 7.588	 | 7.588 max

train losses    166:	0.2603	0.2586	0.3269	0.3197	0.2569	0.2534	0.3451	0.3434	0.2997	0.2954	 0.314	0.3065	
val losses      166:	0.2779	0.2562	0.3572	0.3549	0.2979	0.2891	0.3628	0.3635	0.5908	0.6388	  1.22	 1.235	 | 0.5203 mean
                     	0.7553	 0.659	0.9206	0.9435	0.7661	0.7169	  0.92	0.9085	 1.672	 1.674	 2.818	 2.852	 | 1.702 quantile
                      	 2.053	 1.959	 2.192	 2.813	 1.538	  1.39	 2.013	  2.07	 2.478	 3.077	   7.5	 7.706	 | 7.706 max

train losses    168:	0.2551	0.2552	0.3266	0.3194	0.2577	0.2558	0.3412	0.3402	0.2986	0.2944	 0.273	 0.271	
val losses      168:	0.2697	0.2448	0.3568	 0.354	0.2958	0.2858	0.3587	0.3618	0.5926	0.6316	 1.207	 1.233	 | 0.516 mean
                     	0.7356	0.6352	0.9196	0.9494	 0.759	0.6925	0.9265	0.9143	  1.66	 1.666	 2.779	 2.774	 | 1.708 quantile
                      	 2.147	 1.579	 2.171	 2.794	 1.439	 1.486	 2.074	 2.057	 2.637	 3.235	 7.612	 7.794	 | 7.794 max

train losses    170:	0.2485	0.2485	0.3258	 0.319	0.2552	0.2526	0.3403	0.3389	0.2876	0.2849	0.2623	0.2663	
val losses      170:	0.2666	0.2442	0.3567	 0.354	0.2987	 0.288	0.3579	0.3611	0.5897	0.6315	 1.219	 1.249	 | 0.518 mean
                     	0.7307	  0.64	0.9192	0.9467	0.7666	0.6947	0.9207	0.9139	 1.679	 1.699	 2.806	 2.798	 | 1.744 quantile
                      	 2.179	 1.522	 2.153	 2.796	 1.401	 1.479	 2.093	 2.088	 2.438	 3.079	 7.703	 7.903	 | 7.903 max

train losses    172:	0.2473	0.2484	0.3254	0.3186	0.2502	0.2467	0.3351	0.3337	0.2833	0.2806	0.2482	 0.244	
val losses      172:	0.2691	0.2474	0.3564	0.3542	0.2936	0.2832	0.3576	0.3593	0.5856	0.6267	 1.217	 1.235	 | 0.5154 mean
                     	 0.726	 0.638	0.9165	0.9427	0.7564	0.6861	0.9015	0.8916	 1.638	 1.684	 2.815	 2.852	 | 1.712 quantile
                      	 2.134	 1.593	  2.16	  2.82	 1.452	 1.393	   2.0	 2.014	 2.517	 3.143	 7.439	 7.625	 | 7.625 max

train losses    174:	 0.246	0.2461	0.3251	0.3184	0.2501	0.2462	0.3331	0.3317	0.2836	0.2794	  0.23	  0.23	
val losses      174:	0.2644	0.2424	 0.356	0.3537	0.2981	0.2876	0.3553	0.3591	0.5914	0.6261	 1.218	 1.246	 | 0.5166 mean
                     	0.7217	  0.63	0.9193	0.9465	0.7606	0.6944	0.9306	0.9044	 1.611	 1.662	  2.81	 2.817	 | 1.73 quantile
                      	 2.236	 1.549	 2.165	 2.801	 1.438	 1.479	 2.108	 2.101	 2.575	 3.197	 7.814	 7.991	 | 7.991 max

train losses    176:	0.2453	0.2444	0.3247	0.3179	0.2489	0.2445	0.3298	0.3276	  0.29	0.2878	0.2213	0.2173	
val losses      176:	0.2674	0.2442	0.3559	0.3541	 0.296	0.2829	 0.355	0.3571	0.5926	0.6307	 1.217	  1.24	 | 0.516 mean
                     	0.7222	0.6279	0.9185	0.9423	0.7573	0.6846	0.8914	0.8759	 1.648	 1.702	  2.81	 2.811	 | 1.723 quantile
                      	 2.172	 1.593	 2.161	 2.826	 1.449	 1.411	 2.021	 2.017	 2.486	 3.093	 7.692	 7.867	 | 7.867 max

train losses    178:	0.2422	0.2424	0.3244	0.3177	0.2478	0.2434	0.3266	0.3248	 0.286	 0.283	0.2178	 0.218	
val losses      178:	0.2619	0.2395	0.3556	0.3534	0.2951	0.2834	0.3513	0.3547	0.5919	0.6257	  1.22	 1.246	 | 0.5149 mean
                     	0.7209	0.6272	0.9191	0.9426	0.7504	0.6855	0.8998	0.8857	 1.629	 1.697	 2.803	  2.81	 | 1.737 quantile
                      	 2.284	 1.523	 2.164	 2.806	 1.453	 1.431	 2.069	 2.062	 2.502	 3.142	 7.809	 7.959	 | 7.959 max

train losses    180:	0.2422	0.2417	0.3241	0.3173	0.2471	0.2426	0.3235	0.3214	0.3102	0.3117	0.2195	0.2207	
val losses      180:	0.2635	0.2388	0.3556	0.3533	0.2948	0.2822	0.3508	 0.353	0.6035	0.6317	 1.218	  1.24	 | 0.5154 mean
                     	0.7234	0.6266	0.9187	0.9424	0.7433	0.6866	  0.89	0.8721	 1.636	 1.645	 2.813	 2.798	 | 1.715 quantile
                      	 2.293	 1.493	 2.165	 2.806	 1.497	 1.393	 2.041	 2.017	 2.635	 3.257	 7.626	 7.744	 | 7.744 max

train losses    182:	0.2399	0.2395	0.3238	 0.317	0.2461	0.2409	0.3213	0.3189	0.3087	0.3081	0.2189	0.2214	
val losses      182:	0.2648	0.2379	0.3555	0.3531	0.2949	0.2819	0.3502	0.3521	0.6063	0.6312	  1.22	 1.242	 | 0.5158 mean
                     	0.7269	0.6247	 0.917	 0.943	0.7384	0.6864	0.8943	0.8753	 1.654	 1.661	 2.805	 2.797	 | 1.718 quantile
                      	 2.336	 1.483	 2.164	 2.805	 1.511	 1.378	  2.04	  2.02	 2.669	 3.238	 7.747	 7.867	 | 7.867 max

train losses    184:	0.2424	0.2391	0.3235	0.3167	0.2464	 0.242	0.3198	0.3162	 0.392	0.3946	0.2225	0.2321	
val losses      184:	0.2638	0.2366	0.3554	0.3533	0.2935	0.2809	  0.35	0.3509	0.6261	0.6663	 1.228	 1.258	 | 0.5219 mean
                     	 0.723	0.6194	0.9168	0.9405	0.7435	0.6799	0.8855	0.8739	 1.669	 1.714	 2.809	 2.847	 | 1.746 quantile
                      	 2.197	 1.475	 2.173	 2.818	 1.486	   1.4	 2.008	 2.029	 2.642	 2.985	 7.969	 8.159	 | 8.159 max

train losses    186:	0.2448	0.2416	0.3235	0.3166	0.2473	0.2415	0.3186	 0.315	0.3744	0.3718	0.2175	0.2215	
val losses      186:	0.2646	0.2369	0.3554	0.3532	0.2926	0.2808	0.3504	0.3508	0.5912	0.6201	  1.22	 1.242	 | 0.5132 mean
                     	0.7292	0.6189	0.9165	0.9416	0.7353	0.6829	0.8829	 0.866	   1.6	 1.635	 2.785	  2.78	 | 1.714 quantile
                      	 2.203	  1.46	 2.165	 2.819	 1.534	 1.342	 2.004	 1.999	 2.549	 3.252	 7.749	 7.872	 | 7.872 max

train losses    188:	0.2444	0.2424	0.3233	0.3165	0.2468	0.2424	0.3172	0.3132	0.3803	0.3781	0.2235	0.2308	
val losses      188:	0.2647	 0.239	0.3553	0.3531	0.2922	0.2805	0.3517	0.3516	0.5874	0.6213	 1.239	 1.262	 | 0.5165 mean
                     	0.7209	0.6268	0.9157	0.9424	0.7348	0.6835	0.8897	0.8709	 1.641	 1.626	 2.831	 2.807	 | 1.725 quantile
                      	 2.293	  1.42	 2.158	 2.818	 1.419	 1.392	 2.015	 1.999	 2.492	 3.099	 8.006	 8.139	 | 8.139 max

train losses    190:	 0.241	0.2396	0.3232	0.3161	0.2475	0.2423	0.3158	0.3117	0.3587	 0.356	0.2416	0.2464	
val losses      190:	0.2627	0.2355	0.3552	 0.353	0.2879	0.2775	0.3512	0.3524	0.6016	  0.65	 1.256	 1.278	 | 0.5217 mean
                     	0.7171	0.6159	0.9157	0.9389	0.7282	0.6746	0.8954	 0.875	 1.712	 1.732	 2.859	 2.842	 | 1.758 quantile
                      	 2.309	 1.432	 2.159	 2.823	  1.44	 1.371	 2.004	 1.993	 2.628	 3.164	 8.194	 8.327	 | 8.327 max

train losses    192:	0.2392	0.2382	 0.323	 0.316	0.2474	0.2432	0.3139	0.3099	0.3357	0.3323	0.2724	 0.273	
val losses      192:	0.2597	0.2375	 0.355	 0.353	0.2893	0.2789	0.3511	0.3522	0.5989	0.6477	 1.257	 1.281	 | 0.5218 mean
                     	0.7054	0.6192	 0.915	0.9401	0.7388	0.6764	0.9003	  0.87	 1.685	 1.686	 2.899	  2.87	 | 1.757 quantile
                      	 2.261	  1.52	 2.174	 2.834	 1.432	 1.349	  1.99	 1.986	 2.601	 2.998	 8.492	 8.679	 | 8.679 max

train losses    194:	0.2385	0.2378	0.3227	0.3157	0.2438	 0.241	0.3123	0.3081	0.3274	 0.333	0.2912	0.2902	
val losses      194:	0.2599	0.2335	0.3546	0.3531	0.2909	0.2791	0.3497	0.3514	0.5924	0.6554	 1.233	 1.259	 | 0.5176 mean
                     	0.7111	0.6143	0.9142	 0.937	0.7373	0.6788	0.8909	0.8625	 1.686	 1.743	 2.842	  2.83	 | 1.75 quantile
                      	 2.272	 1.476	 2.162	 2.831	 1.377	 1.367	 1.962	 1.959	 2.545	 3.097	 8.195	 8.358	 | 8.358 max

train losses    196:	0.2409	0.2364	0.3234	0.3154	0.2445	0.2406	0.3124	0.3059	0.3358	0.3317	0.2444	0.2455	
val losses      196:	0.2626	0.2333	0.3552	0.3522	0.2836	0.2723	0.3498	0.3476	0.6052	0.6558	 1.203	 1.226	 | 0.5122 mean
                     	0.7194	 0.606	0.9193	0.9401	0.7239	 0.661	0.9034	0.8641	 1.705	 1.742	 2.758	 2.777	 | 1.724 quantile
                      	 2.265	 1.466	 2.182	 2.821	 1.452	 1.309	 2.045	 1.999	 2.605	 3.158	 7.445	 7.574	 | 7.574 max

train losses    198:	0.2393	0.2356	0.3223	0.3156	 0.241	0.2377	0.3106	 0.306	 0.324	0.3244	0.2051	0.2054	
val losses      198:	0.2653	0.2322	0.3545	0.3531	0.2863	0.2745	0.3509	0.3482	0.6133	0.6679	 1.197	 1.224	 | 0.5139 mean
                     	0.7262	0.6079	0.9117	0.9371	0.7313	0.6744	0.8772	0.8475	 1.705	 1.728	 2.742	 2.779	 | 1.712 quantile
                      	 2.148	 1.443	 2.159	 2.838	 1.434	 1.278	 1.935	 1.961	 2.447	 2.937	  7.34	 7.537	 | 7.537 max

train losses    200:	 0.243	0.2379	0.3223	0.3151	0.2412	0.2374	0.3085	0.3029	0.3145	 0.312	0.2169	0.2127	
val losses      200:	0.2678	0.2347	0.3541	 0.352	0.2851	0.2729	0.3444	0.3448	0.6014	0.6473	 1.197	  1.22	 | 0.5101 mean
                     	0.7334	0.6028	0.9117	0.9404	0.7401	0.6646	 0.879	0.8557	 1.704	 1.699	 2.789	 2.802	 | 1.695 quantile
                      	 2.155	  1.52	 2.154	 2.802	 1.487	 1.302	  2.01	 1.991	 2.692	 3.256	 7.391	 7.523	 | 7.523 max

train losses    202:	0.2376	0.2347	0.3215	0.3147	0.2407	0.2362	0.3058	0.3008	0.3077	0.3075	0.2163	0.2141	
val losses      202:	0.2597	 0.232	0.3545	0.3522	0.2865	0.2739	0.3458	0.3443	0.5949	0.6487	 1.202	 1.227	 | 0.5101 mean
                     	0.7114	0.6039	0.9161	0.9408	0.7373	0.6689	0.8739	 0.839	 1.709	   1.7	 2.763	 2.788	 | 1.708 quantile
                      	 2.167	 1.447	 2.158	 2.825	 1.444	 1.289	 1.922	 1.937	 2.524	 2.992	 7.506	 7.636	 | 7.636 max

train losses    204:	0.2364	 0.233	0.3212	0.3146	0.2393	0.2348	0.3054	0.3011	0.2852	0.2863	0.2128	0.2143	
val losses      204:	0.2588	0.2307	0.3538	0.3518	0.2848	0.2725	0.3445	0.3447	0.6017	0.6539	 1.208	  1.23	 | 0.5112 mean
                     	0.7159	0.6027	0.9139	0.9414	0.7292	0.6628	0.8858	0.8699	 1.717	 1.726	 2.744	 2.763	 | 1.723 quantile
                      	 2.275	 1.407	 2.148	 2.801	 1.439	  1.33	 2.034	 2.008	 2.642	 3.187	 7.418	 7.536	 | 7.536 max

train losses    206:	0.2356	0.2321	 0.321	0.3139	0.2382	0.2335	0.3009	0.2965	0.2717	0.2677	0.2097	0.2085	
val losses      206:	0.2582	0.2313	0.3537	0.3516	0.2846	0.2732	 0.343	0.3432	0.5965	0.6453	 1.211	 1.236	 | 0.5107 mean
                     	0.7012	 0.599	 0.914	0.9378	0.7257	0.6652	0.8796	0.8532	   1.7	 1.705	 2.777	 2.791	 | 1.719 quantile
                      	  2.19	 1.481	 2.144	 2.816	 1.432	  1.28	 1.972	 1.977	 2.544	 2.988	 7.627	 7.783	 | 7.783 max

train losses    208:	0.2367	0.2335	0.3211	0.3138	0.2384	0.2347	0.2991	0.2958	0.2616	0.2659	0.2332	0.2322	
val losses      208:	 0.257	0.2293	0.3538	0.3515	0.2877	0.2746	0.3431	0.3435	0.5985	0.6477	  1.21	 1.235	 | 0.5109 mean
                     	 0.708	 0.596	0.9163	0.9385	0.7353	 0.669	0.8798	0.8533	 1.693	 1.735	 2.816	 2.789	 | 1.726 quantile
                      	 2.186	 1.444	 2.153	  2.81	 1.463	 1.298	 1.951	 1.945	 2.653	 3.206	 7.825	 7.952	 | 7.952 max

train losses    210:	0.2411	0.2376	0.3207	0.3135	0.2428	0.2407	0.2965	0.2918	0.2671	0.2624	0.2932	0.2922	
val losses      210:	0.2603	0.2304	0.3538	0.3513	 0.286	0.2711	0.3422	0.3402	0.5918	0.6428	 1.214	  1.23	 | 0.5094 mean
                     	0.7114	0.5959	 0.916	0.9369	0.7368	0.6612	0.8713	0.8462	 1.702	 1.713	 2.759	 2.778	 | 1.706 quantile
                      	 2.149	 1.355	 2.147	 2.818	 1.403	 1.297	 1.908	   1.9	 2.492	  3.03	 7.323	 7.467	 | 7.467 max

train losses    212:	0.2394	 0.236	0.3204	0.3135	0.2412	0.2393	0.2973	0.2923	0.2624	 0.264	0.3256	0.3238	
val losses      212:	 0.265	0.2335	0.3536	0.3512	0.2901	0.2755	0.3419	0.3402	0.5932	0.6482	 1.212	 1.225	 | 0.5108 mean
                     	0.7245	0.6057	0.9165	0.9393	0.7479	0.6732	0.8733	0.8431	 1.697	 1.712	 2.756	 2.811	 | 1.701 quantile
                      	 2.179	 1.393	 2.149	 2.801	 1.402	 1.363	 1.948	 1.922	 2.614	 3.148	 7.003	 7.133	 | 7.133 max

train losses    214:	 0.249	0.2468	0.3204	0.3133	0.2538	 0.252	0.2989	0.2945	 0.289	0.2913	0.4274	0.4288	
val losses      214:	0.2733	0.2393	0.3538	0.3514	0.2818	0.2727	0.3392	0.3434	0.5981	0.6453	 1.254	 1.291	 | 0.5202 mean
                     	0.7431	0.6226	0.9131	0.9346	0.7141	0.6558	0.8809	0.8701	 1.677	 1.683	 3.017	 2.979	 | 1.762 quantile
                      	 2.237	 1.816	 2.179	 2.809	 1.463	 1.216	 1.958	 2.004	 2.573	 2.901	 8.195	 8.384	 | 8.384 max

train losses    216:	0.2489	0.2458	0.3211	0.3135	0.2483	 0.245	0.3031	0.2984	0.2915	0.2954	0.3776	0.3796	
val losses      216:	0.2659	0.2375	0.3535	0.3519	0.2847	0.2758	0.3439	0.3431	0.6067	0.6567	 1.223	 1.251	 | 0.5161 mean
                     	0.7175	 0.612	 0.912	0.9349	0.7231	0.6814	0.8736	0.8574	 1.688	 1.721	 2.837	 2.814	 | 1.755 quantile
                      	  2.05	 1.686	 2.138	 2.816	 1.466	 1.232	 1.883	 1.944	 2.633	 3.163	 7.402	 7.532	 | 7.532 max

train losses    218:	0.2408	0.2381	0.3209	0.3135	0.2482	0.2419	0.3016	0.2972	0.2764	0.2793	0.3079	0.3051	
val losses      218:	 0.263	0.2348	0.3536	0.3515	0.3077	0.2861	0.3509	0.3493	0.6005	0.6541	 1.255	 1.268	 | 0.5229 mean
                     	 0.714	0.6121	0.9143	0.9361	0.7981	0.6914	0.9067	 0.865	 1.714	 1.742	 2.908	 2.951	 | 1.757 quantile
                      	 2.137	 1.609	  2.16	 2.788	 1.298	  1.47	 1.895	 1.937	 2.614	 3.085	 7.443	 7.558	 | 7.558 max

train losses    220:	0.2396	0.2377	0.3202	0.3131	0.2392	0.2354	0.2968	0.2908	0.2734	0.2731	0.2379	0.2336	
val losses      220:	0.2626	0.2377	0.3528	0.3514	 0.289	0.2779	 0.346	0.3458	0.6046	0.6523	 1.201	 1.229	 | 0.5125 mean
                     	0.7082	0.6112	0.9069	0.9358	0.7294	0.6715	0.8949	0.8823	 1.715	  1.76	 2.733	 2.744	 | 1.722 quantile
                      	 2.048	 1.459	  2.17	 2.808	 1.458	 1.274	   2.0	 1.954	 2.604	 3.083	 7.168	 7.405	 | 7.405 max

train losses    222:	0.2371	0.2321	0.3194	0.3125	0.2402	0.2354	 0.292	0.2873	0.2721	0.2721	0.2291	 0.229	
val losses      222:	0.2558	0.2299	0.3531	0.3513	0.2983	0.2781	0.3471	0.3448	 0.603	0.6526	 1.212	 1.234	 | 0.5133 mean
                     	0.7023	0.5942	0.9141	0.9355	0.7607	0.6763	0.8938	0.8594	 1.724	 1.765	 2.802	 2.808	 | 1.722 quantile
                      	  2.11	 1.409	 2.136	  2.82	 1.307	 1.356	 1.883	 1.858	 2.615	 3.112	  7.45	 7.659	 | 7.659 max

train losses    224:	0.2348	0.2326	 0.319	0.3122	0.2372	0.2318	0.2895	0.2835	 0.262	0.2616	0.2205	0.2139	
val losses      224:	0.2572	0.2334	0.3524	0.3509	0.2862	0.2713	0.3436	0.3425	0.6002	 0.649	  1.21	 1.228	 | 0.5103 mean
                     	0.6982	0.5983	0.9059	0.9342	0.7346	0.6609	 0.886	0.8627	 1.718	 1.744	 2.771	  2.79	 | 1.714 quantile
                      	 2.022	 1.452	 2.163	 2.818	 1.391	 1.271	 1.963	 1.923	 2.604	 3.076	 7.337	 7.525	 | 7.525 max

train losses    226:	0.2321	0.2286	0.3185	0.3117	0.2372	0.2316	0.2868	0.2812	 0.254	0.2535	0.2061	0.2051	
val losses      226:	0.2544	0.2289	 0.352	0.3506	 0.288	0.2739	0.3409	0.3408	0.6009	0.6538	 1.213	 1.236	 | 0.5111 mean
                     	0.6903	0.5879	0.9106	0.9339	0.7277	0.6718	0.8789	0.8506	 1.728	 1.756	 2.799	 2.781	 | 1.722 quantile
                      	 2.152	 1.376	 2.143	 2.813	 1.402	 1.219	 1.902	 1.883	 2.655	 3.119	 7.677	 7.809	 | 7.809 max

train losses    228:	0.2349	0.2302	 0.318	0.3117	0.2348	0.2307	0.2857	0.2795	 0.255	0.2542	0.1944	0.1937	
val losses      228:	0.2585	0.2299	0.3516	0.3504	0.2878	0.2717	0.3395	 0.339	0.6047	0.6581	 1.203	 1.222	 | 0.5097 mean
                     	0.7029	 0.594	0.9068	0.9387	0.7429	0.6603	0.8681	0.8498	 1.729	 1.763	 2.741	 2.771	 | 1.717 quantile
                      	 2.191	 1.365	 2.153	 2.788	 1.373	  1.28	 1.919	 1.882	  2.62	  3.07	 7.363	 7.508	 | 7.508 max

train losses    230:	0.2303	0.2257	0.3175	0.3111	0.2334	0.2294	0.2839	0.2779	0.2545	0.2548	0.1929	0.1929	
val losses      230:	0.2549	 0.226	0.3514	0.3502	0.2867	0.2711	0.3381	0.3386	0.6079	0.6627	 1.206	 1.228	 | 0.5102 mean
                     	0.6983	 0.583	0.9064	0.9402	0.7383	0.6537	0.8733	0.8505	 1.747	  1.77	 2.758	 2.778	 | 1.727 quantile
                      	 2.213	 1.327	  2.15	 2.786	 1.408	 1.255	 1.926	 1.906	 2.651	 3.074	 7.391	   7.5	 | 7.5 max

train losses    232:	0.2349	0.2299	0.3172	 0.311	0.2389	0.2367	 0.283	0.2773	0.2567	0.2558	0.1934	 0.191	
val losses      232:	0.2532	0.2248	0.3514	0.3501	0.2852	0.2703	0.3394	0.3382	0.6086	0.6639	 1.203	 1.225	 | 0.5094 mean
                     	0.6977	0.5826	 0.912	0.9328	 0.734	0.6584	0.8645	0.8495	 1.747	 1.771	 2.757	 2.788	 | 1.724 quantile
                      	 2.117	  1.37	 2.146	 2.799	 1.416	 1.249	  1.89	 1.864	 2.668	 3.074	 7.393	 7.516	 | 7.516 max

train losses    234:	0.2399	0.2345	 0.317	0.3111	0.2453	0.2466	0.2817	0.2758	0.2569	0.2568	0.2008	0.1948	
val losses      234:	0.2593	0.2331	0.3512	0.3504	0.2855	0.2814	0.3409	0.3385	0.6099	0.6671	 1.203	 1.223	 | 0.512 mean
                     	0.6997	0.5961	 0.911	0.9308	0.7284	 0.688	0.8716	0.8507	 1.753	 1.769	 2.736	 2.781	 | 1.725 quantile
                      	 2.033	  1.45	 2.142	 2.819	 1.472	 1.164	 1.855	 1.912	 2.701	 3.086	 7.241	 7.376	 | 7.376 max

train losses    236:	0.2417	0.2356	0.3167	0.3115	0.2542	 0.259	0.2848	0.2779	0.2626	0.2605	0.2077	0.2046	
val losses      236:	0.2545	0.2278	0.3511	0.3499	0.2829	 0.274	0.3377	0.3354	0.6106	 0.669	 1.205	 1.227	 | 0.5105 mean
                     	0.6905	0.5857	0.9105	0.9302	0.7234	0.6646	0.8593	0.8411	 1.766	 1.771	 2.756	 2.791	 | 1.732 quantile
                      	 2.042	 1.391	 2.131	 2.812	 1.428	 1.116	 1.855	 1.885	  2.73	 3.105	 7.284	 7.422	 | 7.422 max

train losses    238:	0.2667	0.2617	 0.317	0.3122	0.2798	0.2979	0.2869	0.2794	0.2816	0.2795	0.2087	0.2056	
val losses      238:	0.2975	0.2604	0.3511	0.3521	0.3298	0.3238	0.3408	0.3412	0.6105	0.6624	 1.205	  1.23	 | 0.5254 mean
                     	0.7697	0.6523	0.9053	0.9501	0.8167	0.7832	0.8792	0.8581	 1.759	 1.755	 2.797	  2.79	 | 1.739 quantile
                      	 2.183	 1.435	 2.145	 2.725	  1.36	 1.398	 2.025	 1.986	 2.609	 2.979	 7.392	 7.564	 | 7.564 max

train losses    240:	0.2471	0.2404	0.3173	0.3113	0.2544	0.2562	0.2913	0.2838	0.2937	0.2882	0.2175	0.2103	
val losses      240:	0.2768	0.2479	0.3513	0.3514	0.3002	0.3009	0.3469	0.3418	0.6078	0.6647	 1.191	 1.209	 | 0.5158 mean
                     	0.7361	0.6355	0.9076	 0.931	0.7514	0.7295	0.8716	 0.854	 1.761	 1.737	 2.735	 2.773	 | 1.699 quantile
                      	 2.196	 1.595	 2.141	 2.829	 1.589	 1.214	 1.744	 1.954	 2.776	 3.125	 6.933	 7.088	 | 7.088 max

train losses    242:	0.2371	0.2296	0.3171	0.3115	0.2376	0.2348	0.2907	0.2805	0.2826	0.2791	0.2025	0.2033	
val losses      242:	0.2571	0.2272	0.3513	0.3497	 0.289	0.2724	0.3372	0.3364	0.6067	 0.662	 1.196	 1.222	 | 0.509 mean
                     	0.7089	 0.581	0.9083	0.9396	0.7387	0.6669	0.8576	0.8418	  1.75	 1.743	 2.784	 2.771	 | 1.729 quantile
                      	 2.044	 1.368	 2.151	 2.778	 1.315	 1.249	 1.946	 1.899	 2.707	 3.003	 7.125	 7.285	 | 7.285 max

train losses    244:	0.2377	0.2291	0.3166	0.3107	0.2384	0.2393	0.2866	0.2784	0.2744	0.2757	0.2176	0.2148	
val losses      244:	0.2545	0.2237	0.3511	0.3494	0.2829	0.2671	 0.336	 0.335	0.6107	0.6696	  1.18	   1.2	 | 0.505 mean
                     	0.6949	0.5816	0.9043	0.9318	0.7302	0.6583	0.8616	0.8431	 1.769	 1.772	 2.678	 2.712	 | 1.693 quantile
                      	  1.95	 1.434	 2.153	 2.793	 1.387	 1.186	 1.929	 1.878	 2.724	 3.006	 6.695	 6.826	 | 6.826 max

train losses    246:	 0.234	0.2255	 0.316	0.3097	0.2326	0.2277	0.2792	0.2718	0.2804	0.2755	0.2341	0.2297	
val losses      246:	0.2528	0.2231	0.3509	0.3492	0.2833	0.2669	0.3347	 0.333	0.6075	0.6634	 1.178	 1.203	 | 0.5038 mean
                     	0.6858	0.5761	0.9089	0.9294	 0.727	0.6569	0.8473	0.8303	 1.752	 1.771	 2.745	 2.747	 | 1.694 quantile
                      	 1.951	 1.388	 2.135	 2.798	 1.413	 1.167	  1.87	 1.846	 2.812	 3.088	 6.882	 7.062	 | 7.062 max

train losses    248:	0.2283	0.2216	0.3158	0.3091	 0.237	0.2333	0.2752	0.2693	0.2914	 0.285	0.2365	0.2344	
val losses      248:	0.2519	0.2207	0.3508	 0.349	0.2827	0.2664	0.3356	 0.334	0.6106	0.6715	 1.187	 1.212	 | 0.506 mean
                     	0.6869	0.5698	 0.907	0.9293	0.7203	0.6492	0.8598	0.8376	 1.767	 1.776	 2.741	  2.76	 | 1.731 quantile
                      	 1.994	  1.34	 2.129	 2.794	 1.403	 1.149	 1.869	 1.844	 2.765	  3.02	 6.929	 7.077	 | 7.077 max

train losses    250:	0.2284	0.2193	 0.315	0.3086	0.2324	0.2273	0.2735	0.2668	 0.288	0.2838	0.2443	0.2423	
val losses      250:	0.2509	0.2189	0.3503	0.3488	 0.283	 0.266	0.3373	0.3349	0.6088	0.6679	 1.203	 1.221	 | 0.5076 mean
                     	0.6894	0.5642	0.9074	0.9323	0.7247	 0.645	0.8591	0.8388	 1.749	 1.765	 2.711	 2.772	 | 1.721 quantile
                      	 2.052	  1.28	 2.124	 2.787	 1.362	  1.18	 1.879	 1.853	 2.743	 2.968	 6.936	 7.061	 | 7.061 max

train losses    252:	0.2257	0.2177	0.3148	0.3083	0.2298	0.2236	 0.271	0.2641	0.2637	0.2645	0.2292	0.2197	
val losses      252:	0.2486	0.2197	0.3501	0.3489	0.2856	0.2693	0.3381	0.3365	0.6023	0.6524	 1.206	 1.227	 | 0.5071 mean
                     	0.6757	  0.56	0.9048	0.9346	0.7329	 0.651	0.8663	0.8474	   1.7	 1.743	 2.807	 2.823	 | 1.714 quantile
                      	 1.985	 1.333	 2.126	 2.775	 1.415	 1.156	 1.822	 1.826	 2.773	 3.028	 7.468	 7.594	 | 7.594 max

train losses    254:	0.2242	 0.217	0.3145	 0.308	0.2273	0.2212	 0.271	0.2641	0.2607	0.2619	  0.25	0.2463	
val losses      254:	 0.248	0.2195	0.3499	0.3488	0.2849	0.2702	0.3362	 0.335	0.6149	0.6692	 1.217	 1.241	 | 0.5113 mean
                     	0.6757	0.5565	 0.905	0.9349	0.7271	0.6516	0.8569	0.8417	 1.745	 1.785	 2.833	 2.815	 | 1.75 quantile
                      	 2.006	 1.342	 2.112	 2.774	 1.406	 1.134	 1.812	   1.8	 2.855	 3.066	 7.688	 7.803	 | 7.803 max

train losses    256:	0.2242	0.2163	0.3145	0.3076	0.2275	0.2218	0.2677	0.2611	0.2829	0.2797	0.2251	0.2281	
val losses      256:	0.2481	0.2186	0.3495	0.3486	0.2814	0.2671	0.3381	0.3375	0.6213	0.6811	 1.228	  1.25	 | 0.5142 mean
                     	0.6769	0.5604	0.9034	0.9346	0.7169	0.6431	0.8658	0.8483	 1.784	 1.791	  2.79	 2.816	 | 1.781 quantile
                      	  2.04	 1.303	  2.12	 2.775	 1.365	 1.159	 1.897	 1.878	 2.837	 2.981	 7.407	 7.508	 | 7.508 max

train losses    258:	0.2253	0.2185	 0.316	0.3077	0.2332	0.2278	0.2786	0.2701	 0.336	0.3332	0.2868	0.2848	
val losses      258:	  0.25	0.2188	0.3502	0.3484	0.2844	0.2672	 0.337	0.3335	0.6409	0.6936	 1.204	 1.219	 | 0.5123 mean
                     	0.6813	0.5611	0.9058	0.9281	0.7305	0.6466	0.8558	0.8356	 1.793	 1.836	 2.754	 2.774	 | 1.731 quantile
                      	 1.945	 1.212	 2.122	 2.783	 1.333	 1.161	 1.807	 1.824	 2.631	 2.812	 6.919	 7.064	 | 7.064 max

train losses    260:	0.2289	0.2235	0.3155	0.3079	0.2318	0.2247	0.2783	0.2682	0.3849	0.3802	0.2373	  0.23	
val losses      260:	0.2556	0.2234	0.3506	0.3487	 0.282	 0.266	0.3347	0.3322	0.6359	0.6984	 1.198	 1.219	 | 0.5121 mean
                     	0.6978	0.5697	0.9067	0.9316	0.7319	0.6545	0.8494	0.8379	 1.828	 1.794	 2.799	 2.784	 | 1.72 quantile
                      	 2.026	 1.466	  2.12	 2.778	 1.419	 1.159	 1.801	 1.887	 2.972	 3.196	 7.069	 7.259	 | 7.259 max

train losses    262:	0.2262	0.2235	0.3145	 0.308	0.2321	0.2277	0.2769	0.2672	0.3423	0.3413	0.2244	0.2251	
val losses      262:	0.2506	0.2228	  0.35	0.3488	0.2828	0.2674	 0.334	0.3344	0.6305	0.6813	 1.207	 1.231	 | 0.5117 mean
                     	0.6836	0.5749	0.9042	0.9331	0.7248	0.6517	0.8537	0.8345	  1.72	 1.775	 2.847	 2.837	 | 1.714 quantile
                      	 1.911	  1.51	 2.145	 2.774	 1.377	 1.097	 1.819	 1.824	 2.558	 2.789	 7.416	 7.604	 | 7.604 max

train losses    264:	0.2248	0.2204	0.3141	0.3073	 0.229	0.2236	0.2672	0.2605	0.3041	0.3087	0.2246	0.2239	
val losses      264:	0.2467	0.2202	0.3496	0.3488	0.2819	0.2664	0.3362	 0.335	0.6302	0.6986	 1.195	 1.218	 | 0.5105 mean
                     	0.6733	0.5707	0.9049	0.9297	0.7208	0.6462	0.8595	0.8519	  1.83	 1.826	  2.79	  2.78	 | 1.748 quantile
                      	 1.958	  1.31	 2.135	  2.78	 1.383	 1.128	 1.784	  1.83	 2.916	 3.068	 7.326	 7.456	 | 7.456 max

train losses    266:	0.2246	0.2182	0.3134	0.3069	0.2293	0.2227	0.2658	0.2586	0.2972	0.2985	0.2036	0.2005	
val losses      266:	0.2461	0.2197	0.3493	0.3482	0.2848	0.2668	 0.339	 0.336	0.6273	0.6926	 1.205	  1.22	 | 0.5112 mean
                     	0.6678	0.5627	 0.907	0.9314	0.7291	0.6431	0.8656	0.8435	 1.766	 1.802	 2.707	 2.783	 | 1.73 quantile
                      	 1.927	 1.312	 2.155	 2.776	 1.332	 1.123	 1.878	 1.846	 2.737	 2.867	 6.946	 7.155	 | 7.155 max

train losses    268:	0.2241	 0.217	0.3129	0.3065	0.2274	0.2218	0.2627	0.2564	 0.301	0.3064	0.2073	0.2014	
val losses      268:	0.2464	0.2182	0.3489	0.3481	0.2804	0.2646	 0.339	0.3357	0.6245	0.6929	  1.21	 1.233	 | 0.5118 mean
                     	0.6706	0.5586	0.9037	0.9319	0.7155	0.6444	0.8752	0.8502	 1.799	 1.777	 2.807	 2.772	 | 1.745 quantile
                      	 1.927	 1.251	 2.148	 2.768	  1.35	 1.141	 1.872	  1.83	 2.924	 3.074	   7.3	 7.438	 | 7.438 max

train losses    270:	0.2221	 0.217	0.3126	0.3062	0.2273	0.2226	0.2623	0.2544	0.2952	 0.294	 0.201	0.1925	
val losses      270:	0.2457	0.2179	0.3488	0.3479	0.2829	0.2649	0.3395	0.3354	0.6119	0.6637	 1.209	 1.229	 | 0.5081 mean
                     	0.6645	0.5568	0.9037	0.9298	 0.719	0.6441	0.8681	0.8498	 1.734	 1.735	 2.797	 2.824	 | 1.713 quantile
                      	  1.91	 1.279	 2.126	 2.769	 1.347	 1.101	 1.778	 1.818	 2.685	 2.893	 7.207	 7.374	 | 7.374 max

train losses    272:	0.2217	 0.215	0.3122	0.3062	0.2251	0.2198	0.2628	0.2532	0.2766	0.2857	0.1882	0.1828	
val losses      272:	0.2452	 0.217	0.3483	 0.348	0.2832	0.2659	0.3376	0.3343	0.5993	 0.652	 1.208	 1.229	 | 0.5057 mean
                     	0.6643	0.5581	0.9038	0.9376	0.7251	0.6458	0.8612	0.8395	 1.697	  1.73	 2.789	 2.811	 | 1.708 quantile
                      	 1.957	 1.269	 2.133	 2.748	 1.421	 1.093	 1.801	 1.787	 2.851	 3.054	  7.33	 7.504	 | 7.504 max

train losses    274:	0.2209	0.2139	0.3118	0.3058	0.2246	0.2172	0.2627	0.2536	0.2675	0.2656	0.1809	0.1791	
val losses      274:	0.2444	0.2164	0.3483	0.3483	0.2855	 0.268	0.3396	0.3359	 0.595	0.6377	 1.211	 1.231	 | 0.5051 mean
                     	0.6621	0.5527	0.9051	0.9345	0.7291	0.6499	0.8591	0.8383	 1.655	 1.707	  2.77	 2.819	 | 1.7 quantile
                      	  1.96	 1.271	 2.148	 2.735	 1.429	 1.098	 1.854	 1.808	 2.792	 3.028	 7.385	 7.552	 | 7.552 max

train losses    276:	0.2205	0.2131	 0.312	0.3052	0.2237	0.2167	 0.262	0.2554	0.2612	0.2636	0.2145	0.2149	
val losses      276:	0.2436	0.2154	0.3481	0.3479	0.2862	0.2675	0.3381	0.3346	0.6008	0.6418	 1.209	 1.232	 | 0.5054 mean
                     	0.6628	0.5527	0.9037	0.9355	0.7274	0.6487	0.8679	0.8461	 1.667	 1.714	 2.767	 2.766	 | 1.712 quantile
                      	 1.953	 1.243	 2.142	 2.736	 1.394	 1.133	 1.811	 1.777	 2.732	 2.969	  7.33	 7.488	 | 7.488 max

train losses    278:	0.2202	0.2132	0.3132	0.3052	0.2236	0.2159	0.2694	0.2624	0.2469	0.2479	0.2211	 0.215	
val losses      278:	 0.244	0.2156	0.3496	0.3475	0.2862	0.2669	 0.351	0.3433	0.5976	0.6393	 1.231	 1.256	 | 0.5107 mean
                     	0.6601	0.5525	 0.903	0.9302	0.7313	0.6458	 0.908	 0.879	 1.662	  1.72	 2.869	 2.835	 | 1.747 quantile
                      	  1.96	  1.23	 2.107	 2.761	  1.37	 1.132	  1.71	 1.871	 2.795	 3.022	 7.647	  7.78	 | 7.78 max

train losses    280:	0.2211	0.2125	0.3127	0.3067	0.2233	0.2163	0.2698	0.2548	0.2502	0.2547	0.3879	0.3712	
val losses      280:	0.2475	0.2156	0.3487	0.3486	0.2828	0.2663	0.3394	0.3339	0.5986	0.6396	 1.199	  1.21	 | 0.5025 mean
                     	0.6718	0.5506	0.9014	0.9367	 0.722	0.6422	0.8601	0.8382	 1.669	 1.699	  2.71	 2.782	 | 1.682 quantile
                      	 1.949	 1.204	 2.157	 2.723	 1.432	 1.077	 1.864	 1.814	 2.764	 3.036	 6.671	 6.871	 | 6.871 max

train losses    282:	 0.224	0.2159	0.3117	0.3051	0.2241	0.2165	0.2629	0.2542	0.2603	0.2623	0.3265	0.3225	
val losses      282:	0.2493	0.2191	0.3494	0.3473	0.2865	0.2676	0.3446	0.3383	0.5959	0.6354	 1.214	 1.239	 | 0.5071 mean
                     	0.6771	0.5611	0.9019	0.9299	0.7303	0.6531	0.8776	0.8674	 1.665	 1.691	 2.821	 2.775	 | 1.702 quantile
                      	 1.978	 1.239	 2.103	  2.76	 1.409	 1.106	 1.693	 1.905	 2.803	 3.097	 7.423	 7.554	 | 7.554 max

train losses    284:	0.2233	0.2164	0.3137	 0.307	0.2239	0.2184	0.2767	0.2644	0.2679	 0.267	0.2401	0.2406	
val losses      284:	0.2434	0.2176	0.3526	 0.349	0.2884	 0.271	 0.367	0.3645	0.6015	0.6416	 1.221	 1.238	 | 0.513 mean
                     	0.6575	0.5577	0.9067	0.9358	0.7409	0.6526	0.9443	0.8972	 1.663	 1.714	 2.786	 2.813	 | 1.714 quantile
                      	 1.992	 1.221	  2.21	 2.714	 1.431	 1.113	 2.012	 2.001	 2.757	 2.941	 7.289	 7.526	 | 7.526 max

train losses    286:	0.2211	0.2151	0.3123	0.3049	 0.225	 0.217	0.2706	0.2641	0.2575	0.2613	0.2009	0.1988	
val losses      286:	0.2408	 0.218	0.3511	0.3497	0.2874	0.2698	0.3674	0.3552	0.6086	0.6496	 1.229	 1.249	 | 0.5146 mean
                     	0.6467	0.5563	0.9039	0.9289	0.7308	0.6516	  0.94	0.9068	 1.672	 1.748	 2.818	 2.781	 | 1.733 quantile
                      	 1.941	 1.237	 2.126	 2.792	 1.382	 1.121	 1.694	 1.882	 2.935	 3.075	 7.786	 7.921	 | 7.921 max

train losses    288:	0.2192	0.2125	0.3108	0.3038	0.2241	0.2155	0.2585	0.2494	0.2581	0.2598	0.1997	 0.199	
val losses      288:	0.2399	0.2152	0.3476	0.3471	0.2898	0.2689	0.3468	0.3462	0.6043	0.6441	 1.225	 1.244	 | 0.51 mean
                     	0.6413	0.5508	0.9002	0.9284	0.7385	0.6469	0.8876	 0.868	  1.68	 1.727	 2.783	 2.778	 | 1.733 quantile
                      	 1.923	 1.254	 2.169	 2.747	 1.375	 1.119	 1.928	  1.95	 2.826	 2.948	 7.546	 7.803	 | 7.803 max

train losses    290:	0.2182	0.2112	0.3097	0.3029	0.2237	0.2155	0.2521	0.2442	0.2645	0.2646	 0.217	0.2148	
val losses      290:	0.2383	0.2144	0.3468	0.3469	0.2877	0.2696	 0.342	0.3398	0.6093	0.6461	 1.238	 1.257	 | 0.5113 mean
                     	0.6363	0.5484	0.8992	 0.932	0.7304	0.6485	0.8804	0.8611	 1.675	 1.738	 2.834	 2.824	 | 1.741 quantile
                      	 1.906	 1.251	 2.151	  2.75	 1.392	 1.133	 1.854	 1.837	 2.935	 3.005	 7.849	 8.038	 | 8.038 max

train losses    292:	0.2173	0.2101	0.3094	 0.303	0.2243	0.2169	0.2547	0.2457	0.2683	0.2697	0.2263	 0.225	
val losses      292:	0.2379	0.2134	0.3467	0.3472	 0.287	0.2694	0.3441	0.3378	0.6041	0.6458	 1.231	 1.249	 | 0.5095 mean
                     	 0.635	0.5456	0.8993	0.9242	0.7284	0.6523	0.8801	0.8582	 1.672	 1.736	 2.795	 2.787	 | 1.737 quantile
                      	 1.924	 1.259	 2.131	 2.774	 1.392	 1.138	 1.879	 1.832	 2.854	 2.967	  7.68	 7.853	 | 7.853 max

train losses    294:	 0.217	0.2091	0.3095	0.3026	0.2249	0.2179	0.2556	 0.247	0.2697	0.2717	0.2197	0.2209	
val losses      294:	0.2379	0.2122	0.3468	0.3477	0.2885	0.2682	0.3469	0.3388	 0.604	0.6485	 1.229	 1.248	 | 0.5097 mean
                     	0.6359	0.5483	0.9001	0.9278	0.7345	0.6479	0.8949	0.8602	  1.68	 1.726	 2.816	 2.789	 | 1.732 quantile
                      	 1.937	 1.221	 2.124	 2.778	 1.353	 1.157	 1.764	 1.788	 2.849	 2.918	 7.713	 7.827	 | 7.827 max

train losses    296:	0.2166	0.2077	0.3099	 0.302	0.2224	0.2147	0.2627	0.2523	0.2632	0.2648	0.1987	0.1995	
val losses      296:	0.2395	0.2108	0.3477	0.3458	0.2858	0.2664	0.3472	0.3457	0.6042	0.6501	 1.207	 1.224	 | 0.5063 mean
                     	0.6398	0.5415	0.9032	0.9316	0.7305	0.6416	0.8891	0.8522	 1.684	 1.737	 2.753	 2.768	 | 1.726 quantile
                      	 1.952	 1.208	 2.164	 2.749	  1.39	 1.143	 2.007	 1.964	 2.901	  2.98	 7.069	 7.226	 | 7.226 max

train losses    298:	0.2158	0.2082	 0.308	0.3021	0.2236	0.2142	0.2497	0.2407	0.2673	 0.262	0.1944	0.1924	
val losses      298:	0.2391	 0.211	0.3461	0.3464	0.2849	0.2652	0.3358	 0.334	0.6117	0.6531	 1.209	 1.232	 | 0.5056 mean
                     	0.6419	0.5384	 0.895	0.9239	 0.729	0.6404	0.8587	0.8463	 1.712	 1.748	 2.796	 2.747	 | 1.728 quantile
                      	 1.907	 1.206	 2.145	 2.772	 1.451	 1.102	 1.795	 1.776	 2.962	 3.047	 7.309	 7.441	 | 7.441 max

