train losses      0:	0.5823	0.5908	0.3757	0.3815	0.7373	0.7643	0.4943	0.5063	 1.591	 1.607	 1.496	 1.483	
val losses        0:	0.6195	 1.882	 1.094	 1.737	0.7902	0.7658	 1.227	0.5419	 1.717	  2.53	 1.864	 1.574	 | 1.362 mean
                     	 1.937	  3.14	 1.777	 2.604	 2.079	 2.185	 2.168	 1.289	 4.894	 5.747	 4.273	 3.761	 | 3.485 quantile
                      	 5.138	 5.446	 2.913	 4.447	 6.071	 6.239	 3.338	 2.718	 7.584	 9.192	 5.878	 4.971	 | 9.192 max

train losses      2:	  0.53	0.5421	0.3803	0.3793	0.7215	0.7435	0.4953	0.4982	  1.55	 1.568	 1.465	 1.469	
val losses        2:	0.6003	0.6416	0.3948	0.6555	0.9585	0.8033	0.7943	0.5763	 1.574	 1.522	 1.241	 1.288	 | 0.9208 mean
                     	 1.622	 1.744	0.9763	 1.394	 2.291	 2.152	 1.662	 1.368	 4.382	 4.322	 2.802	 2.986	 | 2.608 quantile
                      	 3.889	 4.166	 2.258	 2.342	 6.213	 6.165	 2.969	 2.889	 7.665	 7.339	 4.347	 4.575	 | 7.665 max

train losses      4:	0.5062	0.5205	0.3896	 0.389	0.6989	0.7147	0.5081	0.5103	 1.464	 1.487	 1.433	 1.453	
val losses        4:	 0.492	0.6829	0.4659	0.4169	0.6456	0.8528	0.5877	0.5626	 1.174	  1.15	 1.239	 1.229	 | 0.7915 mean
                     	 1.414	 1.736	 1.074	 1.054	 1.784	 2.113	 1.449	 1.418	 3.012	 3.417	 2.975	  2.86	 | 2.351 quantile
                      	 3.296	 4.156	 2.627	 2.141	 5.141	 5.743	 2.607	 2.884	  6.87	 6.131	 4.511	 4.492	 | 6.87 max

train losses      6:	 0.507	0.5176	0.4151	0.4216	 0.685	0.6938	0.5312	0.5407	 1.332	 1.361	 1.385	 1.424	
val losses        6:	0.4688	0.4655	0.3546	0.3696	0.5963	0.6258	0.4099	0.5142	  1.02	 1.024	 1.167	 1.196	 | 0.6844 mean
                     	 1.361	 1.322	0.9019	0.9481	 1.653	 1.711	 1.145	 1.268	 2.672	 2.997	 2.741	 2.772	 | 2.11 quantile
                      	 3.557	 3.523	  2.04	 1.907	 4.665	 5.054	 2.315	   2.7	 6.041	 5.728	 4.643	  4.52	 | 6.041 max

train losses      8:	0.5247	0.5352	0.4458	 0.464	0.6825	0.6776	0.5601	0.5703	 1.177	 1.221	 1.335	 1.391	
val losses        8:	0.4705	0.4798	0.3306	0.3569	0.5793	0.5788	0.3946	0.4767	0.9483	0.9467	  1.14	 1.173	 | 0.6563 mean
                     	   1.4	  1.36	0.8491	0.8977	 1.584	 1.662	 1.103	 1.195	 2.519	 2.794	 2.619	 2.667	 | 2.015 quantile
                      	 3.542	   3.7	 1.912	 1.898	 4.223	 5.162	 2.246	 2.636	 5.001	 5.333	 4.105	 4.155	 | 5.333 max

train losses     10:	0.5274	0.5428	0.4642	0.4916	0.6701	0.6586	0.5725	0.5782	 1.051	 1.094	 1.286	 1.352	
val losses       10:	0.4612	0.4699	0.3146	0.3559	0.5579	0.5562	0.3879	0.4415	0.9114	 0.914	 1.137	 1.163	 | 0.6392 mean
                     	 1.359	 1.331	0.7992	0.9071	 1.524	  1.57	 1.085	 1.159	  2.42	  2.64	 2.474	 2.556	 | 1.942 quantile
                      	 3.352	 3.766	 2.097	 1.882	  4.03	 4.855	 2.015	 2.358	  4.68	 5.341	 4.142	 3.799	 | 5.341 max

train losses     12:	0.5209	0.5364	0.4741	0.5082	0.6518	 0.637	0.5793	 0.579	0.9465	0.9834	 1.242	 1.311	
val losses       12:	0.4327	0.4325	0.3113	0.3564	0.5221	0.5365	0.3896	0.4215	 0.865	0.8528	 1.107	 1.142	 | 0.6141 mean
                     	 1.274	 1.241	0.7922	0.9102	 1.445	 1.466	 1.073	 1.122	 2.193	 2.426	 2.462	 2.515	 | 1.867 quantile
                      	 3.176	 3.766	 2.255	 1.964	 3.809	 4.582	 2.108	 2.223	 4.376	 4.842	  3.91	 3.723	 | 4.842 max

train losses     14:	0.5154	0.5274	0.4775	0.5047	0.6328	 0.625	0.5782	0.5834	0.9072	0.9376	 1.235	 1.295	
val losses       14:	0.4182	0.4089	0.3124	0.3497	0.4959	0.5338	0.3853	0.4281	0.8588	0.8188	 1.072	 1.109	 | 0.5992 mean
                     	 1.226	 1.182	0.7996	0.8814	 1.371	 1.448	  1.07	 1.111	 2.029	 2.169	 2.542	 2.524	 | 1.817 quantile
                      	 2.997	  3.63	 2.253	 2.063	 3.845	 4.263	 2.203	 2.232	 4.269	 4.327	 4.323	 4.066	 | 4.327 max

train losses     16:	0.5095	0.5152	0.4708	0.4944	0.6306	0.6226	0.5715	0.5805	0.9503	0.9646	 1.204	 1.269	
val losses       16:	0.3967	0.3773	0.3121	0.3362	0.4744	0.5307	  0.38	0.4361	 0.786	0.7443	 1.049	 1.077	 | 0.5749 mean
                     	 1.177	 1.079	0.7893	0.8542	 1.321	 1.421	 1.058	 1.118	 1.838	 2.014	 2.636	 2.538	 | 1.761 quantile
                      	 2.881	 3.406	 2.171	 1.996	 3.881	 4.303	 2.428	 2.248	 3.561	 3.924	 4.433	 4.336	 | 4.433 max

train losses     18:	 0.492	0.5012	0.4585	0.4794	0.6098	0.6055	0.5577	0.5619	0.9419	0.9374	 1.166	 1.233	
val losses       18:	0.3934	0.3735	0.3117	0.3342	0.4703	0.4957	0.3783	0.4279	 0.797	0.7955	  1.05	 1.076	 | 0.5753 mean
                     	 1.138	 1.049	0.7962	0.8457	 1.293	 1.337	 1.053	 1.114	 2.032	 2.145	  2.48	 2.488	 | 1.747 quantile
                      	 2.878	 3.179	 2.238	 1.887	 3.906	 4.135	 2.342	 2.262	 3.659	  3.43	 3.946	 3.807	 | 4.135 max

train losses     20:	0.4813	0.4909	0.4537	 0.463	0.5956	0.5947	0.5503	0.5546	 0.882	0.8737	 1.134	 1.193	
val losses       20:	0.3747	0.3738	0.3096	 0.323	0.4659	0.5084	0.3779	0.4137	0.7452	0.7288	 1.046	 1.067	 | 0.5612 mean
                     	 1.085	 1.085	0.8091	0.8126	 1.281	 1.374	 1.054	   1.1	 1.902	 2.082	 2.549	 2.462	 | 1.735 quantile
                      	 2.634	 3.155	 2.148	 1.902	 3.591	 4.134	 2.476	 2.207	 3.941	  3.72	 3.878	 3.883	 | 4.134 max

train losses     22:	0.4788	0.4854	0.4534	0.4614	0.5844	 0.578	0.5495	0.5524	0.7896	0.8026	 1.114	 1.159	
val losses       22:	0.3689	0.3612	0.3063	0.3234	0.4614	 0.492	0.3782	0.4148	0.7096	0.6925	 1.033	 1.043	 | 0.5487 mean
                     	  1.07	 1.055	0.7864	0.8071	 1.252	 1.322	 1.058	 1.088	 1.713	 1.875	 2.534	 2.455	 | 1.663 quantile
                      	 2.485	 3.107	 2.316	 1.896	 3.181	 3.693	  2.24	 2.154	 3.445	  3.23	 3.674	 3.687	 | 3.693 max

train losses     24:	0.4645	0.4722	0.4422	0.4514	0.5638	 0.562	0.5359	0.5417	0.7677	0.7784	 1.069	 1.115	
val losses       24:	0.3596	0.3545	 0.304	0.3233	0.4473	0.4705	0.3786	0.4171	0.7046	0.6833	 1.044	 1.042	 | 0.5441 mean
                     	 1.048	 1.031	0.7681	0.8138	 1.191	 1.271	 1.049	 1.104	 1.772	 1.811	  2.54	 2.444	 | 1.672 quantile
                      	 2.498	 3.001	 2.304	 1.817	 3.208	 3.543	 2.171	 2.223	 3.352	 3.195	 3.766	 3.579	 | 3.766 max

train losses     26:	0.4546	0.4606	0.4361	0.4427	0.5473	0.5421	 0.525	0.5321	0.7561	0.7617	 1.048	 1.089	
val losses       26:	0.3591	0.3437	0.3033	0.3213	0.4439	0.4635	0.3758	0.4138	0.6924	0.6721	 1.051	 1.042	 | 0.5401 mean
                     	 1.046	0.9942	0.7766	0.8014	 1.191	 1.239	 1.036	 1.086	 1.711	  1.75	 2.496	 2.422	 | 1.657 quantile
                      	 2.466	 3.137	 2.265	 1.796	 3.114	 3.432	 2.319	 2.265	  2.91	 3.046	 3.616	 3.452	 | 3.616 max

train losses     28:	0.4441	0.4486	0.4282	 0.435	0.5378	0.5312	0.5156	0.5251	 0.744	0.7539	 1.015	 1.055	
val losses       28:	0.3508	0.3332	0.3014	0.3191	0.4406	0.4575	0.3741	 0.407	0.6918	0.6707	 1.061	  1.05	 | 0.5381 mean
                     	 1.042	0.9679	0.7714	0.8001	 1.174	 1.228	 1.037	  1.08	 1.713	 1.738	 2.496	 2.446	 | 1.656 quantile
                      	 2.418	 2.926	  2.29	 1.779	 3.028	 3.297	 2.402	 2.215	 3.219	 3.151	 3.559	 3.399	 | 3.559 max

train losses     30:	0.4401	0.4415	0.4222	0.4256	0.5229	0.5195	0.5075	0.5173	0.7326	0.7424	 0.994	 1.031	
val losses       30:	0.3425	0.3241	0.3011	0.3165	0.4309	 0.438	0.3738	 0.405	0.6963	 0.674	 1.092	 1.067	 | 0.5384 mean
                     	 1.002	0.9374	0.7688	0.7911	 1.141	 1.182	 1.033	 1.074	 1.704	 1.721	 2.566	 2.471	 | 1.672 quantile
                      	 2.336	 2.796	 2.325	 1.776	  2.87	 3.139	 2.299	 2.157	  3.36	 3.032	 3.701	 3.548	 | 3.701 max

train losses     32:	0.4322	0.4357	 0.417	0.4199	0.5162	0.5077	0.5003	0.5086	0.7248	0.7341	0.9724	 1.005	
val losses       32:	 0.339	0.3184	0.2996	0.3142	0.4216	0.4243	0.3732	0.4017	0.7063	0.6823	 1.107	 1.074	 | 0.5385 mean
                     	0.9826	0.9169	0.7658	0.7935	 1.113	 1.139	 1.029	 1.065	 1.684	 1.706	 2.554	 2.465	 | 1.68 quantile
                      	 2.315	 2.779	 2.344	 1.736	 2.815	 2.944	 2.232	 2.179	 3.317	 3.287	 3.728	 3.588	 | 3.728 max

train losses     34:	 0.428	0.4293	0.4121	0.4119	0.5073	0.4981	0.4943	0.5025	0.7168	0.7274	0.9608	0.9913	
val losses       34:	0.3376	0.3121	0.2994	0.3127	0.4209	 0.416	0.3737	0.4032	0.6967	0.6719	 1.137	 1.093	 | 0.5395 mean
                     	0.9772	0.8945	0.7655	0.7899	 1.114	 1.116	 1.025	 1.059	 1.717	 1.695	 2.576	 2.464	 | 1.703 quantile
                      	 2.339	 2.707	 2.323	 1.731	 2.746	 2.932	 2.132	 2.184	 3.077	 3.112	 3.793	 3.666	 | 3.793 max

train losses     36:	0.4269	 0.429	0.4069	0.4083	 0.505	0.4926	0.4888	0.4978	0.7107	0.7192	 0.988	 1.007	
val losses       36:	0.3395	 0.309	0.2981	0.3121	0.4247	  0.41	0.3746	0.4036	0.6947	0.6711	 1.234	 1.174	 | 0.5538 mean
                     	0.9921	0.8662	0.7593	0.7862	 1.119	 1.097	 1.025	 1.058	 1.704	 1.708	 2.702	  2.57	 | 1.764 quantile
                      	 2.319	  2.61	 2.305	 1.727	 2.749	 2.887	  2.21	 2.222	 2.923	 3.086	 3.946	 3.746	 | 3.946 max

train losses     38:	0.4356	0.4362	0.4067	0.4087	0.5121	0.5011	0.4925	0.4993	0.7254	 0.732	 1.151	 1.143	
val losses       38:	0.3369	0.3038	0.2992	0.3126	0.4027	0.3946	0.3737	0.3995	0.6836	0.6658	 1.256	 1.192	 | 0.5517 mean
                     	0.9462	0.8379	0.7682	0.7887	 1.065	 1.051	 1.022	 1.052	 1.684	 1.678	 2.757	 2.622	 | 1.758 quantile
                      	 2.465	 2.682	 2.272	 1.731	 2.667	 2.751	   2.3	 2.192	  2.88	  3.07	 4.145	 3.863	 | 4.145 max

train losses     40:	0.4577	0.4637	0.4051	0.4072	0.5322	0.5206	0.4943	0.5041	0.7739	0.7794	 1.266	 1.246	
val losses       40:	0.3783	0.3335	0.3032	0.3163	0.3871	0.4096	0.3661	0.3985	0.7094	0.6943	 1.158	 1.144	 | 0.5499 mean
                     	0.9973	0.9239	0.7784	0.8202	 1.027	 1.085	 1.019	 1.044	 1.648	 1.719	 3.082	 2.952	 | 1.717 quantile
                      	 2.431	 2.592	 2.154	 1.874	 2.538	 2.587	  2.42	 2.278	 2.951	 3.011	 4.745	 4.606	 | 4.745 max

train losses     42:	0.4463	0.4612	0.3954	0.3922	 0.522	0.5198	0.4863	0.4942	0.7887	0.7908	 1.136	 1.152	
val losses       42:	0.3399	0.3425	 0.301	0.3162	  0.39	0.3991	0.3686	0.4008	0.7206	0.7064	 1.058	 1.048	 | 0.5326 mean
                     	0.9908	0.9843	0.7778	0.8229	 1.021	 1.051	 1.029	 1.055	 1.703	 1.727	 2.534	 2.514	 | 1.643 quantile
                      	 2.358	 2.906	 2.223	 1.717	 2.759	 2.834	  2.17	 2.262	 2.974	 3.556	 3.746	 3.728	 | 3.746 max

train losses     44:	0.4377	0.4487	0.3954	0.3903	0.5053	0.5024	0.4828	0.4927	0.7486	0.7545	 1.044	 1.065	
val losses       44:	0.3333	 0.316	0.3004	0.3122	0.4077	0.4064	0.3697	0.4008	0.7126	0.7122	 1.075	 1.064	 | 0.5343 mean
                     	0.9672	0.8971	0.7747	0.7992	 1.093	 1.051	 1.036	 1.051	 1.639	 1.659	 2.515	 2.476	 | 1.625 quantile
                      	 2.667	 2.853	 2.194	 1.643	 2.472	 2.483	 2.296	 2.131	 3.051	 3.559	 3.626	 3.459	 | 3.626 max

train losses     46:	0.4267	0.4286	0.3924	0.3867	0.4961	0.4855	0.4761	0.4863	 0.734	0.7376	0.9733	0.9982	
val losses       46:	0.3326	0.3109	0.3007	0.3114	0.4003	0.4121	0.3662	0.3978	0.7199	0.6945	 1.026	 1.019	 | 0.5243 mean
                     	0.9225	0.8811	0.7726	 0.791	  1.06	  1.08	 1.029	 1.056	 1.632	 1.625	 2.577	 2.565	 | 1.594 quantile
                      	 2.274	 2.857	 2.189	  1.66	 2.568	 2.492	 2.346	  2.13	 2.965	 3.638	 4.328	 4.085	 | 4.328 max

train losses     48:	0.4133	0.4168	 0.387	0.3857	0.4827	 0.473	0.4694	0.4784	0.7308	0.7385	0.9094	0.9335	
val losses       48:	0.3292	0.3034	0.2995	0.3102	0.3948	 0.397	0.3631	0.3899	0.7311	   0.7	 1.031	 1.017	 | 0.5222 mean
                     	0.9575	0.8471	0.7677	0.7828	 1.049	 1.035	 1.011	 1.036	 1.622	 1.648	 2.513	 2.491	 | 1.604 quantile
                      	 2.449	 2.568	 2.226	  1.64	 2.684	 2.537	 2.346	 2.077	  2.97	 3.509	 4.207	 3.859	 | 4.207 max

train losses     50:	0.4075	0.4071	0.3835	0.3814	0.4762	0.4646	 0.464	0.4718	0.7094	0.7138	0.8722	0.8929	
val losses       50:	0.3364	0.3047	0.2981	 0.309	0.4034	0.4039	 0.363	0.3907	0.6944	0.6644	 1.013	 1.009	 | 0.5158 mean
                     	0.9648	0.8425	0.7619	0.7908	 1.066	 1.047	0.9996	 1.033	 1.657	  1.64	 2.541	 2.468	 | 1.593 quantile
                      	 2.505	 2.493	 2.223	 1.595	 2.756	 2.701	  2.43	 2.155	 2.589	 3.032	 4.166	 3.897	 | 4.166 max

train losses     52:	0.3995	0.4028	0.3792	0.3761	0.4696	 0.458	0.4587	0.4663	0.6819	0.6891	0.8455	0.8697	
val losses       52:	0.3261	0.3018	0.2976	0.3089	0.3855	0.3834	0.3637	0.3907	0.6845	0.6503	 1.022	 1.015	 | 0.5108 mean
                     	0.9472	0.8431	0.7574	0.7905	 1.016	 1.007	 1.008	 1.023	 1.678	 1.658	 2.401	 2.381	 | 1.613 quantile
                      	 2.367	 2.459	  2.26	 1.573	 2.678	 2.496	 2.329	  2.11	 2.967	 3.029	 4.029	 3.677	 | 4.029 max

train losses     54:	0.3953	0.3995	0.3754	0.3718	0.4591	0.4501	0.4525	0.4605	0.6758	 0.682	0.8213	0.8448	
val losses       54:	0.3281	0.3068	0.2976	 0.308	0.3874	0.3804	0.3601	0.3869	0.6797	0.6469	 1.015	 1.011	 | 0.5089 mean
                     	0.9486	0.8708	0.7616	0.7833	 1.007	0.9941	0.9995	 1.026	 1.681	 1.693	 2.448	 2.376	 | 1.609 quantile
                      	 2.463	 2.464	 2.233	 1.615	 2.428	 2.345	 2.297	 2.116	 2.688	 3.045	 4.153	 3.898	 | 4.153 max

train losses     56:	0.3913	0.3935	0.3726	0.3677	0.4519	0.4409	0.4488	0.4554	0.6592	0.6631	0.7994	0.8252	
val losses       56:	 0.331	0.3075	0.2971	0.3072	0.3929	0.3858	0.3589	 0.385	0.6731	0.6401	 1.018	 1.014	 | 0.5092 mean
                     	0.9805	0.8774	0.7623	0.7775	  1.03	  1.01	0.9846	 1.028	 1.662	 1.678	  2.45	 2.401	 | 1.603 quantile
                      	 2.476	 2.376	 2.266	 1.621	 2.488	 2.277	 2.294	   2.1	 2.648	 3.142	 4.076	 3.786	 | 4.076 max

train losses     58:	0.3869	0.3901	0.3689	0.3641	0.4448	0.4356	0.4448	0.4524	0.6466	0.6473	0.7822	 0.808	
val losses       58:	0.3264	0.3008	0.2968	0.3065	0.3855	  0.38	0.3568	0.3815	0.6729	0.6429	 1.022	 1.017	 | 0.5074 mean
                     	0.9526	0.8576	0.7623	0.7767	 1.008	0.9966	0.9756	 1.019	 1.646	 1.673	 2.446	 2.389	 | 1.605 quantile
                      	 2.307	 2.304	 2.268	 1.627	 2.307	 2.305	 2.291	 2.144	 2.687	 3.087	 4.127	 3.726	 | 4.127 max

train losses     60:	0.3856	0.3886	0.3671	0.3616	0.4425	0.4352	0.4427	0.4489	0.6386	0.6426	0.7591	0.7839	
val losses       60:	0.3223	 0.304	0.2963	0.3064	  0.38	0.3726	0.3556	0.3801	0.6754	0.6414	 1.015	 1.005	 | 0.5045 mean
                     	0.9393	0.8658	0.7636	0.7785	0.9915	0.9724	0.9796	 1.008	 1.657	 1.657	 2.424	 2.368	 | 1.597 quantile
                      	  2.45	 2.372	 2.246	  1.63	 2.355	 2.258	 2.209	 2.065	 2.808	 3.216	 4.046	  3.75	 | 4.046 max

train losses     62:	0.3825	0.3862	0.3647	0.3592	0.4388	0.4299	0.4372	0.4438	 0.634	0.6365	0.7413	0.7657	
val losses       62:	0.3137	 0.296	0.2959	0.3059	0.3666	0.3606	0.3525	0.3775	0.6805	0.6432	 1.015	 1.006	 | 0.5011 mean
                     	0.9114	0.8425	0.7586	0.7758	0.9689	0.9484	0.9613	 1.004	 1.626	 1.629	 2.456	 2.413	 | 1.583 quantile
                      	 2.273	 2.456	 2.267	 1.606	 2.254	 2.282	  2.23	 2.066	 2.735	 3.111	 4.189	 4.027	 | 4.189 max

train losses     64:	 0.383	0.3841	 0.361	 0.357	 0.438	0.4267	0.4346	0.4413	0.6337	0.6368	0.7262	0.7509	
val losses       64:	 0.313	0.2976	0.2954	0.3054	 0.363	0.3569	0.3511	0.3759	 0.695	0.6546	 1.002	0.9943	 | 0.5004 mean
                     	0.9187	0.8492	0.7595	0.7728	0.9573	0.9347	0.9578	0.9978	 1.646	 1.632	 2.449	 2.395	 | 1.579 quantile
                      	 2.295	   2.4	 2.227	 1.584	 2.187	 2.201	  2.19	 2.028	 2.653	 2.976	 4.232	 3.864	 | 4.232 max

train losses     66:	0.3794	0.3834	0.3593	0.3541	0.4311	0.4213	0.4316	0.4374	0.6331	 0.633	0.7122	0.7369	
val losses       66:	0.3124	0.2917	0.2951	0.3052	0.3663	0.3588	0.3496	0.3743	0.6966	0.6627	 1.003	0.9944	 | 0.5009 mean
                     	0.8961	0.8251	0.7625	0.7757	0.9604	0.9424	 0.955	0.9923	 1.638	 1.612	 2.425	 2.367	 | 1.57 quantile
                      	 2.223	  2.29	 2.256	 1.584	 2.316	 2.172	 2.239	 2.067	 2.747	 3.177	 4.172	 3.963	 | 4.172 max

train losses     68:	0.3768	0.3821	 0.358	0.3521	0.4273	0.4191	0.4277	0.4332	0.6336	0.6373	0.6979	0.7199	
val losses       68:	0.3109	 0.288	0.2948	0.3049	0.3605	 0.355	0.3468	0.3701	0.7279	0.6927	 1.005	0.9976	 | 0.5045 mean
                     	0.8971	0.8278	0.7603	0.7703	0.9407	0.9257	0.9467	0.9853	 1.677	 1.654	 2.488	 2.432	 | 1.57 quantile
                      	 2.285	 2.377	 2.249	 1.587	 2.282	  2.24	 2.314	 2.135	 2.837	 3.124	 4.331	 4.038	 | 4.331 max

train losses     70:	0.3746	0.3789	0.3551	0.3494	0.4245	0.4174	0.4259	0.4321	0.6589	0.6638	0.6907	0.7133	
val losses       70:	0.3123	0.2938	0.2945	0.3045	0.3508	0.3479	0.3459	0.3688	0.7681	0.7245	0.9988	0.9851	 | 0.5079 mean
                     	0.9025	0.8436	0.7577	0.7707	0.9179	0.9063	0.9347	 0.979	 1.701	 1.683	 2.497	 2.438	 | 1.577 quantile
                      	 2.459	 2.401	 2.241	 1.575	 2.214	 2.279	 2.246	 2.052	  3.02	 3.408	 4.421	 4.089	 | 4.421 max

train losses     72:	0.3735	 0.378	0.3527	0.3478	0.4238	0.4149	0.4235	 0.429	0.6876	0.6918	0.6869	0.7071	
val losses       72:	0.3088	0.2917	0.2946	0.3046	0.3574	0.3562	0.3441	0.3669	0.7862	0.7395	 1.015	 1.007	 | 0.5143 mean
                     	0.9055	0.8302	0.7544	0.7699	0.9355	0.9225	0.9383	0.9747	 1.744	 1.721	 2.508	 2.449	 | 1.607 quantile
                      	 2.201	 2.434	 2.226	 1.579	 2.263	 2.227	 2.278	 2.097	 2.915	 3.228	 4.513	 4.221	 | 4.513 max

train losses     74:	0.3786	0.3838	0.3516	0.3468	  0.43	0.4246	0.4226	0.4281	0.7491	0.7541	 0.688	0.7085	
val losses       74:	0.3066	0.2895	0.2942	0.3043	0.3484	0.3463	0.3426	0.3657	0.7672	0.7182	 1.008	0.9895	 | 0.5067 mean
                     	0.8802	0.8142	0.7527	0.7714	0.9129	 0.891	0.9274	0.9676	 1.724	 1.681	 2.543	 2.474	 | 1.571 quantile
                      	 2.235	 2.402	 2.236	 1.592	 2.204	 2.186	 2.136	 1.949	 2.924	 3.213	 4.454	 4.174	 | 4.454 max

train losses     76:	0.3836	0.3898	0.3518	0.3464	0.4315	0.4277	0.4265	0.4324	0.7699	0.7823	0.7466	0.7638	
val losses       76:	0.3091	0.2888	 0.294	0.3039	0.3506	0.3475	0.3457	0.3697	0.7217	0.6731	 1.015	 1.009	 | 0.5024 mean
                     	   0.9	0.8175	 0.757	0.7735	0.9194	0.9115	0.9337	0.9691	   1.7	 1.685	 2.364	 2.347	 | 1.601 quantile
                      	 2.359	 2.403	  2.25	 1.614	 2.258	 2.091	 2.211	 2.028	 2.735	 3.211	 3.901	 3.797	 | 3.901 max

train losses     78:	0.3851	0.3925	0.3513	0.3468	0.4394	 0.436	0.4238	0.4301	0.8155	0.8214	0.7999	0.8156	
val losses       78:	0.3338	 0.307	0.2946	0.3044	0.3787	0.3661	0.3524	0.3764	0.6933	0.6749	 1.068	 1.052	 | 0.5169 mean
                     	0.9766	0.8488	0.7531	0.7715	0.9906	0.9579	0.9438	0.9849	 1.655	 1.635	 2.451	 2.414	 | 1.628 quantile
                      	 2.542	 2.425	 2.265	 1.607	 2.084	 2.305	 2.179	 1.958	 3.198	 3.337	 3.734	 3.795	 | 3.795 max

train losses     80:	0.3802	0.3917	0.3515	0.3455	0.4341	0.4326	0.4262	 0.432	0.7625	0.7603	0.7961	0.8173	
val losses       80:	 0.336	0.3188	0.2952	0.3063	0.3863	 0.381	  0.36	0.3866	0.7161	0.6737	 1.168	 1.155	 | 0.5403 mean
                     	0.9897	0.9102	0.7616	0.7686	 1.005	0.9974	 0.961	   1.0	 1.872	  1.81	 2.565	 2.514	 | 1.745 quantile
                      	 2.701	 2.416	 2.234	 1.622	 2.395	 2.271	 1.982	 1.975	 2.931	 3.108	 3.812	  3.86	 | 3.86 max

train losses     82:	0.3833	0.3914	0.3482	0.3434	0.4371	0.4375	0.4248	0.4307	0.7351	0.7493	 0.895	0.9053	
val losses       82:	0.3161	0.2938	0.2944	 0.304	0.3455	 0.335	0.3515	0.3729	0.7093	0.6743	 1.171	 1.149	 | 0.5264 mean
                     	 0.923	0.8274	0.7551	0.7697	0.8782	0.8989	0.9472	0.9751	 1.697	 1.661	 2.674	  2.63	 | 1.696 quantile
                      	   2.3	 2.343	 2.245	 1.583	 2.217	 1.926	 2.374	 2.262	 2.896	 3.403	 3.881	 3.718	 | 3.881 max

train losses     84:	0.3807	 0.386	0.3464	0.3405	0.4386	0.4421	 0.423	0.4294	0.7123	0.7221	0.8424	0.8575	
val losses       84:	0.3407	0.3203	0.2951	0.3044	0.3821	0.3882	0.3492	 0.373	 0.789	0.7569	 1.117	 1.113	 | 0.5441 mean
                     	  1.01	0.8909	0.7557	0.7724	 1.003	 1.033	 0.944	 0.982	  1.73	 1.744	 2.616	 2.586	 | 1.703 quantile
                      	 2.666	 2.463	  2.24	 1.582	 2.142	 2.043	 2.193	 1.973	 2.932	 3.387	  4.53	 4.476	 | 4.53 max

train losses     86:	0.3818	0.3897	0.3478	0.3412	0.4428	0.4467	0.4226	0.4282	0.6748	0.6781	0.8464	0.8626	
val losses       86:	0.3204	0.3073	0.2952	0.3059	0.3483	0.3537	0.3463	0.3693	0.6832	0.6414	 1.067	 1.061	 | 0.5082 mean
                     	 0.922	 0.876	 0.762	0.7785	0.9057	0.9443	0.9431	0.9852	 1.625	 1.648	 2.869	 2.777	 | 1.607 quantile
                      	  2.29	 2.724	 2.229	  1.61	 2.126	 2.134	 2.116	 2.034	 2.654	 3.019	 4.807	  4.71	 | 4.807 max

train losses     88:	0.3764	 0.383	0.3448	0.3382	0.4387	0.4409	0.4184	0.4239	0.6563	0.6545	0.8328	0.8473	
val losses       88:	0.3231	0.3119	0.2946	0.3051	0.3652	0.3674	0.3469	 0.373	0.6824	0.6552	0.9934	0.9883	 | 0.5005 mean
                     	0.9323	0.8845	0.7603	0.7794	0.9607	0.9735	0.9443	0.9842	  1.72	 1.686	 2.466	 2.408	 | 1.554 quantile
                      	 2.423	 2.387	 2.233	 1.612	  2.18	 2.334	 2.256	 2.024	 2.921	 3.395	 4.183	 3.861	 | 4.183 max

train losses     90:	0.3759	0.3818	0.3438	0.3375	0.4277	0.4296	0.4146	0.4205	 0.623	  0.63	0.7793	0.7961	
val losses       90:	 0.332	0.3242	0.2943	0.3045	0.3838	0.3863	0.3496	0.3744	0.6858	0.6315	 1.007	 1.003	 | 0.5064 mean
                     	0.9802	0.9234	0.7604	0.7745	  1.02	 1.044	0.9368	0.9856	 1.713	 1.656	 2.388	 2.332	 | 1.589 quantile
                      	   2.6	 2.642	 2.248	 1.616	 2.508	 2.409	 2.132	  1.95	 2.792	 3.238	 3.681	 3.412	 | 3.681 max

train losses     92:	0.3651	0.3728	 0.343	 0.336	0.4149	0.4162	0.4099	 0.416	0.6081	0.6114	0.7016	0.7178	
val losses       92:	0.3173	0.2966	0.2939	0.3034	 0.371	0.3604	 0.342	 0.365	0.6936	0.6509	 1.087	 1.067	 | 0.5124 mean
                     	0.9141	0.8332	0.7539	0.7706	0.9496	0.9325	0.9252	 0.952	 1.649	 1.658	 2.491	 2.434	 | 1.634 quantile
                      	 2.346	 2.352	 2.258	 1.578	 2.159	 1.971	 2.127	  1.91	 2.731	 3.246	 3.973	 3.679	 | 3.973 max

train losses     94:	0.3667	0.3718	0.3418	0.3351	 0.404	0.4067	0.4076	0.4129	0.6014	0.6046	0.6718	0.6879	
val losses       94:	0.3214	   0.3	0.2944	0.3039	0.3613	 0.355	0.3416	0.3645	0.6716	0.6294	  1.06	 1.056	 | 0.505 mean
                     	0.9315	0.8553	0.7539	0.7761	0.9397	0.9417	0.9223	0.9669	 1.651	 1.606	 2.514	 2.483	 | 1.613 quantile
                      	 2.363	  2.19	 2.249	 1.592	 2.257	 2.232	 2.235	 1.978	  2.58	 3.142	 4.688	 4.368	 | 4.688 max

train losses     96:	0.3622	0.3696	0.3408	0.3336	0.4018	0.4051	0.4051	0.4097	0.5936	0.6004	0.6501	0.6669	
val losses       96:	0.3241	0.3011	 0.294	0.3038	0.3613	0.3576	0.3415	0.3639	0.6661	0.6312	 1.022	 1.018	 | 0.4987 mean
                     	0.9422	0.8609	 0.756	0.7725	0.9447	0.9539	0.9122	0.9507	 1.632	 1.628	 2.427	 2.381	 | 1.595 quantile
                      	 2.384	 2.265	 2.242	 1.607	 2.179	 2.273	 2.144	 1.937	 2.561	 2.945	  4.01	 3.876	 | 4.01 max

train losses     98:	0.3601	0.3648	0.3394	0.3327	0.3984	0.4024	0.4018	0.4059	0.5861	0.5937	0.6241	0.6408	
val losses       98:	0.3163	0.2971	0.2936	0.3039	0.3599	0.3561	0.3418	0.3642	0.6704	0.6313	 1.004	0.9983	 | 0.4947 mean
                     	0.9157	0.8524	0.7538	0.7705	0.9194	0.9349	0.9081	0.9643	 1.605	   1.6	 2.393	 2.342	 | 1.568 quantile
                      	 2.248	  2.26	 2.243	 1.595	 2.246	  2.15	 2.082	 1.907	 2.725	 3.041	 4.122	 3.876	 | 4.122 max

train losses    100:	0.3577	0.3654	0.3394	0.3322	0.3926	 0.397	0.3971	0.4023	0.5774	0.5861	0.6093	0.6268	
val losses      100:	0.3149	0.2972	0.2936	0.3038	0.3482	0.3388	0.3402	0.3617	0.6698	0.6314	0.9906	0.9851	 | 0.4896 mean
                     	0.9194	0.8326	0.7548	0.7738	0.8931	 0.887	0.9113	0.9577	 1.613	 1.606	 2.362	  2.33	 | 1.557 quantile
                      	 2.414	 2.275	 2.247	 1.604	 2.078	 2.107	  2.06	 1.887	 2.624	 2.939	 3.939	 3.821	 | 3.939 max

train losses    102:	 0.358	 0.363	0.3374	0.3309	0.3874	0.3917	0.3954	0.3997	0.5747	0.5836	0.5982	0.6162	
val losses      102:	0.3097	0.2919	0.2934	0.3039	0.3479	0.3436	0.3402	 0.362	0.6745	0.6329	0.9907	0.9851	 | 0.4897 mean
                     	0.9048	0.8211	0.7531	0.7715	0.8962	0.8966	0.9017	0.9434	 1.631	 1.572	 2.363	  2.32	 | 1.55 quantile
                      	 2.251	 2.215	 2.237	 1.602	 2.078	 2.198	 1.993	  1.85	 2.716	 3.132	 4.024	 3.832	 | 4.024 max

train losses    104:	0.3536	 0.363	0.3373	0.3305	0.3887	0.3944	0.3937	0.3975	0.5729	0.5792	0.5928	0.6087	
val losses      104:	0.3163	0.2962	0.2933	0.3035	 0.348	0.3416	0.3382	0.3601	0.6762	0.6367	0.9877	0.9836	 | 0.4901 mean
                     	0.9219	 0.836	0.7562	0.7718	0.8904	0.8931	0.8974	0.9375	 1.629	 1.591	 2.387	 2.329	 | 1.549 quantile
                      	 2.364	 2.269	 2.237	 1.609	 2.209	 2.155	 2.065	 1.893	 2.612	 3.025	 4.256	 3.897	 | 4.256 max

train losses    106:	0.3559	0.3639	0.3365	0.3295	0.3855	0.3883	0.3905	0.3947	0.5685	0.5751	0.5871	0.6029	
val losses      106:	0.3062	0.2882	0.2928	0.3033	0.3408	0.3342	0.3367	0.3575	0.6715	0.6349	0.9919	0.9856	 | 0.487 mean
                     	0.8908	0.8058	0.7543	 0.768	0.8726	 0.884	0.8853	0.9326	 1.622	 1.594	 2.374	 2.339	 | 1.546 quantile
                      	 2.205	 2.237	 2.241	 1.605	 2.006	   2.0	  1.94	   1.9	 2.566	 2.969	 4.198	 3.977	 | 4.198 max

train losses    108:	0.3549	0.3623	0.3358	 0.329	0.3861	0.3879	0.3894	0.3921	0.5658	0.5723	0.5845	0.5999	
val losses      108:	0.3052	0.2891	 0.293	0.3035	0.3445	0.3376	0.3351	0.3555	0.6728	0.6362	0.9891	0.9829	 | 0.487 mean
                     	0.8952	0.8146	0.7512	0.7696	0.8881	0.8924	0.8845	0.9291	 1.633	 1.624	 2.364	 2.321	 | 1.553 quantile
                      	 2.325	  2.32	 2.246	 1.606	 2.028	 2.131	 1.981	 1.896	  2.56	 2.881	  4.03	 3.798	 | 4.03 max

train losses    110:	0.3537	0.3591	0.3349	 0.328	0.3805	0.3838	0.3867	0.3903	0.5617	0.5706	0.5808	0.5967	
val losses      110:	0.3137	0.2954	0.2925	 0.303	 0.344	0.3369	0.3351	0.3562	0.6702	0.6341	0.9873	 0.982	 | 0.4875 mean
                     	0.9242	0.8317	0.7545	0.7688	0.8705	0.8916	 0.884	 0.927	 1.619	 1.589	 2.354	 2.303	 | 1.55 quantile
                      	  2.31	  2.27	 2.243	   1.6	 2.081	 2.066	 2.032	 1.889	 2.619	 3.106	 4.046	 3.706	 | 4.046 max

train losses    112:	0.3505	0.3587	0.3343	0.3277	0.3783	0.3843	0.3858	0.3886	0.5625	0.5715	0.5814	0.5962	
val losses      112:	 0.309	0.2909	0.2928	0.3032	0.3421	0.3363	0.3359	 0.356	0.6721	0.6353	0.9876	 0.982	 | 0.4869 mean
                     	0.9056	0.8266	0.7582	0.7694	0.8701	0.8719	0.8791	0.9262	 1.643	 1.598	 2.376	 2.324	 | 1.549 quantile
                      	 2.289	 2.338	 2.237	 1.612	  2.15	 2.087	 1.943	 1.807	 2.663	  3.09	 4.114	  3.89	 | 4.114 max

train losses    114:	 0.351	0.3608	0.3337	0.3268	 0.377	 0.382	 0.384	0.3879	 0.558	 0.563	0.5827	0.5966	
val losses      114:	 0.309	0.2918	0.2929	0.3032	0.3391	0.3333	 0.335	0.3551	 0.675	0.6359	0.9916	0.9876	 | 0.4875 mean
                     	0.9141	0.8234	0.7536	0.7686	0.8668	0.8874	0.8776	0.9221	  1.63	 1.606	  2.34	 2.322	 | 1.552 quantile
                      	  2.36	   2.4	 2.243	 1.627	 2.121	 2.129	 1.988	  1.81	 2.649	 3.085	 3.919	 3.682	 | 3.919 max

train losses    116:	0.3502	0.3563	 0.333	0.3263	0.3755	0.3818	0.3827	0.3864	0.5556	0.5595	0.5858	0.6002	
val losses      116:	0.3077	0.2896	0.2927	0.3033	0.3334	0.3284	 0.333	0.3527	0.6716	0.6325	0.9846	0.9805	 | 0.4842 mean
                     	0.8909	0.8199	 0.753	0.7709	0.8611	0.8724	0.8778	0.9197	 1.624	 1.596	 2.382	 2.332	 | 1.546 quantile
                      	 2.308	  2.33	 2.241	 1.623	 2.009	 2.078	 1.936	 1.825	 2.495	 2.878	 3.994	  3.89	 | 3.994 max

train losses    118:	0.3511	 0.359	0.3326	0.3257	0.3757	0.3824	0.3812	0.3842	0.5531	0.5628	0.5844	0.5979	
val losses      118:	0.3131	0.2934	0.2926	0.3031	0.3357	0.3309	0.3324	0.3523	0.6736	0.6346	0.9862	  0.98	 | 0.4856 mean
                     	0.9104	0.8388	 0.753	0.7711	0.8648	0.8848	0.8726	0.9164	 1.632	   1.6	 2.337	 2.321	 | 1.545 quantile
                      	 2.338	 2.295	 2.238	 1.615	 1.997	  2.08	 1.978	 1.891	 2.541	 2.972	 3.977	 3.834	 | 3.977 max

train losses    120:	0.3497	0.3561	0.3323	0.3255	0.3733	0.3793	0.3785	0.3818	0.5516	0.5575	0.5724	0.5849	
val losses      120:	0.3095	0.2908	0.2924	0.3027	0.3346	0.3311	0.3326	 0.352	0.6726	 0.632	0.9899	0.9822	 | 0.4852 mean
                     	0.9042	0.8212	0.7552	0.7713	0.8694	0.8727	0.8714	 0.915	 1.618	 1.595	 2.374	 2.361	 | 1.544 quantile
                      	 2.392	 2.364	 2.248	  1.62	 2.044	 2.063	 1.941	 1.922	 2.495	 2.973	 3.935	 3.815	 | 3.935 max

train losses    122:	0.3497	0.3549	 0.332	0.3247	0.3732	0.3766	0.3759	0.3798	0.5507	0.5566	0.5623	0.5751	
val losses      122:	0.3059	0.2879	0.2925	0.3027	0.3304	0.3255	 0.332	0.3507	0.6727	0.6346	 0.983	0.9723	 | 0.4825 mean
                     	0.8947	0.8139	 0.757	 0.767	0.8465	0.8566	0.8703	0.9156	 1.616	 1.595	 2.426	 2.384	 | 1.525 quantile
                      	 2.337	 2.313	  2.25	 1.643	 2.029	 1.988	  1.96	 1.895	 2.561	 2.972	   4.2	 4.041	 | 4.2 max

train losses    124:	0.3501	0.3557	0.3313	0.3243	0.3728	0.3772	0.3748	0.3775	0.5465	0.5558	0.5585	 0.573	
val losses      124:	0.3044	0.2885	0.2924	0.3029	0.3294	0.3246	0.3309	0.3496	0.6749	0.6323	0.9746	0.9654	 | 0.4808 mean
                     	0.8857	 0.808	0.7569	0.7687	0.8403	0.8529	0.8669	0.9131	 1.627	 1.586	 2.443	   2.4	 | 1.519 quantile
                      	 2.319	 2.373	  2.24	 1.647	 2.028	  1.92	 1.926	 1.943	 2.721	  2.88	  4.34	 4.178	 | 4.34 max

train losses    126:	0.3485	 0.354	0.3316	0.3243	 0.371	0.3763	0.3751	0.3776	0.5475	0.5501	0.5668	0.5793	
val losses      126:	 0.302	0.2827	0.2922	 0.303	0.3256	0.3206	0.3285	0.3476	0.6805	0.6399	0.9895	0.9804	 | 0.4827 mean
                     	0.8823	0.8015	0.7541	0.7674	 0.836	0.8471	0.8605	0.9095	 1.615	 1.586	 2.559	 2.518	 | 1.51 quantile
                      	 2.225	 2.299	 2.233	 1.637	 2.053	 1.936	 1.956	 1.903	 2.514	 2.795	 4.347	 4.151	 | 4.347 max

train losses    128:	0.3474	0.3512	0.3308	0.3234	0.3692	0.3744	0.3737	0.3762	0.5452	0.5513	0.5812	0.5933	
val losses      128:	0.3049	0.2873	0.2922	0.3029	0.3232	0.3196	0.3286	0.3476	0.6756	0.6352	 1.003	0.9918	 | 0.4843 mean
                     	0.8873	0.8147	0.7522	0.7667	0.8371	0.8477	0.8599	0.9079	 1.628	 1.586	 2.626	 2.547	 | 1.528 quantile
                      	 2.331	 2.359	 2.234	 1.629	 2.054	 2.015	 1.918	 1.881	 2.683	 2.845	 4.379	 4.161	 | 4.379 max

train losses    130:	0.3471	0.3514	0.3308	0.3232	0.3679	0.3739	0.3732	0.3759	0.5399	0.5489	0.6027	0.6149	
val losses      130:	 0.303	0.2846	 0.292	0.3028	0.3272	0.3209	0.3288	0.3481	0.6752	0.6406	0.9926	0.9819	 | 0.4831 mean
                     	0.8921	0.8101	0.7546	0.7676	0.8426	 0.848	0.8617	0.9111	 1.617	   1.6	 2.606	 2.533	 | 1.524 quantile
                      	 2.386	 2.317	 2.241	 1.628	 2.087	 1.919	 1.937	 1.951	 2.738	  2.88	 4.352	 4.142	 | 4.352 max

train losses    132:	 0.345	0.3526	0.3304	0.3229	0.3681	0.3737	0.3711	0.3738	0.5387	 0.546	0.6108	0.6209	
val losses      132:	0.3133	0.2949	0.2923	 0.303	0.3328	0.3287	0.3288	0.3487	0.6663	 0.632	0.9761	0.9669	 | 0.482 mean
                     	0.9264	0.8361	0.7518	0.7699	 0.855	 0.865	0.8586	0.9207	 1.613	 1.592	 2.526	 2.476	 | 1.512 quantile
                      	 2.328	 2.413	  2.23	  1.63	 2.051	  2.03	 1.865	 1.864	 2.919	 3.041	 4.268	 4.085	 | 4.268 max

train losses    134:	0.3467	0.3531	0.3299	0.3226	0.3646	0.3703	0.3692	0.3721	0.5441	0.5494	0.5982	0.6075	
val losses      134:	0.3087	0.2919	0.2921	0.3028	0.3313	0.3251	0.3308	0.3506	0.6696	0.6323	0.9721	0.9603	 | 0.4806 mean
                     	0.8974	0.8333	0.7538	0.7715	0.8471	 0.857	0.8684	0.9187	 1.649	 1.632	 2.358	 2.322	 | 1.521 quantile
                      	 2.215	 2.414	 2.249	 1.645	 2.053	  1.98	 1.798	 1.775	 2.651	 2.954	 4.052	 3.878	 | 4.052 max

train losses    136:	0.3455	0.3515	0.3295	0.3221	0.3658	0.3712	0.3693	0.3718	0.5426	0.5466	0.5857	0.5952	
val losses      136:	0.3106	0.2975	0.2922	0.3025	 0.332	0.3284	0.3346	0.3546	0.6658	0.6282	 1.001	0.9878	 | 0.4863 mean
                     	0.9196	0.8485	0.7555	0.7672	0.8524	0.8672	0.8743	0.9269	 1.648	  1.61	 2.374	 2.349	 | 1.549 quantile
                      	 2.411	 2.546	 2.241	 1.644	 1.963	 2.001	 1.827	 1.844	 2.649	 2.936	 3.756	 3.779	 | 3.779 max

train losses    138:	0.3423	0.3511	 0.329	0.3222	0.3637	0.3713	0.3675	 0.371	0.5459	0.5512	0.5843	0.5951	
val losses      138:	0.3041	0.2891	0.2921	0.3026	0.3348	0.3275	0.3353	0.3548	0.6709	0.6359	 1.018	 1.005	 | 0.4892 mean
                     	0.8776	0.8155	0.7546	0.7713	0.8436	 0.864	0.8715	0.9339	 1.669	 1.658	  2.39	 2.325	 | 1.572 quantile
                      	 2.251	 2.353	 2.233	 1.635	 1.937	 1.968	 1.823	 1.838	  2.81	 2.964	  3.89	  3.77	 | 3.89 max

train losses    140:	0.3436	0.3504	0.3287	0.3213	0.3647	0.3721	 0.365	0.3673	0.5518	0.5547	0.5957	0.6058	
val losses      140:	0.3144	0.2942	0.2921	0.3026	0.3408	 0.332	 0.334	0.3532	0.6704	0.6459	 1.032	 1.021	 | 0.4944 mean
                     	0.9358	0.8272	0.7528	0.7699	0.8651	0.8626	0.8743	0.9252	 1.654	 1.646	 2.396	 2.356	 | 1.577 quantile
                      	 2.321	 2.308	 2.235	 1.644	 2.002	 1.926	 1.793	 1.797	 2.673	 2.872	 3.673	 3.622	 | 3.673 max

train losses    142:	0.3433	0.3509	0.3284	0.3212	0.3648	0.3737	0.3648	0.3677	0.5533	0.5575	0.5957	0.6073	
val losses      142:	0.3152	0.2955	 0.292	0.3026	0.3356	0.3274	0.3311	0.3498	0.6869	0.6489	 1.001	0.9946	 | 0.4901 mean
                     	0.9274	0.8378	0.7528	0.7685	 0.861	0.8536	0.8591	 0.929	 1.666	 1.659	 2.302	 2.292	 | 1.57 quantile
                      	  2.34	 2.235	 2.235	 1.638	 1.981	 1.843	  1.86	 1.792	 2.815	 3.003	 3.839	 3.711	 | 3.839 max

train losses    144:	0.3445	0.3514	0.3285	0.3211	0.3609	0.3725	0.3648	0.3671	0.5471	0.5554	0.5669	0.5773	
val losses      144:	0.3016	0.2872	0.2919	0.3026	0.3164	 0.311	0.3264	0.3446	 0.699	0.6525	 1.008	   1.0	 | 0.4868 mean
                     	0.8674	0.8209	0.7512	0.7674	0.8138	 0.816	0.8472	0.9107	 1.656	 1.683	 2.414	 2.375	 | 1.576 quantile
                      	 2.388	 2.283	 2.242	 1.649	 1.924	 1.893	  1.95	 1.832	 2.767	 2.951	 4.407	 4.214	 | 4.407 max

train losses    146:	0.3439	0.3496	0.3275	0.3202	 0.364	0.3715	0.3598	0.3627	 0.541	0.5482	0.5446	0.5543	
val losses      146:	0.3022	0.2843	0.2917	0.3023	0.3225	0.3202	0.3267	0.3445	0.6934	0.6528	 1.013	 1.007	 | 0.4884 mean
                     	0.8752	0.8062	0.7499	0.7682	0.8371	0.8518	0.8492	0.9062	 1.649	 1.661	 2.463	 2.412	 | 1.57 quantile
                      	 2.213	 2.415	 2.225	 1.637	 1.891	 1.924	 1.845	 1.832	 2.725	 3.115	 4.196	 4.042	 | 4.196 max

train losses    148:	0.3425	0.3499	0.3276	0.3206	0.3639	0.3701	0.3615	0.3641	0.5477	0.5557	0.5371	0.5467	
val losses      148:	0.3065	0.2901	0.2919	0.3025	  0.32	0.3178	0.3267	0.3445	0.6928	0.6519	 1.003	0.9978	 | 0.4871 mean
                     	0.8995	0.8338	0.7528	0.7686	0.8262	0.8339	0.8565	0.9153	 1.618	 1.622	 2.442	   2.4	 | 1.551 quantile
                      	 2.259	 2.342	 2.226	 1.643	  1.89	  1.94	 1.876	 1.876	 2.643	 3.115	 4.307	  4.21	 | 4.307 max

train losses    150:	0.3418	0.3474	0.3277	0.3197	0.3598	 0.368	0.3597	 0.362	0.5407	0.5484	0.5256	0.5355	
val losses      150:	0.3032	0.2857	0.2917	 0.302	0.3212	0.3174	0.3263	0.3432	 0.692	0.6532	0.9853	0.9797	 | 0.4834 mean
                     	0.8897	0.8167	0.7479	0.7676	0.8304	0.8461	0.8438	0.8977	 1.587	 1.596	 2.386	 2.335	 | 1.531 quantile
                      	 2.295	  2.36	 2.233	 1.649	 1.964	 1.967	 1.898	 1.844	 2.607	 3.041	  3.96	 3.854	 | 3.96 max

train losses    152:	 0.343	0.3479	 0.327	0.3196	 0.361	0.3692	0.3599	0.3619	0.5351	0.5426	 0.515	0.5242	
val losses      152:	0.3019	0.2826	0.2915	0.3019	0.3174	0.3153	0.3285	0.3438	0.6964	0.6568	0.9755	0.9686	 | 0.4817 mean
                     	0.8881	0.8016	0.7511	0.7662	 0.835	0.8325	0.8502	0.9067	 1.616	 1.577	 2.342	 2.301	 | 1.527 quantile
                      	 2.366	 2.356	 2.227	 1.647	 1.976	 1.915	 1.826	 1.819	 2.619	 2.896	 3.946	  3.83	 | 3.946 max

train losses    154:	 0.341	 0.348	0.3267	0.3192	0.3568	0.3665	0.3558	0.3572	0.5318	0.5341	0.5067	0.5177	
val losses      154:	0.3051	0.2893	0.2917	 0.302	  0.32	 0.318	0.3296	0.3452	0.6818	0.6454	0.9722	0.9647	 | 0.4804 mean
                     	0.9006	0.8252	0.7501	0.7681	0.8246	0.8406	0.8531	0.9077	 1.617	 1.558	 2.343	 2.304	 | 1.518 quantile
                      	 2.359	  2.36	 2.231	 1.646	 1.942	 1.864	 1.791	  1.83	 2.556	 2.973	 3.823	 3.695	 | 3.823 max

train losses    156:	0.3404	0.3462	0.3261	 0.319	0.3582	0.3663	 0.355	 0.357	0.5273	0.5316	 0.505	0.5155	
val losses      156:	0.3031	 0.287	0.2916	0.3021	0.3207	0.3192	0.3276	0.3445	0.6767	0.6443	0.9627	0.9579	 | 0.4781 mean
                     	0.8934	0.8163	0.7505	0.7694	0.8213	0.8467	0.8503	0.9223	 1.603	  1.57	 2.339	 2.291	 | 1.503 quantile
                      	 2.327	 2.324	 2.233	 1.636	 1.994	 1.955	 1.803	 1.763	   2.5	 3.001	 3.847	 3.736	 | 3.847 max

train losses    158:	0.3401	0.3462	0.3266	 0.319	0.3559	0.3648	0.3537	0.3559	0.5267	0.5328	0.5019	0.5102	
val losses      158:	0.3007	0.2819	0.2918	0.3022	0.3109	0.3104	0.3283	0.3447	0.6835	0.6455	0.9604	0.9546	 | 0.4762 mean
                     	0.8723	0.7947	 0.749	0.7669	0.7996	0.8428	0.8402	0.9135	 1.614	 1.579	 2.356	 2.321	 | 1.506 quantile
                      	 2.213	 2.323	 2.233	 1.658	 2.009	  1.79	 1.837	 1.865	 2.549	 2.834	  4.05	 3.905	 | 4.05 max

train losses    160:	0.3405	0.3448	0.3258	0.3182	0.3537	 0.363	0.3534	0.3551	0.5304	0.5359	 0.504	0.5145	
val losses      160:	0.3023	0.2868	0.2917	0.3019	 0.318	0.3125	 0.327	0.3433	 0.679	0.6439	0.9606	0.9542	 | 0.4768 mean
                     	0.8955	0.8159	0.7494	0.7654	0.8015	0.8419	0.8485	 0.906	 1.679	  1.67	 2.342	 2.293	 | 1.535 quantile
                      	 2.488	 2.364	  2.24	  1.66	 1.913	 1.816	 1.803	 1.807	 2.572	 2.884	 3.981	 3.809	 | 3.981 max

train losses    162:	0.3393	0.3465	0.3258	 0.318	0.3524	0.3623	0.3515	0.3532	0.5382	 0.541	0.5058	0.5165	
val losses      162:	0.3097	0.2896	0.2915	0.3021	0.3237	0.3186	0.3273	0.3436	 0.677	0.6427	0.9608	0.9545	 | 0.4784 mean
                     	0.9208	 0.826	 0.749	0.7667	0.8201	0.8411	0.8493	  0.91	  1.67	 1.657	 2.383	 2.324	 | 1.525 quantile
                      	 2.311	 2.331	 2.232	 1.661	 1.866	 1.946	 1.821	 1.859	  2.71	 2.839	 4.188	 3.928	 | 4.188 max

train losses    164:	0.3404	0.3485	 0.326	0.3186	0.3529	0.3633	0.3516	0.3539	0.5467	0.5545	0.5067	0.5167	
val losses      164:	0.3118	0.2927	0.2919	0.3019	0.3338	0.3276	0.3273	0.3442	0.7021	0.6734	0.9655	  0.96	 | 0.486 mean
                     	0.9123	0.8211	0.7485	0.7674	0.8464	0.8623	0.8467	0.9089	 1.743	 1.741	 2.443	  2.39	 | 1.55 quantile
                      	  2.41	 2.227	 2.242	 1.664	 1.925	 1.868	 1.819	 1.856	 2.837	 2.946	 4.188	 4.052	 | 4.188 max

train losses    166:	0.3381	0.3455	0.3258	0.3179	0.3549	0.3651	0.3512	0.3525	0.5716	0.5742	0.5192	0.5283	
val losses      166:	0.2988	0.2796	0.2918	0.3022	0.3241	0.3164	 0.327	0.3431	0.7189	 0.692	0.9747	0.9708	 | 0.4866 mean
                     	0.8724	0.7977	0.7478	0.7689	0.8238	0.8434	0.8388	0.9094	 1.754	 1.758	 2.512	 2.445	 | 1.555 quantile
                      	  2.39	 2.329	 2.229	 1.659	 1.944	 1.948	 1.813	 1.836	   3.0	 3.103	 4.202	  4.03	 | 4.202 max

train losses    168:	0.3375	0.3437	0.3251	0.3178	0.3548	 0.363	0.3504	0.3519	 0.571	0.5742	0.5371	0.5468	
val losses      168:	0.2997	 0.283	0.2915	0.3017	0.3149	0.3072	0.3251	0.3416	0.7035	0.6646	0.9625	0.9578	 | 0.4794 mean
                     	 0.876	0.7975	0.7494	0.7683	0.8044	0.8193	0.8446	0.9074	 1.691	 1.701	 2.494	  2.43	 | 1.521 quantile
                      	 2.208	 2.344	  2.22	 1.664	  1.84	   1.9	 1.876	 1.875	  2.97	 3.076	 4.165	 3.987	 | 4.165 max

train losses    170:	0.3403	0.3459	0.3256	0.3176	0.3561	0.3618	0.3495	0.3518	0.5645	0.5627	0.5557	0.5635	
val losses      170:	   0.3	0.2851	0.2918	 0.302	  0.31	0.3068	0.3253	0.3417	0.6864	 0.645	0.9611	0.9558	 | 0.4759 mean
                     	0.8746	0.8127	0.7497	0.7689	0.7992	0.8233	0.8457	0.9056	 1.641	 1.648	 2.494	 2.432	 | 1.505 quantile
                      	 2.283	 2.379	 2.232	 1.669	 1.893	 1.978	 1.849	 1.863	 2.894	 2.948	 4.134	  3.88	 | 4.134 max

train losses    172:	0.3402	 0.345	 0.325	0.3174	0.3562	0.3647	0.3506	0.3519	0.5456	0.5445	 0.547	0.5536	
val losses      172:	0.3035	 0.289	0.2914	0.3021	0.3116	0.3119	0.3282	0.3445	0.6923	0.6518	0.9475	0.9412	 | 0.4763 mean
                     	0.8907	0.8266	0.7459	 0.768	0.8217	0.8331	0.8466	 0.908	 1.647	 1.653	 2.396	 2.326	 | 1.493 quantile
                      	 2.384	  2.37	 2.217	 1.674	 1.923	 1.977	 1.829	 1.827	 2.654	 3.111	 4.011	 3.811	 | 4.011 max

train losses    174:	0.3382	0.3448	0.3251	0.3174	0.3538	0.3608	0.3475	0.3501	0.5394	0.5416	0.5362	0.5417	
val losses      174:	0.3001	0.2844	0.2911	0.3015	0.3112	 0.307	0.3252	0.3425	0.6872	0.6467	0.9468	0.9426	 | 0.4739 mean
                     	 0.872	  0.81	0.7466	0.7677	0.8066	0.8226	0.8457	0.9043	 1.615	 1.607	 2.418	 2.358	 | 1.475 quantile
                      	 2.278	 2.255	 2.222	 1.656	 1.865	 1.798	 1.831	 1.844	 2.691	 3.182	 4.195	  4.01	 | 4.195 max

train losses    176:	0.3384	0.3457	 0.325	 0.317	0.3519	0.3609	0.3455	0.3477	0.5355	0.5373	0.5215	0.5262	
val losses      176:	0.2966	0.2836	0.2913	0.3019	0.3089	0.3065	0.3272	0.3423	0.6895	0.6461	0.9451	0.9369	 | 0.473 mean
                     	0.8675	0.8019	0.7478	0.7678	0.7978	 0.805	0.8458	0.9099	 1.611	 1.578	 2.339	 2.321	 | 1.485 quantile
                      	 2.298	 2.253	 2.232	 1.673	   1.8	 1.942	 1.835	 1.828	 2.664	 2.878	 3.973	 3.792	 | 3.973 max

train losses    178:	0.3384	0.3439	0.3239	0.3162	0.3524	0.3608	 0.344	0.3446	0.5306	 0.532	0.5132	0.5208	
val losses      178:	0.3007	0.2842	0.2914	0.3018	0.3132	0.3085	0.3267	0.3426	0.6853	0.6467	0.9465	0.9418	 | 0.4741 mean
                     	0.8778	0.8029	0.7473	0.7673	0.8047	0.8206	0.8449	0.9038	 1.591	 1.546	 2.332	 2.308	 | 1.476 quantile
                      	 2.262	 2.486	 2.227	 1.665	  1.76	 2.028	 1.859	 1.855	 2.608	 2.897	  3.82	 3.641	 | 3.82 max

train losses    180:	0.3382	0.3447	0.3244	0.3164	0.3483	0.3606	0.3428	0.3441	0.5243	0.5303	0.5061	0.5122	
val losses      180:	0.3054	0.2911	0.2913	0.3019	0.3194	0.3151	 0.327	0.3437	0.6747	0.6371	0.9563	0.9521	 | 0.4763 mean
                     	0.8959	0.8259	0.7445	0.7682	 0.819	0.8476	0.8446	0.9032	 1.626	 1.572	 2.282	 2.285	 | 1.506 quantile
                      	 2.384	  2.37	 2.218	 1.683	 1.858	 2.037	 1.824	 1.829	 2.539	 2.847	 3.751	 3.543	 | 3.751 max

train losses    182:	0.3375	 0.344	0.3236	 0.316	0.3507	0.3622	0.3403	0.3422	0.5248	0.5305	0.5047	0.5122	
val losses      182:	0.3077	0.2893	0.2913	0.3019	0.3239	 0.316	0.3271	 0.343	0.6719	0.6353	0.9706	0.9656	 | 0.4786 mean
                     	0.9019	 0.822	0.7461	0.7656	0.8267	0.8367	0.8503	0.9011	 1.669	 1.616	 2.305	 2.297	 | 1.532 quantile
                      	  2.31	 2.307	  2.23	 1.657	 1.921	 1.798	 1.802	 1.822	 2.594	  2.95	 3.766	 3.564	 | 3.766 max

train losses    184:	0.3372	0.3439	0.3241	0.3159	0.3501	0.3625	 0.342	0.3435	 0.528	0.5322	0.5103	0.5164	
val losses      184:	0.3034	0.2852	0.2911	0.3017	0.3225	0.3149	0.3284	0.3445	0.6715	0.6395	0.9959	0.9897	 | 0.4824 mean
                     	0.9002	0.8036	0.7448	0.7632	0.8298	 0.825	0.8416	0.9004	 1.671	 1.634	 2.331	 2.304	 | 1.554 quantile
                      	 2.381	 2.309	 2.222	 1.678	 1.888	 1.763	 1.813	 1.855	  2.59	  2.87	 3.664	 3.473	 | 3.664 max

train losses    186:	0.3347	0.3418	 0.324	0.3161	0.3498	0.3613	0.3411	 0.342	0.5303	0.5377	 0.518	0.5221	
val losses      186:	0.3065	0.2875	0.2911	0.3017	0.3207	 0.315	0.3286	0.3451	 0.678	0.6442	 1.002	 0.997	 | 0.4848 mean
                     	0.8999	0.8108	0.7445	0.7687	0.8245	0.8214	0.8459	0.9078	 1.665	 1.639	 2.325	 2.309	 | 1.563 quantile
                      	 2.344	 2.408	 2.221	 1.681	 1.911	  1.81	 1.828	 1.834	 2.672	 2.918	 3.579	 3.525	 | 3.579 max

train losses    188:	0.3359	0.3434	0.3236	 0.316	0.3472	0.3608	0.3407	0.3432	0.5244	0.5313	0.5161	0.5226	
val losses      188:	0.3051	0.2893	0.2917	0.3019	0.3147	0.3091	0.3277	0.3436	0.6806	0.6411	 1.002	0.9942	 | 0.4835 mean
                     	0.8913	0.8223	0.7466	0.7636	0.8112	0.8184	0.8551	0.9027	 1.642	 1.653	 2.314	   2.3	 | 1.57 quantile
                      	 2.329	  2.33	 2.215	 1.682	 1.752	 1.895	 1.827	 1.851	 2.738	 2.876	 3.763	 3.582	 | 3.763 max

train losses    190:	0.3346	0.3456	0.3232	0.3155	0.3472	 0.358	0.3375	 0.339	0.5206	0.5291	0.5105	0.5165	
val losses      190:	 0.302	0.2883	0.2913	0.3016	 0.313	0.3081	0.3281	 0.344	0.6851	0.6405	 1.001	 0.991	 | 0.4828 mean
                     	0.8869	0.8264	0.7431	0.7644	0.8048	0.8045	0.8469	0.9022	 1.633	 1.653	 2.321	 2.299	 | 1.565 quantile
                      	 2.405	 2.368	 2.217	 1.687	  1.78	 1.885	 1.819	 1.836	  2.78	 3.048	 3.855	  3.74	 | 3.855 max

train losses    192:	0.3356	0.3416	0.3232	0.3149	0.3464	0.3579	0.3367	 0.338	 0.525	0.5296	0.5018	0.5088	
val losses      192:	 0.292	0.2786	0.2915	0.3019	0.3035	0.3002	0.3244	0.3405	0.6912	0.6454	0.9897	0.9808	 | 0.4783 mean
                     	0.8472	0.7948	0.7419	0.7653	0.7768	 0.796	0.8456	0.9051	 1.624	 1.638	 2.344	 2.304	 | 1.545 quantile
                      	 2.182	 2.279	 2.216	 1.675	 1.758	 1.839	 1.823	 1.861	 2.648	  3.01	 3.999	 3.961	 | 3.999 max

train losses    194:	0.3367	0.3436	0.3228	0.3147	0.3509	0.3582	0.3347	0.3364	0.5223	0.5281	0.4991	0.5047	
val losses      194:	 0.298	0.2835	0.2913	0.3018	 0.309	 0.305	 0.325	0.3412	0.6871	0.6431	0.9873	0.9805	 | 0.4794 mean
                     	0.8811	0.8087	0.7422	0.7627	 0.799	0.8124	0.8373	0.8941	 1.582	 1.606	 2.377	 2.346	 | 1.527 quantile
                      	 2.303	 2.348	  2.21	 1.671	 1.817	 1.825	 1.827	 1.873	 2.624	  3.01	 4.005	 3.917	 | 4.005 max

train losses    196:	 0.334	0.3392	0.3229	0.3148	0.3478	0.3585	 0.334	0.3354	0.5168	0.5214	0.4929	0.4995	
val losses      196:	0.2972	0.2829	0.2914	0.3016	0.3038	0.2992	0.3246	0.3407	0.6967	0.6532	0.9819	0.9748	 | 0.479 mean
                     	0.8838	0.8125	 0.738	0.7639	0.7719	0.7957	0.8343	0.8947	 1.587	 1.602	 2.444	 2.387	 | 1.511 quantile
                      	 2.293	 2.467	 2.218	  1.67	 1.793	 1.641	 1.832	 1.857	 2.435	 2.829	 4.247	 4.071	 | 4.247 max

train losses    198:	0.3346	0.3418	 0.322	0.3139	 0.349	0.3578	0.3344	0.3351	0.5141	0.5204	 0.502	0.5051	
val losses      198:	0.2962	0.2814	0.2909	0.3016	0.3058	0.3036	0.3254	 0.341	0.6798	0.6407	0.9653	0.9595	 | 0.4743 mean
                     	0.8717	0.7924	0.7419	0.7617	0.7862	0.8184	0.8367	0.9007	 1.601	 1.547	 2.457	 2.384	 | 1.479 quantile
                      	 2.198	 2.268	 2.212	 1.661	 1.904	 1.821	 1.896	  1.93	 2.456	 2.758	 4.147	 3.965	 | 4.147 max

train losses    200:	0.3351	0.3422	0.3217	0.3138	0.3471	0.3551	0.3328	0.3345	0.5122	0.5192	0.5199	0.5253	
val losses      200:	 0.305	0.2849	0.2908	0.3014	0.3094	0.3076	0.3252	0.3395	0.6881	0.6497	0.9657	0.9596	 | 0.4772 mean
                     	0.8997	0.8074	0.7411	0.7614	0.8087	0.8253	0.8334	0.9026	 1.616	 1.563	 2.501	 2.442	 | 1.486 quantile
                      	 2.394	 2.624	 2.217	 1.688	 1.915	 1.931	 1.836	 1.861	 2.466	 2.663	 4.173	  3.99	 | 4.173 max

train losses    202:	0.3334	0.3385	0.3228	0.3144	0.3467	0.3568	0.3327	 0.334	0.5167	0.5197	0.5446	0.5504	
val losses      202:	0.3054	0.2843	0.2911	0.3016	 0.316	0.3122	0.3247	0.3406	0.6853	0.6501	0.9787	0.9716	 | 0.4801 mean
                     	0.9067	0.8015	0.7445	0.7617	0.8122	0.8306	0.8302	 0.892	 1.684	 1.594	  2.54	 2.484	 | 1.513 quantile
                      	 2.346	 2.364	 2.229	 1.645	 1.908	 1.748	 1.836	 1.873	 2.568	 2.681	 4.301	 4.109	 | 4.301 max

train losses    204:	0.3361	0.3405	0.3224	0.3145	0.3469	0.3564	0.3303	0.3325	0.5264	0.5283	0.5548	0.5579	
val losses      204:	0.2992	0.2774	0.2907	0.3013	0.3156	0.3091	0.3247	  0.34	0.6835	0.6489	0.9604	0.9513	 | 0.4752 mean
                     	0.8764	0.7825	0.7384	0.7642	 0.804	0.8254	0.8286	0.8955	 1.664	 1.616	 2.435	  2.39	 | 1.501 quantile
                      	 2.218	 2.404	 2.222	 1.666	 1.996	 1.738	 1.864	 1.904	 2.635	 2.755	 4.129	 3.919	 | 4.129 max

train losses    206:	0.3361	0.3405	0.3223	 0.314	0.3495	0.3607	0.3319	0.3329	0.5305	0.5312	0.5596	0.5622	
val losses      206:	0.3002	0.2834	0.2909	0.3011	0.3176	0.3116	0.3256	0.3425	0.6683	0.6312	0.9492	0.9435	 | 0.4721 mean
                     	0.8779	   0.8	0.7403	0.7618	0.8182	0.8222	0.8358	0.9052	 1.645	 1.589	 2.349	 2.322	 | 1.493 quantile
                      	 2.243	 2.353	 2.223	 1.651	 1.862	 1.802	 1.799	 1.836	 2.739	 2.862	 3.746	 3.565	 | 3.746 max

train losses    208:	0.3359	0.3412	0.3216	0.3134	0.3495	0.3587	0.3329	0.3341	0.5408	0.5378	0.5376	 0.542	
val losses      208:	0.2965	0.2845	0.2915	0.3016	0.3178	0.3142	0.3277	0.3433	 0.673	0.6319	0.9619	0.9517	 | 0.4746 mean
                     	0.8765	 0.804	0.7425	0.7632	0.7992	0.8231	0.8428	0.9049	 1.631	 1.613	 2.318	  2.29	 | 1.511 quantile
                      	 2.193	 2.361	 2.232	 1.684	 1.999	 1.824	  1.77	 1.775	 2.769	 2.996	 3.888	 3.718	 | 3.888 max

train losses    210:	0.3353	0.3397	0.3222	0.3142	 0.351	0.3626	0.3317	0.3329	0.5592	0.5571	0.5343	0.5411	
val losses      210:	0.2985	0.2815	0.2915	0.3019	0.3124	0.3106	0.3253	0.3421	0.6784	0.6454	0.9644	0.9659	 | 0.4765 mean
                     	0.8682	0.7804	0.7436	0.7664	0.8153	0.8067	0.8389	 0.898	 1.646	 1.638	 2.328	 2.291	 | 1.53 quantile
                      	 2.314	 2.342	 2.222	 1.666	 1.771	 1.951	  1.84	 1.838	 2.704	 2.885	 3.725	 3.503	 | 3.725 max

train losses    212:	0.3413	0.3465	0.3216	 0.314	0.3531	0.3613	0.3324	0.3345	0.5938	0.5924	0.5326	0.5377	
val losses      212:	0.3053	0.2862	0.2918	0.3018	0.3104	0.3067	0.3236	0.3398	0.6775	 0.643	 1.027	 1.017	 | 0.4858 mean
                     	0.8906	 0.808	 0.743	0.7647	0.8034	 0.817	0.8335	0.8992	  1.68	 1.662	 2.517	 2.438	 | 1.582 quantile
                      	 2.446	  2.23	 2.222	 1.688	 1.964	 1.726	 1.865	 1.907	 2.647	 2.907	  4.14	 4.016	 | 4.14 max

train losses    214:	0.3441	0.3493	0.3229	0.3146	0.3691	0.3802	0.3401	0.3423	0.6625	0.6614	0.5556	0.5591	
val losses      214:	0.3073	0.2777	0.2921	0.3022	0.3181	0.3081	0.3303	0.3474	0.6835	 0.655	0.9997	0.9911	 | 0.4844 mean
                     	0.9025	0.7816	0.7453	0.7699	0.8213	 0.813	0.8599	0.9039	 1.642	 1.593	 2.399	 2.337	 | 1.537 quantile
                      	 2.399	 2.262	 2.201	 1.701	 1.952	 1.655	 1.794	 1.807	 2.665	 2.696	 4.238	 4.129	 | 4.238 max

train losses    216:	0.3651	0.3731	0.3267	0.3188	0.4056	 0.422	0.3668	0.3692	 1.051	  1.05	0.6611	0.6683	
val losses      216:	 0.323	0.2863	0.2916	0.3021	0.3244	0.3341	0.3573	0.3648	 0.938	0.9389	 1.012	 1.009	 | 0.5402 mean
                     	0.8832	0.7462	0.7377	0.7668	0.8446	0.8243	0.8717	0.9373	 2.598	 2.426	 2.501	 2.467	 | 1.811 quantile
                      	 2.224	 1.971	 2.258	 1.646	 1.758	 1.807	 2.022	 2.063	 4.124	 4.586	 3.907	 3.746	 | 4.586 max

train losses    218:	0.4388	0.4518	0.3314	0.3249	0.5091	0.5214	0.4347	0.4419	 1.051	 1.042	   1.1	 1.087	
val losses      218:	0.3312	0.3185	 0.292	0.3047	0.4253	0.4208	0.3993	0.4263	 1.839	 1.865	 1.368	 1.404	 | 0.7828 mean
                     	0.9211	0.9026	0.7488	0.7732	 1.068	 1.038	0.9797	 1.079	 3.782	 3.696	 3.102	 3.208	 | 2.728 quantile
                      	 1.966	 2.613	 2.214	 1.751	 2.702	 2.551	 1.972	 1.857	 5.216	 5.195	 5.089	 5.058	 | 5.216 max

train losses    220:	0.4391	0.4654	0.3344	0.3269	0.5215	0.5471	 0.439	0.4445	 1.214	 1.223	 1.209	 1.195	
val losses      220:	0.4494	0.4716	0.2942	0.3073	0.4171	0.4419	0.3647	0.3902	0.9637	0.9579	 1.195	 1.177	 | 0.6191 mean
                     	 1.249	  1.32	0.7576	  0.79	 1.091	 1.193	0.9545	 1.008	 2.673	 2.694	 2.855	 2.831	 | 1.976 quantile
                      	 2.847	 3.497	 2.221	  1.64	 2.825	 3.012	  2.08	 2.124	 5.065	 4.812	 4.435	 4.386	 | 5.065 max

train losses    222:	0.4341	0.4577	0.3325	0.3248	0.5332	0.5602	0.4323	0.4378	 1.164	 1.173	 1.209	 1.198	
val losses      222:	0.3645	0.3802	0.2952	0.3067	0.4294	0.4429	0.3737	0.3956	0.9849	0.9391	 1.219	  1.21	 | 0.6117 mean
                     	 1.009	 1.061	 0.761	0.7883	 1.077	  1.15	0.9637	 1.008	 2.249	 2.378	 2.621	 2.602	 | 1.926 quantile
                      	 2.763	 3.043	 2.213	 1.591	 2.414	  2.95	 2.247	  2.27	 4.426	 4.051	 4.407	 4.448	 | 4.448 max

train losses    224:	0.4506	0.4629	 0.334	0.3259	0.5201	0.5462	0.4425	0.4496	 1.005	  1.01	 1.174	 1.172	
val losses      224:	0.4495	0.4558	0.2976	0.3072	0.4008	0.3861	0.3913	 0.412	0.8085	0.7904	 1.295	 1.272	 | 0.6056 mean
                     	 1.198	 1.163	0.7576	0.7861	 1.017	0.9778	0.9905	 1.055	  1.93	 1.963	 2.845	 2.798	 | 1.917 quantile
                      	 3.134	 2.779	 2.178	 1.655	 1.714	 2.259	 2.349	 2.364	 3.285	 3.386	 4.819	 4.785	 | 4.819 max

train losses    226:	0.4376	0.4479	 0.332	0.3239	0.4912	0.5129	0.4314	0.4384	0.9291	0.9305	 1.073	  1.07	
val losses      226:	0.4383	0.4287	0.2956	0.3054	0.3748	0.3728	0.3695	0.3907	0.7438	0.7419	 1.099	 1.095	 | 0.5546 mean
                     	 1.225	  1.19	0.7524	 0.781	0.9392	0.9639	0.9761	 1.001	 1.837	 1.813	 2.644	 2.627	 | 1.713 quantile
                      	 3.135	 2.959	 2.194	 1.695	  1.97	 1.949	 2.194	 2.229	 3.283	  3.25	 4.746	 4.806	 | 4.806 max

train losses    228:	0.4184	0.4277	0.3316	0.3239	0.4702	0.4923	 0.429	0.4376	0.8737	0.8749	 1.003	 1.002	
val losses      228:	0.3914	0.3729	0.2925	0.3044	0.3394	0.3432	0.3596	0.3807	0.7247	0.7131	 1.114	 1.108	 | 0.5369 mean
                     	  1.09	 1.024	0.7458	0.7811	0.8751	0.8916	0.9284	0.9777	 1.716	 1.761	  2.73	 2.719	 | 1.681 quantile
                      	 2.676	 2.738	 2.224	 1.661	 1.807	  1.92	 2.072	  2.11	 3.001	 2.965	 4.984	 4.904	 | 4.984 max

train losses    230:	0.4114	0.4185	 0.331	 0.323	0.4523	0.4725	0.4218	0.4291	0.8264	0.8261	0.9231	0.9236	
val losses      230:	0.3837	0.3629	0.2921	0.3041	0.3976	0.4046	0.3463	0.3685	0.7072	0.6719	 1.066	 1.057	 | 0.5302 mean
                     	 1.083	 1.036	0.7477	 0.781	0.9793	0.9912	0.9212	0.9816	 1.648	 1.739	 2.636	 2.642	 | 1.641 quantile
                      	 2.943	 3.037	 2.212	 1.609	 1.874	 1.796	 1.973	 1.979	 2.544	  2.86	 4.443	 4.259	 | 4.443 max

train losses    232:	   0.4	0.4079	0.3302	0.3226	0.4394	0.4588	0.4114	0.4186	0.7747	0.7793	0.8558	0.8574	
val losses      232:	0.3756	0.3517	0.2921	 0.304	0.3723	0.3813	0.3454	0.3676	0.6933	0.6528	 1.025	 1.015	 | 0.5147 mean
                     	 1.082	0.9914	0.7528	0.7819	0.9548	0.9661	0.9133	0.9912	 1.619	 1.657	 2.534	  2.52	 | 1.597 quantile
                      	 2.806	 2.861	 2.206	 1.658	 2.129	 1.822	 2.067	 2.075	 2.592	 3.024	 4.249	 4.017	 | 4.249 max

train losses    234:	0.3928	0.4008	0.3293	0.3216	0.4317	0.4523	0.4075	0.4129	0.7429	0.7448	0.8072	0.8095	
val losses      234:	  0.36	0.3395	0.2923	0.3034	0.3715	0.3805	0.3434	0.3636	0.6893	0.6463	 1.002	 0.994	 | 0.5071 mean
                     	 1.038	0.9742	0.7465	 0.779	0.9511	0.9829	0.9085	0.9822	 1.669	 1.694	 2.511	 2.453	 | 1.588 quantile
                      	 2.572	 2.954	 2.208	  1.64	 2.237	 2.045	  1.99	 2.033	 2.619	 2.874	  4.03	 3.799	 | 4.03 max

train losses    236:	0.3819	0.3913	0.3286	0.3211	0.4227	0.4452	   0.4	0.4046	0.7149	0.7151	0.7619	0.7639	
val losses      236:	0.3542	0.3342	0.2919	0.3026	0.3574	0.3672	0.3386	0.3566	0.6806	0.6445	 1.002	0.9942	 | 0.5019 mean
                     	 1.015	0.9568	0.7442	0.7774	0.9333	0.9656	0.8967	0.9663	 1.667	 1.644	 2.463	 2.433	 | 1.579 quantile
                      	  2.64	 2.912	 2.216	 1.623	 2.183	 2.091	 1.945	 1.991	 2.672	 3.001	 3.721	 3.517	 | 3.721 max

train losses    238:	 0.374	0.3823	0.3277	0.3201	 0.412	0.4336	0.3951	0.3997	0.6942	0.6952	0.7211	0.7237	
val losses      238:	 0.339	0.3169	0.2913	0.3024	0.3434	0.3495	0.3343	0.3515	0.6738	0.6416	0.9889	0.9822	 | 0.4929 mean
                     	0.9699	0.9051	0.7414	0.7714	0.9095	0.9227	0.8814	0.9512	  1.64	  1.63	  2.46	 2.419	 | 1.543 quantile
                      	 2.574	 2.801	 2.213	 1.625	 2.116	  1.97	 1.979	 2.018	 2.643	 3.089	 3.908	 3.644	 | 3.908 max

train losses    240:	0.3712	 0.377	0.3275	0.3201	0.4075	 0.427	0.3913	0.3955	0.6745	0.6739	0.6931	0.6954	
val losses      240:	 0.332	0.3107	0.2915	0.3027	0.3454	0.3515	0.3358	0.3532	0.6761	0.6421	0.9957	0.9898	 | 0.4939 mean
                     	0.9455	  0.89	0.7397	0.7727	 0.918	0.9259	  0.88	0.9426	 1.645	 1.635	  2.42	 2.384	 | 1.548 quantile
                      	  2.48	  2.83	 2.208	 1.646	 2.139	 2.064	 1.937	 1.963	 2.562	 3.164	 3.829	 3.663	 | 3.829 max

train losses    242:	0.3654	0.3701	0.3274	0.3197	0.3989	0.4143	0.3867	0.3905	0.6526	0.6506	0.6638	0.6643	
val losses      242:	0.3221	0.2984	0.2917	0.3027	0.3442	0.3482	0.3351	0.3518	0.6751	0.6437	0.9987	0.9933	 | 0.4921 mean
                     	 0.907	 0.844	0.7391	0.7707	0.9162	0.9084	0.8745	0.9318	 1.616	 1.595	 2.395	 2.358	 | 1.536 quantile
                      	 2.443	 2.734	 2.213	 1.642	 2.091	 2.037	 1.931	 1.953	 2.616	 3.155	 3.934	 3.754	 | 3.934 max

train losses    244:	 0.362	0.3669	 0.327	 0.319	0.3931	0.4105	0.3821	 0.386	0.6431	0.6403	0.6467	0.6484	
val losses      244:	0.3195	0.2925	0.2914	0.3021	0.3422	0.3436	0.3327	0.3481	0.6771	0.6446	 0.993	0.9887	 | 0.4896 mean
                     	0.9042	0.8358	0.7372	0.7706	0.9068	0.9052	0.8666	0.9216	 1.599	  1.59	 2.385	 2.339	 | 1.53 quantile
                      	 2.506	 2.468	 2.223	 1.658	 2.056	 1.916	 1.926	 1.949	 2.627	 3.044	 3.944	 3.767	 | 3.944 max

train losses    246:	0.3593	 0.362	0.3263	0.3184	0.3894	0.4058	0.3786	0.3821	0.6294	0.6262	0.6255	0.6261	
val losses      246:	0.3139	0.2875	0.2914	0.3018	0.3392	 0.339	0.3323	0.3486	0.6815	 0.647	0.9946	0.9892	 | 0.4888 mean
                     	0.8827	0.8099	0.7399	0.7694	0.9073	0.8897	0.8609	0.9106	 1.608	 1.599	 2.347	 2.345	 | 1.537 quantile
                      	 2.328	 2.318	 2.221	 1.684	 1.971	 1.878	 1.911	  1.94	 2.618	 3.127	 3.841	 3.588	 | 3.841 max

train losses    248:	0.3574	0.3611	 0.326	0.3179	0.3866	 0.402	0.3736	0.3776	 0.616	0.6141	0.6078	0.6083	
val losses      248:	 0.313	0.2856	0.2915	0.3018	0.3355	0.3323	0.3326	0.3493	0.6836	0.6488	0.9933	0.9887	 | 0.488 mean
                     	0.8837	0.8159	 0.738	0.7698	0.8975	0.8716	0.8494	0.9112	 1.606	 1.607	 2.333	  2.31	 | 1.535 quantile
                      	 2.381	 2.416	 2.225	 1.684	 1.924	 1.863	 1.954	  1.98	 2.496	 3.127	 3.901	 3.684	 | 3.901 max

train losses    250:	0.3558	0.3597	 0.326	 0.318	0.3809	0.3949	0.3704	0.3739	0.6067	0.6053	0.5931	0.5935	
val losses      250:	0.3076	 0.281	0.2914	0.3017	0.3306	0.3283	0.3299	0.3465	0.6845	0.6508	0.9902	0.9867	 | 0.4858 mean
                     	0.8653	0.8013	0.7389	0.7707	0.8854	0.8568	0.8455	0.9067	 1.609	 1.609	 2.344	 2.327	 | 1.531 quantile
                      	 2.305	 2.405	 2.236	 1.686	 1.922	 1.895	 1.967	 1.995	 2.425	 3.028	 4.127	 3.876	 | 4.127 max

train losses    252:	0.3515	0.3555	0.3254	0.3174	0.3786	0.3944	0.3677	0.3701	0.5989	0.5958	0.5801	0.5817	
val losses      252:	0.3057	0.2815	0.2915	0.3015	 0.329	0.3245	0.3295	0.3453	 0.684	0.6482	0.9906	0.9873	 | 0.4849 mean
                     	0.8639	0.8091	0.7405	0.7711	0.8826	0.8483	0.8467	0.9054	 1.603	 1.605	 2.323	   2.3	 | 1.534 quantile
                      	 2.243	 2.409	  2.23	 1.703	 1.946	 1.936	  1.91	 1.936	 2.511	 3.086	 3.897	 3.651	 | 3.897 max

train losses    254:	0.3498	0.3548	0.3249	0.3171	0.3734	0.3865	0.3658	0.3681	0.5859	0.5872	0.5731	0.5755	
val losses      254:	0.3055	0.2801	 0.291	0.3011	0.3272	0.3193	0.3285	0.3448	0.6841	0.6499	0.9878	0.9853	 | 0.4837 mean
                     	0.8687	0.8018	0.7429	0.7677	 0.862	0.8386	0.8431	0.9017	  1.62	 1.619	 2.315	 2.302	 | 1.534 quantile
                      	 2.386	 2.345	 2.216	 1.703	 1.861	 1.853	 1.961	  1.99	 2.495	 3.097	 3.856	 3.603	 | 3.856 max

train losses    256:	  0.35	0.3538	0.3246	0.3167	0.3732	0.3848	0.3624	0.3646	0.5828	0.5803	0.5609	0.5637	
val losses      256:	0.3005	0.2791	0.2912	0.3011	0.3263	 0.319	0.3274	0.3436	 0.685	0.6511	 0.989	0.9841	 | 0.4831 mean
                     	0.8488	0.7895	0.7419	0.7659	0.8648	0.8438	0.8441	0.9003	 1.612	 1.596	 2.354	 2.318	 | 1.533 quantile
                      	 2.334	 2.403	 2.212	 1.692	  1.94	 1.867	 1.964	 1.993	 2.532	 3.105	 3.836	 3.572	 | 3.836 max

train losses    258:	0.3483	0.3524	0.3245	0.3164	0.3706	0.3847	0.3598	0.3629	0.5737	0.5737	0.5526	0.5546	
val losses      258:	0.3027	0.2795	 0.291	0.3008	 0.325	0.3185	0.3252	0.3411	0.6844	0.6514	0.9804	0.9763	 | 0.4814 mean
                     	0.8676	0.7924	0.7416	0.7663	0.8594	0.8338	0.8385	0.8995	  1.63	 1.613	 2.353	 2.306	 | 1.534 quantile
                      	 2.399	 2.404	 2.224	 1.694	 1.877	 1.888	 1.966	 1.996	 2.562	 2.984	 3.799	 3.613	 | 3.799 max

train losses    260:	0.3455	0.3514	0.3238	0.3155	0.3677	0.3807	0.3567	0.3598	0.5637	 0.564	0.5475	0.5487	
val losses      260:	0.2995	 0.278	 0.291	0.3011	0.3214	0.3158	0.3252	0.3408	0.6891	 0.651	0.9797	0.9746	 | 0.4806 mean
                     	0.8568	0.7874	0.7422	0.7668	0.8559	0.8277	0.8392	0.9005	 1.609	 1.598	 2.361	 2.334	 | 1.523 quantile
                      	 2.325	 2.434	 2.222	 1.685	 1.918	 1.885	 1.996	 2.025	 2.464	 3.041	 3.851	 3.609	 | 3.851 max

train losses    262:	0.3464	0.3506	0.3239	0.3156	0.3643	0.3769	 0.354	0.3564	0.5624	0.5626	0.5396	0.5416	
val losses      262:	0.3025	0.2796	0.2909	0.3009	0.3192	0.3111	0.3246	  0.34	0.6885	0.6552	0.9749	0.9721	 | 0.48 mean
                     	0.8633	  0.79	0.7425	0.7625	0.8486	0.8101	0.8325	0.9005	 1.624	 1.584	 2.347	 2.313	 | 1.526 quantile
                      	 2.437	 2.414	 2.226	 1.679	 1.876	 1.885	 1.933	 1.964	 2.569	 3.147	 3.897	 3.648	 | 3.897 max

train losses    264:	0.3455	0.3508	0.3239	 0.315	0.3627	0.3755	0.3526	0.3541	0.5584	0.5565	0.5349	 0.536	
val losses      264:	0.3055	0.2823	0.2905	0.3005	0.3231	0.3135	0.3233	0.3392	0.6831	0.6473	  0.98	0.9763	 | 0.4804 mean
                     	0.8838	0.7903	0.7398	0.7631	0.8653	0.8221	0.8343	0.8922	 1.644	 1.601	 2.354	 2.344	 | 1.533 quantile
                      	 2.381	 2.516	 2.226	 1.684	  1.83	 1.913	 1.945	 1.978	 2.475	 2.934	 3.963	 3.723	 | 3.963 max

train losses    266:	0.3437	0.3484	0.3241	0.3154	0.3616	0.3746	0.3511	0.3526	0.5511	 0.551	0.5282	0.5287	
val losses      266:	0.3038	0.2814	0.2907	0.3007	0.3198	0.3121	0.3236	0.3398	0.6827	0.6478	0.9825	0.9793	 | 0.4803 mean
                     	0.8737	0.7905	0.7411	0.7623	0.8476	0.8213	0.8275	0.8933	 1.624	 1.589	 2.342	 2.324	 | 1.532 quantile
                      	 2.399	 2.348	 2.222	 1.689	 1.903	 1.931	 1.906	 1.938	 2.452	 3.036	 3.805	 3.723	 | 3.805 max

train losses    268:	0.3434	0.3501	0.3233	0.3148	0.3577	 0.371	0.3471	0.3493	0.5483	0.5458	0.5226	 0.525	
val losses      268:	0.3024	0.2813	0.2906	0.3006	0.3165	0.3086	0.3233	0.3401	0.6851	0.6506	0.9781	0.9756	 | 0.4794 mean
                     	0.8747	0.7979	0.7406	0.7639	0.8416	0.8111	0.8295	0.8908	 1.628	 1.606	 2.342	 2.314	 | 1.534 quantile
                      	 2.289	 2.537	 2.214	 1.709	 1.839	 1.947	 1.893	 1.925	   2.5	 2.957	 3.761	 3.555	 | 3.761 max

train losses    270:	0.3417	0.3467	0.3229	0.3143	0.3596	0.3715	0.3447	 0.346	0.5406	0.5408	0.5183	0.5204	
val losses      270:	0.3054	0.2842	0.2904	0.3004	0.3178	0.3102	0.3224	 0.339	0.6831	0.6506	0.9723	0.9698	 | 0.4788 mean
                     	0.8873	0.8061	0.7418	0.7585	0.8335	0.8207	0.8279	0.8876	 1.613	 1.597	 2.335	 2.294	 | 1.529 quantile
                      	 2.388	 2.673	  2.22	 1.691	 1.925	 1.942	 1.947	 1.983	 2.466	 2.982	 3.716	 3.477	 | 3.716 max

train losses    272:	 0.342	0.3451	 0.323	0.3146	0.3563	 0.368	0.3432	0.3448	0.5408	0.5371	 0.514	0.5143	
val losses      272:	0.3016	0.2806	0.2906	0.3003	0.3195	0.3127	0.3226	0.3386	0.6852	0.6503	0.9726	0.9701	 | 0.4787 mean
                     	0.8681	0.7898	0.7401	 0.759	0.8495	0.8257	0.8275	 0.893	 1.625	 1.579	 2.338	 2.299	 | 1.523 quantile
                      	 2.328	 2.529	 2.215	 1.692	 1.824	 1.946	 1.855	 1.887	 2.469	 2.896	 3.795	 3.554	 | 3.795 max

train losses    274:	0.3415	0.3463	0.3227	0.3146	0.3559	0.3687	0.3417	0.3436	0.5348	0.5347	0.5128	0.5139	
val losses      274:	0.3062	0.2843	0.2907	0.3008	0.3196	0.3127	0.3244	0.3406	0.6855	0.6498	0.9753	0.9734	 | 0.4803 mean
                     	0.8911	0.8001	0.7424	0.7599	0.8496	0.8244	0.8281	0.8895	 1.623	 1.607	 2.327	 2.281	 | 1.528 quantile
                      	 2.366	 2.546	 2.199	  1.69	 1.797	 1.909	 1.866	 1.896	 2.471	 2.979	 3.712	 3.533	 | 3.712 max

train losses    276:	0.3398	0.3434	0.3219	 0.314	0.3551	0.3681	0.3397	 0.342	0.5338	 0.532	0.5098	0.5106	
val losses      276:	0.3025	0.2802	0.2908	0.3007	0.3125	0.3037	0.3229	0.3395	0.6828	0.6479	0.9657	0.9641	 | 0.4761 mean
                     	0.8828	0.7881	0.7396	0.7596	0.8213	0.7984	0.8269	0.8883	 1.614	 1.589	 2.351	   2.3	 | 1.511 quantile
                      	 2.423	 2.503	  2.21	 1.687	  1.83	 1.849	 1.805	 1.833	 2.555	 3.109	 3.814	 3.642	 | 3.814 max

train losses    278:	0.3395	0.3454	0.3228	0.3142	0.3541	0.3674	0.3401	0.3409	0.5299	0.5291	0.5014	 0.504	
val losses      278:	0.3022	0.2818	 0.291	0.3007	0.3141	0.3051	0.3238	0.3403	 0.686	0.6485	0.9685	0.9659	 | 0.4773 mean
                     	0.8706	0.8036	0.7431	0.7604	0.8275	 0.813	0.8307	0.8883	 1.626	 1.598	 2.346	  2.31	 | 1.523 quantile
                      	 2.464	 2.542	 2.216	 1.706	 1.794	 1.857	 1.793	 1.824	 2.459	 2.935	 3.811	 3.641	 | 3.811 max

train losses    280:	0.3386	0.3446	0.3216	0.3134	0.3523	0.3637	0.3378	0.3393	0.5263	0.5285	0.5014	0.5026	
val losses      280:	0.3013	  0.28	 0.291	0.3007	 0.311	0.3011	0.3232	0.3389	0.6859	0.6495	0.9688	0.9662	 | 0.4765 mean
                     	0.8725	0.7842	0.7429	0.7614	0.8219	0.7957	0.8245	0.8865	 1.622	 1.592	 2.348	 2.315	 | 1.512 quantile
                      	  2.44	 2.438	 2.207	 1.702	 1.834	 1.816	 1.862	 1.889	 2.518	 2.957	 3.821	 3.654	 | 3.821 max

train losses    282:	0.3373	0.3442	0.3215	0.3131	0.3494	0.3617	0.3355	0.3367	0.5232	0.5244	0.4999	0.5015	
val losses      282:	0.2994	0.2765	0.2909	0.3008	0.3124	 0.302	0.3227	0.3384	0.6852	0.6513	0.9625	0.9613	 | 0.4753 mean
                     	0.8765	0.7769	0.7423	0.7581	0.8173	0.8056	 0.831	0.8878	 1.626	 1.591	 2.346	 2.324	 | 1.505 quantile
                      	 2.342	 2.405	  2.21	 1.702	 1.837	 1.855	 1.879	 1.907	 2.455	 2.906	 3.695	 3.535	 | 3.695 max

train losses    284:	0.3389	0.3444	0.3218	0.3136	0.3489	0.3628	0.3341	0.3354	 0.523	0.5241	0.4981	0.4992	
val losses      284:	0.3003	0.2806	0.2911	0.3009	0.3102	0.3011	0.3236	0.3393	0.6874	0.6495	0.9622	0.9599	 | 0.4755 mean
                     	0.8741	0.7941	0.7427	0.7601	0.8104	0.8046	0.8287	0.8889	 1.624	 1.593	 2.348	 2.311	 | 1.508 quantile
                      	 2.468	 2.591	 2.216	 1.719	 1.803	 1.861	 1.877	 1.915	 2.574	 2.967	 3.777	 3.584	 | 3.777 max

train losses    286:	0.3367	0.3407	0.3212	0.3126	0.3497	0.3627	0.3331	0.3344	0.5231	0.5208	0.4942	0.4959	
val losses      286:	0.3025	0.2831	0.2909	0.3006	0.3125	0.3038	0.3234	0.3388	0.6828	0.6436	0.9661	0.9636	 | 0.476 mean
                     	0.8781	0.8013	0.7394	0.7594	0.8283	0.8084	0.8259	0.8954	 1.637	 1.598	 2.339	 2.295	 | 1.517 quantile
                      	 2.483	 2.527	 2.215	 1.709	 1.766	 1.901	 1.823	 1.853	 2.663	 3.093	 3.669	 3.494	 | 3.669 max

train losses    288:	0.3373	0.3419	0.3218	0.3131	0.3472	 0.358	0.3316	0.3336	0.5174	0.5183	0.4914	0.4932	
val losses      288:	0.3045	 0.285	0.2912	0.3009	 0.313	0.3031	0.3248	0.3405	0.6853	 0.649	0.9672	0.9662	 | 0.4776 mean
                     	0.8887	0.8058	0.7401	0.7574	0.8149	0.8106	0.8284	0.9011	 1.633	 1.604	 2.337	 2.289	 | 1.516 quantile
                      	 2.547	 2.549	 2.215	 1.702	 1.892	 1.817	 1.842	 1.873	 2.624	 2.959	  3.71	 3.547	 | 3.71 max

train losses    290:	0.3363	0.3413	0.3215	0.3135	0.3491	0.3606	0.3313	0.3328	0.5157	0.5178	0.4912	0.4925	
val losses      290:	 0.303	0.2853	0.2909	0.3006	0.3103	0.3017	0.3249	0.3417	0.6796	0.6414	0.9699	0.9657	 | 0.4763 mean
                     	0.8808	0.8082	0.7449	0.7607	0.8126	0.7945	0.8329	0.8974	 1.619	 1.582	  2.31	 2.281	 | 1.511 quantile
                      	 2.441	 2.588	 2.211	 1.695	  1.74	 1.814	 1.828	 1.859	 2.641	 3.108	 3.728	 3.553	 | 3.728 max

train losses    292:	0.3361	0.3414	0.3212	0.3128	0.3491	0.3588	0.3298	0.3316	0.5125	0.5144	0.4892	 0.489	
val losses      292:	0.3005	0.2822	0.2909	0.3008	0.3106	0.3014	0.3226	0.3396	0.6812	0.6427	0.9658	0.9623	 | 0.475 mean
                     	0.8704	0.8061	0.7392	0.7614	0.8091	0.8087	0.8301	0.8902	 1.615	  1.59	 2.338	 2.298	 | 1.507 quantile
                      	 2.511	  2.53	 2.203	 1.682	 1.791	   1.8	 1.808	 1.833	 2.504	   2.9	 3.719	 3.625	 | 3.719 max

train losses    294:	0.3358	0.3397	0.3208	0.3124	0.3481	0.3586	0.3296	0.3317	0.5124	0.5146	0.4857	0.4864	
val losses      294:	 0.301	 0.281	 0.291	0.3008	0.3114	0.3007	0.3232	0.3393	0.6785	0.6418	0.9655	0.9626	 | 0.4747 mean
                     	0.8769	0.7897	  0.74	0.7619	 0.817	0.8029	0.8245	0.8883	 1.627	 1.574	 2.363	  2.34	 | 1.509 quantile
                      	 2.316	 2.472	 2.201	 1.705	 1.811	 1.822	 1.839	 1.865	  2.53	  2.91	 3.795	 3.701	 | 3.795 max

train losses    296:	0.3357	0.3408	 0.321	0.3125	 0.348	0.3573	0.3281	0.3291	0.5142	0.5154	0.4856	0.4857	
val losses      296:	0.3018	 0.283	0.2909	0.3011	0.3069	0.2981	0.3234	  0.34	0.6873	0.6477	0.9636	0.9609	 | 0.4754 mean
                     	0.8808	0.7952	0.7417	0.7607	0.8124	0.7963	0.8232	0.8879	 1.623	  1.57	 2.393	 2.336	 | 1.501 quantile
                      	 2.524	 2.546	 2.197	   1.7	 1.698	 1.832	 1.825	 1.853	 2.568	 2.989	  3.85	 3.628	 | 3.85 max

train losses    298:	0.3366	0.3403	0.3204	 0.312	0.3474	0.3569	0.3253	0.3276	0.5115	0.5124	0.4838	0.4832	
val losses      298:	0.2986	0.2794	0.2908	0.3007	0.3066	0.2968	0.3229	0.3397	0.6874	0.6486	0.9583	0.9562	 | 0.4738 mean
                     	 0.869	0.7828	0.7382	0.7579	0.8087	0.7914	 0.817	0.8921	 1.636	 1.603	  2.36	 2.308	 | 1.506 quantile
                      	 2.439	 2.439	   2.2	 1.691	 1.782	 1.719	 1.793	 1.833	 2.623	 3.019	 3.742	 3.567	 | 3.742 max

