train losses      0:	0.6739	0.6646	0.5801	0.5248	0.7826	0.8047	0.6255	0.5693	 1.562	 1.601	 1.522	 1.517	
val losses        0:	0.5712	0.5728	0.6162	0.6182	 1.234	 1.442	 3.929	 1.647	 2.677	 2.665	  1.46	 1.604	 | 1.586 mean
                     	 1.492	 1.588	  1.56	 1.431	 3.297	 3.533	 5.043	 2.754	 6.967	 6.983	 3.821	 4.137	 | 4.619 quantile
                      	 4.852	 5.839	 3.204	 3.718	 7.113	 6.351	 6.747	 4.149	 12.99	 12.54	 6.016	 6.023	 | 12.99 max

train losses      2:	0.6344	0.6076	0.4823	 0.475	0.7266	0.7525	0.6036	0.5717	  1.49	  1.56	 1.488	 1.511	
val losses        2:	 1.054	0.6063	 0.539	0.5503	 1.198	0.9534	0.8331	0.6118	 2.814	 2.808	 1.839	  1.59	 | 1.283 mean
                     	 1.968	 1.551	 1.285	 1.263	 2.976	 2.694	  1.86	 1.495	 7.093	 7.163	 4.541	 3.664	 | 4.127 quantile
                      	 5.154	 5.124	 2.458	 3.112	 6.878	 7.068	 3.245	 2.824	 13.87	 13.25	 6.443	 6.999	 | 13.87 max

train losses      4:	0.5247	0.5342	0.4347	0.4312	0.6275	0.6742	0.5297	  0.53	 1.358	 1.484	 1.439	 1.463	
val losses        4:	0.4285	 0.448	0.4177	0.4619	0.7775	 0.877	0.5083	0.4856	 2.085	 2.433	 1.351	 1.342	 | 0.968 mean
                     	 1.144	 1.252	 1.027	 1.162	 2.114	 2.437	 1.255	  1.27	 5.389	 6.382	 3.209	 3.336	 | 3.326 quantile
                      	 3.382	 4.212	 2.567	 3.338	 6.235	  6.27	 2.384	  2.57	 11.06	 12.27	 6.016	 5.897	 | 12.27 max

train losses      6:	0.4541	0.4922	0.4021	0.4087	0.5692	0.6363	0.5075	 0.515	 1.175	 1.363	 1.386	 1.425	
val losses        6:	0.4069	0.4453	0.3539	0.3557	0.7607	 0.848	0.4762	0.4759	 1.782	 2.221	 1.327	 1.327	 | 0.8983 mean
                     	 1.076	 1.236	0.8909	0.9279	 2.007	 2.333	 1.194	 1.254	 4.642	   5.9	 3.074	 3.234	 | 3.05 quantile
                      	 3.579	 4.345	 2.116	 2.879	 5.949	 6.036	 2.383	 2.556	 10.35	 11.72	 5.712	 5.903	 | 11.72 max

train losses      8:	 0.434	 0.489	 0.404	 0.414	0.5208	 0.614	0.5033	0.5078	0.9624	 1.187	 1.325	  1.38	
val losses        8:	0.3801	0.4651	  0.36	0.3605	0.6751	0.8277	0.4843	0.4842	 1.407	 1.888	 1.286	   1.3	 | 0.8265 mean
                     	 1.037	  1.31	0.9072	0.9327	 1.886	 2.344	 1.222	 1.268	 3.739	  5.08	 2.912	 3.142	 | 2.694 quantile
                      	 3.166	 4.235	 2.243	 2.999	 5.582	 5.898	 2.193	 2.541	 9.369	 11.02	 5.474	 5.601	 | 11.02 max

train losses     10:	0.4226	0.4748	0.4107	0.4195	 0.502	0.5819	0.5154	0.5075	 0.795	0.9728	 1.261	 1.319	
val losses       10:	0.3533	0.4389	0.3634	0.3505	0.6528	0.7555	0.5019	0.4789	 1.055	 1.504	 1.214	 1.248	 | 0.743 mean
                     	0.9751	 1.218	0.9138	0.8957	 1.851	 2.189	 1.254	 1.261	  2.93	 4.142	 2.753	 2.995	 | 2.336 quantile
                      	 3.011	 3.862	 2.151	 2.877	 5.075	 5.807	 2.288	 2.737	 8.027	 10.06	 5.067	 5.278	 | 10.06 max

train losses     12:	0.4196	0.4524	0.4191	0.4311	0.5089	0.5423	0.5256	0.5068	0.7173	0.7994	 1.204	 1.246	
val losses       12:	0.3341	0.3986	0.3686	0.3472	0.6337	0.6822	0.5058	0.4741	0.8702	 1.132	 1.157	  1.19	 | 0.6744 mean
                     	0.9098	 1.095	0.9337	0.9016	 1.808	 1.972	  1.25	  1.23	 2.589	 3.515	 2.772	 2.869	 | 2.116 quantile
                      	 2.599	 3.573	   2.1	 2.789	 4.756	 5.456	 2.326	 2.724	 6.848	  9.02	 4.663	 4.739	 | 9.02 max

train losses     14:	0.4072	0.4366	0.4229	0.4369	0.5219	0.5122	0.5237	0.5022	0.7079	0.7255	 1.158	 1.177	
val losses       14:	0.3074	0.3629	0.3597	0.3408	0.6377	0.6518	0.5016	0.4652	 0.852	0.9715	 1.102	 1.142	 | 0.6412 mean
                     	0.8396	 1.023	0.9101	0.8829	 1.768	 1.872	 1.261	 1.207	 2.182	 2.909	 2.774	 2.771	 | 1.975 quantile
                      	 2.411	 3.284	 2.165	 2.731	 4.764	 4.954	 2.224	 2.787	 5.992	 7.926	 4.268	 4.444	 | 7.926 max

train losses     16:	0.4136	0.4308	0.4244	0.4327	0.5124	0.5001	0.5118	0.4979	0.8492	0.8217	 1.136	 1.134	
val losses       16:	0.2935	0.3472	0.3483	0.3231	0.6272	0.6187	0.4853	0.4571	 1.066	 1.047	 1.044	 1.075	 | 0.6444 mean
                     	0.7796	0.9589	0.8785	0.8463	  1.79	 1.787	  1.22	 1.177	 2.376	 2.553	  2.75	 2.713	 | 2.001 quantile
                      	  2.56	 3.065	 2.201	 2.906	 4.984	 4.803	 2.147	 2.767	 5.586	 7.002	 4.012	 4.312	 | 7.002 max

train losses     18:	0.4161	0.4346	0.4293	0.4309	0.5173	0.5152	0.5055	 0.496	0.9278	0.9104	  1.16	 1.142	
val losses       18:	0.2744	0.3246	0.3463	0.3152	0.6055	0.6146	0.4546	0.4459	 1.008	0.9939	 1.036	 1.075	 | 0.6244 mean
                     	0.7506	0.9019	0.8692	0.8442	 1.673	 1.753	 1.157	 1.166	 2.667	 2.789	 2.765	 2.722	 | 2.005 quantile
                      	 2.102	 2.816	 2.268	 2.874	 5.059	 4.447	  2.04	 2.791	 5.815	 6.951	 4.279	 4.392	 | 6.951 max

train losses     20:	0.3993	0.4226	0.4248	0.4222	0.5094	0.5044	0.4969	0.4929	0.8024	0.7987	 1.113	 1.114	
val losses       20:	0.2835	0.3264	0.3444	0.3207	0.6516	0.6053	0.4641	 0.442	 1.222	  1.18	 1.066	 1.101	 | 0.6674 mean
                     	0.7672	 0.899	0.8641	0.8537	 1.783	 1.688	 1.156	 1.153	 2.685	 2.592	  2.78	 2.709	 | 2.089 quantile
                      	 2.061	  2.55	 2.481	 2.928	 5.085	 4.423	 2.062	 2.886	 4.927	 5.908	 4.386	 4.462	 | 5.908 max

train losses     22:	0.3864	0.4099	0.4174	0.4174	 0.507	 0.501	0.4852	 0.481	0.7215	0.7309	 1.109	 1.108	
val losses       22:	0.2756	0.3025	0.3406	0.3211	0.6041	0.5924	0.4501	0.4428	0.8953	0.8876	 1.069	 1.077	 | 0.6048 mean
                     	0.7422	0.8394	0.8487	0.8385	 1.682	 1.658	 1.127	 1.151	 2.165	 2.338	 2.827	 2.764	 | 1.9 quantile
                      	 2.314	 2.517	 2.218	 2.914	 5.056	 4.321	  2.17	 2.842	  4.18	 5.234	 4.561	 4.337	 | 5.234 max

train losses     24:	 0.374	0.3943	0.4088	0.4086	0.4771	0.4721	 0.473	0.4695	0.6181	0.6257	 1.061	 1.057	
val losses       24:	0.2637	0.2922	 0.339	0.3139	0.5815	0.5692	 0.436	 0.433	0.7189	0.7392	 1.062	 1.065	 | 0.5678 mean
                     	0.7227	0.7923	0.8413	0.8297	 1.575	 1.616	 1.095	 1.126	 1.822	 2.063	 2.719	 2.668	 | 1.772 quantile
                      	  2.06	 2.477	 2.262	 2.998	 4.726	 3.945	 1.855	 2.849	 3.511	 4.651	 4.514	 4.389	 | 4.726 max

train losses     26:	0.3658	0.3827	0.4035	0.4027	0.4549	0.4534	0.4582	0.4584	 0.595	0.5884	 1.041	 1.036	
val losses       26:	  0.26	0.2825	0.3376	 0.311	0.5552	0.5388	0.4341	0.4295	0.7191	0.7041	 1.028	 1.038	 | 0.5531 mean
                     	0.7132	0.7693	0.8489	0.8191	 1.505	 1.526	 1.096	 1.112	 1.645	 1.822	 2.663	  2.63	 | 1.676 quantile
                      	 2.156	 2.398	 2.236	 2.958	 4.749	 3.892	   1.9	  2.89	 2.778	  3.84	 4.427	 4.282	 | 4.749 max

train losses     28:	0.3555	0.3709	0.3958	0.3951	 0.437	0.4364	 0.446	0.4474	0.5752	0.5818	 1.003	 1.003	
val losses       28:	0.2594	0.2722	0.3354	0.3085	0.5354	0.5247	0.4261	0.4227	0.6828	 0.673	 1.027	 1.041	 | 0.5423 mean
                     	0.7182	0.7494	0.8325	0.8135	 1.409	 1.486	 1.082	 1.094	  1.62	 1.773	 2.756	  2.67	 | 1.67 quantile
                      	 2.103	 2.336	 2.182	  2.91	 4.606	 3.792	  1.89	 2.812	 2.915	 3.752	 4.137	 4.055	 | 4.606 max

train losses     30:	0.3444	0.3568	0.3893	0.3888	0.4293	0.4255	0.4382	0.4366	 0.569	0.5698	0.9943	0.9907	
val losses       30:	0.2509	0.2587	0.3324	0.3075	0.5224	0.5083	0.4219	0.4165	0.6823	0.6647	 1.012	 1.026	 | 0.5336 mean
                     	0.6861	0.7075	0.8217	0.8155	 1.364	 1.436	 1.071	 1.082	 1.637	  1.73	  2.76	 2.671	 | 1.632 quantile
                      	 2.111	 2.204	 2.232	 2.912	 4.502	 3.581	 1.842	 2.919	 2.869	 3.486	 4.111	 4.019	 | 4.502 max

train losses     32:	0.3388	0.3512	0.3832	0.3824	0.4199	 0.417	0.4292	0.4285	0.5518	0.5569	0.9742	0.9705	
val losses       32:	0.2482	0.2539	0.3291	0.3062	 0.512	0.4986	 0.418	0.4121	0.6794	  0.64	0.9878	 1.002	 | 0.5239 mean
                     	0.6815	0.6978	 0.819	0.8111	 1.344	 1.415	 1.059	  1.06	 1.604	  1.59	 2.772	 2.686	 | 1.592 quantile
                      	 2.139	 2.337	 2.152	 2.914	 4.346	 3.408	 1.736	 2.865	 2.731	 3.132	 4.231	 4.444	 | 4.444 max

train losses     34:	0.3334	0.3466	0.3799	0.3799	0.4121	0.4109	 0.423	0.4226	0.5512	0.5573	0.9887	0.9816	
val losses       34:	0.2432	0.2456	0.3288	0.3062	0.5067	0.4903	0.4203	0.4089	0.6837	0.6536	 1.039	 1.045	 | 0.5309 mean
                     	0.6659	0.6759	0.8165	0.8108	 1.339	 1.382	 1.056	 1.059	 1.587	 1.575	 2.656	 2.602	 | 1.608 quantile
                      	  2.09	 2.129	 2.227	 2.969	 4.254	 3.332	 1.811	 2.874	 2.766	 2.758	 4.337	 4.255	 | 4.337 max

train losses     36:	0.3287	0.3452	0.3769	0.3763	0.4091	0.4084	0.4192	0.4176	0.5868	0.5897	0.9811	 0.977	
val losses       36:	0.2394	0.2482	0.3274	 0.306	0.4988	0.4813	0.4175	0.4077	0.6748	0.6564	 1.043	 1.046	 | 0.5289 mean
                     	0.6598	0.6865	0.8202	0.8145	 1.299	 1.348	 1.042	  1.05	 1.599	 1.616	 2.739	 2.641	 | 1.619 quantile
                      	 2.113	 2.296	 2.158	 2.985	 4.233	 3.263	 1.811	 2.889	 2.676	 2.658	 4.172	 4.011	 | 4.233 max

train losses     38:	0.3277	0.3407	0.3737	0.3721	0.4041	0.4024	0.4153	0.4132	0.5689	0.5742	0.9887	0.9885	
val losses       38:	0.2381	 0.244	0.3269	0.3053	0.4824	0.4614	0.4152	0.4048	0.7156	0.6866	0.9658	0.9776	 | 0.5187 mean
                     	0.6576	0.6645	0.8103	  0.81	  1.27	  1.29	 1.026	 1.029	 1.616	 1.601	  2.66	 2.591	 | 1.567 quantile
                      	  2.07	 2.173	 2.178	  2.98	 4.042	 3.137	 1.731	 2.813	 2.755	 2.449	 3.996	 4.378	 | 4.378 max

train losses     40:	0.3232	0.3392	0.3704	0.3703	0.4058	 0.406	0.4107	0.4087	 0.593	0.6115	0.9865	0.9836	
val losses       40:	0.2392	0.2502	0.3279	0.3045	0.4859	0.4683	0.4128	0.4021	0.6784	0.6612	   1.0	 1.007	 | 0.5198 mean
                     	0.6619	0.6778	0.8173	0.8056	 1.284	 1.307	 1.018	  1.03	 1.603	 1.638	  2.56	 2.513	 | 1.587 quantile
                      	 2.105	 2.218	 2.068	 2.941	  4.04	  3.11	  1.77	  2.89	 2.632	 2.638	 4.435	 4.429	 | 4.435 max

train losses     42:	0.3238	0.3393	0.3696	0.3692	0.4001	0.4001	0.4078	0.4043	0.5966	0.6161	0.9514	0.9443	
val losses       42:	0.2387	 0.245	0.3248	0.3056	0.4795	0.4574	0.4085	0.4018	0.6953	0.6435	 1.015	 1.013	 | 0.519 mean
                     	0.6517	0.6656	0.8148	0.8096	 1.277	 1.288	 1.005	 1.027	 1.592	 1.515	 2.681	 2.609	 | 1.592 quantile
                      	  2.04	 2.252	  2.17	 2.973	 4.081	  3.06	 1.727	 2.859	 2.891	 2.478	 4.396	 4.177	 | 4.396 max

train losses     44:	0.3275	0.3485	0.3697	0.3688	0.4061	0.4096	0.4169	0.4086	0.6075	0.6261	 1.081	 1.065	
val losses       44:	0.2398	0.2551	  0.33	 0.308	0.4941	0.4774	0.4115	0.4005	 0.705	0.6703	 1.034	 1.046	 | 0.531 mean
                     	0.6518	 0.692	0.8236	0.8105	 1.281	 1.329	 1.019	 1.031	 1.699	   1.7	 2.677	 2.647	 | 1.648 quantile
                      	 2.078	 2.229	 2.202	 2.948	 4.288	 3.248	 1.833	 2.887	 2.959	 3.053	 4.775	 4.727	 | 4.775 max

train losses     46:	 0.367	 0.397	0.3848	0.3873	0.4516	0.4504	0.4552	0.4261	0.7216	0.7526	 1.296	 1.264	
val losses       46:	0.2746	 0.276	0.3405	0.3226	0.5205	0.5156	0.4135	0.4065	0.7704	0.7671	 1.212	  1.21	 | 0.5858 mean
                     	0.7169	0.7469	0.8531	0.8354	 1.374	  1.44	 1.017	 1.032	 1.831	 1.897	 3.166	 3.115	 | 1.873 quantile
                      	  2.34	 2.555	 2.119	   3.0	 4.631	 3.466	 1.751	 2.814	 3.078	 3.464	 4.659	 4.463	 | 4.659 max

train losses     48:	 0.422	0.4523	0.4196	0.4139	0.5128	0.5273	0.4759	0.4617	 1.027	 1.006	 1.332	 1.338	
val losses       48:	0.3008	0.3299	0.3406	0.3248	0.5944	0.6027	 0.432	0.4169	 1.006	 1.017	 1.275	 1.247	 | 0.6572 mean
                     	0.7853	0.8946	0.8579	0.8395	 1.655	  1.65	 1.054	 1.053	 2.385	 2.569	 3.124	 3.104	 | 2.161 quantile
                      	 2.123	 3.233	 2.291	 3.052	 4.742	 3.657	 1.776	 2.759	 3.584	 3.735	 5.448	 4.631	 | 5.448 max

train losses     50:	  0.52	0.5716	0.4238	0.4118	0.5394	 0.522	0.4751	0.4726	 1.071	 1.133	 1.213	 1.182	
val losses       50:	 0.339	 0.366	0.3443	0.3218	0.6844	0.6419	0.4602	0.4459	 1.393	 1.407	 1.313	 1.234	 | 0.7459 mean
                     	0.9092	 1.009	 0.874	0.8395	  1.95	 1.874	 1.112	 1.132	 3.539	 3.496	 3.119	 3.091	 | 2.507 quantile
                      	 2.467	 3.972	 2.254	  2.95	 5.619	 4.496	 1.897	 2.653	  5.49	 5.716	 6.361	 5.306	 | 6.361 max

train losses     52:	0.4736	0.5042	0.4119	0.4072	0.5281	0.5211	0.4756	0.4686	  0.83	0.8327	 1.196	 1.166	
val losses       52:	0.3304	0.3621	0.3466	0.3234	0.6601	0.6065	0.4362	0.4404	 1.372	 1.377	 1.295	 1.237	 | 0.7322 mean
                     	 0.937	 1.033	0.8694	0.8404	 1.869	   1.8	 1.123	  1.16	 3.418	 3.467	 3.079	 3.024	 | 2.445 quantile
                      	 3.083	 3.778	 2.192	 3.021	  5.61	 4.208	 1.922	 2.785	 5.165	 5.173	  6.21	 5.109	 | 6.21 max

train losses     54:	0.4223	0.4534	 0.399	   0.4	0.4874	0.4774	0.4629	0.4583	 0.707	  0.71	 1.067	 1.047	
val losses       54:	0.3294	0.3396	0.3399	0.3181	0.5982	0.5502	 0.442	0.4351	0.9584	0.9506	 1.132	 1.132	 | 0.6271 mean
                     	0.9032	0.9432	0.8542	0.8321	 1.627	 1.588	 1.144	  1.13	 2.449	 2.438	 2.799	 2.818	 | 1.999 quantile
                      	 2.646	 3.328	 2.242	 3.033	 4.603	 3.447	 2.005	 2.934	 3.955	 3.871	 4.805	 4.598	 | 4.805 max

train losses     56:	 0.392	0.4137	0.3849	0.3858	0.4389	0.4431	0.4374	0.4322	0.6183	 0.622	0.9631	0.9583	
val losses       56:	 0.313	0.3472	0.3358	0.3188	0.5455	0.5096	0.4299	0.4223	 0.713	0.7098	 1.077	 1.082	 | 0.567 mean
                     	0.8717	 0.943	0.8411	0.8304	 1.498	 1.468	  1.09	 1.085	 1.724	 1.755	 2.748	 2.697	 | 1.721 quantile
                      	 2.498	  2.86	 2.374	 3.007	 4.047	 3.155	 1.987	 2.806	 2.703	 2.603	 4.682	 4.644	 | 4.682 max

train losses     58:	0.3658	0.3848	0.3725	0.3705	0.4173	 0.418	0.4198	0.4178	0.5614	0.5706	0.9027	0.8985	
val losses       58:	0.2938	0.3098	0.3327	0.3136	0.5285	 0.492	0.4306	0.4174	0.6359	0.6117	 1.054	 1.052	 | 0.5393 mean
                     	0.8182	0.8461	0.8294	0.8282	 1.423	 1.413	 1.079	 1.076	 1.521	   1.5	 2.769	 2.701	 | 1.617 quantile
                      	 2.421	 2.683	 2.218	 3.038	 3.816	  2.94	 1.881	 2.779	 2.656	 2.396	 4.721	  4.57	 | 4.721 max

train losses     60:	0.3472	0.3596	0.3656	0.3627	 0.398	0.4022	0.4086	0.4097	0.5423	0.5434	0.8657	0.8639	
val losses       60:	 0.284	0.2893	0.3312	0.3109	0.4952	0.4692	0.4207	0.4088	0.6425	0.6155	 1.024	 1.023	 | 0.5262 mean
                     	0.7782	0.7856	0.8273	0.8219	 1.361	  1.34	 1.056	 1.056	 1.513	 1.498	 2.658	 2.599	 | 1.566 quantile
                      	  2.15	 2.523	 2.145	  3.07	 3.627	 2.763	 1.801	 2.948	 2.712	 2.377	 4.445	 4.251	 | 4.445 max

train losses     62:	0.3321	0.3426	  0.36	0.3574	0.3868	 0.389	0.3974	0.3991	0.5266	0.5321	0.8361	0.8329	
val losses       62:	0.2706	0.2689	0.3302	0.3098	0.4748	0.4505	0.4178	 0.407	0.6397	 0.607	0.9904	0.9912	 | 0.5132 mean
                     	0.7366	0.7412	 0.822	0.8176	 1.314	 1.263	 1.048	 1.042	 1.522	 1.456	 2.635	 2.541	 | 1.541 quantile
                      	 1.992	 2.362	 2.184	 3.069	 3.609	 2.687	 1.777	 2.859	 2.758	 2.312	 4.013	 4.294	 | 4.294 max

train losses     64:	0.3192	0.3297	0.3561	0.3542	 0.377	0.3809	0.3913	0.3936	0.5171	 0.519	0.8123	0.8095	
val losses       64:	0.2597	0.2578	0.3293	0.3084	0.4629	0.4381	0.4154	0.4074	0.6213	0.5658	0.9876	0.9901	 | 0.5037 mean
                     	0.7102	0.6991	0.8224	0.8131	 1.246	 1.231	 1.048	 1.038	 1.457	 1.332	 2.597	 2.527	 | 1.505 quantile
                      	 1.968	 2.048	 2.191	 3.009	 3.415	 2.548	 1.752	 2.832	 2.878	 2.226	 3.929	 4.115	 | 4.115 max

train losses     66:	0.3126	0.3238	0.3538	  0.35	0.3708	0.3738	0.3877	0.3876	0.5079	0.5089	0.7961	0.7918	
val losses       66:	0.2492	0.2491	0.3279	0.3072	0.4539	0.4309	0.4119	0.4049	0.6059	0.5369	 0.973	0.9757	 | 0.4939 mean
                     	0.6787	0.6665	0.8213	0.8146	 1.218	 1.218	 1.029	 1.027	 1.416	 1.245	 2.604	 2.516	 | 1.475 quantile
                      	 2.089	 2.041	  2.18	 3.027	 3.305	 2.422	 1.729	 2.836	 2.789	 2.236	 3.926	 4.127	 | 4.127 max

train losses     68:	 0.306	0.3192	0.3514	0.3479	 0.365	0.3677	0.3827	0.3833	0.5022	0.5054	  0.78	0.7755	
val losses       68:	0.2424	0.2402	0.3268	0.3062	0.4419	0.4186	0.4061	0.3998	0.5934	 0.525	0.9728	0.9741	 | 0.4873 mean
                     	0.6531	0.6409	0.8161	0.8083	 1.181	 1.169	 1.014	 1.018	  1.37	  1.23	 2.545	 2.477	 | 1.447 quantile
                      	 2.159	 2.125	 2.166	  3.06	 3.311	 2.366	 1.694	  2.88	 2.743	 2.217	 3.922	  4.13	 | 4.13 max

train losses     70:	 0.302	0.3149	0.3478	0.3448	0.3615	0.3622	0.3777	0.3777	0.4984	0.5005	0.7627	0.7602	
val losses       70:	0.2386	0.2329	0.3259	0.3058	0.4336	0.4102	0.4028	0.3971	 0.588	0.5186	0.9636	0.9673	 | 0.482 mean
                     	0.6333	0.6266	0.8115	0.8055	 1.154	 1.147	 1.005	 1.012	 1.356	 1.214	 2.584	 2.528	 | 1.429 quantile
                      	   2.2	 2.078	 2.137	 3.065	 3.258	 2.355	  1.71	 2.947	 2.797	 2.239	 3.906	 4.089	 | 4.089 max

train losses     72:	0.2993	0.3136	0.3453	0.3436	0.3573	0.3579	0.3734	0.3741	0.4936	0.4965	0.7508	0.7476	
val losses       72:	0.2357	 0.228	0.3249	0.3054	0.4291	0.4047	0.4013	0.3947	0.5877	0.5164	0.9691	0.9733	 | 0.4809 mean
                     	0.6342	0.6153	0.8132	0.8074	 1.139	 1.133	0.9957	 1.003	 1.348	 1.203	  2.56	 2.506	 | 1.425 quantile
                      	 2.068	 2.028	  2.14	  3.06	 3.218	  2.29	 1.757	 2.938	 2.733	 2.192	 3.913	 3.975	 | 3.975 max

train losses     74:	0.2953	0.3094	0.3446	0.3418	 0.353	0.3556	0.3695	  0.37	0.4909	 0.492	0.7337	0.7312	
val losses       74:	 0.234	0.2265	 0.324	 0.305	0.4259	0.4004	0.4006	0.3928	0.5845	0.5104	0.9661	0.9692	 | 0.4783 mean
                     	0.6333	0.6162	0.8141	0.8067	 1.121	  1.12	0.9832	 1.005	 1.367	 1.195	 2.536	 2.447	 | 1.426 quantile
                      	 2.157	 2.077	  2.14	 3.085	  3.19	 2.239	 1.824	 2.932	 2.596	 2.182	 3.867	 3.986	 | 3.986 max

train losses     76:	0.2908	0.3067	0.3424	0.3394	0.3506	0.3532	0.3679	0.3666	0.4897	  0.49	0.7247	0.7208	
val losses       76:	0.2329	0.2233	0.3235	0.3041	 0.421	0.3972	0.3993	0.3927	0.5862	0.5096	0.9601	0.9618	 | 0.476 mean
                     	0.6304	0.6104	0.8113	0.8042	 1.119	 1.103	0.9797	 1.004	 1.372	 1.188	 2.555	 2.475	 | 1.417 quantile
                      	 2.137	 2.126	 2.134	 3.085	 3.143	 2.227	 1.806	 3.008	 2.627	 2.148	 3.828	  4.04	 | 4.04 max

train losses     78:	0.2905	0.3049	0.3406	 0.338	0.3474	0.3507	0.3652	0.3638	0.4845	0.4871	0.7091	0.7059	
val losses       78:	0.2302	0.2198	0.3234	0.3038	0.4163	0.3916	0.3992	0.3919	0.5901	 0.509	0.9631	0.9656	 | 0.4753 mean
                     	0.6189	0.5971	0.8105	0.8029	 1.098	 1.085	0.9746	 1.002	 1.365	 1.171	 2.521	 2.433	 | 1.413 quantile
                      	 2.138	 2.001	 2.118	 3.068	 3.094	  2.16	 1.828	 3.008	 2.692	 2.143	 3.883	 4.045	 | 4.045 max

train losses     80:	0.2894	0.3021	0.3396	0.3367	0.3443	0.3473	0.3614	0.3613	0.4817	0.4848	0.6979	0.6948	
val losses       80:	0.2295	0.2175	0.3226	0.3033	0.4083	0.3848	 0.398	0.3902	0.5875	0.5049	0.9558	0.9575	 | 0.4717 mean
                     	0.6204	0.5901	0.8125	0.8009	 1.078	 1.063	0.9691	0.9936	  1.37	 1.178	 2.529	 2.461	 | 1.408 quantile
                      	 2.186	 2.045	 2.118	  3.05	 3.108	 2.165	 1.826	 3.041	  2.63	 2.153	 3.803	 4.055	 | 4.055 max

train losses     82:	0.2869	0.2997	 0.338	0.3347	0.3421	 0.343	  0.36	0.3583	0.4798	0.4827	0.6889	0.6832	
val losses       82:	0.2283	0.2141	0.3222	0.3028	0.4027	0.3795	0.3975	0.3899	0.5869	0.5071	0.9609	0.9609	 | 0.4711 mean
                     	0.6204	 0.576	0.8119	0.8026	  1.06	 1.049	0.9711	0.9958	 1.371	 1.173	  2.52	 2.414	 | 1.399 quantile
                      	 2.232	 2.012	 2.104	 3.042	 3.022	 2.045	  1.87	 2.999	 2.646	 2.111	 3.875	 4.043	 | 4.043 max

train losses     84:	0.2841	0.2981	0.3364	0.3327	0.3394	0.3434	0.3579	0.3576	0.4774	0.4798	0.6741	0.6724	
val losses       84:	0.2263	0.2146	0.3221	0.3024	0.3978	0.3735	0.3963	0.3874	0.5854	0.5066	0.9518	0.9528	 | 0.4681 mean
                     	0.6163	0.5785	0.8132	0.7981	 1.039	 1.026	0.9622	 0.984	 1.374	 1.172	 2.505	 2.408	 | 1.394 quantile
                      	 2.245	 2.012	 2.111	 3.026	 2.986	 2.018	 1.875	 2.928	 2.642	 2.183	 3.922	 4.119	 | 4.119 max

train losses     86:	 0.283	0.2965	0.3346	0.3309	 0.337	0.3389	0.3552	0.3546	0.4742	0.4773	0.6651	 0.664	
val losses       86:	0.2254	0.2117	0.3217	0.3017	0.3943	0.3712	0.3955	0.3871	0.5872	0.5049	0.9392	0.9405	 | 0.465 mean
                     	0.6148	 0.575	 0.812	0.7971	 1.037	 1.013	0.9593	0.9786	 1.369	 1.167	 2.484	 2.419	 | 1.38 quantile
                      	 2.239	  1.97	  2.09	 3.026	 2.929	 1.989	 1.863	 2.996	 2.649	 2.133	 3.945	 3.925	 | 3.945 max

train losses     88:	0.2808	0.2947	0.3333	  0.33	0.3331	0.3362	0.3542	0.3528	0.4733	0.4728	0.6523	0.6517	
val losses       88:	0.2246	0.2102	0.3218	0.3012	0.3924	0.3672	0.3947	0.3859	0.5854	0.5016	0.9413	0.9414	 | 0.464 mean
                     	0.6136	0.5711	0.8095	0.7984	 1.028	 1.004	0.9608	 0.978	 1.372	 1.162	 2.455	 2.386	 | 1.385 quantile
                      	 2.281	 1.853	 2.102	 3.028	  2.96	 2.004	 1.883	 3.011	 2.672	  2.18	 3.928	 4.034	 | 4.034 max

train losses     90:	0.2803	0.2931	0.3325	0.3289	0.3319	0.3353	0.3507	0.3497	0.4717	0.4706	0.6429	0.6416	
val losses       90:	0.2252	0.2097	0.3215	0.3012	0.3894	0.3624	0.3948	0.3867	0.5838	0.4988	 0.959	0.9563	 | 0.4657 mean
                     	0.6175	 0.573	  0.81	0.7967	 1.021	0.9881	0.9608	0.9871	 1.371	 1.151	 2.485	 2.385	 | 1.389 quantile
                      	 2.297	 1.825	   2.1	  3.05	 2.962	 2.015	 1.885	 3.015	 2.674	 2.258	 4.056	 4.129	 | 4.129 max

train losses     92:	0.2775	0.2906	0.3307	0.3272	 0.329	0.3313	0.3489	0.3468	0.4676	0.4703	0.6439	0.6449	
val losses       92:	0.2247	0.2115	0.3214	0.3009	0.3855	0.3635	0.3937	0.3854	0.5833	0.4987	0.9212	0.9243	 | 0.4595 mean
                     	0.6148	0.5722	0.8094	0.7918	 1.009	0.9709	0.9545	 0.972	 1.369	 1.138	 2.538	 2.488	 | 1.364 quantile
                      	 2.308	 1.974	 2.121	  3.03	 2.884	  1.94	 1.934	 3.025	 2.582	 2.177	 4.132	 4.372	 | 4.372 max

train losses     94:	0.2761	0.2896	0.3288	0.3255	0.3282	0.3304	 0.348	0.3464	0.4646	0.4665	0.6641	0.6605	
val losses       94:	0.2218	0.2094	0.3217	0.3004	0.3828	0.3556	0.3929	0.3849	0.5817	0.4975	0.9332	0.9312	 | 0.4594 mean
                     	0.6026	0.5715	0.8083	 0.789	 0.998	0.9649	0.9579	0.9691	 1.364	 1.149	 2.516	 2.439	 | 1.378 quantile
                      	 2.275	 1.914	 2.112	 3.009	 2.856	 1.889	 1.967	  3.01	 2.569	 2.163	 4.146	 4.253	 | 4.253 max

train losses     96:	0.2751	0.2886	 0.329	0.3235	0.3283	0.3304	0.3464	0.3452	0.4636	0.4655	0.6921	0.6871	
val losses       96:	0.2213	0.2086	0.3209	0.3003	0.3835	 0.351	0.3936	0.3865	0.5787	0.5027	 1.123	 1.102	 | 0.4894 mean
                     	0.6077	0.5729	0.8097	0.7883	0.9989	0.9641	0.9578	0.9895	 1.353	 1.158	 2.579	 2.531	 | 1.546 quantile
                      	 2.328	 1.954	 2.113	 2.966	 2.878	 1.891	 1.899	 3.055	 2.669	 2.342	 4.298	 4.317	 | 4.317 max

train losses     98:	0.2748	0.2885	 0.327	0.3224	0.3249	0.3268	0.3459	0.3447	  0.46	0.4632	0.7528	0.7548	
val losses       98:	0.2207	 0.212	0.3208	0.2999	0.3822	0.3609	0.3932	0.3841	0.5829	0.4986	 1.022	 1.022	 | 0.475 mean
                     	0.6032	0.5698	0.8102	0.7878	 1.012	0.9575	0.9458	0.9573	 1.357	 1.132	 2.627	 2.582	 | 1.466 quantile
                      	 2.224	 1.987	 2.117	 3.013	 2.813	  1.87	 1.937	  3.03	 2.592	 2.066	 4.317	 4.278	 | 4.317 max

train losses    100:	0.2772	0.2915	0.3271	0.3226	 0.327	0.3297	0.3459	 0.344	0.4613	0.4617	0.7772	0.7721	
val losses      100:	0.2213	0.2075	0.3201	0.2995	0.3867	0.3548	0.3936	0.3861	0.5775	 0.494	 1.057	 1.036	 | 0.4779 mean
                     	0.6049	 0.565	0.8027	0.7866	 1.012	0.9759	 0.959	0.9823	 1.354	 1.174	 2.506	 2.449	 | 1.477 quantile
                      	 2.201	 1.896	 2.132	 3.015	 2.942	 1.963	 1.865	 3.008	 2.604	 2.234	 4.138	 4.137	 | 4.138 max

train losses    102:	0.2778	0.2888	0.3273	0.3227	 0.327	0.3287	 0.345	0.3444	0.4585	0.4607	0.7106	0.7107	
val losses      102:	0.2209	0.2095	0.3205	0.2996	 0.381	0.3544	0.3933	0.3852	0.5857	0.5061	0.9414	0.9339	 | 0.4609 mean
                     	0.6053	0.5738	0.8018	0.7867	  1.01	 0.962	0.9516	0.9717	 1.357	  1.16	 2.551	 2.429	 | 1.385 quantile
                      	 2.158	 1.979	  2.15	 3.007	 2.806	 1.896	 1.873	 3.021	 2.613	 2.135	  3.62	 3.848	 | 3.848 max

train losses    104:	0.2761	0.2862	0.3256	0.3208	0.3245	 0.329	0.3421	0.3398	 0.459	0.4597	 0.637	0.6327	
val losses      104:	0.2193	0.2026	0.3203	0.2988	0.3778	0.3475	0.3927	0.3856	0.5779	0.4832	 1.007	0.9993	 | 0.4677 mean
                     	0.5998	0.5419	0.8047	0.7889	0.9915	0.9467	0.9503	0.9921	 1.359	 1.146	 2.515	 2.444	 | 1.426 quantile
                      	 2.228	 1.937	 2.176	 3.013	 2.847	 1.893	 1.932	 2.994	 2.575	 2.255	 4.085	 3.997	 | 4.085 max

train losses    106:	0.2735	0.2849	0.3247	0.3189	0.3214	 0.324	0.3386	0.3367	0.4591	0.4585	 0.613	0.6103	
val losses      106:	0.2169	0.1991	0.3197	0.2985	0.3744	0.3475	0.3891	0.3817	0.5819	0.4974	0.9316	0.9287	 | 0.4555 mean
                     	0.5937	 0.534	 0.806	0.7874	0.9721	0.9254	0.9472	0.9688	 1.363	 1.139	  2.49	 2.369	 | 1.36 quantile
                      	  2.27	 1.872	 2.117	 3.016	 2.741	 1.807	 1.963	 3.094	 2.636	 2.257	 3.846	 3.946	 | 3.946 max

train losses    108:	0.2698	0.2812	0.3225	0.3175	0.3187	0.3241	0.3366	0.3358	0.4551	0.4571	0.5948	0.5908	
val losses      108:	0.2285	0.2089	0.3191	0.2972	0.3781	0.3468	0.3887	  0.38	 0.579	0.4902	0.9114	0.9113	 | 0.4533 mean
                     	 0.617	 0.566	0.8045	0.7839	  0.97	0.9275	0.9556	0.9659	 1.363	  1.16	 2.482	 2.398	 | 1.348 quantile
                      	 2.255	 1.992	 2.145	 3.024	 2.807	 1.794	 2.015	 3.092	 2.598	 2.248	 3.991	 4.137	 | 4.137 max

train losses    110:	0.2702	0.2824	0.3219	0.3165	0.3188	0.3215	0.3345	0.3335	0.4509	0.4534	0.6182	0.6128	
val losses      110:	0.2184	0.2025	0.3192	0.2974	0.3761	0.3449	0.3879	 0.381	0.5765	0.5003	0.9488	0.9361	 | 0.4574 mean
                     	0.5985	0.5505	0.8032	0.7812	0.9765	0.9271	0.9532	 0.971	 1.343	 1.163	 2.422	 2.343	 | 1.382 quantile
                      	 2.168	 1.874	 2.131	 3.026	 2.699	 1.808	 2.035	 3.076	 2.575	 2.279	 3.714	 3.959	 | 3.959 max

train losses    112:	0.2688	 0.279	0.3208	0.3157	0.3166	0.3209	0.3331	0.3311	0.4493	0.4519	0.6054	0.6024	
val losses      112:	0.2162	0.2011	0.3191	 0.297	0.3747	0.3377	0.3883	0.3802	0.5757	0.4987	0.9664	0.9568	 | 0.4593 mean
                     	0.5976	0.5521	   0.8	0.7799	 0.953	0.9095	0.9588	0.9666	 1.348	 1.148	 2.422	 2.349	 | 1.386 quantile
                      	 2.237	 1.863	 2.139	 3.039	 2.712	 1.864	 1.963	 3.068	 2.556	  2.36	 4.036	 4.108	 | 4.108 max

train losses    114:	0.2671	0.2807	0.3201	0.3145	0.3179	0.3243	0.3317	0.3293	0.4479	0.4482	0.5971	0.5963	
val losses      114:	0.2161	 0.199	0.3189	0.2967	0.3666	 0.334	0.3877	0.3798	 0.575	0.4905	0.8997	0.8995	 | 0.447 mean
                     	0.5919	0.5434	   0.8	0.7786	0.9237	 0.886	0.9542	 0.964	 1.351	 1.132	 2.431	  2.32	 | 1.316 quantile
                      	 2.231	 1.796	  2.14	 3.009	 2.626	 1.747	  1.95	 3.137	 2.555	 2.254	 3.921	 4.061	 | 4.061 max

train losses    116:	0.2658	0.2769	0.3191	0.3136	0.3168	0.3207	 0.331	0.3301	0.4497	0.4469	0.6023	0.5996	
val losses      116:	0.2158	   0.2	0.3185	0.2961	0.3662	0.3327	0.3873	0.3793	0.5742	0.4852	0.8926	0.8899	 | 0.4448 mean
                     	0.5854	0.5435	0.7987	0.7766	0.9253	 0.882	0.9605	0.9594	 1.349	 1.129	 2.419	 2.344	 | 1.328 quantile
                      	 2.237	 1.794	 2.156	 3.028	 2.592	  1.68	 1.975	 3.132	 2.532	 2.343	 3.847	   4.0	 | 4.0 max

train losses    118:	0.2644	0.2775	 0.318	0.3126	0.3128	0.3193	0.3303	0.3283	0.4495	0.4512	0.6073	0.6039	
val losses      118:	0.2141	0.1976	0.3187	0.2963	0.3659	0.3314	0.3872	 0.381	0.5747	0.4931	 1.047	 1.027	 | 0.4695 mean
                     	0.5991	0.5287	0.8009	0.7744	0.9388	0.9043	 0.959	 0.974	 1.346	 1.148	 2.491	 2.421	 | 1.453 quantile
                      	 2.217	 1.776	 2.147	 2.997	 2.619	 1.728	 1.947	 3.115	 2.656	  2.46	 4.321	 4.423	 | 4.423 max

train losses    120:	0.2671	0.2771	0.3179	0.3121	0.3127	0.3193	0.3289	0.3268	0.4517	0.4578	0.6546	 0.651	
val losses      120:	0.2127	0.2007	0.3182	0.2961	0.3689	0.3302	 0.386	0.3775	0.5771	0.4987	0.9285	0.9221	 | 0.4514 mean
                     	0.5894	0.5447	0.7994	 0.775	0.9441	0.8929	0.9558	0.9597	 1.345	 1.181	 2.417	 2.341	 | 1.346 quantile
                      	 2.216	 1.797	  2.14	 3.038	 2.652	 1.834	 2.042	 3.062	 2.638	 2.497	 3.828	 3.979	 | 3.979 max

train losses    122:	0.2646	0.2752	0.3169	0.3115	0.3085	0.3147	0.3276	 0.325	0.4557	0.4588	0.6372	0.6383	
val losses      122:	0.2123	0.1972	0.3178	0.2959	0.3598	 0.334	0.3858	 0.378	0.5802	0.4878	0.9029	0.9036	 | 0.4463 mean
                     	0.5875	  0.53	0.8032	0.7793	0.9374	0.8926	0.9505	0.9531	 1.354	 1.147	 2.512	 2.446	 | 1.344 quantile
                      	 2.146	 1.682	 2.125	 3.023	 2.573	 1.693	 2.004	 3.144	 2.577	 2.363	 3.957	 4.105	 | 4.105 max

train losses    124:	0.2652	0.2738	0.3155	0.3103	0.3065	0.3125	0.3252	0.3229	0.4612	0.4599	0.5862	0.5851	
val losses      124:	0.2117	 0.197	0.3182	0.2955	0.3603	0.3268	0.3862	0.3788	0.5812	0.4979	0.9373	0.9207	 | 0.451 mean
                     	0.5866	0.5301	0.8005	0.7747	0.9297	0.8764	0.9544	0.9579	 1.357	 1.159	 2.412	 2.332	 | 1.375 quantile
                      	 2.186	 1.724	 2.145	 3.018	  2.57	  1.73	 2.121	 3.137	 2.614	 2.463	  3.77	 3.906	 | 3.906 max

train losses    126:	 0.267	0.2747	0.3151	0.3093	0.3084	0.3119	0.3245	0.3225	0.4697	 0.473	0.5732	0.5703	
val losses      126:	 0.213	0.1975	0.3185	0.2955	0.3597	0.3344	0.3869	0.3789	0.5845	0.5026	0.9497	0.9391	 | 0.455 mean
                     	0.5909	0.5273	0.8001	0.7731	0.9467	0.8771	0.9522	0.9621	 1.374	 1.189	 2.496	 2.409	 | 1.37 quantile
                      	 2.166	 1.655	 2.167	 3.049	 2.604	  1.68	 2.073	 3.146	 2.517	 2.528	 3.962	 4.133	 | 4.133 max

train losses    128:	0.2671	 0.277	0.3143	0.3084	0.3065	  0.31	 0.324	0.3221	0.4703	0.4737	0.6378	0.6342	
val losses      128:	0.2122	0.1991	0.3177	0.2948	0.3605	0.3291	0.3852	 0.377	0.5886	0.5089	0.9339	0.9273	 | 0.4529 mean
                     	0.5862	0.5415	0.7961	0.7767	0.9465	0.8733	0.9456	0.9624	 1.393	 1.204	 2.496	 2.442	 | 1.382 quantile
                      	 2.145	 1.771	 2.168	 3.034	 2.688	 1.725	 2.071	 3.101	 2.564	 2.662	 4.121	  4.34	 | 4.34 max

train losses    130:	0.2667	0.2739	0.3141	0.3074	0.3059	0.3082	0.3215	0.3195	0.4705	0.4725	0.5672	0.5678	
val losses      130:	0.2145	0.1999	0.3176	0.2948	0.3604	0.3319	0.3838	0.3763	  0.59	0.5097	0.9185	0.9066	 | 0.4503 mean
                     	0.5912	0.5389	0.8027	0.7724	0.9462	 0.878	0.9518	0.9579	  1.41	 1.225	 2.397	 2.302	 | 1.376 quantile
                      	 2.156	 1.686	 2.129	  3.01	 2.578	 1.708	 2.085	 3.151	 2.531	 2.663	 3.632	 3.801	 | 3.801 max

train losses    132:	0.2651	0.2764	0.3134	0.3072	 0.307	0.3135	0.3211	 0.319	0.4733	0.4714	0.5568	0.5584	
val losses      132:	0.2143	0.1992	0.3181	0.2951	 0.357	0.3318	0.3833	0.3758	0.5804	0.5011	0.8983	0.8914	 | 0.4455 mean
                     	0.5932	 0.541	0.8025	 0.776	0.9413	0.8691	0.9469	0.9618	 1.361	  1.19	 2.417	 2.323	 | 1.341 quantile
                      	 2.198	 1.754	 2.144	 3.011	 2.581	 1.725	 2.086	 3.198	 2.668	 2.607	  3.66	 3.785	 | 3.785 max

train losses    134:	0.2664	0.2735	 0.313	0.3066	0.3109	0.3154	0.3193	0.3169	0.4598	0.4609	0.5596	0.5571	
val losses      134:	0.2129	0.1949	0.3176	0.2945	 0.359	0.3381	 0.382	0.3749	0.5795	0.4958	0.9639	0.9532	 | 0.4555 mean
                     	0.5861	0.5241	0.7973	0.7714	0.9428	0.8865	0.9488	0.9513	 1.369	 1.178	 2.447	 2.361	 | 1.389 quantile
                      	 2.151	 1.705	 2.135	 3.029	 2.512	 1.625	 2.143	 3.148	 2.572	  2.65	 3.997	 4.014	 | 4.014 max

train losses    136:	0.2641	0.2737	0.3125	 0.306	0.3158	0.3216	0.3197	0.3181	0.4486	0.4505	 0.622	0.6238	
val losses      136:	0.2112	0.1944	0.3167	0.2938	0.3577	0.3354	0.3814	0.3734	0.5754	0.5001	0.9097	 0.904	 | 0.4461 mean
                     	0.5809	0.5362	0.7974	0.7738	 0.952	0.8905	0.9464	0.9589	 1.359	 1.169	 2.429	 2.359	 | 1.344 quantile
                      	 2.228	 1.764	 2.117	 3.022	 2.569	 1.702	 2.035	 3.234	 2.549	 2.448	 4.008	 4.128	 | 4.128 max

train losses    138:	0.2653	0.2745	0.3104	0.3047	0.3174	 0.324	0.3176	 0.316	 0.444	 0.443	0.5566	0.5546	
val losses      138:	0.2141	 0.198	0.3171	0.2946	0.3642	0.3407	0.3821	0.3749	0.5793	0.5161	 0.912	0.9013	 | 0.4495 mean
                     	0.5891	 0.545	0.7951	0.7704	0.9606	0.9101	0.9538	0.9582	 1.354	 1.215	 2.439	 2.299	 | 1.353 quantile
                      	 2.137	 1.748	 2.155	 3.009	 2.579	 1.753	 2.054	  3.19	 2.635	 2.406	 3.764	 3.739	 | 3.764 max

train losses    140:	0.2613	0.2733	0.3096	0.3038	0.3216	0.3286	0.3175	0.3162	0.4456	0.4469	0.5465	0.5451	
val losses      140:	0.2111	 0.196	0.3173	0.2945	0.3632	 0.336	 0.384	 0.377	 0.576	0.4993	 0.913	0.9078	 | 0.4479 mean
                     	0.5927	0.5318	0.7994	0.7764	0.9564	0.8953	0.9463	0.9594	 1.355	 1.172	 2.443	 2.359	 | 1.34 quantile
                      	 2.096	 1.798	 2.149	 3.046	 2.612	 1.673	 2.155	  3.15	 2.661	 2.481	 3.955	 4.077	 | 4.077 max

train losses    142:	0.2647	0.2764	0.3103	0.3037	 0.327	0.3337	0.3172	0.3143	0.4525	0.4515	0.6082	0.6051	
val losses      142:	0.2116	0.1923	0.3167	0.2934	0.3636	0.3376	0.3837	0.3756	0.5817	0.5116	0.9326	0.9255	 | 0.4522 mean
                     	0.5858	0.5356	0.7988	0.7703	0.9687	0.9106	0.9533	 0.955	 1.371	 1.201	 2.459	 2.384	 | 1.369 quantile
                      	 2.168	 1.734	  2.14	 3.031	 2.627	 1.689	 2.139	  3.15	 2.476	 2.455	 4.219	 4.291	 | 4.291 max

train losses    144:	 0.266	0.2752	0.3089	0.3031	0.3293	0.3365	0.3158	0.3145	0.4462	0.4446	0.5734	0.5724	
val losses      144:	0.2165	0.1995	0.3165	0.2934	0.3733	 0.344	0.3828	0.3747	0.5882	0.5195	0.8978	0.8924	 | 0.4499 mean
                     	0.5916	0.5531	0.7974	0.7718	0.9957	0.9366	0.9465	 0.944	 1.389	 1.198	 2.474	 2.356	 | 1.346 quantile
                      	 2.001	 1.717	 2.145	 3.003	 2.714	 1.783	 2.114	 3.194	 2.625	 2.343	 3.827	  3.92	 | 3.92 max

train losses    146:	0.2567	0.2677	0.3088	0.3029	0.3034	0.3096	0.3153	0.3131	0.4465	 0.448	0.5438	0.5452	
val losses      146:	0.2201	0.2094	0.3162	0.2932	0.3887	 0.351	0.3807	0.3726	0.5873	0.5313	0.9396	0.9272	 | 0.4598 mean
                     	0.6055	 0.592	0.7951	0.7728	 1.016	0.9661	0.9498	0.9467	 1.386	 1.249	 2.426	 2.321	 | 1.381 quantile
                      	 2.075	 1.881	  2.15	 3.027	 2.825	 1.951	 2.136	 3.168	 2.671	 2.373	  3.84	 3.812	 | 3.84 max

train losses    148:	0.2546	0.2664	0.3076	0.3011	0.2981	0.3026	0.3112	0.3107	0.4563	0.4473	0.6149	0.6147	
val losses      148:	 0.214	0.1954	0.3156	0.2921	0.3673	0.3329	0.3799	0.3717	0.5776	0.5107	0.9337	0.9271	 | 0.4515 mean
                     	0.5896	0.5449	 0.792	0.7674	0.9653	0.9126	0.9474	0.9408	 1.359	 1.193	 2.501	 2.426	 | 1.366 quantile
                      	 2.095	 1.811	 2.157	 2.997	 2.654	 1.776	 2.116	 3.147	 2.535	 2.215	 4.082	 4.297	 | 4.297 max

train losses    150:	0.2566	0.2684	0.3082	0.3016	0.2999	0.3077	0.3123	0.3109	0.4609	0.4573	0.6875	0.6935	
val losses      150:	0.2159	0.1938	0.3155	0.2916	0.3612	0.3257	0.3788	 0.371	0.5909	0.5266	0.9212	0.9129	 | 0.4504 mean
                     	 0.581	0.5354	0.7927	0.7714	0.9547	0.8847	0.9409	0.9465	 1.371	  1.21	 2.493	 2.404	 | 1.349 quantile
                      	 2.083	 1.695	 2.193	 2.989	 2.549	 1.734	 2.109	 3.178	 2.647	 2.156	 3.976	 4.111	 | 4.111 max

train losses    152:	0.2624	0.2707	 0.308	0.3013	0.3069	0.3139	0.3181	0.3175	0.5049	0.4866	 0.756	0.7593	
val losses      152:	0.2207	0.2086	0.3162	0.2932	0.3708	0.3355	0.3808	0.3727	0.6159	0.5811	 1.012	0.9928	 | 0.475 mean
                     	0.6083	0.5782	0.7957	 0.771	0.9735	0.9076	0.9455	0.9433	 1.446	 1.339	 2.419	 2.385	 | 1.425 quantile
                      	 2.125	 1.978	 2.153	 3.021	 2.688	 1.897	 2.016	 3.135	 2.761	 2.163	 3.921	 3.827	 | 3.921 max

train losses    154:	 0.281	0.2983	0.3155	0.3086	0.3388	0.3419	0.3445	0.3434	0.5728	0.5517	 1.151	 1.178	
val losses      154:	0.2369	0.2595	0.3267	0.3045	0.4129	0.3914	0.3968	0.3897	0.6665	0.6697	 1.338	 1.287	 | 0.5566 mean
                     	0.6517	0.7325	 0.812	0.7889	 1.081	 1.069	0.9972	0.9755	  1.57	 1.631	 3.036	 2.977	 | 1.814 quantile
                      	 2.035	  2.04	 2.277	 2.995	 3.123	 2.312	 2.099	 3.025	  2.97	 3.439	 5.911	 5.315	 | 5.911 max

train losses    156:	0.4359	0.5274	 0.358	0.3531	0.6317	0.6454	0.4463	0.4486	0.9425	0.9886	 1.819	 1.831	
val losses      156:	0.3082	0.4729	0.3961	0.3731	0.6418	0.6354	0.4183	0.4255	 1.179	 1.189	 1.275	 1.227	 | 0.7118 mean
                     	 0.847	 1.324	0.9735	0.9416	 1.902	 1.821	 1.069	 1.109	 3.218	 3.305	  3.09	 2.982	 | 2.273 quantile
                      	 2.516	 3.786	 2.488	 3.077	 4.907	 4.192	 1.968	 2.899	 5.689	 5.812	 5.712	 4.766	 | 5.812 max

train losses    158:	0.5868	0.5309	0.3873	0.3792	0.6195	0.6344	0.5101	0.5226	 1.326	 1.265	 1.481	 1.475	
val losses      158:	0.4006	0.4484	0.3524	0.3359	0.8036	0.7928	0.4531	0.4572	 1.835	 1.902	 1.536	 1.483	 | 0.9 mean
                     	  1.15	   1.3	0.8934	0.8747	 2.344	 2.331	 1.176	 1.188	  4.77	 4.958	 3.475	 3.368	 | 3.07 quantile
                      	  2.96	 5.042	 2.168	 3.183	 6.487	 5.962	 2.011	 2.833	 7.314	 7.866	 7.265	 6.145	 | 7.866 max

train losses    160:	0.4771	0.4952	0.3638	0.3569	0.5524	0.5663	  0.46	0.4588	 1.075	 1.102	  1.37	 1.327	
val losses      160:	0.4067	0.4804	0.3549	 0.326	0.8316	0.8447	0.4544	0.4536	 1.892	 1.916	 1.509	 1.417	 | 0.9072 mean
                     	 1.194	 1.425	0.8858	0.8471	 2.558	 2.561	  1.16	 1.203	 5.081	 5.058	 3.485	 3.435	 | 3.084 quantile
                      	 3.832	 5.183	 2.383	 2.964	 6.993	 6.298	   2.2	 2.691	 8.547	 8.696	 6.966	 5.753	 | 8.696 max

train losses    162:	0.4641	0.4843	0.3613	0.3529	0.5139	 0.544	0.4556	0.4568	0.9103	0.8972	 1.305	 1.273	
val losses      162:	0.4068	0.4703	0.3516	0.3311	0.7571	0.7502	0.4629	 0.465	 1.648	 1.695	 1.507	  1.43	 | 0.8562 mean
                     	 1.182	 1.384	0.8841	 0.869	 2.359	 2.333	 1.195	 1.226	 4.438	 4.577	 3.513	 3.431	 | 2.898 quantile
                      	   3.8	 5.002	 2.297	 3.015	 6.569	 5.724	 2.156	 2.864	 7.802	  7.98	 6.927	 6.034	 | 7.98 max

train losses    164:	0.4137	0.4613	0.3482	 0.341	0.4807	0.4981	0.4274	 0.431	0.8076	0.8019	 1.216	 1.195	
val losses      164:	 0.382	  0.45	0.3463	0.3284	0.6885	 0.674	0.4548	0.4509	  1.27	 1.282	  1.47	 1.419	 | 0.768 mean
                     	 1.124	 1.294	0.8709	0.8673	 2.044	  2.06	 1.181	 1.188	 3.226	 3.264	 3.412	 3.302	 | 2.523 quantile
                      	 3.472	 4.452	 2.195	 2.876	 6.278	 5.365	 2.093	 2.654	 5.681	 5.727	 6.284	 6.041	 | 6.284 max

train losses    166:	0.3932	0.4424	0.3428	0.3345	0.4577	0.4758	0.4188	0.4187	0.7358	 0.741	  1.13	  1.11	
val losses      166:	0.3764	0.4217	0.3433	0.3262	0.6325	 0.616	0.4498	0.4415	0.9098	0.8472	  1.41	 1.378	 | 0.6794 mean
                     	 1.067	 1.218	 0.867	0.8656	 1.811	  1.83	 1.148	 1.164	 2.205	 2.087	 3.267	 3.146	 | 2.143 quantile
                      	 3.136	 3.942	 2.159	  2.84	 5.865	 4.961	 2.012	 2.641	 3.833	 3.459	 6.018	 5.875	 | 6.018 max

train losses    168:	0.3741	0.4117	0.3391	0.3308	0.4284	0.4432	0.4094	0.4113	0.6764	0.6784	 1.028	 1.015	
val losses      168:	0.3642	0.3878	0.3374	0.3189	0.6024	0.5684	0.4441	0.4345	0.7697	0.6976	  1.33	 1.302	 | 0.6298 mean
                     	0.9996	 1.126	0.8585	0.8378	 1.725	 1.686	 1.127	 1.138	 1.895	 1.716	 3.099	 3.034	 | 2.006 quantile
                      	 2.876	 3.581	 2.159	 2.907	 5.598	 4.662	 1.953	  2.67	 3.148	 2.923	 5.843	 5.672	 | 5.843 max

train losses    170:	0.3556	0.3832	0.3323	0.3248	0.4111	0.4206	0.3958	 0.396	0.6275	0.6337	0.9509	0.9419	
val losses      170:	0.3429	0.3604	0.3342	0.3144	0.5801	0.5393	0.4332	 0.423	0.7756	0.7058	 1.266	 1.239	 | 0.6094 mean
                     	0.9373	 1.043	0.8418	0.8263	  1.68	 1.618	 1.105	 1.103	 1.978	 1.831	  2.94	  2.92	 | 1.954 quantile
                      	 2.709	 3.221	 2.145	 2.996	 5.371	 4.386	 1.927	 2.583	 3.112	 2.893	 5.456	 5.436	 | 5.456 max

train losses    172:	0.3395	 0.366	0.3276	0.3201	 0.386	0.3985	0.3831	0.3845	0.5914	0.5945	0.8818	 0.874	
val losses      172:	 0.316	0.3339	0.3329	 0.312	0.5489	0.5137	0.4269	0.4171	0.7811	 0.726	 1.205	 1.181	 | 0.5912 mean
                     	0.8703	0.9623	0.8383	 0.822	 1.598	 1.532	 1.078	 1.072	 2.065	 1.902	 2.858	 2.807	 | 1.923 quantile
                      	 2.512	 3.044	  2.08	 3.032	 5.292	 4.259	 1.841	 2.608	  3.14	  2.89	 5.169	 5.093	 | 5.292 max

train losses    174:	0.3266	0.3488	0.3248	0.3165	0.3756	0.3855	0.3729	0.3737	0.5576	 0.565	0.8213	0.8158	
val losses      174:	0.2973	0.3164	0.3314	0.3099	0.5365	0.4947	0.4171	0.4101	0.7722	0.7334	 1.153	 1.134	 | 0.5755 mean
                     	0.8163	0.9157	0.8389	 0.813	 1.573	 1.481	 1.057	 1.052	 2.054	 1.907	 2.814	 2.731	 | 1.881 quantile
                      	 2.344	 2.916	 2.085	 3.024	 5.193	 4.149	 1.759	  2.63	 3.049	 2.886	 4.931	 4.856	 | 5.193 max

train losses    176:	0.3145	 0.337	0.3226	0.3144	0.3661	0.3757	0.3635	0.3638	0.5293	0.5382	0.7618	0.7574	
val losses      176:	0.2809	0.3051	  0.33	0.3087	0.5339	0.4893	0.4099	0.4066	0.7455	0.7155	 1.111	 1.095	 | 0.561 mean
                     	0.7794	0.8732	0.8348	0.8097	 1.544	 1.464	 1.032	 1.042	 1.919	 1.816	  2.72	 2.695	 | 1.802 quantile
                      	 2.294	 2.693	  2.08	 3.047	 5.029	 4.011	  1.77	 2.769	 2.994	 2.819	 4.709	 4.652	 | 5.029 max

train losses    178:	0.3048	0.3264	  0.32	0.3122	0.3537	0.3633	0.3554	0.3564	0.5111	0.5165	0.7216	0.7178	
val losses      178:	0.2737	0.2942	0.3293	0.3076	0.5315	0.4836	0.4036	0.4009	0.7091	0.6737	  1.07	 1.054	 | 0.5443 mean
                     	0.7537	0.8381	0.8352	0.8077	 1.517	 1.436	 1.014	 1.026	  1.76	 1.677	 2.686	 2.644	 | 1.716 quantile
                      	 2.286	 2.551	 2.109	 3.101	 4.824	 3.829	 1.797	 2.848	 3.086	 2.726	 4.347	 4.305	 | 4.824 max

train losses    180:	0.2974	0.3195	0.3186	0.3108	0.3475	0.3572	0.3472	0.3478	0.4951	0.5004	0.6873	0.6835	
val losses      180:	0.2674	0.2853	0.3289	0.3071	0.5215	 0.473	0.3991	 0.397	0.6804	0.6387	 1.045	 1.031	 | 0.5312 mean
                     	0.7373	0.8034	 0.836	0.8039	 1.464	 1.405	0.9958	 1.021	 1.632	 1.551	 2.635	 2.581	 | 1.644 quantile
                      	 2.267	 2.426	 2.118	 3.135	 4.554	  3.56	 1.806	 2.836	 3.033	 2.563	 4.108	 4.111	 | 4.554 max

train losses    182:	0.2916	0.3129	0.3174	0.3087	0.3407	  0.35	0.3408	 0.341	 0.485	0.4906	0.6581	0.6546	
val losses      182:	0.2621	 0.279	0.3286	0.3063	0.5101	0.4602	0.3947	0.3904	0.6537	0.6068	 1.028	 1.015	 | 0.5195 mean
                     	0.7261	0.7867	0.8313	0.8022	 1.406	 1.362	0.9814	0.9985	 1.553	 1.489	 2.602	 2.532	 | 1.593 quantile
                      	 2.244	 2.421	 2.141	 3.107	 4.358	 3.364	  1.81	 2.831	 2.865	 2.613	 4.039	  3.93	 | 4.358 max

train losses    184:	0.2866	0.3081	0.3163	0.3078	0.3359	0.3426	0.3341	0.3332	0.4772	 0.479	0.6351	 0.632	
val losses      184:	0.2571	0.2732	 0.328	0.3057	0.4962	0.4471	0.3904	0.3836	 0.642	0.5935	 1.012	   1.0	 | 0.5107 mean
                     	0.7149	0.7746	0.8292	0.7995	 1.368	 1.321	0.9694	0.9809	 1.512	 1.436	  2.58	 2.513	 | 1.555 quantile
                      	 2.152	 2.434	 2.125	 3.102	 4.198	 3.219	 1.772	 2.834	  2.82	 2.546	   4.0	 3.801	 | 4.198 max

train losses    186:	0.2831	 0.303	 0.316	0.3079	0.3302	0.3375	0.3309	0.3296	0.4712	0.4706	0.6171	0.6117	
val losses      186:	 0.252	0.2676	0.3278	0.3055	 0.485	0.4382	0.3866	0.3796	0.6288	0.5686	 1.001	0.9898	 | 0.5025 mean
                     	0.7104	0.7464	0.8246	0.7971	 1.344	 1.299	0.9679	0.9675	 1.466	 1.353	 2.554	 2.494	 | 1.524 quantile
                      	 2.112	 2.383	 2.117	  3.11	 4.055	 3.098	 1.806	 2.895	 2.835	 2.337	  3.95	 3.673	 | 4.055 max

train losses    188:	0.2796	0.2993	 0.315	0.3066	0.3268	 0.332	0.3265	0.3249	0.4637	0.4645	0.5974	0.5943	
val losses      188:	0.2496	 0.264	0.3278	0.3055	0.4743	0.4285	 0.384	0.3772	0.6196	0.5523	0.9955	0.9857	 | 0.497 mean
                     	0.7002	0.7361	0.8265	0.7925	 1.315	 1.278	0.9587	0.9589	 1.444	 1.309	 2.537	 2.476	 | 1.505 quantile
                      	 2.042	 2.358	 2.113	 3.122	 3.937	 2.987	 1.876	 2.967	 2.816	 2.336	 3.848	 3.692	 | 3.937 max

train losses    190:	0.2759	0.2955	0.3137	0.3062	 0.321	0.3276	0.3215	0.3216	0.4574	0.4585	0.5876	0.5857	
val losses      190:	0.2459	0.2605	0.3276	0.3055	 0.462	0.4179	0.3821	0.3758	0.6174	0.5452	0.9946	0.9848	 | 0.4933 mean
                     	0.6854	0.7296	 0.825	0.7942	 1.271	  1.24	0.9558	0.9566	 1.424	 1.279	 2.532	 2.466	 | 1.491 quantile
                      	 2.005	 2.347	 2.125	 3.131	 3.799	 2.844	 1.905	 3.006	 2.787	 2.207	  3.88	 3.755	 | 3.88 max

train losses    192:	0.2759	 0.293	0.3132	0.3051	0.3187	0.3219	0.3201	0.3194	0.4567	0.4558	0.5763	0.5725	
val losses      192:	0.2427	0.2566	0.3274	0.3054	0.4496	 0.407	0.3811	0.3746	0.6155	0.5419	0.9854	0.9753	 | 0.4885 mean
                     	0.6782	0.7133	0.8247	0.7898	 1.236	 1.215	0.9569	0.9513	 1.419	 1.269	 2.529	 2.456	 | 1.476 quantile
                      	 1.989	  2.29	 2.126	 3.128	 3.765	 2.802	 1.909	 2.985	 2.736	 2.187	 3.866	  3.88	 | 3.88 max

train losses    194:	 0.272	0.2903	0.3133	 0.305	0.3159	 0.319	0.3174	0.3167	0.4519	0.4532	0.5625	0.5606	
val losses      194:	0.2404	0.2549	 0.327	0.3053	0.4431	0.4017	0.3804	0.3741	0.6142	0.5421	0.9787	0.9683	 | 0.4859 mean
                     	0.6785	0.7161	0.8263	0.7853	 1.223	   1.2	0.9601	 0.942	 1.426	 1.268	  2.51	 2.442	 | 1.464 quantile
                      	 1.937	 2.362	 2.128	 3.103	 3.708	 2.738	 1.876	 2.989	 2.755	 2.143	 3.831	 3.861	 | 3.861 max

train losses    196:	0.2688	0.2871	0.3125	0.3044	0.3106	0.3159	0.3147	0.3146	0.4488	0.4499	0.5542	0.5516	
val losses      196:	0.2383	0.2537	0.3271	 0.305	0.4374	0.3969	0.3781	0.3721	0.6131	0.5438	0.9815	0.9703	 | 0.4848 mean
                     	 0.671	0.7099	0.8241	0.7902	 1.205	 1.179	0.9489	0.9383	 1.429	 1.277	 2.513	 2.438	 | 1.464 quantile
                      	 1.953	 2.285	 2.129	 3.134	 3.638	 2.663	 1.897	  3.02	 2.783	  2.27	 3.719	 3.876	 | 3.876 max

train losses    198:	0.2685	0.2849	0.3122	0.3036	0.3091	0.3129	0.3137	0.3136	0.4457	0.4438	0.5466	0.5418	
val losses      198:	0.2391	 0.252	 0.327	0.3049	0.4323	0.3918	0.3775	0.3724	0.6131	0.5439	0.9698	0.9594	 | 0.4819 mean
                     	0.6768	 0.706	0.8198	0.7899	 1.186	 1.169	0.9496	 0.944	 1.421	 1.264	 2.517	 2.457	 | 1.449 quantile
                      	 1.981	 2.214	 2.126	 3.129	 3.565	 2.571	 1.964	  3.06	 2.777	 2.246	 3.751	 3.894	 | 3.894 max

train losses    200:	0.2665	0.2824	0.3113	0.3033	0.3058	0.3108	0.3129	0.3125	0.4424	0.4403	0.5377	0.5347	
val losses      200:	0.2388	  0.25	0.3263	0.3043	0.4272	0.3869	0.3766	0.3715	0.6105	0.5421	0.9711	  0.96	 | 0.4804 mean
                     	0.6732	0.6937	0.8189	0.7874	 1.168	 1.155	0.9506	0.9385	 1.415	 1.264	 2.514	 2.452	 | 1.445 quantile
                      	  1.96	 2.151	 2.127	  3.13	 3.535	 2.534	 1.957	 3.072	 2.768	 2.148	 3.767	 3.885	 | 3.885 max

train losses    202:	0.2643	0.2791	0.3105	0.3024	0.3035	0.3068	0.3114	0.3108	0.4404	0.4379	0.5357	0.5316	
val losses      202:	0.2373	0.2469	0.3263	0.3042	0.4223	0.3813	 0.376	0.3709	0.6079	0.5382	0.9678	0.9573	 | 0.478 mean
                     	0.6692	0.6843	  0.82	0.7885	 1.155	 1.145	0.9429	0.9318	 1.414	 1.245	 2.515	 2.443	 | 1.436 quantile
                      	 1.946	  2.14	 2.149	 3.127	  3.51	 2.512	 1.949	 3.044	  2.73	 2.087	 3.721	 3.882	 | 3.882 max

train losses    204:	0.2641	0.2789	0.3104	0.3015	0.3028	0.3054	0.3089	0.3086	0.4394	0.4376	0.5275	0.5246	
val losses      204:	0.2359	0.2424	0.3261	 0.304	0.4167	0.3752	0.3763	0.3705	0.6046	0.5303	0.9694	0.9587	 | 0.4758 mean
                     	0.6602	0.6715	0.8163	 0.786	 1.139	 1.126	0.9442	 0.936	 1.392	 1.232	 2.513	 2.436	 | 1.422 quantile
                      	 1.968	 2.074	 2.131	 3.113	 3.472	 2.464	 1.939	 3.035	 2.699	  2.05	 3.738	 3.892	 | 3.892 max

train losses    206:	0.2633	0.2764	0.3109	0.3023	0.2996	0.3031	 0.307	0.3062	0.4364	0.4332	0.5202	0.5161	
val losses      206:	0.2342	0.2389	0.3258	0.3037	 0.411	0.3709	0.3767	0.3705	0.5999	0.5244	0.9675	0.9554	 | 0.4732 mean
                     	0.6594	0.6627	0.8143	0.7874	 1.123	 1.104	0.9466	0.9343	 1.395	 1.219	 2.509	 2.441	 | 1.415 quantile
                      	 2.002	 2.046	 2.143	 3.082	 3.407	 2.387	 1.976	 3.057	 2.691	  2.06	  3.71	 3.877	 | 3.877 max

train losses    208:	0.2616	0.2732	0.3091	0.3005	 0.297	0.3024	0.3065	0.3058	0.4348	0.4323	0.5189	0.5144	
val losses      208:	0.2323	0.2385	0.3257	0.3034	0.4079	0.3654	 0.377	0.3707	0.6062	0.5425	0.9659	0.9511	 | 0.4739 mean
                     	0.6452	0.6626	0.8174	0.7884	 1.109	 1.085	0.9489	0.9386	 1.402	 1.247	 2.493	 2.421	 | 1.416 quantile
                      	 1.967	  2.07	 2.155	 3.107	 3.389	 2.365	 1.995	 3.087	 2.721	 2.067	 3.725	 3.946	 | 3.946 max

train losses    210:	0.2597	0.2726	0.3089	0.3001	0.2983	0.3004	0.3049	0.3034	0.4328	0.4306	0.5143	0.5111	
val losses      210:	0.2314	0.2365	0.3256	0.3032	0.4039	0.3629	0.3759	0.3704	0.6036	 0.541	0.9577	0.9438	 | 0.4713 mean
                     	0.6468	0.6517	0.8143	 0.789	 1.102	 1.068	0.9477	0.9418	 1.403	 1.251	 2.476	 2.402	 | 1.409 quantile
                      	 1.972	 2.045	 2.157	 3.114	 3.395	 2.381	 2.039	 3.155	 2.688	 2.075	 3.792	 3.937	 | 3.937 max

train losses    212:	0.2599	0.2714	0.3081	0.2996	0.2967	0.2977	 0.303	0.3033	0.4317	 0.431	0.5102	0.5076	
val losses      212:	0.2312	0.2349	0.3252	0.3026	0.4007	0.3622	0.3752	  0.37	0.5983	0.5276	0.9534	0.9402	 | 0.4685 mean
                     	0.6489	0.6494	0.8155	0.7832	 1.089	 1.071	0.9469	0.9373	 1.387	 1.221	 2.493	 2.396	 | 1.399 quantile
                      	  2.03	 2.022	 2.148	 3.128	 3.331	 2.335	 2.067	 3.144	 2.666	 2.008	 3.756	 3.907	 | 3.907 max

train losses    214:	0.2591	0.2705	 0.308	0.2992	0.2948	0.2967	0.3014	0.3015	0.4278	0.4252	0.5037	0.5015	
val losses      214:	0.2303	 0.234	0.3245	0.3019	   0.4	0.3581	0.3743	0.3682	0.6024	0.5361	0.9495	 0.936	 | 0.468 mean
                     	0.6473	0.6434	0.8106	0.7825	 1.078	 1.068	 0.943	0.9272	 1.403	 1.243	 2.471	 2.384	 | 1.404 quantile
                      	 1.997	 1.971	 2.132	 3.076	 3.351	 2.345	 2.015	 3.098	 2.698	 2.096	 3.787	 3.929	 | 3.929 max

train losses    216:	0.2569	0.2694	0.3066	0.2987	0.2925	0.2947	0.3021	0.3028	0.4279	0.4263	0.5057	0.5006	
val losses      216:	0.2313	0.2336	0.3245	0.3018	0.3998	0.3563	0.3748	0.3696	0.6015	0.5343	0.9527	0.9383	 | 0.4682 mean
                     	0.6484	0.6426	0.8121	0.7821	 1.078	 1.054	0.9507	0.9345	 1.392	 1.233	 2.475	 2.391	 | 1.397 quantile
                      	 2.028	 1.962	 2.163	 3.086	 3.383	 2.371	 2.026	 3.117	 2.699	 2.159	 3.688	 3.882	 | 3.882 max

train losses    218:	0.2567	0.2684	0.3068	0.2983	0.2919	0.2943	0.3002	0.3003	0.4249	0.4221	0.4966	0.4927	
val losses      218:	0.2309	0.2304	0.3242	0.3014	0.3963	0.3532	0.3752	0.3695	0.6025	 0.534	0.9502	0.9339	 | 0.4668 mean
                     	0.6439	0.6251	0.8115	0.7827	 1.073	 1.046	0.9526	0.9423	 1.389	 1.214	 2.465	 2.386	 | 1.391 quantile
                      	 2.072	 1.996	 2.157	 3.086	 3.332	 2.325	  2.06	 3.143	 2.702	  2.05	 3.659	 3.838	 | 3.838 max

train losses    220:	0.2552	0.2664	0.3058	0.2975	0.2905	0.2929	0.2978	 0.298	0.4237	0.4219	0.4945	0.4926	
val losses      220:	0.2281	0.2265	0.3241	0.3011	0.3919	0.3476	0.3743	0.3684	0.5979	0.5285	0.9409	0.9249	 | 0.4629 mean
                     	0.6359	0.6171	0.8101	0.7764	 1.049	 1.021	0.9486	0.9344	 1.387	 1.215	 2.456	 2.366	 | 1.381 quantile
                      	 2.046	 1.985	 2.155	 3.065	 3.269	 2.267	 2.043	  3.14	 2.621	 2.068	 3.711	 3.876	 | 3.876 max

train losses    222:	0.2555	0.2665	0.3057	0.2975	0.2883	0.2932	0.2974	0.2974	0.4213	0.4186	 0.493	0.4898	
val losses      222:	0.2282	0.2247	 0.324	0.3007	 0.387	 0.347	0.3736	 0.367	 0.599	0.5306	0.9318	0.9159	 | 0.4608 mean
                     	 0.641	0.6193	0.8098	0.7772	 1.043	 1.014	0.9446	0.9281	 1.385	 1.212	 2.432	  2.36	 | 1.378 quantile
                      	 2.139	 1.973	 2.144	  3.07	 3.291	 2.279	 1.992	 3.121	 2.701	 2.074	 3.704	  3.94	 | 3.94 max

train losses    224:	0.2544	0.2633	0.3052	0.2967	  0.29	 0.293	0.2967	0.2971	0.4217	0.4187	0.4928	0.4904	
val losses      224:	0.2268	 0.222	0.3236	0.3005	0.3844	0.3442	0.3723	 0.367	0.5994	0.5302	 0.926	0.9113	 | 0.459 mean
                     	0.6322	0.6042	0.8095	 0.778	 1.028	 1.009	0.9456	0.9265	 1.387	 1.207	 2.447	 2.361	 | 1.374 quantile
                      	 2.095	 1.947	 2.153	 3.079	 3.285	 2.281	 2.099	 3.218	  2.64	 2.067	 3.754	  3.96	 | 3.96 max

train losses    226:	0.2519	0.2625	0.3051	0.2968	0.2866	0.2903	0.2964	 0.296	0.4197	0.4182	0.4925	0.4892	
val losses      226:	0.2257	0.2208	0.3234	   0.3	0.3843	0.3398	 0.372	0.3666	0.5985	0.5304	0.9276	0.9128	 | 0.4585 mean
                     	0.6284	 0.601	0.8072	0.7749	 1.024	0.9938	0.9428	0.9267	 1.377	 1.206	 2.449	 2.366	 | 1.369 quantile
                      	 2.096	 1.939	  2.16	 3.071	 3.198	 2.202	 2.085	 3.214	 2.645	 2.061	 3.717	 3.945	 | 3.945 max

train losses    228:	0.2518	0.2619	0.3045	0.2958	0.2864	 0.289	0.2946	0.2956	  0.42	0.4161	0.4912	0.4891	
val losses      228:	0.2238	0.2179	0.3229	0.2992	0.3806	0.3376	0.3717	0.3652	0.5966	0.5268	0.9373	0.9214	 | 0.4584 mean
                     	0.6224	0.5878	0.8063	0.7736	 1.008	0.9801	0.9476	0.9253	 1.377	 1.205	 2.454	  2.37	 | 1.364 quantile
                      	 2.113	 1.911	 2.153	 3.052	 3.168	 2.175	  2.07	 3.163	 2.605	 2.108	 3.728	 3.934	 | 3.934 max

train losses    230:	0.2504	0.2601	0.3036	0.2949	0.2837	0.2881	0.2942	0.2953	0.4176	0.4162	0.4863	0.4843	
val losses      230:	0.2228	0.2175	0.3227	0.2991	0.3761	 0.336	0.3716	0.3662	   0.6	0.5337	 0.934	0.9178	 | 0.4581 mean
                     	0.6241	0.5908	0.8042	0.7756	 1.006	0.9726	0.9454	  0.93	 1.386	 1.218	 2.468	 2.377	 | 1.372 quantile
                      	 2.115	 1.942	 2.149	  3.09	 3.143	  2.15	 2.103	 3.225	  2.61	 2.067	 3.852	 3.991	 | 3.991 max

train losses    232:	0.2521	0.2603	0.3032	0.2945	0.2841	0.2868	0.2921	0.2926	 0.416	0.4154	0.4838	0.4812	
val losses      232:	0.2227	0.2143	0.3223	0.2983	0.3778	0.3348	0.3719	0.3669	0.5985	0.5308	0.9427	0.9254	 | 0.4589 mean
                     	 0.617	0.5862	0.8032	0.7695	 1.014	0.9689	0.9443	0.9303	 1.383	 1.214	 2.468	  2.36	 | 1.372 quantile
                      	  2.14	 1.906	 2.158	 3.078	 3.122	 2.118	 2.079	 3.225	 2.644	 2.025	 3.767	 3.916	 | 3.916 max

train losses    234:	 0.251	0.2578	0.3025	0.2939	 0.284	0.2873	0.2924	0.2919	0.4165	0.4147	0.4799	0.4757	
val losses      234:	0.2206	0.2127	0.3219	0.2978	 0.379	0.3356	0.3707	0.3646	0.5954	 0.528	0.9442	 0.927	 | 0.4581 mean
                     	0.6152	0.5842	0.8047	0.7699	 1.012	 0.967	0.9425	0.9237	 1.371	 1.205	 2.464	 2.362	 | 1.371 quantile
                      	 2.125	 1.917	 2.161	 3.061	 3.069	  2.08	  2.15	 3.234	 2.633	 2.091	 3.671	 3.861	 | 3.861 max

train losses    236:	0.2497	0.2577	0.3027	0.2939	0.2816	0.2856	0.2928	0.2924	 0.413	0.4137	0.4813	0.4778	
val losses      236:	0.2203	0.2127	0.3217	0.2976	 0.378	0.3355	0.3705	0.3642	0.5973	0.5311	0.9329	0.9182	 | 0.4567 mean
                     	0.6137	0.5818	0.8041	0.7696	 1.008	 0.968	0.9449	0.9216	 1.372	 1.211	 2.457	 2.348	 | 1.362 quantile
                      	  2.13	 1.922	 2.148	 3.071	 3.065	 2.086	  2.15	 3.216	 2.656	 2.055	 3.771	 3.947	 | 3.947 max

train losses    238:	0.2483	0.2556	 0.302	0.2932	0.2815	0.2852	0.2905	0.2906	 0.413	0.4112	0.4768	 0.474	
val losses      238:	0.2188	0.2109	0.3218	0.2975	0.3752	0.3323	0.3698	0.3644	0.5928	0.5271	0.9392	0.9216	 | 0.4559 mean
                     	0.6118	0.5758	0.8035	0.7687	 1.007	0.9624	0.9469	0.9259	 1.371	 1.203	 2.437	 2.344	 | 1.361 quantile
                      	 2.115	 1.942	 2.157	 3.074	 3.045	 2.058	  2.13	 3.185	   2.6	  2.09	 3.704	 3.841	 | 3.841 max

train losses    240:	0.2497	0.2579	0.3013	0.2924	0.2803	0.2847	0.2885	 0.289	0.4128	0.4089	 0.478	0.4759	
val losses      240:	0.2187	0.2095	0.3215	0.2967	0.3718	0.3283	0.3711	0.3655	0.5964	0.5349	0.9277	0.9122	 | 0.4545 mean
                     	0.6086	 0.577	 0.803	0.7681	0.9971	0.9486	0.9499	0.9249	 1.383	 1.224	 2.414	 2.314	 | 1.359 quantile
                      	 2.134	 1.811	 2.146	 3.067	 3.023	 2.039	 2.127	 3.205	 2.616	 2.114	 3.789	 3.919	 | 3.919 max

train losses    242:	0.2488	0.2549	   0.3	0.2921	0.2827	0.2844	  0.29	0.2916	0.4103	 0.411	0.4824	0.4801	
val losses      242:	0.2191	0.2083	0.3209	0.2962	0.3683	0.3235	0.3708	0.3654	0.5978	0.5332	0.9108	0.8976	 | 0.451 mean
                     	0.6087	0.5732	0.8028	0.7649	0.9895	0.9318	 0.949	0.9288	 1.375	 1.207	 2.402	 2.308	 | 1.342 quantile
                      	 2.122	 1.778	  2.16	 3.069	 2.964	 1.981	 2.151	 3.222	 2.637	 2.072	 3.827	 3.948	 | 3.948 max

train losses    244:	0.2474	0.2561	0.3005	0.2915	0.2807	 0.283	0.2888	0.2905	0.4117	0.4108	0.4761	0.4751	
val losses      244:	0.2167	0.2068	0.3205	0.2957	0.3645	0.3233	0.3699	0.3641	0.5931	0.5327	0.9281	0.9104	 | 0.4521 mean
                     	0.6004	 0.565	0.8042	0.7647	0.9837	0.9183	0.9498	0.9268	 1.371	 1.218	 2.409	 2.312	 | 1.354 quantile
                      	 2.159	 1.868	 2.164	 3.057	 2.914	 1.955	 2.158	 3.232	  2.56	 2.155	 3.599	 3.707	 | 3.707 max

train losses    246:	0.2467	0.2529	0.2994	0.2911	0.2798	0.2836	0.2872	0.2892	0.4084	0.4072	0.4735	0.4727	
val losses      246:	0.2174	0.2041	0.3203	0.2954	0.3622	0.3196	0.3705	0.3647	0.5909	0.5302	0.9118	0.8973	 | 0.4487 mean
                     	   0.6	0.5537	0.8008	0.7632	0.9767	0.9053	0.9469	0.9276	 1.363	  1.21	 2.404	 2.307	 | 1.345 quantile
                      	 2.093	 1.859	 2.176	 3.062	 2.901	 1.919	 2.204	 3.291	 2.651	 2.075	 3.612	 3.778	 | 3.778 max

train losses    248:	0.2462	 0.254	0.2986	0.2902	0.2789	0.2814	0.2864	0.2881	 0.408	0.4069	 0.468	0.4659	
val losses      248:	0.2151	0.2018	0.3197	0.2945	0.3582	 0.318	0.3697	0.3644	0.5925	0.5337	0.9184	0.9018	 | 0.449 mean
                     	0.5959	0.5512	0.7994	0.7651	0.9635	0.8901	0.9455	0.9202	 1.354	 1.209	 2.405	 2.297	 | 1.341 quantile
                      	 2.096	 1.871	  2.15	 3.058	 2.875	   1.9	 2.177	 3.166	 2.607	 2.099	  3.67	 3.785	 | 3.785 max

train losses    250:	0.2448	0.2524	0.2987	0.2898	0.2774	 0.281	 0.286	0.2865	0.4059	0.4042	0.4654	0.4627	
val losses      250:	 0.214	0.2001	  0.32	0.2947	0.3549	 0.314	0.3692	 0.364	0.5899	0.5312	0.9255	 0.909	 | 0.4489 mean
                     	  0.59	0.5444	0.7985	0.7646	0.9365	0.8791	0.9434	0.9216	 1.358	 1.202	 2.408	 2.298	 | 1.341 quantile
                      	 2.101	 1.782	 2.167	 3.077	  2.83	 1.859	 2.156	 3.254	 2.524	 2.107	 3.616	 3.759	 | 3.759 max

train losses    252:	0.2441	0.2519	0.2994	0.2898	0.2807	0.2795	0.2842	0.2856	0.4068	 0.403	0.4647	 0.463	
val losses      252:	0.2139	0.2003	0.3197	0.2942	0.3553	0.3127	  0.37	0.3635	0.5921	0.5331	0.9206	 0.904	 | 0.4483 mean
                     	0.5943	0.5414	0.7959	0.7603	0.9424	0.8744	0.9453	 0.923	 1.358	 1.206	 2.385	 2.296	 | 1.339 quantile
                      	 2.087	 1.767	 2.187	 3.087	 2.842	 1.892	 2.191	 3.183	 2.522	 2.108	 3.625	 3.841	 | 3.841 max

train losses    254:	0.2436	0.2501	0.2985	0.2889	0.2779	0.2783	0.2848	0.2854	0.4069	0.4033	 0.466	0.4635	
val losses      254:	0.2143	0.2027	0.3199	 0.294	0.3581	0.3147	0.3701	0.3638	0.5917	0.5338	0.9237	 0.907	 | 0.4495 mean
                     	0.5961	0.5472	0.7977	0.7634	0.9457	0.8795	0.9442	0.9241	 1.369	 1.212	 2.412	 2.318	 | 1.344 quantile
                      	 2.114	 1.846	 2.177	 3.069	 2.829	   1.9	 2.139	 3.225	 2.561	 2.104	 3.701	 3.934	 | 3.934 max

train losses    256:	 0.244	0.2507	0.2972	0.2878	0.2755	0.2783	 0.283	0.2832	0.4065	0.4057	0.4634	0.4608	
val losses      256:	0.2132	0.2009	0.3196	0.2938	0.3561	0.3136	0.3697	0.3638	0.5922	0.5338	0.9148	0.9008	 | 0.4477 mean
                     	 0.591	0.5483	0.7972	0.7613	0.9365	0.8747	0.9444	0.9272	 1.367	 1.206	 2.403	 2.296	 | 1.342 quantile
                      	 2.076	  1.83	 2.168	 3.057	 2.812	  1.91	 2.201	 3.264	  2.57	 2.065	 3.705	 3.919	 | 3.919 max

train losses    258:	0.2436	0.2491	0.2971	0.2875	0.2753	0.2764	0.2838	0.2836	0.4027	0.4005	 0.462	0.4599	
val losses      258:	0.2134	0.1986	0.3188	0.2933	0.3519	  0.31	  0.37	0.3624	0.5893	0.5269	0.9119	0.8984	 | 0.4454 mean
                     	0.5896	0.5442	0.7961	0.7609	0.9319	0.8687	0.9471	0.9243	 1.354	 1.193	   2.4	  2.29	 | 1.336 quantile
                      	 2.123	 1.755	 2.169	  3.09	 2.789	 1.848	 2.236	 3.262	 2.589	 2.117	  3.73	 3.961	 | 3.961 max

train losses    260:	0.2413	0.2485	0.2975	0.2878	0.2762	0.2773	0.2826	0.2837	0.4022	0.4032	0.4623	0.4609	
val losses      260:	0.2119	0.1981	0.3184	0.2926	0.3537	0.3087	 0.368	0.3616	0.5923	0.5348	0.9195	0.9032	 | 0.4469 mean
                     	0.5874	0.5366	0.7948	0.7585	0.9248	0.8612	0.9353	0.9236	 1.352	 1.208	 2.384	 2.306	 | 1.339 quantile
                      	 2.139	 1.758	 2.174	 3.063	 2.751	 1.846	 2.206	 3.245	 2.646	 2.158	 3.708	 3.955	 | 3.955 max

train losses    262:	0.2422	0.2475	0.2969	0.2875	0.2757	0.2762	0.2822	0.2822	0.4004	0.4001	0.4638	0.4586	
val losses      262:	0.2109	0.1984	0.3184	0.2924	0.3513	0.3102	0.3679	0.3631	 0.592	0.5344	0.9162	 0.901	 | 0.4463 mean
                     	0.5857	0.5385	0.7965	0.7598	0.9437	0.8755	0.9395	0.9297	 1.358	  1.21	 2.378	 2.299	 | 1.337 quantile
                      	 2.101	 1.773	 2.193	 3.058	 2.721	 1.828	 2.235	 3.301	 2.595	 2.166	 3.745	 3.977	 | 3.977 max

train losses    264:	 0.242	0.2496	0.2956	 0.287	0.2732	0.2757	0.2818	0.2824	0.4029	 0.399	0.4632	0.4604	
val losses      264:	 0.211	0.1979	0.3182	0.2923	0.3502	0.3094	0.3686	0.3621	0.5892	0.5311	0.9205	0.9047	 | 0.4463 mean
                     	 0.588	0.5383	0.7982	0.7638	0.9445	0.8623	0.9395	 0.923	  1.35	 1.212	 2.391	 2.311	 | 1.342 quantile
                      	 2.096	 1.748	  2.17	 3.071	 2.694	 1.825	 2.289	 3.227	 2.613	 2.194	 3.736	 3.968	 | 3.968 max

train losses    266:	0.2422	 0.248	0.2948	0.2864	0.2737	0.2758	0.2809	0.2824	0.3999	0.3995	0.4649	0.4617	
val losses      266:	0.2123	 0.197	0.3183	0.2921	0.3487	 0.306	0.3698	0.3636	 0.592	0.5351	0.9108	0.8959	 | 0.4451 mean
                     	0.5884	0.5309	0.7947	0.7548	0.9266	0.8508	0.9409	0.9184	 1.356	 1.214	 2.384	 2.292	 | 1.333 quantile
                      	 2.094	 1.778	 2.178	 3.094	 2.733	 1.863	 2.255	 3.238	 2.481	 2.241	 3.746	 3.972	 | 3.972 max

train losses    268:	0.2413	0.2467	0.2951	0.2849	0.2722	0.2766	0.2803	0.2808	0.4004	0.3998	0.4695	0.4669	
val losses      268:	0.2106	 0.197	 0.318	0.2921	0.3505	0.3064	0.3699	0.3644	0.5954	0.5407	0.9196	0.9045	 | 0.4474 mean
                     	0.5872	0.5289	0.7968	0.7581	0.9265	0.8555	0.9466	0.9337	 1.378	 1.233	 2.411	 2.308	 | 1.345 quantile
                      	 2.062	 1.789	  2.18	 3.068	 2.753	 1.843	  2.24	 3.229	 2.623	 2.209	 3.713	 3.935	 | 3.935 max

train losses    270:	0.2419	0.2451	0.2939	0.2847	0.2734	0.2739	0.2792	  0.28	0.3995	0.3988	0.4735	0.4693	
val losses      270:	0.2101	0.1961	 0.317	0.2914	0.3491	0.3045	0.3696	0.3636	0.5887	0.5281	 0.919	0.9043	 | 0.4451 mean
                     	0.5802	0.5361	 0.795	0.7574	0.9225	0.8515	0.9442	0.9251	 1.353	 1.198	 2.381	 2.294	 | 1.342 quantile
                      	 2.076	 1.779	 2.181	 3.078	 2.703	 1.858	 2.274	  3.27	 2.616	 2.232	 3.596	 3.815	 | 3.815 max

train losses    272:	0.2403	0.2463	0.2939	0.2848	0.2716	0.2741	0.2794	 0.281	0.3997	 0.398	0.4712	0.4693	
val losses      272:	0.2097	0.1958	0.3167	0.2907	0.3468	0.3048	0.3701	0.3636	 0.587	0.5256	0.9061	0.8939	 | 0.4426 mean
                     	0.5825	 0.533	0.7933	0.7556	0.9198	0.8525	0.9401	0.9251	 1.329	 1.193	 2.369	 2.297	 | 1.324 quantile
                      	 2.002	 1.715	 2.168	   3.1	  2.67	 1.835	 2.275	 3.288	  2.72	 2.281	 3.595	  3.81	 | 3.81 max

train losses    274:	0.2392	0.2451	0.2928	0.2843	0.2713	0.2738	0.2788	0.2792	0.3981	0.3966	0.4647	0.4609	
val losses      274:	0.2104	0.1967	0.3173	0.2908	 0.351	 0.305	0.3676	0.3622	0.5905	0.5367	0.9047	0.8915	 | 0.4437 mean
                     	 0.582	0.5364	0.7937	0.7562	0.9223	0.8457	0.9429	0.9248	 1.356	 1.222	 2.366	  2.29	 | 1.329 quantile
                      	 2.066	 1.703	 2.198	 3.076	 2.702	 1.863	 2.274	 3.275	 2.594	  2.21	 3.611	 3.832	 | 3.832 max

train losses    276:	0.2398	 0.245	0.2926	0.2832	0.2725	0.2744	0.2788	0.2787	0.3993	0.3955	0.4572	0.4549	
val losses      276:	0.2096	 0.196	0.3167	0.2906	0.3477	 0.304	0.3684	0.3621	0.5893	0.5344	0.9059	0.8921	 | 0.4431 mean
                     	0.5849	0.5315	0.7904	0.7575	0.9184	0.8426	0.9462	0.9277	 1.356	 1.214	 2.365	 2.284	 | 1.329 quantile
                      	 2.072	 1.701	 2.173	 3.073	 2.694	 1.822	 2.255	 3.261	 2.661	  2.18	 3.621	 3.746	 | 3.746 max

train losses    278:	0.2382	0.2434	0.2922	0.2828	0.2711	0.2713	0.2776	0.2797	0.3954	0.3944	0.4486	0.4465	
val losses      278:	0.2104	0.1938	0.3166	0.2905	0.3415	0.3023	0.3692	0.3633	0.5902	0.5328	0.9059	0.8907	 | 0.4423 mean
                     	0.5755	0.5242	0.7922	0.7607	0.9033	0.8288	0.9455	0.9254	 1.349	 1.209	  2.36	 2.264	 | 1.322 quantile
                      	 2.126	 1.746	 2.167	 3.114	 2.597	 1.703	 2.238	 3.274	 2.629	 2.126	 3.613	 3.729	 | 3.729 max

train losses    280:	0.2386	0.2444	0.2917	0.2822	0.2702	0.2739	0.2768	0.2778	0.3968	0.3933	0.4449	0.4417	
val losses      280:	0.2085	0.1926	0.3164	0.2903	0.3413	0.2966	0.3672	0.3608	0.5857	 0.529	0.8955	0.8798	 | 0.4386 mean
                     	0.5792	0.5175	0.7926	0.7566	0.8888	0.8131	0.9426	0.9252	 1.339	 1.191	 2.351	 2.257	 | 1.31 quantile
                      	  2.04	 1.657	 2.179	 3.103	 2.645	 1.748	 2.264	 3.277	 2.636	 2.206	 3.616	 3.827	 | 3.827 max

train losses    282:	0.2376	0.2419	0.2914	0.2826	0.2709	0.2708	0.2768	0.2778	0.3963	0.3919	0.4398	0.4382	
val losses      282:	0.2083	0.1935	 0.316	0.2895	0.3399	0.2985	 0.369	0.3614	0.5867	0.5296	   0.9	0.8833	 | 0.4396 mean
                     	0.5768	0.5267	0.7881	0.7568	0.8962	0.8211	0.9473	0.9289	 1.344	 1.214	 2.387	 2.275	 | 1.313 quantile
                      	 2.053	 1.708	 2.178	  3.09	 2.595	 1.718	  2.21	 3.229	 2.666	 2.107	 3.702	 3.824	 | 3.824 max

train losses    284:	0.2361	0.2429	0.2923	0.2824	 0.268	0.2708	0.2747	0.2756	0.3909	0.3933	0.4396	0.4369	
val losses      284:	0.2076	0.1939	0.3165	0.2898	0.3404	0.3004	0.3702	0.3633	 0.586	0.5284	0.9051	0.8891	 | 0.4409 mean
                     	0.5776	0.5227	  0.79	0.7594	0.9027	0.8297	0.9495	0.9338	 1.354	 1.197	 2.368	 2.263	 | 1.323 quantile
                      	 2.084	 1.717	 2.195	 3.114	 2.634	 1.732	 2.206	 3.295	 2.636	 2.166	 3.619	 3.754	 | 3.754 max

train losses    286:	0.2375	0.2418	0.2904	0.2805	0.2676	0.2701	0.2749	0.2753	0.3949	0.3907	0.4388	0.4353	
val losses      286:	0.2073	 0.194	0.3162	0.2892	0.3394	0.2979	0.3695	0.3633	0.5877	0.5309	0.8946	0.8811	 | 0.4393 mean
                     	 0.576	0.5342	0.7883	0.7559	0.8949	0.8187	0.9442	0.9322	 1.347	 1.206	 2.354	 2.251	 | 1.312 quantile
                      	 2.035	 1.668	 2.189	 3.073	 2.625	 1.753	 2.214	 3.346	 2.669	 2.147	  3.65	 3.775	 | 3.775 max

train losses    288:	0.2362	0.2427	  0.29	0.2809	0.2706	0.2716	0.2741	0.2758	 0.392	0.3913	0.4395	0.4384	
val losses      288:	0.2091	0.1949	 0.316	0.2896	0.3412	0.2978	 0.369	 0.362	0.5881	 0.532	  0.89	0.8768	 | 0.4389 mean
                     	0.5786	0.5341	0.7884	0.7545	0.8888	0.8186	0.9469	0.9326	 1.346	 1.192	 2.345	 2.235	 | 1.31 quantile
                      	 2.006	 1.652	 2.175	 3.062	 2.649	 1.738	 2.223	 3.321	 2.637	 2.232	 3.658	 3.836	 | 3.836 max

train losses    290:	0.2365	0.2412	0.2898	0.2803	0.2671	0.2692	0.2738	0.2731	0.3919	  0.39	0.4404	0.4379	
val losses      290:	 0.206	 0.192	0.3159	0.2891	0.3381	0.2963	0.3668	0.3611	0.5865	0.5301	0.9071	0.8905	 | 0.4399 mean
                     	0.5703	0.5253	0.7873	0.7579	0.8889	0.8157	0.9402	0.9323	 1.334	 1.192	 2.361	 2.254	 | 1.313 quantile
                      	   2.1	 1.684	 2.198	 3.103	 2.646	 1.755	 2.258	 3.357	   2.6	  2.33	 3.527	 3.677	 | 3.677 max

train losses    292:	0.2357	0.2395	0.2892	0.2801	0.2686	0.2715	0.2725	0.2732	0.3902	0.3917	0.4413	0.4365	
val losses      292:	0.2053	0.1909	0.3153	0.2887	0.3371	0.2983	0.3677	0.3605	0.5858	0.5261	0.9165	0.8997	 | 0.441 mean
                     	0.5751	0.5243	0.7905	 0.755	0.8971	0.8214	0.9401	0.9299	 1.344	 1.203	  2.36	 2.246	 | 1.317 quantile
                      	 2.084	 1.584	 2.158	 3.088	 2.593	 1.715	 2.296	 3.287	 2.642	 2.173	 3.568	 3.713	 | 3.713 max

train losses    294:	 0.236	0.2419	0.2888	0.2794	0.2699	0.2699	 0.272	0.2731	 0.391	0.3882	 0.448	0.4449	
val losses      294:	0.2088	0.1917	0.3153	0.2885	0.3399	0.2928	0.3681	0.3616	0.5824	0.5251	0.8858	0.8718	 | 0.436 mean
                     	0.5784	0.5221	0.7861	0.7558	0.8701	0.7979	0.9415	0.9307	 1.346	 1.202	 2.337	 2.233	 | 1.304 quantile
                      	 2.077	 1.614	 2.212	 3.133	 2.628	 1.688	 2.292	 3.304	 2.564	 2.221	   3.7	 3.911	 | 3.911 max

train losses    296:	0.2346	0.2412	0.2888	0.2791	0.2675	0.2708	0.2731	0.2735	0.3897	0.3903	0.4496	0.4481	
val losses      296:	0.2099	0.1924	 0.315	0.2885	0.3381	0.2934	0.3679	 0.361	0.5855	0.5331	 0.878	 0.866	 | 0.4357 mean
                     	0.5797	0.5288	0.7868	0.7543	0.8764	0.8011	0.9456	0.9356	 1.338	 1.225	 2.331	 2.235	 | 1.308 quantile
                      	  2.06	 1.577	 2.168	 3.093	 2.582	 1.709	  2.29	 3.313	 2.542	 2.227	 3.653	 3.857	 | 3.857 max

train losses    298:	0.2359	0.2414	0.2884	 0.279	0.2685	0.2674	0.2721	 0.272	0.3909	0.3864	0.4533	0.4491	
val losses      298:	0.2064	0.1931	0.3154	0.2882	0.3334	 0.293	0.3673	0.3622	0.5804	0.5245	0.9972	 0.976	 | 0.4531 mean
                     	0.5824	0.5224	0.7815	0.7558	0.8849	0.8076	0.9433	0.9296	 1.336	 1.213	  2.42	 2.346	 | 1.388 quantile
                      	 2.044	 1.658	 2.208	 3.113	 2.527	 1.646	 2.295	  3.31	 2.478	 2.231	   4.0	 4.067	 | 4.067 max

