train losses      0:	0.5592	 0.591	0.3395	0.3283	0.7166	0.7598	0.4635	0.4717	 1.589	 1.604	 1.496	  1.49	
val losses        0:	0.4393	0.4034	0.3216	0.2911	0.5903	0.5984	0.3912	0.4091	 1.475	 1.471	 1.031	 1.028	 | 0.7041 mean
                     	 1.364	 1.229	0.8192	0.7656	 1.763	 1.707	 1.007	 1.038	 4.614	 4.458	 3.364	 3.474	 | 2.45 quantile
                      	 5.577	 5.456	 2.412	  1.99	 5.037	 5.202	 3.393	 3.049	 9.251	 9.479	 5.481	 5.674	 | 9.479 max

train losses      2:	0.5585	0.5927	0.3354	0.3278	0.7161	 0.758	0.4614	0.4671	 1.589	 1.603	 1.496	  1.49	
val losses        2:	0.4331	0.4043	0.2803	 0.282	0.5894	0.5956	0.3621	0.3741	 1.475	 1.471	 1.029	 1.028	 | 0.6937 mean
                     	 1.369	 1.222	  0.73	0.7615	 1.773	 1.699	 0.954	0.9757	  4.61	 4.431	 3.379	 3.468	 | 2.446 quantile
                      	 5.628	 5.404	  2.24	  2.09	 5.029	 5.119	  3.19	 2.865	 9.264	 9.429	 5.503	 5.681	 | 9.429 max

train losses      4:	0.5598	0.5904	0.3375	 0.328	0.7146	0.7547	0.4611	0.4688	 1.579	  1.58	 1.494	  1.49	
val losses        4:	0.4437	0.4029	 0.297	0.2843	0.5915	0.5945	0.3757	0.4014	 1.461	 1.445	 1.031	 1.038	 | 0.6971 mean
                     	 1.378	 1.219	0.7743	0.7663	 1.753	 1.695	0.9738	 1.026	 4.565	 4.332	 3.328	   3.4	 | 2.433 quantile
                      	 5.589	 5.431	 2.521	  2.04	 5.159	 5.182	 3.436	 2.993	 9.033	 8.871	  5.56	 5.732	 | 9.033 max

train losses      6:	 0.582	0.5901	0.3598	0.3381	0.6977	0.7231	0.4877	0.4967	 1.504	 1.445	 1.486	 1.481	
val losses        6:	0.4964	0.4067	0.3634	0.3129	0.5575	0.5021	0.4506	0.5055	 1.296	 1.209	 1.014	 1.011	 | 0.6771 mean
                     	  1.46	 1.223	0.8934	0.8232	 1.689	 1.447	 1.168	  1.23	 4.135	 3.698	 3.088	 3.367	 | 2.203 quantile
                      	 5.465	 5.278	 2.632	  2.13	  5.12	 4.928	 4.055	 3.252	 8.011	 6.784	 5.584	 5.419	 | 8.011 max

train losses      8:	0.6582	0.5919	 0.438	0.4082	0.6513	0.6413	0.5427	0.5769	 1.267	 1.162	  1.51	 1.476	
val losses        8:	0.5289	0.4193	 0.421	0.3614	0.4947	0.4709	0.4881	0.5224	0.9971	0.9625	 1.044	 1.058	 | 0.6473 mean
                     	 1.611	 1.232	  1.03	0.9254	 1.387	 1.291	 1.381	  1.39	 3.191	 2.454	 2.981	 3.276	 | 2.027 quantile
                      	 5.238	  4.96	 2.389	 2.068	 4.584	 4.514	 4.425	 3.376	 6.334	 5.627	 5.461	 5.254	 | 6.334 max

train losses     10:	0.6421	0.5933	0.4176	 0.386	0.5758	0.5919	0.5559	 0.585	0.9987	 0.918	 1.545	  1.49	
val losses       10:	0.5561	0.4294	0.3607	0.3361	0.4164	0.4749	 0.505	0.5156	0.8872	0.7111	 1.084	 1.025	 | 0.6085 mean
                     	 1.676	 1.265	0.9699	0.8712	 1.244	 1.245	 1.448	 1.381	 2.626	 2.109	 3.107	 3.142	 | 1.965 quantile
                      	 5.039	 4.573	 2.442	 1.932	 3.764	 3.928	  4.12	 3.207	 5.628	 5.677	 4.911	 5.474	 | 5.677 max

train losses     12:	0.6066	0.5764	0.4107	0.3689	0.5575	0.5755	0.5497	0.5495	0.8715	0.8166	 1.521	 1.476	
val losses       12:	0.4706	0.3966	0.3364	0.3093	0.4272	0.4356	0.4533	  0.42	0.8587	0.7022	  1.07	 1.064	 | 0.5787 mean
                     	 1.426	 1.177	0.8403	0.8062	 1.262	 1.185	 1.312	 1.122	 2.496	 1.912	 3.207	 3.099	 | 1.84 quantile
                      	 5.037	 4.668	 2.346	 2.093	 3.731	 3.645	 3.498	 2.808	  5.87	 5.665	  4.66	 4.856	 | 5.87 max

train losses     14:	0.5613	0.5447	0.3672	 0.344	0.5517	0.5497	0.5193	0.5125	0.7897	0.7542	 1.501	 1.469	
val losses       14:	0.4514	0.3746	0.3065	0.3055	 0.414	0.4142	0.4119	0.3906	0.7746	0.6762	 1.043	 1.022	 | 0.5486 mean
                     	  1.33	 1.108	0.7888	0.7975	 1.167	 1.093	 1.144	 1.008	  2.36	 2.022	 3.072	 3.199	 | 1.764 quantile
                      	 4.998	 4.695	 2.646	 1.997	 3.736	  3.01	 3.381	 2.704	 4.817	 4.728	 4.901	 4.775	 | 4.998 max

train losses     16:	0.5337	0.5183	0.3642	0.3552	0.5167	0.5119	0.4863	0.4906	0.7334	0.7324	 1.493	 1.469	
val losses       16:	0.4215	0.3559	0.3267	0.3061	0.4045	0.3947	0.3897	0.3815	0.7374	0.6699	 1.026	  1.02	 | 0.5362 mean
                     	 1.211	 1.032	0.8039	0.8043	 1.114	  1.04	  1.04	0.9907	 2.141	  1.88	  3.04	 3.137	 | 1.714 quantile
                      	 4.432	 4.474	 2.684	 2.167	 3.491	 2.779	 3.478	 2.736	 3.889	 4.014	 5.135	 4.812	 | 5.135 max

train losses     18:	0.5023	0.4913	 0.349	0.3497	 0.501	0.4994	0.4712	0.4854	0.7168	 0.732	 1.481	  1.46	
val losses       18:	0.4009	0.3475	0.2943	0.2968	0.3943	0.3889	0.3749	0.3811	0.7416	0.6905	 1.026	 1.009	 | 0.5289 mean
                     	 1.138	0.9733	0.7602	0.7879	 1.095	 1.055	0.9839	0.9586	 2.152	 2.102	 3.099	 3.177	 | 1.682 quantile
                      	 3.918	 4.258	 2.682	 2.076	 3.091	 2.787	 3.207	 2.762	 3.479	 3.903	 4.906	 4.809	 | 4.906 max

train losses     20:	0.4725	0.4707	0.3482	0.3571	0.4926	0.4739	0.4654	0.4848	0.6455	0.6819	 1.486	 1.463	
val losses       20:	0.3737	 0.335	0.3014	   0.3	0.3728	 0.378	0.3679	0.3732	0.6982	0.6862	 1.023	 1.005	 | 0.5179 mean
                     	 1.063	0.9166	 0.747	0.7949	 1.023	 1.017	0.9706	0.9515	 1.902	  1.88	 3.127	 3.204	 | 1.63 quantile
                      	 3.663	 3.979	 2.509	 2.093	 3.057	 2.784	 2.973	 2.831	 3.551	 3.549	 4.977	 5.008	 | 5.008 max

train losses     22:	0.4528	 0.454	0.3456	0.3433	0.4652	0.4648	0.4664	0.4834	0.6057	0.6251	 1.482	 1.465	
val losses       22:	  0.36	0.3252	0.2902	0.2915	0.3667	0.3778	0.3706	0.3745	 0.688	 0.651	 1.023	 1.004	 | 0.5102 mean
                     	 1.023	0.8836	0.7498	0.7787	0.9791	 1.012	0.9723	0.9458	 1.875	 1.856	 3.149	 3.228	 | 1.601 quantile
                      	 3.455	  3.58	 2.701	 2.058	  3.03	 2.759	 2.974	 2.821	 3.169	 3.127	 4.819	 5.026	 | 5.026 max

train losses     24:	0.4332	0.4372	0.3412	0.3443	0.4498	0.4573	0.4682	0.4823	0.5926	0.6147	  1.48	 1.465	
val losses       24:	0.3374	0.3086	0.2899	0.2945	0.3588	0.3694	0.3711	0.3752	0.6898	0.6733	 1.018	 1.005	 | 0.5076 mean
                     	0.9633	0.8482	0.7336	0.7974	0.9587	0.9812	0.9761	0.9471	 1.874	 1.863	 3.227	 3.222	 | 1.595 quantile
                      	 3.434	 3.246	 2.365	 2.169	 3.097	 3.074	 3.029	 2.808	 3.357	 3.308	 4.995	 5.025	 | 5.025 max

train losses     26:	0.4142	0.4169	0.3421	0.3445	0.4428	0.4539	0.4644	0.4823	0.5521	0.5871	 1.478	 1.464	
val losses       26:	 0.328	0.3012	0.2918	0.2912	0.3518	0.3698	0.3636	0.3736	0.6681	0.6612	 1.012	 1.003	 | 0.5013 mean
                     	0.9231	0.8347	0.7334	0.7848	 0.958	0.9896	0.9457	0.9508	 1.787	 1.766	 3.254	 3.215	 | 1.576 quantile
                      	  3.19	 3.102	  2.39	 2.168	 3.126	 2.954	 3.112	 3.022	  3.36	 3.283	 4.987	 5.035	 | 5.035 max

train losses     28:	0.4054	0.4113	0.3395	0.3399	0.4303	0.4471	0.4624	0.4815	 0.512	0.5476	 1.479	 1.466	
val losses       28:	0.3138	0.2925	0.2839	0.2903	0.3498	0.3699	0.3645	 0.375	0.6663	0.6616	 1.014	 1.002	 | 0.4987 mean
                     	0.8719	0.8235	0.7402	0.7803	0.9408	0.9964	0.9491	0.9515	 1.788	 1.759	 3.238	 3.248	 | 1.566 quantile
                      	 3.115	  2.98	 2.444	  2.05	 3.173	 2.973	 3.211	 3.009	 3.162	 2.971	 4.982	 5.115	 | 5.115 max

train losses     30:	0.3931	 0.404	 0.339	0.3379	0.4251	0.4433	0.4615	0.4795	0.5024	0.5472	 1.476	 1.462	
val losses       30:	0.3053	0.2866	0.2868	0.2908	0.3483	0.3702	0.3658	 0.374	0.6726	0.6635	  1.01	 1.002	 | 0.498 mean
                     	0.8402	0.7997	0.7474	0.7822	0.9417	0.9879	0.9572	0.9501	 1.846	 1.771	 3.248	 3.247	 | 1.556 quantile
                      	 3.228	 2.959	 2.458	 2.034	 3.164	 2.847	 3.186	 3.001	 3.449	 3.246	 5.012	 5.102	 | 5.102 max

train losses     32:	0.3759	0.3885	0.3473	0.3411	0.4174	0.4358	0.4616	0.4775	0.4868	0.5235	 1.476	 1.463	
val losses       32:	0.2988	 0.282	 0.299	 0.293	0.3439	0.3674	0.3646	0.3739	 0.673	0.6775	 1.008	 1.011	 | 0.4993 mean
                     	0.8209	0.7841	0.7484	0.7889	0.9172	0.9706	0.9491	0.9468	 1.862	 1.814	  3.27	 3.212	 | 1.552 quantile
                      	 3.161	 2.974	  2.17	 2.135	 3.049	 2.941	 3.188	 2.938	 3.326	 3.102	 5.106	 4.926	 | 5.106 max

train losses     34:	0.3693	0.3829	0.3413	0.3368	0.4197	0.4361	0.4603	0.4759	0.4859	0.5322	 1.474	 1.461	
val losses       34:	0.2933	0.2807	 0.282	0.2847	0.3516	0.3726	0.3662	0.3734	0.6913	0.6989	 1.006	 1.003	 | 0.5003 mean
                     	0.7982	0.7664	0.7383	0.7682	0.9285	0.9907	0.9575	0.9507	 1.908	  1.77	  3.27	 3.263	 | 1.572 quantile
                      	 3.202	  3.03	 2.311	 2.081	 3.107	 2.802	 3.141	 2.921	 3.681	 3.451	 5.135	  5.12	 | 5.135 max

train losses     36:	0.3706	0.3796	0.3475	0.3399	0.4115	0.4312	0.4612	0.4751	0.4991	0.5433	 1.474	 1.462	
val losses       36:	0.3007	0.2843	0.2829	0.2841	0.3484	0.3691	0.3652	0.3738	0.7127	 0.713	 1.008	 1.007	 | 0.5041 mean
                     	0.8207	0.7706	0.7374	0.7637	0.9438	0.9753	0.9552	0.9494	 2.013	 2.037	 3.271	 3.236	 | 1.602 quantile
                      	  3.37	 2.793	  2.32	 2.106	 2.965	 3.077	 3.156	 2.846	 3.235	 2.923	 5.048	 5.059	 | 5.059 max

train losses     38:	0.3665	0.3781	0.3379	0.3324	0.4096	0.4351	0.4615	0.4741	0.4897	0.5329	  1.47	 1.456	
val losses       38:	0.2918	0.2729	0.2838	 0.284	0.3434	0.3654	0.3647	0.3727	0.7161	0.7208	 1.005	 1.005	 | 0.5022 mean
                     	0.7912	0.7425	0.7372	0.7653	0.9192	 0.967	0.9498	0.9552	 2.006	 1.999	 3.267	  3.22	 | 1.594 quantile
                      	 3.072	 2.752	   2.2	 2.076	 2.897	 3.036	 3.227	 2.877	 3.459	 3.161	 5.127	 4.958	 | 5.127 max

train losses     40:	0.3629	0.3709	0.3375	0.3323	0.4098	0.4314	0.4631	0.4734	0.4515	0.4887	 1.475	 1.461	
val losses       40:	0.2996	0.2834	0.2825	0.2842	0.3492	0.3753	0.3665	0.3732	0.7119	0.7082	 1.004	 1.004	 | 0.5034 mean
                     	0.8084	0.7425	 0.737	0.7663	0.9108	 1.017	 0.951	0.9545	 1.886	  1.84	 3.263	 3.234	 | 1.566 quantile
                      	 3.018	 3.068	 2.226	 2.079	 3.059	 2.775	 3.257	 2.913	  3.53	 3.294	 5.164	 5.065	 | 5.164 max

train losses     42:	0.3569	0.3663	 0.337	0.3311	0.4099	 0.423	0.4616	 0.472	0.4499	0.4984	 1.466	 1.452	
val losses       42:	 0.281	0.2697	0.2823	0.2843	0.3417	0.3693	0.3646	0.3735	0.6937	0.6997	 1.003	 1.005	 | 0.4973 mean
                     	0.7508	0.7236	0.7376	0.7677	0.8939	   1.0	0.9526	0.9556	 1.913	 1.796	 3.248	 3.207	 | 1.561 quantile
                      	 3.055	 2.939	 2.256	 2.103	 2.974	 2.708	 3.206	 2.868	 3.432	 3.156	 5.122	 5.019	 | 5.122 max

train losses     44:	0.3431	0.3557	0.3395	0.3333	0.3981	 0.414	0.4599	0.4705	0.4464	0.4981	  1.47	 1.455	
val losses       44:	0.2806	0.2673	0.2814	0.2855	 0.337	0.3702	0.3657	0.3734	0.7123	0.6992	 1.005	 1.005	 | 0.4985 mean
                     	0.7467	0.7124	0.7448	0.7723	0.9245	 1.004	0.9561	0.9509	 1.946	 1.902	 3.228	  3.22	 | 1.569 quantile
                      	  3.36	 2.808	 2.303	 2.062	 2.776	 2.633	 3.118	 2.779	 3.283	 2.999	 5.046	 5.052	 | 5.052 max

train losses     46:	0.3328	0.3457	0.3409	0.3334	0.3958	0.4086	0.4596	0.4699	0.4365	0.4942	 1.465	  1.45	
val losses       46:	0.2762	0.2647	0.2825	0.2844	0.3373	0.3712	0.3657	0.3736	0.7151	0.7104	 1.001	 1.005	 | 0.4989 mean
                     	0.7338	0.7037	0.7358	0.7695	0.9183	0.9987	0.9545	 0.956	 1.976	  1.92	 3.253	 3.205	 | 1.564 quantile
                      	 3.293	  2.84	  2.18	 2.098	  2.79	 2.627	 3.145	 2.764	 3.533	  3.32	 5.153	 5.011	 | 5.153 max

train losses     48:	0.3293	0.3418	0.3367	0.3307	0.3917	0.4039	0.4597	0.4692	0.4353	0.4867	 1.463	 1.447	
val losses       48:	0.2785	0.2666	0.2811	0.2842	0.3378	 0.369	0.3647	0.3734	0.7228	0.7183	 1.004	 1.008	 | 0.5007 mean
                     	0.7465	0.6989	0.7381	0.7675	0.8953	0.9989	0.9515	  0.96	 1.983	 1.957	 3.216	 3.184	 | 1.575 quantile
                      	 2.947	 2.897	 2.201	 2.079	 2.896	 2.648	 3.218	 2.778	 3.377	 3.094	 5.106	 4.975	 | 5.106 max

train losses     50:	0.3256	0.3377	0.3366	0.3307	0.3877	0.4006	0.4594	0.4687	0.4369	0.4908	 1.464	 1.447	
val losses       50:	0.2725	0.2615	0.2805	0.2844	0.3377	0.3734	0.3669	0.3737	0.7348	0.7172	 1.001	 1.006	 | 0.5008 mean
                     	0.7205	0.6842	0.7358	0.7676	0.9276	 1.009	0.9603	0.9585	   2.0	 2.024	 3.223	 3.192	 | 1.584 quantile
                      	 3.252	 2.851	 2.243	 2.083	 2.705	 2.448	 3.094	 2.693	 3.469	 3.248	 5.062	 5.045	 | 5.062 max

train losses     52:	0.3238	0.3375	0.3382	0.3315	0.3878	0.3976	0.4591	0.4683	0.4328	0.4917	 1.459	  1.44	
val losses       52:	 0.273	0.2619	0.2871	 0.288	0.3355	0.3688	0.3652	0.3737	0.7285	0.7255	0.9995	  1.01	 | 0.5014 mean
                     	 0.716	0.6878	0.7397	0.7798	0.9057	0.9964	0.9507	 0.958	 1.996	 1.887	 3.241	 3.168	 | 1.575 quantile
                      	 3.232	 2.751	 2.102	 2.134	 2.766	 2.528	 3.149	 2.677	 3.445	 3.222	 5.174	 4.971	 | 5.174 max

train losses     54:	0.3266	0.3377	0.3393	0.3334	0.3904	0.3996	0.4594	0.4679	0.4541	0.5062	 1.457	 1.437	
val losses       54:	0.2727	0.2592	0.2816	0.2854	0.3373	0.3734	0.3668	0.3741	0.7413	0.7235	0.9997	 1.008	 | 0.5019 mean
                     	  0.71	0.6812	0.7354	0.7739	0.9228	 1.013	0.9575	 0.964	 1.996	  1.93	 3.217	 3.152	 | 1.586 quantile
                      	 3.238	  2.74	  2.12	 2.106	 2.711	 2.393	 3.114	 2.637	 3.473	 3.249	 5.098	 4.963	 | 5.098 max

train losses     56:	0.3191	0.3318	0.3385	0.3334	0.3861	0.3944	0.4584	0.4671	0.5228	0.5839	 1.455	 1.433	
val losses       56:	0.2745	0.2591	0.2815	0.2849	0.3378	0.3651	0.3651	0.3741	0.7793	0.7848	 1.008	 1.017	 | 0.5109 mean
                     	0.7161	0.6885	0.7374	0.7751	0.9476	0.9752	0.9501	0.9651	 2.214	 2.257	 3.202	 3.159	 | 1.644 quantile
                      	 3.251	 2.498	 2.099	 2.068	 2.621	 2.699	 3.113	 2.603	 3.014	 3.188	 5.029	 4.958	 | 5.029 max

train losses     58:	 0.326	0.3342	0.3407	0.3329	 0.389	0.3989	0.4584	0.4672	0.4429	0.5112	 1.452	 1.429	
val losses       58:	0.2731	0.2539	0.2869	0.2858	 0.338	0.3643	0.3636	0.3728	0.7615	0.7504	0.9966	 1.006	 | 0.5044 mean
                     	0.7274	0.6685	0.7415	0.7762	0.9071	0.9648	0.9455	0.9646	  2.08	 2.051	  3.24	 3.169	 | 1.635 quantile
                      	 3.225	 2.714	  2.12	 2.123	 2.807	 2.434	 3.159	 2.665	 3.637	 3.446	 5.082	 5.117	 | 5.117 max

train losses     60:	0.3361	0.3507	 0.344	 0.339	0.3887	0.4059	0.4578	 0.467	0.4205	0.4666	 1.451	 1.428	
val losses       60:	0.2878	0.2829	0.2866	0.2915	0.3463	0.3855	0.3646	0.3726	0.7446	0.7419	 1.004	 1.009	 | 0.5097 mean
                     	0.7815	0.7274	0.7535	0.7766	0.8971	 1.032	0.9532	0.9643	 2.108	 2.093	 3.191	 3.178	 | 1.628 quantile
                      	   2.9	 2.963	 2.309	 2.077	 2.946	 2.646	 3.127	 2.672	 3.333	 3.056	 5.029	 5.135	 | 5.135 max

train losses     62:	0.3355	0.3412	0.3418	0.3372	0.3754	0.3857	0.4565	0.4656	0.4209	0.4971	 1.441	 1.401	
val losses       62:	0.2789	0.2612	0.2855	0.2876	0.3375	0.3673	0.3654	0.3744	0.7646	0.7434	0.9988	  1.01	 | 0.5062 mean
                     	0.7172	 0.686	  0.74	0.7828	0.9366	0.9946	0.9612	0.9722	 2.119	 2.135	  3.19	 3.125	 | 1.62 quantile
                      	 3.491	 2.448	 2.051	 2.102	 2.417	 2.351	 3.023	 2.527	 3.409	  3.24	 4.943	 4.894	 | 4.943 max

train losses     64:	0.3222	0.3291	0.3487	0.3435	 0.378	0.3868	 0.455	0.4633	0.4528	0.5198	 1.426	 1.372	
val losses       64:	0.2771	 0.258	0.2864	0.2902	0.3427	0.3669	0.3626	0.3724	 0.791	0.7786	 1.006	 1.021	 | 0.5128 mean
                     	0.7148	 0.685	0.7405	0.7812	0.9186	0.9865	0.9554	0.9735	  2.22	 2.215	 3.161	 3.117	 | 1.644 quantile
                      	 3.282	 2.416	 2.088	 2.097	 2.521	 2.538	 3.037	 2.517	  3.39	 3.137	 4.915	 4.894	 | 4.915 max

train losses     66:	0.3294	0.3296	 0.356	0.3559	0.3922	0.3941	0.4537	0.4616	0.5607	0.6374	 1.408	 1.334	
val losses       66:	0.2874	0.2621	 0.308	0.3055	0.3522	0.3755	0.3606	0.3707	0.7873	0.8004	0.9968	 1.021	 | 0.5189 mean
                     	0.7461	0.6983	0.7794	 0.818	0.9145	 1.022	0.9518	0.9642	 2.131	 2.166	 3.171	 3.098	 | 1.674 quantile
                      	 3.134	 2.343	 1.986	 2.136	 2.601	 2.729	 3.133	 2.649	 3.866	 3.856	 5.065	 5.003	 | 5.065 max

train losses     68:	0.3351	0.3361	0.3503	0.3594	0.3998	0.3964	 0.452	0.4595	0.5628	0.6314	 1.395	 1.315	
val losses       68:	0.2907	0.2638	0.2889	0.2988	0.3604	 0.376	0.3646	0.3701	0.7659	0.7623	 1.011	 1.043	 | 0.5163 mean
                     	 0.769	0.7017	0.7471	0.7926	0.9362	 1.004	0.9507	0.9689	 2.188	 2.156	 3.061	 3.143	 | 1.639 quantile
                      	 2.953	 2.506	 2.183	 2.124	 2.488	 2.329	 2.991	 2.582	 3.575	 3.427	  4.87	 5.039	 | 5.039 max

train losses     70:	0.3868	0.3929	 0.394	 0.405	0.4073	0.4228	0.4515	0.4588	0.5442	0.5966	 1.367	 1.288	
val losses       70:	 0.294	0.2582	0.2856	0.2973	0.3454	0.3675	0.3609	 0.369	0.7436	0.7481	 1.009	 1.034	 | 0.5094 mean
                     	0.7845	0.6916	 0.747	0.7963	0.9226	0.9996	0.9436	 0.968	 2.125	 2.106	 3.088	 3.132	 | 1.612 quantile
                      	 3.233	 2.385	 2.118	 2.121	 2.522	 2.531	  3.01	 2.542	 3.025	 3.501	 5.031	 5.097	 | 5.097 max

train losses     72:	0.3777	0.3659	 0.375	0.3816	0.4138	0.4262	0.4464	0.4548	0.4213	0.5412	 1.314	 1.237	
val losses       72:	  0.31	0.2839	0.2893	0.3025	0.3606	0.3876	0.3591	0.3671	0.7262	 0.717	 1.027	 1.068	 | 0.5166 mean
                     	0.8241	 0.724	0.7486	0.8043	0.9684	 1.047	0.9527	0.9687	 2.105	 2.039	 3.049	 3.238	 | 1.639 quantile
                      	 2.969	 2.659	  2.28	 2.052	 2.357	 1.958	 3.011	 2.534	 2.913	 2.867	 4.973	 5.192	 | 5.192 max

train losses     74:	0.4255	0.4102	0.3497	0.3677	0.4298	0.4228	0.4458	0.4502	0.4337	0.5799	 1.237	 1.175	
val losses       74:	0.3038	0.2696	0.2875	0.2982	 0.352	0.3749	0.3525	 0.361	0.7226	0.7172	 1.036	 1.082	 | 0.5131 mean
                     	 0.781	0.7073	0.7458	0.7944	0.9476	 1.026	0.9506	0.9534	 2.034	 1.994	 3.139	 3.274	 | 1.633 quantile
                      	 3.251	 2.434	 2.239	   2.1	 2.256	 2.219	 3.094	 2.609	 2.818	 2.874	 4.974	 4.993	 | 4.993 max

train losses     76:	 0.381	0.3904	0.3465	0.3587	0.3953	0.3922	0.4501	0.4473	0.4159	0.5318	 1.184	  1.14	
val losses       76:	0.3048	0.2652	0.2897	0.2988	0.3579	0.3751	0.3603	0.3644	0.7505	0.7319	 1.062	 1.101	 | 0.5218 mean
                     	0.7749	0.7026	0.7492	0.8022	0.9836	 1.014	0.9547	0.9621	 2.081	 2.031	 3.182	 3.311	 | 1.666 quantile
                      	 3.287	 2.513	 2.229	 2.124	 2.221	 2.078	 2.898	 2.511	 2.862	 2.904	 4.704	 4.631	 | 4.704 max

train losses     78:	0.3442	0.3379	0.3589	0.3665	0.3905	0.3892	0.4333	0.4389	0.4885	0.5901	 1.142	 1.092	
val losses       78:	0.2929	0.2727	0.2874	0.2913	0.3694	0.3956	0.3437	0.3527	0.7527	0.7602	 1.047	 1.069	 | 0.5196 mean
                     	0.7644	0.7307	0.7504	0.7855	  1.01	  1.07	0.9108	0.9234	 2.084	 2.089	 3.138	 3.217	 | 1.7 quantile
                      	 3.177	  2.76	 2.298	 2.087	 2.402	 2.324	  3.02	 2.623	 3.094	 3.234	 4.735	 4.761	 | 4.761 max

train losses     80:	0.3382	0.3296	0.3529	0.3529	0.3796	0.3804	0.4226	0.4286	0.5167	0.5832	 1.072	 1.028	
val losses       80:	0.2955	0.2616	0.3056	0.2959	0.3664	0.3789	0.3401	0.3478	 0.795	0.7972	  1.08	 1.107	 | 0.531 mean
                     	0.7691	0.6974	0.7669	0.7979	 1.029	 1.043	0.8853	0.9173	 2.328	 2.226	 3.171	 3.274	 | 1.77 quantile
                      	 3.346	 2.672	  2.19	  2.08	 2.338	 2.462	 3.068	 2.655	 2.985	 3.388	 4.465	 5.129	 | 5.129 max

train losses     82:	0.3426	0.3336	0.3645	0.3591	0.3826	0.3931	0.4201	0.4241	0.5161	0.5754	 1.026	0.9874	
val losses       82:	0.2947	0.2526	0.2901	0.2943	  0.36	0.3688	0.3493	 0.351	0.8268	0.8393	 1.071	 1.058	 | 0.5297 mean
                     	0.7866	0.6846	0.7526	0.7964	 1.045	 1.024	0.9332	0.9289	 2.545	 2.395	 3.067	 3.029	 | 1.783 quantile
                      	 3.355	 2.494	 2.257	  2.08	 2.585	 2.602	 2.891	 2.544	 3.578	 3.787	 4.503	 4.878	 | 4.878 max

train losses     84:	0.3447	0.3293	0.3508	0.3527	0.3908	0.3944	0.4168	0.4214	0.4921	0.5905	0.9345	0.9128	
val losses       84:	0.2938	 0.259	0.2878	0.3086	0.3414	0.3592	0.3352	0.3481	0.7877	0.8083	 1.056	 1.053	 | 0.5199 mean
                     	0.7673	0.6806	0.7538	0.8018	0.9371	0.9509	0.9048	0.9158	 2.178	 2.191	 2.984	 2.953	 | 1.737 quantile
                      	  3.27	 2.684	 2.327	 1.993	 2.548	 2.477	  2.88	 2.534	 3.297	 3.176	 4.335	 4.641	 | 4.641 max

train losses     86:	0.3374	0.3214	0.3496	0.3618	 0.379	0.3752	0.4112	0.4219	0.5015	 0.644	0.8535	0.8275	
val losses       86:	0.2879	0.2617	0.2896	0.3022	0.3375	 0.363	0.3391	0.3514	  0.76	0.7614	 1.057	 1.031	 | 0.5118 mean
                     	 0.736	0.6808	0.7519	0.7933	0.9487	0.9909	0.8827	0.9242	 2.037	 2.107	 2.946	 2.971	 | 1.672 quantile
                      	 3.411	 2.778	 2.149	  2.04	 2.284	 2.211	 3.153	  2.63	 2.895	 3.093	 4.394	 4.722	 | 4.722 max

train losses     88:	0.3271	 0.325	 0.351	0.3533	0.3737	0.3745	0.4047	0.4172	0.5046	0.5641	0.7645	0.7462	
val losses       88:	0.2921	0.2694	0.3148	0.3189	0.3522	0.3771	0.3383	0.3456	0.7258	0.7311	  1.08	 1.074	 | 0.5183 mean
                     	 0.752	0.6954	 0.771	0.8365	0.9981	 1.052	0.8829	0.8992	 1.955	 1.904	 2.961	 2.952	 | 1.651 quantile
                      	 3.617	 3.013	 2.099	 2.064	  2.33	 2.092	 2.876	 2.606	 3.193	 3.124	 4.719	 4.798	 | 4.798 max

train losses     90:	0.3249	0.3252	0.3494	0.3475	0.3623	0.3656	0.4036	0.4171	 0.424	0.4914	0.7155	0.7035	
val losses       90:	 0.292	 0.282	0.2823	0.2907	0.3437	0.3684	0.3393	0.3475	0.7359	0.7386	 1.064	 1.049	 | 0.5111 mean
                     	0.7427	0.7149	0.7328	0.7828	 0.985	 1.049	 0.886	0.9045	 2.031	 2.041	 2.943	 2.943	 | 1.639 quantile
                      	 3.712	 2.831	 2.085	 2.075	 2.793	 2.486	 2.947	 2.589	 2.991	 3.031	 4.216	 4.581	 | 4.581 max

train losses     92:	0.3222	0.3226	0.3505	0.3445	0.3624	0.3629	0.4003	0.4139	0.4033	0.4722	 0.627	0.6329	
val losses       92:	0.2839	0.2605	0.2808	0.2884	0.3396	0.3597	0.3434	0.3502	 0.724	0.7435	 1.071	 1.064	 | 0.5091 mean
                     	0.7267	0.6689	 0.725	 0.781	0.9786	0.9999	0.9013	0.9118	 1.985	 1.991	 2.991	 2.932	 | 1.65 quantile
                      	  3.62	 2.699	 2.123	 2.073	 2.662	 2.381	 2.842	  2.51	 3.303	 3.048	 4.562	 4.762	 | 4.762 max

train losses     94:	0.3203	0.3157	0.3372	0.3382	0.3585	0.3607	0.3958	0.4104	0.4054	0.4578	0.5541	0.5518	
val losses       94:	0.2816	0.2593	0.2807	0.2889	0.3387	0.3551	0.3415	 0.349	0.7325	0.7405	 1.106	 1.095	 | 0.514 mean
                     	0.7259	0.6695	0.7244	0.7724	0.9657	0.9737	0.8923	0.9095	 2.038	  2.01	  3.05	 3.061	 | 1.691 quantile
                      	 3.494	 2.505	 2.067	 2.071	 2.651	 2.374	 2.937	  2.55	 3.377	 2.969	 4.806	 4.903	 | 4.903 max

train losses     96:	0.3149	0.3136	0.3357	 0.336	0.3541	0.3557	0.3952	0.4098	0.3945	0.4328	0.5105	0.5088	
val losses       96:	0.2803	  0.26	 0.283	 0.287	0.3376	0.3543	0.3414	 0.349	0.7455	 0.757	 1.097	 1.085	 | 0.5148 mean
                     	0.7211	0.6694	0.7211	 0.772	0.9662	0.9755	0.8875	0.9088	 1.959	  1.92	 3.067	 3.089	 | 1.677 quantile
                      	 3.415	 2.449	 1.979	 2.091	 2.718	  2.41	 2.982	 2.568	 3.608	 2.983	 4.708	 4.767	 | 4.767 max

train losses     98:	0.3138	0.3128	0.3361	0.3364	0.3535	0.3547	  0.39	0.4052	0.3986	0.4293	0.4662	0.4653	
val losses       98:	0.2795	0.2659	0.2801	 0.287	0.3371	0.3551	0.3443	 0.349	0.7529	0.7682	 1.098	 1.084	 | 0.5168 mean
                     	0.7164	0.6798	0.7264	0.7663	0.9368	0.9707	 0.892	0.9141	  2.01	 1.968	 3.033	 3.006	 | 1.679 quantile
                      	 3.331	 2.411	 2.083	 2.084	 2.834	 2.492	 2.802	  2.44	 3.513	 2.871	 4.681	 4.735	 | 4.735 max

train losses    100:	0.3138	 0.312	0.3342	0.3347	0.3502	0.3512	0.3872	0.4025	0.3902	0.4201	0.4544	0.4551	
val losses      100:	0.2759	0.2597	0.2819	0.2876	0.3343	0.3521	0.3468	0.3507	0.7633	0.7881	 1.093	 1.077	 | 0.5175 mean
                     	0.7105	 0.662	 0.715	0.7749	0.9302	  0.97	 0.893	0.9176	 1.991	 1.977	 2.966	 2.956	 | 1.7 quantile
                      	 3.244	 2.131	 1.985	 2.118	 2.762	  2.39	 2.895	 2.454	 3.529	 2.901	 4.688	 4.658	 | 4.688 max

train losses    102:	 0.317	0.3135	0.3365	0.3368	0.3499	0.3509	0.3855	0.4016	 0.404	0.4434	0.4457	0.4402	
val losses      102:	0.2886	0.2741	0.2845	0.2893	0.3353	0.3542	0.3469	0.3504	0.7685	0.7875	 1.109	 1.098	 | 0.5239 mean
                     	0.7506	0.6981	0.7165	0.7817	0.9397	0.9797	0.8994	0.9139	 1.985	 1.999	 3.014	 2.973	 | 1.729 quantile
                      	 3.139	 2.354	 1.973	 2.154	 2.739	 2.355	 2.782	  2.41	 3.645	 3.011	  4.65	 4.577	 | 4.65 max

train losses    104:	0.3146	0.3141	0.3343	0.3345	0.3485	0.3481	0.3833	0.3972	0.4252	0.4616	0.4164	0.4173	
val losses      104:	0.2764	0.2601	0.2828	0.2873	0.3383	0.3553	0.3451	 0.348	0.7474	0.7755	 1.095	 1.079	 | 0.5159 mean
                     	0.7071	0.6626	0.7177	0.7756	0.9489	0.9883	0.8815	0.9104	 1.962	 1.967	 2.955	 3.004	 | 1.685 quantile
                      	 3.402	 2.064	 1.935	 2.156	 2.621	  2.24	 2.839	  2.39	 3.522	 2.848	 4.561	 4.499	 | 4.561 max

train losses    106:	0.3134	0.3125	0.3351	0.3361	 0.348	0.3484	0.3811	0.3958	0.3974	0.4303	0.3893	0.3868	
val losses      106:	0.2751	0.2585	  0.28	 0.286	 0.334	0.3562	0.3511	0.3511	0.7338	0.7496	 1.132	 1.116	 | 0.5186 mean
                     	0.7042	0.6667	0.7205	0.7707	0.9348	0.9933	0.9115	0.9157	 1.998	 2.041	 2.997	 2.982	 | 1.728 quantile
                      	 3.335	 2.104	 2.077	 2.079	 2.663	 2.244	 2.839	 2.386	  3.63	 3.051	 5.004	 4.964	 | 5.004 max

train losses    108:	  0.31	0.3084	0.3337	 0.333	0.3408	0.3406	0.3791	0.3937	0.3603	0.3801	0.3709	0.3691	
val losses      108:	0.2773	0.2607	0.2808	0.2864	0.3361	0.3589	0.3479	0.3501	0.7421	0.7566	 1.122	 1.106	 | 0.5188 mean
                     	0.7136	0.6643	0.7152	0.7707	0.9436	0.9982	0.8944	0.9178	  2.01	 2.052	 2.942	 2.992	 | 1.723 quantile
                      	 3.379	  2.14	 2.013	 2.079	 2.656	 2.246	  2.86	 2.406	 3.562	 2.977	 4.727	 4.671	 | 4.727 max

train losses    110:	0.3052	0.3031	0.3343	0.3338	0.3379	0.3363	0.3737	0.3884	0.3433	0.3603	0.3371	0.3338	
val losses      110:	0.2739	0.2594	0.2831	0.2873	0.3357	0.3572	0.3539	0.3523	 0.737	0.7526	 1.133	 1.115	 | 0.52 mean
                     	0.7036	0.6633	0.7145	0.7751	0.9474	0.9996	0.9201	0.9155	  1.97	 2.046	 2.958	 2.958	 | 1.722 quantile
                      	 3.451	 2.228	 1.936	 2.167	 2.537	 2.189	 2.826	 2.385	  3.49	  2.96	 4.754	 4.707	 | 4.754 max

train losses    112:	0.3054	0.3021	0.3323	0.3318	0.3322	0.3323	0.3701	0.3848	0.3393	0.3544	0.3236	0.3181	
val losses      112:	0.2738	0.2599	0.2805	0.2855	0.3357	0.3564	0.3497	0.3506	0.7461	0.7592	 1.133	 1.117	 | 0.5207 mean
                     	0.7064	0.6602	0.7108	0.7693	0.9477	0.9995	0.9007	0.9186	 1.956	 2.052	 2.986	 2.971	 | 1.735 quantile
                      	 3.388	 2.148	  1.98	 2.111	 2.532	 2.166	 2.795	 2.378	 3.524	 2.855	 4.573	 4.573	 | 4.573 max

train losses    114:	0.3029	0.3013	0.3313	0.3312	0.3311	0.3303	0.3676	0.3811	0.3362	0.3504	0.3088	0.3102	
val losses      114:	0.2706	0.2557	0.2789	0.2853	0.3339	0.3544	0.3535	0.3521	0.7484	0.7596	 1.138	 1.121	 | 0.5209 mean
                     	0.7009	0.6541	0.7189	0.7679	 0.943	0.9752	0.9111	0.9177	 2.017	   2.1	 2.946	 2.959	 | 1.747 quantile
                      	 3.289	 2.178	 2.031	 2.094	 2.485	 2.335	 2.912	 2.416	 3.511	 3.021	  4.78	 4.778	 | 4.78 max

train losses    116:	0.3018	0.3002	0.3319	0.3306	0.3268	0.3269	0.3645	0.3776	0.3327	0.3427	0.3073	 0.302	
val losses      116:	0.2723	0.2565	 0.281	0.2854	  0.34	0.3573	0.3516	0.3506	0.7518	0.7653	 1.154	  1.14	 | 0.5255 mean
                     	0.7037	0.6511	 0.713	0.7681	0.9702	 1.002	0.9075	 0.918	 1.979	 2.068	 3.013	 2.986	 | 1.774 quantile
                      	 3.335	 2.149	 1.945	 2.114	 2.375	 2.214	 2.806	 2.379	 3.622	 2.979	 4.541	 4.775	 | 4.775 max

train losses    118:	0.2994	 0.297	0.3319	0.3303	0.3261	0.3247	0.3624	 0.375	0.3291	0.3415	0.3044	0.2981	
val losses      118:	0.2687	0.2536	0.2817	0.2859	0.3366	0.3564	0.3573	0.3541	0.7489	0.7637	 1.152	 1.136	 | 0.5246 mean
                     	0.6958	0.6534	0.7129	0.7686	0.9495	0.9912	0.9268	0.9223	 1.965	 2.066	 2.956	 2.974	 | 1.761 quantile
                      	 3.292	 2.229	 1.956	 2.118	 2.346	 2.308	 2.921	 2.416	 3.554	 2.935	 4.865	 4.811	 | 4.865 max

train losses    120:	0.3001	0.2979	0.3309	0.3295	0.3218	0.3221	0.3592	0.3716	0.3309	0.3409	0.2944	0.2918	
val losses      120:	0.2725	0.2572	 0.282	0.2851	0.3387	 0.357	0.3557	0.3534	0.7567	  0.77	 1.159	 1.145	 | 0.5278 mean
                     	0.7011	0.6589	0.7125	0.7664	0.9633	0.9992	0.9196	0.9184	 2.018	 2.097	 2.969	 2.963	 | 1.771 quantile
                      	 3.213	 2.078	 1.933	 2.126	 2.331	 2.254	 2.841	 2.383	 3.494	 2.983	 4.577	  4.62	 | 4.62 max

train losses    122:	0.2968	0.2937	  0.33	0.3288	 0.321	0.3202	0.3573	0.3687	 0.333	0.3396	0.2973	0.2952	
val losses      122:	 0.267	0.2508	0.2795	0.2845	0.3356	 0.355	0.3598	 0.356	0.7576	0.7721	  1.15	 1.134	 | 0.5251 mean
                     	0.6919	0.6446	0.7135	0.7675	  0.94	  0.98	 0.929	0.9209	 2.023	 2.102	 2.944	 2.945	 | 1.767 quantile
                      	 3.292	 2.182	 1.992	 2.082	 2.317	 2.369	 2.885	 2.403	 3.492	   3.0	 4.757	 4.725	 | 4.757 max

train losses    124:	0.2961	0.2935	 0.332	0.3286	0.3175	0.3173	0.3537	 0.365	0.3306	0.3371	0.2934	0.2911	
val losses      124:	0.2678	0.2509	0.2837	0.2851	0.3383	0.3564	0.3571	0.3546	0.7631	0.7783	 1.154	 1.143	 | 0.5277 mean
                     	0.6927	 0.641	0.7161	0.7648	0.9579	0.9926	0.9239	0.9227	 2.039	 2.077	 2.952	 2.926	 | 1.774 quantile
                      	 3.234	 2.078	 1.908	 2.108	 2.247	 2.312	 2.873	 2.402	 3.544	 2.976	 4.579	  4.49	 | 4.579 max

train losses    126:	0.2946	 0.292	  0.33	0.3277	0.3163	0.3156	0.3516	0.3622	0.3398	0.3449	0.2866	0.2832	
val losses      126:	0.2658	0.2488	0.2799	0.2844	0.3363	0.3559	0.3614	 0.358	0.7675	0.7827	 1.149	 1.136	 | 0.5271 mean
                     	 0.688	0.6427	0.7101	0.7638	 0.938	0.9783	0.9384	0.9212	 2.059	 2.094	 2.936	 2.922	 | 1.773 quantile
                      	 3.296	 2.127	 1.961	 2.086	 2.259	 2.365	 2.841	 2.369	 3.486	 3.033	 4.645	 4.592	 | 4.645 max

train losses    128:	0.2956	0.2921	0.3309	0.3272	0.3142	0.3138	0.3486	 0.359	 0.335	0.3408	0.2832	0.2804	
val losses      128:	0.2651	0.2485	0.2814	0.2841	0.3347	0.3548	 0.361	0.3577	0.7657	0.7837	 1.151	 1.141	 | 0.5273 mean
                     	0.6849	0.6371	0.7136	0.7631	0.9322	0.9804	0.9267	0.9267	 2.065	 2.094	 2.902	 2.893	 | 1.779 quantile
                      	 3.167	 2.029	 1.931	  2.08	 2.272	 2.373	 2.895	 2.407	 3.528	 3.003	 4.553	  4.47	 | 4.553 max

train losses    130:	0.2928	0.2896	0.3288	0.3266	0.3128	0.3113	0.3459	0.3557	0.3401	0.3441	0.2726	0.2721	
val losses      130:	0.2646	0.2478	 0.278	0.2838	0.3366	0.3552	0.3642	0.3601	0.7676	0.7887	  1.15	 1.137	 | 0.5278 mean
                     	0.6858	0.6396	0.7107	0.7562	0.9422	0.9787	0.9345	0.9299	 2.073	 2.095	 2.887	 2.892	 | 1.783 quantile
                      	 3.266	 2.065	 1.993	 2.054	 2.201	  2.31	 2.789	 2.351	 3.544	 3.032	 4.508	 4.476	 | 4.508 max

train losses    132:	0.2935	0.2893	  0.33	0.3262	0.3104	 0.309	0.3434	0.3533	0.3297	0.3342	 0.276	0.2718	
val losses      132:	0.2629	0.2468	0.2795	0.2835	0.3334	0.3532	0.3638	0.3604	0.7673	0.7905	 1.147	 1.137	 | 0.5272 mean
                     	0.6814	0.6339	0.7085	0.7567	0.9215	0.9649	0.9317	0.9374	 2.043	 2.111	  2.89	 2.876	 | 1.786 quantile
                      	  3.13	 2.036	  1.95	 2.063	 2.231	  2.33	 2.894	 2.432	 3.663	 3.103	 4.575	 4.501	 | 4.575 max

train losses    134:	0.2909	0.2873	0.3277	0.3254	0.3071	0.3055	0.3406	0.3498	0.3214	0.3234	0.2591	0.2603	
val losses      134:	 0.263	 0.247	0.2783	0.2838	0.3364	0.3538	0.3677	0.3629	0.7743	0.8043	 1.151	  1.14	 | 0.5303 mean
                     	0.6789	0.6369	0.7068	0.7553	0.9338	0.9672	0.9406	0.9373	 2.055	 2.138	 2.871	 2.878	 | 1.803 quantile
                      	 3.211	 2.049	 1.971	 2.069	 2.164	  2.25	 2.737	 2.338	 3.686	 3.175	 4.471	 4.435	 | 4.471 max

train losses    136:	0.2907	0.2864	0.3278	0.3254	0.3043	0.3029	0.3383	0.3479	0.3057	0.3111	0.2617	0.2673	
val losses      136:	0.2609	0.2468	0.2775	0.2831	0.3317	0.3523	0.3665	0.3634	0.7707	0.8012	 1.142	 1.132	 | 0.5273 mean
                     	0.6773	0.6339	0.7126	0.7567	0.9112	 0.953	0.9383	0.9415	 2.053	  2.11	 2.838	 2.833	 | 1.785 quantile
                      	 3.058	 2.089	 2.014	 2.019	 2.196	 2.279	 2.884	 2.436	 3.734	 3.053	 4.575	 4.536	 | 4.575 max

train losses    138:	 0.288	0.2846	0.3265	0.3242	0.3011	0.2996	0.3365	0.3452	0.3027	0.3041	0.2649	0.2669	
val losses      138:	0.2597	0.2483	0.2775	0.2832	0.3336	0.3543	0.3713	0.3671	0.7799	0.8121	 1.151	 1.137	 | 0.5312 mean
                     	0.6727	0.6451	0.7147	0.7535	0.9203	0.9596	0.9426	0.9498	 2.071	  2.13	 2.859	  2.83	 | 1.803 quantile
                      	 3.078	  2.12	   2.0	 2.036	 2.133	 2.242	 2.715	 2.326	 3.704	  3.08	 4.465	  4.47	 | 4.47 max

train losses    140:	0.2869	0.2831	 0.326	0.3236	   0.3	0.2976	0.3343	0.3441	0.3041	0.3069	0.2816	0.2827	
val losses      140:	0.2595	0.2475	0.2774	0.2832	0.3314	0.3546	0.3694	0.3668	0.7799	0.8106	 1.142	 1.132	 | 0.5295 mean
                     	0.6676	0.6401	0.7123	0.7538	0.9083	0.9585	0.9431	0.9464	 2.067	 2.169	 2.855	  2.85	 | 1.793 quantile
                      	 2.989	  2.17	 2.018	 1.983	 2.109	 2.236	 2.857	 2.424	 3.827	 3.104	 4.547	 4.516	 | 4.547 max

train losses    142:	0.2866	0.2821	0.3267	0.3239	0.3008	0.2976	0.3335	0.3425	0.3133	0.3145	0.3019	0.3046	
val losses      142:	0.2579	0.2465	0.2786	0.2831	0.3318	0.3549	0.3712	0.3687	0.7898	0.8206	 1.138	 1.126	 | 0.5307 mean
                     	 0.666	0.6427	0.7092	0.7562	0.9169	0.9646	0.9457	0.9506	 2.067	 2.221	 2.806	 2.846	 | 1.801 quantile
                      	 3.008	 2.218	 1.939	 2.049	 2.047	 2.201	 2.733	 2.333	  3.82	 3.286	 4.498	 4.468	 | 4.498 max

train losses    144:	0.2847	0.2823	0.3271	0.3239	0.3009	0.2973	0.3332	0.3431	0.3151	0.3198	0.3188	0.3245	
val losses      144:	0.2566	0.2466	0.2781	0.2823	0.3295	0.3519	0.3682	 0.368	0.8002	0.8294	 1.127	 1.119	 | 0.5298 mean
                     	0.6636	0.6315	0.7099	0.7456	0.8979	0.9557	0.9385	0.9456	 2.093	 2.232	 2.827	 2.817	 | 1.796 quantile
                      	 3.013	  2.21	 1.989	 1.982	  2.09	 2.209	  2.85	 2.412	 3.898	 3.373	  4.43	 4.374	 | 4.43 max

train losses    146:	0.2841	0.2806	0.3275	0.3239	0.2972	0.2947	0.3306	0.3387	0.3051	0.3066	0.3055	0.3035	
val losses      146:	0.2557	0.2427	0.2781	0.2828	0.3286	 0.348	 0.366	0.3681	0.8041	0.8365	 1.129	 1.116	 | 0.5296 mean
                     	0.6645	0.6307	0.7159	0.7532	0.8998	0.9343	0.9333	0.9521	 2.111	 2.247	 2.788	 2.782	 | 1.799 quantile
                      	 2.978	 2.108	 1.986	 2.032	 2.069	 2.236	 2.831	 2.402	 3.801	 3.299	 4.314	 4.301	 | 4.314 max

train losses    148:	0.2842	0.2792	0.3262	0.3242	0.2909	0.2916	0.3242	0.3315	0.3024	0.3171	0.2721	0.2712	
val losses      148:	0.2554	0.2407	 0.277	0.2831	0.3303	0.3465	0.3643	0.3695	0.8148	0.8489	 1.142	  1.13	 | 0.5335 mean
                     	0.6614	0.6269	0.7073	0.7497	0.9117	0.9181	0.9354	0.9553	 2.134	 2.255	 2.826	 2.789	 | 1.826 quantile
                      	 2.938	 2.004	 2.039	 1.936	 2.128	 2.337	 2.896	 2.452	 3.827	 3.201	 4.057	 4.033	 | 4.057 max

train losses    150:	0.2837	0.2789	0.3278	0.3255	0.2868	0.2905	0.3231	0.3283	0.2922	0.3051	 0.269	0.2694	
val losses      150:	0.2543	0.2395	0.2804	0.2866	0.3322	0.3469	0.3655	0.3715	0.8152	0.8474	  1.15	 1.136	 | 0.5355 mean
                     	0.6613	0.6223	0.7173	0.7523	0.9161	0.9118	0.9351	0.9576	 2.151	  2.27	  2.84	 2.856	 | 1.832 quantile
                      	 2.972	 1.994	 2.094	  1.91	  2.06	  2.42	 2.927	 2.481	 3.754	 3.278	 4.225	 4.246	 | 4.246 max

train losses    152:	0.2833	0.2792	0.3311	0.3242	0.2846	0.2894	0.3241	0.3261	0.2835	0.2937	0.2941	 0.289	
val losses      152:	0.2536	0.2381	0.2805	 0.283	0.3284	0.3427	0.3663	0.3718	0.8251	0.8594	 1.146	 1.142	 | 0.5364 mean
                     	0.6579	0.6128	0.7081	0.7525	0.9015	0.9287	0.9405	0.9622	 2.184	 2.303	 2.876	 2.812	 | 1.844 quantile
                      	 2.895	 2.001	 1.921	  1.97	 2.053	 2.331	 3.007	 2.528	 3.849	 3.234	 4.216	 4.108	 | 4.216 max

train losses    154:	0.2823	0.2777	 0.324	  0.32	0.2823	0.2871	0.3217	0.3246	0.2835	0.2819	0.2753	0.2654	
val losses      154:	0.2532	0.2383	0.2773	0.2822	0.3362	0.3491	0.3725	0.3785	0.8266	0.8544	 1.149	 1.134	 | 0.5376 mean
                     	 0.656	0.6114	0.7116	0.7448	0.9215	0.9318	0.9428	0.9803	  2.19	 2.329	 2.825	 2.814	 | 1.834 quantile
                      	 2.965	 1.992	 2.019	 1.982	 1.978	 2.331	 2.708	 2.343	 3.604	 3.412	 3.996	 4.015	 | 4.015 max

train losses    156:	0.2834	0.2766	0.3278	0.3228	0.2816	 0.285	0.3178	 0.321	0.2792	0.2929	0.2504	0.2555	
val losses      156:	0.2508	0.2377	0.2778	0.2816	0.3264	0.3438	0.3752	0.3793	0.8265	0.8644	 1.145	 1.138	 | 0.5372 mean
                     	 0.652	 0.606	0.7061	0.7381	0.8962	0.9218	0.9463	0.9719	 2.204	 2.323	 2.756	  2.79	 | 1.83 quantile
                      	 2.806	 2.025	 1.971	 1.959	 2.023	 2.319	 3.026	  2.56	 3.766	 3.242	 4.363	 4.269	 | 4.363 max

train losses    158:	0.2788	0.2755	0.3261	0.3207	0.2789	0.2826	0.3165	0.3193	0.2809	0.2827	 0.254	0.2453	
val losses      158:	 0.249	0.2378	0.2776	0.2827	0.3296	0.3448	0.3767	0.3816	0.8394	 0.873	 1.159	 1.145	 | 0.5413 mean
                     	0.6453	0.6157	0.7074	0.7469	0.9019	0.9215	0.9604	0.9813	  2.23	 2.356	 2.842	 2.824	 | 1.87 quantile
                      	 2.777	 1.996	  1.96	 1.995	 2.038	 2.387	 2.735	 2.371	  3.66	 3.237	 4.209	 4.073	 | 4.209 max

train losses    160:	0.2794	0.2742	0.3231	0.3187	0.2774	0.2811	0.3102	0.3148	0.2997	0.2984	0.2447	0.2398	
val losses      160:	0.2498	0.2362	 0.278	0.2825	0.3315	0.3422	0.3694	0.3784	0.8467	0.8808	 1.137	 1.128	 | 0.5384 mean
                     	0.6497	0.5984	0.7113	0.7412	0.9036	0.9124	0.9401	0.9764	  2.26	 2.427	 2.774	 2.819	 | 1.853 quantile
                      	 2.892	 1.956	 2.073	 1.908	 1.967	 2.329	 2.841	 2.473	 3.805	  3.41	 4.037	 4.016	 | 4.037 max

train losses    162:	0.2787	0.2744	0.3249	0.3206	0.2772	0.2802	0.3087	0.3132	0.2822	0.2873	 0.257	0.2587	
val losses      162:	0.2471	0.2321	0.2797	0.2845	0.3282	0.3409	0.3731	0.3811	0.8579	0.8968	 1.152	 1.144	 | 0.5431 mean
                     	0.6455	0.5914	 0.708	0.7584	0.8983	0.9175	 0.948	0.9801	 2.327	 2.445	 2.767	 2.812	 | 1.868 quantile
                      	 2.736	 1.874	 1.915	 2.014	 2.074	 2.361	 2.864	 2.439	 3.787	 3.509	 4.184	 4.109	 | 4.184 max

train losses    164:	0.2784	0.2742	0.3235	0.3186	 0.277	0.2816	 0.305	0.3086	0.2914	0.2963	 0.259	0.2526	
val losses      164:	0.2465	0.2318	0.2771	0.2819	0.3332	0.3413	0.3734	0.3832	0.8568	0.8887	 1.147	 1.135	 | 0.5413 mean
                     	0.6411	0.5853	0.7123	0.7428	0.9169	0.9116	0.9515	0.9841	 2.314	 2.445	 2.802	 2.822	 | 1.866 quantile
                      	 2.802	 1.813	 2.029	 1.961	 2.012	 2.365	 2.725	 2.367	 3.584	 3.544	 3.909	 3.971	 | 3.971 max

train losses    166:	0.2798	0.2736	0.3236	0.3178	 0.276	 0.281	0.3024	0.3071	0.2942	0.2983	 0.251	0.2529	
val losses      166:	0.2451	0.2311	 0.277	0.2817	0.3282	 0.339	0.3735	0.3833	0.8536	0.8944	 1.153	 1.143	 | 0.542 mean
                     	0.6409	0.5875	0.7098	0.7383	0.9007	0.9075	  0.94	0.9842	 2.289	 2.448	 2.778	 2.829	 | 1.86 quantile
                      	 2.699	 1.865	 2.015	 1.935	 1.987	  2.34	 2.923	 2.502	 3.626	  3.38	  4.06	 4.044	 | 4.06 max

train losses    168:	0.2768	0.2726	0.3226	0.3182	0.2729	0.2784	0.3013	0.3039	 0.288	0.2899	0.2589	0.2586	
val losses      168:	0.2452	 0.232	0.2768	0.2825	0.3322	0.3409	0.3783	0.3887	 0.848	0.8811	  1.17	  1.16	 | 0.5446 mean
                     	0.6391	0.5906	0.7023	0.7477	0.9172	0.9073	0.9627	   1.0	 2.243	 2.416	 2.835	 2.865	 | 1.886 quantile
                      	 2.732	 1.946	 1.986	 1.949	 1.965	 2.366	 2.764	 2.418	 3.645	 3.354	 4.043	 4.038	 | 4.043 max

train losses    170:	0.2764	0.2704	0.3217	0.3164	0.2704	0.2765	0.2985	0.3013	0.2815	0.2803	0.2471	0.2413	
val losses      170:	0.2452	0.2324	0.2771	0.2816	0.3305	0.3416	0.3756	0.3872	  0.84	 0.873	 1.163	 1.154	 | 0.5418 mean
                     	0.6399	0.5898	0.7096	0.7389	0.9113	0.9072	0.9422	0.9882	 2.225	 2.389	 2.822	  2.85	 | 1.864 quantile
                      	 2.736	 2.026	 2.019	 1.916	 1.908	 2.323	 2.891	 2.516	 3.706	 3.282	 4.072	 4.097	 | 4.097 max

train losses    172:	0.2721	0.2694	0.3225	0.3183	0.2673	0.2719	0.2966	0.2992	 0.266	0.2709	0.2355	0.2345	
val losses      172:	 0.244	0.2326	  0.28	0.2847	0.3296	0.3423	0.3806	0.3912	0.8404	0.8759	 1.177	  1.17	 | 0.5457 mean
                     	0.6373	0.5953	0.7074	0.7559	0.9064	0.9159	 0.954	 1.005	 2.222	 2.375	 2.842	 2.873	 | 1.869 quantile
                      	 2.806	 2.105	 1.915	 1.976	 1.907	 2.249	 2.823	 2.457	 3.793	 3.359	 4.103	 4.056	 | 4.103 max

train losses    174:	0.2702	0.2668	0.3223	0.3163	 0.265	 0.269	0.2945	 0.297	0.2596	0.2609	0.2421	0.2351	
val losses      174:	0.2432	0.2328	0.2774	0.2821	  0.33	0.3428	0.3793	0.3919	0.8404	 0.872	 1.167	 1.155	 | 0.5429 mean
                     	 0.637	0.5963	0.7111	0.7385	0.9032	0.9116	0.9512	0.9991	 2.218	 2.339	 2.803	 2.874	 | 1.858 quantile
                      	 2.842	 2.128	 2.011	 1.926	 1.866	 2.234	 2.827	 2.465	 3.715	 3.331	 4.071	 4.083	 | 4.083 max

train losses    176:	0.2706	0.2668	 0.321	0.3156	 0.264	0.2665	 0.292	 0.295	0.2734	0.2808	 0.231	0.2307	
val losses      176:	0.2438	0.2331	 0.279	0.2825	0.3282	0.3428	 0.381	0.3932	0.8441	0.8815	 1.167	  1.16	 | 0.5447 mean
                     	 0.629	0.5977	0.7041	0.7463	0.8904	 0.914	0.9553	 1.006	   2.2	 2.327	  2.83	 2.848	 | 1.864 quantile
                      	 2.904	 2.179	 1.923	  1.93	 1.877	 2.194	 2.848	 2.443	 3.783	 3.203	 4.146	 4.076	 | 4.146 max

train losses    178:	0.2684	0.2658	0.3236	 0.318	0.2619	0.2651	 0.291	0.2934	0.2682	0.2748	0.2422	0.2354	
val losses      178:	0.2418	0.2317	0.2795	0.2854	0.3316	0.3459	 0.384	0.3977	0.8486	0.8772	 1.178	 1.163	 | 0.547 mean
                     	0.6298	0.5883	0.7175	0.7466	0.9026	0.9145	0.9593	  1.02	 2.182	 2.316	  2.82	 2.884	 | 1.882 quantile
                      	 2.897	 2.181	 2.037	 1.879	 1.801	 2.261	 2.782	 2.409	  3.65	 3.256	 4.043	   4.1	 | 4.1 max

train losses    180:	 0.269	0.2663	0.3221	 0.315	0.2617	0.2646	0.2892	0.2921	0.2728	0.2749	0.2459	 0.234	
val losses      180:	0.2425	 0.231	0.2782	0.2818	0.3282	0.3433	0.3839	0.3963	0.8464	0.8829	 1.172	 1.166	 | 0.5461 mean
                     	0.6271	0.5853	0.7059	0.7365	 0.892	0.9178	0.9568	 1.015	 2.206	 2.343	 2.858	 2.856	 | 1.873 quantile
                      	 2.885	 2.143	 1.934	 1.896	 1.851	 2.217	 2.902	 2.471	   3.7	 3.206	 4.216	 4.144	 | 4.216 max

train losses    182:	0.2689	0.2649	0.3226	0.3179	0.2601	0.2622	0.2872	0.2891	0.3019	0.3144	0.2319	0.2312	
val losses      182:	0.2416	0.2307	0.2772	0.2821	0.3344	0.3469	0.3905	0.4042	0.8515	0.8824	 1.183	 1.172	 | 0.5497 mean
                     	0.6364	0.5884	0.7047	 0.739	0.9137	0.9154	 0.971	  1.04	 2.208	 2.413	 2.803	 2.888	 | 1.891 quantile
                      	 2.874	 2.188	 1.999	 1.895	 1.777	 2.246	 2.665	 2.344	 3.722	 3.378	 4.028	 4.068	 | 4.068 max

train losses    184:	0.2694	0.2678	0.3263	0.3182	0.2601	0.2614	0.2861	0.2897	0.2783	 0.291	0.2519	0.2609	
val losses      184:	0.2411	0.2356	0.2808	0.2832	0.3254	0.3448	0.3928	0.4029	0.8481	0.8852	 1.185	 1.177	 | 0.5502 mean
                     	0.6299	0.5915	0.7113	0.7473	0.8789	0.9232	0.9645	  1.02	  2.27	 2.443	 2.908	 2.879	 | 1.872 quantile
                      	 2.776	 2.019	 1.878	 1.948	 1.836	 2.181	 3.013	 2.554	 3.803	 3.522	 4.482	  4.37	 | 4.482 max

train losses    186:	0.2701	0.2652	0.3208	 0.314	0.2587	 0.262	0.2865	0.2888	0.2773	0.2761	 0.257	0.2485	
val losses      186:	0.2407	0.2338	0.2777	0.2826	 0.335	0.3503	0.3961	0.4097	0.8512	0.8873	 1.195	 1.181	 | 0.5534 mean
                     	0.6232	0.5949	0.7088	0.7405	0.9137	0.9342	0.9809	 1.057	 2.191	 2.355	  2.86	 2.882	 | 1.9 quantile
                      	 2.909	 2.244	 1.965	  1.94	 1.882	 2.223	 2.613	 2.298	 3.558	 3.453	  4.24	 4.081	 | 4.24 max

train losses    188:	0.2737	0.2636	0.3221	0.3144	0.2597	 0.262	0.2862	0.2862	0.2982	0.3016	0.2414	0.2494	
val losses      188:	0.2417	0.2323	0.2809	0.2859	0.3318	0.3477	0.3908	0.4046	 0.853	0.8862	 1.185	 1.173	 | 0.5511 mean
                     	0.6348	0.5884	0.7207	0.7455	0.8971	 0.926	0.9705	 1.033	  2.17	 2.346	 2.869	 2.868	 | 1.88 quantile
                      	 2.892	 2.191	 2.063	 1.826	 1.752	 2.211	 2.801	 2.426	 3.464	 3.305	 4.259	 4.263	 | 4.263 max

train losses    190:	0.2673	0.2613	0.3221	0.3135	0.2575	0.2599	0.2849	0.2874	0.2731	0.2755	0.2562	0.2549	
val losses      190:	 0.244	0.2319	0.2876	0.2871	 0.328	0.3465	 0.397	0.4096	 0.845	0.8873	 1.186	 1.182	 | 0.5527 mean
                     	0.6267	0.5935	0.7246	0.7573	0.8932	 0.922	0.9817	 1.049	 2.202	 2.385	 2.904	 2.873	 | 1.884 quantile
                      	  2.96	 2.236	 1.849	 1.992	 1.843	 2.117	 2.858	  2.45	 3.795	 3.448	  4.39	 4.367	 | 4.39 max

train losses    192:	0.2664	 0.264	0.3198	0.3129	0.2582	0.2592	0.2793	 0.281	0.2839	0.2876	0.2417	0.2418	
val losses      192:	0.2397	0.2345	0.2777	0.2825	0.3334	0.3506	0.4008	0.4133	0.8496	 0.884	 1.193	 1.182	 | 0.5534 mean
                     	  0.62	0.5971	0.7068	0.7399	0.9045	 0.932	0.9908	 1.065	 2.205	 2.411	   2.9	 2.879	 | 1.889 quantile
                      	 2.968	 2.342	 1.966	 1.906	 1.758	 2.201	 2.596	 2.293	 3.615	 3.458	 4.215	 4.156	 | 4.215 max

train losses    194:	0.2655	 0.262	0.3217	0.3143	0.2588	0.2589	0.2763	0.2793	0.2957	0.2942	0.2524	0.2517	
val losses      194:	0.2392	0.2333	0.2793	0.2839	0.3298	0.3469	0.3949	0.4098	0.8483	0.8908	 1.181	 1.171	 | 0.5507 mean
                     	0.6264	0.5928	 0.718	0.7427	0.8965	0.9219	0.9682	 1.048	 2.189	 2.367	 2.888	 2.854	 | 1.879 quantile
                      	 2.945	 2.224	 1.998	 1.881	 1.717	 2.085	 2.787	 2.405	 3.493	 3.499	  4.18	 4.154	 | 4.18 max

train losses    196:	0.2635	 0.259	0.3179	0.3109	0.2561	0.2574	0.2746	0.2788	0.2741	0.2738	0.2552	0.2561	
val losses      196:	0.2377	0.2294	0.2782	0.2827	0.3281	0.3446	0.3973	 0.411	0.8566	0.9008	 1.194	 1.189	 | 0.5541 mean
                     	0.6154	0.5816	0.7024	0.7406	0.8961	0.9169	0.9878	 1.054	 2.223	 2.386	 2.923	 2.902	 | 1.899 quantile
                      	 2.899	 2.216	 1.925	 1.911	 1.853	 2.161	 2.743	 2.371	 3.579	  3.41	 4.385	 4.289	 | 4.385 max

train losses    198:	0.2638	0.2574	0.3199	0.3125	0.2521	0.2533	0.2718	0.2741	0.2702	 0.271	0.2345	0.2315	
val losses      198:	0.2368	 0.227	 0.278	0.2826	  0.33	0.3428	0.3957	 0.411	0.8661	0.9057	 1.187	 1.177	 | 0.5533 mean
                     	 0.621	0.5776	0.7107	0.7376	0.8967	0.9053	0.9791	 1.051	 2.262	 2.467	 2.897	 2.852	 | 1.908 quantile
                      	 2.892	 2.206	 1.968	 1.893	 1.785	 2.213	 2.724	 2.372	  3.51	 3.493	 4.113	 4.099	 | 4.113 max

train losses    200:	0.2636	  0.26	0.3193	0.3122	0.2487	0.2512	0.2688	0.2726	0.2632	0.2621	0.2209	 0.224	
val losses      200:	0.2369	0.2283	0.2778	0.2823	0.3253	 0.339	0.3943	0.4092	0.8697	0.9153	 1.182	 1.177	 | 0.5531 mean
                     	 0.622	0.5752	0.7044	0.7384	 0.876	0.9058	0.9756	 1.044	 2.326	   2.5	  2.89	 2.856	 | 1.889 quantile
                      	 2.715	 1.996	  1.96	 1.875	 1.782	  2.15	 2.809	 2.417	 3.627	 3.631	  4.17	 4.071	 | 4.17 max

train losses    202:	0.2617	0.2562	 0.317	0.3099	0.2475	0.2497	0.2661	0.2691	0.2539	 0.255	0.2191	0.2186	
val losses      202:	0.2343	0.2245	0.2784	0.2837	0.3287	0.3405	0.3981	0.4132	0.8778	0.9232	 1.181	 1.172	 | 0.5546 mean
                     	0.6146	0.5679	0.7075	0.7444	0.8928	0.8917	0.9833	 1.061	 2.339	 2.543	 2.864	 2.832	 | 1.906 quantile
                      	 2.738	 2.067	 1.915	 1.934	 1.832	 2.196	 2.679	 2.321	 3.605	 3.705	 4.119	 4.082	 | 4.119 max

train losses    204:	0.2612	0.2576	0.3206	0.3131	0.2454	0.2487	 0.264	0.2671	0.2577	0.2613	0.2172	0.2156	
val losses      204:	0.2341	 0.226	0.2778	0.2826	0.3264	 0.339	0.3959	0.4112	0.8765	0.9211	 1.171	 1.163	 | 0.5521 mean
                     	0.6126	0.5668	0.7091	0.7386	0.8828	0.9063	0.9729	 1.054	  2.33	 2.512	 2.878	  2.84	 | 1.89 quantile
                      	 2.684	  1.96	 1.957	 1.881	 1.766	 2.143	 2.784	 2.383	 3.736	 3.576	  4.02	 4.074	 | 4.074 max

train losses    206:	0.2616	0.2563	0.3172	0.3096	0.2447	0.2487	0.2629	0.2667	0.2632	0.2643	 0.222	0.2166	
val losses      206:	0.2345	0.2253	0.2781	0.2831	 0.326	0.3389	0.3987	0.4137	0.8947	0.9399	 1.172	 1.162	 | 0.5555 mean
                     	0.6098	0.5737	0.7063	 0.739	0.8798	0.8898	0.9824	 1.058	 2.303	 2.497	 2.858	 2.838	 | 1.901 quantile
                      	 2.724	 2.049	 1.918	 1.907	 1.858	 2.144	 2.663	 2.289	 3.883	 3.471	  4.08	 4.075	 | 4.08 max

train losses    208:	  0.26	0.2541	0.3183	0.3111	0.2428	0.2463	 0.261	0.2635	0.2671	0.2719	0.2248	0.2204	
val losses      208:	0.2332	0.2219	0.2816	0.2861	0.3283	0.3396	0.3981	0.4137	0.8946	0.9366	 1.171	 1.156	 | 0.555 mean
                     	0.6128	0.5619	0.7217	0.7504	0.8962	0.8964	0.9752	 1.061	 2.339	 2.528	 2.838	 2.837	 | 1.894 quantile
                      	 2.715	 2.002	 2.032	 1.828	 1.755	 2.135	 2.709	 2.343	 3.886	 3.477	 3.973	 4.111	 | 4.111 max

train losses    210:	0.2616	 0.254	  0.32	 0.313	 0.243	0.2466	0.2599	0.2643	0.2708	0.2796	0.2379	0.2256	
val losses      210:	0.2328	 0.222	0.2819	0.2872	0.3247	0.3364	0.3955	0.4098	 0.897	0.9454	 1.158	 1.151	 | 0.5535 mean
                     	0.6099	0.5635	0.7195	0.7587	0.8758	0.8926	0.9698	 1.042	 2.358	 2.561	  2.88	 2.826	 | 1.887 quantile
                      	 2.657	  1.99	 1.834	 1.963	 1.805	 2.067	 2.727	 2.341	 3.926	 3.758	 4.071	 4.083	 | 4.083 max

train losses    212:	0.2614	0.2555	0.3165	0.3105	0.2429	0.2444	0.2598	0.2614	0.2939	0.3002	0.2344	0.2299	
val losses      212:	0.2323	0.2217	0.2778	0.2841	0.3278	0.3387	0.3987	0.4138	0.9008	0.9495	 1.167	 1.156	 | 0.5557 mean
                     	0.6067	  0.56	0.7053	0.7425	0.8992	0.9012	0.9751	 1.062	 2.395	 2.622	 2.822	  2.82	 | 1.913 quantile
                      	 2.668	 2.005	 1.935	  1.91	  1.78	 2.076	 2.581	  2.26	 3.849	 4.029	 3.999	 4.099	 | 4.099 max

train losses    214:	0.2643	0.2561	0.3221	0.3116	0.2466	0.2481	0.2608	0.2645	0.3075	0.3088	0.2454	0.2504	
val losses      214:	0.2323	0.2212	0.2787	0.2838	0.3239	0.3361	0.4008	 0.416	   0.9	0.9568	 1.175	 1.165	 | 0.5574 mean
                     	0.6115	0.5629	0.7092	0.7426	 0.872	0.9025	0.9781	 1.068	 2.348	  2.52	 2.911	 2.875	 | 1.899 quantile
                      	 2.524	 1.859	 1.911	 1.934	 1.801	 1.986	 2.717	  2.33	 4.119	 3.808	 4.115	 4.162	 | 4.162 max

train losses    216:	0.2668	0.2633	0.3172	0.3104	0.2446	 0.245	0.2606	0.2639	  0.29	0.2952	0.2534	0.2452	
val losses      216:	0.2366	0.2341	0.2788	0.2851	0.3303	0.3419	0.4104	0.4255	0.8999	0.9517	 1.192	 1.184	 | 0.5642 mean
                     	0.6099	 0.599	0.7075	0.7473	0.8935	0.8985	 1.004	 1.086	 2.298	 2.484	 2.925	 2.864	 | 1.922 quantile
                      	 2.718	 2.088	 1.907	 1.916	 1.878	 2.049	 2.532	  2.22	 3.897	 3.629	 4.251	 4.216	 | 4.251 max

train losses    218:	0.2616	0.2557	0.3157	0.3083	 0.245	0.2485	0.2569	0.2564	0.3013	0.2953	0.2329	0.2353	
val losses      218:	0.2349	0.2225	0.2784	0.2839	0.3376	0.3485	0.4103	0.4276	0.8949	0.9235	 1.192	 1.184	 | 0.5615 mean
                     	0.6149	0.5602	0.7073	0.7413	0.9192	0.9264	 1.004	 1.094	  2.29	 2.479	 2.915	 2.875	 | 1.916 quantile
                      	 2.709	 2.058	 1.934	 1.882	 1.706	 2.145	 2.521	 2.222	  3.85	   3.6	 4.109	 4.241	 | 4.241 max

train losses    220:	0.2608	0.2561	0.3161	0.3095	0.2418	0.2457	0.2526	0.2555	0.2728	0.2717	0.2328	0.2311	
val losses      220:	0.2337	0.2213	0.2791	0.2846	0.3272	0.3391	0.4072	0.4237	 0.881	 0.931	 1.191	 1.186	 | 0.5588 mean
                     	0.6093	0.5601	0.7094	0.7447	0.8931	0.9006	0.9999	 1.073	 2.295	 2.456	 2.912	 2.884	 | 1.909 quantile
                      	 2.696	 2.035	 1.914	 1.889	 1.792	 2.046	  2.63	 2.313	 3.616	 3.605	 4.189	 4.234	 | 4.234 max

train losses    222:	0.2573	0.2554	0.3147	0.3073	0.2418	0.2438	0.2504	0.2514	0.2791	0.2858	0.2215	0.2227	
val losses      222:	0.2332	0.2232	0.2791	0.2842	0.3279	0.3418	0.4047	0.4208	0.8774	 0.923	  1.19	 1.181	 | 0.5572 mean
                     	0.6082	0.5688	0.7073	0.7445	0.8997	0.9068	0.9892	 1.067	  2.32	 2.512	 2.911	  2.87	 | 1.899 quantile
                      	 2.794	 2.099	 1.905	 1.904	 1.796	 2.032	 2.704	 2.359	 3.567	  3.58	 4.149	 4.211	 | 4.211 max

train losses    224:	0.2589	0.2528	0.3154	0.3077	0.2392	 0.242	0.2477	0.2494	0.2641	0.2603	0.2297	0.2234	
val losses      224:	0.2324	0.2227	0.2785	0.2835	0.3252	0.3419	0.4032	0.4192	0.8808	0.9175	 1.188	  1.18	 | 0.5561 mean
                     	0.6051	0.5639	0.7096	0.7435	0.8726	0.9104	0.9862	 1.069	 2.268	 2.467	 2.945	 2.868	 | 1.902 quantile
                      	 2.909	 2.239	 1.947	 1.854	 1.701	  2.08	  2.61	 2.264	 3.678	 3.449	 4.079	 4.157	 | 4.157 max

train losses    226:	0.2564	 0.252	0.3155	0.3063	0.2415	0.2433	0.2458	0.2486	0.2647	0.2601	0.2264	 0.225	
val losses      226:	0.2325	0.2224	0.2816	0.2841	0.3265	0.3429	0.4098	 0.425	 0.882	0.9263	 1.198	 1.198	 | 0.5608 mean
                     	0.6064	0.5666	0.7133	0.7428	0.8885	0.9224	0.9985	 1.079	 2.299	 2.464	 2.957	 2.913	 | 1.912 quantile
                      	 2.879	 2.151	 1.833	 1.887	 1.636	 2.005	 2.686	 2.283	 3.687	 3.483	 4.132	 4.143	 | 4.143 max

train losses    228:	0.2565	0.2507	 0.316	0.3074	 0.238	0.2408	0.2443	0.2464	0.2619	0.2668	0.2268	 0.222	
val losses      228:	0.2318	0.2233	0.2795	0.2843	 0.333	0.3488	0.4108	0.4263	0.8839	0.9252	 1.182	 1.171	 | 0.5583 mean
                     	0.6061	0.5647	0.7121	0.7403	0.9007	0.8902	0.9985	 1.091	 2.325	 2.522	 2.893	 2.892	 | 1.899 quantile
                      	 2.889	 2.252	 1.965	 1.836	  1.81	 2.075	 2.553	 2.216	 3.604	 3.638	 4.124	 4.251	 | 4.251 max

train losses    230:	0.2558	0.2537	 0.316	0.3071	0.2379	0.2384	0.2433	0.2456	0.2617	0.2612	0.2232	0.2339	
val losses      230:	0.2326	0.2279	 0.281	0.2848	0.3294	0.3484	0.4132	 0.428	0.8768	0.9191	 1.189	 1.186	 | 0.5597 mean
                     	0.6092	0.5784	 0.708	0.7481	0.8846	0.9385	 1.005	 1.097	 2.309	 2.495	 2.935	 2.879	 | 1.893 quantile
                      	 2.923	 2.202	 1.853	  1.88	 1.625	 1.962	 2.655	 2.274	 3.537	 3.554	 4.134	 4.152	 | 4.152 max

train losses    232:	0.2569	0.2513	0.3143	 0.306	0.2387	0.2417	0.2423	0.2449	0.2825	0.2797	0.2325	0.2304	
val losses      232:	0.2329	0.2284	0.2794	0.2847	 0.329	0.3498	0.4225	0.4362	0.8856	0.9267	 1.217	 1.207	 | 0.5666 mean
                     	0.6032	0.5819	0.7103	0.7443	0.8831	 0.917	 1.017	 1.112	 2.259	 2.468	 3.008	 2.933	 | 1.929 quantile
                      	 3.083	 2.451	   1.9	 1.884	 1.703	 2.038	 2.524	 2.196	 3.609	 3.663	  4.37	 4.232	 | 4.37 max

train losses    234:	0.2564	0.2503	0.3154	0.3065	0.2409	0.2421	0.2422	0.2428	0.2871	0.2864	 0.234	0.2312	
val losses      234:	0.2323	0.2257	0.2812	0.2855	0.3292	0.3461	0.4199	0.4353	0.8894	0.9404	 1.201	 1.189	 | 0.5646 mean
                     	0.6088	0.5715	0.7183	0.7434	 0.879	0.9134	 1.016	 1.115	  2.25	 2.424	 2.971	   2.9	 | 1.906 quantile
                      	 2.906	 2.241	 1.981	 1.835	 1.668	 1.799	  2.58	 2.245	 3.612	  3.58	 4.288	 4.174	 | 4.288 max

train losses    236:	0.2558	0.2484	0.3147	0.3052	0.2477	0.2465	0.2423	0.2447	 0.317	0.3154	 0.245	0.2436	
val losses      236:	0.2318	0.2234	0.2817	0.2859	0.3342	0.3507	0.4178	0.4335	0.8877	0.9312	 1.205	 1.192	 | 0.5645 mean
                     	0.6074	0.5697	0.7186	0.7463	0.8956	0.9035	  1.01	  1.11	 2.322	 2.523	 3.001	 2.908	 | 1.917 quantile
                      	 3.043	 2.391	  1.98	 1.814	 1.718	 1.992	 2.587	 2.251	 3.541	 3.654	 4.231	 4.212	 | 4.231 max

train losses    238:	0.2564	0.2494	0.3138	0.3054	0.2436	 0.245	0.2391	0.2418	0.3088	0.3051	0.2456	0.2522	
val losses      238:	0.2326	0.2224	 0.283	0.2863	0.3256	0.3433	0.4188	0.4348	0.8933	0.9397	 1.222	 1.217	 | 0.5683 mean
                     	0.6105	0.5657	 0.714	0.7521	0.8811	0.9222	 1.008	 1.108	 2.345	 2.567	  3.04	 2.985	 | 1.971 quantile
                      	 2.877	 2.232	  1.82	 1.894	 1.683	 2.056	 2.596	 2.247	 3.703	 3.816	 4.386	 4.335	 | 4.386 max

train losses    240:	0.2558	 0.247	0.3148	0.3055	0.2328	0.2342	0.2362	0.2379	0.2635	0.2665	0.2431	 0.242	
val losses      240:	0.2307	0.2173	0.2795	 0.285	0.3262	0.3403	0.4191	0.4368	0.9079	0.9605	 1.214	 1.204	 | 0.5685 mean
                     	 0.605	0.5513	 0.708	0.7427	0.8979	 0.894	 1.028	 1.109	 2.406	 2.592	 2.998	 2.942	 | 1.958 quantile
                      	 2.728	 2.053	 1.949	 1.826	 1.819	 2.062	 2.581	  2.22	 3.887	 3.734	 4.314	 4.186	 | 4.314 max

train losses    242:	0.2539	0.2487	 0.317	0.3083	0.2306	 0.234	0.2346	0.2358	 0.251	0.2526	0.2252	0.2264	
val losses      242:	0.2309	0.2192	0.2822	0.2882	0.3271	0.3397	0.4187	0.4366	0.9193	0.9664	 1.213	 1.198	 | 0.57 mean
                     	0.6072	0.5563	0.7185	0.7532	0.9034	0.8979	 1.022	 1.106	 2.424	 2.581	  2.97	 2.903	 | 1.949 quantile
                      	 2.617	 1.948	 2.004	 1.815	   1.8	 2.058	 2.583	 2.213	 4.193	 3.627	  4.19	 4.259	 | 4.259 max

train losses    244:	0.2532	0.2465	0.3128	0.3041	0.2296	0.2333	 0.235	0.2352	0.2637	0.2583	0.2105	0.2127	
val losses      244:	0.2294	0.2166	0.2796	0.2856	0.3274	0.3414	0.4174	0.4357	0.9212	  0.96	 1.206	 1.194	 | 0.5679 mean
                     	0.6021	0.5479	0.7094	0.7431	0.8966	0.8978	 1.018	 1.104	 2.429	 2.602	 2.941	 2.899	 | 1.954 quantile
                      	 2.722	 2.067	 1.948	 1.826	 1.807	  2.08	 2.557	 2.223	 4.117	 3.618	 4.123	  4.25	 | 4.25 max

train losses    246:	0.2539	0.2459	0.3137	0.3048	 0.228	 0.231	0.2329	0.2329	0.2519	0.2539	0.2265	0.2254	
val losses      246:	0.2292	0.2164	0.2817	0.2871	 0.325	0.3385	0.4171	 0.433	0.9191	0.9702	 1.195	 1.189	 | 0.5668 mean
                     	0.6033	0.5493	0.7165	0.7541	0.8917	0.9027	 1.012	 1.104	 2.435	 2.627	 2.953	 2.898	 | 1.938 quantile
                      	 2.638	 1.983	  1.83	 1.912	 1.749	 1.924	 2.594	 2.222	 4.079	 3.803	   4.2	 4.242	 | 4.242 max

train losses    248:	0.2539	0.2461	0.3163	0.3056	0.2282	0.2309	0.2358	0.2354	0.2459	0.2423	0.2477	0.2459	
val losses      248:	0.2334	0.2187	0.2808	0.2853	0.3273	 0.342	0.4156	0.4318	0.9134	0.9504	 1.186	 1.172	 | 0.563 mean
                     	0.6125	0.5537	0.7165	 0.745	0.8937	0.9078	 1.011	 1.104	 2.376	 2.561	 2.931	 2.879	 | 1.912 quantile
                      	 2.657	 2.051	 1.965	 1.857	 1.729	 1.975	 2.501	 2.164	 4.038	 3.634	  4.16	  4.33	 | 4.33 max

train losses    250:	0.2549	0.2458	0.3185	0.3068	0.2312	0.2335	0.2359	0.2351	0.2563	0.2617	0.2613	0.2682	
val losses      250:	0.2319	0.2172	0.2911	0.2919	0.3242	0.3408	0.4148	0.4302	0.9175	0.9616	  1.19	  1.19	 | 0.5667 mean
                     	0.6092	0.5534	0.7353	0.7683	0.8801	0.9213	 1.012	  1.09	 2.389	 2.573	 2.937	  2.88	 | 1.914 quantile
                      	 2.707	 2.012	 1.802	 1.946	 1.686	 1.854	 2.632	 2.245	 4.095	 3.546	 4.157	 4.143	 | 4.157 max

train losses    252:	0.2562	0.2519	0.3197	0.3066	0.2274	0.2327	0.2403	0.2337	0.2623	0.2598	 0.247	0.2521	
val losses      252:	0.2327	0.2165	0.2852	0.2876	0.3364	0.3487	0.4262	0.4418	0.9266	0.9543	  1.19	 1.169	 | 0.5679 mean
                     	0.6116	0.5498	0.7243	0.7495	0.9082	0.9144	 1.029	 1.122	 2.407	 2.567	 2.947	  2.86	 | 1.924 quantile
                      	 2.584	 2.013	 2.022	 1.843	 1.815	 2.031	 2.448	 2.129	 4.202	 3.672	 4.152	 4.409	 | 4.409 max

train losses    254:	0.2581	0.2507	0.3178	0.3062	0.2273	0.2333	0.2372	0.2326	0.2649	0.2666	0.2201	0.2354	
val losses      254:	  0.23	0.2179	  0.28	 0.285	0.3286	0.3389	0.4181	 0.436	0.9272	 0.975	 1.178	 1.171	 | 0.5656 mean
                     	 0.608	0.5505	0.7121	0.7472	0.8992	0.8976	 1.029	 1.099	 2.429	 2.578	 2.893	 2.852	 | 1.91 quantile
                      	 2.402	 1.886	 1.979	 1.803	 1.773	 1.812	 2.574	 2.213	 4.127	 3.536	 4.071	 4.172	 | 4.172 max

train losses    256:	0.2528	0.2475	0.3153	0.3053	0.2294	 0.231	0.2396	0.2321	0.2988	0.3101	0.2115	0.2254	
val losses      256:	0.2315	0.2165	 0.285	0.2876	 0.329	0.3437	0.4225	0.4381	0.9128	0.9559	 1.209	 1.203	 | 0.5696 mean
                     	0.6107	0.5511	 0.728	0.7542	0.8964	0.9105	 1.026	 1.109	 2.371	 2.598	 2.963	 2.927	 | 1.962 quantile
                      	  2.63	 1.973	 1.816	 1.919	 1.792	  1.99	 2.615	 2.226	 3.923	 3.715	 4.244	 4.316	 | 4.316 max

train losses    258:	0.2526	0.2464	0.3134	 0.305	0.2293	0.2365	0.2314	0.2292	0.3058	0.3046	0.2302	0.2191	
val losses      258:	0.2305	0.2169	0.2796	0.2852	 0.332	0.3495	0.4206	0.4394	0.9171	0.9437	 1.205	 1.195	 | 0.5679 mean
                     	0.6072	0.5496	0.7083	0.7457	0.9065	0.9195	 1.026	 1.112	  2.37	 2.615	 2.967	 2.893	 | 1.96 quantile
                      	 2.617	 1.999	 1.943	 1.823	 1.799	 2.193	 2.511	 2.226	 4.091	 3.662	 4.062	  4.23	 | 4.23 max

train losses    260:	0.2548	0.2476	0.3116	0.3025	0.2299	0.2337	0.2271	 0.227	0.3082	0.3084	 0.215	 0.216	
val losses      260:	0.2314	0.2158	0.2801	0.2851	0.3231	0.3385	0.4228	0.4394	0.9135	0.9577	 1.202	 1.191	 | 0.5667 mean
                     	0.6093	0.5464	0.7077	0.7463	0.8807	0.9001	 1.022	 1.118	 2.403	 2.557	 2.957	  2.89	 | 1.932 quantile
                      	 2.508	  1.88	 1.906	 1.835	 1.781	 1.947	 2.532	 2.252	 4.106	  3.73	 4.157	 4.324	 | 4.324 max

train losses    262:	0.2561	0.2471	 0.312	0.3025	 0.227	 0.231	0.2296	0.2247	0.2821	 0.289	0.2305	0.2243	
val losses      262:	0.2349	 0.218	0.2813	0.2862	0.3309	0.3422	0.4237	0.4418	0.9104	0.9514	 1.191	 1.187	 | 0.5665 mean
                     	0.6196	0.5562	  0.71	0.7499	0.9165	0.9014	 1.032	 1.105	 2.339	 2.559	 2.897	 2.874	 | 1.919 quantile
                      	 2.556	 1.855	 1.856	 1.869	 1.827	 1.938	  2.57	 2.216	 4.002	 3.488	 4.114	 4.208	 | 4.208 max

train losses    264:	0.2551	0.2459	0.3123	0.3024	0.2272	0.2288	0.2247	 0.222	0.2763	0.2828	 0.224	 0.229	
val losses      264:	0.2337	0.2184	0.2813	0.2855	0.3286	0.3418	0.4233	0.4393	 0.902	0.9384	 1.185	 1.172	 | 0.5624 mean
                     	0.6165	0.5521	 0.716	0.7454	0.8862	0.8922	 1.029	 1.125	 2.317	 2.531	 2.895	 2.892	 | 1.9 quantile
                      	  2.63	 2.029	 1.975	 1.817	 1.725	 1.806	 2.459	 2.158	 3.777	 3.459	 4.144	 4.375	 | 4.375 max

train losses    266:	0.2523	0.2453	0.3115	0.3015	0.2244	0.2264	0.2221	0.2181	0.2579	0.2612	0.2138	0.2267	
val losses      266:	0.2304	0.2204	0.2803	0.2861	0.3293	0.3445	0.4256	0.4437	0.8994	0.9383	 1.193	 1.183	 | 0.5645 mean
                     	0.6048	0.5619	0.7108	0.7487	0.9087	0.9131	 1.037	 1.123	 2.292	 2.475	 2.929	 2.886	 | 1.909 quantile
                      	 2.779	 2.121	 1.918	 1.835	 1.657	 1.829	 2.432	 2.106	 3.839	 3.471	 4.144	 4.249	 | 4.249 max

train losses    268:	0.2507	0.2441	0.3116	0.3016	0.2263	0.2284	0.2208	0.2191	0.2576	0.2662	0.2048	0.2047	
val losses      268:	0.2297	0.2214	0.2835	0.2868	 0.326	0.3425	0.4222	0.4377	0.8999	0.9343	 1.198	  1.19	 | 0.5643 mean
                     	0.6005	0.5663	0.7232	0.7503	0.8885	0.9064	 1.019	 1.116	 2.302	 2.505	 2.966	 2.919	 | 1.914 quantile
                      	 2.911	 2.284	 1.806	 1.893	 1.704	 1.818	 2.514	 2.142	 3.829	 3.484	 4.227	 4.291	 | 4.291 max

train losses    270:	0.2495	0.2447	0.3108	0.3013	0.2227	0.2248	0.2168	0.2152	0.2577	0.2589	0.2051	0.2025	
val losses      270:	0.2299	0.2215	0.2815	0.2869	0.3282	0.3438	0.4303	0.4474	0.9079	0.9425	   1.2	  1.19	 | 0.5676 mean
                     	0.6064	0.5674	0.7117	0.7516	0.9002	0.9031	 1.043	 1.145	 2.315	 2.494	 2.948	 2.904	 | 1.913 quantile
                      	 2.859	 2.246	 1.859	 1.861	 1.713	 1.894	 2.415	 2.121	 3.901	 3.548	 4.091	 4.234	 | 4.234 max

train losses    272:	 0.249	0.2444	0.3108	0.3017	0.2217	0.2243	0.2139	0.2133	0.2544	0.2596	0.2007	0.2007	
val losses      272:	0.2285	0.2197	 0.281	0.2868	0.3258	0.3427	0.4295	0.4459	0.9085	0.9475	 1.204	 1.192	 | 0.5676 mean
                     	0.6007	0.5624	0.7117	0.7503	0.8913	0.9056	 1.039	 1.136	 2.318	 2.495	 2.984	 2.919	 | 1.906 quantile
                      	 2.817	 2.167	 1.915	 1.811	 1.697	 1.852	 2.453	 2.091	 3.978	 3.562	  4.12	  4.29	 | 4.29 max

train losses    274:	0.2476	0.2426	0.3097	0.3004	0.2211	 0.223	0.2125	0.2119	0.2495	0.2518	0.2019	0.2031	
val losses      274:	0.2281	0.2186	0.2811	0.2871	0.3289	0.3443	0.4358	0.4531	0.9187	0.9597	 1.212	 1.202	 | 0.5725 mean
                     	0.6004	0.5567	0.7153	0.7489	0.9002	0.9049	 1.057	 1.153	 2.357	 2.556	 2.978	 2.938	 | 1.932 quantile
                      	 2.831	 2.203	 1.867	 1.825	 1.693	 1.871	 2.351	  2.06	 4.058	 3.618	   4.1	 4.241	 | 4.241 max

train losses    276:	0.2485	0.2417	0.3094	0.3001	0.2199	0.2215	 0.211	0.2114	0.2439	0.2446	 0.199	 0.202	
val losses      276:	0.2279	0.2177	0.2812	0.2868	0.3262	0.3437	0.4351	0.4511	0.9186	0.9617	 1.221	  1.21	 | 0.5734 mean
                     	0.5998	0.5565	0.7141	0.7535	0.8897	0.9077	 1.051	 1.149	 2.367	 2.564	 3.019	 2.963	 | 1.946 quantile
                      	 2.822	 2.225	 1.872	 1.837	  1.75	 1.935	 2.436	 2.146	 4.074	 3.702	 4.234	 4.296	 | 4.296 max

train losses    278:	0.2477	0.2404	0.3095	   0.3	0.2187	0.2196	0.2102	0.2093	0.2423	0.2393	0.2039	0.2087	
val losses      278:	0.2275	0.2172	0.2815	0.2876	0.3293	0.3448	0.4409	 0.459	 0.926	0.9736	 1.228	 1.217	 | 0.5777 mean
                     	0.5978	0.5528	 0.716	0.7545	0.9059	0.9141	 1.074	 1.164	 2.386	 2.547	 3.019	 2.967	 | 1.963 quantile
                      	 2.786	  2.15	 1.906	 1.812	 1.739	 1.889	  2.37	 2.074	 4.192	 3.784	 4.297	 4.233	 | 4.297 max

train losses    280:	0.2482	0.2398	0.3108	0.3007	0.2186	0.2199	0.2085	0.2086	0.2437	0.2394	0.2051	0.2124	
val losses      280:	0.2277	0.2172	0.2823	0.2878	0.3277	0.3441	0.4414	0.4581	0.9308	0.9798	 1.234	  1.22	 | 0.5792 mean
                     	0.6003	0.5536	0.7159	0.7536	0.8954	0.9119	 1.065	 1.161	 2.381	 2.532	 3.043	 2.961	 | 1.958 quantile
                      	 2.759	 2.153	  1.93	 1.805	 1.772	 1.883	 2.428	 2.135	 4.252	 3.677	 4.391	 4.293	 | 4.391 max

train losses    282:	0.2471	0.2388	0.3094	0.2998	0.2181	0.2186	0.2092	0.2081	0.2527	0.2495	0.2101	0.2167	
val losses      282:	 0.227	0.2167	0.2825	0.2883	0.3314	0.3466	0.4443	0.4629	0.9335	0.9784	 1.234	 1.221	 | 0.5805 mean
                     	0.5967	0.5526	0.7168	0.7579	0.9043	0.9106	  1.08	 1.172	 2.374	 2.543	 3.028	 2.966	 | 1.969 quantile
                      	 2.837	 2.216	 1.931	 1.788	 1.758	  1.89	 2.417	 2.114	 4.179	 3.744	 4.341	 4.261	 | 4.341 max

train losses    284:	0.2479	0.2393	0.3091	0.2997	0.2184	0.2195	0.2084	 0.208	0.2508	0.2488	0.2274	0.2362	
val losses      284:	0.2269	0.2171	0.2824	0.2882	0.3273	0.3452	0.4432	  0.46	0.9276	0.9756	 1.238	  1.23	 | 0.5801 mean
                     	0.5978	0.5527	0.7135	0.7524	 0.898	0.9125	 1.065	 1.161	 2.369	 2.546	 3.064	 2.994	 | 1.968 quantile
                      	 2.813	 2.204	 1.845	 1.835	 1.698	 1.842	 2.409	 2.114	 4.144	 3.772	 4.383	 4.328	 | 4.383 max

train losses    286:	0.2483	0.2382	0.3093	0.2992	0.2188	0.2181	0.2094	0.2078	0.2564	 0.255	0.2297	0.2375	
val losses      286:	0.2277	0.2165	0.2825	 0.288	0.3316	0.3475	0.4413	0.4595	0.9288	0.9741	 1.226	 1.212	 | 0.578 mean
                     	0.5941	0.5514	0.7161	0.7546	0.9025	0.9094	 1.068	 1.166	 2.345	 2.544	 3.025	 2.966	 | 1.963 quantile
                      	 2.852	 2.272	 1.921	 1.803	 1.773	  1.87	 2.428	 2.111	   4.0	  3.86	 4.201	 4.305	 | 4.305 max

train losses    288:	0.2467	0.2387	0.3099	0.3001	0.2184	0.2188	 0.207	0.2062	0.2607	0.2617	0.2232	0.2396	
val losses      288:	0.2268	0.2174	0.2822	0.2881	0.3281	0.3463	0.4391	0.4561	0.9269	0.9706	 1.224	 1.217	 | 0.5769 mean
                     	0.5959	0.5573	0.7132	0.7535	0.9009	0.9124	 1.063	 1.156	 2.367	 2.542	 3.021	 2.961	 | 1.946 quantile
                      	 2.811	 2.166	 1.854	  1.83	 1.681	 1.773	 2.308	 2.011	 4.088	 3.665	 4.192	 4.224	 | 4.224 max

train losses    290:	0.2485	0.2391	0.3112	   0.3	0.2186	 0.221	0.2058	0.2043	0.2683	0.2642	0.2197	0.2181	
val losses      290:	0.2266	0.2161	0.2835	0.2889	0.3295	0.3484	0.4377	0.4537	0.9354	0.9697	 1.224	 1.205	 | 0.5765 mean
                     	0.5944	 0.553	0.7213	 0.756	0.8935	0.9193	 1.048	 1.161	 2.354	 2.511	 3.046	 2.946	 | 1.951 quantile
                      	 2.838	  2.27	 1.925	 1.801	 1.755	 1.907	 2.413	 2.119	 4.154	 3.644	 4.116	  4.34	 | 4.34 max

train losses    292:	0.2477	0.2403	0.3094	0.2992	0.2181	0.2188	0.2064	0.2051	0.2664	0.2749	 0.228	0.2252	
val losses      292:	0.2275	0.2165	0.2814	0.2877	0.3286	0.3448	0.4348	0.4512	0.9339	0.9761	 1.213	 1.203	 | 0.5749 mean
                     	0.5977	0.5535	0.7155	0.7523	0.8994	0.9111	 1.059	 1.149	 2.386	 2.561	 2.985	 2.934	 | 1.937 quantile
                      	 2.668	 1.987	 1.898	  1.81	 1.696	 1.744	 2.313	 1.976	 4.095	 3.616	 4.069	 4.165	 | 4.165 max

train losses    294:	0.2513	0.2408	0.3107	0.2999	0.2205	0.2233	0.2063	0.2053	0.2908	0.2848	0.2337	0.2259	
val losses      294:	0.2311	0.2175	0.2834	0.2894	0.3321	 0.351	0.4338	0.4501	0.9286	0.9529	 1.211	 1.193	 | 0.5728 mean
                     	0.6064	0.5552	0.7183	0.7572	0.9029	0.9242	 1.048	 1.153	 2.362	 2.545	 3.041	 2.927	 | 1.957 quantile
                      	 2.828	 2.244	 1.921	 1.791	 1.696	 1.968	 2.339	 2.056	 4.001	 3.701	 4.117	 4.344	 | 4.344 max

train losses    296:	0.2468	0.2415	0.3117	0.3006	0.2194	0.2202	0.2069	0.2087	0.2882	0.3067	0.2346	 0.247	
val losses      296:	0.2273	0.2156	0.2935	0.2916	0.3229	0.3423	0.4308	 0.445	0.9274	0.9752	  1.21	 1.215	 | 0.5747 mean
                     	0.5992	 0.549	0.7411	0.7685	 0.879	0.9196	 1.049	 1.126	 2.399	 2.588	 2.997	 2.969	 | 1.938 quantile
                      	 2.557	 1.876	 1.806	 1.908	 1.743	 1.742	 2.438	 2.081	 4.015	 3.721	 4.219	 4.293	 | 4.293 max

train losses    298:	0.2555	0.2464	 0.314	0.3025	0.2193	0.2217	0.2041	0.2034	 0.275	0.2817	0.2244	0.2162	
val losses      298:	0.2291	0.2176	0.2825	0.2879	0.3289	0.3486	 0.441	0.4564	0.9201	0.9572	 1.229	 1.214	 | 0.5761 mean
                     	0.6025	 0.559	0.7188	0.7529	0.8916	0.9196	  1.07	 1.157	 2.339	 2.535	 3.036	 2.958	 | 1.955 quantile
                      	 2.768	 2.165	 1.905	 1.819	  1.76	  1.92	 2.348	 2.065	 4.094	 3.605	 4.173	 4.305	 | 4.305 max

