train losses      0:	0.5544	0.5777	0.3298	0.3222	0.7172	0.7563	0.4554	 0.464	 1.593	 1.605	 1.461	 1.456	
val losses        0:	0.5683	0.8005	0.7221	0.4221	0.9593	0.6927	0.4778	0.5015	 1.393	 1.417	 1.851	 1.791	 | 0.9664 mean
                     	 1.718	 2.179	 1.512	 1.133	 2.143	 1.914	 1.398	 1.427	 3.979	 3.972	 4.934	 4.985	 | 3.121 quantile
                      	  6.54	 8.336	 3.565	 2.976	 4.457	 4.197	  2.96	 2.863	 6.474	 7.092	 7.778	 7.616	 | 8.336 max

train losses      2:	0.5389	0.5413	0.3359	0.3245	0.7095	0.7488	0.4624	0.4642	 1.588	 1.577	 1.445	 1.438	
val losses        2:	0.6483	0.9661	0.5839	 0.414	0.9881	0.8396	0.4949	0.4757	 1.308	 1.622	 1.671	 1.668	 | 0.9733 mean
                     	 1.737	 2.227	 1.401	 1.116	 2.167	 2.061	 1.428	 1.373	 3.731	 4.264	 4.835	 4.835	 | 3.01 quantile
                      	  6.07	 6.835	 3.535	  3.05	 4.608	 4.499	 2.888	 3.033	 6.264	 7.655	 7.399	 7.588	 | 7.655 max

train losses      4:	0.5723	0.5343	0.3501	0.3374	0.7131	0.7914	0.4695	0.4942	 1.512	 1.515	  1.44	 1.495	
val losses        4:	0.4938	0.6009	0.4458	0.4553	0.5675	0.7141	0.4886	0.5161	 1.516	  1.61	 1.886	 1.919	 | 0.9344 mean
                     	 1.495	 1.747	 1.194	 1.197	 1.686	  1.92	 1.411	 1.434	 4.132	  4.04	 4.652	 4.659	 | 3.12 quantile
                      	 5.865	 6.157	 3.263	 2.854	  3.66	 4.226	 2.962	 2.834	 6.248	 7.526	 7.286	 7.287	 | 7.526 max

train losses      6:	0.5298	0.5447	0.3328	0.3249	0.7062	0.7459	0.4575	0.4654	 1.536	 1.521	 1.417	 1.412	
val losses        6:	0.4834	0.6067	 0.428	0.4165	0.5674	0.6264	0.4795	0.4738	 1.333	   1.4	 1.659	 1.655	 | 0.8441 mean
                     	 1.481	 1.786	 1.141	 1.124	 1.708	 1.793	 1.419	 1.398	 3.759	 3.682	 4.529	 4.611	 | 2.924 quantile
                      	 5.804	 6.758	 3.076	 2.894	 3.835	 3.909	 2.923	 3.207	 6.043	 7.272	 7.382	 7.498	 | 7.498 max

train losses      8:	0.5315	0.5051	0.3471	0.3408	0.6922	0.7298	0.4763	0.4929	 1.367	 1.326	 1.411	   1.4	
val losses        8:	0.4895	0.5457	0.4501	0.4231	0.5623	0.6156	0.5179	0.4755	 1.282	 1.245	  1.65	  1.59	 | 0.8206 mean
                     	 1.379	 1.538	 1.199	 1.142	 1.677	 1.772	 1.486	  1.43	 3.392	 3.302	 4.503	 4.482	 | 2.707 quantile
                      	 4.541	 4.805	 3.312	 3.031	 3.709	 3.886	 2.896	 3.179	 5.705	 5.053	 7.734	 7.864	 | 7.864 max

train losses     10:	0.5061	0.4966	0.3461	0.3316	0.6866	0.7256	0.4644	0.4723	 1.287	 1.272	 1.396	 1.375	
val losses       10:	0.4738	0.5732	0.4361	0.4157	0.5508	0.6195	0.4793	0.4781	  1.08	 1.093	 1.625	 1.631	 | 0.788 mean
                     	 1.402	 1.635	 1.178	 1.126	 1.685	  1.76	 1.425	  1.44	 3.089	 2.947	 4.767	 4.915	 | 2.612 quantile
                      	 4.911	 5.388	 3.279	 2.884	 3.631	 3.786	 2.967	 3.108	 4.612	 5.243	 7.356	  7.38	 | 7.38 max

train losses     12:	0.4696	0.4673	0.3608	0.3323	0.6739	0.7127	0.4761	0.4852	 1.147	 1.122	 1.401	 1.372	
val losses       12:	0.4329	0.5055	0.4449	0.4192	0.5407	0.5907	0.5007	0.4971	 1.147	  1.17	  1.67	 1.629	 | 0.7956 mean
                     	 1.196	 1.405	 1.206	 1.121	 1.612	 1.693	 1.436	 1.426	 2.697	 2.777	 4.609	 4.722	 | 2.541 quantile
                      	 3.502	 3.746	 3.449	 2.991	 3.519	 3.566	  2.89	 2.835	 4.587	 4.755	 7.839	 7.731	 | 7.839 max

train losses     14:	0.4454	0.4481	0.3365	0.3295	0.6229	0.6808	0.4675	0.4819	 1.056	 1.001	 1.384	 1.372	
val losses       14:	0.4391	0.5114	0.4364	0.4215	0.5137	 0.575	0.4898	0.4906	0.8716	 0.862	 1.641	 1.603	 | 0.7379 mean
                     	 1.201	 1.384	 1.153	 1.139	 1.511	 1.623	 1.399	  1.42	 2.315	 2.197	 4.729	 4.712	 | 2.304 quantile
                      	 2.866	 3.376	 3.096	 2.985	 3.324	 3.735	 3.035	 2.898	 4.075	 3.789	 7.743	 7.715	 | 7.743 max

train losses     16:	0.4332	0.4635	0.3482	0.3466	0.6184	0.6534	0.4663	0.4993	0.9825	0.9925	 1.388	 1.382	
val losses       16:	0.4175	0.5518	0.4424	0.4433	0.5647	0.5563	0.4944	0.4844	0.8874	  1.04	 1.623	 1.604	 | 0.759 mean
                     	 1.159	 1.532	 1.167	 1.158	 1.476	 1.566	 1.371	 1.428	 2.176	 2.482	 4.699	 4.686	 | 2.324 quantile
                      	 3.248	 3.974	 2.891	 2.727	 2.938	 3.409	 3.017	 2.946	 3.478	 3.898	 7.333	 7.165	 | 7.333 max

train losses     18:	0.4193	0.4244	0.3483	  0.34	0.5564	0.6157	0.4618	0.4868	0.9266	0.8624	 1.369	 1.362	
val losses       18:	0.4095	0.4994	0.4346	0.4244	0.4692	 0.527	0.4842	0.4794	0.7359	0.7533	 1.596	  1.58	 | 0.6995 mean
                     	 1.094	 1.354	 1.144	 1.134	 1.316	  1.48	 1.407	 1.418	 1.922	 1.883	 4.666	 4.633	 | 2.121 quantile
                      	 3.238	 4.285	 2.982	 3.085	 2.739	 3.428	 3.191	 2.998	 3.317	 3.544	 7.269	 7.872	 | 7.872 max

train losses     20:	0.4133	0.4175	0.3466	0.3366	0.5847	0.5928	0.4642	0.4799	0.8676	  0.82	 1.369	 1.365	
val losses       20:	0.4152	0.5352	0.4482	0.4275	 0.517	0.4995	0.4795	 0.479	0.7062	0.6598	 1.617	 1.586	 | 0.6975 mean
                     	 1.112	 1.462	 1.192	 1.131	 1.424	 1.379	 1.409	 1.444	 2.026	 1.606	 4.736	 4.647	 | 2.161 quantile
                      	 3.525	 3.713	 2.861	 2.813	 2.621	 3.137	 3.032	 3.301	 3.489	 3.163	 7.514	 7.175	 | 7.514 max

train losses     22:	0.3903	0.3973	0.3693	 0.336	0.6495	0.6593	0.4643	0.4703	0.7933	0.7757	 1.329	 1.309	
val losses       22:	0.3982	0.5214	0.4356	 0.428	 0.601	0.5923	0.4861	0.4622	0.5976	0.6435	 1.561	 1.557	 | 0.6903 mean
                     	  1.09	  1.41	 1.149	 1.139	  1.57	 1.653	 1.413	 1.379	 1.569	 1.532	 4.639	 4.535	 | 2.059 quantile
                      	 3.598	 3.934	 2.835	 2.907	 3.022	  3.32	 3.061	 3.132	 2.808	 3.042	 7.289	 8.151	 | 8.151 max

train losses     24:	0.3656	0.3902	0.3833	0.3295	0.6465	0.6465	0.4596	0.4652	0.7317	0.7191	 1.285	 1.283	
val losses       24:	0.3755	0.4671	0.4338	0.4226	0.5725	0.5813	0.4762	0.4697	0.6015	0.5986	 1.482	 1.454	 | 0.6612 mean
                     	 1.011	 1.286	 1.143	 1.128	 1.619	 1.595	 1.382	 1.386	 1.448	 1.457	 4.307	 4.259	 | 1.959 quantile
                      	 3.727	 3.257	 2.885	  3.11	 3.183	 3.504	 2.861	 3.049	 2.822	 2.216	 6.797	 6.524	 | 6.797 max

train losses     26:	0.3727	0.3713	0.3383	0.3291	0.6852	0.6741	0.4609	0.4648	0.6601	0.6493	  1.21	 1.203	
val losses       26:	0.3657	0.4639	0.4363	0.4223	0.5552	0.5657	0.4835	0.4644	0.5139	0.5494	 1.356	 1.346	 | 0.6268 mean
                     	0.9427	 1.212	 1.148	 1.126	 1.594	 1.584	 1.405	 1.399	 1.474	 1.367	 3.886	 3.879	 | 1.882 quantile
                      	 3.282	 3.178	 2.817	 2.793	 3.631	 3.712	 3.149	 2.932	 2.385	 2.232	 6.117	 5.963	 | 6.117 max

train losses     28:	0.3777	0.3739	 0.348	0.3326	0.6685	0.6752	0.4609	0.4694	0.6152	0.5903	 1.111	   1.1	
val losses       28:	0.3587	0.4604	0.4413	0.4188	 0.553	0.5693	0.4836	0.4633	0.4908	  0.51	 1.342	 1.354	 | 0.6205 mean
                     	0.9639	 1.243	 1.158	 1.118	 1.601	 1.596	 1.399	 1.367	 1.274	 1.223	 3.642	 3.666	 | 1.887 quantile
                      	 3.393	 3.302	 2.842	 3.014	 3.723	 3.733	 3.018	 2.801	 2.529	 1.922	 5.711	  5.96	 | 5.96 max

train losses     30:	0.3851	0.4224	0.3566	0.3329	0.6265	0.6411	 0.458	0.4672	0.6108	0.6104	 1.175	 1.185	
val losses       30:	0.3888	0.4981	0.4449	0.4186	0.5057	0.5328	0.4794	0.4628	0.4752	0.5402	 1.337	 1.334	 | 0.6181 mean
                     	 1.017	  1.27	 1.156	 1.132	 1.541	 1.541	 1.383	 1.379	 1.325	 1.399	 3.718	 3.804	 | 1.869 quantile
                      	 3.558	 3.052	 2.736	 3.004	 3.538	 3.604	 2.838	 2.711	 2.192	 2.296	 5.847	 5.967	 | 5.967 max

train losses     32:	0.4188	0.4482	0.3435	 0.338	0.5891	0.6175	0.4543	0.4661	0.6226	 0.624	 1.051	 1.048	
val losses       32:	0.3814	0.4837	 0.432	0.4196	0.4982	0.5467	 0.482	 0.463	0.5073	0.5382	 1.226	 1.225	 | 0.6002 mean
                     	0.9857	 1.318	 1.143	 1.135	  1.45	 1.566	 1.408	 1.368	 1.476	 1.349	 3.249	 3.222	 | 1.851 quantile
                      	 3.241	 3.099	 2.774	 2.972	 3.266	 3.267	 3.005	 2.701	  2.33	 2.085	 4.842	 4.895	 | 4.895 max

train losses     34:	 0.415	0.4371	 0.347	0.3308	0.5824	0.6127	0.4571	0.4642	0.5901	0.5878	 1.015	 1.015	
val losses       34:	0.4482	0.5395	0.4322	0.4198	0.5126	0.5201	0.4834	0.4667	0.4738	0.5202	 1.227	 1.218	 | 0.6052 mean
                     	 1.157	 1.431	 1.149	 1.125	 1.437	 1.443	 1.403	 1.375	 1.327	 1.285	 3.486	 3.483	 | 1.805 quantile
                      	 3.348	 4.208	 2.742	 2.971	 3.068	 3.111	 2.999	 2.886	 2.383	 2.012	 5.078	 5.226	 | 5.226 max

train losses     36:	 0.439	0.4502	0.3465	0.3348	0.5416	0.5725	0.4518	0.4651	0.5688	0.5673	0.9845	0.9828	
val losses       36:	0.3798	0.4727	0.4351	0.4156	0.4364	0.4673	0.4791	0.4664	0.4681	0.5199	 1.172	 1.161	 | 0.5728 mean
                     	 1.005	 1.285	 1.136	 1.126	 1.297	 1.325	 1.379	 1.354	  1.28	 1.277	 3.089	 3.107	 | 1.752 quantile
                      	  2.89	 3.606	 2.676	  2.97	 3.003	 3.106	 2.921	 2.598	 2.114	 1.894	 4.446	 4.334	 | 4.446 max

train losses     38:	 0.388	0.3983	0.3451	0.3283	0.5022	 0.525	0.4516	0.4624	0.5459	0.5539	0.9075	0.9051	
val losses       38:	0.3782	0.4774	0.4361	0.4153	0.4619	0.4585	0.4798	0.4645	0.4846	0.5316	 1.129	 1.129	 | 0.5705 mean
                     	0.9829	 1.259	 1.145	 1.128	 1.278	 1.224	 1.384	 1.331	 1.298	 1.313	 2.917	 2.832	 | 1.722 quantile
                      	 2.812	 3.308	 2.661	  2.95	 2.897	 2.832	 2.898	 2.672	 2.448	 1.819	 4.538	 4.355	 | 4.538 max

train losses     40:	0.3963	0.4019	0.3505	0.3276	 0.476	 0.504	 0.452	0.4624	0.5358	0.5442	0.8714	 0.871	
val losses       40:	0.3888	0.4679	0.4422	0.4141	0.4136	0.4311	0.4774	0.4633	0.4696	0.5259	 1.152	 1.144	 | 0.5659 mean
                     	 1.013	 1.258	 1.152	 1.128	 1.133	 1.147	 1.366	 1.324	 1.301	 1.301	 3.035	 2.972	 | 1.729 quantile
                      	 2.758	 3.338	  2.86	 2.953	 2.718	 2.524	 2.847	 2.622	 2.214	 1.988	 4.655	 4.424	 | 4.655 max

train losses     42:	0.3829	0.3864	0.3492	0.3266	0.4507	0.4671	0.4533	0.4625	 0.552	0.5549	0.8835	 0.872	
val losses       42:	0.3626	0.4572	0.4325	0.4147	0.3779	0.4015	  0.48	0.4643	0.5401	0.5938	 1.227	 1.226	 | 0.5814 mean
                     	0.9662	 1.221	 1.153	  1.12	 1.041	 1.108	 1.362	 1.336	  1.45	 1.483	  3.09	 3.027	 | 1.776 quantile
                      	 3.021	 3.473	 2.808	 2.923	 2.465	 2.714	 2.818	 2.645	 2.724	 2.306	 4.771	 4.666	 | 4.771 max

train losses     44:	 0.377	0.3779	0.3397	0.3267	0.4538	 0.486	0.4531	0.4592	0.5573	0.5686	0.9507	0.9422	
val losses       44:	 0.371	0.4699	0.4315	0.4147	 0.385	0.4133	0.4733	0.4617	0.4865	0.5349	 1.134	 1.121	 | 0.5581 mean
                     	0.9753	 1.258	 1.152	 1.121	 1.038	 1.106	 1.363	 1.358	 1.307	 1.292	 3.132	 3.146	 | 1.711 quantile
                      	 2.893	 3.084	 2.778	 2.857	 2.538	 2.403	 2.817	 2.716	 2.656	 2.156	 4.776	 4.521	 | 4.776 max

train losses     46:	 0.362	0.3743	0.3399	0.3269	0.4417	0.4823	0.4501	0.4578	0.5405	0.5486	0.8767	0.8668	
val losses       46:	0.3806	0.4591	 0.434	0.4149	 0.404	0.4341	0.4739	0.4663	0.5436	0.6071	 1.137	 1.122	 | 0.5731 mean
                     	 1.002	 1.222	 1.156	 1.125	 1.066	 1.151	  1.37	  1.35	 1.474	 1.533	  2.93	 2.869	 | 1.717 quantile
                      	  2.79	 3.096	 2.884	 2.887	 2.295	 2.021	  2.89	  2.74	 2.501	  2.23	 5.852	 5.611	 | 5.852 max

train losses     48:	0.3765	0.3724	0.3397	0.3265	0.4605	0.4935	0.4519	0.4597	  0.67	0.6932	  1.02	 1.017	
val losses       48:	0.3754	 0.483	0.4384	0.4138	0.3845	0.4137	0.4764	0.4629	0.6315	0.6986	 1.273	 1.264	 | 0.6096 mean
                     	 1.011	 1.317	 1.158	 1.129	 1.037	 1.141	  1.37	 1.364	 1.756	 1.804	 3.451	 3.448	 | 1.892 quantile
                      	  2.94	 3.404	 2.796	 2.922	  2.31	 2.243	 2.847	 2.804	 3.182	 3.067	 5.287	 5.249	 | 5.287 max

train losses     50:	0.3674	0.3769	0.3409	0.3292	0.4385	0.4817	0.4494	0.4577	0.8267	0.8356	0.9735	0.9693	
val losses       50:	0.3663	0.4538	0.4332	0.4151	0.3661	0.3932	0.4761	0.4637	0.7091	0.7637	 1.142	 1.122	 | 0.592 mean
                     	0.9713	 1.227	  1.16	 1.121	 1.019	 1.055	 1.381	 1.358	 1.884	 1.934	 2.995	 2.918	 | 1.819 quantile
                      	 2.554	  2.99	 2.889	 2.802	 2.402	 2.158	 2.824	 2.689	 3.405	 2.818	  5.19	 5.143	 | 5.19 max

train losses     52:	0.3707	0.3733	0.3407	0.3271	0.4118	0.4381	0.4496	0.4651	0.7404	0.7103	0.9308	0.9241	
val losses       52:	0.3668	0.4679	 0.435	 0.413	0.3666	0.3826	0.4777	0.4635	0.6373	0.7117	 1.097	 1.091	 | 0.5758 mean
                     	0.9876	 1.262	 1.159	 1.116	0.9829	 1.011	 1.384	 1.382	 1.758	 1.747	 2.882	  2.86	 | 1.773 quantile
                      	 2.559	  3.29	 2.837	  2.99	 2.017	 2.107	 2.905	 2.822	 3.088	   2.7	 4.882	 5.026	 | 5.026 max

train losses     54:	0.3752	0.3806	0.3429	0.3278	0.4235	0.4474	0.4508	0.4627	0.6784	0.7212	 0.872	 0.878	
val losses       54:	0.3745	0.4553	0.4361	0.4172	0.3837	0.4002	0.4754	0.4616	0.4882	0.5546	 1.087	 1.077	 | 0.5509 mean
                     	0.9989	  1.22	 1.156	 1.138	 1.039	 1.051	 1.374	 1.365	 1.312	 1.377	 2.836	 2.775	 | 1.65 quantile
                      	 2.882	 3.149	 2.784	 2.996	 2.283	 2.024	 2.824	 2.825	 2.501	 2.149	  5.18	 5.186	 | 5.186 max

train losses     56:	 0.363	0.3731	0.3402	 0.327	   0.4	0.4314	0.4487	0.4615	0.5942	0.5892	0.8223	0.8256	
val losses       56:	0.3776	0.4651	0.4321	0.4136	0.3602	0.3907	0.4783	0.4621	0.6082	0.6749	 1.067	 1.059	 | 0.5657 mean
                     	0.9984	 1.238	 1.146	 1.117	   1.0	 1.046	 1.375	  1.37	 1.538	 1.617	 2.853	 2.786	 | 1.695 quantile
                      	 2.779	 2.998	 2.834	 2.949	 2.108	 2.139	 2.819	 2.737	 2.477	 3.023	 4.176	 4.065	 | 4.176 max

train losses     58:	0.3653	0.3689	0.3399	0.3271	 0.389	0.4067	0.4496	0.4584	0.5467	0.5444	0.7568	0.7611	
val losses       58:	0.3672	0.4516	0.4325	0.4151	0.3493	0.3666	 0.479	 0.463	0.5011	0.5292	 1.077	 1.071	 | 0.5419 mean
                     	0.9752	 1.201	  1.14	 1.127	0.9457	0.9788	 1.359	 1.371	 1.314	 1.314	 2.842	 2.811	 | 1.633 quantile
                      	 2.807	 3.224	 2.843	 2.977	 2.011	 1.863	 2.796	 2.788	 2.405	  2.09	 4.466	 4.474	 | 4.474 max

train losses     60:	0.3576	0.3659	0.3368	0.3255	0.3796	0.4007	 0.448	0.4586	0.5592	0.5556	0.7461	0.7386	
val losses       60:	0.3614	0.4429	0.4305	0.4151	0.3366	0.3518	0.4759	0.4621	0.4891	0.5392	 1.071	 1.064	 | 0.5367 mean
                     	0.9585	 1.195	 1.143	 1.128	0.9076	0.9307	 1.365	 1.382	 1.301	 1.336	 2.814	 2.798	 | 1.637 quantile
                      	 2.668	 2.933	 2.822	 3.003	  1.88	  1.88	 2.839	  2.84	  2.28	 2.287	  4.49	 4.355	 | 4.49 max

train losses     62:	0.3478	0.3567	0.3361	0.3257	0.3744	0.3931	 0.448	0.4566	0.5027	0.5027	0.7241	0.7229	
val losses       62:	0.3522	0.4468	 0.429	0.4147	0.3356	 0.352	 0.478	0.4615	0.5037	0.5565	 1.203	 1.202	 | 0.5613 mean
                     	0.9299	 1.187	 1.133	  1.13	0.9375	0.9364	 1.365	 1.374	 1.326	 1.333	 2.925	 2.903	 | 1.716 quantile
                      	 2.701	 2.867	   2.9	 2.813	 2.026	  1.88	 2.786	 2.789	 2.387	 2.432	 4.724	 4.801	 | 4.801 max

train losses     64:	0.3414	0.3535	0.3372	0.3243	0.3649	0.3836	0.4498	 0.458	0.5156	0.5138	0.7952	0.7897	
val losses       64:	0.3479	0.4446	0.4293	 0.414	0.3377	0.3524	0.4788	0.4614	0.4798	0.5337	  1.24	  1.23	 | 0.5625 mean
                     	0.9218	  1.18	 1.141	 1.118	0.9284	0.9436	  1.36	 1.361	 1.313	 1.337	 3.075	 3.046	 | 1.716 quantile
                      	 2.678	 2.754	 2.874	 2.851	 2.055	  1.78	 2.756	 2.731	 2.221	 2.288	 4.791	 4.885	 | 4.885 max

train losses     66:	  0.34	0.3524	0.3362	0.3236	0.3604	0.3862	0.4497	0.4579	0.5628	 0.555	0.9065	0.9043	
val losses       66:	0.3458	0.4423	0.4302	0.4144	 0.343	0.3517	0.4749	0.4571	0.5014	0.5441	 1.212	 1.207	 | 0.5603 mean
                     	0.9187	 1.187	 1.137	 1.127	0.9215	0.9237	 1.383	 1.373	  1.36	 1.347	 3.234	 3.242	 | 1.712 quantile
                      	  2.77	  2.68	 2.861	 2.852	 2.021	 1.773	 2.901	 2.892	 2.434	 2.191	 4.846	 4.945	 | 4.945 max

train losses     68:	0.3398	 0.345	0.3368	0.3251	0.3704	 0.388	0.4486	0.4565	0.5579	0.5526	0.7948	0.7965	
val losses       68:	0.3505	0.4399	0.4289	0.4146	0.3361	0.3504	0.4753	0.4581	0.5688	0.6056	  1.17	  1.16	 | 0.5632 mean
                     	0.9264	  1.18	 1.138	 1.128	0.8964	0.9509	 1.365	 1.389	 1.506	 1.457	 3.091	 3.058	 | 1.718 quantile
                      	 2.674	 2.785	 2.891	 2.816	 1.805	 1.864	 2.845	 2.842	 2.397	 2.466	 4.303	  4.34	 | 4.34 max

train losses     70:	0.3339	0.3407	0.3351	0.3237	0.3684	0.3835	0.4473	0.4552	0.6026	0.6412	0.7125	0.7109	
val losses       70:	0.3486	0.4265	 0.429	0.4156	0.3482	0.3585	0.4796	 0.469	0.5908	0.6622	 1.203	 1.193	 | 0.577 mean
                     	0.9087	  1.14	 1.136	 1.127	0.9054	0.9816	 1.352	 1.365	 1.593	 1.645	 2.964	 2.977	 | 1.741 quantile
                      	   2.6	 2.667	 2.907	 2.838	 1.895	 1.963	  2.76	 2.606	 2.792	 2.814	 4.182	 4.193	 | 4.193 max

train losses     72:	0.3363	0.3457	0.3438	0.3236	0.3616	0.3915	0.4506	0.4592	0.5922	0.6005	0.8943	 0.904	
val losses       72:	0.3587	0.4652	0.4288	0.4134	0.3481	0.3692	0.4768	0.4602	0.5299	0.6029	  1.31	 1.297	 | 0.5884 mean
                     	0.9599	 1.255	 1.132	 1.116	0.9679	0.9876	 1.373	 1.382	 1.432	  1.47	 3.289	 3.314	 | 1.83 quantile
                      	 2.935	 3.159	 2.908	 2.862	 2.265	 1.803	 2.836	 2.775	 2.401	 2.427	 5.195	 5.223	 | 5.223 max

train losses     74:	0.3396	0.3512	 0.337	0.3243	0.3546	0.3797	0.4477	 0.458	0.5581	0.5574	0.8526	0.8509	
val losses       74:	0.3564	0.4228	0.4289	0.4146	0.3364	 0.342	0.4784	0.4637	0.5356	0.5751	 1.074	  1.06	 | 0.5407 mean
                     	0.9415	 1.132	 1.142	 1.117	0.8959	0.9022	 1.371	 1.377	 1.397	 1.389	 2.795	 2.805	 | 1.635 quantile
                      	 2.567	 2.637	 2.843	  2.82	 1.787	 1.717	 2.816	 2.818	 2.438	 2.278	 5.076	 5.225	 | 5.225 max

train losses     76:	0.3392	0.3457	 0.333	0.3236	 0.358	0.3737	0.4469	0.4548	0.5709	0.5643	0.7265	0.7243	
val losses       76:	0.3552	0.4431	0.4275	0.4125	0.3344	0.3497	 0.478	 0.459	0.5534	0.6041	 1.234	  1.22	 | 0.5726 mean
                     	0.9324	 1.176	 1.137	 1.122	0.9274	0.9281	 1.372	 1.379	 1.509	 1.526	 3.078	 3.051	 | 1.759 quantile
                      	 2.552	 2.565	 3.017	 2.871	 2.001	 1.952	 2.757	 2.867	 2.774	 2.147	  4.32	 4.357	 | 4.357 max

train losses     78:	0.3339	0.3398	0.3349	0.3236	0.3489	0.3578	0.4482	0.4565	0.5724	 0.565	0.7115	0.7013	
val losses       78:	 0.349	0.4308	0.4324	0.4133	0.3455	0.3294	0.4803	0.4633	0.5957	0.6863	 1.093	 1.073	 | 0.5577 mean
                     	0.8986	  1.15	 1.135	 1.116	0.9221	0.8775	 1.352	 1.362	 1.536	 1.627	 2.833	 2.842	 | 1.669 quantile
                      	 2.474	 2.741	 3.006	 2.894	 1.821	 1.631	 2.847	 2.758	 2.902	 2.609	 4.286	  4.25	 | 4.286 max

train losses     80:	0.3312	0.3429	0.3348	0.3229	0.3425	0.3573	0.4472	0.4547	0.5868	0.6154	  0.72	0.7233	
val losses       80:	0.3436	0.4421	0.4302	0.4136	0.3286	0.3354	0.4776	0.4595	0.5461	0.5974	 1.103	  1.09	 | 0.5473 mean
                     	 0.893	 1.181	  1.14	 1.116	0.9051	0.8966	 1.346	 1.373	  1.42	 1.438	 2.829	 2.813	 | 1.65 quantile
                      	 2.712	 2.664	 2.952	 2.883	 1.955	 1.813	  2.85	 2.866	 2.392	 2.209	 4.634	 4.628	 | 4.634 max

train losses     82:	0.3176	0.3351	0.3331	0.3235	0.3403	0.3539	0.4471	0.4552	0.5564	0.5443	0.6859	0.6817	
val losses       82:	0.3509	0.4365	0.4272	0.4132	0.3267	0.3345	0.4797	0.4642	0.5887	 0.646	  1.08	 1.063	 | 0.5509 mean
                     	0.9003	 1.173	 1.137	 1.117	0.8853	0.9208	 1.361	 1.363	 1.482	 1.546	 2.737	 2.733	 | 1.621 quantile
                      	 2.628	 2.895	 2.919	 2.896	  1.95	 1.763	 2.743	  2.69	 2.505	 2.611	 4.363	 4.407	 | 4.407 max

train losses     84:	0.3225	0.3275	0.3335	0.3232	0.3362	 0.342	0.4459	 0.455	0.5072	0.5082	0.6413	0.6431	
val losses       84:	0.3497	0.4181	0.4284	0.4145	 0.321	 0.316	0.4802	0.4621	0.4899	0.5336	 1.046	 1.029	 | 0.524 mean
                     	0.9206	 1.107	 1.137	 1.121	0.8626	 0.864	 1.347	 1.372	 1.363	 1.291	 2.788	 2.789	 | 1.595 quantile
                      	 2.579	 2.573	 2.927	 2.893	 1.764	 1.744	 2.843	 2.759	  2.26	 2.016	 4.054	 4.037	 | 4.054 max

train losses     86:	0.3159	0.3226	0.3333	0.3233	0.3313	0.3417	0.4461	0.4533	0.4817	0.4858	0.5751	0.5705	
val losses       86:	0.3471	0.4182	0.4268	0.4134	0.3215	0.3207	0.4789	0.4594	0.4936	0.5513	 1.134	 1.112	 | 0.5397 mean
                     	0.9001	 1.116	 1.141	 1.117	0.8558	0.8607	 1.352	 1.377	 1.359	 1.334	 2.826	 2.826	 | 1.622 quantile
                      	 2.494	 2.671	  2.94	 2.896	 1.832	  1.65	 2.794	 2.832	 2.254	  1.99	 4.205	 4.293	 | 4.293 max

train losses     88:	0.3078	0.3216	0.3323	0.3229	0.3323	 0.337	0.4462	0.4532	0.4489	0.4476	0.5681	 0.566	
val losses       88:	0.3408	0.4224	0.4268	0.4145	0.3259	0.3239	0.4796	 0.461	0.5019	0.5551	 1.028	 1.013	 | 0.5244 mean
                     	0.8822	 1.129	 1.143	 1.109	0.8563	0.8728	 1.343	 1.374	 1.283	 1.317	 2.741	 2.693	 | 1.566 quantile
                      	 2.494	 2.646	 2.982	 2.883	 1.819	 1.533	 2.779	 2.862	 2.192	 2.331	 4.821	 4.657	 | 4.821 max

train losses     90:	 0.304	0.3142	0.3323	0.3228	0.3357	0.3408	0.4469	0.4528	0.4427	 0.445	0.5514	0.5467	
val losses       90:	0.3432	0.4178	0.4272	0.4138	0.3338	0.3275	0.4786	0.4618	0.4798	0.5364	 1.028	 1.009	 | 0.5214 mean
                     	0.8971	 1.123	 1.141	 1.112	0.8711	0.8856	 1.333	 1.371	 1.249	  1.27	 2.785	 2.716	 | 1.555 quantile
                      	 2.583	 2.744	 2.961	 2.889	 1.923	 1.491	 2.762	 2.847	 2.191	 2.235	 4.593	 4.488	 | 4.593 max

train losses     92:	0.3019	0.3084	0.3324	0.3223	0.3593	0.3613	0.4454	0.4531	0.4343	0.4359	0.5188	0.5173	
val losses       92:	0.3449	0.4102	0.4266	0.4139	0.3625	0.3631	0.4793	0.4608	0.4712	0.5252	 1.062	 1.038	 | 0.5298 mean
                     	0.8903	 1.102	 1.136	 1.111	0.9345	0.9587	 1.336	 1.382	 1.274	  1.28	 2.824	 2.805	 | 1.576 quantile
                      	  2.63	 2.829	 3.006	 2.904	 1.999	 1.626	 2.768	 2.886	 2.242	 2.152	   4.4	 4.317	 | 4.4 max

train losses     94:	0.2995	0.3091	0.3318	0.3222	0.4032	 0.409	0.4458	0.4534	0.4306	0.4304	0.5341	0.5304	
val losses       94:	0.3454	0.4191	0.4261	0.4136	0.4284	0.4164	0.4795	0.4592	0.4789	0.5322	 1.167	 1.147	 | 0.5594 mean
                     	0.8968	 1.127	 1.142	 1.117	 1.075	 1.082	 1.346	 1.394	 1.281	 1.298	  2.87	 2.889	 | 1.668 quantile
                      	 2.713	 2.919	 2.958	 2.887	 2.177	 1.829	 2.784	 2.894	 2.273	  2.14	 4.724	 4.854	 | 4.854 max

train losses     96:	0.3005	0.3098	0.3324	0.3222	0.4928	0.4809	0.4457	0.4542	 0.439	 0.461	0.5977	0.5961	
val losses       96:	0.3458	0.4249	0.4264	 0.413	0.4152	0.4186	0.4827	0.4679	0.5355	0.6081	  1.18	 1.164	 | 0.5735 mean
                     	 0.906	  1.16	  1.14	 1.111	 1.059	 1.095	 1.356	 1.397	 1.462	 1.538	 2.946	 2.922	 | 1.734 quantile
                      	 2.628	 2.861	 2.896	  2.87	 2.359	 1.777	 2.869	 2.956	 2.514	 2.593	 5.821	 5.714	 | 5.821 max

train losses     98:	0.3006	0.3092	0.3374	0.3221	0.4097	0.4165	0.4489	 0.455	0.4798	0.4964	0.6876	0.6945	
val losses       98:	0.3395	0.4156	0.4268	0.4131	0.3298	0.3214	0.4761	0.4636	0.5746	0.5863	 1.148	 1.145	 | 0.5534 mean
                     	0.8895	 1.096	 1.138	 1.121	0.8904	0.8818	 1.356	 1.379	  1.48	 1.454	 3.008	 3.014	 | 1.68 quantile
                      	 2.641	  2.66	 2.954	  2.88	 1.965	 1.813	 2.787	 2.745	 2.612	 2.468	 4.528	 4.629	 | 4.629 max

train losses    100:	0.3061	0.3163	 0.332	0.3223	 0.336	0.3335	 0.447	0.4548	0.6231	0.6023	0.7459	0.7434	
val losses      100:	0.3421	0.4256	0.4266	0.4135	0.3143	0.3085	0.4809	0.4637	0.6905	0.7131	 1.097	 1.083	 | 0.5632 mean
                     	0.8937	 1.135	 1.137	 1.114	0.8414	0.8252	 1.372	 1.393	 1.772	 1.841	 3.014	 2.976	 | 1.743 quantile
                      	 2.475	 2.591	 2.916	 2.874	 1.755	 1.923	 2.877	 2.879	 2.952	 2.722	 5.777	  5.61	 | 5.777 max

train losses    102:	0.3079	0.3197	0.3341	0.3218	0.3381	0.3446	0.4465	0.4538	0.6236	 0.647	0.6929	   0.7	
val losses      102:	0.3421	0.4128	0.4273	0.4127	0.3319	 0.345	0.4814	0.4641	 0.511	0.5652	  1.22	 1.207	 | 0.5601 mean
                     	0.8854	 1.105	 1.128	 1.118	0.8766	0.9358	 1.338	 1.374	 1.432	 1.354	 3.024	 3.009	 | 1.718 quantile
                      	 2.626	 2.676	 3.013	 2.885	 1.785	 1.662	 2.792	 2.738	 2.317	 2.436	 4.857	 4.931	 | 4.931 max

train losses    104:	0.2984	0.3096	0.3343	0.3218	0.3831	0.3908	0.4471	0.4575	0.4999	0.5195	0.6858	 0.683	
val losses      104:	0.3371	0.4263	0.4274	0.4137	0.3212	0.3275	0.4798	0.4647	0.5337	0.5985	 1.282	 1.266	 | 0.5731 mean
                     	0.8827	  1.15	 1.141	 1.117	0.8248	0.8838	 1.346	 1.384	 1.425	 1.423	 3.051	 3.041	 | 1.743 quantile
                      	 2.504	 3.001	 2.981	 2.862	 1.666	 1.709	 2.763	 2.785	 2.546	 2.242	 5.171	  5.05	 | 5.171 max

train losses    106:	0.3003	0.3159	0.3325	0.3224	0.3299	0.3435	0.4454	0.4531	0.4916	0.4866	 0.591	0.5871	
val losses      106:	0.3476	0.4077	 0.426	0.4141	0.3408	0.3362	0.4788	0.4603	0.5077	0.5601	 1.039	 1.023	 | 0.5284 mean
                     	0.9109	  1.08	  1.13	 1.118	0.9131	0.8837	 1.342	 1.388	 1.315	 1.318	 2.871	 2.801	 | 1.597 quantile
                      	  2.42	  2.61	 2.965	 2.893	 1.865	 1.545	 2.849	 2.823	 2.367	 2.293	 4.109	 4.191	 | 4.191 max

train losses    108:	0.2979	0.3073	0.3317	0.3222	0.3332	0.3383	0.4458	0.4525	0.4449	0.4442	 0.546	0.5478	
val losses      108:	0.3439	0.4166	 0.426	0.4133	0.3347	0.3349	  0.48	 0.463	0.4915	0.5482	 1.035	 1.021	 | 0.5258 mean
                     	0.8848	 1.112	 1.135	 1.112	0.8733	0.8639	  1.35	 1.382	 1.313	 1.302	  2.75	 2.741	 | 1.582 quantile
                      	 2.397	 2.595	 3.057	 2.894	 1.772	  1.91	 2.797	 2.831	 2.315	 2.156	 4.252	 4.243	 | 4.252 max

train losses    110:	0.2914	 0.297	 0.331	0.3222	0.3083	0.3194	0.4437	 0.452	 0.434	 0.429	0.5115	0.5123	
val losses      110:	0.3456	0.4011	0.4266	0.4134	0.3194	0.3127	0.4783	0.4623	0.4846	0.5402	 1.002	0.9858	 | 0.5143 mean
                     	 0.896	 1.072	 1.134	  1.11	0.8134	0.8195	 1.339	 1.386	 1.284	 1.298	 2.693	 2.629	 | 1.57 quantile
                      	 2.442	 2.672	 3.066	 2.912	 1.807	 1.491	 2.826	 2.845	 2.196	  2.11	 5.041	 5.001	 | 5.041 max

train losses    112:	0.2838	0.2943	0.3313	0.3217	0.3008	0.3062	0.4441	 0.452	0.4215	0.4221	0.4654	0.4639	
val losses      112:	0.3386	0.4034	0.4266	 0.413	0.3022	0.2915	0.4789	0.4605	0.5039	0.5627	 1.142	 1.111	 | 0.5362 mean
                     	0.8883	 1.079	 1.135	 1.121	0.7851	0.7841	  1.34	  1.38	 1.282	 1.352	 2.856	  2.85	 | 1.621 quantile
                      	 2.487	 2.933	 3.065	  2.88	  1.53	 1.673	 2.828	 2.848	  2.33	 2.306	 4.633	 4.698	 | 4.698 max

train losses    114:	0.2821	0.2901	0.3305	0.3214	 0.299	0.2999	0.4449	0.4522	 0.446	0.4458	0.4887	0.4895	
val losses      114:	0.3401	0.3996	0.4268	0.4134	0.3042	0.2941	0.4782	0.4601	0.5256	0.5902	  1.05	 1.024	 | 0.5255 mean
                     	0.8825	 1.069	  1.14	 1.111	0.8052	0.7886	 1.342	 1.368	 1.343	 1.417	 2.773	 2.779	 | 1.592 quantile
                      	 2.481	 2.775	 3.112	 2.909	 1.573	 1.503	 2.833	 2.866	 2.298	 2.077	 4.404	 4.414	 | 4.414 max

train losses    116:	0.2763	0.2829	0.3308	0.3213	0.2949	 0.296	0.4462	 0.453	 0.432	0.4271	0.6254	0.6202	
val losses      116:	0.3357	0.3999	0.4272	0.4134	0.3266	0.3207	0.4753	0.4604	0.5153	0.5749	 1.026	  1.01	 | 0.5238 mean
                     	0.8775	 1.068	 1.137	 1.108	0.8503	0.8432	 1.347	 1.375	 1.312	 1.381	 2.804	 2.815	 | 1.593 quantile
                      	 2.451	 2.654	 3.094	 2.929	 1.564	 1.671	 2.851	 2.829	 2.328	 2.272	 4.658	 4.685	 | 4.685 max

train losses    118:	0.2766	0.2793	0.3302	0.3217	0.3168	0.3206	0.4451	0.4523	0.4334	0.4417	0.5547	0.5551	
val losses      118:	0.3372	0.3936	0.4279	0.4133	0.3279	0.3184	0.4789	 0.463	  0.53	0.5933	 1.027	 1.021	 | 0.5276 mean
                     	0.8768	 1.054	 1.138	 1.103	0.8741	 0.871	 1.369	  1.38	 1.347	 1.425	 2.786	 2.714	 | 1.599 quantile
                      	 2.453	 2.647	 3.096	 2.898	 1.638	 1.641	 2.952	 2.873	 2.419	 2.262	  5.56	 5.713	 | 5.713 max

train losses    120:	0.2747	0.2835	0.3347	0.3214	0.3236	0.3329	0.4473	 0.453	0.4781	0.4777	0.7036	0.7158	
val losses      120:	 0.326	0.3995	0.4286	0.4138	0.3118	0.3045	0.4778	0.4665	0.5579	0.6163	 1.172	 1.164	 | 0.5532 mean
                     	0.8477	 1.083	 1.137	 1.114	0.7948	 0.797	  1.37	 1.395	 1.427	  1.44	 3.054	 2.971	 | 1.698 quantile
                      	 2.476	 2.621	 3.086	 2.873	 1.557	 1.654	 2.942	 2.922	 2.487	 2.285	 5.398	 5.437	 | 5.437 max

train losses    122:	 0.275	0.2828	0.3324	0.3218	0.3018	 0.306	0.4446	0.4518	0.5132	 0.502	0.5624	0.5691	
val losses      122:	0.3382	 0.389	0.4253	0.4132	 0.305	0.2869	0.4775	0.4628	0.5714	0.6065	 1.017	0.9924	 | 0.5238 mean
                     	0.8726	 1.042	  1.14	 1.115	0.7693	0.7517	 1.342	 1.374	 1.402	 1.442	 2.631	 2.618	 | 1.59 quantile
                      	 2.442	  2.67	 3.028	 2.892	 1.548	 1.371	 2.824	  2.83	 2.591	 2.266	 4.849	 4.925	 | 4.925 max

train losses    124:	0.2764	0.2797	  0.33	0.3214	0.2981	0.2905	0.4449	0.4523	 0.514	0.4888	0.4979	0.4969	
val losses      124:	0.3376	0.3944	0.4262	0.4131	0.2924	0.2785	0.4766	0.4614	0.5299	0.5883	 1.044	 1.023	 | 0.5221 mean
                     	0.8813	 1.068	 1.138	 1.117	0.7717	 0.755	 1.344	 1.373	 1.374	 1.399	 2.821	 2.802	 | 1.61 quantile
                      	 2.459	 2.674	 3.083	 2.887	 1.472	 1.531	 2.814	  2.82	 2.371	 2.287	 4.063	 4.122	 | 4.122 max

train losses    126:	0.2757	0.2881	0.3307	0.3215	0.2936	0.2912	0.4441	0.4521	0.5425	0.5445	0.4898	0.4862	
val losses      126:	0.3359	0.3973	0.4291	0.4128	0.3061	0.2917	0.4779	0.4623	 0.568	0.6426	0.9868	0.9668	 | 0.5231 mean
                     	0.8752	 1.064	 1.137	 1.113	0.8005	0.7842	 1.364	  1.38	 1.526	 1.522	 2.688	 2.621	 | 1.587 quantile
                      	 2.512	 2.668	 3.104	 2.936	 1.483	 1.617	 2.881	 2.813	 2.237	 2.277	 5.028	 5.104	 | 5.104 max

train losses    128:	0.2693	0.2803	 0.334	0.3213	0.2934	0.2941	0.4451	0.4515	0.4621	0.4636	0.4897	0.5002	
val losses      128:	0.3334	0.3942	0.4249	0.4135	0.3087	0.2988	0.4775	0.4646	0.5302	0.5796	0.9857	0.9687	 | 0.515 mean
                     	0.8692	 1.048	 1.141	 1.112	0.8057	0.7844	 1.352	 1.373	  1.32	 1.372	 2.685	 2.628	 | 1.563 quantile
                      	 2.268	  2.66	  3.02	 2.915	 1.532	 1.616	 2.817	  2.85	 2.288	 2.401	 5.004	 5.103	 | 5.103 max

train losses    130:	0.2686	0.2739	  0.33	0.3214	0.2902	0.2922	0.4439	0.4515	0.4302	0.4287	0.4761	 0.474	
val losses      130:	0.3318	0.3929	0.4253	0.4131	0.2958	0.2832	0.4769	0.4625	0.5174	0.5669	0.9932	0.9802	 | 0.5116 mean
                     	0.8691	 1.046	 1.141	 1.112	0.7533	0.7506	 1.359	 1.375	 1.352	 1.372	 2.665	 2.592	 | 1.568 quantile
                      	 2.378	 2.532	 3.064	 2.921	 1.486	 1.544	 2.847	 2.848	 2.345	 2.361	 4.865	 4.971	 | 4.971 max

train losses    132:	0.2668	0.2693	0.3295	0.3211	 0.279	0.2791	0.4433	0.4507	0.4187	0.4114	0.4351	0.4365	
val losses      132:	0.3347	0.3887	0.4256	0.4131	0.2884	0.2714	0.4764	0.4603	0.4914	0.5535	 1.052	 1.031	 | 0.5155 mean
                     	0.8709	 1.041	 1.134	 1.115	0.7441	0.7247	  1.34	 1.378	 1.298	 1.348	 2.758	 2.755	 | 1.59 quantile
                      	 2.403	 2.598	  3.09	 2.886	 1.362	 1.412	 2.812	 2.846	  2.33	  1.93	 4.324	  4.38	 | 4.38 max

train losses    134:	0.2618	0.2677	0.3297	0.3211	0.2712	0.2662	0.4432	0.4511	0.3956	0.3931	0.4266	0.4275	
val losses      134:	0.3365	0.3863	0.4262	0.4131	 0.287	0.2702	0.4776	0.4599	0.5043	0.5581	 1.038	 1.015	 | 0.5143 mean
                     	0.8911	 1.035	 1.135	 1.114	0.7436	 0.713	 1.359	 1.379	 1.281	 1.337	  2.75	 2.761	 | 1.585 quantile
                      	 2.398	 2.602	 3.111	 2.889	 1.338	 1.392	 2.886	 2.859	 2.254	  2.13	 4.429	 4.556	 | 4.556 max

train losses    136:	0.2595	0.2633	0.3292	 0.321	0.2684	0.2625	0.4441	0.4522	0.3903	 0.388	0.5027	 0.497	
val losses      136:	 0.334	0.3823	0.4249	0.4136	0.2905	0.2706	0.4768	 0.461	0.5186	0.5752	 1.082	 1.062	 | 0.5243 mean
                     	0.8751	 1.027	 1.139	 1.114	0.7443	0.7199	  1.35	 1.384	 1.321	 1.359	 2.786	   2.8	 | 1.596 quantile
                      	 2.295	 2.653	 3.096	 2.905	 1.347	 1.398	 2.815	 2.845	  2.36	 2.123	 4.424	 4.331	 | 4.424 max

train losses    138:	0.2626	0.2716	0.3289	0.3209	0.2818	 0.274	 0.445	0.4531	0.4049	0.4241	0.6631	0.6569	
val losses      138:	0.3339	0.3918	0.4269	 0.412	0.3075	0.2877	0.4767	0.4592	0.5167	0.5784	 1.176	 1.155	 | 0.5435 mean
                     	 0.875	 1.045	 1.133	 1.117	0.8053	0.7766	 1.374	  1.38	 1.335	 1.386	 2.984	 3.005	 | 1.697 quantile
                      	 2.415	 2.539	 3.109	 2.883	  1.51	  1.63	 2.924	 2.864	 2.323	 2.064	 5.227	 5.081	 | 5.227 max

train losses    140:	0.2615	0.2695	 0.331	0.3208	0.2869	0.2832	0.4442	0.4517	0.4033	0.4159	0.4783	0.4828	
val losses      140:	0.3382	0.3817	0.4254	0.4132	0.3083	0.2834	 0.478	 0.461	0.5187	0.5795	  1.05	 1.032	 | 0.5225 mean
                     	0.8733	 1.018	 1.133	 1.113	0.7984	0.7531	 1.352	 1.376	  1.32	 1.386	 2.821	 2.776	 | 1.604 quantile
                      	 2.396	 2.582	 3.145	 2.914	 1.487	  1.52	  2.84	 2.846	 2.295	 2.133	 4.604	 4.532	 | 4.604 max

train losses    142:	0.2629	0.2638	  0.33	0.3208	 0.284	0.2833	0.4432	0.4516	0.4175	0.4124	0.5243	0.5345	
val losses      142:	0.3372	0.3819	0.4268	 0.413	0.2955	0.2904	0.4777	0.4612	 0.585	0.6177	 1.021	 1.003	 | 0.5258 mean
                     	0.8886	  1.02	 1.133	 1.108	0.7619	0.7655	 1.369	  1.39	 1.415	 1.483	 2.876	 2.762	 | 1.585 quantile
                      	 2.202	 2.372	 3.121	 2.928	 1.414	 1.544	 2.891	 2.875	 2.628	 2.498	 4.634	 4.733	 | 4.733 max

train losses    144:	0.2621	0.2614	0.3291	0.3217	 0.284	0.2902	0.4428	0.4513	0.5231	0.5112	0.4466	0.4476	
val losses      144:	0.3391	0.3804	0.4256	0.4135	 0.287	0.2665	0.4767	0.4612	0.6178	0.6793	 1.045	 1.022	 | 0.5346 mean
                     	  0.89	 1.018	 1.136	 1.112	0.7435	0.7182	 1.354	  1.39	 1.566	 1.619	 2.719	 2.695	 | 1.639 quantile
                      	 2.519	 2.597	 3.082	 2.906	 1.292	 1.308	  2.81	 2.879	  2.56	 2.382	 4.467	 4.568	 | 4.568 max

train losses    146:	0.2608	0.2652	0.3298	0.3207	0.2744	0.2673	0.4438	0.4518	0.5365	0.5361	0.4963	0.4948	
val losses      146:	0.3344	0.3887	0.4259	0.4124	0.2861	 0.269	0.4779	0.4624	0.5808	0.6396	  1.08	 1.058	 | 0.5346 mean
                     	0.8752	 1.052	 1.139	 1.114	0.7381	0.7186	 1.361	 1.388	 1.471	 1.515	 2.768	 2.794	 | 1.643 quantile
                      	 2.398	  2.52	 3.126	 2.879	 1.431	 1.447	 2.879	 2.809	 2.462	  2.32	  4.66	 4.552	 | 4.66 max

train losses    148:	0.2642	0.2732	0.3293	0.3212	0.2656	0.2589	 0.444	0.4525	0.5461	0.5732	0.5015	 0.495	
val losses      148:	0.3292	0.3852	0.4258	 0.413	0.2839	0.2634	0.4761	0.4617	0.5489	0.6153	 1.047	 1.027	 | 0.523 mean
                     	0.8545	 1.042	 1.142	  1.11	0.7438	0.7008	 1.355	 1.389	 1.381	 1.462	 2.782	  2.75	 | 1.615 quantile
                      	 2.588	 2.424	 3.133	 2.899	 1.295	  1.31	 2.897	 2.898	 2.437	 2.163	 4.525	 4.563	 | 4.563 max

train losses    150:	0.2562	0.2597	0.3319	0.3207	0.2599	0.2541	0.4429	0.4508	0.4952	0.4874	0.4347	0.4447	
val losses      150:	0.3286	0.3769	0.4248	0.4131	0.2898	0.2688	0.4773	0.4635	0.5072	 0.563	 1.007	0.9917	 | 0.5093 mean
                     	0.8706	  1.01	 1.142	 1.115	0.7268	 0.719	  1.36	 1.383	 1.353	 1.337	 2.799	   2.7	 | 1.57 quantile
                      	 2.279	 2.402	  3.12	 2.891	 1.426	 1.323	 2.869	 2.913	 2.291	 2.213	 4.732	 4.788	 | 4.788 max

train losses    152:	0.2538	0.2545	0.3293	0.3211	0.2584	0.2522	0.4434	 0.451	0.4264	0.4167	0.4401	0.4408	
val losses      152:	0.3306	0.3787	0.4248	0.4132	0.2874	0.2661	0.4773	0.4638	0.5125	0.5608	0.9957	0.9795	 | 0.5075 mean
                     	0.8733	 1.014	 1.143	 1.114	 0.715	0.6967	 1.347	 1.378	 1.344	  1.33	 2.725	 2.603	 | 1.564 quantile
                      	 2.338	 2.299	 3.043	  2.91	 1.487	 1.251	 2.824	 2.844	 2.428	 2.332	  4.92	 5.001	 | 5.001 max

train losses    154:	0.2509	0.2537	0.3286	0.3209	0.2597	0.2499	0.4427	0.4503	0.3715	0.3681	0.3682	0.3683	
val losses      154:	0.3329	0.3734	0.4243	0.4132	0.2833	0.2661	0.4774	0.4623	 0.497	0.5443	 1.029	 1.006	 | 0.5091 mean
                     	0.8827	0.9971	 1.136	 1.117	0.7119	0.6957	  1.35	 1.376	  1.32	 1.322	 2.703	 2.678	 | 1.57 quantile
                      	 2.252	 2.305	 3.105	 2.912	 1.478	 1.256	 2.851	 2.865	 2.353	 2.219	  4.57	 4.667	 | 4.667 max

train losses    156:	0.2484	0.2498	0.3283	0.3206	0.2566	0.2588	0.4431	0.4504	0.3628	0.3603	0.3806	 0.383	
val losses      156:	0.3302	0.3737	0.4246	 0.413	0.2845	0.2703	0.4771	0.4614	0.4897	0.5458	 1.097	 1.074	 | 0.5201 mean
                     	0.8752	0.9985	 1.137	 1.119	0.7285	0.6978	 1.356	 1.377	 1.276	 1.303	 2.821	 2.833	 | 1.593 quantile
                      	 2.215	  2.39	 3.117	 2.906	 1.372	 1.219	 2.871	 2.857	 2.378	 2.068	 4.633	 4.543	 | 4.633 max

train losses    158:	0.2448	 0.246	0.3282	0.3206	0.2646	 0.259	0.4431	 0.451	0.3574	0.3582	0.3809	0.3815	
val losses      158:	0.3313	0.3697	0.4246	0.4131	0.2873	0.2717	0.4781	0.4612	0.4932	0.5448	 1.014	0.9935	 | 0.5069 mean
                     	0.8799	0.9771	 1.137	 1.113	0.7221	0.7014	 1.349	 1.381	 1.318	 1.324	 2.729	 2.723	 | 1.56 quantile
                      	 2.264	 2.488	 3.102	 2.918	 1.357	 1.217	  2.88	 2.907	 2.417	 2.169	 4.408	 4.466	 | 4.466 max

train losses    160:	0.2446	 0.243	0.3281	0.3204	0.2666	0.2643	0.4433	0.4507	0.3524	0.3514	0.3688	0.3665	
val losses      160:	0.3331	0.3689	0.4244	 0.413	0.2917	0.2731	0.4772	0.4615	0.5045	0.5515	 0.994	0.9733	 | 0.5055 mean
                     	0.8886	 0.986	 1.142	  1.11	0.7277	0.7057	 1.351	 1.379	  1.34	 1.337	  2.72	 2.675	 | 1.557 quantile
                      	 2.309	  2.41	 3.127	 2.918	 1.416	 1.241	 2.871	 2.903	 2.419	 2.262	 4.619	 4.666	 | 4.666 max

train losses    162:	 0.245	0.2432	0.3282	0.3203	0.2715	0.2669	0.4426	0.4506	0.3498	0.3498	0.3386	0.3373	
val losses      162:	0.3294	0.3702	0.4249	0.4126	0.3079	0.2851	0.4772	 0.462	0.5158	0.5679	 1.018	   1.0	 | 0.5143 mean
                     	0.8662	0.9933	 1.144	  1.11	0.7651	0.7265	 1.356	 1.379	 1.375	 1.374	 2.766	 2.677	 | 1.576 quantile
                      	 2.281	 2.392	 3.084	 2.885	 1.554	 1.288	 2.878	 2.908	 2.483	 2.421	 5.192	  5.23	 | 5.23 max

train losses    164:	0.2458	0.2478	0.3286	0.3204	0.2937	0.2764	0.4427	0.4509	 0.353	0.3788	0.4807	  0.48	
val losses      164:	0.3274	0.3798	0.4246	0.4128	0.3203	0.3037	0.4767	0.4627	0.5337	0.5951	 1.038	 1.021	 | 0.5246 mean
                     	0.8656	 1.017	 1.141	 1.113	0.7827	0.7505	 1.355	 1.383	 1.413	 1.461	 2.821	 2.778	 | 1.614 quantile
                      	 2.324	 2.464	 3.119	 2.879	 1.764	 1.357	 2.883	 2.936	 2.515	 2.603	 5.416	 5.387	 | 5.416 max

train losses    166:	0.2526	0.2546	 0.329	0.3203	0.3009	0.2962	0.4432	0.4501	0.3558	0.3693	0.4477	0.4504	
val losses      166:	0.3278	0.3685	0.4245	0.4126	0.2835	0.2665	0.4762	0.4617	0.5063	0.5571	0.9974	0.9767	 | 0.5049 mean
                     	0.8737	0.9781	 1.143	 1.114	0.7251	0.6912	 1.353	 1.377	 1.364	 1.371	 2.658	  2.67	 | 1.552 quantile
                      	 2.227	 2.411	 3.078	 2.915	 1.393	  1.23	 2.878	 2.885	 2.436	 2.334	 4.876	 4.914	 | 4.914 max

train losses    168:	0.2461	0.2459	0.3285	0.3201	0.2873	0.2794	0.4421	0.4502	0.3462	0.3527	0.3793	0.3828	
val losses      168:	0.3273	0.3651	0.4242	0.4127	0.2793	0.2693	0.4777	0.4625	0.5042	0.5504	 1.154	 1.135	 | 0.5301 mean
                     	 0.864	0.9813	 1.138	 1.118	0.7028	0.6867	 1.347	  1.38	  1.33	 1.336	 2.892	 2.878	 | 1.626 quantile
                      	  2.38	 2.343	 3.084	 2.901	 1.394	 1.221	 2.829	  2.86	 2.466	 2.141	 4.511	 4.453	 | 4.511 max

train losses    170:	 0.244	0.2455	0.3278	0.3204	0.2552	0.2623	0.4428	0.4517	0.3489	0.3435	0.5421	0.5408	
val losses      170:	0.3282	0.3694	0.4246	0.4125	0.2822	0.2677	0.4785	0.4639	0.5077	0.5592	 1.159	 1.136	 | 0.5324 mean
                     	0.8743	 0.999	 1.137	 1.119	0.7153	0.6979	 1.368	 1.381	 1.353	 1.346	 2.891	 2.903	 | 1.657 quantile
                      	 2.298	 2.402	 3.098	 2.912	 1.295	 1.443	 2.889	 2.831	 2.595	 2.128	 4.877	 4.795	 | 4.877 max

train losses    172:	0.2437	0.2426	0.3279	0.3203	0.2512	0.2423	0.4422	0.4508	 0.351	  0.35	 0.368	0.3692	
val losses      172:	0.3278	0.3635	0.4243	0.4129	0.2779	0.2554	0.4773	0.4617	0.5087	0.5568	 1.043	 1.026	 | 0.5113 mean
                     	0.8648	0.9794	 1.138	  1.11	0.7104	0.6887	 1.364	 1.388	 1.368	 1.359	 2.794	 2.732	 | 1.589 quantile
                      	 2.321	 2.385	 3.084	 2.921	 1.342	 1.341	 2.879	 2.869	 2.532	 2.216	 4.437	 4.385	 | 4.437 max

train losses    174:	0.2391	0.2365	0.3277	0.3202	0.2515	0.2385	0.4414	0.4497	0.3484	0.3426	0.2957	0.2939	
val losses      174:	0.3298	0.3638	0.4247	0.4123	0.2845	0.2662	0.4788	0.4619	0.5294	 0.572	 1.007	0.9878	 | 0.5098 mean
                     	0.8753	0.9759	 1.144	 1.108	0.7123	0.7051	 1.374	 1.382	 1.408	 1.394	 2.752	 2.684	 | 1.581 quantile
                      	 2.344	 2.191	 3.118	 2.912	 1.372	  1.41	 2.902	 2.878	 2.508	 2.404	 4.744	 4.798	 | 4.798 max

train losses    176:	0.2367	0.2335	0.3276	  0.32	0.2553	0.2468	0.4413	0.4494	0.3643	0.3647	0.2732	  0.27	
val losses      176:	0.3267	0.3632	0.4246	0.4126	 0.294	0.2738	0.4768	0.4622	0.5616	0.5951	0.9898	0.9695	 | 0.5125 mean
                     	0.8653	0.9702	  1.14	 1.112	0.7462	0.7126	 1.359	 1.386	 1.484	 1.475	 2.663	 2.638	 | 1.583 quantile
                      	 2.268	 2.358	 3.078	  2.93	  1.38	 1.422	 2.866	 2.881	  2.68	 2.543	 4.643	 4.655	 | 4.655 max

train losses    178:	0.2338	 0.231	0.3276	0.3199	0.2619	0.2494	0.4413	0.4496	0.4131	0.4014	0.2692	0.2675	
val losses      178:	0.3212	0.3636	0.4247	0.4123	0.2833	 0.264	0.4779	 0.462	0.6268	0.6563	 1.005	0.9871	 | 0.5237 mean
                     	  0.85	0.9812	 1.145	 1.113	0.6971	0.7014	 1.372	 1.379	 1.619	 1.651	  2.71	 2.682	 | 1.639 quantile
                      	 2.381	 2.307	 3.114	 2.921	 1.367	  1.38	 2.895	 2.848	 2.822	 2.695	 4.794	 4.849	 | 4.849 max

train losses    180:	0.2319	0.2295	0.3274	0.3198	0.2594	0.2506	0.4413	0.4494	0.4591	0.4537	0.2826	0.2809	
val losses      180:	 0.319	0.3598	0.4245	0.4125	0.2814	0.2567	0.4775	 0.463	0.6412	0.6568	 1.006	0.9882	 | 0.5239 mean
                     	 0.847	0.9638	 1.143	 1.118	0.6963	0.6788	  1.37	 1.383	 1.667	  1.65	 2.719	 2.722	 | 1.643 quantile
                      	 2.267	 2.261	 3.089	 2.922	 1.342	 1.301	 2.892	 2.866	 2.829	 2.764	 4.579	 4.588	 | 4.588 max

train losses    182:	0.2329	0.2294	0.3275	0.3201	0.2601	0.2409	0.4416	0.4502	0.5146	0.4825	0.3415	0.3482	
val losses      182:	 0.319	0.3586	0.4243	0.4125	0.2769	0.2577	  0.48	0.4636	0.6293	0.6613	  1.04	 1.022	 | 0.5288 mean
                     	0.8592	0.9655	 1.142	 1.119	0.6834	0.6711	 1.371	 1.383	 1.648	 1.664	 2.743	 2.777	 | 1.653 quantile
                      	 2.394	 2.248	 3.037	 2.909	 1.473	  1.21	 2.878	 2.804	 3.035	 2.859	 4.448	 4.398	 | 4.448 max

train losses    184:	0.2345	0.2295	 0.328	  0.32	0.2529	0.2433	0.4415	0.4499	0.5442	0.5498	0.3298	0.3267	
val losses      184:	0.3186	0.3592	0.4244	0.4129	0.2985	0.2982	0.4785	0.4626	0.6238	0.6627	 1.012	0.9939	 | 0.5288 mean
                     	0.8422	0.9678	  1.14	 1.122	0.7413	 0.737	 1.359	 1.385	 1.617	 1.682	  2.69	 2.716	 | 1.643 quantile
                      	 2.253	 2.282	 3.042	 2.925	 1.581	 1.283	 2.805	 2.808	 2.971	 2.766	 4.327	 4.315	 | 4.327 max

train losses    186:	0.2383	0.2331	0.3282	0.3198	0.2702	0.2858	0.4428	0.4511	0.5487	0.5305	0.4223	0.4277	
val losses      186:	0.3174	0.3629	0.4239	0.4125	 0.292	0.2819	0.4769	0.4616	0.5242	 0.576	 1.055	 1.037	 | 0.5185 mean
                     	0.8504	0.9785	  1.14	 1.118	0.7232	0.7136	  1.35	 1.378	  1.46	 1.395	 2.763	  2.79	 | 1.6 quantile
                      	 2.411	  2.32	 3.038	 2.907	 1.544	 1.297	 2.865	 2.803	 2.711	 2.342	 4.591	 4.546	 | 4.591 max

train losses    188:	0.2359	0.2367	0.3283	0.3197	0.2929	0.2804	0.4419	0.4506	0.4219	 0.429	0.3618	 0.362	
val losses      188:	0.3174	0.3655	0.4242	0.4131	 0.288	0.2742	0.4776	 0.464	0.5141	0.5692	 1.035	  1.02	 | 0.5136 mean
                     	0.8447	0.9947	 1.136	 1.117	0.7043	0.7193	 1.362	 1.384	 1.379	 1.372	 2.755	 2.698	 | 1.587 quantile
                      	   2.3	 2.484	 3.019	 2.871	 1.493	 1.354	 2.864	 2.865	 2.431	 2.418	 5.209	 5.203	 | 5.209 max

train losses    190:	0.2355	0.2341	0.3278	0.3197	0.2549	0.2517	0.4424	0.4498	0.3522	0.3471	0.3494	0.3488	
val losses      190:	0.3191	0.3612	0.4244	0.4128	0.2745	0.2545	0.4779	0.4628	0.5101	0.5576	 1.026	 1.009	 | 0.5075 mean
                     	0.8373	0.9785	 1.134	 1.112	0.6827	0.6669	 1.363	 1.381	 1.294	 1.297	 2.741	 2.658	 | 1.564 quantile
                      	 2.296	 2.574	 3.134	 2.883	 1.339	 1.185	 2.911	 2.869	 2.232	 2.268	 4.982	 5.042	 | 5.042 max

train losses    192:	0.2321	0.2313	0.3275	0.3196	0.2418	0.2316	0.4421	0.4501	0.3571	0.3551	 0.529	0.5271	
val losses      192:	 0.318	0.3625	0.4239	0.4128	0.2753	0.2596	0.4768	0.4626	0.5241	0.5743	  1.05	 1.037	 | 0.5148 mean
                     	0.8353	0.9792	 1.142	 1.112	0.6774	0.6846	 1.368	 1.389	 1.361	 1.373	 2.877	 2.849	 | 1.576 quantile
                      	 2.302	 2.453	 3.072	 2.883	 1.345	 1.252	 2.914	 2.901	 2.323	 2.441	  5.52	 5.555	 | 5.555 max

train losses    194:	  0.23	0.2288	0.3274	0.3196	0.2405	0.2325	0.4413	0.4492	0.3581	0.3513	0.4021	0.4069	
val losses      194:	0.3233	0.3528	 0.424	0.4129	0.2625	0.2446	0.4748	0.4598	0.5439	 0.587	 1.024	 1.004	 | 0.5095 mean
                     	 0.857	0.9345	 1.137	 1.118	0.6527	0.6564	 1.361	 1.377	 1.352	 1.413	 2.666	 2.704	 | 1.59 quantile
                      	 2.222	 2.419	 3.128	  2.91	 1.333	 1.182	 2.865	 2.891	 2.562	 2.217	  4.38	 4.371	 | 4.38 max

train losses    196:	0.2284	0.2245	0.3271	0.3196	0.2352	0.2263	0.4417	0.4499	0.3629	0.3646	0.4083	0.4089	
val losses      196:	0.3248	0.3498	0.4241	0.4126	 0.274	0.2618	0.4777	0.4642	0.5218	0.5927	 1.215	 1.187	 | 0.5422 mean
                     	  0.87	0.9348	 1.134	 1.121	0.6791	0.6731	 1.345	 1.378	 1.337	 1.412	 2.924	 2.906	 | 1.676 quantile
                      	 2.339	 2.318	 3.102	 2.938	 1.424	 1.302	 2.808	 2.814	 2.296	 2.045	 4.634	 4.558	 | 4.634 max

train losses    198:	0.2292	0.2292	0.3272	0.3194	0.2342	0.2291	0.4414	0.4498	0.3524	0.3626	0.4351	0.4304	
val losses      198:	0.3197	0.3557	0.4243	0.4124	 0.268	0.2483	0.4775	0.4613	0.5213	0.5725	 1.055	 1.036	 | 0.5127 mean
                     	0.8526	0.9587	 1.138	 1.112	0.6709	0.6588	 1.369	 1.384	 1.351	 1.377	 2.833	 2.787	 | 1.6 quantile
                      	 2.355	  2.34	  3.14	  2.89	 1.295	 1.191	 2.916	 2.871	 2.247	 2.017	 4.518	 4.415	 | 4.518 max

train losses    200:	0.2255	0.2252	0.3279	0.3192	0.2361	0.2259	0.4407	 0.449	0.3541	0.3513	0.2915	0.2953	
val losses      200:	0.3178	0.3545	0.4244	0.4129	0.2721	0.2565	0.4762	0.4616	0.5318	0.5863	 1.001	0.9822	 | 0.5065 mean
                     	0.8445	0.9553	 1.134	 1.114	0.6764	0.6689	  1.36	 1.379	 1.356	 1.399	 2.747	 2.671	 | 1.567 quantile
                      	 2.301	 2.323	 3.111	  2.89	 1.355	 1.174	 2.905	 2.895	 2.393	 2.154	  4.48	 4.471	 | 4.48 max

train losses    202:	 0.224	0.2194	 0.327	0.3194	0.2346	 0.224	0.4406	0.4488	0.3576	0.3541	0.2474	0.2466	
val losses      202:	0.3209	0.3519	0.4245	0.4127	 0.274	0.2494	0.4777	0.4619	0.5385	0.5815	0.9958	0.9747	 | 0.5053 mean
                     	0.8593	0.9381	 1.141	 1.114	0.6701	0.6487	  1.37	 1.384	 1.346	 1.381	 2.678	 2.658	 | 1.572 quantile
                      	 2.233	 2.259	 3.104	 2.891	 1.352	 1.227	 2.895	 2.877	 2.434	 2.204	 4.473	 4.438	 | 4.473 max

train losses    204:	0.2221	0.2182	0.3267	 0.319	0.2329	0.2213	0.4405	0.4484	0.3487	0.3454	0.2186	0.2158	
val losses      204:	0.3191	0.3513	0.4245	0.4126	0.2676	0.2455	0.4763	0.4618	0.5203	0.5725	0.9903	0.9658	 | 0.5006 mean
                     	0.8552	0.9428	 1.137	 1.116	0.6562	0.6504	 1.363	  1.38	 1.333	 1.365	 2.642	 2.614	 | 1.55 quantile
                      	 2.214	 2.342	 3.114	 2.904	 1.295	 1.194	 2.889	  2.89	 2.309	  2.15	 4.382	 4.367	 | 4.382 max

train losses    206:	 0.221	0.2168	0.3266	0.3191	0.2308	0.2185	0.4402	0.4484	0.3426	0.3335	0.2176	0.2175	
val losses      206:	0.3175	0.3491	0.4248	0.4127	0.2715	0.2458	0.4765	0.4617	0.5305	0.5806	0.9973	0.9759	 | 0.5037 mean
                     	0.8441	0.9389	 1.135	 1.113	0.6691	0.6462	 1.365	 1.381	 1.355	 1.371	 2.673	 2.644	 | 1.559 quantile
                      	 2.293	 2.363	 3.118	 2.877	 1.324	 1.143	 2.912	 2.894	 2.379	 2.221	 4.626	 4.632	 | 4.632 max

train losses    208:	0.2212	0.2165	0.3264	 0.319	0.2272	 0.215	0.4406	0.4485	0.3343	  0.33	0.2211	0.2184	
val losses      208:	0.3169	0.3489	0.4244	0.4127	 0.268	 0.246	 0.476	0.4616	0.5353	0.5843	 1.006	0.9832	 | 0.5053 mean
                     	0.8506	0.9355	 1.138	 1.116	0.6556	0.6493	 1.365	 1.387	 1.354	 1.398	 2.673	 2.687	 | 1.562 quantile
                      	 2.267	 2.286	 3.123	 2.904	 1.274	 1.203	 2.902	 2.898	 2.393	 2.228	 4.262	 4.208	 | 4.262 max

train losses    210:	0.2204	0.2159	0.3265	0.3189	0.2268	0.2144	0.4401	0.4486	0.3467	 0.341	 0.278	0.2806	
val losses      210:	0.3206	0.3478	0.4247	0.4125	0.2673	 0.244	0.4767	0.4613	0.5499	0.5904	 1.006	0.9858	 | 0.5072 mean
                     	0.8668	0.9321	  1.14	 1.112	0.6516	0.6463	 1.369	 1.387	  1.38	 1.401	 2.724	 2.644	 | 1.573 quantile
                      	 2.153	 2.341	  3.12	 2.885	  1.26	 1.156	 2.965	 2.922	 2.433	 2.127	 4.812	 4.844	 | 4.844 max

train losses    212:	0.2234	0.2194	0.3264	0.3189	0.2266	0.2133	0.4405	0.4491	0.3712	0.3543	0.3983	0.3979	
val losses      212:	0.3152	0.3492	0.4248	0.4129	0.2666	0.2433	0.4754	0.4609	0.5495	0.6056	 1.003	0.9819	 | 0.5073 mean
                     	 0.844	0.9311	 1.137	 1.115	0.6528	0.6578	 1.365	 1.381	 1.386	  1.44	 2.669	 2.656	 | 1.582 quantile
                      	 2.197	 2.303	 3.122	 2.901	 1.205	 1.171	  2.91	 2.909	 2.419	  2.13	 4.345	 4.246	 | 4.345 max

train losses    214:	0.2254	0.2199	0.3265	0.3189	0.2297	0.2156	0.4408	0.4496	0.3819	0.4076	0.4592	0.4522	
val losses      214:	0.3197	0.3493	0.4238	0.4114	 0.272	0.2513	0.4768	0.4617	0.5449	0.5998	 1.081	 1.055	 | 0.5206 mean
                     	0.8642	0.9392	 1.139	  1.11	0.6879	0.6695	 1.366	 1.387	 1.368	 1.414	 2.757	 2.793	 | 1.61 quantile
                      	 2.422	 2.307	 3.102	 2.911	 1.191	 1.235	 2.964	  2.88	 2.343	 2.085	 4.425	 4.318	 | 4.425 max

train losses    216:	 0.227	0.2253	0.3276	0.3186	0.2294	0.2235	0.4401	0.4484	0.3939	0.3777	0.2766	0.2862	
val losses      216:	0.3174	0.3473	0.4263	0.4129	0.2739	0.2517	0.4757	0.4627	0.5676	0.6193	0.9807	0.9607	 | 0.508 mean
                     	0.8472	 0.936	 1.134	 1.115	0.6943	0.6723	 1.366	 1.381	 1.443	 1.506	 2.632	 2.577	 | 1.57 quantile
                      	 2.246	   2.3	  3.17	 2.889	 1.185	 1.247	 2.924	 2.909	 2.537	 2.201	 4.318	 4.253	 | 4.318 max

train losses    218:	0.2252	0.2223	0.3276	 0.319	 0.243	0.2258	0.4399	0.4483	0.3877	0.4007	0.2256	0.2285	
val losses      218:	0.3191	0.3519	0.4247	0.4122	 0.281	 0.271	0.4787	0.4617	0.5536	0.6034	0.9822	0.9624	 | 0.5085 mean
                     	0.8481	0.9533	 1.141	  1.11	0.7093	0.7033	  1.38	 1.386	 1.398	 1.454	 2.649	 2.591	 | 1.562 quantile
                      	 2.166	 2.238	  3.08	 2.886	 1.166	 1.376	 2.962	 2.875	 2.474	 2.196	  4.62	 4.601	 | 4.62 max

train losses    220:	0.2243	0.2212	0.3264	0.3184	0.2503	0.2488	0.4399	 0.448	0.3946	0.3969	0.2288	0.2256	
val losses      220:	0.3164	0.3499	0.4256	0.4129	0.2838	0.2603	0.4759	0.4629	0.5323	 0.593	0.9883	0.9662	 | 0.5056 mean
                     	0.8456	0.9513	 1.139	 1.116	0.7131	 0.695	 1.359	 1.382	 1.377	 1.385	 2.631	   2.6	 | 1.562 quantile
                      	 2.375	 2.396	  3.14	 2.888	   1.2	 1.265	 2.879	 2.906	 2.325	 2.178	 4.576	 4.489	 | 4.576 max

train losses    222:	 0.224	0.2197	0.3276	0.3187	0.2561	0.2435	0.4398	0.4484	0.3556	0.3645	0.2441	 0.244	
val losses      222:	0.3148	 0.348	0.4247	 0.412	 0.279	0.2631	0.4774	0.4612	0.5283	0.5758	 1.004	0.9844	 | 0.506 mean
                     	0.8423	 0.938	 1.136	  1.11	 0.691	0.6905	 1.373	 1.386	  1.33	 1.352	 2.726	 2.678	 | 1.565 quantile
                      	  2.29	 2.292	 3.144	 2.898	 1.169	 1.279	 2.955	 2.881	 2.332	 2.362	 4.317	 4.222	 | 4.317 max

train losses    224:	0.2226	0.2182	0.3265	0.3185	 0.247	0.2397	0.4398	 0.448	0.3322	0.3333	0.2409	0.2403	
val losses      224:	0.3159	0.3489	0.4248	0.4125	0.2697	0.2488	0.4755	0.4616	0.5289	0.5723	 1.003	0.9838	 | 0.5038 mean
                     	0.8371	0.9455	 1.139	 1.116	0.6843	0.6637	 1.365	 1.384	  1.33	 1.365	 2.724	 2.694	 | 1.56 quantile
                      	 2.127	 2.196	 3.107	  2.91	 1.219	 1.344	 2.922	 2.916	 2.276	 2.323	 4.421	 4.322	 | 4.421 max

train losses    226:	0.2199	 0.217	0.3261	0.3183	0.2445	0.2317	0.4397	0.4479	0.3093	0.3147	0.2169	0.2177	
val losses      226:	0.3157	 0.347	0.4245	0.4121	 0.264	0.2442	0.4768	0.4615	0.5256	 0.574	 1.008	0.9887	 | 0.5035 mean
                     	0.8461	0.9423	 1.139	 1.109	0.6668	0.6587	  1.37	 1.382	 1.338	 1.375	 2.704	 2.689	 | 1.564 quantile
                      	 2.266	 2.178	  3.14	 2.893	   1.2	 1.107	 2.932	 2.888	  2.31	 2.251	 4.324	 4.233	 | 4.324 max

train losses    228:	 0.219	0.2148	0.3263	0.3182	0.2308	0.2197	0.4399	0.4479	 0.306	0.3061	0.2194	 0.221	
val losses      228:	0.3149	0.3456	0.4251	0.4124	0.2676	0.2479	0.4759	0.4621	0.5206	0.5732	0.9892	0.9688	 | 0.5003 mean
                     	0.8373	0.9355	  1.14	 1.115	0.6554	0.6444	 1.363	 1.381	 1.348	 1.374	 2.652	 2.609	 | 1.547 quantile
                      	 2.265	 2.286	 3.121	 2.878	 1.284	 1.163	 2.933	 2.923	 2.291	 2.314	 4.544	 4.468	 | 4.544 max

train losses    230:	0.2177	0.2112	0.3258	0.3181	0.2251	0.2105	0.4392	0.4475	0.2853	0.2856	0.2176	0.2157	
val losses      230:	0.3153	0.3417	0.4249	0.4124	0.2669	 0.246	0.4764	0.4617	0.5192	0.5688	 1.005	0.9825	 | 0.5017 mean
                     	0.8413	0.9239	 1.141	 1.119	0.6514	0.6445	 1.362	 1.382	 1.358	  1.35	 2.677	 2.678	 | 1.557 quantile
                      	 2.101	 2.176	 3.117	 2.904	  1.24	 1.205	  2.92	 2.881	 2.365	 2.294	 4.328	 4.228	 | 4.328 max

train losses    232:	0.2167	0.2109	0.3258	0.3181	0.2229	0.2091	0.4393	0.4475	 0.285	0.2862	0.2255	0.2282	
val losses      232:	0.3138	 0.341	0.4248	0.4121	0.2614	0.2401	0.4757	0.4606	0.5246	 0.568	 1.016	 0.996	 | 0.5028 mean
                     	0.8398	0.9268	 1.135	 1.114	0.6492	0.6402	 1.369	 1.384	  1.34	 1.348	 2.725	  2.71	 | 1.56 quantile
                      	 2.159	 2.243	 3.112	 2.915	 1.241	 1.179	 2.955	 2.917	 2.319	 2.359	 4.395	 4.331	 | 4.395 max

train losses    234:	0.2144	  0.21	0.3256	 0.318	0.2212	0.2078	 0.439	0.4474	0.2819	0.2819	0.2538	0.2517	
val losses      234:	0.3128	0.3422	0.4246	0.4123	0.2653	0.2421	0.4755	0.4609	0.5256	0.5716	 1.019	0.9996	 | 0.5043 mean
                     	0.8363	0.9216	 1.141	 1.117	0.6616	0.6425	 1.366	 1.384	 1.342	 1.359	 2.737	 2.731	 | 1.572 quantile
                      	 2.339	 2.231	 3.117	 2.908	 1.207	 1.158	 2.933	 2.896	 2.295	 2.303	 4.558	 4.429	 | 4.558 max

train losses    236:	0.2145	 0.209	0.3255	0.3179	0.2256	 0.208	0.4398	0.4481	 0.276	0.2767	0.3515	0.3518	
val losses      236:	 0.312	0.3394	0.4248	0.4119	0.2681	0.2502	0.4771	0.4613	0.5208	0.5672	0.9937	0.9743	 | 0.5001 mean
                     	0.8358	0.9143	 1.138	  1.11	0.6716	0.6654	 1.374	  1.38	 1.336	 1.354	 2.717	 2.652	 | 1.544 quantile
                      	 2.181	 2.229	 3.094	 2.896	 1.157	 1.234	 2.966	 2.906	 2.332	 2.312	  4.54	 4.486	 | 4.54 max

train losses    238:	0.2149	0.2112	0.3253	0.3178	 0.224	0.2186	0.4395	0.4481	0.2773	 0.282	0.4315	0.4322	
val losses      238:	 0.312	0.3418	0.4257	0.4126	  0.27	0.2493	0.4754	0.4626	0.5284	0.5745	 1.008	0.9901	 | 0.5042 mean
                     	0.8321	0.9181	 1.142	 1.118	0.6776	0.6627	 1.368	 1.379	 1.375	 1.376	  2.65	 2.647	 | 1.567 quantile
                      	  2.08	 2.225	 3.105	 2.892	 1.203	 1.295	 2.935	 2.903	 2.411	 2.463	 4.761	 4.662	 | 4.761 max

train losses    240:	0.2164	0.2077	0.3254	0.3179	0.2436	 0.219	0.4389	0.4476	0.2811	0.2758	0.3334	0.3358	
val losses      240:	0.3161	0.3401	0.4251	0.4121	0.2841	0.2658	0.4785	0.4622	0.5406	0.5765	 1.009	0.9908	 | 0.5084 mean
                     	0.8488	0.9119	 1.143	 1.115	0.7209	0.6916	 1.374	 1.386	 1.426	 1.383	 2.674	 2.646	 | 1.572 quantile
                      	  2.31	  2.17	 3.082	 2.903	 1.176	 1.282	 2.961	 2.891	 2.498	 2.381	 4.441	 4.343	 | 4.441 max

train losses    242:	0.2145	0.2092	0.3255	0.3179	0.2407	0.2392	0.4397	0.4475	0.2791	0.2813	0.3584	0.3594	
val losses      242:	0.3099	0.3435	0.4256	0.4119	0.2817	0.2625	0.4752	0.4612	0.5487	0.5871	 1.017	   1.0	 | 0.5104 mean
                     	  0.83	0.9331	 1.141	 1.118	0.7074	0.6791	  1.37	  1.38	 1.415	 1.395	 2.768	 2.683	 | 1.588 quantile
                      	 2.187	 2.231	 3.118	 2.904	  1.16	 1.267	 2.916	 2.895	 2.456	 2.541	 4.602	 4.499	 | 4.602 max

train losses    244:	0.2124	0.2085	0.3257	0.3179	 0.254	0.2382	0.4386	0.4476	0.2819	0.2797	0.3506	 0.349	
val losses      244:	0.3118	0.3405	0.4246	0.4118	0.2793	0.2677	 0.477	0.4601	0.5562	0.5928	 1.035	 1.017	 | 0.5145 mean
                     	0.8333	0.9176	 1.142	 1.112	0.7085	0.6875	 1.371	 1.388	  1.44	 1.445	 2.848	 2.771	 | 1.605 quantile
                      	 2.114	 2.112	 3.105	 2.918	  1.16	 1.323	 2.946	 2.865	  2.47	 2.566	 4.481	 4.425	 | 4.481 max

train losses    246:	0.2132	0.2064	0.3252	0.3177	0.2522	0.2435	0.4389	0.4472	0.2858	0.2834	0.3611	0.3609	
val losses      246:	0.3127	0.3367	0.4244	0.4113	0.2793	0.2518	0.4759	 0.461	0.5542	0.5846	 1.152	 1.133	 | 0.5314 mean
                     	 0.841	0.9036	 1.139	 1.117	0.7079	0.6554	  1.37	   1.4	 1.405	 1.401	 2.834	 2.867	 | 1.637 quantile
                      	 2.309	 2.066	 3.079	 2.935	 1.115	 1.236	 2.921	 2.898	 2.373	 2.492	 4.801	 4.686	 | 4.801 max

train losses    248:	0.2123	0.2086	0.3251	0.3178	0.2693	0.2495	0.4394	0.4479	 0.298	0.2935	0.4624	0.4603	
val losses      248:	0.3083	0.3415	0.4242	0.4108	0.2812	0.2572	0.4752	0.4612	0.5375	0.5704	 1.182	 1.163	 | 0.5344 mean
                     	0.8338	0.9299	 1.141	 1.114	0.7201	0.6855	 1.376	 1.392	 1.393	 1.387	 2.861	 2.898	 | 1.669 quantile
                      	 2.265	 2.086	 3.093	  2.93	 1.241	 1.209	 2.969	 2.862	  2.38	 2.359	 5.165	 5.034	 | 5.165 max

train losses    250:	0.2159	0.2139	0.3253	0.3178	 0.266	0.2447	0.4393	0.4476	0.2983	0.2858	0.4344	0.4341	
val losses      250:	 0.312	0.3408	0.4247	0.4112	0.2754	0.2561	0.4752	0.4594	 0.565	0.5901	 1.071	 1.053	 | 0.5195 mean
                     	0.8337	0.9282	 1.139	 1.116	0.6591	0.6432	 1.367	 1.386	 1.472	 1.412	 2.913	 2.853	 | 1.62 quantile
                      	 2.301	 2.222	 3.118	 2.933	 1.276	 1.316	 2.926	 2.881	 2.706	 2.475	  4.61	 4.493	 | 4.61 max

train losses    252:	0.2212	0.2156	0.3258	0.3178	0.2394	0.2255	 0.439	0.4465	0.3545	0.3452	0.3082	0.3176	
val losses      252:	0.3083	 0.338	0.4256	0.4119	0.2876	0.2736	0.4785	 0.462	0.6389	0.6834	 1.038	 1.024	 | 0.5308 mean
                     	0.8332	 0.918	 1.141	 1.111	 0.708	0.6767	 1.372	 1.387	 1.649	  1.69	 2.811	 2.745	 | 1.671 quantile
                      	  2.18	 2.096	 3.132	 2.917	 1.348	  1.26	 2.907	 2.842	 2.946	 2.855	 4.752	 4.697	 | 4.752 max

train losses    254:	0.2133	0.2096	0.3253	0.3176	0.2353	0.2232	0.4385	0.4468	0.4256	0.4315	 0.265	0.2614	
val losses      254:	 0.309	0.3463	0.4258	0.4125	 0.263	0.2442	0.4758	0.4622	0.6525	0.6742	  1.01	0.9964	 | 0.5226 mean
                     	0.8322	0.9309	 1.143	 1.113	0.6417	0.6349	 1.358	 1.376	 1.626	 1.695	 2.678	 2.678	 | 1.65 quantile
                      	 2.189	 2.099	 3.061	 2.929	 1.386	 1.194	 2.882	 2.892	  2.73	 2.861	 4.672	 4.554	 | 4.672 max

train losses    256:	0.2139	0.2123	0.3259	0.3175	0.2436	0.2333	0.4387	0.4472	0.4127	 0.418	0.2336	0.2318	
val losses      256:	0.3108	0.3439	0.4252	 0.412	0.2712	0.2535	0.4769	0.4615	0.6431	0.6718	 1.058	 1.044	 | 0.531 mean
                     	 0.832	 0.926	 1.144	 1.118	 0.662	0.6546	 1.365	 1.385	 1.657	 1.667	 2.733	 2.787	 | 1.656 quantile
                      	 2.135	 2.106	 3.032	 2.917	 1.502	 1.294	 2.887	  2.87	 2.708	 2.916	 4.429	  4.36	 | 4.429 max

train losses    258:	0.2143	0.2105	0.3254	0.3174	0.2305	0.2204	0.4386	0.4468	0.4476	0.4533	 0.306	0.3113	
val losses      258:	0.3061	0.3366	0.4249	0.4118	0.2889	 0.274	0.4772	0.4623	0.6801	0.6998	 1.015	 1.001	 | 0.5315 mean
                     	0.8162	0.9091	 1.143	 1.115	0.6999	0.6886	 1.372	 1.391	 1.729	 1.749	 2.667	 2.682	 | 1.652 quantile
                      	 2.184	 2.198	 3.077	 2.936	 1.639	 1.412	  2.91	 2.882	  2.96	 2.974	 4.449	 4.399	 | 4.449 max

train losses    260:	0.2118	0.2079	0.3254	0.3173	0.2284	0.2195	0.4376	0.4462	0.5005	0.5011	0.2532	0.2565	
val losses      260:	0.3049	0.3391	 0.425	0.4121	0.2835	0.2751	0.4769	0.4606	0.7109	0.7452	0.9947	0.9788	 | 0.5339 mean
                     	0.8202	0.9199	 1.141	 1.117	0.6982	0.6756	 1.366	  1.38	 1.766	  1.82	 2.711	 2.674	 | 1.688 quantile
                      	  2.24	 2.265	 3.036	 2.921	 1.517	 1.277	 2.915	  2.87	 3.017	 2.861	 4.367	 4.248	 | 4.367 max

train losses    262:	0.2124	0.2091	0.3253	0.3173	0.2383	0.2303	0.4379	0.4462	0.5257	0.5219	0.2092	0.2083	
val losses      262:	0.3081	0.3404	0.4252	0.4127	0.2711	0.2622	0.4761	0.4619	0.5582	0.6139	 1.001	0.9837	 | 0.5095 mean
                     	0.8259	0.9205	 1.142	 1.118	0.6608	0.6695	 1.358	 1.384	  1.55	 1.558	  2.65	 2.613	 | 1.618 quantile
                      	 2.205	 2.364	 3.054	 2.906	  1.43	 1.283	 2.935	 2.883	 2.916	 2.758	 4.769	 4.677	 | 4.769 max

train losses    264:	0.2149	0.2113	0.3248	0.3171	0.2387	0.2291	 0.437	0.4459	0.5051	0.5067	0.2182	0.2176	
val losses      264:	0.3086	0.3406	0.4248	0.4129	0.2798	0.2659	0.4749	0.4608	0.5284	0.5835	0.9879	0.9702	 | 0.5032 mean
                     	0.8205	0.9139	 1.138	 1.117	0.6893	 0.677	 1.361	 1.379	 1.443	 1.466	 2.671	 2.616	 | 1.583 quantile
                      	 2.165	 2.379	 3.052	 2.899	 1.452	  1.41	 2.966	 2.873	 2.656	 2.703	 4.611	 4.498	 | 4.611 max

train losses    266:	0.2165	0.2145	0.3254	0.3171	0.2398	0.2316	0.4368	0.4452	0.4036	0.4044	0.2519	0.2494	
val losses      266:	0.3083	0.3436	0.4249	0.4125	0.2855	0.2724	0.4745	0.4601	0.4982	0.5558	   1.0	0.9823	 | 0.5015 mean
                     	0.8261	0.9298	 1.134	 1.119	0.7012	0.6921	 1.368	  1.38	 1.306	 1.326	 2.755	 2.683	 | 1.549 quantile
                      	 2.131	  2.46	 3.061	 2.913	 1.427	 1.345	 2.995	 2.926	 2.356	 2.251	 4.432	 4.324	 | 4.432 max

train losses    268:	 0.214	0.2136	0.3253	 0.317	0.2428	0.2351	0.4373	0.4453	0.3815	0.3841	0.2437	0.2486	
val losses      268:	0.3092	0.3404	0.4246	0.4123	 0.278	0.2693	0.4736	0.4601	0.5279	0.5762	 1.049	 1.028	 | 0.5124 mean
                     	0.8299	  0.92	 1.138	 1.118	0.6778	0.6834	 1.359	 1.388	 1.376	 1.359	 2.688	 2.696	 | 1.579 quantile
                      	 2.244	 2.441	 3.092	 2.954	 1.448	 1.344	  2.94	 2.914	 2.355	 2.425	 4.562	  4.53	 | 4.562 max

train losses    270:	0.2142	0.2112	0.3243	0.3167	0.2332	0.2236	0.4365	0.4448	  0.32	0.3168	0.2945	0.2949	
val losses      270:	0.3112	 0.338	0.4241	0.4118	0.2593	0.2428	 0.471	0.4581	0.5299	 0.582	 1.029	 1.009	 | 0.5055 mean
                     	0.8378	0.9042	 1.135	 1.118	0.6458	0.6406	 1.354	 1.377	 1.322	 1.386	 2.672	 2.706	 | 1.577 quantile
                      	 2.148	 2.395	 3.079	 2.933	 1.386	 1.203	 2.972	 2.923	 2.432	 2.101	 4.371	 4.309	 | 4.371 max

train losses    272:	0.2132	0.2076	0.3242	0.3167	0.2305	0.2214	0.4373	0.4454	0.2943	0.2956	0.3331	0.3289	
val losses      272:	0.3101	0.3379	0.4246	0.4124	 0.273	0.2658	0.4719	0.4577	0.5051	0.5639	 1.008	0.9911	 | 0.5018 mean
                     	0.8329	0.9087	 1.135	 1.124	 0.667	0.6726	 1.356	 1.376	 1.305	 1.324	 2.683	 2.701	 | 1.556 quantile
                      	 2.201	 2.413	 3.114	 2.926	   1.5	 1.283	 3.001	 2.927	 2.236	 2.153	 4.364	  4.28	 | 4.364 max

train losses    274:	0.2126	0.2083	0.3242	0.3165	0.2311	0.2199	0.4364	0.4446	0.3069	0.3072	0.3212	0.3246	
val losses      274:	0.3069	0.3369	0.4253	0.4123	0.2876	 0.274	0.4771	0.4603	0.5095	0.5603	 1.009	0.9932	 | 0.5044 mean
                     	0.8197	0.9125	 1.132	 1.116	0.7003	0.6835	 1.373	  1.38	 1.308	 1.336	 2.713	 2.652	 | 1.554 quantile
                      	 2.129	 2.417	 3.123	 2.898	 1.507	 1.365	  3.03	 2.947	 2.276	  2.36	 4.863	 4.755	 | 4.863 max

train losses    276:	0.2085	0.2078	0.3246	0.3164	 0.241	0.2301	0.4354	0.4439	0.2759	0.2756	0.3508	0.3534	
val losses      276:	0.3055	0.3375	0.4254	0.4122	0.3003	0.2936	0.4739	0.4611	0.5194	0.5675	 1.066	 1.055	 | 0.5181 mean
                     	0.8177	 0.907	 1.134	 1.121	0.7213	0.7131	 1.354	 1.366	 1.314	 1.357	 2.795	 2.763	 | 1.594 quantile
                      	 2.106	 2.419	 3.087	 2.901	 1.538	 1.401	 2.963	  2.92	 2.289	 2.418	 5.019	 4.895	 | 5.019 max

train losses    278:	0.2064	0.2037	0.3242	0.3164	0.2491	0.2389	0.4352	0.4437	0.2925	0.2871	0.3232	0.3259	
val losses      278:	0.3082	0.3339	0.4251	0.4126	0.2798	0.2608	0.4727	0.4585	0.5202	0.5715	0.9972	0.9818	 | 0.5018 mean
                     	0.8275	 0.895	 1.138	 1.117	0.6915	0.6686	 1.351	 1.374	 1.358	 1.364	 2.613	 2.596	 | 1.551 quantile
                      	 2.117	 2.282	 3.074	 2.901	 1.576	 1.399	 3.006	 2.947	 2.331	 2.322	 4.672	  4.56	 | 4.672 max

train losses    280:	0.2083	0.2036	0.3238	0.3164	 0.256	0.2409	0.4341	0.4424	0.2726	0.2659	0.2488	0.2495	
val losses      280:	0.3101	0.3307	0.4248	0.4123	0.2747	0.2642	0.4724	0.4585	0.5224	0.5689	 1.022	 1.003	 | 0.5053 mean
                     	0.8321	0.8871	 1.137	 1.118	0.6805	0.6736	 1.344	 1.374	 1.333	 1.351	 2.684	 2.723	 | 1.558 quantile
                      	  2.13	 2.231	 3.104	  2.95	 1.518	 1.417	 2.949	 2.952	 2.299	 2.249	 4.309	 4.189	 | 4.309 max

train losses    282:	0.2081	0.2061	0.3245	0.3162	0.2565	0.2521	0.4359	0.4432	0.2762	0.2741	0.2617	 0.261	
val losses      282:	0.3083	0.3309	0.4245	0.4122	0.2994	0.2853	0.4717	0.4584	0.5257	0.5749	 1.051	 1.029	 | 0.5143 mean
                     	0.8241	0.8953	  1.14	 1.116	0.7367	0.7076	 1.353	 1.384	 1.354	  1.37	 2.694	 2.725	 | 1.574 quantile
                      	 2.083	 2.322	 3.035	 2.974	 1.598	 1.427	 2.974	 2.926	 2.276	 2.238	  4.38	 4.238	 | 4.38 max

train losses    284:	0.2056	0.2039	0.3243	0.3159	0.2616	 0.241	0.4346	0.4434	0.2622	0.2574	0.2765	0.2734	
val losses      284:	0.3084	0.3353	0.4248	0.4126	0.2695	0.2598	0.4726	0.4584	0.5247	0.5721	 1.012	0.9951	 | 0.5038 mean
                     	0.8277	0.9113	 1.131	  1.12	  0.67	0.6658	 1.361	  1.38	 1.366	 1.373	 2.722	   2.7	 | 1.572 quantile
                      	 2.131	 2.327	 3.089	 2.944	 1.467	 1.379	 3.002	 2.963	 2.264	 2.259	 4.349	  4.22	 | 4.349 max

train losses    286:	 0.205	0.2021	 0.323	0.3158	0.2358	0.2322	0.4323	0.4405	0.2574	0.2548	0.2202	0.2186	
val losses      286:	0.3088	0.3316	0.4252	0.4125	0.2635	0.2458	0.4744	0.4581	0.5238	0.5694	0.9989	0.9826	 | 0.4995 mean
                     	0.8269	0.9052	 1.129	 1.115	0.6494	0.6421	 1.368	  1.37	 1.361	 1.359	 2.702	 2.675	 | 1.563 quantile
                      	  2.16	 2.335	 3.113	 2.915	 1.448	 1.279	 3.049	 2.969	 2.323	 2.241	 4.498	 4.386	 | 4.498 max

train losses    288:	0.2048	0.2007	0.3236	0.3156	0.2324	0.2144	0.4324	0.4405	0.2559	0.2521	0.2662	0.2719	
val losses      288:	0.3075	0.3329	0.4257	0.4128	0.2667	0.2488	0.4752	0.4598	 0.528	0.5774	  1.02	 1.005	 | 0.505 mean
                     	0.8238	0.8989	 1.133	 1.118	0.6513	0.6504	 1.369	 1.371	 1.354	 1.375	 2.704	 2.638	 | 1.585 quantile
                      	 2.067	 2.333	 3.119	 2.904	 1.413	 1.303	 3.039	 2.988	 2.368	 2.349	 4.823	 4.727	 | 4.823 max

train losses    290:	0.2026	0.2013	 0.323	0.3154	0.2185	0.2091	0.4302	0.4389	0.2558	 0.254	0.2552	0.2561	
val losses      290:	0.3082	0.3333	 0.425	0.4126	0.2639	 0.244	0.4732	0.4578	0.5283	0.5766	0.9955	0.9763	 | 0.4996 mean
                     	0.8329	0.9051	 1.132	 1.115	0.6407	  0.63	 1.366	 1.372	  1.37	 1.374	 2.638	 2.654	 | 1.551 quantile
                      	 2.064	 2.288	  3.12	 2.924	 1.346	 1.312	 3.041	 2.977	 2.271	 2.273	 4.355	 4.193	 | 4.355 max

train losses    292:	0.2021	0.1996	0.3229	0.3153	0.2151	0.1996	0.4293	0.4375	0.2601	0.2536	0.2138	0.2173	
val losses      292:	0.3094	0.3304	0.4245	0.4124	0.2602	 0.239	0.4708	0.4561	 0.537	 0.583	 1.005	0.9839	 | 0.501 mean
                     	0.8339	0.9007	 1.137	 1.118	0.6347	 0.628	 1.365	 1.369	 1.374	 1.388	 2.681	 2.669	 | 1.561 quantile
                      	 2.112	 2.285	   3.1	 2.941	 1.371	 1.247	  3.06	  3.01	 2.278	 2.241	 4.398	 4.262	 | 4.398 max

train losses    294:	0.2016	0.1996	 0.322	 0.315	0.2117	0.1978	0.4272	0.4357	0.2615	0.2612	0.2497	0.2498	
val losses      294:	0.3089	0.3303	0.4246	0.4124	0.2589	0.2395	0.4715	0.4565	0.5384	0.5947	 1.056	 1.033	 | 0.5104 mean
                     	0.8312	 0.897	 1.134	 1.114	 0.636	0.6231	 1.363	 1.373	 1.378	 1.406	 2.721	 2.733	 | 1.575 quantile
                      	 2.049	 2.224	  3.11	 2.959	 1.356	 1.292	 3.061	 2.997	 2.276	 2.155	 4.625	 4.473	 | 4.625 max

train losses    296:	0.2016	0.2004	0.3219	0.3148	0.2105	0.1958	 0.426	0.4347	0.2634	0.2655	0.2891	0.2863	
val losses      296:	0.3103	0.3299	0.4245	0.4121	0.2581	0.2361	0.4712	0.4553	0.5346	0.5808	 1.018	0.9995	 | 0.5025 mean
                     	0.8353	0.8931	 1.139	 1.115	0.6318	0.6185	 1.365	 1.364	 1.364	 1.383	 2.728	 2.742	 | 1.564 quantile
                      	 2.006	 2.298	 3.087	 2.942	 1.356	 1.206	 3.095	  3.02	 2.249	 2.173	 4.361	 4.189	 | 4.361 max

train losses    298:	0.2018	0.1996	 0.322	0.3145	0.2106	0.1928	0.4247	0.4333	0.2685	0.2658	0.2428	0.2418	
val losses      298:	0.3092	0.3311	0.4253	 0.413	0.2589	0.2389	0.4724	0.4576	0.5361	0.5884	0.9877	0.9686	 | 0.4989 mean
                     	0.8343	0.8937	 1.136	 1.116	0.6331	0.6236	  1.36	 1.363	 1.367	 1.401	 2.668	 2.636	 | 1.555 quantile
                      	 2.163	 2.254	 3.131	 2.906	 1.345	 1.256	 3.072	 3.014	 2.339	 2.195	 4.315	 4.168	 | 4.315 max

