train losses      0:	0.6759	 0.658	0.5126	0.4719	0.7865	0.8247	0.6488	0.5642	  1.61	 1.639	 1.533	 1.521	
val losses        0:	0.5487	0.6954	0.4849	 1.137	  1.06	 1.656	 5.782	 2.442	 2.865	 1.694	 1.604	 1.061	 | 1.752 mean
                     	 1.428	 1.485	  1.16	 1.936	 2.402	 2.992	 6.619	 3.317	  5.95	 4.771	  3.84	 3.521	 | 5.785 quantile
                      	 4.542	 3.731	 2.928	 3.242	 4.423	 5.258	 9.969	 5.708	 10.79	 9.134	 7.109	 6.002	 | 10.79 max

train losses      2:	0.5878	0.5992	0.4792	0.4909	0.7263	0.7619	0.6002	0.5648	 1.525	 1.604	 1.495	 1.512	
val losses        2:	 1.236	0.9636	 1.471	0.5557	0.6916	0.6118	0.4994	0.6615	 1.466	 1.772	 1.033	 1.076	 | 1.003 mean
                     	 2.024	 1.683	 2.176	 1.272	 1.819	 1.666	 1.243	 1.418	 4.138	 4.661	 3.319	 3.356	 | 2.54 quantile
                      	 4.283	 3.611	 4.148	 2.933	 3.968	 4.993	  3.53	 3.884	 8.356	 8.927	 5.658	 6.198	 | 8.927 max

train losses      4:	0.5041	0.5357	0.4321	0.4453	0.6312	0.6914	0.5368	 0.533	 1.385	  1.52	 1.451	 1.473	
val losses        4:	0.3715	0.3341	0.3354	0.3469	0.4761	0.5305	0.3826	0.3775	 1.189	 1.352	 1.008	  1.07	 | 0.6479 mean
                     	0.9344	0.8656	0.8537	0.9193	 1.434	 1.513	 1.011	0.9585	 3.438	 3.893	 3.222	 3.378	 | 2.131 quantile
                      	 3.849	 3.418	 2.886	 2.592	  3.14	 4.141	 3.399	  3.62	 7.264	 8.056	 5.497	 6.387	 | 8.056 max

train losses      6:	0.4572	0.5035	0.4116	 0.416	0.5721	0.6435	  0.51	0.5176	 1.183	 1.385	 1.387	 1.433	
val losses        6:	0.3021	0.3206	0.3095	0.3294	 0.433	0.4979	0.3764	0.3789	 0.931	 1.153	 1.051	 1.106	 | 0.5991 mean
                     	0.8051	0.8371	0.8051	0.8701	 1.251	 1.432	0.9694	0.9548	 2.906	 3.377	 3.188	 3.264	 | 1.962 quantile
                      	 3.718	 3.779	 2.932	 2.423	 2.876	 4.203	 3.452	 3.045	 5.876	 7.207	 5.301	 6.777	 | 7.207 max

train losses      8:	 0.431	0.4905	0.4078	0.4192	0.5269	0.6137	0.5115	0.5159	0.9625	 1.195	 1.322	 1.386	
val losses        8:	0.2688	0.3027	0.3101	0.3113	 0.372	0.4755	0.3992	0.3692	0.7358	0.9412	 1.017	 1.064	 | 0.5472 mean
                     	0.7937	0.7964	0.7889	0.8373	 1.048	 1.356	 1.005	0.9671	 2.366	 2.845	 2.997	 3.204	 | 1.772 quantile
                      	 3.167	 3.683	 2.564	 2.296	 2.913	  3.78	 3.798	 3.281	 4.743	 6.098	 4.923	 6.696	 | 6.696 max

train losses     10:	0.4233	0.4695	 0.413	0.4214	0.5129	0.5759	0.5246	0.5149	 0.818	0.9918	 1.258	 1.323	
val losses       10:	0.2587	0.2668	0.3058	0.3036	0.3736	0.4291	0.3854	0.3719	0.6578	 0.788	 1.022	  1.04	 | 0.5169 mean
                     	0.7413	 0.715	0.7824	0.8112	0.9978	 1.251	  1.02	0.9657	 1.819	 2.223	 2.898	 3.031	 | 1.661 quantile
                      	 2.928	 3.241	 2.274	  2.27	 3.083	  3.61	 3.973	 3.077	 3.795	 5.395	  4.56	 6.616	 | 6.616 max

train losses     12:	0.4165	0.4484	0.4198	0.4322	0.5238	0.5407	0.5348	0.5112	0.7431	0.8257	 1.211	 1.256	
val losses       12:	0.2457	0.2562	0.3101	0.3036	0.3645	0.3987	0.3712	0.3585	0.6843	0.6693	  1.03	 1.033	 | 0.5021 mean
                     	0.6559	0.6729	0.7872	0.8022	0.9729	 1.079	 1.013	0.9277	 1.684	 1.801	 2.811	  2.92	 | 1.605 quantile
                      	 2.621	 2.751	 2.414	 2.292	 2.853	 3.197	  3.96	 3.082	 3.392	 4.859	 4.509	 6.319	 | 6.319 max

train losses     14:	0.4049	0.4306	0.4234	0.4345	0.5302	0.5156	0.5306	0.5072	 0.801	0.8192	 1.165	 1.187	
val losses       14:	0.2348	0.2299	0.2982	0.3043	0.3799	0.3561	0.3793	0.3555	 0.648	0.6054	 1.045	 1.013	 | 0.4874 mean
                     	0.5995	0.6089	0.7583	0.8036	 1.005	0.9686	  1.04	0.9116	   1.6	 1.506	 2.794	  2.75	 | 1.556 quantile
                      	 2.569	 2.451	 2.528	 2.252	 2.891	 2.925	 4.061	  2.89	 2.868	 4.196	 4.498	 5.605	 | 5.605 max

train losses     16:	0.4025	0.4252	0.4249	0.4274	0.5203	0.5008	0.5229	0.5032	0.9093	0.9258	 1.149	 1.155	
val losses       16:	0.2187	0.2256	0.2978	 0.292	0.3582	0.3549	0.3874	0.3614	0.8068	  0.74	 1.097	 1.059	 | 0.5165 mean
                     	 0.576	0.5924	0.7636	0.7841	 0.984	0.9328	 1.016	0.9232	  2.12	 2.036	 2.899	 2.786	 | 1.788 quantile
                      	 2.541	 2.228	 2.509	 2.213	 2.977	 2.744	 4.048	 2.772	 4.047	 3.776	   4.6	 5.162	 | 5.162 max

train losses     18:	0.4147	0.4353	0.4355	0.4319	0.5272	0.5018	 0.524	0.5121	 0.942	0.9424	   1.2	  1.19	
val losses       18:	0.1999	0.2106	 0.298	0.2921	0.3499	0.3387	0.3501	0.3508	0.6013	0.5608	 1.107	 1.066	 | 0.4772 mean
                     	0.5373	0.5514	0.7679	0.7857	 0.915	0.8678	0.9068	0.9013	 1.767	 1.497	 3.029	 2.868	 | 1.615 quantile
                      	 2.188	 1.938	 2.739	 2.132	 2.434	  2.44	 4.041	 2.655	 4.613	 3.928	 4.501	 4.794	 | 4.794 max

train losses     20:	0.4278	0.4332	 0.427	0.4213	 0.501	0.4884	0.5072	0.5064	0.8433	0.8467	 1.215	 1.188	
val losses       20:	0.2076	0.2159	0.2979	0.2909	0.3324	0.3311	0.3462	0.3547	 0.591	0.5777	 1.104	 1.069	 | 0.4765 mean
                     	 0.587	0.5489	0.7624	0.7816	   0.9	0.8511	0.8903	0.8893	 1.536	 1.481	 2.943	 2.882	 | 1.593 quantile
                      	 1.911	 2.074	 2.514	 2.084	  2.15	 2.294	 4.097	 2.606	 3.965	  3.83	 4.676	 5.054	 | 5.054 max

train losses     22:	 0.425	0.4469	0.4238	  0.42	0.4976	0.4848	0.5052	0.5009	 0.803	0.8271	 1.235	 1.228	
val losses       22:	0.2222	0.2414	  0.29	0.2897	0.3329	0.3269	0.3351	0.3516	0.5492	0.5172	 1.037	 1.025	 | 0.4598 mean
                     	0.5748	0.6023	0.7424	0.7609	0.8854	0.8241	0.8825	 0.892	 1.429	 1.304	 2.807	 2.847	 | 1.485 quantile
                      	 2.432	 2.038	 2.502	  2.09	 2.431	 2.185	 4.026	 2.976	 3.412	 3.451	  4.46	 4.818	 | 4.818 max

train losses     24:	0.3976	0.4188	0.4124	0.4123	 0.495	0.4947	0.4927	0.4857	0.7178	0.7187	 1.148	 1.139	
val losses       24:	0.2058	0.2212	0.2907	 0.288	  0.33	0.3412	0.3246	0.3427	0.4789	 0.438	 1.021	 1.004	 | 0.4405 mean
                     	0.5642	0.5605	0.7417	0.7587	0.8783	  0.84	0.8623	0.8848	 1.195	 1.114	 2.794	 2.815	 | 1.437 quantile
                      	 2.403	 2.065	 2.501	 2.084	 2.173	 2.113	 3.838	 2.454	 3.159	 3.073	 4.188	 4.739	 | 4.739 max

train losses     26:	0.3819	   0.4	0.4043	0.4061	  0.49	0.4856	0.4782	0.4704	0.6211	0.6321	 1.106	 1.103	
val losses       26:	0.2468	0.2361	0.2904	0.2894	0.3475	0.3564	0.3257	0.3383	0.4722	0.4257	  1.02	 1.007	 | 0.4463 mean
                     	0.6296	0.6139	0.7349	0.7606	0.9085	0.8734	0.8466	  0.86	  1.17	 1.127	  2.83	 2.819	 | 1.404 quantile
                      	  2.58	 2.155	 2.221	  2.19	 2.018	 2.297	 3.709	  2.68	 2.869	 2.586	 4.287	 4.669	 | 4.669 max

train losses     28:	0.3767	0.3877	 0.399	0.3942	0.4576	0.4565	0.4639	0.4572	 0.597	0.6014	 1.057	  1.06	
val losses       28:	0.2024	0.2006	0.2879	0.2872	0.3063	0.3066	0.3223	0.3306	0.4898	0.4063	 1.036	 1.019	 | 0.4329 mean
                     	0.5368	0.5195	0.7367	0.7539	0.8143	0.7909	0.8317	0.8447	 1.229	 1.035	 2.865	 2.825	 | 1.427 quantile
                      	 2.248	 1.964	 2.231	  2.16	 2.242	 2.124	 3.825	 2.822	 2.664	  2.46	 4.547	 4.781	 | 4.781 max

train losses     30:	0.3566	0.3693	0.3901	 0.386	0.4484	0.4452	0.4519	0.4458	0.5893	0.5921	 1.024	 1.026	
val losses       30:	0.2021	0.1789	0.2832	0.2814	0.3179	0.3346	  0.32	0.3269	0.4746	0.4057	  1.05	  1.04	 | 0.4345 mean
                     	0.5393	0.4765	0.7258	0.7532	0.8515	0.8242	0.8301	 0.823	 1.205	 1.029	 2.941	 2.844	 | 1.434 quantile
                      	 2.263	 1.964	 2.272	  2.11	 2.143	 2.189	 3.473	 2.488	 2.832	 2.381	 4.605	 4.736	 | 4.736 max

train losses     32:	 0.346	 0.356	0.3826	 0.381	0.4567	0.4538	0.4439	0.4369	0.5887	0.5977	 1.008	 1.009	
val losses       32:	0.2165	0.1794	0.2819	0.2811	0.3052	0.3233	0.3148	0.3204	0.5042	0.4208	 1.043	 1.024	 | 0.4345 mean
                     	0.5607	0.4746	0.7236	0.7402	0.8096	0.8079	0.8012	0.8262	 1.248	 1.074	 2.961	 2.868	 | 1.432 quantile
                      	 2.489	 1.897	 2.373	 2.149	 2.213	 2.058	 3.827	 2.807	 2.699	 2.576	 4.522	 4.452	 | 4.522 max

train losses     34:	0.3432	0.3552	 0.379	0.3762	0.4601	0.4583	0.4367	0.4313	 0.606	0.6202	0.9942	0.9941	
val losses       34:	0.2003	0.1753	0.2816	0.2806	0.2987	0.3113	0.3097	0.3186	0.4951	0.4195	 1.049	 1.028	 | 0.4306 mean
                     	0.5552	0.4675	0.7241	0.7472	0.8082	0.7992	0.8064	0.8111	 1.234	 1.081	 2.927	  2.87	 | 1.434 quantile
                      	 2.363	 1.945	 2.254	 2.099	  2.25	 2.066	 3.637	 2.737	  2.68	 2.451	 4.636	 4.482	 | 4.636 max

train losses     36:	0.3416	0.3571	0.3754	0.3718	0.4491	0.4515	0.4304	0.4248	0.6531	0.6605	0.9816	0.9833	
val losses       36:	0.1884	0.1832	0.2798	 0.281	0.2938	0.3007	0.3082	0.3182	0.5182	0.4314	 1.045	 1.026	 | 0.4311 mean
                     	0.5431	 0.486	0.7232	0.7418	0.7869	0.7845	0.8228	0.8093	 1.262	 1.112	 2.903	 2.845	 | 1.449 quantile
                      	 2.238	 1.988	 2.255	 2.054	 2.292	 2.108	  3.64	  2.77	 2.611	 2.451	 4.664	 4.475	 | 4.664 max

train losses     38:	0.3416	0.3539	0.3743	0.3697	0.4384	0.4351	0.4246	0.4218	0.7387	0.7485	0.9669	0.9687	
val losses       38:	0.1975	0.2013	0.2806	0.2815	0.3063	 0.304	0.3045	0.3161	0.5513	0.4624	 1.031	 1.019	 | 0.438 mean
                     	0.5825	0.5126	0.7233	0.7463	0.8106	0.7886	0.8002	0.8244	 1.355	 1.196	 2.882	 2.808	 | 1.462 quantile
                      	  2.25	 1.902	 2.229	 2.063	 2.224	 1.968	 3.657	 2.766	 2.723	 2.803	 4.652	 4.461	 | 4.652 max

train losses     40:	0.3699	0.3718	0.3757	 0.374	0.4392	0.4507	0.4276	0.4254	0.8805	0.8787	0.9649	0.9564	
val losses       40:	0.2251	0.2276	0.2811	0.2816	0.3144	0.3292	0.3086	0.3212	0.5509	0.4666	 1.035	 1.019	 | 0.4467 mean
                     	0.6211	0.5708	0.7266	0.7473	0.8339	0.8612	0.8139	0.8364	 1.402	 1.225	 2.834	 2.845	 | 1.475 quantile
                      	 2.199	 1.801	 2.236	 2.019	 2.407	 2.167	 3.592	 2.668	 2.944	 2.737	 4.686	 4.482	 | 4.686 max

train losses     42:	0.3828	0.3912	0.3819	0.3819	0.4503	0.4538	0.4399	0.4371	0.8744	0.8768	0.9925	0.9679	
val losses       42:	0.2667	0.2548	0.2809	0.2805	0.3003	0.3259	0.3114	0.3203	0.5905	0.5132	 1.026	 1.006	 | 0.4564 mean
                     	0.6626	0.6237	0.7279	0.7495	0.7756	0.7912	0.8096	0.8228	 1.509	 1.366	 2.804	 2.838	 | 1.487 quantile
                      	 2.755	 2.064	 2.184	 2.065	 2.018	 1.858	 3.654	 2.839	 3.527	 2.684	 4.565	 4.323	 | 4.565 max

train losses     44:	0.3692	 0.383	 0.377	0.3757	0.4498	0.4483	0.4339	0.4299	0.6724	0.6685	 1.025	 1.028	
val losses       44:	0.2083	 0.199	0.2805	0.2823	0.2825	0.2981	0.3096	 0.316	0.5253	0.4316	 1.019	 1.004	 | 0.4298 mean
                     	0.5562	0.5141	0.7242	0.7447	0.7462	0.7472	0.8147	0.8174	 1.344	 1.142	 2.796	 2.805	 | 1.418 quantile
                      	 2.404	 1.881	  2.25	 2.032	 1.721	 1.723	 3.591	 2.657	 3.176	 2.208	 4.536	  4.49	 | 4.536 max

train losses     46:	0.3645	0.3778	0.3791	0.3827	0.4621	0.4678	0.4429	 0.435	0.6187	 0.617	  1.23	 1.245	
val losses       46:	0.2093	0.2256	0.2829	0.2857	 0.327	0.3229	 0.309	0.3164	0.5216	0.4279	 1.051	 1.054	 | 0.4444 mean
                     	0.5846	0.5426	0.7242	0.7483	0.8164	0.8041	0.8123	0.8205	 1.278	 1.079	 2.848	 2.896	 | 1.395 quantile
                      	 2.356	 1.779	  2.12	 1.989	 2.055	 1.824	 3.148	 2.539	 2.153	 1.855	 4.602	 4.442	 | 4.602 max

train losses     48:	0.4091	0.4202	0.3965	0.3971	0.5047	0.5153	0.4793	 0.465	0.6552	0.6502	 1.368	 1.397	
val losses       48:	 0.203	0.1969	0.2824	0.2865	0.3315	0.3382	0.3237	0.3224	0.5242	0.4107	 1.102	 1.119	 | 0.4534 mean
                     	0.5715	 0.517	0.7251	  0.75	  0.85	0.8671	0.8577	0.8284	 1.303	  1.14	 2.867	 2.968	 | 1.526 quantile
                      	 2.393	 1.744	 1.962	  2.01	 2.416	 1.945	 3.512	 2.794	 2.423	 2.192	 4.608	 4.729	 | 4.729 max

train losses     50:	0.3879	0.4137	 0.387	0.3923	 0.487	0.4824	0.4606	 0.443	0.6066	0.6196	 1.192	 1.162	
val losses       50:	0.2367	0.1888	0.2809	0.2834	0.3211	0.3288	0.3222	0.3159	0.4513	0.3739	 1.024	 1.057	 | 0.432 mean
                     	0.6434	0.4857	 0.726	0.7434	0.7912	0.7907	0.8312	0.8054	 1.082	0.9413	 2.824	 2.882	 | 1.409 quantile
                      	 2.513	 1.856	 2.391	 2.009	 1.996	 1.989	 3.545	 2.708	 1.853	 1.739	 4.439	 4.422	 | 4.439 max

train losses     52:	0.3708	0.3877	0.3799	0.3779	0.4689	0.4715	 0.449	0.4403	0.6397	0.6503	 1.118	 1.108	
val losses       52:	0.2212	0.1886	0.2814	0.2847	0.3202	0.3307	0.3287	0.3291	0.4792	0.4218	0.9815	0.9889	 | 0.4297 mean
                     	 0.558	0.4872	0.7206	0.7429	 0.824	0.8167	0.8532	0.8469	 1.194	 1.051	 2.599	 2.643	 | 1.377 quantile
                      	  2.65	 1.892	 2.325	 1.988	 2.034	  1.74	 3.531	 2.831	 1.883	 1.817	 4.006	  4.36	 | 4.36 max

train losses     54:	0.3508	0.3606	0.3699	0.3674	0.4488	0.4589	0.4304	0.4226	0.6033	 0.623	 1.039	 1.041	
val losses       54:	0.1946	0.1893	0.2795	0.2856	0.3061	0.3038	0.3096	0.3155	0.5125	0.4233	0.9834	0.9775	 | 0.4234 mean
                     	0.5599	0.4811	0.7107	0.7465	0.7851	0.7698	0.8153	 0.818	 1.269	 1.172	 2.693	 2.656	 | 1.393 quantile
                      	 2.803	 1.867	 2.129	 2.026	 2.034	 1.807	 3.433	 2.643	 2.159	 2.138	 4.299	 4.117	 | 4.299 max

train losses     56:	0.3379	0.3398	0.3599	 0.358	0.4231	0.4256	0.4153	0.4124	0.5694	 0.576	0.9754	0.9789	
val losses       56:	  0.21	 0.173	0.2775	0.2828	0.2931	0.2954	0.3065	0.3116	0.4887	 0.403	0.9839	 0.981	 | 0.4172 mean
                     	0.5797	0.4685	0.7064	0.7477	0.7754	 0.749	0.7891	0.8106	 1.208	 1.087	 2.751	 2.734	 | 1.371 quantile
                      	 2.262	 1.796	 2.196	  2.05	 1.945	 1.819	 3.445	 2.637	 2.198	 1.892	 4.331	 4.139	 | 4.331 max

train losses     58:	0.3233	0.3311	0.3578	0.3549	0.4079	0.4097	0.4105	 0.404	0.5567	0.5587	0.9321	 0.932	
val losses       58:	0.1941	0.1694	 0.278	0.2818	0.2877	0.2952	0.3061	0.3126	0.4646	0.3776	 1.005	 1.001	 | 0.4144 mean
                     	0.5413	0.4426	0.7107	 0.747	0.7544	0.7458	 0.792	0.8102	 1.149	0.9694	 2.782	 2.798	 | 1.346 quantile
                      	 2.133	 1.761	 2.198	 2.019	 2.013	 1.759	  3.25	  2.61	 2.043	 1.631	  4.43	 4.233	 | 4.43 max

train losses     60:	0.3151	0.3212	0.3557	0.3523	0.3966	0.4003	0.4045	0.3993	0.5413	0.5442	0.9123	0.9124	
val losses       60:	0.1892	0.1586	0.2772	0.2817	0.2835	0.2901	0.3032	0.3112	 0.452	0.3644	 1.036	 1.023	 | 0.4142 mean
                     	0.5152	0.4121	0.7079	 0.745	0.7293	0.7334	0.8275	0.8158	 1.132	0.9319	 2.801	  2.88	 | 1.368 quantile
                      	 2.045	 1.727	 2.121	 2.004	  1.95	 1.684	  3.18	 2.555	 1.929	 1.632	 4.619	 4.359	 | 4.619 max

train losses     62:	0.3053	 0.315	0.3507	0.3486	0.3881	 0.392	0.3944	0.3919	0.5287	0.5292	 0.889	0.8868	
val losses       62:	0.1892	0.1578	0.2764	0.2791	0.2793	 0.285	0.3003	0.3097	0.4586	0.3686	 1.022	 1.008	 | 0.4112 mean
                     	0.5143	0.4106	0.7067	0.7349	0.7276	0.7354	0.7942	0.8016	 1.149	 0.952	 2.791	 2.855	 | 1.373 quantile
                      	  2.16	 1.828	 2.099	 2.037	 1.821	   1.6	 3.235	 2.547	 2.073	 1.698	 4.451	 4.315	 | 4.451 max

train losses     64:	0.2972	0.3059	0.3485	 0.345	0.3844	0.3869	 0.391	0.3871	 0.522	0.5231	0.8707	0.8707	
val losses       64:	0.1808	0.1576	0.2768	0.2789	0.2768	0.2809	0.2976	0.3076	0.4548	0.3658	 1.007	0.9933	 | 0.4065 mean
                     	 0.504	 0.419	 0.709	0.7348	0.7204	0.7308	0.7837	0.7982	  1.14	0.9385	 2.736	 2.796	 | 1.367 quantile
                      	 2.094	 1.834	  2.11	 2.041	 1.746	 1.614	 3.213	 2.533	 2.105	 1.597	 4.404	 4.258	 | 4.404 max

train losses     66:	0.2944	   0.3	0.3463	0.3433	0.3795	0.3816	0.3859	0.3822	0.5183	0.5195	0.8582	0.8607	
val losses       66:	0.1785	0.1537	0.2768	0.2789	0.2746	0.2782	0.2966	0.3064	0.4517	0.3673	0.9918	0.9832	 | 0.4031 mean
                     	 0.495	0.4073	0.7085	0.7371	0.7066	0.7226	0.7955	0.7956	 1.144	0.9485	 2.752	 2.793	 | 1.349 quantile
                      	 2.123	 1.731	 2.106	 2.023	 1.756	 1.654	  3.13	 2.487	 2.096	 1.584	 4.383	 4.207	 | 4.383 max

train losses     68:	0.2898	0.2961	0.3455	0.3404	0.3727	0.3758	0.3828	0.3782	0.5202	0.5203	0.8362	0.8371	
val losses       68:	0.1756	0.1525	0.2764	0.2791	0.2741	0.2764	 0.297	0.3055	  0.45	 0.368	0.9945	0.9861	 | 0.4029 mean
                     	0.4889	0.4025	0.7097	 0.737	0.7091	0.7188	0.7902	0.7962	 1.142	0.9419	 2.728	 2.772	 | 1.359 quantile
                      	  2.03	 1.885	 2.142	 2.002	 1.741	 1.591	  3.09	 2.543	 2.036	 1.627	 4.324	 4.277	 | 4.324 max

train losses     70:	 0.288	0.2924	0.3435	0.3389	0.3705	0.3735	0.3795	0.3752	0.5161	0.5176	0.8247	0.8229	
val losses       70:	0.1752	0.1516	 0.276	0.2787	0.2707	0.2741	0.2949	0.3037	0.4498	0.3673	0.9907	0.9832	 | 0.4013 mean
                     	0.4896	0.4022	0.7077	0.7331	0.6953	0.7163	0.7834	0.7891	 1.142	0.9477	 2.702	 2.764	 | 1.347 quantile
                      	 1.911	 1.746	 2.164	 1.996	 1.759	 1.529	 3.172	 2.549	 1.984	 1.615	 4.353	 4.335	 | 4.353 max

train losses     72:	0.2858	0.2901	0.3412	0.3373	0.3687	0.3696	0.3757	0.3727	0.5063	0.5085	0.8124	0.8131	
val losses       72:	0.1771	0.1508	0.2759	0.2785	0.2705	0.2795	0.2943	 0.303	0.4535	0.3716	0.9789	0.9754	 | 0.4008 mean
                     	0.4802	0.4001	0.7078	0.7317	0.7001	0.7134	0.7791	0.7795	 1.146	0.9417	 2.726	 2.738	 | 1.337 quantile
                      	 2.074	 1.717	 2.155	 1.977	   1.7	 1.822	 3.169	 2.529	 1.893	 1.659	 4.276	 4.182	 | 4.276 max

train losses     74:	0.2841	0.2907	0.3404	0.3359	0.3658	0.3671	0.3727	0.3703	0.5072	0.5063	 0.806	0.8035	
val losses       74:	0.1734	0.1485	0.2754	0.2785	 0.269	0.2751	0.2943	0.3029	0.4485	0.3668	0.9873	0.9835	 | 0.4003 mean
                     	0.4826	0.3982	0.7068	0.7314	0.7035	 0.703	0.7682	0.7805	 1.125	0.9425	 2.682	 2.717	 | 1.347 quantile
                      	 2.095	  1.58	 2.135	 1.969	  1.65	 1.577	 3.151	 2.571	 1.987	 1.675	 4.215	 4.031	 | 4.215 max

train losses     76:	0.2802	0.2872	 0.339	0.3332	0.3631	0.3644	 0.372	0.3675	0.5091	0.5075	0.8022	0.8005	
val losses       76:	0.1705	0.1519	0.2753	0.2779	0.2661	 0.271	 0.293	 0.303	0.4544	0.3665	 1.011	 1.001	 | 0.4035 mean
                     	0.4746	 0.402	0.7035	0.7281	0.6859	 0.694	0.7683	0.7905	 1.134	0.9425	 2.626	 2.648	 | 1.372 quantile
                      	 2.185	 1.572	 2.136	 1.969	 1.564	 1.527	 3.118	 2.533	 2.083	 1.658	 4.565	 4.379	 | 4.565 max

train losses     78:	0.2848	0.2885	0.3375	0.3324	0.3666	0.3714	0.3705	0.3671	0.5064	0.5064	0.8301	0.8298	
val losses       78:	0.1953	0.1779	 0.276	0.2788	0.3052	0.3011	0.2942	0.3033	0.4706	0.3908	 1.196	 1.179	 | 0.4473 mean
                     	0.5577	 0.458	0.7092	0.7354	0.7564	 0.751	0.7817	0.8075	 1.183	 1.005	 2.797	 2.853	 | 1.606 quantile
                      	 2.036	 1.493	 2.235	  1.92	 1.754	 1.794	 3.046	 2.585	 1.979	 2.079	 4.871	 4.649	 | 4.871 max

train losses     80:	0.2932	0.2972	0.3371	0.3321	0.3777	0.3852	0.3733	0.3697	0.5292	0.5295	0.9163	0.9127	
val losses       80:	0.2101	0.1729	0.2747	0.2775	0.3171	  0.34	0.2975	0.3075	0.4836	0.3951	 1.087	 1.068	 | 0.436 mean
                     	0.5325	0.4347	0.7091	0.7297	0.8032	0.8145	0.7713	0.7937	 1.177	0.9927	 2.901	 2.908	 | 1.426 quantile
                      	 2.476	 1.874	 2.087	 2.004	   1.9	 1.663	 3.267	 2.766	 2.038	 1.562	  4.54	 4.342	 | 4.54 max

train losses     82:	0.2953	0.3002	0.3357	0.3309	0.3943	0.3991	0.3728	0.3697	0.6274	0.6382	0.8845	0.8806	
val losses       82:	 0.179	0.1565	0.2751	0.2783	 0.301	0.3113	0.2911	0.2987	0.5688	0.5017	 0.959	0.9628	 | 0.4236 mean
                     	0.5038	0.4104	0.7032	  0.73	0.7735	0.7657	0.7695	0.7786	 1.328	  1.17	 2.594	 2.606	 | 1.33 quantile
                      	  2.24	 1.867	  2.13	 1.946	  1.67	 1.715	 3.049	 2.575	 2.306	 2.249	 4.403	 4.259	 | 4.403 max

train losses     84:	0.3008	0.3161	0.3375	0.3327	0.4188	0.4313	0.3784	 0.374	0.8465	0.8604	0.9201	0.9165	
val losses       84:	0.1901	0.1592	0.2759	0.2779	0.2983	0.2908	0.2935	0.3015	0.6245	0.5489	 1.055	  1.04	 | 0.4463 mean
                     	0.5462	0.4307	0.7032	0.7324	0.7777	0.7746	0.7857	0.7959	 1.465	 1.324	 2.702	 2.701	 | 1.519 quantile
                      	 2.158	 1.746	 2.176	  1.97	 1.996	 1.932	 3.006	 2.494	 2.663	 3.265	 4.193	 4.027	 | 4.193 max

train losses     86:	0.3286	0.3296	0.3399	0.3335	0.4355	0.4338	0.3891	0.3838	0.9837	0.9782	0.9295	0.9313	
val losses       86:	0.1956	0.1782	0.2755	0.2791	 0.326	0.3204	0.2958	0.3055	0.7424	0.6727	0.9709	0.9809	 | 0.4619 mean
                     	0.5742	0.4752	0.7036	0.7363	0.8657	0.8272	0.7984	0.7851	 1.945	 1.662	 2.595	 2.708	 | 1.556 quantile
                      	 2.464	 1.808	 2.207	 2.071	 1.942	 2.301	 3.129	 2.633	 4.429	 3.952	 4.274	 4.271	 | 4.429 max

train losses     88:	0.3363	0.3413	0.3423	0.3358	0.5066	0.5279	0.3923	  0.39	 0.777	0.7514	 0.931	0.9255	
val losses       88:	0.1835	0.1706	 0.277	0.2808	0.3379	0.3759	0.3176	 0.326	0.5611	 0.482	0.9531	0.9597	 | 0.4354 mean
                     	0.4882	 0.432	0.6996	 0.744	0.8908	0.9837	0.8533	0.8644	 1.344	 1.229	 2.668	 2.646	 | 1.385 quantile
                      	 2.562	 1.733	 2.215	 1.973	 2.254	 2.346	 3.128	 3.011	 2.647	 2.431	 4.404	  4.38	 | 4.404 max

train losses     90:	0.3546	0.3644	0.3476	0.3416	 0.465	0.4773	0.4261	0.4195	0.7226	0.7096	 1.196	 1.215	
val losses       90:	0.2221	0.2042	0.2768	0.2799	0.3339	0.3385	0.3285	0.3405	 0.527	0.4461	 1.144	 1.121	 | 0.4635 mean
                     	0.6036	 0.517	0.7075	0.7466	0.9293	0.8654	0.8474	0.8828	 1.292	  1.14	 2.939	 2.939	 | 1.53 quantile
                      	 2.231	 1.789	 2.229	  2.02	 2.275	 1.987	 3.196	  2.73	 2.129	 2.399	 5.286	  5.22	 | 5.286 max

train losses     92:	0.3952	 0.412	0.3646	0.3555	0.4802	 0.496	0.4305	0.4291	0.7199	0.6962	 1.381	 1.388	
val losses       92:	0.2185	0.1936	0.2789	0.2796	0.3392	0.3423	0.3095	0.3172	0.6003	0.4937	 1.052	 1.053	 | 0.4565 mean
                     	0.6212	0.5217	0.7102	0.7431	 0.947	0.9013	0.8318	0.8159	 1.519	  1.37	  2.64	 2.741	 | 1.54 quantile
                      	 2.424	   2.3	 2.077	 2.046	 2.468	 2.346	 3.787	 3.402	 2.875	 2.529	 4.426	  4.62	 | 4.62 max

train losses     94:	0.3984	0.4151	0.3591	0.3557	0.4758	0.4805	0.4372	0.4287	 0.709	0.7468	 1.205	  1.19	
val losses       94:	0.2262	 0.225	0.2759	0.2803	0.3009	0.3079	 0.314	0.3225	0.5684	0.4976	 1.127	  1.12	 | 0.4638 mean
                     	0.6285	0.5772	0.7038	0.7446	 0.769	0.7613	 0.857	0.8319	 1.431	 1.234	 2.698	 2.751	 | 1.542 quantile
                      	 2.553	 1.885	  2.15	 1.953	 2.115	 1.947	 3.153	 2.664	 2.728	 2.661	 4.418	 4.358	 | 4.418 max

train losses     96:	0.3568	0.3929	0.3549	0.3491	 0.442	0.4589	0.4263	0.4158	0.6558	0.6514	 1.098	 1.086	
val losses       96:	0.2384	0.2212	0.2768	0.2792	0.2881	0.3049	0.3106	0.3129	0.5327	 0.425	0.9488	0.9541	 | 0.4244 mean
                     	0.5988	0.5483	0.7045	0.7385	0.7414	0.7558	0.8152	0.8144	  1.33	 1.114	 2.509	 2.572	 | 1.35 quantile
                      	 2.304	 2.083	 2.167	 1.929	 1.659	  1.89	 3.326	 2.822	 2.555	 1.944	 3.847	 3.911	 | 3.911 max

train losses     98:	0.3471	0.3588	0.3455	0.3385	 0.421	0.4256	0.4094	0.4026	0.5972	0.5999	 1.011	 1.002	
val losses       98:	0.2194	0.1872	 0.277	0.2794	 0.298	 0.299	0.3005	 0.309	0.5432	0.4394	0.9492	0.9572	 | 0.4215 mean
                     	0.6048	0.4937	0.7114	0.7432	0.7652	0.7721	0.7985	0.8039	 1.364	 1.162	 2.553	 2.552	 | 1.37 quantile
                      	 2.677	 1.966	 2.227	 1.971	   2.1	 1.787	 3.175	 2.686	 2.687	 2.105	 3.904	 3.779	 | 3.904 max

train losses    100:	0.3254	0.3356	0.3423	 0.336	0.4025	0.4094	0.3963	0.3909	0.5643	0.5749	 0.912	0.9109	
val losses      100:	0.2048	 0.183	0.2754	0.2796	0.3039	0.3003	0.2934	0.3067	0.4925	0.4001	0.9756	0.9796	 | 0.4162 mean
                     	0.5779	 0.476	0.7037	0.7445	0.7964	0.7675	0.7791	0.7996	  1.27	  1.06	 2.631	 2.636	 | 1.354 quantile
                      	  2.11	 1.803	 2.237	 1.955	 1.815	 1.664	 3.279	 2.769	 2.519	 1.816	 4.421	 4.158	 | 4.421 max

train losses    102:	0.3137	0.3218	0.3389	0.3319	0.3904	0.3958	0.3886	0.3832	0.5442	0.5524	0.8474	0.8477	
val losses      102:	 0.195	0.1646	0.2746	0.2788	0.3022	0.2975	0.2924	0.3054	 0.504	0.4195	 1.009	  1.01	 | 0.4211 mean
                     	0.5377	 0.434	0.7008	0.7399	0.8177	 0.769	0.7834	0.7947	 1.241	  1.07	 2.688	 2.703	 | 1.387 quantile
                      	 2.399	 1.719	  2.18	  1.97	 1.979	 1.751	 3.072	 2.537	 2.438	 1.879	 4.594	 4.374	 | 4.594 max

train losses    104:	0.2994	0.3096	0.3366	0.3301	0.3794	0.3864	0.3793	0.3747	0.5179	 0.529	0.8217	0.8188	
val losses      104:	0.1931	0.1615	0.2744	0.2782	0.2811	0.2817	0.2935	0.3043	0.4591	0.3796	0.9953	 0.994	 | 0.408 mean
                     	0.5217	0.4294	0.7035	 0.735	 0.725	0.7189	0.7817	0.8004	 1.155	0.9902	 2.669	 2.729	 | 1.333 quantile
                      	 2.334	 1.853	 2.153	 1.972	 1.693	 1.639	 3.024	 2.519	  2.29	 1.726	 4.518	 4.291	 | 4.518 max

train losses    106:	0.2871	0.2987	0.3344	0.3265	0.3722	0.3795	0.3723	0.3692	0.5039	0.5143	0.7966	 0.795	
val losses      106:	0.1855	0.1529	0.2747	0.2781	  0.28	0.2821	0.2916	0.3011	0.4628	0.3821	0.9975	 0.993	 | 0.4068 mean
                     	 0.506	0.4047	0.7036	0.7326	0.7115	0.7161	0.7731	0.7896	 1.149	0.9845	 2.645	 2.726	 | 1.348 quantile
                      	 2.165	 1.784	 2.135	 1.976	 1.674	 1.571	 3.039	 2.533	 2.243	  1.77	 4.486	 4.282	 | 4.486 max

train losses    108:	 0.281	0.2895	0.3323	0.3244	0.3677	 0.373	0.3664	0.3634	0.4984	0.5073	0.7796	0.7767	
val losses      108:	0.1831	0.1507	0.2742	0.2779	0.2779	0.2783	 0.293	0.3023	0.4532	0.3708	0.9812	0.9793	 | 0.4018 mean
                     	 0.498	0.3958	0.7033	0.7356	0.7153	0.7124	0.7842	0.7901	 1.139	0.9541	 2.638	 2.705	 | 1.323 quantile
                      	 2.332	 1.713	 2.101	 1.955	 1.691	 1.629	 2.984	  2.56	   2.3	 1.683	 4.416	 4.222	 | 4.416 max

train losses    110:	0.2774	0.2842	0.3311	0.3237	0.3607	0.3661	0.3624	0.3594	0.4905	0.4991	0.7633	0.7616	
val losses      110:	0.1802	0.1481	 0.274	0.2776	0.2769	0.2771	  0.29	0.2988	0.4562	0.3734	0.9745	0.9718	 | 0.3999 mean
                     	0.4955	0.3923	0.7044	0.7327	0.7202	0.7087	0.7695	0.7827	 1.158	  0.97	 2.606	 2.651	 | 1.318 quantile
                      	 2.239	 1.601	 2.088	  1.96	 1.742	 1.675	 3.067	 2.548	 2.181	 1.673	 4.388	 4.307	 | 4.388 max

train losses    112:	0.2743	0.2783	0.3296	0.3217	 0.358	0.3608	 0.359	 0.355	0.4896	0.4958	0.7476	0.7463	
val losses      112:	0.1772	0.1467	0.2745	0.2776	0.2716	0.2731	0.2901	0.2984	0.4494	0.3682	0.9663	0.9641	 | 0.3964 mean
                     	0.4853	0.3894	0.7009	0.7284	0.7029	0.7031	0.7577	0.7808	 1.124	 0.944	 2.597	 2.628	 | 1.302 quantile
                      	  2.14	 1.628	 2.102	 1.971	 1.649	 1.619	 3.126	 2.603	 2.093	  1.59	 4.306	 4.148	 | 4.306 max

train losses    114:	0.2702	 0.275	0.3294	0.3211	0.3532	 0.357	 0.357	0.3533	0.4905	0.4967	0.7377	0.7358	
val losses      114:	0.1712	0.1438	0.2746	0.2777	0.2692	0.2708	0.2882	0.2978	0.4496	0.3676	0.9725	0.9702	 | 0.3961 mean
                     	 0.466	 0.375	0.7068	0.7307	0.6992	0.7027	0.7687	0.7871	 1.128	0.9348	 2.603	 2.626	 | 1.31 quantile
                      	  2.21	  1.61	 2.068	 1.946	 1.647	 1.592	 3.021	 2.549	 2.152	 1.591	 4.355	 4.134	 | 4.355 max

train losses    116:	0.2669	0.2739	0.3282	  0.32	0.3515	0.3511	0.3542	0.3502	0.4922	0.4993	0.7266	0.7261	
val losses      116:	0.1687	0.1457	0.2744	0.2772	0.2675	0.2706	 0.288	0.2968	0.4511	0.3688	 0.965	0.9656	 | 0.3949 mean
                     	0.4618	0.3829	0.7064	0.7318	0.6921	0.7079	0.7589	0.7872	 1.122	 0.951	 2.614	 2.638	 | 1.308 quantile
                      	 2.189	 1.456	 2.048	  1.94	 1.566	 1.606	 2.921	 2.509	 2.079	 1.615	  4.26	 4.092	 | 4.26 max

train losses    118:	0.2651	0.2718	0.3278	0.3196	0.3481	 0.353	0.3544	0.3511	0.4979	0.5053	0.7274	0.7265	
val losses      118:	 0.167	0.1437	0.2744	 0.277	0.2653	0.2688	0.2888	0.2971	0.4524	0.3703	0.9616	0.9624	 | 0.3941 mean
                     	0.4575	0.3727	0.7039	 0.729	0.6934	0.6973	0.7671	0.7791	 1.122	0.9516	 2.638	  2.67	 | 1.299 quantile
                      	 2.147	 1.528	 2.049	 1.947	 1.655	 1.581	 2.918	 2.496	 2.004	 1.598	 4.246	 4.029	 | 4.246 max

train losses    120:	0.2636	0.2683	0.3268	0.3188	0.3452	0.3493	0.3528	0.3497	 0.503	0.5094	0.7467	0.7442	
val losses      120:	0.1667	0.1422	0.2741	0.2771	0.2653	0.2679	0.2881	0.2971	0.4577	0.3741	0.9598	0.9622	 | 0.3944 mean
                     	0.4581	0.3745	0.7039	 0.728	0.6856	0.6931	0.7582	0.7781	 1.117	0.9548	 2.623	 2.657	 | 1.295 quantile
                      	 2.059	 1.402	 2.034	 1.941	 1.613	 1.507	 2.911	 2.532	 1.992	 1.721	 4.142	 3.866	 | 4.142 max

train losses    122:	0.2632	0.2683	0.3263	0.3178	0.3447	 0.346	0.3547	0.3525	  0.53	0.5334	0.7932	0.7918	
val losses      122:	0.1709	0.1418	 0.274	0.2768	0.2653	0.2685	0.2884	0.2969	 0.483	0.4034	0.9618	0.9657	 | 0.3997 mean
                     	0.4697	0.3697	0.7024	0.7262	0.6856	0.6948	0.7545	0.7705	 1.168	 1.006	 2.695	 2.618	 | 1.292 quantile
                      	 2.118	 1.368	 2.067	 1.949	 1.615	 1.607	 2.914	 2.509	 1.872	 1.864	 4.224	 3.965	 | 4.224 max

train losses    124:	0.2749	0.2789	0.3267	0.3181	0.3526	0.3519	0.3623	0.3606	0.6304	0.6287	0.9994	0.9983	
val losses      124:	0.1845	0.1525	0.2742	 0.277	0.2712	0.2763	0.2917	0.2992	0.5446	0.4581	 1.038	 1.057	 | 0.427 mean
                     	0.4965	0.3932	0.6966	0.7323	0.7108	0.7214	0.7635	0.7728	 1.293	 1.155	 2.703	 2.813	 | 1.439 quantile
                      	 2.146	 1.469	 2.093	 1.965	 1.822	 1.695	 2.998	 2.514	 2.434	 2.601	 4.539	 4.529	 | 4.539 max

train losses    126:	0.2809	0.2864	0.3278	0.3189	0.3609	0.3602	0.3685	0.3658	0.6761	0.6865	 1.003	   1.0	
val losses      126:	0.1743	 0.171	0.2753	0.2788	0.2611	0.2696	0.3037	0.3127	0.5105	 0.456	  1.06	 1.053	 | 0.4272 mean
                     	0.4866	0.4453	0.7016	0.7271	0.6756	0.6924	0.8182	0.8374	 1.277	 1.147	 2.745	 2.728	 | 1.429 quantile
                      	 2.077	 1.469	 2.024	 1.913	 1.572	 1.441	 2.821	 2.728	 1.847	 2.025	 4.372	 4.308	 | 4.372 max

train losses    128:	 0.286	0.2976	0.3291	0.3204	0.3672	0.3735	0.3709	0.3711	0.6219	0.6241	0.8409	0.8395	
val losses      128:	0.1816	0.1685	0.2769	 0.279	0.2707	0.2725	0.3023	0.3141	0.4709	0.4034	0.9886	 0.985	 | 0.4095 mean
                     	0.4943	0.4366	0.7057	0.7364	0.7121	0.6925	0.8352	0.8339	 1.155	  1.06	 2.599	 2.592	 | 1.33 quantile
                      	 1.864	 1.489	 2.017	  1.89	 1.678	 1.602	 2.901	 2.765	 1.991	 1.815	 4.088	 3.928	 | 4.088 max

train losses    130:	0.2935	0.3039	0.3296	0.3211	0.4072	0.4003	 0.379	0.3762	0.6524	0.6537	0.8064	0.8052	
val losses      130:	0.1847	0.1644	0.2749	0.2773	0.2902	0.2861	0.2905	0.3002	0.5515	0.4719	0.9242	0.9247	 | 0.4117 mean
                     	 0.538	0.4434	0.7011	 0.735	0.7921	0.7431	0.7569	0.7824	  1.36	 1.278	 2.573	 2.572	 | 1.318 quantile
                      	 2.149	 1.562	 2.098	 1.969	 2.052	 1.738	 2.756	 2.406	 2.329	 2.365	 3.941	 3.686	 | 3.941 max

train losses    132:	0.2853	 0.295	0.3297	0.3198	0.3768	0.3834	0.3739	0.3749	0.6095	0.6197	0.8236	0.8222	
val losses      132:	0.1792	0.1674	0.2743	0.2772	 0.286	0.2807	0.2907	0.2989	0.5159	0.4334	0.9595	0.9655	 | 0.4107 mean
                     	0.5007	0.4277	0.6989	 0.732	0.7474	0.7167	0.7452	0.7814	 1.314	 1.123	 2.668	 2.654	 | 1.348 quantile
                      	 2.225	 1.468	 2.104	 2.001	 1.914	 1.833	 2.929	 2.408	 2.382	 2.292	 3.825	 3.649	 | 3.825 max

train losses    134:	0.2783	0.2865	0.3272	0.3183	0.3663	0.3733	0.3675	 0.366	0.5593	0.5592	0.8801	0.8777	
val losses      134:	 0.189	0.1683	0.2741	 0.277	0.2762	0.2802	0.2898	0.2993	0.4844	0.4045	 0.981	0.9826	 | 0.4089 mean
                     	0.4743	0.4254	0.7022	0.7333	0.7009	0.7041	0.7749	 0.786	 1.221	0.9837	 2.634	 2.595	 | 1.305 quantile
                      	 2.119	  1.48	 2.023	  1.96	 1.694	 1.771	 2.779	  2.55	 2.212	 1.907	 4.387	 4.238	 | 4.387 max

train losses    136:	0.2907	0.2967	0.3281	0.3186	 0.363	0.3671	0.3733	0.3712	0.5527	0.5427	0.8491	0.8486	
val losses      136:	0.1854	0.1549	0.2744	0.2775	0.2874	0.2868	  0.29	0.2965	0.4955	0.3931	0.9802	0.9743	 | 0.408 mean
                     	0.4849	0.3987	0.7047	0.7304	0.7618	0.7261	0.7634	0.7734	 1.265	 1.032	 2.649	 2.653	 | 1.351 quantile
                      	 1.735	 1.423	 1.975	 1.946	 1.708	 1.593	 2.741	 2.488	  2.47	 1.886	 4.436	 4.063	 | 4.436 max

train losses    138:	0.2926	 0.303	0.3262	0.3176	0.3678	0.3772	0.3606	0.3579	0.5173	 0.517	0.7913	 0.791	
val losses      138:	0.1707	0.1549	0.2742	0.2769	 0.266	0.2743	0.2874	0.2954	0.4532	0.3706	0.9963	0.9945	 | 0.4012 mean
                     	 0.466	0.4129	0.6997	0.7347	0.6711	0.6907	0.7535	 0.768	 1.161	0.9576	  2.54	 2.552	 | 1.309 quantile
                      	 1.918	 1.355	 2.064	 1.957	 1.518	 1.469	 2.846	  2.52	 1.973	 1.649	 4.688	 4.394	 | 4.688 max

train losses    140:	0.2889	0.2969	0.3254	 0.316	0.3611	0.3701	0.3558	0.3534	0.5169	0.5236	0.8186	0.8151	
val losses      140:	0.1861	0.1525	0.2736	0.2764	0.2805	0.2776	0.2886	0.2975	0.5033	0.4261	 1.034	 1.026	 | 0.4185 mean
                     	0.5261	 0.414	0.7047	0.7354	0.7505	0.7084	0.7658	0.7863	 1.267	 1.088	 2.649	 2.657	 | 1.413 quantile
                      	 2.236	 1.442	 2.119	 1.952	 1.863	  1.61	 2.739	 2.501	 2.016	 2.059	 4.524	 4.309	 | 4.524 max

train losses    142:	0.2747	0.2834	0.3242	0.3156	0.3597	0.3642	0.3531	0.3507	0.5178	0.5176	0.7987	0.7959	
val losses      142:	0.1816	0.1567	0.2743	0.2768	 0.278	0.2801	0.2902	 0.299	0.4797	0.4172	 1.016	 1.009	 | 0.4133 mean
                     	0.5125	0.4161	0.6994	 0.729	0.7519	0.7141	0.7498	0.7793	 1.201	 1.066	 2.648	 2.654	 | 1.37 quantile
                      	 2.179	  1.66	 2.202	 1.968	  1.78	 1.605	 2.936	 2.462	 2.026	  1.98	 4.134	 3.997	 | 4.134 max

train losses    144:	0.2881	0.2937	0.3241	 0.315	0.3651	0.3772	0.3518	0.3505	0.5002	0.5064	0.7316	0.7301	
val losses      144:	0.1655	0.1456	0.2742	0.2768	0.2769	0.2861	 0.289	0.2988	0.4529	0.3818	0.9551	0.9593	 | 0.3968 mean
                     	0.4528	0.3871	0.7036	0.7279	0.7277	0.7082	0.7503	0.7752	 1.168	0.9836	 2.625	 2.623	 | 1.289 quantile
                      	 2.011	 1.491	 2.146	 1.984	 1.606	 1.522	 3.056	 2.594	 2.077	 1.638	 4.108	 3.794	 | 4.108 max

train losses    146:	0.2768	0.2817	0.3237	 0.314	0.3653	0.3742	0.3504	0.3481	0.4861	0.4891	0.7086	 0.708	
val losses      146:	 0.191	 0.158	 0.274	0.2759	0.3096	0.3148	0.2868	0.2955	0.4705	0.3917	0.9385	0.9406	 | 0.4039 mean
                     	0.5016	0.3979	0.7063	0.7288	0.8278	0.7912	0.7518	0.7786	 1.197	 1.015	  2.56	  2.57	 | 1.284 quantile
                      	 2.153	 1.521	 2.118	 1.971	   1.9	 1.653	 3.045	 2.628	 1.937	 1.688	 4.032	 3.898	 | 4.032 max

train losses    148:	0.2756	0.2855	 0.323	 0.314	0.3612	0.3705	0.3483	 0.347	0.4879	0.4935	0.7014	0.6982	
val losses      148:	0.1705	0.1495	0.2737	0.2765	0.2794	0.2814	0.2855	0.2936	0.4581	0.3802	0.9494	0.9483	 | 0.3955 mean
                     	0.4804	 0.396	0.7011	0.7279	0.7109	0.7131	0.7499	0.7712	  1.15	0.9925	 2.619	 2.621	 | 1.276 quantile
                      	 1.968	 1.462	 2.102	  1.93	 1.713	 1.609	 2.921	 2.602	 1.936	 1.605	 4.262	 3.932	 | 4.262 max

train losses    150:	0.2721	0.2761	0.3223	0.3129	0.3888	0.3991	0.3477	0.3456	0.4856	0.4891	0.6959	0.6941	
val losses      150:	 0.173	0.1512	0.2733	0.2756	 0.302	0.3098	0.2857	0.2934	0.4583	0.3817	0.9512	0.9543	 | 0.4008 mean
                     	0.4729	 0.391	0.7022	0.7259	0.8011	0.7641	0.7517	0.7775	 1.159	0.9982	 2.607	 2.588	 | 1.276 quantile
                      	 2.037	 1.633	 2.096	 1.948	 1.815	 1.621	 2.802	 2.439	 1.909	 1.607	 4.079	 3.781	 | 4.079 max

train losses    152:	0.2717	0.2777	0.3225	0.3128	0.3888	0.3982	0.3518	0.3498	0.4837	0.4871	  0.77	0.7648	
val losses      152:	0.1781	0.1531	0.2738	 0.276	0.3089	0.3157	0.2902	 0.298	0.4596	0.3877	0.9481	0.9532	 | 0.4035 mean
                     	0.4925	0.3957	0.7041	0.7278	0.8601	0.8212	0.7472	0.7648	 1.154	0.9969	 2.629	 2.575	 | 1.287 quantile
                      	 2.091	 1.724	  2.12	 1.977	 2.045	 2.001	  2.97	 2.553	 1.964	 1.711	 3.983	 3.861	 | 3.983 max

train losses    154:	0.2686	0.2744	0.3212	0.3118	0.3801	0.3872	0.3481	0.3459	0.4867	0.4882	0.8308	0.8273	
val losses      154:	0.1683	0.1527	 0.274	0.2768	 0.278	0.2827	0.2878	0.2952	 0.453	0.3738	0.9575	0.9654	 | 0.3971 mean
                     	0.4535	0.3857	0.7011	0.7303	0.7323	0.7282	0.7489	0.7696	  1.13	 0.961	 2.579	 2.583	 | 1.299 quantile
                      	 1.995	 1.583	  2.13	 1.966	 1.713	 1.697	 3.007	 2.595	 1.858	 1.709	 3.879	 3.761	 | 3.879 max

train losses    156:	0.2795	0.2835	0.3213	0.3117	0.3615	0.3721	0.3471	0.3447	0.4753	0.4787	0.7836	0.7812	
val losses      156:	0.1828	0.1608	0.2741	0.2767	0.2658	0.2704	0.2865	0.2947	0.4525	0.3633	0.9578	0.9618	 | 0.3956 mean
                     	 0.497	0.4226	 0.699	0.7321	0.6789	 0.686	0.7495	0.7641	 1.129	0.9274	 2.581	 2.572	 | 1.298 quantile
                      	 2.147	 1.577	 2.108	 1.946	 1.561	 1.563	 2.899	 2.472	 2.019	 1.659	 4.143	  3.86	 | 4.143 max

train losses    158:	0.2789	0.2847	0.3212	0.3117	0.3551	0.3657	0.3448	0.3421	0.4848	0.4908	0.7027	0.7036	
val losses      158:	0.2076	0.1661	0.2738	0.2765	0.2721	 0.269	0.2864	0.2946	0.4636	0.3842	 1.015	 1.008	 | 0.4097 mean
                     	0.5602	 0.443	0.7011	0.7254	0.6948	0.6875	0.7605	0.7695	 1.165	0.9898	 2.539	 2.561	 | 1.347 quantile
                      	 2.403	 1.842	 2.057	 1.916	 1.702	 1.565	 2.749	 2.457	 2.109	 1.673	 4.631	  4.44	 | 4.631 max

train losses    160:	0.2755	0.2851	0.3203	0.3109	 0.359	0.3661	0.3437	0.3422	0.4924	0.4932	 0.762	0.7594	
val losses      160:	0.1953	0.1559	0.2736	0.2764	0.2809	0.2754	0.2873	0.2959	0.4639	0.3879	 1.037	 1.029	 | 0.4132 mean
                     	0.5254	0.4086	0.6977	0.7264	0.7456	0.7068	0.7703	0.7872	 1.144	0.9891	 2.565	 2.609	 | 1.373 quantile
                      	  2.31	 1.638	 2.066	 1.919	 1.738	 1.537	 2.767	 2.427	 2.052	 1.644	 4.535	 4.364	 | 4.535 max

train losses    162:	0.2887	0.2985	0.3206	0.3109	0.3594	0.3698	0.3455	0.3443	0.5063	0.5148	0.7499	0.7471	
val losses      162:	0.1781	0.1503	0.2732	 0.276	0.2738	  0.27	0.2854	0.2938	0.4678	0.3977	 0.998	0.9909	 | 0.4046 mean
                     	 0.499	0.3978	0.6966	0.7282	0.7006	 0.685	0.7568	0.7774	 1.193	 1.026	 2.551	 2.563	 | 1.336 quantile
                      	 2.345	 1.738	  2.09	  1.93	 1.705	 1.604	 2.797	 2.442	 2.047	 1.839	 4.419	 4.183	 | 4.419 max

train losses    164:	0.3065	0.3118	0.3198	  0.31	0.3486	0.3554	0.3445	 0.342	 0.493	0.4946	0.7066	 0.705	
val losses      164:	0.1752	0.1575	0.2734	 0.276	0.2678	0.2681	0.2848	 0.293	0.4656	 0.385	  0.98	0.9761	 | 0.4002 mean
                     	0.4961	0.4085	0.6946	 0.728	0.6951	0.6923	0.7503	0.7695	 1.138	0.9822	 2.604	 2.577	 | 1.311 quantile
                      	 2.288	 1.627	  2.12	 1.934	 1.674	 1.465	 2.938	 2.583	 2.059	 1.535	  4.34	 4.057	 | 4.34 max

train losses    166:	0.2797	0.2865	0.3199	0.3095	0.3509	 0.355	 0.342	0.3382	0.5247	0.5283	0.6745	0.6703	
val losses      166:	0.1916	0.1721	0.2736	 0.276	0.2758	0.2765	0.2839	0.2918	0.5297	0.4584	 0.952	0.9541	 | 0.4113 mean
                     	0.5793	0.4772	0.7016	0.7299	0.7266	0.7136	0.7405	0.7532	 1.311	  1.17	 2.606	 2.593	 | 1.336 quantile
                      	 2.009	 1.624	 2.105	 1.947	 1.781	 1.707	 2.989	 2.554	 2.566	 2.131	 3.912	 3.759	 | 3.912 max

train losses    168:	 0.289	0.2953	0.3199	0.3097	0.3592	 0.365	0.3429	0.3404	0.5752	0.5726	0.6934	0.6939	
val losses      168:	0.1643	0.1456	0.2736	 0.276	0.2713	0.2751	 0.286	0.2946	0.4927	0.4181	0.9512	0.9592	 | 0.4006 mean
                     	0.4666	0.3836	0.7002	0.7289	0.7123	0.7058	0.7344	0.7596	 1.219	 1.101	 2.571	 2.538	 | 1.311 quantile
                      	 2.167	 1.565	 2.106	 1.955	 1.547	 1.469	 2.994	 2.546	  2.32	 1.996	  3.92	 3.706	 | 3.92 max

train losses    170:	0.2679	0.2681	0.3199	0.3096	0.3714	0.3749	0.3435	0.3415	0.6312	0.6236	0.7234	0.7201	
val losses      170:	0.1871	0.1452	0.2737	0.2763	0.2766	0.2834	0.2931	0.3008	 0.497	0.4186	0.9311	 0.938	 | 0.4017 mean
                     	 0.514	0.3872	0.7038	0.7326	0.7335	0.7268	0.7505	0.7786	 1.247	 1.138	 2.561	  2.56	 | 1.296 quantile
                      	 2.404	 1.522	 2.092	 1.988	 1.818	 1.561	 3.179	 2.771	 2.293	 2.019	 3.822	 3.755	 | 3.822 max

train losses    172:	0.2647	0.2683	0.3196	0.3096	0.3759	  0.38	0.3438	0.3424	0.6588	0.6552	0.8637	  0.86	
val losses      172:	 0.176	 0.155	0.2734	 0.276	0.2923	0.2849	0.2874	0.2953	0.6456	0.5876	0.9376	0.9512	 | 0.4302 mean
                     	0.5012	0.4099	   0.7	 0.732	0.7745	0.7454	0.7351	0.7625	   1.5	 1.388	  2.54	 2.541	 | 1.415 quantile
                      	 2.164	 1.505	 2.117	 1.984	 1.825	 1.789	 2.981	 2.538	 3.031	 3.065	 3.982	 4.047	 | 4.047 max

train losses    174:	0.2822	0.2863	0.3214	 0.311	 0.381	0.3931	0.3524	0.3512	0.7722	0.7742	0.8057	0.8085	
val losses      174:	0.1649	0.1568	0.2743	0.2777	0.3155	0.3154	0.2857	0.2932	0.5521	0.5102	 0.968	0.9693	 | 0.4236 mean
                     	0.4372	 0.405	0.7041	0.7331	0.7714	0.7938	0.7557	0.7747	 1.305	 1.182	 2.603	 2.595	 | 1.36 quantile
                      	 2.132	  1.46	 2.084	 2.014	 1.769	  1.76	  2.94	 2.504	 2.015	 2.269	 4.032	 3.824	 | 4.032 max

train losses    176:	0.3084	0.3249	0.3239	0.3141	0.3913	 0.399	0.3639	0.3635	0.8013	0.7717	0.8351	0.8387	
val losses      176:	0.2169	0.2277	0.2763	0.2791	0.3151	0.3131	  0.29	0.2996	0.5734	0.5004	0.9745	0.9731	 | 0.4366 mean
                     	 0.648	0.5991	0.6998	0.7296	0.8732	 0.836	0.7562	0.7817	 1.424	 1.256	 2.611	 2.608	 | 1.402 quantile
                      	  2.35	 1.794	 2.085	 1.921	 2.262	  2.11	 2.775	 2.442	 2.776	 2.968	  4.22	 3.966	 | 4.22 max

train losses    178:	0.3583	0.3712	0.3262	0.3156	0.3796	0.3897	0.3743	0.3737	0.6712	 0.651	0.8038	0.7989	
val losses      178:	0.2076	0.1925	0.2751	0.2767	0.2883	0.2883	0.2957	0.3043	0.5227	0.4645	 1.011	 0.993	 | 0.4267 mean
                     	0.5662	0.4813	0.7011	0.7373	0.7449	0.7533	0.7977	 0.797	  1.29	 1.132	  2.61	   2.6	 | 1.39 quantile
                      	 2.231	  1.69	 2.106	 1.935	 1.915	 1.832	 2.724	  2.56	 2.379	 2.356	 4.344	 4.048	 | 4.344 max

train losses    180:	0.3238	0.3296	0.3253	0.3156	0.3875	0.3982	0.3759	0.3771	0.6288	0.6377	 1.043	 1.034	
val losses      180:	0.2139	 0.189	0.2748	 0.277	0.3003	0.3018	0.2923	0.3044	0.5585	0.4998	 1.081	  1.07	 | 0.4469 mean
                     	0.5976	0.5077	0.7084	0.7367	0.8162	0.7912	0.7784	0.7906	 1.388	 1.261	 2.712	 2.676	 | 1.501 quantile
                      	 2.907	 1.961	 2.069	 1.975	 2.021	 2.059	 2.703	 2.363	  2.28	 2.402	 4.844	  4.55	 | 4.844 max

train losses    182:	0.3256	0.3435	0.3306	0.3204	0.3931	0.4035	0.3848	0.3882	0.6495	0.6807	 1.045	 1.024	
val losses      182:	0.2203	0.2528	0.2766	0.2797	0.2967	0.3018	0.2898	0.3015	0.5595	0.4984	 1.036	 1.026	 | 0.4449 mean
                     	0.6298	0.5788	0.7028	0.7326	0.8071	 0.766	 0.768	0.7851	 1.428	 1.345	 2.789	 2.746	 | 1.451 quantile
                      	 2.374	 1.835	  2.05	 1.917	 1.989	 1.553	 2.676	 2.436	 2.179	 2.766	 4.654	 4.485	 | 4.654 max

train losses    184:	0.3125	0.3269	0.3284	0.3196	0.4051	0.4175	0.3969	0.3929	0.6166	0.6042	 1.025	 1.021	
val losses      184:	0.2356	0.2059	0.2748	0.2774	0.2762	0.2858	0.2938	0.3038	0.5255	0.4362	0.9229	0.9281	 | 0.4138 mean
                     	0.5628	0.5102	0.7079	 0.733	0.6996	0.6983	0.7754	0.7965	  1.32	 1.141	 2.503	  2.46	 | 1.307 quantile
                      	 2.284	 1.876	 1.962	 1.947	 1.565	 1.725	 2.777	  2.69	 2.432	 2.354	 3.665	  3.67	 | 3.67 max

train losses    186:	0.3013	0.3142	0.3259	0.3168	0.3792	0.3893	0.3701	0.3678	0.5518	 0.558	0.8611	0.8625	
val losses      186:	0.1944	0.1614	0.2752	0.2775	 0.287	0.2849	0.2927	0.3042	0.5147	0.4354	0.9371	0.9444	 | 0.4091 mean
                     	0.5325	0.4213	0.7031	0.7335	0.7432	0.7318	0.7628	0.7917	 1.321	 1.136	 2.506	 2.498	 | 1.323 quantile
                      	 2.617	 1.617	 2.068	 1.972	 1.697	 1.716	 3.126	 2.702	 2.284	 2.073	  3.87	  3.82	 | 3.87 max

train losses    188:	0.2866	0.2951	0.3234	0.3143	0.3642	0.3729	0.3598	0.3602	0.5255	0.5214	0.7782	0.7751	
val losses      188:	 0.185	0.1689	0.2739	0.2766	0.2812	0.2809	0.2859	0.2986	0.4756	0.4137	0.9709	0.9725	 | 0.407 mean
                     	0.5245	0.4399	0.7049	0.7312	0.7404	0.7106	0.7678	0.7849	 1.225	 1.054	 2.606	 2.648	 | 1.33 quantile
                      	  2.16	 1.699	 2.035	 1.927	 1.721	 1.622	 2.886	 2.422	 1.928	 1.818	 4.003	 3.686	 | 4.003 max

train losses    190:	0.2745	0.2792	0.3222	0.3124	0.3561	0.3638	 0.351	0.3489	0.5021	0.5051	0.7279	0.7233	
val losses      190:	0.1822	0.1668	0.2735	0.2769	 0.286	 0.283	0.2847	0.2956	  0.48	0.4242	0.9596	0.9578	 | 0.4059 mean
                     	  0.52	0.4336	0.6974	0.7281	0.7546	0.7192	0.7517	0.7774	 1.229	  1.09	 2.618	 2.653	 | 1.316 quantile
                      	 2.175	 1.534	   2.0	 1.953	 1.765	  1.75	 2.728	 2.417	 2.234	 1.779	  4.42	 4.126	 | 4.42 max

train losses    192:	0.2655	0.2688	0.3217	0.3112	0.3563	0.3646	 0.344	0.3433	0.4833	0.4878	0.6879	0.6841	
val losses      192:	0.1875	0.1452	0.2736	0.2764	0.2708	0.2745	0.2876	0.2959	0.4458	0.3703	0.9827	0.9808	 | 0.3993 mean
                     	0.4828	0.3755	0.6982	 0.727	0.6947	0.6892	0.7563	0.7772	  1.12	0.9444	 2.646	 2.681	 | 1.308 quantile
                      	 2.233	 1.709	 2.037	 1.923	 1.476	 1.674	  2.71	 2.405	  1.82	 1.715	 4.444	 4.146	 | 4.444 max

train losses    194:	0.2602	0.2646	0.3201	0.3095	0.3419	0.3462	0.3411	0.3397	0.4743	 0.478	0.6672	0.6653	
val losses      194:	0.1681	0.1435	0.2735	0.2764	0.2693	0.2719	0.2847	0.2932	0.4436	0.3708	0.9635	0.9635	 | 0.3935 mean
                     	0.4514	0.3753	0.6955	0.7241	0.7053	0.6932	0.7417	0.7724	 1.122	0.9659	 2.589	 2.636	 | 1.29 quantile
                      	 2.273	 1.573	  2.04	 1.916	 1.523	 1.583	 2.756	 2.428	 1.951	 1.625	 4.295	  3.99	 | 4.295 max

train losses    196:	 0.257	0.2624	0.3199	0.3088	0.3359	0.3438	 0.338	0.3359	0.4669	0.4695	0.6518	0.6506	
val losses      196:	0.1627	0.1448	0.2732	0.2762	0.2672	0.2687	0.2833	0.2915	 0.441	0.3679	0.9597	0.9562	 | 0.391 mean
                     	0.4518	0.3829	0.6983	0.7257	0.6828	 0.691	0.7402	0.7732	 1.124	0.9593	 2.552	 2.597	 | 1.288 quantile
                      	 2.054	 1.438	 2.023	 1.919	 1.498	 1.517	 2.722	 2.419	 1.964	 1.556	 4.183	 3.943	 | 4.183 max

train losses    198:	0.2524	0.2574	0.3182	0.3076	0.3346	0.3393	0.3347	0.3337	0.4625	0.4639	0.6466	0.6434	
val losses      198:	0.1626	  0.14	0.2731	0.2754	0.2694	 0.269	0.2809	0.2897	0.4512	0.3742	0.9599	0.9583	 | 0.392 mean
                     	0.4648	0.3677	0.6955	0.7278	0.6929	0.6926	0.7393	0.7681	 1.132	0.9836	 2.577	 2.593	 | 1.278 quantile
                      	 1.943	 1.518	 2.046	 1.944	 1.666	 1.524	 2.714	 2.437	 1.995	 1.549	  4.17	 3.902	 | 4.17 max

train losses    200:	0.2494	0.2525	0.3178	0.3075	0.3299	0.3347	0.3345	0.3325	  0.46	0.4607	 0.634	0.6336	
val losses      200:	0.1588	 0.136	 0.273	0.2754	 0.264	 0.267	0.2813	0.2896	0.4377	0.3607	0.9564	0.9565	 | 0.388 mean
                     	0.4446	0.3594	0.6941	 0.727	0.6884	0.6872	0.7458	0.7743	 1.114	0.9369	 2.577	 2.587	 | 1.27 quantile
                      	 1.891	 1.545	 2.055	 1.941	 1.567	 1.467	 2.729	 2.466	 1.978	 1.615	  4.21	 3.912	 | 4.21 max

train losses    202:	0.2476	0.2504	0.3175	0.3065	0.3269	0.3313	0.3329	0.3302	0.4594	0.4568	0.6286	0.6271	
val losses      202:	0.1606	 0.134	 0.273	0.2757	0.2627	0.2661	0.2825	0.2903	0.4327	0.3553	0.9553	0.9555	 | 0.387 mean
                     	0.4365	0.3551	0.6917	0.7233	0.6768	0.6793	0.7383	 0.773	  1.09	0.9245	 2.586	 2.595	 | 1.27 quantile
                      	  2.02	 1.508	 2.066	 1.918	 1.484	  1.42	 2.725	 2.417	 1.921	 1.608	 4.146	 3.953	 | 4.146 max

train losses    204:	0.2466	0.2499	0.3174	0.3067	0.3264	0.3298	0.3317	0.3299	0.4602	0.4591	0.6202	0.6185	
val losses      204:	0.1599	0.1338	0.2727	0.2751	 0.261	0.2639	0.2812	0.2888	0.4316	 0.358	0.9538	0.9539	 | 0.3861 mean
                     	0.4374	0.3541	0.6906	0.7259	0.6765	0.6841	0.7332	0.7588	 1.079	0.9165	 2.565	  2.56	 | 1.265 quantile
                      	 1.834	 1.466	 2.075	  1.92	 1.464	 1.355	 2.782	 2.371	 1.876	 1.563	 4.257	 3.991	 | 4.257 max

train losses    206:	0.2449	0.2477	0.3171	 0.306	0.3252	0.3262	0.3289	0.3279	0.4554	0.4547	0.6226	 0.622	
val losses      206:	0.1576	0.1346	0.2724	 0.275	0.2641	0.2641	0.2816	 0.289	0.4373	0.3636	0.9769	0.9727	 | 0.3907 mean
                     	0.4476	0.3531	0.6921	0.7264	0.6796	0.6743	0.7308	0.7613	 1.107	0.9462	  2.56	 2.577	 | 1.291 quantile
                      	 1.916	 1.436	 2.059	 1.912	 1.539	 1.475	 2.701	 2.365	 1.884	  1.52	 4.327	 4.025	 | 4.327 max

train losses    208:	0.2443	0.2476	0.3165	0.3056	0.3227	0.3268	0.3296	0.3279	0.4555	0.4573	0.6243	0.6242	
val losses      208:	0.1568	 0.136	0.2723	0.2746	0.2648	 0.268	0.2816	0.2893	0.4354	0.3549	0.9501	0.9546	 | 0.3865 mean
                     	0.4267	0.3561	0.6937	0.7244	0.6847	 0.683	0.7302	0.7578	 1.088	 0.927	 2.592	 2.575	 | 1.269 quantile
                      	 2.076	 1.395	 2.057	 1.932	 1.555	 1.293	  2.76	 2.366	 1.899	 1.565	 4.051	 3.791	 | 4.051 max

train losses    210:	0.2462	0.2484	0.3165	0.3045	 0.327	0.3317	0.3294	0.3276	 0.459	0.4568	0.6457	0.6439	
val losses      210:	0.1577	0.1341	0.2723	0.2747	0.2806	0.2811	0.2812	0.2889	0.4392	0.3611	  1.06	 1.053	 | 0.407 mean
                     	0.4575	0.3597	0.6939	0.7267	 0.707	0.7012	0.7342	0.7736	 1.098	0.9436	 2.646	 2.653	 | 1.383 quantile
                      	 1.938	 1.384	 2.109	 1.919	 1.703	 1.642	 2.851	 2.425	 2.033	 1.552	 4.444	 4.156	 | 4.444 max

train losses    212:	0.2471	0.2487	0.3158	0.3047	0.3397	0.3413	0.3301	0.3277	 0.456	0.4565	0.7022	0.6993	
val losses      212:	 0.162	0.1413	0.2722	0.2745	 0.293	0.3003	0.2823	0.2901	0.4417	0.3575	  1.01	 1.007	 | 0.4027 mean
                     	0.4391	0.3693	0.6933	0.7196	0.7661	0.7542	0.7322	0.7622	 1.095	0.9319	 2.725	 2.735	 | 1.372 quantile
                      	 2.098	 1.488	 2.017	 1.936	 1.869	 1.499	 2.773	 2.399	 1.802	 1.624	 4.022	 3.817	 | 4.022 max

train losses    214:	0.2506	0.2527	0.3166	 0.305	0.3615	0.3658	0.3318	0.3304	0.4584	0.4587	0.8273	0.8251	
val losses      214:	0.1607	0.1427	0.2726	 0.275	0.2661	0.2652	0.2814	0.2896	0.4455	0.3754	 1.055	 1.052	 | 0.4068 mean
                     	0.4643	0.3714	0.6928	0.7263	0.6963	0.6842	 0.733	0.7618	 1.114	0.9738	 2.713	 2.698	 | 1.41 quantile
                      	 1.964	  1.39	 2.075	 1.919	 1.645	 1.512	 2.664	 2.295	 1.784	 1.516	 4.375	 4.153	 | 4.375 max

train losses    216:	 0.269	0.2719	0.3169	0.3061	 0.361	0.3754	0.3387	0.3375	0.4616	0.4664	0.8908	0.8851	
val losses      216:	0.2404	0.2352	0.2753	0.2784	0.3699	0.3903	0.3053	0.3124	0.4488	0.3682	0.9141	0.9286	 | 0.4222 mean
                     	0.6702	0.5781	0.6939	0.7285	0.9643	 0.972	0.8166	0.8456	 1.115	0.9384	 2.504	 2.521	 | 1.275 quantile
                      	 2.059	 1.619	 2.007	 1.877	 2.085	 2.209	 2.802	 2.634	 1.909	  1.67	 3.589	 3.515	 | 3.589 max

train losses    218:	0.3004	0.3038	 0.318	0.3071	0.4105	0.4316	 0.349	0.3494	0.4719	0.4771	0.6962	 0.693	
val losses      218:	0.1914	0.1726	0.2747	 0.277	0.3012	0.3101	0.2878	0.2959	0.4605	0.3767	0.9898	 0.987	 | 0.4104 mean
                     	0.5917	0.4686	 0.701	0.7292	0.8557	0.8144	0.7802	0.7938	 1.178	0.9946	   2.6	 2.624	 | 1.346 quantile
                      	 2.164	 1.469	 2.043	  1.91	 2.095	  2.32	 2.829	 2.535	 2.109	 1.689	 4.277	 3.995	 | 4.277 max

train losses    220:	  0.27	0.2784	0.3176	0.3063	0.3525	0.3593	0.3416	0.3421	0.4706	0.4701	 0.669	0.6675	
val losses      220:	0.1666	0.1476	0.2731	0.2761	0.2823	0.2903	0.2884	0.2966	0.4553	 0.387	  0.93	0.9431	 | 0.3947 mean
                     	0.4685	0.3858	0.6957	0.7277	0.6965	0.7074	0.7647	0.7875	 1.174	0.9651	 2.505	 2.477	 | 1.283 quantile
                      	 1.983	  1.64	 2.084	 1.901	 1.513	 1.632	 2.889	 2.514	 1.913	 1.862	 4.006	 3.928	 | 4.006 max

train losses    222:	0.2635	0.2728	0.3166	 0.306	0.3473	 0.362	0.3354	0.3347	0.4961	0.4975	0.6942	0.6911	
val losses      222:	0.1712	0.1544	0.2728	0.2754	0.2686	0.2718	0.2811	0.2891	0.4797	 0.396	0.9507	0.9517	 | 0.3969 mean
                     	0.5021	0.4112	0.6935	0.7226	0.7033	 0.695	0.7375	0.7563	 1.184	 1.023	 2.594	  2.59	 | 1.276 quantile
                      	 1.821	 1.422	 2.022	 1.902	 1.567	 1.466	 2.682	 2.332	  2.01	 1.691	 3.768	 3.527	 | 3.768 max

train losses    224:	 0.291	0.2976	0.3176	0.3069	0.3664	 0.377	0.3454	 0.345	0.5233	0.5332	0.8635	0.8575	
val losses      224:	0.2127	0.2221	0.2739	0.2763	0.3156	0.3182	 0.288	0.2984	0.4928	0.3986	 1.001	 1.009	 | 0.4255 mean
                     	0.5713	 0.522	0.7005	0.7238	0.7802	0.8171	 0.761	0.7849	 1.224	 1.064	 2.659	  2.61	 | 1.402 quantile
                      	 1.949	 1.502	 1.915	 1.911	 1.961	 1.785	 2.551	 2.404	 2.507	 1.861	 4.054	 3.968	 | 4.054 max

train losses    226:	0.2777	0.2961	0.3185	0.3074	0.3573	0.3605	0.3619	0.3618	0.5669	0.5731	0.9052	0.9001	
val losses      226:	0.1878	0.1759	0.2735	0.2756	0.2999	0.3135	0.2858	0.2945	0.5138	0.4101	 0.995	0.9971	 | 0.4185 mean
                     	0.5581	0.4873	0.6982	0.7206	0.7871	0.7794	0.7449	0.7563	 1.308	 1.164	 2.665	 2.631	 | 1.408 quantile
                      	 1.928	 1.558	 1.941	  1.93	 1.691	 1.356	 2.702	  2.32	 2.786	 2.073	 4.137	 4.166	 | 4.166 max

train losses    228:	0.3079	0.3019	0.3198	  0.31	0.3665	0.3774	0.3638	0.3629	0.6201	0.6298	0.8174	0.8148	
val losses      228:	 0.177	 0.147	0.2736	0.2769	0.2654	 0.283	0.2923	0.2995	0.5043	0.4526	0.9981	0.9867	 | 0.413 mean
                     	 0.466	 0.379	0.6972	0.7212	0.6684	0.7138	0.7481	0.7726	 1.194	 1.069	  2.49	 2.506	 | 1.33 quantile
                      	 2.009	  1.55	 2.115	 1.917	 1.269	 1.374	 2.881	 2.511	 2.051	 1.882	 4.306	 4.049	 | 4.306 max

train losses    230:	0.3085	 0.309	 0.319	0.3081	0.3639	0.3696	0.3618	0.3624	0.6853	0.6806	0.7213	0.7233	
val losses      230:	0.2442	0.2413	0.2721	0.2755	0.3192	0.3172	 0.293	0.3039	0.6075	0.5304	0.9402	0.9491	 | 0.4411 mean
                     	0.6704	0.6286	0.6919	0.7311	0.8656	0.8111	0.7705	0.7948	 1.451	 1.329	 2.572	  2.58	 | 1.397 quantile
                      	 2.847	 2.164	 2.048	 1.978	 2.302	 2.011	 2.778	 2.393	 2.686	 3.083	 3.916	 3.685	 | 3.916 max

train losses    232:	 0.318	0.3482	0.3202	0.3094	0.3659	 0.373	0.3686	0.3686	0.6285	0.6406	0.7599	0.7606	
val losses      232:	0.2161	0.2213	0.2751	0.2773	0.2797	0.2892	0.2901	0.3008	0.6554	0.5555	0.9633	  0.97	 | 0.4412 mean
                     	0.6204	0.6162	0.6978	0.7357	0.7175	0.7364	0.7627	0.7827	 1.559	 1.413	 2.638	 2.645	 | 1.422 quantile
                      	 2.205	 1.877	 2.046	 1.914	  1.72	 1.519	 2.806	 2.634	 2.808	 2.904	 4.065	 4.041	 | 4.065 max

train losses    234:	0.3408	0.3725	 0.326	0.3157	0.3817	0.3933	0.3755	0.3753	0.6151	0.6119	0.9265	0.9187	
val losses      234:	  0.23	0.1806	 0.275	0.2782	0.2828	0.2882	0.3079	0.3142	0.4819	0.4142	 1.027	 1.032	 | 0.426 mean
                     	0.5725	0.4537	0.7028	0.7318	0.6965	0.7363	0.7852	0.8247	 1.186	 1.061	 2.717	 2.661	 | 1.39 quantile
                      	 2.678	 1.808	 2.244	   2.0	 1.657	 1.524	  3.32	 2.887	  1.92	 2.038	 4.336	 4.283	 | 4.336 max

train losses    236:	0.3077	0.3132	0.3242	0.3139	0.4017	0.4002	0.3805	0.3848	0.6802	0.6739	 1.101	   1.1	
val losses      236:	0.2052	0.1842	0.2743	 0.277	0.3065	0.3004	0.2906	0.2994	0.5599	0.4939	0.9957	 1.003	 | 0.4325 mean
                     	0.5806	0.4953	0.6996	 0.731	0.8319	0.7808	0.7732	  0.78	 1.359	 1.223	 2.746	 2.802	 | 1.408 quantile
                      	 2.467	 1.628	 2.001	 1.986	 2.156	 1.927	   2.6	 2.221	 2.127	 2.361	 4.568	 4.554	 | 4.568 max

train losses    238:	 0.298	0.3169	0.3266	0.3168	0.3937	0.4042	0.3738	 0.373	0.6431	0.6409	0.8803	0.8736	
val losses      238:	0.1751	0.1684	0.2735	0.2764	0.2849	0.2976	0.3074	0.3137	0.4547	0.3976	 1.139	 1.139	 | 0.4356 mean
                     	 0.466	0.4269	0.6983	0.7257	0.7272	0.7629	0.7862	0.7981	 1.195	0.9543	 2.863	  2.92	 | 1.473 quantile
                      	 2.385	 1.907	 2.021	 1.921	 1.666	 1.843	 2.504	 2.258	 2.149	 2.648	 4.946	 4.726	 | 4.946 max

train losses    240:	0.2961	0.3079	0.3248	0.3147	0.4211	0.4159	0.3733	 0.375	0.6609	0.6696	0.8475	0.8335	
val losses      240:	0.1908	0.1788	 0.274	0.2762	 0.317	0.3061	 0.291	0.3009	0.5884	0.5121	 0.926	0.9298	 | 0.4243 mean
                     	0.5431	0.4829	0.6969	0.7307	0.8672	0.7858	0.7771	0.7902	  1.44	 1.259	 2.558	 2.532	 | 1.351 quantile
                      	 2.075	 1.676	 2.095	 1.998	 1.964	 2.155	 2.759	 2.354	 2.679	 2.595	 4.031	 4.006	 | 4.031 max

train losses    242:	0.2923	0.3011	0.3229	0.3131	 0.398	0.4082	0.3729	0.3745	 0.714	0.7216	0.7896	 0.787	
val losses      242:	0.1865	0.1597	0.2738	0.2764	0.3106	0.2991	0.2956	0.3061	 0.521	0.4417	0.9964	0.9961	 | 0.4219 mean
                     	0.5127	0.4223	0.6986	0.7305	 0.842	0.7719	 0.774	0.7889	 1.257	 1.124	 2.655	 2.681	 | 1.346 quantile
                      	 1.901	 1.505	 1.965	 1.912	 1.942	 1.653	 2.554	 2.339	 2.142	 2.168	 4.445	 4.263	 | 4.445 max

train losses    244:	0.2869	0.2888	0.3212	 0.311	 0.381	0.3848	0.3614	 0.362	 0.567	0.5567	 0.747	0.7471	
val losses      244:	0.1713	0.1566	0.2721	0.2752	0.2822	0.2786	0.2842	0.2936	0.4673	0.3855	0.9722	0.9823	 | 0.4018 mean
                     	0.4877	0.4098	0.6938	0.7276	0.7505	0.7094	0.7506	0.7575	 1.196	0.9867	 2.638	 2.646	 | 1.32 quantile
                      	 1.871	 1.351	 2.006	  1.95	 1.553	 1.542	 2.906	 2.476	 2.196	 1.829	 4.193	 3.982	 | 4.193 max

train losses    246:	0.2772	 0.285	0.3205	  0.31	0.3626	0.3679	0.3544	0.3548	0.5274	0.5186	0.6802	0.6777	
val losses      246:	0.1802	0.1512	0.2721	0.2749	0.2803	 0.278	0.2817	0.2917	 0.461	0.3719	0.9891	0.9827	 | 0.4012 mean
                     	0.4894	0.3912	0.6937	0.7282	0.7405	0.7239	0.7494	0.7698	 1.193	0.9565	 2.631	 2.669	 | 1.334 quantile
                      	 2.098	 1.611	 1.957	 1.949	 1.634	 1.497	 2.728	 2.332	 2.217	 1.719	 4.247	 3.995	 | 4.247 max

train losses    248:	0.2656	0.2675	0.3192	0.3085	 0.349	0.3511	  0.35	0.3507	0.4932	0.4874	 0.651	0.6509	
val losses      248:	0.1769	0.1489	0.2722	0.2754	 0.275	0.2755	0.2831	0.2917	0.4587	0.3714	0.9646	0.9591	 | 0.396 mean
                     	0.4746	0.3904	0.6943	0.7233	0.7216	0.6993	0.7369	0.7685	 1.142	0.9563	 2.597	 2.637	 | 1.293 quantile
                      	 2.411	 1.673	  1.96	 1.929	 1.569	 1.479	 2.853	 2.424	 2.196	 1.647	  4.23	 3.997	 | 4.23 max

train losses    250:	0.2569	0.2635	0.3179	0.3073	0.3387	0.3457	0.3391	0.3391	0.4731	0.4723	0.6387	0.6369	
val losses      250:	0.1597	0.1413	0.2723	 0.275	0.2693	0.2717	0.2797	0.2888	0.4451	 0.366	0.9734	0.9668	 | 0.3924 mean
                     	0.4478	 0.376	0.6913	0.7264	0.7069	 0.694	 0.743	0.7679	 1.124	0.9203	 2.602	 2.631	 | 1.292 quantile
                      	 1.919	 1.411	 2.015	 1.939	 1.482	 1.428	 2.845	 2.441	 2.045	 1.586	 4.126	 3.848	 | 4.126 max

train losses    252:	0.2511	0.2565	0.3171	0.3061	0.3407	0.3468	0.3342	0.3329	0.4607	0.4592	0.6231	0.6202	
val losses      252:	 0.159	0.1439	0.2721	 0.275	0.2736	0.2729	0.2813	0.2899	0.4411	0.3669	0.9442	0.9486	 | 0.389 mean
                     	0.4354	0.3701	0.6937	0.7283	0.6971	0.7014	0.7414	0.7806	 1.129	0.9205	 2.584	 2.589	 | 1.269 quantile
                      	 2.149	 1.465	 2.038	 1.943	 1.654	 1.519	 2.693	 2.312	 1.986	 1.697	 3.893	 3.695	 | 3.893 max

train losses    254:	0.2508	0.2552	0.3174	0.3059	0.3349	0.3391	0.3294	0.3277	0.4555	0.4533	0.6156	0.6148	
val losses      254:	0.1589	0.1415	0.2725	0.2752	0.2723	0.2727	  0.28	0.2878	0.4384	0.3642	0.9514	0.9521	 | 0.3889 mean
                     	0.4513	0.3724	0.6956	0.7245	0.6871	0.6997	0.7293	0.7601	 1.112	0.9238	 2.564	 2.584	 | 1.265 quantile
                      	  1.98	  1.38	 2.028	 1.929	 1.631	 1.497	 2.638	 2.264	 1.849	  1.64	 4.045	 3.783	 | 4.045 max

train losses    256:	0.2477	0.2516	0.3162	0.3054	0.3325	0.3354	0.3291	0.3264	0.4541	0.4545	0.6136	0.6115	
val losses      256:	0.1567	0.1364	0.2727	0.2755	0.2654	0.2692	0.2802	0.2885	0.4336	0.3553	 0.957	0.9586	 | 0.3874 mean
                     	0.4361	0.3627	 0.696	0.7226	 0.685	0.6941	0.7318	0.7647	 1.113	0.8955	 2.575	 2.571	 | 1.274 quantile
                      	  2.08	 1.412	  1.99	 1.909	 1.529	 1.361	 2.682	 2.301	 1.993	 1.632	 4.156	 3.855	 | 4.156 max

train losses    258:	0.2448	0.2474	0.3161	0.3046	0.3279	0.3298	0.3266	0.3249	0.4545	0.4521	0.6078	0.6039	
val losses      258:	0.1608	0.1359	0.2722	0.2752	0.2665	0.2691	0.2804	0.2889	0.4385	0.3606	0.9512	0.9512	 | 0.3876 mean
                     	0.4325	0.3576	0.6936	0.7239	0.6927	0.6889	0.7304	0.7687	 1.106	0.9318	 2.572	 2.569	 | 1.268 quantile
                      	 2.113	 1.482	 2.004	 1.906	 1.542	 1.379	 2.697	 2.322	 1.944	 1.589	  4.19	 3.877	 | 4.19 max

train losses    260:	0.2444	 0.246	 0.315	0.3035	0.3321	0.3369	0.3256	0.3236	 0.452	0.4504	0.6078	0.6053	
val losses      260:	 0.157	0.1357	0.2719	0.2747	0.2664	0.2722	0.2798	0.2881	0.4367	0.3573	0.9429	0.9481	 | 0.3859 mean
                     	0.4317	0.3545	0.6939	0.7244	0.7016	0.6954	0.7317	0.7599	 1.081	0.9236	 2.573	 2.582	 | 1.251 quantile
                      	 2.132	 1.352	 1.997	 1.909	 1.548	 1.382	 2.678	 2.298	 1.956	 1.646	  4.02	 3.738	 | 4.02 max

train losses    262:	0.2426	0.2437	0.3152	0.3036	 0.328	  0.33	0.3283	 0.326	0.4511	0.4515	 0.638	0.6345	
val losses      262:	 0.154	0.1348	0.2721	0.2746	0.2646	0.2663	0.2794	0.2867	0.4412	0.3602	0.9368	 0.944	 | 0.3846 mean
                     	0.4324	0.3553	 0.692	0.7232	0.6988	0.6833	0.7366	 0.758	 1.096	0.9375	 2.575	 2.572	 | 1.25 quantile
                      	  2.03	 1.335	  1.99	 1.912	 1.594	 1.449	 2.619	 2.234	 1.863	 1.611	 3.944	 3.633	 | 3.944 max

train losses    264:	0.2402	0.2414	0.3152	0.3035	0.3247	0.3281	0.3278	 0.325	0.4524	0.4502	0.6346	0.6331	
val losses      264:	0.1551	0.1333	0.2715	0.2741	0.2636	0.2684	0.2802	0.2876	0.4351	0.3553	0.9418	0.9527	 | 0.3849 mean
                     	0.4202	  0.35	 0.694	0.7239	0.6885	0.6832	0.7374	 0.757	 1.086	0.8996	 2.514	 2.493	 | 1.262 quantile
                      	 1.922	 1.448	 1.974	 1.915	 1.592	 1.346	 2.661	 2.262	 1.891	 1.639	 3.803	 3.692	 | 3.803 max

train losses    266:	 0.241	0.2422	 0.315	0.3034	0.3256	0.3308	0.3299	0.3287	0.4519	0.4507	0.6927	0.6882	
val losses      266:	0.1553	 0.133	0.2715	0.2741	0.2624	0.2643	0.2804	0.2875	0.4503	0.3645	0.9531	0.9615	 | 0.3882 mean
                     	0.4289	0.3508	 0.691	0.7238	0.6875	0.6823	0.7318	0.7553	 1.095	0.9488	 2.532	 2.529	 | 1.288 quantile
                      	 2.034	 1.384	 1.968	 1.918	 1.535	 1.418	  2.68	 2.304	 1.869	 1.587	 3.761	 3.682	 | 3.761 max

train losses    268:	0.2426	 0.246	0.3149	0.3037	0.3292	 0.337	0.3423	0.3416	 0.466	0.4651	0.8275	0.8244	
val losses      268:	0.1584	0.1376	0.2715	0.2741	0.2657	0.2757	0.2863	0.2934	0.4521	0.3716	0.9701	0.9798	 | 0.3947 mean
                     	0.4367	0.3562	0.6909	 0.725	0.7004	0.7034	0.7393	0.7524	 1.084	0.9266	 2.564	 2.575	 | 1.315 quantile
                      	 2.066	 1.297	 2.016	 1.963	 1.617	 1.295	  2.79	 2.418	 1.758	 1.655	  3.85	 3.705	 | 3.85 max

train losses    270:	0.2491	0.2508	0.3154	0.3045	0.3434	0.3486	0.3497	0.3484	0.4868	0.4837	0.8778	0.8743	
val losses      270:	0.1544	 0.138	0.2729	0.2758	 0.267	0.2783	  0.29	0.2971	0.4487	0.3646	 1.039	 1.052	 | 0.4065 mean
                     	0.4198	 0.354	0.6923	0.7221	 0.691	0.6981	0.7457	0.7831	  1.12	0.9268	 2.803	  2.83	 | 1.424 quantile
                      	 2.038	  1.33	 1.946	 1.927	 1.539	 1.358	 2.828	 2.454	 1.762	 1.686	 4.549	 4.541	 | 4.549 max

train losses    272:	0.2587	0.2601	0.3181	0.3075	 0.376	0.4033	0.3898	0.3935	0.4676	0.4673	0.7274	0.7285	
val losses      272:	0.1599	0.1481	0.2717	0.2748	0.2779	0.2882	0.2863	0.2954	0.4272	0.3573	 1.004	 0.997	 | 0.399 mean
                     	0.4282	0.3917	0.6896	 0.721	0.7105	0.7212	 0.752	0.7851	 1.115	0.8764	 2.529	 2.542	 | 1.311 quantile
                      	 2.142	 1.565	 1.946	 1.891	 1.593	 1.372	 2.665	 2.337	  1.78	 1.696	 4.223	 4.035	 | 4.223 max

train losses    274:	0.2776	0.2811	0.3175	0.3067	0.3624	0.3707	 0.361	0.3604	0.4682	0.4646	0.6762	0.6732	
val losses      274:	0.1867	0.1708	0.2732	0.2753	0.2955	0.2889	0.2987	0.3089	0.5122	0.4438	 1.047	 1.035	 | 0.428 mean
                     	0.5213	0.4484	0.6934	 0.727	0.8153	0.7571	0.8057	0.8421	 1.256	 1.101	 2.611	   2.6	 | 1.423 quantile
                      	 2.565	 1.771	 1.934	 1.899	  2.19	 1.625	 2.741	 2.567	 2.012	   2.1	 4.576	 4.353	 | 4.576 max

train losses    276:	0.2771	0.2723	0.3184	0.3075	0.3527	0.3559	0.3586	0.3601	 0.471	0.4658	0.7044	0.7037	
val losses      276:	0.1825	0.1481	0.2734	0.2762	0.2682	0.2701	0.2863	0.2959	 0.442	0.3629	0.9888	0.9821	 | 0.398 mean
                     	0.4763	0.3921	0.6919	0.7247	0.6885	0.6876	0.7462	0.7733	 1.106	0.9148	 2.561	  2.55	 | 1.302 quantile
                      	 2.153	 1.458	 1.956	 1.924	 1.673	  1.46	 2.692	 2.295	 2.023	 1.709	 4.356	 4.123	 | 4.356 max

train losses    278:	0.2655	0.2744	 0.317	0.3058	0.3491	0.3564	0.3466	0.3465	0.4778	0.4754	0.6504	0.6499	
val losses      278:	0.1631	0.1417	0.2711	0.2736	0.2755	0.2811	0.2821	0.2911	0.4357	0.3511	 1.032	  1.02	 | 0.4015 mean
                     	0.4502	0.3657	0.6895	0.7272	0.6869	0.7051	0.7398	0.7801	  1.12	0.8761	 2.542	 2.568	 | 1.342 quantile
                      	 1.873	 1.673	 1.917	 1.953	 1.559	  1.54	 2.455	 2.279	 1.903	 1.691	 4.602	 4.385	 | 4.602 max

train losses    280:	0.2533	0.2541	0.3154	0.3046	0.3561	0.3638	0.3365	0.3357	0.4732	0.4629	0.7156	0.7143	
val losses      280:	0.1659	0.1374	0.2712	0.2738	0.2739	0.2777	0.2878	0.2962	0.4844	0.4074	0.9953	0.9859	 | 0.4047 mean
                     	 0.468	0.3679	0.6868	0.7258	0.7154	0.6953	0.7391	0.7666	   1.2	 1.022	 2.559	 2.549	 | 1.334 quantile
                      	 1.805	  1.46	 2.009	 1.965	 1.625	 1.386	 2.755	 2.383	 2.182	  1.88	 4.316	 4.095	 | 4.316 max

train losses    282:	0.2659	0.2674	0.3148	0.3033	0.3527	0.3609	0.3318	0.3313	0.4986	0.4872	0.7413	 0.741	
val losses      282:	0.1638	0.1438	0.2711	0.2735	0.2986	0.3157	0.2799	0.2888	0.4365	0.3544	 1.015	 1.006	 | 0.4039 mean
                     	0.4509	0.3648	0.6882	0.7239	0.8071	 0.793	0.7346	 0.755	 1.107	0.9025	 2.608	 2.623	 | 1.315 quantile
                      	 1.725	 1.624	 2.037	 1.948	 1.809	 1.472	 2.732	 2.363	 1.879	 1.662	 4.324	 4.039	 | 4.324 max

train losses    284:	0.2575	0.2589	0.3151	0.3034	 0.343	0.3444	0.3291	 0.327	0.4885	0.4857	0.6955	0.6938	
val losses      284:	 0.161	0.1351	0.2715	0.2743	0.2807	0.2853	0.2813	0.2888	0.4721	0.4043	0.9895	0.9848	 | 0.4024 mean
                     	0.4534	0.3571	0.6918	0.7224	0.7536	0.7154	0.7455	0.7672	  1.19	 1.035	 2.591	  2.58	 | 1.341 quantile
                      	 1.969	 1.583	 1.966	 1.892	 1.701	  1.45	 2.543	 2.334	 2.081	 1.795	 3.939	  3.67	 | 3.939 max

train losses    286:	 0.256	0.2568	0.3142	 0.303	0.3634	0.3668	0.3269	0.3246	0.4933	 0.493	0.6449	0.6445	
val losses      286:	0.1661	0.1437	0.2718	0.2745	0.2799	0.2809	0.2785	0.2857	0.4647	0.3767	0.9522	0.9555	 | 0.3942 mean
                     	0.4479	0.3749	0.6895	0.7174	0.7484	 0.727	0.7316	0.7608	  1.16	  1.01	 2.599	 2.595	 | 1.289 quantile
                      	 2.165	 1.445	 1.963	 1.895	 1.717	 1.323	 2.607	 2.264	 2.225	 1.688	 4.124	 3.819	 | 4.124 max

train losses    288:	0.2642	0.2711	0.3145	0.3032	 0.337	0.3386	0.3256	0.3255	0.5516	0.5473	0.6841	0.6809	
val losses      288:	0.1592	0.1446	0.2719	0.2746	0.2711	0.2694	0.2778	0.2852	0.4646	0.3895	0.9405	0.9414	 | 0.3908 mean
                     	0.4613	0.3954	0.6899	0.7146	0.6948	 0.683	0.7316	0.7672	 1.169	0.9751	 2.528	 2.497	 | 1.267 quantile
                      	 2.113	  1.48	 2.009	 1.902	 1.655	   1.4	 2.749	 2.343	 1.877	 1.815	 4.134	 3.836	 | 4.134 max

train losses    290:	0.2645	0.2674	 0.315	0.3033	0.3378	0.3389	0.3289	0.3271	0.5499	0.5473	0.6299	 0.626	
val losses      290:	0.1699	0.1594	0.2723	0.2748	0.2698	0.2691	0.2813	 0.288	0.4797	0.3952	 0.947	0.9475	 | 0.3962 mean
                     	0.5005	0.4332	0.6925	0.7193	0.6859	0.6925	0.7448	0.7772	  1.22	 1.002	 2.552	 2.543	 | 1.297 quantile
                      	 2.098	 1.481	 1.958	 1.889	  1.69	 1.501	 2.547	 2.369	 1.952	 1.841	 4.108	 3.808	 | 4.108 max

train losses    292:	0.2556	0.2592	0.3153	0.3033	0.3279	0.3306	0.3289	 0.328	0.4897	0.4871	 0.637	0.6337	
val losses      292:	0.1559	0.1431	0.2718	0.2745	0.2675	0.2673	  0.28	 0.288	0.4482	0.3557	0.9473	0.9529	 | 0.3877 mean
                     	0.4375	0.3767	0.6922	0.7173	0.6933	0.6897	0.7455	0.7653	 1.121	0.9255	  2.58	 2.578	 | 1.29 quantile
                      	 2.076	 1.344	 1.943	 1.874	 1.558	 1.415	 2.573	 2.356	 2.177	 1.703	  3.83	 3.682	 | 3.83 max

train losses    294:	0.2484	0.2504	0.3141	0.3026	0.3256	0.3282	0.3279	0.3263	0.4624	0.4615	0.6758	0.6722	
val losses      294:	0.1555	0.1546	0.2713	 0.274	0.2677	0.2701	0.2788	0.2858	0.4417	0.3609	0.9386	0.9445	 | 0.3869 mean
                     	0.4346	0.4037	0.6933	0.7183	0.6733	0.6895	0.7265	0.7618	 1.126	0.9095	 2.551	 2.537	 | 1.256 quantile
                      	 1.888	 1.409	 1.987	 1.876	 1.597	 1.376	 2.691	 2.346	 1.995	 1.818	 3.948	 3.804	 | 3.948 max

train losses    296:	0.2468	0.2494	0.3135	0.3016	0.3256	0.3273	0.3236	0.3217	0.4643	0.4668	0.6288	0.6256	
val losses      296:	0.1657	0.1417	0.2709	0.2736	0.2796	 0.283	0.2783	0.2867	 0.449	0.3713	 0.927	0.9353	 | 0.3885 mean
                     	0.4358	0.3601	 0.688	0.7235	0.7446	0.7216	0.7194	0.7512	 1.136	0.9703	  2.48	 2.488	 | 1.247 quantile
                      	 2.169	 1.292	 1.998	 1.901	 1.724	 1.233	 2.682	 2.307	 1.905	 1.653	 3.711	 3.649	 | 3.711 max

train losses    298:	0.2462	0.2496	0.3136	0.3015	0.3294	0.3321	0.3242	0.3224	0.4642	0.4658	0.7433	0.7386	
val losses      298:	0.1524	0.1347	0.2711	0.2735	0.2678	0.2657	0.2796	0.2873	 0.453	0.3826	0.9415	0.9496	 | 0.3882 mean
                     	0.4191	0.3547	0.6887	0.7242	0.6931	 0.672	0.7158	0.7493	 1.146	0.9658	 2.525	 2.526	 | 1.285 quantile
                      	 1.949	 1.478	 1.999	 1.921	 1.722	 1.454	 2.634	 2.258	 1.965	 1.866	 3.712	 3.639	 | 3.712 max

