train losses      0:	0.7739	0.7452	0.7169	0.5947	0.8402	 0.875	0.7191	0.6079	 1.638	 1.693	 1.527	 1.548	
val losses        0:	 1.321	 0.869	0.7198	0.6993	 0.908	0.9617	 1.396	0.9612	 2.975	 1.464	 2.907	 2.314	 | 1.458 mean
                     	 2.507	 2.414	 1.733	  1.64	 2.189	 2.221	 2.505	 1.999	 5.903	 3.988	 6.425	 5.781	 | 4.199 quantile
                      	 5.249	 7.457	 3.851	 3.655	 5.009	 4.892	 4.269	 3.724	  9.12	 7.684	 9.756	 9.822	 | 9.822 max

train losses      2:	  0.55	0.5739	0.4339	0.4238	0.6959	0.7309	0.5284	0.5103	 1.532	 1.588	 1.439	 1.457	
val losses        2:	0.5129	0.6274	0.4759	0.4606	0.5564	0.6493	0.5945	0.4889	 1.262	 1.382	 1.698	 1.724	 | 0.8694 mean
                     	 1.396	 1.733	 1.221	 1.183	 1.603	 1.788	 1.517	 1.411	 3.693	 3.825	 4.775	  4.87	 | 2.889 quantile
                      	 4.955	  6.09	 3.211	 3.292	 3.814	 3.877	 2.929	 3.238	   6.2	 6.939	 7.824	 8.081	 | 8.081 max

train losses      4:	0.4911	0.5419	0.3882	0.3873	0.6654	 0.707	0.4908	0.4943	 1.472	 1.555	 1.421	 1.438	
val losses        4:	0.4368	 0.573	0.4385	0.4285	0.5208	0.5986	 0.488	0.4756	 1.202	  1.36	 1.675	 1.704	 | 0.8251 mean
                     	  1.24	 1.629	 1.155	 1.129	 1.511	 1.699	 1.379	 1.384	 3.521	 3.773	 4.759	 4.844	 | 2.824 quantile
                      	 4.265	 6.173	 3.073	  3.14	  3.78	 3.482	 3.081	 3.259	 5.838	 6.632	 7.756	  7.78	 | 7.78 max

train losses      6:	0.4944	0.5187	0.3739	 0.377	0.6374	0.6903	0.4832	0.4862	 1.431	 1.521	 1.405	 1.424	
val losses        6:	0.4027	0.5469	0.4321	0.4196	0.4985	0.5817	0.4682	0.4596	 1.164	 1.328	 1.654	 1.685	 | 0.8033 mean
                     	 1.157	 1.558	 1.141	 1.111	 1.449	 1.645	 1.335	 1.358	 3.341	 3.716	 4.716	 4.811	 | 2.763 quantile
                      	  4.19	 6.127	 3.016	 3.091	 3.518	 3.191	  2.78	 3.233	 5.931	 6.549	 7.557	 7.671	 | 7.671 max

train losses      8:	 0.484	0.5023	 0.368	0.3713	0.6157	0.6773	0.4742	0.4816	 1.381	 1.486	 1.387	 1.411	
val losses        8:	0.3892	 0.533	0.4288	0.4158	0.4819	 0.574	0.4685	0.4544	 1.119	 1.296	 1.634	 1.669	 | 0.7886 mean
                     	 1.126	 1.521	  1.14	  1.11	   1.4	 1.625	 1.326	 1.353	 3.215	 3.646	 4.679	 4.787	 | 2.704 quantile
                      	 4.028	  6.01	 2.998	 3.065	 3.444	 3.145	 2.719	 3.196	 5.629	   6.5	 7.488	 7.586	 | 7.586 max

train losses     10:	0.4625	0.4889	0.3679	0.3693	0.6012	0.6662	0.4703	0.4788	 1.326	  1.45	 1.368	   1.4	
val losses       10:	0.3777	0.5244	0.4281	 0.415	0.4688	0.5643	0.4726	0.4527	 1.067	 1.264	 1.612	 1.655	 | 0.7751 mean
                     	 1.087	 1.484	 1.136	 1.099	  1.37	 1.599	 1.316	 1.353	 3.094	 3.542	 4.645	  4.76	 | 2.647 quantile
                      	 3.914	 5.917	 2.982	 3.061	 3.333	 3.051	 2.705	 3.186	 5.285	  6.42	 7.432	 7.492	 | 7.492 max

train losses     12:	0.4532	0.4866	0.3721	0.3734	0.5901	0.6575	  0.48	0.4798	 1.281	 1.418	 1.353	 1.389	
val losses       12:	0.3677	0.5182	0.4284	0.4154	0.4563	  0.56	0.4761	0.4529	 1.029	 1.233	 1.594	  1.64	 | 0.7642 mean
                     	 1.065	  1.46	 1.132	 1.107	 1.339	 1.583	 1.313	 1.344	 2.971	 3.436	 4.608	 4.755	 | 2.592 quantile
                      	 3.846	 5.846	 2.947	 3.045	 3.234	 3.046	 2.724	 3.147	 5.105	 6.397	  7.34	 7.436	 | 7.436 max

train losses     14:	0.4417	 0.483	0.3747	0.3761	0.5776	0.6513	0.4767	0.4804	 1.239	 1.385	 1.337	  1.38	
val losses       14:	0.3574	0.5116	0.4274	0.4145	 0.443	0.5536	0.4706	 0.452	0.9869	 1.202	 1.577	 1.625	 | 0.7517 mean
                     	 1.032	 1.443	 1.129	  1.11	 1.302	 1.563	 1.291	 1.331	 2.844	 3.336	 4.579	 4.729	 | 2.545 quantile
                      	 3.796	 5.692	 2.977	 3.065	 3.143	 2.998	 2.815	 3.144	 4.866	 6.245	 7.308	 7.372	 | 7.372 max

train losses     16:	0.4342	0.4789	 0.375	0.3769	0.5644	0.6456	0.4711	0.4794	 1.199	 1.347	 1.322	 1.369	
val losses       16:	0.3494	0.5064	0.4268	0.4133	0.4332	 0.547	0.4681	0.4508	0.9471	 1.168	 1.559	  1.61	 | 0.7399 mean
                     	 1.004	 1.423	 1.135	 1.106	 1.278	 1.548	 1.277	 1.324	  2.72	 3.226	 4.519	 4.703	 | 2.496 quantile
                      	 3.756	 5.617	 2.962	  3.07	 3.015	  3.01	 2.813	 3.104	 4.638	 6.105	 7.221	 7.346	 | 7.346 max

train losses     18:	 0.427	 0.474	0.3746	0.3765	0.5547	0.6371	0.4675	0.4786	 1.158	 1.311	 1.311	  1.36	
val losses       18:	0.3427	0.5013	0.4259	0.4121	0.4241	0.5372	0.4674	0.4492	0.8971	 1.132	 1.541	 1.595	 | 0.7271 mean
                     	0.9794	 1.403	 1.128	 1.106	 1.265	 1.525	 1.266	 1.319	 2.598	 3.122	 4.467	 4.663	 | 2.445 quantile
                      	   3.7	 5.532	  2.97	 3.075	 2.888	 3.026	 2.786	 3.121	 4.339	 5.953	 7.153	 7.292	 | 7.292 max

train losses     20:	0.4209	0.4715	0.3763	0.3785	0.5481	0.6314	0.4675	0.4782	 1.115	 1.274	 1.298	 1.349	
val losses       20:	0.3353	0.4955	0.4252	0.4105	0.4151	0.5307	0.4663	0.4476	0.8557	 1.096	 1.525	  1.58	 | 0.7152 mean
                     	0.9581	 1.389	 1.126	 1.104	 1.227	 1.509	 1.255	 1.311	 2.519	 3.026	 4.408	 4.629	 | 2.402 quantile
                      	  3.64	 5.468	 2.972	 3.058	 2.835	 3.003	 2.805	 3.087	 4.067	 5.838	 7.053	 7.234	 | 7.234 max

train losses     22:	0.4165	0.4676	0.3779	0.3801	 0.543	0.6246	0.4694	0.4785	 1.082	 1.242	 1.285	 1.338	
val losses       22:	0.3293	0.4908	0.4246	0.4097	0.4079	0.5222	0.4667	0.4467	0.8237	 1.063	 1.509	 1.565	 | 0.7049 mean
                     	0.9437	 1.364	 1.127	 1.111	 1.206	  1.49	 1.246	 1.304	 2.431	 2.931	 4.361	 4.584	 | 2.364 quantile
                      	 3.558	 5.412	 2.959	 3.069	 2.786	 2.976	 2.787	 3.076	 3.861	 5.749	  6.98	 7.182	 | 7.182 max

train losses     24:	0.4136	0.4658	0.3792	0.3818	0.5375	0.6181	0.4702	0.4781	 1.042	 1.208	 1.274	 1.329	
val losses       24:	0.3242	0.4864	0.4246	 0.409	 0.401	0.5155	0.4663	0.4453	0.7935	  1.03	 1.495	 1.551	 | 0.6952 mean
                     	0.9265	 1.359	 1.124	 1.102	 1.192	 1.479	 1.251	 1.305	 2.349	 2.827	 4.304	 4.538	 | 2.323 quantile
                      	 3.507	 5.314	 2.966	 3.045	 2.713	  2.96	 2.764	 3.067	 3.736	  5.65	 6.935	 7.123	 | 7.123 max

train losses     26:	  0.41	0.4627	0.3803	0.3836	0.5308	0.6102	0.4705	0.4788	0.9964	 1.172	 1.262	 1.319	
val losses       26:	0.3194	0.4814	0.4241	0.4086	0.3956	0.5079	0.4667	0.4439	0.7612	0.9982	 1.481	 1.537	 | 0.6855 mean
                     	0.9103	  1.34	 1.122	   1.1	 1.178	 1.457	 1.245	 1.298	 2.248	 2.737	 4.264	 4.498	 | 2.279 quantile
                      	  3.45	 5.262	 2.964	 3.068	  2.65	 2.953	 2.751	 3.052	 3.629	 5.534	 6.812	  7.03	 | 7.03 max

train losses     28:	0.4074	0.4594	 0.382	0.3842	0.5282	0.6048	0.4722	0.4789	0.9593	 1.136	 1.254	  1.31	
val losses       28:	0.3146	0.4763	0.4237	0.4079	0.3908	 0.502	 0.467	0.4429	0.7361	0.9695	 1.468	 1.523	 | 0.6768 mean
                     	 0.894	 1.326	  1.12	 1.105	 1.168	 1.441	 1.245	 1.291	 2.149	 2.649	 4.217	 4.446	 | 2.238 quantile
                      	 3.388	 5.219	 2.954	 3.044	 2.599	 2.917	 2.738	 3.034	 3.485	 5.412	 6.759	 6.989	 | 6.989 max

train losses     30:	0.4044	0.4574	0.3842	0.3861	0.5251	0.5991	0.4717	0.4789	0.9264	 1.105	 1.244	 1.301	
val losses       30:	0.3104	0.4715	0.4237	0.4074	0.3867	0.4958	0.4663	0.4417	0.7134	0.9436	 1.456	  1.51	 | 0.6688 mean
                     	0.8836	 1.321	 1.117	 1.106	  1.16	 1.433	 1.247	 1.291	 2.076	 2.559	  4.18	 4.404	 | 2.198 quantile
                      	 3.335	 5.147	  2.98	 3.067	 2.548	 2.909	 2.751	 3.008	 3.372	 5.305	 6.688	 6.941	 | 6.941 max

train losses     32:	0.4027	0.4556	 0.386	0.3896	0.5231	0.5935	0.4724	 0.479	0.8988	 1.076	 1.235	 1.291	
val losses       32:	 0.306	 0.467	0.4237	0.4075	0.3834	0.4885	0.4659	  0.44	0.6713	0.9108	 1.442	 1.497	 | 0.6585 mean
                     	0.8739	 1.308	 1.117	 1.104	 1.152	 1.411	 1.242	 1.282	 2.019	 2.483	 4.154	 4.362	 | 2.162 quantile
                      	 3.293	 5.107	 2.961	 3.046	 2.536	 2.896	 2.727	 2.998	 3.279	 5.208	 6.626	 6.912	 | 6.912 max

train losses     34:	0.4018	0.4551	0.3898	0.3931	0.5232	0.5893	0.4777	0.4811	0.9108	 1.067	 1.231	 1.283	
val losses       34:	0.3032	0.4619	0.4243	0.4079	0.3801	0.4799	0.4644	0.4382	 0.612	 0.872	 1.425	 1.484	 | 0.6461 mean
                     	0.8582	 1.291	 1.116	  1.11	 1.132	  1.38	 1.234	  1.27	 1.911	 2.441	 4.093	 4.309	 | 2.135 quantile
                      	 3.255	 5.111	 2.934	  3.02	 2.543	 2.922	   2.7	 2.968	 3.344	 5.059	 6.531	 6.845	 | 6.845 max

train losses     36:	 0.404	0.4532	0.3921	0.3964	0.5226	0.5841	0.4765	0.4814	 0.921	 1.059	 1.221	 1.276	
val losses       36:	0.3021	0.4577	0.4247	0.4098	0.3827	 0.474	0.4629	0.4356	 0.676	0.8791	 1.409	 1.472	 | 0.6488 mean
                     	0.8474	 1.273	 1.109	 1.113	 1.116	 1.371	 1.228	 1.259	 1.862	 2.407	 4.055	 4.287	 | 2.119 quantile
                      	 3.213	 5.077	 2.961	 3.038	 2.627	 2.967	 2.766	  2.96	 3.351	 4.897	 6.554	  6.81	 | 6.81 max

train losses     38:	0.3979	0.4483	 0.392	0.3956	0.5179	0.5774	 0.476	  0.48	0.8343	0.9985	  1.21	 1.264	
val losses       38:	0.2969	0.4526	0.4242	0.4102	0.3821	0.4699	0.4633	0.4348	0.6529	0.8565	   1.4	  1.46	 | 0.6419 mean
                     	0.8319	 1.257	 1.113	 1.111	 1.107	 1.361	 1.229	 1.265	 1.801	  2.34	  4.03	 4.247	 | 2.087 quantile
                      	 3.168	 5.019	 2.975	 3.032	 2.613	 2.942	 2.743	 2.954	 3.197	   4.8	 6.524	 6.787	 | 6.787 max

train losses     40:	0.3956	0.4446	0.3925	0.3968	0.5142	0.5705	0.4768	0.4791	 0.795	0.9665	 1.203	 1.257	
val losses       40:	0.2938	0.4484	0.4239	0.4102	0.3788	0.4638	0.4626	0.4335	0.6126	0.8257	  1.39	 1.449	 | 0.6327 mean
                     	0.8243	 1.249	 1.112	 1.109	 1.109	  1.34	 1.229	 1.255	 1.745	 2.261	   4.0	   4.2	 | 2.052 quantile
                      	  3.14	 4.954	 2.959	  3.02	 2.573	 2.906	 2.742	 2.949	 3.108	 4.716	 6.484	 6.755	 | 6.755 max

train losses     42:	 0.393	0.4432	0.3939	0.3972	0.5133	0.5667	0.4781	0.4789	0.7707	0.9417	 1.197	 1.249	
val losses       42:	 0.289	0.4441	 0.424	0.4104	0.3759	0.4587	0.4617	0.4325	0.5826	 0.798	 1.381	 1.438	 | 0.6247 mean
                     	0.8152	 1.239	 1.115	 1.115	 1.099	 1.322	 1.223	 1.253	 1.688	 2.192	 3.971	 4.161	 | 2.026 quantile
                      	 3.094	 4.916	  2.96	 3.042	 2.545	 2.863	 2.728	 2.936	  3.04	 4.659	 6.418	 6.679	 | 6.679 max

train losses     44:	0.3926	0.4414	0.3955	0.3998	0.5125	0.5634	0.4781	0.4797	0.7536	0.9198	 1.188	 1.241	
val losses       44:	0.2853	0.4402	0.4238	0.4102	0.3729	0.4537	  0.46	 0.431	0.5587	0.7732	 1.371	 1.428	 | 0.6174 mean
                     	0.8045	 1.222	 1.108	 1.109	 1.093	 1.306	 1.217	 1.254	 1.652	 2.126	 3.944	 4.127	 | 2.004 quantile
                      	 3.036	 4.842	 2.949	 3.038	 2.491	 2.854	 2.727	 2.924	 3.011	 4.597	 6.375	 6.656	 | 6.656 max

train losses     46:	0.3908	0.4389	 0.397	0.4014	0.5103	0.5596	0.4791	0.4796	0.7371	0.8992	 1.185	 1.234	
val losses       46:	0.2819	0.4357	0.4235	0.4096	0.3699	0.4482	0.4588	0.4295	0.5357	0.7497	 1.363	 1.418	 | 0.6103 mean
                     	0.7978	  1.21	 1.113	 1.109	 1.095	 1.294	 1.214	 1.246	 1.609	  2.07	  3.92	 4.095	 | 1.978 quantile
                      	 2.981	 4.793	 2.973	 3.031	 2.474	 2.823	 2.699	 2.901	 2.923	 4.521	 6.331	 6.624	 | 6.624 max

train losses     48:	0.3893	0.4373	0.3975	0.4017	0.5097	0.5547	0.4794	  0.48	0.7229	0.8785	 1.179	 1.226	
val losses       48:	0.2787	0.4313	0.4237	0.4093	0.3671	0.4436	 0.458	0.4283	 0.518	 0.727	 1.354	 1.409	 | 0.604 mean
                     	0.7846	 1.192	 1.112	 1.108	 1.083	 1.284	 1.216	 1.243	 1.554	 2.014	 3.895	 4.057	 | 1.953 quantile
                      	 2.939	 4.745	 2.957	 3.022	 2.482	   2.8	 2.705	 2.872	  2.81	 4.472	 6.265	 6.591	 | 6.591 max

train losses     50:	0.3895	0.4366	0.3989	0.4032	0.5083	0.5519	0.4798	0.4786	0.7111	0.8608	 1.172	  1.22	
val losses       50:	0.2756	0.4279	0.4232	0.4095	0.3655	0.4393	0.4568	0.4275	0.5051	0.7081	 1.347	   1.4	 | 0.5988 mean
                     	0.7721	 1.183	 1.114	 1.109	 1.078	 1.267	 1.213	 1.241	 1.508	 1.956	 3.864	 4.024	 | 1.935 quantile
                      	 2.884	 4.709	 2.959	  3.01	  2.45	 2.749	 2.698	 2.855	 2.749	 4.409	 6.225	 6.551	 | 6.551 max

train losses     52:	0.3874	0.4333	0.3999	0.4035	0.5073	0.5474	0.4795	0.4791	0.7003	0.8442	 1.168	 1.213	
val losses       52:	0.2728	0.4239	0.4233	0.4096	0.3642	0.4341	0.4555	 0.426	0.4944	0.6898	 1.339	 1.391	 | 0.5936 mean
                     	0.7639	 1.176	 1.111	 1.104	 1.071	  1.25	 1.209	 1.234	 1.468	 1.912	  3.84	 3.987	 | 1.917 quantile
                      	  2.83	 4.657	 2.955	 3.012	 2.452	 2.724	 2.682	 2.826	 2.678	 4.356	 6.139	 6.505	 | 6.505 max

train losses     54:	0.3865	0.4322	0.4001	0.4043	0.5065	0.5433	0.4797	0.4787	 0.693	  0.83	 1.162	 1.207	
val losses       54:	0.2699	0.4193	0.4231	0.4089	0.3628	0.4295	0.4549	0.4254	0.4811	 0.671	 1.332	 1.382	 | 0.5883 mean
                     	0.7614	 1.156	 1.109	 1.105	 1.069	 1.242	 1.205	 1.229	 1.434	 1.869	 3.825	 3.951	 | 1.897 quantile
                      	 2.809	 4.624	  2.97	 2.999	 2.435	 2.699	 2.688	 2.831	 2.577	 4.317	 6.103	 6.509	 | 6.509 max

train losses     56:	0.3864	0.4287	0.4022	0.4051	0.5062	 0.539	0.4785	0.4771	0.6936	0.8234	 1.156	   1.2	
val losses       56:	0.2683	0.4164	0.4228	0.4083	0.3622	0.4252	0.4544	0.4245	 0.481	0.6589	 1.328	 1.375	 | 0.5854 mean
                     	0.7559	  1.15	 1.109	 1.108	 1.071	 1.223	 1.196	  1.23	 1.418	  1.82	 3.799	 3.931	 | 1.883 quantile
                      	 2.752	 4.566	 2.963	 3.027	 2.389	 2.662	  2.69	 2.822	 2.516	  4.29	 6.111	 6.488	 | 6.488 max

train losses     58:	0.3862	  0.43	0.4032	0.4063	0.5069	0.5361	0.4807	0.4797	0.7006	0.8197	 1.151	 1.194	
val losses       58:	0.2665	0.4132	0.4226	 0.408	0.3615	0.4213	0.4539	0.4239	0.4893	0.6527	 1.321	 1.366	 | 0.5833 mean
                     	0.7485	 1.141	 1.111	 1.109	 1.068	 1.209	 1.201	  1.23	 1.404	 1.796	 3.775	 3.901	 | 1.877 quantile
                      	  2.73	 4.516	 2.968	 3.017	 2.375	 2.622	 2.684	  2.82	 2.404	  4.23	 6.018	 6.489	 | 6.489 max

train losses     60:	0.3855	0.4275	0.4032	0.4073	 0.505	0.5324	0.4804	0.4791	0.6969	0.8086	 1.147	 1.188	
val losses       60:	0.2633	0.4089	0.4222	0.4077	0.3598	0.4172	0.4526	0.4227	0.4793	0.6372	 1.313	 1.357	 | 0.5784 mean
                     	0.7406	 1.126	 1.112	 1.105	 1.058	 1.195	 1.198	 1.227	 1.375	 1.756	 3.746	 3.869	 | 1.86 quantile
                      	 2.674	 4.482	 2.971	 2.982	 2.384	 2.597	 2.679	 2.817	 2.399	 4.161	 5.994	  6.43	 | 6.43 max

train losses     62:	0.3845	 0.424	 0.403	0.4076	0.5034	0.5294	0.4784	0.4768	0.6732	0.7881	 1.141	 1.181	
val losses       62:	0.2607	0.4046	0.4222	0.4079	 0.358	0.4137	0.4505	0.4211	0.4651	0.6225	 1.303	 1.349	 | 0.5732 mean
                     	 0.734	 1.116	 1.108	 1.102	 1.058	 1.184	 1.198	 1.217	 1.332	 1.706	 3.717	 3.842	 | 1.84 quantile
                      	 2.659	 4.437	 2.949	 3.004	 2.348	 2.572	 2.654	 2.807	 2.391	 4.104	 5.994	 6.406	 | 6.406 max

train losses     64:	0.3832	 0.423	0.4053	0.4076	0.5021	0.5256	0.4805	0.4783	0.6609	0.7731	 1.138	 1.177	
val losses       64:	0.2589	0.4019	0.4222	0.4076	0.3548	  0.41	0.4486	 0.419	0.4522	0.6078	 1.297	 1.342	 | 0.5685 mean
                     	0.7249	 1.111	 1.106	 1.105	 1.042	 1.166	 1.189	 1.214	 1.299	 1.662	 3.698	 3.816	 | 1.824 quantile
                      	  2.61	 4.426	 2.938	 2.977	 2.378	 2.585	 2.628	 2.784	 2.416	 4.045	 5.948	 6.374	 | 6.374 max

train losses     66:	0.3819	0.4209	0.4051	0.4073	0.5005	0.5235	0.4797	0.4774	0.6538	0.7624	 1.132	 1.169	
val losses       66:	0.2559	0.3977	0.4222	0.4075	0.3531	0.4069	0.4471	0.4182	0.4464	0.5983	  1.29	 1.336	 | 0.5649 mean
                     	0.7202	 1.096	 1.108	 1.103	 1.032	 1.155	  1.19	 1.213	 1.285	 1.629	 3.672	 3.792	 | 1.818 quantile
                      	 2.591	 4.361	 2.925	 2.989	 2.355	 2.576	 2.613	 2.738	 2.414	 3.965	 5.884	 6.336	 | 6.336 max

train losses     68:	0.3809	  0.42	0.4048	0.4088	   0.5	0.5205	0.4787	0.4762	0.6485	 0.752	 1.128	 1.165	
val losses       68:	0.2545	0.3952	0.4219	0.4073	0.3515	0.4037	0.4455	 0.417	0.4421	0.5892	 1.285	 1.329	 | 0.5618 mean
                     	0.7123	 1.092	 1.104	 1.101	 1.027	 1.139	 1.185	 1.211	 1.264	 1.597	  3.65	 3.773	 | 1.808 quantile
                      	 2.582	 4.343	 2.932	 2.986	 2.356	 2.545	 2.621	 2.737	 2.391	 3.937	 5.856	 6.313	 | 6.313 max

train losses     70:	0.3808	0.4183	0.4058	0.4087	0.4981	0.5169	0.4784	0.4762	0.6436	0.7453	 1.127	 1.161	
val losses       70:	 0.253	0.3923	0.4221	0.4072	0.3501	0.4005	0.4444	0.4156	0.4413	 0.584	  1.28	 1.324	 | 0.5595 mean
                     	0.7093	 1.083	  1.11	 1.101	 1.019	 1.124	 1.181	 1.204	 1.259	 1.572	 3.623	 3.754	 | 1.801 quantile
                      	 2.544	 4.303	 2.952	  2.99	 2.349	 2.515	 2.592	 2.713	 2.347	 3.895	 5.812	 6.296	 | 6.296 max

train losses     72:	0.3794	0.4156	0.4056	0.4089	0.4976	0.5145	0.4775	0.4753	0.6394	0.7365	 1.122	 1.155	
val losses       72:	0.2515	0.3893	0.4217	 0.407	0.3494	0.3977	0.4428	0.4145	0.4369	0.5734	 1.274	 1.317	 | 0.5563 mean
                     	0.7046	  1.08	 1.106	 1.098	 1.013	 1.115	 1.181	 1.201	 1.236	 1.543	 3.601	 3.732	 | 1.795 quantile
                      	 2.525	 4.267	 2.928	 2.973	 2.328	 2.494	 2.589	  2.71	  2.33	 3.852	 5.802	 6.249	 | 6.249 max

train losses     74:	0.3781	0.4149	0.4064	0.4103	0.4977	0.5131	0.4769	0.4739	0.6353	0.7266	 1.119	  1.15	
val losses       74:	0.2491	0.3861	0.4215	0.4064	0.3467	0.3945	0.4418	0.4134	0.4327	0.5644	 1.271	 1.313	 | 0.5534 mean
                     	0.6968	 1.068	 1.105	 1.098	 1.008	 1.101	 1.181	 1.201	 1.216	 1.525	 3.577	 3.725	 | 1.787 quantile
                      	 2.499	 4.229	 2.943	 2.967	   2.3	 2.472	 2.557	  2.69	 2.295	 3.815	 5.733	 6.208	 | 6.208 max

train losses     76:	0.3788	0.4145	0.4074	0.4101	0.4949	0.5113	0.4773	0.4743	 0.631	0.7192	 1.113	 1.146	
val losses       76:	0.2476	0.3834	0.4213	0.4058	0.3459	0.3928	  0.44	0.4127	0.4287	0.5568	 1.265	 1.307	 | 0.5506 mean
                     	0.6857	 1.059	 1.101	 1.098	 1.007	  1.09	 1.174	 1.198	 1.208	 1.497	  3.57	  3.69	 | 1.779 quantile
                      	 2.456	 4.177	  2.95	 2.972	 2.316	  2.44	 2.566	  2.67	 2.265	 3.775	 5.683	 6.223	 | 6.223 max

train losses     78:	0.3773	0.4122	0.4069	0.4091	0.4934	0.5077	0.4761	0.4738	0.6294	0.7146	 1.111	 1.141	
val losses       78:	0.2465	0.3812	0.4212	0.4064	 0.344	0.3899	0.4395	0.4117	0.4275	0.5502	 1.261	 1.302	 | 0.5484 mean
                     	0.6786	 1.052	 1.098	 1.098	 1.003	 1.081	 1.173	  1.19	 1.193	  1.48	 3.546	 3.675	 | 1.775 quantile
                      	 2.451	 4.166	  2.93	 2.971	 2.303	 2.432	  2.54	 2.668	  2.23	 3.736	 5.672	 6.205	 | 6.205 max

train losses     80:	0.3776	0.4106	0.4066	0.4093	0.4942	0.5063	0.4755	0.4725	0.6265	0.7103	 1.109	 1.138	
val losses       80:	0.2449	0.3786	 0.421	0.4054	0.3422	0.3869	0.4381	0.4107	0.4234	0.5414	 1.257	 1.297	 | 0.5456 mean
                     	0.6768	 1.043	 1.106	 1.094	0.9962	 1.072	 1.171	 1.185	 1.184	 1.469	 3.534	 3.655	 | 1.769 quantile
                      	 2.429	 4.138	 2.929	 2.969	 2.274	 2.416	 2.513	 2.658	 2.193	 3.703	  5.67	 6.155	 | 6.155 max

train losses     82:	0.3761	0.4095	0.4066	0.4092	0.4945	 0.503	0.4747	0.4724	0.6277	0.7043	 1.105	 1.135	
val losses       82:	0.2441	0.3756	0.4208	0.4055	0.3412	0.3846	0.4374	0.4101	0.4214	0.5335	 1.254	 1.293	 | 0.5434 mean
                     	0.6704	 1.038	 1.104	 1.095	0.9929	 1.062	 1.163	 1.185	 1.172	 1.451	 3.517	  3.64	 | 1.765 quantile
                      	 2.393	  4.08	 2.933	 2.972	 2.252	 2.396	 2.479	 2.645	 2.166	 3.665	  5.61	 6.127	 | 6.127 max

train losses     84:	 0.377	0.4086	0.4076	0.4103	0.4935	0.5037	0.4748	0.4713	 0.626	0.6994	 1.102	  1.13	
val losses       84:	 0.242	0.3725	0.4205	0.4049	  0.34	0.3823	0.4361	0.4088	0.4179	0.5261	 1.249	 1.288	 | 0.5406 mean
                     	0.6665	 1.027	 1.101	 1.091	0.9906	 1.051	 1.158	 1.178	 1.168	 1.438	 3.492	 3.623	 | 1.758 quantile
                      	 2.355	 4.054	 2.926	 2.961	 2.249	 2.382	 2.488	 2.635	 2.204	 3.646	 5.609	 6.109	 | 6.109 max

train losses     86:	0.3763	0.4072	0.4075	0.4095	0.4923	0.5001	0.4737	0.4708	0.6302	 0.698	 1.102	 1.126	
val losses       86:	0.2415	0.3712	0.4203	0.4045	0.3388	0.3794	 0.435	0.4084	0.4177	0.5195	 1.245	 1.283	 | 0.5387 mean
                     	 0.666	 1.019	 1.103	 1.094	0.9905	 1.039	 1.162	 1.178	 1.158	 1.423	 3.485	 3.605	 | 1.753 quantile
                      	  2.35	 4.034	 2.926	 2.956	 2.217	 2.366	  2.49	  2.63	 2.174	 3.633	 5.587	 6.086	 | 6.086 max

train losses     88:	0.3747	0.4048	0.4074	0.4091	0.4914	0.4985	 0.474	0.4707	0.6336	0.6985	 1.099	 1.124	
val losses       88:	0.2404	0.3684	  0.42	0.4043	0.3376	0.3768	0.4333	0.4076	 0.416	 0.515	 1.241	 1.278	 | 0.5365 mean
                     	0.6606	 1.011	 1.105	 1.091	0.9872	 1.032	 1.159	 1.172	 1.151	 1.411	 3.464	 3.584	 | 1.747 quantile
                      	 2.317	 4.017	 2.915	 2.946	 2.188	 2.345	  2.47	 2.609	 2.165	 3.593	 5.566	 6.048	 | 6.048 max

train losses     90:	0.3758	0.4038	0.4076	0.4076	0.4917	0.4958	0.4752	0.4702	0.6364	0.6981	 1.095	  1.12	
val losses       90:	0.2385	0.3653	  0.42	0.4038	0.3364	0.3743	0.4322	0.4069	0.4186	0.5099	 1.236	 1.273	 | 0.5346 mean
                     	0.6588	 1.007	 1.103	 1.091	0.9832	 1.023	 1.157	 1.172	 1.156	 1.406	 3.444	  3.56	 | 1.739 quantile
                      	 2.294	 3.959	 2.912	 2.944	 2.173	 2.325	 2.466	 2.585	 2.158	 3.561	 5.555	 6.055	 | 6.055 max

train losses     92:	 0.376	0.4032	0.4077	0.4098	0.4916	0.4956	0.4729	0.4703	0.6389	0.6972	 1.093	 1.116	
val losses       92:	0.2375	0.3636	0.4196	0.4034	0.3362	0.3723	0.4311	 0.406	0.4238	0.5076	 1.232	 1.269	 | 0.5335 mean
                     	0.6521	   1.0	 1.103	 1.092	0.9828	 1.014	 1.156	 1.173	  1.16	 1.396	 3.439	 3.545	 | 1.735 quantile
                      	 2.279	  3.95	 2.903	 2.925	 2.156	  2.32	 2.442	 2.581	 2.115	 3.556	 5.538	 6.021	 | 6.021 max

train losses     94:	0.3736	 0.402	 0.407	  0.41	0.4894	0.4935	0.4718	 0.469	0.6273	0.6863	  1.09	 1.114	
val losses       94:	0.2368	0.3617	0.4196	0.4034	0.3339	0.3698	0.4295	0.4053	0.4178	0.5018	 1.228	 1.265	 | 0.5311 mean
                     	0.6454	0.9919	 1.098	 1.091	0.9761	  1.01	 1.148	 1.166	 1.136	 1.377	 3.415	 3.539	 | 1.725 quantile
                      	  2.25	 3.931	 2.904	 2.939	 2.132	 2.297	  2.43	  2.57	 2.107	 3.522	 5.498	 6.012	 | 6.012 max

train losses     96:	0.3739	0.4005	0.4085	0.4083	0.4871	0.4901	0.4719	 0.468	 0.624	0.6823	 1.089	 1.109	
val losses       96:	0.2354	0.3594	0.4195	0.4032	0.3337	 0.368	0.4289	0.4047	0.4197	0.4995	 1.225	 1.262	 | 0.53 mean
                     	0.6455	0.9897	   1.1	  1.09	 0.977	 1.005	 1.144	 1.163	  1.14	 1.373	 3.403	 3.525	 | 1.726 quantile
                      	 2.234	 3.902	 2.914	 2.927	 2.132	 2.284	 2.419	 2.553	   2.1	 3.493	 5.486	 6.016	 | 6.016 max

train losses     98:	0.3731	0.4016	0.4071	0.4075	0.4861	0.4884	0.4709	0.4683	0.6135	0.6739	 1.084	 1.106	
val losses       98:	0.2345	0.3575	0.4192	0.4029	0.3315	0.3664	0.4274	 0.404	0.4104	0.4934	 1.222	 1.259	 | 0.5273 mean
                     	  0.64	0.9825	 1.098	 1.088	0.9618	 0.997	 1.143	 1.153	 1.111	 1.337	 3.394	 3.512	 | 1.721 quantile
                      	 2.215	 3.896	 2.902	 2.925	 2.152	  2.28	 2.418	 2.543	 2.097	 3.446	 5.486	 5.978	 | 5.978 max

train losses    100:	0.3722	0.3985	0.4072	0.4098	0.4845	0.4863	0.4692	0.4677	0.6106	0.6661	 1.081	 1.103	
val losses      100:	0.2333	0.3557	0.4187	0.4026	0.3306	0.3651	0.4264	0.4031	0.4068	0.4906	 1.218	 1.255	 | 0.5255 mean
                     	0.6354	0.9787	 1.102	  1.09	0.9618	0.9906	 1.138	 1.153	 1.099	 1.321	 3.377	 3.511	 | 1.717 quantile
                      	 2.207	 3.886	 2.907	 2.911	 2.158	 2.301	 2.403	 2.523	 2.093	 3.416	 5.444	 5.945	 | 5.945 max

train losses    102:	0.3725	0.3966	0.4082	0.4094	0.4846	0.4866	0.4704	0.4668	0.6163	0.6665	 1.082	 1.101	
val losses      102:	0.2327	0.3533	0.4187	0.4026	  0.33	0.3635	0.4261	0.4023	0.4048	0.4895	 1.215	 1.252	 | 0.5243 mean
                     	0.6336	0.9707	 1.097	 1.083	0.9548	0.9866	 1.135	 1.146	 1.082	   1.3	 3.367	 3.489	 | 1.714 quantile
                      	 2.189	 3.857	 2.898	 2.906	 2.142	 2.271	 2.366	 2.526	   2.1	 3.374	 5.455	 5.978	 | 5.978 max

train losses    104:	0.3713	0.3964	0.4056	0.4078	0.4848	 0.484	0.4697	0.4667	0.6202	0.6703	 1.076	 1.094	
val losses      104:	0.2319	 0.351	0.4186	0.4029	0.3302	0.3622	0.4253	0.4015	0.4047	0.4896	 1.213	  1.25	 | 0.5234 mean
                     	0.6341	0.9652	 1.097	 1.083	 0.947	0.9845	 1.132	 1.145	  1.09	 1.285	 3.354	  3.47	 | 1.713 quantile
                      	  2.16	 3.818	 2.896	 2.908	 2.176	 2.269	 2.393	 2.503	 2.076	 3.347	  5.45	 5.933	 | 5.933 max

train losses    106:	0.3715	0.3954	0.4066	0.4078	0.4847	0.4828	0.4685	0.4666	0.6339	0.6791	 1.074	 1.094	
val losses      106:	0.2315	0.3488	0.4187	0.4025	0.3295	0.3606	0.4245	0.4011	0.4068	0.4915	  1.21	 1.247	 | 0.5227 mean
                     	0.6307	0.9567	 1.099	 1.085	 0.947	0.9797	 1.131	  1.14	 1.085	 1.284	 3.345	 3.463	 | 1.707 quantile
                      	 2.159	 3.787	 2.909	 2.918	 2.156	 2.237	 2.384	 2.485	 2.084	 3.256	 5.435	 5.917	 | 5.917 max

train losses    108:	 0.371	0.3938	0.4065	0.4087	0.4827	0.4812	0.4692	 0.466	0.6343	0.6791	 1.071	 1.088	
val losses      108:	 0.231	 0.346	0.4185	0.4024	0.3296	0.3597	0.4241	0.4002	0.4114	0.4933	 1.208	 1.245	 | 0.5224 mean
                     	0.6277	0.9498	 1.097	 1.087	 0.945	 0.975	 1.129	 1.145	 1.084	 1.283	 3.341	 3.443	 | 1.707 quantile
                      	 2.128	 3.746	 2.892	 2.919	 2.133	 2.258	 2.369	 2.491	 2.036	 3.234	 5.435	 5.921	 | 5.921 max

train losses    110:	0.3695	0.3936	0.4062	0.4076	0.4802	0.4803	0.4677	0.4642	 0.624	0.6698	 1.067	 1.087	
val losses      110:	0.2302	0.3446	0.4185	0.4023	0.3297	0.3586	0.4246	0.3995	0.4192	0.4974	 1.209	 1.243	 | 0.523 mean
                     	0.6275	0.9503	 1.094	 1.087	0.9451	0.9717	 1.136	 1.139	 1.096	  1.28	 3.332	 3.442	 | 1.71 quantile
                      	 2.091	 3.755	 2.901	 2.908	 2.154	 2.248	  2.36	 2.474	 2.082	 3.186	 5.442	 5.899	 | 5.899 max

train losses    112:	0.3694	0.3929	0.4057	0.4077	0.4809	0.4781	0.4656	 0.464	0.6146	0.6586	 1.066	 1.083	
val losses      112:	0.2298	0.3437	0.4178	0.4018	0.3284	 0.357	0.4237	0.3989	0.4198	 0.494	 1.209	 1.242	 | 0.5221 mean
                     	 0.629	0.9453	 1.093	 1.083	0.9437	0.9677	 1.127	 1.134	 1.096	 1.274	 3.328	 3.435	 | 1.71 quantile
                      	 2.101	 3.739	 2.883	 2.909	 2.127	 2.229	  2.33	  2.49	  2.08	 3.157	 5.419	 5.901	 | 5.901 max

train losses    114:	0.3678	0.3913	0.4056	0.4073	0.4789	0.4758	0.4656	0.4641	0.6109	0.6532	 1.063	 1.081	
val losses      114:	0.2285	0.3424	0.4179	0.4015	0.3269	0.3561	 0.423	0.3987	0.4168	0.4884	 1.206	  1.24	 | 0.5205 mean
                     	0.6226	0.9384	 1.097	 1.084	0.9398	0.9673	 1.128	 1.136	 1.091	  1.27	 3.321	 3.434	 | 1.707 quantile
                      	 2.109	  3.71	 2.881	 2.905	 2.147	 2.202	 2.357	 2.488	 2.046	  3.16	 5.393	 5.877	 | 5.877 max

train losses    116:	0.3692	0.3907	 0.405	0.4049	0.4773	0.4747	0.4652	0.4617	0.6052	0.6494	 1.063	 1.079	
val losses      116:	0.2275	0.3408	0.4177	0.4013	0.3251	0.3541	0.4224	 0.398	0.4091	0.4802	 1.207	 1.239	 | 0.5185 mean
                     	0.6214	0.9346	 1.095	 1.084	0.9337	0.9585	 1.125	 1.134	 1.079	  1.26	 3.313	 3.434	 | 1.704 quantile
                      	 2.062	 3.678	 2.881	   2.9	 2.133	 2.198	 2.333	 2.472	 1.998	 3.153	 5.374	 5.829	 | 5.829 max

train losses    118:	0.3676	0.3891	0.4056	 0.406	0.4762	0.4725	0.4662	 0.463	0.6042	0.6475	 1.058	 1.074	
val losses      118:	0.2271	0.3399	0.4176	0.4012	0.3236	0.3532	0.4215	0.3973	0.4061	0.4766	 1.205	 1.237	 | 0.5172 mean
                     	0.6218	0.9361	 1.095	 1.082	0.9261	0.9547	 1.125	 1.131	 1.071	 1.255	 3.309	  3.43	 | 1.702 quantile
                      	 2.066	 3.642	 2.873	 2.899	 2.106	 2.191	 2.312	 2.465	 1.998	 3.129	 5.362	 5.825	 | 5.825 max

train losses    120:	0.3661	0.3879	0.4055	 0.406	0.4771	0.4727	0.4634	 0.461	0.6037	0.6445	 1.056	 1.071	
val losses      120:	0.2258	0.3387	0.4174	0.4008	0.3228	0.3513	0.4201	0.3972	0.4038	0.4705	 1.202	 1.234	 | 0.5153 mean
                     	0.6164	 0.933	 1.095	  1.08	 0.924	0.9461	 1.119	 1.127	 1.067	 1.241	 3.297	 3.421	 | 1.698 quantile
                      	 2.042	 3.632	 2.883	   2.9	 2.091	 2.161	 2.305	 2.441	 2.031	 3.108	 5.323	 5.784	 | 5.784 max

train losses    122:	0.3654	0.3877	0.4047	0.4056	0.4754	0.4697	0.4643	0.4609	 0.606	0.6443	 1.055	 1.071	
val losses      122:	0.2255	0.3382	0.4169	0.4005	0.3215	0.3496	0.4196	0.3964	0.4014	0.4665	 1.201	 1.232	 | 0.5141 mean
                     	0.6159	 0.926	 1.093	 1.078	0.9228	0.9404	 1.119	 1.125	 1.064	 1.236	 3.293	 3.411	 | 1.696 quantile
                      	 2.036	 3.633	 2.886	 2.886	 2.066	 2.126	 2.282	 2.439	 1.974	 3.092	 5.311	 5.789	 | 5.789 max

train losses    124:	0.3646	0.3859	0.4033	0.4052	0.4754	0.4697	0.4633	0.4603	0.6006	0.6408	 1.053	 1.068	
val losses      124:	0.2246	0.3365	0.4169	0.4001	0.3207	0.3483	0.4187	0.3959	0.3987	 0.464	 1.198	 1.229	 | 0.5126 mean
                     	0.6074	0.9249	 1.094	 1.081	0.9166	0.9374	 1.118	 1.122	 1.059	 1.223	 3.287	 3.407	 | 1.692 quantile
                      	 2.032	  3.61	 2.869	 2.878	 2.062	  2.13	  2.27	 2.427	 1.981	 3.091	 5.311	 5.736	 | 5.736 max

train losses    126:	0.3635	0.3859	0.4037	0.4046	0.4724	0.4677	0.4618	0.4595	0.6004	0.6382	  1.05	 1.064	
val losses      126:	0.2241	0.3355	0.4168	0.3998	0.3195	0.3471	0.4179	0.3952	0.3974	0.4617	 1.196	 1.228	 | 0.5115 mean
                     	0.6042	0.9253	 1.092	 1.078	0.9138	0.9325	 1.114	  1.12	 1.051	  1.22	 3.275	 3.409	 | 1.689 quantile
                      	 2.007	 3.595	 2.876	  2.89	 2.045	 2.128	 2.267	 2.401	 1.988	 3.053	 5.317	 5.736	 | 5.736 max

train losses    128:	 0.365	0.3851	0.4026	0.4045	0.4726	0.4678	0.4611	0.4592	 0.597	0.6347	 1.046	 1.061	
val losses      128:	 0.224	0.3346	0.4166	0.3998	0.3183	 0.346	 0.417	0.3946	0.3957	0.4602	 1.193	 1.225	 | 0.5104 mean
                     	0.6088	0.9224	  1.09	  1.08	0.9104	0.9284	 1.118	  1.12	 1.038	 1.209	 3.269	 3.391	 | 1.686 quantile
                      	 2.023	 3.594	 2.874	 2.882	 2.082	  2.14	 2.244	 2.388	  1.97	 3.053	 5.266	 5.724	 | 5.724 max

train losses    130:	0.3639	0.3846	0.4031	 0.404	0.4713	0.4659	0.4615	0.4595	0.5961	0.6323	 1.048	 1.061	
val losses      130:	0.2235	0.3335	0.4165	0.3998	 0.318	0.3449	0.4161	0.3941	0.3957	0.4603	 1.191	 1.223	 | 0.5096 mean
                     	0.6034	0.9174	 1.089	  1.08	0.9046	0.9251	  1.11	 1.118	 1.041	 1.204	 3.266	  3.39	 | 1.685 quantile
                      	 2.008	 3.574	 2.862	 2.891	 2.074	 2.118	 2.233	 2.371	 1.995	 3.035	 5.274	  5.74	 | 5.74 max

train losses    132:	0.3618	0.3825	0.4029	0.4038	0.4705	0.4663	0.4605	0.4566	0.5952	0.6309	 1.043	 1.059	
val losses      132:	0.2227	0.3317	0.4163	0.3994	 0.317	0.3437	0.4153	0.3939	0.3946	0.4589	 1.188	  1.22	 | 0.5084 mean
                     	0.6012	0.9123	 1.088	 1.077	0.9033	0.9238	 1.108	 1.115	 1.038	 1.203	 3.251	 3.376	 | 1.68 quantile
                      	 2.002	 3.555	 2.877	 2.876	 2.073	 2.109	 2.238	 2.385	 1.965	 3.015	 5.227	 5.709	 | 5.709 max

train losses    134:	0.3621	0.3817	0.4037	0.4044	0.4709	0.4635	0.4595	0.4578	 0.593	 0.628	 1.044	 1.057	
val losses      134:	0.2218	 0.331	0.4157	0.3992	0.3164	0.3424	0.4143	0.3933	0.3934	 0.457	 1.186	 1.218	 | 0.5074 mean
                     	0.6021	0.9129	 1.087	 1.076	0.9017	0.9171	 1.106	 1.117	 1.035	 1.201	 3.248	 3.385	 | 1.677 quantile
                      	  1.97	 3.531	 2.866	 2.876	 2.053	 2.097	 2.218	 2.377	 1.958	 2.988	 5.202	 5.701	 | 5.701 max

train losses    136:	0.3616	0.3823	0.4033	0.4038	0.4699	0.4624	0.4593	0.4571	0.5932	0.6257	 1.041	 1.054	
val losses      136:	0.2214	 0.329	0.4156	0.3991	0.3159	0.3415	 0.414	0.3927	0.3929	0.4562	 1.185	 1.218	 | 0.5068 mean
                     	0.6002	0.9044	 1.085	 1.075	0.9026	 0.915	 1.107	  1.11	 1.028	 1.202	 3.232	 3.364	 | 1.677 quantile
                      	 1.975	 3.499	  2.86	 2.879	 2.042	 2.085	 2.221	 2.374	 1.955	 2.961	 5.225	 5.695	 | 5.695 max

train losses    138:	0.3613	0.3818	0.4014	0.4024	0.4677	0.4627	0.4582	 0.456	0.5924	0.6247	 1.039	 1.051	
val losses      138:	0.2211	0.3278	0.4153	 0.399	0.3151	0.3411	0.4129	0.3924	0.3934	0.4576	 1.181	 1.214	 | 0.5059 mean
                     	0.5988	0.9036	 1.086	 1.074	0.8936	0.9106	 1.101	 1.112	 1.025	 1.194	 3.232	 3.358	 | 1.671 quantile
                      	  1.98	 3.495	 2.859	  2.87	 2.058	 2.075	 2.188	 2.364	 1.965	 2.921	 5.224	 5.685	 | 5.685 max

train losses    140:	0.3613	0.3802	0.4018	0.4028	0.4679	0.4615	0.4584	0.4553	0.5922	 0.623	 1.035	  1.05	
val losses      140:	 0.221	0.3272	0.4149	0.3987	0.3146	0.3395	0.4122	0.3922	0.3928	0.4551	  1.18	 1.212	 | 0.505 mean
                     	0.5993	0.9038	 1.089	 1.072	0.8934	0.9095	 1.102	 1.107	 1.021	 1.187	 3.231	 3.359	 | 1.669 quantile
                      	 1.969	 3.497	 2.856	 2.872	 2.033	 2.075	 2.191	 2.368	 1.947	 2.929	 5.225	 5.684	 | 5.684 max

train losses    142:	0.3604	0.3787	0.4021	0.4025	0.4666	  0.46	0.4563	0.4528	0.5895	0.6216	 1.035	 1.047	
val losses      142:	0.2206	0.3251	0.4151	0.3987	0.3146	0.3386	0.4117	0.3917	0.3927	0.4551	 1.177	 1.209	 | 0.5042 mean
                     	0.5981	 0.898	 1.088	 1.072	0.8925	0.9035	 1.099	 1.113	 1.022	 1.184	 3.215	  3.34	 | 1.667 quantile
                      	 1.966	 3.473	 2.865	 2.863	 2.036	 2.078	 2.182	 2.357	 1.914	  2.89	  5.22	 5.657	 | 5.657 max

train losses    144:	0.3607	0.3787	0.4017	0.4029	0.4646	0.4595	0.4571	0.4546	0.5895	0.6205	 1.033	 1.046	
val losses      144:	0.2198	0.3243	 0.415	0.3986	0.3132	0.3379	0.4115	0.3914	0.3918	0.4553	 1.176	 1.209	 | 0.5037 mean
                     	0.6002	0.8968	 1.084	 1.071	0.8864	0.9018	 1.101	  1.11	 1.013	 1.191	 3.208	  3.34	 | 1.664 quantile
                      	 1.958	 3.465	 2.858	 2.855	 2.036	 2.049	 2.187	 2.357	 1.906	 2.904	   5.2	 5.697	 | 5.697 max

train losses    146:	0.3606	0.3791	0.4005	0.4023	0.4651	 0.459	0.4572	0.4551	0.5878	0.6204	 1.031	 1.042	
val losses      146:	0.2193	0.3243	0.4148	0.3983	0.3127	0.3369	0.4107	0.3909	0.3913	0.4546	 1.175	 1.207	 | 0.503 mean
                     	0.5967	0.9021	 1.085	 1.066	0.8859	 0.894	 1.098	 1.108	 1.012	 1.182	 3.201	 3.336	 | 1.664 quantile
                      	 1.946	 3.453	 2.875	 2.853	 2.027	 2.046	 2.137	 2.347	 1.935	 2.862	 5.219	 5.658	 | 5.658 max

train losses    148:	0.3586	0.3777	0.3993	0.4013	0.4627	0.4569	0.4554	0.4539	0.5895	0.6189	 1.028	  1.04	
val losses      148:	0.2185	0.3225	0.4149	0.3984	0.3118	0.3363	0.4099	0.3906	0.3914	0.4549	 1.172	 1.205	 | 0.5021 mean
                     	0.5909	0.8916	 1.081	  1.07	0.8818	0.8965	 1.095	 1.108	  1.01	 1.181	 3.196	 3.324	 | 1.659 quantile
                      	 1.944	 3.432	 2.871	 2.862	 2.008	 2.046	 2.163	 2.348	 1.927	 2.819	 5.211	 5.663	 | 5.663 max

train losses    150:	0.3589	0.3764	0.4002	0.4004	0.4645	0.4564	0.4562	 0.453	  0.59	 0.618	 1.028	 1.038	
val losses      150:	0.2185	0.3221	0.4145	0.3978	0.3125	0.3348	0.4097	0.3908	0.3924	0.4532	 1.167	 1.199	 | 0.501 mean
                     	0.5926	0.8907	 1.084	 1.069	0.8837	0.8891	 1.089	 1.107	 1.015	 1.168	 3.171	 3.326	 | 1.667 quantile
                      	 1.937	 3.422	 2.872	 2.857	 2.008	 2.055	 2.149	 2.338	 1.909	 2.824	 5.198	 5.607	 | 5.607 max

train losses    152:	0.3572	0.3766	0.3999	0.4002	0.4624	0.4548	0.4539	0.4521	0.5886	0.6161	 1.026	 1.039	
val losses      152:	0.2184	0.3214	0.4144	0.3977	0.3123	0.3343	0.4093	0.3908	0.3918	0.4519	 1.167	 1.199	 | 0.5007 mean
                     	0.5916	0.8873	 1.084	  1.07	0.8842	0.8893	 1.088	 1.107	 1.014	 1.169	 3.168	 3.328	 | 1.665 quantile
                      	 1.938	 3.425	 2.867	  2.86	 2.006	  2.05	  2.14	 2.342	 1.886	 2.823	 5.207	 5.628	 | 5.628 max

train losses    154:	 0.359	0.3756	0.3995	 0.401	0.4626	0.4554	0.4545	0.4512	0.5884	0.6171	 1.027	 1.039	
val losses      154:	 0.218	0.3212	0.4144	0.3976	 0.312	 0.334	0.4093	0.3906	0.3915	0.4516	 1.167	 1.199	 | 0.5004 mean
                     	 0.589	0.8899	 1.085	  1.07	0.8829	0.8894	 1.088	 1.106	 1.015	  1.17	 3.166	 3.325	 | 1.667 quantile
                      	 1.934	 3.417	  2.87	 2.856	 2.007	 2.047	 2.137	 2.336	 1.898	 2.827	 5.213	 5.621	 | 5.621 max

train losses    156:	0.3567	0.3738	0.3994	0.4008	0.4633	0.4544	0.4535	0.4523	0.5897	0.6151	 1.025	 1.036	
val losses      156:	0.2182	0.3207	0.4142	0.3975	0.3116	0.3335	0.4091	0.3905	0.3912	 0.451	 1.166	 1.198	 | 0.5002 mean
                     	  0.59	0.8898	 1.083	 1.071	0.8782	0.8852	 1.093	 1.104	 1.014	 1.166	 3.166	 3.324	 | 1.664 quantile
                      	 1.935	 3.411	 2.866	 2.848	 2.002	 2.046	 2.137	 2.341	   1.9	  2.81	 5.209	 5.607	 | 5.607 max

train losses    158:	0.3579	 0.375	0.3995	 0.401	 0.462	0.4543	0.4544	0.4523	0.5872	0.6157	 1.029	 1.037	
val losses      158:	 0.218	0.3203	0.4142	0.3975	0.3114	0.3332	0.4088	0.3903	0.3906	0.4505	 1.166	 1.198	 | 0.4999 mean
                     	0.5901	0.8896	 1.086	 1.071	0.8787	 0.884	 1.086	 1.104	 1.009	 1.166	 3.164	 3.325	 | 1.662 quantile
                      	 1.925	 3.405	 2.851	 2.848	 2.005	 2.041	 2.142	 2.336	 1.892	 2.802	 5.204	 5.609	 | 5.609 max

train losses    160:	0.3579	0.3749	0.3991	0.4004	0.4626	 0.454	0.4548	0.4519	0.5853	0.6151	 1.024	 1.035	
val losses      160:	0.2178	0.3199	0.4141	0.3975	0.3113	0.3327	0.4086	0.3902	0.3903	  0.45	 1.165	 1.197	 | 0.4996 mean
                     	0.5884	0.8878	 1.085	 1.072	0.8753	0.8807	 1.087	 1.104	 1.012	 1.163	 3.161	 3.314	 | 1.661 quantile
                      	 1.913	 3.399	 2.846	 2.843	 1.988	  2.04	 2.146	 2.337	 1.896	 2.801	 5.198	   5.6	 | 5.6 max

train losses    162:	0.3577	0.3742	0.3988	0.4006	0.4599	 0.453	0.4533	0.4509	0.5894	0.6143	 1.023	 1.035	
val losses      162:	0.2176	0.3195	 0.414	0.3974	 0.311	0.3324	0.4085	0.3899	0.3905	0.4494	 1.165	 1.197	 | 0.4993 mean
                     	 0.587	0.8857	 1.084	 1.069	0.8762	0.8824	 1.087	 1.103	 1.008	 1.163	 3.159	 3.319	 | 1.663 quantile
                      	 1.923	  3.39	 2.833	 2.843	 1.992	 2.035	 2.137	  2.34	 1.896	 2.802	 5.193	 5.609	 | 5.609 max

train losses    164:	 0.357	0.3741	0.3991	0.3998	0.4619	0.4534	0.4535	0.4513	0.5844	0.6151	 1.021	 1.033	
val losses      164:	0.2172	0.3195	0.4141	0.3973	0.3108	0.3322	0.4082	0.3896	  0.39	 0.449	 1.165	 1.196	 | 0.4991 mean
                     	0.5865	0.8884	 1.083	 1.071	0.8757	0.8785	 1.085	 1.103	 1.008	  1.16	 3.161	 3.314	 | 1.662 quantile
                      	 1.923	  3.39	 2.844	 2.843	 1.985	 2.022	 2.137	 2.335	 1.891	  2.79	 5.194	 5.621	 | 5.621 max

train losses    166:	0.3582	0.3746	   0.4	0.4003	 0.461	0.4533	0.4533	0.4517	0.5872	0.6132	 1.022	 1.033	
val losses      166:	0.2172	0.3193	 0.414	0.3973	0.3105	0.3319	 0.408	0.3895	0.3897	0.4485	 1.164	 1.196	 | 0.4988 mean
                     	0.5871	0.8875	 1.082	 1.072	0.8714	0.8779	 1.088	 1.103	 1.007	 1.154	 3.153	 3.315	 | 1.66 quantile
                      	 1.917	 3.381	 2.842	 2.842	 1.974	 2.018	 2.133	 2.336	 1.893	 2.788	 5.203	 5.604	 | 5.604 max

train losses    168:	 0.357	0.3719	0.3992	0.4005	0.4612	0.4533	0.4536	0.4507	0.5869	0.6127	 1.019	 1.031	
val losses      168:	0.2171	 0.319	0.4138	0.3972	0.3102	0.3315	0.4078	0.3894	0.3898	0.4486	 1.164	 1.195	 | 0.4986 mean
                     	0.5855	 0.885	 1.083	 1.071	0.8731	 0.878	 1.086	 1.103	 1.005	 1.157	 3.153	 3.311	 | 1.658 quantile
                      	  1.92	  3.38	  2.84	 2.838	 1.974	 2.022	 2.138	 2.326	 1.888	 2.788	 5.192	 5.611	 | 5.611 max

train losses    170:	 0.357	0.3741	0.3987	0.3992	0.4584	0.4518	0.4534	0.4487	0.5851	0.6117	  1.02	 1.028	
val losses      170:	 0.217	0.3188	0.4137	0.3971	0.3101	0.3311	0.4077	0.3892	0.3895	0.4478	 1.163	 1.195	 | 0.4983 mean
                     	 0.586	0.8863	 1.082	  1.07	0.8702	0.8753	 1.088	 1.104	 1.005	 1.152	 3.149	 3.311	 | 1.658 quantile
                      	 1.923	  3.38	 2.837	 2.836	 1.969	 2.018	  2.13	 2.334	 1.885	 2.784	 5.194	 5.607	 | 5.607 max

train losses    172:	0.3572	 0.374	0.3979	0.4003	0.4589	0.4513	0.4541	0.4506	0.5849	0.6107	  1.02	  1.03	
val losses      172:	0.2167	0.3185	0.4138	0.3972	0.3098	0.3307	0.4073	 0.389	0.3892	0.4475	 1.163	 1.194	 | 0.4981 mean
                     	0.5863	0.8833	 1.084	 1.071	0.8675	0.8749	 1.088	 1.103	 1.002	 1.152	 3.147	 3.308	 | 1.658 quantile
                      	 1.914	  3.38	 2.837	 2.835	 1.969	 2.013	 2.126	 2.334	 1.879	 2.775	 5.187	 5.591	 | 5.591 max

train losses    174:	0.3566	 0.374	0.3988	0.3997	0.4599	0.4511	0.4523	0.4505	0.5858	0.6111	  1.02	 1.029	
val losses      174:	0.2165	 0.318	0.4138	0.3971	0.3095	0.3304	0.4072	0.3889	0.3891	0.4471	 1.162	 1.194	 | 0.4978 mean
                     	0.5849	0.8826	 1.084	 1.071	0.8681	0.8728	 1.085	 1.102	 1.004	 1.153	 3.143	 3.306	 | 1.657 quantile
                      	 1.908	  3.37	 2.844	 2.843	 1.965	 2.013	 2.135	 2.322	 1.879	 2.771	 5.189	 5.599	 | 5.599 max

train losses    176:	0.3563	0.3717	0.3985	0.3993	0.4595	0.4508	0.4514	0.4491	0.5851	0.6124	 1.018	 1.027	
val losses      176:	0.2164	0.3177	0.4137	0.3972	0.3092	0.3301	0.4071	0.3889	0.3889	 0.447	 1.162	 1.193	 | 0.4976 mean
                     	0.5845	0.8833	 1.082	 1.069	0.8707	0.8718	 1.085	 1.103	 1.003	 1.152	 3.143	 3.305	 | 1.656 quantile
                      	 1.909	  3.37	 2.847	 2.848	 1.963	 2.009	 2.132	 2.324	 1.881	 2.772	  5.18	 5.589	 | 5.589 max

train losses    178:	0.3562	0.3722	0.3986	0.3979	0.4579	0.4498	0.4532	0.4506	 0.585	0.6105	 1.018	 1.027	
val losses      178:	0.2163	0.3173	0.4137	 0.397	 0.309	0.3298	 0.407	0.3887	0.3889	0.4472	 1.161	 1.193	 | 0.4974 mean
                     	0.5852	0.8825	 1.084	  1.07	0.8649	0.8709	 1.087	 1.102	 1.002	 1.151	 3.139	 3.305	 | 1.654 quantile
                      	 1.911	  3.36	 2.849	 2.843	 1.972	 1.999	 2.132	 2.325	 1.875	 2.761	 5.184	 5.602	 | 5.602 max

train losses    180:	0.3548	0.3716	 0.398	 0.399	0.4591	0.4512	0.4516	0.4492	0.5858	0.6092	 1.014	 1.026	
val losses      180:	0.2163	0.3169	0.4137	 0.397	0.3087	0.3294	0.4068	0.3885	0.3887	0.4466	 1.161	 1.192	 | 0.4971 mean
                     	0.5829	0.8808	 1.084	 1.068	 0.864	0.8701	 1.086	 1.102	0.9987	 1.149	 3.138	 3.297	 | 1.655 quantile
                      	 1.905	 3.352	 2.852	 2.842	 1.977	 1.998	 2.137	 2.323	 1.869	 2.753	  5.17	 5.591	 | 5.591 max

train losses    182:	0.3549	0.3706	0.3979	0.3994	0.4587	0.4493	0.4508	0.4484	0.5838	  0.61	 1.016	 1.025	
val losses      182:	0.2159	0.3162	0.4136	0.3969	0.3084	0.3291	0.4065	0.3883	0.3882	0.4459	  1.16	 1.191	 | 0.4967 mean
                     	0.5827	 0.881	 1.084	  1.07	 0.868	0.8658	 1.085	 1.101	0.9989	  1.15	 3.134	 3.293	 | 1.654 quantile
                      	 1.898	 3.349	 2.843	 2.839	 1.973	 1.986	 2.133	 2.323	 1.875	 2.764	 5.176	 5.587	 | 5.587 max

train losses    184:	0.3553	0.3725	0.3976	0.3983	0.4584	0.4498	0.4515	0.4499	0.5854	0.6097	 1.014	 1.025	
val losses      184:	 0.216	0.3163	0.4135	0.3969	 0.308	0.3288	0.4065	0.3882	0.3884	0.4459	  1.16	 1.191	 | 0.4966 mean
                     	0.5828	 0.881	 1.085	 1.068	0.8663	0.8664	 1.085	 1.097	0.9996	 1.148	 3.134	 3.298	 | 1.653 quantile
                      	 1.905	 3.354	 2.833	 2.841	 1.964	 1.992	 2.135	 2.322	 1.878	 2.759	 5.183	  5.58	 | 5.58 max

train losses    186:	0.3552	0.3712	0.3976	0.3992	0.4576	0.4502	0.4516	0.4479	0.5825	0.6083	 1.016	 1.026	
val losses      186:	0.2158	 0.316	0.4135	0.3968	 0.308	0.3284	0.4062	 0.388	0.3883	0.4455	  1.16	 1.191	 | 0.4964 mean
                     	0.5819	0.8791	 1.083	 1.068	0.8647	0.8655	 1.084	 1.099	0.9985	 1.147	 3.128	 3.297	 | 1.652 quantile
                      	 1.901	 3.348	 2.836	 2.826	 1.961	 1.988	  2.13	 2.315	 1.871	 2.747	 5.177	 5.577	 | 5.577 max

train losses    188:	0.3551	0.3705	0.3967	0.3998	0.4579	0.4501	0.4506	0.4474	0.5853	0.6083	 1.013	 1.023	
val losses      188:	0.2156	0.3153	0.4134	0.3967	 0.308	0.3283	 0.406	0.3879	0.3877	0.4448	 1.159	  1.19	 | 0.4961 mean
                     	0.5812	0.8772	 1.084	 1.069	0.8668	0.8661	 1.082	 1.098	0.9951	 1.143	 3.127	 3.298	 | 1.652 quantile
                      	 1.893	 3.339	 2.841	  2.83	 1.967	 1.984	  2.12	 2.311	 1.863	 2.745	 5.178	 5.576	 | 5.576 max

train losses    190:	0.3565	0.3714	0.3977	0.3985	0.4559	0.4486	0.4503	0.4488	0.5837	0.6071	 1.013	 1.021	
val losses      190:	0.2153	0.3149	0.4134	0.3967	0.3076	 0.328	0.4057	0.3878	0.3876	0.4451	 1.159	  1.19	 | 0.4959 mean
                     	0.5799	 0.872	 1.082	 1.067	0.8638	0.8619	 1.082	 1.097	0.9956	 1.141	 3.128	 3.295	 | 1.651 quantile
                      	 1.888	 3.334	 2.842	 2.831	 1.969	 1.985	 2.119	 2.315	  1.87	  2.73	 5.176	 5.588	 | 5.588 max

train losses    192:	 0.355	0.3719	 0.398	0.3983	 0.457	0.4481	0.4503	0.4478	0.5831	0.6064	 1.014	 1.021	
val losses      192:	0.2153	0.3148	0.4134	0.3967	0.3073	0.3277	0.4056	0.3877	0.3876	0.4449	 1.158	 1.189	 | 0.4957 mean
                     	0.5792	0.8757	 1.082	 1.068	0.8608	0.8613	 1.082	 1.098	0.9911	 1.143	 3.126	 3.294	 | 1.65 quantile
                      	 1.895	 3.338	 2.841	 2.827	 1.963	 1.986	 2.119	 2.311	 1.873	 2.725	 5.178	 5.576	 | 5.576 max

train losses    194:	0.3536	0.3715	0.3975	0.3988	0.4569	0.4477	0.4511	0.4481	0.5817	0.6072	 1.011	  1.02	
val losses      194:	0.2155	0.3145	0.4132	0.3965	0.3072	0.3273	0.4056	0.3877	0.3873	 0.444	 1.158	 1.189	 | 0.4954 mean
                     	0.5808	0.8764	 1.082	 1.068	0.8619	0.8611	 1.084	 1.096	0.9962	 1.138	 3.121	  3.29	 | 1.651 quantile
                      	  1.89	 3.334	 2.836	 2.828	 1.954	  1.98	 2.128	 2.319	  1.86	 2.717	 5.189	  5.58	 | 5.58 max

train losses    196:	0.3533	0.3701	0.3971	0.3982	0.4556	 0.448	  0.45	0.4462	0.5837	0.6078	 1.012	 1.022	
val losses      196:	0.2154	0.3143	0.4132	0.3965	0.3067	 0.327	0.4054	0.3876	0.3867	0.4434	 1.157	 1.188	 | 0.4951 mean
                     	0.5779	0.8759	 1.081	 1.067	0.8628	0.8601	 1.082	 1.099	0.9915	 1.139	 3.123	 3.284	 | 1.651 quantile
                      	 1.887	  3.33	 2.833	 2.826	 1.954	 1.974	 2.124	 2.309	 1.862	 2.717	 5.196	 5.588	 | 5.588 max

train losses    198:	0.3545	0.3685	0.3965	0.3982	0.4567	0.4479	0.4497	0.4474	0.5812	0.6033	 1.009	 1.018	
val losses      198:	 0.215	0.3139	0.4132	0.3965	0.3065	0.3267	0.4053	0.3875	0.3868	0.4434	 1.157	 1.188	 | 0.495 mean
                     	0.5764	0.8721	 1.081	 1.068	0.8589	0.8588	 1.079	 1.096	0.9928	 1.141	 3.123	 3.296	 | 1.65 quantile
                      	 1.873	 3.322	 2.837	 2.824	 1.949	 1.975	  2.13	 2.304	 1.873	 2.711	 5.176	 5.577	 | 5.577 max

train losses    200:	0.3552	0.3707	0.3958	0.3977	0.4549	0.4473	0.4503	0.4477	0.5827	0.6044	 1.009	 1.017	
val losses      200:	 0.215	0.3136	0.4131	0.3964	0.3065	0.3264	0.4052	0.3874	0.3868	0.4431	 1.156	 1.188	 | 0.4948 mean
                     	0.5758	0.8727	 1.081	 1.069	0.8577	0.8573	 1.082	 1.095	0.9958	 1.138	 3.119	 3.288	 | 1.649 quantile
                      	  1.87	 3.318	  2.83	 2.829	 1.949	 1.967	 2.124	 2.306	 1.857	 2.708	 5.175	 5.582	 | 5.582 max

train losses    202:	0.3539	0.3697	0.3962	0.3986	0.4543	0.4463	0.4488	0.4462	0.5818	0.6069	  1.01	 1.019	
val losses      202:	0.2148	0.3136	 0.413	0.3964	0.3062	0.3261	 0.405	0.3872	0.3865	0.4427	 1.156	 1.187	 | 0.4946 mean
                     	0.5749	0.8697	  1.08	 1.067	0.8562	0.8562	  1.08	 1.093	0.9894	 1.137	  3.12	 3.284	 | 1.647 quantile
                      	 1.878	 3.314	 2.825	 2.827	 1.951	 1.962	  2.12	 2.302	 1.856	 2.698	  5.17	 5.575	 | 5.575 max

train losses    204:	 0.354	 0.368	0.3969	0.3974	0.4545	0.4472	0.4499	0.4478	0.5812	0.6047	 1.009	 1.017	
val losses      204:	0.2147	0.3133	 0.413	0.3963	0.3061	0.3261	0.4049	 0.387	0.3866	0.4426	 1.156	 1.187	 | 0.4944 mean
                     	0.5787	0.8701	  1.08	 1.066	0.8565	0.8536	  1.08	 1.092	 0.993	 1.138	 3.116	 3.284	 | 1.648 quantile
                      	 1.868	 3.325	 2.827	 2.825	 1.944	 1.961	 2.117	 2.298	 1.858	 2.696	 5.169	 5.565	 | 5.565 max

train losses    206:	0.3541	0.3696	0.3972	0.3981	0.4552	0.4475	0.4498	0.4473	0.5825	0.6038	  1.01	 1.017	
val losses      206:	0.2146	0.3129	 0.413	0.3963	0.3058	0.3258	0.4048	 0.387	0.3864	0.4423	 1.155	 1.186	 | 0.4942 mean
                     	0.5751	0.8683	 1.081	 1.065	 0.856	0.8541	 1.081	 1.091	0.9922	 1.136	  3.12	 3.285	 | 1.647 quantile
                      	 1.869	 3.319	 2.834	 2.826	 1.947	 1.957	 2.117	   2.3	 1.848	 2.698	 5.166	 5.568	 | 5.568 max

train losses    208:	0.3539	0.3703	0.3969	0.3972	0.4544	0.4459	0.4499	0.4476	0.5803	0.6033	 1.007	 1.017	
val losses      208:	0.2141	0.3128	0.4128	0.3961	0.3056	0.3255	0.4046	 0.387	0.3861	0.4416	 1.155	 1.186	 | 0.494 mean
                     	 0.575	0.8671	  1.08	 1.064	0.8542	0.8525	 1.084	 1.091	0.9917	 1.135	 3.117	 3.279	 | 1.646 quantile
                      	 1.871	 3.317	 2.832	 2.822	 1.936	 1.962	 2.115	 2.302	 1.849	 2.696	 5.158	 5.558	 | 5.558 max

train losses    210:	0.3537	0.3684	0.3967	0.3973	0.4539	0.4457	0.4502	0.4474	0.5801	0.6035	 1.005	 1.014	
val losses      210:	 0.214	0.3125	0.4129	0.3961	0.3055	0.3251	0.4045	0.3869	0.3861	0.4415	 1.155	 1.186	 | 0.4938 mean
                     	0.5765	0.8677	 1.079	 1.067	0.8563	0.8567	 1.079	 1.091	0.9917	 1.134	 3.115	 3.281	 | 1.645 quantile
                      	 1.857	 3.306	 2.826	 2.818	 1.945	 1.953	 2.104	 2.298	 1.846	 2.691	 5.174	  5.57	 | 5.57 max

train losses    212:	0.3527	0.3685	0.3952	0.3969	0.4536	0.4457	0.4494	0.4452	0.5797	0.6032	 1.005	 1.014	
val losses      212:	0.2138	0.3121	0.4128	0.3961	0.3053	0.3248	0.4044	0.3867	0.3856	0.4413	 1.154	 1.185	 | 0.4935 mean
                     	0.5778	0.8646	 1.079	 1.065	0.8554	0.8559	 1.085	  1.09	0.9868	 1.134	 3.107	 3.275	 | 1.646 quantile
                      	 1.865	 3.299	  2.83	 2.826	  1.93	  1.96	 2.102	 2.299	 1.856	 2.692	 5.163	  5.55	 | 5.55 max

train losses    214:	0.3524	0.3679	0.3958	 0.397	0.4526	0.4445	0.4483	0.4464	0.5804	0.6026	 1.003	 1.012	
val losses      214:	0.2138	 0.312	0.4128	0.3961	0.3048	0.3245	0.4041	0.3865	0.3855	0.4416	 1.154	 1.185	 | 0.4934 mean
                     	0.5766	0.8665	 1.081	 1.066	0.8542	0.8509	 1.082	 1.091	0.9912	 1.132	  3.11	  3.28	 | 1.646 quantile
                      	 1.862	 3.292	 2.826	 2.824	 1.933	 1.957	 2.105	 2.297	 1.854	 2.686	 5.176	 5.552	 | 5.552 max

train losses    216:	0.3529	0.3668	0.3958	0.3968	0.4526	0.4447	0.4476	0.4445	0.5801	0.6012	 1.005	 1.011	
val losses      216:	0.2138	0.3116	0.4128	0.3962	0.3048	0.3241	0.4041	0.3865	0.3857	0.4414	 1.154	 1.184	 | 0.4932 mean
                     	0.5725	0.8654	  1.08	 1.066	0.8526	0.8524	 1.081	  1.09	0.9907	 1.131	  3.11	 3.275	 | 1.645 quantile
                      	 1.857	 3.283	 2.828	 2.827	 1.938	 1.966	 2.114	 2.291	 1.856	 2.672	 5.165	 5.532	 | 5.532 max

train losses    218:	0.3524	0.3693	0.3949	 0.396	0.4538	0.4441	0.4466	0.4449	0.5795	 0.602	 1.002	 1.011	
val losses      218:	0.2137	0.3109	0.4127	 0.396	0.3047	0.3239	0.4039	0.3865	0.3857	0.4414	 1.153	 1.184	 | 0.493 mean
                     	0.5762	0.8609	 1.079	 1.068	0.8512	0.8516	 1.081	  1.09	0.9933	 1.129	 3.104	 3.276	 | 1.643 quantile
                      	 1.856	  3.28	 2.838	 2.823	 1.933	 1.957	 2.106	 2.283	 1.851	 2.671	 5.155	 5.529	 | 5.529 max

train losses    220:	0.3515	0.3667	 0.396	0.3964	 0.453	0.4444	0.4475	0.4451	0.5796	 0.602	   1.0	  1.01	
val losses      220:	0.2137	 0.311	0.4128	 0.396	0.3042	0.3236	0.4038	0.3863	0.3851	0.4407	 1.153	 1.184	 | 0.4929 mean
                     	0.5756	0.8643	  1.08	 1.067	0.8514	0.8481	 1.079	 1.088	0.9914	 1.129	 3.106	 3.275	 | 1.644 quantile
                      	 1.861	 3.282	  2.83	 2.816	 1.923	 1.952	 2.116	  2.28	  1.86	 2.659	 5.146	 5.533	 | 5.533 max

train losses    222:	 0.352	0.3673	0.3959	0.3962	0.4534	0.4431	0.4493	0.4457	0.5805	0.6019	   1.0	  1.01	
val losses      222:	0.2133	0.3107	0.4126	0.3958	0.3042	0.3235	0.4036	0.3861	0.3851	0.4409	 1.153	 1.183	 | 0.4926 mean
                     	0.5752	 0.861	 1.079	 1.066	0.8501	0.8498	  1.08	 1.087	0.9902	  1.13	 3.106	 3.271	 | 1.643 quantile
                      	 1.856	 3.276	 2.824	 2.817	 1.922	 1.944	 2.119	 2.275	 1.853	 2.647	 5.152	 5.532	 | 5.532 max

train losses    224:	0.3526	0.3675	0.3946	0.3956	 0.453	0.4437	0.4473	0.4446	 0.579	0.6013	 1.001	 1.009	
val losses      224:	0.2135	0.3107	0.4125	0.3958	0.3038	0.3232	0.4036	0.3861	 0.385	0.4405	 1.152	 1.183	 | 0.4925 mean
                     	0.5743	0.8604	 1.078	 1.066	0.8497	0.8473	 1.079	 1.085	0.9926	 1.127	 3.105	 3.273	 | 1.643 quantile
                      	 1.853	 3.272	 2.827	 2.826	 1.922	 1.936	 2.121	 2.279	 1.844	 2.649	 5.139	 5.538	 | 5.538 max

train losses    226:	0.3516	0.3662	0.3952	0.3961	 0.452	0.4427	0.4475	0.4452	0.5779	0.6005	 1.001	  1.01	
val losses      226:	0.2133	0.3105	0.4124	0.3957	0.3038	0.3229	0.4034	0.3859	 0.385	0.4403	 1.151	 1.182	 | 0.4922 mean
                     	0.5753	0.8603	 1.078	 1.064	0.8491	0.8466	  1.08	 1.087	0.9877	 1.126	 3.101	 3.269	 | 1.642 quantile
                      	 1.856	  3.28	 2.822	 2.821	 1.918	 1.947	 2.127	 2.275	 1.856	 2.643	 5.136	 5.526	 | 5.526 max

train losses    228:	0.3524	 0.367	0.3947	0.3958	0.4524	0.4422	0.4474	0.4448	0.5788	0.6009	0.9996	 1.009	
val losses      228:	0.2133	0.3102	0.4123	0.3956	0.3034	0.3226	0.4034	0.3858	0.3852	0.4409	 1.151	 1.182	 | 0.4922 mean
                     	0.5745	0.8601	 1.078	 1.066	0.8515	0.8448	 1.079	 1.086	0.9877	 1.126	 3.099	 3.271	 | 1.643 quantile
                      	 1.849	 3.273	 2.823	 2.817	 1.921	 1.942	  2.12	 2.281	 1.844	 2.639	 5.137	  5.53	 | 5.53 max

train losses    230:	0.3507	0.3667	0.3944	 0.396	0.4515	0.4426	0.4479	0.4452	0.5796	0.5991	 1.002	  1.01	
val losses      230:	0.2131	0.3099	0.4122	0.3955	0.3033	0.3223	0.4031	0.3857	0.3849	0.4405	 1.151	 1.182	 | 0.492 mean
                     	0.5758	0.8605	 1.077	 1.064	0.8489	0.8446	 1.078	 1.086	0.9882	 1.126	   3.1	 3.268	 | 1.642 quantile
                      	 1.855	 3.266	 2.829	 2.817	 1.922	 1.946	 2.117	 2.276	 1.836	 2.641	 5.145	 5.536	 | 5.536 max

train losses    232:	0.3503	0.3657	0.3945	0.3966	0.4514	0.4422	0.4482	0.4449	0.5749	0.5998	0.9983	 1.007	
val losses      232:	0.2131	0.3095	0.4122	0.3955	0.3032	0.3219	 0.403	0.3856	0.3849	0.4407	 1.151	 1.182	 | 0.4918 mean
                     	0.5709	0.8592	 1.078	 1.064	0.8463	0.8419	 1.079	 1.084	0.9857	 1.127	 3.098	 3.266	 | 1.641 quantile
                      	 1.853	  3.27	 2.827	 2.817	 1.919	 1.939	 2.118	 2.276	  1.84	 2.635	 5.138	 5.527	 | 5.527 max

train losses    234:	0.3495	0.3659	0.3945	0.3945	0.4489	0.4414	0.4466	0.4445	0.5776	0.5986	0.9992	 1.009	
val losses      234:	0.2127	0.3094	0.4121	0.3954	 0.303	0.3216	0.4028	0.3856	0.3844	0.4401	  1.15	 1.181	 | 0.4915 mean
                     	0.5743	0.8574	 1.079	 1.064	0.8449	 0.843	 1.078	 1.084	0.9897	 1.124	 3.095	  3.26	 | 1.641 quantile
                      	 1.852	 3.257	 2.826	 2.821	 1.915	 1.938	 2.117	 2.275	 1.837	  2.63	 5.146	 5.521	 | 5.521 max

train losses    236:	0.3511	0.3653	0.3947	0.3959	0.4511	0.4414	0.4473	0.4453	0.5782	0.5984	0.9967	 1.005	
val losses      236:	0.2127	0.3091	0.4123	0.3955	0.3027	0.3213	0.4028	0.3854	0.3841	0.4401	  1.15	 1.181	 | 0.4914 mean
                     	0.5737	0.8578	 1.078	 1.064	0.8457	0.8413	 1.079	 1.085	0.9879	 1.127	 3.099	 3.261	 | 1.64 quantile
                      	 1.866	  3.26	 2.833	 2.822	 1.913	 1.932	 2.115	 2.273	  1.83	 2.632	 5.129	 5.521	 | 5.521 max

train losses    238:	0.3514	0.3647	0.3952	0.3963	0.4506	 0.441	0.4482	0.4434	0.5777	0.5989	0.9971	 1.005	
val losses      238:	0.2127	0.3087	0.4121	0.3955	0.3027	0.3211	0.4027	0.3853	0.3844	0.4404	  1.15	  1.18	 | 0.4913 mean
                     	0.5728	0.8563	 1.077	 1.064	0.8449	0.8396	 1.076	 1.084	0.9873	 1.128	 3.093	 3.259	 | 1.64 quantile
                      	 1.859	 3.255	 2.825	 2.816	 1.915	 1.934	 2.108	  2.27	 1.822	 2.627	 5.144	 5.518	 | 5.518 max

train losses    240:	0.3505	0.3652	 0.395	0.3961	0.4498	0.4413	0.4474	0.4444	0.5778	 0.597	0.9962	 1.005	
val losses      240:	0.2127	0.3082	0.4122	0.3954	0.3024	0.3208	0.4026	0.3851	0.3842	0.4399	 1.149	  1.18	 | 0.491 mean
                     	0.5744	0.8547	 1.077	  1.06	 0.844	0.8378	 1.078	 1.086	0.9921	 1.125	 3.089	  3.26	 | 1.638 quantile
                      	 1.851	  3.24	 2.827	 2.826	 1.918	 1.926	 2.108	 2.265	 1.832	 2.619	 5.149	 5.511	 | 5.511 max

train losses    242:	0.3497	0.3635	0.3939	 0.395	0.4506	0.4402	0.4464	0.4434	0.5777	0.5988	0.9936	 1.004	
val losses      242:	0.2127	0.3083	0.4121	0.3954	0.3023	0.3204	0.4027	0.3851	0.3841	0.4398	 1.149	 1.179	 | 0.4909 mean
                     	0.5735	0.8555	 1.077	 1.061	0.8436	0.8382	 1.077	 1.086	0.9869	 1.126	 3.086	 3.256	 | 1.639 quantile
                      	 1.854	 3.233	 2.829	 2.825	 1.918	 1.923	 2.112	 2.266	 1.836	 2.612	  5.15	 5.503	 | 5.503 max

train losses    244:	0.3503	0.3646	 0.395	0.3953	0.4483	0.4407	0.4461	0.4441	0.5776	0.5985	0.9952	 1.004	
val losses      244:	0.2124	0.3083	 0.412	0.3953	0.3022	0.3204	0.4023	0.3851	0.3835	0.4393	 1.148	 1.179	 | 0.4906 mean
                     	0.5738	0.8535	 1.075	  1.06	0.8389	 0.837	 1.077	 1.085	 0.988	 1.124	 3.085	 3.255	 | 1.638 quantile
                      	 1.851	 3.231	 2.826	 2.823	 1.913	 1.919	 2.109	 2.263	  1.83	 2.608	 5.154	 5.504	 | 5.504 max

train losses    246:	0.3508	0.3639	0.3951	0.3958	0.4497	 0.439	0.4459	0.4433	0.5771	0.5985	0.9932	   1.0	
val losses      246:	0.2124	 0.308	0.4119	0.3952	0.3021	0.3201	0.4022	 0.385	0.3836	0.4388	 1.148	 1.178	 | 0.4905 mean
                     	0.5723	0.8536	 1.077	 1.062	0.8428	0.8371	 1.077	 1.085	 0.988	 1.121	 3.083	 3.253	 | 1.638 quantile
                      	 1.848	 3.225	 2.829	 2.821	 1.905	 1.911	 2.105	  2.26	 1.825	 2.606	 5.145	 5.511	 | 5.511 max

train losses    248:	0.3493	0.3648	0.3932	 0.396	0.4505	0.4389	0.4456	0.4424	0.5761	0.5965	0.9914	0.9996	
val losses      248:	0.2123	0.3076	0.4118	0.3953	0.3018	0.3198	0.4021	0.3848	0.3835	0.4388	 1.148	 1.178	 | 0.4903 mean
                     	0.5712	0.8542	 1.077	 1.063	0.8444	0.8333	 1.073	 1.084	0.9859	 1.123	 3.082	 3.256	 | 1.637 quantile
                      	 1.844	 3.225	 2.825	 2.822	 1.908	 1.907	 2.104	 2.258	 1.816	 2.601	 5.145	 5.514	 | 5.514 max

train losses    250:	0.3499	0.3634	 0.395	 0.394	0.4496	0.4392	0.4459	 0.443	0.5765	 0.598	0.9935	 1.003	
val losses      250:	0.2123	0.3075	0.4117	0.3952	0.3015	0.3196	0.4021	0.3847	0.3832	0.4384	 1.148	 1.178	 | 0.4902 mean
                     	0.5714	0.8542	 1.077	 1.062	0.8428	 0.832	 1.075	 1.082	0.9865	 1.121	 3.081	 3.253	 | 1.638 quantile
                      	 1.846	 3.217	 2.826	 2.817	  1.91	 1.908	 2.103	 2.267	 1.816	 2.601	 5.128	 5.497	 | 5.497 max

train losses    252:	0.3505	 0.364	0.3947	0.3947	0.4482	0.4379	0.4455	0.4429	0.5765	0.5947	0.9924	 1.001	
val losses      252:	0.2122	0.3075	0.4117	0.3952	0.3014	0.3195	 0.402	0.3846	0.3832	0.4384	 1.148	 1.178	 | 0.4901 mean
                     	0.5708	0.8553	 1.076	 1.062	0.8419	 0.832	 1.074	  1.08	0.9874	  1.12	  3.08	 3.252	 | 1.639 quantile
                      	 1.851	 3.216	 2.826	 2.818	  1.91	 1.908	 2.106	 2.268	 1.818	 2.595	 5.132	 5.491	 | 5.491 max

train losses    254:	0.3498	0.3651	0.3951	0.3941	0.4482	0.4395	0.4456	0.4424	0.5751	0.5972	0.9915	 1.001	
val losses      254:	0.2123	0.3076	0.4117	0.3952	0.3014	0.3193	 0.402	0.3846	0.3832	0.4383	 1.148	 1.178	 | 0.4901 mean
                     	0.5705	0.8531	 1.076	 1.062	0.8405	0.8338	 1.077	 1.079	0.9873	  1.12	 3.077	 3.253	 | 1.639 quantile
                      	 1.849	  3.22	 2.823	 2.816	 1.907	 1.913	 2.105	 2.264	 1.822	 2.599	 5.134	 5.491	 | 5.491 max

train losses    256:	0.3505	0.3629	0.3938	 0.395	0.4485	 0.439	0.4447	0.4426	0.5774	0.5969	0.9938	0.9998	
val losses      256:	0.2122	0.3075	0.4117	0.3952	0.3013	0.3192	 0.402	0.3846	0.3831	0.4383	 1.147	 1.178	 | 0.49 mean
                     	0.5714	0.8546	 1.076	 1.062	0.8395	0.8311	 1.075	 1.081	0.9863	 1.119	 3.076	 3.252	 | 1.638 quantile
                      	 1.846	 3.217	 2.822	 2.816	 1.905	 1.912	 2.108	 2.263	 1.819	 2.594	 5.133	 5.493	 | 5.493 max

train losses    258:	0.3492	0.3635	0.3936	 0.395	0.4486	0.4397	0.4439	0.4422	0.5759	0.5964	0.9932	0.9989	
val losses      258:	 0.212	0.3075	0.4117	0.3952	0.3012	0.3192	0.4019	0.3845	0.3831	0.4383	 1.147	 1.178	 | 0.49 mean
                     	 0.571	0.8532	 1.077	 1.062	0.8403	0.8326	 1.076	  1.08	 0.987	 1.119	 3.077	  3.25	 | 1.638 quantile
                      	 1.851	  3.22	 2.822	 2.814	 1.905	  1.91	  2.11	 2.264	 1.821	 2.591	 5.133	 5.491	 | 5.491 max

train losses    260:	0.3485	0.3647	0.3946	0.3944	0.4471	0.4396	0.4451	 0.443	0.5773	0.5939	0.9904	0.9999	
val losses      260:	 0.212	0.3075	0.4116	0.3951	0.3012	0.3191	0.4019	0.3845	0.3829	0.4379	 1.147	 1.177	 | 0.4898 mean
                     	  0.57	0.8551	 1.076	 1.061	0.8404	0.8322	 1.075	 1.079	0.9877	 1.119	 3.077	  3.25	 | 1.637 quantile
                      	 1.847	 3.219	 2.822	 2.813	 1.906	 1.904	 2.111	  2.26	 1.823	 2.588	 5.133	 5.488	 | 5.488 max

train losses    262:	0.3504	0.3638	0.3945	0.3955	 0.449	0.4401	0.4439	0.4421	0.5753	0.5965	0.9919	 1.001	
val losses      262:	0.2119	0.3074	0.4116	0.3951	0.3011	 0.319	0.4018	0.3844	0.3828	0.4378	 1.147	 1.177	 | 0.4898 mean
                     	0.5689	0.8538	 1.077	 1.062	0.8413	 0.831	 1.075	 1.078	0.9851	  1.12	 3.074	 3.249	 | 1.637 quantile
                      	  1.85	 3.216	 2.821	 2.811	 1.908	 1.904	 2.111	 2.259	 1.825	 2.589	 5.132	 5.492	 | 5.492 max

train losses    264:	0.3502	0.3631	0.3943	0.3941	0.4485	0.4388	0.4442	0.4422	 0.575	0.5954	0.9931	 1.001	
val losses      264:	0.2119	0.3074	0.4116	0.3951	 0.301	0.3188	0.4017	0.3844	 0.383	0.4381	 1.147	 1.177	 | 0.4897 mean
                     	 0.569	0.8526	 1.077	 1.062	0.8395	0.8294	 1.076	 1.079	0.9875	 1.119	 3.074	  3.25	 | 1.637 quantile
                      	 1.847	 3.216	 2.818	 2.809	  1.91	 1.905	  2.11	 2.259	 1.825	 2.585	 5.132	 5.486	 | 5.486 max

train losses    266:	0.3491	 0.363	0.3934	0.3946	0.4485	0.4403	0.4432	0.4429	0.5776	0.5954	0.9899	0.9984	
val losses      266:	 0.212	0.3074	0.4116	0.3951	0.3009	0.3187	0.4017	0.3844	0.3829	0.4383	 1.147	 1.177	 | 0.4897 mean
                     	0.5699	0.8536	 1.076	 1.061	0.8386	0.8295	 1.077	 1.081	0.9869	 1.119	 3.076	 3.248	 | 1.637 quantile
                      	  1.85	  3.22	  2.82	 2.808	 1.913	 1.904	  2.11	 2.261	 1.823	 2.586	 5.133	 5.488	 | 5.488 max

train losses    268:	0.3486	0.3635	0.3936	0.3943	0.4478	0.4384	0.4461	0.4426	0.5756	 0.594	0.9935	 1.001	
val losses      268:	0.2119	0.3073	0.4116	 0.395	0.3008	0.3186	0.4017	0.3843	0.3828	0.4381	 1.147	 1.177	 | 0.4896 mean
                     	0.5683	0.8534	 1.076	  1.06	0.8384	0.8298	 1.077	  1.08	0.9893	 1.118	 3.073	 3.247	 | 1.637 quantile
                      	 1.849	 3.218	 2.819	 2.809	 1.911	 1.907	 2.108	  2.26	 1.823	 2.585	  5.13	 5.487	 | 5.487 max

train losses    270:	0.3484	0.3632	0.3925	 0.394	0.4488	0.4394	0.4461	0.4415	0.5744	 0.596	 0.991	 1.001	
val losses      270:	0.2118	0.3072	0.4116	0.3951	0.3008	0.3185	0.4016	0.3843	0.3828	 0.438	 1.147	 1.177	 | 0.4896 mean
                     	0.5691	0.8527	 1.075	 1.061	0.8387	 0.828	 1.076	 1.078	0.9861	 1.117	 3.074	 3.246	 | 1.637 quantile
                      	 1.855	 3.218	 2.821	 2.812	 1.906	 1.908	  2.11	 2.258	 1.821	 2.585	 5.132	 5.485	 | 5.485 max

train losses    272:	0.3492	0.3624	0.3935	0.3942	0.4484	0.4384	0.4451	0.4428	0.5741	0.5949	0.9914	0.9991	
val losses      272:	0.2118	0.3071	0.4115	 0.395	0.3007	0.3184	0.4016	0.3842	0.3828	0.4379	 1.147	 1.177	 | 0.4895 mean
                     	0.5706	0.8525	 1.075	  1.06	 0.839	 0.829	 1.076	 1.078	0.9868	 1.118	 3.073	 3.246	 | 1.638 quantile
                      	 1.852	 3.218	 2.817	 2.811	  1.91	 1.905	 2.111	 2.256	  1.82	 2.583	 5.126	 5.479	 | 5.479 max

train losses    274:	0.3503	0.3635	0.3939	0.3942	0.4477	0.4369	0.4452	0.4424	 0.575	0.5965	0.9898	0.9992	
val losses      274:	0.2118	0.3069	0.4115	 0.395	0.3007	0.3183	0.4015	0.3842	0.3827	0.4378	 1.146	 1.176	 | 0.4894 mean
                     	0.5689	0.8522	 1.075	 1.061	0.8374	0.8291	 1.076	 1.078	0.9863	 1.117	 3.072	 3.244	 | 1.637 quantile
                      	 1.851	 3.214	 2.816	 2.811	 1.908	 1.906	 2.111	 2.261	 1.821	 2.583	 5.126	 5.486	 | 5.486 max

train losses    276:	0.3499	0.3622	0.3935	0.3951	0.4466	0.4381	0.4435	0.4435	0.5766	0.5945	0.9892	0.9985	
val losses      276:	0.2118	0.3069	0.4114	 0.395	0.3006	0.3182	0.4015	0.3842	0.3827	0.4374	 1.146	 1.176	 | 0.4894 mean
                     	0.5688	0.8516	 1.076	  1.06	0.8371	0.8283	 1.076	 1.078	0.9856	 1.116	 3.073	 3.243	 | 1.638 quantile
                      	 1.854	  3.21	 2.816	  2.81	 1.907	 1.903	 2.114	 2.256	 1.822	 2.584	 5.118	 5.481	 | 5.481 max

train losses    278:	0.3484	0.3628	0.3937	0.3941	0.4478	0.4385	0.4443	0.4417	0.5748	0.5953	0.9909	 0.997	
val losses      278:	0.2117	0.3067	0.4114	 0.395	0.3006	0.3181	0.4015	0.3841	0.3828	0.4379	 1.146	 1.176	 | 0.4893 mean
                     	0.5681	0.8511	 1.076	 1.059	0.8376	0.8298	 1.077	 1.077	0.9875	 1.117	 3.071	 3.243	 | 1.638 quantile
                      	 1.859	 3.212	 2.815	 2.807	 1.909	 1.902	 2.117	 2.254	 1.823	 2.579	 5.125	 5.481	 | 5.481 max

train losses    280:	0.3491	0.3622	0.3939	0.3941	0.4493	0.4376	0.4436	0.4418	0.5753	0.5945	 0.988	0.9964	
val losses      280:	0.2117	0.3066	0.4114	0.3949	0.3005	 0.318	0.4014	0.3841	0.3827	0.4377	 1.146	 1.176	 | 0.4893 mean
                     	0.5669	0.8519	 1.075	 1.059	 0.837	 0.829	 1.076	 1.077	0.9862	 1.117	  3.07	 3.243	 | 1.638 quantile
                      	 1.859	 3.209	 2.812	 2.807	 1.911	 1.902	 2.116	 2.253	 1.827	 2.582	 5.129	 5.481	 | 5.481 max

train losses    282:	0.3478	0.3625	0.3928	0.3939	0.4474	0.4375	0.4443	0.4417	0.5742	0.5946	0.9906	0.9982	
val losses      282:	0.2116	0.3063	0.4114	 0.395	0.3005	 0.318	0.4013	0.3841	0.3826	0.4378	 1.146	 1.176	 | 0.4892 mean
                     	0.5688	0.8518	 1.074	 1.058	0.8363	0.8278	 1.076	 1.077	0.9864	 1.117	  3.07	 3.243	 | 1.637 quantile
                      	 1.854	  3.21	 2.811	 2.806	 1.907	 1.901	 2.115	 2.253	 1.822	 2.579	 5.129	 5.479	 | 5.479 max

train losses    284:	0.3487	0.3635	 0.394	0.3944	0.4473	0.4365	0.4455	0.4429	 0.576	0.5947	0.9892	0.9973	
val losses      284:	0.2115	0.3064	0.4114	0.3949	0.3004	0.3179	0.4013	 0.384	0.3827	0.4377	 1.146	 1.176	 | 0.4891 mean
                     	0.5677	0.8526	 1.075	  1.06	0.8368	0.8278	 1.077	 1.077	0.9856	 1.115	  3.07	 3.245	 | 1.637 quantile
                      	 1.852	 3.212	  2.81	 2.805	 1.907	 1.898	 2.112	 2.255	 1.818	 2.578	 5.126	 5.474	 | 5.474 max

train losses    286:	0.3483	0.3618	0.3931	0.3937	0.4482	0.4361	 0.445	0.4424	0.5752	0.5942	0.9906	0.9972	
val losses      286:	0.2116	0.3063	0.4114	 0.395	0.3003	0.3178	0.4013	 0.384	0.3826	0.4376	 1.146	 1.176	 | 0.4891 mean
                     	0.5677	0.8527	 1.074	 1.059	0.8374	0.8284	 1.078	 1.076	0.9854	 1.116	 3.067	 3.243	 | 1.636 quantile
                      	  1.85	 3.208	 2.811	 2.806	 1.908	 1.895	  2.11	 2.255	 1.822	 2.576	 5.121	 5.471	 | 5.471 max

train losses    288:	0.3485	0.3626	0.3931	0.3947	0.4467	 0.436	0.4442	0.4409	0.5756	0.5942	0.9889	0.9955	
val losses      288:	0.2116	0.3061	0.4113	0.3949	0.3002	0.3177	0.4011	0.3839	0.3825	0.4374	 1.145	 1.175	 | 0.489 mean
                     	0.5696	0.8515	 1.075	 1.059	0.8361	0.8278	 1.076	 1.076	0.9859	 1.116	 3.067	 3.244	 | 1.636 quantile
                      	  1.85	 3.207	 2.812	 2.807	 1.905	 1.892	 2.107	 2.256	 1.822	  2.58	 5.129	 5.476	 | 5.476 max

train losses    290:	 0.348	0.3628	0.3933	 0.394	0.4472	0.4386	0.4444	0.4414	0.5746	0.5938	0.9851	0.9973	
val losses      290:	0.2115	 0.306	0.4114	0.3949	0.3002	0.3175	0.4011	0.3838	0.3825	0.4373	 1.145	 1.175	 | 0.4889 mean
                     	0.5685	0.8514	 1.074	 1.059	0.8347	0.8272	 1.076	 1.077	0.9844	 1.115	 3.068	 3.243	 | 1.636 quantile
                      	 1.851	 3.205	 2.816	 2.808	 1.905	  1.89	 2.108	 2.254	 1.823	 2.578	  5.13	 5.478	 | 5.478 max

train losses    292:	0.3487	0.3619	0.3929	0.3932	0.4475	0.4375	0.4429	 0.441	0.5757	0.5937	0.9878	0.9968	
val losses      292:	0.2114	0.3059	0.4113	0.3949	0.3001	0.3175	0.4011	0.3838	0.3825	0.4373	 1.145	 1.175	 | 0.4888 mean
                     	0.5685	0.8503	 1.074	 1.059	 0.835	0.8277	 1.076	 1.076	0.9862	 1.115	 3.065	 3.241	 | 1.636 quantile
                      	 1.847	 3.201	 2.817	 2.808	 1.906	 1.889	 2.105	 2.253	  1.82	 2.575	 5.122	 5.478	 | 5.478 max

train losses    294:	0.3487	0.3612	0.3922	0.3936	0.4477	0.4357	0.4425	0.4412	0.5753	0.5947	0.9875	0.9945	
val losses      294:	0.2115	0.3058	0.4113	0.3949	0.3001	0.3174	 0.401	0.3838	0.3824	0.4374	 1.145	 1.175	 | 0.4888 mean
                     	0.5688	0.8506	 1.074	 1.059	0.8344	0.8286	 1.075	 1.077	0.9859	 1.115	 3.067	  3.24	 | 1.635 quantile
                      	 1.849	 3.203	 2.816	 2.808	 1.905	 1.891	 2.105	 2.251	 1.819	  2.57	 5.122	 5.471	 | 5.471 max

train losses    296:	0.3484	0.3617	0.3929	0.3944	0.4473	0.4384	0.4439	0.4417	0.5753	0.5955	0.9871	0.9968	
val losses      296:	0.2115	0.3058	0.4112	0.3949	0.2999	0.3173	0.4009	0.3837	0.3823	0.4373	 1.145	 1.175	 | 0.4887 mean
                     	0.5681	0.8496	 1.073	 1.057	0.8343	0.8277	 1.076	 1.076	0.9834	 1.115	 3.066	 3.238	 | 1.635 quantile
                      	 1.847	 3.204	 2.815	 2.808	 1.902	 1.891	 2.102	 2.253	 1.822	 2.573	 5.127	 5.479	 | 5.479 max

train losses    298:	0.3498	0.3615	0.3929	0.3937	0.4476	0.4377	0.4438	0.4416	0.5752	0.5927	0.9864	 0.994	
val losses      298:	0.2113	0.3056	0.4112	0.3949	0.2998	0.3172	0.4009	0.3837	0.3823	0.4374	 1.145	 1.175	 | 0.4887 mean
                     	0.5674	 0.851	 1.073	 1.057	0.8326	0.8282	 1.077	 1.077	0.9857	 1.114	 3.065	 3.239	 | 1.635 quantile
                      	 1.844	 3.199	 2.817	 2.809	   1.9	 1.892	 2.101	 2.251	 1.817	 2.571	 5.123	 5.473	 | 5.473 max

