train losses      0:	0.6736	0.6641	0.5793	0.5241	0.7824	0.8045	 0.625	0.5687	 1.562	 1.601	 1.522	 1.516	
val losses        0:	0.5745	0.5685	0.6034	0.6279	 1.235	 1.432	 3.914	 1.635	 2.673	 2.665	 1.458	  1.61	 | 1.583 mean
                     	 1.496	  1.58	 1.533	 1.437	 3.301	 3.512	 5.027	 2.745	 6.962	  6.98	 3.817	 4.147	 | 4.611 quantile
                      	 4.844	 5.811	 3.183	  3.73	 7.116	 6.377	 6.736	 4.139	 12.98	 12.53	 6.011	 6.034	 | 12.98 max

train losses      2:	 0.634	0.6071	0.4815	0.4742	0.7258	 0.752	0.6033	0.5709	  1.49	  1.56	 1.488	  1.51	
val losses        2:	 1.057	0.6153	0.5296	0.5344	 1.185	0.9546	0.8172	0.6153	 2.814	 2.806	 1.855	 1.598	 | 1.282 mean
                     	 1.975	 1.563	 1.269	 1.237	 2.955	 2.698	 1.834	 1.503	 7.096	 7.161	 4.564	 3.684	 | 4.134 quantile
                      	 5.178	 5.132	 2.459	 3.087	 6.891	  7.08	 3.227	 2.834	 13.87	 13.24	 6.465	 7.016	 | 13.87 max

train losses      4:	0.5239	0.5338	0.4337	0.4299	0.6267	0.6736	0.5289	0.5292	 1.358	 1.483	 1.439	 1.463	
val losses        4:	0.4294	0.4483	0.4153	0.4628	0.7765	0.8764	0.5076	0.4855	 2.086	 2.434	 1.351	 1.342	 | 0.9679 mean
                     	 1.146	 1.251	 1.022	 1.162	 2.116	 2.442	 1.256	 1.266	 5.387	 6.384	 3.207	 3.343	 | 3.327 quantile
                      	 3.381	 4.215	 2.562	 3.329	 6.236	 6.263	  2.37	 2.574	 11.05	 12.27	 6.017	 5.889	 | 12.27 max

train losses      6:	 0.453	0.4914	0.4007	 0.407	0.5681	0.6355	0.5063	0.5139	 1.175	 1.363	 1.386	 1.425	
val losses        6:	0.4058	 0.445	0.3536	 0.355	  0.76	0.8485	0.4759	0.4756	 1.784	 2.221	 1.327	 1.327	 | 0.8983 mean
                     	 1.075	 1.237	0.8884	0.9261	 2.007	 2.331	 1.194	 1.255	 4.643	 5.897	 3.076	 3.237	 | 3.05 quantile
                      	 3.582	 4.359	 2.117	 2.871	 5.952	 6.042	 2.378	 2.547	 10.35	 11.72	 5.701	 5.904	 | 11.72 max

train losses      8:	0.4324	0.4881	0.4024	0.4118	0.5194	0.6127	0.5018	0.5064	0.9609	 1.186	 1.324	  1.38	
val losses        8:	0.3793	0.4649	0.3597	0.3594	0.6752	0.8279	0.4836	0.4837	 1.408	 1.889	 1.286	   1.3	 | 0.8265 mean
                     	  1.04	 1.305	0.9064	0.9316	  1.89	 2.337	 1.219	 1.265	 3.748	 5.087	 2.916	 3.143	 | 2.695 quantile
                      	 3.181	 4.247	 2.237	 2.983	 5.591	 5.919	 2.187	 2.542	 9.366	 11.01	 5.473	 5.601	 | 11.01 max

train losses     10:	0.4207	0.4737	0.4089	0.4171	0.5004	0.5804	0.5137	 0.506	0.7927	0.9715	  1.26	 1.319	
val losses       10:	0.3527	0.4386	0.3623	0.3499	0.6526	0.7562	0.5009	0.4782	 1.056	 1.506	 1.214	 1.248	 | 0.7429 mean
                     	0.9748	 1.218	0.9091	0.8939	 1.841	 2.199	 1.253	 1.259	  2.93	 4.144	 2.757	 2.998	 | 2.341 quantile
                      	 3.029	 3.883	 2.142	 2.864	 5.094	  5.83	  2.29	 2.731	 8.026	 10.05	 5.051	 5.282	 | 10.05 max

train losses     12:	0.4171	0.4508	0.4169	0.4283	0.5072	0.5412	0.5237	0.5048	0.7154	0.7983	 1.203	 1.246	
val losses       12:	0.3339	0.3984	0.3671	0.3463	0.6338	0.6841	0.5051	0.4736	0.8694	 1.135	 1.158	 1.191	 | 0.6746 mean
                     	 0.912	 1.094	0.9298	0.9008	 1.808	  1.98	 1.248	 1.226	 2.597	 3.521	 2.776	 2.869	 | 2.116 quantile
                      	 2.626	 3.591	 2.093	 2.778	 4.781	 5.483	 2.312	 2.714	 6.853	 9.014	 4.645	 4.754	 | 9.014 max

train losses     14:	0.4042	0.4342	0.4207	 0.434	0.5205	 0.511	0.5221	0.5003	 0.707	0.7253	 1.157	 1.177	
val losses       14:	0.3061	0.3621	0.3583	  0.34	0.6365	0.6532	0.4987	0.4648	0.8468	0.9703	 1.095	 1.137	 | 0.6391 mean
                     	0.8364	  1.02	0.9066	0.8804	 1.764	 1.875	 1.254	 1.209	 2.192	 2.931	 2.767	 2.756	 | 1.972 quantile
                      	  2.43	 3.297	 2.156	 2.729	 4.796	 4.983	 2.222	 2.776	 6.022	 7.931	 4.257	 4.429	 | 7.931 max

train losses     16:	0.4125	0.4289	 0.422	  0.43	0.5106	 0.498	0.5096	0.4961	0.8683	0.8386	 1.138	 1.135	
val losses       16:	0.2948	0.3481	0.3478	0.3238	0.6319	0.6201	0.4868	0.4573	 1.138	 1.116	 1.044	 1.074	 | 0.6568 mean
                     	0.7833	0.9656	0.8768	0.8499	 1.806	 1.796	 1.222	 1.183	 2.501	 2.618	 2.734	  2.71	 | 2.055 quantile
                      	 2.629	 3.101	 2.204	 2.895	 4.998	 4.836	 2.145	 2.757	 5.593	 6.995	 4.057	 4.329	 | 6.995 max

train losses     18:	0.4148	0.4346	0.4271	0.4284	0.5177	0.5166	 0.503	0.4945	0.9514	0.9322	 1.161	 1.144	
val losses       18:	0.2738	0.3248	 0.346	0.3152	0.6066	0.6164	0.4546	0.4461	 1.029	 1.014	 1.035	 1.073	 | 0.6279 mean
                     	 0.749	0.9044	 0.868	0.8448	 1.676	 1.757	 1.153	  1.17	  2.74	 2.852	 2.748	 2.703	 | 2.021 quantile
                      	 2.117	 2.837	 2.283	 2.871	 5.075	 4.447	  2.04	 2.787	 5.944	 7.051	 4.315	 4.405	 | 7.051 max

train losses     20:	0.3985	0.4205	0.4224	0.4195	  0.51	0.5023	0.4931	0.4914	0.8412	0.8401	 1.108	 1.107	
val losses       20:	0.2892	0.3295	0.3464	0.3206	0.6585	0.6126	0.4626	 0.443	 1.233	 1.192	 1.067	 1.103	 | 0.6715 mean
                     	0.7835	0.9045	0.8697	0.8526	 1.805	   1.7	 1.153	 1.155	 2.719	 2.656	 2.773	  2.69	 | 2.11 quantile
                      	 2.093	 2.562	 2.499	 2.945	 5.114	 4.413	 2.015	 2.888	 5.116	 6.084	 4.386	 4.472	 | 6.084 max

train losses     22:	 0.385	0.4102	0.4155	0.4151	0.5123	0.5064	0.4841	0.4802	0.7159	0.7297	 1.116	 1.112	
val losses       22:	0.2763	0.3041	0.3408	0.3199	0.6073	0.5941	0.4521	0.4458	0.9117	0.9066	  1.07	 1.076	 | 0.6087 mean
                     	 0.752	0.8418	0.8522	0.8406	 1.691	 1.669	 1.135	 1.157	 2.253	 2.433	 2.823	 2.749	 | 1.922 quantile
                      	 2.318	 2.563	 2.184	 2.908	 5.083	 4.357	 2.191	 2.833	 4.368	 5.389	 4.584	 4.356	 | 5.389 max

train losses     24:	0.3706	0.3924	0.4064	0.4056	 0.475	0.4714	0.4711	0.4695	0.6093	0.6189	 1.067	 1.063	
val losses       24:	0.2639	0.2978	 0.339	0.3134	0.5858	 0.576	0.4366	0.4341	0.7543	0.7735	 1.071	 1.073	 | 0.5765 mean
                     	 0.725	0.8034	0.8393	0.8294	 1.584	 1.629	 1.098	  1.13	 1.891	 2.129	  2.71	 2.655	 | 1.799 quantile
                      	 2.121	  2.48	 2.271	 2.997	 4.744	 3.981	 1.873	 2.852	 3.671	  4.84	 4.602	 4.478	 | 4.84 max

train losses     26:	0.3635	0.3803	 0.402	0.4005	0.4546	 0.454	0.4568	0.4578	 0.594	0.5916	 1.045	 1.039	
val losses       26:	0.2602	 0.285	0.3375	0.3104	0.5585	0.5438	0.4344	0.4299	0.7136	0.7001	 1.031	 1.038	 | 0.5536 mean
                     	0.7189	0.7797	0.8396	0.8181	 1.529	 1.548	  1.09	 1.119	 1.664	 1.838	 2.671	 2.646	 | 1.69 quantile
                      	 2.156	 2.354	 2.259	 2.953	 4.796	 3.949	 1.905	 2.871	 2.881	 3.985	 4.462	 4.313	 | 4.796 max

train losses     28:	0.3534	0.3684	0.3937	0.3927	0.4364	0.4368	 0.445	0.4463	0.5727	 0.578	 1.011	  1.01	
val losses       28:	0.2599	0.2734	0.3354	0.3083	0.5391	0.5289	0.4259	0.4236	0.6842	0.6787	  1.04	 1.052	 | 0.5458 mean
                     	0.7257	0.7544	0.8318	0.8158	  1.43	   1.5	 1.082	 1.099	 1.636	 1.801	 2.789	 2.693	 | 1.689 quantile
                      	 2.167	 2.322	 2.179	 2.915	 4.648	 3.845	 1.905	 2.777	 3.019	 3.896	 4.208	 4.019	 | 4.648 max

train losses     30:	0.3416	0.3546	0.3874	0.3865	0.4284	0.4253	0.4376	0.4363	0.5665	0.5682	 1.019	 1.014	
val losses       30:	0.2504	  0.26	0.3323	0.3074	0.5275	0.5151	0.4213	0.4171	0.6844	0.6668	 1.014	 1.028	 | 0.5354 mean
                     	0.6856	0.7152	0.8204	0.8193	 1.383	 1.458	 1.074	 1.079	 1.658	 1.769	 2.776	 2.699	 | 1.65 quantile
                      	 2.092	 2.198	  2.21	 2.904	 4.548	 3.652	 1.876	 2.898	 3.024	 3.683	 4.167	 4.014	 | 4.548 max

train losses     32:	0.3355	0.3482	0.3813	0.3804	 0.421	0.4175	0.4287	0.4281	 0.547	0.5543	 1.016	 1.011	
val losses       32:	 0.248	0.2554	0.3286	0.3063	0.5171	0.5053	0.4176	 0.413	0.6826	  0.64	0.9977	 1.009	 | 0.5267 mean
                     	0.6904	0.7078	0.8145	0.8117	 1.368	 1.433	 1.051	 1.066	 1.642	 1.624	 2.749	 2.702	 | 1.609 quantile
                      	 2.093	  2.34	  2.18	 2.937	 4.455	 3.485	 1.745	 2.841	 2.747	 3.304	 4.321	 4.566	 | 4.566 max

train losses     34:	0.3324	0.3465	0.3791	0.3789	0.4148	0.4149	0.4257	0.4245	0.5535	0.5606	 1.089	 1.079	
val losses       34:	0.2434	0.2488	0.3287	0.3064	0.5156	0.5016	0.4194	0.4088	0.6836	0.6539	 1.027	 1.033	 | 0.5309 mean
                     	0.6693	0.6812	0.8169	0.8083	 1.366	  1.42	 1.056	  1.06	 1.587	 1.607	 2.632	 2.552	 | 1.61 quantile
                      	 2.012	 2.143	 2.208	 2.977	  4.38	 3.461	  1.82	 2.865	 2.722	 2.943	 4.376	  4.37	 | 4.38 max

train losses     36:	0.3264	0.3413	0.3731	0.3725	0.4123	 0.411	0.4152	 0.414	0.5811	0.5866	0.9752	 0.971	
val losses       36:	0.2414	0.2531	0.3273	0.3058	0.5054	0.4887	0.4159	0.4098	0.6913	0.6568	 1.007	 1.019	 | 0.5268 mean
                     	0.6722	 0.701	0.8197	0.8133	 1.339	 1.371	 1.044	 1.058	 1.671	 1.627	 2.814	 2.746	 | 1.654 quantile
                      	  2.08	 2.294	 2.149	 3.009	 4.331	 3.342	 1.759	 2.839	  2.56	 2.839	 4.222	 4.264	 | 4.331 max

train losses     38:	  0.32	0.3382	 0.372	0.3691	0.4077	0.4106	0.4125	0.4106	0.5824	0.5936	0.9618	0.9574	
val losses       38:	0.2402	0.2458	0.3282	0.3059	0.4995	0.4809	0.4154	0.4052	0.7335	0.7215	 1.018	 1.019	 | 0.5344 mean
                     	0.6629	0.6729	0.8151	0.8177	 1.352	 1.357	 1.031	 1.033	 1.691	 1.709	 2.671	 2.606	 | 1.624 quantile
                      	 2.015	 2.199	 2.141	 2.974	 4.191	  3.27	 1.754	 2.821	 2.754	  2.78	 4.325	 4.384	 | 4.384 max

train losses     40:	0.3214	0.3351	0.3683	0.3676	0.4129	0.4123	0.4083	0.4073	0.5795	0.5941	0.9585	0.9527	
val losses       40:	0.2374	0.2455	0.3264	0.3043	0.4928	0.4755	0.4102	0.4014	0.7045	0.6677	0.9832	 0.994	 | 0.5202 mean
                     	0.6562	0.6662	0.8134	0.8096	 1.307	 1.333	 1.014	 1.036	 1.641	 1.604	 2.686	 2.627	 | 1.592 quantile
                      	 2.192	  2.15	 2.115	 2.989	 4.082	 3.126	 1.795	 2.833	  2.73	 2.561	 4.218	 4.247	 | 4.247 max

train losses     42:	 0.324	0.3405	0.3679	0.3658	0.4169	 0.418	0.4057	 0.402	0.5975	0.6146	0.9137	0.9086	
val losses       42:	0.2466	0.2485	0.3248	0.3064	0.4925	0.4795	0.4077	0.3999	0.7145	0.6862	0.9929	   1.0	 | 0.525 mean
                     	0.6737	0.6806	 0.815	0.8127	 1.311	 1.347	 1.008	 1.026	 1.661	 1.656	 2.615	 2.544	 | 1.599 quantile
                      	 2.018	 2.199	 2.165	 2.998	 4.191	 3.123	 1.752	 2.882	 2.798	 2.536	 4.238	 4.126	 | 4.238 max

train losses     44:	0.3329	0.3543	0.3654	0.3629	0.4319	0.4393	0.4049	0.4002	0.6116	0.6269	0.9095	0.9081	
val losses       44:	0.2448	0.2524	0.3253	 0.306	0.4908	0.4766	0.4072	0.3998	  0.72	 0.695	0.9752	0.9811	 | 0.5229 mean
                     	0.6709	0.6888	  0.81	0.8139	 1.332	 1.342	 1.007	 1.026	 1.672	 1.694	 2.613	 2.546	 | 1.594 quantile
                      	 2.187	 2.193	 2.137	  2.98	 4.253	 3.163	 1.777	 2.838	 2.878	 2.621	 4.395	 4.266	 | 4.395 max

train losses     46:	0.3467	0.3634	0.3663	0.3643	0.4628	0.4765	0.4078	0.4025	0.5961	 0.632	0.9701	 0.961	
val losses       46:	0.2578	0.2607	0.3288	0.3107	0.5058	0.4853	0.4082	0.4007	0.6957	0.6635	0.9997	 1.004	 | 0.5267 mean
                     	0.7083	0.7164	0.8249	0.8186	 1.357	 1.373	 1.017	 1.036	  1.61	 1.602	 2.581	 2.533	 | 1.599 quantile
                      	  2.11	 2.307	 2.158	 3.066	 4.375	 3.223	 1.685	 2.858	  2.96	 2.698	 4.361	 4.311	 | 4.375 max

train losses     48:	0.3518	0.3642	0.3644	0.3648	0.4444	0.4639	0.4111	0.4028	0.5929	0.6101	0.9469	0.9336	
val losses       48:	0.2984	0.2973	0.3301	0.3086	0.5525	0.5363	0.4092	0.3999	 0.687	0.6522	 1.004	 1.007	 | 0.5403 mean
                     	0.7933	0.8233	0.8238	0.8164	 1.404	 1.443	 1.026	 1.039	 1.609	 1.567	 2.637	 2.598	 | 1.621 quantile
                      	 2.136	 2.463	 2.271	 3.049	  4.48	 3.521	 1.766	 2.787	 2.762	 2.593	 4.381	  4.18	 | 4.48 max

train losses     50:	0.4061	0.4153	0.3759	 0.375	0.4538	0.4811	0.4239	0.4173	0.6422	0.6508	 1.092	 1.058	
val losses       50:	0.2867	0.2966	0.3297	0.3088	 0.541	  0.53	0.4127	0.4017	0.7263	0.6843	 1.042	 1.035	 | 0.5496 mean
                     	0.7631	0.8091	0.8267	0.8134	 1.406	 1.435	 1.013	 1.022	 1.703	 1.651	 2.638	 2.607	 | 1.65 quantile
                      	 2.039	 2.577	 2.198	 2.973	 4.305	 3.255	 1.847	  2.93	 2.866	 2.428	 4.519	 4.556	 | 4.556 max

train losses     52:	0.4432	0.4848	0.4115	0.4071	0.4958	 0.517	 0.474	0.4632	0.7809	0.8152	 1.553	 1.547	
val losses       52:	0.3075	0.3577	 0.363	0.3446	0.6081	0.5879	0.4321	0.4266	0.9409	0.9698	 1.277	  1.26	 | 0.6562 mean
                     	0.8322	0.9917	0.9173	0.8767	 1.671	 1.689	 1.077	 1.077	 2.163	 2.302	 3.242	 3.174	 | 2.058 quantile
                      	  2.38	 2.898	 2.305	 3.129	 4.827	 3.797	 2.002	 2.891	 3.922	 4.698	 4.858	 4.816	 | 4.858 max

train losses     54:	0.5307	0.6031	0.4445	0.4428	0.5929	0.5887	0.5231	0.5385	 1.591	 1.462	 1.386	 1.396	
val losses       54:	0.3962	0.4955	0.3831	0.3388	0.7163	 0.706	0.4536	0.4566	 1.259	 1.299	 1.378	 1.326	 | 0.7674 mean
                     	 1.051	 1.352	0.9743	0.8836	 2.026	 2.035	 1.132	 1.155	 3.218	 3.485	 3.234	 3.174	 | 2.46 quantile
                      	 3.149	 4.023	 2.877	 3.234	 5.834	 5.017	 2.311	 2.845	 5.248	 5.664	 5.973	 5.026	 | 5.973 max

train losses     56:	0.5279	0.5498	0.4262	0.4262	0.5627	0.5688	0.5048	0.5004	  1.23	 1.148	 1.218	 1.195	
val losses       56:	0.3907	0.4279	0.3511	0.3356	0.8169	0.7825	0.4743	0.4566	 1.716	 1.705	 1.327	 1.274	 | 0.8381 mean
                     	  1.09	 1.231	0.8925	0.8765	 2.324	 2.271	 1.177	 1.145	 4.464	 4.473	 3.175	 3.243	 | 2.809 quantile
                      	 3.449	 4.382	 2.444	 3.149	 6.556	 5.447	 2.136	 2.523	 6.846	 6.728	   5.8	 4.835	 | 6.846 max

train losses     58:	0.4827	0.5138	0.4053	0.4069	0.5428	0.5713	0.4816	0.4811	0.9942	0.9671	  1.19	 1.161	
val losses       58:	0.3785	0.4289	0.3417	0.3328	0.7761	0.7577	0.4556	0.4604	 1.762	 1.753	 1.355	 1.285	 | 0.8405 mean
                     	 1.099	 1.253	0.8667	0.8653	 2.265	 2.249	 1.149	 1.175	 4.591	  4.57	 3.158	  3.15	 | 2.85 quantile
                      	 3.391	 4.449	 2.177	 3.094	 6.756	 5.636	 1.977	 2.812	 6.898	  6.62	 6.373	 5.191	 | 6.898 max

train losses     60:	  0.48	0.4706	0.3957	0.3937	0.5236	0.5323	0.4728	0.4695	0.8199	0.8207	 1.114	 1.096	
val losses       60:	0.3863	0.4063	0.3407	0.3218	0.7516	0.7398	0.4558	0.4695	  1.41	 1.381	  1.24	 1.217	 | 0.76 mean
                     	 1.071	 1.198	0.8566	0.8446	 2.162	  2.17	 1.158	 1.194	 3.733	 3.673	 2.952	 3.013	 | 2.508 quantile
                      	 3.339	 4.359	 2.208	 3.178	 6.674	 5.523	 1.958	 2.581	 5.668	 5.527	 5.595	 4.862	 | 6.674 max

train losses     62:	0.4206	0.4318	0.3824	0.3837	0.4811	0.4921	0.4508	0.4522	0.7068	0.6959	 1.027	 1.028	
val losses       62:	0.3498	0.3968	0.3373	0.3196	0.7014	0.7083	0.4549	 0.467	 1.056	 1.028	 1.188	 1.177	 | 0.6821 mean
                     	0.9993	 1.111	0.8484	0.8439	  1.99	 2.043	 1.161	 1.196	 2.821	 2.741	 2.814	  2.82	 | 2.171 quantile
                      	 3.215	  3.73	 2.308	 3.055	 6.159	 4.992	 2.056	 2.683	 4.313	 4.248	 4.949	 4.598	 | 6.159 max

train losses     64:	0.3952	0.4056	0.3723	0.3746	0.4625	0.4728	0.4325	0.4307	 0.619	0.6215	0.9685	0.9695	
val losses       64:	0.3392	0.3584	0.3332	0.3171	0.6678	0.6672	0.4427	0.4428	 0.831	0.8076	 1.131	 1.119	 | 0.6214 mean
                     	0.9662	 1.045	0.8364	0.8338	 1.887	 1.912	 1.108	 1.139	 2.221	 2.141	 2.765	 2.719	 | 1.946 quantile
                      	 2.975	 3.392	 2.249	 2.902	  5.67	 4.671	 1.919	  2.61	 3.581	 3.511	 4.802	 4.538	 | 5.67 max

train losses     66:	0.3731	0.3889	0.3643	0.3635	0.4376	0.4437	0.4191	  0.42	0.5729	0.5763	0.9207	0.9236	
val losses       66:	0.3259	0.3358	0.3306	0.3145	0.6205	0.6104	0.4329	0.4259	0.7785	0.7553	 1.092	 1.077	 | 0.5916 mean
                     	 0.901	0.9874	0.8298	0.8266	 1.754	 1.746	 1.089	 1.107	 1.992	 1.961	  2.74	 2.705	 | 1.837 quantile
                      	 2.865	 3.153	 2.223	 2.926	 5.382	 4.458	 1.733	 2.673	 3.197	 3.241	 4.648	 4.357	 | 5.382 max

train losses     68:	0.3529	0.3677	0.3587	0.3582	0.4129	0.4229	0.4096	0.4108	0.5489	0.5539	0.8864	 0.889	
val losses       68:	 0.313	 0.325	0.3292	0.3151	0.5801	0.5628	0.4317	0.4203	0.7299	 0.708	 1.058	 1.047	 | 0.5683 mean
                     	0.8649	0.9288	0.8312	0.8196	 1.619	 1.619	  1.07	 1.095	 1.918	 1.927	 2.708	 2.673	 | 1.768 quantile
                      	 2.541	 2.766	 2.243	 2.948	 5.219	 4.301	 1.743	 2.659	 2.906	 3.254	 4.336	 4.349	 | 5.219 max

train losses     70:	0.3376	0.3525	0.3538	0.3528	0.4017	0.4071	0.3993	0.4023	0.5375	0.5393	0.8601	0.8605	
val losses       70:	 0.294	0.3073	0.3283	0.3109	0.5482	0.5246	0.4194	0.4115	0.7062	0.6784	  1.04	 1.026	 | 0.5496 mean
                     	0.8107	0.8667	0.8259	0.8131	 1.509	 1.504	 1.065	 1.066	  1.83	  1.81	 2.726	 2.671	 | 1.698 quantile
                      	 2.351	 2.494	 2.202	 3.006	 4.961	 3.997	  1.73	 2.713	 2.748	 3.071	 4.086	 4.521	 | 4.961 max

train losses     72:	0.3267	0.3426	0.3508	0.3491	0.3937	0.3984	0.3935	0.3959	0.5259	0.5296	0.8392	0.8406	
val losses       72:	0.2808	0.2914	0.3284	0.3096	0.5275	0.5015	0.4176	0.4121	0.6828	 0.637	 1.012	 1.002	 | 0.5336 mean
                     	0.7791	0.8048	0.8249	0.8131	 1.437	 1.427	  1.08	 1.065	 1.694	  1.66	 2.713	 2.625	 | 1.626 quantile
                      	 2.157	 2.279	  2.17	 2.998	 4.658	 3.669	  1.71	 2.707	 2.735	 2.813	 3.858	  4.51	 | 4.658 max

train losses     74:	0.3189	0.3321	0.3493	0.3464	0.3876	0.3923	0.3865	 0.389	 0.517	0.5196	0.8176	0.8181	
val losses       74:	0.2684	0.2706	0.3274	0.3093	0.5136	0.4869	0.4134	0.4079	0.6541	0.5986	 1.006	0.9963	 | 0.521 mean
                     	0.7331	0.7522	0.8203	0.8127	 1.398	 1.368	 1.061	 1.049	 1.595	 1.528	 2.636	 2.565	 | 1.58 quantile
                      	 2.069	 2.233	 2.181	 3.004	 4.458	 3.472	 1.693	 2.682	 2.729	 2.624	 3.752	 4.321	 | 4.458 max

train losses     76:	0.3113	0.3252	0.3468	0.3435	0.3826	0.3873	0.3821	0.3829	0.5135	0.5149	0.8047	0.8029	
val losses       76:	0.2592	0.2587	0.3265	0.3092	0.5017	0.4762	0.4086	0.4035	 0.642	 0.581	 1.002	0.9935	 | 0.5135 mean
                     	0.7119	 0.716	0.8162	0.8105	 1.371	 1.342	 1.042	 1.036	 1.552	 1.467	 2.609	 2.526	 | 1.552 quantile
                      	 1.937	 2.165	 2.187	  3.02	 4.299	 3.307	 1.673	 2.735	 2.706	 2.501	 3.721	 4.161	 | 4.299 max

train losses     78:	0.3076	0.3207	0.3447	0.3421	0.3789	0.3838	0.3778	0.3784	0.5078	0.5091	 0.786	0.7844	
val losses       78:	0.2531	0.2509	0.3259	0.3088	0.4949	0.4698	 0.404	0.3989	0.6352	0.5695	0.9926	 0.989	 | 0.5077 mean
                     	0.6958	0.6877	0.8165	0.8129	 1.337	 1.328	 1.022	 1.016	 1.519	 1.405	 2.621	 2.511	 | 1.532 quantile
                      	 1.906	 2.034	 2.167	  3.04	 4.227	 3.245	 1.713	 2.781	 2.723	 2.477	 3.701	 4.123	 | 4.227 max

train losses     80:	 0.304	0.3156	 0.343	0.3399	0.3732	0.3781	0.3728	0.3743	0.5031	0.5066	0.7754	0.7732	
val losses       80:	0.2505	0.2447	0.3254	0.3086	0.4888	0.4644	0.4014	0.3966	0.6327	0.5655	0.9877	0.9871	 | 0.5045 mean
                     	0.6866	0.6645	0.8177	0.8127	 1.316	 1.312	  1.01	 1.008	 1.506	 1.371	 2.616	 2.507	 | 1.519 quantile
                      	 1.935	 2.036	 2.172	 3.032	 4.143	 3.183	 1.737	 2.797	  2.68	 2.423	 3.721	 4.042	 | 4.143 max

train losses     82:	0.3006	0.3117	0.3411	0.3381	0.3692	0.3742	0.3701	0.3697	0.4988	0.5009	0.7653	0.7606	
val losses       82:	0.2471	0.2369	0.3252	0.3087	0.4814	0.4568	0.3997	0.3945	0.6258	0.5593	0.9858	0.9863	 | 0.5006 mean
                     	 0.685	0.6457	0.8184	0.8124	 1.288	 1.289	0.9967	0.9951	 1.483	 1.336	 2.587	 2.472	 | 1.5 quantile
                      	 1.965	  1.95	  2.18	 3.056	 4.045	 3.103	 1.778	 2.787	  2.66	 2.385	 3.778	 3.843	 | 4.045 max

train losses     84:	0.2971	0.3089	  0.34	0.3364	0.3655	 0.372	0.3667	0.3675	0.4957	0.4979	0.7506	0.7484	
val losses       84:	0.2457	0.2349	0.3251	0.3081	0.4754	0.4506	0.3982	0.3935	 0.625	0.5584	0.9838	0.9846	 | 0.4986 mean
                     	0.6757	 0.636	0.8171	0.8107	 1.278	 1.284	0.9888	0.9929	 1.466	 1.334	  2.57	 2.469	 | 1.491 quantile
                      	 1.931	 2.008	 2.192	 3.068	 3.952	 3.028	   1.8	 2.823	 2.712	 2.317	 3.847	 3.951	 | 3.952 max

train losses     86:	 0.295	0.3071	 0.338	0.3342	0.3628	0.3664	0.3646	0.3642	0.4931	0.4951	0.7388	0.7374	
val losses       86:	0.2436	0.2325	0.3244	0.3069	0.4718	0.4488	0.3975	 0.393	0.6227	0.5516	0.9733	0.9756	 | 0.4951 mean
                     	0.6686	0.6295	0.8154	  0.81	  1.27	 1.287	0.9781	0.9906	 1.446	 1.297	 2.565	 2.452	 | 1.476 quantile
                      	 1.944	 1.932	 2.157	 3.058	 3.884	 2.987	 1.814	 2.814	 2.698	 2.255	 3.786	 3.899	 | 3.899 max

train losses     88:	0.2914	0.3034	0.3364	0.3332	0.3585	0.3643	0.3627	0.3621	0.4903	0.4903	 0.728	0.7263	
val losses       88:	0.2401	0.2281	0.3239	0.3061	0.4691	0.4461	0.3954	0.3911	0.6172	0.5451	0.9682	0.9699	 | 0.4917 mean
                     	0.6612	0.6274	0.8153	0.8065	 1.246	 1.281	0.9716	0.9862	 1.437	 1.299	 2.555	 2.456	 | 1.469 quantile
                      	 1.929	 1.878	 2.115	 3.067	 3.827	  2.95	 1.804	 2.854	 2.701	 2.224	 3.792	  3.93	 | 3.93 max

train losses     90:	  0.29	 0.301	0.3356	0.3321	0.3566	0.3615	0.3586	0.3586	 0.489	0.4884	 0.717	0.7153	
val losses       90:	0.2392	0.2267	0.3237	0.3059	0.4641	0.4413	0.3952	0.3909	0.6152	 0.543	0.9684	0.9707	 | 0.4904 mean
                     	0.6555	0.6193	0.8118	0.8048	 1.241	 1.256	0.9671	 0.981	 1.425	 1.276	 2.538	 2.423	 | 1.463 quantile
                      	 1.929	  1.83	 2.123	 3.098	 3.778	 2.949	 1.845	 2.882	 2.692	 2.188	 3.797	 3.867	 | 3.867 max

train losses     92:	 0.287	0.2983	0.3343	0.3303	0.3529	0.3578	0.3569	0.3561	0.4846	0.4873	0.7069	0.7051	
val losses       92:	0.2378	0.2259	0.3234	0.3055	0.4584	0.4366	 0.394	0.3893	0.6139	0.5385	0.9513	0.9521	 | 0.4856 mean
                     	0.6588	 0.619	0.8119	0.8033	 1.228	 1.259	0.9684	 0.973	 1.423	 1.269	 2.568	 2.454	 | 1.454 quantile
                      	 1.916	 1.892	 2.142	 3.082	 3.727	 2.861	 1.883	 2.856	 2.614	 2.199	 3.754	 4.033	 | 4.033 max

train losses     94:	0.2851	0.2958	0.3324	 0.329	0.3513	0.3549	0.3558	0.3552	0.4808	0.4823	0.6984	0.6952	
val losses       94:	0.2365	0.2231	0.3234	0.3048	0.4535	0.4289	0.3935	0.3884	0.6097	0.5373	0.9696	0.9696	 | 0.4865 mean
                     	 0.656	0.6144	0.8108	0.8005	 1.205	 1.225	0.9642	 0.972	 1.406	 1.268	 2.524	 2.397	 | 1.451 quantile
                      	 1.885	 1.847	 2.153	 3.081	 3.658	  2.83	 1.895	 2.868	 2.606	 2.199	 3.814	 3.885	 | 3.885 max

train losses     96:	0.2826	0.2936	 0.332	 0.327	0.3482	0.3519	0.3527	0.3524	0.4803	0.4812	0.6884	0.6857	
val losses       96:	0.2345	0.2208	 0.323	0.3045	0.4491	0.4232	 0.393	0.3875	0.6112	0.5359	0.9573	0.9569	 | 0.4831 mean
                     	0.6479	0.6135	0.8109	0.7997	 1.188	 1.204	0.9629	0.9787	 1.407	 1.256	 2.501	 2.404	 | 1.435 quantile
                      	 1.941	 1.839	 2.137	 3.061	 3.635	 2.773	  1.91	 2.915	 2.537	 2.254	 3.812	 3.873	 | 3.873 max

train losses     98:	0.2803	0.2922	0.3306	0.3258	0.3453	0.3493	0.3523	0.3518	0.4759	0.4789	0.6803	0.6757	
val losses       98:	0.2328	0.2192	0.3226	0.3043	0.4472	0.4206	0.3934	0.3879	0.6105	 0.532	0.9607	 0.959	 | 0.4825 mean
                     	0.6421	 0.607	0.8139	0.7986	 1.171	 1.206	 0.958	0.9742	  1.41	 1.247	 2.486	 2.382	 | 1.434 quantile
                      	 1.959	 1.822	 2.119	 3.077	  3.57	 2.695	 1.896	 2.932	 2.623	 2.194	 3.858	 3.934	 | 3.934 max

train losses    100:	0.2803	0.2912	0.3299	0.3255	0.3435	0.3476	0.3507	0.3496	 0.476	0.4763	 0.674	0.6684	
val losses      100:	0.2326	0.2194	0.3221	0.3036	0.4431	0.4165	0.3929	 0.388	0.6091	0.5316	0.9466	0.9451	 | 0.4792 mean
                     	0.6412	0.6067	 0.813	0.7967	 1.167	 1.196	0.9565	0.9722	 1.407	 1.251	 2.474	  2.37	 | 1.424 quantile
                      	 1.897	 1.847	 2.119	 3.088	 3.507	 2.685	 1.863	  2.92	 2.532	 2.225	  3.79	 3.828	 | 3.828 max

train losses    102:	 0.277	 0.289	0.3293	0.3249	0.3422	0.3461	0.3488	0.3485	0.4726	0.4746	0.6622	0.6592	
val losses      102:	0.2298	0.2163	0.3218	0.3029	0.4401	0.4141	 0.392	0.3872	0.6116	0.5362	0.9629	0.9597	 | 0.4812 mean
                     	0.6339	0.6027	0.8094	0.7941	 1.154	 1.182	0.9559	0.9709	 1.403	 1.254	 2.477	 2.362	 | 1.428 quantile
                      	 1.947	 1.823	 2.122	 3.086	  3.49	 2.653	 1.888	 2.962	 2.573	 2.304	 3.849	 3.981	 | 3.981 max

train losses    104:	0.2758	0.2863	0.3277	0.3233	0.3405	0.3464	0.3475	0.3461	0.4723	 0.473	0.6622	0.6587	
val losses      104:	 0.228	0.2126	0.3216	0.3026	0.4332	0.4058	0.3903	0.3855	0.6041	0.5228	0.9387	 0.934	 | 0.4733 mean
                     	0.6284	0.5886	0.8085	 0.793	  1.13	 1.147	0.9521	0.9642	 1.394	 1.241	  2.44	 2.338	 | 1.399 quantile
                      	 1.965	 1.826	 2.135	 3.124	 3.447	 2.613	 1.921	 2.947	 2.545	 2.325	 3.787	 3.914	 | 3.914 max

train losses    106:	0.2739	0.2854	0.3272	0.3219	0.3367	0.3412	0.3449	 0.344	0.4717	0.4721	0.6659	0.6643	
val losses      106:	0.2304	0.2178	0.3218	0.3021	0.4274	0.4033	0.3895	0.3851	0.6112	0.5287	0.9234	0.9247	 | 0.4721 mean
                     	0.6369	0.5946	0.8078	0.7931	 1.134	 1.148	0.9534	0.9725	 1.401	 1.225	 2.614	 2.497	 | 1.406 quantile
                      	 1.955	 1.793	 2.148	 3.116	 3.331	 2.504	 1.956	 2.952	 2.568	 2.207	 4.225	 4.338	 | 4.338 max

train losses    108:	0.2737	0.2842	0.3261	0.3209	0.3369	0.3432	0.3451	0.3451	0.4715	0.4744	0.7131	 0.709	
val losses      108:	0.2259	0.2111	0.3212	 0.302	0.4308	0.4051	  0.39	0.3848	0.6037	0.5282	 1.024	 1.016	 | 0.4869 mean
                     	0.6353	0.5931	0.8075	0.7915	 1.124	  1.14	0.9531	0.9672	 1.406	 1.268	 2.443	 2.394	 | 1.479 quantile
                      	 2.005	 1.831	 2.147	  3.08	 3.366	 2.471	 1.937	 2.951	 2.511	 2.422	 4.058	 4.187	 | 4.187 max

train losses    110:	0.2718	0.2848	0.3253	0.3206	0.3364	0.3415	0.3451	0.3446	0.4713	0.4735	0.8187	0.8174	
val losses      110:	 0.226	0.2219	0.3229	0.3017	0.4274	0.4068	0.3889	0.3836	0.6214	0.5411	0.9931	0.9993	 | 0.4862 mean
                     	0.6332	0.6071	0.8074	0.7916	 1.139	  1.15	0.9481	0.9599	 1.432	  1.25	 2.549	 2.468	 | 1.494 quantile
                      	 1.977	 1.874	 2.194	  3.09	  3.37	   2.5	 1.954	 2.927	 2.433	 2.203	  4.08	 4.008	 | 4.08 max

train losses    112:	 0.276	0.2861	0.3261	0.3209	0.3389	0.3439	0.3453	0.3447	0.4762	0.4775	 0.934	0.9295	
val losses      112:	0.2303	0.2189	0.3215	0.3021	0.4271	0.4019	0.3909	0.3866	0.6047	 0.537	  1.27	 1.247	 | 0.5281 mean
                     	0.6369	0.6077	0.8058	0.7897	 1.132	 1.153	0.9544	0.9669	 1.414	 1.282	 2.751	 2.754	 | 1.655 quantile
                      	 2.041	 1.806	 2.156	 3.064	 3.274	 2.445	 1.849	 2.907	 2.554	 2.369	 4.529	 4.535	 | 4.535 max

train losses    114:	0.2761	0.2897	 0.326	0.3208	0.3368	0.3442	0.3476	0.3465	0.4748	0.4781	0.8434	0.8417	
val losses      114:	0.2263	0.2176	0.3233	0.3025	0.4153	0.3965	0.3924	0.3867	0.6052	0.5194	0.9781	0.9832	 | 0.4789 mean
                     	0.6381	0.5998	0.8091	0.7941	 1.091	 1.104	0.9643	0.9744	 1.403	 1.185	 2.676	 2.631	 | 1.449 quantile
                      	 1.966	 1.834	 2.145	 3.122	 3.179	 2.476	 1.885	 2.993	 2.474	 2.227	 4.134	 4.367	 | 4.367 max

train losses    116:	0.2763	0.2878	0.3252	0.3199	0.3402	 0.346	0.3493	0.3502	0.4845	0.4813	0.8512	0.8438	
val losses      116:	0.2265	0.2137	0.3224	0.3025	0.4151	0.3898	0.3921	0.3884	 0.602	 0.517	 1.063	 1.039	 | 0.4893 mean
                     	0.6348	0.5787	0.8118	0.7983	 1.095	 1.109	0.9622	0.9711	 1.401	 1.201	 2.605	 2.551	 | 1.508 quantile
                      	 1.943	 1.835	 2.144	 3.051	 3.097	 2.429	 1.895	 2.928	 2.542	 2.264	 3.833	  4.12	 | 4.12 max

train losses    118:	0.2771	0.2875	0.3241	0.3187	0.3357	0.3455	0.3494	0.3494	0.4852	0.4891	0.7755	0.7722	
val losses      118:	0.2251	0.2111	0.3217	0.3012	 0.415	0.3898	0.3875	0.3828	 0.603	0.5134	0.9731	0.9713	 | 0.4746 mean
                     	0.6244	0.5633	0.8075	0.7911	 1.075	 1.092	0.9462	0.9529	 1.411	 1.195	 2.737	 2.685	 | 1.464 quantile
                      	 2.021	 1.714	 2.149	 3.068	 3.096	 2.381	 1.912	 2.956	 2.497	 2.403	   4.1	 4.286	 | 4.286 max

train losses    120:	0.2737	0.2834	0.3236	0.3175	0.3388	0.3471	0.3452	0.3455	0.4804	0.4827	0.7496	0.7459	
val losses      120:	0.2233	0.2074	0.3213	0.3015	0.4138	0.3867	0.3841	0.3809	0.6083	0.5199	0.9899	0.9813	 | 0.4765 mean
                     	0.6291	0.5545	0.8088	0.7887	 1.092	 1.102	0.9488	 0.957	 1.417	 1.192	 2.623	 2.521	 | 1.473 quantile
                      	 2.125	  1.75	 2.117	 3.094	 2.997	 2.342	 2.019	 3.006	 2.691	 2.405	 3.714	 3.957	 | 3.957 max

train losses    122:	0.2722	0.2825	0.3237	0.3173	0.3361	0.3452	0.3417	0.3398	0.4817	0.4866	0.7056	0.7036	
val losses      122:	0.2223	0.2115	0.3206	0.3006	0.4148	0.3869	0.3866	0.3803	0.6072	0.5341	  0.96	0.9517	 | 0.473 mean
                     	0.6215	0.5771	0.8087	0.7892	 1.088	 1.088	0.9596	0.9431	 1.423	 1.273	 2.602	 2.434	 | 1.43 quantile
                      	 2.049	 1.792	 2.121	 3.087	 3.154	 2.218	 1.917	 2.943	 2.726	 2.372	 3.806	 3.968	 | 3.968 max

train losses    124:	 0.272	0.2807	0.3225	0.3164	0.3385	0.3461	0.3391	0.3384	0.4949	0.4918	0.7203	 0.722	
val losses      124:	0.2273	0.2167	0.3205	0.2999	0.4166	0.3927	0.3848	0.3802	 0.631	0.5773	0.9793	0.9687	 | 0.4829 mean
                     	 0.634	0.5928	0.8065	0.7874	 1.127	 1.107	0.9458	 0.961	 1.464	 1.346	 2.514	 2.413	 | 1.438 quantile
                      	 1.961	  1.75	 2.162	 3.108	 3.239	 2.256	 2.009	 3.011	 2.825	 2.217	 3.582	 3.772	 | 3.772 max

train losses    126:	0.2707	0.2807	0.3219	0.3154	0.3397	0.3459	 0.339	0.3383	0.5046	0.5011	0.7593	0.7585	
val losses      126:	0.2234	0.2123	0.3203	 0.299	0.4088	0.3819	0.3846	0.3783	 0.613	0.5615	0.9899	 0.979	 | 0.4793 mean
                     	0.6255	0.5929	0.8021	0.7859	 1.086	 1.069	0.9499	0.9552	 1.454	  1.31	 2.467	 2.402	 | 1.434 quantile
                      	 2.013	 1.733	 2.153	  3.08	 3.247	 2.264	 1.975	 2.989	  2.73	 2.341	 3.542	 3.554	 | 3.554 max

train losses    128:	0.2714	0.2822	0.3209	0.3147	0.3469	0.3528	0.3385	0.3386	0.5012	0.4992	0.7034	0.7042	
val losses      128:	0.2238	0.2062	0.3208	 0.299	 0.407	0.3797	0.3902	0.3883	 0.613	0.5477	0.9823	0.9715	 | 0.4775 mean
                     	0.6243	0.5736	0.8061	0.7866	 1.093	 1.074	0.9611	  0.98	 1.402	 1.271	 2.483	 2.411	 | 1.414 quantile
                      	 2.018	  1.76	 2.201	 3.085	 3.071	 2.183	 2.047	 3.107	 2.747	 2.163	 3.605	 3.614	 | 3.614 max

train losses    130:	0.2735	0.2831	0.3203	0.3138	0.3498	0.3603	0.3404	0.3412	0.4984	0.4991	0.6454	0.6428	
val losses      130:	 0.222	0.2054	0.3201	0.2986	0.4108	0.3773	 0.386	0.3828	0.6053	0.5302	0.9584	0.9526	 | 0.4708 mean
                     	0.6129	0.5678	0.8027	0.7858	 1.045	 1.058	0.9511	 0.974	 1.395	 1.225	 2.522	 2.406	 | 1.397 quantile
                      	 2.028	 1.719	 2.154	 3.076	 3.011	 2.158	 2.018	 3.037	 2.603	 2.289	 3.686	  3.92	 | 3.92 max

train losses    132:	0.2719	0.2821	0.3206	0.3144	0.3411	0.3492	0.3438	0.3454	0.4833	 0.481	0.6186	0.6163	
val losses      132:	0.2261	0.2083	0.3203	0.2984	0.4108	0.3778	0.3855	0.3816	0.6132	0.5391	0.9437	0.9388	 | 0.4703 mean
                     	0.6166	0.5699	0.8041	0.7843	 1.067	 1.069	0.9476	  0.97	 1.401	 1.238	  2.56	 2.416	 | 1.401 quantile
                      	 2.037	 1.746	 2.157	 3.093	  3.09	 2.192	 1.991	 3.052	 2.647	 2.226	 3.835	 3.973	 | 3.973 max

train losses    134:	 0.269	0.2817	0.3199	0.3134	0.3314	 0.341	0.3385	 0.339	0.4733	0.4712	0.6165	0.6144	
val losses      134:	0.2223	0.2089	0.3198	0.2983	0.4101	0.3807	0.3828	 0.377	0.6261	0.5534	0.9398	0.9345	 | 0.4711 mean
                     	0.6123	0.5756	0.8016	0.7837	 1.091	 1.078	0.9456	0.9456	 1.438	 1.255	 2.538	 2.394	 | 1.406 quantile
                      	 1.958	 1.747	 2.142	 3.088	 3.036	 2.173	 1.964	  2.94	 2.747	 2.258	 3.836	  4.07	 | 4.07 max

train losses    136:	0.2645	0.2747	 0.319	0.3124	0.3274	0.3355	0.3348	0.3343	0.4667	  0.46	0.6089	0.6096	
val losses      136:	 0.223	0.2081	0.3193	0.2979	0.4098	0.3853	0.3809	0.3754	0.6161	0.5409	0.9286	0.9231	 | 0.4674 mean
                     	0.6192	0.5795	 0.804	0.7814	   1.1	 1.073	0.9449	0.9427	 1.429	 1.252	 2.482	 2.365	 | 1.392 quantile
                      	 2.079	 1.718	 2.152	   3.1	 3.059	 2.178	 1.959	 2.977	 2.671	  2.11	  3.79	 4.001	 | 4.001 max

train losses    138:	0.2623	0.2725	0.3176	0.3114	0.3244	0.3285	 0.331	0.3311	 0.465	0.4605	0.6025	0.5992	
val losses      138:	0.2184	0.1998	0.3194	 0.298	0.4035	0.3787	0.3806	0.3756	0.6128	0.5346	0.9385	0.9333	 | 0.4661 mean
                     	0.6067	0.5619	0.8043	0.7847	 1.077	 1.062	0.9413	0.9483	  1.41	 1.236	 2.471	 2.352	 | 1.395 quantile
                      	 2.119	 1.713	 2.163	 3.097	 3.086	 2.188	 2.004	 2.988	 2.659	 2.036	 3.704	 3.937	 | 3.937 max

train losses    140:	0.2607	0.2716	0.3168	0.3102	0.3208	0.3226	0.3292	 0.329	0.4747	0.4699	0.6082	0.6078	
val losses      140:	0.2161	 0.197	0.3195	0.2979	0.3945	0.3694	0.3821	0.3774	0.6164	0.5408	0.9222	0.9197	 | 0.4628 mean
                     	0.6103	0.5472	0.8031	0.7807	 1.043	 1.027	0.9369	0.9499	 1.407	 1.241	 2.442	 2.332	 | 1.368 quantile
                      	 2.074	 1.651	 2.169	 3.075	 3.054	   2.1	 2.087	 3.019	 2.694	 2.023	 3.712	 3.876	 | 3.876 max

train losses    142:	0.2603	0.2702	 0.317	0.3099	0.3201	0.3236	 0.328	0.3271	0.5032	0.4994	0.6026	0.6019	
val losses      142:	0.2162	0.1957	0.3193	0.2973	0.3973	0.3757	0.3819	0.3776	0.6418	0.5821	0.9038	0.9009	 | 0.4658 mean
                     	0.6082	0.5358	0.8001	 0.782	 1.048	 1.044	0.9381	0.9557	 1.488	 1.324	 2.472	 2.347	 | 1.38 quantile
                      	 2.089	 1.686	 2.156	   3.1	 3.079	 2.075	 2.069	 3.031	  2.64	 1.913	 3.848	  4.09	 | 4.09 max

train losses    144:	0.2588	0.2687	0.3154	0.3092	 0.322	0.3259	0.3284	0.3274	0.5253	0.5244	0.6053	 0.604	
val losses      144:	0.2167	0.1987	 0.319	0.2971	0.3944	0.3643	  0.38	0.3753	0.6325	0.5756	0.9734	0.9645	 | 0.4743 mean
                     	 0.606	0.5536	 0.797	0.7779	  1.04	 1.013	0.9338	0.9447	 1.492	 1.359	 2.423	 2.347	 | 1.439 quantile
                      	 2.086	  1.75	 2.157	 3.061	 3.107	 2.186	 2.029	 2.999	 2.657	 2.133	  3.96	 3.934	 | 3.96 max

train losses    146:	0.2592	0.2678	0.3157	0.3095	0.3219	0.3281	0.3288	 0.328	0.5363	0.5329	0.6372	0.6395	
val losses      146:	0.2189	0.1999	0.3189	 0.297	0.3981	0.3768	0.3795	0.3746	0.6732	  0.63	0.9077	0.9004	 | 0.4729 mean
                     	 0.617	0.5577	0.8024	0.7805	 1.063	 1.042	0.9376	0.9432	  1.58	 1.471	 2.378	 2.279	 | 1.411 quantile
                      	 2.097	 1.799	 2.161	 3.091	 3.023	 2.171	 2.034	 2.992	 2.776	 2.104	  3.53	 3.771	 | 3.771 max

train losses    148:	0.2576	0.2674	0.3148	0.3079	0.3324	0.3381	0.3254	0.3258	0.5634	0.5637	0.6068	0.6064	
val losses      148:	 0.217	0.1983	0.3189	0.2969	0.4105	0.4001	0.3788	0.3744	0.7097	0.6764	0.9145	0.9098	 | 0.4838 mean
                     	 0.612	0.5568	0.7995	0.7791	 1.085	 1.048	0.9405	0.9402	 1.633	 1.535	 2.505	 2.376	 | 1.45 quantile
                      	 2.148	  1.74	 2.154	 3.111	 3.112	 2.163	 1.994	 2.973	 2.837	 2.177	 4.184	 4.372	 | 4.372 max

train losses    150:	0.2603	0.2695	0.3153	0.3082	0.3292	0.3359	0.3278	0.3276	0.5235	0.5232	0.6757	 0.671	
val losses      150:	0.2153	0.2004	0.3185	0.2963	0.3908	0.3626	0.3776	0.3729	0.6236	0.5686	 1.008	 0.995	 | 0.4775 mean
                     	0.6067	0.5652	0.7963	0.7789	 1.045	 1.008	0.9283	 0.936	 1.473	 1.351	 2.411	  2.35	 | 1.459 quantile
                      	 2.192	 1.615	 2.165	 3.068	 3.136	 2.148	 2.008	  2.95	  2.64	 2.062	 3.834	 3.871	 | 3.871 max

train losses    152:	0.2649	0.2773	0.3143	0.3074	0.3485	 0.358	0.3268	0.3273	0.5314	0.5364	0.6415	0.6399	
val losses      152:	0.2241	0.2196	0.3198	0.2979	0.4325	0.4448	0.3808	0.3765	0.7209	0.6797	 1.009	  1.01	 | 0.5096 mean
                     	0.6216	0.5877	0.8068	0.7828	 1.151	  1.16	0.9412	0.9356	 1.647	 1.511	 2.548	   2.5	 | 1.565 quantile
                      	 2.144	 1.752	 2.136	 3.109	 2.895	 2.332	 1.956	 3.002	 2.891	 2.361	  4.15	  4.28	 | 4.28 max

train losses    154:	0.2723	0.2854	0.3151	0.3083	 0.362	0.3795	0.3322	0.3324	0.5022	0.5082	0.8277	 0.818	
val losses      154:	 0.222	0.2124	0.3196	0.2972	0.4111	0.3838	0.3814	0.3781	0.6111	0.5503	 1.232	 1.208	 | 0.5173 mean
                     	0.6269	0.5938	0.7955	0.7786	 1.081	 1.055	0.9388	0.9428	 1.484	 1.322	 2.736	 2.698	 | 1.632 quantile
                      	 2.129	 1.729	 2.183	 3.021	 3.172	 2.296	 2.017	 2.924	 2.583	 2.183	 4.556	 4.615	 | 4.615 max

train losses    156:	0.2942	0.2914	0.3165	0.3093	0.3606	0.3704	0.3347	0.3348	0.4795	0.4818	0.7897	 0.779	
val losses      156:	0.2398	 0.224	0.3203	0.2988	0.4278	0.4208	0.3834	0.3785	0.6143	0.5417	0.9366	0.9345	 | 0.4767 mean
                     	0.6488	0.6018	0.8114	 0.786	 1.129	   1.1	0.9521	0.9545	 1.435	 1.256	  2.51	 2.441	 | 1.423 quantile
                      	 2.091	 1.661	  2.19	 3.072	 2.965	 2.197	 1.944	  2.81	 2.654	 2.071	 4.088	 4.285	 | 4.285 max

train losses    158:	0.2726	0.2776	0.3141	0.3068	0.3319	0.3387	0.3302	0.3299	0.4917	0.4913	0.6735	0.6698	
val losses      158:	0.2278	0.2125	0.3194	0.2979	0.4097	0.3753	0.3824	0.3794	0.5918	0.5083	 1.074	 1.055	 | 0.4861 mean
                     	0.6465	0.5899	0.8043	 0.783	 1.064	 1.052	0.9499	0.9649	 1.409	 1.202	 2.519	 2.466	 | 1.492 quantile
                      	 2.185	 1.705	 2.183	 3.034	 2.966	 2.103	 1.984	  2.94	 2.793	 2.144	 4.029	 4.147	 | 4.147 max

train losses    160:	0.2763	0.2821	0.3141	0.3071	0.3248	0.3328	0.3275	0.3265	0.5085	0.5103	0.6243	0.6232	
val losses      160:	0.2247	0.2114	0.3191	 0.297	0.4077	0.3765	 0.379	0.3742	0.6206	0.5558	0.9405	0.9299	 | 0.4697 mean
                     	0.6257	0.5924	0.8002	0.7778	 1.066	 1.057	0.9355	0.9386	 1.516	 1.333	 2.478	 2.376	 | 1.411 quantile
                      	 2.149	 1.991	 2.183	 3.058	 2.942	 2.221	 2.064	 3.023	 2.525	 2.379	 3.739	 3.896	 | 3.896 max

train losses    162:	0.2718	0.2845	0.3132	0.3057	0.3277	0.3357	0.3246	0.3254	 0.543	0.5522	0.5811	0.5748	
val losses      162:	0.2255	0.2006	0.3191	0.2957	0.4031	0.3686	0.3798	 0.377	0.6533	0.5945	0.9199	0.9142	 | 0.4709 mean
                     	0.6092	0.5454	0.7969	0.7747	  1.01	 1.024	0.9423	0.9667	  1.49	 1.341	 2.456	 2.371	 | 1.391 quantile
                      	 2.167	 1.789	 2.235	 3.109	 2.874	 2.094	 2.092	 3.062	 2.832	 1.993	 3.726	 3.902	 | 3.902 max

train losses    164:	0.2723	0.2834	0.3139	0.3056	0.3255	0.3333	0.3234	0.3242	0.6247	0.6307	0.5823	0.5783	
val losses      164:	0.2194	0.2035	0.3189	0.2957	0.3987	0.3677	0.3782	0.3751	0.6665	0.6327	0.9338	0.9208	 | 0.4759 mean
                     	0.6041	0.5524	0.7956	0.7724	 1.019	 1.023	0.9458	0.9491	 1.605	 1.509	 2.414	 2.325	 | 1.446 quantile
                      	 2.126	 1.794	 2.196	 3.078	 3.055	 2.088	 2.036	 2.982	 2.765	 2.388	 3.682	 3.757	 | 3.757 max

train losses    166:	0.2814	0.2968	0.3148	 0.308	0.3292	0.3359	0.3291	0.3301	0.6905	0.6964	0.6118	0.6035	
val losses      166:	0.2191	0.2182	0.3197	0.2967	0.4091	0.3887	0.3803	0.3754	0.7551	  0.73	0.8959	 0.891	 | 0.4899 mean
                     	0.5998	0.5844	0.8025	0.7786	 1.074	 1.066	0.9445	0.9383	  1.79	 1.767	 2.395	 2.307	 | 1.502 quantile
                      	 2.069	 1.789	  2.18	 3.056	  2.98	 2.101	 2.031	 3.014	  2.87	 2.671	 3.604	 3.803	 | 3.803 max

train losses    168:	0.2828	0.2967	0.3188	0.3106	0.3548	0.3631	 0.343	0.3449	0.6598	0.6687	0.6886	0.6789	
val losses      168:	0.2262	0.2295	0.3209	 0.298	0.4611	0.4561	0.3814	0.3754	0.7603	0.7305	0.9288	0.9194	 | 0.5073 mean
                     	0.6134	0.6009	0.8015	0.7852	 1.179	 1.153	0.9587	0.9369	 1.758	 1.721	 2.421	  2.35	 | 1.541 quantile
                      	 2.131	   1.9	 2.143	 3.055	 2.938	 2.415	 2.055	 2.954	  3.02	 2.991	 3.845	 3.736	 | 3.845 max

train losses    170:	0.3217	0.3317	0.3204	0.3132	0.4191	0.4313	0.3577	0.3571	0.5601	0.5696	0.7971	0.7862	
val losses      170:	0.2424	0.2364	0.3235	0.3009	0.5029	0.5061	0.4012	 0.392	0.7147	0.6771	0.9545	0.9396	 | 0.5159 mean
                     	0.6513	 0.647	0.8059	0.7949	 1.254	 1.235	 0.995	0.9859	 1.739	 1.594	 2.483	 2.415	 | 1.538 quantile
                      	 2.127	 1.848	  2.25	 3.096	  3.14	 2.592	 1.925	  2.87	 2.663	 2.666	  4.07	 3.878	 | 4.07 max

train losses    172:	0.3392	0.3289	0.3292	0.3242	0.4531	0.4648	0.3906	0.3983	0.5492	0.5312	 1.007	0.9903	
val losses      172:	 0.249	0.2533	0.3215	0.2995	0.4724	0.4514	0.4172	0.4068	0.6766	0.6082	 1.003	 1.008	 | 0.5139 mean
                     	 0.681	0.6975	0.8074	0.7873	 1.256	 1.247	 1.025	 1.011	 1.619	 1.473	 2.575	 2.547	 | 1.549 quantile
                      	 1.936	 1.895	 2.131	  3.05	 3.423	 2.669	 2.007	 2.691	 2.627	 2.308	 4.023	 4.109	 | 4.109 max

train losses    174:	0.3447	0.3558	0.3295	 0.322	 0.424	0.4331	0.3934	0.3949	0.5652	0.5617	 1.155	 1.139	
val losses      174:	0.2669	0.3242	0.3271	0.3053	0.5765	0.5624	0.4078	   0.4	0.7514	0.7164	  1.23	 1.201	 | 0.5891 mean
                     	0.7586	 0.891	0.8227	0.7987	 1.485	 1.463	0.9961	0.9843	 1.843	 1.788	  2.96	 2.927	 | 1.838 quantile
                      	 2.001	 2.345	 2.204	 3.122	 3.773	 3.002	 1.737	 2.718	 3.301	 3.734	 5.328	 4.624	 | 5.328 max

train losses    176:	0.3438	0.3573	0.3333	0.3268	0.4165	0.4363	0.4138	0.4165	0.5773	0.5869	 1.094	 1.077	
val losses      176:	0.2686	0.2791	 0.329	0.3061	0.5033	0.4707	0.4068	0.3996	0.6837	0.6406	 1.291	 1.259	 | 0.5699 mean
                     	 0.733	0.7738	0.8293	0.8091	 1.381	 1.318	 1.023	 1.009	 1.631	 1.483	 2.972	 2.916	 | 1.775 quantile
                      	 2.103	 1.872	 2.184	 3.002	 3.585	 2.897	 1.658	 2.702	 2.577	 2.272	 5.812	 5.174	 | 5.812 max

train losses    178:	0.3198	0.3468	0.3273	0.3202	0.3896	0.4027	0.3914	 0.394	0.5605	 0.561	0.9765	0.9674	
val losses      178:	  0.25	0.2603	0.3259	0.3024	0.4516	0.4157	0.4121	0.4049	0.5845	0.5066	 1.227	 1.207	 | 0.529 mean
                     	0.6798	0.7014	0.8222	0.7995	  1.17	 1.166	 1.037	 1.031	 1.397	 1.228	 2.836	 2.776	 | 1.66 quantile
                      	  1.93	 1.915	 2.102	 3.126	 3.245	 2.496	 1.762	 2.903	 2.506	 2.087	 5.191	 5.294	 | 5.294 max

train losses    180:	0.3025	0.3244	0.3239	0.3168	0.3676	0.3789	0.3674	0.3699	0.5174	0.5169	 0.849	0.8342	
val losses      180:	0.2675	0.2398	0.3236	0.3014	 0.447	0.4092	0.3983	0.3928	0.5934	0.5035	 1.054	 1.042	 | 0.4977 mean
                     	0.6865	0.6201	0.8194	0.7928	 1.168	 1.121	 1.002	0.9876	 1.397	 1.186	   2.7	 2.665	 | 1.544 quantile
                      	 1.946	 1.655	 2.149	 3.102	 2.975	 2.407	 1.817	 2.792	 2.606	 2.013	 4.253	 4.236	 | 4.253 max

train losses    182:	0.2938	0.3106	0.3201	0.3117	0.3529	0.3603	0.3532	0.3556	0.5022	0.4966	 0.726	0.7251	
val losses      182:	0.2802	0.2352	0.3231	0.3015	 0.452	0.4142	0.3912	0.3877	0.5956	0.5275	  1.03	 1.023	 | 0.4968 mean
                     	0.7045	0.6077	0.8253	0.7859	 1.175	 1.133	0.9806	 0.968	  1.41	 1.206	 2.723	 2.621	 | 1.501 quantile
                      	 2.119	 1.551	 2.197	 3.021	 3.007	 2.289	 1.818	 2.928	 2.639	 2.228	 3.949	 3.882	 | 3.949 max

train losses    184:	0.2817	0.2953	0.3161	0.3078	0.3424	0.3495	0.3404	0.3415	0.4785	0.4743	0.6679	0.6641	
val losses      184:	0.2304	0.2286	0.3206	0.2985	0.4468	0.4184	0.3848	0.3797	0.6209	0.5586	 1.007	 1.001	 | 0.4912 mean
                     	0.6237	0.6027	 0.811	0.7844	 1.191	 1.154	0.9544	0.9644	 1.507	 1.309	 2.664	 2.563	 | 1.493 quantile
                      	 1.885	 1.584	 2.182	  3.04	  2.98	 2.364	 1.872	 2.828	 2.662	 2.343	 3.622	 3.772	 | 3.772 max

train losses    186:	0.2701	 0.288	0.3142	 0.306	0.3304	0.3377	0.3339	0.3331	0.4624	0.4596	 0.639	0.6334	
val losses      186:	0.2275	0.2307	0.3192	0.2971	0.4406	0.4116	 0.381	0.3717	 0.628	0.5648	0.9673	0.9603	 | 0.4833 mean
                     	 0.613	0.6159	0.8133	  0.78	 1.149	 1.127	0.9443	0.9297	 1.489	 1.323	 2.577	 2.489	 | 1.448 quantile
                      	 1.948	 1.527	 2.146	 3.006	 3.079	 2.357	 1.834	 2.795	 2.754	 2.219	 3.585	 3.776	 | 3.776 max

train losses    188:	0.2651	 0.279	0.3129	0.3048	0.3261	 0.331	0.3271	0.3267	0.4551	0.4527	0.6069	0.6032	
val losses      188:	0.2256	0.2178	0.3192	0.2959	0.4281	0.3999	0.3777	0.3709	0.5973	0.5295	0.9551	0.9486	 | 0.4721 mean
                     	0.6248	0.5923	0.8059	0.7788	  1.12	 1.089	0.9273	0.9364	 1.426	 1.256	 2.563	 2.463	 | 1.418 quantile
                      	 2.094	 1.662	 2.176	 3.069	 3.115	 2.269	 1.967	 3.024	 2.651	 2.265	 3.642	 3.729	 | 3.729 max

train losses    190:	0.2588	0.2721	0.3123	0.3043	0.3188	0.3254	0.3213	0.3223	0.4467	0.4446	0.5888	0.5874	
val losses      190:	0.2211	0.2081	0.3201	0.2968	0.4145	0.3916	 0.376	0.3709	 0.586	0.5113	0.9481	0.9401	 | 0.4654 mean
                     	0.6272	0.5599	0.8039	0.7774	  1.09	 1.067	0.9303	0.9373	 1.379	  1.19	  2.56	 2.458	 | 1.395 quantile
                      	 2.141	 1.638	 2.167	 3.117	 2.983	 2.346	 2.062	 3.078	 2.605	 2.177	  3.64	 3.819	 | 3.819 max

train losses    192:	0.2554	0.2674	0.3117	 0.303	0.3169	0.3203	0.3191	0.3187	0.4452	0.4409	0.5754	0.5711	
val losses      192:	0.2163	0.2015	0.3201	0.2968	0.4077	 0.377	0.3747	0.3689	0.5916	0.5046	0.9376	0.9315	 | 0.4607 mean
                     	0.6114	0.5422	0.8043	0.7797	 1.043	 1.038	0.9304	0.9281	 1.382	 1.156	 2.535	 2.431	 | 1.387 quantile
                      	 2.102	 1.596	 2.154	 3.109	 3.128	 2.242	  2.02	 3.021	 2.622	 2.129	 3.774	 3.901	 | 3.901 max

train losses    194:	0.2528	0.2642	0.3106	0.3021	0.3145	0.3182	0.3164	0.3159	0.4427	0.4408	0.5602	 0.558	
val losses      194:	 0.217	0.2009	  0.32	0.2972	0.4076	0.3776	0.3758	0.3709	0.5903	0.5083	0.9323	0.9267	 | 0.4604 mean
                     	0.6196	0.5499	0.8016	0.7766	  1.04	 1.041	0.9397	0.9326	 1.382	 1.176	 2.503	 2.406	 | 1.385 quantile
                      	 2.125	 1.648	  2.16	 3.094	 3.167	 2.244	 2.016	 3.029	 2.572	 2.108	 3.715	 3.955	 | 3.955 max

train losses    196:	 0.249	0.2608	0.3099	0.3014	0.3092	 0.315	0.3146	0.3138	0.4379	0.4365	0.5543	0.5512	
val losses      196:	0.2176	0.2023	0.3196	0.2966	0.4069	0.3786	0.3743	0.3701	 0.597	0.5215	0.9304	0.9232	 | 0.4615 mean
                     	0.6243	 0.553	0.8021	0.7753	 1.057	 1.059	0.9365	0.9344	   1.4	 1.203	  2.49	 2.391	 | 1.387 quantile
                      	  2.09	 1.645	 2.163	 3.104	  3.13	 2.236	 2.005	 3.081	 2.531	 2.188	 3.711	 3.916	 | 3.916 max

train losses    198:	0.2474	0.2576	0.3095	0.3005	0.3068	0.3125	0.3139	0.3134	0.4349	0.4325	0.5472	0.5436	
val losses      198:	0.2169	0.1987	0.3191	0.2959	0.4036	0.3728	0.3723	0.3686	0.5938	0.5188	0.9283	0.9219	 | 0.4592 mean
                     	0.6217	0.5474	0.8007	0.7749	 1.056	 1.037	0.9217	 0.929	 1.392	 1.189	 2.472	 2.364	 | 1.382 quantile
                      	 2.044	 1.679	 2.174	 3.127	 3.109	 2.202	 2.051	 3.082	 2.512	 2.214	 3.628	 3.809	 | 3.809 max

train losses    200:	0.2449	0.2556	0.3085	0.3002	0.3057	0.3107	0.3124	0.3111	 0.434	0.4324	0.5407	0.5381	
val losses      200:	0.2162	0.1955	0.3191	0.2953	0.3988	 0.369	0.3722	0.3685	0.5936	0.5174	0.9243	0.9199	 | 0.4575 mean
                     	0.6247	0.5354	0.8021	0.7731	 1.043	 1.026	0.9195	0.9255	 1.385	 1.191	 2.439	 2.339	 | 1.374 quantile
                      	 2.077	 1.656	 2.172	 3.108	  3.12	 2.141	 2.063	  3.14	 2.538	 2.182	 3.625	 3.776	 | 3.776 max

train losses    202:	0.2447	0.2529	0.3077	0.2992	0.3034	0.3071	0.3119	0.3111	0.4321	0.4299	0.5392	0.5365	
val losses      202:	 0.214	 0.193	0.3187	0.2947	0.3939	0.3654	0.3732	0.3698	0.5931	0.5132	0.9153	0.9108	 | 0.4546 mean
                     	0.6231	0.5373	0.8006	 0.773	 1.023	  1.02	0.9195	0.9303	 1.387	 1.186	 2.419	 2.319	 | 1.358 quantile
                      	  2.01	 1.634	 2.175	 3.117	 3.134	  2.14	 2.109	 3.105	 2.528	 2.197	 3.709	  3.86	 | 3.86 max

train losses    204:	0.2444	0.2511	0.3072	0.2983	0.3035	0.3059	0.3101	0.3094	0.4303	0.4292	0.5349	0.5322	
val losses      204:	0.2118	0.1907	0.3186	0.2941	0.3921	 0.362	0.3727	0.3695	0.5892	0.5082	0.9225	0.9172	 | 0.4541 mean
                     	0.6167	0.5281	0.7966	0.7718	 1.008	 1.009	 0.926	0.9282	 1.365	 1.175	 2.424	 2.334	 | 1.354 quantile
                      	 2.106	 1.663	 2.179	 3.107	 3.026	 2.095	 2.091	 3.075	 2.484	 2.234	 3.688	  3.81	 | 3.81 max

train losses    206:	0.2423	0.2509	0.3075	0.2986	0.3007	0.3049	0.3094	0.3086	0.4296	0.4272	0.5288	0.5251	
val losses      206:	0.2108	0.1881	0.3182	0.2939	0.3898	0.3605	0.3719	0.3681	0.5903	0.5117	0.9102	 0.904	 | 0.4515 mean
                     	0.6079	0.5233	 0.796	0.7671	 0.998	0.9959	0.9234	0.9192	 1.369	 1.177	 2.421	 2.331	 | 1.349 quantile
                      	 2.136	 1.633	 2.187	   3.1	 3.007	 2.048	 2.091	 3.101	 2.576	 2.204	 3.679	 3.816	 | 3.816 max

train losses    208:	0.2416	0.2491	0.3063	0.2974	0.2984	0.3029	0.3087	0.3081	0.4274	0.4263	0.5286	0.5249	
val losses      208:	0.2105	0.1898	0.3182	0.2935	0.3865	0.3561	 0.371	 0.367	0.5978	0.5224	0.9076	0.9004	 | 0.4517 mean
                     	  0.61	0.5235	0.7966	0.7666	0.9886	 0.979	0.9234	0.9206	 1.377	 1.204	 2.396	 2.305	 | 1.346 quantile
                      	 2.083	 1.697	 2.204	 3.101	 3.016	 2.024	 2.088	 3.089	 2.629	 2.266	 3.741	  3.87	 | 3.87 max

train losses    210:	0.2415	0.2485	0.3061	0.2966	0.3005	0.3035	0.3072	0.3061	0.4279	0.4265	0.5308	0.5284	
val losses      210:	0.2126	0.1913	0.3179	0.2933	0.3843	0.3569	0.3721	0.3682	0.5963	0.5181	 0.908	0.9031	 | 0.4519 mean
                     	 0.615	0.5335	0.7957	0.7669	0.9915	0.9841	0.9307	0.9227	 1.373	 1.203	 2.387	 2.281	 | 1.348 quantile
                      	 2.128	 1.593	 2.199	 3.114	 2.989	 1.943	 2.082	 3.081	 2.604	 2.292	 3.816	 3.933	 | 3.933 max

train losses    212:	0.2412	0.2486	0.3053	0.2964	 0.299	0.3004	0.3068	0.3062	 0.429	0.4277	0.5301	0.5269	
val losses      212:	0.2101	0.1886	0.3175	0.2932	0.3845	0.3598	0.3717	0.3677	0.6032	0.5245	0.8929	0.8887	 | 0.4502 mean
                     	0.6062	0.5259	 0.796	0.7661	0.9926	0.9864	0.9287	0.9228	 1.378	 1.205	 2.386	 2.296	 | 1.337 quantile
                      	   2.2	 1.604	 2.188	 3.113	 2.927	 1.966	 2.092	 3.124	  2.51	 2.102	 3.866	 4.014	 | 4.014 max

train losses    214:	0.2413	0.2481	0.3053	0.2958	0.2999	0.3039	0.3056	0.3044	0.4304	0.4273	0.5265	0.5245	
val losses      214:	0.2105	0.1896	0.3173	0.2928	0.3803	0.3522	0.3693	 0.365	0.5986	0.5187	0.8881	0.8848	 | 0.4473 mean
                     	0.6072	0.5263	0.7961	0.7623	0.9754	0.9739	0.9238	0.9138	  1.39	 1.206	 2.385	 2.298	 | 1.343 quantile
                      	 2.105	 1.701	  2.18	 3.092	  3.02	 1.973	 2.084	 3.095	 2.389	 2.266	 3.772	 3.928	 | 3.928 max

train losses    216:	0.2407	0.2479	0.3045	0.2959	0.2985	0.3031	0.3071	 0.307	0.4291	0.4289	0.5338	0.5291	
val losses      216:	0.2098	0.1868	0.3172	0.2925	0.3828	0.3484	  0.37	0.3659	 0.595	0.5172	0.9888	0.9761	 | 0.4626 mean
                     	 0.605	0.5227	0.7942	0.7689	0.9587	0.9601	0.9188	0.9147	 1.372	 1.194	 2.415	 2.335	 | 1.409 quantile
                      	 2.187	 1.599	 2.189	 3.091	 2.995	 2.003	 2.115	 3.084	 2.534	 2.431	 3.893	 4.092	 | 4.092 max

train losses    218:	0.2405	0.2467	0.3047	0.2955	0.2973	0.3019	0.3064	0.3054	0.4253	0.4243	0.5551	0.5518	
val losses      218:	0.2127	0.1891	0.3174	0.2925	0.3826	0.3613	0.3727	0.3688	0.6074	0.5316	0.8776	0.8763	 | 0.4492 mean
                     	0.6157	0.5232	0.7928	 0.762	 1.009	0.9867	0.9235	0.9327	 1.407	 1.219	 2.387	 2.287	 | 1.327 quantile
                      	 2.203	 1.597	 2.221	 3.104	 2.919	 1.907	 2.078	 3.089	 2.546	 2.265	 3.822	  4.01	 | 4.01 max

train losses    220:	0.2407	0.2477	0.3038	0.2948	0.2999	0.3041	0.3037	0.3039	0.4306	0.4319	0.6077	0.6056	
val losses      220:	0.2114	0.1877	0.3173	0.2923	0.3787	0.3563	 0.371	0.3666	0.6004	0.5193	0.8868	0.8843	 | 0.4477 mean
                     	0.6122	0.5194	0.7876	0.7637	 0.988	0.9726	0.9187	0.9155	 1.387	 1.212	 2.461	 2.394	 | 1.354 quantile
                      	 2.146	 1.548	 2.208	 3.087	 2.901	 1.837	  2.03	 3.041	 2.458	   2.2	 4.035	 4.178	 | 4.178 max

train losses    222:	0.2412	0.2476	0.3043	0.2954	0.3003	0.3091	0.3052	0.3051	0.4363	0.4396	 0.631	0.6254	
val losses      222:	0.2118	0.1922	0.3172	 0.292	0.3915	0.3633	0.3715	 0.366	0.6063	0.5485	 1.289	 1.264	 | 0.5178 mean
                     	0.6047	0.5306	0.7959	0.7638	0.9679	0.9846	0.9192	0.9196	 1.416	 1.314	 2.721	 2.685	 | 1.712 quantile
                      	 2.275	   1.6	 2.192	 3.056	 2.998	 2.064	 2.013	 3.012	 2.586	 2.708	 4.646	 4.812	 | 4.812 max

train losses    224:	0.2438	 0.248	0.3042	0.2951	0.3046	0.3097	0.3064	0.3062	 0.438	 0.442	0.6562	0.6543	
val losses      224:	0.2162	0.1909	0.3176	0.2922	0.3846	0.3602	0.3714	0.3667	 0.623	0.5452	0.9265	0.9237	 | 0.4599 mean
                     	0.6169	0.5425	0.7865	 0.763	 1.011	0.9925	0.9241	0.9188	 1.441	 1.266	  2.46	 2.428	 | 1.408 quantile
                      	 2.153	 1.717	 2.208	 3.094	 2.836	 2.061	 2.009	 3.115	 2.597	 2.362	 4.055	 4.224	 | 4.224 max

train losses    226:	0.2446	0.2511	0.3042	0.2956	0.3042	0.3135	0.3062	0.3055	 0.443	0.4492	0.6235	0.6231	
val losses      226:	 0.213	0.1922	0.3171	0.2917	0.3775	0.3454	  0.37	0.3651	0.6208	0.5448	0.9168	0.9039	 | 0.4548 mean
                     	0.6049	0.5374	0.7866	0.7645	0.9703	0.9577	0.9248	0.9147	 1.448	 1.294	 2.399	 2.317	 | 1.368 quantile
                      	 2.193	 1.654	 2.217	 3.066	 2.905	 1.871	 2.039	 3.058	 2.728	 2.308	 3.504	 3.519	 | 3.519 max

train losses    228:	0.2479	0.2523	0.3034	0.2942	0.3125	0.3204	0.3064	0.3068	0.4588	 0.464	0.5706	0.5666	
val losses      228:	0.2208	0.2013	0.3181	0.2924	0.4031	 0.393	0.3704	0.3669	 0.626	0.5523	 0.887	0.8816	 | 0.4594 mean
                     	0.6233	0.5454	0.7899	0.7655	 1.064	 1.046	0.9176	0.9271	 1.473	 1.302	 2.394	 2.328	 | 1.368 quantile
                      	 2.129	 1.496	 2.205	 3.073	 2.824	 2.019	 2.133	 3.119	 2.662	 2.248	 3.854	 3.844	 | 3.854 max

train losses    230:	0.2485	0.2583	0.3034	0.2947	0.3242	0.3367	0.3067	 0.307	0.4708	0.4804	0.5596	0.5567	
val losses      230:	0.2165	0.2023	0.3168	0.2911	0.3889	0.3616	0.3662	0.3613	0.6216	0.5539	0.8951	 0.891	 | 0.4555 mean
                     	0.6101	0.5407	0.7921	 0.762	0.9952	0.9905	0.9106	0.9106	 1.454	 1.306	 2.416	 2.339	 | 1.371 quantile
                      	 2.235	 1.654	 2.193	  3.09	 3.078	 2.057	 2.044	 3.089	 2.482	 2.383	 3.947	 3.978	 | 3.978 max

train losses    232:	0.2511	0.2583	0.3029	0.2935	0.3124	0.3227	0.3067	0.3061	0.4553	 0.459	0.6632	0.6588	
val losses      232:	0.2182	 0.204	0.3179	0.2923	0.4022	0.3917	0.3684	0.3648	0.6411	0.5716	0.9191	0.9066	 | 0.4665 mean
                     	0.6122	0.5518	 0.787	 0.758	 1.054	  1.04	0.9137	 0.926	 1.482	 1.343	 2.428	 2.337	 | 1.399 quantile
                      	 2.215	 1.574	  2.21	 3.086	  2.86	 2.056	 2.077	 3.138	 2.746	 2.207	   3.6	 3.653	 | 3.653 max

train losses    234:	0.2595	0.2681	0.3039	0.2952	0.3561	0.3774	0.3134	0.3131	0.4653	0.4759	0.6594	0.6548	
val losses      234:	0.2334	0.2184	0.3184	0.2929	0.4352	0.4409	0.3686	0.3644	  0.64	0.5711	0.9164	0.9069	 | 0.4756 mean
                     	0.6344	0.5711	0.7864	0.7608	  1.13	 1.093	0.9131	0.9228	 1.477	 1.349	 2.478	 2.394	 | 1.409 quantile
                      	 2.121	 1.499	 2.179	 3.071	 2.929	 2.246	 2.079	 3.093	 2.738	 2.154	 3.668	  3.65	 | 3.668 max

train losses    236:	0.2719	0.2746	0.3041	0.2954	0.3677	0.3859	0.3208	 0.321	0.4699	 0.478	0.6339	0.6291	
val losses      236:	0.2203	0.2094	0.3178	0.2929	0.4103	0.3898	0.3655	0.3615	0.6083	0.5277	0.9446	0.9375	 | 0.4655 mean
                     	0.6156	0.5656	0.7933	0.7623	 1.074	 1.045	0.9106	0.9075	 1.434	  1.26	 2.596	  2.55	 | 1.438 quantile
                      	 2.198	 1.571	 2.174	 3.114	 3.213	 2.292	 2.153	 3.118	   2.5	 1.981	 3.987	 4.043	 | 4.043 max

train losses    238:	0.2788	0.2886	0.3055	0.2963	0.3656	0.3898	0.3226	0.3247	0.4585	0.4538	0.6298	 0.625	
val losses      238:	0.2181	0.2059	0.3176	 0.292	0.4109	0.3852	0.3727	0.3673	0.6136	0.5302	0.9381	0.9271	 | 0.4649 mean
                     	0.6205	0.5468	0.7946	0.7616	  1.09	 1.059	0.9186	 0.906	 1.402	 1.245	 2.499	 2.422	 | 1.397 quantile
                      	 1.959	   1.6	 2.169	 3.085	 2.767	 2.396	 2.082	 3.005	 2.784	 2.001	 3.655	 3.756	 | 3.756 max

train losses    240:	0.2662	0.2746	0.3071	0.2977	 0.345	 0.364	0.3261	0.3263	0.4926	0.4811	0.6393	0.6354	
val losses      240:	  0.23	0.2223	0.3176	0.2925	0.4094	0.3844	0.3715	0.3645	0.6122	0.5445	0.9202	 0.909	 | 0.4648 mean
                     	0.6245	0.5812	0.7993	0.7605	 1.038	 1.035	0.9262	0.8927	 1.399	  1.25	 2.495	 2.405	 | 1.388 quantile
                      	 1.991	 1.561	 2.128	 3.091	 2.786	 2.312	 2.156	   3.0	  2.84	 2.275	 3.948	  4.06	 | 4.06 max

train losses    242:	0.2611	0.2647	 0.306	0.2973	  0.33	0.3412	0.3199	0.3204	0.5022	0.5006	0.6404	0.6359	
val losses      242:	0.2175	 0.196	0.3169	 0.292	0.3959	0.3728	0.3693	0.3649	 0.602	0.5353	0.9348	0.9225	 | 0.46 mean
                     	0.6096	0.5415	0.7942	0.7608	 1.039	 1.032	0.9171	0.9149	 1.425	 1.277	 2.517	 2.432	 | 1.408 quantile
                      	  1.99	 1.527	 2.156	 3.067	 2.737	 2.211	 2.185	 3.097	 2.554	 2.495	 4.143	 4.223	 | 4.223 max

train losses    244:	0.2544	0.2595	0.3054	0.2958	0.3375	0.3474	0.3163	0.3181	0.5787	0.5852	0.6374	0.6359	
val losses      244:	0.2173	0.2009	0.3176	0.2918	0.4104	 0.381	0.3718	0.3672	0.6371	0.5905	0.9494	0.9368	 | 0.4726 mean
                     	0.6081	0.5521	0.7951	0.7623	 1.064	 1.058	0.9146	0.9275	 1.547	 1.495	 2.535	  2.45	 | 1.471 quantile
                      	 2.063	 1.715	 2.132	 3.045	 2.774	 2.339	 2.118	 3.015	 2.539	 2.686	 4.071	 4.176	 | 4.176 max

train losses    246:	0.2741	0.2793	0.3085	0.2995	0.3434	0.3536	0.3295	0.3309	0.7779	0.8058	0.6199	0.6226	
val losses      246:	0.2208	0.2177	0.3185	0.2938	0.4305	0.4029	0.3767	 0.373	0.9402	0.9078	0.9576	0.9433	 | 0.5319 mean
                     	0.6186	0.5885	0.8016	0.7682	 1.158	 1.149	0.9111	0.9293	 2.232	 2.263	 2.484	 2.366	 | 1.752 quantile
                      	 2.085	 1.858	 2.159	  3.07	 3.056	 2.444	 2.096	 2.983	 3.499	 3.733	 4.046	 4.182	 | 4.182 max

train losses    248:	0.3336	0.3381	0.3226	0.3137	0.3859	0.3947	0.3741	0.3782	 1.362	 1.352	 0.756	0.7482	
val losses      248:	0.2913	0.2936	0.3289	0.3027	0.5451	0.5358	0.3958	 0.397	 1.525	 1.557	 1.034	 1.012	 | 0.6848 mean
                     	0.7913	 0.839	0.8257	 0.796	 1.556	 1.592	 1.005	 1.022	 3.847	 3.955	 2.605	 2.538	 | 2.342 quantile
                      	 2.021	 2.932	   2.1	 3.019	 3.833	 3.274	 2.008	 2.856	 6.487	  6.52	 4.367	 4.163	 | 6.52 max

train losses    250:	0.4072	0.4239	0.3378	0.3282	0.4536	0.4653	0.4256	0.4281	 1.307	 1.289	0.8939	0.8942	
val losses      250:	0.3137	0.3551	 0.338	 0.315	0.6039	0.5951	0.4088	0.4161	 1.923	 1.975	 1.162	 1.153	 | 0.7966 mean
                     	0.8391	0.9913	0.8461	0.8284	   1.7	 1.743	 1.049	 1.077	  4.95	  5.09	  2.76	 2.752	 | 2.787 quantile
                      	 2.227	 3.482	 2.195	 3.107	 4.177	 3.719	 1.975	  2.87	 7.215	 7.495	 4.364	 3.878	 | 7.495 max

train losses    252:	0.4008	0.4303	0.3381	0.3322	0.4346	0.4531	0.4219	0.4276	0.9826	0.9887	0.9578	0.9579	
val losses      252:	0.2769	0.3413	0.3338	0.3105	 0.495	0.4729	0.4065	0.4097	 1.665	 1.722	 1.209	 1.171	 | 0.7345 mean
                     	0.7774	0.9519	0.8442	0.8048	 1.338	 1.401	 1.032	 1.046	  4.31	 4.326	 2.726	  2.67	 | 2.584 quantile
                      	 2.457	 3.366	 2.194	  3.04	 3.338	 3.078	 1.727	 2.756	 5.682	 5.912	 4.322	 4.106	 | 5.912 max

train losses    254:	0.3654	0.3825	0.3325	0.3256	0.4397	0.4469	0.4199	0.4244	0.7957	0.8036	 1.119	 1.132	
val losses      254:	0.3123	0.3637	0.3374	0.3162	0.5499	0.5279	0.4062	0.4079	 1.389	 1.376	 1.151	 1.119	 | 0.688 mean
                     	0.8392	 1.024	0.8457	 0.827	  1.52	 1.541	 1.046	 1.075	 3.601	 3.518	 2.559	 2.501	 | 2.274 quantile
                      	 3.122	 3.864	 2.211	 3.004	 3.743	 3.144	 1.891	 2.823	 5.443	 5.142	 4.102	 3.933	 | 5.443 max

train losses    256:	0.3679	0.3714	0.3272	0.3197	0.4263	0.4326	0.4056	0.4113	0.6876	 0.671	 1.047	 1.036	
val losses      256:	0.3222	0.3293	0.3393	0.3185	 0.543	0.5196	0.4162	0.4162	 1.081	 1.039	  1.22	 1.174	 | 0.6432 mean
                     	0.8076	0.9346	0.8501	0.8364	 1.485	 1.491	  1.06	 1.071	 2.727	 2.521	 2.752	 2.729	 | 2.045 quantile
                      	 2.544	 3.322	 2.255	 3.069	 3.687	 3.257	 1.897	 2.813	 4.019	 3.657	 5.036	  4.23	 | 5.036 max

train losses    258:	0.3446	0.3552	0.3262	0.3186	0.4169	0.4137	0.3852	0.3877	0.6109	0.6177	0.9106	0.9137	
val losses      258:	0.2692	0.2654	0.3282	0.3055	 0.482	0.4594	0.3988	0.3911	0.6992	 0.625	 1.018	 0.988	 | 0.5192 mean
                     	0.7052	0.7196	0.8265	0.8023	 1.307	 1.241	  1.01	 1.008	 1.773	  1.51	 2.697	 2.624	 | 1.617 quantile
                      	 1.906	 2.528	 2.156	 3.069	 3.596	 2.936	 1.854	 2.933	 2.856	 2.632	 4.119	 4.125	 | 4.125 max

train losses    260:	0.3175	0.3331	0.3214	0.3126	0.3794	0.3902	0.3694	0.3733	0.5518	0.5523	  0.78	0.7753	
val losses      260:	0.2801	0.2912	0.3255	0.3017	 0.464	0.4398	0.4009	0.3953	0.6711	0.6121	 1.026	0.9922	 | 0.5166 mean
                     	0.7418	0.7396	0.8158	 0.797	 1.247	 1.212	0.9956	0.9852	 1.698	   1.5	 2.629	 2.526	 | 1.564 quantile
                      	 1.935	 2.148	 2.121	 3.045	 3.328	 2.646	 1.752	 2.836	 2.767	 2.628	 3.894	 3.888	 | 3.894 max

train losses    262:	0.3018	0.3119	0.3165	0.3084	0.3661	  0.37	 0.354	0.3563	0.5183	0.5175	0.6724	0.6673	
val losses      262:	0.2602	0.2458	0.3246	0.3021	0.4691	0.4379	0.3916	0.3851	0.6698	0.6006	 1.053	 1.031	 | 0.5143 mean
                     	0.6963	0.6663	0.8099	 0.791	 1.259	 1.228	 0.981	0.9797	 1.604	 1.464	 2.629	 2.532	 | 1.558 quantile
                      	  2.07	 2.239	 2.138	 3.019	 3.153	 2.476	 1.802	 3.012	 2.828	 2.457	 3.782	  3.93	 | 3.93 max

train losses    264:	0.2868	0.3024	0.3149	0.3063	0.3488	0.3585	0.3434	0.3455	0.4991	0.4964	0.6291	0.6245	
val losses      264:	0.2414	 0.235	0.3244	0.3021	0.4652	 0.438	0.3883	0.3811	0.6727	0.6089	0.9577	0.9417	 | 0.4964 mean
                     	0.6695	0.6426	0.8119	0.7823	 1.232	 1.212	0.9628	0.9617	 1.656	 1.491	 2.572	 2.458	 | 1.513 quantile
                      	 2.036	 1.986	 2.191	 3.027	 2.978	 2.442	 1.883	  3.04	 2.638	 2.441	 4.096	 4.223	 | 4.223 max

train losses    266:	0.2739	0.2857	0.3123	0.3035	0.3373	0.3436	0.3328	0.3337	0.4757	0.4779	0.5956	0.5916	
val losses      266:	0.2387	0.2327	0.3238	0.3013	0.4514	0.4267	0.3821	0.3745	0.6608	0.6248	0.9517	0.9347	 | 0.4919 mean
                     	0.6721	0.6423	0.8108	0.7745	 1.188	 1.184	0.9325	0.9441	 1.674	 1.534	 2.512	 2.369	 | 1.502 quantile
                      	 2.084	 2.078	 2.179	 3.081	 3.096	 2.372	 2.033	 2.933	 2.629	 2.464	 3.892	 3.945	 | 3.945 max

train losses    268:	0.2668	0.2773	0.3106	0.3016	0.3307	0.3365	0.3252	0.3259	0.4659	0.4619	0.5705	0.5676	
val losses      268:	0.2326	0.2271	0.3241	 0.301	0.4427	0.4171	0.3795	0.3725	0.6463	  0.59	0.9405	0.9262	 | 0.4833 mean
                     	0.6566	0.6206	0.8097	0.7792	 1.163	 1.153	0.9249	0.9279	 1.536	  1.39	 2.522	 2.364	 | 1.444 quantile
                      	 2.132	 1.904	 2.204	 3.055	 3.092	 2.368	  1.96	 3.012	 2.669	 2.297	 3.612	 3.646	 | 3.646 max

train losses    270:	0.2628	0.2721	0.3102	 0.301	0.3239	0.3313	0.3203	0.3212	0.4551	0.4537	0.5619	0.5555	
val losses      270:	0.2305	0.2235	0.3247	0.3017	 0.433	0.4081	0.3767	0.3705	0.6368	0.5629	0.9419	  0.93	 | 0.4784 mean
                     	0.6403	0.6219	0.8082	0.7822	  1.12	 1.135	0.9267	0.9253	 1.474	 1.295	 2.512	 2.405	 | 1.425 quantile
                      	 2.194	 1.902	  2.25	 3.117	 3.056	 2.382	 2.025	 2.959	 2.687	 2.213	 3.644	 3.761	 | 3.761 max

train losses    272:	0.2572	0.2674	0.3089	0.3003	0.3165	0.3238	 0.317	0.3175	0.4529	 0.446	 0.547	0.5435	
val losses      272:	0.2262	0.2234	 0.325	0.3017	 0.425	0.4057	0.3749	0.3687	0.6188	0.5448	0.9381	0.9301	 | 0.4735 mean
                     	0.6308	0.6106	0.8096	0.7778	 1.124	 1.127	0.9166	0.9301	 1.428	 1.269	 2.512	 2.431	 | 1.402 quantile
                      	 2.022	 1.882	 2.263	  3.14	 3.041	 2.368	 1.972	 3.025	 2.553	  2.25	 3.845	 3.897	 | 3.897 max

train losses    274:	0.2516	0.2636	0.3083	0.2994	0.3145	0.3206	 0.313	0.3118	 0.448	 0.443	0.5393	0.5343	
val losses      274:	0.2254	0.2206	0.3243	0.3009	0.4225	0.4014	0.3741	0.3687	0.6178	0.5433	0.9318	0.9246	 | 0.4713 mean
                     	0.6344	0.6026	0.8046	0.7752	 1.102	 1.118	0.9184	0.9196	 1.429	 1.265	 2.507	 2.429	 | 1.401 quantile
                      	 2.203	 1.914	 2.276	 3.148	 3.055	 2.333	 2.042	   3.0	 2.501	  2.25	 3.775	 3.838	 | 3.838 max

train losses    276:	0.2517	0.2602	0.3071	0.2979	 0.312	0.3182	0.3104	0.3099	0.4438	0.4378	0.5336	0.5295	
val losses      276:	0.2231	0.2175	0.3238	0.3006	0.4208	0.3984	0.3746	0.3701	0.6176	0.5408	0.9249	0.9187	 | 0.4692 mean
                     	0.6347	0.6011	0.8071	0.7758	  1.09	 1.113	0.9155	0.9256	 1.433	 1.256	 2.498	 2.405	 | 1.395 quantile
                      	 2.203	  1.82	 2.242	 3.151	 3.116	 2.246	 2.037	 3.096	  2.52	 2.231	 3.811	 3.843	 | 3.843 max

train losses    278:	0.2489	 0.257	0.3061	0.2969	 0.308	0.3135	  0.31	0.3102	0.4362	0.4332	0.5272	0.5231	
val losses      278:	0.2237	0.2148	0.3224	0.2995	 0.418	0.3972	0.3745	0.3691	0.6166	0.5415	0.9153	0.9081	 | 0.4667 mean
                     	0.6334	0.5907	0.8038	0.7759	 1.086	 1.118	0.9135	0.9161	 1.427	 1.258	 2.464	 2.383	 | 1.384 quantile
                      	  2.14	 1.862	 2.226	 3.162	 3.103	 2.252	  2.02	 3.098	 2.487	 2.234	 3.802	 3.841	 | 3.841 max

train losses    280:	0.2476	0.2554	0.3053	0.2961	0.3066	0.3129	0.3072	0.3071	0.4365	0.4319	0.5231	0.5197	
val losses      280:	0.2204	0.2108	0.3217	0.2983	0.4123	0.3916	0.3729	0.3671	0.6141	 0.537	0.9143	0.9071	 | 0.464 mean
                     	0.6275	0.5803	0.8035	 0.774	 1.075	 1.099	0.9119	0.9108	 1.419	 1.249	 2.453	 2.355	 | 1.379 quantile
                      	 2.075	 1.863	 2.227	 3.152	 3.123	  2.17	  2.04	 3.094	 2.519	 2.196	 3.706	 3.847	 | 3.847 max

train losses    282:	0.2452	0.2514	0.3051	0.2961	0.3057	 0.309	0.3056	0.3058	0.4343	0.4288	0.5165	0.5151	
val losses      282:	0.2193	0.2099	0.3211	0.2975	0.4078	0.3876	0.3727	 0.367	0.6127	0.5314	0.9204	0.9123	 | 0.4633 mean
                     	0.6274	0.5794	0.8026	0.7709	 1.061	 1.083	0.9159	0.9109	 1.403	 1.236	 2.433	 2.372	 | 1.379 quantile
                      	 2.176	 1.912	 2.234	 3.143	 3.098	 2.126	 2.011	 3.084	 2.545	 2.149	 3.692	 3.823	 | 3.823 max

train losses    284:	0.2438	0.2509	0.3053	0.2959	 0.303	0.3088	0.3041	0.3038	0.4291	0.4271	0.5187	0.5143	
val losses      284:	0.2187	0.2083	0.3209	0.2973	0.4069	0.3863	0.3737	0.3684	0.6124	0.5338	0.9119	0.9043	 | 0.4619 mean
                     	0.6331	0.5769	 0.806	0.7702	 1.055	 1.077	 0.913	0.9109	 1.402	  1.24	  2.44	  2.36	 | 1.368 quantile
                      	 2.185	 1.852	 2.229	  3.14	 3.101	 2.106	 2.044	 3.042	 2.487	 2.115	  3.76	 3.813	 | 3.813 max

train losses    286:	0.2444	0.2494	0.3041	0.2938	0.2993	0.3063	0.3037	0.3025	0.4286	0.4238	0.5124	0.5089	
val losses      286:	0.2181	 0.206	0.3211	0.2968	 0.403	0.3835	 0.374	0.3685	0.6096	 0.529	0.9147	0.9076	 | 0.461 mean
                     	0.6261	0.5684	0.7964	0.7699	 1.043	 1.074	0.9131	0.9132	 1.404	 1.221	 2.425	 2.343	 | 1.372 quantile
                      	 2.127	 1.772	  2.24	  3.11	 3.065	 2.155	 2.032	 3.103	 2.482	 2.149	 3.622	 3.768	 | 3.768 max

train losses    288:	0.2429	0.2477	0.3033	0.2939	0.3005	0.3044	0.3026	0.3023	0.4261	 0.424	0.5123	0.5103	
val losses      288:	0.2157	0.2028	  0.32	0.2954	0.4007	0.3776	0.3712	0.3652	0.6078	0.5249	0.9065	 0.901	 | 0.4574 mean
                     	0.6202	0.5667	 0.793	  0.77	 1.023	 1.056	0.9086	 0.901	 1.388	 1.216	 2.416	 2.343	 | 1.359 quantile
                      	 2.147	 1.735	 2.224	 3.118	 3.052	 2.123	 2.051	  3.11	 2.514	  2.17	 3.788	 3.929	 | 3.929 max

train losses    290:	0.2414	0.2456	0.3031	0.2935	0.2973	0.3032	0.3025	0.3004	0.4252	 0.421	0.5105	0.5068	
val losses      290:	0.2146	0.2013	0.3211	0.2961	0.3989	0.3772	0.3698	0.3651	0.6087	0.5301	0.9031	 0.897	 | 0.4569 mean
                     	0.6166	0.5616	0.7933	0.7719	 1.012	 1.048	0.9089	0.9082	 1.393	 1.227	 2.402	 2.332	 | 1.358 quantile
                      	 2.219	 1.822	 2.256	 3.131	  3.06	 2.123	 2.103	 3.187	 2.497	 2.194	 3.642	 3.777	 | 3.777 max

train losses    292:	0.2399	0.2432	0.3026	0.2933	0.2959	0.3023	0.3004	0.3006	0.4221	0.4194	0.5081	0.5036	
val losses      292:	0.2131	0.1977	0.3196	0.2949	 0.397	0.3749	0.3691	0.3641	0.6048	0.5252	 0.899	0.8923	 | 0.4543 mean
                     	0.6113	0.5502	0.7926	0.7655	 1.011	 1.047	0.9065	0.9005	 1.386	 1.218	 2.408	 2.331	 | 1.35 quantile
                      	 2.213	 1.809	  2.23	 3.115	 3.076	 2.017	 2.137	 3.106	 2.465	 2.149	 3.702	 3.836	 | 3.836 max

train losses    294:	0.2379	0.2429	 0.302	0.2925	0.2961	0.2997	0.2994	0.3005	 0.421	0.4181	0.5076	0.5034	
val losses      294:	0.2115	0.1943	0.3194	0.2949	0.3948	0.3704	0.3698	 0.365	0.6039	0.5226	 0.907	 0.901	 | 0.4546 mean
                     	 0.598	0.5381	0.7946	0.7683	 1.006	 1.039	0.9066	0.9032	 1.396	 1.206	 2.374	 2.311	 | 1.358 quantile
                      	  2.17	 1.771	 2.238	 3.127	  3.07	 2.071	 2.102	 3.132	 2.506	 2.181	 3.727	 3.872	 | 3.872 max

train losses    296:	0.2371	0.2426	 0.302	0.2922	0.2938	0.3001	0.3006	   0.3	0.4172	0.4165	0.5016	0.4994	
val losses      296:	0.2112	0.1926	0.3195	0.2943	0.3943	0.3703	 0.368	 0.364	0.6024	0.5231	0.8983	0.8923	 | 0.4525 mean
                     	0.6083	0.5316	 0.793	0.7654	0.9986	  1.03	0.9058	0.9002	 1.386	 1.213	 2.351	 2.282	 | 1.355 quantile
                      	 2.223	 1.707	  2.24	 3.128	 3.067	 2.099	  2.15	 3.152	  2.41	 2.224	  3.63	 3.782	 | 3.782 max

train losses    298:	0.2376	0.2417	0.3013	0.2918	0.2937	0.2962	0.2994	0.2983	0.4192	0.4147	0.5018	0.4978	
val losses      298:	0.2112	0.1918	 0.319	0.2937	0.3893	0.3645	0.3686	0.3641	0.6044	 0.527	0.8921	 0.885	 | 0.4509 mean
                     	0.6082	0.5296	0.7915	0.7637	0.9921	 1.016	0.9073	0.9034	 1.392	 1.213	 2.358	 2.304	 | 1.342 quantile
                      	 2.237	 1.804	 2.239	 3.121	 3.067	 2.077	 2.129	 3.119	  2.43	 2.107	 3.592	 3.728	 | 3.728 max

