train losses      0:	0.7004	0.6556	0.5384	0.4961	0.7904	0.8411	0.6283	0.5625	 1.641	 1.668	 1.529	 1.515	
val losses        0:	 1.217	0.5049	0.6208	 1.442	 1.359	 1.631	 4.703	 3.091	 3.965	0.9443	 2.754	 2.647	 | 2.073 mean
                     	 2.266	 1.383	 1.501	 2.272	  2.52	 2.808	 5.696	  4.12	 5.927	 2.539	 5.209	 4.882	 | 4.938 quantile
                      	 3.753	 4.976	 3.188	 4.406	 4.403	 4.475	 7.137	 5.949	 8.499	 4.654	 8.689	 7.704	 | 8.689 max

train losses      2:	0.5944	0.6006	0.4879	 0.498	0.7245	0.7629	0.5723	0.5582	 1.553	 1.623	 1.496	 1.505	
val losses        2:	0.4621	0.8592	0.9778	0.4637	0.4796	0.6255	 1.141	0.4735	 0.794	 1.075	 1.176	 1.209	 | 0.8113 mean
                     	 1.259	 1.723	 1.865	 1.142	 1.327	 1.601	 2.127	 1.215	 2.441	 2.673	 2.773	   3.0	 | 2.127 quantile
                      	 2.862	 3.902	 3.308	  3.04	 2.855	 3.382	   3.5	 3.269	 4.584	 4.715	 5.221	 5.927	 | 5.927 max

train losses      4:	0.5039	0.5406	0.4463	  0.44	0.6318	 0.694	0.5276	0.5274	 1.411	 1.546	 1.442	 1.463	
val losses        4:	0.3862	0.4311	0.3997	0.4152	0.5025	0.4344	0.4284	0.4515	0.6961	0.8289	 1.156	 1.173	 | 0.6086 mean
                     	 1.131	 1.107	 1.032	 1.056	  1.25	 1.129	 1.139	 1.177	  2.03	  2.19	 2.843	 2.771	 | 1.866 quantile
                      	 3.275	 3.862	 2.258	 2.906	 2.608	 3.507	 2.543	 2.724	 3.774	 4.285	 5.568	 4.927	 | 5.568 max

train losses      6:	0.4608	0.5062	0.4089	0.4157	0.5776	0.6466	0.5041	0.5118	 1.207	 1.415	 1.379	 1.418	
val losses        6:	0.3886	0.3664	0.3807	0.3754	0.3807	0.4096	0.4055	0.4298	0.6281	0.7592	 1.111	 1.143	 | 0.5649 mean
                     	 1.032	 1.005	0.9997	 1.005	0.9913	 1.025	 1.064	 1.079	 1.763	  1.98	 2.685	 2.686	 | 1.763 quantile
                      	 2.756	  4.27	 2.326	 2.628	 2.075	 3.293	 2.217	 2.951	 3.175	 3.557	 4.603	 4.822	 | 4.822 max

train losses      8:	 0.435	0.4915	0.4084	 0.418	0.5317	0.6163	0.5038	0.5114	0.9788	 1.217	 1.311	 1.367	
val losses        8:	0.3518	0.3412	0.3757	0.3704	0.3333	0.4124	0.3972	 0.402	0.5298	0.6282	 1.097	 1.107	 | 0.5288 mean
                     	0.9423	0.9279	0.9926	0.9694	0.8741	 1.016	 1.035	 1.069	 1.391	 1.629	 2.709	 2.746	 | 1.644 quantile
                      	 2.622	 4.335	 2.215	 2.829	 1.809	 3.268	 2.143	 2.996	 2.803	 2.876	 4.423	 4.588	 | 4.588 max

train losses     10:	0.4328	0.4801	0.4122	 0.424	0.5183	0.5879	0.5196	0.5114	0.8065	0.9923	 1.248	 1.303	
val losses       10:	0.3357	0.3329	0.3627	0.3638	0.3267	0.4269	0.4108	 0.411	0.7698	0.6916	   1.1	  1.09	 | 0.5518 mean
                     	 0.921	0.9071	0.9519	0.9577	0.8318	 1.028	  1.05	 1.064	 1.736	 1.687	 2.678	 2.773	 | 1.647 quantile
                      	 2.542	 4.472	 2.295	 2.813	 1.727	 2.938	 2.496	 3.055	 2.968	 2.538	 4.077	 4.372	 | 4.472 max

train losses     12:	0.4299	0.4615	0.4225	0.4342	0.5366	0.5514	0.5284	 0.514	0.7942	0.8636	 1.199	 1.231	
val losses       12:	0.2925	0.2898	0.3656	0.3761	0.3295	0.3468	0.4029	0.3793	0.6428	0.6034	 1.153	 1.122	 | 0.5253 mean
                     	0.8003	0.7849	0.9611	0.9873	0.8246	 0.842	 1.062	0.9981	 1.558	 1.537	  2.74	 2.658	 | 1.633 quantile
                      	 2.411	 4.329	 2.247	 2.733	 1.694	 2.796	 2.553	 2.741	 2.367	 2.413	 4.658	 4.249	 | 4.658 max

train losses     14:	0.4123	0.4421	0.4258	0.4405	0.5535	0.5255	0.5306	0.5077	0.8917	0.8763	 1.175	  1.19	
val losses       14:	0.2709	0.2956	0.3681	 0.362	0.3714	0.3653	0.3719	0.3707	0.9343	0.8412	 1.175	 1.129	 | 0.5713 mean
                     	0.7202	0.7614	0.9669	0.9638	0.9364	0.9091	0.9682	0.9976	 1.917	 1.688	 2.753	 2.615	 | 1.719 quantile
                      	 2.237	  4.04	 2.294	 2.659	 1.709	  2.24	 2.371	 2.654	 2.744	 2.407	  4.78	  4.15	 | 4.78 max

train losses     16:	0.4216	0.4381	0.4306	0.4345	0.5398	0.5136	0.5204	0.5046	0.9917	0.9849	  1.17	 1.173	
val losses       16:	0.3039	0.2967	0.3691	0.3607	0.3528	0.3574	0.3684	0.3693	0.5089	0.4463	 1.198	 1.162	 | 0.5078 mean
                     	0.7561	0.7458	0.9532	 0.946	0.8994	 0.877	0.9825	0.9951	 1.352	 1.159	 2.887	 2.633	 | 1.631 quantile
                      	 2.509	 3.506	 2.253	 2.677	 1.712	 2.015	 2.512	 2.562	 2.052	 1.886	 5.297	 4.618	 | 5.297 max

train losses     18:	0.4183	0.4333	0.4217	0.4217	0.5327	0.5196	0.5104	0.4971	 0.909	0.9163	 1.137	 1.139	
val losses       18:	0.2564	0.2422	0.3661	0.3641	0.3192	0.3198	 0.369	0.3724	 1.029	 1.017	 1.286	 1.197	 | 0.5949 mean
                     	0.6897	 0.637	0.9602	0.9505	0.8144	0.7833	0.9625	 1.023	 2.288	 2.191	 2.892	 2.685	 | 1.94 quantile
                      	 1.959	 3.536	 2.167	 2.831	 1.476	  1.87	 2.609	 2.433	 3.716	 3.265	 5.363	 5.023	 | 5.363 max

train losses     20:	 0.407	0.4179	0.4154	0.4125	0.5238	0.5221	0.4958	0.4899	0.7829	0.7825	 1.118	 1.109	
val losses       20:	0.2717	0.2518	0.3612	0.3553	0.3777	0.3974	0.3595	0.3666	0.5095	0.4841	 1.183	 1.158	 | 0.5064 mean
                     	0.7038	0.6371	0.9393	 0.939	0.9533	0.9546	0.9535	 1.006	 1.323	  1.26	 2.786	 2.605	 | 1.573 quantile
                      	 1.926	 3.478	 2.161	 2.735	 1.831	  1.99	 2.298	 2.233	 2.198	 1.982	 5.345	 5.063	 | 5.345 max

train losses     22:	0.3926	0.4086	0.4114	0.4078	0.5068	0.5119	0.4815	0.4796	0.6789	0.6767	 1.083	 1.087	
val losses       22:	0.2827	0.2693	0.3591	0.3512	0.3416	0.3293	0.3653	0.3653	0.5036	 0.522	 1.181	  1.16	 | 0.5025 mean
                     	0.7176	0.6841	0.9432	0.9234	0.8659	0.8209	0.9761	0.9976	 1.339	 1.209	  2.82	 2.709	 | 1.563 quantile
                      	 1.967	  3.26	 2.222	  2.78	 1.813	 1.829	 2.098	 2.193	 2.208	 2.002	 5.182	 5.064	 | 5.182 max

train losses     24:	0.3885	0.4038	0.4077	0.4021	0.4787	0.4706	0.4762	0.4697	0.6754	0.6752	 1.081	 1.081	
val losses       24:	 0.241	0.2231	0.3565	0.3474	0.2917	0.2966	0.3524	0.3561	 0.527	0.5168	 1.184	 1.161	 | 0.4878 mean
                     	0.6386	0.5861	0.9309	0.9206	0.7306	0.7423	0.9428	0.9835	 1.341	 1.194	 2.823	 2.728	 | 1.543 quantile
                      	 2.086	  3.14	 2.211	 2.633	 1.592	 1.586	 2.187	 2.201	 2.407	 1.988	 5.333	 5.143	 | 5.333 max

train losses     26:	0.3741	0.3842	0.3967	0.3953	0.4604	0.4591	0.4654	0.4593	0.6322	0.6379	 1.061	 1.061	
val losses       26:	0.2759	 0.238	0.3523	0.3465	0.2894	0.2932	0.3453	0.3479	 0.529	0.5097	 1.184	 1.165	 | 0.4897 mean
                     	0.6968	0.6179	0.9173	0.9182	0.7259	 0.733	0.9235	0.9638	 1.403	 1.205	  2.81	 2.767	 | 1.55 quantile
                      	 2.005	 2.872	 2.153	 2.668	 1.541	 1.575	 2.182	 2.205	  2.36	 2.076	  5.33	 5.106	 | 5.33 max

train losses     28:	0.3627	0.3767	0.3902	0.3879	0.4485	0.4456	0.4509	0.4496	0.6376	0.6387	 1.045	 1.044	
val losses       28:	0.2799	 0.234	0.3518	0.3459	0.3187	 0.332	0.3463	0.3452	0.5417	0.5455	 1.177	 1.154	 | 0.4977 mean
                     	0.7023	0.6061	0.9127	0.9152	0.7956	0.8116	0.9201	0.9445	 1.422	 1.284	 2.843	 2.775	 | 1.559 quantile
                      	 2.063	 2.948	 2.174	 2.735	 1.641	 1.436	 2.158	 2.316	 2.342	 2.112	 5.306	 5.186	 | 5.306 max

train losses     30:	0.3588	0.3696	0.3863	 0.385	0.4488	 0.449	0.4443	0.4417	 0.666	0.6579	 1.034	 1.033	
val losses       30:	 0.238	0.2101	0.3516	0.3467	0.2896	0.2913	0.3456	0.3426	0.5279	0.5593	 1.162	 1.149	 | 0.4844 mean
                     	0.6363	0.5552	0.9104	0.9188	0.7291	0.7326	0.9151	0.9422	 1.401	 1.306	 2.807	 2.771	 | 1.544 quantile
                      	 2.025	 2.656	 2.144	 2.768	 1.486	  1.37	 2.045	 2.267	 2.288	 2.123	 5.334	 5.197	 | 5.334 max

train losses     32:	0.3532	 0.366	0.3821	0.3843	0.4469	0.4506	0.4468	0.4368	0.6619	0.6637	  1.02	 1.023	
val losses       32:	0.2332	0.2247	0.3524	0.3478	0.3285	0.3301	0.3492	0.3396	0.5008	0.5405	 1.161	 1.151	 | 0.4882 mean
                     	0.6229	0.5707	0.9151	0.9144	  0.86	0.8058	0.9133	0.9419	 1.341	 1.244	 2.806	 2.775	 | 1.533 quantile
                      	 1.981	 2.658	 2.111	 2.721	 1.693	 1.483	 1.981	 2.143	 2.287	  2.06	 5.511	 5.311	 | 5.511 max

train losses     34:	0.3648	 0.385	0.3821	0.3856	0.4711	0.4838	0.4514	 0.435	0.6926	0.6895	 1.019	 1.021	
val losses       34:	0.2784	0.2845	0.3547	0.3496	0.4217	 0.411	0.3591	0.3407	0.5337	0.5665	 1.177	 1.167	 | 0.5204 mean
                     	0.6928	0.6982	0.9164	0.9212	 1.055	0.9694	0.9394	0.9445	 1.384	 1.293	 2.873	 2.829	 | 1.566 quantile
                      	 1.951	 2.405	 2.264	 2.779	 1.887	 1.714	 1.913	 1.994	  2.18	 2.211	 5.641	 5.396	 | 5.641 max

train losses     36:	0.3806	0.4058	 0.383	0.3845	0.4991	0.5137	0.4547	0.4349	 0.724	0.7261	0.9891	0.9921	
val losses       36:	0.2453	0.2323	0.3538	0.3464	0.3547	0.3522	0.3555	0.3377	0.5427	0.5511	 1.168	 1.153	 | 0.4993 mean
                     	0.6234	0.5929	0.9201	0.9185	0.8742	0.8553	0.9384	0.9347	 1.406	 1.221	 2.873	 2.783	 | 1.553 quantile
                      	 1.771	 3.052	 2.183	 2.653	 1.894	 1.735	 1.911	 2.075	 2.317	 1.987	 5.901	 5.634	 | 5.901 max

train losses     38:	0.3677	0.3924	0.3799	0.3809	0.4625	0.4643	0.4444	0.4331	0.6964	0.7082	0.9773	0.9723	
val losses       38:	0.2699	 0.243	0.3514	0.3473	0.3367	0.3358	0.3468	0.3406	0.5084	0.4828	 1.192	  1.16	 | 0.4929 mean
                     	0.6896	0.6071	0.9069	0.9161	0.8076	0.8105	0.9234	0.9392	 1.318	 1.118	 2.894	 2.778	 | 1.557 quantile
                      	 2.064	 2.574	 2.235	 2.766	 1.543	 1.755	 1.975	 2.186	 2.206	 1.933	 5.904	 5.577	 | 5.904 max

train losses     40:	0.3744	0.3924	0.3757	 0.377	0.4528	0.4639	0.4342	0.4313	0.6338	0.6358	 1.008	0.9971	
val losses       40:	0.2721	0.2323	0.3513	0.3479	 0.322	0.3347	0.3526	0.3461	0.4891	0.4387	 1.391	  1.35	 | 0.519 mean
                     	0.6901	 0.594	0.8979	0.9172	0.8044	0.8082	0.9465	0.9651	 1.268	  1.08	 3.092	 3.108	 | 1.846 quantile
                      	 1.864	  2.56	 2.126	 2.782	  1.59	 1.541	 1.881	 2.078	 2.242	 1.599	 5.696	 5.489	 | 5.696 max

train losses     42:	0.3678	0.3794	0.3744	 0.375	0.4373	0.4417	0.4347	0.4318	0.6817	0.6821	 1.161	 1.161	
val losses       42:	 0.245	0.2272	0.3495	0.3454	0.2856	0.2906	0.3361	0.3355	0.5646	0.5449	 1.143	 1.137	 | 0.4837 mean
                     	0.6584	 0.588	0.9078	 0.917	0.7324	0.7341	0.9065	0.9259	  1.42	 1.281	 2.675	  2.77	 | 1.56 quantile
                      	 1.835	 2.294	 2.183	 2.692	 1.419	 1.336	 2.009	 2.182	 2.625	 2.079	 4.905	  4.71	 | 4.905 max

train losses     44:	0.3791	0.3755	0.3793	0.3789	0.4487	0.4511	0.4433	 0.441	 0.744	 0.754	  1.24	 1.251	
val losses       44:	0.2502	0.2302	0.3533	0.3465	0.3128	0.3166	0.3483	 0.346	0.5785	0.5408	 1.449	 1.447	 | 0.5433 mean
                     	0.6559	0.5948	0.9066	0.9291	0.7935	 0.759	0.9206	0.9444	 1.372	 1.295	 3.217	 3.286	 | 1.961 quantile
                      	 1.879	 1.965	 2.192	 2.739	 1.503	 1.359	 1.965	  2.14	 2.599	 2.059	  5.11	 5.151	 | 5.151 max

train losses     46:	0.4038	 0.412	0.3862	0.3938	0.4713	0.4741	0.4603	0.4561	0.7873	0.7977	 1.243	 1.242	
val losses       46:	0.2562	0.2148	0.3533	0.3461	0.3033	0.2968	0.3412	0.3414	0.4478	0.4412	 1.206	 1.239	 | 0.4823 mean
                     	0.6807	0.5587	0.9325	0.9202	0.7727	0.7283	0.8928	0.9283	 1.191	 1.116	 3.284	 3.326	 | 1.569 quantile
                      	 1.685	 1.563	 2.152	 2.725	  1.65	 1.532	 2.055	 2.214	 2.173	 1.858	 6.244	 6.315	 | 6.315 max

train losses     48:	0.3855	0.3931	  0.38	0.3788	 0.449	0.4507	0.4462	0.4407	0.6656	0.6792	 1.185	 1.149	
val losses       48:	0.2398	0.2413	0.3516	0.3462	0.3096	0.2998	0.3347	0.3329	0.4562	0.4366	   1.1	 1.125	 | 0.4645 mean
                     	 0.624	0.5922	0.9148	0.9177	0.7791	0.7421	0.8771	0.9125	 1.163	 1.137	 2.649	 2.716	 | 1.524 quantile
                      	 1.691	 1.478	 2.098	 2.671	 1.624	 1.578	  2.04	 2.197	 2.236	 1.756	  4.79	 4.853	 | 4.853 max

train losses     50:	0.3706	0.3704	0.3703	0.3715	0.4382	  0.44	0.4298	0.4291	0.7097	0.7342	 1.046	  1.03	
val losses       50:	0.2415	0.2105	0.3518	0.3447	0.3061	0.2985	0.3366	0.3346	0.5489	0.4725	 1.106	 1.107	 | 0.4715 mean
                     	0.6499	0.5457	0.9166	0.9318	0.7445	0.7339	0.8836	0.9424	 1.365	 1.227	 2.609	 2.658	 | 1.524 quantile
                      	 1.555	 1.899	 2.261	 2.593	 1.519	 1.327	 2.189	  2.28	   2.8	 1.922	  4.94	 5.048	 | 5.048 max

train losses     52:	0.3408	0.3525	0.3655	0.3631	0.4464	0.4422	0.4189	0.4163	0.6148	 0.628	0.9696	0.9698	
val losses       52:	0.2451	0.2057	0.3535	0.3439	 0.292	0.2894	0.3351	0.3294	0.4607	0.4502	 1.246	 1.218	 | 0.4807 mean
                     	0.6507	0.5373	0.9176	0.9287	0.7308	0.7294	0.8852	0.9123	 1.177	 1.151	   2.9	 2.852	 | 1.646 quantile
                      	 1.686	 2.008	 2.208	 2.685	 1.406	 1.321	 2.008	 2.155	 2.504	 1.856	 5.766	 5.752	 | 5.766 max

train losses     54:	0.3263	0.3416	0.3594	0.3585	0.4217	0.4237	0.4092	0.4076	0.5711	0.5705	 0.922	0.9203	
val losses       54:	0.2439	0.2363	0.3495	0.3443	0.2872	0.2919	0.3388	0.3345	0.4585	0.4368	 1.206	 1.175	 | 0.4752 mean
                     	 0.666	0.5934	0.9092	0.9172	0.7183	0.7383	0.9112	0.9375	 1.192	 1.129	 2.924	 2.906	 | 1.566 quantile
                      	 1.691	 2.069	 2.215	 2.728	 1.418	 1.285	 2.107	 2.269	 2.576	 1.726	 6.126	 5.959	 | 6.126 max

train losses     56:	0.3191	0.3293	0.3555	 0.354	 0.408	0.4067	0.4051	0.4029	0.5497	0.5452	 0.894	0.8913	
val losses       56:	0.2365	0.1993	0.3494	0.3431	0.2885	0.2858	0.3373	0.3297	0.4219	0.3809	 1.234	 1.203	 | 0.4675 mean
                     	0.6321	  0.53	0.9117	0.9125	0.7241	0.7216	0.9134	0.9226	 1.075	0.9798	 2.954	 2.961	 | 1.584 quantile
                      	 1.785	 2.283	 2.183	 2.774	 1.538	 1.281	 2.019	 2.222	 2.002	 1.609	 6.455	 6.221	 | 6.455 max

train losses     58:	0.3087	0.3186	0.3521	  0.35	0.3935	0.3966	0.3976	0.3953	0.5374	0.5328	0.8806	0.8784	
val losses       58:	0.2365	0.2048	 0.349	0.3427	0.2827	0.2837	0.3357	0.3298	0.4091	0.3799	 1.188	 1.169	 | 0.4592 mean
                     	0.6274	 0.538	0.9111	0.9165	0.7046	0.7195	0.9087	0.9224	  1.07	0.9704	 2.896	 2.855	 | 1.535 quantile
                      	 1.792	 2.233	  2.22	 2.753	   1.6	 1.271	 1.958	 2.171	  2.02	 1.554	 6.189	  5.94	 | 6.189 max

train losses     60:	0.3021	0.3109	0.3488	0.3459	0.3858	0.3873	0.3911	0.3894	0.5262	0.5221	0.8606	0.8602	
val losses       60:	0.2297	0.2025	0.3479	 0.343	0.2778	0.2773	0.3317	0.3279	 0.413	0.3929	 1.161	  1.15	 | 0.4546 mean
                     	0.6326	0.5407	0.9073	0.9138	0.7002	0.6989	0.8813	0.9051	 1.103	0.9803	  2.91	 2.864	 | 1.504 quantile
                      	 1.904	 2.121	 2.254	 2.753	 1.497	 1.204	 1.992	 2.155	 2.129	 1.597	 6.035	 5.848	 | 6.035 max

train losses     62:	 0.299	0.3051	0.3454	0.3437	0.3818	 0.383	 0.386	0.3847	0.5189	0.5152	0.8399	0.8393	
val losses       62:	0.2266	0.1999	0.3476	0.3426	0.2755	0.2758	0.3311	 0.325	0.4126	0.3956	 1.162	 1.147	 | 0.4535 mean
                     	0.6172	 0.537	0.9094	0.9145	0.7008	0.6933	0.8902	0.9044	 1.103	 1.002	 2.891	 2.882	 | 1.505 quantile
                      	 1.815	 2.094	  2.21	  2.74	 1.448	 1.213	 1.964	 2.136	 2.277	 1.634	 6.003	 5.829	 | 6.003 max

train losses     64:	0.2922	 0.299	0.3444	0.3416	0.3787	0.3796	0.3813	 0.379	0.5173	0.5162	0.8259	0.8254	
val losses       64:	0.2249	0.1949	0.3483	0.3417	0.2754	0.2724	0.3317	0.3238	0.4084	0.3941	 1.189	 1.168	 | 0.456 mean
                     	 0.612	0.5225	0.9088	 0.915	 0.706	0.6823	0.8931	0.9042	 1.094	 1.007	 2.823	 2.812	 | 1.558 quantile
                      	 1.752	 2.058	 2.217	 2.722	 1.449	 1.341	 1.942	 2.097	 2.293	 1.657	 5.795	 5.695	 | 5.795 max

train losses     66:	0.2888	0.2971	 0.342	0.3392	0.3747	0.3746	0.3783	 0.376	0.5203	0.5183	0.8205	0.8177	
val losses       66:	0.2155	0.1892	0.3472	0.3413	0.2753	0.2725	0.3312	0.3239	0.4094	0.3859	 1.165	  1.15	 | 0.4505 mean
                     	0.5889	0.5123	0.9075	0.9189	0.7021	0.6796	0.8892	0.9092	 1.094	0.9737	 2.885	 2.849	 | 1.518 quantile
                      	 1.716	 1.947	 2.194	 2.728	 1.462	 1.286	 1.944	  2.12	 2.139	 1.619	 6.002	 5.798	 | 6.002 max

train losses     68:	0.2878	0.2953	0.3411	0.3368	0.3698	 0.372	0.3775	0.3739	 0.519	0.5152	0.8171	 0.815	
val losses       68:	0.2225	0.1908	 0.347	0.3411	0.2765	0.2758	  0.33	0.3217	0.4226	0.4008	 1.124	 1.118	 | 0.4476 mean
                     	0.6013	0.5177	0.9044	0.9165	0.7079	0.6814	0.8831	 0.894	 1.151	0.9696	 2.673	 2.736	 | 1.483 quantile
                      	 1.719	 2.142	 2.242	 2.727	 1.518	 1.297	 1.901	 2.075	 2.067	 1.606	 5.433	 5.222	 | 5.433 max

train losses     70:	0.2892	0.2949	0.3397	 0.336	0.3703	0.3739	0.3768	0.3743	0.5136	0.5156	 0.906	0.9036	
val losses       70:	0.2199	0.1886	 0.348	0.3407	0.2885	0.2843	0.3314	0.3217	0.4175	0.4009	 1.132	 1.121	 | 0.4496 mean
                     	0.5899	0.5022	0.9062	0.9139	0.7325	0.7086	0.8942	0.9027	 1.115	0.9752	 2.638	 2.599	 | 1.502 quantile
                      	 1.764	 2.189	 2.245	 2.711	 1.435	 1.534	 1.919	 2.088	   2.0	 1.581	 5.019	 4.823	 | 5.019 max

train losses     72:	0.2891	0.2936	 0.338	0.3342	0.3706	0.3737	0.3756	 0.374	0.5168	0.5192	0.9204	0.9182	
val losses       72:	0.2272	0.1986	0.3475	0.3415	0.2842	0.2907	0.3321	0.3265	0.4402	0.4203	  1.18	 1.182	 | 0.4643 mean
                     	0.6212	0.5287	0.8994	0.9183	0.7107	0.7093	0.8839	0.9076	 1.186	 1.025	 2.973	 2.974	 | 1.508 quantile
                      	 1.838	  1.67	 2.226	 2.759	 1.481	 1.214	 1.913	 2.046	 2.284	 1.726	 5.803	 5.601	 | 5.803 max

train losses     74:	0.2952	0.2983	0.3369	0.3335	0.3861	  0.39	0.3767	0.3749	0.5354	0.5378	0.8864	0.8881	
val losses       74:	0.2863	0.2516	0.3483	0.3406	0.3628	0.4012	0.3319	0.3294	0.4349	0.4172	 1.144	 1.132	 | 0.4816 mean
                     	0.7545	0.6452	 0.906	0.9124	0.9059	0.9288	0.8954	0.9055	 1.167	 1.063	 2.554	 2.587	 | 1.541 quantile
                      	 1.958	 1.887	 2.181	 2.729	 1.817	 1.505	 2.009	 2.079	 2.462	  1.83	 4.748	 4.619	 | 4.748 max

train losses     76:	 0.308	 0.324	0.3377	0.3331	0.4103	0.4253	0.3762	0.3733	0.5501	0.5565	0.8892	0.8912	
val losses       76:	0.2402	0.2003	0.3478	0.3408	0.2748	0.2725	0.3306	0.3221	0.4157	0.4014	 1.184	 1.174	 | 0.4587 mean
                     	0.6182	0.5182	0.9052	0.9109	0.6957	0.6751	0.8828	0.9079	   1.1	0.9789	 2.789	 2.794	 | 1.576 quantile
                      	 1.815	 1.748	 2.203	 2.727	  1.42	 1.261	 2.075	 2.108	 1.747	 1.539	 5.321	 5.092	 | 5.321 max

train losses     78:	0.3287	0.3264	0.3358	0.3315	0.4039	0.4132	0.3724	0.3703	0.5209	0.5211	0.8682	 0.864	
val losses       78:	0.2801	 0.243	0.3462	0.3402	0.3446	0.3571	0.3302	0.3264	0.4411	0.4309	 1.155	 1.145	 | 0.4783 mean
                     	0.7094	0.6034	0.9006	0.9129	  0.85	0.8556	0.8725	0.8972	 1.158	 1.084	 2.993	 2.871	 | 1.53 quantile
                      	 1.905	 1.585	 2.171	 2.696	 1.844	 1.393	 2.085	 2.141	 2.589	 1.827	 6.108	 5.896	 | 6.108 max

train losses     80:	0.3385	0.3477	0.3365	0.3316	0.4518	0.4682	0.3756	0.3731	0.5317	0.5401	0.8809	0.8737	
val losses       80:	0.2632	 0.246	0.3469	  0.34	0.3094	0.3091	0.3302	0.3218	 0.482	0.4477	 1.205	 1.192	 | 0.4828 mean
                     	0.6804	0.5962	0.9028	0.9151	0.7413	0.7598	0.8838	0.8882	  1.23	 1.147	 3.056	 3.073	 | 1.585 quantile
                      	 1.756	 1.557	 2.182	 2.691	 1.617	 1.195	  1.99	 2.049	 2.582	 1.848	 6.383	 6.103	 | 6.383 max

train losses     82:	0.3538	0.3488	 0.336	 0.332	0.3967	0.4049	 0.378	0.3741	0.5962	0.6019	0.9465	0.9344	
val losses       82:	0.2703	0.2348	0.3505	0.3414	0.3364	0.3365	 0.334	0.3272	0.4773	0.4548	 1.787	 1.733	 | 0.5819 mean
                     	0.7187	0.5881	0.9203	0.9123	0.7872	0.8255	0.8926	0.8937	 1.235	 1.164	  3.68	 3.631	 | 2.407 quantile
                      	 1.774	 1.457	 2.201	 2.728	 1.611	 1.502	 2.001	 2.119	 2.564	 1.967	 6.096	 5.977	 | 6.096 max

train losses     84:	0.3406	0.3585	 0.346	0.3427	0.4433	0.4573	0.4087	0.4005	0.7152	0.7545	 1.475	 1.438	
val losses       84:	 0.281	0.2597	0.3503	0.3426	0.2791	0.2711	 0.335	0.3266	0.5256	0.5255	 1.578	  1.55	 | 0.552 mean
                     	0.7198	0.6258	0.9154	0.9171	0.7007	0.6698	0.8889	0.9086	 1.252	 1.327	 3.314	 3.347	 | 2.126 quantile
                      	 1.705	 1.501	 2.194	 2.742	 1.599	 1.188	 2.094	 2.219	 2.546	 2.392	 5.527	 5.527	 | 5.527 max

train losses     86:	0.3739	0.3873	0.3547	0.3533	0.4577	0.4703	0.4167	0.4169	 0.866	  0.83	 1.185	 1.179	
val losses       86:	0.2709	0.2267	0.3527	0.3453	0.2898	0.2901	0.3414	0.3354	0.6116	0.6168	 1.074	 1.082	 | 0.4864 mean
                     	0.7304	0.5809	0.9133	 0.923	0.7466	0.7165	0.9003	0.9134	 1.498	 1.523	 2.516	 2.538	 | 1.547 quantile
                      	 1.752	 1.552	 2.197	 2.751	 1.534	 1.291	  2.17	 2.204	 2.354	 2.607	  4.21	 4.228	 | 4.228 max

train losses     88:	0.3744	0.4154	 0.361	0.3611	 0.493	0.5202	0.4329	0.4211	 1.071	 1.032	 1.158	 1.151	
val losses       88:	0.2401	0.2259	0.3552	0.3447	0.3532	0.3837	0.3455	0.3304	0.9363	0.9937	 1.093	   1.1	 | 0.5585 mean
                     	0.6327	0.5842	0.9159	 0.916	0.8923	0.9228	 0.897	0.8996	 2.036	 1.977	 2.678	  2.67	 | 1.776 quantile
                      	 2.162	 1.793	 2.172	 2.738	 1.729	 1.442	 2.111	 2.125	 2.767	  2.94	  4.78	 4.834	 | 4.834 max

train losses     90:	0.4082	0.4414	0.3631	0.3608	0.4971	0.5115	0.4436	0.4342	 1.279	 1.285	  1.12	 1.109	
val losses       90:	0.2941	0.2548	0.3535	0.3453	0.3953	0.4123	0.3496	0.3421	0.8303	0.8506	 1.323	 1.327	 | 0.5898 mean
                     	0.7464	0.6318	0.9072	 0.926	0.9317	0.9974	0.9136	0.9278	 1.983	 2.043	  2.79	 2.789	 | 1.917 quantile
                      	 1.794	 1.462	 2.109	 2.713	 1.642	 1.536	 2.209	 2.218	 3.312	 3.023	 4.056	 4.149	 | 4.149 max

train losses     92:	0.3959	0.4116	 0.361	0.3559	0.4925	0.5139	0.4401	0.4332	0.9865	0.9858	 1.067	 1.064	
val losses       92:	0.2876	0.2347	0.3535	0.3447	0.3235	0.3154	0.3422	0.3327	 0.439	0.4349	 1.201	 1.213	 | 0.4852 mean
                     	0.7331	0.5993	0.9152	0.9283	0.8076	0.7891	0.8961	0.9138	 1.112	 1.113	 2.839	 2.778	 | 1.609 quantile
                      	 1.733	 1.566	 2.071	 2.702	 1.677	 1.879	 2.196	 2.198	 2.081	 1.735	 5.287	 5.295	 | 5.295 max

train losses     94:	0.3774	0.3975	0.3532	0.3496	0.4843	0.4957	 0.432	0.4287	0.7919	0.8051	0.9758	0.9627	
val losses       94:	0.2442	0.2139	0.3522	0.3447	0.3483	0.3616	 0.343	0.3397	0.4639	0.4728	 1.176	 1.186	 | 0.4872 mean
                     	0.6467	0.5514	0.9113	0.9317	0.8584	0.8817	0.9107	0.9321	 1.187	 1.215	 3.055	  3.05	 | 1.543 quantile
                      	 1.769	 1.306	 2.218	  2.68	 1.889	  1.73	 2.073	 2.119	 2.213	 2.199	 6.057	 6.119	 | 6.119 max

train losses     96:	0.3667	0.3865	0.3514	0.3472	 0.453	0.4623	 0.422	 0.416	0.6604	0.6732	0.8995	0.8992	
val losses       96:	0.2618	0.2341	0.3508	 0.344	0.3451	0.3228	0.3423	0.3389	0.4195	0.4163	 1.185	 1.179	 | 0.4782 mean
                     	0.6953	0.6158	0.9085	0.9233	0.8191	0.7799	0.9064	0.9233	 1.089	 1.044	 3.088	 3.082	 | 1.569 quantile
                      	 1.932	 1.768	 2.237	 2.729	 1.794	 1.463	 2.032	 2.162	 2.164	 1.759	 5.953	 6.014	 | 6.014 max

train losses     98:	0.3377	0.3548	0.3444	0.3383	0.4177	 0.429	0.4024	0.3998	0.5906	0.5864	0.8665	0.8623	
val losses       98:	0.2462	 0.222	0.3517	0.3439	0.3038	0.3024	0.3334	0.3278	0.4446	0.4534	 1.169	 1.166	 | 0.472 mean
                     	0.6631	0.5896	0.9139	0.9193	0.7736	0.7595	0.8924	0.9098	 1.171	 1.081	 3.109	 3.034	 | 1.511 quantile
                      	  1.83	 1.684	 2.244	  2.73	 1.529	 1.376	 1.954	 2.078	 2.041	 1.745	 6.097	 6.008	 | 6.097 max

train losses    100:	0.3166	0.3314	0.3385	 0.333	0.4009	0.4063	0.3915	0.3901	0.5481	  0.55	0.8325	0.8301	
val losses      100:	0.2334	0.2103	0.3504	0.3432	0.3032	 0.294	0.3343	0.3254	0.4148	0.3939	 1.199	 1.186	 | 0.4657 mean
                     	0.6324	0.5646	0.9141	0.9199	0.7516	0.7373	0.8813	0.8858	 1.069	0.9975	 3.076	 3.044	 | 1.55 quantile
                      	 1.735	 1.588	 2.186	 2.729	 1.541	 1.267	 1.844	 1.983	 1.999	 1.758	 5.982	 5.778	 | 5.982 max

train losses    102:	0.3051	0.3127	0.3357	0.3301	0.3881	0.3937	0.3839	0.3825	0.5226	0.5291	 0.799	0.8002	
val losses      102:	0.2376	 0.209	0.3505	0.3432	0.2946	0.2899	0.3325	0.3231	0.4105	0.4088	 1.179	 1.168	 | 0.4622 mean
                     	0.6239	0.5508	0.9082	0.9208	0.7379	0.7347	0.8733	0.8826	   1.1	0.9845	 2.996	 2.974	 | 1.536 quantile
                      	 1.774	 1.688	 2.198	 2.736	 1.511	 1.311	 1.915	 2.024	 1.874	 1.686	 5.932	 5.727	 | 5.932 max

train losses    104:	 0.296	0.3052	0.3333	 0.328	0.3792	0.3845	0.3763	0.3742	0.5124	0.5166	0.7858	0.7826	
val losses      104:	0.2335	0.2033	0.3502	0.3429	0.2931	 0.288	0.3299	0.3206	0.4135	0.4061	 1.169	 1.161	 | 0.4592 mean
                     	0.6217	0.5401	0.9125	0.9191	0.7277	0.7294	0.8784	 0.889	 1.112	0.9602	 2.965	 2.929	 | 1.533 quantile
                      	 1.744	 1.755	 2.167	 2.738	 1.608	 1.248	 1.968	 2.066	 1.805	 1.609	 5.989	 5.856	 | 5.989 max

train losses    106:	 0.289	0.2963	0.3322	0.3257	0.3743	0.3795	0.3712	0.3686	0.5067	0.5079	0.7651	0.7622	
val losses      106:	0.2335	 0.199	0.3496	0.3424	0.2871	0.2842	0.3297	0.3197	 0.412	0.3974	  1.16	  1.15	 | 0.4554 mean
                     	0.6237	0.5324	0.9103	0.9215	0.7146	0.7227	0.8772	 0.886	   1.1	0.9514	 2.952	 2.898	 | 1.517 quantile
                      	  1.82	 1.836	 2.162	 2.743	 1.517	 1.318	  1.98	 2.047	  2.05	 1.581	 5.852	 5.779	 | 5.852 max

train losses    108:	0.2837	0.2881	0.3304	0.3239	0.3683	0.3742	0.3641	0.3615	0.5025	0.5021	0.7504	0.7491	
val losses      108:	0.2289	0.1962	0.3488	 0.342	0.2837	0.2785	0.3289	0.3183	0.4134	0.3969	 1.143	 1.132	 | 0.4509 mean
                     	0.6198	0.5304	0.9084	0.9145	0.7056	0.7082	0.8617	0.8714	 1.099	0.9577	  2.85	 2.806	 | 1.519 quantile
                      	 1.765	  1.86	 2.181	 2.749	 1.517	 1.256	  2.01	 2.067	 2.123	 1.555	 5.603	 5.498	 | 5.603 max

train losses    110:	0.2789	0.2851	0.3293	0.3227	0.3648	0.3688	 0.362	0.3593	0.4955	0.4962	0.7401	0.7375	
val losses      110:	0.2252	0.1937	0.3491	0.3416	0.2819	0.2762	0.3282	0.3168	0.4103	0.3915	 1.134	 1.123	 | 0.4476 mean
                     	0.6099	0.5232	  0.91	0.9163	 0.706	0.7005	 0.865	0.8745	 1.091	0.9477	 2.772	 2.758	 | 1.515 quantile
                      	 1.765	   1.9	  2.22	 2.736	 1.433	 1.255	 1.993	 2.055	 2.091	 1.545	 5.536	 5.455	 | 5.536 max

train losses    112:	0.2764	0.2825	0.3281	0.3216	0.3613	0.3649	0.3595	0.3568	0.4893	0.4908	 0.733	0.7323	
val losses      112:	0.2203	0.1904	0.3489	0.3414	0.2839	0.2782	0.3293	0.3168	0.4088	 0.385	 1.127	 1.116	 | 0.4455 mean
                     	0.5923	0.5107	 0.909	0.9216	0.7056	0.7005	0.8668	0.8744	 1.081	 0.939	 2.747	 2.734	 | 1.493 quantile
                      	 1.778	 1.935	 2.233	 2.734	  1.45	 1.273	 1.975	 2.033	 2.124	 1.563	 5.506	 5.425	 | 5.506 max

train losses    114:	0.2731	 0.277	0.3271	0.3201	0.3579	0.3639	0.3575	0.3547	0.4907	0.4904	0.7311	  0.73	
val losses      114:	0.2176	 0.189	0.3489	0.3413	0.2847	0.2803	0.3295	0.3169	0.4103	0.3855	 1.114	 1.105	 | 0.4436 mean
                     	0.5939	0.5087	0.9079	0.9196	0.7138	0.7128	0.8785	0.8835	 1.097	0.9485	 2.703	  2.71	 | 1.475 quantile
                      	 1.765	 1.858	 2.247	 2.733	 1.389	 1.342	 1.954	 2.036	 2.098	 1.537	 5.442	 5.363	 | 5.442 max

train losses    116:	0.2724	0.2767	0.3262	 0.319	0.3589	0.3622	0.3543	0.3509	0.4922	0.4899	 0.735	0.7333	
val losses      116:	  0.22	0.1889	0.3496	0.3412	0.2849	0.2801	0.3288	0.3152	0.4114	0.3875	 1.103	 1.095	 | 0.4421 mean
                     	0.6013	0.5035	0.9075	0.9226	0.7133	0.7128	0.8703	0.8758	 1.103	0.9546	 2.657	 2.701	 | 1.464 quantile
                      	 1.848	 1.939	 2.232	 2.738	 1.382	 1.341	 1.929	  2.01	 2.134	 1.571	 5.375	 5.324	 | 5.375 max

train losses    118:	 0.269	0.2746	0.3259	0.3186	0.3566	0.3599	0.3549	0.3523	0.4876	 0.488	0.7299	0.7308	
val losses      118:	 0.217	0.1905	0.3489	0.3411	 0.284	0.2784	0.3284	0.3149	0.4123	0.3887	 1.103	 1.096	 | 0.4419 mean
                     	0.5954	  0.51	 0.906	  0.92	 0.707	0.7075	0.8725	0.8732	 1.096	0.9537	  2.65	 2.705	 | 1.461 quantile
                      	 1.776	 1.938	 2.235	 2.746	 1.352	 1.256	 1.941	  2.03	 2.166	 1.564	 5.206	  5.14	 | 5.206 max

train losses    120:	0.2699	0.2734	0.3246	0.3175	0.3512	0.3584	0.3517	0.3493	0.4846	 0.484	0.7218	0.7209	
val losses      120:	0.2154	0.1872	0.3488	0.3412	0.2831	0.2786	0.3286	0.3157	0.4129	0.3855	 1.097	 1.094	 | 0.4407 mean
                     	0.5803	0.5031	0.9039	0.9198	0.7065	0.7106	0.8721	0.8744	 1.101	0.9494	 2.713	 2.763	 | 1.444 quantile
                      	 1.767	  1.84	 2.222	 2.757	 1.439	 1.319	 1.897	 1.995	 2.108	 1.572	 5.275	  5.22	 | 5.275 max

train losses    122:	0.2668	0.2712	0.3249	0.3173	0.3493	0.3544	0.3516	0.3498	0.4854	0.4835	0.7274	0.7288	
val losses      122:	0.2205	 0.187	0.3492	0.3408	 0.285	0.2771	0.3278	0.3159	0.4127	0.3883	 1.146	 1.136	 | 0.4489 mean
                     	0.6025	0.5001	0.9081	0.9172	0.7016	0.6931	0.8699	 0.868	 1.101	0.9894	 2.635	 2.612	 | 1.519 quantile
                      	 1.764	 1.876	 2.202	 2.751	 1.464	 1.204	 1.928	 2.033	 2.163	 1.558	 5.026	 4.927	 | 5.026 max

train losses    124:	 0.266	0.2706	0.3235	0.3163	0.3478	 0.353	0.3499	0.3476	0.4845	 0.485	0.7314	0.7304	
val losses      124:	0.2181	0.1891	0.3488	0.3414	0.2774	0.2708	0.3307	0.3191	0.4135	0.3859	 1.162	 1.163	 | 0.4517 mean
                     	 0.581	0.5003	0.9084	0.9203	0.6883	0.6794	 0.884	0.8784	 1.089	 0.952	 2.939	 2.824	 | 1.487 quantile
                      	  1.81	 1.726	 2.223	 2.769	 1.373	 1.283	 1.848	 1.965	 2.119	 1.529	 5.742	 5.657	 | 5.742 max

train losses    126:	0.2651	0.2676	0.3228	0.3152	0.3445	0.3486	0.3506	0.3477	0.4903	0.4896	0.7778	0.7777	
val losses      126:	0.2317	0.1899	0.3489	0.3401	0.2831	0.2736	0.3275	0.3172	0.4217	0.4053	 1.333	 1.312	 | 0.482 mean
                     	0.6438	0.5126	0.9075	0.9089	 0.705	0.6755	0.8708	0.8682	 1.156	  1.03	 2.929	  2.89	 | 1.737 quantile
                      	 1.919	 1.724	 2.178	 2.741	  1.56	 1.253	 1.972	 2.058	 2.257	 1.565	 4.941	 4.865	 | 4.941 max

train losses    128:	0.2642	0.2704	0.3232	0.3155	0.3506	0.3588	0.3514	0.3501	0.4886	0.4901	0.9375	 0.933	
val losses      128:	0.2175	0.1871	 0.349	 0.341	0.2776	0.2687	0.3256	0.3148	0.4127	0.3952	 1.097	 1.099	 | 0.4405 mean
                     	0.5809	0.4978	 0.908	0.9199	 0.695	0.6749	0.8654	0.8733	 1.079	0.9819	 2.716	 2.684	 | 1.447 quantile
                      	 1.715	 1.632	 2.189	 2.765	 1.459	 1.292	 2.015	 2.062	 2.217	 1.633	   5.6	 5.547	 | 5.6 max

train losses    130:	0.2683	  0.27	0.3228	0.3144	0.3575	0.3622	0.3511	0.3498	0.4948	0.4988	 0.909	0.9013	
val losses      130:	0.2163	0.2004	0.3486	 0.342	0.2726	0.2653	0.3348	0.3251	0.4054	0.3765	 1.161	 1.158	 | 0.4505 mean
                     	0.5821	0.5252	0.9038	0.9271	0.6737	0.6715	0.8832	0.9115	 1.078	0.9417	 3.173	  3.03	 | 1.495 quantile
                      	 1.793	 1.459	 2.273	 2.707	 1.388	 1.267	 2.123	  2.21	 1.991	  1.51	 5.928	 5.884	 | 5.928 max

train losses    132:	0.2706	0.2746	0.3238	0.3154	0.3692	0.3772	0.3555	0.3542	0.4995	0.5026	0.8483	0.8452	
val losses      132:	0.2218	 0.193	0.3487	0.3411	0.2992	0.3079	0.3324	0.3219	0.4208	0.4034	 1.181	 1.176	 | 0.4622 mean
                     	0.6091	0.5146	0.9018	0.9179	0.7421	0.7569	0.8936	 0.906	 1.126	0.9883	 3.038	 2.996	 | 1.537 quantile
                      	 1.744	 1.546	 2.277	 2.719	 1.383	 1.566	 2.098	 2.167	 2.217	 1.545	 5.789	 5.741	 | 5.789 max

train losses    134:	0.2766	0.2816	0.3222	0.3143	0.3973	0.4066	0.3531	0.3511	0.5188	0.5256	0.8782	 0.873	
val losses      134:	0.2543	0.2285	0.3493	0.3414	0.3972	0.4091	0.3283	0.3189	0.4345	0.4262	 1.131	 1.127	 | 0.4789 mean
                     	0.6468	0.6002	0.9053	 0.925	0.9034	0.9646	0.8813	0.8992	 1.175	  1.02	 2.994	 2.848	 | 1.476 quantile
                      	  1.94	 1.442	 2.287	 2.719	 1.487	 1.507	   2.0	 2.078	 2.064	 1.702	 5.978	 5.848	 | 5.978 max

train losses    136:	0.3093	0.3201	0.3224	0.3138	0.4263	0.4393	0.3564	0.3543	0.5304	0.5315	0.8074	0.8028	
val losses      136:	 0.346	0.3185	0.3484	0.3407	0.2933	0.2926	0.3288	0.3214	0.4557	0.4409	 1.115	 1.116	 | 0.4765 mean
                     	0.7738	0.7159	0.9064	0.9207	0.7168	0.7243	0.8721	 0.892	 1.194	 1.072	 2.904	 2.895	 | 1.459 quantile
                      	 2.159	 1.553	 2.254	 2.725	 1.447	 1.273	 1.943	 2.028	 2.201	 1.795	 5.839	 5.728	 | 5.839 max

train losses    138:	0.3468	 0.351	0.3227	0.3147	0.3749	0.3869	0.3574	0.3557	0.5317	0.5305	0.7576	 0.757	
val losses      138:	0.2889	0.2446	0.3486	0.3403	0.3079	0.3063	0.3316	0.3229	0.4631	0.4191	 1.128	 1.133	 | 0.4696 mean
                     	0.7199	0.5979	 0.909	0.9151	0.7592	0.7337	0.8915	0.8954	 1.212	 1.021	 2.876	 2.897	 | 1.473 quantile
                      	 1.857	  1.56	 2.151	 2.765	 1.705	 1.243	 1.839	 1.898	 1.873	 1.782	 5.796	 5.791	 | 5.796 max

train losses    140:	  0.35	0.3635	 0.323	0.3145	0.3623	0.3745	0.3602	  0.36	0.5451	0.5386	0.7198	0.7172	
val losses      140:	0.3766	0.3509	0.3509	0.3415	0.3143	0.3172	0.3379	0.3326	0.4876	0.4466	  1.13	 1.137	 | 0.4936 mean
                     	0.8943	0.7862	0.9147	0.9162	0.7838	 0.769	0.9089	0.9191	 1.243	 1.054	  2.89	 2.876	 | 1.509 quantile
                      	 2.165	 1.775	 2.173	 2.794	 1.768	 1.275	 1.873	 1.927	 2.036	 1.866	 5.964	 5.923	 | 5.964 max

train losses    142:	0.2988	0.2973	0.3222	0.3138	0.3691	0.3772	0.3567	0.3562	0.6002	0.5998	0.7141	0.7113	
val losses      142:	0.2534	0.2125	 0.349	0.3412	0.2853	0.2797	0.3392	0.3304	0.4655	0.4489	  1.16	  1.16	 | 0.4687 mean
                     	0.6937	0.5535	0.9056	0.9221	0.6986	0.7042	0.9034	0.9279	 1.201	 1.074	  3.03	 2.941	 | 1.519 quantile
                      	 1.742	 1.385	 2.228	 2.682	 1.534	 1.345	  2.12	 2.178	 1.869	 1.816	 6.096	 6.091	 | 6.096 max

train losses    144:	0.2801	0.2831	0.3215	0.3129	0.3792	0.3846	0.3549	0.3543	0.6307	0.6329	0.7236	 0.717	
val losses      144:	0.2288	0.2017	0.3492	0.3404	0.2834	0.2783	  0.33	0.3184	0.4395	0.4199	  1.16	 1.159	 | 0.459 mean
                     	0.6239	 0.524	0.9112	0.9253	 0.706	0.7041	0.8732	0.8728	 1.116	 1.066	 3.016	 2.963	 | 1.522 quantile
                      	 1.725	 1.646	 2.158	  2.71	 1.393	 1.434	 2.063	 2.083	 2.491	 1.641	 6.226	 6.135	 | 6.226 max

train losses    146:	0.2725	0.2737	0.3215	0.3124	0.3601	0.3687	 0.355	0.3537	0.5857	0.5893	0.7085	0.7084	
val losses      146:	0.2287	0.1971	0.3484	0.3404	0.3078	0.3005	0.3289	0.3188	  0.46	0.4639	 1.131	 1.126	 | 0.4626 mean
                     	0.6312	0.5272	0.9089	 0.917	0.7442	0.7271	0.8705	0.8692	 1.191	 1.161	 2.841	  2.81	 | 1.522 quantile
                      	 1.672	 1.525	 2.138	 2.723	 1.499	  1.37	 1.986	 2.021	 2.891	  2.04	 5.635	 5.609	 | 5.635 max

train losses    148:	0.2695	0.2678	0.3209	0.3125	0.3674	  0.37	0.3534	0.3533	0.5511	0.5484	0.7023	0.6999	
val losses      148:	0.2253	  0.19	0.3488	0.3399	0.2804	0.2711	0.3289	0.3159	0.5269	0.5229	 1.124	 1.123	 | 0.4664 mean
                     	 0.612	0.5077	0.9104	 0.919	0.7001	0.6821	 0.876	0.8677	  1.33	  1.27	 2.927	 2.839	 | 1.518 quantile
                      	 1.686	 1.437	 2.122	 2.756	  1.48	 1.209	 1.876	 1.944	 2.982	 2.102	 5.716	 5.633	 | 5.716 max

train losses    150:	 0.268	0.2687	0.3203	0.3115	0.3484	 0.352	0.3486	0.3477	0.5825	0.5942	0.6949	0.6912	
val losses      150:	0.2356	0.2007	0.3488	0.3396	 0.281	0.2722	0.3277	 0.315	0.4779	 0.469	 1.172	 1.164	 | 0.467 mean
                     	0.6326	0.5332	0.9112	0.9173	0.6939	0.6903	0.8619	0.8687	 1.209	 1.163	 2.897	 2.872	 | 1.558 quantile
                      	 1.712	 1.361	 2.172	 2.732	 1.431	  1.28	 1.941	 1.995	 2.864	  1.98	 5.726	 5.665	 | 5.726 max

train losses    152:	0.2675	0.2699	0.3197	0.3114	0.3444	0.3486	0.3467	0.3452	 0.597	 0.603	0.7347	0.7274	
val losses      152:	0.2261	0.1932	 0.348	 0.339	0.2878	0.2748	0.3322	0.3202	0.4552	0.4379	 1.291	  1.28	 | 0.4821 mean
                     	 0.611	0.4997	0.9067	0.9145	0.7066	0.6907	0.8829	0.8889	 1.131	 1.102	 3.038	 3.042	 | 1.693 quantile
                      	 1.813	 1.512	 2.182	 2.724	 1.437	 1.198	 1.983	  2.04	 2.658	 1.851	 6.064	 5.982	 | 6.064 max

train losses    154:	0.2745	 0.275	0.3199	0.3115	 0.355	0.3623	0.3539	0.3524	0.5415	0.5394	0.8008	0.7905	
val losses      154:	0.2262	0.1948	0.3486	  0.34	0.2855	0.2799	0.3261	0.3154	0.4893	0.4557	 1.198	 1.189	 | 0.4707 mean
                     	0.6113	  0.51	0.9085	0.9212	0.7121	0.6922	0.8633	0.8565	 1.188	 1.208	 3.215	 3.122	 | 1.552 quantile
                      	 1.757	 1.435	 2.204	 2.743	 1.439	 1.373	 1.994	 2.012	 2.542	 1.843	 6.043	 6.078	 | 6.078 max

train losses    156:	0.2715	0.2751	0.3196	0.3109	 0.349	0.3551	0.3465	 0.346	0.5316	0.5208	0.8341	0.8275	
val losses      156:	0.2545	0.2295	0.3492	  0.34	0.2985	0.2923	0.3293	0.3173	0.4582	0.4378	 1.293	 1.279	 | 0.4898 mean
                     	0.6771	0.5744	0.9037	0.9186	0.7464	0.7257	0.8714	0.8759	 1.154	 1.118	 3.164	 3.133	 | 1.678 quantile
                      	  1.85	 1.317	 2.205	  2.74	 1.438	 1.474	 2.005	 2.054	 2.679	 1.855	 6.155	 6.121	 | 6.155 max

train losses    158:	0.2898	0.2898	0.3208	0.3118	0.3528	0.3602	  0.35	 0.349	0.5126	0.5026	0.9432	0.9397	
val losses      158:	0.2226	0.1941	0.3491	0.3419	0.2961	0.3031	0.3451	0.3388	0.4482	0.4465	  1.14	 1.132	 | 0.4631 mean
                     	0.6108	0.5213	0.9051	0.9282	0.7634	0.7523	0.9226	0.9527	 1.147	 1.116	 3.022	  2.93	 | 1.514 quantile
                      	 1.749	 1.348	 2.258	 2.704	 1.484	 1.533	 2.168	 2.222	 2.632	 1.801	 5.675	 5.654	 | 5.675 max

train losses    160:	0.2687	0.2767	0.3215	0.3128	0.3513	0.3601	0.3843	0.3854	0.5247	0.5186	0.8478	0.8477	
val losses      160:	0.2368	0.2076	0.3489	0.3404	0.2805	0.2757	0.3292	0.3196	0.4757	0.4695	 1.122	 1.138	 | 0.462 mean
                     	0.6189	0.5419	0.9051	0.9197	 0.712	0.6862	0.8703	0.8576	 1.204	 1.152	 2.715	 2.764	 | 1.517 quantile
                      	 1.735	 1.436	 2.211	 2.739	 1.436	 1.368	 1.965	 2.009	  2.76	 1.869	 4.679	  4.56	 | 4.679 max

train losses    162:	0.2845	0.2939	0.3193	0.3109	0.3469	0.3548	0.3553	0.3542	0.5397	0.5427	0.7809	0.7781	
val losses      162:	0.2675	0.2527	0.3492	  0.34	0.2849	0.2805	  0.34	0.3307	0.4217	0.4083	 1.163	 1.182	 | 0.4684 mean
                     	0.6917	0.6459	0.9065	 0.914	0.7096	 0.708	0.8976	0.8945	 1.091	 1.025	 2.815	 2.899	 | 1.546 quantile
                      	 1.948	 1.467	 2.168	 2.747	 1.466	   1.2	 1.823	 1.863	 2.304	 1.619	 5.395	 5.341	 | 5.395 max

train losses    164:	0.2751	 0.286	0.3196	0.3111	0.3504	0.3598	0.3625	0.3601	0.5405	0.5441	0.8658	0.8639	
val losses      164:	0.2302	 0.218	0.3483	0.3401	0.2971	0.2845	0.3409	0.3324	0.4112	0.3932	 1.296	 1.311	 | 0.4836 mean
                     	0.5935	0.5583	0.9037	0.9211	0.7599	0.7175	0.9235	0.9105	 1.089	0.9736	 3.008	  3.08	 | 1.725 quantile
                      	 1.773	 1.531	 2.162	 2.778	 1.445	 1.403	 1.818	 1.854	  2.02	 1.639	 5.602	  5.49	 | 5.602 max

train losses    166:	0.2683	0.2722	0.3199	 0.311	0.3529	0.3573	0.3526	0.3523	0.5433	0.5309	0.9193	0.9224	
val losses      166:	0.2162	0.1962	0.3489	0.3412	0.2775	 0.269	0.3285	0.3233	0.4354	0.4248	 1.131	 1.145	 | 0.4531 mean
                     	0.5935	  0.53	0.9023	0.9206	0.7029	0.6706	0.8669	0.8681	 1.125	 1.041	 2.817	 2.853	 | 1.467 quantile
                      	 1.635	 1.339	 2.209	 2.731	 1.594	 1.307	 2.015	  2.09	 2.423	 1.666	 5.759	 5.674	 | 5.759 max

train losses    168:	 0.264	0.2667	0.3192	0.3098	0.3481	 0.357	0.3527	 0.351	0.5255	0.5294	0.7661	0.7638	
val losses      168:	0.2205	0.1891	0.3482	0.3391	0.2919	 0.282	0.3265	0.3163	0.4748	0.4535	  1.14	 1.145	 | 0.4606 mean
                     	 0.597	0.4971	0.9064	0.9179	0.7345	0.6999	0.8585	0.8684	 1.212	 1.147	 2.996	 2.923	 | 1.486 quantile
                      	 1.674	 1.365	 2.231	 2.732	 1.408	 1.408	 1.987	 2.011	 2.359	 1.853	 5.825	 5.831	 | 5.831 max

train losses    170:	0.2673	0.2743	0.3184	0.3095	0.3638	0.3701	 0.345	0.3438	0.5686	0.5582	0.7273	0.7258	
val losses      170:	0.2098	0.1903	0.3479	0.3387	 0.287	0.2787	0.3277	0.3162	0.4704	  0.46	 1.094	 1.097	 | 0.4514 mean
                     	0.5556	0.4992	0.9016	  0.92	0.6996	0.6955	0.8737	0.8677	 1.157	 1.164	 2.733	 2.787	 | 1.464 quantile
                      	 1.769	 1.266	 2.203	 2.722	 1.363	 1.235	 1.968	 1.974	 2.647	 1.806	 5.334	 5.339	 | 5.339 max

train losses    172:	0.2616	0.2682	0.3178	0.3085	0.3546	0.3623	 0.343	0.3424	0.5366	0.5323	0.6795	0.6776	
val losses      172:	0.2146	0.1899	 0.348	0.3386	0.3145	0.3178	0.3258	0.3165	0.5036	0.5134	 1.136	 1.132	 | 0.4709 mean
                     	0.5963	0.5079	0.9036	0.9194	 0.794	0.7714	0.8695	0.8721	 1.252	 1.241	 2.792	  2.85	 | 1.563 quantile
                      	 1.844	 1.468	 2.175	 2.694	 1.721	 1.356	 1.988	 2.035	 2.999	 2.123	  5.43	 5.428	 | 5.43 max

train losses    174:	0.2596	0.2663	0.3176	0.3084	0.3538	0.3602	0.3418	0.3409	0.5349	0.5292	0.6714	0.6714	
val losses      174:	0.2128	0.1884	0.3486	0.3383	0.3399	0.3534	0.3344	0.3245	 0.477	0.4791	 1.105	 1.103	 | 0.4671 mean
                     	0.5836	0.5067	0.9066	 0.916	0.8594	 0.842	0.8906	0.8869	 1.196	 1.191	 2.776	 2.799	 | 1.495 quantile
                      	  1.84	 1.524	  2.14	 2.751	 1.815	 1.385	 1.837	 1.891	 2.802	  1.98	 5.577	 5.602	 | 5.602 max

train losses    176:	0.2549	0.2602	0.3178	0.3083	 0.366	 0.379	0.3485	0.3463	0.5303	0.5303	0.6611	0.6596	
val losses      176:	0.2122	0.1853	0.3483	0.3388	0.3273	0.3355	0.3307	0.3207	0.4268	0.4139	 1.089	  1.09	 | 0.4515 mean
                     	0.5675	0.4911	0.9059	0.9122	0.8305	0.8158	0.8916	0.8763	 1.107	 1.046	 2.708	 2.729	 | 1.462 quantile
                      	  1.69	 1.473	 2.155	 2.753	 1.839	 1.339	 1.834	 1.942	 2.439	 1.654	 5.291	 5.266	 | 5.291 max

train losses    178:	0.2708	 0.283	0.3167	0.3071	0.3536	0.3639	0.3418	0.3407	0.5101	0.5106	0.6392	0.6389	
val losses      178:	0.2124	0.1885	0.3476	 0.338	0.3071	0.3024	0.3259	0.3154	0.4261	0.3949	 1.096	 1.094	 | 0.4456 mean
                     	0.5607	0.4949	0.9045	 0.912	0.7649	0.7442	0.8769	0.8563	 1.103	0.9954	 2.697	 2.737	 | 1.461 quantile
                      	 1.693	 1.381	  2.17	  2.74	  1.74	 1.285	  1.91	 1.989	 2.305	 1.607	 5.253	 5.232	 | 5.253 max

train losses    180:	0.2743	0.2831	0.3167	0.3072	0.3423	0.3471	0.3371	0.3369	0.4816	0.4799	0.6349	0.6338	
val losses      180:	0.2107	0.1832	0.3472	0.3377	0.2795	0.2715	0.3233	0.3132	0.4326	0.4098	 1.092	 1.088	 | 0.4407 mean
                     	0.5781	0.4912	0.9036	0.9092	0.6954	0.6804	0.8556	0.8527	 1.143	 1.017	 2.698	 2.709	 | 1.473 quantile
                      	 1.833	 1.395	 2.166	  2.73	 1.574	 1.179	 1.923	 2.014	 2.214	 1.623	 5.338	 5.322	 | 5.338 max

train losses    182:	0.2605	0.2661	0.3162	0.3058	0.3345	0.3389	 0.335	0.3335	0.4841	0.4772	0.6245	 0.621	
val losses      182:	0.2087	0.1789	0.3474	0.3376	0.2729	0.2637	0.3235	0.3116	0.4256	0.4002	 1.102	 1.097	 | 0.439 mean
                     	0.5725	0.4829	0.9055	0.9095	0.6871	 0.661	0.8529	0.8567	 1.111	0.9847	 2.735	 2.747	 | 1.472 quantile
                      	 1.738	 1.346	 2.179	 2.719	 1.506	 1.288	 2.022	 2.043	 2.321	 1.622	 5.301	  5.25	 | 5.301 max

train losses    184:	 0.254	0.2578	0.3152	 0.305	0.3281	0.3333	0.3336	0.3331	0.4707	0.4633	0.6178	0.6151	
val losses      184:	0.2056	0.1806	0.3477	0.3377	0.2792	0.2757	0.3249	0.3123	0.4215	0.3931	 1.093	  1.09	 | 0.4384 mean
                     	0.5506	0.4862	0.9066	0.9112	0.7027	0.6961	0.8571	0.8705	 1.118	0.9613	  2.73	 2.758	 | 1.447 quantile
                      	 1.689	 1.353	 2.179	 2.734	 1.398	 1.369	 2.003	 2.035	 2.275	 1.588	 5.305	 5.275	 | 5.305 max

train losses    186:	0.2475	0.2533	0.3154	0.3055	0.3318	0.3389	0.3341	 0.333	0.4658	0.4608	0.6123	0.6097	
val losses      186:	0.2063	0.1837	 0.347	 0.337	0.2782	0.2723	 0.326	0.3128	0.4223	0.3932	 1.098	  1.09	 | 0.4389 mean
                     	 0.541	0.4838	0.8977	0.9088	0.6962	0.6876	0.8627	0.8769	 1.122	 0.964	  2.69	 2.716	 | 1.464 quantile
                      	 1.683	 1.402	 2.196	 2.718	 1.431	 1.382	 1.968	 2.021	 2.251	 1.577	 5.314	 5.301	 | 5.314 max

train losses    188:	 0.247	0.2533	0.3147	 0.305	0.3299	0.3329	0.3325	0.3322	0.4649	0.4608	0.6078	0.6057	
val losses      188:	 0.212	0.1851	0.3473	 0.337	0.2726	0.2618	0.3237	0.3106	0.4214	0.3916	  1.09	 1.086	 | 0.4366 mean
                     	0.5576	0.4917	0.8994	0.9049	0.6696	0.6508	0.8423	0.8411	 1.132	0.9666	 2.732	 2.717	 | 1.457 quantile
                      	 1.777	 1.306	 2.195	 2.729	 1.536	 1.225	 1.938	 2.004	 2.264	 1.519	 5.462	   5.4	 | 5.462 max

train losses    190:	0.2448	0.2503	0.3145	0.3044	0.3348	0.3359	0.3326	0.3312	0.4717	0.4659	0.6119	0.6104	
val losses      190:	0.2046	0.1801	0.3474	0.3373	0.2889	0.2898	0.3293	0.3161	 0.438	 0.407	 1.106	 1.096	 | 0.4451 mean
                     	0.5536	0.4749	 0.904	0.9144	0.7178	0.7187	0.8734	0.8874	  1.12	 1.032	 2.678	 2.746	 | 1.48 quantile
                      	 1.692	 1.263	  2.22	 2.712	 1.388	 1.445	  2.03	 2.084	 2.514	 1.653	 5.211	  5.14	 | 5.211 max

train losses    192:	0.2587	0.2613	 0.314	0.3038	0.3515	0.3577	 0.333	0.3321	0.4712	 0.464	0.6262	0.6254	
val losses      192:	0.2628	0.2365	0.3469	 0.337	 0.323	0.3283	0.3267	0.3156	0.4533	0.4286	 1.161	 1.172	 | 0.4743 mean
                     	 0.638	0.5681	0.9014	 0.907	0.7427	0.7913	0.8757	0.8608	  1.19	 1.004	 2.805	 2.813	 | 1.535 quantile
                      	 1.777	 1.293	 2.148	  2.74	 1.608	 1.146	  1.81	 1.826	 1.893	  1.64	  5.23	 5.206	 | 5.23 max

train losses    194:	0.2754	0.2803	0.3146	0.3044	 0.365	0.3768	0.3392	 0.337	0.4929	0.4905	0.7546	 0.753	
val losses      194:	0.2179	0.1844	0.3475	0.3372	0.2749	0.2648	0.3385	0.3264	0.4653	 0.453	 1.379	 1.353	 | 0.4951 mean
                     	0.5983	0.5052	0.9014	0.9114	0.6748	0.6557	0.8813	0.9016	 1.167	  1.18	 2.876	 2.861	 | 1.835 quantile
                      	 1.925	 1.456	 2.201	 2.709	 1.503	 1.273	 2.119	  2.13	 2.717	 1.953	 4.647	 4.556	 | 4.647 max

train losses    196:	0.2697	0.2759	 0.316	0.3056	0.3605	0.3756	0.3449	0.3454	 0.554	0.5481	 0.963	0.9556	
val losses      196:	0.2656	0.2249	 0.349	 0.341	0.3627	 0.382	0.3424	0.3351	0.4822	0.4484	 1.238	 1.229	 | 0.5 mean
                     	0.6972	0.6057	0.9001	0.9237	0.9329	0.9201	0.9082	0.9336	 1.184	 1.116	 3.605	 3.506	 | 1.554 quantile
                      	 1.776	 1.421	 2.289	 2.704	 1.623	 2.018	 2.211	  2.21	 2.897	 2.021	 5.944	 5.876	 | 5.944 max

train losses    198:	0.2676	0.2806	0.3178	0.3077	0.3742	0.3873	 0.352	0.3518	0.5292	0.5358	0.9934	 0.986	
val losses      198:	0.1991	0.1891	0.3478	0.3389	0.3536	0.3813	0.3284	0.3176	0.4379	 0.381	 1.072	 1.076	 | 0.4519 mean
                     	0.5265	0.5044	0.8967	0.9176	0.8822	 0.909	0.8728	0.8822	 1.158	0.9449	 2.735	 2.754	 | 1.417 quantile
                      	  1.72	 1.354	 2.217	 2.716	 1.687	 1.559	 2.095	 2.142	 1.806	 1.575	 5.142	 5.099	 | 5.142 max

train losses    200:	0.2719	0.2752	0.3171	0.3078	0.3806	0.3877	 0.348	0.3472	0.5191	0.5126	0.9641	0.9575	
val losses      200:	0.2497	0.2143	0.3483	0.3388	0.3441	0.3557	0.3254	0.3164	0.4392	0.4288	 1.088	  1.09	 | 0.4615 mean
                     	0.6588	0.5487	0.9071	0.9121	0.8936	 0.869	0.8576	0.8651	 1.161	 1.066	 2.757	 2.773	 | 1.46 quantile
                      	 1.757	 1.466	 2.161	 2.748	 1.727	 1.814	 2.075	  2.08	  2.64	 1.869	 5.541	 5.485	 | 5.541 max

train losses    202:	0.2754	0.2844	 0.318	0.3081	 0.368	0.3715	0.3551	0.3543	0.5315	0.5266	0.9364	0.9332	
val losses      202:	 0.241	0.2065	0.3484	0.3386	0.2955	 0.278	0.3345	0.3263	0.4539	0.4476	 1.083	 1.082	 | 0.453 mean
                     	0.6776	0.5581	0.9087	0.9086	0.7529	0.6877	0.9035	 0.877	 1.226	 1.155	 2.539	  2.56	 | 1.485 quantile
                      	 1.731	 1.352	 2.165	 2.755	 1.512	 1.468	 1.928	  1.95	 2.608	 1.786	 4.713	 4.671	 | 4.713 max

train losses    204:	0.2852	0.3036	0.3192	0.3099	0.3549	0.3617	0.3719	0.3722	0.5199	0.5193	0.8378	0.8299	
val losses      204:	0.2231	 0.215	0.3494	0.3399	 0.295	 0.284	  0.34	0.3305	0.4503	0.4409	 1.106	 1.121	 | 0.4579 mean
                     	0.5931	0.5735	0.9059	0.9106	0.7588	  0.71	0.8999	0.8854	 1.144	 1.103	 2.608	 2.733	 | 1.496 quantile
                      	 1.699	 1.427	 2.173	 2.742	  1.42	 1.298	 1.767	  1.81	 2.619	  1.77	 4.668	 4.587	 | 4.668 max

train losses    206:	0.2696	0.2842	0.3182	0.3087	0.3551	0.3595	0.3743	0.3754	0.5235	0.5167	0.7716	0.7697	
val losses      206:	0.2132	0.1916	0.3616	0.3508	0.3155	0.2891	0.4906	0.4921	0.5462	0.5225	 1.101	  1.11	 | 0.4987 mean
                     	0.5548	0.5001	0.9465	0.9399	0.8253	0.7322	 1.202	 1.221	 1.395	 1.193	 2.742	 2.823	 | 1.522 quantile
                      	 1.801	  1.41	 2.305	 2.921	 1.556	 1.283	 2.343	 2.234	 2.192	 1.968	 5.613	 5.551	 | 5.613 max

train losses    208:	0.2628	0.2701	 0.318	0.3087	0.3585	0.3557	0.3849	0.3866	0.5428	0.5419	0.7016	0.6999	
val losses      208:	 0.214	0.2008	0.3479	 0.338	0.2869	0.2742	0.3341	0.3265	0.4427	0.4283	 1.099	 1.103	 | 0.4496 mean
                     	0.5726	0.5164	0.9082	0.9156	0.7342	0.6915	0.8997	0.8764	 1.183	 1.036	 2.769	 2.812	 | 1.474 quantile
                      	  1.66	 1.432	 2.129	 2.751	 1.496	 1.377	 2.003	 2.042	 2.222	 1.736	 5.838	 5.755	 | 5.838 max

train losses    210:	0.2616	0.2639	0.3151	 0.305	0.3417	 0.343	0.3431	 0.343	0.5349	0.5326	0.7055	0.7036	
val losses      210:	0.2112	0.1876	0.3475	0.3374	0.2943	0.2906	0.3271	 0.319	0.4693	0.4542	 1.106	 1.112	 | 0.4547 mean
                     	0.5685	0.4945	0.8984	0.9053	0.7388	0.7156	0.8585	0.8586	 1.157	 1.165	 2.763	 2.821	 | 1.49 quantile
                      	  1.64	 1.297	 2.136	 2.728	 1.658	 1.166	 2.027	 2.059	 2.632	 1.805	 5.732	 5.632	 | 5.732 max

train losses    212:	0.2507	0.2578	 0.315	0.3046	0.3439	0.3501	0.3456	0.3452	 0.493	0.4902	0.6946	0.6931	
val losses      212:	0.2069	0.1821	0.3479	0.3374	 0.276	0.2701	0.3305	0.3217	0.4409	0.4389	   1.1	 1.099	 | 0.446 mean
                     	0.5703	0.4869	 0.901	0.9099	0.6981	0.6837	0.8645	0.8724	 1.184	 1.063	 2.642	 2.657	 | 1.492 quantile
                      	 1.636	   1.4	 2.149	 2.726	 1.523	 1.265	 1.989	  2.09	 2.203	 1.664	 4.999	 4.935	 | 4.999 max

train losses    214:	0.2532	0.2568	 0.315	0.3049	0.3295	0.3391	0.3498	0.3491	0.4981	0.5023	0.6838	0.6824	
val losses      214:	0.2032	0.1783	0.3468	0.3364	0.2769	0.2687	0.3238	0.3116	0.4416	0.4261	 1.113	 1.113	 | 0.4449 mean
                     	 0.538	0.4646	0.8968	 0.907	0.6835	0.6845	0.8501	0.8624	 1.225	 1.058	 2.635	 2.674	 | 1.497 quantile
                      	 1.597	 1.271	 2.155	 2.722	 1.381	 1.118	 1.962	 2.046	 1.858	  1.72	 5.076	 5.044	 | 5.076 max

train losses    216:	0.2534	0.2593	0.3138	0.3038	0.3289	0.3364	0.3351	0.3342	0.4993	0.4971	 0.654	0.6547	
val losses      216:	0.2042	0.1773	0.3474	0.3368	0.2743	0.2665	0.3241	0.3122	 0.518	0.5089	 1.105	   1.1	 | 0.4562 mean
                     	0.5482	0.4643	0.9033	0.9125	0.6957	0.6708	0.8515	0.8617	 1.285	 1.277	 2.674	 2.697	 | 1.518 quantile
                      	 1.635	 1.325	 2.147	 2.715	 1.418	 1.302	 2.034	 2.082	 2.969	 2.135	 4.972	 4.947	 | 4.972 max

train losses    218:	0.2543	0.2566	0.3127	0.3026	0.3295	0.3363	0.3323	0.3306	0.5067	0.5038	0.6421	0.6404	
val losses      218:	  0.22	0.1954	0.3471	0.3365	0.3256	0.3323	0.3312	0.3183	0.4359	0.4134	 1.148	 1.139	 | 0.4619 mean
                     	0.5909	 0.519	0.9009	0.9132	0.8356	0.8085	0.8798	0.8942	 1.166	 1.043	 2.679	 2.707	 | 1.54 quantile
                      	 1.713	 1.231	 2.181	 2.698	 1.577	 1.619	 2.121	 2.187	 2.324	 1.705	 4.877	 4.822	 | 4.877 max

train losses    220:	0.2508	0.2553	0.3132	0.3027	0.3526	 0.363	0.3324	0.3313	0.4923	0.4929	0.6463	0.6464	
val losses      220:	0.2252	 0.205	0.3472	0.3365	0.3444	0.3522	0.3253	0.3114	0.4134	0.3981	 1.111	 1.105	 | 0.4563 mean
                     	0.5941	0.5388	0.9028	0.9091	0.8919	 0.833	0.8516	0.8589	 1.124	0.9888	  2.71	 2.694	 | 1.496 quantile
                      	 1.793	 1.216	 2.175	 2.718	 1.552	 1.681	 2.006	 2.079	  2.14	 1.629	 5.029	 4.985	 | 5.029 max

train losses    222:	0.2592	 0.261	0.3128	0.3024	0.3676	0.3774	 0.331	0.3302	0.4869	0.4843	  0.62	0.6195	
val losses      222:	 0.207	 0.185	0.3469	0.3362	0.2879	0.2798	0.3267	0.3135	0.4718	0.4553	 1.102	 1.098	 | 0.4508 mean
                     	0.5684	0.4888	 0.903	 0.909	0.7254	0.7055	0.8593	0.8613	 1.156	 1.154	 2.779	 2.823	 | 1.482 quantile
                      	   1.7	 1.211	  2.17	 2.715	 1.426	 1.363	 1.956	 2.056	 2.625	 1.804	 5.408	 5.382	 | 5.408 max

train losses    224:	 0.261	0.2648	0.3134	0.3035	0.3554	0.3643	0.3353	0.3348	0.5087	0.5046	0.6228	0.6212	
val losses      224:	0.2123	0.1781	0.3471	0.3364	0.2748	0.2625	0.3273	0.3161	0.4795	0.4638	 1.183	 1.167	 | 0.4623 mean
                     	0.5787	0.4716	0.8988	0.9075	0.6833	0.6512	0.8632	0.8573	 1.309	 1.119	 2.764	 2.805	 | 1.6 quantile
                      	 1.843	 1.226	  2.15	 2.733	 1.481	 1.294	 1.854	 1.934	 2.064	  1.78	 5.047	 5.035	 | 5.047 max

train losses    226:	0.2523	0.2558	0.3131	0.3024	0.3523	0.3615	0.3351	0.3343	0.4934	0.4922	0.6769	0.6728	
val losses      226:	0.2109	0.1829	0.3474	0.3364	0.3003	  0.29	0.3276	0.3165	0.4329	 0.412	 1.141	 1.149	 | 0.4539 mean
                     	 0.565	0.4793	0.8992	0.9096	0.7384	0.7083	0.8673	0.8671	 1.157	 1.031	 2.966	 2.878	 | 1.478 quantile
                      	 1.713	 1.217	 2.132	 2.756	 1.456	 1.305	 1.844	 1.902	 2.347	 1.602	 5.854	 5.846	 | 5.854 max

train losses    228:	0.2551	 0.259	0.3131	0.3032	0.3591	 0.371	0.3369	0.3358	0.5016	0.4936	0.6876	0.6867	
val losses      228:	 0.251	0.2386	0.3482	0.3373	0.3518	0.3737	0.3355	 0.327	0.4322	0.4166	 1.086	 1.082	 | 0.4649 mean
                     	0.6506	0.5876	0.9086	0.9097	0.8691	0.8834	0.8897	0.8899	 1.109	 1.068	 2.671	 2.684	 | 1.478 quantile
                      	 1.768	 1.347	 2.151	 2.779	 1.815	 1.356	 1.821	 1.857	 2.494	 1.671	 5.089	 5.114	 | 5.114 max

train losses    230:	0.2715	0.2672	0.3137	 0.303	 0.363	0.3748	0.3391	0.3388	  0.49	0.4858	0.6951	0.6946	
val losses      230:	0.2326	0.1999	0.3469	0.3363	0.2799	 0.274	0.3326	0.3225	 0.477	0.4533	 1.235	 1.222	 | 0.476 mean
                     	0.6386	0.5255	 0.904	0.9128	 0.689	0.6807	0.8933	0.9131	 1.289	 1.117	 2.734	 2.747	 | 1.656 quantile
                      	 1.762	 1.339	 2.197	 2.706	  1.66	 1.331	  2.07	 2.147	  1.94	 1.737	 4.498	 4.439	 | 4.498 max

train losses    232:	0.2536	0.2609	0.3127	0.3026	0.3343	0.3384	0.3359	0.3351	 0.491	0.4916	0.6849	0.6822	
val losses      232:	0.2103	0.1882	0.3475	0.3375	0.2818	0.2748	0.3275	0.3177	0.4613	0.4497	 1.151	 1.165	 | 0.4593 mean
                     	0.5817	0.5009	0.9001	0.9183	 0.694	0.6831	0.8647	0.8828	 1.236	  1.09	 2.896	 2.894	 | 1.513 quantile
                      	 1.604	 1.246	   2.2	 2.706	 1.466	 1.363	  2.08	 2.144	 2.211	 1.705	 5.556	 5.562	 | 5.562 max

train losses    234:	0.2553	0.2634	0.3132	0.3033	0.3348	0.3423	0.3349	0.3362	0.4974	0.4973	0.6772	0.6762	
val losses      234:	0.2004	0.1837	0.3471	0.3364	0.3123	0.3128	0.3229	0.3098	0.4603	 0.434	 1.065	 1.062	 | 0.4455 mean
                     	0.5407	0.4845	0.9014	0.9067	0.7644	0.7516	0.8479	0.8473	 1.132	 1.128	 2.669	 2.711	 | 1.437 quantile
                      	 1.581	 1.217	 2.117	 2.733	 1.509	 1.329	 1.938	 1.998	 2.497	 1.774	 5.116	 5.099	 | 5.116 max

train losses    236:	0.2498	0.2538	0.3121	0.3017	 0.337	0.3397	0.3335	 0.333	0.4987	0.4965	0.6326	0.6297	
val losses      236:	0.2025	0.1776	0.3471	0.3362	0.2988	0.2933	0.3265	0.3141	 0.445	0.4243	  1.19	 1.179	 | 0.4612 mean
                     	0.5616	0.4733	0.9015	0.9061	0.7591	0.7088	0.8547	0.8641	 1.136	 1.084	 2.722	 2.731	 | 1.587 quantile
                      	  1.71	 1.241	  2.13	 2.736	 1.713	 1.213	 2.001	  2.03	 2.546	  1.92	 4.769	 4.741	 | 4.769 max

train losses    238:	 0.245	0.2475	0.3118	0.3016	0.3276	0.3291	0.3327	0.3324	0.4977	0.4941	0.6505	0.6456	
val losses      238:	0.2005	0.1783	0.3474	0.3367	0.2771	0.2647	0.3281	0.3163	0.4924	0.4766	 1.137	 1.148	 | 0.4586 mean
                     	0.5469	0.4789	0.8989	0.9134	0.6864	0.6639	0.8681	0.8824	 1.318	  1.15	 2.887	 2.876	 | 1.502 quantile
                      	 1.603	 1.202	 2.221	 2.706	 1.496	 1.243	 2.041	 2.067	 1.917	 1.961	 5.857	 5.835	 | 5.857 max

train losses    240:	0.2391	 0.245	0.3115	0.3012	0.3239	0.3255	0.3296	0.3291	0.4887	0.4875	0.6432	0.6423	
val losses      240:	0.1943	0.1738	0.3473	0.3361	0.2811	0.2746	0.3248	0.3122	 0.444	0.4217	 1.058	 1.063	 | 0.4359 mean
                     	0.5264	0.4662	0.9001	0.9158	0.7012	0.6824	0.8584	0.8579	 1.133	 1.063	   2.7	  2.74	 | 1.431 quantile
                      	 1.567	 1.193	 2.201	 2.696	 1.501	 1.098	 2.032	 2.055	 2.535	 1.719	 5.113	 5.118	 | 5.118 max

train losses    242:	0.2395	0.2426	0.3119	0.3013	0.3287	0.3329	0.3333	0.3325	 0.495	0.4905	0.6283	  0.63	
val losses      242:	0.1917	0.1693	0.3461	0.3353	0.2803	0.2714	 0.335	0.3216	0.4251	0.3993	 1.187	 1.179	 | 0.4534 mean
                     	0.5195	 0.448	0.8995	0.9117	0.6989	0.6718	  0.89	0.9051	 1.115	  1.01	 2.678	 2.653	 | 1.56 quantile
                      	 1.637	 1.267	 2.171	 2.694	 1.562	 1.136	 2.067	 2.166	 2.228	 1.677	 4.445	 4.416	 | 4.445 max

train losses    244:	0.2392	0.2402	0.3114	0.3003	0.3253	0.3288	 0.335	0.3357	0.4848	0.4867	0.6621	0.6588	
val losses      244:	0.1956	0.1692	0.3461	0.3357	 0.275	0.2636	0.3306	0.3194	0.4941	0.4905	 1.108	 1.111	 | 0.4533 mean
                     	0.5333	0.4462	0.8993	0.9134	0.6856	0.6593	0.8803	0.9009	 1.346	 1.201	 2.891	 2.871	 | 1.497 quantile
                      	 1.707	 1.198	 2.227	 2.693	 1.533	 1.317	 2.075	 2.166	 2.093	 1.974	 5.643	 5.617	 | 5.643 max

train losses    246:	0.2403	0.2422	0.3126	 0.302	0.3229	0.3254	0.3412	0.3419	0.5479	 0.547	0.7323	 0.731	
val losses      246:	0.1953	0.1762	0.3462	0.3353	0.2736	0.2645	0.3233	0.3113	  0.46	0.4265	 1.126	 1.138	 | 0.448 mean
                     	0.5155	0.4671	0.8961	0.9111	0.6736	0.6496	 0.854	0.8552	 1.138	 1.094	 2.838	 2.799	 | 1.49 quantile
                      	 1.601	 1.224	 2.169	 2.712	  1.49	 1.116	 2.025	 2.117	 2.362	 1.841	 5.627	 5.552	 | 5.627 max

train losses    248:	0.2438	0.2508	0.3127	0.3021	0.3279	0.3287	 0.346	0.3477	0.5702	0.5781	0.6759	0.6759	
val losses      248:	0.2025	0.1741	0.3465	 0.336	0.2781	 0.268	 0.344	0.3337	0.5343	0.5141	 1.332	 1.316	 | 0.4982 mean
                     	 0.555	0.4547	0.8995	0.9105	0.7015	0.6478	0.9069	 0.927	 1.389	 1.231	 2.797	 2.842	 | 1.771 quantile
                      	 1.683	 1.194	 2.188	 2.696	 1.601	 1.227	 2.158	 2.233	 2.213	 2.078	 4.439	 4.474	 | 4.474 max

train losses    250:	0.2611	0.2637	 0.313	 0.303	0.3455	0.3467	0.3458	0.3459	0.7543	 0.745	0.8261	0.8216	
val losses      250:	 0.223	0.2095	0.3489	0.3385	0.3156	0.2931	0.3388	0.3284	0.6765	0.6666	 1.189	 1.186	 | 0.5095 mean
                     	 0.564	0.5089	 0.896	0.9102	0.7472	0.7155	0.8731	 0.868	 1.652	 1.492	 3.024	 3.004	 | 1.65 quantile
                      	 1.602	 1.256	  2.13	 2.735	 1.541	 1.267	 1.949	 2.022	 2.596	 2.236	 5.857	 5.892	 | 5.892 max

train losses    252:	0.3566	0.3907	0.3212	0.3113	0.4537	0.4537	0.3714	0.3732	 1.135	 1.152	0.8448	0.8526	
val losses      252:	0.1995	0.2182	0.3506	 0.343	0.3874	0.4375	0.3741	0.3682	0.8069	 0.832	 1.111	 1.114	 | 0.5452 mean
                     	0.5047	0.5624	0.9077	 0.921	0.9933	 1.017	0.9762	 0.961	  1.86	 1.754	 2.804	 2.812	 | 1.675 quantile
                      	 1.626	 1.513	 2.224	 2.693	 1.952	 1.927	 2.223	 2.299	 2.757	 2.568	 5.227	 5.183	 | 5.227 max

train losses    254:	0.5165	 0.511	 0.337	0.3284	0.6245	0.6519	0.4422	0.4488	  1.48	 1.512	 1.117	 1.104	
val losses      254:	0.4339	0.4945	0.3568	0.3452	0.4919	0.5427	0.4586	0.4651	0.8341	0.8669	 1.427	 1.445	 | 0.6802 mean
                     	 1.022	  1.14	0.9046	0.9333	 1.227	 1.276	 1.146	 1.143	 2.118	 2.339	 3.356	 3.475	 | 2.092 quantile
                      	 2.243	 1.964	 2.191	 2.824	 1.945	 2.279	 2.241	 2.397	  3.53	  3.55	 5.562	 5.797	 | 5.797 max

train losses    256:	0.5136	0.5178	0.3404	0.3341	0.6077	0.6322	0.4751	0.4789	 1.225	 1.231	 1.343	 1.311	
val losses      256:	0.4967	  0.49	0.3543	0.3441	 0.397	0.4003	0.3677	0.3672	0.7355	0.7455	 1.185	 1.176	 | 0.5883 mean
                     	 1.251	 1.143	0.9142	0.9267	  1.01	 0.945	0.9907	 1.006	 1.928	 1.835	 3.149	 3.104	 | 1.762 quantile
                      	  2.69	 2.215	 2.183	 2.737	 2.012	 2.122	 2.549	 2.529	 3.258	 3.301	 5.926	 5.629	 | 5.926 max

train losses    258:	 0.562	0.5022	0.3397	0.3323	 0.615	0.6105	0.4659	0.4692	 1.081	 1.086	 1.168	 1.154	
val losses      258:	0.3674	0.3394	0.3598	0.3501	 0.422	0.4593	 0.362	0.3646	0.4727	0.4767	 1.108	 1.133	 | 0.5179 mean
                     	 1.034	0.8879	 0.917	0.9361	 1.021	 1.084	0.9755	0.9903	 1.166	 1.132	 2.873	 2.854	 | 1.545 quantile
                      	 2.107	  1.79	 2.294	 2.686	 2.259	 1.925	 2.254	 2.338	 2.446	 2.124	 4.977	 4.934	 | 4.977 max

train losses    260:	0.4286	0.4466	0.3362	0.3292	0.5242	0.5472	 0.448	0.4536	0.8859	0.8969	 1.057	 1.047	
val losses      260:	0.3845	0.3245	0.3561	0.3483	0.3759	 0.373	0.3605	0.3657	0.5692	0.4979	 1.105	 1.115	 | 0.5147 mean
                     	 1.117	0.8402	0.9214	0.9456	 0.943	0.8971	0.9557	0.9777	 1.456	 1.212	 2.818	 2.878	 | 1.558 quantile
                      	 2.755	 2.091	 2.262	 2.687	 1.955	  1.48	 2.348	 2.332	 2.556	 2.322	 5.067	 5.124	 | 5.124 max

train losses    262:	0.3838	0.3978	0.3311	0.3249	0.4756	0.4916	0.4321	0.4362	0.7525	0.7412	0.9477	0.9442	
val losses      262:	0.3478	0.2969	0.3526	0.3445	0.3394	0.3417	0.3758	 0.377	 0.454	0.4376	 1.107	 1.116	 | 0.4909 mean
                     	 1.001	0.7989	0.9086	0.9279	0.9256	0.8637	 1.022	 1.009	 1.129	 1.112	 2.785	 2.837	 | 1.529 quantile
                      	 2.347	 1.843	 2.186	 2.728	 1.905	 1.753	 2.202	 2.288	 2.384	 2.028	 5.023	 5.183	 | 5.183 max

train losses    264:	0.3595	0.3669	0.3279	0.3198	0.4414	0.4551	0.4139	0.4166	0.6393	0.6369	0.8557	0.8593	
val losses      264:	0.3074	0.2673	0.3524	0.3449	0.3039	0.3096	0.3485	0.3526	0.4521	0.4525	 1.093	 1.105	 | 0.4741 mean
                     	0.8819	0.7191	0.9087	0.9262	0.7915	0.7461	0.9438	0.9373	 1.159	 1.124	  2.73	 2.793	 | 1.507 quantile
                      	 2.046	 1.568	 2.185	 2.737	  1.83	 1.663	 2.257	 2.303	 2.473	 1.967	 5.581	 5.746	 | 5.746 max

train losses    266:	0.3338	0.3519	0.3273	0.3183	0.4122	0.4268	0.4006	0.4031	0.5855	0.5829	0.7956	 0.796	
val losses      266:	0.2775	0.2414	0.3513	 0.343	0.2919	 0.297	0.3467	0.3468	0.4571	0.4368	 1.152	 1.159	 | 0.4751 mean
                     	0.7718	0.6553	 0.903	0.9243	0.7646	0.7311	0.9179	0.9565	 1.143	 1.071	 2.862	 2.889	 | 1.556 quantile
                      	 2.008	  1.46	 2.171	 2.743	 1.762	 1.652	 2.234	 2.271	 2.449	 1.863	 6.264	 6.346	 | 6.346 max

train losses    268:	 0.311	0.3233	0.3235	0.3148	0.3954	0.4069	0.3955	0.3986	0.5564	0.5486	0.7471	0.7455	
val losses      268:	0.2664	 0.234	0.3514	0.3426	0.2893	0.2976	0.3416	0.3394	0.4268	0.4054	 1.127	 1.134	 | 0.463 mean
                     	0.7273	 0.631	0.9079	0.9221	0.7477	0.7312	0.9133	  0.94	 1.103	 1.008	  2.79	 2.861	 | 1.511 quantile
                      	   1.8	 1.437	 2.145	 2.744	 1.651	 1.322	 2.216	 2.214	 2.255	 1.736	 6.109	 6.168	 | 6.168 max

train losses    270:	0.2981	0.3028	0.3221	0.3129	0.3832	0.3936	0.3811	0.3841	0.5313	0.5262	 0.713	0.7134	
val losses      270:	0.2531	0.2241	0.3509	0.3419	0.2963	0.3048	0.3392	0.3349	0.4197	0.3874	 1.124	 1.129	 | 0.4588 mean
                     	0.6956	0.5976	0.9108	0.9188	0.7662	0.7644	0.9012	0.9321	 1.087	0.9403	 2.761	 2.799	 | 1.51 quantile
                      	 1.817	 1.375	 2.146	 2.746	 1.543	 1.295	 2.257	  2.27	 1.949	 1.663	 5.775	 5.822	 | 5.822 max

train losses    272:	0.2888	0.2913	0.3207	0.3112	0.3767	 0.386	0.3728	0.3755	0.5166	0.5099	0.6881	0.6867	
val losses      272:	0.2497	 0.215	0.3508	0.3417	0.2946	0.2934	0.3366	0.3319	 0.415	0.3926	 1.107	 1.111	 | 0.4533 mean
                     	0.6844	 0.577	0.9082	0.9173	0.7536	0.7277	0.8957	0.9223	 1.071	0.9688	 2.716	 2.763	 | 1.493 quantile
                      	 1.861	 1.412	 2.169	 2.777	 1.557	 1.175	 2.156	 2.196	 2.166	 1.638	 5.641	 5.655	 | 5.655 max

train losses    274:	0.2809	0.2832	0.3196	0.3092	0.3691	0.3773	0.3649	0.3657	0.5022	0.4982	0.6689	0.6692	
val losses      274:	0.2372	0.2069	  0.35	0.3409	0.2934	  0.29	0.3345	0.3272	0.4135	0.3877	 1.128	 1.128	 | 0.4531 mean
                     	0.6461	0.5594	0.9058	0.9125	0.7403	0.7274	0.8857	0.9162	 1.061	0.9553	 2.742	 2.786	 | 1.515 quantile
                      	 1.825	 1.432	 2.145	 2.766	 1.553	 1.204	 2.225	 2.254	 2.076	 1.606	 5.801	 5.779	 | 5.801 max

train losses    276:	0.2749	0.2762	0.3179	0.3078	0.3634	0.3708	0.3569	0.3571	0.4975	0.4902	 0.668	0.6653	
val losses      276:	0.2313	0.2019	0.3496	0.3405	0.2941	 0.291	0.3329	0.3237	0.4054	0.3818	 1.143	 1.143	 | 0.4532 mean
                     	0.6328	 0.537	0.9074	0.9185	0.7309	0.7247	0.8835	0.9062	  1.05	0.9597	  2.84	 2.874	 | 1.514 quantile
                      	 1.759	 1.459	  2.18	  2.74	 1.517	 1.225	 2.235	 2.283	 2.079	 1.591	 5.873	 5.839	 | 5.873 max

train losses    278:	0.2709	0.2708	0.3175	0.3075	0.3596	0.3671	0.3536	0.3545	0.4895	0.4808	0.6876	0.6842	
val losses      278:	0.2302	 0.196	0.3497	0.3402	0.2952	0.2892	0.3297	0.3192	0.4053	0.3827	 1.168	 1.168	 | 0.4561 mean
                     	0.6289	0.5261	0.9053	0.9154	 0.731	0.7122	0.8749	0.8895	 1.054	0.9705	 2.956	 2.962	 | 1.54 quantile
                      	 1.754	 1.506	 2.202	  2.73	 1.497	 1.219	  2.23	 2.266	 2.094	 1.568	 5.823	 5.796	 | 5.823 max

train losses    280:	0.2666	0.2668	0.3174	0.3076	0.3552	0.3643	0.3504	0.3504	0.4835	0.4811	0.7302	 0.726	
val losses      280:	0.2284	0.1919	0.3496	0.3398	0.2961	0.2901	0.3303	0.3185	0.4063	0.3855	 1.189	 1.187	 | 0.4594 mean
                     	0.6278	0.5157	 0.907	0.9148	0.7284	0.7154	0.8647	0.8859	 1.071	0.9851	 3.013	 2.998	 | 1.566 quantile
                      	 1.846	 1.367	 2.203	 2.728	 1.479	 1.239	 2.234	 2.282	 2.185	  1.56	 5.889	 5.858	 | 5.889 max

train losses    282:	0.2635	0.2624	0.3171	0.3072	0.3526	0.3597	0.3477	0.3475	0.4813	0.4772	0.7845	0.7805	
val losses      282:	0.2257	0.1915	0.3492	0.3396	0.2979	0.2899	0.3279	0.3157	0.4097	0.3873	 1.144	 1.144	 | 0.4519 mean
                     	0.6143	0.5076	0.9029	0.9143	0.7345	0.7192	0.8668	0.8816	 1.077	0.9783	 2.924	 2.907	 | 1.518 quantile
                      	 1.864	 1.324	  2.19	 2.734	 1.507	 1.235	 2.208	 2.253	 2.203	 1.597	 5.655	 5.623	 | 5.655 max

train losses    284:	 0.261	0.2626	0.3171	0.3069	0.3487	0.3554	0.3449	0.3447	0.4773	0.4728	0.7812	0.7799	
val losses      284:	0.2217	 0.194	0.3494	0.3396	0.2971	  0.29	0.3265	0.3157	0.4179	0.3961	 1.067	 1.074	 | 0.4407 mean
                     	0.6004	0.5128	0.9079	0.9122	0.7399	 0.719	 0.854	0.8713	 1.093	0.9719	 2.712	 2.733	 | 1.435 quantile
                      	 1.847	 1.491	 2.181	 2.737	 1.502	 1.256	 2.186	 2.235	 2.151	 1.571	  4.79	 4.744	 | 4.79 max

train losses    286:	0.2596	0.2586	0.3166	0.3067	0.3456	0.3526	0.3404	0.3401	0.4743	 0.467	0.6923	0.6929	
val losses      286:	0.2178	0.1924	0.3496	0.3395	0.2973	0.2914	 0.327	0.3159	0.4228	0.3952	 1.102	 1.115	 | 0.4471 mean
                     	0.5873	0.5093	0.9067	0.9153	0.7395	0.7143	0.8493	0.8646	 1.104	0.9606	 2.718	 2.792	 | 1.468 quantile
                      	  1.84	 1.543	 2.182	 2.741	 1.552	 1.223	 2.137	 2.186	 2.057	 1.548	 4.623	 4.573	 | 4.623 max

train losses    288:	0.2586	0.2589	0.3163	0.3058	0.3437	0.3488	0.3407	0.3409	0.4739	0.4655	0.6819	0.6804	
val losses      288:	0.2145	0.1887	0.3496	0.3396	0.2914	0.2852	0.3283	0.3171	 0.421	0.3921	 1.134	 1.144	 | 0.4505 mean
                     	0.5785	0.5022	0.9067	0.9131	0.7183	0.7079	0.8604	0.8657	 1.111	0.9554	  2.81	 2.835	 | 1.504 quantile
                      	 1.811	 1.537	 2.188	 2.749	  1.49	 1.237	  2.05	   2.1	  1.97	 1.536	 5.163	 5.109	 | 5.163 max

train losses    290:	0.2543	0.2546	0.3164	0.3059	0.3397	0.3474	0.3402	 0.339	0.4702	0.4664	0.7376	0.7354	
val losses      290:	0.2108	0.1893	0.3495	0.3395	0.2894	0.2829	0.3277	0.3159	 0.422	0.4031	 1.175	 1.185	 | 0.4575 mean
                     	0.5705	0.5004	0.9071	0.9118	0.7154	0.6962	0.8555	0.8575	 1.117	0.9699	 2.831	 2.877	 | 1.564 quantile
                      	  1.78	 1.506	 2.176	 2.761	 1.495	 1.265	 2.057	 2.117	   1.9	 1.579	 5.107	 5.049	 | 5.107 max

train losses    292:	0.2542	0.2544	0.3161	0.3053	0.3373	 0.342	 0.338	0.3379	0.4734	0.4689	0.7942	0.7934	
val losses      292:	0.2125	0.1869	0.3494	0.3391	  0.29	0.2811	0.3262	0.3138	  0.42	0.3944	 1.111	 1.121	 | 0.4455 mean
                     	0.5771	0.4981	0.9063	0.9134	0.7133	0.6955	0.8554	 0.863	 1.097	0.9568	 2.828	 2.831	 | 1.458 quantile
                      	 1.738	 1.429	 2.187	 2.755	 1.475	 1.287	  2.06	 2.104	 2.024	 1.606	 5.403	 5.356	 | 5.403 max

train losses    294:	0.2521	0.2507	0.3155	 0.305	0.3365	 0.342	0.3365	 0.336	 0.472	 0.466	 0.743	 0.742	
val losses      294:	0.2087	0.1845	0.3492	0.3389	0.2891	0.2792	0.3243	0.3121	0.4175	0.3896	  1.14	 1.149	 | 0.4485 mean
                     	0.5589	0.4899	0.9056	 0.915	0.7026	 0.694	0.8528	0.8534	 1.101	0.9687	 2.941	 2.917	 | 1.459 quantile
                      	 1.734	 1.401	 2.185	 2.767	 1.399	 1.273	 2.049	 2.079	 1.994	 1.525	 5.687	 5.683	 | 5.687 max

train losses    296:	0.2513	0.2516	0.3151	0.3046	0.3353	0.3396	0.3365	0.3363	0.4687	0.4687	0.6787	0.6771	
val losses      296:	0.2116	0.1842	0.3489	0.3386	0.2888	 0.279	0.3256	0.3132	0.4176	0.3889	 1.158	 1.161	 | 0.4513 mean
                     	0.5685	0.4946	0.9058	0.9108	0.7208	0.7015	0.8627	0.8578	 1.111	0.9781	 3.046	 2.969	 | 1.477 quantile
                      	 1.749	 1.311	 2.179	 2.752	 1.409	 1.348	 2.065	 2.103	  2.02	 1.615	 5.978	 5.912	 | 5.978 max

train losses    298:	0.2502	0.2514	0.3155	0.3045	0.3338	0.3405	0.3378	0.3379	0.4662	0.4635	0.6515	0.6507	
val losses      298:	 0.213	0.1884	0.3493	 0.339	0.3078	0.3054	0.3308	0.3177	0.4131	0.3886	 1.141	 1.142	 | 0.453 mean
                     	0.5744	0.5036	0.9039	0.9146	0.7705	0.7559	0.8782	0.8749	 1.095	 0.981	 2.922	 2.963	 | 1.469 quantile
                      	 1.766	 1.382	   2.2	 2.738	 1.517	 1.472	 2.075	   2.1	  2.07	 1.641	 6.055	 5.979	 | 6.055 max

