train losses      0:	0.5644	0.5947	0.3799	0.3576	0.7333	0.7822	0.4785	0.4918	 1.596	 1.609	 1.503	 1.506	
val losses        0:	0.7679	 1.458	 0.811	0.5673	0.9089	 0.801	0.5474	0.5407	 1.552	 1.469	 1.164	 1.589	 | 1.015 mean
                     	 1.657	 2.279	 1.417	 1.178	   2.1	 2.013	 1.305	 1.285	 4.564	 4.382	 3.293	 3.835	 | 2.654 quantile
                      	 4.358	 4.757	 2.477	  2.63	 5.638	 6.313	 3.372	 2.717	 8.872	 9.493	 5.895	 6.939	 | 9.493 max

train losses      2:	0.5385	0.5611	0.3777	 0.358	0.7031	0.7323	0.4776	0.4932	  1.54	 1.557	  1.49	 1.484	
val losses        2:	0.8332	0.9666	0.3778	0.3018	 2.181	 1.949	0.3885	0.8451	 1.873	 1.626	 1.375	 1.545	 | 1.189 mean
                     	 1.658	  1.72	0.9459	0.8066	 3.352	 3.014	 1.014	 1.644	 4.678	 4.221	 3.518	 3.727	 | 3.011 quantile
                      	 4.713	 3.828	 2.073	 2.126	 6.261	 6.686	 3.816	 2.751	 8.103	 7.551	 6.374	 6.687	 | 8.103 max

train losses      4:	0.5193	0.5397	0.4095	0.3837	0.6722	0.6867	0.4939	0.5109	 1.388	 1.402	 1.464	 1.446	
val losses        4:	0.5421	0.4628	 0.575	0.4228	 1.296	0.6322	0.4736	 0.413	 1.511	 1.498	 1.185	  1.38	 | 0.8659 mean
                     	 1.337	 1.214	 1.212	 1.005	 2.264	 1.559	 1.144	 1.073	  3.48	 3.321	 3.247	 3.239	 | 2.424 quantile
                      	 5.405	 5.141	 2.459	 2.355	 4.484	 4.784	 3.886	 3.298	 5.442	 5.266	 5.512	  5.33	 | 5.512 max

train losses      6:	0.5141	0.5464	0.4549	0.4256	0.6454	0.6354	  0.52	0.5483	 1.127	 1.143	 1.385	 1.375	
val losses        6:	0.4684	0.4653	0.5489	0.3067	0.6668	0.5911	0.3793	0.4064	 1.098	 0.993	0.9988	 1.006	 | 0.6607 mean
                     	 1.086	 1.062	 1.165	0.8173	 1.468	 1.391	0.9987	 1.061	 2.442	 2.247	 3.024	  2.81	 | 1.881 quantile
                      	 4.986	  3.38	 2.605	 1.961	 3.529	 2.797	 3.455	 3.267	 3.626	 3.694	 4.369	 4.379	 | 4.986 max

train losses      8:	  0.53	0.5372	 0.484	0.4498	0.6348	0.6229	0.5347	 0.575	 1.112	 1.121	 1.297	 1.296	
val losses        8:	0.3339	0.3046	0.3147	0.3015	0.5382	 0.495	0.3664	0.3996	  1.12	0.9426	 1.001	0.9873	 | 0.592 mean
                     	 0.909	0.8005	0.8024	0.7899	 1.264	 1.186	0.9571	 1.059	 2.281	 2.015	 2.837	 2.754	 | 1.773 quantile
                      	  3.41	  2.56	 1.896	 2.096	 3.163	 2.398	  3.18	  2.92	 3.462	  3.41	 4.069	 4.037	 | 4.069 max

train losses     10:	0.5289	0.5496	0.4896	0.4606	0.6076	 0.611	 0.543	0.5742	 1.085	 1.108	 1.252	 1.242	
val losses       10:	 0.339	 0.295	0.3102	0.3068	0.3908	0.4053	0.3811	0.4005	0.7476	0.7048	 1.044	  1.07	 | 0.533 mean
                     	0.9265	0.7871	0.7844	0.8049	 1.004	 1.012	 1.002	 1.073	 1.886	 1.847	 2.907	 2.764	 | 1.64 quantile
                      	 2.891	 2.097	 1.854	  1.83	 2.276	 2.103	 3.295	 2.684	 2.721	 3.233	 4.614	  4.71	 | 4.71 max

train losses     12:	0.5104	0.5212	 0.452	0.4301	0.5789	0.5719	0.5301	0.5464	0.9512	0.9583	 1.216	 1.216	
val losses       12:	0.3247	0.2819	 0.299	 0.302	0.4074	0.3806	0.3818	0.3826	 0.693	0.5824	0.9685	0.9948	 | 0.4999 mean
                     	0.9052	 0.771	 0.772	0.7916	 1.086	0.9935	0.9787	 1.018	 1.826	 1.523	 2.684	 2.691	 | 1.535 quantile
                      	 3.223	 2.317	 1.852	 2.054	 2.802	 2.335	 2.852	 2.721	 3.699	 3.061	 4.049	 4.442	 | 4.442 max

train losses     14:	0.4814	0.4917	0.4438	0.4185	0.5395	0.5451	0.5103	0.5337	0.8079	 0.822	 1.128	 1.131	
val losses       14:	 0.295	0.2614	0.2986	0.2955	0.3454	0.3325	0.3628	0.3786	0.5785	0.5255	 1.002	0.9959	 | 0.4727 mean
                     	0.8368	0.7216	0.7648	0.7804	0.9237	 0.866	0.9522	 1.004	 1.512	 1.318	  2.77	 2.762	 | 1.502 quantile
                      	 3.085	 2.104	 1.829	 2.026	 2.572	 1.885	 2.932	 2.697	 2.441	 2.326	 4.358	 4.096	 | 4.358 max

train losses     16:	0.4649	0.4706	0.4361	0.4135	0.5129	0.5242	0.5006	0.5275	0.6922	0.7044	 1.075	 1.073	
val losses       16:	0.2898	0.2486	0.2907	0.2888	0.3232	0.3221	0.3552	0.3694	0.5494	0.4945	0.9762	0.9759	 | 0.457 mean
                     	0.8374	0.6932	0.7394	0.7708	0.8596	0.8442	 0.944	0.9933	 1.381	 1.272	 2.739	 2.667	 | 1.441 quantile
                      	 3.121	 1.908	 2.153	 2.001	 2.233	 1.845	 2.943	   2.7	 2.451	 2.252	 4.109	 3.944	 | 4.109 max

train losses     18:	0.4431	0.4431	0.4214	0.3989	0.4882	0.5034	0.4879	0.5142	 0.648	0.6527	 1.032	 1.029	
val losses       18:	0.2845	 0.239	0.2887	0.2865	0.3194	0.3177	0.3481	 0.363	 0.553	0.5034	0.9726	0.9698	 | 0.4538 mean
                     	0.8065	0.6557	0.7396	 0.764	0.8446	0.8246	0.9189	0.9709	  1.38	 1.288	 2.775	 2.762	 | 1.415 quantile
                      	  3.12	 1.802	 2.197	 2.074	 2.017	 1.771	  2.92	   2.6	 2.211	 2.284	 4.074	 4.123	 | 4.123 max

train losses     20:	0.4233	0.4193	0.4103	0.3906	0.4733	0.4825	0.4774	0.5037	0.6267	0.6333	0.9989	0.9931	
val losses       20:	0.2704	0.2252	0.2879	0.2848	0.3149	0.3127	0.3442	0.3581	0.5449	0.4967	0.9805	0.9671	 | 0.449 mean
                     	0.7615	0.6251	0.7399	0.7563	0.8349	0.8022	0.8968	0.9404	 1.392	 1.259	 2.793	 2.752	 | 1.418 quantile
                      	 2.551	 1.713	 1.974	 2.127	 2.075	  1.74	 2.834	 2.588	  2.25	 2.372	 4.249	 3.911	 | 4.249 max

train losses     22:	0.4076	0.4054	0.4023	0.3833	0.4586	0.4685	0.4703	0.4945	0.6124	0.6215	0.9616	0.9526	
val losses       22:	0.2685	0.2247	0.2849	0.2834	0.3098	0.3147	0.3415	0.3539	0.5355	0.4922	0.9952	0.9753	 | 0.4483 mean
                     	0.7471	0.6138	 0.734	0.7569	0.8183	0.8041	0.8948	0.9212	 1.379	 1.223	 2.765	 2.753	 | 1.412 quantile
                      	 2.659	 1.617	 1.876	 2.104	 2.005	 1.692	 2.893	   2.8	 2.221	 2.302	 4.449	 4.051	 | 4.449 max

train losses     24:	0.3953	0.3967	0.3973	0.3786	0.4478	0.4559	 0.465	0.4885	0.5942	0.6033	0.9684	0.9553	
val losses       24:	0.2668	0.2232	0.2847	0.2831	0.3122	0.3134	0.3379	 0.354	0.5443	0.5113	  1.04	 1.016	 | 0.4573 mean
                     	 0.739	0.6018	0.7316	0.7603	0.8165	0.7843	0.8902	0.9248	 1.367	  1.25	 2.729	 2.746	 | 1.466 quantile
                      	  2.47	 1.694	 1.999	 2.078	 2.025	 1.702	  2.85	 2.797	 2.155	 2.281	 4.874	 4.426	 | 4.874 max

train losses     26:	0.3957	0.3977	0.3923	0.3741	0.4444	0.4527	0.4642	 0.487	0.5956	0.6061	 1.145	 1.126	
val losses       26:	0.2614	0.2255	0.2861	0.2836	  0.31	0.3169	0.3367	0.3568	0.5494	0.5157	 1.035	 1.014	 | 0.4576 mean
                     	0.7378	0.6004	0.7305	0.7645	0.8375	0.8105	0.8899	0.9537	 1.369	 1.287	  2.73	 2.743	 | 1.477 quantile
                      	  2.38	 1.802	 2.033	 2.076	 2.121	 1.829	 2.884	 2.831	 2.242	 2.366	 4.552	 4.125	 | 4.552 max

train losses     28:	0.4022	0.4018	0.3845	0.3686	0.4468	0.4556	 0.461	0.4833	0.6124	 0.619	 1.111	 1.107	
val losses       28:	0.2676	0.2346	0.2839	0.2834	0.3002	0.3207	0.3489	 0.358	0.5412	 0.497	0.9915	0.9919	 | 0.4516 mean
                     	0.7502	 0.625	0.7246	0.7593	0.7879	0.8262	0.9169	  0.94	   1.4	 1.256	 2.655	 2.606	 | 1.401 quantile
                      	 2.582	  1.91	 2.168	 2.077	 1.869	 1.873	 2.914	 3.029	 2.166	 2.311	 4.406	 4.421	 | 4.421 max

train losses     30:	0.3835	0.3944	0.3848	0.3691	0.4396	0.4545	0.4559	 0.478	0.5987	0.6101	 1.009	 1.015	
val losses       30:	 0.246	0.2188	0.2858	 0.284	0.2968	0.3042	0.3343	 0.353	 0.536	0.5075	 1.054	 1.037	 | 0.4547 mean
                     	0.6794	 0.574	0.7329	0.7668	0.7758	 0.774	0.8704	0.9098	 1.383	 1.273	  2.75	 2.837	 | 1.46 quantile
                      	 2.538	 1.772	 2.151	  2.14	 1.645	 1.472	 2.831	 2.889	 2.139	 2.235	 4.835	 4.627	 | 4.835 max

train losses     32:	0.3884	0.3882	0.3849	0.3663	0.4376	0.4381	0.4485	0.4701	0.5948	0.6095	0.9113	0.9081	
val losses       32:	0.2566	0.2229	0.2879	0.2826	0.3082	0.3088	0.3311	0.3465	0.5508	0.5171	 1.008	 0.998	 | 0.4516 mean
                     	 0.729	0.5856	0.7389	0.7596	 0.799	0.7756	  0.87	0.8985	 1.418	 1.319	   2.7	 2.721	 | 1.45 quantile
                      	 2.362	 1.754	 1.992	 2.138	  2.03	 1.694	 2.785	 2.633	 2.147	 2.323	 4.411	 4.003	 | 4.411 max

train losses     34:	0.3736	0.3802	0.3794	 0.363	0.4188	0.4267	0.4391	0.4603	0.5777	 0.594	0.8381	0.8353	
val losses       34:	0.2592	0.2172	0.2844	0.2824	0.3092	0.3168	0.3241	0.3435	 0.548	0.5224	 1.019	 1.001	 | 0.4523 mean
                     	 0.717	0.5709	0.7246	0.7623	0.8166	0.7865	0.8449	0.8847	 1.394	 1.287	 2.712	 2.692	 | 1.442 quantile
                      	 2.284	 1.702	 1.964	 2.111	 2.158	 1.614	  2.94	 2.724	 2.123	 2.182	 4.327	 3.961	 | 4.327 max

train losses     36:	0.3671	0.3705	0.3745	0.3579	0.4095	0.4134	 0.431	0.4521	0.5511	0.5601	0.7922	0.7872	
val losses       36:	0.2601	0.2212	0.2818	0.2819	0.2992	0.3078	0.3269	0.3407	0.5455	0.5161	0.9375	0.9318	 | 0.4376 mean
                     	0.7315	0.5763	0.7228	 0.754	0.7888	0.7738	 0.854	0.8797	  1.42	 1.249	 2.627	 2.635	 | 1.356 quantile
                      	 2.356	 1.708	 2.052	  2.06	 1.941	 1.737	 2.968	 2.884	 2.129	 2.359	 4.088	 3.703	 | 4.088 max

train losses     38:	0.3601	0.3625	0.3698	0.3546	   0.4	 0.403	 0.421	0.4425	0.5363	 0.547	0.7605	 0.751	
val losses       38:	0.2511	0.2148	0.2819	 0.281	0.2884	0.3005	0.3191	0.3366	0.5316	0.5041	0.9547	  0.94	 | 0.4336 mean
                     	0.7005	0.5627	0.7232	0.7519	0.7498	0.7579	0.8387	  0.87	 1.362	  1.23	 2.596	 2.601	 | 1.356 quantile
                      	 2.154	 1.694	 2.091	 2.067	 1.697	 1.619	 2.901	 3.029	 2.057	  2.44	 4.122	 3.642	 | 4.122 max

train losses     40:	0.3547	0.3591	0.3668	0.3517	0.3892	0.3945	0.4127	0.4333	0.5225	0.5317	0.7416	0.7315	
val losses       40:	0.2525	0.2151	0.2815	 0.281	0.2828	0.2973	 0.319	0.3312	0.5291	0.4988	0.9622	0.9476	 | 0.4332 mean
                     	0.6926	0.5718	0.7188	0.7486	0.7396	0.7504	0.8336	0.8489	 1.389	 1.222	 2.602	 2.593	 | 1.367 quantile
                      	 2.103	 1.819	 2.088	 2.067	 1.496	 1.549	   2.9	 3.135	 2.147	 2.281	 4.093	 3.679	 | 4.093 max

train losses     42:	0.3495	0.3536	0.3636	0.3489	0.3818	0.3858	0.4057	0.4247	0.5188	0.5251	0.7456	0.7373	
val losses       42:	0.2528	0.2155	  0.28	0.2807	0.2899	0.2989	0.3138	0.3267	0.5539	0.5229	0.9354	0.9339	 | 0.4337 mean
                     	0.7096	0.5651	0.7132	0.7486	0.7523	0.7629	0.8203	0.8417	 1.445	 1.286	  2.54	 2.541	 | 1.372 quantile
                      	 2.158	 1.574	 2.113	 2.025	 1.685	 1.694	 2.928	 3.151	 2.152	 2.261	 3.826	 3.767	 | 3.826 max

train losses     44:	 0.347	0.3506	0.3604	0.3469	0.3753	0.3805	0.3999	0.4168	0.5119	0.5186	0.8004	0.7942	
val losses       44:	0.2482	0.2134	0.2794	0.2806	0.2786	0.2936	0.3112	0.3238	0.5477	0.5168	0.9482	0.9503	 | 0.4327 mean
                     	0.6906	0.5572	0.7098	0.7444	0.7178	0.7406	0.8052	0.8205	 1.454	 1.262	 2.596	 2.582	 | 1.383 quantile
                      	 2.243	 1.615	 2.105	 1.987	 1.623	 1.695	 3.015	 3.192	 2.116	 2.269	 3.834	 3.914	 | 3.914 max

train losses     46:	0.3476	0.3495	0.3567	0.3431	0.3762	0.3811	0.3947	 0.412	0.5236	0.5287	0.8626	0.8562	
val losses       46:	0.2485	 0.215	0.2789	0.2815	0.2755	0.2953	0.3146	0.3241	0.5448	  0.51	0.9881	0.9847	 | 0.4384 mean
                     	  0.69	0.5637	0.7117	0.7432	0.7153	0.7402	0.8171	0.8134	 1.449	 1.244	 2.615	 2.602	 | 1.418 quantile
                      	 2.172	 1.708	 2.081	 1.975	 1.666	 1.711	 3.126	 3.377	 2.096	 2.587	 4.155	  4.21	 | 4.21 max

train losses     48:	0.3428	0.3501	0.3559	0.3423	0.3796	0.3875	0.3909	0.4071	0.5648	0.5684	0.8034	0.8006	
val losses       48:	0.2428	0.2119	0.2803	 0.282	0.2772	0.2896	0.3085	 0.321	0.5552	0.5236	0.9978	0.9859	 | 0.4397 mean
                     	0.6614	0.5511	0.7152	0.7463	0.7164	0.7298	 0.814	0.8295	  1.48	 1.277	 2.591	 2.663	 | 1.43 quantile
                      	 2.168	 1.774	 2.162	 1.985	 1.541	 1.783	 3.298	 3.259	 2.206	 2.687	 4.691	 4.174	 | 4.691 max

train losses     50:	0.3515	0.3617	0.3571	0.3427	0.4141	0.4238	0.3931	0.4073	0.7112	0.7138	0.7822	0.7694	
val losses       50:	0.2503	0.2127	0.2796	0.2815	0.3072	0.2966	 0.311	0.3179	0.5952	0.5632	 0.965	0.9772	 | 0.4464 mean
                     	 0.691	0.5504	 0.717	 0.744	 0.817	0.7581	0.7972	0.8055	 1.544	 1.379	 2.547	 2.438	 | 1.417 quantile
                      	 2.192	 1.611	 2.206	 2.015	 1.832	 1.851	 3.257	 3.037	 2.643	 2.787	 4.246	 4.163	 | 4.246 max

train losses     52:	0.3675	0.3751	 0.359	0.3433	0.4273	0.4307	 0.412	0.4259	0.8253	0.8539	 0.948	0.9252	
val losses       52:	0.2511	0.2223	0.2809	0.2837	0.3296	0.3118	0.3118	0.3206	0.6777	0.6039	0.9001	0.9043	 | 0.4498 mean
                     	0.6973	0.5696	0.7201	0.7468	0.8782	0.7963	0.8216	0.8234	 1.755	 1.487	 2.447	 2.374	 | 1.412 quantile
                      	 2.664	 1.718	 2.123	 2.007	 2.134	  2.21	 3.132	 3.021	 2.547	 2.975	 3.804	 3.966	 | 3.966 max

train losses     54:	0.3809	0.3867	0.3595	0.3447	0.4273	0.4361	 0.408	0.4223	0.7608	0.7688	0.8294	0.8244	
val losses       54:	 0.249	0.2226	0.2814	0.2825	0.3009	0.3211	0.3137	0.3258	0.5853	0.5247	 0.937	0.9117	 | 0.438 mean
                     	0.6729	0.5725	0.7164	0.7508	0.7578	0.8013	0.7946	0.8241	 1.535	 1.293	 2.381	 2.393	 | 1.376 quantile
                      	 2.993	 1.853	 2.121	 2.026	 1.871	 1.763	 3.285	 3.168	 2.336	 2.374	 4.493	 3.915	 | 4.493 max

train losses     56:	0.3764	0.3853	0.3582	 0.342	0.4181	 0.427	0.3971	0.4125	0.6918	0.7067	0.9051	0.8907	
val losses       56:	0.2669	0.2296	0.2819	0.2823	0.3021	0.3129	0.3079	0.3296	0.5616	0.5123	0.9887	0.9853	 | 0.4468 mean
                     	0.7508	0.5986	0.7112	0.7489	0.8138	 0.816	0.8042	0.8333	 1.446	 1.277	 2.463	 2.551	 | 1.455 quantile
                      	 2.427	 1.868	 1.975	 1.974	  1.98	 1.958	 3.111	 3.001	 2.077	 2.588	 4.452	   4.1	 | 4.452 max

train losses     58:	0.3772	 0.387	0.3528	 0.338	0.4268	0.4325	 0.395	0.4128	 0.619	0.6368	0.8259	0.8257	
val losses       58:	0.2688	0.2249	0.2813	0.2823	0.3083	0.3166	0.3106	0.3344	 0.583	0.5443	 1.037	 1.034	 | 0.4605 mean
                     	0.7517	0.5919	 0.716	0.7476	0.7978	0.8304	0.8359	0.8561	 1.496	 1.353	 2.709	 2.742	 | 1.517 quantile
                      	 2.404	 1.604	  2.03	 1.964	 2.171	 1.864	 3.067	  2.95	 2.487	  2.88	 4.822	 4.679	 | 4.822 max

train losses     60:	0.3697	0.3743	0.3532	0.3376	0.4175	0.4243	0.3908	0.4049	0.5589	0.5735	 0.792	0.7924	
val losses       60:	0.2564	0.2208	0.2796	0.2814	0.2831	0.3021	0.3091	0.3208	0.5516	0.5231	0.9486	0.9595	 | 0.4363 mean
                     	0.7051	 0.577	0.7105	0.7505	0.7643	0.7884	0.8001	0.8362	 1.415	 1.305	  2.56	 2.622	 | 1.383 quantile
                      	 2.536	 1.661	 2.148	 1.949	 1.634	  1.68	  3.03	 3.077	 2.247	 2.837	 4.107	 3.739	 | 4.107 max

train losses     62:	0.3586	0.3593	0.3499	 0.336	0.4023	0.4082	 0.381	0.3965	0.5614	0.5734	0.6855	0.6814	
val losses       62:	  0.26	0.2203	0.2817	0.2815	0.3017	0.3113	0.3102	0.3255	0.5791	0.5495	0.9956	0.9953	 | 0.451 mean
                     	0.7205	0.5628	0.7168	0.7487	0.7982	0.8062	0.8179	0.8376	 1.464	 1.334	 2.525	 2.544	 | 1.439 quantile
                      	 2.528	 1.617	  2.08	 1.957	 1.822	  1.76	 3.027	 2.881	 2.312	 2.614	 4.487	 4.233	 | 4.487 max

train losses     64:	0.3478	0.3477	0.3462	0.3333	0.3888	0.3962	0.3752	0.3881	0.5223	0.5379	0.6306	0.6229	
val losses       64:	0.2563	0.2173	  0.28	0.2811	0.3109	0.3098	0.3065	0.3208	0.5822	0.5485	0.9462	0.9518	 | 0.4426 mean
                     	0.7091	0.5565	0.7163	0.7463	0.7868	0.8067	0.8009	0.8151	 1.482	 1.364	 2.431	 2.434	 | 1.399 quantile
                      	  2.54	 1.698	 2.084	 1.972	 1.794	 1.657	  3.16	 2.924	 2.414	   2.3	 4.051	  3.71	 | 4.051 max

train losses     66:	0.3409	0.3424	0.3452	0.3322	0.3685	0.3745	0.3671	0.3777	0.4957	0.5059	0.5993	0.5909	
val losses       66:	0.2497	0.2112	0.2792	0.2809	 0.284	0.2905	 0.301	0.3147	0.5721	0.5307	0.9513	0.9531	 | 0.4349 mean
                     	0.6859	0.5417	0.7092	0.7445	 0.708	0.7452	0.7774	0.8055	 1.508	 1.322	  2.48	 2.479	 | 1.405 quantile
                      	 2.615	 1.742	  2.01	 1.954	 1.727	 1.684	 3.025	 2.956	 2.301	 2.752	 4.091	 3.804	 | 4.091 max

train losses     68:	0.3339	 0.335	0.3423	0.3297	0.3546	0.3581	0.3606	0.3695	0.4825	0.4943	 0.567	0.5586	
val losses       68:	0.2475	0.2101	0.2788	0.2811	 0.277	 0.286	0.3008	0.3143	0.5595	0.5212	0.9353	0.9376	 | 0.4291 mean
                     	0.6898	 0.547	0.7103	0.7444	0.7091	 0.725	0.7726	0.8103	 1.493	 1.321	 2.452	 2.439	 | 1.386 quantile
                      	 2.629	 1.622	 2.057	 1.938	 1.607	 1.707	 3.168	 3.124	 2.257	   2.9	   3.9	 3.751	 | 3.9 max

train losses     70:	0.3276	0.3314	0.3407	0.3284	0.3445	0.3483	0.3531	0.3644	0.4731	0.4824	 0.538	0.5267	
val losses       70:	0.2455	0.2063	0.2785	0.2807	0.2719	0.2831	0.2998	0.3143	0.5505	 0.518	0.9389	0.9401	 | 0.4273 mean
                     	0.6801	0.5288	0.7105	0.7453	 0.704	0.7206	0.7781	0.8124	 1.481	 1.292	 2.432	  2.44	 | 1.383 quantile
                      	 2.321	 1.671	 2.028	 1.928	 1.596	 1.621	  3.09	 3.124	 2.256	 2.871	 3.985	 3.865	 | 3.985 max

train losses     72:	0.3255	0.3291	0.3395	0.3274	0.3371	0.3422	0.3469	0.3573	0.4676	0.4754	0.5225	0.5133	
val losses       72:	0.2551	0.2142	0.2781	0.2802	0.2828	 0.291	0.2971	0.3114	0.5714	0.5419	0.9216	0.9217	 | 0.4306 mean
                     	0.7129	0.5549	 0.708	0.7452	 0.734	0.7533	0.7771	0.7991	 1.472	 1.315	 2.423	 2.414	 | 1.38 quantile
                      	 2.476	 1.593	 2.001	 1.934	 1.671	 1.741	   3.1	 3.057	 2.291	 2.663	 3.945	 3.867	 | 3.945 max

train losses     74:	0.3208	0.3251	0.3374	 0.326	0.3314	0.3389	0.3443	0.3543	0.4552	0.4638	0.5105	0.5044	
val losses       74:	0.2448	0.2052	0.2776	0.2803	0.2747	0.2837	0.2974	0.3094	0.5604	0.5306	0.9151	0.9195	 | 0.4249 mean
                     	0.6727	 0.529	0.7071	0.7404	0.7074	0.7281	0.7635	0.7952	 1.468	 1.298	 2.441	 2.439	 | 1.363 quantile
                      	 2.416	 1.496	  1.99	 1.922	 1.565	 1.738	 3.101	 3.071	 2.253	 2.765	 4.008	 3.793	 | 4.008 max

train losses     76:	0.3193	0.3206	0.3366	0.3251	0.3271	0.3337	 0.339	0.3481	0.4502	0.4593	0.5089	0.5003	
val losses       76:	0.2406	0.2021	0.2774	0.2806	0.2647	0.2783	0.2977	0.3091	0.5549	0.5266	0.9238	 0.927	 | 0.4236 mean
                     	 0.666	0.5233	0.7078	0.7425	0.6784	0.7081	0.7575	0.7957	 1.475	 1.296	 2.441	 2.447	 | 1.368 quantile
                      	 2.468	 1.585	 1.978	 1.922	 1.477	 1.628	 3.133	 3.107	 2.243	 2.789	 4.057	 3.735	 | 4.057 max

train losses     78:	0.3175	0.3202	0.3351	0.3241	0.3252	0.3282	0.3345	 0.344	0.4464	0.4555	0.5026	0.4952	
val losses       78:	0.2443	0.2048	0.2776	0.2806	0.2712	0.2798	0.2976	0.3087	0.5605	0.5346	0.9266	0.9332	 | 0.4266 mean
                     	0.6746	0.5305	0.7071	0.7415	0.6962	0.7216	0.7602	0.7942	 1.493	 1.316	 2.444	 2.468	 | 1.389 quantile
                      	 2.306	 1.513	 2.048	 1.928	  1.57	  1.69	 3.166	 3.101	 2.305	 2.747	 3.969	 3.781	 | 3.969 max

train losses     80:	0.3134	0.3182	0.3353	0.3235	 0.323	0.3261	0.3317	0.3416	0.4413	0.4491	0.4812	 0.476	
val losses       80:	0.2421	0.2034	0.2772	0.2805	 0.267	0.2787	 0.297	0.3078	0.5558	0.5305	0.9329	0.9375	 | 0.4259 mean
                     	0.6601	0.5216	 0.707	0.7389	0.6902	0.7168	0.7651	0.7929	 1.479	 1.312	 2.437	 2.474	 | 1.391 quantile
                      	 2.349	 1.513	 2.033	 1.934	 1.597	 1.631	 3.087	 3.077	 2.235	 2.783	 4.063	 3.735	 | 4.063 max

train losses     82:	0.3142	0.3143	0.3336	0.3226	0.3176	0.3223	0.3292	0.3366	0.4362	0.4414	0.4684	0.4599	
val losses       82:	0.2406	0.2019	0.2774	0.2804	0.2655	 0.274	0.2945	0.3073	0.5537	0.5277	0.9256	0.9284	 | 0.4231 mean
                     	0.6594	0.5151	0.7077	0.7396	0.6839	0.7019	 0.759	  0.79	 1.467	 1.291	  2.43	 2.423	 | 1.374 quantile
                      	 2.449	 1.568	 1.997	 1.925	 1.564	 1.664	 2.938	 2.886	 2.275	 2.676	 4.086	 3.771	 | 4.086 max

train losses     84:	 0.311	0.3113	0.3317	0.3214	0.3131	0.3181	0.3253	0.3331	0.4283	0.4356	0.4538	 0.448	
val losses       84:	0.2388	0.2006	0.2771	0.2802	0.2618	0.2717	0.2942	0.3066	0.5486	 0.524	0.9287	0.9297	 | 0.4218 mean
                     	0.6577	0.5134	0.7055	 0.738	0.6684	0.6859	0.7513	0.7898	 1.463	 1.283	 2.447	 2.437	 | 1.368 quantile
                      	 2.481	 1.622	 1.976	 1.919	 1.496	  1.68	 2.932	 2.941	 2.236	 2.661	 4.116	 3.791	 | 4.116 max

train losses     86:	0.3093	0.3124	0.3313	0.3205	0.3122	0.3162	0.3205	 0.328	0.4256	0.4299	0.4587	0.4502	
val losses       86:	0.2405	0.2016	0.2769	0.2802	0.2631	0.2701	0.2937	0.3084	0.5478	0.5214	0.9353	0.9312	 | 0.4225 mean
                     	0.6726	 0.522	0.7044	0.7394	0.6791	0.6851	0.7598	0.7925	 1.455	 1.268	 2.412	  2.43	 | 1.365 quantile
                      	 2.656	  1.82	 1.976	 1.916	 1.505	 1.662	  2.93	  2.95	 2.294	 2.674	 4.113	 3.989	 | 4.113 max

train losses     88:	 0.308	0.3094	0.3309	0.3202	0.3087	0.3104	0.3172	0.3241	0.4224	0.4292	0.4618	 0.453	
val losses       88:	0.2365	0.1987	 0.277	  0.28	 0.262	0.2667	0.2924	0.3072	0.5442	0.5175	0.9356	0.9313	 | 0.4208 mean
                     	0.6576	  0.51	0.7026	0.7367	0.6747	0.6858	0.7493	0.7884	 1.458	 1.273	 2.381	 2.411	 | 1.378 quantile
                      	 2.581	 1.671	 2.001	 1.903	 1.476	 1.676	  2.88	 2.933	 2.288	 2.742	 4.188	 3.865	 | 4.188 max

train losses     90:	0.3066	0.3086	  0.33	0.3193	0.3078	0.3126	0.3169	0.3229	0.4184	0.4233	0.4713	0.4645	
val losses       90:	0.2371	0.1988	0.2767	0.2799	0.2586	0.2649	0.2946	0.3066	0.5466	0.5167	 0.955	0.9477	 | 0.4236 mean
                     	0.6535	0.5113	0.7058	0.7335	0.6669	0.6784	0.7562	0.7803	 1.456	 1.275	 2.407	 2.432	 | 1.384 quantile
                      	 2.631	 1.704	 1.984	 1.919	 1.579	 1.658	 2.911	  2.96	 2.278	 2.643	 4.265	 3.933	 | 4.265 max

train losses     92:	0.3049	 0.307	0.3291	0.3187	0.3065	0.3099	0.3147	0.3213	0.4172	0.4229	 0.522	0.5142	
val losses       92:	0.2366	0.1996	0.2768	  0.28	0.2624	0.2677	0.2944	 0.308	0.5484	0.5156	0.9864	0.9747	 | 0.4292 mean
                     	0.6638	 0.514	0.7038	0.7334	0.6745	0.6834	0.7585	0.7953	 1.464	 1.277	 2.447	 2.431	 | 1.411 quantile
                      	 2.668	 1.794	 1.961	 1.897	 1.517	  1.69	 2.996	 2.874	 2.306	 2.609	 4.396	  4.07	 | 4.396 max

train losses     94:	0.3053	0.3072	0.3286	 0.318	0.3051	0.3069	0.3147	0.3217	0.4142	0.4251	0.5781	0.5691	
val losses       94:	0.2346	0.2001	0.2765	0.2797	0.2583	0.2663	0.2919	0.3077	0.5399	0.5085	0.9962	0.9813	 | 0.4284 mean
                     	0.6503	0.5159	0.7037	0.7313	0.6589	0.6723	0.7758	0.7878	  1.46	 1.263	 2.465	 2.479	 | 1.427 quantile
                      	  2.61	 1.681	 1.981	 1.876	 1.502	 1.662	 2.992	 2.835	 2.342	  2.71	 4.388	 4.263	 | 4.388 max

train losses     96:	0.3073	0.3058	0.3276	0.3174	0.3046	0.3073	0.3111	0.3169	0.4171	0.4209	0.5626	0.5574	
val losses       96:	0.2289	 0.199	0.2766	0.2799	0.2551	0.2644	 0.292	0.3059	0.5352	 0.509	0.9652	0.9566	 | 0.4223 mean
                     	0.6332	0.5106	0.7035	0.7301	0.6526	0.6783	0.7586	0.7803	 1.467	 1.272	 2.496	 2.497	 | 1.392 quantile
                      	 3.026	 2.107	 1.967	  1.88	 1.422	 1.563	 2.931	 2.862	 2.333	 2.734	 4.586	 4.445	 | 4.586 max

train losses     98:	0.3057	0.3049	0.3276	0.3177	0.3019	0.3046	0.3086	0.3126	0.4194	0.4235	 0.518	0.5126	
val losses       98:	0.2343	0.2001	 0.276	0.2797	0.2548	0.2643	 0.292	0.3032	0.5426	 0.517	0.9192	0.9272	 | 0.4175 mean
                     	0.6407	 0.515	0.7063	0.7313	0.6515	0.6821	0.7446	 0.772	 1.441	 1.293	 2.533	 2.426	 | 1.361 quantile
                      	  2.84	 2.045	 1.991	 1.908	 1.382	 1.613	  2.94	 2.845	 2.399	 2.599	 4.278	 4.201	 | 4.278 max

train losses    100:	 0.306	0.3043	0.3269	0.3171	0.3027	0.3035	0.3068	0.3121	0.4314	0.4297	0.5232	0.5193	
val losses      100:	0.2373	0.2004	0.2765	0.2796	0.2624	 0.266	0.2943	 0.306	0.5695	0.5446	0.9072	0.9173	 | 0.4217 mean
                     	 0.655	0.5159	0.7056	 0.732	0.6815	0.6804	0.7563	 0.775	 1.467	 1.346	 2.466	 2.414	 | 1.37 quantile
                      	 2.629	  1.82	 2.005	 1.894	 1.485	 1.659	 2.935	  2.82	 2.475	 2.633	 3.943	 3.664	 | 3.943 max

train losses    102:	0.3049	 0.304	0.3259	0.3163	0.3007	0.3043	0.3058	0.3113	0.4664	0.4555	0.5804	0.5785	
val losses      102:	0.2333	0.1964	0.2765	0.2802	0.2565	0.2626	0.2944	0.3068	0.5645	0.5395	 0.945	0.9485	 | 0.4253 mean
                     	0.6403	0.4965	0.7066	0.7307	0.6547	0.6793	0.7494	 0.795	 1.498	 1.366	 2.483	 2.477	 | 1.412 quantile
                      	  2.76	 1.882	 1.994	 1.854	 1.428	 1.611	 3.026	 2.861	 2.417	 2.648	 3.977	 3.999	 | 3.999 max

train losses    104:	0.3148	0.3113	 0.327	0.3168	0.3137	0.3192	0.3133	 0.319	0.5588	0.5377	0.7702	0.7623	
val losses      104:	0.2295	0.1939	0.2769	0.2803	0.2541	0.2631	0.2985	0.3071	0.5561	0.5316	 0.966	0.9656	 | 0.4269 mean
                     	0.6315	0.4924	0.7073	0.7349	0.6727	0.6988	0.7501	0.7837	  1.41	  1.26	 2.555	 2.547	 | 1.405 quantile
                      	 2.772	 1.957	 1.945	 1.877	 1.592	 1.622	 2.906	 2.922	 2.259	 2.495	 4.361	 4.121	 | 4.361 max

train losses    106:	0.3595	0.3699	0.3334	 0.323	0.4487	0.4692	 0.363	0.3742	0.8614	0.8362	 1.235	 1.227	
val losses      106:	 0.269	0.2304	0.2775	0.2807	0.2947	0.3185	0.3153	0.3224	0.6956	 0.652	 1.133	 1.106	 | 0.4913 mean
                     	0.7802	0.6052	0.7184	0.7424	0.7826	0.8493	0.8157	0.8265	 1.864	 1.698	 2.821	 2.831	 | 1.675 quantile
                      	 2.736	 2.081	 1.969	 1.896	  1.92	 1.869	 3.177	 3.124	 3.158	 3.033	 4.211	  4.18	 | 4.211 max

train losses    108:	0.4024	0.4299	0.3369	0.3253	0.4635	0.4927	 0.401	 0.413	0.9117	0.9338	 1.223	 1.233	
val losses      108:	0.2803	0.2574	0.2831	0.2823	0.3373	0.3339	0.3213	0.3353	0.7804	0.7404	 1.033	 1.007	 | 0.4993 mean
                     	0.7793	0.6835	0.7206	0.7553	 0.854	0.8689	0.8214	0.8471	 1.985	 1.847	 2.962	 2.964	 | 1.615 quantile
                      	 3.266	 2.297	 1.936	 1.846	 2.593	 2.335	 3.214	 3.145	 3.658	  4.02	 6.083	 5.764	 | 6.083 max

train losses    110:	0.4198	0.4397	0.3433	0.3306	0.4954	0.4932	0.4251	0.4413	0.8507	  0.84	 1.262	 1.247	
val losses      110:	0.3178	0.2716	0.2835	0.2854	0.3948	0.3855	0.3372	0.3452	0.8618	0.7726	 1.047	 1.031	 | 0.5278 mean
                     	 0.837	0.6994	 0.719	0.7559	0.9842	0.9694	0.8979	0.9169	 2.028	 1.964	 2.933	  2.95	 | 1.675 quantile
                      	 2.501	 2.198	  2.08	 2.064	 2.456	 2.521	 3.777	  3.69	 4.062	 3.992	 5.373	 5.263	 | 5.373 max

train losses    112:	0.4168	0.4343	0.3419	0.3296	0.4803	0.4878	0.4192	0.4346	0.8379	0.8586	 1.119	  1.11	
val losses      112:	0.2831	0.2487	0.2829	0.2844	0.3536	0.3266	0.3381	0.3856	0.6387	0.5791	 1.111	 1.104	 | 0.4947 mean
                     	0.7589	0.6343	0.7199	0.7419	0.9595	0.8271	0.8504	0.9242	 1.578	 1.479	 2.955	 2.984	 | 1.63 quantile
                      	 3.054	 2.387	 1.937	 2.023	 2.229	  1.84	 2.703	 2.393	 2.519	   2.6	 4.839	 4.839	 | 4.839 max

train losses    114:	0.4014	0.4235	0.3415	0.3289	0.4455	0.4641	0.4115	0.4222	0.7201	0.7353	0.9885	 0.987	
val losses      114:	0.2862	0.2453	0.2808	0.2821	0.3519	0.3416	0.3246	0.3235	 0.633	0.5768	 1.001	 1.014	 | 0.4716 mean
                     	0.8114	0.6489	0.7183	 0.743	 0.932	0.8963	0.8478	0.8513	 1.564	 1.404	 2.717	 2.737	 | 1.478 quantile
                      	 3.034	 2.241	 2.054	 1.966	 2.435	 1.971	 3.214	 2.914	 2.839	 2.676	 4.171	 3.916	 | 4.171 max

train losses    116:	0.3936	0.4018	0.3413	0.3288	0.4359	0.4554	0.3969	0.4071	0.6503	0.6553	 0.898	0.8958	
val losses      116:	0.2941	0.2481	0.2797	0.2813	0.3413	0.3327	0.3206	0.3291	0.5968	0.5701	0.9726	0.9811	 | 0.4623 mean
                     	 0.841	0.6583	0.7083	 0.749	0.9073	0.8474	0.8272	0.8572	 1.495	 1.304	 2.631	 2.642	 | 1.427 quantile
                      	 2.821	 2.128	 2.128	 1.931	 2.348	 1.803	 3.258	 3.077	 2.477	 2.384	 3.961	  3.96	 | 3.961 max

train losses    118:	0.3703	0.3829	0.3362	 0.325	0.4036	0.4238	0.3799	0.3879	0.6113	0.6021	0.8131	 0.809	
val losses      118:	0.2728	0.2286	0.2783	 0.281	0.3072	0.3054	0.3061	0.3151	0.5851	0.5592	 0.978	0.9705	 | 0.4489 mean
                     	0.7626	0.5984	0.7144	0.7534	 0.808	0.7722	0.7913	0.8107	 1.531	 1.357	 2.578	 2.647	 | 1.428 quantile
                      	 3.298	 2.586	 2.088	 1.926	 1.904	 1.637	 3.014	 2.806	 2.338	 2.504	 4.365	 4.194	 | 4.365 max

train losses    120:	0.3607	0.3671	0.3337	 0.322	0.3853	0.3956	0.3674	0.3757	0.5772	0.5702	0.7281	0.7255	
val losses      120:	0.2703	0.2262	0.2772	0.2797	 0.298	0.2945	0.3028	0.3119	0.5627	 0.534	0.9706	0.9692	 | 0.4414 mean
                     	0.7565	 0.592	0.7109	0.7454	0.7849	0.7566	0.7731	0.8078	 1.474	 1.366	 2.563	 2.619	 | 1.421 quantile
                      	 3.179	 2.621	 2.027	 1.923	 1.857	 1.617	 2.875	 2.681	 2.411	 2.733	 4.299	 4.173	 | 4.299 max

train losses    122:	0.3509	0.3565	0.3313	0.3205	0.3697	0.3798	0.3561	0.3634	0.5475	0.5421	 0.664	0.6591	
val losses      122:	0.2546	0.2127	0.2766	0.2794	0.2784	0.2824	0.2987	0.3093	0.5508	0.5255	0.9775	0.9813	 | 0.4356 mean
                     	0.6964	0.5512	0.7106	0.7445	0.7349	0.7292	0.7705	0.7979	 1.466	 1.347	 2.621	 2.686	 | 1.404 quantile
                      	 3.353	 2.669	 1.992	 1.904	 1.555	 1.516	 2.601	 2.429	 2.378	 2.746	 4.276	 4.068	 | 4.276 max

train losses    124:	0.3434	 0.345	0.3305	0.3199	 0.357	  0.37	0.3457	0.3543	0.5234	0.5137	0.6056	0.6003	
val losses      124:	 0.258	0.2105	0.2763	0.2794	0.2778	0.2806	0.2986	0.3125	0.5657	0.5192	0.9707	0.9663	 | 0.4346 mean
                     	0.7102	0.5511	0.7087	 0.741	0.7243	  0.72	0.7643	0.7967	 1.516	 1.355	 2.536	 2.578	 | 1.418 quantile
                      	 2.738	 2.075	 1.976	 1.916	 1.542	 1.671	 2.614	  2.56	 2.432	 2.528	 4.308	 3.988	 | 4.308 max

train losses    126:	0.3322	0.3355	 0.329	0.3189	0.3453	0.3558	0.3386	0.3456	0.5065	0.4977	0.5707	0.5654	
val losses      126:	0.2523	0.2083	0.2765	0.2797	0.2711	0.2755	0.2941	0.3084	 0.573	0.5236	 0.953	0.9513	 | 0.4306 mean
                     	0.7011	0.5479	0.7083	0.7354	0.7116	0.7195	0.7574	0.7819	 1.518	 1.366	 2.493	 2.526	 | 1.405 quantile
                      	 3.011	  2.32	  1.95	  1.89	 1.636	 1.641	 2.775	 2.733	 2.471	 2.297	 4.272	 3.923	 | 4.272 max

train losses    128:	0.3262	0.3271	0.3278	0.3181	0.3365	0.3428	0.3273	0.3354	0.4872	0.4807	 0.535	0.5286	
val losses      128:	0.2521	 0.209	0.2765	0.2796	0.2705	0.2784	0.2921	 0.307	0.5809	 0.536	0.9356	0.9354	 | 0.4294 mean
                     	0.6999	0.5555	0.7077	0.7387	0.7134	 0.723	0.7624	0.7793	 1.521	  1.39	 2.476	 2.494	 | 1.408 quantile
                      	 2.935	 2.187	 1.945	 1.912	 1.599	  1.68	 2.776	  2.69	 2.417	  2.41	 4.196	  3.82	 | 4.196 max

train losses    130:	0.3214	0.3232	0.3267	0.3171	0.3307	0.3366	0.3241	  0.33	0.4715	0.4657	0.5139	0.5073	
val losses      130:	0.2459	0.2047	0.2764	0.2796	0.2659	 0.275	0.2903	0.3055	0.5696	0.5244	0.9346	 0.934	 | 0.4255 mean
                     	0.6888	0.5388	 0.708	0.7356	0.7019	0.7101	0.7598	0.7775	 1.506	 1.365	 2.451	 2.485	 | 1.396 quantile
                      	 2.939	 2.224	 1.979	 1.897	 1.488	 1.608	 2.886	  2.78	 2.475	 2.451	 4.127	 3.905	 | 4.127 max

train losses    132:	0.3146	0.3169	0.3257	0.3164	0.3222	0.3326	0.3143	0.3206	0.4619	0.4552	0.4933	 0.486	
val losses      132:	0.2467	0.2067	0.2765	0.2794	0.2689	0.2737	0.2898	0.3061	0.5722	0.5302	0.9333	  0.93	 | 0.4261 mean
                     	0.6913	0.5366	0.7082	0.7355	 0.705	0.7149	0.7574	0.7676	 1.528	  1.36	 2.445	 2.485	 | 1.408 quantile
                      	 2.829	 2.162	 1.957	 1.896	 1.687	 1.718	 2.937	 2.826	 2.433	 2.599	 4.059	 3.871	 | 4.059 max

train losses    134:	0.3124	0.3158	0.3249	0.3157	0.3148	0.3247	0.3107	0.3159	0.4536	0.4438	0.4745	0.4691	
val losses      134:	0.2479	0.2081	0.2765	0.2795	0.2695	0.2729	0.2909	0.3063	 0.571	0.5324	0.9179	0.9183	 | 0.4243 mean
                     	0.7058	0.5377	0.7064	0.7345	0.7081	 0.711	0.7635	0.7703	 1.528	 1.347	 2.419	 2.446	 | 1.395 quantile
                      	  2.75	 2.073	 1.947	 1.897	 1.606	 1.721	 2.913	 2.786	 2.441	 2.698	 4.015	 3.857	 | 4.015 max

train losses    136:	0.3097	0.3125	0.3244	0.3146	0.3122	0.3184	0.3068	0.3117	0.4377	0.4373	0.4567	0.4509	
val losses      136:	0.2448	0.2045	0.2765	0.2795	0.2625	0.2703	0.2912	 0.306	0.5709	0.5339	0.9294	0.9256	 | 0.4246 mean
                     	0.6906	0.5302	0.7069	0.7348	 0.696	 0.696	0.7537	0.7779	 1.507	 1.362	 2.417	 2.443	 | 1.401 quantile
                      	 2.773	 2.126	 1.941	 1.907	 1.481	 1.656	 2.962	 2.826	 2.446	 2.737	 4.106	 3.933	 | 4.106 max

train losses    138:	0.3081	0.3111	0.3242	0.3149	0.3055	0.3157	0.3037	0.3084	0.4354	0.4316	0.4451	0.4414	
val losses      138:	0.2383	0.2007	0.2766	0.2798	0.2563	0.2654	0.2893	 0.305	0.5644	0.5282	0.9309	0.9275	 | 0.4219 mean
                     	0.6666	0.5186	0.7077	0.7343	0.6831	0.6845	0.7439	0.7739	 1.505	 1.328	 2.411	 2.453	 | 1.383 quantile
                      	 2.981	 2.284	 1.942	 1.886	 1.397	 1.595	  2.94	 2.815	 2.443	 2.788	 4.121	 3.956	 | 4.121 max

train losses    140:	0.3071	0.3081	0.3235	0.3143	0.3018	0.3101	0.2987	0.3028	0.4282	0.4248	0.4369	0.4306	
val losses      140:	0.2427	0.2035	0.2766	0.2795	0.2594	 0.268	0.2899	0.3047	0.5688	0.5314	0.9268	0.9242	 | 0.423 mean
                     	0.6906	0.5289	0.7072	0.7324	0.6964	0.6835	0.7478	0.7727	 1.496	 1.338	 2.427	 2.431	 | 1.391 quantile
                      	 2.814	 2.062	 1.957	 1.897	 1.491	 1.617	 2.919	 2.797	 2.361	 2.707	 4.083	 3.977	 | 4.083 max

train losses    142:	0.3017	0.3042	0.3226	0.3137	0.2991	0.3047	0.2949	0.2986	0.4214	0.4226	0.4267	 0.422	
val losses      142:	 0.244	0.2041	0.2764	0.2794	0.2599	0.2673	0.2905	0.3041	0.5687	0.5283	0.9204	0.9198	 | 0.4219 mean
                     	0.6919	0.5301	0.7056	0.7334	0.6947	0.6848	 0.745	 0.772	 1.506	 1.346	 2.401	 2.407	 | 1.377 quantile
                      	 2.793	  2.05	 1.955	 1.909	 1.501	 1.619	 2.935	 2.806	 2.438	 2.582	 4.079	 3.976	 | 4.079 max

train losses    144:	 0.304	 0.303	0.3228	0.3136	 0.296	0.3026	0.2939	0.2959	0.4145	0.4124	0.4228	0.4167	
val losses      144:	0.2427	0.2031	0.2764	0.2794	0.2581	0.2645	0.2893	0.3024	0.5587	0.5239	0.9182	0.9192	 | 0.4197 mean
                     	0.6916	0.5313	0.7056	0.7333	0.6924	0.6768	0.7387	0.7773	 1.486	 1.313	 2.417	 2.415	 | 1.373 quantile
                      	 2.665	  1.98	 1.942	 1.882	 1.506	 1.611	 2.902	 2.783	 2.376	 2.817	 4.047	 3.968	 | 4.047 max

train losses    146:	0.3009	 0.302	0.3223	 0.313	0.2948	0.3015	0.2899	0.2931	0.4093	0.4086	0.4153	0.4132	
val losses      146:	0.2387	0.1994	0.2765	0.2794	0.2529	0.2616	0.2892	0.3017	0.5592	0.5246	0.9166	0.9195	 | 0.4183 mean
                     	0.6649	0.5241	0.7058	0.7326	0.6761	0.6621	0.7411	0.7733	 1.499	 1.315	 2.415	 2.435	 | 1.37 quantile
                      	 2.812	 2.071	 1.941	 1.893	 1.402	 1.593	 2.885	 2.759	 2.348	 2.877	 4.073	 3.883	 | 4.073 max

train losses    148:	0.2993	0.2997	 0.322	0.3131	0.2899	 0.296	0.2876	0.2905	0.4104	0.4082	0.4099	0.4062	
val losses      148:	0.2443	 0.205	0.2764	0.2791	0.2547	0.2596	0.2884	0.3023	0.5618	0.5261	0.9191	0.9166	 | 0.4195 mean
                     	0.6975	0.5301	0.7045	0.7345	0.6765	0.6651	0.7437	0.7644	 1.496	 1.326	 2.422	 2.398	 | 1.381 quantile
                      	 2.681	 1.938	 1.934	 1.907	 1.476	 1.588	 2.894	 2.754	 2.399	 2.758	 4.084	 3.915	 | 4.084 max

train losses    150:	0.2997	0.3002	0.3218	0.3129	0.2911	0.2949	0.2857	0.2876	0.4021	0.4016	 0.406	   0.4	
val losses      150:	0.2404	0.2012	0.2762	 0.279	0.2508	0.2587	0.2873	0.3005	0.5523	0.5188	 0.919	0.9185	 | 0.4169 mean
                     	0.6825	0.5201	0.7042	 0.735	0.6738	0.6538	 0.739	0.7631	  1.49	 1.305	 2.407	 2.393	 | 1.371 quantile
                      	 2.675	  1.91	 1.931	 1.898	 1.399	  1.51	 2.908	 2.768	 2.324	 2.952	 4.075	 3.927	 | 4.075 max

train losses    152:	0.2964	0.2966	0.3214	0.3117	0.2869	0.2977	 0.285	0.2868	0.3977	0.4017	0.4004	0.3952	
val losses      152:	0.2395	0.1993	0.2764	0.2794	0.2518	0.2585	0.2881	0.3023	0.5579	0.5266	0.9231	0.9197	 | 0.4185 mean
                     	0.6839	0.5222	0.7053	0.7342	  0.67	0.6678	 0.741	0.7684	 1.481	 1.298	 2.403	 2.386	 | 1.381 quantile
                      	 2.712	 2.006	 1.929	 1.882	 1.499	 1.564	 2.936	 2.795	 2.363	 2.891	 4.103	   3.9	 | 4.103 max

train losses    154:	0.2976	0.2965	0.3214	0.3119	0.2855	0.2919	0.2798	 0.282	0.3975	0.3991	0.3956	0.3889	
val losses      154:	  0.24	0.2006	0.2762	0.2793	0.2569	0.2611	0.2871	0.3019	0.5594	0.5297	0.9069	0.9092	 | 0.4174 mean
                     	0.6755	0.5264	0.7038	0.7343	0.6876	 0.673	0.7384	 0.769	 1.486	 1.319	 2.385	 2.362	 | 1.364 quantile
                      	 2.715	 1.955	 1.931	 1.889	  1.53	 1.589	 2.935	 2.786	 2.371	 2.766	 4.013	 3.782	 | 4.013 max

train losses    156:	0.2953	0.2956	0.3199	 0.311	0.2841	0.2904	0.2769	0.2796	0.3931	0.3935	0.3896	0.3855	
val losses      156:	 0.239	 0.198	0.2761	0.2794	0.2521	0.2597	0.2888	 0.301	 0.553	 0.522	0.9093	0.9093	 | 0.4156 mean
                     	0.6675	0.5217	 0.705	0.7326	0.6782	0.6614	0.7375	0.7716	 1.507	 1.317	 2.395	 2.366	 | 1.364 quantile
                      	 2.799	 2.062	 1.944	 1.898	 1.492	 1.534	 2.916	 2.758	 2.312	 2.872	 4.116	 3.865	 | 4.116 max

train losses    158:	0.2941	0.2927	0.3199	 0.311	0.2802	0.2878	0.2758	0.2776	 0.393	0.3915	0.3882	0.3809	
val losses      158:	0.2352	0.1963	0.2761	0.2795	0.2496	0.2588	0.2885	0.3003	0.5581	0.5269	 0.908	0.9082	 | 0.4155 mean
                     	0.6618	0.5151	0.7058	0.7341	0.6704	0.6625	0.7275	0.7616	 1.507	 1.334	  2.42	 2.389	 | 1.369 quantile
                      	 2.706	 1.965	 1.951	 1.889	 1.408	 1.489	 2.956	 2.804	 2.241	 3.043	 4.163	 3.864	 | 4.163 max

train losses    160:	0.2946	0.2947	0.3198	0.3109	0.2815	0.2859	0.2743	0.2766	0.3937	0.3919	0.3831	0.3782	
val losses      160:	0.2395	0.2015	0.2762	0.2794	 0.255	0.2598	0.2874	0.3007	0.5628	0.5333	0.9042	0.9049	 | 0.4171 mean
                     	0.6752	0.5276	0.7076	0.7334	0.6808	0.6803	0.7296	0.7641	 1.513	 1.345	 2.363	  2.32	 | 1.37 quantile
                      	 2.703	  1.96	  1.94	   1.9	 1.474	 1.598	 2.917	  2.76	 2.305	 2.761	 4.038	 3.714	 | 4.038 max

train losses    162:	0.2913	0.2934	0.3195	0.3105	0.2776	0.2882	0.2742	0.2763	0.3868	0.3892	0.3844	0.3792	
val losses      162:	0.2366	0.1964	0.2761	0.2792	0.2513	0.2572	0.2881	0.3006	0.5566	0.5262	0.9068	0.9079	 | 0.4153 mean
                     	 0.668	0.5116	0.7051	0.7295	0.6718	0.6618	0.7308	 0.757	 1.497	 1.314	 2.386	 2.346	 | 1.358 quantile
                      	 2.773	  2.05	 1.934	 1.916	 1.468	   1.5	 2.967	 2.812	 2.311	 2.868	 4.051	 3.728	 | 4.051 max

train losses    164:	0.2918	0.2906	0.3197	0.3108	0.2789	0.2865	0.2711	0.2725	0.3848	0.3875	0.3814	0.3736	
val losses      164:	0.2312	0.1944	0.2763	0.2794	0.2449	0.2507	0.2881	   0.3	0.5497	0.5168	0.9083	0.9111	 | 0.4126 mean
                     	 0.643	0.5022	0.7053	0.7296	0.6524	0.6515	0.7347	0.7633	 1.469	 1.298	 2.406	 2.358	 | 1.355 quantile
                      	 2.841	 2.127	 1.924	 1.909	 1.367	 1.465	 2.923	 2.774	 2.258	 2.867	 4.066	 3.777	 | 4.066 max

train losses    166:	0.2913	0.2896	0.3194	0.3101	0.2783	0.2819	0.2673	0.2688	 0.384	 0.381	0.3817	0.3751	
val losses      166:	0.2352	0.1961	0.2761	0.2794	0.2441	0.2517	 0.287	0.3005	0.5558	0.5254	 0.913	0.9137	 | 0.4148 mean
                     	 0.659	0.5093	0.7043	0.7308	0.6557	0.6564	0.7249	0.7656	 1.495	 1.321	  2.42	 2.354	 | 1.364 quantile
                      	 2.704	 2.015	 1.918	 1.897	 1.364	 1.494	  2.88	  2.74	 2.337	 2.895	 4.095	 3.799	 | 4.095 max

train losses    168:	0.2901	0.2903	 0.319	0.3099	0.2769	0.2843	0.2679	0.2694	0.3847	0.3786	0.3755	0.3716	
val losses      168:	 0.235	0.1957	0.2762	0.2796	  0.25	0.2535	0.2903	0.3012	 0.563	0.5332	 0.903	0.9057	 | 0.4155 mean
                     	0.6612	0.5075	0.7091	 0.733	0.6702	0.6684	0.7353	0.7621	  1.51	 1.332	 2.367	 2.335	 | 1.358 quantile
                      	 2.786	 2.077	 1.948	  1.92	 1.377	  1.53	 3.002	 2.848	 2.334	 3.003	 4.069	 3.744	 | 4.069 max

train losses    170:	0.2885	0.2896	0.3187	0.3099	0.2766	0.2804	0.2658	0.2679	0.3807	0.3839	0.3709	0.3658	
val losses      170:	0.2361	0.1969	0.2759	0.2792	0.2483	0.2543	0.2885	0.3009	 0.559	0.5258	 0.902	0.9037	 | 0.4142 mean
                     	0.6558	0.5112	0.7039	0.7288	0.6717	0.6654	0.7347	0.7656	 1.511	 1.303	 2.373	 2.341	 | 1.359 quantile
                      	 2.742	 2.052	 1.924	 1.908	 1.384	 1.546	 2.859	 2.704	 2.346	 2.898	 4.074	 3.701	 | 4.074 max

train losses    172:	0.2901	0.2878	 0.318	0.3092	0.2759	0.2811	0.2622	0.2631	0.3807	0.3787	0.3687	0.3621	
val losses      172:	0.2366	0.1971	0.2757	0.2792	0.2505	0.2571	0.2896	0.3016	0.5575	0.5273	0.8999	0.9023	 | 0.4145 mean
                     	0.6613	0.5203	0.7019	0.7343	0.6784	0.6746	0.7295	0.7617	 1.502	 1.319	 2.373	 2.316	 | 1.361 quantile
                      	   2.9	 2.171	 1.938	 1.921	 1.408	  1.54	 2.996	 2.829	 2.271	 2.975	 4.052	 3.693	 | 4.052 max

train losses    174:	0.2877	 0.289	0.3182	 0.309	0.2718	0.2799	0.2621	0.2624	0.3788	0.3802	0.3658	0.3624	
val losses      174:	0.2334	0.1937	0.2758	0.2791	0.2454	0.2524	0.2893	 0.303	0.5516	0.5193	0.9087	0.9108	 | 0.4136 mean
                     	0.6463	0.5096	0.7046	0.7274	0.6551	0.6562	0.7354	0.7729	 1.501	 1.308	 2.383	 2.364	 | 1.368 quantile
                      	 2.865	 2.149	 1.916	 1.894	 1.364	 1.461	  2.88	  2.72	 2.257	 3.051	 4.164	 3.803	 | 4.164 max

train losses    176:	0.2869	0.2884	0.3179	0.3087	0.2739	0.2783	0.2614	0.2619	 0.375	0.3777	0.3638	0.3571	
val losses      176:	0.2331	0.1959	0.2758	0.2792	0.2455	0.2523	0.2905	0.3018	0.5544	0.5243	 0.895	0.9001	 | 0.4123 mean
                     	0.6542	0.5159	 0.702	0.7309	0.6611	0.6641	0.7274	0.7586	 1.508	 1.315	 2.324	 2.313	 | 1.349 quantile
                      	 2.831	  2.13	 1.949	 1.888	 1.464	 1.424	 2.963	 2.802	 2.259	 2.979	  4.11	  3.75	 | 4.11 max

train losses    178:	0.2868	0.2868	0.3172	 0.308	0.2725	0.2753	0.2579	0.2581	0.3747	0.3744	0.3631	0.3568	
val losses      178:	0.2336	0.1954	0.2761	0.2794	0.2473	0.2502	0.2892	0.3019	0.5507	  0.52	0.9037	0.9057	 | 0.4128 mean
                     	0.6536	0.5101	0.7036	0.7287	0.6574	0.6608	  0.73	0.7655	   1.5	 1.298	 2.344	  2.32	 | 1.355 quantile
                      	 2.837	  2.18	 1.905	 1.862	 1.416	  1.46	 2.855	 2.712	  2.27	 2.917	 4.111	 3.748	 | 4.111 max

train losses    180:	0.2855	0.2846	0.3169	0.3079	0.2714	0.2765	0.2561	0.2569	0.3721	0.3739	 0.361	0.3537	
val losses      180:	0.2274	 0.191	0.2759	0.2794	 0.244	0.2489	0.2907	0.3014	0.5465	0.5157	0.9001	0.9052	 | 0.4105 mean
                     	0.6327	0.4998	0.7045	0.7278	 0.654	0.6575	0.7317	0.7607	  1.49	 1.289	 2.352	 2.333	 | 1.349 quantile
                      	 2.944	 2.288	  1.89	 1.861	  1.34	 1.471	 2.871	 2.721	 2.274	 2.915	 4.117	 3.744	 | 4.117 max

train losses    182:	0.2872	0.2855	 0.317	0.3078	0.2714	0.2731	0.2548	0.2561	0.3734	0.3754	0.3626	0.3571	
val losses      182:	0.2328	 0.195	0.2754	0.2789	0.2484	0.2514	0.2869	0.2992	0.5508	 0.519	0.8998	0.9047	 | 0.4119 mean
                     	0.6614	0.5095	0.7007	0.7288	0.6657	0.6615	0.7246	0.7551	 1.497	 1.304	 2.338	 2.327	 | 1.357 quantile
                      	 2.758	 2.087	 1.891	 1.875	 1.409	 1.489	 2.908	  2.74	 2.278	   2.9	 4.063	 3.704	 | 4.063 max

train losses    184:	0.2855	 0.285	 0.317	0.3075	0.2694	0.2744	0.2557	0.2566	0.3717	0.3752	0.3607	0.3543	
val losses      184:	0.2319	0.1936	0.2756	 0.279	0.2471	0.2501	0.2879	   0.3	0.5532	0.5182	 0.911	0.9107	 | 0.4132 mean
                     	0.6505	0.5059	0.7008	0.7276	0.6711	0.6735	0.7292	0.7555	   1.5	 1.313	 2.369	 2.329	 | 1.364 quantile
                      	 2.809	  2.15	 1.889	 1.881	 1.387	 1.542	 2.797	 2.636	 2.286	 2.861	  4.14	 3.799	 | 4.14 max

train losses    186:	0.2874	0.2844	0.3166	0.3072	0.2699	0.2717	 0.255	0.2555	0.3787	0.3794	0.3535	0.3489	
val losses      186:	0.2326	0.1939	0.2759	 0.279	0.2485	0.2509	0.2902	0.3011	0.5569	0.5207	 0.894	0.8984	 | 0.4118 mean
                     	 0.654	0.5102	0.7025	0.7304	0.6697	0.6647	0.7316	0.7593	 1.497	 1.318	 2.312	 2.282	 | 1.353 quantile
                      	 2.771	 2.117	 1.891	 1.894	  1.38	 1.566	 2.759	 2.619	 2.251	 2.912	 4.069	 3.697	 | 4.069 max

train losses    188:	0.2839	0.2848	0.3166	0.3074	0.2668	0.2735	0.2513	 0.251	0.3815	0.3836	0.3591	0.3539	
val losses      188:	0.2274	0.1917	0.2755	 0.279	0.2441	0.2485	0.2886	0.3002	0.5548	  0.52	0.8977	0.9006	 | 0.4107 mean
                     	0.6383	0.4988	0.7008	0.7285	0.6513	0.6536	0.7299	 0.761	 1.499	 1.311	 2.344	 2.298	 | 1.349 quantile
                      	  2.99	 2.368	 1.882	 1.863	 1.342	 1.523	 2.788	 2.629	 2.284	 2.819	  4.11	 3.746	 | 4.11 max

train losses    190:	0.2827	0.2843	 0.316	0.3068	0.2682	0.2743	0.2534	0.2527	0.4014	0.4038	0.3651	0.3595	
val losses      190:	0.2326	 0.197	0.2756	0.2788	0.2494	0.2523	0.2883	0.3004	 0.567	0.5333	0.8895	 0.895	 | 0.4133 mean
                     	0.6519	0.5092	0.7032	0.7264	0.6692	0.6725	0.7342	0.7625	 1.515	  1.34	 2.288	  2.28	 | 1.342 quantile
                      	 2.884	 2.285	 1.881	 1.861	 1.421	 1.535	  2.79	 2.618	 2.354	 2.522	 3.976	 3.616	 | 3.976 max

train losses    192:	0.2826	0.2834	0.3152	 0.306	0.2686	0.2754	0.2523	0.2535	0.4229	0.4285	0.3853	0.3822	
val losses      192:	0.2312	0.1948	0.2755	0.2789	0.2489	 0.253	0.2896	0.2994	0.5752	0.5336	0.8908	0.8972	 | 0.414 mean
                     	 0.654	0.5139	0.7001	0.7238	0.6633	0.6672	0.7264	0.7582	 1.525	 1.365	   2.3	 2.287	 | 1.351 quantile
                      	 2.786	 2.191	 1.882	 1.863	 1.423	 1.633	 2.816	 2.657	 2.382	 2.618	 3.962	 3.633	 | 3.962 max

train losses    194:	0.2833	0.2854	0.3156	0.3066	0.2697	0.2778	0.2516	0.2522	 0.461	0.4698	0.4277	0.4238	
val losses      194:	0.2301	0.1936	0.2756	 0.279	0.2451	0.2506	 0.293	0.3022	  0.59	 0.544	 0.895	0.9027	 | 0.4167 mean
                     	0.6426	0.5069	0.7064	0.7277	0.6637	0.6699	0.7226	0.7613	 1.558	 1.435	 2.311	 2.325	 | 1.371 quantile
                      	 2.962	 2.265	 1.901	 1.887	 1.393	 1.521	 2.951	 2.772	 2.512	 2.513	 3.958	 3.679	 | 3.958 max

train losses    196:	0.2842	0.2855	0.3154	0.3063	0.2715	0.2801	0.2538	0.2543	0.4782	0.4888	0.4381	0.4335	
val losses      196:	0.2277	0.1929	0.2754	 0.279	0.2447	0.2475	0.2916	0.3023	 0.561	0.5189	0.9089	 0.909	 | 0.4132 mean
                     	0.6405	0.5029	0.7039	0.7295	0.6584	0.6458	0.7303	0.7646	 1.523	  1.32	 2.357	  2.35	 | 1.367 quantile
                      	   2.9	 2.207	 1.895	 1.837	 1.419	 1.509	 2.913	 2.755	 2.458	 2.985	 4.032	 3.684	 | 4.032 max

train losses    198:	0.2869	0.2839	0.3158	0.3065	0.2719	0.2765	 0.257	0.2582	0.4897	0.5018	0.4337	0.4262	
val losses      198:	0.2305	0.1896	0.2752	0.2791	0.2443	0.2506	0.2892	0.3011	0.5528	0.5212	0.9179	0.9129	 | 0.4137 mean
                     	0.6455	0.4995	0.7067	 0.731	0.6724	0.6629	0.7198	0.7625	 1.495	 1.271	 2.367	 2.364	 | 1.35 quantile
                      	 2.927	 2.213	 1.926	 1.859	 1.378	 1.429	 2.827	 2.675	 2.202	 3.093	 4.313	 3.978	 | 4.313 max

train losses    200:	0.2879	0.2841	0.3159	0.3062	0.2772	0.2804	0.2642	0.2671	0.4588	0.4681	0.4078	0.4038	
val losses      200:	0.2357	 0.195	0.2752	0.2789	0.2496	0.2536	0.2882	0.3006	0.5693	0.5388	0.9169	0.9117	 | 0.4178 mean
                     	0.6637	0.5146	0.7034	0.7291	0.6816	0.6595	0.7295	0.7693	 1.457	 1.316	 2.312	 2.279	 | 1.358 quantile
                      	 2.811	 2.158	 1.914	  1.87	 1.482	 1.377	 2.823	  2.63	 2.216	 3.089	 3.999	 3.652	 | 3.999 max

train losses    202:	0.2872	  0.29	0.3161	0.3069	0.2813	0.2829	0.2679	0.2692	0.3981	0.4122	0.4321	0.4214	
val losses      202:	0.2328	0.1951	0.2756	0.2792	0.2443	0.2494	0.2889	 0.302	0.5528	0.5236	0.8894	0.8943	 | 0.4106 mean
                     	 0.657	0.5149	0.7031	0.7327	0.6504	0.6589	0.7358	0.7692	 1.483	 1.338	 2.359	 2.304	 | 1.337 quantile
                      	 2.988	 2.436	 1.899	 1.841	 1.346	 1.421	 2.916	 2.754	 2.223	 2.961	  4.08	 3.729	 | 4.08 max

train losses    204:	0.2852	0.2866	0.3159	0.3067	0.2748	0.2822	0.2625	0.2641	 0.389	0.3979	0.4469	0.4406	
val losses      204:	0.2293	0.1922	0.2755	0.2797	0.2377	0.2488	0.2954	0.3062	0.5529	0.5227	0.9091	0.9049	 | 0.4129 mean
                     	0.6386	0.5031	0.7049	0.7296	0.6313	0.6653	 0.737	0.7826	 1.483	 1.311	 2.383	 2.333	 | 1.353 quantile
                      	 2.901	 2.317	 1.904	 1.876	 1.287	 1.437	 2.942	 2.829	  2.31	 3.342	 4.131	  4.06	 | 4.131 max

train losses    206:	0.2852	0.2851	 0.315	 0.306	0.2733	0.2749	0.2558	0.2567	0.3969	0.4006	0.4065	0.4001	
val losses      206:	0.2254	0.1925	0.2754	0.2791	0.2427	0.2475	  0.29	0.3021	 0.542	0.5114	0.8847	0.8912	 | 0.407 mean
                     	0.6236	0.4983	0.7046	0.7262	0.6588	0.6647	0.7326	0.7742	 1.496	 1.291	 2.363	 2.299	 | 1.328 quantile
                      	  3.07	 2.464	 1.882	 1.859	 1.384	 1.637	 2.826	  2.69	 2.246	 3.207	  4.17	 3.815	 | 4.17 max

train losses    208:	0.2853	0.2825	0.3148	0.3056	0.2686	0.2731	0.2514	 0.253	0.3861	0.3881	0.3823	0.3777	
val losses      208:	0.2293	0.1907	0.2753	0.2789	0.2406	 0.249	0.2865	0.2989	 0.544	0.5156	0.9076	0.9073	 | 0.4103 mean
                     	0.6363	0.5008	0.7003	0.7293	0.6519	0.6508	0.7283	0.7661	 1.485	 1.297	 2.373	  2.27	 | 1.342 quantile
                      	 3.054	 2.477	 1.851	 1.854	 1.367	 1.355	 2.772	 2.591	 2.223	 3.148	 4.052	 3.968	 | 4.052 max

train losses    210:	0.2835	0.2793	0.3144	 0.305	0.2704	0.2737	0.2466	0.2478	0.3746	0.3742	0.3679	0.3615	
val losses      210:	0.2287	0.1929	0.2748	0.2786	0.2454	0.2492	0.2872	   0.3	0.5468	0.5182	0.8874	 0.892	 | 0.4084 mean
                     	0.6399	0.5032	0.6995	 0.724	0.6585	0.6802	0.7311	 0.768	 1.483	 1.279	  2.34	   2.3	 | 1.336 quantile
                      	 2.819	 2.241	 1.863	 1.791	 1.415	 1.545	 2.763	 2.574	 2.317	 3.128	 4.081	  3.75	 | 4.081 max

train losses    212:	0.2801	0.2809	0.3143	0.3049	0.2654	0.2724	0.2456	0.2465	0.3674	0.3724	0.3464	0.3395	
val losses      212:	0.2288	0.1905	0.2749	0.2787	0.2407	 0.244	0.2901	0.3024	 0.547	0.5195	0.9037	 0.905	 | 0.4104 mean
                     	0.6457	0.4976	0.6961	0.7233	0.6361	0.6511	0.7401	0.7785	 1.497	 1.272	 2.392	 2.362	 | 1.35 quantile
                      	 2.993	 2.347	 1.862	 1.824	 1.335	 1.481	 2.812	 2.626	  2.36	 3.136	 4.202	  3.87	 | 4.202 max

train losses    214:	  0.28	0.2783	0.3139	0.3046	0.2634	0.2702	0.2432	0.2426	0.3655	0.3675	0.3471	0.3404	
val losses      214:	0.2293	0.1903	0.2747	 0.279	0.2466	0.2463	0.2901	0.3025	0.5466	0.5168	 0.904	0.9054	 | 0.411 mean
                     	0.6373	0.5042	0.7009	0.7266	0.6597	0.6597	0.7385	 0.764	 1.506	 1.284	  2.38	 2.358	 | 1.362 quantile
                      	 3.087	 2.425	 1.865	 1.853	 1.347	 1.503	  2.91	  2.72	 2.327	 3.202	 4.159	 3.833	 | 4.159 max

train losses    216:	0.2813	0.2799	 0.313	0.3035	 0.264	0.2678	0.2405	0.2399	 0.359	0.3608	0.3434	0.3358	
val losses      216:	0.2279	0.1915	0.2748	0.2785	0.2423	 0.244	0.2914	0.3032	0.5508	0.5222	0.9007	0.9027	 | 0.4108 mean
                     	0.6312	0.4974	0.6985	0.7254	0.6559	0.6465	0.7315	0.7637	 1.501	 1.313	 2.372	 2.327	 | 1.357 quantile
                      	 2.926	 2.287	 1.879	 1.859	 1.323	 1.447	 2.829	 2.658	 2.279	 3.176	 4.073	 3.749	 | 4.073 max

train losses    218:	0.2789	0.2781	0.3134	0.3039	0.2606	 0.268	 0.239	0.2401	0.3558	0.3594	0.3399	0.3371	
val losses      218:	0.2252	0.1907	0.2749	0.2786	0.2412	0.2458	0.2918	0.3029	0.5486	0.5194	 0.895	0.8964	 | 0.4092 mean
                     	0.6215	 0.495	0.7016	0.7255	 0.645	0.6545	0.7291	0.7629	 1.491	 1.305	 2.365	 2.316	 | 1.348 quantile
                      	 3.013	 2.369	 1.844	 1.864	 1.317	 1.422	 2.843	 2.698	 2.287	 3.109	 4.141	 3.796	 | 4.141 max

train losses    220:	 0.277	0.2786	0.3131	0.3035	0.2611	0.2649	0.2387	0.2389	0.3567	0.3578	0.3394	0.3356	
val losses      220:	 0.227	0.1901	 0.275	0.2788	  0.24	0.2441	 0.294	0.3047	0.5506	 0.522	0.8954	0.8977	 | 0.41 mean
                     	 0.626	0.5002	0.7029	0.7285	 0.639	0.6546	0.7376	0.7635	 1.498	 1.305	 2.372	 2.326	 | 1.348 quantile
                      	 2.889	 2.285	 1.895	 1.919	 1.293	 1.474	 2.955	 2.786	   2.3	 3.242	 4.175	 3.834	 | 4.175 max

train losses    222:	0.2768	0.2761	0.3129	0.3033	0.2613	0.2665	 0.238	0.2379	0.3532	0.3568	0.3388	 0.336	
val losses      222:	0.2236	0.1881	0.2749	 0.279	0.2371	0.2409	0.2933	0.3045	 0.551	0.5215	0.8907	 0.895	 | 0.4083 mean
                     	0.6205	0.4913	0.6996	0.7296	0.6357	0.6443	0.7331	0.7676	 1.494	 1.306	 2.385	 2.322	 | 1.339 quantile
                      	 2.961	 2.335	 1.904	 1.897	 1.283	 1.425	 2.949	 2.831	 2.233	 3.246	 4.136	 3.804	 | 4.136 max

train losses    224:	 0.276	0.2749	0.3121	0.3022	0.2616	 0.265	0.2355	 0.236	 0.354	0.3547	0.3341	0.3294	
val losses      224:	0.2195	 0.186	0.2746	0.2788	0.2388	0.2438	0.2939	0.3053	0.5484	 0.519	0.8904	0.8948	 | 0.4078 mean
                     	0.6031	0.4908	0.7017	0.7259	0.6479	0.6451	0.7287	 0.769	 1.492	 1.307	 2.367	 2.324	 | 1.343 quantile
                      	 2.926	 2.306	 1.884	 1.866	 1.294	 1.423	 2.957	 2.772	 2.253	 3.278	 4.109	 3.778	 | 4.109 max

train losses    226:	0.2775	0.2751	0.3118	0.3023	0.2623	0.2636	0.2349	0.2345	0.3575	0.3509	0.3366	0.3315	
val losses      226:	0.2219	0.1871	0.2748	0.2787	0.2381	0.2408	0.2921	0.3032	 0.547	0.5193	0.8957	0.8976	 | 0.408 mean
                     	0.6186	0.4888	0.6986	0.7254	0.6433	0.6418	0.7274	0.7684	 1.491	 1.305	 2.369	  2.31	 | 1.346 quantile
                      	 2.931	 2.346	 1.865	 1.853	 1.255	 1.414	 2.835	 2.648	 2.247	 3.189	 4.132	 3.812	 | 4.132 max

train losses    228:	0.2759	0.2752	0.3113	0.3009	0.2605	0.2627	 0.234	0.2344	0.3549	0.3545	0.3325	0.3276	
val losses      228:	0.2232	0.1882	0.2746	0.2785	0.2391	0.2413	0.2944	0.3046	0.5522	0.5213	0.8965	0.8997	 | 0.4095 mean
                     	0.6191	0.4914	0.6979	0.7253	0.6401	0.6381	0.7296	0.7638	 1.515	 1.325	 2.372	 2.318	 | 1.343 quantile
                      	  2.94	 2.303	  1.89	 1.882	 1.331	 1.341	 2.987	 2.789	 2.339	 3.189	 4.162	 3.847	 | 4.162 max

train losses    230:	0.2766	0.2762	0.3118	0.3025	0.2598	0.2632	0.2343	0.2341	0.3504	0.3494	0.3367	0.3326	
val losses      230:	0.2243	0.1876	0.2742	 0.278	0.2407	0.2431	0.2924	0.3035	0.5506	0.5174	0.9002	0.8998	 | 0.4093 mean
                     	0.6245	0.4913	0.6984	0.7271	0.6471	0.6452	0.7302	0.7658	 1.492	 1.299	 2.371	 2.327	 | 1.344 quantile
                      	 2.871	 2.237	 1.855	 1.881	 1.382	 1.365	 2.934	 2.731	 2.277	 3.126	 4.145	 3.831	 | 4.145 max

train losses    232:	0.2745	0.2739	0.3111	0.3014	0.2607	0.2623	0.2326	0.2323	0.3553	0.3494	0.3333	0.3316	
val losses      232:	0.2204	0.1852	0.2741	 0.278	 0.242	0.2453	0.2905	0.3016	0.5447	0.5162	0.9017	0.9038	 | 0.4086 mean
                     	 0.606	0.4892	0.7001	0.7258	0.6521	0.6574	0.7312	0.7639	 1.495	 1.301	 2.373	 2.341	 | 1.347 quantile
                      	 3.028	 2.406	 1.858	 1.863	 1.329	 1.351	 2.882	 2.691	 2.189	 3.144	 4.147	 3.839	 | 4.147 max

train losses    234:	0.2736	0.2735	0.3109	0.3014	0.2557	0.2605	0.2331	0.2336	0.3477	0.3516	0.3343	0.3293	
val losses      234:	0.2218	0.1867	0.2739	0.2779	0.2382	0.2428	0.2897	0.3005	0.5472	0.5197	 0.888	 0.892	 | 0.4065 mean
                     	0.6112	0.4902	0.6982	0.7232	0.6463	0.6398	0.7144	0.7655	 1.498	 1.298	  2.34	 2.283	 | 1.337 quantile
                      	 2.916	 2.328	 1.858	 1.854	 1.271	  1.31	 2.904	 2.707	 2.232	 3.135	 4.051	 3.754	 | 4.051 max

train losses    236:	0.2743	0.2735	0.3103	0.3005	0.2586	 0.261	0.2315	0.2321	0.3512	0.3543	0.3327	0.3278	
val losses      236:	0.2173	0.1826	 0.274	0.2785	0.2344	  0.24	0.2887	0.2997	0.5439	 0.516	 0.891	 0.894	 | 0.405 mean
                     	0.5915	0.4738	0.7012	 0.722	0.6275	0.6417	 0.723	0.7639	 1.496	 1.295	 2.342	 2.297	 | 1.334 quantile
                      	  3.15	 2.586	 1.843	 1.832	 1.326	 1.505	 2.807	 2.642	 2.228	 3.236	 4.081	 3.778	 | 4.081 max

train losses    238:	0.2751	0.2738	0.3107	0.3005	 0.259	0.2616	0.2291	0.2289	0.3555	0.3499	 0.332	0.3279	
val losses      238:	0.2194	0.1836	0.2741	0.2782	0.2359	0.2408	0.2886	0.3002	0.5492	0.5212	0.8919	0.8961	 | 0.4066 mean
                     	0.5983	0.4788	0.6982	0.7263	0.6294	0.6461	0.7255	0.7571	 1.502	 1.303	 2.344	 2.292	 | 1.338 quantile
                      	 3.003	 2.433	  1.82	 1.843	 1.288	 1.493	 2.824	 2.707	 2.236	 3.238	 4.036	 3.723	 | 4.036 max

train losses    240:	0.2744	0.2712	0.3101	0.3006	0.2577	0.2617	0.2299	0.2294	0.3547	0.3533	0.3324	0.3285	
val losses      240:	0.2213	0.1853	0.2738	0.2781	0.2417	 0.244	  0.29	0.3018	0.5523	0.5232	0.8965	0.9009	 | 0.4091 mean
                     	0.6034	0.4911	0.6989	 0.729	0.6574	0.6582	0.7324	0.7664	 1.487	 1.338	 2.351	 2.323	 | 1.343 quantile
                      	 3.006	 2.376	 1.855	 1.862	 1.377	 1.481	 2.867	  2.71	  2.42	 3.208	  4.08	 3.785	 | 4.08 max

train losses    242:	0.2734	0.2724	0.3099	0.3002	0.2554	0.2604	0.2301	0.2285	0.3553	0.3526	0.3349	0.3291	
val losses      242:	0.2213	0.1865	 0.274	0.2784	0.2406	0.2441	0.2891	0.3007	0.5502	0.5192	0.8996	0.9029	 | 0.4089 mean
                     	0.6029	 0.489	0.6992	0.7292	0.6517	0.6495	0.7218	0.7552	 1.482	 1.331	 2.348	 2.317	 | 1.339 quantile
                      	 3.105	 2.485	  1.87	 1.869	 1.386	 1.429	 2.834	 2.683	 2.412	 3.079	 4.028	 3.784	 | 4.028 max

train losses    244:	 0.272	0.2705	0.3089	0.2995	0.2572	0.2612	0.2291	0.2292	0.3523	0.3524	 0.335	0.3309	
val losses      244:	0.2217	0.1861	 0.274	0.2783	0.2398	0.2432	0.2927	0.3041	0.5531	  0.52	0.8956	0.9009	 | 0.4091 mean
                     	0.6113	0.4915	0.6994	  0.73	 0.649	 0.647	0.7234	0.7547	 1.497	 1.332	 2.364	 2.332	 | 1.346 quantile
                      	 2.934	   2.3	 1.869	 1.852	  1.37	 1.408	 2.982	 2.862	 2.335	 3.097	 4.065	 3.789	 | 4.065 max

train losses    246:	0.2727	0.2704	0.3092	0.2992	0.2557	0.2597	0.2306	0.2288	0.3525	 0.351	0.3339	0.3292	
val losses      246:	0.2208	0.1841	0.2736	0.2781	0.2419	0.2435	0.2906	0.3025	0.5568	0.5233	0.8991	0.9014	 | 0.4096 mean
                     	0.6101	0.4841	0.6976	0.7303	0.6527	0.6516	0.7183	0.7536	  1.49	 1.333	 2.378	 2.347	 | 1.339 quantile
                      	 3.036	  2.48	 1.871	 1.854	 1.419	 1.348	 2.966	 2.763	 2.244	 3.129	 4.083	 3.781	 | 4.083 max

train losses    248:	 0.272	0.2705	0.3086	0.2988	0.2569	 0.259	0.2299	0.2295	0.3539	0.3555	0.3328	0.3299	
val losses      248:	0.2236	 0.187	0.2739	 0.278	0.2413	0.2452	0.2944	0.3052	0.5516	0.5208	 0.902	0.9044	 | 0.4106 mean
                     	0.6106	0.4949	0.6952	0.7269	0.6497	0.6593	0.7289	0.7605	 1.502	 1.315	 2.377	 2.337	 | 1.338 quantile
                      	 3.096	 2.496	 1.866	 1.877	 1.456	 1.397	 2.991	 2.781	  2.25	 3.093	 4.181	 3.874	 | 4.181 max

train losses    250:	0.2733	0.2683	0.3079	0.2985	0.2573	0.2572	 0.228	0.2277	 0.356	0.3569	0.3323	0.3277	
val losses      250:	0.2163	0.1807	 0.273	0.2776	0.2324	 0.239	0.2893	0.3005	0.5417	0.5107	0.8998	0.9038	 | 0.4054 mean
                     	0.5898	 0.475	0.6949	0.7219	0.6239	0.6431	0.7162	0.7576	 1.472	 1.297	 2.376	 2.339	 | 1.331 quantile
                      	 3.223	 2.626	 1.817	 1.822	 1.272	 1.588	 2.835	 2.634	 2.275	 3.035	 4.224	 3.903	 | 4.224 max

train losses    252:	0.2726	0.2688	0.3084	0.2985	0.2598	0.2592	0.2272	 0.228	0.3592	0.3602	 0.337	0.3345	
val losses      252:	0.2197	0.1851	0.2734	0.2779	 0.239	0.2401	0.2865	0.2984	0.5426	0.5134	0.9057	0.9053	 | 0.4073 mean
                     	0.6071	0.4838	0.6957	0.7195	0.6482	 0.636	0.7203	0.7548	 1.484	 1.272	  2.37	 2.343	 | 1.336 quantile
                      	 3.064	 2.499	 1.798	 1.835	 1.252	 1.543	 2.741	 2.582	 2.268	 3.098	 4.187	 3.895	 | 4.187 max

train losses    254:	0.2716	0.2681	0.3081	0.2981	0.2593	0.2571	0.2314	0.2332	0.3623	0.3599	0.3404	 0.336	
val losses      254:	0.2128	0.1815	0.2738	0.2781	0.2322	0.2373	0.2872	0.2998	0.5337	0.5024	0.9055	0.9075	 | 0.4043 mean
                     	0.5879	0.4732	0.6962	0.7239	0.6195	0.6469	0.7384	  0.77	  1.49	 1.268	 2.388	 2.339	 | 1.337 quantile
                      	 3.163	 2.603	 1.751	 1.781	 1.452	 1.854	 2.813	 2.565	 2.303	 3.137	 4.166	 3.879	 | 4.166 max

train losses    256:	0.2728	0.2692	0.3079	 0.298	0.2595	 0.258	 0.231	0.2323	0.3583	 0.356	0.3366	0.3321	
val losses      256:	0.2135	0.1829	0.2733	0.2775	0.2349	0.2368	0.2881	0.2989	0.5394	0.5112	0.8924	0.8963	 | 0.4038 mean
                     	0.5896	0.4805	0.6967	0.7234	0.6238	0.6407	0.7193	0.7571	 1.488	 1.286	 2.354	  2.32	 | 1.335 quantile
                      	 3.159	 2.548	 1.788	 1.847	 1.366	 1.731	  2.77	 2.591	 2.279	 3.269	 4.082	 3.788	 | 4.082 max

train losses    258:	0.2708	0.2699	0.3079	0.2978	0.2573	0.2596	0.2278	0.2256	0.3525	0.3551	0.3374	0.3311	
val losses      258:	0.2102	0.1821	0.2732	0.2774	0.2337	0.2363	 0.288	0.2991	0.5384	0.5103	 0.887	0.8909	 | 0.4022 mean
                     	0.5709	0.4738	0.6979	0.7233	0.6196	0.6276	0.7124	0.7515	 1.483	 1.277	 2.337	 2.291	 | 1.326 quantile
                      	 3.436	  2.82	 1.798	 1.841	 1.403	 1.794	 2.803	  2.65	   2.3	 3.202	  4.03	 3.731	 | 4.03 max

train losses    260:	0.2718	0.2684	0.3073	0.2968	0.2578	0.2572	0.2264	0.2273	0.3509	0.3467	0.3432	0.3347	
val losses      260:	0.2179	0.1846	0.2737	0.2776	0.2329	0.2369	0.2916	0.3012	0.5373	0.5097	0.8852	0.8892	 | 0.4031 mean
                     	0.5925	0.4825	0.6981	0.7268	0.6255	0.6312	0.7204	0.7544	 1.477	  1.28	 2.309	 2.291	 | 1.325 quantile
                      	 3.202	 2.669	 1.791	  1.88	 1.271	 1.524	 2.951	 2.794	 2.204	 3.212	 4.021	 3.725	 | 4.021 max

train losses    262:	0.2707	0.2654	 0.307	0.2966	0.2575	0.2563	0.2257	0.2263	0.3478	0.3467	0.3478	0.3422	
val losses      262:	 0.215	 0.183	0.2736	0.2779	0.2326	0.2361	0.2924	 0.302	0.5407	0.5135	0.8876	 0.892	 | 0.4039 mean
                     	0.5829	0.4756	0.6962	0.7266	0.6341	0.6293	0.7238	 0.761	 1.485	 1.293	 2.343	 2.323	 | 1.329 quantile
                      	 2.945	 2.385	 1.774	 1.857	 1.286	 1.513	 3.014	   2.8	  2.24	 3.199	 4.051	 3.736	 | 4.051 max

train losses    264:	0.2708	0.2671	0.3062	0.2958	 0.258	0.2579	0.2291	 0.231	0.3487	0.3458	0.3513	0.3466	
val losses      264:	0.2177	0.1848	0.2734	0.2774	0.2368	0.2382	0.2944	0.3042	0.5439	0.5137	0.8921	0.8979	 | 0.4062 mean
                     	0.5948	0.4832	0.6944	 0.726	 0.644	0.6301	 0.731	0.7603	 1.494	  1.31	 2.356	 2.325	 | 1.339 quantile
                      	 2.927	 2.377	 1.817	 1.869	   1.4	 1.481	 3.064	 2.856	 2.252	 3.168	 4.059	 3.741	 | 4.059 max

train losses    266:	0.2696	 0.266	 0.306	0.2963	0.2557	0.2582	0.2262	 0.225	0.3425	0.3428	0.3563	0.3513	
val losses      266:	0.2167	0.1845	0.2734	0.2773	0.2413	0.2459	0.2935	0.3029	0.5483	0.5154	0.8978	 0.901	 | 0.4082 mean
                     	0.5918	0.4855	0.6955	0.7262	0.6649	0.6494	0.7278	0.7617	 1.507	 1.312	 2.354	 2.328	 | 1.34 quantile
                      	 2.899	 2.317	 1.811	 1.864	 1.475	  1.36	 3.021	 2.806	 2.258	 3.138	 4.104	 3.801	 | 4.104 max

train losses    268:	0.2685	0.2669	0.3059	0.2955	0.2543	0.2571	0.2238	0.2233	0.3486	0.3466	0.3504	0.3467	
val losses      268:	0.2216	0.1878	0.2734	0.2772	0.2473	0.2469	0.2893	0.2996	0.5545	0.5219	0.8998	0.9032	 | 0.4102 mean
                     	0.6134	0.4967	0.6941	0.7261	 0.681	 0.663	 0.727	0.7564	 1.515	 1.308	  2.36	  2.33	 | 1.349 quantile
                      	 2.866	 2.304	 1.772	 1.864	 1.491	 1.434	 2.889	 2.684	   2.3	 3.096	 4.113	 3.802	 | 4.113 max

train losses    270:	0.2675	0.2679	0.3048	0.2955	0.2533	0.2577	0.2209	0.2207	0.3523	0.3514	 0.344	0.3405	
val losses      270:	0.2211	 0.185	 0.273	0.2772	 0.242	0.2421	0.2924	 0.302	 0.552	0.5199	0.9074	0.9089	 | 0.4103 mean
                     	0.6092	0.4953	0.6922	0.7283	0.6552	0.6469	0.7203	0.7576	 1.512	  1.33	 2.384	  2.35	 | 1.351 quantile
                      	 2.785	 2.275	 1.748	 1.868	 1.398	 1.372	 2.937	 2.736	 2.256	 3.103	 4.134	 3.834	 | 4.134 max

train losses    272:	0.2656	0.2671	0.3052	0.2945	0.2504	0.2598	0.2212	0.2201	0.3563	 0.362	0.3327	0.3311	
val losses      272:	0.2237	0.1865	0.2725	0.2764	 0.246	0.2449	0.2892	0.2999	0.5623	0.5299	0.9087	0.9092	 | 0.4124 mean
                     	0.6232	0.5011	0.6927	0.7265	0.6645	0.6601	 0.713	0.7499	 1.524	 1.326	 2.366	 2.357	 | 1.35 quantile
                      	  2.77	 2.286	 1.724	 1.868	 1.469	 1.406	 2.821	 2.647	 2.317	 3.004	 4.113	 3.819	 | 4.113 max

train losses    274:	0.2652	0.2716	0.3051	0.2946	0.2537	0.2612	0.2239	0.2212	 0.361	0.3667	0.3354	0.3299	
val losses      274:	0.2259	0.1882	0.2727	0.2766	0.2446	0.2426	0.2904	0.3002	 0.557	0.5215	 0.897	0.8984	 | 0.4096 mean
                     	0.6242	0.5053	0.6929	0.7247	0.6568	0.6603	0.7169	0.7533	 1.516	 1.345	 2.342	 2.316	 | 1.346 quantile
                      	 2.815	 2.337	 1.768	 1.875	 1.512	 1.433	 2.848	 2.659	 2.304	 3.092	 4.106	 3.797	 | 4.106 max

train losses    276:	0.2642	0.2672	0.3049	0.2949	0.2533	0.2607	0.2254	0.2234	0.3611	0.3645	0.3325	 0.329	
val losses      276:	0.2186	0.1854	0.2727	0.2771	0.2428	0.2419	0.2886	0.2992	0.5565	0.5205	0.8975	0.8964	 | 0.4081 mean
                     	 0.598	0.4885	0.6947	0.7258	 0.652	0.6357	0.7184	0.7495	  1.53	 1.341	  2.36	  2.33	 | 1.348 quantile
                      	 3.105	 2.635	 1.729	 1.856	 1.393	 1.475	  2.89	 2.685	 2.308	 3.071	 4.144	 3.843	 | 4.144 max

train losses    278:	0.2637	0.2687	0.3044	0.2941	0.2516	0.2555	0.2248	0.2207	0.3604	0.3656	0.3278	0.3217	
val losses      278:	0.2119	0.1823	0.2726	 0.277	0.2377	0.2393	0.2896	0.3005	0.5468	0.5155	0.8877	0.8903	 | 0.4043 mean
                     	0.5773	0.4747	0.6933	0.7292	0.6289	0.6327	0.7117	0.7531	  1.52	 1.306	 2.342	 2.297	 | 1.323 quantile
                      	 3.196	 2.745	 1.721	  1.83	 1.302	 1.759	 2.782	 2.594	 2.319	 2.997	 4.142	 3.833	 | 4.142 max

train losses    280:	0.2629	0.2666	0.3044	0.2938	0.2504	0.2569	0.2215	0.2201	0.3539	0.3526	0.3216	0.3195	
val losses      280:	 0.211	0.1804	0.2722	0.2768	0.2304	0.2341	0.2896	0.2995	0.5422	0.5119	0.8862	0.8885	 | 0.4019 mean
                     	0.5762	0.4763	0.6957	0.7249	0.6146	0.6292	0.7077	0.7462	  1.49	  1.29	 2.355	 2.285	 | 1.324 quantile
                      	 3.121	 2.655	 1.728	 1.856	 1.272	 1.742	 2.767	 2.561	 2.333	 3.125	 4.096	 3.795	 | 4.096 max

train losses    282:	0.2656	 0.265	0.3031	0.2928	0.2519	 0.254	0.2189	0.2198	0.3522	0.3512	0.3268	0.3227	
val losses      282:	0.2057	0.1795	0.2724	0.2772	0.2295	0.2335	0.2898	0.3008	0.5347	0.5103	0.8881	0.8901	 | 0.401 mean
                     	0.5557	0.4656	0.6955	0.7273	0.6142	0.6369	  0.71	0.7505	 1.459	 1.248	 2.337	 2.271	 | 1.311 quantile
                      	 3.361	 2.879	 1.721	  1.87	 1.461	 1.922	 2.721	 2.558	 2.245	 3.277	 4.056	 3.733	 | 4.056 max

train losses    284:	0.2658	0.2638	0.3027	0.2918	 0.255	0.2521	0.2212	0.2216	0.3595	0.3529	0.3244	0.3205	
val losses      284:	0.2111	0.1814	0.2721	0.2769	0.2333	0.2365	0.2884	0.2983	0.5342	0.5094	0.8791	0.8821	 | 0.4002 mean
                     	 0.575	0.4743	0.6968	0.7281	0.6314	0.6351	0.7174	0.7546	  1.45	 1.288	  2.27	 2.253	 | 1.311 quantile
                      	 3.036	 2.587	 1.719	 1.866	 1.321	 1.652	 2.767	 2.578	 2.246	 3.238	 3.981	 3.678	 | 3.981 max

train losses    286:	0.2652	0.2621	0.3028	0.2927	0.2531	0.2529	0.2195	0.2214	0.3644	0.3634	0.3287	0.3235	
val losses      286:	0.2134	0.1823	0.2719	0.2763	0.2344	0.2361	0.2894	0.2992	0.5476	0.5204	0.8873	0.8913	 | 0.4041 mean
                     	0.5826	0.4791	0.6947	0.7253	0.6344	0.6354	0.7142	0.7487	 1.478	 1.332	 2.323	 2.286	 | 1.327 quantile
                      	  2.97	 2.478	 1.717	 1.867	 1.355	 1.602	 2.853	 2.663	 2.266	 3.291	  4.01	 3.701	 | 4.01 max

train losses    288:	0.2639	0.2635	0.3025	0.2918	0.2521	0.2537	0.2198	0.2193	0.3629	0.3633	0.3243	0.3218	
val losses      288:	0.2169	0.1845	0.2718	0.2764	0.2429	 0.246	0.2901	0.3002	0.5621	0.5354	 0.897	 0.898	 | 0.4101 mean
                     	0.5991	0.4878	0.6938	0.7269	0.6694	0.6637	0.7139	0.7463	 1.482	 1.345	 2.357	 2.323	 | 1.343 quantile
                      	  2.85	 2.401	 1.728	 1.921	 1.486	 1.424	 2.933	  2.71	 2.267	 3.155	 4.096	 3.793	 | 4.096 max

train losses    290:	0.2645	0.2653	0.3024	0.2914	0.2545	0.2575	0.2198	0.2181	0.3594	0.3615	0.3244	0.3211	
val losses      290:	0.2142	0.1825	0.2717	0.2763	0.2411	0.2408	0.2907	0.3006	0.5656	0.5363	0.8958	0.8993	 | 0.4096 mean
                     	0.5878	0.4869	0.6932	0.7275	0.6664	0.6495	0.7245	0.7564	 1.512	 1.392	  2.33	 2.307	 | 1.347 quantile
                      	 2.939	 2.417	 1.752	 1.899	 1.398	 1.423	 2.959	 2.738	 2.354	 3.325	 4.109	 3.802	 | 4.109 max

train losses    292:	0.2601	0.2647	0.3015	0.2914	0.2515	0.2575	0.2198	0.2189	 0.357	0.3527	0.3217	0.3182	
val losses      292:	0.2173	0.1841	0.2715	 0.276	0.2386	0.2433	0.2893	0.3005	0.5728	0.5407	0.9014	 0.903	 | 0.4115 mean
                     	0.5935	0.4886	0.6918	0.7236	0.6565	0.6514	0.7181	0.7459	 1.525	 1.403	 2.362	 2.332	 | 1.355 quantile
                      	 2.894	 2.392	 1.725	 1.897	 1.392	 1.391	 2.884	 2.679	 2.378	 3.219	 4.166	 3.847	 | 4.166 max

train losses    294:	0.2618	0.2652	0.3017	0.2914	  0.25	0.2563	0.2182	 0.218	0.3491	0.3538	0.3231	0.3207	
val losses      294:	0.2157	0.1841	0.2714	0.2759	0.2421	0.2421	 0.288	0.2998	0.5669	0.5352	   0.9	0.9011	 | 0.4102 mean
                     	0.5936	0.4857	0.6866	 0.725	0.6603	0.6407	 0.712	0.7525	 1.508	 1.373	 2.359	 2.309	 | 1.343 quantile
                      	 2.895	  2.42	 1.753	 1.874	 1.339	 1.457	 2.913	 2.687	 2.279	 3.219	 4.141	 3.825	 | 4.141 max

train losses    296:	0.2601	0.2637	0.3014	0.2905	 0.252	0.2549	0.2176	0.2177	0.3467	0.3471	0.3252	0.3215	
val losses      296:	0.2133	0.1835	0.2719	 0.276	0.2397	0.2403	0.2881	 0.299	0.5672	0.5398	0.8894	0.8907	 | 0.4082 mean
                     	0.5855	0.4789	0.6913	0.7234	0.6515	0.6421	0.7033	0.7526	 1.498	 1.356	  2.32	 2.276	 | 1.332 quantile
                      	 3.102	  2.64	 1.706	  1.89	 1.344	 1.443	 2.935	 2.713	 2.282	 3.252	 4.099	 3.779	 | 4.099 max

train losses    298:	 0.261	0.2624	0.3011	0.2898	0.2488	0.2509	0.2173	0.2163	0.3405	0.3441	0.3238	0.3215	
val losses      298:	0.2116	0.1825	0.2711	0.2753	0.2347	0.2379	0.2881	0.2994	0.5553	0.5256	0.8988	0.8989	 | 0.4066 mean
                     	0.5802	0.4796	0.6856	0.7239	0.6382	0.6339	0.7127	0.7388	 1.501	 1.366	 2.368	 2.313	 | 1.352 quantile
                      	  2.98	 2.513	 1.685	 1.879	 1.276	 1.555	 2.756	 2.546	 2.351	 3.256	 4.169	 3.866	 | 4.169 max

