train losses      0:	0.5765	0.5937	0.3628	0.3825	0.7347	0.7683	0.4749	0.4851	 1.625	 1.629	 1.491	 1.486	
val losses        0:	0.7583	0.8431	0.4054	  1.69	  1.57	0.6365	0.5199	0.6151	 1.667	0.9976	 1.883	  1.77	 | 1.113 mean
                     	 1.883	 1.918	 1.048	 2.572	 2.753	 1.613	 1.334	 1.425	 3.412	 2.659	 4.199	 4.008	 | 2.862 quantile
                      	 5.079	 6.481	   2.5	 4.025	  4.56	 3.737	 2.763	 3.353	 5.839	 5.234	 7.281	 7.278	 | 7.281 max

train losses      2:	0.5178	0.5721	 0.375	0.3669	0.6976	0.7399	0.4828	0.4903	 1.588	 1.556	 1.466	 1.468	
val losses        2:	  1.02	0.5215	0.5376	0.4459	 0.473	0.4838	0.8155	0.8512	0.7738	0.9205	 1.294	 1.139	 | 0.773 mean
                     	 1.935	 1.383	 1.264	 1.132	 1.272	 1.254	 1.675	 1.701	 2.407	 2.357	 3.037	 2.762	 | 2.094 quantile
                      	 3.742	 4.078	 2.884	 3.001	 2.785	 3.728	 3.024	 3.439	 4.044	 4.383	 5.317	  5.22	 | 5.317 max

train losses      4:	0.4986	0.5659	0.3992	0.3777	0.6697	0.7043	0.4979	0.5002	 1.506	 1.419	 1.423	 1.433	
val losses        4:	0.7333	0.5158	0.4975	0.6918	0.4364	0.4541	0.6066	 0.527	0.7377	0.8233	 1.103	 1.096	 | 0.6852 mean
                     	 1.519	 1.336	 1.238	 1.447	 1.151	 1.168	 1.468	 1.278	 2.131	 2.096	 2.716	 2.634	 | 1.834 quantile
                      	 3.105	 3.265	 2.744	  3.37	 2.576	 3.071	 2.848	 2.725	  3.79	 3.675	 4.704	 4.526	 | 4.704 max

train losses      6:	 0.489	0.5658	0.4322	0.4077	0.6467	 0.666	 0.521	0.5184	 1.369	 1.231	 1.359	  1.38	
val losses        6:	0.4538	0.4353	0.4632	0.5016	0.6079	0.4266	0.5414	0.4238	0.7544	0.9868	 1.091	 1.132	 | 0.6515 mean
                     	 1.147	 1.212	 1.155	 1.214	 1.271	 1.075	  1.38	  1.11	 1.961	 2.241	 2.522	 2.785	 | 1.863 quantile
                      	 2.866	  3.49	 2.645	 2.791	 2.967	 2.662	 2.727	 2.455	 3.379	 3.376	 4.392	 4.986	 | 4.986 max

train losses      8:	0.4864	0.5546	0.4644	0.4333	0.6285	0.6236	0.5386	0.5357	 1.198	 1.041	 1.286	  1.31	
val losses        8:	0.3921	0.3943	0.3986	0.3958	0.3814	0.4082	0.4363	0.3938	0.6823	0.7186	 1.106	 1.091	 | 0.5666 mean
                     	 1.105	 1.124	 1.046	  1.02	0.9786	  1.01	 1.189	 1.069	 1.724	 1.767	 2.619	 2.721	 | 1.73 quantile
                      	 3.035	  3.18	 2.512	 2.593	 2.251	 2.218	 2.695	 2.546	 3.085	 2.709	 4.741	 4.881	 | 4.881 max

train losses     10:	0.4835	0.5374	0.4852	0.4486	 0.603	0.5917	0.5403	0.5474	 1.031	0.9108	 1.213	 1.238	
val losses       10:	0.3659	0.3847	0.3912	0.3684	0.3606	0.3592	0.3934	0.3929	0.6356	0.5907	 1.136	 1.094	 | 0.5394 mean
                     	 1.029	 1.093	  1.02	0.9899	0.9519	0.9195	 1.042	 1.055	 1.619	 1.495	 2.791	 2.704	 | 1.661 quantile
                      	 2.648	 3.112	 2.419	 2.707	 1.994	 1.974	 2.741	 2.371	 3.394	 3.182	 4.439	 4.724	 | 4.724 max

train losses     12:	0.4798	 0.523	0.4913	0.4566	0.5839	0.5779	0.5352	0.5538	0.9516	0.9259	 1.168	 1.185	
val losses       12:	0.3443	0.3589	0.3848	0.3657	0.3494	0.3531	0.3886	0.4011	0.6011	 0.587	 1.155	 1.106	 | 0.533 mean
                     	0.9941	0.9952	0.9787	0.9891	0.9273	0.9008	 1.032	  1.07	 1.689	 1.464	 2.858	 2.664	 | 1.654 quantile
                      	  2.66	 2.971	  2.27	 2.712	 1.835	 1.917	 2.739	 2.244	 2.729	 2.731	 4.736	 4.708	 | 4.736 max

train losses     14:	0.4761	0.5042	0.4796	0.4533	0.5672	 0.563	0.5327	0.5478	0.8666	0.8563	 1.147	 1.155	
val losses       14:	0.3269	0.3598	0.3755	0.3695	0.3359	0.3647	0.3859	0.3906	0.5729	0.5805	 1.143	 1.098	 | 0.5252 mean
                     	0.9272	 0.975	 0.962	0.9846	0.8827	0.8861	 1.034	  1.05	  1.52	 1.489	 2.786	 2.579	 | 1.625 quantile
                      	 2.614	 3.111	 2.324	 2.685	 1.959	 1.864	 2.613	 2.332	  3.13	 2.922	  4.49	 4.619	 | 4.619 max

train losses     16:	 0.458	0.4788	0.4609	0.4373	0.5555	0.5497	0.5194	 0.532	0.8015	0.8137	 1.106	 1.116	
val losses       16:	0.3096	0.3245	0.3707	0.3652	0.3177	0.3268	 0.389	0.3813	0.5229	0.5326	 1.166	 1.127	 | 0.5111 mean
                     	 0.841	0.8871	0.9502	0.9801	0.8425	0.8257	 1.029	 1.044	 1.418	  1.38	 2.792	 2.603	 | 1.647 quantile
                      	 2.546	 2.564	 2.301	 2.713	 1.871	 1.768	 2.607	 2.278	 2.676	 2.557	  5.01	 5.342	 | 5.342 max

train losses     18:	0.4415	0.4626	0.4518	0.4279	0.5429	0.5325	0.5123	0.5209	0.7879	0.7989	 1.097	   1.1	
val losses       18:	0.3062	0.3263	0.3686	0.3624	0.3378	0.3524	 0.384	0.3806	0.5265	0.5398	 1.165	 1.136	 | 0.5156 mean
                     	0.8545	0.8696	0.9553	0.9797	0.9019	0.8553	 1.014	 1.044	 1.375	 1.367	 2.741	 2.617	 | 1.652 quantile
                      	 2.295	 2.432	  2.33	 2.747	 2.113	 1.766	 2.559	 2.336	 2.676	 2.648	 5.052	 5.193	 | 5.193 max

train losses     20:	0.4372	0.4443	0.4395	0.4187	0.5307	0.5199	 0.506	0.5115	0.7633	0.7687	 1.074	 1.075	
val losses       20:	0.3071	0.3024	0.3662	0.3619	0.3119	0.3182	0.3796	0.3782	0.5494	0.5313	 1.126	 1.106	 | 0.5032 mean
                     	0.8422	0.8049	0.9447	 0.978	0.8125	0.8131	 1.011	 1.039	   1.4	 1.349	 2.623	 2.488	 | 1.581 quantile
                      	 2.442	 2.303	 2.256	 2.756	 1.826	 1.836	 2.548	 2.313	 2.576	 2.444	 4.836	 5.097	 | 5.097 max

train losses     22:	0.4215	0.4327	 0.431	0.4114	0.5152	0.5001	0.4962	0.4997	0.7354	0.7392	  1.03	  1.03	
val losses       22:	0.3029	0.2974	0.3658	0.3613	0.3107	0.3155	0.3804	0.3791	0.5351	0.5214	 1.127	 1.117	 | 0.5011 mean
                     	 0.836	 0.785	0.9452	0.9708	0.8087	 0.802	 1.009	 1.037	 1.418	 1.301	 2.635	 2.526	 | 1.581 quantile
                      	 2.297	 2.374	 2.321	 2.793	 1.762	 1.834	 2.585	 2.281	  2.53	 2.472	 5.051	 5.498	 | 5.498 max

train losses     24:	0.4095	0.4225	0.4225	0.4025	0.5004	0.4896	0.4892	0.4899	0.7101	0.7137	 1.001	0.9967	
val losses       24:	0.3013	 0.294	 0.365	0.3581	0.3026	0.3143	0.3778	0.3754	 0.512	0.5071	 1.142	 1.135	 | 0.4988 mean
                     	0.8322	0.7551	0.9376	0.9676	0.8055	0.7999	 1.003	  1.02	 1.385	 1.252	 2.703	 2.575	 | 1.562 quantile
                      	 2.256	  2.15	 2.292	 2.879	 1.824	 1.699	 2.614	 2.285	 2.415	 2.518	 5.246	 5.657	 | 5.657 max

train losses     26:	0.3984	0.4119	0.4145	0.3965	0.4861	0.4741	0.4806	0.4802	0.6933	0.6958	0.9652	0.9596	
val losses       26:	 0.304	0.2915	0.3634	0.3568	0.3011	 0.315	0.3753	0.3728	0.5055	0.5241	  1.14	 1.141	 | 0.4992 mean
                     	0.8366	0.7572	0.9383	0.9755	0.7938	0.7965	0.9936	 1.017	 1.373	 1.287	 2.692	 2.622	 | 1.569 quantile
                      	 2.148	   2.2	 2.264	 2.782	 1.798	  1.66	 2.515	 2.318	 2.487	  2.57	 5.293	 5.736	 | 5.736 max

train losses     28:	0.3908	0.4037	0.4081	 0.389	 0.474	0.4607	0.4711	0.4718	0.6837	0.6873	0.9398	0.9313	
val losses       28:	0.3012	0.2878	0.3632	0.3562	0.2961	0.3058	 0.373	0.3706	0.5007	0.5231	 1.127	  1.13	 | 0.4946 mean
                     	0.8168	0.7511	0.9349	0.9675	0.7792	0.7815	0.9847	 1.007	 1.371	 1.293	 2.612	 2.553	 | 1.578 quantile
                      	 2.131	 1.857	 2.237	 2.731	 1.756	 1.551	 2.446	 2.247	 2.489	 2.592	 5.011	 5.416	 | 5.416 max

train losses     30:	0.3822	0.3949	 0.401	0.3812	 0.463	0.4489	0.4638	 0.463	0.6712	0.6738	 0.908	0.9006	
val losses       30:	0.2878	0.2844	0.3627	0.3552	0.2946	0.2992	0.3703	0.3659	0.4993	 0.518	 1.127	 1.134	 | 0.4915 mean
                     	0.7882	0.7428	0.9339	0.9624	0.7676	0.7614	0.9739	 0.992	 1.377	 1.266	 2.605	 2.585	 | 1.576 quantile
                      	 2.065	 2.074	 2.255	 2.745	 1.665	 1.463	 2.446	 2.231	 2.441	 2.583	 5.108	 5.438	 | 5.438 max

train losses     32:	0.3762	0.3905	 0.395	0.3771	 0.452	0.4393	0.4571	0.4549	0.6538	0.6588	0.8892	 0.881	
val losses       32:	0.2866	0.2782	0.3614	0.3541	0.2932	0.2967	0.3675	0.3628	0.4977	0.5148	 1.123	 1.135	 | 0.4892 mean
                     	0.7828	0.7081	 0.924	0.9601	0.7578	 0.755	 0.973	0.9911	 1.375	 1.252	 2.588	 2.594	 | 1.566 quantile
                      	 2.154	 1.717	 2.216	 2.735	 1.668	 1.372	 2.393	 2.213	 2.486	 2.553	 5.056	 5.351	 | 5.351 max

train losses     34:	0.3712	 0.384	0.3904	0.3717	0.4445	0.4316	0.4501	 0.448	0.6506	0.6531	0.8716	0.8638	
val losses       34:	0.2897	 0.276	0.3601	0.3537	0.2911	0.2976	0.3636	0.3599	0.4949	 0.512	  1.12	 1.132	 | 0.4875 mean
                     	0.7954	0.7077	0.9275	0.9601	0.7635	0.7578	0.9596	0.9833	 1.378	 1.246	  2.58	 2.611	 | 1.563 quantile
                      	 2.238	 1.837	 2.222	 2.692	 1.715	 1.386	 2.337	 2.164	 2.425	 2.627	 5.152	  5.38	 | 5.38 max

train losses     36:	0.3673	0.3796	0.3863	0.3681	0.4371	0.4255	0.4414	0.4406	0.6383	0.6428	0.8539	0.8466	
val losses       36:	0.2865	 0.274	0.3596	0.3531	0.2928	0.2957	0.3638	0.3583	0.4948	0.5186	 1.116	 1.116	 | 0.4858 mean
                     	0.7854	0.7046	0.9275	0.9618	  0.77	0.7416	0.9546	0.9754	 1.376	 1.275	 2.543	 2.511	 | 1.58 quantile
                      	 2.091	 1.715	 2.248	 2.678	 1.772	 1.478	  2.31	 2.211	 2.575	 2.687	 4.974	 5.119	 | 5.119 max

train losses     38:	0.3635	0.3774	0.3823	0.3637	0.4318	0.4203	0.4344	0.4311	0.6368	0.6425	0.8296	0.8212	
val losses       38:	0.2827	 0.275	0.3593	0.3525	0.2858	0.2955	0.3574	0.3538	0.4921	0.5172	 1.136	 1.154	 | 0.4885 mean
                     	0.7779	0.7072	0.9234	0.9593	0.7429	0.7431	0.9501	0.9638	  1.35	 1.258	 2.654	  2.65	 | 1.589 quantile
                      	 2.184	 1.627	 2.206	  2.72	 1.703	 1.349	  2.21	  2.11	 2.475	 2.659	 5.078	 5.412	 | 5.412 max

train losses     40:	0.3626	0.3751	0.3792	0.3609	0.4267	0.4138	0.4299	 0.427	 0.648	0.6507	0.8159	0.8102	
val losses       40:	0.2901	0.2822	0.3609	0.3518	0.2914	0.2971	0.3635	0.3561	0.4965	0.5255	 1.236	 1.232	 | 0.507 mean
                     	0.8033	0.7327	0.9378	0.9498	0.7609	 0.746	0.9541	 0.967	  1.35	 1.328	 2.731	  2.67	 | 1.702 quantile
                      	 1.986	  1.87	 2.238	 2.764	 1.767	 1.372	 2.245	 2.089	 2.688	 2.826	 4.979	 5.412	 | 5.412 max

train losses     42:	0.3646	0.3793	0.3784	0.3597	0.4327	0.4213	0.4285	0.4257	0.6582	0.6696	0.9205	0.9127	
val losses       42:	0.2831	0.2763	0.3606	0.3511	0.2918	0.3094	0.3586	0.3532	0.5138	0.5508	 1.162	 1.163	 | 0.4979 mean
                     	0.7827	0.7148	0.9335	0.9603	0.7608	0.7804	0.9491	0.9578	 1.374	 1.352	 2.984	  2.97	 | 1.584 quantile
                      	 2.044	 1.704	 2.204	 2.756	 1.772	 1.637	 2.154	  2.06	 2.714	 2.704	 5.544	 5.841	 | 5.841 max

train losses     44:	0.3678	0.3816	0.3767	0.3606	0.4422	0.4285	0.4293	0.4272	0.6948	 0.696	0.9495	0.9467	
val losses       44:	0.2794	0.2649	0.3621	 0.353	0.2849	0.2923	 0.355	0.3509	0.5209	0.5437	 1.117	 1.117	 | 0.4867 mean
                     	0.7648	0.6871	 0.932	0.9619	0.7319	0.7356	0.9358	0.9433	 1.372	 1.388	   2.6	 2.545	 | 1.588 quantile
                      	 1.914	 1.697	 2.218	 2.735	 1.761	 1.442	 2.152	 2.075	 2.805	 2.913	  4.79	 4.877	 | 4.877 max

train losses     46:	0.3822	0.3954	0.3808	0.3655	0.4786	0.4722	0.4346	0.4389	0.7793	0.7904	 1.058	 1.045	
val losses       46:	0.2695	0.2688	0.3619	 0.354	0.2972	0.3021	0.3702	0.3566	 0.524	0.5562	 1.332	 1.319	 | 0.526 mean
                     	0.7177	 0.708	0.9339	0.9561	0.7575	0.7662	0.9762	0.9673	 1.351	 1.374	 2.847	 2.825	 | 1.86 quantile
                      	 1.894	 1.959	 2.278	 2.721	 1.737	  1.75	 2.338	 2.115	 2.595	 2.954	 4.525	 4.528	 | 4.528 max

train losses     48:	0.4153	 0.417	0.3847	0.3669	0.4832	0.4796	0.4505	0.4551	0.7957	0.7988	 1.266	 1.241	
val losses       48:	0.2958	0.2618	0.3614	0.3536	0.3443	0.3425	0.3692	0.3599	0.6591	0.5955	 1.252	 1.231	 | 0.5355 mean
                     	 0.792	 0.685	 0.934	0.9556	0.8805	 0.852	0.9855	 1.009	 1.583	  1.49	 2.744	 2.664	 | 1.761 quantile
                      	  2.04	   1.6	 2.368	 2.743	 1.845	 1.844	  2.47	 2.298	 2.542	 2.355	 4.427	 4.537	 | 4.537 max

train losses     50:	0.4109	0.4254	0.3817	0.3678	0.5205	0.5045	0.4509	 0.451	 1.017	 1.004	0.9919	0.9963	
val losses       50:	0.3014	0.2896	0.3626	0.3547	0.3298	0.3399	0.3597	0.3605	0.5436	 0.531	 1.086	 1.087	 | 0.4955 mean
                     	0.8211	0.7067	0.9366	0.9487	0.8403	 0.836	0.9548	0.9732	 1.553	 1.338	 2.531	 2.579	 | 1.563 quantile
                      	 2.442	 1.556	 2.257	 2.786	 1.933	 2.005	  2.28	 2.165	 2.377	 2.778	 4.653	 4.495	 | 4.653 max

train losses     52:	0.4103	 0.419	0.3765	0.3618	0.4706	0.4757	0.4409	0.4443	0.8462	0.8608	0.9681	0.9729	
val losses       52:	0.2864	0.2518	0.3606	0.3525	0.3148	0.3231	0.3554	0.3565	0.5332	0.5304	 1.121	 1.113	 | 0.4916 mean
                     	0.7805	0.6512	0.9341	0.9524	0.8163	0.8094	0.9422	0.9701	  1.43	 1.312	 2.655	 2.585	 | 1.596 quantile
                      	 2.038	 1.672	 2.245	  2.72	 1.782	 1.688	 2.264	 2.146	 2.622	 2.618	 4.869	 5.022	 | 5.022 max

train losses     54:	0.3932	0.4034	0.3745	0.3552	0.4565	0.4511	0.4353	0.4367	0.7458	 0.755	0.9016	0.9055	
val losses       54:	 0.301	 0.277	0.3596	0.3514	 0.303	0.3109	0.3566	  0.36	 0.526	0.5211	 1.121	 1.125	 | 0.4927 mean
                     	 0.819	0.6919	0.9258	0.9479	0.8136	0.7682	0.9423	0.9872	 1.466	 1.304	 2.686	  2.58	 | 1.599 quantile
                      	 2.238	 1.692	 2.241	 2.718	 1.787	 1.341	 2.129	 2.201	 2.754	 2.833	 4.994	 5.235	 | 5.235 max

train losses     56:	0.3869	0.3977	0.3722	0.3541	0.4437	0.4368	0.4293	0.4299	0.6793	0.6898	0.8248	0.8231	
val losses       56:	0.3219	0.2775	0.3591	 0.352	0.3099	0.3111	0.3567	0.3524	0.4986	0.5172	 1.127	 1.135	 | 0.4932 mean
                     	 0.878	0.7239	0.9333	0.9533	0.8131	0.7792	0.9395	 0.976	 1.426	 1.277	 2.659	 2.622	 | 1.592 quantile
                      	 2.133	   1.7	  2.27	 2.729	 1.653	 1.458	  2.22	 2.189	 2.352	  2.76	 5.368	 5.651	 | 5.651 max

train losses     58:	0.3709	0.3796	0.3657	0.3472	0.4229	 0.417	0.4196	0.4199	0.6408	0.6504	0.8011	0.7914	
val losses       58:	0.3076	 0.273	0.3596	0.3519	0.2932	 0.304	0.3552	0.3514	0.4996	0.5101	  1.13	  1.14	 | 0.4896 mean
                     	 0.849	0.7015	0.9334	0.9485	0.7852	0.7418	0.9302	0.9739	 1.395	 1.223	 2.659	 2.613	 | 1.594 quantile
                      	 2.175	 1.579	  2.29	 2.737	 1.816	 1.423	 2.074	 2.137	 2.367	 2.578	 5.586	 6.008	 | 6.008 max

train losses     60:	0.3576	 0.366	0.3602	0.3437	0.4107	0.4053	0.4128	0.4122	0.6189	0.6279	0.7547	0.7496	
val losses       60:	0.2955	0.2718	0.3593	0.3515	0.2903	0.2919	0.3558	0.3508	0.4801	0.5076	 1.142	 1.149	 | 0.4871 mean
                     	0.8122	0.6973	0.9293	0.9516	0.7596	 0.723	0.9275	0.9617	 1.352	 1.303	 2.683	 2.657	 | 1.599 quantile
                      	 2.196	 1.597	 2.294	 2.715	 1.735	 1.256	 2.109	  2.11	 2.324	 2.651	 5.595	 5.916	 | 5.916 max

train losses     62:	 0.351	0.3596	0.3562	0.3407	0.4023	0.3958	0.4077	0.4079	 0.604	0.6096	0.7301	0.7245	
val losses       62:	0.3002	 0.276	0.3588	0.3513	0.2901	 0.294	0.3548	0.3531	0.5097	0.5191	 1.122	 1.129	 | 0.4881 mean
                     	0.8256	0.7144	0.9252	0.9473	 0.782	0.7401	0.9334	 0.962	  1.43	 1.277	 2.606	 2.581	 | 1.596 quantile
                      	 2.277	 1.583	 2.241	 2.728	 1.795	 1.325	 2.161	 2.124	 2.332	 2.589	 5.356	 5.548	 | 5.548 max

train losses     64:	0.3449	0.3538	0.3559	0.3389	0.3992	0.3921	0.4048	0.4051	0.5934	0.5982	0.7107	 0.705	
val losses       64:	  0.29	0.2635	0.3585	0.3512	0.2848	0.2852	0.3528	0.3506	0.4941	0.5115	 1.126	 1.134	 | 0.4835 mean
                     	0.7867	0.6872	0.9257	0.9459	0.7472	0.7152	0.9241	 0.962	 1.396	 1.293	 2.589	 2.553	 | 1.594 quantile
                      	 2.085	 1.648	 2.216	 2.749	 1.767	 1.298	 2.215	 2.093	 2.423	 2.656	 5.311	  5.45	 | 5.45 max

train losses     66:	0.3413	0.3505	0.3534	0.3358	0.3906	 0.385	0.3993	0.3982	 0.583	 0.588	0.6873	 0.681	
val losses       66:	0.2914	 0.263	0.3577	0.3502	0.2818	0.2879	0.3513	0.3493	0.4979	0.5124	 1.119	 1.128	 | 0.4824 mean
                     	0.8073	0.6782	0.9278	 0.942	0.7421	 0.716	0.9249	0.9548	 1.411	 1.261	 2.556	 2.524	 | 1.594 quantile
                      	 2.059	 1.575	 2.222	 2.751	 1.797	 1.304	 2.187	 2.101	 2.408	 2.607	  5.15	 5.342	 | 5.342 max

train losses     68:	0.3378	0.3468	0.3518	0.3342	0.3868	0.3818	 0.395	0.3934	0.5813	0.5838	 0.672	0.6664	
val losses       68:	0.2894	0.2579	0.3574	0.3497	0.2794	0.2855	0.3489	0.3459	0.4982	0.5097	 1.119	 1.128	 | 0.4807 mean
                     	0.7975	0.6661	0.9283	0.9404	0.7363	0.7185	0.9233	0.9467	 1.419	 1.255	 2.548	 2.526	 | 1.592 quantile
                      	  2.18	  1.59	 2.236	 2.748	 1.752	 1.278	 2.205	 2.101	  2.45	 2.623	 5.333	 5.368	 | 5.368 max

train losses     70:	0.3353	0.3474	0.3492	0.3327	0.3806	0.3763	0.3916	0.3897	0.5743	0.5753	0.6618	0.6542	
val losses       70:	0.2855	0.2599	0.3575	0.3496	0.2801	0.2891	0.3481	0.3448	0.4986	0.5121	 1.119	 1.125	 | 0.4807 mean
                     	0.7956	0.6729	0.9274	0.9425	0.7409	0.7185	0.9136	0.9434	 1.417	  1.27	 2.541	 2.528	 | 1.598 quantile
                      	 2.136	 1.734	 2.249	 2.757	 1.767	 1.324	 2.186	 2.082	 2.522	 2.664	 5.229	 5.304	 | 5.304 max

train losses     72:	0.3314	0.3425	0.3477	 0.331	0.3764	0.3717	0.3882	 0.387	0.5679	0.5678	0.6463	0.6415	
val losses       72:	0.2814	0.2549	 0.357	0.3491	0.2763	0.2838	0.3464	0.3423	0.4982	0.5086	 1.114	 1.121	 | 0.4778 mean
                     	0.7797	0.6584	0.9261	0.9443	0.7358	0.7096	 0.913	 0.939	 1.418	 1.242	 2.518	 2.512	 | 1.586 quantile
                      	 2.171	 1.553	 2.238	 2.746	 1.687	 1.294	 2.213	 2.117	 2.411	 2.623	  4.98	 5.158	 | 5.158 max

train losses     74:	0.3329	 0.342	0.3464	0.3292	0.3742	 0.371	 0.386	0.3842	0.5648	0.5651	0.6359	0.6303	
val losses       74:	0.2825	0.2548	0.3571	0.3488	0.2743	0.2848	0.3452	 0.341	0.4961	0.5057	  1.11	 1.117	 | 0.4764 mean
                     	0.7829	0.6629	0.9294	0.9419	0.7206	0.7086	0.9142	0.9294	   1.4	 1.246	 2.509	 2.506	 | 1.583 quantile
                      	 2.212	 1.599	 2.257	 2.758	 1.779	 1.433	 2.189	 2.096	 2.441	 2.655	 4.935	 5.077	 | 5.077 max

train losses     76:	0.3289	0.3398	0.3447	0.3287	0.3722	0.3674	0.3832	0.3815	0.5592	0.5601	0.6255	0.6212	
val losses       76:	0.2796	0.2547	0.3569	0.3484	0.2751	0.2839	0.3449	  0.34	0.4977	0.5055	 1.111	 1.118	 | 0.4763 mean
                     	0.7793	0.6608	0.9237	0.9455	0.7232	0.7012	0.9094	0.9246	 1.424	 1.253	 2.531	 2.512	 | 1.582 quantile
                      	 2.188	 1.568	 2.252	 2.758	 1.716	 1.389	 2.201	 2.094	 2.424	 2.649	 5.019	 5.053	 | 5.053 max

train losses     78:	0.3276	0.3391	0.3436	0.3273	0.3675	0.3623	0.3796	 0.378	0.5551	0.5553	0.6147	0.6092	
val losses       78:	0.2772	0.2516	0.3568	0.3485	0.2748	 0.284	0.3437	0.3391	   0.5	0.5066	 1.105	  1.11	 | 0.4748 mean
                     	0.7593	0.6522	0.9255	0.9392	0.7299	0.7065	0.9081	0.9215	 1.422	 1.251	 2.493	  2.49	 | 1.576 quantile
                      	 2.305	 1.594	 2.262	 2.749	 1.716	 1.446	 2.198	  2.12	 2.425	 2.632	 4.966	 4.966	 | 4.966 max

train losses     80:	0.3246	0.3361	0.3416	 0.326	 0.366	0.3616	0.3778	0.3761	0.5504	0.5464	0.6078	0.6029	
val losses       80:	0.2758	0.2481	0.3564	0.3482	0.2756	0.2822	0.3425	0.3382	0.5004	0.5071	 1.101	 1.108	 | 0.4737 mean
                     	0.7616	0.6454	0.9251	0.9441	0.7326	0.6936	 0.913	0.9267	 1.417	 1.241	 2.477	 2.488	 | 1.569 quantile
                      	 2.164	 1.617	 2.264	 2.734	 1.748	 1.349	  2.17	 2.113	 2.483	 2.653	 4.784	 4.962	 | 4.962 max

train losses     82:	0.3234	0.3361	0.3407	0.3247	0.3618	0.3595	0.3745	0.3723	0.5451	0.5467	0.5981	0.5934	
val losses       82:	0.2753	0.2482	0.3563	0.3481	0.2748	0.2821	0.3411	0.3375	0.4965	0.5045	 1.095	 1.104	 | 0.4719 mean
                     	0.7555	0.6421	 0.923	 0.944	0.7254	0.6975	0.9029	0.9203	 1.393	 1.237	 2.479	 2.486	 | 1.555 quantile
                      	 2.243	 1.547	  2.26	 2.758	 1.613	 1.429	  2.16	 2.104	 2.508	 2.672	 4.751	  4.77	 | 4.77 max

train losses     84:	0.3218	0.3339	0.3394	0.3236	0.3601	0.3554	0.3706	 0.369	0.5447	0.5411	 0.609	0.6056	
val losses       84:	0.2773	0.2483	0.3561	0.3481	0.2723	0.2798	0.3403	0.3364	0.4994	0.5043	 1.083	 1.093	 | 0.4699 mean
                     	0.7688	0.6469	0.9218	0.9421	0.7134	0.6975	0.8993	0.9196	 1.401	 1.233	  2.42	 2.438	 | 1.543 quantile
                      	 2.244	 1.636	 2.257	 2.763	 1.738	 1.362	 2.162	   2.1	 2.496	  2.71	 4.461	 4.461	 | 4.461 max

train losses     86:	0.3201	0.3306	0.3388	0.3226	0.3602	0.3543	0.3705	0.3695	0.5403	0.5396	 0.643	0.6401	
val losses       86:	0.2744	0.2448	0.3559	0.3478	0.2743	0.2831	0.3389	0.3362	0.4988	 0.512	 1.094	 1.109	 | 0.4724 mean
                     	0.7513	0.6379	  0.92	0.9398	 0.729	0.6999	0.8993	 0.913	 1.386	 1.241	  2.46	 2.511	 | 1.555 quantile
                      	 2.127	 1.508	 2.267	 2.764	 1.663	 1.401	 2.131	 2.132	  2.55	 2.744	 4.374	 4.597	 | 4.597 max

train losses     88:	0.3211	0.3333	0.3368	0.3219	0.3584	 0.357	0.3699	0.3689	0.5436	0.5411	0.7521	0.7491	
val losses       88:	0.2747	0.2452	0.3556	0.3477	0.2741	0.2827	0.3389	0.3362	0.5006	0.5103	 1.111	 1.127	 | 0.4753 mean
                     	0.7601	 0.633	0.9204	0.9354	0.7275	0.7049	0.8976	 0.911	   1.4	 1.252	 2.495	 2.586	 | 1.58 quantile
                      	 2.108	 1.709	 2.258	  2.75	 1.665	 1.381	 2.208	 2.132	 2.527	 2.702	 4.269	 4.495	 | 4.495 max

train losses     90:	0.3208	0.3332	0.3363	0.3218	0.3585	0.3567	0.3712	0.3706	0.5458	0.5414	 0.851	0.8437	
val losses       90:	0.2826	0.2501	0.3558	0.3479	0.2739	0.2821	0.3407	0.3392	0.5089	0.5156	 1.086	 1.095	 | 0.4731 mean
                     	0.7816	0.6533	0.9182	0.9433	 0.729	0.6961	0.9075	0.9282	 1.439	 1.259	  2.53	 2.544	 | 1.545 quantile
                      	 2.172	 1.444	 2.265	 2.744	 1.808	 1.353	 2.193	 2.094	 2.559	 2.643	 4.308	  4.45	 | 4.45 max

train losses     92:	0.3198	0.3339	0.3352	0.3208	0.3582	0.3578	0.3701	0.3679	0.5444	0.5409	0.6861	0.6839	
val losses       92:	0.2773	0.2484	0.3564	0.3476	0.2732	0.2749	0.3428	0.3408	0.5033	0.5085	 1.135	 1.133	 | 0.4785 mean
                     	0.7674	0.6423	0.9193	0.9394	0.7209	0.6847	0.9107	0.9261	 1.414	 1.255	 2.792	 2.729	 | 1.562 quantile
                      	 1.989	 1.514	 2.259	 2.735	 1.744	  1.28	 2.293	 2.161	 2.724	 2.732	 5.191	 5.269	 | 5.269 max

train losses     94:	0.3231	0.3338	0.3358	0.3218	0.3589	0.3572	0.3698	0.3691	0.5356	0.5361	0.6864	0.6824	
val losses       94:	0.2716	 0.244	0.3563	0.3476	0.2682	0.2756	0.3395	0.3345	0.4936	 0.505	  1.14	 1.136	 | 0.476 mean
                     	0.7507	0.6334	0.9171	0.9423	0.7064	0.6805	 0.902	0.9128	 1.338	 1.235	 2.712	 2.664	 | 1.588 quantile
                      	 2.162	 1.467	 2.222	 2.754	 1.664	 1.334	 2.316	 2.221	 2.469	  2.63	 5.099	 5.128	 | 5.128 max

train losses     96:	0.3238	0.3302	0.3338	0.3191	0.3582	0.3544	0.3649	0.3635	0.5412	0.5393	0.6338	0.6283	
val losses       96:	 0.274	0.2497	0.3564	 0.348	 0.275	0.2803	0.3417	0.3383	0.4986	0.5122	 1.145	  1.14	 | 0.4799 mean
                     	0.7558	0.6527	0.9171	0.9361	0.7279	0.6933	0.8999	0.9167	 1.362	 1.258	  2.67	 2.619	 | 1.627 quantile
                      	 2.193	 1.508	  2.22	  2.77	  1.85	 1.261	  2.16	 2.079	 2.732	 2.812	  4.91	 4.958	 | 4.958 max

train losses     98:	0.3203	0.3303	0.3333	0.3185	0.3515	0.3503	 0.363	0.3617	0.5326	0.5298	0.5884	0.5841	
val losses       98:	0.2695	0.2437	0.3561	0.3473	0.2706	 0.278	0.3412	0.3374	0.5008	0.5111	 1.112	 1.115	 | 0.4735 mean
                     	0.7473	0.6345	0.9154	0.9384	0.7077	0.6902	0.9005	0.9211	 1.365	 1.248	 2.562	 2.544	 | 1.577 quantile
                      	 2.139	  1.44	 2.257	 2.736	 1.761	 1.251	 2.171	 2.098	 2.618	 2.714	 4.913	 4.915	 | 4.915 max

train losses    100:	0.3171	0.3289	0.3326	0.3182	0.3487	0.3477	0.3597	0.3595	0.5265	0.5234	0.5628	 0.558	
val losses      100:	0.2707	0.2451	 0.356	0.3474	0.2681	0.2775	0.3392	0.3352	0.5028	0.5135	 1.105	  1.11	 | 0.4725 mean
                     	0.7538	0.6387	0.9212	0.9383	0.7058	0.6902	0.8956	0.9209	 1.395	 1.264	 2.509	 2.508	 | 1.573 quantile
                      	 2.058	 1.469	 2.254	 2.739	 1.758	 1.366	 2.186	 2.126	 2.639	 2.708	 4.529	 4.607	 | 4.607 max

train losses    102:	0.3144	0.3245	0.3309	0.3164	0.3443	 0.344	 0.357	0.3556	0.5248	0.5217	0.5521	0.5465	
val losses      102:	0.2752	0.2439	0.3554	0.3468	0.2678	 0.276	0.3389	0.3352	0.5025	 0.515	 1.093	   1.1	 | 0.4708 mean
                     	0.7597	 0.633	0.9198	0.9401	0.7007	 0.686	0.8959	0.9175	 1.387	 1.257	 2.477	 2.479	 | 1.568 quantile
                      	 2.054	 1.505	 2.254	 2.737	 1.743	  1.37	   2.2	 2.177	 2.657	 2.699	   4.5	 4.537	 | 4.537 max

train losses    104:	0.3131	0.3238	0.3305	0.3163	0.3423	0.3422	0.3538	0.3531	0.5177	0.5116	0.5418	0.5364	
val losses      104:	0.2671	0.2429	0.3557	0.3472	0.2652	0.2737	0.3382	0.3338	 0.504	 0.508	 1.099	 1.104	 | 0.4699 mean
                     	0.7434	0.6315	 0.918	0.9365	0.7016	0.6847	0.8984	0.9173	 1.385	 1.256	 2.487	  2.48	 | 1.57 quantile
                      	 2.079	 1.452	 2.245	 2.752	 1.738	 1.373	 2.189	  2.16	 2.652	 2.643	 4.639	 4.713	 | 4.713 max

train losses    106:	0.3093	0.3225	0.3296	0.3158	0.3414	0.3383	0.3528	0.3506	 0.512	0.5095	  0.53	0.5264	
val losses      106:	0.2695	0.2417	0.3555	0.3469	0.2686	0.2763	0.3369	0.3325	0.5024	 0.507	 1.093	   1.1	 | 0.4692 mean
                     	0.7399	0.6291	0.9156	0.9381	0.7188	0.6844	0.8885	0.9091	 1.365	 1.247	  2.49	 2.506	 | 1.562 quantile
                      	 2.131	  1.45	 2.239	 2.759	 1.776	 1.366	 2.166	 2.133	 2.553	 2.624	 4.394	 4.477	 | 4.477 max

train losses    108:	0.3093	0.3215	0.3289	0.3146	0.3382	0.3389	0.3515	0.3499	0.5081	0.5032	0.5268	0.5228	
val losses      108:	0.2677	0.2372	0.3553	0.3468	0.2667	0.2728	0.3368	 0.332	0.5011	0.5051	 1.088	 1.095	 | 0.4671 mean
                     	0.7417	0.6199	0.9155	0.9395	0.7074	0.6749	0.8898	0.9154	 1.367	 1.237	 2.462	 2.497	 | 1.553 quantile
                      	 2.035	 1.489	  2.24	  2.75	 1.775	 1.335	 2.207	 2.162	 2.546	 2.707	  4.42	 4.471	 | 4.471 max

train losses    110:	0.3067	0.3188	0.3273	0.3136	0.3366	0.3368	 0.347	0.3457	0.5046	0.5024	 0.522	0.5193	
val losses      110:	0.2673	0.2383	0.3549	0.3464	0.2647	0.2732	0.3352	0.3308	0.5016	 0.507	 1.087	 1.095	 | 0.4669 mean
                     	0.7332	 0.624	0.9168	  0.94	0.7019	0.6795	0.8819	0.9039	 1.383	 1.247	 2.452	 2.483	 | 1.554 quantile
                      	 2.083	 1.483	 2.247	 2.765	 1.726	 1.372	 2.174	 2.159	 2.551	 2.664	 4.267	 4.364	 | 4.364 max

train losses    112:	0.3071	0.3179	0.3268	0.3131	0.3351	0.3358	0.3465	0.3453	0.5037	0.4974	0.5257	0.5226	
val losses      112:	0.2665	 0.241	0.3548	0.3466	0.2643	0.2713	0.3354	0.3315	0.5028	0.5047	 1.075	 1.085	 | 0.4649 mean
                     	0.7456	0.6318	0.9147	0.9405	0.6888	0.6751	 0.889	0.9031	 1.393	 1.255	 2.407	 2.442	 | 1.544 quantile
                      	 2.098	  1.36	 2.234	  2.77	 1.676	 1.354	 2.161	 2.168	 2.536	 2.656	 4.194	 4.286	 | 4.286 max

train losses    114:	 0.306	0.3157	0.3261	0.3125	0.3337	0.3327	0.3474	0.3466	0.5009	0.4966	0.5311	0.5287	
val losses      114:	0.2634	0.2365	0.3546	0.3466	0.2638	0.2711	0.3354	0.3309	0.5042	 0.502	 1.073	  1.08	 | 0.4634 mean
                     	  0.72	 0.618	0.9179	0.9393	 0.699	 0.676	0.8941	0.9063	 1.394	 1.239	 2.396	 2.422	 | 1.536 quantile
                      	  1.86	  1.45	 2.235	 2.762	 1.695	 1.424	 2.147	 2.124	 2.442	 2.619	 4.116	 4.186	 | 4.186 max

train losses    116:	0.3061	0.3169	 0.326	0.3127	0.3307	0.3331	0.3445	0.3435	0.4981	0.4921	 0.543	0.5394	
val losses      116:	0.2696	0.2377	0.3543	0.3465	0.2667	0.2733	0.3362	0.3323	0.5086	0.5082	  1.07	 1.073	 | 0.4647 mean
                     	0.7389	0.6182	0.9191	0.9383	0.7066	0.6788	0.8829	0.9058	 1.443	 1.256	 2.383	 2.399	 | 1.537 quantile
                      	   2.0	 1.529	 2.246	  2.76	 1.783	 1.365	 2.173	 2.187	  2.55	 2.734	 4.032	 4.156	 | 4.156 max

train losses    118:	0.3047	0.3157	0.3247	0.3118	0.3293	0.3291	0.3419	  0.34	0.4968	0.4914	0.5564	0.5558	
val losses      118:	0.2684	0.2382	0.3546	0.3465	 0.267	0.2703	0.3365	0.3313	0.5167	0.5108	 1.074	 1.072	 | 0.4655 mean
                     	0.7449	0.6233	0.9172	0.9396	0.7137	0.6672	 0.885	 0.901	 1.452	 1.259	 2.399	 2.396	 | 1.555 quantile
                      	 1.958	 1.429	 2.248	 2.778	 1.725	 1.479	 2.232	 2.213	 2.492	 2.604	 4.259	  4.33	 | 4.33 max

train losses    120:	0.3026	0.3133	0.3245	0.3115	0.3287	0.3306	0.3405	0.3392	0.4978	0.4906	0.5498	0.5451	
val losses      120:	0.2674	0.2366	0.3541	0.3464	0.2681	 0.271	0.3369	 0.332	0.5219	 0.508	 1.084	  1.08	 | 0.4671 mean
                     	0.7358	 0.618	0.9189	0.9379	0.7143	0.6738	0.8899	0.9095	 1.464	 1.238	 2.437	 2.421	 | 1.577 quantile
                      	 2.103	 1.468	 2.245	 2.774	 1.682	 1.396	 2.219	 2.227	 2.415	 2.533	 4.196	 4.229	 | 4.229 max

train losses    122:	0.3034	0.3142	 0.324	0.3111	0.3302	 0.331	0.3393	0.3386	0.5075	0.5016	0.5297	0.5246	
val losses      122:	0.2699	0.2431	0.3543	0.3461	0.2688	 0.274	0.3384	0.3339	0.5376	0.5221	 1.104	   1.1	 | 0.4743 mean
                     	0.7512	0.6362	0.9185	 0.937	0.7184	0.6754	0.8933	 0.916	 1.511	 1.279	 2.477	 2.461	 | 1.622 quantile
                      	  1.85	 1.387	 2.221	 2.762	 1.765	  1.42	 2.246	 2.252	 2.435	 2.532	 4.113	 4.131	 | 4.131 max

train losses    124:	0.3026	0.3133	0.3233	0.3107	0.3297	  0.33	0.3389	0.3376	0.5264	0.5164	0.5259	0.5222	
val losses      124:	0.2695	0.2412	0.3542	0.3462	0.2632	0.2665	0.3381	0.3328	0.5287	0.5134	 1.137	 1.134	 | 0.477 mean
                     	0.7462	0.6339	0.9139	0.9374	0.6868	 0.659	 0.887	0.9093	 1.482	 1.264	 2.551	 2.553	 | 1.64 quantile
                      	 2.083	 1.454	 2.228	 2.776	 1.708	 1.333	 2.275	 2.227	 2.439	 2.511	 3.941	 4.048	 | 4.048 max

train losses    126:	0.3033	0.3139	0.3227	0.3098	0.3303	0.3297	0.3363	0.3354	0.5381	0.5274	0.5513	0.5474	
val losses      126:	0.2672	  0.24	0.3544	0.3457	0.2613	0.2649	0.3376	0.3323	0.5211	0.5087	 1.145	 1.143	 | 0.4768 mean
                     	0.7439	0.6231	0.9157	0.9372	0.6883	0.6646	0.8881	 0.905	 1.457	 1.264	 2.599	 2.602	 | 1.636 quantile
                      	 1.882	 1.392	 2.232	 2.771	  1.75	 1.248	 2.232	 2.188	  2.51	 2.567	 4.152	 4.269	 | 4.269 max

train losses    128:	 0.304	0.3158	0.3219	0.3093	0.3303	0.3307	0.3375	0.3357	0.5185	0.5081	0.5948	0.5922	
val losses      128:	 0.263	0.2379	0.3541	0.3459	0.2604	0.2654	0.3381	0.3331	 0.504	0.5057	 1.155	 1.152	 | 0.4762 mean
                     	 0.729	0.6252	0.9156	0.9355	0.6905	0.6634	0.8961	0.9067	 1.427	 1.262	 2.668	  2.64	 | 1.648 quantile
                      	   1.9	 1.444	 2.241	 2.766	 1.829	 1.351	 2.261	 2.269	 2.645	  2.72	 4.223	 4.302	 | 4.302 max

train losses    130:	0.3014	0.3124	 0.322	0.3097	0.3274	0.3292	0.3355	0.3342	0.4951	0.4926	0.6398	 0.639	
val losses      130:	0.2647	0.2377	0.3545	0.3462	0.2603	0.2656	0.3366	0.3314	 0.509	0.5146	 1.124	 1.121	 | 0.4722 mean
                     	0.7269	0.6098	0.9158	0.9402	0.6842	0.6493	0.8934	0.9043	 1.413	 1.275	 2.617	 2.594	 | 1.621 quantile
                      	 1.787	 1.385	  2.23	 2.765	 1.727	  1.36	 2.244	  2.18	 2.664	 2.835	 4.211	 4.301	 | 4.301 max

train losses    132:	0.3025	0.3145	0.3216	0.3096	0.3284	0.3302	0.3353	0.3342	 0.504	0.5045	 0.606	0.6038	
val losses      132:	0.2694	0.2417	0.3549	0.3463	0.2642	 0.268	0.3368	0.3331	0.5102	0.5109	 1.074	 1.077	 | 0.4656 mean
                     	0.7414	0.6299	0.9144	0.9393	0.7004	0.6531	0.8922	0.9073	  1.41	 1.288	 2.461	 2.465	 | 1.555 quantile
                      	 1.941	 1.442	  2.22	  2.77	 1.685	 1.482	 2.175	 2.214	 2.627	 2.826	  4.12	 4.171	 | 4.171 max

train losses    134:	0.3015	0.3139	0.3214	 0.309	0.3298	0.3329	0.3339	0.3331	0.5108	0.5093	0.5529	0.5515	
val losses      134:	 0.267	 0.237	0.3543	0.3462	0.2614	0.2664	0.3353	0.3298	0.5012	0.5075	  1.09	 1.096	 | 0.466 mean
                     	 0.728	0.6153	0.9146	0.9299	0.6965	0.6576	0.8851	0.8999	 1.381	 1.245	 2.508	 2.512	 | 1.545 quantile
                      	 1.888	 1.439	 2.244	 2.768	 1.719	 1.478	 2.188	 2.218	  2.53	  2.87	 4.491	  4.45	 | 4.491 max

train losses    136:	0.3046	0.3122	0.3207	0.3077	0.3274	0.3289	0.3334	0.3323	0.5019	0.4977	0.5133	0.5128	
val losses      136:	0.2641	0.2343	0.3541	0.3459	0.2625	 0.269	0.3345	0.3304	0.5012	0.5049	 1.097	 1.108	 | 0.4672 mean
                     	0.7227	0.6111	0.9144	0.9404	0.6944	0.6568	 0.891	 0.904	 1.375	 1.232	 2.521	  2.54	 | 1.543 quantile
                      	 1.952	 1.402	 2.212	 2.765	 1.809	 1.493	 2.165	 2.174	 2.509	 2.674	 4.383	 4.387	 | 4.387 max

train losses    138:	0.3036	0.3108	0.3207	0.3081	0.3217	0.3236	0.3312	0.3306	0.4945	0.4902	0.5289	0.5271	
val losses      138:	0.2637	0.2344	0.3543	0.3461	0.2637	0.2695	0.3347	0.3304	 0.502	0.5111	 1.115	 1.128	 | 0.4711 mean
                     	0.7349	0.6039	0.9158	0.9345	0.6915	0.6597	0.8911	0.9011	 1.398	 1.254	 2.546	 2.568	 | 1.577 quantile
                      	 1.892	 1.323	 2.243	 2.748	 1.858	 1.459	 2.097	 2.145	 2.652	 2.723	 4.452	   4.5	 | 4.5 max

train losses    140:	0.3011	0.3107	0.3191	0.3068	0.3218	0.3228	0.3307	0.3295	0.4832	0.4785	0.5634	0.5614	
val losses      140:	0.2675	0.2392	 0.354	0.3461	0.2676	0.2729	0.3345	0.3315	 0.512	 0.514	 1.108	  1.12	 | 0.4723 mean
                     	 0.742	0.6212	0.9126	0.9343	0.7229	0.6741	0.8937	0.9069	 1.424	 1.263	 2.548	 2.582	 | 1.564 quantile
                      	 1.822	 1.412	  2.24	  2.74	 1.725	 1.433	  2.09	 2.137	 2.624	 2.746	  4.35	 4.376	 | 4.376 max

train losses    142:	0.2987	 0.307	 0.319	0.3066	0.3202	0.3218	0.3288	0.3272	0.4859	0.4805	0.5719	0.5678	
val losses      142:	0.2609	0.2364	 0.354	0.3461	0.2621	0.2654	0.3323	0.3286	0.5128	0.5106	 1.086	 1.096	 | 0.4659 mean
                     	0.7174	0.6121	 0.917	0.9357	0.7014	0.6552	0.8859	0.8876	  1.37	 1.254	 2.499	 2.504	 | 1.537 quantile
                      	 1.838	 1.395	 2.237	 2.748	 1.735	 1.443	 2.128	  2.16	 2.562	 2.695	 4.452	  4.44	 | 4.452 max

train losses    144:	0.2991	 0.306	 0.319	0.3063	0.3187	0.3205	0.3268	0.3253	 0.496	 0.491	0.5219	0.5171	
val losses      144:	0.2571	0.2344	 0.354	0.3456	 0.257	0.2645	0.3327	0.3289	0.5249	0.5231	 1.084	 1.089	 | 0.4663 mean
                     	0.6961	0.6059	0.9112	 0.935	0.6715	0.6456	0.8849	0.8971	 1.392	  1.28	 2.512	 2.526	 | 1.539 quantile
                      	 1.734	   1.3	 2.227	 2.738	 1.669	  1.38	 2.173	 2.162	 2.681	 2.631	 4.114	 4.203	 | 4.203 max

train losses    146:	0.2991	0.3078	0.3184	0.3056	0.3198	0.3186	0.3254	 0.325	0.4973	0.4925	 0.499	0.4963	
val losses      146:	0.2604	0.2371	0.3535	0.3455	0.2573	0.2669	0.3336	0.3306	0.5395	0.5637	 1.086	 1.088	 | 0.4719 mean
                     	0.7168	0.6175	0.9158	0.9319	0.6742	 0.663	0.8871	0.8931	 1.481	 1.374	 2.515	 2.506	 | 1.575 quantile
                      	 1.928	 1.414	 2.229	 2.756	 1.815	 1.487	 2.141	 2.161	 2.937	 2.741	 4.056	 4.126	 | 4.126 max

train losses    148:	0.2987	0.3057	0.3183	0.3064	0.3191	0.3233	0.3241	 0.323	0.5101	0.5038	0.4783	0.4749	
val losses      148:	0.2576	0.2347	0.3535	0.3455	0.2584	0.2682	0.3331	0.3282	0.5498	0.5755	 1.103	 1.103	 | 0.4758 mean
                     	0.7115	0.6088	0.9167	0.9361	0.6682	0.6556	0.8858	0.8931	 1.556	 1.416	 2.541	 2.525	 | 1.609 quantile
                      	 1.738	 1.378	 2.229	 2.752	 1.879	 1.287	 2.176	 2.139	 3.053	 2.775	 4.292	 4.305	 | 4.305 max

train losses    150:	0.2965	0.3078	0.3168	0.3049	0.3213	0.3245	0.3232	0.3228	0.5266	0.5276	0.4799	0.4771	
val losses      150:	0.2591	0.2338	0.3533	0.3453	 0.259	0.2665	 0.335	0.3301	0.5245	0.5494	 1.104	 1.101	 | 0.4718 mean
                     	0.7095	 0.607	 0.915	0.9363	0.6734	0.6573	0.8871	0.8928	 1.459	 1.348	 2.525	  2.53	 | 1.605 quantile
                      	 1.788	 1.406	  2.22	 2.782	 1.817	 1.351	 2.191	 2.168	 2.947	 2.768	 4.183	 4.249	 | 4.249 max

train losses    152:	0.2947	0.3058	0.3169	0.3052	0.3173	0.3221	0.3246	0.3229	0.5206	0.5214	0.4869	0.4824	
val losses      152:	0.2618	 0.236	0.3534	0.3452	 0.257	0.2633	 0.334	0.3305	0.5096	 0.509	 1.095	 1.095	 | 0.4658 mean
                     	0.7171	0.6121	0.9134	0.9342	0.6736	0.6465	0.8833	0.8976	 1.414	 1.249	 2.502	 2.505	 | 1.593 quantile
                      	 1.783	  1.38	 2.216	 2.757	 1.783	  1.45	 2.238	 2.201	 2.728	  2.77	 4.144	 4.182	 | 4.182 max

train losses    154:	0.2961	 0.308	0.3167	 0.305	0.3171	0.3207	0.3203	0.3195	0.4943	0.4905	0.4833	0.4819	
val losses      154:	0.2707	0.2383	0.3532	0.3453	0.2601	0.2654	0.3346	0.3302	0.5226	0.5162	 1.084	 1.088	 | 0.4673 mean
                     	0.7492	0.6239	0.9099	0.9381	0.7034	0.6584	0.8807	 0.896	 1.487	 1.268	 2.506	 2.519	 | 1.559 quantile
                      	 1.923	 1.405	 2.224	 2.768	 1.775	 1.398	 2.207	 2.226	  2.47	 2.547	 4.252	 4.301	 | 4.301 max

train losses    156:	0.2943	0.3047	0.3163	0.3046	0.3127	0.3177	0.3195	0.3182	0.4873	0.4845	 0.477	0.4758	
val losses      156:	0.2653	0.2356	0.3532	0.3454	0.2638	0.2684	0.3351	0.3313	0.5438	0.5329	  1.07	 1.076	 | 0.4684 mean
                     	0.7447	0.6149	0.9104	0.9378	0.7161	0.6519	0.8865	0.8995	 1.542	 1.292	  2.43	 2.457	 | 1.544 quantile
                      	 1.883	 1.347	 2.231	 2.757	 1.756	 1.395	 2.176	 2.177	 2.604	 2.501	 4.201	 4.366	 | 4.366 max

train losses    158:	0.2959	0.3036	0.3162	0.3047	0.3128	0.3158	 0.318	0.3178	 0.499	0.4954	0.4748	0.4747	
val losses      158:	0.2716	0.2376	0.3527	0.3444	0.2635	0.2702	0.3347	0.3295	0.5479	0.5443	 1.086	 1.095	 | 0.4731 mean
                     	0.7467	0.6175	0.9092	0.9342	0.7159	  0.66	0.8832	0.9021	 1.603	 1.325	 2.485	 2.513	 | 1.573 quantile
                      	 1.899	 1.314	 2.246	 2.737	 1.799	  1.53	 2.205	 2.209	 2.538	 2.535	 4.217	 4.275	 | 4.275 max

train losses    160:	0.2936	0.3032	0.3155	0.3041	0.3091	0.3142	0.3179	0.3176	0.4973	0.4992	0.5073	0.5057	
val losses      160:	0.2652	0.2338	0.3529	0.3449	 0.263	0.2662	0.3341	0.3299	0.5366	 0.538	 1.095	 1.107	 | 0.4722 mean
                     	0.7322	0.6071	 0.907	0.9312	0.7108	0.6539	0.8885	0.8909	 1.562	 1.301	 2.523	 2.549	 | 1.578 quantile
                      	 1.814	 1.275	 2.246	 2.761	 1.813	 1.406	 2.093	 2.142	 2.362	  2.59	 4.207	  4.27	 | 4.27 max

train losses    162:	0.2935	0.3042	0.3155	0.3033	0.3147	0.3168	0.3171	0.3155	0.4825	0.4857	0.5446	0.5432	
val losses      162:	 0.269	0.2352	 0.353	 0.345	0.2626	0.2685	0.3343	0.3306	0.5309	0.5283	 1.089	 1.099	 | 0.4705 mean
                     	0.7372	0.6146	0.9092	0.9327	0.7071	0.6588	0.8895	 0.897	 1.533	 1.291	 2.496	 2.525	 | 1.563 quantile
                      	 1.831	 1.374	  2.24	 2.742	 1.738	 1.545	 2.174	 2.197	 2.392	 2.722	 4.132	 4.227	 | 4.227 max

train losses    164:	0.2961	 0.305	0.3149	0.3035	0.3161	0.3162	0.3194	0.3189	0.4797	0.4849	0.5652	0.5629	
val losses      164:	0.2648	0.2352	0.3533	0.3452	 0.266	0.2676	 0.335	0.3307	0.5156	0.5145	 1.075	 1.084	 | 0.4655 mean
                     	0.7346	0.6165	0.9092	 0.931	 0.709	0.6613	0.8871	0.8959	 1.453	 1.256	  2.46	 2.487	 | 1.533 quantile
                      	 1.803	 1.314	 2.227	 2.754	 1.721	 1.501	 2.185	  2.25	 2.556	 2.615	 4.241	 4.226	 | 4.241 max

train losses    166:	0.2984	0.3073	 0.315	0.3041	0.3171	0.3189	0.3178	0.3174	0.4729	0.4794	0.5452	0.5408	
val losses      166:	0.2601	0.2351	0.3526	0.3452	0.2631	0.2673	 0.335	0.3307	0.5099	0.5111	 1.072	 1.076	 | 0.4632 mean
                     	0.7064	0.6124	0.9093	0.9325	0.7018	 0.664	 0.888	0.8955	 1.389	  1.25	 2.418	 2.433	 | 1.538 quantile
                      	 1.767	 1.245	  2.23	 2.751	 1.628	 1.417	 2.251	 2.256	 2.663	  2.69	 3.884	  3.89	 | 3.89 max

train losses    168:	0.2981	0.3044	0.3147	0.3035	0.3171	0.3173	 0.317	0.3176	0.4751	 0.477	0.5047	0.5024	
val losses      168:	0.2608	0.2343	0.3526	0.3448	0.2587	0.2637	0.3341	0.3286	 0.512	0.5199	 1.086	 1.083	 | 0.4648 mean
                     	0.7116	0.6131	0.9088	0.9306	0.6873	0.6548	0.8848	0.8979	 1.381	 1.268	 2.443	 2.428	 | 1.575 quantile
                      	  1.77	 1.415	 2.232	 2.729	 1.765	   1.5	   2.2	 2.222	 2.696	 2.763	 3.982	 4.068	 | 4.068 max

train losses    170:	0.2944	0.3018	0.3141	0.3024	0.3117	0.3156	0.3168	0.3152	0.4657	0.4661	0.5017	0.4986	
val losses      170:	0.2597	0.2385	 0.352	0.3441	0.2555	0.2627	0.3365	0.3306	0.5125	0.5228	 1.128	 1.123	 | 0.4722 mean
                     	0.7117	0.6162	0.9085	0.9323	0.6668	0.6543	0.8864	0.9088	 1.391	 1.278	 2.566	 2.565	 | 1.621 quantile
                      	 1.769	 1.313	 2.211	 2.759	 1.702	 1.358	 2.242	  2.24	  2.85	 2.703	 4.185	 4.241	 | 4.241 max

train losses    172:	0.2926	0.3005	0.3133	0.3016	0.3128	0.3142	0.3139	0.3134	0.4637	0.4635	0.5217	0.5189	
val losses      172:	0.2673	0.2396	0.3523	0.3439	0.2606	0.2694	0.3365	0.3317	0.5147	0.5202	 1.138	 1.134	 | 0.4758 mean
                     	 0.746	0.6232	0.9105	0.9356	0.6824	0.6607	0.8894	0.9017	 1.406	 1.285	 2.546	 2.536	 | 1.642 quantile
                      	 1.932	 1.363	 2.243	  2.74	 1.685	 1.366	 2.213	  2.26	 2.885	 2.712	 4.087	 4.108	 | 4.108 max

train losses    174:	0.2909	0.2991	0.3138	 0.302	0.3105	0.3119	0.3124	0.3114	0.4633	0.4627	0.5343	0.5329	
val losses      174:	  0.26	0.2357	0.3524	0.3443	0.2549	0.2664	0.3362	0.3312	0.5143	0.5117	 1.131	 1.126	 | 0.472 mean
                     	0.7207	0.6069	0.9049	0.9356	0.6577	0.6655	 0.894	0.9072	 1.418	 1.264	  2.53	 2.515	 | 1.626 quantile
                      	 1.763	 1.338	 2.207	  2.74	 1.719	 1.378	 2.243	 2.217	 2.796	  2.57	 3.856	 3.837	 | 3.856 max

train losses    176:	0.2896	0.2995	 0.313	 0.302	0.3119	0.3133	0.3122	0.3114	0.4589	0.4568	0.5198	0.5178	
val losses      176:	 0.258	0.2329	0.3518	 0.344	0.2571	 0.269	0.3338	0.3295	 0.514	0.5044	 1.093	 1.088	 | 0.4646 mean
                     	0.7075	0.6032	0.9098	0.9332	0.6655	0.6679	0.8899	0.9025	 1.395	  1.24	 2.397	 2.392	 | 1.589 quantile
                      	 1.761	 1.287	 2.221	 2.735	 1.751	 1.417	 2.278	 2.283	 2.659	 2.669	 3.802	 3.755	 | 3.802 max

train losses    178:	0.2917	0.2987	 0.313	0.3016	0.3107	0.3124	0.3105	0.3103	0.4605	0.4567	0.4981	0.4954	
val losses      178:	 0.261	0.2355	0.3519	0.3439	0.2579	0.2641	 0.334	0.3296	0.5137	0.5118	 1.086	 1.083	 | 0.4644 mean
                     	0.7177	0.6057	0.9053	0.9289	0.6859	0.6532	0.8883	0.8919	 1.429	 1.268	 2.446	 2.428	 | 1.573 quantile
                      	 1.732	   1.4	 2.224	 2.741	 1.739	 1.463	 2.251	  2.24	 2.641	 2.638	 3.861	 3.867	 | 3.867 max

train losses    180:	0.2918	0.2989	0.3118	0.3009	0.3085	0.3106	0.3088	0.3076	0.4565	0.4531	0.4869	0.4854	
val losses      180:	0.2627	0.2316	0.3514	0.3438	0.2563	  0.26	0.3322	 0.328	0.5075	0.5036	  1.07	 1.073	 | 0.4601 mean
                     	0.7197	0.5939	0.9058	 0.933	0.6759	0.6389	0.8764	0.8931	 1.413	 1.253	 2.398	 2.413	 | 1.553 quantile
                      	  1.78	 1.415	 2.215	 2.724	 1.726	 1.329	 2.207	   2.2	 2.685	 2.663	 4.078	 4.165	 | 4.165 max

train losses    182:	0.2895	0.2961	0.3123	 0.301	0.3069	0.3081	0.3072	0.3062	0.4513	0.4461	0.4629	 0.462	
val losses      182:	  0.26	0.2321	 0.352	0.3442	0.2557	0.2611	0.3332	 0.329	0.5079	0.5106	 1.071	 1.077	 | 0.4611 mean
                     	0.7127	0.6054	0.9057	0.9276	0.6841	0.6487	0.8809	0.8983	 1.432	 1.254	 2.416	 2.445	 | 1.528 quantile
                      	 1.744	 1.367	 2.223	 2.721	 1.657	 1.342	 2.169	  2.18	 2.721	 2.721	  4.12	 4.148	 | 4.148 max

train losses    184:	0.2884	0.2969	0.3112	0.3004	0.3056	0.3106	0.3041	0.3049	0.4492	0.4495	0.4619	0.4602	
val losses      184:	0.2608	0.2299	 0.352	0.3439	0.2566	0.2636	0.3319	0.3277	0.5082	0.5102	 1.071	 1.076	 | 0.461 mean
                     	0.7165	0.5949	0.9034	0.9306	0.6851	0.6443	0.8821	0.8917	 1.413	 1.257	 2.429	 2.455	 | 1.526 quantile
                      	 1.748	 1.413	 2.221	 2.734	 1.655	 1.409	 2.188	 2.197	 2.641	 2.693	 4.002	 4.043	 | 4.043 max

train losses    186:	0.2867	0.2958	0.3109	0.2991	0.3038	0.3066	0.3032	0.3017	0.4438	0.4426	0.4518	0.4508	
val losses      186:	0.2589	0.2306	 0.352	0.3441	0.2548	0.2613	0.3316	0.3268	0.5054	0.5062	 1.078	 1.085	 | 0.4612 mean
                     	0.7113	0.5928	0.9081	0.9346	0.6741	0.6366	 0.883	0.8964	 1.406	 1.246	 2.445	 2.479	 | 1.534 quantile
                      	 1.737	  1.33	 2.222	 2.739	  1.81	 1.369	 2.148	 2.208	 2.654	 2.714	 4.122	 4.133	 | 4.133 max

train losses    188:	 0.287	0.2956	0.3101	0.2994	0.3031	0.3052	 0.303	0.3012	0.4482	 0.443	0.4508	0.4495	
val losses      188:	0.2561	0.2297	0.3517	0.3437	0.2543	0.2621	0.3315	0.3261	0.5038	 0.505	 1.067	 1.075	 | 0.4588 mean
                     	0.7066	0.5993	0.9057	0.9287	0.6819	0.6424	0.8798	0.8894	 1.397	 1.234	 2.425	 2.451	 | 1.519 quantile
                      	 1.641	 1.473	 2.227	 2.744	 1.796	 1.419	 2.148	  2.16	 2.616	 2.742	 4.176	 4.221	 | 4.221 max

train losses    190:	0.2865	0.2939	0.3109	   0.3	0.3023	0.3084	 0.302	0.2999	0.4468	0.4419	 0.452	0.4515	
val losses      190:	0.2548	 0.228	0.3513	0.3434	0.2532	0.2618	0.3302	 0.325	0.5051	0.5042	 1.069	 1.077	 | 0.4586 mean
                     	0.7035	 0.591	0.9052	 0.933	0.6746	0.6389	 0.871	0.8885	 1.388	 1.239	 2.437	 2.466	 | 1.519 quantile
                      	 1.749	 1.396	 2.227	 2.719	 1.749	 1.333	 2.135	 2.211	 2.538	 2.702	 4.208	 4.262	 | 4.262 max

train losses    192:	0.2843	0.2921	0.3103	0.2993	0.3042	0.3057	0.2998	0.2989	0.4448	0.4415	0.4554	0.4538	
val losses      192:	0.2575	 0.229	0.3516	0.3436	0.2536	0.2595	0.3307	0.3257	0.5094	 0.509	 1.067	 1.074	 | 0.4592 mean
                     	0.7089	0.5916	0.9064	0.9297	0.6794	 0.629	0.8826	 0.891	 1.435	 1.252	 2.444	 2.478	 | 1.52 quantile
                      	 1.722	 1.358	 2.212	 2.727	 1.748	  1.31	 2.126	 2.149	 2.504	 2.702	 4.101	 4.149	 | 4.149 max

train losses    194:	0.2875	0.2945	0.3093	0.2976	0.3006	 0.303	0.2998	0.2992	 0.445	0.4388	0.4614	0.4597	
val losses      194:	0.2598	 0.229	0.3512	0.3433	0.2567	0.2611	0.3307	0.3253	0.5084	0.5067	 1.072	 1.081	 | 0.4605 mean
                     	0.7138	0.5958	0.9073	0.9259	0.6855	0.6379	0.8742	0.8864	 1.418	 1.245	 2.455	 2.471	 | 1.523 quantile
                      	 1.714	 1.352	   2.2	 2.734	 1.766	 1.296	 2.103	 2.144	 2.623	 2.739	 4.181	 4.231	 | 4.231 max

train losses    196:	0.2841	0.2923	0.3099	0.2992	0.3002	0.3031	0.2986	0.2977	0.4455	0.4407	0.4525	0.4523	
val losses      196:	0.2576	0.2292	0.3512	0.3433	0.2578	0.2605	0.3318	0.3272	0.5172	0.5102	 1.066	 1.072	 | 0.4603 mean
                     	0.7049	0.5924	0.9058	0.9301	0.7083	 0.643	0.8704	0.8901	 1.475	 1.246	 2.432	  2.47	 | 1.524 quantile
                      	 1.714	 1.322	 2.229	 2.713	 1.683	 1.421	 2.162	  2.21	 2.504	 2.637	   4.1	  4.14	 | 4.14 max

train losses    198:	0.2845	0.2914	0.3093	0.2979	0.3014	0.3024	0.2974	0.2973	0.4434	 0.441	0.4477	0.4481	
val losses      198:	 0.257	0.2265	0.3509	0.3433	0.2591	0.2604	0.3317	0.3265	 0.525	0.5142	 1.069	 1.076	 | 0.4617 mean
                     	0.7102	0.5818	0.9039	0.9275	0.7014	0.6339	0.8739	0.8911	 1.488	 1.263	 2.444	 2.491	 | 1.528 quantile
                      	 1.716	 1.261	 2.217	 2.715	 1.686	 1.432	 2.165	 2.229	 2.553	 2.549	 4.166	 4.199	 | 4.199 max

train losses    200:	0.2848	0.2918	 0.309	 0.298	 0.299	0.3043	 0.295	0.2948	 0.448	0.4453	0.4417	0.4416	
val losses      200:	 0.259	0.2273	0.3514	0.3436	0.2606	0.2613	0.3327	0.3278	0.5314	0.5224	 1.069	 1.077	 | 0.4636 mean
                     	0.7127	0.5897	0.9056	0.9282	0.7019	0.6482	 0.876	0.8851	 1.515	  1.27	  2.46	  2.49	 | 1.533 quantile
                      	 1.717	 1.418	 2.204	 2.732	 1.761	  1.38	 2.164	 2.265	 2.418	 2.638	 4.128	 4.169	 | 4.169 max

train losses    202:	0.2849	0.2902	0.3077	 0.297	0.3025	0.3038	0.2947	0.2946	0.4601	0.4567	0.4424	0.4419	
val losses      202:	  0.26	0.2278	0.3512	0.3432	  0.26	0.2626	0.3323	0.3275	0.5396	 0.529	 1.069	 1.078	 | 0.4651 mean
                     	0.7215	 0.596	   0.9	 0.926	0.6969	0.6487	0.8754	0.8887	 1.533	  1.28	 2.466	 2.502	 | 1.535 quantile
                      	 1.755	 1.366	 2.224	 2.722	 1.818	 1.381	 2.144	 2.238	 2.606	 2.605	 4.157	 4.194	 | 4.194 max

train losses    204:	 0.284	0.2906	0.3085	0.2973	0.3007	0.3028	 0.294	0.2944	0.4734	0.4676	 0.445	0.4451	
val losses      204:	0.2608	 0.229	0.3508	 0.343	0.2591	0.2599	0.3313	0.3264	0.5371	0.5279	  1.07	 1.078	 | 0.4644 mean
                     	0.7163	0.5961	0.9003	0.9269	0.6951	0.6432	0.8732	0.8799	 1.533	  1.29	 2.468	 2.502	 | 1.53 quantile
                      	 1.775	 1.372	 2.215	 2.732	 1.769	 1.371	 2.181	 2.278	 2.358	 2.502	 4.221	 4.267	 | 4.267 max

train losses    206:	0.2836	0.2905	0.3082	0.2971	0.2995	 0.302	0.2939	0.2937	0.4718	0.4685	0.4481	 0.446	
val losses      206:	0.2582	0.2261	0.3508	0.3432	0.2554	0.2588	 0.332	0.3272	0.5249	0.5154	  1.08	 1.089	 | 0.4634 mean
                     	0.7102	0.5897	0.9026	0.9258	0.6859	0.6334	0.8744	0.8893	 1.516	 1.258	 2.513	 2.538	 | 1.524 quantile
                      	 1.753	 1.356	 2.229	 2.722	 1.712	 1.467	 2.098	   2.2	 2.456	 2.579	 4.153	 4.193	 | 4.193 max

train losses    208:	0.2843	0.2918	0.3078	0.2969	0.2994	0.3024	 0.294	0.2929	0.4563	0.4595	0.4605	0.4598	
val losses      208:	0.2616	0.2283	0.3511	0.3432	0.2583	0.2594	0.3325	0.3278	0.5146	0.5111	  1.08	 1.089	 | 0.4631 mean
                     	0.7194	0.5957	0.9039	0.9307	0.6952	0.6323	0.8796	0.8965	 1.454	 1.251	 2.515	 2.537	 | 1.536 quantile
                      	 1.786	 1.458	 2.226	 2.718	  1.78	 1.321	 2.111	 2.194	 2.512	 2.627	 4.278	  4.35	 | 4.35 max

train losses    210:	0.2844	0.2915	0.3079	0.2966	0.2977	0.3026	 0.293	0.2924	0.4473	0.4476	0.4734	0.4713	
val losses      210:	0.2568	0.2278	0.3507	0.3429	0.2525	0.2589	0.3315	0.3267	0.5066	 0.502	 1.074	 1.085	 | 0.4596 mean
                     	0.7019	0.6005	0.9019	0.9261	0.6759	0.6309	0.8773	0.8865	 1.416	 1.244	 2.518	 2.522	 | 1.517 quantile
                      	 1.715	 1.433	  2.23	 2.724	 1.721	 1.428	 2.134	 2.228	 2.567	 2.634	  4.05	 4.079	 | 4.079 max

train losses    212:	0.2836	0.2896	0.3078	0.2967	0.2997	0.3048	0.2939	0.2936	0.4452	0.4473	0.4927	0.4907	
val losses      212:	0.2535	0.2299	0.3508	 0.343	0.2546	0.2617	  0.33	0.3252	0.5101	 0.521	 1.056	 1.067	 | 0.4586 mean
                     	0.6942	0.5915	0.9009	0.9243	0.6742	0.6428	0.8783	0.8833	 1.405	 1.288	 2.427	 2.425	 | 1.508 quantile
                      	 1.654	 1.293	 2.231	 2.713	 1.726	 1.276	  2.13	  2.16	  2.72	 2.687	 3.883	 3.942	 | 3.942 max

train losses    214:	0.2858	0.2882	0.3082	0.2969	0.3025	0.3027	0.2954	0.2947	 0.454	 0.451	0.5017	0.5006	
val losses      214:	0.2518	0.2278	 0.351	0.3433	 0.252	0.2622	0.3327	0.3268	 0.517	0.5353	 1.043	 1.052	 | 0.4579 mean
                     	 0.683	 0.594	0.9061	0.9245	0.6582	 0.644	0.8772	0.8911	 1.413	 1.291	 2.352	  2.37	 | 1.498 quantile
                      	 1.668	 1.313	  2.23	 2.706	 1.713	 1.484	 2.179	 2.191	 2.811	 2.816	 3.674	 3.722	 | 3.722 max

train losses    216:	0.2856	0.2908	 0.308	0.2975	0.3043	0.3063	 0.295	0.2947	0.4735	0.4677	0.4872	0.4873	
val losses      216:	0.2494	0.2262	0.3507	0.3425	0.2503	0.2595	0.3299	0.3252	0.5211	0.5418	  1.05	 1.052	 | 0.4583 mean
                     	0.6787	 0.588	0.9037	0.9337	0.6592	0.6415	 0.874	0.8801	  1.42	 1.298	 2.366	 2.381	 | 1.517 quantile
                      	 1.652	 1.296	 2.222	 2.732	 1.736	 1.381	 2.157	 2.204	 2.834	 2.931	 3.708	 3.788	 | 3.788 max

train losses    218:	 0.286	 0.291	0.3075	0.2968	0.3177	0.3178	0.2963	 0.297	0.5378	0.5254	0.4673	0.4674	
val losses      218:	0.2472	0.2252	0.3501	0.3425	0.2497	0.2594	0.3317	0.3254	0.5574	0.5925	 1.057	 1.058	 | 0.4663 mean
                     	0.6647	0.5833	0.8995	0.9233	0.6373	0.6372	0.8828	0.8891	 1.547	 1.411	 2.375	  2.39	 | 1.558 quantile
                      	 1.638	 1.277	 2.224	  2.71	 1.679	 1.399	 2.165	 2.179	  3.05	 2.967	  3.72	 3.665	 | 3.72 max

train losses    220:	0.3165	0.3281	0.3167	0.3059	0.3654	0.3712	0.3241	0.3242	0.9356	  0.93	0.6348	0.6354	
val losses      220:	0.2422	0.2326	0.3499	0.3424	0.2624	0.2679	0.3337	0.3231	0.9537	0.9777	 1.067	 1.073	 | 0.5354 mean
                     	0.6215	 0.588	0.9164	0.9265	 0.652	0.6677	0.8886	0.8834	 2.337	  2.27	 2.435	 2.459	 | 1.85 quantile
                      	 1.495	 1.263	 2.209	 2.693	 1.627	 1.533	 2.034	 2.096	 4.025	 4.343	 3.944	 4.017	 | 4.343 max

train losses    222:	0.5006	0.5349	0.3517	0.3406	 0.577	0.5721	0.4783	0.4819	   2.2	 2.076	  1.31	 1.281	
val losses      222:	0.3723	0.3221	0.3558	0.3473	0.3417	0.3492	0.3475	0.3474	 0.869	0.8061	 1.118	 1.129	 | 0.5588 mean
                     	 1.096	0.8453	0.9046	0.9293	0.8952	0.8996	0.9226	0.9241	 2.094	 1.972	 2.859	  2.88	 | 1.811 quantile
                      	 3.023	 1.947	  2.29	 2.694	 2.036	 1.962	 2.288	 2.285	 3.006	 2.854	 4.421	 4.638	 | 4.638 max

train losses    224:	0.4712	0.5005	0.3346	0.3252	0.6157	0.6371	0.4437	0.4497	 1.296	 1.313	 1.212	 1.209	
val losses      224:	0.4366	0.3736	0.3598	0.3534	0.4092	0.4332	0.3611	0.3671	0.7229	0.7834	 1.043	 1.051	 | 0.5579 mean
                     	 1.291	 1.008	0.9191	0.9419	 1.103	 1.115	 0.983	0.9927	   2.0	 1.948	 2.382	 2.425	 | 1.725 quantile
                      	 3.278	 3.175	 2.234	 2.646	 2.564	 2.825	 2.419	 2.425	 4.201	 3.996	 3.781	 3.983	 | 4.201 max

train losses    226:	0.4796	0.4998	0.3363	 0.328	0.5985	0.6172	0.4442	0.4472	 1.346	 1.351	 1.243	 1.241	
val losses      226:	0.4618	0.4117	 0.359	0.3539	0.4215	0.4415	0.3695	0.3792	0.7093	0.7802	 1.071	 1.078	 | 0.5697 mean
                     	 1.364	 1.143	0.9272	0.9388	 1.138	 1.102	0.9967	 1.025	 1.924	 1.925	 2.501	  2.53	 | 1.766 quantile
                      	 3.542	  3.21	 2.216	 2.658	 2.421	 2.745	 2.652	  2.58	 4.146	 3.584	 4.108	 4.447	 | 4.447 max

train losses    228:	0.4602	0.4791	0.3344	0.3257	0.5405	0.5601	0.4411	0.4459	 1.273	 1.293	 1.227	 1.225	
val losses      228:	0.4432	0.3879	0.3578	0.3528	0.3871	 0.399	0.3709	0.3798	0.6908	0.7707	 1.105	 1.109	 | 0.5629 mean
                     	 1.317	 1.059	0.9255	0.9341	 1.064	 1.029	0.9929	 1.021	 1.863	 1.893	 2.623	 2.633	 | 1.757 quantile
                      	 3.458	 2.454	 2.243	  2.67	 2.264	 2.052	 2.601	 2.543	 4.011	 3.353	 4.683	 4.803	 | 4.803 max

train losses    230:	0.4496	0.4702	0.3343	0.3254	0.5146	0.5315	  0.44	0.4452	 1.189	 1.214	 1.188	 1.191	
val losses      230:	0.4249	0.3688	0.3578	0.3521	0.3643	0.3662	0.3741	0.3821	0.6529	0.7205	 1.092	 1.099	 | 0.5462 mean
                     	 1.255	0.9974	0.9275	0.9406	0.9498	0.9063	  1.01	 1.026	 1.862	 1.782	  2.53	 2.544	 | 1.715 quantile
                      	 3.511	 2.553	 2.196	 2.686	 2.273	 1.988	 2.444	 2.493	 3.532	 3.152	 4.822	 4.656	 | 4.822 max

train losses    232:	0.4426	 0.461	0.3342	0.3247	0.4993	0.5103	0.4338	0.4386	 1.111	  1.13	  1.13	 1.133	
val losses      232:	0.4146	0.3452	0.3569	0.3518	0.3641	0.3578	0.3747	0.3823	0.6425	0.6778	 1.086	 1.099	 | 0.5377 mean
                     	 1.189	0.9198	0.9249	0.9308	0.9814	0.8971	0.9888	 1.021	 1.857	 1.769	 2.507	 2.488	 | 1.704 quantile
                      	 3.349	 2.212	 2.177	 2.717	 2.278	 2.226	 2.537	 2.593	 2.887	 2.967	 4.792	 4.602	 | 4.792 max

train losses    234:	0.4305	0.4381	0.3304	0.3211	0.4807	0.4874	0.4265	0.4306	 1.027	 1.042	 1.054	 1.059	
val losses      234:	0.4008	0.3276	0.3558	0.3503	0.3494	0.3478	0.3719	0.3785	0.5916	0.6112	 1.096	 1.113	 | 0.5245 mean
                     	 1.145	 0.871	0.9219	  0.93	0.9659	0.8594	0.9777	 1.002	  1.67	 1.626	 2.576	 2.546	 | 1.674 quantile
                      	 3.166	 2.149	 2.189	 2.742	  2.22	 2.126	 2.453	 2.534	 2.746	 2.738	 4.696	 4.729	 | 4.729 max

train losses    236:	 0.414	0.4204	0.3293	0.3198	0.4618	0.4697	  0.42	0.4249	0.9706	0.9795	0.9882	0.9948	
val losses      236:	0.3688	0.2937	0.3556	0.3499	0.3284	0.3204	0.3679	0.3723	0.6011	0.5796	 1.099	 1.116	 | 0.5127 mean
                     	 1.053	0.7826	0.9207	0.9318	0.8898	0.7972	0.9848	0.9973	 1.603	   1.5	 2.601	 2.601	 | 1.641 quantile
                      	 2.697	 2.155	 2.188	 2.752	 2.054	 1.765	 2.316	 2.416	 2.756	 2.537	 4.696	 4.852	 | 4.852 max

train losses    238:	0.3953	0.4013	0.3275	0.3185	0.4458	0.4577	0.4157	0.4199	0.9055	0.9149	0.9417	 0.949	
val losses      238:	0.3438	0.2683	0.3554	0.3501	0.2972	0.2942	0.3644	0.3686	0.5738	0.5421	  1.09	 1.108	 | 0.4963 mean
                     	0.9649	0.7025	0.9169	 0.935	0.8021	0.7417	0.9778	0.9977	 1.545	 1.394	 2.555	 2.567	 | 1.608 quantile
                      	 2.703	 1.756	 2.215	 2.742	 2.035	  1.44	 2.195	 2.301	 2.643	 2.557	 4.957	   5.0	 | 5.0 max

train losses    240:	0.3854	0.3888	0.3263	0.3171	0.4303	0.4403	0.4081	0.4123	0.8588	0.8649	0.8926	0.8976	
val losses      240:	 0.327	0.2547	0.3557	0.3501	0.2854	0.2842	0.3611	0.3642	0.5637	0.5202	 1.094	 1.109	 | 0.4891 mean
                     	0.9165	0.6526	0.9181	0.9351	0.7549	 0.716	0.9633	0.9872	 1.532	 1.339	 2.557	 2.555	 | 1.589 quantile
                      	 2.654	  1.57	 2.225	 2.731	 1.974	  1.17	 2.194	 2.236	 2.459	 2.687	 4.946	  4.99	 | 4.99 max

train losses    242:	0.3764	0.3805	0.3259	0.3164	0.4193	0.4299	0.4036	0.4071	0.8114	0.8128	0.8401	0.8469	
val losses      242:	 0.317	0.2502	0.3563	0.3503	0.2775	 0.279	0.3563	0.3592	0.5543	0.5093	   1.1	 1.114	 | 0.4852 mean
                     	0.8884	0.6414	0.9206	0.9331	0.7373	0.6995	0.9544	0.9785	 1.487	 1.286	 2.558	 2.539	 | 1.585 quantile
                      	 2.442	 1.559	 2.202	 2.753	 1.893	 1.174	 2.186	   2.2	  2.38	 2.758	 5.032	 5.112	 | 5.112 max

train losses    244:	0.3729	0.3745	0.3251	0.3162	0.4122	0.4215	0.3963	0.4006	0.7733	 0.768	0.8131	0.8192	
val losses      244:	0.3162	0.2531	0.3563	0.3502	0.2753	0.2791	0.3528	0.3569	0.5472	0.5065	 1.097	  1.11	 | 0.4834 mean
                     	0.8887	0.6553	0.9208	0.9316	0.7278	0.7015	 0.945	0.9632	 1.471	 1.272	 2.536	 2.515	 | 1.577 quantile
                      	 2.436	 1.515	 2.208	 2.765	 1.799	 1.306	 2.183	 2.182	 2.425	 2.766	 4.923	 5.107	 | 5.107 max

train losses    246:	0.3636	 0.368	0.3245	0.3153	0.4039	0.4124	0.3931	0.3957	0.7385	0.7318	0.7807	0.7831	
val losses      246:	0.3086	0.2504	 0.356	0.3499	0.2695	0.2754	0.3502	0.3537	0.5374	0.4986	 1.097	 1.107	 | 0.4794 mean
                     	0.8729	0.6551	0.9242	0.9334	0.7134	0.6931	0.9328	0.9616	 1.448	 1.246	 2.533	 2.511	 | 1.57 quantile
                      	 2.469	 1.611	 2.214	 2.779	  1.73	 1.257	 2.175	 2.197	 2.314	 2.826	  4.87	 4.987	 | 4.987 max

train losses    248:	0.3585	 0.365	0.3236	0.3144	0.3964	0.4055	0.3866	0.3907	0.7191	0.7074	0.7487	0.7523	
val losses      248:	0.3018	0.2482	 0.356	0.3497	0.2649	0.2715	0.3486	0.3517	 0.528	0.4923	 1.094	 1.101	 | 0.4756 mean
                     	0.8415	0.6411	0.9273	 0.937	0.6964	0.6875	0.9298	0.9649	 1.433	 1.232	 2.505	  2.51	 | 1.56 quantile
                      	 2.254	 1.654	 2.222	 2.777	 1.766	 1.271	 2.136	 2.154	 2.221	 2.813	 4.862	 5.117	 | 5.117 max

train losses    250:	0.3491	0.3578	0.3227	0.3135	0.3898	0.3977	0.3818	0.3855	0.6975	0.6845	0.7252	0.7256	
val losses      250:	0.2968	 0.247	0.3562	0.3495	0.2607	0.2694	0.3479	0.3507	0.5186	0.4887	 1.098	 1.103	 | 0.4738 mean
                     	0.8234	0.6419	0.9223	0.9397	0.6886	0.6799	 0.931	0.9573	 1.419	 1.215	 2.518	  2.51	 | 1.558 quantile
                      	 2.026	 1.598	 2.223	 2.785	 1.773	 1.209	 2.066	 2.101	 2.178	  2.86	 5.015	 5.269	 | 5.269 max

train losses    252:	0.3454	0.3524	 0.322	0.3127	0.3843	0.3927	0.3778	 0.381	0.6769	0.6645	0.6978	0.7001	
val losses      252:	0.2987	0.2495	0.3562	0.3491	0.2596	0.2699	0.3464	0.3486	0.5175	0.4908	 1.093	 1.098	 | 0.4731 mean
                     	0.8367	0.6529	0.9203	0.9402	0.6978	 0.675	0.9245	 0.953	 1.424	 1.217	 2.501	   2.5	 | 1.559 quantile
                      	  2.11	  1.63	 2.224	 2.781	 1.718	 1.298	 2.064	 2.124	 2.195	 2.763	 4.861	 5.014	 | 5.014 max

train losses    254:	0.3405	 0.347	0.3219	0.3128	0.3786	0.3868	0.3739	0.3778	0.6634	0.6486	0.6765	0.6764	
val losses      254:	0.2967	0.2458	0.3557	0.3489	0.2601	0.2699	0.3452	0.3471	0.5186	0.4916	 1.089	 1.094	 | 0.4718 mean
                     	0.8239	0.6407	0.9187	0.9406	0.6952	0.6735	0.9201	0.9498	 1.444	 1.227	 2.485	 2.496	 | 1.559 quantile
                      	 2.038	 1.552	 2.223	 2.777	 1.729	 1.254	 2.101	 2.158	 2.181	 2.742	 4.862	 5.066	 | 5.066 max

train losses    256:	0.3366	0.3422	0.3203	0.3109	0.3722	 0.378	0.3714	0.3742	0.6527	0.6344	0.6607	0.6595	
val losses      256:	0.3035	0.2495	0.3554	0.3485	0.2601	0.2702	0.3464	0.3484	 0.515	0.4928	 1.084	 1.088	 | 0.4718 mean
                     	0.8502	0.6478	0.9189	0.9412	0.6996	0.6666	0.9142	0.9556	 1.442	 1.238	 2.471	 2.488	 | 1.567 quantile
                      	 2.038	  1.67	  2.22	 2.768	 1.726	 1.243	 2.129	 2.161	 2.209	 2.668	 4.909	 5.108	 | 5.108 max

train losses    258:	0.3321	0.3374	0.3204	0.3113	0.3681	0.3733	0.3668	0.3701	0.6365	0.6215	0.6398	0.6402	
val losses      258:	0.2985	0.2476	0.3551	0.3481	0.2593	0.2711	0.3449	 0.346	 0.515	0.4923	 1.083	 1.087	 | 0.4707 mean
                     	0.8321	0.6429	0.9185	0.9379	0.6964	 0.667	0.9112	0.9443	 1.452	 1.223	 2.459	 2.476	 | 1.557 quantile
                      	 1.948	 1.598	 2.215	 2.767	 1.725	 1.283	 2.168	 2.208	 2.223	 2.658	 4.985	 5.153	 | 5.153 max

train losses    260:	0.3278	0.3344	0.3192	  0.31	0.3632	0.3685	0.3641	0.3664	 0.627	0.6139	0.6267	0.6271	
val losses      260:	0.2962	0.2465	 0.355	 0.348	0.2583	0.2701	0.3443	0.3451	0.5186	0.4937	 1.086	 1.089	 | 0.4709 mean
                     	0.8236	0.6375	0.9201	0.9393	0.6958	0.6661	0.9095	0.9392	 1.481	 1.224	 2.434	 2.467	 | 1.574 quantile
                      	 1.907	 1.626	 2.212	  2.76	 1.681	   1.3	 2.229	 2.291	 2.243	 2.592	 4.739	 4.937	 | 4.937 max

train losses    262:	0.3252	0.3307	0.3192	0.3099	0.3598	0.3652	0.3588	0.3619	0.6157	0.6007	0.6089	0.6109	
val losses      262:	0.2951	 0.247	0.3549	 0.348	 0.258	0.2689	0.3427	0.3433	0.5193	0.4962	 1.076	  1.08	 | 0.4692 mean
                     	0.8174	0.6367	0.9177	0.9346	0.6908	0.6631	0.8991	0.9326	 1.466	 1.216	 2.429	 2.454	 | 1.547 quantile
                      	 1.928	  1.68	 2.217	 2.762	 1.746	 1.277	 2.205	  2.26	 2.206	 2.541	 4.683	  4.86	 | 4.86 max

train losses    264:	0.3226	0.3264	 0.319	  0.31	 0.356	0.3629	0.3557	0.3584	 0.607	0.5907	0.6001	0.6002	
val losses      264:	0.2911	0.2433	0.3545	0.3478	0.2556	0.2655	0.3428	0.3426	0.5191	0.4956	 1.083	 1.086	 | 0.4689 mean
                     	0.8041	0.6288	0.9193	0.9363	0.6847	0.6604	0.8998	 0.925	  1.47	 1.227	 2.447	 2.459	 | 1.557 quantile
                      	 1.912	 1.609	 2.217	 2.755	  1.68	 1.203	 2.238	  2.26	 2.334	 2.511	 4.673	 4.846	 | 4.846 max

train losses    266:	0.3202	0.3265	0.3182	0.3096	0.3514	0.3589	0.3509	0.3546	0.5953	0.5827	0.5877	0.5875	
val losses      266:	0.2955	0.2494	0.3544	0.3476	 0.256	0.2683	0.3424	0.3426	 0.522	0.5014	 1.077	 1.081	 | 0.4698 mean
                     	0.8231	0.6444	0.9174	0.9333	0.6874	0.6601	0.9011	0.9214	 1.483	 1.239	 2.448	 2.475	 | 1.556 quantile
                      	  2.02	 1.684	 2.221	 2.745	 1.682	 1.244	 2.242	 2.246	  2.28	 2.501	 4.534	 4.685	 | 4.685 max

train losses    268:	0.3193	0.3243	0.3178	0.3084	0.3482	0.3558	0.3498	0.3515	 0.591	0.5748	0.5805	0.5806	
val losses      268:	0.2883	0.2439	0.3542	0.3472	0.2558	0.2666	0.3414	0.3406	0.5203	0.4986	 1.082	 1.085	 | 0.4686 mean
                     	0.7974	0.6323	0.9145	0.9315	0.6946	0.6595	0.8962	0.9189	 1.463	  1.24	 2.424	 2.453	 | 1.561 quantile
                      	 1.906	 1.595	 2.223	 2.753	 1.661	 1.208	 2.254	 2.268	 2.313	 2.547	 4.465	 4.603	 | 4.603 max

train losses    270:	0.3147	0.3222	0.3169	0.3073	 0.346	0.3504	0.3491	0.3507	0.5784	0.5611	0.5665	0.5681	
val losses      270:	0.2936	0.2464	 0.354	0.3471	 0.259	0.2679	0.3423	0.3412	0.5214	0.5021	 1.075	 1.079	 | 0.4692 mean
                     	0.8231	 0.641	0.9148	  0.93	0.7003	0.6559	 0.902	0.9217	 1.468	 1.246	  2.43	 2.453	 | 1.557 quantile
                      	 1.941	 1.508	 2.221	 2.741	 1.702	 1.245	 2.237	 2.279	 2.311	 2.452	 4.529	 4.671	 | 4.671 max

train losses    272:	0.3122	 0.318	0.3168	0.3071	0.3428	0.3469	0.3458	0.3471	0.5736	0.5579	0.5611	  0.56	
val losses      272:	0.2878	0.2432	0.3542	0.3472	0.2569	 0.265	0.3401	 0.339	0.5192	0.5017	 1.077	 1.081	 | 0.4677 mean
                     	0.8002	0.6328	0.9163	 0.929	0.6883	0.6566	0.8933	0.9157	 1.462	 1.247	 2.427	 2.447	 | 1.559 quantile
                      	 1.905	 1.602	 2.232	 2.739	 1.656	 1.291	 2.246	 2.302	 2.343	 2.512	 4.451	 4.586	 | 4.586 max

train losses    274:	0.3118	0.3186	0.3168	0.3079	0.3397	 0.345	0.3436	0.3457	0.5669	0.5534	0.5519	0.5527	
val losses      274:	0.2851	0.2433	0.3541	0.3472	 0.256	0.2638	0.3402	 0.339	0.5226	0.5026	 1.082	 1.084	 | 0.4684 mean
                     	0.7841	0.6308	0.9164	0.9317	0.6798	0.6472	0.8949	0.9181	 1.478	 1.249	 2.449	  2.47	 | 1.56 quantile
                      	  1.87	 1.637	 2.227	  2.74	 1.652	 1.281	 2.236	 2.288	 2.319	 2.427	 4.472	 4.615	 | 4.615 max

train losses    276:	0.3133	0.3186	0.3166	0.3069	0.3385	0.3449	0.3404	0.3423	  0.56	0.5469	0.5399	0.5387	
val losses      276:	0.2892	 0.245	 0.354	 0.347	0.2576	0.2648	0.3405	0.3393	0.5188	0.5002	 1.075	  1.08	 | 0.4676 mean
                     	0.7968	0.6348	0.9145	0.9301	0.6883	0.6486	0.8921	0.9199	 1.476	 1.247	 2.445	  2.47	 | 1.55 quantile
                      	 1.922	 1.655	 2.225	  2.74	 1.641	 1.301	 2.225	 2.269	 2.325	 2.462	  4.36	 4.475	 | 4.475 max

train losses    278:	0.3096	0.3158	0.3162	0.3067	0.3346	0.3408	0.3376	0.3398	0.5511	0.5365	0.5409	0.5398	
val losses      278:	0.2829	0.2405	 0.354	0.3468	0.2547	 0.264	0.3398	0.3386	0.5195	0.5003	 1.076	  1.08	 | 0.4665 mean
                     	0.7855	0.6318	0.9142	0.9317	0.6807	0.6509	0.8876	0.9178	 1.477	 1.245	 2.447	 2.472	 | 1.548 quantile
                      	  1.85	 1.586	 2.224	 2.746	 1.621	 1.289	 2.229	 2.267	 2.318	  2.43	 4.431	 4.579	 | 4.579 max

train losses    280:	 0.309	0.3125	0.3161	0.3064	0.3333	0.3396	0.3358	0.3381	0.5463	0.5353	 0.533	0.5309	
val losses      280:	0.2841	0.2417	0.3536	0.3466	0.2562	0.2645	0.3389	0.3377	0.5215	 0.505	 1.074	 1.078	 | 0.4668 mean
                     	0.7801	0.6329	0.9148	0.9292	0.6843	0.6543	0.8877	0.9164	 1.485	 1.251	 2.438	 2.464	 | 1.547 quantile
                      	 1.796	 1.537	 2.223	 2.755	 1.586	 1.311	 2.227	 2.257	 2.346	 2.471	 4.417	 4.583	 | 4.583 max

train losses    282:	0.3069	0.3111	0.3158	0.3063	0.3314	 0.337	0.3339	0.3356	0.5424	0.5289	0.5243	0.5271	
val losses      282:	0.2847	0.2412	0.3531	0.3463	0.2566	0.2625	0.3381	0.3375	0.5216	0.5051	 1.072	 1.078	 | 0.4664 mean
                     	0.7893	0.6274	0.9156	0.9301	0.6874	0.6527	 0.888	0.9135	 1.483	 1.253	 2.418	 2.452	 | 1.535 quantile
                      	 1.868	 1.518	 2.223	 2.737	 1.642	 1.349	 2.271	 2.285	 2.341	 2.465	 4.385	 4.444	 | 4.444 max

train losses    284:	0.3059	0.3129	0.3153	0.3059	0.3282	0.3343	 0.334	0.3367	0.5389	0.5252	0.5241	0.5234	
val losses      284:	 0.279	0.2388	0.3532	0.3462	0.2546	0.2626	0.3385	 0.337	0.5199	0.5044	 1.076	  1.08	 | 0.4658 mean
                     	0.7669	0.6246	0.9147	0.9322	 0.678	0.6431	0.8873	0.9079	 1.472	 1.254	 2.448	 2.482	 | 1.544 quantile
                      	 1.835	 1.454	 2.232	  2.74	 1.581	 1.322	 2.261	 2.298	   2.4	  2.44	 4.394	 4.552	 | 4.552 max

train losses    286:	0.3043	  0.31	0.3158	0.3063	 0.326	0.3319	0.3316	 0.333	0.5314	0.5209	0.5127	0.5132	
val losses      286:	0.2818	0.2411	0.3532	0.3462	0.2563	0.2629	0.3377	0.3357	 0.518	0.5039	 1.075	 1.079	 | 0.4658 mean
                     	0.7746	0.6253	0.9166	0.9293	0.6869	0.6489	0.8867	0.9142	 1.471	 1.253	  2.44	  2.47	 | 1.542 quantile
                      	 1.762	 1.467	 2.223	 2.745	 1.615	 1.293	  2.24	 2.269	 2.363	 2.474	 4.286	  4.43	 | 4.43 max

train losses    288:	 0.307	0.3086	0.3153	0.3058	0.3249	0.3298	0.3276	0.3291	0.5262	0.5124	0.5088	0.5075	
val losses      288:	0.2826	0.2395	 0.353	0.3461	0.2559	0.2627	0.3383	0.3365	0.5174	0.5024	 1.074	 1.079	 | 0.4656 mean
                     	0.7777	0.6223	0.9158	0.9277	0.6739	0.6474	0.8879	 0.914	 1.456	 1.252	 2.423	 2.456	 | 1.547 quantile
                      	 1.831	 1.504	 2.228	 2.738	 1.577	 1.337	 2.229	 2.277	  2.42	 2.446	 4.333	  4.48	 | 4.48 max

train losses    290:	0.3039	0.3076	0.3147	0.3052	0.3214	0.3275	0.3263	 0.327	 0.523	0.5107	0.5047	0.5056	
val losses      290:	 0.281	0.2385	0.3529	 0.346	0.2561	0.2624	 0.338	 0.336	0.5204	0.5043	 1.074	 1.079	 | 0.4658 mean
                     	0.7718	0.6217	0.9153	0.9289	0.6839	0.6457	0.8807	0.9076	 1.466	 1.257	 2.427	  2.46	 | 1.542 quantile
                      	 1.776	 1.437	 2.228	 2.751	 1.599	 1.367	 2.257	 2.295	 2.438	 2.526	 4.119	 4.267	 | 4.267 max

train losses    292:	0.3014	 0.307	0.3143	0.3045	0.3216	0.3279	0.3242	0.3244	0.5189	 0.503	0.4955	0.4957	
val losses      292:	0.2819	0.2414	0.3529	0.3459	0.2569	0.2656	0.3374	 0.336	  0.52	0.5054	  1.07	 1.075	 | 0.4657 mean
                     	0.7785	0.6268	0.9167	0.9303	0.6872	0.6444	0.8867	0.8998	 1.471	 1.261	 2.421	 2.461	 | 1.537 quantile
                      	  1.84	 1.494	 2.224	 2.739	   1.6	 1.367	 2.244	 2.278	 2.484	 2.482	 4.102	 4.239	 | 4.239 max

train losses    294:	 0.301	0.3058	 0.314	0.3044	0.3201	 0.326	0.3235	0.3237	0.5139	0.5032	 0.494	0.4952	
val losses      294:	0.2805	0.2403	0.3526	0.3457	0.2553	0.2625	0.3376	0.3357	0.5183	0.5041	 1.073	 1.078	 | 0.4654 mean
                     	0.7709	0.6289	0.9131	0.9268	0.6849	 0.646	0.8811	0.9017	 1.471	 1.266	 2.438	 2.466	 | 1.544 quantile
                      	 1.772	 1.425	 2.234	 2.742	  1.62	 1.395	 2.262	 2.291	 2.458	  2.45	  4.18	 4.315	 | 4.315 max

train losses    296:	 0.301	0.3059	0.3136	0.3042	 0.317	0.3255	0.3214	0.3219	0.5108	0.4999	 0.494	0.4931	
val losses      296:	0.2792	0.2383	0.3525	0.3458	0.2547	0.2624	0.3364	0.3342	0.5187	0.5039	 1.074	 1.078	 | 0.4649 mean
                     	0.7607	0.6204	0.9125	0.9302	0.6808	0.6398	0.8762	0.8921	 1.476	 1.245	 2.428	 2.457	 | 1.538 quantile
                      	 1.819	 1.417	 2.222	  2.75	  1.59	 1.393	 2.223	 2.249	 2.443	 2.469	 4.304	 4.464	 | 4.464 max

train losses    298:	0.3003	0.3041	0.3142	0.3049	0.3161	 0.323	0.3187	0.3199	0.5068	 0.495	0.4893	0.4885	
val losses      298:	0.2779	0.2387	0.3525	0.3458	0.2548	 0.263	0.3361	 0.334	0.5178	0.5055	 1.072	 1.077	 | 0.4646 mean
                     	0.7582	0.6225	0.9137	0.9295	0.6778	0.6474	0.8887	0.8993	 1.457	 1.254	 2.425	  2.46	 | 1.545 quantile
                      	 1.832	 1.415	 2.211	 2.748	 1.655	 1.297	 2.255	  2.27	 2.477	 2.534	 4.156	  4.31	 | 4.31 max

