train losses      0:	0.5593	0.5882	0.3704	0.3634	0.7267	0.7541	0.4647	 0.477	 1.582	 1.596	 1.482	 1.477	
val losses        0:	 0.894	0.7295	0.3315	0.3165	0.7994	0.9046	0.4376	 0.638	 1.525	 1.501	 1.367	  1.42	 | 0.9053 mean
                     	 2.404	 2.198	 0.843	0.8286	 2.136	 2.377	 1.125	 1.406	 4.321	 4.235	 3.195	 3.394	 | 2.818 quantile
                      	  6.46	 7.263	 2.349	  1.83	 5.377	 6.365	 2.331	  2.87	  7.54	 7.209	 4.669	  4.71	 | 7.54 max

train losses      2:	0.5501	0.5993	0.3903	0.3391	0.7207	0.7572	0.5089	0.4979	 1.501	 1.519	 1.484	 1.469	
val losses        2:	0.7648	0.8466	0.4911	0.8138	 1.198	0.7321	0.8948	 1.351	 5.081	 5.822	 1.478	 1.489	 | 1.747 mean
                     	 2.022	 2.254	 1.115	   1.5	 2.612	 2.053	 1.848	 2.373	 7.557	 8.561	 3.418	 3.598	 | 6.251 quantile
                      	 4.911	 6.992	 2.671	 2.997	 5.742	 6.202	 3.403	 3.703	 12.63	 12.63	 5.296	  5.05	 | 12.63 max

train losses      4:	 0.521	0.5435	0.3709	0.3404	0.7234	 0.727	0.5123	0.4753	 1.341	 1.352	 1.456	  1.44	
val losses        4:	  1.24	0.6605	0.5779	0.4064	  1.16	 1.178	0.6309	0.4834	 5.611	 5.805	  1.31	  1.42	 | 1.707 mean
                     	 2.449	 1.733	 1.341	 1.044	 2.637	 2.657	 1.561	 1.231	 8.274	 8.409	 3.123	 3.449	 | 6.624 quantile
                      	 4.337	 4.599	  2.96	   2.3	  5.28	 5.797	 3.004	 2.454	  10.7	 10.56	 4.919	 6.043	 | 10.7 max

train losses      6:	0.5201	0.5159	0.3588	 0.344	0.6935	0.7189	0.5622	0.4774	  1.15	 1.146	 1.424	  1.45	
val losses        6:	 0.633	 0.575	0.3349	0.3458	0.6991	0.7463	0.4857	0.4463	0.9232	0.9099	 1.265	 1.322	 | 0.7239 mean
                     	 1.773	 1.692	0.8488	0.8838	 1.902	 2.108	 1.252	 1.185	 2.314	 2.242	 2.928	 3.342	 | 2.178 quantile
                      	 4.447	 6.356	 2.261	 1.773	  5.16	 5.888	 2.642	 2.338	 4.465	   3.8	 4.363	 4.712	 | 6.356 max

train losses      8:	 0.479	0.4944	0.3539	0.4159	0.6741	0.7013	0.4753	0.4702	0.9724	 1.002	 1.397	 1.368	
val losses        8:	0.5149	0.5394	0.3268	0.3483	0.6886	0.7144	0.4153	0.4281	0.9819	0.9613	 1.278	 1.264	 | 0.7051 mean
                     	 1.528	 1.678	0.8608	 0.911	 1.908	 1.908	  1.11	 1.144	 2.582	 2.496	 2.922	 2.873	 | 2.197 quantile
                      	 3.506	 5.282	 2.101	 2.048	 4.756	 5.193	 2.361	 2.294	 4.145	 4.387	 4.126	 4.257	 | 5.282 max

train losses     10:	 0.486	0.4757	0.3495	0.3711	0.6673	0.7122	0.4659	0.4722	0.8162	0.8281	 1.361	 1.347	
val losses       10:	0.5642	0.5294	0.3176	0.4362	0.6807	0.7305	 0.404	0.4319	 1.227	 1.055	 1.195	 1.184	 | 0.7297 mean
                     	 1.614	 1.594	0.8155	 1.106	 1.863	 2.016	 1.117	 1.148	 2.858	 2.491	  2.99	 2.863	 | 2.218 quantile
                      	 4.319	 5.021	  2.24	 2.454	 4.012	 5.311	 2.249	 2.206	 4.602	 4.519	 4.606	 4.649	 | 5.311 max

train losses     12:	 0.442	 0.454	 0.347	 0.355	0.6591	0.6874	0.4631	0.4736	0.7196	0.7366	 1.249	 1.245	
val losses       12:	0.4776	0.4958	 0.317	 0.354	  0.69	0.6961	 0.401	0.4392	0.7236	0.7197	 1.275	 1.269	 | 0.6548 mean
                     	 1.354	  1.41	0.8122	0.9122	 1.942	 1.992	 1.116	 1.166	 1.798	 1.774	 3.228	 3.158	 | 2.03 quantile
                      	  3.51	 4.503	 2.126	 2.138	 4.273	 5.018	 2.029	 2.233	 3.834	  3.08	 5.993	 7.001	 | 7.001 max

train losses     14:	0.4224	0.4537	0.3444	 0.349	0.6617	0.6807	0.4637	 0.479	0.8044	0.7317	 1.428	  1.39	
val losses       14:	 0.498	0.4888	 0.313	0.3408	0.6522	0.6621	0.4152	0.4531	0.7917	0.7507	  1.61	 1.681	 | 0.7214 mean
                     	 1.427	 1.426	0.7972	0.8711	 1.813	 1.805	 1.107	 1.151	 1.974	 2.002	  3.53	 3.751	 | 2.368 quantile
                      	 3.881	 3.488	  2.44	 1.757	  4.38	 5.059	 2.201	 2.268	 3.651	 3.316	 5.587	 5.882	 | 5.882 max

train losses     16:	0.4235	0.4434	0.3449	0.3488	0.6281	0.6312	0.4701	0.4743	0.7486	0.7342	 1.305	 1.292	
val losses       16:	0.5104	0.5146	0.3134	0.3543	  0.63	0.6485	0.3977	 0.439	0.7442	0.7198	 1.171	 1.184	 | 0.6355 mean
                     	 1.351	  1.39	0.7999	0.9139	 1.686	 1.709	 1.133	 1.153	 1.781	 1.795	 2.749	 2.842	 | 1.846 quantile
                      	 2.767	 3.712	 2.233	 2.016	  4.04	 4.448	 2.452	 2.356	 4.053	  4.22	 4.827	  4.61	 | 4.827 max

train losses     18:	0.4432	0.4453	0.3465	0.3673	0.5975	0.6111	0.4663	 0.474	0.7765	0.7809	 1.224	 1.201	
val losses       18:	0.5091	0.6351	0.3193	0.3595	0.6913	0.7009	0.4172	0.4351	0.7635	0.7213	 1.263	 1.217	 | 0.6693 mean
                     	 1.401	 1.589	0.8167	0.9439	 1.776	 1.782	 1.112	 1.144	 1.759	 1.787	 3.009	 3.033	 | 1.977 quantile
                      	  3.87	  3.52	 2.013	 2.219	 3.729	 4.078	 2.663	 2.457	 3.661	   3.2	 4.844	  5.01	 | 5.01 max

train losses     20:	 0.449	0.4404	0.3528	0.3507	0.5599	0.5683	0.4601	0.4763	0.7344	0.7426	 1.124	 1.128	
val losses       20:	0.4788	0.4747	0.3167	0.3471	0.5679	0.5671	0.3896	0.4366	0.8638	0.9329	 1.197	 1.212	 | 0.6486 mean
                     	 1.336	 1.291	0.8149	0.8871	 1.525	 1.516	  1.11	 1.164	 2.122	 2.134	 2.962	 2.963	 | 1.971 quantile
                      	 3.498	 4.317	 2.186	 1.771	 3.368	 4.556	 2.266	 2.633	 3.546	 3.654	 5.043	 5.865	 | 5.865 max

train losses     22:	0.4169	0.4174	0.3489	0.3448	0.5354	0.5288	0.4578	0.4745	0.6657	  0.66	 1.058	 1.056	
val losses       22:	0.4888	0.4725	0.3218	0.3289	0.5588	0.5723	0.3912	0.4308	0.7698	0.7409	 1.178	 1.199	 | 0.6211 mean
                     	 1.353	 1.355	0.8148	0.8622	 1.454	 1.499	 1.098	 1.154	 1.741	 1.753	 2.782	 2.878	 | 1.852 quantile
                      	 3.888	 4.523	 2.225	 1.667	 3.107	 4.255	 2.291	 2.403	 3.782	 3.864	 5.411	 6.136	 | 6.136 max

train losses     24:	0.4229	0.4162	0.3461	0.3452	0.5104	0.5278	0.4592	0.4731	0.8297	0.8245	  1.26	 1.258	
val losses       24:	0.4786	 0.489	0.3102	0.3215	0.5476	0.5541	0.3896	0.4216	0.7469	0.7151	 1.215	 1.278	 | 0.6223 mean
                     	 1.354	 1.401	 0.797	0.8449	 1.486	 1.504	   1.1	 1.135	 1.819	 1.969	 3.097	 3.199	 | 1.984 quantile
                      	 3.666	 4.667	 2.165	 2.006	 3.313	 3.558	 2.746	 2.265	 3.269	 3.446	 4.561	 5.188	 | 5.188 max

train losses     26:	0.4149	0.4284	0.3466	0.3359	0.4998	0.5061	0.4582	0.4698	 0.745	0.7414	  1.19	  1.21	
val losses       26:	0.4406	0.4557	0.3191	0.3222	0.4763	0.4733	0.3945	0.4312	0.7632	0.7498	 1.243	 1.218	 | 0.6072 mean
                     	 1.249	 1.259	0.8116	0.8373	 1.312	  1.26	 1.106	 1.149	 1.916	 1.961	 2.722	 2.736	 | 1.852 quantile
                      	 3.365	 4.056	 2.429	  2.05	 2.713	 2.991	 2.742	 2.492	 3.485	 3.425	 5.232	 5.878	 | 5.878 max

train losses     28:	0.4037	0.4093	0.3501	0.3457	0.4547	  0.47	0.4598	0.4714	0.6785	0.6764	  1.08	 1.084	
val losses       28:	0.4588	0.4377	0.3252	 0.331	0.4723	0.4597	0.4007	0.4278	0.7414	0.7099	 1.303	 1.284	 | 0.6126 mean
                     	  1.29	 1.238	 0.826	0.8791	 1.234	 1.243	 1.098	 1.133	 1.664	 1.719	 3.216	 3.195	 | 1.864 quantile
                      	 3.337	 3.456	 2.353	 1.881	 2.946	 2.765	 2.592	 2.139	 3.797	 3.731	 6.145	 6.469	 | 6.469 max

train losses     30:	0.3822	0.3885	0.3466	0.3386	0.4492	0.4486	0.4611	0.4753	0.6131	0.6257	 1.038	 1.035	
val losses       30:	0.4174	0.4245	0.3132	0.3291	0.4782	0.4586	0.3962	0.4483	0.8206	0.8053	 1.144	 1.147	 | 0.5985 mean
                     	 1.202	 1.206	0.8125	0.8557	 1.285	 1.218	 1.127	  1.17	 2.044	 2.051	 2.989	  2.96	 | 1.849 quantile
                      	 3.368	 3.537	 2.393	 1.888	 3.074	 3.029	 2.733	 2.191	 4.682	 3.572	 5.556	 6.093	 | 6.093 max

train losses     32:	0.3747	0.3728	 0.349	0.3405	0.4234	0.4276	0.4562	0.4701	0.6028	0.6206	 1.027	 1.032	
val losses       32:	0.4096	0.4084	0.3131	0.3213	0.4276	0.4417	0.3919	0.4257	0.7777	0.7669	 1.223	 1.224	 | 0.5943 mean
                     	 1.163	  1.16	0.8083	0.8397	 1.148	 1.193	 1.091	 1.153	 1.899	 2.025	 3.189	 3.158	 | 1.874 quantile
                      	 3.353	 3.639	 2.283	 1.817	 3.001	 3.395	 2.534	 2.125	 3.876	 3.397	 5.529	 5.761	 | 5.761 max

train losses     34:	0.3595	0.3691	0.3441	0.3358	0.4094	0.4211	0.4561	0.4663	0.7998	0.8147	 1.036	 1.023	
val losses       34:	0.4114	0.3965	0.3109	0.3198	0.4392	0.4465	0.3869	0.4205	0.8536	0.8658	 1.109	 1.124	 | 0.5904 mean
                     	 1.168	 1.144	0.8101	0.8398	 1.182	  1.21	 1.091	  1.13	 2.126	 2.198	 2.862	 2.865	 | 1.856 quantile
                      	 3.156	 3.617	 2.321	 1.861	 2.895	 3.344	 2.493	 2.219	 4.241	 4.041	 6.473	 6.592	 | 6.592 max

train losses     36:	0.3463	0.3566	0.3511	0.3353	0.4193	0.4256	 0.454	0.4646	0.7494	 0.766	 1.007	0.9817	
val losses       36:	0.3929	 0.398	0.3132	0.3203	0.4311	0.4624	0.3907	0.4186	0.9283	0.9205	 1.093	 1.082	 | 0.5959 mean
                     	 1.066	 1.128	0.8035	0.8424	  1.13	 1.194	 1.099	 1.115	 2.176	  2.15	 2.659	 2.621	 | 1.838 quantile
                      	 3.431	 3.281	 2.199	 1.791	 2.605	 2.349	 2.273	 2.299	  4.26	 4.281	 7.043	  7.18	 | 7.18 max

train losses     38:	0.3507	0.3404	0.3497	0.3368	0.4111	0.4174	0.4549	0.4601	0.6584	0.6518	0.9046	0.9017	
val losses       38:	 0.376	0.3722	0.3098	0.3161	0.4488	0.4619	0.4021	0.4173	0.7246	0.7042	  1.18	 1.168	 | 0.5734 mean
                     	 1.041	 1.066	0.8092	0.8349	 1.183	 1.229	 1.097	 1.104	 1.709	 1.745	 2.815	  2.85	 | 1.733 quantile
                      	 3.168	 2.992	 2.242	 1.719	 2.538	 3.007	 2.448	 2.288	 3.374	 3.546	 7.567	 7.847	 | 7.847 max

train losses     40:	0.3286	0.3265	0.3473	0.3344	 0.401	 0.402	0.4566	0.4582	0.5804	0.5853	0.8794	  0.87	
val losses       40:	0.3545	0.3438	0.3077	0.3156	0.4114	0.3987	0.3909	0.4181	0.7072	0.6802	 1.153	 1.134	 | 0.5513 mean
                     	 0.974	0.9736	0.7951	0.8292	 1.107	 1.066	 1.095	 1.098	 1.813	   1.8	 2.786	 2.756	 | 1.725 quantile
                      	 2.888	 3.014	 2.192	 1.685	 2.684	 2.249	 2.322	 2.295	  3.94	 3.333	 7.762	 8.098	 | 8.098 max

train losses     42:	0.3156	0.3129	0.3442	0.3338	 0.381	0.3908	0.4514	0.4575	0.5363	0.5418	0.8539	0.8479	
val losses       42:	0.3405	0.3379	 0.306	0.3147	0.4008	0.3975	0.3921	0.4127	0.7145	0.6861	 1.128	 1.103	 | 0.5445 mean
                     	0.9557	0.9637	0.7905	0.8299	 1.074	  1.06	 1.069	 1.107	 1.713	 1.739	  2.74	 2.709	 | 1.666 quantile
                      	 2.829	  3.05	 2.212	 1.745	 2.908	 2.211	 2.176	 2.311	 3.762	 3.134	 8.649	 8.625	 | 8.649 max

train losses     44:	0.3016	0.3055	 0.343	0.3327	0.3721	0.3907	0.4529	0.4577	0.5225	0.5295	0.8667	0.8655	
val losses       44:	0.3289	0.3312	0.3069	0.3158	0.4209	0.4288	0.3901	0.4127	0.7272	0.7031	 1.139	  1.12	 | 0.5521 mean
                     	0.8844	0.8958	0.7963	0.8247	 1.113	 1.101	 1.089	 1.108	 1.707	 1.812	 2.711	 2.697	 | 1.685 quantile
                      	 2.531	 2.399	 2.189	 1.788	 3.002	 2.362	  2.23	 2.315	 3.754	 3.544	 8.409	 8.701	 | 8.701 max

train losses     46:	0.2952	 0.294	0.3393	0.3316	0.3862	0.3916	0.4511	0.4574	0.5265	0.5364	0.8909	0.8944	
val losses       46:	0.3251	0.3249	0.3048	0.3148	0.3885	 0.387	0.3956	0.4196	0.7199	0.6943	 1.248	 1.221	 | 0.5619 mean
                     	 0.869	0.8866	0.7841	0.8219	 1.045	 1.028	 1.083	 1.103	 1.676	 1.731	 2.861	 2.822	 | 1.761 quantile
                      	 2.979	 2.337	 2.233	 1.761	 2.784	 2.151	 2.391	 2.391	 3.601	 3.492	 8.782	 9.023	 | 9.023 max

train losses     48:	0.2967	0.2936	0.3393	0.3317	0.3599	0.3663	0.4512	0.4571	0.5031	0.5081	 0.832	0.8277	
val losses       48:	 0.312	0.3055	0.3045	0.3147	0.3991	0.3963	0.3999	0.4239	0.7421	0.7103	  1.44	 1.411	 | 0.5966 mean
                     	0.8409	0.8378	0.7822	0.8215	 1.061	 1.041	 1.088	 1.104	 1.715	  1.74	 3.218	 3.167	 | 1.913 quantile
                      	  2.62	 2.343	 2.279	 1.789	 2.606	 2.274	 2.329	 2.361	 3.892	 3.568	 9.531	  9.73	 | 9.73 max

train losses     50:	 0.281	0.2741	0.3383	0.3307	0.3508	0.3561	0.4509	0.4568	0.5056	0.5112	0.8567	0.8553	
val losses       50:	0.3035	0.2982	0.3036	0.3127	0.3926	0.3924	0.3881	 0.416	0.7074	0.6759	 1.147	 1.123	 | 0.5384 mean
                     	0.8299	0.8155	0.7812	0.8169	 1.038	 1.058	 1.083	 1.108	 1.702	 1.766	  2.66	 2.639	 | 1.643 quantile
                      	 2.489	 2.528	 2.191	 1.795	 2.711	 2.229	 2.159	 2.328	 3.881	 3.196	 8.092	 8.283	 | 8.283 max

train losses     52:	0.2782	0.2684	0.3384	0.3304	0.3462	0.3483	0.4515	0.4567	0.4937	0.5014	0.7659	0.7593	
val losses       52:	0.3117	0.3062	0.3032	0.3135	0.3887	0.3808	0.3913	0.4156	0.7055	0.6767	 1.212	 1.191	 | 0.5497 mean
                     	0.8645	0.8266	0.7831	0.8146	 1.024	  1.01	 1.086	 1.123	 1.679	 1.736	 2.759	 2.745	 | 1.712 quantile
                      	 2.542	 2.714	 2.221	 1.786	  2.54	 2.103	 2.199	 2.335	 3.386	 3.191	  8.91	 9.139	 | 9.139 max

train losses     54:	0.2761	0.2749	0.3378	0.3298	0.3367	0.3418	0.4503	0.4559	0.4845	0.4928	 0.753	0.7472	
val losses       54:	0.3022	0.2978	0.3032	0.3142	0.3883	0.3814	0.3887	0.4154	0.7894	0.7667	 1.199	 1.184	 | 0.5609 mean
                     	0.8081	0.8001	0.7818	0.8137	 1.026	 1.001	 1.093	 1.118	 1.776	 1.785	 2.838	 2.837	 | 1.725 quantile
                      	 2.547	 2.309	  2.18	 1.769	  2.47	 2.249	 2.237	 2.332	 3.891	 3.623	 8.798	 9.122	 | 9.122 max

train losses     56:	 0.275	0.2678	0.3378	0.3297	0.3337	0.3358	0.4516	0.4571	0.4781	0.4839	0.8212	0.8135	
val losses       56:	0.3004	0.2885	0.3022	0.3135	0.3745	0.3689	0.3924	0.4162	0.7247	0.7036	 1.223	 1.197	 | 0.5504 mean
                     	0.8168	0.7713	0.7746	0.8128	0.9825	0.9648	  1.08	 1.112	 1.664	 1.687	 2.736	 2.711	 | 1.687 quantile
                      	 2.405	 2.446	 2.227	 1.753	 2.567	 1.961	 2.213	 2.353	 3.411	 3.283	 9.002	 9.352	 | 9.352 max

train losses     58:	0.2681	0.2609	0.3376	0.3295	0.3282	0.3324	0.4494	 0.456	0.4805	0.4867	0.7278	0.7254	
val losses       58:	0.2967	0.2892	0.3039	0.3129	0.3679	0.3647	0.3989	0.4294	0.7506	0.7243	 1.476	 1.448	 | 0.5969 mean
                     	0.7974	0.7807	0.7849	0.8133	0.9679	0.9682	 1.083	 1.118	 1.739	 1.773	  3.34	 3.311	 | 1.947 quantile
                      	 2.807	 2.263	 2.265	 1.774	 2.455	  2.03	 2.236	 2.434	 3.741	   3.5	 10.01	 10.23	 | 10.23 max

train losses     60:	0.2658	0.2581	0.3372	0.3293	 0.322	0.3256	0.4489	0.4554	0.4668	0.4735	0.7419	0.7398	
val losses       60:	0.2896	0.2877	0.3024	0.3128	0.3759	 0.368	0.3896	0.4158	0.7357	0.7048	 1.153	 1.138	 | 0.5395 mean
                     	0.7865	0.7903	0.7789	0.8091	0.9948	0.9777	 1.088	 1.116	 1.712	 1.711	 2.638	 2.621	 | 1.649 quantile
                      	 2.418	 2.149	 2.209	 1.793	 2.311	 2.375	 2.209	 2.299	 3.469	 3.216	 8.952	 9.058	 | 9.058 max

train losses     62:	0.2643	0.2568	0.3372	0.3288	0.3215	0.3268	0.4487	0.4548	0.4553	0.4615	0.6764	0.6737	
val losses       62:	0.2872	0.2819	0.3025	0.3135	 0.374	0.3769	0.3891	0.4167	0.7391	0.7105	 1.202	 1.185	 | 0.5482 mean
                     	0.7728	0.7804	0.7805	0.8075	0.9737	0.9844	 1.095	 1.122	 1.728	 1.743	 2.746	 2.729	 | 1.711 quantile
                      	 2.429	 2.437	 2.195	 1.765	 2.286	 2.172	 2.243	 2.321	 3.377	 3.267	  8.72	   9.0	 | 9.0 max

train losses     64:	0.2618	0.2546	 0.337	 0.329	0.3191	0.3247	0.4491	0.4556	 0.448	0.4539	0.6331	 0.629	
val losses       64:	0.2875	0.2822	0.3025	0.3138	0.3948	0.3942	0.3885	0.4157	0.7614	0.7341	  1.18	 1.168	 | 0.5519 mean
                     	0.7773	0.7605	0.7807	0.8089	 1.022	0.9939	  1.09	 1.125	 1.767	 1.774	 2.963	 2.945	 | 1.701 quantile
                      	 2.497	 2.093	 2.166	 1.752	   2.1	 2.371	 2.264	   2.3	 3.435	 3.307	 8.944	  9.12	 | 9.12 max

train losses     66:	0.2606	0.2517	0.3368	0.3286	0.3256	0.3296	0.4493	0.4557	 0.469	0.4747	0.6774	0.6717	
val losses       66:	0.2851	 0.279	0.3019	0.3132	 0.405	0.4083	0.3877	0.4157	0.7746	0.7481	 1.105	 1.091	 | 0.5429 mean
                     	0.7764	0.7535	0.7787	0.8116	 1.037	 1.027	 1.081	 1.109	 1.767	 1.758	 2.692	 2.655	 | 1.639 quantile
                      	   2.5	 2.313	 2.213	 1.763	  2.21	 2.273	 2.212	 2.324	 3.334	  3.44	  8.29	 8.489	 | 8.489 max

train losses     68:	0.2592	 0.251	0.3367	0.3286	0.3311	0.3382	0.4486	0.4552	0.4744	0.4818	0.6331	0.6267	
val losses       68:	0.2843	0.2751	0.3024	0.3129	0.4462	0.4564	0.3911	0.4178	 0.833	0.8151	  1.16	 1.151	 | 0.5705 mean
                     	0.7751	0.7383	0.7831	0.8078	   1.1	 1.113	 1.079	 1.106	 1.915	 1.861	 2.702	 2.693	 | 1.735 quantile
                      	 2.329	 2.356	 2.221	 1.771	 2.196	 2.407	 2.284	 2.329	 3.505	 3.553	 7.857	 8.416	 | 8.416 max

train losses     70:	0.2583	0.2466	0.3364	0.3285	0.3316	0.3349	0.4477	0.4546	0.4603	0.4672	0.6144	0.6093	
val losses       70:	0.2967	0.2789	0.3021	0.3125	0.4335	0.4368	0.3909	0.4181	0.7725	0.7539	 1.176	 1.161	 | 0.5611 mean
                     	0.8141	0.7451	0.7856	0.8036	 1.077	 1.076	 1.082	 1.104	 1.787	 1.752	 2.684	  2.66	 | 1.708 quantile
                      	 2.303	 2.461	 2.231	 1.751	 2.144	 2.527	 2.253	 2.369	 3.334	 3.396	 8.104	 8.485	 | 8.485 max

train losses     72:	  0.26	0.2482	0.3365	0.3282	0.3493	0.3552	0.4482	0.4544	0.5038	0.5178	0.6444	0.6402	
val losses       72:	0.3145	0.2999	0.3014	0.3127	0.4527	0.4548	0.3907	0.4175	0.8057	0.7866	 1.158	  1.14	 | 0.5695 mean
                     	0.8717	0.7974	0.7831	0.8091	 1.118	 1.145	 1.075	 1.107	 1.859	  1.85	  2.61	 2.615	 | 1.707 quantile
                      	 2.451	 2.901	 2.234	 1.731	  2.22	 2.423	 2.261	 2.384	 3.346	 3.501	 8.694	 8.838	 | 8.838 max

train losses     74:	0.2662	0.2608	0.3363	0.3285	0.3702	0.3688	0.4479	0.4539	0.5379	0.5512	0.5136	0.5116	
val losses       74:	0.3093	0.2995	0.3015	0.3136	0.3922	0.3868	0.3884	 0.415	0.9216	0.9135	 1.187	 1.174	 | 0.5835 mean
                     	0.8339	0.7762	0.7839	0.8061	0.9881	0.9918	 1.088	 1.118	  2.21	  2.16	 2.944	 2.898	 | 1.852 quantile
                      	 2.179	 2.784	 2.224	 1.736	 2.025	 2.173	 2.226	 2.352	 3.568	 3.635	 9.251	 9.268	 | 9.268 max

train losses     76:	0.2657	0.2628	 0.336	0.3282	0.3337	0.3394	0.4482	 0.454	0.4954	0.5126	0.5907	0.5834	
val losses       76:	0.2924	0.2831	0.3013	0.3122	0.3625	0.3574	0.3854	0.4136	0.7268	0.6968	 1.086	 1.076	 | 0.5245 mean
                     	0.7823	0.7623	0.7832	0.8072	 0.974	0.9653	 1.089	 1.119	 1.738	 1.741	  2.69	 2.649	 | 1.611 quantile
                      	 2.637	 2.417	 2.206	 1.769	 2.366	 1.937	 2.279	 2.239	 3.286	 3.321	 8.184	  8.64	 | 8.64 max

train losses     78:	0.2632	0.2564	0.3361	0.3288	0.3226	0.3208	0.4492	0.4549	0.4576	0.4688	0.6038	0.6051	
val losses       78:	0.3123	0.3076	0.3019	0.3126	0.3889	0.3824	0.3864	0.4138	0.7181	0.6825	 1.092	 1.089	 | 0.5323 mean
                     	0.8241	0.8061	0.7795	0.8105	 1.025	 1.013	 1.098	 1.121	 1.696	 1.714	  2.73	 2.721	 | 1.616 quantile
                      	 2.426	 2.297	 2.219	 1.816	 2.497	 1.882	 2.293	 2.215	 3.201	  3.33	  7.43	 7.909	 | 7.909 max

train losses     80:	0.2705	0.2614	0.3361	0.3287	0.3496	0.3547	0.4478	0.4543	0.4401	0.4509	0.6335	0.6227	
val losses       80:	0.2976	0.2882	0.3014	0.3127	0.4299	0.4306	0.3908	0.4191	0.7581	0.7196	 1.266	 1.248	 | 0.5718 mean
                     	0.8077	0.7726	0.7827	0.8051	 1.089	 1.113	 1.088	 1.112	 1.772	 1.764	 2.915	 2.909	 | 1.764 quantile
                      	 2.436	 2.158	 2.208	 1.785	 2.448	 1.873	 2.346	 2.278	 3.476	 3.287	 8.787	  9.47	 | 9.47 max

train losses     82:	0.2669	0.2565	0.3358	 0.329	 0.353	0.3519	0.4505	0.4552	0.4255	 0.431	0.6574	0.6603	
val losses       82:	0.2922	 0.274	0.3013	0.3127	0.3719	0.3619	0.3916	0.4172	0.7835	0.7721	 1.177	 1.189	 | 0.5537 mean
                     	0.7903	0.7344	0.7852	0.8095	0.9806	0.9728	 1.121	 1.137	 1.855	 1.841	 3.084	 3.076	 | 1.787 quantile
                      	 2.705	 2.226	  2.22	 1.788	 2.159	 2.051	 2.386	 2.225	 3.075	   3.5	 6.572	 7.001	 | 7.001 max

train losses     84:	0.2624	0.2478	0.3359	0.3287	 0.321	0.3202	0.4478	0.4543	0.4398	0.4486	0.5988	0.5894	
val losses       84:	0.2962	0.2818	 0.301	 0.312	0.4107	0.4073	0.3917	0.4196	0.7501	0.7111	 1.167	 1.153	 | 0.5501 mean
                     	0.8094	 0.745	0.7806	0.8052	 1.026	 1.004	 1.075	 1.115	 1.762	 1.738	   2.7	 2.703	 | 1.674 quantile
                      	 2.141	 2.466	 2.183	 1.851	 2.305	 2.542	 2.344	 2.348	 3.186	  3.15	 9.398	 9.854	 | 9.854 max

train losses     86:	0.2504	0.2421	0.3355	 0.328	0.3083	0.3106	0.4474	0.4534	0.4261	 0.437	0.4529	0.4504	
val losses       86:	0.2841	0.2697	0.3008	0.3122	 0.356	0.3481	0.3848	0.4144	0.7307	0.6985	 1.096	 1.086	 | 0.5235 mean
                     	0.7629	0.7269	0.7794	0.8109	 0.918	0.9205	 1.081	 1.112	 1.744	 1.721	 2.609	 2.596	 | 1.608 quantile
                      	 2.057	 2.771	 2.235	 1.737	 2.025	  2.24	   2.2	 2.292	 3.418	 3.274	 8.197	 8.579	 | 8.579 max

train losses     88:	0.2466	0.2395	0.3356	0.3279	0.3066	 0.308	0.4475	0.4537	0.4514	0.4606	0.4834	0.4738	
val losses       88:	0.2777	0.2722	0.3011	0.3119	0.3415	0.3395	0.3866	0.4135	0.7548	0.7195	 1.095	 1.082	 | 0.5246 mean
                     	0.7541	0.7267	0.7833	0.8058	0.8931	0.8762	 1.085	 1.118	 1.754	 1.742	 2.725	 2.701	 | 1.629 quantile
                      	 1.966	 2.454	 2.242	 1.748	 2.066	 2.205	 2.266	 2.266	 3.318	 3.177	 7.905	 8.356	 | 8.356 max

train losses     90:	0.2453	0.2385	0.3354	0.3277	0.2808	0.2798	0.4479	0.4544	 0.428	0.4392	0.5701	0.5717	
val losses       90:	0.2769	0.2691	0.3009	0.3116	0.3345	0.3218	 0.387	0.4137	0.8225	0.8001	 1.085	 1.079	 | 0.5335 mean
                     	0.7491	0.7163	0.7803	0.8062	0.8941	0.8573	 1.101	 1.121	 1.988	 1.922	 2.748	 2.724	 | 1.697 quantile
                      	  1.96	 2.306	 2.263	  1.78	 2.083	 2.104	 2.364	 2.236	 3.196	  3.43	 7.468	 7.786	 | 7.786 max

train losses     92:	0.2462	 0.238	0.3354	0.3278	0.2813	0.2771	0.4473	0.4533	0.4138	0.4169	0.5407	0.5289	
val losses       92:	0.2825	0.2725	0.3006	0.3122	0.3362	0.3274	0.3922	0.4172	0.7449	0.7069	 1.248	 1.232	 | 0.5478 mean
                     	0.7592	0.7234	0.7831	0.8044	0.9088	0.8673	 1.083	 1.109	 1.726	  1.69	 2.832	 2.796	 | 1.702 quantile
                      	 1.842	  2.39	 2.246	 1.777	 2.145	 1.895	 2.287	 2.297	 3.044	 3.468	 9.459	 9.726	 | 9.726 max

train losses     94:	0.2452	0.2349	0.3351	0.3277	0.2741	0.2687	0.4468	0.4531	 0.392	0.4026	0.4833	0.4831	
val losses       94:	 0.277	0.2645	0.3007	0.3118	0.3476	0.3357	0.3874	0.4146	 0.723	0.6981	 1.093	 1.095	 | 0.5207 mean
                     	0.7476	0.7056	0.7804	0.8088	0.9057	0.8787	 1.104	 1.125	 1.732	 1.701	 2.859	 2.795	 | 1.628 quantile
                      	  1.98	 2.423	 2.228	 1.773	 1.943	 2.153	 2.376	 2.249	 3.314	 3.249	 7.275	 7.604	 | 7.604 max

train losses     96:	0.2428	0.2344	0.3352	0.3276	0.2723	0.2662	0.4467	0.4528	0.4069	 0.414	0.4723	0.4635	
val losses       96:	0.2767	0.2713	0.3006	0.3118	0.3293	0.3259	0.3892	0.4171	0.7543	 0.719	 1.154	 1.142	 | 0.5327 mean
                     	0.7352	0.7189	0.7842	0.8054	0.8625	0.8355	 1.082	 1.105	  1.76	 1.736	  2.66	 2.631	 | 1.648 quantile
                      	 1.854	 2.373	 2.222	  1.77	 1.999	 2.038	 2.213	   2.3	 3.328	 3.064	  8.83	 9.146	 | 9.146 max

train losses     98:	0.2433	0.2348	0.3349	0.3273	0.2663	0.2607	0.4459	0.4521	0.3819	0.3903	0.4072	0.4048	
val losses       98:	0.2808	0.2704	0.3005	0.3119	0.3273	0.3178	0.3859	0.4128	0.7796	0.7522	 1.098	 1.092	 | 0.5274 mean
                     	0.7598	0.7174	 0.783	0.8056	0.8696	0.8204	 1.095	 1.119	 1.891	  1.85	 2.837	 2.771	 | 1.68 quantile
                      	 2.073	   2.2	 2.266	 1.751	 2.103	  2.13	 2.355	 2.297	 3.291	 3.452	 7.594	 7.913	 | 7.913 max

train losses    100:	 0.243	0.2336	0.3349	0.3273	0.2665	0.2585	0.4465	0.4528	0.3618	0.3635	0.4543	0.4459	
val losses      100:	 0.274	0.2669	0.3003	0.3117	0.3486	 0.345	0.3913	0.4183	0.7474	0.7111	 1.201	 1.195	 | 0.5426 mean
                     	0.7405	0.7055	0.7796	0.8041	0.8894	0.8606	  1.08	 1.109	 1.748	 1.727	 2.712	 2.748	 | 1.668 quantile
                      	 1.838	  2.39	 2.237	 1.739	 2.119	   2.1	 2.215	 2.323	 3.434	 3.192	 9.201	 9.465	 | 9.465 max

train losses    102:	0.2425	0.2337	0.3348	0.3271	0.2658	0.2609	0.4456	 0.452	0.3481	0.3552	0.5116	0.5076	
val losses      102:	 0.278	0.2728	0.3006	0.3118	0.3435	 0.335	0.3855	0.4128	 0.735	0.7059	 1.149	 1.149	 | 0.5315 mean
                     	0.7469	  0.73	 0.783	 0.805	0.8862	0.8528	 1.101	 1.121	 1.748	 1.759	 2.994	  2.92	 | 1.711 quantile
                      	 2.027	 2.472	 2.261	 1.756	 2.233	 2.282	 2.411	 2.343	 3.543	 3.305	 6.951	 7.208	 | 7.208 max

train losses    104:	0.2479	 0.236	0.3348	0.3271	0.2718	0.2647	0.4464	0.4526	0.3724	0.3733	0.5515	 0.546	
val losses      104:	0.2828	0.2684	 0.301	0.3117	0.3454	0.3379	0.3883	0.4158	0.7305	0.7027	 1.116	 1.112	 | 0.526 mean
                     	0.7684	0.7163	0.7861	0.8047	0.8838	0.8565	 1.085	 1.111	 1.752	 1.748	 2.643	 2.617	 | 1.625 quantile
                      	 1.973	 2.851	 2.215	  1.73	 2.111	 2.383	 2.298	 2.266	 3.798	 3.269	 8.877	 9.132	 | 9.132 max

train losses    106:	0.2433	0.2381	0.3347	 0.327	  0.27	 0.269	 0.446	0.4515	0.3797	0.3818	  0.42	0.4232	
val losses      106:	0.2811	0.2765	0.3005	0.3124	0.3404	0.3358	0.3881	0.4144	 0.749	0.7175	 1.207	 1.202	 | 0.5437 mean
                     	0.7572	0.7364	 0.784	0.8033	0.8516	0.8399	  1.09	 1.125	 1.757	  1.76	 2.846	 2.754	 | 1.725 quantile
                      	 1.997	 2.974	 2.248	 1.767	 2.068	 2.223	 2.283	 2.325	 3.575	 3.265	  9.55	  9.84	 | 9.84 max

train losses    108:	0.2405	0.2334	0.3345	0.3268	0.2658	0.2604	0.4464	0.4516	0.3762	0.3719	0.4096	0.4028	
val losses      108:	0.2794	0.2681	0.3008	0.3116	0.3447	0.3431	0.3882	0.4168	0.7187	0.6996	 1.176	 1.167	 | 0.5345 mean
                     	0.7781	0.7174	0.7861	0.8015	 0.884	0.8522	 1.089	 1.118	 1.729	 1.711	 2.771	 2.754	 | 1.68 quantile
                      	 2.009	 2.709	 2.234	 1.775	 2.272	 2.053	 2.318	 2.358	 3.614	 3.191	 9.366	 9.627	 | 9.627 max

train losses    110:	0.2411	0.2329	0.3346	0.3268	0.2634	0.2566	0.4467	0.4519	0.3741	0.3785	0.4694	0.4667	
val losses      110:	0.2744	0.2685	0.3008	0.3118	0.3403	0.3344	0.3874	0.4149	0.7535	0.7202	 1.133	 1.127	 | 0.5305 mean
                     	 0.737	0.7192	0.7858	0.8042	 0.871	0.8387	 1.084	 1.118	 1.803	 1.778	  2.68	 2.614	 | 1.661 quantile
                      	 1.914	 2.593	 2.229	 1.726	 2.198	  2.04	 2.224	 2.322	 3.768	   3.2	 9.043	 9.279	 | 9.279 max

train losses    112:	0.2393	0.2298	0.3344	0.3268	0.2681	0.2596	0.4453	0.4513	0.3504	0.3546	0.3518	0.3495	
val losses      112:	0.2776	0.2666	0.3006	0.3114	0.3372	0.3302	0.3864	0.4134	0.7232	0.6919	 1.105	 1.096	 | 0.5199 mean
                     	 0.746	0.7018	0.7865	0.8039	0.8621	0.8363	 1.093	  1.12	 1.749	 1.731	 2.729	 2.642	 | 1.611 quantile
                      	 1.959	 2.554	 2.209	 1.754	 1.993	 1.982	 2.372	 2.387	 3.428	 3.237	 8.477	 8.692	 | 8.692 max

train losses    114:	0.2379	0.2267	0.3342	0.3267	0.2588	0.2494	 0.445	0.4507	0.3433	0.3483	0.3316	0.3297	
val losses      114:	0.2732	0.2642	0.3004	0.3116	0.3283	 0.319	 0.389	0.4163	0.7295	0.6969	 1.152	 1.148	 | 0.5274 mean
                     	0.7423	0.7052	0.7868	0.8052	0.8389	0.8159	 1.077	 1.112	 1.717	 1.708	 2.625	 2.624	 | 1.62 quantile
                      	 1.971	 2.765	 2.234	 1.741	  2.08	  2.08	 2.161	 2.263	 3.548	 3.216	 9.175	 9.431	 | 9.431 max

train losses    116:	0.2349	0.2277	0.3341	0.3266	 0.262	0.2579	0.4447	0.4503	0.3293	0.3312	0.3008	0.2957	
val losses      116:	0.2661	0.2614	0.2999	0.3115	0.3329	0.3262	0.3875	0.4142	0.7504	0.7159	 1.114	 1.108	 | 0.524 mean
                     	0.7195	0.6948	0.7857	0.8003	0.8328	0.8265	 1.082	 1.117	  1.77	 1.745	 2.728	 2.687	 | 1.636 quantile
                      	 1.859	 2.651	 2.266	 1.742	 2.026	 2.028	 2.239	 2.313	 3.344	 3.218	 8.954	 9.191	 | 9.191 max

train losses    118:	0.2336	0.2248	0.3339	0.3266	0.2641	0.2613	0.4437	0.4496	0.3186	0.3198	0.2754	0.2736	
val losses      118:	0.2699	0.2614	0.3002	0.3113	0.3412	0.3364	0.3873	0.4137	0.7364	0.7044	 1.106	 1.099	 | 0.5222 mean
                     	 0.733	0.6964	 0.783	0.8028	0.8598	0.8409	 1.081	 1.118	  1.76	 1.739	 2.812	 2.737	 | 1.629 quantile
                      	 1.904	 2.552	  2.24	 1.742	 2.134	 2.205	 2.322	 2.377	 3.463	 3.168	 8.533	 8.758	 | 8.758 max

train losses    120:	0.2318	0.2221	0.3339	0.3266	0.2552	0.2464	 0.444	0.4496	0.3144	0.3198	0.2661	0.2599	
val losses      120:	0.2684	0.2604	0.3003	0.3116	0.3446	0.3397	0.3919	0.4191	0.7398	0.7056	 1.188	 1.181	 | 0.5376 mean
                     	0.7279	 0.696	0.7845	0.8046	0.8689	0.8496	 1.073	 1.109	 1.761	 1.775	 2.659	 2.671	 | 1.665 quantile
                      	 1.773	 2.562	 2.228	 1.755	  2.17	 2.047	 2.193	 2.313	 3.692	 3.187	 9.391	 9.585	 | 9.585 max

train losses    122:	0.2311	0.2204	0.3336	0.3266	0.2562	0.2499	0.4426	0.4486	0.3191	0.3251	0.2873	0.2891	
val losses      122:	0.2687	0.2602	0.3002	0.3111	0.3468	0.3426	0.3862	0.4127	0.7394	0.7062	 1.098	 1.092	 | 0.522 mean
                     	0.7267	0.6961	 0.782	0.8013	0.8751	0.8564	 1.084	 1.114	 1.769	 1.771	 2.832	  2.74	 | 1.636 quantile
                      	  1.87	 2.589	 2.229	 1.768	 2.192	 2.147	 2.375	 2.399	 3.544	 3.168	 8.314	 8.492	 | 8.492 max

train losses    124:	0.2307	0.2202	0.3335	0.3266	0.2561	0.2484	0.4428	0.4484	0.3121	0.3144	0.3484	0.3394	
val losses      124:	0.2708	 0.262	0.3003	0.3115	0.3388	0.3312	0.3943	0.4211	0.7398	0.7107	 1.267	 1.261	 | 0.5507 mean
                     	0.7449	0.7004	0.7834	0.8014	0.8567	0.8351	 1.075	 1.113	 1.749	 1.775	 2.806	 2.816	 | 1.72 quantile
                      	 1.889	 2.796	 2.226	 1.749	 2.183	 2.041	 2.245	 2.289	 3.655	 3.248	 9.783	 9.945	 | 9.945 max

train losses    126:	 0.231	0.2212	0.3336	0.3264	0.2584	0.2531	0.4427	0.4486	0.3327	0.3361	0.3951	0.3959	
val losses      126:	0.2688	0.2581	0.2999	 0.311	0.3556	0.3467	0.3854	0.4119	 0.766	0.7301	 1.091	 1.086	 | 0.5259 mean
                     	0.7273	0.6879	0.7814	 0.804	 0.888	 0.861	 1.087	 1.114	 1.796	 1.837	 2.822	 2.717	 | 1.659 quantile
                      	   1.8	 2.672	 2.226	 1.743	 2.231	 2.128	 2.368	 2.455	 3.935	 3.377	 8.377	 8.539	 | 8.539 max

train losses    128:	0.2316	0.2194	0.3333	0.3264	0.2719	0.2651	0.4414	 0.447	0.3425	 0.346	0.3225	0.3165	
val losses      128:	 0.276	0.2697	0.2997	0.3111	0.3791	 0.374	0.3886	0.4153	0.7686	0.7421	 1.112	 1.104	 | 0.5368 mean
                     	0.7543	 0.717	 0.779	 0.801	0.9438	0.9269	 1.073	 1.113	 1.821	 1.846	 2.588	 2.568	 | 1.641 quantile
                      	 1.958	 2.838	 2.219	 1.737	 2.343	 2.235	 2.294	 2.414	 3.849	  3.15	 8.985	 9.138	 | 9.138 max

train losses    130:	 0.232	0.2235	0.3332	0.3264	0.2726	0.2683	0.4414	0.4467	0.3326	 0.332	0.2291	0.2269	
val losses      130:	0.2738	0.2672	0.2995	0.3114	0.3856	0.3811	0.3918	0.4181	0.7787	0.7477	 1.133	 1.125	 | 0.5427 mean
                     	0.7505	  0.72	0.7816	0.7999	 0.944	0.9291	 1.076	 1.113	 1.839	 1.843	 2.637	 2.606	 | 1.663 quantile
                      	 1.816	 2.825	 2.217	 1.736	 2.269	 2.014	  2.27	 2.323	  3.64	 3.229	 9.119	 9.295	 | 9.295 max

train losses    132:	0.2323	0.2198	 0.333	0.3265	 0.271	 0.271	0.4385	0.4441	0.3113	0.3094	0.2024	0.1947	
val losses      132:	0.2673	0.2605	0.2997	0.3113	0.3692	0.3695	0.3889	 0.415	0.7589	0.7392	 1.104	 1.096	 | 0.5317 mean
                     	0.7371	 0.699	0.7856	0.7967	0.9056	0.9173	 1.072	 1.112	 1.815	 1.825	 2.681	 2.631	 | 1.641 quantile
                      	 1.916	   2.7	 2.222	 1.737	 2.338	 2.156	 2.301	 2.363	 3.707	 3.298	 8.876	 9.024	 | 9.024 max

train losses    134:	0.2294	0.2202	0.3328	0.3267	  0.28	0.2784	0.4361	0.4417	0.2992	0.2953	0.1975	0.1949	
val losses      134:	0.2682	 0.261	0.2991	0.3117	0.3799	0.3795	0.3905	0.4148	 0.783	0.7541	 1.109	 1.102	 | 0.5377 mean
                     	0.7275	0.7019	 0.779	0.7995	0.9293	0.9288	 1.075	 1.111	 1.857	 1.865	 2.661	 2.618	 | 1.666 quantile
                      	 1.806	 2.751	 2.234	 1.721	 2.284	 2.101	 2.301	 2.397	 3.815	  3.25	 8.847	 8.995	 | 8.995 max

train losses    136:	0.2312	0.2183	0.3319	0.3267	0.2809	0.2815	0.4325	0.4375	0.2984	0.2889	0.2223	0.2172	
val losses      136:	0.2689	 0.262	0.2994	0.3117	0.3837	0.3761	0.3905	0.4159	0.7616	0.7277	 1.145	 1.139	 | 0.5402 mean
                     	0.7286	0.7053	0.7716	0.8004	 0.933	0.9154	 1.074	 1.108	 1.819	 1.791	 2.626	 2.598	 | 1.667 quantile
                      	 1.826	 2.721	 2.232	 1.739	 2.274	 2.029	 2.214	 2.231	  3.49	 3.316	 9.252	  9.47	 | 9.47 max

train losses    138:	0.2284	0.2174	0.3316	0.3264	0.2768	0.2816	0.4281	0.4333	0.3026	0.2965	0.2851	 0.289	
val losses      138:	0.2672	0.2609	 0.299	0.3114	0.3889	0.3855	0.3878	0.4112	 0.768	0.7421	 1.091	 1.084	 | 0.5331 mean
                     	0.7181	0.6988	0.7735	0.7992	0.9375	0.9337	 1.069	 1.109	 1.822	 1.815	 2.675	 2.611	 | 1.633 quantile
                      	  1.72	 2.681	 2.205	 1.774	 2.209	 2.051	 2.269	 2.257	  3.37	 3.385	 8.597	  8.71	 | 8.71 max

train losses    140:	0.2326	0.2204	0.3308	0.3257	0.2799	0.2718	0.4217	 0.426	0.3299	0.3253	0.3652	0.3617	
val losses      140:	0.2704	0.2625	0.2982	0.3113	0.3535	0.3332	 0.387	0.4106	0.7331	   0.7	 1.204	 1.201	 | 0.5387 mean
                     	0.7398	0.7106	0.7695	0.7977	0.8757	0.8393	 1.043	 1.104	 1.738	 1.691	 2.682	 2.701	 | 1.666 quantile
                      	  1.82	 2.931	 2.222	 1.768	 2.176	  1.91	 2.129	 2.159	 3.416	  3.28	 9.582	  9.79	 | 9.79 max

train losses    142:	0.2341	0.2232	  0.33	0.3247	0.2661	0.2629	0.4111	0.4165	0.3367	0.3327	0.4141	0.4158	
val losses      142:	0.2757	0.2693	0.2995	0.3104	0.3233	0.3051	 0.382	0.4051	0.7702	0.7427	 1.102	 1.102	 | 0.524 mean
                     	0.7444	0.7219	0.7742	0.7996	0.8385	0.7996	 1.041	 1.097	 1.792	 1.763	 2.831	  2.79	 | 1.655 quantile
                      	 1.787	 2.963	 2.211	 1.806	  2.02	  1.96	 2.704	 2.645	 3.193	 3.625	 7.677	 7.944	 | 7.944 max

train losses    144:	0.2437	0.2327	0.3295	0.3226	0.2536	0.2388	0.4001	0.4037	0.3523	0.3466	 0.375	0.3688	
val losses      144:	0.2895	0.2755	0.2969	 0.309	0.3186	0.2988	0.3773	0.4014	0.7278	0.7019	 1.193	 1.191	 | 0.5317 mean
                     	0.8041	0.7456	0.7677	0.7934	 0.841	0.7819	 1.007	  1.08	 1.683	 1.638	 2.652	 2.675	 | 1.646 quantile
                      	 2.008	 3.132	 2.229	 1.783	 2.018	 1.663	 2.363	 2.354	 3.043	 3.347	 9.601	 9.835	 | 9.835 max

train losses    146:	0.2472	0.2386	0.3279	0.3203	0.2391	0.2386	0.3849	0.3899	0.3066	0.3062	0.2853	0.2901	
val losses      146:	0.2806	0.2861	0.2972	0.3092	0.3237	0.2934	0.3806	 0.401	0.7588	0.7245	 1.084	 1.086	 | 0.5187 mean
                     	0.7592	0.7531	0.7618	0.7911	0.8594	0.7905	 1.013	 1.071	 1.804	 1.723	  2.69	 2.636	 | 1.606 quantile
                      	 1.777	 2.869	 2.229	 1.805	 2.086	 1.672	 2.172	 2.065	 3.957	 3.289	  8.79	 8.938	 | 8.938 max

train losses    148:	0.2449	0.2338	0.3259	0.3181	0.2324	0.2282	0.3673	0.3724	0.2919	0.2952	0.2069	0.1961	
val losses      148:	0.2769	0.2606	0.2974	0.3079	0.3172	0.3044	0.3766	0.4005	0.7334	0.7022	 1.094	 1.093	 | 0.5136 mean
                     	0.7667	0.7033	0.7624	0.7892	0.8301	0.7951	 1.007	 1.047	 1.765	 1.743	 2.722	 2.646	 | 1.604 quantile
                      	  1.73	 2.972	 2.251	 1.839	 1.992	 1.691	 2.422	 2.455	   3.5	  3.21	 8.547	 8.832	 | 8.832 max

train losses    150:	0.2379	0.2355	0.3286	0.3187	0.2369	 0.222	0.3696	0.3697	0.3061	0.3175	0.2151	0.2251	
val losses      150:	0.2676	 0.278	0.2974	0.3088	0.3184	0.2948	0.3631	0.3906	0.7318	0.6935	 1.105	 1.102	 | 0.5126 mean
                     	0.7436	0.7334	0.7656	0.7873	0.8421	0.7621	0.9671	 1.036	  1.74	 1.752	 2.638	  2.59	 | 1.604 quantile
                      	 1.696	 3.019	 2.208	 1.774	 1.988	 1.611	 2.133	 2.137	 3.763	 3.166	 8.912	 9.043	 | 9.043 max

train losses    152:	0.2432	0.2279	0.3258	0.3177	0.2271	0.2307	 0.363	0.3686	0.3032	0.3115	0.2291	0.2279	
val losses      152:	0.2589	0.2522	0.3002	0.3107	0.3139	0.3049	0.3758	0.4022	0.7362	0.6974	 1.116	 1.116	 | 0.5153 mean
                     	 0.696	0.6772	0.7627	0.7976	0.8108	0.7833	 1.005	 1.039	 1.777	 1.785	  2.63	 2.595	 | 1.634 quantile
                      	 1.639	 2.757	  2.31	 1.896	  1.91	 1.714	 2.443	 2.438	 3.774	 3.293	 9.231	 9.494	 | 9.494 max

train losses    154:	0.2242	0.2199	0.3249	0.3163	0.2224	0.2188	 0.342	0.3418	0.2875	0.2963	 0.195	0.1947	
val losses      154:	0.2597	0.2537	0.2965	0.3087	0.3094	0.2897	0.3636	 0.388	0.7445	0.7082	 1.083	 1.079	 | 0.507 mean
                     	0.6932	0.6694	0.7621	 0.786	 0.804	0.7568	0.9425	 1.009	 1.763	 1.762	 2.695	 2.612	 | 1.6 quantile
                      	 1.671	  2.45	  2.24	 1.787	 1.989	 1.722	 2.058	 2.038	 3.643	 3.317	 8.929	 8.976	 | 8.976 max

train losses    156:	0.2213	0.2095	0.3238	 0.315	  0.22	 0.218	0.3332	0.3368	 0.279	0.2828	0.1827	 0.173	
val losses      156:	0.2593	0.2533	0.2965	 0.307	0.3098	0.2939	0.3469	0.3724	0.7427	0.7124	 1.105	   1.1	 | 0.5082 mean
                     	 0.686	0.6766	0.7562	0.7825	0.8095	0.7556	  0.93	0.9796	  1.77	 1.755	 2.646	 2.596	 | 1.611 quantile
                      	 1.678	 2.515	 2.256	 1.831	  1.95	 1.567	 1.992	 1.952	 3.782	  3.33	 9.068	 9.247	 | 9.247 max

train losses    158:	0.2198	0.2078	0.3235	0.3148	0.2184	 0.218	0.3189	0.3211	0.2862	0.2848	0.1802	0.1778	
val losses      158:	0.2583	0.2504	0.2967	0.3082	 0.308	0.2894	0.3556	0.3782	  0.74	0.6991	  1.11	 1.108	 | 0.5085 mean
                     	0.6896	0.6609	0.7524	0.7855	0.7911	 0.756	0.9229	0.9625	 1.774	 1.737	 2.651	 2.609	 | 1.614 quantile
                      	 1.705	 2.193	 2.299	 1.821	 2.005	 1.634	 2.189	 2.132	  3.71	  3.29	 9.176	 9.313	 | 9.313 max

train losses    160:	0.2195	0.2088	0.3233	 0.314	0.2281	0.2177	 0.318	0.3219	0.2818	0.2742	0.2306	0.2212	
val losses      160:	0.2599	0.2512	0.2969	0.3073	0.3088	0.2892	0.3558	0.3785	0.7373	0.7102	 1.085	  1.08	 | 0.505 mean
                     	0.6884	0.6599	0.7546	 0.776	0.8075	0.7469	0.9154	0.9588	 1.732	 1.737	 2.651	   2.6	 | 1.586 quantile
                      	 1.731	  2.25	 2.249	 1.809	 1.961	 1.644	 1.899	 1.999	 3.444	 3.407	 8.898	 9.034	 | 9.034 max

train losses    162:	0.2185	0.2085	0.3218	0.3132	 0.221	0.2202	0.3037	0.3073	0.2899	0.2829	0.3406	0.3409	
val losses      162:	0.2568	0.2517	0.2992	0.3091	0.3045	0.2862	0.3598	0.3848	0.7348	0.6908	 1.097	 1.094	 | 0.5057 mean
                     	0.6884	0.6615	0.7569	0.7951	0.7791	 0.751	0.9377	0.9856	 1.748	 1.687	 2.649	 2.591	 | 1.587 quantile
                      	 1.725	  2.04	 2.307	 1.838	 1.991	 1.633	 2.214	 2.154	 3.743	 3.308	 9.127	 9.286	 | 9.286 max

train losses    164:	0.2204	 0.208	0.3219	0.3125	0.2446	 0.241	0.3014	0.3052	0.3215	0.3184	0.4418	0.4333	
val losses      164:	0.2669	0.2536	0.2988	 0.309	0.3069	0.2912	 0.369	 0.396	0.7316	0.6984	 1.153	 1.144	 | 0.5182 mean
                     	 0.723	0.6708	0.7531	0.7738	0.8071	 0.763	0.9484	 1.016	 1.717	 1.674	 2.572	 2.599	 | 1.629 quantile
                      	 1.846	 2.208	 2.275	 1.815	 2.017	 1.572	 1.863	  2.11	 3.414	 3.321	 9.519	 9.722	 | 9.722 max

train losses    166:	0.2242	0.2134	0.3285	 0.318	0.2431	0.2269	  0.35	 0.355	0.2882	0.2877	0.3588	0.3671	
val losses      166:	0.2576	0.2552	0.3127	0.3188	0.3163	0.2888	0.4224	0.4559	0.7446	0.7206	 1.113	 1.105	 | 0.5259 mean
                     	0.6903	 0.686	0.7918	0.7991	0.8304	0.7521	 1.095	 1.153	 1.745	 1.749	  2.84	 2.793	 | 1.65 quantile
                      	 1.819	 2.354	  2.16	 1.813	 2.012	 1.717	 2.486	 2.285	 3.285	 3.608	 8.333	 8.704	 | 8.704 max

train losses    168:	0.2221	0.2112	0.3374	0.3214	0.2338	0.2155	0.3603	 0.375	0.2912	0.2955	0.2625	0.2526	
val losses      168:	0.2631	0.2607	 0.327	0.3252	 0.316	0.2971	0.4692	0.4988	0.7087	0.6848	 1.153	 1.144	 | 0.5373 mean
                     	0.7101	0.6891	0.8223	 0.818	0.8182	0.7774	  1.12	 1.199	 1.682	  1.69	 2.605	 2.602	 | 1.643 quantile
                      	 1.905	 2.728	 2.119	 2.147	 2.078	 1.612	 2.512	 2.282	 3.058	 3.303	 9.179	 9.447	 | 9.447 max

train losses    170:	0.2225	0.2106	0.3449	0.3274	0.2299	0.2222	0.4122	0.4183	0.2924	  0.29	0.1939	0.1914	
val losses      170:	0.2552	 0.253	 0.302	0.3128	0.3028	0.2877	0.3968	  0.43	0.7216	0.6931	 1.104	 1.096	 | 0.5129 mean
                     	0.6859	0.6673	0.7732	0.7952	0.7879	 0.733	  1.02	 1.086	 1.777	 1.799	 2.681	 2.657	 | 1.624 quantile
                      	 1.657	 2.137	  2.16	 1.773	  2.06	 1.675	 2.477	 2.188	 3.843	 3.268	 8.979	 9.182	 | 9.182 max

train losses    172:	0.2183	0.2104	0.3272	 0.318	0.2291	0.2214	0.3502	0.3555	0.3083	0.3101	 0.188	0.1842	
val losses      172:	0.2574	0.2545	0.3009	0.3111	0.3147	0.2911	0.3705	0.3991	0.7373	 0.709	 1.109	 1.107	 | 0.5134 mean
                     	0.6911	0.6755	0.7664	 0.795	0.7979	0.7585	 1.031	 1.072	 1.795	 1.784	 2.645	 2.579	 | 1.63 quantile
                      	 1.718	  2.11	 2.293	 1.855	 2.135	  1.81	 2.806	 2.926	 3.321	 3.358	 8.989	 9.237	 | 9.237 max

train losses    174:	0.2178	0.2133	0.3248	0.3158	0.2396	0.2275	0.3072	0.3082	0.3883	0.3897	   0.2	0.1997	
val losses      174:	0.2555	0.2494	0.2989	0.3089	0.3635	0.3475	0.3592	0.3843	0.7907	0.7567	 1.087	 1.081	 | 0.5236 mean
                     	0.6767	0.6667	0.7567	0.7885	0.8879	0.8398	0.9817	 1.017	 1.919	  1.98	  2.71	  2.67	 | 1.664 quantile
                      	 1.705	 1.814	 2.298	 1.799	 2.166	 1.808	 2.129	 2.254	 4.142	  3.45	 8.953	  9.08	 | 9.08 max

train losses    176:	0.2205	0.2086	  0.32	0.3108	0.2352	0.2333	0.2791	0.2807	0.3689	0.3644	  0.19	0.1874	
val losses      176:	0.2599	0.2569	0.2946	0.3057	0.3538	0.3379	0.3455	 0.374	0.7697	0.7325	  1.12	 1.116	 | 0.5222 mean
                     	0.7065	0.6807	0.7524	0.7762	0.8481	0.8383	 0.932	0.9653	 1.871	  1.84	 2.673	 2.652	 | 1.641 quantile
                      	 1.718	 2.093	 2.262	  1.78	 2.393	  1.92	 2.186	 2.132	 4.097	 3.294	 9.161	 9.554	 | 9.554 max

train losses    178:	0.2153	0.2078	0.3199	0.3119	0.2408	0.2403	0.2778	0.2765	0.2892	0.2816	0.1849	0.1865	
val losses      178:	0.2516	0.2453	0.2975	0.3084	0.3812	0.3681	0.3464	0.3726	0.7723	 0.731	 1.091	 1.085	 | 0.5208 mean
                     	0.6896	0.6543	0.7544	0.7915	0.9028	0.8827	 0.941	0.9751	 1.833	  1.83	 2.719	 2.639	 | 1.634 quantile
                      	 1.651	 1.722	 2.293	 1.828	 2.424	 1.916	 2.213	 2.381	 3.947	 3.179	 8.905	 9.105	 | 9.105 max

train losses    180:	0.2175	0.2075	0.3208	0.3114	0.2486	0.2423	0.2737	0.2748	0.2728	0.2634	0.1744	0.1702	
val losses      180:	0.2581	0.2566	0.2978	0.3072	0.3469	0.3302	0.3526	0.3802	 0.752	0.7173	 1.108	 1.104	 | 0.5175 mean
                     	0.6924	0.6814	0.7552	0.7896	0.8488	0.8249	0.9413	0.9882	  1.83	 1.803	 2.603	 2.607	 | 1.624 quantile
                      	 1.723	 1.935	  2.32	 1.857	 2.303	 1.814	 2.346	  2.26	  3.76	 3.323	  9.04	 9.391	 | 9.391 max

train losses    182:	0.2139	0.2033	 0.319	  0.31	0.2426	0.2384	0.2688	0.2692	 0.255	0.2477	0.1715	0.1699	
val losses      182:	0.2558	0.2463	0.2989	0.3094	0.3306	0.3092	0.3566	0.3834	0.7389	0.6977	 1.094	 1.091	 | 0.5093 mean
                     	0.6926	0.6523	0.7571	0.7961	0.8216	0.7831	0.9437	0.9833	 1.763	 1.761	 2.627	  2.59	 | 1.612 quantile
                      	 1.659	  1.98	 2.337	 1.854	   2.2	 1.648	 2.238	 2.384	 3.852	 3.084	 8.939	 9.216	 | 9.216 max

train losses    184:	0.2165	0.2016	0.3185	0.3095	0.2464	0.2373	0.2578	0.2592	0.2438	0.2359	0.2031	0.2016	
val losses      184:	0.2575	0.2516	0.3003	0.3093	0.3274	 0.308	0.3583	0.3841	0.7298	0.6917	 1.112	 1.108	 | 0.5115 mean
                     	0.6947	0.6675	0.7656	 0.797	0.8204	0.7745	0.9445	0.9797	 1.764	 1.715	 2.638	 2.628	 | 1.605 quantile
                      	 1.688	  1.85	  2.35	 1.851	 2.171	 1.786	   2.2	 2.229	 3.715	 3.286	 9.196	 9.348	 | 9.348 max

train losses    186:	0.2169	0.2074	0.3168	0.3073	0.2519	0.2472	0.2384	0.2365	0.2412	 0.236	0.2387	0.2379	
val losses      186:	0.2584	 0.251	 0.295	0.3062	0.3447	0.3315	0.3455	0.3692	0.7373	0.6983	 1.108	 1.106	 | 0.5125 mean
                     	0.7011	0.6623	0.7463	0.7793	0.8506	0.8268	0.9093	0.9552	 1.775	 1.791	 2.599	 2.571	 | 1.632 quantile
                      	 1.679	 1.997	 2.304	 1.823	 2.225	 1.864	 2.006	 2.049	 4.046	 3.125	 9.129	 9.186	 | 9.186 max

train losses    188:	0.2208	0.2079	0.3148	0.3059	0.2563	0.2588	0.2309	0.2286	0.2436	0.2431	0.2942	0.2918	
val losses      188:	0.2615	0.2581	0.2955	0.3072	0.3643	0.3577	0.3472	0.3694	0.7413	0.7018	 1.098	 1.092	 | 0.5162 mean
                     	0.7163	0.6801	0.7451	0.7812	0.8911	0.8758	 0.919	0.9472	 1.794	 1.784	 2.701	 2.676	 | 1.61 quantile
                      	 1.717	 1.984	 2.283	 1.785	 2.335	 2.076	 2.189	 2.118	 3.927	 3.292	 9.088	 9.203	 | 9.203 max

train losses    190:	0.2188	0.2104	0.3152	0.3057	0.2546	0.2503	0.2267	0.2241	0.2463	0.2376	0.3404	0.3392	
val losses      190:	0.2599	0.2554	0.2961	0.3072	0.3453	0.3327	0.3481	0.3715	0.7366	0.6984	 1.148	 1.145	 | 0.5204 mean
                     	0.7117	0.6777	0.7447	0.7809	0.8499	0.8312	0.9092	 0.957	  1.78	  1.79	 2.619	 2.611	 | 1.663 quantile
                      	 1.712	 2.039	 2.316	 1.824	 2.313	 1.796	 1.955	 2.122	 4.187	 3.124	 9.412	 9.495	 | 9.495 max

train losses    192:	0.2182	0.2067	0.3145	0.3055	0.2472	0.2481	0.2345	0.2346	0.2464	0.2471	0.2978	0.2962	
val losses      192:	0.2527	 0.248	 0.296	0.3082	0.3276	0.3172	 0.355	0.3795	0.7379	 0.697	 1.115	 1.106	 | 0.5117 mean
                     	0.6793	0.6566	0.7518	0.7832	0.8181	0.7974	0.9384	 0.976	  1.79	 1.776	 2.873	 2.792	 | 1.632 quantile
                      	 1.697	 1.906	 2.307	 1.796	 2.258	 1.895	 2.386	 2.362	 3.992	 3.211	 8.508	 8.819	 | 8.819 max

train losses    194:	0.2124	0.2044	0.3132	 0.304	0.2357	0.2339	0.2212	0.2176	0.2443	0.2379	0.2359	0.2305	
val losses      194:	0.2511	0.2497	0.2966	0.3079	0.3067	0.2976	0.3549	0.3796	0.7417	0.7039	 1.142	 1.138	 | 0.5141 mean
                     	0.6762	0.6619	0.7503	0.7819	0.7832	0.7667	0.9258	0.9831	 1.814	 1.782	 2.631	 2.611	 | 1.664 quantile
                      	 1.672	 1.937	 2.321	 1.827	 2.183	 1.606	 2.067	 2.161	 4.009	 3.292	 9.396	 9.549	 | 9.549 max

train losses    196:	0.2102	0.2007	0.3123	0.3034	0.2234	0.2235	0.2148	0.2125	0.2533	0.2523	0.2054	0.2048	
val losses      196:	 0.246	0.2431	0.2964	 0.308	0.2947	0.2859	 0.357	0.3797	0.7345	0.6941	 1.087	 1.079	 | 0.5005 mean
                     	0.6558	0.6454	0.7486	0.7794	0.7475	 0.731	0.9329	0.9822	 1.779	  1.79	 2.713	 2.657	 | 1.596 quantile
                      	 1.663	 1.732	 2.312	  1.82	 2.107	 1.603	 2.131	 2.134	 4.164	 3.161	 9.026	  9.09	 | 9.09 max

train losses    198:	0.2048	0.1965	0.3117	0.3024	0.2139	0.2114	0.2082	0.2054	0.2705	0.2663	0.1771	0.1742	
val losses      198:	0.2471	0.2437	0.2967	0.3082	0.2988	0.2863	0.3541	0.3775	0.7622	0.7269	 1.081	 1.075	 | 0.5048 mean
                     	0.6604	0.6475	0.7492	0.7801	0.7503	0.7451	0.9234	0.9623	 1.825	 1.791	 2.622	 2.594	 | 1.603 quantile
                      	 1.677	 1.785	 2.311	 1.826	 2.119	   1.7	 2.191	 2.322	 3.463	 3.544	 8.617	 8.926	 | 8.926 max

train losses    200:	0.2042	0.1954	0.3114	0.3024	0.2061	 0.203	0.2113	0.2089	0.2954	0.2934	0.1612	0.1573	
val losses      200:	0.2445	0.2425	 0.296	0.3077	0.3046	0.2956	0.3515	0.3752	0.7485	0.7131	 1.119	 1.113	 | 0.5093 mean
                     	 0.649	0.6365	0.7489	0.7761	0.7621	0.7454	0.9116	0.9677	 1.817	  1.89	 2.602	 2.611	 | 1.644 quantile
                      	  1.67	 1.753	 2.292	 1.826	 2.109	 1.644	 1.905	 2.031	 4.519	 3.555	 9.328	 9.374	 | 9.374 max

train losses    202:	0.2041	 0.195	0.3135	 0.304	0.2088	0.2073	 0.237	0.2332	0.3453	0.3415	0.1703	0.1712	
val losses      202:	0.2475	0.2447	0.2975	0.3087	0.3052	0.2963	0.3645	0.3849	0.7607	0.7214	 1.088	 1.085	 | 0.5087 mean
                     	0.6591	0.6537	0.7463	0.7724	0.7711	0.7563	0.9461	0.9961	 1.861	 1.819	 2.611	 2.607	 | 1.617 quantile
                      	 1.692	 1.733	 2.277	 1.867	 2.216	 1.776	 1.804	 2.267	 3.561	 3.565	 8.816	 9.029	 | 9.029 max

train losses    204:	0.2025	0.1938	0.3151	0.3058	0.2059	0.2016	0.2618	0.2652	0.3186	0.3137	0.1611	0.1583	
val losses      204:	 0.244	0.2401	0.3085	0.3187	0.3008	0.2799	0.3914	 0.415	0.7415	0.6963	 1.117	 1.114	 | 0.5139 mean
                     	0.6484	0.6352	0.7818	0.8141	0.7562	0.7229	 1.031	  1.06	 1.769	 1.703	 2.602	 2.577	 | 1.632 quantile
                      	 1.689	 1.828	  2.37	  2.02	 2.113	 1.575	 2.668	 2.744	 3.758	 3.346	 9.189	 9.406	 | 9.406 max

train losses    206:	 0.202	0.1966	0.3153	0.3065	0.2109	0.2032	0.2732	0.2754	0.2434	  0.24	0.1763	0.1755	
val losses      206:	 0.246	0.2389	0.3079	0.3161	0.3161	0.2907	0.3938	0.4232	0.7563	0.7136	  1.11	 1.108	 | 0.5184 mean
                     	0.6565	0.6374	0.7832	0.8117	0.7803	0.7453	 1.016	 1.063	 1.843	 1.803	 2.606	 2.592	 | 1.645 quantile
                      	  1.67	 1.711	  2.39	 1.942	 2.213	 1.764	 2.465	 2.625	 4.071	 3.107	 9.086	 9.391	 | 9.391 max

train losses    208:	0.2015	0.1927	0.3128	0.3031	0.2224	0.2143	0.2343	0.2323	0.2594	0.2529	0.1735	0.1724	
val losses      208:	0.2421	0.2385	0.2968	0.3074	0.3241	0.3083	0.3528	0.3754	0.7505	 0.703	 1.107	 1.102	 | 0.509 mean
                     	0.6357	0.6339	0.7445	0.7823	0.8061	0.7722	0.9348	0.9547	 1.806	 1.812	 2.627	 2.584	 | 1.642 quantile
                      	 1.701	 1.783	 2.331	 1.827	 2.234	 1.855	  1.99	 2.015	 4.185	 3.067	 9.208	 9.318	 | 9.318 max

train losses    210:	0.2041	0.1939	0.3118	 0.302	0.2364	0.2415	0.2297	0.2274	0.2717	0.2694	 0.155	0.1548	
val losses      210:	0.2415	0.2378	0.2976	0.3084	0.3192	0.3126	0.3692	 0.391	0.7649	0.7269	 1.099	 1.093	 | 0.5135 mean
                     	0.6368	0.6285	0.7513	0.7746	0.7952	 0.798	0.9531	 1.009	 1.869	 1.845	 2.689	 2.642	 | 1.637 quantile
                      	 1.663	 1.694	 2.256	   1.9	 2.281	 1.957	 1.921	 2.213	  4.31	 3.119	 9.123	 9.272	 | 9.272 max

train losses    212:	0.1993	0.1929	0.3089	0.2998	0.2336	0.2306	0.1999	0.1967	0.2658	0.2755	 0.192	 0.191	
val losses      212:	0.2395	0.2367	0.2976	0.3076	0.3176	0.3037	0.3528	0.3732	0.7681	0.7184	 1.111	 1.106	 | 0.5111 mean
                     	0.6299	 0.633	0.7459	0.7804	0.7853	0.7694	0.9174	0.9542	 1.859	 1.874	 2.615	 2.595	 | 1.652 quantile
                      	 1.616	 1.713	 2.321	 1.822	 2.174	 1.851	 2.097	 2.271	 4.368	 3.256	 9.393	 9.454	 | 9.454 max

train losses    214:	0.1999	 0.192	0.3078	0.2983	0.2396	0.2443	0.1856	0.1815	0.2566	0.2565	0.2237	0.2219	
val losses      214:	 0.239	0.2397	0.2979	0.3091	0.3419	0.3357	0.3564	0.3782	0.7678	0.7238	 1.091	 1.082	 | 0.5135 mean
                     	0.6301	0.6359	0.7497	0.7849	0.8339	0.8353	0.9217	 0.953	 1.855	 1.824	 2.763	 2.684	 | 1.63 quantile
                      	 1.654	 1.683	 2.317	 1.862	 2.216	 1.862	  2.31	 2.201	 4.143	  3.32	 8.824	 9.037	 | 9.037 max

train losses    216:	0.1975	0.1915	 0.307	0.2979	0.2307	 0.228	0.1846	0.1814	0.2462	0.2422	0.2635	0.2605	
val losses      216:	0.2396	0.2382	0.2974	0.3085	0.3586	0.3476	0.3526	 0.376	0.7513	0.7053	 1.115	 1.112	 | 0.5168 mean
                     	0.6263	0.6284	0.7469	 0.781	0.8636	0.8471	 0.911	0.9692	 1.835	 1.804	 2.603	 2.598	 | 1.644 quantile
                      	 1.631	 1.768	 2.339	 1.822	 2.317	 1.849	 1.974	 2.097	 4.323	 3.171	 9.348	 9.397	 | 9.397 max

train losses    218:	0.1983	0.1903	0.3065	0.2973	0.2381	0.2392	0.1809	 0.178	0.2378	0.2349	0.3026	0.3006	
val losses      218:	 0.241	0.2413	0.2971	0.3083	0.3311	 0.323	0.3575	0.3777	0.7442	0.6968	 1.093	 1.083	 | 0.5078 mean
                     	0.6348	0.6355	0.7456	0.7781	0.8276	0.8097	0.9189	0.9673	   1.8	 1.768	 2.788	 2.735	 | 1.612 quantile
                      	  1.67	 1.688	 2.304	  1.88	 2.235	 1.854	 2.185	 2.064	 4.298	 3.173	  8.35	 8.701	 | 8.701 max

train losses    220:	0.1974	 0.191	0.3063	0.2966	0.2297	 0.222	0.1819	0.1795	0.2373	0.2276	0.2892	0.2864	
val losses      220:	0.2409	0.2394	0.2991	0.3088	0.3064	0.2899	0.3563	0.3796	0.7425	0.6924	 1.198	 1.193	 | 0.5205 mean
                     	0.6306	0.6335	0.7465	0.7791	0.7759	0.7446	0.9286	0.9791	 1.794	 1.713	 2.702	 2.766	 | 1.676 quantile
                      	 1.608	 1.832	 2.372	 1.841	 2.197	 1.653	 2.028	 2.156	 3.854	 3.362	 9.757	 9.909	 | 9.909 max

train losses    222:	0.1979	0.1917	0.3085	0.2997	0.2238	0.2242	 0.221	0.2235	0.2347	 0.224	0.2752	0.2763	
val losses      222:	0.2394	0.2418	0.2971	0.3088	0.3068	0.2925	0.3587	0.3815	0.7262	0.6793	 1.084	 1.073	 | 0.4991 mean
                     	 0.628	 0.645	0.7467	0.7885	0.7609	 0.748	 0.936	0.9797	 1.749	 1.714	 2.767	 2.713	 | 1.582 quantile
                      	 1.677	  1.76	 2.341	 1.864	  2.17	 1.763	 2.442	 2.391	  4.02	 3.176	 8.297	 8.594	 | 8.594 max

train losses    224:	0.1982	0.1929	0.3117	0.3017	0.2182	0.2254	0.2508	0.2513	0.2542	0.2434	0.2496	0.2455	
val losses      224:	0.2448	0.2421	0.3015	0.3114	0.3088	0.3115	0.3951	0.4174	0.7228	0.6946	   1.2	 1.194	 | 0.5286 mean
                     	0.6528	0.6421	0.7529	0.7784	0.7858	0.7918	0.9923	 1.086	 1.756	 1.721	 2.741	 2.733	 | 1.677 quantile
                      	 1.673	 1.805	 2.248	 1.939	 2.182	 1.681	 1.949	 2.306	 3.514	 3.656	 9.374	 9.575	 | 9.575 max

train losses    226:	0.2029	0.1956	0.3075	0.2982	0.2104	0.2066	0.2197	0.2218	0.2644	 0.257	0.2262	0.2252	
val losses      226:	0.2444	0.2431	 0.297	0.3078	0.2949	0.2807	0.3475	0.3702	0.7169	 0.668	 1.089	 1.085	 | 0.4954 mean
                     	0.6549	0.6415	0.7424	0.7855	0.7503	0.7186	  0.91	0.9563	 1.703	 1.695	 2.584	 2.566	 | 1.583 quantile
                      	  1.65	 1.685	 2.325	 1.862	 2.067	 1.636	 2.215	 2.235	 3.942	 3.331	 8.891	 9.086	 | 9.086 max

train losses    228:	0.2012	0.1945	0.3063	0.2969	0.2045	0.2024	 0.203	0.2024	0.2845	0.2777	  0.19	0.1875	
val losses      228:	0.2477	0.2435	   0.3	0.3109	 0.306	0.2931	 0.365	0.3903	0.7444	0.7058	 1.096	  1.09	 | 0.5078 mean
                     	0.6598	0.6556	0.7565	0.7878	0.7773	0.7604	 0.971	 1.007	 1.779	  1.74	 2.646	 2.626	 | 1.613 quantile
                      	 1.707	 1.756	 2.372	 1.833	 2.142	 1.653	 2.082	  2.28	 3.531	 3.662	  8.96	 9.051	 | 9.051 max

train losses    230:	0.2006	 0.195	0.3064	0.2969	0.2048	0.1985	0.2051	0.2015	0.2856	0.2821	0.1888	0.1833	
val losses      230:	0.2455	0.2481	0.2971	0.3074	0.3035	0.2951	0.3605	0.3879	0.7165	0.6701	 1.124	 1.121	 | 0.5064 mean
                     	0.6577	0.6608	 0.744	0.7729	0.7699	0.7479	 0.931	 1.002	 1.739	 1.738	 2.601	 2.572	 | 1.623 quantile
                      	 1.603	 1.647	 2.261	 1.923	 2.165	 1.598	 2.056	 1.935	 4.371	 3.375	 9.207	 9.331	 | 9.331 max

train losses    232:	0.2021	0.1949	0.3065	0.2971	0.2017	0.1935	0.2198	0.2183	0.2897	0.2968	0.2172	0.2138	
val losses      232:	0.2475	0.2507	 0.299	0.3099	0.2886	0.2775	0.3766	0.3967	0.7506	0.7074	 1.095	 1.089	 | 0.5074 mean
                     	0.6572	 0.668	0.7496	0.7754	0.7445	0.7212	 0.961	 1.017	 1.804	 1.768	 2.677	 2.652	 | 1.622 quantile
                      	 1.683	 1.728	 2.259	 1.952	 2.081	 1.601	  2.01	 2.207	 3.604	 3.547	 8.954	 9.159	 | 9.159 max

train losses    234:	0.1982	0.1915	0.3055	0.2964	0.1973	0.1919	0.2018	0.2033	0.2484	0.2484	0.2117	0.2091	
val losses      234:	0.2443	0.2424	0.3013	0.3124	0.2926	 0.276	0.3768	0.3984	0.7199	0.6685	 1.084	 1.078	 | 0.4996 mean
                     	0.6531	0.6493	0.7614	0.7963	0.7473	 0.715	0.9804	 1.011	 1.741	 1.699	 2.652	 2.606	 | 1.586 quantile
                      	  1.62	 1.749	 2.317	   1.9	  1.97	 1.541	 2.373	 2.459	 4.129	 3.287	  8.53	 9.059	 | 9.059 max

train losses    236:	0.1962	0.1912	0.3097	0.3005	0.2016	0.1949	0.2574	0.2601	0.2455	0.2515	0.1751	0.1737	
val losses      236:	0.2484	0.2421	0.3025	0.3113	0.3254	0.3072	0.3707	0.3988	0.7488	0.7021	 1.072	 1.068	 | 0.5081 mean
                     	0.6565	0.6495	0.7638	0.7959	0.8029	 0.779	0.9917	 1.028	 1.822	 1.735	 2.614	 2.563	 | 1.601 quantile
                      	 1.666	  1.76	  2.37	 1.888	 2.281	 1.792	 2.252	 2.362	  3.73	 3.134	 8.581	 9.035	 | 9.035 max

train losses    238:	0.1953	0.1866	0.3046	0.2949	0.2157	0.2045	0.1984	0.1959	0.2304	0.2263	0.1838	0.1799	
val losses      238:	0.2386	0.2395	0.2979	0.3077	  0.31	0.2934	0.3558	0.3764	0.7389	0.6742	 1.089	 1.087	 | 0.5007 mean
                     	0.6299	0.6405	0.7406	0.7725	 0.773	0.7462	0.9188	0.9751	 1.772	 1.702	 2.615	 2.622	 | 1.579 quantile
                      	 1.635	 1.826	 2.318	 1.884	 2.164	 1.673	 1.909	  1.95	 4.108	 3.272	 8.856	 9.104	 | 9.104 max

train losses    240:	0.1935	0.1845	0.3051	0.2956	0.2077	0.2024	0.2117	0.2111	0.2187	 0.213	0.1587	0.1575	
val losses      240:	0.2381	0.2361	0.3001	0.3104	0.3122	0.3009	0.3815	0.4044	 0.737	0.6887	 1.095	 1.092	 | 0.508 mean
                     	0.6307	0.6287	0.7478	  0.78	0.7749	 0.757	0.9701	 1.036	   1.8	 1.751	 2.587	  2.57	 | 1.607 quantile
                      	 1.612	 1.786	 2.244	 1.992	 2.203	 1.655	 1.857	  2.18	 4.214	 3.212	 8.934	 9.097	 | 9.097 max

train losses    242:	0.1893	0.1825	0.3034	0.2941	0.1986	0.1902	0.1848	0.1838	0.2158	0.2114	0.1436	 0.142	
val losses      242:	0.2343	0.2331	0.2978	 0.308	0.2955	0.2798	0.3492	0.3725	0.7417	0.6833	 1.085	  1.08	 | 0.4966 mean
                     	0.6192	0.6204	 0.745	0.7781	0.7454	0.7219	0.9201	0.9617	 1.789	 1.712	 2.618	 2.586	 | 1.586 quantile
                      	 1.558	 1.876	 2.318	 1.899	 2.113	  1.65	 2.305	 2.393	  3.86	 3.153	 8.765	 9.127	 | 9.127 max

train losses    244:	0.1889	0.1805	0.3011	0.2917	 0.199	0.1901	0.1732	0.1703	 0.219	0.2121	 0.139	0.1372	
val losses      244:	0.2348	 0.233	0.3008	0.3102	0.2984	0.2808	  0.36	0.3815	0.7366	0.6812	 1.094	 1.092	 | 0.5003 mean
                     	0.6155	0.6181	0.7552	0.7858	 0.754	0.7272	0.9357	0.9658	   1.8	 1.746	 2.594	 2.559	 | 1.607 quantile
                      	 1.564	 1.902	 2.381	 1.863	 2.084	 1.667	 2.223	 2.163	 4.379	 3.184	 9.017	 9.099	 | 9.099 max

train losses    246:	0.1865	0.1794	0.3003	0.2908	0.1974	0.1941	0.1758	0.1716	0.2167	0.2103	0.1462	0.1469	
val losses      246:	 0.233	0.2336	0.2978	 0.308	0.3063	0.2957	0.3595	0.3824	0.7445	0.6877	 1.087	 1.084	 | 0.5016 mean
                     	0.6116	0.6206	0.7434	 0.773	0.7626	0.7499	0.9312	0.9861	 1.827	 1.768	 2.603	 2.589	 | 1.602 quantile
                      	 1.644	 1.838	 2.289	  1.91	 2.221	 1.769	 1.956	 2.047	 4.159	 3.143	 8.887	 9.153	 | 9.153 max

train losses    248:	0.1858	0.1787	0.2995	0.2899	0.2013	0.1965	0.1707	0.1685	0.2266	0.2155	0.1803	0.1789	
val losses      248:	0.2335	0.2322	0.2995	0.3091	 0.299	0.2835	 0.354	0.3765	0.7436	0.6852	 1.106	 1.104	 | 0.5021 mean
                     	 0.617	0.6173	0.7463	0.7767	0.7609	0.7388	0.9199	0.9696	 1.801	 1.765	 2.601	 2.588	 | 1.626 quantile
                      	 1.548	 1.865	 2.353	 1.881	  2.06	 1.667	 2.099	 2.205	 4.381	 3.253	  9.19	 9.329	 | 9.329 max

train losses    250:	0.1833	0.1779	 0.298	0.2885	0.2015	0.2024	 0.161	0.1581	 0.231	0.2225	0.2266	0.2261	
val losses      250:	0.2303	 0.232	0.2985	 0.309	0.2988	0.2822	0.3586	  0.38	 0.741	0.6828	 1.089	  1.08	 | 0.4985 mean
                     	0.6052	 0.618	0.7416	0.7764	0.7541	0.7429	0.9244	 0.968	 1.824	 1.761	 2.755	 2.693	 | 1.597 quantile
                      	  1.61	 1.831	 2.343	 1.908	 2.172	 1.784	 2.243	 2.199	 4.236	 3.221	 8.535	 8.929	 | 8.929 max

train losses    252:	0.1836	0.1788	0.2971	0.2874	 0.206	 0.203	0.1575	0.1548	0.2522	0.2305	0.2659	0.2637	
val losses      252:	0.2331	0.2322	0.2999	0.3097	0.3027	0.2857	0.3532	0.3765	0.7429	0.6839	 1.171	 1.168	 | 0.5133 mean
                     	0.6164	0.6192	0.7474	0.7772	0.7773	0.7483	0.9174	0.9762	 1.758	 1.733	 2.701	 2.713	 | 1.661 quantile
                      	 1.538	  1.89	 2.349	 1.877	 2.082	 1.705	 2.055	 2.118	 4.173	 3.141	 9.552	 9.715	 | 9.715 max

train losses    254:	0.1835	0.1782	0.2968	0.2873	0.2033	0.2074	0.1581	0.1556	0.2322	 0.214	 0.269	0.2714	
val losses      254:	0.2304	0.2322	0.2989	0.3093	0.2976	0.2838	0.3591	0.3799	0.7319	0.6719	 1.105	 1.096	 | 0.4996 mean
                     	0.6094	0.6172	0.7423	0.7759	0.7622	0.7465	0.9287	0.9718	 1.789	 1.736	 2.875	 2.823	 | 1.615 quantile
                      	 1.634	 1.847	 2.358	 1.888	 2.127	 1.795	 2.194	 2.259	 4.292	 3.357	 7.858	 8.399	 | 8.399 max

train losses    256:	 0.183	0.1786	0.2964	0.2867	0.2061	0.2084	0.1613	0.1617	0.2163	0.2064	0.2512	0.2483	
val losses      256:	0.2345	0.2341	0.3006	0.3106	0.2952	0.2777	0.3564	0.3808	0.7227	 0.668	 1.145	 1.141	 | 0.5056 mean
                     	0.6215	0.6288	0.7566	0.7878	0.7619	0.7279	0.9313	0.9635	 1.744	   1.7	  2.64	 2.654	 | 1.634 quantile
                      	 1.545	 1.849	 2.356	 1.864	 2.073	 1.682	 2.175	 2.223	 4.186	 3.216	 9.391	 9.573	 | 9.573 max

train losses    258:	0.1815	0.1798	0.2959	0.2864	0.1993	0.2025	0.1643	0.1634	 0.205	 0.199	0.2138	0.2131	
val losses      258:	0.2323	0.2359	 0.299	0.3088	 0.298	0.2881	0.3553	0.3775	0.7342	0.6832	 1.073	  1.07	 | 0.4963 mean
                     	0.6152	0.6313	0.7403	0.7755	  0.76	0.7469	0.9207	0.9655	  1.76	 1.723	 2.583	 2.555	 | 1.58 quantile
                      	 1.596	  1.83	  2.35	 1.894	 2.103	 1.639	 2.106	 2.227	 3.754	 3.353	 8.502	 8.979	 | 8.979 max

train losses    260:	0.1806	0.1779	 0.295	0.2852	0.1974	0.2019	 0.165	 0.165	0.2159	0.2123	0.1672	0.1644	
val losses      260:	0.2352	0.2361	0.3026	0.3125	 0.295	0.2778	0.3756	0.3975	 0.739	0.6757	 1.073	 1.067	 | 0.4989 mean
                     	0.6107	0.6292	0.7655	0.7883	0.7581	0.7288	0.9695	 1.004	 1.793	 1.769	 2.601	 2.578	 | 1.583 quantile
                      	 1.533	 1.886	 2.357	  1.87	 2.024	 1.707	 2.372	 2.294	 4.632	 3.349	 8.577	 8.893	 | 8.893 max

train losses    262:	0.1807	0.1798	0.2963	0.2865	0.1884	0.1903	0.1848	0.1852	0.2636	 0.265	0.1536	0.1513	
val losses      262:	0.2332	0.2382	0.3011	0.3108	0.2921	0.2807	0.3658	0.3902	0.7393	0.6778	 1.121	 1.118	 | 0.5057 mean
                     	0.6132	0.6424	0.7458	0.7771	0.7506	0.7343	0.9493	 1.018	 1.793	 1.735	 2.639	 2.633	 | 1.623 quantile
                      	 1.571	 1.813	 2.269	 1.927	 2.083	 1.647	 2.001	 1.998	 3.846	 3.278	 8.981	 9.335	 | 9.335 max

train losses    264:	0.1814	0.1769	0.2958	0.2861	 0.194	0.1956	0.1941	0.1955	0.2981	0.3099	0.1472	0.1461	
val losses      264:	0.2339	0.2353	 0.302	0.3118	0.2954	0.2761	0.3605	0.3834	0.7283	0.6846	 1.081	 1.077	 | 0.4974 mean
                     	0.6138	0.6276	0.7552	0.7943	0.7568	0.7131	0.9429	0.9741	 1.754	 1.702	 2.661	 2.622	 | 1.589 quantile
                      	 1.547	 1.907	 2.337	 1.894	 1.999	 1.655	 2.416	 2.302	  3.88	 3.444	 8.739	 9.015	 | 9.015 max

train losses    266:	 0.183	0.1777	0.2949	 0.285	0.1897	0.1884	0.1843	 0.184	0.2631	0.2594	0.1414	0.1366	
val losses      266:	0.2364	0.2312	0.2984	0.3087	 0.295	 0.276	0.3519	0.3749	0.7499	0.6996	 1.108	 1.105	 | 0.5029 mean
                     	 0.629	0.6185	0.7445	0.7781	0.7571	0.7244	0.9193	0.9699	 1.828	 1.855	 2.594	 2.583	 | 1.632 quantile
                      	 1.586	  1.88	 2.308	  1.85	 2.036	 1.614	 2.076	   2.1	 4.415	 3.686	 9.041	 9.339	 | 9.339 max

train losses    268:	0.1852	0.1785	0.2932	0.2832	0.1867	 0.184	0.1684	0.1664	0.2317	0.2448	0.1431	0.1418	
val losses      268:	0.2403	0.2367	0.3003	  0.31	0.2943	0.2715	0.3542	0.3769	0.7334	0.6759	 1.076	  1.07	 | 0.495 mean
                     	0.6451	0.6346	0.7491	0.7831	0.7537	0.6967	0.9251	0.9774	 1.746	  1.72	 2.656	 2.605	 | 1.585 quantile
                      	 1.574	 1.887	 2.309	 1.935	 2.025	 1.693	 2.134	 2.038	 3.877	 3.161	 8.434	 8.936	 | 8.936 max

train losses    270:	0.1852	0.1793	0.2914	0.2819	0.1905	0.1873	0.1584	0.1587	0.2203	0.2155	0.1579	 0.154	
val losses      270:	0.2421	0.2363	0.3027	 0.313	0.2939	0.2743	0.3613	0.3846	0.7313	 0.674	 1.097	 1.094	 | 0.5004 mean
                     	0.6464	0.6275	0.7627	0.7892	0.7595	0.7117	0.9407	0.9708	 1.745	  1.69	 2.589	 2.576	 | 1.599 quantile
                      	 1.629	 1.916	 2.372	  1.88	 2.013	 1.553	 2.336	 2.279	 4.008	 3.274	  8.98	 9.269	 | 9.269 max

train losses    272:	0.1899	 0.185	 0.291	0.2809	0.1871	 0.185	0.1587	0.1557	0.1912	0.1812	0.1711	 0.171	
val losses      272:	0.2481	0.2441	0.3008	0.3098	 0.295	0.2706	0.3585	0.3804	0.7316	0.6692	 1.067	  1.06	 | 0.4946 mean
                     	 0.674	0.6508	0.7448	0.7798	0.7627	0.6979	 0.931	0.9804	 1.782	 1.744	 2.661	 2.598	 | 1.576 quantile
                      	 1.556	 1.841	 2.295	 1.934	 1.958	 1.645	 1.997	 1.968	 4.237	  3.23	 8.275	 8.853	 | 8.853 max

train losses    274:	0.1947	 0.193	 0.291	0.2808	0.1873	0.1856	0.1726	0.1734	0.1858	0.1756	0.1854	0.1838	
val losses      274:	 0.258	0.2572	0.3029	0.3125	0.3002	0.2774	0.3594	0.3814	0.7362	0.6743	 1.082	  1.08	 | 0.5018 mean
                     	0.6932	0.6777	 0.759	0.7871	0.7768	0.7019	0.9377	0.9756	 1.813	  1.75	 2.598	 2.574	 | 1.589 quantile
                      	 1.833	 1.836	 2.331	 1.933	 1.944	 1.562	 2.221	 2.204	 4.298	 3.197	 8.807	 9.148	 | 9.148 max

train losses    276:	0.2074	0.2031	0.2893	0.2794	 0.186	0.1846	 0.168	0.1694	0.1808	0.1789	0.1868	0.1864	
val losses      276:	0.2725	 0.268	0.3021	0.3115	 0.296	0.2731	0.3551	 0.378	0.7349	 0.672	 1.074	 1.072	 | 0.5008 mean
                     	 0.728	0.7046	0.7542	0.7881	0.7672	0.6954	0.9169	0.9583	 1.774	 1.697	 2.579	 2.532	 | 1.582 quantile
                      	 1.877	 1.868	 2.323	 1.879	 1.921	 1.531	 2.173	 2.249	  4.07	 3.115	 8.545	 9.096	 | 9.096 max

train losses    278:	0.2242	0.2232	0.2877	0.2776	 0.185	0.1817	0.1534	0.1511	0.2039	0.2196	0.1915	0.1906	
val losses      278:	0.2814	0.3007	0.3018	0.3119	0.2997	0.2753	0.3599	0.3809	0.7369	0.6771	 1.071	 1.065	 | 0.5051 mean
                     	0.7478	0.7824	0.7515	0.7816	 0.782	0.6963	0.9346	0.9662	 1.806	 1.735	 2.638	 2.604	 | 1.573 quantile
                      	 1.911	 1.811	 2.292	 1.973	 1.934	 1.597	 2.152	  2.11	 4.334	 3.148	 8.508	 8.973	 | 8.973 max

train losses    280:	0.2395	0.2546	0.2862	0.2761	0.1861	0.1838	0.1479	0.1464	0.2147	0.2216	 0.178	0.1763	
val losses      280:	0.2899	 0.301	0.3029	 0.312	0.3027	0.2787	0.3543	0.3778	0.7375	0.6818	 1.126	 1.125	 | 0.5159 mean
                     	0.7694	0.7729	0.7537	0.7843	0.7888	0.7016	0.9227	0.9677	 1.813	 1.793	 2.648	 2.662	 | 1.64 quantile
                      	 2.292	 1.909	 2.292	  1.92	 1.905	 1.493	  2.14	 2.144	  4.25	 3.435	 9.032	 9.458	 | 9.458 max

train losses    282:	0.2455	 0.263	0.2855	0.2751	0.1865	0.1791	0.1502	0.1503	0.2166	0.2209	 0.175	0.1744	
val losses      282:	0.2567	0.2829	0.3037	0.3137	0.2995	0.2753	0.3594	 0.382	0.7488	 0.689	  1.08	 1.074	 | 0.5054 mean
                     	0.6878	0.7528	0.7562	0.7908	0.7781	0.6939	0.9226	0.9662	 1.794	  1.73	  2.69	 2.648	 | 1.591 quantile
                      	 1.786	 1.952	 2.294	 2.014	 2.018	 1.612	 2.346	 2.221	 3.976	 3.188	 8.392	 9.022	 | 9.022 max

train losses    284:	0.2171	  0.24	0.2871	0.2764	0.1857	0.1801	0.1571	0.1542	0.1934	0.2027	0.1651	 0.163	
val losses      284:	0.2367	0.2328	0.3049	0.3136	0.2963	0.2734	0.3608	0.3837	0.7193	0.6759	 1.124	 1.122	 | 0.5036 mean
                     	0.6239	0.6209	0.7553	0.7912	0.7754	0.6969	0.9367	 0.993	 1.771	 1.768	 2.632	  2.63	 | 1.628 quantile
                      	 1.988	 1.951	 2.277	 2.065	 1.967	  1.52	 1.984	 1.925	 4.145	 3.481	 9.139	 9.503	 | 9.503 max

train losses    286:	0.1849	0.1856	0.2842	0.2742	0.1809	0.1753	0.1635	0.1658	0.1893	0.1878	0.1589	0.1582	
val losses      286:	0.2347	 0.235	0.3058	0.3152	0.2951	0.2726	0.3618	0.3855	0.7397	0.6796	  1.08	 1.073	 | 0.4981 mean
                     	0.5999	  0.62	0.7702	0.8045	0.7542	0.6869	0.9434	 0.973	 1.791	 1.728	 2.705	 2.649	 | 1.592 quantile
                      	 1.604	 1.966	 2.341	 2.011	  2.04	 1.585	 2.317	 2.165	 4.067	 3.187	 8.423	 8.975	 | 8.975 max

train losses    288:	0.1778	0.1713	0.2836	0.2733	0.1798	0.1712	0.1743	 0.177	  0.19	0.1866	0.1608	0.1572	
val losses      288:	0.2432	0.2363	0.3066	0.3143	0.2934	0.2725	0.3691	 0.393	0.7285	 0.675	 1.081	 1.078	 | 0.4993 mean
                     	0.6166	0.6149	 0.759	0.7923	0.7612	0.7054	0.9357	 1.018	 1.737	 1.694	 2.605	 2.573	 | 1.584 quantile
                      	 1.609	 2.034	 2.277	 2.092	 1.989	 1.543	 1.979	 1.999	 3.781	 3.213	 8.822	  9.25	 | 9.25 max

train losses    290:	0.1788	0.1761	0.2849	 0.275	0.1788	0.1743	 0.193	0.1972	0.2073	0.2115	0.1702	0.1677	
val losses      290:	0.2375	0.2306	0.3109	  0.32	 0.294	0.2707	0.3834	0.4094	0.7204	0.6752	 1.063	 1.058	 | 0.4978 mean
                     	0.6076	0.6024	0.7871	 0.817	0.7611	0.6929	0.9878	 1.018	 1.747	 1.737	 2.651	 2.607	 | 1.567 quantile
                      	 1.553	 2.007	 2.349	 1.907	 1.945	 1.567	 2.356	 2.234	 4.045	 3.469	 8.255	 8.812	 | 8.812 max

train losses    292:	 0.183	0.1716	0.2822	0.2716	0.1829	0.1739	0.1858	0.1872	0.2295	0.2135	0.1794	0.1754	
val losses      292:	0.2334	0.2257	 0.308	0.3163	0.2905	0.2728	 0.353	0.3759	0.7546	0.6882	 1.077	 1.076	 | 0.4976 mean
                     	0.6081	0.5915	0.7638	0.7981	0.7509	0.7146	0.9119	0.9801	 1.805	 1.728	 2.611	 2.587	 | 1.583 quantile
                      	 1.465	 1.943	 2.235	 2.035	 2.091	 1.606	 1.957	 1.985	 3.395	 3.307	  8.69	 9.153	 | 9.153 max

train losses    294:	 0.176	0.1684	0.2821	0.2715	0.1803	0.1716	0.1698	0.1689	0.2177	0.2184	0.1771	0.1766	
val losses      294:	0.2319	0.2267	0.3092	0.3175	0.2899	0.2726	0.3557	0.3786	0.7122	0.6661	 1.065	 1.062	 | 0.4906 mean
                     	0.5996	0.5976	0.7697	0.7969	0.7511	0.6957	0.9303	0.9928	 1.732	 1.689	 2.598	 2.559	 | 1.559 quantile
                      	 1.514	 2.014	 2.257	 2.189	 1.907	  1.53	  2.05	 1.922	 3.973	 3.441	 8.398	 8.844	 | 8.844 max

train losses    296:	0.1692	0.1677	0.2779	0.2671	0.1781	0.1714	 0.174	0.1753	0.2191	0.2106	0.2225	0.2242	
val losses      296:	0.2312	0.2265	0.3112	0.3208	0.2951	0.2713	0.3792	0.4044	0.7451	0.6889	 1.109	 1.109	 | 0.5076 mean
                     	0.5972	 0.591	0.7888	0.8136	 0.767	0.6899	0.9767	0.9969	  1.82	 1.768	 2.644	 2.636	 | 1.618 quantile
                      	 1.586	 2.028	 2.328	 1.973	 2.064	  1.52	 2.381	  2.31	  3.97	 3.157	 9.178	 9.443	 | 9.443 max

train losses    298:	0.1693	0.1645	0.2821	0.2711	0.1804	0.1726	0.1982	0.1982	0.2082	0.1971	0.2684	0.2685	
val losses      298:	0.2277	0.2264	0.3069	0.3145	0.2897	0.2747	0.3501	0.3742	0.7309	0.6829	 1.094	 1.091	 | 0.4969 mean
                     	0.5902	0.5952	0.7661	0.8056	0.7533	0.7141	 0.906	0.9766	 1.733	 1.692	  2.61	 2.551	 | 1.602 quantile
                      	 1.431	 2.011	 2.252	 2.074	 2.031	 1.589	 2.178	 1.938	 3.929	 3.058	 8.643	  9.06	 | 9.06 max

