train losses      0:	0.5626	0.5833	0.3316	 0.323	0.7209	0.7595	0.4587	0.4659	 1.617	 1.628	 1.489	 1.485	
val losses        0:	0.8715	0.5619	0.3623	0.4087	0.5024	 1.125	0.3992	0.4549	 1.079	 1.169	   1.2	 1.165	 | 0.7749 mean
                     	 2.098	 1.576	0.9359	 1.053	 1.451	 2.106	 1.109	 1.234	 2.963	 2.909	 2.948	 2.853	 | 2.222 quantile
                      	 5.578	 6.128	 2.219	 2.633	 2.901	 4.938	 2.817	 2.643	 4.913	 5.285	 5.863	 5.482	 | 6.128 max

train losses      2:	0.5366	0.5681	0.3331	0.3257	0.7075	0.7576	0.4645	 0.468	 1.567	 1.585	 1.483	 1.473	
val losses        2:	0.5237	 1.066	0.4438	0.4986	 1.292	  1.12	 1.309	0.8607	 3.359	 2.744	 1.226	 2.186	 | 1.386 mean
                     	 1.574	 2.053	 1.133	 1.214	  2.39	 2.124	 2.205	  1.71	 5.254	 4.636	 3.037	 4.504	 | 3.741 quantile
                      	 4.498	 4.823	 2.506	 3.185	 4.011	 4.917	 4.223	   3.2	 7.153	  7.01	 6.046	 7.506	 | 7.506 max

train losses      4:	0.5172	0.5716	0.3578	0.3715	0.6858	0.7341	0.6179	0.4718	 1.467	 1.494	  1.47	 1.486	
val losses        4:	0.5164	 0.912	0.3874	0.4511	 1.317	0.5109	 0.965	0.4305	 3.841	 2.503	 1.228	 1.873	 | 1.245 mean
                     	 1.503	 1.979	 1.023	 1.094	 2.495	 1.306	 1.897	 1.139	 6.159	 4.588	 2.997	 4.089	 | 4.016 quantile
                      	 4.333	 4.536	 2.324	 2.731	 3.793	 3.666	 3.768	 2.746	 7.974	 6.348	 5.902	 7.062	 | 7.974 max

train losses      6:	0.5285	0.5378	0.3631	0.3449	0.6602	0.6907	0.4876	0.4689	   1.3	 1.334	 1.462	 1.461	
val losses        6:	0.4831	0.6126	0.4017	0.4338	0.5357	 0.507	0.4534	 0.497	 1.404	 1.293	 1.147	 1.163	 | 0.7443 mean
                     	 1.428	 1.456	 1.039	 1.099	  1.39	 1.306	 1.244	  1.34	   3.2	 2.971	 2.765	 2.717	 | 2.276 quantile
                      	 3.718	 4.443	 2.409	  2.73	 3.073	 2.844	 2.579	 2.638	 4.578	  4.17	 4.973	 4.976	 | 4.976 max

train losses      8:	0.4709	0.5169	0.4096	0.3713	 0.605	0.6247	0.4951	0.4702	 1.102	 1.134	 1.443	 1.427	
val losses        8:	0.4465	0.4612	0.4384	0.4701	0.4332	0.4316	0.4729	0.4442	0.6822	 0.701	  1.14	  1.13	 | 0.6042 mean
                     	 1.296	 1.196	 1.155	 1.199	 1.155	 1.131	 1.276	 1.166	 1.663	 1.705	 2.622	  2.68	 | 1.764 quantile
                      	 3.122	 3.722	 2.768	  2.86	   2.4	 2.752	 2.624	 2.683	 3.303	 2.778	 4.725	 4.903	 | 4.903 max

train losses     10:	 0.454	0.4955	0.4666	0.4167	0.5172	0.5485	0.5171	0.4761	0.9302	0.9337	 1.366	 1.344	
val losses       10:	0.4313	0.4381	0.4441	0.5225	  0.44	0.3906	0.4913	0.4293	 1.152	 1.238	 1.122	 1.146	 | 0.687 mean
                     	 1.226	 1.132	 1.182	 1.323	 1.073	 1.003	 1.324	 1.109	 2.364	 2.492	 2.655	 2.749	 | 1.999 quantile
                      	 2.797	 3.564	 2.849	 2.943	 2.618	 2.077	 2.642	 2.383	 3.712	 3.926	 4.854	 5.097	 | 5.097 max

train losses     12:	0.4535	0.5101	0.4342	0.4554	0.4738	0.4985	0.5641	 0.491	 1.125	 1.134	 1.273	 1.253	
val losses       12:	0.4944	0.4361	0.4419	0.4714	0.3738	0.3956	0.4399	0.4812	0.7379	0.7355	 1.111	 1.116	 | 0.6029 mean
                     	 1.282	 1.137	 1.157	 1.227	0.9964	 1.028	 1.177	  1.22	  1.85	 1.791	  2.66	 2.704	 | 1.752 quantile
                      	 2.596	 3.918	 2.797	 2.663	 2.163	 1.876	 3.077	 2.816	 2.708	 2.845	 4.813	 5.063	 | 5.063 max

train losses     14:	0.4406	0.5161	0.4143	0.4375	0.4579	0.4797	0.5065	0.5155	0.8121	0.8218	 1.159	 1.129	
val losses       14:	0.4164	0.4335	0.4049	0.4435	0.3662	0.3668	  0.42	0.4875	0.6691	0.6307	 1.152	 1.179	 | 0.5808 mean
                     	 1.161	 1.133	 1.072	 1.191	0.9256	0.9322	 1.126	 1.243	 1.616	 1.555	 2.667	 2.762	 | 1.71 quantile
                      	 2.691	 4.768	 2.422	 2.738	 1.906	 1.666	 2.868	 2.891	 2.796	 2.737	 4.603	 5.088	 | 5.088 max

train losses     16:	0.4211	0.5089	0.4075	0.4118	0.4619	0.4993	 0.474	0.5221	0.6938	0.7192	 1.128	 1.129	
val losses       16:	0.4284	0.4514	0.3897	0.3972	0.4158	0.4495	0.4294	 0.471	0.5756	0.5045	 1.224	 1.303	 | 0.5866 mean
                     	 1.127	 1.203	 1.025	  1.06	 1.025	 1.108	 1.148	 1.238	  1.41	 1.278	  3.03	 3.167	 | 1.759 quantile
                      	 2.548	 4.317	  2.27	 2.636	 2.012	  1.81	 2.524	 2.632	 2.384	 2.261	 5.161	 5.267	 | 5.267 max

train losses     18:	0.4123	0.4862	0.3819	0.3554	0.4882	0.4891	0.4923	 0.512	0.6913	0.6824	 1.277	 1.337	
val losses       18:	0.3814	0.3936	0.3889	0.3895	0.3709	0.4022	 0.408	0.4353	0.6333	0.5662	 1.227	 1.326	 | 0.5768 mean
                     	 1.046	 1.073	 1.014	 1.025	0.9445	 1.046	  1.09	 1.134	 1.585	 1.462	 3.104	 3.337	 | 1.817 quantile
                      	 2.652	 3.745	 2.265	 2.986	 1.879	 1.655	 2.447	 2.484	 2.667	 2.548	 5.231	 5.395	 | 5.395 max

train losses     20:	0.3713	0.4534	0.3721	0.3403	0.4346	0.4433	0.4637	0.4705	0.6228	 0.618	 1.276	 1.242	
val losses       20:	0.3689	0.3805	0.3786	0.3727	0.4096	0.3995	0.4251	0.4177	0.5689	0.5193	 1.266	 1.401	 | 0.5756 mean
                     	 1.035	  1.03	0.9809	 1.002	 0.952	 0.973	 1.135	 1.087	 1.484	 1.347	 3.067	 3.315	 | 1.866 quantile
                      	 2.884	 3.703	 2.232	 2.847	 1.985	 1.576	  2.62	 2.635	 2.388	 2.207	 4.867	 5.589	 | 5.589 max

train losses     22:	0.3681	0.4384	0.3503	0.3502	0.4318	0.4378	0.4585	0.4625	0.6428	0.6479	 1.086	  1.07	
val losses       22:	0.3522	0.3575	0.3714	 0.372	0.3604	0.3546	0.4068	0.4231	0.5259	0.4782	  1.21	 1.241	 | 0.5377 mean
                     	0.9741	0.9729	0.9796	0.9773	0.8896	0.8916	 1.082	 1.169	 1.344	 1.183	 2.715	 2.806	 | 1.679 quantile
                      	 2.536	 3.371	 2.335	 2.947	 1.862	 1.469	 2.441	 2.496	 2.119	 2.206	 4.244	 4.352	 | 4.352 max

train losses     24:	0.3469	0.4066	0.3505	0.3477	0.4141	0.4315	0.4515	0.4594	0.6048	0.6114	 1.035	 1.005	
val losses       24:	0.3446	0.3373	0.3705	 0.368	0.3423	0.3549	0.4028	0.4192	0.5203	0.4816	 1.166	 1.203	 | 0.5258 mean
                     	0.9146	0.9157	0.9797	0.9796	0.8531	0.8695	 1.071	  1.15	 1.359	 1.212	 2.687	 2.839	 | 1.663 quantile
                      	 2.255	 3.448	 2.419	 2.815	 1.715	 1.654	 2.515	 2.506	 2.279	 2.254	 4.375	 4.675	 | 4.675 max

train losses     26:	0.3322	0.3877	0.3531	 0.338	0.3956	0.4067	0.4483	0.4595	0.5676	 0.565	0.9579	0.9532	
val losses       26:	0.3251	0.3319	0.3718	 0.364	 0.369	0.3667	0.3993	0.4109	0.5146	0.4807	 1.255	 1.303	 | 0.541 mean
                     	 0.872	0.8852	0.9788	0.9767	0.9026	0.8858	 1.061	 1.098	 1.383	 1.242	 3.115	 3.198	 | 1.733 quantile
                      	 2.213	 3.357	 2.453	 2.864	 1.799	 1.757	 2.529	 2.556	 2.259	 2.377	 5.601	 5.625	 | 5.625 max

train losses     28:	  0.32	0.3646	0.3524	0.3353	0.3843	0.3981	 0.448	0.4585	0.5535	0.5441	0.8944	0.8965	
val losses       28:	 0.315	0.3138	0.3717	0.3671	0.3548	0.3612	0.4009	0.4113	0.5449	0.5065	 1.281	 1.317	 | 0.5454 mean
                     	0.8469	0.8441	0.9718	0.9985	0.8594	0.8739	 1.068	 1.093	 1.458	 1.322	 3.152	 3.263	 | 1.748 quantile
                      	 2.118	 2.952	 2.375	 2.856	 1.748	 1.631	 2.468	 2.498	 2.312	 2.348	 5.948	 6.059	 | 6.059 max

train losses     30:	0.3082	  0.35	0.3514	0.3378	 0.378	0.3794	 0.445	0.4561	0.5341	0.5296	0.8484	 0.846	
val losses       30:	0.3034	0.3011	0.3704	0.3646	0.3472	0.3489	0.4008	0.4107	0.5309	 0.501	 1.261	 1.279	 | 0.535 mean
                     	0.8039	0.7965	0.9675	0.9901	0.8544	0.8527	 1.059	 1.105	 1.522	 1.334	 3.063	 3.136	 | 1.732 quantile
                      	 2.064	 2.502	 2.356	 2.784	 1.717	 1.523	 2.432	 2.446	 2.391	 2.341	 5.907	 5.989	 | 5.989 max

train losses     32:	0.3109	0.3358	0.3496	0.3347	0.3748	0.3813	 0.443	0.4545	0.5212	0.5152	0.8376	0.8316	
val losses       32:	0.3151	0.3219	0.3697	0.3632	0.3927	0.3774	0.3966	0.4092	 0.523	0.4964	 1.248	 1.258	 | 0.5392 mean
                     	0.8179	  0.81	0.9661	0.9928	0.9146	0.9024	  1.05	 1.102	 1.488	 1.319	 3.053	 3.076	 | 1.722 quantile
                      	 1.963	 2.391	  2.34	 2.772	 1.798	 1.558	 2.453	 2.436	 2.399	 2.387	 5.908	 5.878	 | 5.908 max

train losses     34:	 0.321	0.3344	0.3481	0.3344	0.3773	0.3793	0.4415	0.4552	 0.517	 0.508	0.8589	 0.855	
val losses       34:	0.3483	0.3297	0.3784	0.3625	0.3902	0.3818	0.3944	0.4089	0.5354	0.5005	 1.276	 1.286	 | 0.5493 mean
                     	0.8828	0.8079	0.9784	0.9843	0.9233	0.9159	 1.048	 1.085	 1.533	 1.344	  3.19	 3.184	 | 1.788 quantile
                      	 1.986	 2.252	 2.276	 2.787	 1.829	 1.548	 2.491	  2.49	 2.497	 2.386	 6.185	 6.075	 | 6.185 max

train losses     36:	0.3527	0.3405	0.3537	0.3338	0.3775	0.3781	0.4392	0.4542	0.5201	0.5059	0.8931	0.8832	
val losses       36:	0.4091	0.3707	0.3882	0.3632	0.4146	   0.4	0.3928	 0.407	0.5729	0.5153	 1.257	 1.269	 | 0.5633 mean
                     	0.9675	0.8649	 1.001	0.9836	0.9733	0.9651	 1.045	 1.084	 1.584	 1.374	 3.116	 3.094	 | 1.792 quantile
                      	 2.093	 2.329	  2.25	   2.8	  1.94	 1.665	 2.491	 2.536	 2.536	 2.366	 5.828	 5.782	 | 5.828 max

train losses     38:	0.4125	0.3669	0.3657	0.3364	0.3886	0.3852	0.4381	0.4538	0.5378	 0.506	0.9015	 0.894	
val losses       38:	0.4505	0.3815	0.3967	0.3647	0.4138	0.3979	0.3932	0.4049	0.5879	0.5205	 1.214	 1.218	 | 0.562 mean
                     	 1.027	0.8718	 1.011	0.9814	0.9779	0.9585	 1.044	 1.086	 1.614	 1.382	 2.837	 2.816	 | 1.733 quantile
                      	 2.184	 2.418	 2.289	 2.811	 1.971	 1.723	 2.469	 2.577	 2.573	 2.377	 5.019	 4.984	 | 5.019 max

train losses     40:	0.4677	0.3976	0.3754	0.3356	0.3915	0.3938	 0.434	0.4546	0.5572	0.5084	0.8347	0.8256	
val losses       40:	0.3031	0.2865	0.3672	0.3604	 0.351	0.3435	 0.395	0.4049	0.5182	0.4838	  1.28	  1.29	 | 0.5319 mean
                     	0.8029	0.7261	0.9533	0.9707	0.8721	0.8316	 1.045	 1.085	 1.499	 1.272	 2.929	 2.928	 | 1.775 quantile
                      	 1.993	 2.289	 2.273	 2.775	 1.816	 1.611	 2.449	 2.579	 2.318	 2.529	 4.908	 4.908	 | 4.908 max

train losses     42:	0.3144	0.3316	0.3399	0.3291	0.3754	0.3774	0.4339	0.4519	0.5283	0.5082	0.9353	0.9248	
val losses       42:	0.3886	0.3426	0.3755	0.3598	0.3827	0.3773	0.3925	0.4032	0.5064	0.4817	 1.309	 1.326	 | 0.5537 mean
                     	0.9169	 0.856	 0.969	0.9713	0.9594	0.9438	 1.036	 1.085	 1.401	  1.26	 3.148	 3.146	 | 1.824 quantile
                      	 2.368	 1.747	 2.461	 2.768	  1.83	 1.564	 2.462	 2.517	 2.192	 2.498	 6.064	 6.063	 | 6.064 max

train losses     44:	0.3535	0.3681	0.3433	0.3304	0.4267	0.4288	0.4335	0.4474	0.4916	0.4911	0.8233	0.8215	
val losses       44:	0.2719	0.2606	0.3621	0.3635	0.3311	0.3333	0.3908	0.4006	0.5401	0.5182	 1.307	 1.311	 | 0.5324 mean
                     	0.7296	0.6936	0.9309	0.9777	  0.86	0.8706	 1.043	 1.078	 1.545	 1.386	 3.414	 3.402	 | 1.768 quantile
                      	 2.038	 1.708	 2.222	 2.793	 1.702	 1.398	 2.362	 2.484	 2.424	 2.349	 6.365	 6.296	 | 6.365 max

train losses     46:	0.2797	0.2912	0.3353	0.3298	0.3564	0.3582	0.4333	0.4468	0.5311	0.5102	0.7455	0.7427	
val losses       46:	0.2681	0.2641	 0.362	0.3592	0.3314	0.3324	0.3948	0.4004	0.5669	0.5412	 1.295	 1.295	 | 0.5342 mean
                     	0.7179	0.6848	0.9308	0.9732	0.7944	0.8002	  1.06	 1.083	 1.662	 1.456	 3.156	 3.134	 | 1.811 quantile
                      	 1.966	 2.158	  2.21	 2.714	 1.672	 1.531	 2.311	  2.44	 2.693	 2.548	 5.911	  5.84	 | 5.911 max

train losses     48:	0.2649	0.2845	 0.333	0.3287	0.3403	0.3429	0.4302	0.4446	0.5661	0.5512	0.6909	0.6909	
val losses       48:	0.3031	0.2717	0.3644	0.3605	0.3277	0.3325	0.3915	0.4038	0.5386	0.5429	 1.343	 1.343	 | 0.5435 mean
                     	 0.765	0.7321	0.9405	0.9716	0.8526	0.8614	  1.03	  1.11	 1.609	 1.473	   3.1	 3.146	 | 1.87 quantile
                      	 2.267	 1.669	 2.312	 2.794	 1.726	 1.332	  2.41	 2.364	 2.503	 2.515	 5.993	 5.949	 | 5.993 max

train losses     50:	0.2935	0.3051	0.3336	0.3305	0.3712	0.3719	0.4367	 0.443	0.5374	0.5524	0.6979	0.6975	
val losses       50:	0.2847	0.2776	0.3618	0.3644	0.3642	0.3743	0.3904	0.4005	0.6929	0.6715	 1.427	 1.419	 | 0.5858 mean
                     	0.7257	0.7429	0.9274	0.9692	0.9383	0.9326	 1.039	 1.098	 1.736	 1.676	 3.178	 3.247	 | 2.0 quantile
                      	  2.19	 1.734	  2.25	  2.84	 1.795	 1.403	 2.351	 2.399	 2.709	 2.562	 6.101	 6.147	 | 6.147 max

train losses     52:	0.2646	0.2887	0.3316	 0.329	0.3575	0.3577	0.4254	0.4414	0.5701	0.5686	0.7459	0.7425	
val losses       52:	0.2654	0.2494	0.3611	0.3582	0.3305	0.3286	0.4046	0.3977	0.7374	 0.674	 1.459	 1.454	 | 0.585 mean
                     	0.6961	0.6609	0.9283	0.9651	0.8629	0.8466	 1.081	 1.092	  1.89	 1.722	 3.202	 3.166	 | 2.038 quantile
                      	 1.995	 1.549	  2.23	 2.728	 1.723	 1.361	 2.267	 2.395	 2.903	 2.669	 5.703	 5.718	 | 5.718 max

train losses     54:	0.2552	0.2742	0.3304	0.3263	0.3456	0.3453	0.4243	0.4404	0.5943	0.5635	 0.759	0.7565	
val losses       54:	0.2748	0.2497	0.3605	0.3578	0.3249	0.3237	0.3873	0.3971	0.5931	0.5764	 1.395	 1.396	 | 0.553 mean
                     	0.7238	0.6584	0.9272	0.9578	0.8409	0.8371	 1.037	 1.084	 1.688	  1.54	 3.144	 3.165	 | 1.916 quantile
                      	 2.006	 1.519	 2.227	 2.718	 1.717	 1.371	 2.282	 2.384	  2.63	 2.471	 5.627	 5.603	 | 5.627 max

train losses     56:	 0.261	0.2754	0.3302	0.3253	0.3543	0.3495	0.4188	0.4372	0.5791	0.5733	0.6423	0.6399	
val losses       56:	0.2815	0.2495	0.3606	0.3581	0.3173	0.3136	0.3851	0.3957	0.5549	0.5342	 1.257	  1.25	 | 0.5215 mean
                     	 0.737	0.6592	0.9272	  0.96	0.8068	0.7982	 1.009	  1.08	 1.538	 1.411	 2.909	 2.954	 | 1.761 quantile
                      	 2.126	 1.512	 2.222	  2.73	 1.586	 1.317	 2.373	 2.389	 2.286	 2.445	 5.798	 5.691	 | 5.798 max

train losses     58:	0.2643	0.2748	0.3306	0.3267	0.3302	0.3269	 0.418	0.4364	0.5212	0.5299	  0.63	0.6257	
val losses       58:	0.2659	0.2449	0.3611	0.3577	0.3196	0.3151	0.3851	0.3937	 0.546	0.5238	 1.251	 1.243	 | 0.5172 mean
                     	0.6883	0.6474	0.9271	0.9608	0.7921	0.7766	 1.003	 1.066	 1.516	 1.395	  2.97	 3.027	 | 1.758 quantile
                      	 1.973	 1.445	 2.228	 2.724	 1.674	 1.284	 2.337	 2.376	 2.346	 2.396	 5.943	 5.834	 | 5.943 max

train losses     60:	0.2522	0.2649	 0.329	0.3254	0.3186	0.3161	0.4173	0.4334	0.4688	0.4666	0.6388	0.6347	
val losses       60:	0.2583	0.2455	0.3599	0.3565	0.3203	0.3144	0.3808	0.3906	 0.523	0.5108	 1.242	 1.248	 | 0.5125 mean
                     	0.6724	0.6407	 0.921	0.9549	0.7882	0.7841	0.9938	 1.059	 1.525	 1.336	 2.898	 2.959	 | 1.768 quantile
                      	 1.958	 1.563	 2.252	 2.738	 1.666	  1.36	 2.326	 2.394	 2.424	   2.6	 5.592	 5.501	 | 5.592 max

train losses     62:	0.2461	0.2598	0.3287	 0.325	 0.314	0.3111	0.4107	0.4292	0.4525	0.4531	 0.591	0.5853	
val losses       62:	0.2604	0.2424	0.3599	0.3561	0.3161	 0.309	0.3771	0.3883	0.5141	0.4939	 1.224	 1.234	 | 0.5063 mean
                     	0.6799	 0.633	0.9185	  0.96	0.7916	0.7803	0.9831	 1.051	 1.467	 1.286	 2.884	 2.908	 | 1.748 quantile
                      	  1.91	   1.5	 2.286	 2.708	 1.657	 1.268	 2.359	 2.438	 2.238	 2.695	 4.997	 5.099	 | 5.099 max

train losses     64:	0.2463	0.2567	0.3279	0.3238	0.3096	0.3053	0.4052	0.4263	0.4323	0.4287	0.5607	0.5536	
val losses       64:	0.2621	 0.241	0.3594	0.3562	0.3199	0.3107	0.3755	 0.387	0.5137	0.4906	 1.267	 1.272	 | 0.5129 mean
                     	0.6848	0.6309	 0.923	0.9555	0.8073	 0.782	0.9808	  1.05	 1.444	  1.27	 2.957	 2.999	 | 1.783 quantile
                      	 1.933	 1.416	 2.262	 2.725	 1.672	 1.248	 2.331	  2.47	 2.231	 2.629	 5.149	 5.244	 | 5.244 max

train losses     66:	0.2459	 0.255	0.3272	0.3234	 0.306	0.3005	0.3983	0.4222	0.4268	0.4242	0.5425	0.5365	
val losses       66:	  0.26	0.2406	0.3593	0.3562	0.3189	0.3079	 0.373	 0.384	0.5183	0.4944	 1.283	 1.288	 | 0.5152 mean
                     	0.6813	0.6287	0.9215	0.9548	0.7995	0.7796	 0.966	 1.043	 1.475	 1.287	 2.972	 3.026	 | 1.798 quantile
                      	 1.884	 1.443	 2.242	 2.716	 1.685	  1.26	 2.284	 2.427	 2.265	 2.612	  5.09	 5.163	 | 5.163 max

train losses     68:	0.2431	0.2535	0.3266	 0.323	0.3026	0.2967	0.3937	0.4188	  0.42	 0.419	 0.596	0.5868	
val losses       68:	 0.257	0.2417	0.3591	0.3558	0.3173	0.3069	0.3696	0.3815	0.5292	0.5089	  1.36	 1.358	 | 0.5287 mean
                     	0.6693	0.6286	0.9218	0.9532	0.7966	0.7759	0.9613	 1.031	 1.489	 1.316	 3.083	 3.097	 | 1.854 quantile
                      	 1.867	 1.426	 2.231	 2.708	 1.701	 1.289	 2.286	 2.446	 2.357	 2.675	  5.15	 5.167	 | 5.167 max

train losses     70:	0.2407	0.2538	0.3262	0.3223	0.2995	0.2957	0.3884	0.4148	0.4348	0.4392	0.6897	0.6848	
val losses       70:	0.2579	0.2423	0.3588	 0.355	0.3193	0.3091	0.3668	0.3802	 0.533	0.5196	  1.38	 1.384	 | 0.5338 mean
                     	0.6809	0.6315	0.9216	0.9512	0.8041	0.7729	0.9595	 1.024	 1.431	 1.316	 3.132	 3.126	 | 1.878 quantile
                      	 1.813	 1.351	 2.251	 2.701	 1.759	 1.308	 2.329	 2.498	 2.325	 2.743	 4.999	 4.921	 | 4.999 max

train losses     72:	0.2426	0.2548	0.3259	0.3228	0.3058	0.3007	0.3862	0.4132	0.4357	0.4313	0.8851	0.8671	
val losses       72:	0.2571	0.2429	0.3586	0.3565	0.3336	0.3213	0.3686	0.3776	0.5482	0.5356	 1.381	 1.395	 | 0.5397 mean
                     	0.6715	0.6319	0.9241	0.9634	0.8335	0.7893	0.9743	 1.017	 1.422	 1.315	  3.01	 3.012	 | 1.894 quantile
                      	 1.791	 1.365	 2.268	 2.646	 1.833	 1.368	  2.33	 2.469	 2.484	 2.757	 4.576	  4.16	 | 4.576 max

train losses     74:	0.2437	0.2593	 0.326	0.3216	0.3071	0.3068	0.3794	0.4041	0.4968	0.5084	0.7613	0.7598	
val losses       74:	0.2685	0.2583	0.3588	0.3543	 0.357	0.3556	0.3642	0.3708	0.6336	0.6425	 1.106	 1.115	 | 0.5154 mean
                     	   0.7	0.6584	0.9203	0.9504	0.8871	0.8568	0.9607	 1.004	 1.497	 1.487	 2.567	 2.601	 | 1.64 quantile
                      	 1.754	 1.417	 2.232	 2.739	 1.908	 1.483	 2.188	 2.438	 2.637	 2.909	 4.197	 3.939	 | 4.197 max

train losses     76:	0.2462	0.2566	0.3259	0.3208	0.3041	0.3013	0.3709	0.3961	 0.552	0.5719	0.6845	0.6874	
val losses       76:	0.2677	0.2438	0.3595	0.3557	0.3082	0.2993	0.3612	0.3699	0.6661	0.6674	 1.279	 1.275	 | 0.5377 mean
                     	0.7103	0.6313	0.9213	0.9505	0.7772	0.7802	0.9496	 1.008	 1.571	 1.539	 3.238	 3.265	 | 1.744 quantile
                      	 1.744	 1.326	 2.198	 2.755	 1.636	 1.401	 2.075	 2.317	 2.671	  3.01	 5.927	 5.855	 | 5.927 max

train losses     78:	  0.25	0.2611	0.3258	0.3207	0.3076	0.3008	0.3671	0.3932	0.6247	0.6372	0.6314	0.6263	
val losses       78:	0.2606	0.2471	0.3597	0.3551	0.3214	0.3112	0.3659	0.3741	0.6782	0.6544	 1.325	 1.323	 | 0.548 mean
                     	0.6826	0.6408	0.9327	0.9595	0.8075	  0.78	 0.958	 1.009	 1.587	 1.595	 3.266	 3.258	 | 1.818 quantile
                      	 1.707	  1.69	 2.249	 2.727	 1.708	 1.324	 2.036	 2.161	 2.763	 2.879	 5.962	 6.002	 | 6.002 max

train losses     80:	0.2476	0.2653	0.3251	0.3213	0.3032	0.3014	 0.365	0.3867	0.6676	0.6772	0.5489	0.5373	
val losses       80:	0.2533	0.2427	0.3598	0.3542	0.3123	 0.304	0.3582	0.3604	0.5723	0.5633	 1.228	 1.239	 | 0.5123 mean
                     	0.6555	0.6303	 0.927	0.9546	0.8023	0.7654	0.9495	0.9881	 1.434	 1.355	 2.817	 2.857	 | 1.765 quantile
                      	 1.719	 1.788	 2.313	 2.733	 1.631	 1.372	 2.031	  2.27	 2.556	 2.744	 5.323	 5.317	 | 5.323 max

train losses     82:	0.2408	0.2551	0.3251	0.3194	0.2957	 0.291	0.3573	0.3802	0.5234	 0.529	0.4816	0.4788	
val losses       82:	0.2594	0.2352	0.3591	0.3534	0.3135	0.3009	0.3563	0.3571	 0.512	0.4942	 1.192	 1.199	 | 0.4943 mean
                     	0.6801	0.6066	0.9257	0.9486	0.7985	0.7612	0.9574	0.9776	 1.509	 1.311	 2.809	 2.894	 | 1.708 quantile
                      	 1.807	 1.527	 2.294	 2.744	  1.66	 1.366	 2.161	 2.345	 2.265	  2.38	 4.979	 5.053	 | 5.053 max

train losses     84:	0.2431	0.2515	0.3254	0.3182	0.2903	0.2835	0.3492	0.3723	0.4427	0.4397	0.4334	0.4321	
val losses       84:	0.2654	0.2362	0.3602	0.3538	0.3098	0.2979	0.3577	0.3529	0.5972	0.5843	  1.21	 1.209	 | 0.5112 mean
                     	0.6961	  0.62	0.9269	0.9484	0.7863	0.7818	0.9543	 0.963	 1.649	 1.558	 2.849	 2.911	 | 1.76 quantile
                      	  1.85	 1.484	  2.28	 2.732	 1.511	 1.303	 2.107	 2.374	 2.569	 2.498	 5.125	 5.143	 | 5.143 max

train losses     86:	0.2383	0.2502	0.3262	0.3179	0.2854	0.2791	0.3444	0.3658	 0.453	0.4442	0.4503	0.4462	
val losses       86:	0.2585	0.2362	0.3611	0.3541	0.3081	0.2957	0.3575	 0.349	0.5319	0.5226	 1.204	 1.204	 | 0.4985 mean
                     	0.6684	0.6107	0.9302	0.9476	 0.793	0.7685	0.9619	0.9556	 1.536	 1.361	 2.791	 2.831	 | 1.733 quantile
                      	 1.815	 1.491	  2.33	 2.733	 1.572	 1.321	 2.117	 2.343	 2.266	  2.48	  4.99	 5.047	 | 5.047 max

train losses     88:	0.2342	0.2464	0.3265	0.3169	0.2784	0.2738	0.3375	0.3543	0.4273	0.4268	0.4205	 0.419	
val losses       88:	0.2538	0.2359	0.3617	0.3535	0.3093	 0.296	 0.357	0.3451	0.5121	0.4998	 1.182	 1.181	 | 0.4907 mean
                     	0.6625	0.6125	0.9337	0.9499	0.7954	0.7576	0.9615	0.9454	 1.489	 1.299	 2.766	 2.787	 | 1.71 quantile
                      	 1.803	 1.464	 2.358	 2.712	 1.623	 1.348	 2.088	 2.234	 2.257	 2.566	 4.585	 4.659	 | 4.659 max

train losses     90:	 0.233	0.2427	0.3267	0.3162	0.2737	0.2682	0.3319	0.3453	0.3901	0.3901	0.3877	0.3842	
val losses       90:	 0.255	0.2346	0.3627	0.3533	0.3053	0.2921	0.3571	 0.342	0.5209	0.5008	 1.194	  1.19	 | 0.4924 mean
                     	 0.666	0.6096	0.9409	0.9499	0.7868	0.7586	0.9591	0.9448	 1.522	  1.32	 2.746	 2.797	 | 1.725 quantile
                      	 1.797	 1.507	 2.377	 2.714	 1.585	 1.329	 2.014	 2.191	 2.347	 2.487	 4.642	 4.697	 | 4.697 max

train losses     92:	0.2321	0.2387	0.3271	0.3156	0.2703	 0.263	0.3266	0.3376	 0.374	0.3725	 0.353	0.3511	
val losses       92:	0.2565	0.2321	0.3624	0.3529	0.3038	0.2891	0.3564	0.3412	0.5196	 0.503	 1.208	 1.205	 | 0.4941 mean
                     	0.6739	 0.605	0.9415	0.9467	0.7839	0.7546	 0.954	0.9367	 1.524	 1.315	 2.795	  2.84	 | 1.732 quantile
                      	 1.788	  1.48	 2.358	 2.722	 1.583	 1.336	 1.986	 2.156	 2.283	 2.504	 4.968	 4.983	 | 4.983 max

train losses     94:	0.2305	0.2352	 0.327	0.3149	0.2662	0.2589	0.3223	0.3311	0.3678	0.3676	0.3446	  0.34	
val losses       94:	 0.255	0.2309	0.3629	0.3529	0.3036	0.2889	0.3547	0.3395	0.5171	0.5045	 1.187	 1.184	 | 0.49 mean
                     	0.6687	0.5989	0.9448	 0.949	0.7903	 0.751	0.9498	0.9345	   1.5	 1.309	 2.714	 2.762	 | 1.709 quantile
                      	 1.774	 1.476	 2.364	 2.715	 1.584	 1.349	 1.989	 2.103	 2.306	 2.554	 4.547	 4.571	 | 4.571 max

train losses     96:	0.2288	0.2329	0.3269	0.3148	0.2638	0.2572	0.3193	0.3275	0.3622	0.3619	0.4104	0.4029	
val losses       96:	0.2539	0.2294	0.3627	0.3526	0.3013	0.2872	0.3553	0.3385	0.5187	0.5047	 1.205	 1.206	 | 0.4929 mean
                     	0.6629	 0.594	0.9433	0.9454	0.7856	0.7477	0.9582	0.9406	 1.492	 1.302	 2.801	  2.82	 | 1.712 quantile
                      	 1.764	 1.444	 2.355	 2.721	  1.56	 1.326	 1.964	 2.077	 2.375	 2.559	 4.577	 4.617	 | 4.617 max

train losses     98:	0.2294	 0.232	0.3261	0.3142	0.2636	0.2586	0.3204	  0.33	0.3666	0.3724	0.7099	0.7029	
val losses       98:	0.2552	0.2263	0.3627	0.3525	0.3001	0.2858	0.3534	0.3387	0.5213	0.5067	 1.204	  1.21	 | 0.493 mean
                     	0.6661	0.5879	0.9416	0.9431	0.7802	0.7446	0.9522	0.9291	 1.458	 1.313	 2.814	 2.863	 | 1.7 quantile
                      	   1.8	 1.462	 2.357	 2.761	 1.506	 1.314	 1.969	 2.098	 2.391	 2.608	 4.785	 4.773	 | 4.785 max

train losses    100:	0.2281	 0.232	0.3246	0.3148	0.2688	0.2627	0.3155	0.3271	0.3728	 0.369	0.6857	0.6681	
val losses      100:	0.2536	0.2302	0.3616	0.3538	0.3054	0.2923	0.3519	0.3438	 0.521	 0.505	 1.143	 1.137	 | 0.4832 mean
                     	0.6605	0.5889	0.9455	0.9583	0.7935	0.7452	 0.952	0.9298	 1.495	 1.304	 2.636	 2.652	 | 1.678 quantile
                      	 1.727	 1.454	 2.329	   2.7	  1.65	 1.362	 1.916	 1.965	 2.327	 2.511	 4.161	 3.993	 | 4.161 max

train losses    102:	 0.226	0.2328	0.3236	0.3145	0.2668	0.2634	 0.313	0.3238	0.3729	0.3724	0.5414	0.5327	
val losses      102:	 0.253	0.2291	0.3614	0.3525	0.3015	 0.291	0.3521	0.3441	0.5164	0.5071	 1.332	 1.338	 | 0.5149 mean
                     	0.6538	0.5872	0.9427	0.9515	0.7795	0.7515	 0.937	0.9239	 1.506	 1.336	 2.885	 2.924	 | 1.858 quantile
                      	  1.75	 1.517	   2.3	 2.754	 1.548	 1.446	 1.907	 2.027	 2.296	 2.495	 4.309	 4.162	 | 4.309 max

train losses    104:	0.2281	0.2285	0.3233	0.3136	0.2671	0.2618	0.3098	0.3206	0.3881	0.3849	0.6103	0.5998	
val losses      104:	 0.256	0.2258	0.3601	0.3521	0.3141	0.2965	0.3485	0.3419	0.5272	0.5169	 1.189	  1.19	 | 0.4932 mean
                     	0.6662	0.5793	0.9374	0.9465	0.8029	  0.75	 0.925	0.9153	 1.542	 1.351	 2.749	 2.785	 | 1.727 quantile
                      	 1.731	 1.365	 2.271	  2.75	 1.633	 1.377	 1.918	 2.025	 2.246	 2.476	 4.524	 4.438	 | 4.524 max

train losses    106:	0.2276	0.2278	0.3223	0.3132	0.2688	0.2649	 0.305	0.3147	 0.396	 0.393	0.6445	0.6451	
val losses      106:	0.2496	0.2268	0.3613	0.3527	0.3059	0.2913	0.3498	0.3343	 0.534	0.5149	 1.191	 1.198	 | 0.4925 mean
                     	0.6455	0.5815	0.9409	0.9517	0.7847	0.7398	0.9472	0.9124	 1.518	 1.356	 2.727	 2.789	 | 1.724 quantile
                      	 1.731	 1.444	 2.328	 2.728	  1.53	 1.368	 1.952	 2.048	  2.33	 2.579	 4.525	 4.591	 | 4.591 max

train losses    108:	0.2245	0.2276	0.3221	0.3131	0.2637	0.2598	0.3048	0.3101	0.3726	0.3729	0.6199	0.6161	
val losses      108:	0.2485	 0.225	0.3627	0.3524	0.3046	0.2903	 0.355	0.3352	0.5227	 0.497	 1.125	  1.13	 | 0.479 mean
                     	0.6455	0.5782	0.9391	0.9514	0.7843	0.7435	0.9505	0.9221	 1.453	 1.286	 2.575	 2.646	 | 1.635 quantile
                      	 1.712	 1.523	 2.369	 2.721	 1.609	 1.381	 1.965	 2.074	 2.331	 2.647	 3.961	 3.856	 | 3.961 max

train losses    110:	0.2236	0.2253	0.3221	0.3123	0.2567	0.2517	 0.301	0.3041	0.4057	0.4074	0.4948	0.4935	
val losses      110:	0.2529	0.2231	0.3622	0.3518	0.3023	0.2878	0.3558	0.3377	 0.541	0.5149	 1.141	 1.143	 | 0.4845 mean
                     	0.6586	0.5738	 0.941	0.9502	0.7809	0.7404	0.9562	0.9272	 1.487	 1.335	 2.716	 2.711	 | 1.639 quantile
                      	 1.748	 1.535	 2.347	  2.75	 1.596	 1.267	 1.998	 2.107	  2.24	 2.569	 4.517	 4.485	 | 4.517 max

train losses    112:	0.2236	0.2234	0.3223	0.3116	0.2529	0.2476	   0.3	0.3031	0.4189	0.4198	0.4329	0.4368	
val losses      112:	0.2508	0.2231	0.3634	0.3518	0.2985	0.2842	 0.359	 0.341	 0.564	0.5382	 1.161	 1.164	 | 0.4916 mean
                     	0.6491	0.5772	0.9438	0.9445	0.7781	0.7359	0.9706	0.9432	 1.511	 1.412	 2.741	 2.708	 | 1.676 quantile
                      	 1.725	 1.582	 2.345	  2.76	  1.53	 1.339	 1.972	 2.078	 2.342	 2.633	 4.627	 4.621	 | 4.627 max

train losses    114:	0.2232	0.2234	0.3227	0.3111	 0.251	0.2465	0.3006	0.3044	0.4317	0.4355	0.3999	0.4046	
val losses      114:	0.2496	0.2234	0.3656	0.3519	0.3015	0.2851	0.3682	0.3483	0.5606	0.5494	 1.179	 1.186	 | 0.4974 mean
                     	 0.644	 0.576	0.9483	0.9473	0.7896	0.7327	 0.988	0.9621	 1.561	 1.453	 2.721	 2.743	 | 1.723 quantile
                      	 1.729	 1.548	 2.362	  2.74	 1.548	 1.352	   2.0	 2.067	 2.477	 2.668	 4.488	 4.556	 | 4.556 max

train losses    116:	0.2234	0.2207	0.3213	0.3106	0.2493	0.2436	0.2984	0.3008	 0.427	0.4288	0.3474	0.3512	
val losses      116:	 0.251	0.2223	 0.363	0.3519	0.3039	0.2859	 0.368	0.3442	0.5599	0.5593	 1.162	 1.165	 | 0.4947 mean
                     	0.6516	0.5696	0.9432	0.9485	0.7957	0.7307	0.9828	0.9475	 1.603	   1.5	 2.669	 2.742	 | 1.716 quantile
                      	 1.732	  1.47	 2.332	  2.73	 1.559	 1.361	 1.982	 2.052	 2.515	 2.591	 4.239	 4.215	 | 4.239 max

train losses    118:	 0.223	0.2188	0.3201	0.3102	0.2483	0.2409	0.2958	0.2937	0.4027	0.4098	0.3221	0.3235	
val losses      118:	 0.251	 0.222	0.3612	0.3517	0.3027	 0.285	0.3626	0.3384	0.5616	0.5598	  1.16	  1.16	 | 0.493 mean
                     	0.6553	0.5705	0.9427	0.9495	0.7885	 0.725	0.9718	 0.917	 1.629	 1.513	  2.66	 2.735	 | 1.708 quantile
                      	 1.733	 1.461	 2.304	 2.741	 1.563	 1.379	 1.967	 1.998	 2.498	 2.586	 4.337	 4.296	 | 4.337 max

train losses    120:	0.2216	0.2176	0.3193	0.3098	0.2495	0.2425	0.2928	0.2885	0.3688	0.3795	 0.356	0.3568	
val losses      120:	0.2493	 0.222	0.3605	0.3517	 0.304	0.2871	0.3615	0.3385	0.5476	0.5393	 1.177	 1.176	 | 0.4928 mean
                     	0.6516	0.5678	0.9382	0.9471	0.7862	0.7295	0.9698	0.9192	 1.597	 1.445	  2.72	 2.774	 | 1.701 quantile
                      	 1.699	 1.489	 2.287	 2.744	 1.544	 1.385	 1.981	 2.007	 2.414	 2.596	  4.42	 4.413	 | 4.42 max

train losses    122:	0.2198	0.2168	0.3185	0.3093	0.2522	0.2471	0.2897	0.2847	0.3395	0.3477	0.4387	0.4386	
val losses      122:	0.2484	0.2226	0.3604	0.3519	 0.304	0.2878	0.3661	0.3409	0.5338	0.5231	 1.196	 1.196	 | 0.4942 mean
                     	0.6495	0.5656	0.9377	0.9488	 0.789	0.7317	0.9711	0.9344	  1.57	  1.39	 2.796	 2.817	 | 1.689 quantile
                      	 1.697	 1.484	  2.29	 2.733	 1.547	 1.385	 2.007	 2.038	 2.312	  2.56	 4.404	 4.404	 | 4.404 max

train losses    124:	0.2189	0.2161	0.3179	0.3092	0.2557	0.2502	0.2893	0.2814	0.3228	0.3266	0.5259	0.5249	
val losses      124:	0.2485	 0.224	0.3606	0.3523	0.3149	0.2984	 0.374	0.3444	0.5248	  0.51	 1.186	 1.184	 | 0.4935 mean
                     	0.6488	0.5669	 0.938	0.9499	0.8065	 0.754	0.9838	0.9391	 1.525	 1.335	 2.728	 2.764	 | 1.675 quantile
                      	 1.758	 1.455	 2.297	 2.719	 1.616	 1.408	 2.042	 2.066	 2.347	 2.546	 4.328	   4.1	 | 4.328 max

train losses    126:	0.2189	0.2156	0.3177	 0.309	 0.256	0.2504	0.2904	0.2794	 0.317	0.3157	0.4944	 0.494	
val losses      126:	0.2505	0.2251	0.3608	0.3522	0.3252	0.3089	0.3813	0.3481	0.5285	0.5072	 1.175	 1.172	 | 0.4946 mean
                     	0.6538	0.5693	 0.943	0.9482	0.8241	 0.775	0.9958	 0.947	 1.505	 1.318	 2.688	 2.716	 | 1.683 quantile
                      	 1.803	 1.429	 2.288	 2.722	 1.673	 1.428	  2.09	 2.086	 2.465	 2.617	 4.156	 3.959	 | 4.156 max

train losses    128:	0.2191	0.2142	0.3179	0.3088	0.2578	0.2505	   0.3	0.2828	0.3117	0.3072	0.3793	0.3783	
val losses      128:	0.2529	0.2244	0.3615	0.3522	 0.318	0.2998	0.3998	0.3587	0.5368	0.5105	 1.207	 1.203	 | 0.502 mean
                     	0.6642	0.5683	0.9416	 0.949	0.8174	0.7538	 1.034	0.9779	 1.498	 1.319	 2.784	 2.779	 | 1.712 quantile
                      	  1.81	 1.429	 2.277	 2.724	  1.66	 1.376	 2.163	 2.122	 2.546	 2.691	 4.265	 4.279	 | 4.279 max

train losses    130:	0.2194	0.2137	0.3182	0.3089	0.2619	0.2549	0.3154	0.2904	0.3094	0.3019	0.3756	0.3682	
val losses      130:	0.2525	0.2249	0.3623	0.3528	 0.317	0.2959	0.4206	0.3687	0.5367	0.5113	 1.259	 1.255	 | 0.513 mean
                     	0.6642	0.5692	0.9437	0.9498	0.8139	0.7423	 1.072	0.9976	  1.51	 1.336	 2.892	   2.9	 | 1.751 quantile
                      	 1.792	 1.409	  2.27	 2.711	 1.651	 1.433	 2.208	 2.136	 2.532	 2.631	 4.479	 4.322	 | 4.479 max

train losses    132:	0.2182	0.2153	0.3177	0.3092	0.2751	0.2709	0.3171	0.2855	0.3123	0.3013	0.3778	0.3701	
val losses      132:	 0.249	0.2292	0.3629	0.3545	  0.33	0.3089	0.4351	0.3695	0.5377	0.5154	 1.281	 1.274	 | 0.5205 mean
                     	0.6549	0.5759	0.9458	0.9567	 0.833	0.7698	 1.089	 0.995	 1.531	 1.356	 2.895	  2.93	 | 1.759 quantile
                      	 1.753	 1.375	  2.28	 2.679	 1.672	 1.502	 2.238	 2.165	 2.514	 2.562	 4.505	 4.171	 | 4.505 max

train losses    134:	0.2167	 0.219	0.3174	  0.31	0.3008	0.3021	0.3177	0.2771	0.3478	0.3272	0.4485	0.4445	
val losses      134:	0.2478	0.2358	0.3631	0.3566	0.3484	0.3331	0.4385	0.3617	0.5514	0.5324	 1.292	 1.284	 | 0.5287 mean
                     	0.6511	0.5911	0.9452	0.9684	0.8575	0.8135	 1.093	0.9745	 1.563	 1.419	 2.886	 2.918	 | 1.778 quantile
                      	 1.737	 1.383	  2.28	 2.653	 1.737	 1.508	 2.234	  2.14	 2.492	 2.547	 4.476	 4.143	 | 4.476 max

train losses    136:	0.2179	0.2225	0.3185	0.3123	0.3223	0.3268	0.3332	0.2788	0.4129	0.3802	0.5154	0.5169	
val losses      136:	0.2477	0.2398	0.3628	 0.357	0.3794	 0.368	0.4266	0.3603	0.5628	0.5365	 1.221	 1.216	 | 0.5232 mean
                     	0.6469	0.5974	0.9462	0.9693	 0.925	0.8795	 1.073	0.9648	  1.56	 1.425	 2.771	 2.787	 | 1.714 quantile
                      	 1.751	 1.365	 2.279	 2.655	 1.806	 1.569	 2.237	 2.167	 2.533	 2.671	 4.299	 4.214	 | 4.299 max

train losses    138:	0.2182	0.2214	0.3182	0.3124	0.3034	0.3058	0.3285	0.2814	0.3963	0.3647	0.3892	0.3912	
val losses      138:	0.2494	0.2236	0.3587	0.3518	0.3048	 0.286	0.3693	0.3513	0.5716	0.5489	 1.135	 1.138	 | 0.4907 mean
                     	0.6516	0.5611	0.9306	0.9476	0.7827	0.7264	0.9787	0.9508	  1.44	 1.364	 2.629	  2.68	 | 1.63 quantile
                      	 1.696	 1.426	 2.256	  2.72	   1.6	 1.306	 2.112	 2.134	  2.78	 2.931	 4.164	 4.126	 | 4.164 max

train losses    140:	 0.215	0.2129	0.3152	0.3082	0.2579	0.2548	0.2885	 0.281	0.3664	 0.348	0.2881	0.2854	
val losses      140:	0.2501	0.2185	0.3588	 0.352	0.3046	0.3031	0.3558	0.3533	0.5686	0.5602	 1.169	 1.172	 | 0.4972 mean
                     	0.6591	0.5529	 0.937	0.9484	0.7959	 0.773	0.9489	0.9804	 1.462	 1.351	 2.676	 2.745	 | 1.678 quantile
                      	 1.636	 1.614	 2.269	 2.713	 1.524	 1.299	 2.122	 2.217	 2.979	 2.901	 4.349	 4.336	 | 4.349 max

train losses    142:	0.2145	0.2098	0.3132	0.3069	  0.25	0.2526	0.2608	 0.269	0.3573	0.3424	0.2531	0.2527	
val losses      142:	0.2485	0.2207	0.3615	0.3546	0.3042	0.3078	0.3645	0.3685	0.5592	0.5458	 1.178	 1.183	 | 0.4997 mean
                     	0.6535	0.5612	0.9401	0.9626	0.7973	0.7921	  0.97	 1.007	  1.47	  1.33	 2.685	 2.732	 | 1.679 quantile
                      	 1.656	  1.68	  2.29	 2.678	 1.558	 1.266	 2.136	  2.26	  2.85	 2.711	 4.469	 4.464	 | 4.469 max

train losses    144:	0.2141	 0.211	0.3135	0.3065	0.2562	0.2616	 0.255	0.2619	 0.335	0.3217	0.2219	0.2208	
val losses      144:	 0.248	 0.222	0.3608	0.3533	0.3012	0.2926	0.3609	 0.358	0.5473	 0.529	 1.174	 1.177	 | 0.4937 mean
                     	0.6509	0.5655	0.9401	0.9555	  0.78	0.7655	0.9624	0.9649	  1.44	 1.302	 2.683	 2.727	 | 1.674 quantile
                      	 1.716	 1.626	 2.279	 2.702	 1.502	 1.208	 1.976	 2.105	 2.743	 2.672	  4.38	 4.365	 | 4.38 max

train losses    146:	 0.214	 0.214	0.3148	0.3065	0.2514	0.2593	0.2634	0.2727	0.3186	0.3075	0.2131	0.2125	
val losses      146:	0.2471	0.2206	0.3637	0.3546	 0.298	0.2898	0.3797	0.3774	0.5379	0.5189	 1.167	 1.168	 | 0.4936 mean
                     	0.6445	0.5612	0.9499	0.9544	0.7755	0.7607	 1.002	0.9998	 1.413	 1.275	 2.667	 2.718	 | 1.668 quantile
                      	 1.709	 1.601	 2.287	 2.696	 1.423	 1.243	 2.011	 2.141	 2.702	 2.742	 4.264	 4.237	 | 4.264 max

train losses    148:	0.2112	0.2107	0.3171	0.3088	0.2431	0.2534	0.2827	0.2948	 0.305	0.2947	0.2086	0.2088	
val losses      148:	0.2456	0.2174	0.3688	0.3601	0.2874	0.2787	0.4206	0.4222	0.5394	0.5189	  1.16	  1.16	 | 0.4982 mean
                     	0.6446	0.5533	0.9522	0.9733	0.7528	0.7328	 1.065	  1.08	 1.426	 1.289	 2.666	 2.701	 | 1.658 quantile
                      	 1.634	 1.559	 2.318	 2.648	 1.404	 1.207	 2.192	 2.308	 2.678	 2.791	 4.206	 4.166	 | 4.206 max

train losses    150:	  0.21	0.2063	0.3186	0.3112	0.2356	0.2441	0.2978	0.3081	0.3052	0.2951	0.2112	0.2108	
val losses      150:	0.2448	0.2176	0.3721	 0.363	0.2883	 0.285	 0.445	0.4413	0.5392	0.5149	  1.16	  1.16	 | 0.5026 mean
                     	0.6432	0.5551	0.9592	0.9819	0.7498	0.7437	  1.12	 1.137	 1.423	 1.293	 2.684	 2.714	 | 1.652 quantile
                      	 1.662	  1.54	 2.312	 2.617	 1.427	  1.26	 2.283	  2.41	 2.657	 2.793	 4.207	 4.091	 | 4.207 max

train losses    152:	0.2108	0.2053	 0.322	0.3142	0.2304	0.2403	0.3275	0.3347	0.3133	0.3088	0.2348	0.2378	
val losses      152:	0.2469	0.2199	0.3772	0.3659	0.2885	0.2917	0.4837	0.4723	0.5385	0.5123	 1.166	 1.162	 | 0.5104 mean
                     	0.6498	0.5701	0.9616	 0.983	0.7589	0.7578	 1.168	 1.156	 1.431	 1.289	 2.736	 2.751	 | 1.655 quantile
                      	 1.676	 1.612	 2.344	 2.617	 1.403	 1.288	 2.333	 2.425	 2.657	 2.796	 4.309	 4.229	 | 4.309 max

train losses    154:	0.2124	0.2067	0.3258	0.3163	0.2293	0.2393	0.3602	 0.355	0.3244	0.3254	0.2858	0.2875	
val losses      154:	0.2474	0.2192	0.3774	0.3652	0.2848	0.2784	0.5024	0.4769	0.5328	0.5062	 1.177	 1.172	 | 0.5116 mean
                     	0.6537	0.5672	0.9677	0.9802	0.7342	0.7232	 1.186	 1.145	  1.41	 1.261	 2.786	 2.782	 | 1.653 quantile
                      	 1.733	 1.528	 2.304	 2.617	 1.364	 1.217	 2.327	 2.398	  2.57	 2.713	 4.318	 4.193	 | 4.318 max

train losses    156:	0.2159	0.2101	0.3284	0.3191	  0.23	0.2409	0.3792	0.3648	  0.34	 0.347	0.3674	0.3669	
val losses      156:	0.2452	 0.218	0.3696	0.3591	0.2817	0.2716	0.4547	 0.425	0.5311	 0.508	 1.186	 1.181	 | 0.5026 mean
                     	0.6439	0.5589	0.9539	0.9696	0.7282	0.7115	 1.117	 1.087	 1.423	 1.278	 2.835	 2.833	 | 1.641 quantile
                      	  1.72	 1.568	 2.284	  2.64	   1.4	  1.17	 2.295	 2.332	 2.545	 2.657	 4.389	  4.32	 | 4.389 max

train losses    158:	0.2141	0.2072	0.3224	0.3134	0.2255	0.2279	0.3357	0.3159	0.3448	0.3545	0.4153	 0.414	
val losses      158:	0.2396	0.2127	0.3548	0.3496	0.2851	0.2647	  0.35	0.3352	0.5492	0.5179	 1.165	 1.166	 | 0.4825 mean
                     	0.6289	0.5469	0.9197	0.9458	0.7354	0.6838	0.9324	0.9151	 1.454	 1.346	  2.71	 2.742	 | 1.634 quantile
                      	  1.59	 1.452	 2.175	 2.728	  1.44	 1.252	 2.047	 2.104	 2.463	 2.703	 4.262	 4.113	 | 4.262 max

train losses    160:	0.2091	0.2026	0.3114	0.3046	 0.225	0.2217	0.2615	 0.257	0.3371	0.3352	0.3571	0.3582	
val losses      160:	0.2459	0.2161	0.3557	0.3532	0.2943	0.2795	 0.357	0.3443	0.5761	0.5319	 1.162	 1.168	 | 0.4903 mean
                     	0.6351	0.5496	0.9186	0.9457	0.7533	0.7062	0.9389	0.8979	 1.494	 1.395	 2.692	 2.751	 | 1.653 quantile
                      	 1.579	 1.415	 2.086	 2.791	 1.471	 1.303	 1.881	  1.96	 2.585	 2.809	   4.2	 4.064	 | 4.2 max

train losses    162:	0.2096	0.2012	0.3115	0.3047	0.2273	0.2268	0.2546	0.2533	0.3423	0.3384	0.2611	0.2633	
val losses      162:	0.2487	0.2171	0.3556	0.3523	0.3018	0.2844	0.3543	0.3408	0.5474	0.5225	 1.162	 1.169	 | 0.488 mean
                     	0.6447	 0.549	  0.92	0.9505	0.7718	0.7211	0.9241	0.8969	 1.478	 1.337	   2.7	 2.749	 | 1.647 quantile
                      	 1.603	 1.405	 2.107	  2.77	 1.587	 1.296	 1.932	  2.01	 2.434	 2.718	 4.218	 4.194	 | 4.218 max

train losses    164:	0.2108	0.2017	0.3122	0.3044	0.2274	0.2269	0.2535	0.2531	0.3377	0.3324	0.2244	0.2256	
val losses      164:	0.2491	0.2169	0.3545	0.3505	0.2983	 0.278	0.3467	0.3335	0.5239	0.5138	 1.162	 1.166	 | 0.4827 mean
                     	0.6449	0.5428	0.9211	0.9439	0.7639	0.7162	0.9123	0.8957	 1.445	 1.287	 2.695	 2.742	 | 1.649 quantile
                      	 1.597	  1.39	 2.146	 2.746	 1.582	 1.247	 1.868	 1.999	 2.418	 2.704	 4.233	 4.196	 | 4.233 max

train losses    166:	0.2076	0.1992	0.3104	0.3028	0.2224	 0.219	0.2433	0.2412	0.3495	0.3435	0.2066	0.2071	
val losses      166:	0.2419	0.2131	0.3545	0.3501	0.2888	0.2684	0.3477	0.3348	0.5235	0.5094	  1.16	 1.163	 | 0.4796 mean
                     	  0.63	0.5402	0.9217	0.9439	 0.748	0.6917	0.9147	0.8976	 1.439	 1.278	 2.701	 2.732	 | 1.649 quantile
                      	 1.586	 1.402	  2.16	  2.74	  1.46	 1.239	 1.832	 1.995	 2.418	 2.748	 4.218	 4.173	 | 4.218 max

train losses    168:	0.2042	 0.197	0.3085	0.3011	0.2188	0.2141	0.2309	0.2292	0.3757	0.3706	0.2068	0.2082	
val losses      168:	0.2384	0.2122	0.3548	  0.35	0.2867	0.2673	0.3484	0.3357	 0.534	0.5114	 1.163	 1.165	 | 0.4806 mean
                     	0.6216	0.5366	0.9216	0.9473	0.7431	0.6908	0.9184	0.8978	 1.466	 1.312	 2.709	 2.742	 | 1.654 quantile
                      	 1.582	 1.407	 2.155	  2.75	 1.437	 1.221	 1.832	 1.997	 2.338	 2.649	 4.274	 4.175	 | 4.274 max

train losses    170:	0.2019	0.1955	0.3077	0.3004	0.2165	0.2113	0.2245	0.2231	0.3545	0.3491	0.2019	0.2017	
val losses      170:	0.2376	0.2113	0.3551	0.3498	0.2856	0.2668	0.3484	0.3363	0.5652	0.5363	 1.157	 1.159	 | 0.484 mean
                     	0.6158	0.5298	0.9223	0.9475	0.7395	0.6957	0.9176	0.8991	 1.557	 1.411	 2.683	  2.71	 | 1.667 quantile
                      	 1.578	 1.416	 2.152	  2.75	 1.452	 1.183	 1.855	 2.031	 2.527	 2.787	 4.216	 4.113	 | 4.216 max

train losses    172:	0.2003	0.1933	0.3069	0.2996	0.2144	0.2082	0.2194	0.2181	0.3186	0.3127	0.1969	0.1966	
val losses      172:	0.2376	0.2105	0.3556	  0.35	0.2839	0.2656	0.3497	0.3385	0.5854	0.5637	 1.157	 1.161	 | 0.4883 mean
                     	0.6187	0.5255	0.9237	0.9442	0.7425	0.6945	0.9209	0.9027	 1.595	 1.483	 2.674	 2.715	 | 1.683 quantile
                      	 1.555	 1.408	 2.157	 2.733	 1.453	 1.192	 1.897	 2.071	 2.581	 2.848	 4.179	 4.133	 | 4.179 max

train losses    174:	0.1991	0.1912	0.3063	 0.299	0.2137	0.2079	0.2168	0.2156	0.3119	0.3072	 0.205	0.2054	
val losses      174:	0.2353	0.2094	0.3555	0.3501	 0.283	0.2649	0.3493	0.3379	0.5777	0.5647	 1.169	 1.172	 | 0.4891 mean
                     	0.6141	0.5246	0.9232	0.9441	0.7471	 0.686	0.9199	0.9035	 1.611	 1.505	 2.735	 2.751	 | 1.688 quantile
                      	 1.579	 1.401	 2.151	  2.73	 1.434	 1.206	 1.875	 2.054	 2.489	 2.799	 4.327	 4.294	 | 4.327 max

train losses    176:	0.1976	0.1897	0.3057	0.2983	0.2125	0.2066	0.2137	0.2125	0.2982	0.2943	0.2219	0.2225	
val losses      176:	0.2328	0.2082	0.3551	0.3502	0.2822	0.2641	0.3483	0.3358	  0.57	  0.56	 1.179	 1.182	 | 0.4889 mean
                     	0.6029	0.5231	 0.928	0.9456	0.7442	0.6823	0.9175	 0.892	 1.637	 1.512	 2.791	 2.815	 | 1.7 quantile
                      	 1.598	   1.4	 2.131	 2.739	  1.42	   1.2	 1.827	 1.992	 2.479	 2.728	  4.46	 4.424	 | 4.46 max

train losses    178:	0.1963	0.1883	0.3051	0.2976	0.2119	0.2059	0.2116	0.2112	0.2829	0.2797	0.2472	 0.248	
val losses      178:	 0.232	0.2076	0.3548	0.3502	0.2818	0.2638	0.3485	0.3361	0.5705	0.5584	 1.182	 1.184	 | 0.4892 mean
                     	0.5975	0.5242	0.9233	 0.947	0.7407	0.6794	0.9121	0.8812	 1.642	 1.499	  2.81	 2.834	 | 1.698 quantile
                      	 1.593	 1.399	 2.102	 2.748	 1.441	 1.189	 1.798	  1.94	 2.484	 2.687	 4.489	 4.451	 | 4.489 max

train losses    180:	0.1949	0.1872	0.3049	0.2973	0.2112	0.2059	0.2131	0.2128	0.2755	0.2719	0.2812	0.2822	
val losses      180:	0.2313	 0.207	0.3549	0.3505	 0.282	0.2646	0.3504	 0.338	0.5697	0.5562	 1.185	 1.188	 | 0.4898 mean
                     	0.5973	0.5223	0.9218	0.9471	0.7404	0.6809	0.9055	0.8817	 1.637	 1.487	 2.845	 2.871	 | 1.69 quantile
                      	 1.597	 1.385	 2.079	 2.752	 1.453	  1.19	 1.849	 1.916	 2.482	 2.655	 4.502	 4.468	 | 4.502 max

train losses    182:	0.1937	0.1864	0.3049	0.2972	0.2114	0.2072	 0.218	0.2175	0.2731	0.2704	0.3078	 0.308	
val losses      182:	0.2305	0.2068	0.3552	0.3508	0.2832	 0.267	0.3548	0.3421	0.5684	0.5547	 1.182	 1.186	 | 0.4901 mean
                     	0.5941	0.5218	0.9224	0.9446	0.7378	0.6817	0.9146	0.8857	 1.626	 1.487	 2.823	 2.854	 | 1.687 quantile
                      	 1.602	 1.376	  2.06	 2.752	 1.474	  1.23	 1.917	 1.966	 2.486	 2.623	 4.467	 4.439	 | 4.467 max

train losses    184:	 0.193	0.1862	0.3048	0.2969	0.2128	0.2096	 0.219	0.2193	0.2784	0.2775	0.3134	 0.315	
val losses      184:	0.2298	0.2072	0.3557	0.3512	0.2847	0.2703	0.3588	0.3463	0.5695	0.5574	 1.182	 1.186	 | 0.4916 mean
                     	0.5916	0.5225	0.9261	0.9472	0.7398	0.6843	0.9257	0.8979	 1.634	  1.49	   2.8	 2.839	 | 1.691 quantile
                      	 1.603	 1.363	 2.041	 2.756	 1.504	  1.26	 1.951	 1.989	   2.5	 2.624	 4.458	 4.428	 | 4.458 max

train losses    186:	0.1926	0.1866	0.3043	0.2962	0.2148	0.2128	0.2122	0.2129	0.2877	0.2889	0.2839	0.2858	
val losses      186:	  0.23	0.2093	0.3558	0.3512	0.2867	0.2744	 0.359	0.3479	0.5743	0.5647	 1.196	   1.2	 | 0.4958 mean
                     	0.5903	 0.528	0.9237	0.9476	0.7415	0.6984	0.9248	0.9022	 1.647	 1.524	 2.745	 2.788	 | 1.726 quantile
                      	 1.607	 1.335	 2.029	 2.758	 1.537	 1.278	 1.942	 1.974	 2.527	 2.644	 4.388	  4.35	 | 4.388 max

train losses    188:	0.1921	 0.188	0.3036	0.2951	0.2176	0.2172	0.2051	0.2074	0.2959	0.2983	0.2302	0.2314	
val losses      188:	0.2284	0.2118	0.3554	0.3505	0.2885	0.2776	0.3549	0.3459	0.5814	0.5732	 1.225	 1.229	 | 0.5018 mean
                     	0.5851	0.5323	 0.922	0.9465	0.7454	0.7024	0.9176	0.8984	 1.664	  1.54	 2.773	 2.819	 | 1.754 quantile
                      	  1.63	  1.31	 2.019	 2.759	 1.552	 1.288	 1.846	 1.899	 2.566	 2.627	  4.38	 4.332	 | 4.38 max

train losses    190:	0.1909	0.1901	0.3027	0.2941	0.2204	0.2218	0.1997	0.2019	 0.306	0.3106	  0.24	0.2378	
val losses      190:	0.2259	0.2142	0.3551	  0.35	0.2905	0.2812	0.3524	0.3449	0.5898	0.5838	 1.269	 1.273	 | 0.5108 mean
                     	0.5768	0.5366	0.9215	0.9418	0.7487	0.7075	0.9178	0.8954	 1.685	 1.572	 2.863	 2.873	 | 1.797 quantile
                      	 1.687	 1.291	 2.013	 2.763	 1.551	  1.31	 1.769	 1.856	 2.617	 2.625	  4.36	 4.306	 | 4.36 max

train losses    192:	0.1891	0.1932	0.3023	0.2934	0.2236	0.2283	 0.201	0.2033	0.3266	0.3332	0.3308	0.3235	
val losses      192:	0.2244	0.2171	0.3551	0.3497	0.2965	0.2912	0.3527	0.3469	 0.599	0.5928	 1.285	 1.287	 | 0.5164 mean
                     	0.5712	0.5434	 0.925	0.9414	0.7605	0.7252	 0.921	0.8989	 1.698	 1.595	 2.896	 2.899	 | 1.817 quantile
                      	 1.731	  1.28	 2.008	 2.766	 1.557	 1.371	 1.781	 1.848	 2.632	 2.641	 4.253	 4.194	 | 4.253 max

train losses    194:	0.1886	0.1944	0.3022	0.2931	0.2224	0.2279	0.2015	0.2018	0.3436	0.3522	0.3896	0.3833	
val losses      194:	0.2252	0.2145	0.3547	0.3496	0.3046	0.3025	0.3543	0.3455	0.5937	 0.577	 1.265	 1.268	 | 0.5128 mean
                     	0.5728	0.5344	0.9237	0.9399	0.7748	0.7481	0.9217	0.8918	 1.642	 1.556	  2.88	 2.928	 | 1.778 quantile
                      	 1.769	 1.283	 2.007	 2.766	 1.585	 1.383	 1.781	  1.87	 2.533	 2.653	 4.445	 4.373	 | 4.445 max

train losses    196:	0.1895	0.1936	0.3025	0.2931	0.2225	0.2297	 0.196	0.1992	0.3385	0.3399	0.3532	 0.351	
val losses      196:	 0.227	0.2097	0.3543	0.3493	0.3065	0.3019	0.3554	0.3405	0.5621	0.5373	 1.237	 1.244	 | 0.5021 mean
                     	0.5771	0.5239	0.9196	0.9431	0.7747	0.7502	0.9337	0.8867	 1.547	 1.436	 2.837	 2.869	 | 1.741 quantile
                      	 1.769	 1.311	 2.043	 2.729	 1.634	 1.395	 1.916	 1.958	  2.44	 2.778	 4.475	 4.406	 | 4.475 max

train losses    198:	0.1952	 0.189	0.3027	0.2936	0.2225	0.2309	0.1951	0.2029	0.3326	0.3304	0.2555	0.2588	
val losses      198:	0.2345	0.2038	0.3549	0.3505	0.2981	0.2898	0.3606	0.3435	0.5231	0.5108	 1.205	 1.211	 | 0.4905 mean
                     	0.5984	0.5109	0.9249	0.9478	0.7597	  0.73	0.9456	0.8976	 1.439	 1.294	 2.802	 2.837	 | 1.691 quantile
                      	  1.75	 1.375	  2.06	 2.725	 1.664	 1.335	 1.994	 2.024	 2.413	 2.747	 4.662	 4.603	 | 4.662 max

train losses    200:	0.1998	0.1838	0.3026	0.2942	0.2274	0.2403	0.1928	0.2083	0.3139	 0.311	0.2292	0.2315	
val losses      200:	0.2293	0.2036	0.3561	 0.353	0.3057	 0.302	0.3655	0.3564	0.5404	0.5275	 1.202	 1.211	 | 0.4961 mean
                     	0.5839	0.5119	0.9249	0.9486	 0.776	0.7478	0.9416	 0.923	 1.431	 1.317	 2.718	  2.77	 | 1.697 quantile
                      	 1.763	 1.388	 2.084	 2.728	 1.663	 1.367	 2.001	 2.146	 2.485	 2.682	 4.359	 4.303	 | 4.359 max

train losses    202:	0.2005	0.1807	0.3015	 0.295	0.2353	 0.251	0.2001	0.2177	0.2927	0.2958	0.2202	0.2169	
val losses      202:	0.2272	0.2049	0.3546	0.3528	0.3216	0.3211	0.3537	0.3484	0.5448	0.5263	 1.173	 1.177	 | 0.4921 mean
                     	0.5817	0.5178	 0.922	0.9427	0.8057	0.7854	0.9198	0.9073	 1.455	 1.342	 2.746	  2.78	 | 1.654 quantile
                      	 1.674	  1.35	 2.041	 2.742	 1.699	 1.442	 1.905	  1.99	 2.468	 2.678	 4.423	 4.378	 | 4.423 max

train losses    204:	0.1929	0.1797	0.3007	0.2952	0.2352	0.2455	0.2041	0.2172	0.2914	0.2878	 0.235	0.2311	
val losses      204:	0.2288	0.2067	0.3536	0.3513	0.3318	 0.333	0.3556	0.3524	0.5298	0.5151	 1.196	 1.199	 | 0.4961 mean
                     	0.5907	0.5213	0.9213	0.9426	0.8235	0.8117	0.9216	0.9084	 1.479	 1.308	  2.74	 2.773	 | 1.689 quantile
                      	 1.645	 1.305	 1.999	 2.772	 1.718	 1.496	 1.853	 1.885	 2.291	 2.659	 4.381	 4.312	 | 4.381 max

train losses    206:	0.1909	0.1833	0.3015	0.2938	0.2375	0.2456	0.2156	0.2287	0.2725	0.2706	0.2551	0.2473	
val losses      206:	0.2383	0.2146	0.3564	0.3512	 0.318	0.3187	0.3869	0.3808	0.5398	0.5206	 1.158	 1.161	 | 0.4953 mean
                     	0.6174	0.5369	0.9319	0.9448	0.7965	0.7892	0.9927	0.9875	 1.552	 1.355	  2.64	  2.67	 | 1.682 quantile
                      	 1.531	 1.303	 1.964	 2.787	 1.678	 1.466	 2.011	 2.005	 2.292	 2.656	 4.079	 4.019	 | 4.079 max

train losses    208:	0.1913	0.1873	0.3021	0.2926	0.2281	0.2297	0.2175	0.2191	0.2889	0.2736	0.2432	0.2452	
val losses      208:	0.2376	0.2104	0.3602	0.3547	0.2915	0.2823	0.4126	0.3989	0.5448	0.5175	 1.185	 1.188	 | 0.4986 mean
                     	0.6138	0.5286	0.9344	0.9532	0.7517	0.7002	 1.043	 1.014	 1.553	 1.345	 2.844	 2.861	 | 1.671 quantile
                      	 1.537	 1.301	 2.004	 2.827	 1.527	 1.268	 2.098	 2.082	 2.436	 2.642	 4.501	 4.436	 | 4.501 max

train losses    210:	0.2046	0.1905	0.3022	0.2922	0.2281	0.2281	0.2298	 0.227	0.2885	0.2791	0.2112	0.2041	
val losses      210:	0.2495	0.2083	0.3587	0.3531	0.2885	 0.272	0.4161	0.4032	0.5462	0.5242	 1.154	 1.159	 | 0.4943 mean
                     	0.6346	0.5223	0.9306	0.9464	0.7407	0.6878	 1.043	 1.025	 1.529	 1.349	 2.636	 2.671	 | 1.68 quantile
                      	 1.486	 1.267	 1.977	 2.797	  1.49	  1.24	 2.064	  2.07	 2.414	 2.663	 3.991	 4.107	 | 4.107 max

train losses    212:	0.2109	0.1878	0.3016	0.2921	0.2244	0.2192	0.2257	0.2203	0.2966	0.2844	0.1993	0.2044	
val losses      212:	0.2325	0.2013	0.3582	0.3537	0.2808	0.2671	 0.397	0.3788	0.5522	0.5208	 1.164	 1.168	 | 0.4896 mean
                     	0.6041	0.5065	0.9345	0.9494	0.7285	0.6747	 1.018	0.9821	 1.527	 1.335	 2.779	 2.796	 | 1.651 quantile
                      	  1.48	 1.333	 1.984	 2.792	 1.466	 1.232	 2.037	 2.037	  2.43	 2.663	 4.305	 4.199	 | 4.305 max

train losses    214:	0.2035	0.1819	0.3006	0.2914	0.2197	0.2167	0.2169	0.2066	0.3046	0.2877	 0.176	0.1748	
val losses      214:	0.2302	0.2005	0.3545	0.3496	0.2917	0.2768	0.3708	0.3566	 0.551	0.5247	 1.156	  1.16	 | 0.4852 mean
                     	0.5938	0.5093	0.9267	0.9437	0.7402	0.7014	0.9572	0.9301	 1.521	 1.344	 2.692	 2.714	 | 1.656 quantile
                      	 1.524	 1.353	 1.962	  2.73	 1.548	 1.275	 1.939	 1.935	 2.458	 2.687	 4.213	 4.141	 | 4.213 max

train losses    216:	0.1892	0.1774	0.2991	0.2896	0.2168	0.2113	 0.215	0.2124	0.3039	0.2937	0.1853	0.1826	
val losses      216:	0.2213	0.1982	0.3543	0.3492	0.2888	0.2733	0.3653	0.3542	0.5513	0.5248	 1.158	 1.163	 | 0.4834 mean
                     	0.5667	0.5017	0.9228	0.9395	0.7311	 0.702	0.9421	0.9204	 1.515	  1.35	 2.719	 2.738	 | 1.654 quantile
                      	 1.559	 1.408	 1.964	 2.706	  1.51	 1.265	 1.972	 1.931	 2.432	 2.669	 4.166	 4.123	 | 4.166 max

train losses    218:	0.1797	0.1745	0.2999	0.2913	0.2154	0.2084	0.2118	0.2117	0.3169	0.3004	 0.209	 0.211	
val losses      218:	0.2182	0.1958	0.3552	0.3511	0.2808	0.2608	0.3644	0.3511	0.5556	0.5263	 1.165	  1.17	 | 0.4829 mean
                     	0.5586	0.4956	0.9248	0.9448	 0.729	0.6785	0.9423	0.9078	 1.521	 1.354	 2.777	 2.795	 | 1.652 quantile
                      	 1.612	 1.442	 1.988	 2.692	 1.416	 1.152	  1.95	 1.934	 2.485	 2.704	 4.316	 4.276	 | 4.316 max

train losses    220:	0.1763	0.1717	0.3004	0.2917	0.2128	 0.203	0.2283	0.2313	0.3122	0.2984	0.2223	0.2195	
val losses      220:	0.2167	0.1953	0.3561	0.3516	0.2817	0.2594	0.3833	  0.37	0.5657	0.5369	 1.157	 1.162	 | 0.4863 mean
                     	0.5516	 0.491	0.9261	0.9422	0.7269	0.6739	0.9869	 0.946	 1.555	  1.39	 2.716	  2.75	 | 1.657 quantile
                      	  1.64	 1.462	 1.974	 2.703	 1.362	 1.098	 2.102	 2.059	 2.526	 2.691	 4.213	  4.18	 | 4.213 max

train losses    222:	0.1751	0.1706	0.2999	0.2908	0.2105	0.1987	0.2228	 0.221	0.3133	0.2947	0.2536	0.2573	
val losses      222:	0.2151	0.1963	0.3569	0.3525	0.2824	0.2613	0.3943	0.3757	0.5867	0.5549	 1.175	  1.18	 | 0.4942 mean
                     	0.5465	0.4932	0.9358	0.9474	0.7312	0.6806	   1.0	0.9506	 1.606	 1.459	 2.837	  2.85	 | 1.671 quantile
                      	  1.65	 1.481	 1.978	 2.724	 1.327	 1.105	 2.039	 1.987	 2.583	 2.748	 4.449	 4.409	 | 4.449 max

train losses    224:	0.1744	0.1694	0.2991	0.2898	  0.21	0.1972	0.2283	0.2214	0.3025	0.2856	0.2589	0.2594	
val losses      224:	0.2172	0.1957	0.3561	0.3512	0.2815	0.2618	0.4028	0.3823	0.5918	0.5709	 1.169	 1.174	 | 0.4962 mean
                     	0.5549	0.4913	0.9313	0.9411	0.7323	0.6838	 1.021	0.9669	 1.654	  1.52	 2.725	 2.765	 | 1.7 quantile
                      	 1.621	 1.468	 1.955	 2.727	 1.318	 1.149	 2.101	 2.015	 2.557	 2.724	 4.302	 4.266	 | 4.302 max

train losses    226:	0.1748	0.1684	0.2984	0.2892	0.2086	0.1955	0.2336	0.2226	0.2982	0.2806	 0.261	0.2633	
val losses      226:	 0.218	 0.195	0.3547	0.3498	0.2797	0.2614	0.3876	0.3651	 0.592	0.5729	 1.175	  1.18	 | 0.4942 mean
                     	0.5582	 0.491	0.9265	0.9398	0.7296	 0.682	0.9899	0.9389	 1.681	 1.525	 2.804	 2.854	 | 1.691 quantile
                      	  1.58	 1.491	 1.956	 2.711	 1.308	 1.146	 2.036	 1.941	 2.556	 2.682	  4.45	 4.413	 | 4.45 max

train losses    228:	0.1751	0.1678	 0.298	0.2889	0.2085	 0.196	0.2369	0.2231	0.2922	0.2776	0.2537	0.2561	
val losses      228:	0.2226	0.1949	0.3537	0.3485	0.2788	0.2616	0.3736	0.3519	0.5787	 0.567	 1.192	 1.196	 | 0.4933 mean
                     	0.5696	0.4892	0.9152	0.9396	0.7327	0.6822	0.9643	 0.906	 1.654	 1.505	 2.738	 2.798	 | 1.722 quantile
                      	 1.554	 1.478	 1.998	 2.659	 1.325	 1.156	 2.106	 2.005	 2.534	 2.628	 4.324	  4.29	 | 4.324 max

train losses    230:	 0.177	0.1674	0.2986	0.2894	0.2071	 0.196	0.2593	0.2452	0.2907	0.2776	0.2072	0.2067	
val losses      230:	0.2234	 0.194	0.3546	0.3494	0.2798	0.2644	0.3759	0.3567	0.5839	 0.574	 1.191	 1.196	 | 0.4953 mean
                     	 0.565	0.4885	0.9226	0.9437	 0.729	0.6884	0.9651	0.9155	 1.665	 1.524	 2.724	 2.781	 | 1.732 quantile
                      	  1.55	 1.494	 2.034	 2.615	 1.322	 1.154	 2.178	 2.156	 2.557	  2.63	 4.305	 4.274	 | 4.305 max

train losses    232:	0.1771	0.1672	   0.3	0.2912	 0.209	0.1994	0.2609	0.2462	0.2969	0.2835	0.2117	0.2201	
val losses      232:	 0.223	0.1936	0.3562	0.3511	0.2796	0.2677	0.3772	0.3637	0.5931	0.5907	 1.242	 1.246	 | 0.507 mean
                     	0.5592	0.4892	0.9221	0.9488	0.7346	   0.7	0.9721	0.9349	 1.704	 1.564	 2.821	 2.878	 | 1.777 quantile
                      	 1.584	 1.479	  2.07	  2.59	 1.331	 1.145	 2.227	 2.254	 2.634	 2.625	 4.354	 4.322	 | 4.354 max

train losses    234:	 0.177	 0.167	0.3001	0.2913	0.2087	0.2035	0.2628	0.2532	   0.3	0.2983	0.2556	0.2527	
val losses      234:	0.2195	0.1933	0.3549	0.3492	 0.282	 0.277	0.3698	0.3557	0.6136	0.6183	 1.251	 1.253	 | 0.5115 mean
                     	0.5503	0.4855	0.9216	 0.947	0.7474	0.7074	0.9535	0.9068	 1.752	 1.629	 2.821	 2.808	 | 1.806 quantile
                      	 1.596	  1.46	 2.068	 2.619	 1.376	 1.191	 2.019	 2.185	 2.724	 2.719	 4.155	 4.135	 | 4.155 max

train losses    236:	0.1748	0.1675	0.2986	0.2889	0.2121	0.2047	0.2338	0.2258	0.3139	 0.322	0.3218	0.3227	
val losses      236:	0.2146	 0.193	0.3544	 0.349	 0.286	0.2725	0.3665	0.3507	  0.62	0.6213	 1.248	  1.25	 | 0.5105 mean
                     	0.5424	0.4871	0.9196	0.9414	0.7505	0.7103	0.9364	0.9024	 1.768	 1.649	 2.841	 2.892	 | 1.794 quantile
                      	 1.658	 1.498	  2.04	 2.646	  1.39	 1.154	 2.075	 2.071	  2.75	 2.702	 4.313	 4.265	 | 4.313 max

train losses    238:	0.1729	0.1682	0.2967	0.2862	0.2186	0.2089	0.2235	0.2167	0.3063	0.3176	0.3517	0.3441	
val losses      238:	0.2137	0.1944	0.3535	0.3478	0.2843	0.2716	0.3763	0.3569	0.6043	0.5964	 1.238	  1.24	 | 0.5065 mean
                     	0.5416	0.4907	0.9195	0.9409	0.7514	0.7008	0.9671	0.9153	  1.71	 1.593	 2.798	 2.805	 | 1.777 quantile
                      	 1.703	 1.509	  2.01	 2.676	 1.395	 1.169	 1.931	 1.904	 2.654	 2.595	 4.142	   4.1	 | 4.142 max

train losses    240:	0.1726	0.1687	0.2941	0.2832	0.2244	0.2178	0.2131	0.2077	0.3115	0.3153	0.2777	0.2766	
val losses      240:	0.2182	0.2005	0.3509	0.3452	0.2867	0.2739	0.3545	0.3393	0.5572	0.5397	 1.194	 1.198	 | 0.4882 mean
                     	0.5543	0.5128	0.9115	0.9364	0.7529	0.7106	0.9118	0.8863	 1.604	 1.449	 2.738	 2.783	 | 1.704 quantile
                      	 1.663	 1.562	 2.023	 2.668	 1.352	  1.24	 1.852	  1.96	 2.421	 2.725	 4.386	 4.337	 | 4.386 max

train losses    242:	0.1716	0.1716	0.2923	0.2819	0.2332	0.2271	0.1972	0.1892	0.3287	0.3256	0.2629	0.2614	
val losses      242:	0.2145	0.2007	0.3509	0.3451	0.2872	 0.275	0.3469	0.3355	0.5203	0.5106	 1.201	 1.208	 | 0.4829 mean
                     	 0.544	0.5098	0.9149	0.9324	0.7529	0.7171	 0.892	0.8763	 1.455	 1.287	 2.709	 2.764	 | 1.701 quantile
                      	 1.692	 1.617	 2.048	 2.613	 1.356	 1.163	 1.889	 2.051	   2.3	 2.701	 4.106	 4.059	 | 4.106 max

train losses    244:	0.1705	0.1731	0.2913	0.2812	0.2351	0.2294	 0.185	0.1753	0.3146	0.3072	0.2531	 0.254	
val losses      244:	0.2149	0.1995	0.3507	0.3448	0.2913	0.2779	0.3474	 0.335	0.5436	0.5227	 1.157	 1.164	 | 0.4791 mean
                     	0.5367	0.5028	0.9104	0.9332	0.7516	0.7199	0.8967	 0.879	 1.451	 1.308	 2.686	 2.715	 | 1.645 quantile
                      	 1.658	 1.601	 2.058	 2.616	 1.353	 1.173	 1.848	  2.06	 2.416	 2.617	  4.17	 4.127	 | 4.17 max

train losses    246:	0.1706	0.1731	0.2912	0.2812	0.2339	0.2277	0.1899	0.1766	0.2955	0.2828	0.2192	0.2188	
val losses      246:	0.2121	0.1993	0.3512	0.3453	0.2828	0.2689	0.3526	0.3373	0.5509	0.5245	 1.171	 1.177	 | 0.4811 mean
                     	0.5331	0.5076	0.9096	 0.929	0.7407	 0.703	 0.906	0.8784	 1.477	 1.322	 2.691	 2.723	 | 1.66 quantile
                      	 1.701	 1.568	 2.059	 2.616	 1.382	 1.118	 1.813	 1.964	 2.516	 2.655	  4.22	 4.174	 | 4.22 max

train losses    248:	0.1677	0.1706	0.2906	0.2804	0.2238	0.2163	0.1989	0.1854	0.2745	0.2687	0.2132	0.2072	
val losses      248:	0.2111	0.1957	 0.351	0.3452	 0.277	0.2629	0.3572	0.3419	0.5343	0.5147	 1.148	 1.154	 | 0.4743 mean
                     	0.5339	0.4905	0.9107	0.9384	0.7293	0.6827	0.9181	0.8946	 1.482	 1.312	 2.658	 2.681	 | 1.648 quantile
                      	 1.648	 1.516	 2.025	 2.626	  1.34	  1.11	 1.853	 1.945	 2.323	 2.614	 4.143	 3.994	 | 4.143 max

train losses    250:	0.1676	0.1678	0.2897	0.2793	0.2188	0.2115	0.1837	 0.173	0.2612	0.2524	0.1722	0.1759	
val losses      250:	0.2113	 0.194	0.3507	0.3453	0.2754	0.2579	0.3547	0.3405	0.5428	0.5225	 1.169	 1.174	 | 0.4782 mean
                     	0.5343	0.4912	0.9092	0.9344	0.7228	0.6715	0.9093	0.8858	  1.56	  1.37	 2.772	 2.782	 | 1.657 quantile
                      	 1.634	 1.524	 2.003	  2.62	 1.328	 1.076	  1.77	 1.951	 2.404	 2.651	 4.375	 4.242	 | 4.375 max

train losses    252:	0.1665	0.1646	0.2887	0.2781	 0.208	0.1982	0.1864	0.1806	0.2476	0.2434	0.1887	0.1818	
val losses      252:	0.2115	0.1916	0.3512	0.3452	0.2734	 0.256	 0.359	0.3451	0.5518	0.5345	 1.148	 1.154	 | 0.4768 mean
                     	0.5337	0.4846	0.9086	0.9345	0.7138	0.6601	0.9204	 0.894	 1.581	 1.415	 2.676	 2.709	 | 1.664 quantile
                      	 1.588	 1.497	 2.009	 2.591	 1.391	 1.102	 1.873	 1.994	 2.453	  2.63	 4.157	 4.104	 | 4.157 max

train losses    254:	0.1655	0.1622	0.2878	0.2771	0.2003	0.1935	0.1744	0.1713	0.2477	0.2451	0.2219	0.2256	
val losses      254:	0.2118	0.1915	0.3512	0.3456	 0.272	0.2565	0.3546	0.3418	 0.561	0.5443	 1.175	 1.181	 | 0.4822 mean
                     	0.5317	0.4821	0.9091	0.9361	0.7118	0.6604	0.9153	0.8838	 1.613	 1.446	 2.804	 2.814	 | 1.664 quantile
                      	 1.568	 1.462	  2.02	 2.576	 1.387	 1.115	  1.83	 2.014	  2.51	 2.616	 4.396	 4.161	 | 4.396 max

train losses    256:	0.1651	0.1604	0.2871	0.2763	0.1959	0.1879	0.1789	0.1759	0.2455	0.2438	0.2454	0.2426	
val losses      256:	0.2135	0.1912	0.3514	0.3454	 0.272	0.2558	0.3577	0.3454	0.5577	0.5444	 1.145	 1.151	 | 0.4775 mean
                     	0.5428	0.4836	0.9117	0.9333	0.7141	0.6549	0.9284	0.8962	 1.614	 1.445	 2.667	 2.708	 | 1.659 quantile
                      	 1.558	 1.463	 2.046	 2.543	 1.412	 1.163	 1.926	 2.078	 2.492	 2.584	 4.217	 3.959	 | 4.217 max

train losses    258:	0.1654	0.1597	0.2868	0.2758	0.1951	0.1884	 0.184	0.1838	0.2507	  0.25	0.2859	0.2868	
val losses      258:	0.2093	0.1906	0.3515	0.3459	0.2707	 0.255	0.3572	0.3453	0.5659	0.5501	 1.172	 1.178	 | 0.4826 mean
                     	0.5295	0.4796	0.9102	0.9383	0.7074	0.6559	0.9293	0.8959	  1.61	 1.459	 2.791	 2.807	 | 1.659 quantile
                      	 1.563	 1.458	  2.03	 2.543	 1.387	 1.152	 1.917	 2.127	 2.547	 2.568	  4.37	 4.119	 | 4.37 max

train losses    260:	0.1646	0.1589	0.2864	0.2755	0.1942	0.1884	 0.179	 0.178	0.2551	0.2544	0.2906	0.2913	
val losses      260:	0.2149	0.1909	0.3527	0.3469	0.2708	0.2553	0.3613	0.3503	0.5636	0.5545	 1.145	 1.151	 | 0.4798 mean
                     	0.5449	0.4818	0.9123	0.9401	0.7147	0.6552	0.9272	0.9127	 1.625	 1.466	 2.653	 2.691	 | 1.671 quantile
                      	 1.547	 1.452	 2.075	 2.508	 1.416	 1.149	 2.015	 2.222	 2.543	 2.571	 4.214	 3.962	 | 4.214 max

train losses    262:	0.1662	0.1584	0.2861	0.2748	0.1969	0.1906	0.1908	0.1918	0.2558	0.2572	0.2532	0.2524	
val losses      262:	0.2108	0.1908	0.3522	0.3466	0.2716	0.2553	0.3609	0.3495	0.5658	0.5543	 1.145	 1.151	 | 0.4795 mean
                     	0.5343	  0.48	0.9113	0.9368	0.7093	0.6548	0.9308	0.9067	 1.622	 1.469	  2.66	 2.703	 | 1.666 quantile
                      	 1.566	 1.455	 2.052	 2.518	 1.429	 1.177	 1.995	 2.204	 2.571	 2.579	 4.167	 3.976	 | 4.167 max

train losses    264:	0.1643	0.1582	0.2855	0.2744	0.1949	  0.19	0.1744	0.1734	0.2508	0.2528	0.2563	0.2592	
val losses      264:	0.2142	0.1915	0.3524	0.3466	0.2711	0.2557	0.3589	0.3488	0.5611	0.5515	 1.169	 1.176	 | 0.483 mean
                     	0.5393	0.4806	0.9119	0.9382	0.7084	0.6534	0.9169	0.9153	 1.615	 1.463	 2.707	 2.726	 | 1.685 quantile
                      	 1.575	 1.426	 2.072	 2.515	 1.426	 1.155	 2.002	 2.213	  2.54	 2.593	 4.211	 4.105	 | 4.211 max

train losses    266:	0.1668	0.1579	0.2844	0.2727	0.1961	0.1885	0.1777	0.1779	0.2433	0.2459	0.2132	 0.208	
val losses      266:	 0.215	0.1919	 0.351	0.3451	0.2722	0.2552	0.3534	 0.342	 0.551	0.5394	 1.172	 1.178	 | 0.4805 mean
                     	0.5462	0.4825	0.9098	0.9377	0.7093	0.6532	0.9103	0.8863	 1.592	 1.424	 2.653	 2.714	 | 1.706 quantile
                      	 1.563	 1.431	 2.064	 2.529	 1.451	  1.17	 1.963	  2.16	 2.466	 2.568	 3.959	 4.098	 | 4.098 max

train losses    268:	0.1643	0.1574	0.2837	0.2721	0.1937	0.1856	0.1642	0.1631	0.2376	0.2386	0.2483	 0.254	
val losses      268:	0.2106	0.1916	0.3502	0.3447	0.2709	 0.255	  0.35	0.3397	0.5448	0.5302	 1.199	 1.204	 | 0.4825 mean
                     	 0.532	0.4825	0.9061	0.9352	0.7039	0.6574	0.9019	0.8792	 1.561	 1.401	 2.794	 2.846	 | 1.69 quantile
                      	  1.61	 1.447	 2.037	 2.564	 1.429	  1.13	 1.887	 2.094	 2.434	  2.58	 4.337	 4.279	 | 4.337 max

train losses    270:	0.1659	0.1574	 0.283	0.2712	0.1937	0.1867	 0.165	0.1631	0.2316	0.2339	0.2839	0.2793	
val losses      270:	0.2192	 0.192	0.3504	0.3445	0.2722	0.2564	0.3526	0.3396	0.5382	0.5276	 1.246	 1.251	 | 0.4908 mean
                     	0.5519	0.4813	0.9065	0.9372	0.7052	0.6586	0.8993	0.8765	 1.532	 1.383	 2.802	 2.824	 | 1.767 quantile
                      	 1.572	 1.417	 2.055	 2.542	 1.464	 1.167	  1.88	  2.08	 2.386	 2.601	 3.945	 4.185	 | 4.185 max

train losses    272:	0.1641	 0.156	0.2821	0.2702	0.1929	0.1826	0.1609	0.1604	0.2319	0.2305	0.3038	0.3039	
val losses      272:	0.2131	0.1914	0.3495	0.3445	0.2713	0.2545	0.3521	0.3396	0.5368	0.5204	 1.217	  1.22	 | 0.4842 mean
                     	0.5446	0.4816	 0.908	0.9318	0.7052	0.6522	0.8996	0.8813	 1.524	  1.36	 2.842	 2.892	 | 1.699 quantile
                      	 1.582	 1.479	 2.033	 2.582	 1.461	 1.148	 1.838	 2.041	 2.347	 2.618	 4.442	 4.388	 | 4.442 max

train losses    274:	0.1654	0.1561	0.2813	0.2695	0.1928	 0.183	 0.157	0.1547	0.2337	0.2316	0.3399	0.3353	
val losses      274:	0.2144	0.1908	0.3504	0.3447	0.2714	0.2564	0.3577	0.3434	0.5342	0.5211	 1.278	 1.282	 | 0.4954 mean
                     	0.5439	0.4791	0.9068	0.9369	0.7084	 0.658	0.9031	0.8829	 1.512	 1.355	 2.889	  2.88	 | 1.776 quantile
                      	 1.604	 1.454	 2.034	 2.564	 1.426	 1.162	 1.793	 1.991	 2.375	 2.632	 4.225	 4.214	 | 4.225 max

train losses    276:	0.1646	0.1553	0.2806	0.2685	0.1913	0.1821	 0.162	0.1609	0.2315	0.2285	0.3171	0.3162	
val losses      276:	0.2157	0.1919	0.3497	0.3446	0.2709	0.2553	0.3578	0.3437	0.5334	0.5168	 1.228	 1.231	 | 0.4866 mean
                     	0.5498	0.4831	0.9066	0.9334	0.7076	0.6558	0.9116	0.8884	 1.505	 1.336	  2.87	 2.928	 | 1.704 quantile
                      	 1.554	 1.463	 2.033	 2.579	 1.451	 1.138	 1.798	 2.001	 2.347	 2.671	 4.556	 4.511	 | 4.556 max

train losses    278:	0.1667	 0.155	0.2799	0.2678	0.1927	0.1809	0.1622	0.1615	0.2414	0.2348	0.2814	0.2798	
val losses      278:	0.2143	0.1909	0.3494	0.3442	  0.27	0.2546	0.3617	0.3469	0.5316	0.5164	 1.295	 1.297	 | 0.4976 mean
                     	0.5477	0.4785	0.9065	0.9339	0.7072	0.6561	0.9207	0.8879	  1.49	 1.329	 2.961	 2.982	 | 1.774 quantile
                      	 1.585	 1.478	 2.025	 2.585	 1.397	 1.137	 1.797	 1.905	 2.346	 2.653	 4.592	 4.542	 | 4.592 max

train losses    280:	0.1689	0.1545	0.2794	0.2672	0.1905	0.1824	0.1722	0.1673	0.2348	0.2323	0.2615	0.2614	
val losses      280:	0.2202	0.1919	0.3489	0.3439	0.2697	0.2551	 0.368	0.3502	0.5301	0.5139	 1.256	 1.258	 | 0.4921 mean
                     	0.5585	0.4833	 0.905	0.9306	0.7093	0.6564	0.9341	0.8926	 1.471	 1.313	  2.92	 2.966	 | 1.735 quantile
                      	 1.507	 1.479	 2.028	 2.579	 1.407	 1.109	 1.824	 1.894	 2.395	 2.708	 4.632	 4.592	 | 4.632 max

train losses    282:	0.1705	0.1545	0.2791	0.2669	 0.192	0.1836	0.1679	0.1672	0.2501	0.2414	0.2559	0.2585	
val losses      282:	0.2185	0.1925	0.3486	0.3441	0.2694	0.2556	0.3675	0.3495	0.5303	 0.514	 1.305	 1.306	 | 0.5001 mean
                     	0.5592	0.4877	0.9045	0.9285	0.7088	0.6607	0.9397	0.8848	 1.459	 1.297	  3.01	 3.038	 | 1.776 quantile
                      	 1.554	 1.493	 2.039	 2.586	 1.385	 1.093	 1.842	 1.851	 2.379	 2.707	 4.706	 4.661	 | 4.706 max

train losses    284:	0.1793	0.1549	0.2788	 0.267	 0.191	0.1857	0.1706	0.1635	0.2589	0.2518	0.2783	0.2763	
val losses      284:	0.2346	0.1926	0.3487	0.3443	0.2695	0.2567	 0.367	0.3467	0.5306	0.5158	 1.307	 1.306	 | 0.5016 mean
                     	0.5922	0.4858	0.9028	0.9326	0.7072	0.6614	0.9317	0.8915	 1.444	  1.29	 2.995	 3.016	 | 1.784 quantile
                      	 1.466	  1.52	 2.074	 2.548	 1.399	  1.07	 1.813	 1.906	 2.426	 2.725	 4.578	 4.541	 | 4.578 max

train losses    286:	0.1857	0.1555	0.2783	0.2663	 0.194	0.1898	 0.176	 0.165	0.2759	0.2608	0.3119	0.3158	
val losses      286:	0.2304	0.1948	0.3492	0.3446	0.2701	0.2593	0.3584	0.3419	0.5313	 0.517	 1.325	 1.323	 | 0.5037 mean
                     	0.5861	0.4933	0.9014	0.9312	0.7088	0.6687	0.9179	0.8831	 1.431	 1.289	 3.061	 3.067	 | 1.787 quantile
                      	 1.502	 1.534	 2.092	  2.53	 1.393	 1.062	 1.759	  2.01	 2.442	 2.739	 4.739	   4.7	 | 4.739 max

train losses    288:	0.2008	0.1561	0.2794	0.2678	0.1938	0.1903	0.1966	0.1785	0.2925	0.2741	0.3144	0.3141	
val losses      288:	0.2549	0.1923	0.3565	0.3512	0.2691	0.2617	0.3604	0.3609	0.5316	0.5158	 1.327	 1.327	 | 0.5091 mean
                     	0.6356	0.4869	0.9266	0.9453	0.7028	0.6693	0.9203	0.9489	 1.445	 1.295	 3.028	 3.034	 | 1.804 quantile
                      	 1.402	 1.532	 2.181	 2.552	  1.38	 1.076	  2.02	 2.321	 2.404	 2.686	 4.575	 4.535	 | 4.575 max

train losses    290:	0.2066	0.1547	0.2836	0.2724	0.1956	0.1908	0.2601	0.2377	0.2909	0.2645	0.3152	0.3219	
val losses      290:	0.2343	0.1934	0.3626	0.3566	  0.27	0.2685	0.4017	 0.413	0.5313	 0.515	   1.3	 1.304	 | 0.5125 mean
                     	 0.593	0.4863	0.9474	0.9628	0.7147	0.6859	 1.021	 1.091	 1.458	 1.304	 3.022	 3.051	 | 1.774 quantile
                      	 1.451	 1.528	 2.222	 2.605	 1.315	 1.139	 2.243	 2.564	 2.402	 2.656	 4.764	 4.723	 | 4.764 max

train losses    292:	0.2076	0.1542	0.2892	 0.278	0.1969	0.1909	0.3011	0.2846	0.2791	0.2549	 0.276	0.2797	
val losses      292:	0.2298	0.1906	0.3622	 0.358	0.2713	0.2706	0.4234	0.4254	0.5454	0.5337	 1.278	 1.284	 | 0.5143 mean
                     	0.5762	0.4789	0.9407	0.9545	0.7202	0.6861	 1.049	 1.089	 1.546	 1.405	 2.946	 2.991	 | 1.776 quantile
                      	 1.472	 1.456	 2.199	 2.592	 1.343	 1.129	 2.383	 2.512	  2.49	  2.51	 4.643	 4.586	 | 4.643 max

train losses    294:	 0.188	0.1548	 0.285	0.2721	0.1986	0.1901	0.2553	0.2399	 0.264	0.2494	0.2265	0.2306	
val losses      294:	0.2085	0.1927	0.3543	0.3499	0.2725	0.2575	0.3765	0.3647	0.5682	0.5526	 1.195	   1.2	 | 0.4911 mean
                     	0.5293	0.4862	0.9213	0.9334	0.7203	0.6555	0.9526	0.9235	 1.623	 1.477	 2.819	 2.863	 | 1.697 quantile
                      	   1.6	 1.406	 1.976	 2.656	 1.345	 1.098	 1.998	 2.004	 2.611	 2.576	 4.525	 4.471	 | 4.525 max

train losses    296:	0.1658	0.1567	0.2836	0.2693	0.1974	0.1838	0.2151	0.2151	0.2732	0.2677	0.1703	 0.168	
val losses      296:	0.2145	0.1954	0.3552	0.3493	0.2715	0.2551	0.4022	0.4056	0.5951	0.5849	 1.173	 1.178	 | 0.4983 mean
                     	0.5406	0.4928	0.9341	0.9415	0.7195	0.6546	 1.015	  1.03	 1.706	 1.563	 2.656	 2.708	 | 1.718 quantile
                      	 1.608	 1.429	 1.978	 2.697	  1.29	 1.086	 2.141	 2.191	 2.704	 2.609	 4.132	 4.003	 | 4.132 max

train losses    298:	0.1595	0.1558	0.2819	 0.268	0.1926	0.1805	0.1982	0.2015	0.2746	0.2738	0.1795	0.1761	
val losses      298:	0.2159	 0.192	0.3485	0.3439	0.2704	 0.254	0.3472	0.3396	0.5795	0.5762	 1.195	   1.2	 | 0.4885 mean
                     	0.5362	 0.483	0.8988	 0.925	0.7059	 0.644	0.8934	0.8766	 1.657	 1.531	 2.706	 2.756	 | 1.725 quantile
                      	 1.651	 1.475	 2.034	 2.544	 1.345	 1.127	  1.96	 2.091	 2.579	 2.568	 4.242	 4.201	 | 4.242 max

