train losses      0:	 0.558	 0.601	0.3396	 0.335	0.7169	 0.758	0.4598	0.4676	 1.587	 1.601	 1.496	 1.492	
val losses        0:	0.4302	0.7394	0.4064	0.7222	0.7147	 1.087	0.9573	0.3811	 1.434	 1.435	 1.063	 1.046	 | 0.868 mean
                     	 1.339	 1.534	0.9109	 1.319	 2.001	 2.283	 1.741	0.9784	 4.486	 4.311	 3.205	 3.318	 | 2.478 quantile
                      	 5.445	 5.933	 2.092	  2.77	 4.539	 6.099	 3.083	 2.788	 9.186	 9.413	 5.532	 5.955	 | 9.413 max

train losses      2:	0.5493	0.5754	0.3368	0.3279	0.7106	0.7531	0.4599	0.4682	 1.566	 1.574	  1.49	 1.483	
val losses        2:	0.6036	0.5144	0.4278	0.4568	 0.732	   1.6	0.5754	0.4369	 1.407	   1.4	 1.048	 1.148	 | 0.8624 mean
                     	 1.427	 1.255	0.9567	 1.029	 1.865	 2.822	 1.291	 1.116	 4.347	 4.244	 3.203	 3.582	 | 2.504 quantile
                      	 5.489	 4.829	 2.159	 2.502	  5.48	 6.454	 2.731	 2.443	  8.75	 8.798	 5.504	 6.263	 | 8.798 max

train losses      4:	0.5295	0.5514	0.3496	0.3319	0.6888	0.7608	0.4596	0.4708	 1.482	 1.483	 1.468	 1.461	
val losses        4:	 0.502	0.4961	0.5459	0.2941	0.6453	 1.311	0.3809	0.4898	 1.244	 1.222	 1.056	 1.194	 | 0.7818 mean
                     	 1.255	 1.221	 1.141	0.7813	 1.689	 2.466	0.9786	 1.191	 3.916	 3.725	 3.122	 3.523	 | 2.336 quantile
                      	  4.89	 4.552	 2.307	 2.156	 4.917	 5.777	 3.311	 2.827	 7.227	 7.317	 5.409	 6.246	 | 7.317 max

train losses      6:	0.5074	0.5454	0.3874	0.3445	0.6531	0.7709	0.4612	0.4841	  1.29	 1.305	 1.413	 1.408	
val losses        6:	0.4281	 0.457	0.5469	0.3312	0.5851	0.7605	0.3837	0.4412	0.9529	0.9424	0.9917	 1.131	 | 0.6627 mean
                     	 1.124	 1.223	 1.256	0.8403	 1.526	  1.85	0.9658	  1.11	 3.045	 2.837	  2.99	   3.2	 | 1.987 quantile
                      	 4.862	 4.307	 2.686	 2.029	 4.369	 5.397	 3.485	 2.649	 4.948	 5.056	 4.597	 6.086	 | 6.086 max

train losses      8:	0.4904	0.5205	 0.425	0.3513	0.6494	0.7562	0.4629	0.4768	 1.043	 1.076	 1.325	 1.314	
val losses        8:	0.3721	 0.376	 0.593	0.3279	0.5341	0.5756	0.3667	0.3833	 1.141	 1.096	 1.076	 1.022	 | 0.6554 mean
                     	 1.053	 1.021	 1.372	0.8474	 1.476	 1.639	0.9389	0.9681	 2.508	 2.525	 2.819	 2.925	 | 1.973 quantile
                      	 4.445	  3.92	 2.819	 2.224	 3.785	 5.107	 3.662	 2.637	 4.633	 4.656	  5.09	 5.886	 | 5.886 max

train losses     10:	0.4774	0.4829	0.4071	0.3507	0.6315	0.7132	0.4626	0.4731	0.9463	0.9492	 1.218	 1.208	
val losses       10:	0.3591	0.3255	0.3407	0.3032	0.5023	 0.532	0.3647	0.3709	 1.028	0.8948	 0.977	 1.022	 | 0.585 mean
                     	 1.023	0.8921	0.9106	0.8146	 1.408	 1.496	0.9291	0.9451	 2.293	 2.056	 2.762	 2.836	 | 1.812 quantile
                      	 4.307	 3.979	 3.434	 2.065	 3.919	  4.78	 3.301	 2.969	 3.836	 3.762	 4.557	 4.877	 | 4.877 max

train losses     12:	0.4658	0.4594	0.3848	0.3483	0.6165	 0.675	0.4654	0.4726	0.9358	0.9283	 1.161	 1.153	
val losses       12:	0.3603	0.3198	0.3175	0.3049	0.4983	0.5021	0.3668	0.3666	0.7528	0.7306	0.9755	 1.003	 | 0.5415 mean
                     	 1.014	0.8896	0.8247	0.8064	 1.352	 1.389	0.9591	0.9316	 1.923	 1.806	 2.869	 2.789	 | 1.661 quantile
                      	 4.089	 3.807	 3.107	 2.059	 3.816	 4.368	 3.395	 2.812	 3.092	 3.634	 4.524	 4.671	 | 4.671 max

train losses     14:	0.4565	0.4515	0.3774	0.3437	0.5616	0.6252	0.4646	 0.469	0.7798	0.7907	 1.116	 1.104	
val losses       14:	0.3484	0.3062	0.3099	   0.3	0.4393	0.4668	0.3688	0.3616	0.6428	0.6367	0.9788	 1.002	 | 0.5135 mean
                     	0.9902	0.8337	0.7976	0.7925	 1.223	 1.278	0.9696	 0.919	 1.847	 1.722	 2.859	 2.824	 | 1.623 quantile
                      	 3.846	 3.654	  2.85	 2.094	 3.454	 4.025	 3.439	 2.597	 2.979	 3.772	 4.384	 4.547	 | 4.547 max

train losses     16:	0.4505	0.4361	0.3832	 0.342	 0.511	0.5639	0.4639	0.4688	0.6899	0.6993	 1.079	 1.073	
val losses       16:	0.3444	0.2973	0.3123	0.2951	0.3976	0.4256	0.3681	 0.362	 0.611	0.5866	0.9978	 1.004	 | 0.5001 mean
                     	0.9731	0.8294	0.7999	 0.785	 1.097	 1.162	 0.949	0.9122	 1.769	 1.598	 2.847	 2.841	 | 1.582 quantile
                      	 3.706	 3.268	  2.74	 2.129	 3.233	  3.57	 3.371	 2.667	 2.805	  3.36	  3.96	 4.265	 | 4.265 max

train losses     18:	0.4469	0.4221	0.3828	0.3435	0.4795	0.5261	0.4605	0.4711	0.7451	0.7415	 1.062	 1.054	
val losses       18:	0.3419	0.2874	0.3223	0.2927	 0.376	0.4055	0.3649	0.3643	0.6601	0.6243	 1.007	 1.007	 | 0.5044 mean
                     	0.9522	0.8151	0.8186	0.7798	 1.006	 1.083	0.9411	0.9108	 1.789	 1.689	 2.844	 2.823	 | 1.581 quantile
                      	 3.515	  3.01	 2.751	  2.11	 2.966	 3.328	 3.291	  2.83	  2.75	 3.065	 4.041	 4.361	 | 4.361 max

train losses     20:	0.4422	0.4092	0.3821	0.3417	0.4641	0.5052	0.4578	0.4716	 0.738	0.7498	  1.05	 1.045	
val losses       20:	0.3412	0.2745	0.3082	0.2949	0.3593	0.3748	0.3632	0.3583	0.7285	0.6887	   1.0	 1.004	 | 0.508 mean
                     	0.9334	0.7637	0.7811	 0.775	0.9379	0.9746	0.9391	0.9131	 1.874	 1.684	 2.818	 2.813	 | 1.587 quantile
                      	  3.43	 2.804	 2.458	 2.079	 2.679	 2.956	 3.258	 2.839	 2.747	   3.0	 3.996	 4.052	 | 4.052 max

train losses     22:	0.4394	0.3893	0.3706	0.3445	0.4595	0.4767	0.4548	0.4622	0.7377	0.7296	 1.033	 1.021	
val losses       22:	0.3322	0.2739	0.3045	0.2897	0.3376	 0.364	0.3593	0.3623	0.6161	0.5828	0.9837	0.9869	 | 0.4828 mean
                     	0.9333	0.7505	0.7669	0.7754	0.8862	0.9568	0.9132	0.9341	 1.749	 1.552	 2.707	 2.781	 | 1.563 quantile
                      	 3.366	 2.633	 2.345	 2.138	 2.773	  2.67	 3.184	 2.895	 2.557	 2.784	   4.1	  4.19	 | 4.19 max

train losses     24:	 0.427	0.3755	0.3642	0.3399	0.4307	0.4584	0.4523	0.4586	 0.625	0.6204	0.9715	0.9606	
val losses       24:	 0.335	0.2634	0.3003	 0.292	0.3752	0.3662	0.3574	0.3585	0.6165	0.6012	 1.018	 1.023	 | 0.4922 mean
                     	0.9322	0.7231	0.7676	0.7732	 0.984	0.9627	0.9015	 0.923	 1.774	 1.558	 2.697	 2.787	 | 1.614 quantile
                      	 3.279	 2.608	 2.283	 2.181	 2.968	  2.49	 3.109	 3.032	 2.848	 3.243	 4.321	 4.324	 | 4.324 max

train losses     26:	0.4188	0.3616	0.3609	0.3419	0.4507	 0.465	 0.451	0.4565	0.5704	0.5697	0.9497	0.9459	
val losses       26:	0.3048	0.2479	0.2989	0.2918	0.3258	0.3419	0.3568	0.3576	0.5978	0.5708	 1.007	 1.003	 | 0.4754 mean
                     	0.8322	0.6784	0.7673	0.7694	0.8498	0.8867	0.9012	0.9145	 1.728	 1.459	 2.698	 2.786	 | 1.562 quantile
                      	 3.264	 2.523	 2.362	 2.167	 2.544	 2.436	 3.114	 3.024	 2.796	 3.044	 4.213	 4.135	 | 4.213 max

train losses     28:	0.3883	0.3476	0.3555	0.3407	0.4119	0.4324	0.4502	0.4558	0.5825	0.5773	0.9212	0.9144	
val losses       28:	0.3056	0.2395	0.3003	0.2926	0.3342	0.3543	 0.357	0.3572	0.5919	0.5605	0.9996	0.9966	 | 0.4741 mean
                     	0.8086	0.6565	0.7685	0.7712	0.8601	0.9097	0.8999	0.9051	 1.677	 1.436	 2.716	 2.755	 | 1.518 quantile
                      	 3.287	 2.489	 2.406	 2.159	 2.329	 2.351	 3.155	 3.171	 2.664	 2.924	 4.195	 4.155	 | 4.195 max

train losses     30:	0.3834	0.3393	0.3545	0.3407	0.4052	 0.429	0.4499	0.4554	0.5684	 0.556	0.9111	0.9023	
val losses       30:	0.2833	0.2318	0.2962	0.2908	0.3179	0.3314	0.3569	0.3567	0.5941	0.5653	 1.004	0.9982	 | 0.4689 mean
                     	0.7814	0.6435	0.7594	0.7688	0.8318	0.8593	0.8959	0.9107	 1.649	 1.406	 2.682	 2.716	 | 1.519 quantile
                      	 3.178	 2.508	 2.352	 2.201	 2.435	 2.144	 3.139	 3.185	 2.729	 2.995	 4.286	 4.165	 | 4.286 max

train losses     32:	0.3618	0.3277	0.3509	0.3384	0.3934	  0.41	0.4489	0.4532	0.5452	 0.536	0.9034	0.8949	
val losses       32:	0.2742	0.2264	0.2949	0.2897	0.3165	0.3287	0.3564	0.3582	0.5861	 0.553	 1.007	 1.002	 | 0.4661 mean
                     	0.7586	0.6083	0.7574	0.7626	0.8315	0.8677	0.8882	0.9128	 1.627	 1.404	 2.641	 2.689	 | 1.515 quantile
                      	 3.053	 2.581	 2.308	 2.204	 2.407	 1.991	 3.111	 3.146	 2.672	 2.946	 4.391	  4.29	 | 4.391 max

train losses     34:	0.3475	0.3138	 0.349	 0.337	0.3867	0.3992	0.4484	0.4528	0.5403	 0.531	0.8881	 0.879	
val losses       34:	0.2667	0.2236	0.2938	0.2884	0.3127	0.3236	0.3556	0.3561	0.5848	0.5448	0.9982	  0.99	 | 0.4615 mean
                     	0.7342	0.5929	 0.754	0.7588	0.8126	0.8542	0.8867	0.9103	  1.62	 1.432	 2.618	 2.659	 | 1.506 quantile
                      	  2.95	 2.615	   2.3	 2.178	 2.327	 1.937	 3.082	 3.183	 2.525	 2.776	 4.375	 4.255	 | 4.375 max

train losses     36:	0.3374	0.3058	0.3475	0.3355	0.3826	0.3928	0.4482	0.4515	0.5363	0.5283	0.8811	0.8705	
val losses       36:	0.2581	0.2192	0.2936	0.2878	0.3087	0.3199	0.3546	0.3549	 0.585	0.5425	 0.988	0.9769	 | 0.4574 mean
                     	0.7097	0.5756	0.7577	0.7554	0.8018	0.8439	0.8841	0.9059	  1.62	 1.449	 2.589	 2.621	 | 1.498 quantile
                      	 2.881	 2.601	 2.309	 2.162	 2.227	 1.898	 3.091	 3.189	 2.524	 2.682	 4.311	  4.15	 | 4.311 max

train losses     38:	0.3264	0.2987	 0.347	0.3351	0.3779	0.3869	0.4467	  0.45	0.5341	0.5253	0.8536	0.8474	
val losses       38:	0.2502	0.2123	0.2942	0.2883	0.3064	0.3204	0.3532	0.3542	  0.59	0.5412	 1.004	0.9945	 | 0.4591 mean
                     	0.6892	0.5593	0.7617	0.7572	0.7974	0.8324	0.8856	0.9036	 1.633	 1.495	 2.584	 2.653	 | 1.522 quantile
                      	 2.802	 2.535	 2.326	 2.153	 2.123	 1.915	 3.041	 3.129	 2.495	 2.564	 4.378	 4.203	 | 4.378 max

train losses     40:	0.3162	0.2921	0.3457	0.3346	 0.372	0.3819	0.4469	0.4505	0.5327	 0.523	  0.89	0.8817	
val losses       40:	0.2446	0.2075	0.2917	0.2866	0.3049	0.3173	0.3534	0.3536	0.5825	0.5429	0.9475	0.9368	 | 0.4475 mean
                     	0.6673	0.5439	0.7511	 0.757	0.7916	0.8371	0.8882	0.9008	 1.596	 1.427	 2.577	 2.542	 | 1.453 quantile
                      	 2.762	 2.499	 2.273	 2.158	 2.177	 1.744	 3.051	 3.173	 2.613	 2.739	 4.013	 4.075	 | 4.075 max

train losses     42:	0.3086	  0.28	0.3447	 0.336	0.3684	 0.377	0.4454	0.4485	0.5189	0.5116	0.8901	0.8849	
val losses       42:	0.2388	0.1999	0.2924	0.2866	0.3006	0.3188	0.3529	0.3531	0.5788	 0.539	 1.001	0.9944	 | 0.4547 mean
                     	0.6502	0.5236	0.7554	0.7552	0.7777	0.8372	 0.876	0.8981	 1.617	 1.441	 2.528	 2.588	 | 1.519 quantile
                      	 2.702	 2.321	 2.311	 2.148	 1.997	 1.795	 3.056	 3.164	 2.566	 2.773	  4.41	  4.21	 | 4.41 max

train losses     44:	0.3016	0.2746	0.3441	0.3339	0.3697	0.3831	0.4467	0.4476	0.5296	0.5266	0.9805	0.9903	
val losses       44:	0.2355	0.1987	0.2916	0.2862	0.3002	0.3223	0.3515	0.3519	0.5861	0.5427	 1.067	 1.076	 | 0.4675 mean
                     	0.6362	0.5164	0.7575	0.7569	0.7748	0.8447	0.8812	0.8956	 1.626	 1.482	 2.692	 2.802	 | 1.564 quantile
                      	 2.587	 2.233	 2.247	 2.143	 1.951	 1.902	 2.947	 3.103	 2.475	 2.484	 4.617	 4.527	 | 4.617 max

train losses     46:	0.2968	 0.271	0.3421	 0.333	 0.364	 0.375	 0.445	0.4466	0.5187	0.5146	0.9495	0.9586	
val losses       46:	0.2307	0.1944	  0.29	0.2859	0.2975	0.3221	0.3531	0.3527	0.5784	0.5387	 1.066	 1.069	 | 0.4649 mean
                     	0.6223	0.5113	0.7509	0.7583	0.7739	 0.842	0.8677	0.8935	 1.607	 1.449	 2.628	 2.742	 | 1.568 quantile
                      	 2.621	 2.115	 2.225	 2.131	 1.867	 1.863	 3.085	 3.143	 2.453	 2.594	  4.86	 4.755	 | 4.86 max

train losses     48:	0.2914	0.2652	0.3414	0.3328	0.3613	0.3715	 0.444	0.4451	0.5194	0.5186	0.9384	0.9469	
val losses       48:	 0.227	0.1925	0.2902	0.2865	0.2927	0.3134	0.3519	0.3515	0.5888	0.5392	 1.117	 1.119	 | 0.4725 mean
                     	0.6187	 0.493	0.7523	0.7598	0.7625	0.8247	0.8692	0.8906	  1.63	 1.466	 2.814	 2.863	 | 1.601 quantile
                      	 2.501	 2.147	 2.224	 2.141	 1.878	 1.871	 3.021	 3.069	 2.425	 2.549	 4.963	 4.855	 | 4.963 max

train losses     50:	0.2864	0.2613	0.3415	0.3326	0.3573	0.3671	0.4428	0.4439	0.5234	0.5263	 0.945	 0.953	
val losses       50:	0.2208	 0.187	0.2883	0.2865	0.2904	 0.311	0.3482	 0.349	0.5795	0.5366	0.9499	0.9417	 | 0.4407 mean
                     	 0.594	 0.479	0.7478	 0.756	0.7585	0.8115	0.8735	0.8901	 1.602	 1.476	 2.497	 2.515	 | 1.465 quantile
                      	 2.511	 2.068	 2.198	 2.147	 1.833	 1.838	 3.055	 3.067	 2.543	 2.496	 4.232	 4.101	 | 4.232 max

train losses     52:	0.2796	0.2567	0.3397	0.3322	0.3525	0.3618	0.4399	0.4423	0.5124	0.5106	0.8364	 0.841	
val losses       52:	0.2179	0.1835	0.2872	0.2858	0.2899	0.3082	0.3485	0.3484	0.5758	0.5431	0.9407	0.9285	 | 0.4381 mean
                     	0.5891	0.4706	0.7437	0.7589	0.7526	0.7991	0.8733	0.8884	  1.57	 1.401	 2.546	 2.555	 | 1.442 quantile
                      	 2.539	 1.967	 2.154	 2.176	 1.783	 1.759	 3.043	 3.013	 2.583	 2.705	 3.953	 3.927	 | 3.953 max

train losses     54:	0.2764	0.2525	0.3394	0.3316	0.3502	0.3575	0.4391	0.4408	0.5043	0.5036	0.7595	0.7559	
val losses       54:	 0.215	0.1821	0.2864	0.2857	0.2917	 0.308	0.3489	0.3483	0.5847	0.5533	0.9643	0.9485	 | 0.4431 mean
                     	0.5809	0.4673	0.7435	0.7573	0.7488	0.7924	0.8759	0.8874	 1.585	 1.421	 2.607	 2.556	 | 1.444 quantile
                      	 2.514	 1.958	 2.159	 2.162	 1.839	  1.67	  3.07	 3.061	 2.615	 2.864	 4.031	 4.048	 | 4.048 max

train losses     56:	 0.273	0.2493	 0.339	0.3313	0.3481	0.3553	0.4387	0.4397	0.5109	0.5116	 0.751	0.7449	
val losses       56:	0.2126	0.1818	0.2863	0.2857	  0.29	0.3058	0.3479	0.3479	0.5825	0.5475	0.9591	0.9432	 | 0.4409 mean
                     	0.5794	0.4667	0.7427	0.7558	0.7425	0.7875	0.8709	 0.889	 1.589	 1.389	 2.603	 2.572	 | 1.441 quantile
                      	 2.446	 1.939	  2.17	 2.163	 1.809	 1.723	 3.039	 3.066	 2.637	 2.751	 4.139	 4.055	 | 4.139 max

train losses     58:	 0.269	0.2468	 0.338	0.3311	0.3451	0.3515	0.4376	0.4383	0.4931	0.4921	0.7254	0.7197	
val losses       58:	0.2107	0.1806	0.2862	0.2855	0.2877	0.3027	0.3469	0.3471	0.5781	0.5396	0.9622	0.9464	 | 0.4395 mean
                     	0.5717	0.4644	0.7434	0.7572	0.7384	0.7888	0.8696	0.8846	 1.577	  1.43	 2.589	 2.585	 | 1.453 quantile
                      	 2.374	 1.901	 2.142	 2.171	 1.794	 1.759	  3.01	 3.058	 2.599	   2.6	 4.221	 4.063	 | 4.221 max

train losses     60:	0.2651	0.2428	0.3372	0.3307	0.3415	0.3467	0.4364	0.4365	0.4805	0.4801	0.7023	0.6964	
val losses       60:	0.2085	0.1795	 0.286	0.2852	0.2848	0.3006	0.3463	0.3462	0.5758	0.5376	0.9657	0.9502	 | 0.4389 mean
                     	0.5652	0.4606	 0.744	0.7591	0.7324	0.7836	0.8657	0.8842	 1.569	 1.418	 2.578	 2.583	 | 1.455 quantile
                      	 2.331	 1.834	 2.114	 2.171	 1.754	 1.739	 2.987	 3.059	 2.597	 2.615	 4.242	 4.092	 | 4.242 max

train losses     62:	0.2615	0.2396	0.3366	0.3303	0.3379	0.3428	0.4352	0.4347	0.4758	0.4774	0.6843	0.6785	
val losses       62:	0.2068	0.1791	0.2856	0.2849	0.2824	0.2992	0.3459	0.3452	0.5746	0.5386	0.9664	0.9508	 | 0.4383 mean
                     	0.5563	0.4565	 0.744	0.7572	0.7227	0.7796	0.8656	0.8813	 1.552	 1.377	 2.571	 2.561	 | 1.451 quantile
                      	   2.3	 1.793	 2.099	 2.164	 1.724	 1.679	 2.975	 3.057	 2.605	 2.693	 4.232	  4.12	 | 4.232 max

train losses     64:	0.2586	0.2374	0.3361	0.3299	 0.335	0.3399	0.4342	0.4329	0.4795	0.4829	0.6701	0.6647	
val losses       64:	0.2049	0.1785	0.2854	0.2847	0.2811	0.2974	0.3455	0.3441	0.5772	0.5429	0.9615	0.9453	 | 0.4374 mean
                     	0.5502	0.4562	0.7437	0.7561	0.7192	0.7734	0.8637	0.8791	 1.549	  1.39	  2.57	 2.541	 | 1.446 quantile
                      	 2.253	 1.764	 2.087	 2.158	 1.702	 1.633	  2.98	 3.047	 2.626	 2.749	 4.164	 4.129	 | 4.164 max

train losses     66:	 0.256	0.2356	0.3357	0.3295	0.3325	0.3375	0.4332	0.4312	0.4882	0.4923	 0.661	 0.656	
val losses       66:	0.2031	0.1777	0.2852	0.2845	0.2804	0.2957	0.3449	0.3429	0.5835	0.5509	0.9524	0.9356	 | 0.4364 mean
                     	0.5474	0.4562	0.7435	0.7567	0.7148	0.7679	 0.865	0.8777	 1.562	 1.397	 2.564	 2.531	 | 1.433 quantile
                      	 2.222	 1.731	 2.075	 2.154	 1.673	 1.601	 2.984	 3.024	 2.668	   2.8	 4.083	 4.118	 | 4.118 max

train losses     68:	0.2538	0.2342	0.3353	0.3291	0.3305	0.3355	0.4322	0.4295	   0.5	0.5042	0.6638	0.6609	
val losses       68:	0.2015	0.1769	 0.285	0.2843	0.2796	0.2942	0.3447	0.3417	0.5876	0.5554	0.9456	0.9294	 | 0.4355 mean
                     	0.5432	0.4545	0.7405	0.7555	 0.713	0.7592	0.8654	0.8742	 1.565	 1.391	 2.543	  2.53	 | 1.425 quantile
                      	 2.191	 1.708	 2.065	 2.149	 1.639	  1.58	 2.989	 2.999	 2.697	 2.798	  4.05	 4.094	 | 4.094 max

train losses     70:	0.2521	0.2333	 0.335	0.3289	0.3295	0.3342	0.4316	0.4286	 0.522	0.5247	0.7292	 0.731	
val losses       70:	0.2003	 0.176	0.2847	0.2843	0.2792	0.2927	0.3447	0.3406	0.5976	 0.566	 0.943	0.9312	 | 0.4367 mean
                     	0.5377	0.4523	0.7365	 0.756	0.7112	0.7515	0.8686	0.8693	 1.585	 1.405	 2.513	 2.524	 | 1.425 quantile
                      	 2.174	 1.684	 2.051	 2.141	 1.596	 1.586	 2.992	 2.951	 2.747	 2.801	 3.946	 3.997	 | 3.997 max

train losses     72:	0.2514	0.2342	0.3347	 0.329	  0.33	 0.334	0.4329	0.4304	 0.547	0.5442	0.9404	0.9453	
val losses       72:	0.1985	0.1754	0.2841	0.2842	0.2817	0.2921	0.3439	0.3392	0.6177	0.5896	0.9386	0.9285	 | 0.4395 mean
                     	0.5385	0.4499	0.7358	0.7541	0.7165	0.7526	0.8632	0.8647	 1.627	 1.434	 2.526	 2.527	 | 1.428 quantile
                      	 2.157	 1.666	 2.037	 2.131	 1.585	 1.596	 2.998	 2.911	 2.835	 2.769	 3.878	 3.786	 | 3.878 max

train losses     74:	0.2511	0.2359	0.3342	0.3289	0.3289	0.3321	0.4311	0.4286	0.5202	0.5134	0.9419	0.9403	
val losses       74:	0.1976	0.1746	0.2832	 0.284	 0.279	0.2897	0.3425	0.3398	0.6219	0.6014	 1.049	 1.046	 | 0.459 mean
                     	0.5411	 0.444	0.7361	0.7517	0.7144	0.7487	0.8565	0.8565	 1.635	 1.482	 2.596	 2.624	 | 1.55 quantile
                      	 2.189	 1.625	 2.024	 2.127	 1.618	  1.54	 3.056	 2.926	  2.85	 2.758	 4.521	 4.416	 | 4.521 max

train losses     76:	0.2499	0.2329	0.3334	0.3278	0.3252	0.3302	0.4278	0.4226	0.4967	0.4872	0.8085	 0.798	
val losses       76:	0.1968	0.1749	0.2831	0.2833	0.2731	0.2905	0.3383	0.3371	0.5866	0.5645	0.9686	0.9601	 | 0.4381 mean
                     	0.5447	 0.449	0.7367	0.7541	0.7031	 0.758	0.8469	0.8521	 1.569	 1.417	 2.452	  2.49	 | 1.484 quantile
                      	 2.144	 1.649	 2.013	 2.141	 1.621	 1.572	 2.987	 2.863	 2.669	 2.902	 4.183	 4.052	 | 4.183 max

train losses     78:	0.2486	0.2326	0.3331	0.3274	0.3239	0.3288	0.4244	  0.42	0.5036	0.5077	0.6668	0.6618	
val losses       78:	0.1975	 0.174	0.2839	0.2839	0.2767	0.2913	0.3383	0.3363	0.5933	0.5666	0.9353	0.9217	 | 0.4332 mean
                     	0.5337	0.4449	0.7349	0.7529	0.7105	0.7572	0.8546	0.8474	 1.581	 1.443	 2.477	 2.474	 | 1.442 quantile
                      	 2.149	 1.623	 2.038	 2.115	 1.569	 1.627	 2.989	 2.794	  2.74	 2.835	 4.079	 3.955	 | 4.079 max

train losses     80:	0.2479	0.2298	0.3329	0.3276	0.3226	0.3241	0.4227	0.4177	0.4913	0.4829	0.6408	0.6336	
val losses       80:	0.1989	0.1741	0.2836	0.2839	0.2723	0.2897	0.3373	0.3349	0.6263	0.6014	0.9972	0.9881	 | 0.449 mean
                     	 0.531	0.4431	0.7366	0.7523	0.6995	0.7508	0.8474	0.8497	 1.621	 1.475	 2.543	 2.568	 | 1.516 quantile
                      	 2.143	 1.541	 2.114	  2.12	 1.541	 1.614	  3.01	  2.87	  2.85	 2.776	 4.487	 4.347	 | 4.487 max

train losses     82:	 0.245	0.2279	0.3326	0.3269	0.3163	0.3206	0.4205	0.4141	0.4869	0.4751	0.6307	0.6249	
val losses       82:	0.1967	0.1746	0.2841	0.2836	0.2674	0.2881	0.3335	0.3329	 0.599	0.5698	0.9645	0.9531	 | 0.4373 mean
                     	0.5236	0.4438	0.7354	0.7543	0.6934	0.7533	0.8376	0.8493	 1.595	 1.427	 2.518	 2.539	 | 1.466 quantile
                      	 2.092	 1.534	 2.141	 2.121	 1.506	 1.614	 2.947	 2.881	 2.753	 2.781	 4.207	 4.105	 | 4.207 max

train losses     84:	0.2465	0.2268	0.3329	0.3267	0.3137	0.3171	0.4177	0.4114	0.5165	0.5122	0.5992	0.5927	
val losses       84:	0.2075	 0.175	0.2849	0.2837	0.2673	0.2862	0.3347	0.3321	0.6245	 0.596	0.9707	0.9566	 | 0.4433 mean
                     	0.5358	0.4461	0.7329	0.7529	0.6885	0.7463	0.8439	 0.844	 1.627	 1.452	 2.525	 2.542	 | 1.479 quantile
                      	 2.149	 1.516	 2.121	 2.112	 1.475	 1.591	 2.991	 2.849	 2.835	 2.838	 4.173	 4.231	 | 4.231 max

train losses     86:	0.2513	0.2263	0.3327	0.3263	0.3114	0.3139	 0.416	0.4091	0.5364	0.5286	0.5836	0.5746	
val losses       86:	0.2069	0.1766	0.2841	0.2833	0.2667	0.2843	0.3321	0.3302	0.6605	0.6338	0.9821	0.9681	 | 0.4507 mean
                     	0.5379	0.4491	0.7365	 0.753	0.6849	0.7381	0.8377	0.8383	 1.675	   1.5	 2.526	 2.551	 | 1.512 quantile
                      	 2.159	 1.515	 2.097	 2.111	 1.475	 1.548	 2.991	 2.847	 2.918	 2.846	 4.246	   4.3	 | 4.3 max

train losses     88:	0.2494	0.2272	0.3321	0.3256	0.3081	0.3113	0.4129	0.4056	0.5401	0.5292	 0.575	0.5675	
val losses       88:	0.2031	0.1776	 0.284	0.2829	0.2625	 0.283	0.3285	 0.328	0.6524	0.6231	0.9661	0.9511	 | 0.4452 mean
                     	0.5317	0.4555	0.7359	0.7523	0.6779	0.7368	0.8239	0.8323	 1.666	 1.485	 2.516	 2.509	 | 1.489 quantile
                      	 2.154	 1.536	 2.056	 2.108	 1.483	 1.557	 2.965	 2.836	 2.896	 2.872	  4.25	 4.302	 | 4.302 max

train losses     90:	0.2529	0.2295	0.3322	0.3251	0.3062	0.3097	0.4103	0.4026	0.5761	0.5652	0.5618	0.5538	
val losses       90:	0.2121	0.1777	 0.284	 0.283	0.2614	0.2824	0.3284	0.3266	 0.663	0.6346	 0.967	0.9496	 | 0.4475 mean
                     	0.5408	0.4541	0.7364	0.7491	0.6737	0.7386	0.8268	0.8275	 1.686	 1.509	 2.515	 2.507	 | 1.497 quantile
                      	 2.202	 1.548	 2.027	 2.098	 1.464	 1.575	 3.003	 2.791	 2.905	  2.95	 4.191	 4.242	 | 4.242 max

train losses     92:	0.2651	0.2317	0.3324	 0.325	0.3058	0.3089	0.4079	0.4004	0.6337	0.6199	0.5625	0.5469	
val losses       92:	0.2057	0.1755	0.2834	0.2832	0.2626	0.2807	0.3263	 0.325	0.6908	0.6612	0.9857	0.9685	 | 0.454 mean
                     	0.5349	0.4522	0.7332	0.7473	0.6747	0.7305	 0.819	0.8221	 1.727	 1.552	 2.529	 2.547	 | 1.525 quantile
                      	 2.199	 1.534	 2.009	 2.085	 1.452	 1.532	 3.011	 2.768	 2.969	 2.965	 4.193	 4.163	 | 4.193 max

train losses     94:	 0.263	0.2313	 0.332	0.3247	0.3048	0.3068	0.4047	 0.397	0.6685	0.6465	0.5607	0.5451	
val losses       94:	0.1887	0.1708	0.2828	0.2828	0.2662	0.2804	0.3231	0.3229	0.6539	0.6233	0.9786	0.9673	 | 0.4451 mean
                     	0.5206	0.4379	0.7288	0.7475	0.6839	0.7272	0.8123	0.8154	 1.652	 1.491	 2.536	 2.556	 | 1.495 quantile
                      	 2.127	 1.459	 1.998	 2.076	 1.422	 1.476	 2.984	 2.775	 2.896	 2.854	 4.156	 4.129	 | 4.156 max

train losses     96:	0.2458	0.2241	0.3315	0.3243	0.3079	0.3075	 0.402	0.3939	0.6298	0.6076	0.5446	0.5331	
val losses       96:	0.1915	0.1778	0.2828	0.2824	0.2732	0.2853	0.3218	0.3216	  0.57	0.5395	0.9564	0.9499	 | 0.4293 mean
                     	0.5376	0.4545	0.7308	0.7478	0.7014	0.7323	0.8088	0.8094	 1.572	 1.438	 2.502	 2.527	 | 1.456 quantile
                      	 2.036	 1.517	 1.992	 2.074	  1.38	 1.527	 2.969	 2.782	 2.616	 2.603	 4.124	 4.132	 | 4.132 max

train losses     98:	0.2406	0.2258	0.3311	0.3237	0.3168	0.3158	0.3993	 0.391	0.4937	0.4866	0.5241	0.5207	
val losses       98:	0.2035	0.1832	 0.283	0.2822	0.2676	0.2849	 0.319	0.3207	0.5884	0.5371	0.9546	0.9525	 | 0.4314 mean
                     	0.5622	0.4651	0.7316	0.7468	0.6916	0.7319	0.7995	0.8103	 1.628	 1.508	 2.515	 2.524	 | 1.47 quantile
                      	 1.962	 1.535	 1.994	 2.075	 1.402	 1.536	 2.925	 2.799	 2.422	 2.681	 4.132	 4.125	 | 4.132 max

train losses    100:	0.2511	0.2316	0.3306	0.3231	0.3108	0.3145	0.3956	0.3877	0.4553	0.4488	0.5077	 0.512	
val losses      100:	0.1902	0.1744	0.2835	0.2824	0.2586	0.2811	0.3165	0.3198	 0.585	0.5305	 0.966	0.9636	 | 0.4293 mean
                     	0.5329	0.4453	0.7317	0.7477	0.6752	0.7316	 0.795	0.8105	 1.625	 1.502	 2.525	 2.542	 | 1.469 quantile
                      	 2.001	 1.461	 1.996	  2.07	 1.468	 1.564	 2.901	 2.809	 2.433	 2.652	 4.113	 4.108	 | 4.113 max

train losses    102:	0.2396	0.2246	0.3306	0.3227	0.2996	0.3037	0.3926	0.3845	 0.456	0.4488	0.5228	0.5255	
val losses      102:	0.1866	0.1719	0.2839	0.2824	 0.258	0.2847	0.3145	0.3185	 0.567	 0.521	0.9602	0.9534	 | 0.4252 mean
                     	0.5129	0.4438	0.7348	0.7485	0.6768	 0.737	0.7914	 0.809	 1.555	 1.464	 2.511	  2.52	 | 1.449 quantile
                      	 2.066	 1.508	 2.004	 2.064	 1.531	 1.628	 2.905	 2.809	 2.552	 2.535	  4.09	 4.087	 | 4.09 max

train losses    104:	0.2324	  0.22	0.3308	0.3222	0.2973	0.3008	0.3897	0.3816	0.4338	0.4259	0.5459	0.5446	
val losses      104:	0.1891	0.1742	0.2839	 0.282	0.2574	0.2845	0.3129	0.3171	0.5657	0.5263	0.9405	0.9295	 | 0.4219 mean
                     	0.5133	0.4488	0.7321	0.7455	0.6733	0.7334	0.7869	0.8053	 1.535	  1.44	 2.492	 2.491	 | 1.414 quantile
                      	 2.092	 1.546	 2.008	 2.063	 1.533	 1.592	 2.912	 2.798	 2.649	 2.572	 4.074	 4.067	 | 4.074 max

train losses    106:	0.2351	0.2222	0.3308	0.3218	0.2985	0.3026	0.3875	0.3797	0.4277	0.4234	  0.67	0.6735	
val losses      106:	0.1861	0.1727	0.2839	0.2818	0.2556	0.2824	0.3118	0.3158	 0.567	0.5281	0.9497	0.9408	 | 0.423 mean
                     	0.5056	0.4449	 0.732	0.7433	0.6677	0.7253	0.7842	0.7998	 1.533	 1.445	  2.51	 2.511	 | 1.425 quantile
                      	 2.067	 1.535	 2.004	 2.059	 1.517	 1.575	 2.931	 2.779	 2.678	 2.581	 3.992	 3.967	 | 3.992 max

train losses    108:	0.2346	0.2216	0.3308	0.3213	0.2967	0.2995	0.3868	0.3797	0.4286	0.4272	0.8215	0.8238	
val losses      108:	0.1834	0.1704	0.2836	0.2815	 0.255	0.2787	0.3103	0.3144	0.5677	0.5254	 0.925	0.9167	 | 0.4177 mean
                     	0.5106	0.4418	0.7321	0.7397	0.6627	0.7156	0.7765	0.7908	 1.523	 1.428	 2.473	 2.463	 | 1.408 quantile
                      	 2.048	 1.482	 1.979	 2.051	 1.493	 1.546	  2.96	 2.753	 2.672	 2.564	 3.931	  3.89	 | 3.931 max

train losses    110:	0.2311	0.2184	0.3308	0.3205	0.2917	0.2931	0.3813	 0.374	0.4164	0.4139	0.6158	0.6127	
val losses      110:	0.1833	0.1712	0.2837	0.2812	0.2556	0.2778	0.3104	0.3137	0.5684	0.5263	 1.026	 1.015	 | 0.4344 mean
                     	0.5123	0.4388	0.7293	0.7414	0.6656	0.7149	0.7696	 0.787	 1.534	   1.4	 2.623	 2.633	 | 1.522 quantile
                      	 2.064	 1.518	 1.959	 2.051	 1.445	 1.539	 2.991	  2.77	 2.626	 2.578	 4.234	 4.275	 | 4.275 max

train losses    112:	 0.229	0.2164	0.3309	0.3202	0.2907	 0.293	0.3788	 0.371	0.4126	0.4112	0.6854	0.6773	
val losses      112:	0.1846	0.1733	0.2842	0.2817	0.2576	0.2815	0.3072	0.3122	0.5735	0.5314	0.9886	0.9746	 | 0.4292 mean
                     	0.5204	0.4448	0.7312	0.7421	0.6681	0.7181	0.7675	0.7868	 1.535	 1.434	 2.575	 2.563	 | 1.466 quantile
                      	 2.029	 1.552	 1.948	 2.056	 1.453	 1.594	 2.951	 2.758	 2.649	 2.638	 4.179	 4.172	 | 4.179 max

train losses    114:	0.2282	0.2165	0.3312	0.3199	0.2895	0.2943	0.3748	0.3666	0.4153	 0.411	0.7015	0.6969	
val losses      114:	0.1825	 0.171	 0.285	0.2817	0.2558	0.2802	0.3062	0.3114	0.5705	0.5292	0.9976	0.9864	 | 0.4298 mean
                     	0.5134	0.4408	 0.735	0.7435	0.6619	0.7163	0.7658	0.7876	 1.525	 1.434	 2.665	 2.569	 | 1.454 quantile
                      	 2.028	 1.479	 1.955	  2.06	 1.416	 1.597	  2.91	 2.706	 2.657	 2.622	 4.109	 4.054	 | 4.109 max

train losses    116:	0.2272	0.2152	0.3316	0.3193	0.2875	0.2908	0.3733	0.3665	0.4049	0.4038	0.7276	0.7289	
val losses      116:	0.1811	0.1707	 0.285	 0.281	 0.253	 0.277	0.3057	 0.311	0.5689	0.5277	0.9711	0.9578	 | 0.4242 mean
                     	0.5021	0.4381	0.7351	0.7417	0.6573	0.7087	0.7601	0.7872	 1.533	 1.407	 2.597	 2.557	 | 1.451 quantile
                      	 2.003	 1.517	 1.974	 2.045	 1.366	 1.594	 2.929	  2.74	 2.636	 2.623	 4.141	 4.084	 | 4.141 max

train losses    118:	0.2261	0.2138	0.3311	0.3189	0.2871	0.2872	0.3697	0.3623	0.4084	0.4091	0.6783	0.6819	
val losses      118:	0.1812	0.1707	 0.285	0.2806	0.2527	0.2748	0.3037	0.3098	0.5715	0.5324	0.9702	0.9628	 | 0.4246 mean
                     	0.5016	0.4387	0.7347	0.7415	0.6585	0.7068	0.7542	0.7849	 1.544	 1.436	 2.532	 2.509	 | 1.461 quantile
                      	 1.997	  1.52	 1.979	 2.032	 1.354	 1.552	 2.943	 2.767	 2.676	 2.686	 4.075	 4.014	 | 4.075 max

train losses    120:	0.2255	0.2124	0.3309	0.3183	0.2855	0.2842	0.3658	0.3585	0.4042	0.4035	0.6003	0.5995	
val losses      120:	0.1821	0.1716	0.2851	0.2806	0.2534	0.2747	0.3003	0.3086	0.5766	0.5372	0.9567	0.9489	 | 0.423 mean
                     	0.5164	0.4398	0.7347	0.7396	  0.66	0.7033	0.7506	0.7888	 1.538	 1.447	 2.492	 2.519	 | 1.451 quantile
                      	 1.926	 1.456	 1.964	 2.019	 1.357	 1.546	   2.9	 2.766	 2.697	 2.687	 4.077	 3.929	 | 4.077 max

train losses    122:	0.2245	0.2116	 0.331	0.3179	0.2834	0.2817	 0.362	0.3556	0.3996	0.3974	0.5347	0.5382	
val losses      122:	0.1812	0.1719	0.2856	0.2809	0.2515	0.2739	0.2986	0.3089	0.5731	0.5331	0.9854	0.9814	 | 0.4271 mean
                     	0.5113	0.4409	0.7366	0.7398	0.6556	0.7035	0.7499	0.7978	 1.528	  1.43	  2.54	 2.561	 | 1.46 quantile
                      	 1.881	 1.448	 1.963	 2.011	 1.331	 1.542	 2.886	 2.833	 2.689	 2.625	  4.45	 4.314	 | 4.45 max

train losses    124:	0.2234	0.2116	0.3311	0.3178	0.2824	0.2808	0.3589	0.3539	0.3978	0.3948	0.5711	0.5727	
val losses      124:	0.1806	0.1729	0.2858	0.2812	0.2499	0.2726	0.2981	0.3084	 0.573	0.5322	 1.042	 1.039	 | 0.4363 mean
                     	0.5109	0.4438	0.7364	 0.739	0.6513	0.7017	0.7483	0.7922	 1.525	 1.423	 2.665	 2.701	 | 1.501 quantile
                      	  1.85	 1.506	 1.977	   2.0	 1.271	 1.556	 2.905	 2.834	 2.705	 2.611	 4.313	 4.193	 | 4.313 max

train losses    126:	0.2226	0.2119	0.3311	0.3176	 0.282	0.2804	0.3564	0.3512	0.4019	0.3993	0.5913	0.5898	
val losses      126:	0.1794	0.1725	0.2858	 0.281	0.2494	 0.271	0.2979	0.3076	0.5749	0.5348	  1.03	 1.026	 | 0.4342 mean
                     	0.5076	0.4429	0.7343	0.7407	0.6478	0.6968	0.7437	0.7896	 1.526	 1.429	 2.645	 2.695	 | 1.501 quantile
                      	  1.87	 1.536	 1.978	 1.995	 1.263	 1.567	 2.911	 2.817	 2.741	 2.652	 4.393	 4.269	 | 4.393 max

train losses    128:	0.2218	0.2122	 0.331	 0.317	0.2814	0.2804	0.3548	0.3493	0.4013	0.3994	0.5826	0.5739	
val losses      128:	0.1784	 0.172	0.2858	0.2806	0.2498	0.2711	0.2974	0.3069	0.5745	0.5367	0.9817	0.9755	 | 0.4259 mean
                     	0.5027	0.4425	0.7336	0.7395	0.6441	0.6966	0.7392	0.7866	 1.522	 1.423	 2.546	 2.525	 | 1.457 quantile
                      	 1.912	 1.562	 1.956	 1.999	 1.259	 1.615	 2.896	 2.814	 2.757	 2.662	 4.201	 4.114	 | 4.201 max

train losses    130:	0.2205	0.2114	0.3311	0.3163	0.2803	0.2813	0.3524	0.3469	0.4006	0.4012	0.5404	0.5309	
val losses      130:	0.1776	0.1716	0.2858	0.2807	0.2508	0.2735	0.2975	0.3064	0.5729	0.5385	0.9652	0.9565	 | 0.4231 mean
                     	0.4986	0.4423	0.7331	0.7391	0.6462	0.6972	0.7381	0.7854	 1.514	 1.411	 2.546	  2.53	 | 1.44 quantile
                      	 1.935	 1.606	 1.938	 2.006	 1.247	 1.663	  2.89	 2.806	 2.758	 2.666	  4.29	 4.205	 | 4.29 max

train losses    132:	0.2196	0.2107	0.3314	 0.316	  0.28	0.2836	0.3494	0.3442	0.4039	0.4075	0.4841	0.4758	
val losses      132:	0.1775	0.1727	 0.286	0.2811	0.2536	0.2778	0.2977	0.3061	0.5758	0.5459	0.9824	0.9704	 | 0.4272 mean
                     	0.5019	0.4465	0.7338	0.7411	0.6508	0.7052	0.7342	0.7875	  1.51	  1.39	 2.614	 2.582	 | 1.454 quantile
                      	 1.921	 1.649	 1.935	 2.008	 1.237	 1.689	 2.883	 2.792	 2.781	 2.745	 4.359	 4.269	 | 4.359 max

train losses    134:	0.2193	0.2107	0.3316	0.3157	0.2811	0.2874	0.3471	0.3421	 0.412	0.4175	0.4771	0.4701	
val losses      134:	0.1779	0.1746	0.2858	0.2812	 0.257	0.2812	0.2975	 0.306	 0.583	0.5561	0.9871	0.9744	 | 0.4301 mean
                     	0.5057	0.4499	0.7311	0.7409	0.6564	0.7066	0.7337	0.7893	 1.522	 1.388	 2.621	 2.589	 | 1.458 quantile
                      	   1.9	 1.668	 1.943	   2.0	 1.251	  1.68	 2.879	 2.794	 2.827	 2.776	 4.404	 4.312	 | 4.404 max

train losses    136:	0.2194	0.2113	0.3315	0.3154	0.2835	0.2911	0.3452	0.3406	 0.421	0.4267	0.4883	0.4844	
val losses      136:	0.1781	0.1762	0.2855	0.2809	0.2601	0.2826	0.2972	0.3058	0.5891	0.5615	0.9697	0.9582	 | 0.4287 mean
                     	0.5073	0.4506	0.7295	0.7393	0.6597	0.7056	0.7321	0.7904	 1.529	  1.41	 2.584	 2.538	 | 1.445 quantile
                      	 1.896	 1.642	 1.951	 1.989	 1.266	 1.668	 2.876	 2.808	 2.867	 2.757	 4.402	 4.307	 | 4.402 max

train losses    138:	0.2195	0.2126	0.3312	0.3152	0.2874	 0.294	0.3435	0.3393	0.4352	0.4381	0.4785	0.4787	
val losses      138:	0.1778	0.1775	0.2853	0.2807	0.2623	0.2816	0.2967	0.3056	0.5933	 0.563	0.9493	0.9403	 | 0.4261 mean
                     	0.5025	0.4542	  0.73	0.7367	0.6651	0.7037	0.7313	0.7893	 1.542	 1.424	 2.506	 2.498	 | 1.432 quantile
                      	 1.889	 1.608	 1.953	 1.978	 1.288	 1.672	 2.881	 2.828	  2.89	 2.765	 4.336	 4.235	 | 4.336 max

train losses    140:	0.2196	0.2143	0.3308	0.3151	0.2933	0.2965	0.3417	0.3379	0.4577	0.4559	 0.478	0.4796	
val losses      140:	0.1772	 0.178	0.2852	0.2807	0.2636	0.2785	0.2961	0.3055	0.5968	0.5648	0.9526	0.9449	 | 0.427 mean
                     	0.4962	0.4562	0.7302	0.7367	0.6647	0.7009	0.7291	0.7892	  1.55	 1.424	 2.526	 2.499	 | 1.436 quantile
                      	 1.869	 1.593	  1.95	 1.967	 1.303	  1.67	 2.888	  2.85	 2.896	 2.764	 4.241	 4.133	 | 4.241 max

train losses    142:	0.2198	0.2157	0.3305	0.3149	0.2986	0.2977	0.3401	0.3361	0.4802	0.4753	0.4765	0.4769	
val losses      142:	0.1757	0.1757	 0.285	0.2807	0.2606	0.2727	0.2956	0.3054	0.5998	0.5682	0.9743	0.9678	 | 0.4301 mean
                     	0.4925	0.4543	0.7305	 0.736	0.6579	0.6865	0.7283	0.7882	 1.553	 1.429	 2.539	 2.536	 | 1.458 quantile
                      	 1.856	 1.588	 1.945	 1.963	 1.291	 1.642	 2.887	 2.859	 2.907	 2.774	 4.173	 4.066	 | 4.173 max

train losses    144:	0.2192	0.2149	0.3301	0.3145	0.2983	0.2948	0.3389	0.3342	0.4863	0.4811	0.4402	 0.438	
val losses      144:	 0.174	0.1709	0.2848	0.2807	0.2522	0.2665	0.2951	 0.305	0.5995	0.5694	0.9842	 0.978	 | 0.43 mean
                     	0.4886	0.4421	 0.728	0.7369	0.6386	0.6754	0.7278	0.7863	 1.548	 1.446	 2.555	 2.546	 | 1.467 quantile
                      	 1.875	 1.572	 1.941	 1.964	  1.26	 1.603	  2.87	 2.856	 2.919	 2.788	 4.184	 4.086	 | 4.184 max

train losses    146:	0.2169	0.2108	0.3299	0.3142	0.2881	0.2854	0.3376	0.3326	0.4709	0.4677	0.3934	0.3871	
val losses      146:	0.1743	0.1678	0.2846	0.2807	0.2433	0.2625	0.2944	0.3047	 0.588	0.5586	0.9745	0.9677	 | 0.4251 mean
                     	0.4796	0.4291	0.7264	0.7382	0.6247	0.6718	 0.727	0.7861	 1.523	 1.431	 2.544	 2.526	 | 1.452 quantile
                      	 1.907	 1.543	 1.942	 1.963	 1.272	 1.581	 2.835	 2.848	 2.886	 2.762	 4.261	 4.174	 | 4.261 max

train losses    148:	0.2156	0.2068	0.3297	 0.314	0.2743	0.2735	0.3358	0.3312	0.4473	0.4482	0.3899	0.3834	
val losses      148:	0.1765	0.1669	0.2845	0.2808	0.2399	0.2623	0.2938	0.3045	0.5715	0.5417	0.9578	0.9498	 | 0.4192 mean
                     	0.4793	0.4273	0.7251	0.7408	0.6257	0.6757	0.7242	0.7866	 1.512	 1.396	 2.518	 2.508	 | 1.431 quantile
                      	 1.933	 1.541	 1.947	  1.96	 1.322	 1.586	   2.8	 2.832	  2.81	 2.696	 4.354	 4.273	 | 4.354 max

train losses    150:	0.2172	0.2054	0.3296	0.3138	0.2666	0.2659	0.3338	0.3298	0.4274	0.4316	0.4055	0.4005	
val losses      150:	0.1768	0.1667	0.2843	 0.281	0.2398	0.2629	0.2934	0.3042	0.5656	0.5324	0.9492	0.9407	 | 0.4164 mean
                     	0.4801	0.4294	 0.724	0.7398	0.6275	0.6733	0.7236	0.7895	 1.504	 1.371	 2.502	 2.494	 | 1.421 quantile
                      	 1.943	 1.555	 1.958	 1.959	 1.352	 1.597	 2.783	  2.81	 2.762	 2.709	 4.412	 4.325	 | 4.412 max

train losses    152:	0.2184	0.2053	0.3293	0.3135	0.2646	0.2632	0.3321	0.3286	 0.408	0.4113	0.3965	0.3918	
val losses      152:	0.1749	0.1663	0.2841	 0.281	0.2393	0.2626	0.2933	0.3042	0.5658	0.5286	0.9455	 0.937	 | 0.4152 mean
                     	0.4774	0.4286	0.7254	0.7398	0.6269	 0.672	0.7224	0.7902	 1.507	 1.378	 2.492	 2.492	 | 1.42 quantile
                      	 1.924	 1.555	 1.976	 1.957	 1.356	   1.6	 2.788	 2.794	 2.764	 2.675	 4.399	 4.303	 | 4.399 max

train losses    154:	0.2169	0.2047	0.3289	0.3133	0.2635	0.2619	0.3303	0.3269	0.3841	0.3849	0.3552	0.3508	
val losses      154:	0.1731	 0.166	 0.284	0.2809	0.2387	0.2619	0.2934	0.3042	0.5672	0.5274	0.9484	0.9402	 | 0.4154 mean
                     	0.4786	0.4277	0.7279	0.7385	0.6233	0.6692	0.7189	0.7896	 1.514	 1.388	 2.514	 2.495	 | 1.42 quantile
                      	 1.901	  1.55	 1.995	 1.952	 1.353	 1.601	 2.803	 2.794	 2.776	 2.659	 4.341	 4.231	 | 4.341 max

train losses    156:	0.2142	0.2033	0.3285	 0.313	0.2619	0.2604	0.3285	 0.325	0.3688	0.3691	0.3556	0.3541	
val losses      156:	0.1724	0.1662	 0.284	0.2808	0.2382	0.2612	0.2935	 0.304	0.5681	0.5274	0.9561	0.9484	 | 0.4167 mean
                     	0.4771	0.4269	0.7317	0.7374	0.6198	0.6672	0.7177	0.7896	 1.514	 1.391	 2.525	 2.516	 | 1.42 quantile
                      	 1.881	 1.546	 2.004	 1.947	 1.349	 1.609	 2.814	 2.796	 2.775	 2.654	 4.295	 4.179	 | 4.295 max

train losses    158:	0.2123	 0.202	0.3283	0.3127	0.2603	0.2585	0.3271	0.3235	0.3624	0.3636	0.3685	0.3668	
val losses      158:	 0.172	0.1665	0.2839	0.2808	0.2383	0.2603	0.2938	 0.304	0.5692	0.5291	0.9462	0.9381	 | 0.4152 mean
                     	0.4758	0.4262	0.7328	0.7384	0.6177	0.6631	0.7182	0.7869	 1.513	 1.388	 2.508	 2.503	 | 1.413 quantile
                      	 1.868	 1.545	 1.999	 1.944	 1.346	 1.625	 2.816	  2.79	 2.774	 2.654	   4.3	 4.184	 | 4.3 max

train losses    160:	0.2111	0.2012	0.3281	0.3125	0.2593	 0.257	0.3259	0.3223	0.3625	0.3644	0.3528	0.3491	
val losses      160:	0.1716	0.1668	0.2837	 0.281	0.2389	0.2595	0.2947	0.3041	0.5708	0.5325	0.9362	0.9284	 | 0.414 mean
                     	0.4744	0.4272	0.7284	0.7398	0.6161	0.6615	0.7195	0.7829	 1.511	 1.383	 2.501	 2.474	 | 1.407 quantile
                      	 1.863	  1.56	 1.986	 1.944	 1.341	 1.634	 2.819	 2.777	 2.787	 2.671	 4.334	  4.22	 | 4.334 max

train losses    162:	0.2102	0.2006	0.3279	0.3123	0.2586	0.2559	0.3246	0.3209	0.3656	0.3667	0.3551	0.3542	
val losses      162:	 0.171	0.1666	0.2835	 0.281	0.2388	0.2587	0.2951	0.3039	0.5737	0.5369	0.9442	0.9373	 | 0.4159 mean
                     	0.4734	0.4267	0.7281	0.7398	0.6143	0.6583	0.7181	0.7811	  1.51	 1.388	 2.512	 2.489	 | 1.416 quantile
                      	 1.855	 1.572	 1.979	 1.941	 1.339	 1.623	 2.824	 2.766	 2.808	 2.691	 4.334	 4.211	 | 4.334 max

train losses    164:	0.2095	0.2002	0.3276	0.3121	 0.258	 0.255	0.3234	0.3197	0.3695	0.3689	0.3943	0.3945	
val losses      164:	0.1704	0.1665	0.2833	 0.281	0.2387	 0.258	0.2954	0.3037	0.5778	0.5425	0.9447	 0.939	 | 0.4168 mean
                     	0.4727	0.4271	0.7267	0.7395	0.6151	0.6551	0.7173	0.7808	 1.509	 1.401	 2.527	 2.495	 | 1.421 quantile
                      	 1.847	 1.582	 1.976	 1.936	  1.34	 1.621	 2.826	 2.756	 2.833	 2.715	 4.325	 4.195	 | 4.325 max

train losses    166:	0.2088	0.1998	0.3274	0.3118	0.2579	0.2545	0.3226	0.3188	0.3716	0.3716	0.4115	0.4104	
val losses      166:	  0.17	0.1666	0.2831	0.2811	0.2403	0.2583	 0.297	0.3042	0.5819	0.5492	0.9466	0.9414	 | 0.4183 mean
                     	 0.473	0.4288	0.7251	0.7381	0.6151	0.6523	 0.722	0.7822	 1.509	 1.406	 2.523	 2.505	 | 1.431 quantile
                      	 1.846	 1.595	 1.974	 1.936	 1.333	 1.626	 2.826	  2.73	  2.86	 2.749	 4.347	 4.214	 | 4.347 max

train losses    168:	0.2083	0.1992	0.3271	0.3116	0.2578	0.2536	0.3218	0.3178	0.3689	0.3676	0.4582	0.4589	
val losses      168:	0.1695	0.1663	0.2829	0.2812	 0.241	 0.258	0.2979	0.3045	0.5854	0.5544	 0.964	0.9585	 | 0.422 mean
                     	0.4741	0.4275	0.7266	0.7369	0.6165	0.6499	0.7197	0.7805	 1.508	 1.405	 2.562	 2.539	 | 1.445 quantile
                      	 1.833	  1.59	 1.979	 1.935	 1.327	  1.61	 2.831	 2.698	 2.889	 2.775	 4.321	 4.188	 | 4.321 max

train losses    170:	0.2079	0.1988	0.3269	0.3114	0.2575	0.2527	0.3214	0.3175	0.3661	0.3653	0.4907	0.4903	
val losses      170:	0.1697	0.1666	0.2826	0.2814	0.2419	0.2582	0.2988	 0.305	0.5867	0.5579	0.9719	0.9654	 | 0.4238 mean
                     	0.4749	0.4284	0.7272	0.7371	0.6197	 0.654	0.7211	0.7812	 1.502	 1.408	 2.586	 2.552	 | 1.456 quantile
                      	 1.825	   1.6	 1.981	 1.935	 1.329	 1.619	 2.837	 2.665	 2.905	 2.792	 4.326	 4.194	 | 4.326 max

train losses    172:	0.2077	0.1981	0.3267	0.3113	0.2581	0.2527	0.3214	0.3177	0.3673	0.3698	0.4467	 0.446	
val losses      172:	0.1704	0.1672	0.2825	0.2819	0.2435	0.2592	0.3011	0.3069	0.5855	0.5583	 1.011	 1.001	 | 0.4308 mean
                     	0.4776	0.4291	0.7277	0.7382	0.6236	0.6531	0.7282	0.7808	 1.498	 1.397	  2.68	 2.643	 | 1.496 quantile
                      	 1.843	 1.623	  1.99	 1.941	  1.34	 1.619	 2.843	 2.611	 2.889	 2.858	 4.386	 4.272	 | 4.386 max

train losses    174:	0.2077	0.1972	0.3266	0.3113	0.2584	0.2515	0.3214	0.3181	0.3654	 0.367	0.4358	0.4354	
val losses      174:	 0.171	0.1668	0.2823	 0.282	0.2427	0.2584	0.2998	0.3064	0.5827	 0.554	 1.029	 1.018	 | 0.4327 mean
                     	0.4832	0.4283	0.7272	0.7391	0.6226	0.6514	0.7271	0.7754	 1.506	  1.38	 2.703	 2.686	 | 1.506 quantile
                      	  1.85	 1.604	 2.006	  1.94	 1.353	  1.61	 2.855	 2.596	 2.862	 2.894	 4.405	 4.357	 | 4.405 max

train losses    176:	0.2079	0.1967	0.3265	0.3115	0.2587	0.2509	0.3218	0.3192	0.3639	0.3674	0.4845	0.4802	
val losses      176:	 0.171	0.1671	0.2822	0.2823	0.2421	0.2584	0.2987	0.3058	0.5787	 0.545	 1.029	 1.017	 | 0.4315 mean
                     	0.4885	0.4297	0.7275	0.7399	0.6208	0.6528	0.7234	0.7777	 1.509	 1.384	 2.698	 2.686	 | 1.503 quantile
                      	 1.861	 1.603	 2.013	  1.94	 1.379	 1.618	 2.855	 2.606	 2.819	 2.832	 4.438	 4.391	 | 4.438 max

train losses    178:	0.2074	0.1964	0.3264	0.3115	0.2581	0.2494	0.3211	0.3184	0.3676	0.3716	0.5035	0.5025	
val losses      178:	0.1699	0.1658	0.2822	0.2819	0.2402	0.2566	0.2961	0.3042	0.5772	0.5381	 1.006	0.9968	 | 0.4262 mean
                     	 0.485	0.4281	0.7262	0.7386	0.6159	0.6491	0.7175	 0.776	 1.501	 1.404	 2.657	 2.623	 | 1.478 quantile
                      	 1.866	 1.564	 2.014	 1.933	 1.372	 1.592	 2.848	 2.596	 2.817	 2.713	 4.382	 4.256	 | 4.382 max

train losses    180:	0.2071	0.1961	0.3263	0.3112	0.2551	0.2474	0.3185	0.3162	0.3864	0.3878	0.4344	0.4324	
val losses      180:	0.1694	0.1655	0.2822	0.2815	0.2367	0.2547	 0.293	0.3025	 0.579	0.5305	0.9612	0.9563	 | 0.4177 mean
                     	0.4807	 0.427	0.7264	0.7373	0.6077	0.6457	0.7103	0.7781	 1.534	 1.433	 2.546	 2.514	 | 1.439 quantile
                      	 1.836	 1.552	 2.012	 1.925	 1.349	 1.578	 2.836	 2.642	 2.783	 2.779	 4.294	  4.16	 | 4.294 max

train losses    182:	0.2065	0.1957	0.3262	0.3107	0.2525	0.2475	0.3147	0.3125	0.4279	0.4302	0.3634	0.3632	
val losses      182:	0.1688	0.1648	0.2823	0.2813	 0.233	0.2536	0.2916	 0.302	0.5821	0.5253	0.9531	0.9485	 | 0.4155 mean
                     	0.4796	0.4265	0.7281	0.7374	 0.606	0.6493	0.7106	 0.778	 1.554	 1.473	 2.533	 2.508	 | 1.436 quantile
                      	  1.81	 1.558	 2.016	 1.922	 1.356	 1.535	 2.833	 2.667	 2.728	 2.826	 4.261	 4.132	 | 4.261 max

train losses    184:	0.2061	0.1954	0.3261	0.3102	0.2515	0.2493	0.3118	0.3095	0.4554	0.4603	0.3384	0.3403	
val losses      184:	0.1685	0.1646	0.2824	0.2811	0.2311	 0.254	0.2907	0.3019	0.5995	0.5333	0.9588	0.9553	 | 0.4184 mean
                     	0.4777	0.4236	0.7283	 0.736	0.6104	0.6514	0.7107	 0.777	 1.595	 1.497	 2.525	 2.527	 | 1.444 quantile
                      	 1.786	 1.558	  2.02	 1.918	 1.372	 1.507	 2.818	 2.682	 2.598	 2.856	 4.283	 4.151	 | 4.283 max

train losses    186:	0.2054	0.1951	0.3257	0.3098	0.2502	 0.249	0.3098	0.3071	0.4218	0.4252	0.3061	0.3035	
val losses      186:	0.1672	0.1644	 0.282	0.2811	0.2317	0.2548	0.2905	0.3018	0.6273	 0.564	0.9541	 0.948	 | 0.4222 mean
                     	 0.475	0.4231	0.7281	0.7351	0.6097	0.6544	0.7094	0.7766	 1.632	 1.486	 2.542	 2.521	 | 1.446 quantile
                      	 1.788	 1.561	 2.011	 1.914	 1.367	 1.516	 2.795	 2.679	  2.49	 2.833	 4.357	 4.218	 | 4.357 max

train losses    188:	0.2034	0.1947	0.3251	0.3095	0.2486	0.2469	 0.308	0.3046	0.3903	0.3928	0.2844	0.2823	
val losses      188:	0.1661	0.1642	0.2819	 0.281	0.2311	0.2543	0.2903	0.3015	0.6409	0.5756	0.9571	0.9511	 | 0.4246 mean
                     	 0.469	0.4226	0.7247	0.7346	0.6076	0.6538	0.7062	0.7762	 1.657	 1.476	 2.548	 2.525	 | 1.455 quantile
                      	 1.792	 1.562	 1.999	 1.909	 1.369	 1.548	 2.775	 2.677	 2.481	  2.85	 4.413	 4.274	 | 4.413 max

train losses    190:	0.2022	 0.194	0.3247	0.3091	0.2475	0.2451	0.3064	0.3025	0.3931	 0.399	0.2753	0.2728	
val losses      190:	0.1666	0.1643	0.2819	0.2811	0.2303	0.2529	  0.29	0.3011	0.6371	0.5652	0.9537	0.9483	 | 0.4227 mean
                     	0.4694	0.4219	0.7259	0.7355	0.6058	0.6464	0.7066	0.7758	 1.654	 1.491	 2.537	 2.518	 | 1.455 quantile
                      	 1.781	 1.569	 2.002	 1.908	 1.383	 1.564	 2.759	 2.673	 2.525	 2.889	  4.45	 4.314	 | 4.45 max

train losses    192:	 0.202	 0.193	0.3245	0.3088	0.2468	0.2436	 0.305	0.3008	0.3916	0.3962	0.2724	0.2672	
val losses      192:	0.1672	0.1644	0.2817	 0.281	0.2303	0.2514	0.2898	0.3007	 0.628	0.5543	0.9512	 0.945	 | 0.4204 mean
                     	0.4722	0.4232	 0.726	0.7357	0.6061	0.6407	 0.708	0.7723	 1.646	 1.501	 2.523	 2.509	 | 1.454 quantile
                      	 1.783	  1.58	 2.005	 1.908	   1.4	 1.552	 2.745	 2.656	 2.553	 2.904	 4.473	 4.339	 | 4.473 max

train losses    194:	0.2015	0.1921	0.3241	0.3085	0.2469	0.2434	0.3037	0.2993	0.3961	0.4014	0.2735	0.2736	
val losses      194:	0.1661	0.1636	0.2815	0.2808	  0.23	0.2502	0.2894	0.3003	 0.615	0.5451	0.9565	0.9511	 | 0.4191 mean
                     	0.4705	0.4206	0.7241	0.7374	0.6064	0.6408	0.7063	0.7735	 1.626	 1.495	 2.538	 2.521	 | 1.452 quantile
                      	  1.79	 1.593	 2.003	 1.904	 1.406	 1.545	 2.739	 2.643	 2.577	 2.862	 4.448	 4.314	 | 4.448 max

train losses    196:	0.2006	0.1916	0.3237	0.3083	0.2463	0.2423	0.3027	 0.298	0.3998	0.4032	0.2717	0.2646	
val losses      196:	0.1649	0.1627	0.2813	0.2808	0.2295	0.2492	0.2889	   0.3	0.6108	0.5435	0.9474	0.9408	 | 0.4167 mean
                     	 0.467	 0.417	 0.723	0.7357	0.6075	0.6391	0.7052	0.7758	 1.608	 1.474	 2.516	 2.492	 | 1.445 quantile
                      	 1.795	 1.603	 1.993	 1.899	  1.41	  1.57	 2.713	 2.638	 2.565	 2.766	 4.474	 4.341	 | 4.474 max

train losses    198:	0.1993	0.1914	0.3234	 0.308	0.2456	0.2413	0.3019	 0.297	0.3932	0.3946	0.2821	0.2776	
val losses      198:	0.1634	0.1621	0.2812	0.2807	0.2288	0.2488	0.2889	0.3002	0.6014	0.5407	0.9706	0.9653	 | 0.4193 mean
                     	0.4605	0.4158	0.7246	0.7363	0.6049	0.6374	0.7066	0.7742	 1.586	 1.458	 2.572	 2.558	 | 1.458 quantile
                      	 1.801	 1.612	 1.984	 1.896	   1.4	 1.571	 2.702	 2.631	 2.577	  2.69	  4.47	 4.336	 | 4.47 max

train losses    200:	0.1983	0.1913	0.3231	0.3079	0.2439	0.2402	0.3015	0.2966	0.3554	0.3638	 0.348	0.3543	
val losses      200:	0.1624	0.1614	0.2811	0.2807	0.2276	0.2479	0.2886	0.3005	0.5919	0.5359	0.9588	0.9547	 | 0.416 mean
                     	0.4545	0.4148	 0.725	0.7357	0.6049	0.6355	0.7058	0.7724	 1.569	 1.441	 2.555	 2.537	 | 1.44 quantile
                      	 1.778	 1.617	 1.974	 1.886	 1.385	 1.591	 2.693	 2.643	 2.618	 2.607	 4.445	 4.316	 | 4.445 max

train losses    202:	0.1978	0.1912	0.3229	0.3077	0.2445	0.2396	0.3015	0.2963	0.3979	0.3821	0.6517	 0.641	
val losses      202:	0.1622	0.1622	0.2811	0.2809	0.2274	0.2472	 0.288	0.2994	0.5984	0.5372	0.9583	0.9488	 | 0.4159 mean
                     	0.4578	0.4155	0.7241	0.7372	0.5991	0.6364	0.7081	0.7747	 1.571	 1.437	 2.531	 2.505	 | 1.449 quantile
                      	 1.812	 1.629	 1.944	 1.893	 1.387	 1.628	 2.677	 2.622	 2.573	 2.566	   4.6	 4.485	 | 4.6 max

train losses    204:	0.1978	0.1924	0.3225	0.3079	0.2435	0.2414	0.3031	0.2984	0.3532	0.3593	0.5826	0.5944	
val losses      204:	0.1599	 0.159	0.2806	0.2807	0.2239	0.2441	0.2888	0.3014	0.5601	0.5239	 1.093	 1.095	 | 0.4342 mean
                     	0.4452	0.4077	0.7204	0.7343	  0.59	0.6316	0.7066	0.7758	   1.5	 1.439	 2.825	  2.83	 | 1.546 quantile
                      	 1.763	  1.65	 1.963	 1.873	 1.337	 1.526	 2.715	 2.607	 2.784	 2.623	 4.453	 4.388	 | 4.453 max

train losses    206:	0.1971	0.1925	0.3225	0.3076	0.2436	0.2425	0.3016	0.2959	0.3677	0.3696	0.4973	0.4913	
val losses      206:	0.1611	0.1617	0.2803	0.2802	0.2246	0.2462	0.2872	   0.3	0.5736	0.5318	0.9804	0.9775	 | 0.4171 mean
                     	0.4482	 0.412	0.7201	0.7349	0.5915	0.6361	0.7043	0.7782	 1.541	 1.431	 2.537	 2.535	 | 1.429 quantile
                      	 1.746	 1.585	 1.951	 1.867	 1.362	 1.505	 2.727	 2.631	  2.66	 2.574	 4.089	 3.962	 | 4.089 max

train losses    208:	0.1966	0.1908	0.3223	0.3071	0.2433	0.2422	0.2999	0.2947	0.3812	0.3848	0.4344	 0.436	
val losses      208:	 0.161	0.1588	0.2801	0.2802	0.2253	0.2461	0.2867	0.2985	0.5627	 0.529	0.9855	0.9818	 | 0.4163 mean
                     	0.4488	0.4056	0.7176	0.7376	0.5945	0.6317	0.6961	0.7705	 1.486	 1.379	 2.575	 2.583	 | 1.425 quantile
                      	 1.785	 1.602	 1.998	 1.886	 1.325	 1.415	 2.723	 2.559	 2.779	 2.755	 4.097	 3.988	 | 4.097 max

train losses    210:	0.1972	0.1892	 0.322	0.3067	0.2412	0.2386	0.2968	0.2918	0.3879	0.3855	  0.38	0.3766	
val losses      210:	0.1617	0.1591	0.2801	0.2803	 0.226	0.2458	0.2871	0.2982	0.5736	 0.534	0.9734	0.9699	 | 0.4158 mean
                     	0.4515	0.4081	  0.72	0.7387	0.5946	0.6319	0.7023	0.7697	 1.512	 1.377	 2.539	 2.543	 | 1.408 quantile
                      	 1.763	 1.586	 2.003	 1.888	 1.384	 1.456	 2.703	 2.584	 2.702	  2.83	 4.141	 4.008	 | 4.141 max

train losses    212:	0.1969	0.1883	0.3219	0.3062	0.2411	0.2383	0.2949	0.2902	0.3908	 0.388	 0.376	0.3693	
val losses      212:	 0.161	0.1585	0.2801	0.2806	0.2271	0.2455	0.2883	0.2979	0.5729	0.5388	0.9464	0.9393	 | 0.4114 mean
                     	0.4531	0.4049	0.7199	0.7374	 0.598	0.6338	0.7036	0.7719	 1.514	 1.362	 2.523	 2.516	 | 1.395 quantile
                      	 1.771	 1.629	  2.02	 1.897	 1.431	  1.49	 2.728	 2.514	  2.76	 2.852	 4.247	 4.115	 | 4.247 max

train losses    214:	0.1962	0.1878	0.3218	 0.306	0.2399	0.2371	 0.294	0.2899	0.3919	0.3864	0.3606	0.3522	
val losses      214:	0.1603	0.1588	0.2803	0.2807	 0.226	0.2451	0.2889	0.2988	0.5754	0.5367	0.9421	0.9341	 | 0.4106 mean
                     	0.4498	0.4068	0.7208	0.7366	0.5983	 0.631	0.7069	0.7735	 1.511	 1.382	 2.503	 2.507	 | 1.401 quantile
                      	 1.775	 1.602	   2.0	 1.894	  1.42	 1.529	 2.715	 2.513	 2.699	 2.807	 4.325	 4.185	 | 4.325 max

train losses    216:	0.1955	0.1876	0.3217	0.3058	0.2401	0.2384	0.2933	0.2896	0.3803	0.3724	0.3702	0.3613	
val losses      216:	0.1599	0.1587	0.2805	 0.281	0.2252	 0.246	  0.29	   0.3	 0.574	0.5297	0.9322	0.9237	 | 0.4084 mean
                     	0.4474	0.4064	0.7222	0.7376	0.5977	0.6307	0.7047	 0.774	 1.524	 1.409	 2.465	 2.476	 | 1.401 quantile
                      	 1.778	 1.596	 1.985	 1.893	  1.39	 1.538	 2.716	 2.487	 2.713	 2.732	 4.358	 4.214	 | 4.358 max

train losses    218:	 0.195	0.1878	0.3218	0.3057	 0.241	0.2417	0.2924	0.2894	0.3781	0.3694	0.3712	0.3645	
val losses      218:	  0.16	0.1589	0.2806	0.2812	0.2258	0.2489	  0.29	0.3002	0.5806	0.5295	0.9371	0.9285	 | 0.4101 mean
                     	0.4459	0.4061	0.7226	0.7371	0.5997	0.6349	 0.704	0.7734	  1.56	 1.449	 2.476	  2.49	 | 1.413 quantile
                      	 1.773	 1.614	 1.983	 1.891	 1.406	 1.492	 2.717	 2.468	 2.712	 2.605	 4.353	 4.202	 | 4.353 max

train losses    220:	0.1947	0.1886	 0.322	0.3056	0.2434	0.2485	0.2919	0.2898	0.3719	0.3635	0.3678	0.3601	
val losses      220:	0.1598	0.1589	 0.281	0.2815	0.2284	0.2547	0.2911	0.3017	 0.601	0.5397	0.9304	0.9222	 | 0.4125 mean
                     	0.4464	0.4056	0.7237	0.7371	0.6101	0.6447	 0.705	0.7754	 1.608	 1.501	 2.461	 2.459	 | 1.421 quantile
                      	 1.786	  1.64	 1.994	  1.89	 1.444	 1.431	 2.731	 2.445	 2.673	 2.752	  4.34	 4.187	 | 4.34 max

train losses    222:	0.1947	0.1901	0.3223	0.3057	0.2476	0.2586	0.2919	0.2913	0.3658	0.3598	0.3572	0.3495	
val losses      222:	  0.16	0.1593	0.2813	0.2819	0.2325	0.2613	 0.292	0.3031	0.6164	 0.548	0.9269	0.9194	 | 0.4152 mean
                     	0.4448	0.4074	0.7229	0.7388	0.6208	0.6612	0.7088	 0.776	 1.632	 1.522	 2.465	 2.444	 | 1.427 quantile
                      	 1.811	 1.652	 2.004	 1.892	 1.477	 1.382	  2.74	  2.45	 2.656	 2.855	 4.346	 4.196	 | 4.346 max

train losses    224:	0.1951	0.1926	0.3225	 0.306	0.2537	0.2708	0.2919	0.2928	0.3651	 0.362	 0.334	0.3267	
val losses      224:	0.1604	0.1601	0.2813	0.2823	0.2367	0.2667	0.2926	0.3042	0.6273	0.5544	0.9243	 0.917	 | 0.4173 mean
                     	 0.441	0.4082	 0.723	 0.738	0.6291	0.6746	0.7104	0.7785	 1.654	  1.54	 2.458	 2.427	 | 1.433 quantile
                      	 1.827	 1.673	 2.003	 1.891	 1.484	 1.396	 2.744	 2.464	 2.628	  2.89	 4.375	 4.227	 | 4.375 max

train losses    226:	0.1959	0.1955	0.3225	 0.306	0.2604	0.2821	0.2913	0.2931	0.3666	0.3653	0.3016	0.2953	
val losses      226:	0.1611	0.1606	0.2811	 0.282	0.2379	0.2667	0.2912	0.3028	 0.619	0.5482	0.9286	0.9209	 | 0.4167 mean
                     	0.4441	0.4077	0.7218	0.7388	0.6317	0.6732	0.7086	 0.777	 1.632	 1.522	 2.463	  2.44	 | 1.431 quantile
                      	 1.841	 1.691	   2.0	 1.889	 1.478	  1.38	 2.749	 2.472	 2.639	  2.85	 4.388	 4.242	 | 4.388 max

train losses    228:	0.1972	0.1968	0.3222	0.3057	0.2642	 0.287	0.2899	0.2915	 0.363	0.3618	0.2761	0.2704	
val losses      228:	0.1613	0.1599	0.2806	0.2813	 0.235	0.2601	0.2894	0.3004	0.6024	0.5377	0.9305	0.9225	 | 0.4134 mean
                     	0.4427	0.4045	0.7209	 0.739	0.6268	0.6596	0.7077	0.7717	 1.598	 1.484	 2.465	 2.458	 | 1.422 quantile
                      	  1.85	 1.698	 1.992	 1.883	 1.457	 1.341	 2.743	 2.466	 2.669	 2.772	 4.407	 4.264	 | 4.407 max

train losses    230:	0.1976	0.1953	0.3216	0.3049	 0.262	0.2807	0.2877	0.2878	0.3495	0.3484	0.2609	0.2545	
val losses      230:	0.1604	0.1584	  0.28	0.2808	0.2289	0.2497	0.2874	0.2979	0.5861	0.5293	0.9341	0.9259	 | 0.4099 mean
                     	0.4418	0.4013	0.7203	0.7363	0.6085	0.6357	0.7033	0.7695	 1.569	  1.45	 2.481	 2.458	 | 1.415 quantile
                      	  1.85	 1.688	  1.98	 1.877	 1.414	 1.348	 2.728	 2.449	 2.717	 2.677	 4.429	 4.287	 | 4.429 max

train losses    232:	0.1962	0.1916	0.3207	0.3042	0.2534	0.2646	0.2849	0.2827	0.3293	0.3284	0.2533	0.2466	
val losses      232:	0.1589	0.1574	0.2796	0.2805	0.2245	0.2427	0.2861	0.2966	0.5766	0.5265	0.9364	0.9283	 | 0.4078 mean
                     	0.4388	   0.4	0.7198	0.7349	0.5933	0.6222	0.6971	0.7651	 1.536	  1.42	 2.487	 2.461	 | 1.407 quantile
                      	  1.84	  1.67	 1.966	 1.873	 1.364	 1.409	 2.706	 2.443	 2.763	 2.649	  4.45	 4.307	 | 4.45 max

train losses    234:	0.1937	0.1877	0.3197	0.3037	 0.243	0.2469	0.2823	 0.278	0.3106	0.3103	0.2508	0.2435	
val losses      234:	0.1577	0.1571	0.2795	0.2805	0.2231	0.2403	0.2856	0.2966	0.5736	0.5275	0.9396	0.9318	 | 0.4077 mean
                     	0.4394	0.4001	0.7183	0.7344	0.5853	0.6192	0.6961	0.7682	 1.526	 1.403	 2.497	 2.473	 | 1.404 quantile
                      	 1.821	 1.654	 1.958	 1.869	 1.361	 1.465	 2.685	 2.446	 2.791	 2.677	 4.465	 4.322	 | 4.465 max

train losses    236:	0.1914	 0.185	 0.319	0.3033	0.2357	0.2347	0.2803	0.2748	0.2993	0.2996	0.2536	0.2463	
val losses      236:	 0.157	0.1573	0.2794	0.2805	0.2229	  0.24	0.2854	0.2968	0.5732	0.5295	0.9432	0.9356	 | 0.4084 mean
                     	0.4365	0.3998	0.7187	0.7348	0.5821	0.6195	0.6944	0.7649	 1.521	 1.396	 2.511	 2.489	 | 1.408 quantile
                      	 1.804	  1.64	 1.955	 1.864	 1.366	 1.494	 2.667	 2.442	 2.811	 2.694	 4.472	 4.329	 | 4.472 max

train losses    238:	  0.19	0.1835	0.3185	 0.303	 0.232	0.2287	0.2789	0.2728	0.2939	0.2949	0.2688	0.2606	
val losses      238:	0.1567	0.1574	0.2794	0.2804	0.2229	0.2397	0.2853	0.2968	0.5742	0.5314	0.9463	0.9388	 | 0.4091 mean
                     	0.4354	0.4022	0.7182	0.7345	 0.582	0.6189	0.6939	0.7645	 1.523	 1.396	 2.517	 2.494	 | 1.408 quantile
                      	 1.795	 1.632	 1.954	 1.858	 1.367	 1.498	 2.652	 2.426	  2.82	 2.699	 4.476	 4.333	 | 4.476 max

train losses    240:	0.1893	0.1826	0.3182	0.3027	0.2305	0.2262	0.2778	0.2715	0.2924	0.2946	0.3045	0.2952	
val losses      240:	0.1566	0.1573	0.2793	0.2804	0.2228	0.2391	0.2851	0.2966	0.5754	0.5334	0.9516	0.9443	 | 0.4102 mean
                     	0.4334	 0.403	 0.718	 0.734	0.5817	0.6178	0.6932	0.7648	 1.524	  1.39	  2.53	 2.504	 | 1.409 quantile
                      	 1.791	  1.63	 1.952	 1.853	 1.368	  1.49	  2.64	 2.404	 2.823	 2.699	 4.478	 4.335	 | 4.478 max

train losses    242:	 0.189	0.1822	0.3179	0.3024	0.2299	 0.225	 0.277	0.2705	0.2943	0.2984	0.3707	  0.36	
val losses      242:	0.1567	 0.157	0.2791	0.2804	0.2226	0.2387	0.2849	0.2963	0.5767	0.5355	0.9587	0.9517	 | 0.4115 mean
                     	0.4334	0.4035	0.7174	0.7347	0.5829	0.6167	0.6948	0.7647	 1.522	 1.377	  2.55	  2.51	 | 1.412 quantile
                      	 1.794	 1.633	 1.949	  1.85	 1.373	 1.478	 2.633	 2.378	 2.821	 2.693	 4.472	  4.33	 | 4.472 max

train losses    244:	 0.189	 0.182	0.3176	0.3021	0.2297	0.2245	0.2766	0.2699	0.3002	0.3077	0.4819	0.4699	
val losses      244:	0.1573	0.1568	 0.279	0.2803	0.2229	0.2384	0.2846	0.2958	0.5781	0.5379	0.9606	0.9533	 | 0.4121 mean
                     	0.4347	0.4013	0.7164	0.7355	0.5864	0.6173	0.6942	 0.765	  1.52	 1.361	  2.55	 2.517	 | 1.415 quantile
                      	 1.812	 1.638	 1.943	 1.849	 1.381	 1.463	  2.63	 2.347	 2.821	 2.724	 4.446	 4.306	 | 4.446 max

train losses    246:	0.1896	0.1821	0.3173	0.3019	0.2302	0.2244	0.2766	0.2698	0.3065	0.3172	0.6013	0.5904	
val losses      246:	0.1583	0.1565	0.2788	0.2803	0.2239	0.2385	0.2848	0.2954	0.5792	0.5405	0.9462	0.9388	 | 0.4101 mean
                     	 0.437	0.4035	0.7151	0.7354	0.5897	 0.618	0.6959	0.7641	 1.515	 1.367	 2.497	 2.497	 | 1.41 quantile
                      	 1.846	 1.654	 1.944	  1.85	 1.394	  1.43	  2.63	 2.309	 2.843	 2.784	 4.358	 4.219	 | 4.358 max

train losses    248:	0.1911	0.1826	 0.317	0.3017	0.2308	0.2244	0.2754	0.2689	0.3036	0.3096	0.5745	0.5687	
val losses      248:	0.1592	0.1561	0.2786	0.2803	0.2251	 0.239	 0.286	 0.296	0.5811	0.5463	0.9261	0.9196	 | 0.4078 mean
                     	 0.442	0.4022	0.7162	0.7348	0.5913	0.6175	0.6951	0.7627	 1.491	 1.397	  2.45	 2.433	 | 1.404 quantile
                      	 1.871	 1.685	 1.958	 1.856	 1.395	 1.391	 2.644	 2.283	 2.898	 2.858	 4.217	 4.082	 | 4.217 max

train losses    250:	0.1923	 0.183	0.3167	0.3014	0.2314	0.2261	0.2726	0.2668	0.3279	0.3285	0.3788	0.3818	
val losses      250:	0.1594	0.1555	0.2787	0.2805	0.2246	0.2396	 0.288	0.2969	0.5827	0.5532	0.9251	0.9181	 | 0.4085 mean
                     	 0.439	0.3963	0.7172	0.7308	0.5886	0.6129	 0.703	0.7641	 1.489	 1.399	 2.487	 2.444	 | 1.407 quantile
                      	 1.871	  1.73	  1.99	 1.865	 1.392	 1.369	 2.677	 2.275	 2.944	 2.934	 4.154	 4.027	 | 4.154 max

train losses    252:	0.1934	 0.185	0.3167	0.3012	0.2332	0.2313	0.2723	0.2667	0.3658	0.3695	0.3414	0.3453	
val losses      252:	0.1597	0.1561	0.2788	0.2807	0.2234	0.2426	0.2884	0.2971	0.5796	0.5465	0.9404	0.9347	 | 0.4107 mean
                     	0.4332	0.3958	0.7177	0.7317	0.5918	0.6199	0.7038	0.7653	 1.492	 1.373	 2.498	 2.484	 | 1.396 quantile
                      	 1.846	 1.745	 2.015	 1.871	 1.359	 1.375	 2.708	 2.295	 2.914	 2.911	 4.217	 4.089	 | 4.217 max

train losses    254:	0.1937	0.1872	0.3167	0.3012	0.2352	0.2374	0.2715	0.2661	0.3624	0.3637	0.2945	0.2928	
val losses      254:	0.1599	0.1571	 0.279	 0.281	0.2239	0.2459	0.2876	0.2971	0.5727	0.5333	0.9751	0.9686	 | 0.4151 mean
                     	0.4351	0.3988	0.7198	0.7323	0.5947	0.6243	0.7015	0.7659	 1.502	 1.373	 2.589	 2.551	 | 1.42 quantile
                      	 1.814	 1.727	 2.016	  1.87	 1.342	 1.367	 2.709	 2.304	  2.83	 2.776	 4.358	 4.221	 | 4.358 max

train losses    256:	 0.193	0.1876	0.3166	0.3013	0.2398	0.2432	0.2708	0.2663	0.3603	0.3564	0.2993	0.2968	
val losses      256:	0.1593	0.1572	0.2791	0.2813	0.2264	0.2474	0.2869	0.2976	0.5711	0.5251	0.9523	0.9445	 | 0.4107 mean
                     	 0.434	0.3987	0.7184	0.7325	0.6021	0.6306	0.7022	0.7657	 1.518	 1.415	 2.536	 2.513	 | 1.411 quantile
                      	 1.825	  1.72	 1.999	 1.872	  1.36	 1.366	 2.682	 2.314	 2.774	 2.663	 4.533	 4.391	 | 4.533 max

train losses    258:	0.1951	0.1904	0.3167	0.3011	 0.249	 0.255	0.2706	0.2675	0.3936	0.3839	0.3367	0.3377	
val losses      258:	0.1599	0.1578	0.2795	0.2813	0.2305	0.2522	0.2877	0.2991	0.5712	0.5218	0.9459	0.9376	 | 0.4104 mean
                     	0.4301	0.4004	0.7211	0.7333	0.6128	0.6435	0.7036	0.7677	 1.534	 1.441	 2.485	 2.495	 | 1.411 quantile
                      	 1.843	 1.749	 2.009	 1.873	 1.397	 1.347	  2.67	 2.315	 2.769	 2.653	 4.547	 4.394	 | 4.547 max

train losses    260:	0.1992	0.1956	0.3171	0.3007	 0.258	0.2719	0.2703	 0.268	0.4062	0.4029	0.2539	0.2536	
val losses      260:	0.1603	0.1576	  0.28	0.2809	0.2326	0.2584	0.2892	0.3002	0.5729	0.5291	0.9516	0.9424	 | 0.4129 mean
                     	0.4288	0.3995	0.7221	0.7332	0.6163	0.6583	0.7111	0.7699	 1.512	 1.415	 2.525	  2.52	 | 1.408 quantile
                      	 1.824	 1.773	 2.015	 1.868	 1.419	 1.366	 2.677	 2.294	 2.742	 2.673	 4.417	 4.263	 | 4.417 max

train losses    262:	0.2023	0.1972	0.3172	0.3003	0.2626	0.2807	0.2704	0.2681	0.3565	0.3576	0.2575	0.2516	
val losses      262:	  0.16	0.1563	0.2797	0.2808	0.2336	0.2599	0.2899	0.3003	0.5872	0.5436	0.9452	0.9355	 | 0.4143 mean
                     	0.4299	0.3934	0.7228	0.7331	0.6164	0.6603	 0.714	0.7679	 1.531	 1.416	 2.502	 2.503	 | 1.4 quantile
                      	 1.827	 1.758	  2.01	 1.861	 1.416	 1.369	 2.666	 2.284	 2.668	 2.683	 4.389	 4.243	 | 4.389 max

train losses    264:	 0.203	0.1951	0.3168	0.3001	0.2595	0.2759	0.2709	0.2687	0.3134	0.3128	0.2549	0.2506	
val losses      264:	0.1572	0.1548	0.2796	0.2811	0.2271	0.2509	0.2909	0.3009	0.5882	0.5413	0.9356	0.9271	 | 0.4112 mean
                     	0.4262	0.3905	0.7239	0.7345	0.6051	0.6368	 0.716	0.7707	 1.536	 1.416	 2.488	 2.472	 | 1.4 quantile
                      	 1.843	  1.73	 2.013	 1.862	 1.387	 1.385	 2.668	 2.305	 2.679	 2.652	 4.445	 4.298	 | 4.445 max

train losses    266:	0.1979	0.1908	0.3167	   0.3	0.2506	0.2631	0.2713	0.2691	0.2958	 0.296	0.2193	0.2162	
val losses      266:	0.1535	0.1537	0.2795	0.2813	0.2205	0.2406	 0.291	0.3003	0.5817	 0.532	0.9361	0.9293	 | 0.4083 mean
                     	0.4227	0.3892	0.7214	0.7367	0.5825	0.6135	0.7162	0.7704	 1.541	 1.418	 2.471	 2.464	 | 1.405 quantile
                      	 1.828	 1.695	 2.015	 1.863	  1.34	 1.373	 2.679	 2.335	 2.736	 2.622	  4.51	  4.36	 | 4.51 max

train losses    268:	0.1904	0.1849	0.3164	0.2999	0.2393	0.2471	0.2712	0.2687	 0.283	0.2839	0.2097	0.2053	
val losses      268:	0.1519	0.1539	0.2793	0.2813	0.2185	0.2356	0.2917	0.3003	0.5781	0.5295	 0.942	0.9358	 | 0.4082 mean
                     	0.4204	0.3916	0.7194	0.7362	0.5681	0.6063	0.7153	0.7723	 1.538	 1.431	 2.492	 2.476	 | 1.408 quantile
                      	 1.792	 1.666	 2.011	 1.864	 1.328	 1.382	 2.695	 2.355	 2.781	 2.668	 4.533	  4.38	 | 4.533 max

train losses    270:	0.1857	  0.18	 0.316	0.2997	0.2306	0.2326	0.2708	0.2676	0.2847	0.2846	0.2061	0.2017	
val losses      270:	0.1522	0.1553	0.2792	0.2813	0.2201	0.2341	0.2925	0.3006	 0.578	0.5295	0.9445	0.9382	 | 0.4088 mean
                     	0.4261	0.3972	0.7185	0.7359	0.5653	0.6017	0.7167	0.7715	 1.545	 1.436	 2.514	 2.497	 | 1.41 quantile
                      	 1.756	 1.644	 2.007	  1.86	 1.362	 1.398	 2.703	 2.355	 2.789	 2.674	 4.526	 4.369	 | 4.526 max

train losses    272:	0.1844	0.1778	0.3157	0.2994	0.2265	0.2232	0.2707	0.2672	0.2886	0.2879	0.2058	0.2013	
val losses      272:	0.1534	0.1567	0.2793	0.2815	0.2227	0.2342	0.2943	0.3022	0.5788	0.5296	0.9398	0.9333	 | 0.4088 mean
                     	0.4307	0.4003	  0.72	0.7376	0.5743	 0.605	0.7209	0.7743	 1.539	 1.427	 2.498	 2.477	 | 1.403 quantile
                      	 1.727	 1.628	 2.002	 1.858	 1.394	 1.417	 2.702	 2.351	 2.772	 2.657	 4.522	 4.364	 | 4.522 max

train losses    274:	0.1844	0.1773	0.3155	0.2993	0.2255	 0.219	0.2717	0.2682	0.2865	0.2859	0.2051	 0.201	
val losses      274:	0.1543	0.1578	0.2795	0.2818	0.2247	0.2345	0.2971	0.3045	0.5793	0.5302	 0.938	0.9314	 | 0.4094 mean
                     	0.4311	0.4033	0.7207	 0.738	0.5786	0.6083	0.7285	0.7797	 1.533	 1.425	 2.495	 2.476	 | 1.402 quantile
                      	 1.724	 1.613	 1.996	 1.858	 1.411	  1.43	 2.706	 2.351	 2.761	 2.644	  4.51	 4.352	 | 4.51 max

train losses    276:	0.1844	0.1772	0.3155	0.2993	 0.226	0.2172	 0.274	0.2705	0.2792	0.2796	0.2037	 0.202	
val losses      276:	0.1542	0.1582	0.2797	0.2822	0.2252	0.2341	0.3005	0.3075	0.5792	0.5315	0.9387	0.9322	 | 0.4103 mean
                     	  0.43	0.4021	0.7222	 0.739	 0.577	0.6061	0.7366	0.7863	 1.529	 1.423	 2.503	 2.484	 | 1.399 quantile
                      	 1.733	 1.602	 1.997	 1.857	 1.413	 1.433	 2.719	 2.355	 2.767	 2.643	 4.485	 4.329	 | 4.485 max

train losses    278:	0.1842	0.1773	0.3155	0.2994	0.2271	0.2166	0.2774	0.2744	 0.272	0.2724	0.2075	0.2044	
val losses      278:	0.1536	0.1582	  0.28	0.2827	0.2259	0.2339	0.3045	0.3113	0.5793	0.5327	0.9327	0.9259	 | 0.4101 mean
                     	0.4277	0.4032	0.7198	0.7413	0.5802	0.6057	0.7456	0.7911	 1.528	 1.416	 2.475	 2.466	 | 1.395 quantile
                      	 1.732	 1.593	 2.001	 1.857	 1.413	 1.432	  2.73	 2.363	 2.779	 2.654	 4.486	 4.336	 | 4.486 max

train losses    280:	 0.184	0.1774	0.3157	0.2996	0.2286	0.2164	0.2818	0.2796	  0.27	0.2697	0.2062	0.2068	
val losses      280:	 0.153	0.1578	0.2806	0.2832	0.2267	0.2333	0.3099	0.3161	 0.579	0.5338	 0.938	0.9313	 | 0.4119 mean
                     	0.4257	0.4029	0.7199	0.7421	0.5821	0.6031	0.7581	0.7988	 1.526	 1.408	 2.486	 2.485	 | 1.395 quantile
                      	 1.732	 1.589	 2.014	 1.859	 1.416	 1.417	 2.755	 2.383	 2.798	 2.666	 4.468	  4.32	 | 4.468 max

train losses    282:	0.1845	0.1778	0.3161	0.2999	0.2306	0.2167	0.2861	0.2849	0.2735	0.2719	0.2209	0.2211	
val losses      282:	0.1531	0.1579	 0.281	0.2839	0.2276	0.2328	0.3144	0.3207	0.5801	0.5346	0.9325	0.9259	 | 0.4121 mean
                     	 0.425	0.4035	 0.722	0.7432	0.5836	0.6032	 0.769	0.8063	 1.524	 1.408	 2.485	 2.472	 | 1.391 quantile
                      	 1.728	 1.581	 2.023	 1.861	  1.42	 1.408	  2.77	 2.397	 2.802	 2.668	 4.461	 4.316	 | 4.461 max

train losses    284:	0.1858	0.1787	0.3164	0.3005	0.2331	 0.217	 0.292	0.2924	0.2794	0.2778	0.2205	0.2215	
val losses      284:	0.1538	0.1586	0.2816	0.2848	0.2288	0.2325	0.3196	0.3265	0.5828	0.5359	0.9314	0.9247	 | 0.4134 mean
                     	0.4267	0.4045	 0.726	0.7447	0.5862	0.6024	0.7803	0.8162	 1.528	 1.415	 2.472	 2.458	 | 1.393 quantile
                      	 1.734	 1.577	 2.026	 1.865	 1.429	 1.401	  2.78	 2.415	 2.785	 2.654	 4.468	 4.326	 | 4.468 max

train losses    286:	 0.188	0.1794	0.3173	0.3011	0.2358	0.2173	0.2962	0.2982	0.2828	0.2801	0.2855	  0.29	
val losses      286:	0.1551	0.1583	0.2826	0.2852	0.2287	0.2316	0.3238	0.3314	0.5845	0.5367	0.9442	0.9385	 | 0.4167 mean
                     	0.4313	0.4029	0.7276	0.7469	0.5847	0.5983	0.7872	  0.82	 1.534	 1.427	 2.519	  2.51	 | 1.396 quantile
                      	 1.743	 1.586	 2.036	 1.869	 1.426	 1.379	 2.809	 2.436	 2.777	 2.651	  4.42	 4.275	 | 4.42 max

train losses    288:	0.1916	0.1814	0.3182	0.3024	0.2392	0.2182	0.3057	0.3108	 0.283	0.2826	0.2901	0.2869	
val losses      288:	0.1568	0.1598	0.2825	0.2861	0.2289	0.2318	0.3255	0.3352	 0.594	0.5398	0.9209	0.9139	 | 0.4146 mean
                     	0.4349	0.4083	0.7272	0.7464	0.5867	0.5971	0.7902	0.8233	 1.555	 1.445	 2.464	 2.425	 | 1.405 quantile
                      	  1.72	 1.582	 2.019	 1.873	 1.418	 1.381	 2.778	 2.429	 2.742	 2.727	  4.47	 4.341	 | 4.47 max

train losses    290:	 0.191	0.1804	0.3193	0.3034	0.2382	0.2159	0.3114	0.3185	0.2776	  0.28	 0.337	0.3445	
val losses      290:	0.1547	0.1558	0.2825	0.2843	0.2228	0.2311	0.3199	0.3298	0.5905	0.5389	0.9618	0.9578	 | 0.4191 mean
                     	0.4308	 0.397	0.7255	 0.745	 0.569	0.5953	0.7769	0.8123	 1.558	 1.452	 2.577	 2.549	 | 1.424 quantile
                      	 1.713	  1.62	 2.016	 1.874	 1.388	 1.315	 2.788	 2.418	 2.748	 2.716	 4.404	  4.26	 | 4.404 max

train losses    292:	0.1902	 0.179	0.3199	 0.303	0.2338	 0.218	0.3109	0.3199	0.2825	0.2883	0.4125	 0.411	
val losses      292:	0.1513	0.1527	0.2799	0.2821	0.2175	0.2315	0.3025	0.3128	0.5901	 0.535	0.9344	0.9292	 | 0.4099 mean
                     	0.4211	0.3906	0.7193	0.7379	 0.558	0.5945	0.7387	0.7906	  1.56	 1.476	 2.491	 2.476	 | 1.411 quantile
                      	 1.712	 1.644	 1.982	 1.863	 1.316	  1.32	 2.715	 2.339	  2.78	 2.732	 4.402	 4.264	 | 4.402 max

train losses    294:	0.1834	0.1754	0.3169	0.3015	0.2246	0.2155	0.2995	0.3054	0.2927	0.2928	 0.319	0.3207	
val losses      294:	0.1502	0.1516	 0.277	0.2795	 0.217	0.2316	0.2859	0.2966	0.5914	0.5342	0.9569	0.9501	 | 0.4102 mean
                     	0.4172	0.3866	 0.716	0.7344	0.5644	0.5969	0.6997	0.7592	 1.565	 1.472	 2.524	 2.507	 | 1.443 quantile
                      	  1.79	 1.676	 1.938	 1.845	 1.298	 1.318	 2.585	 2.223	 2.763	 2.709	 4.485	 4.343	 | 4.485 max

train losses    296:	0.1794	0.1737	0.3136	0.2977	0.2238	0.2216	 0.271	0.2715	0.3293	0.3271	0.3042	0.3085	
val losses      296:	0.1493	  0.15	 0.276	0.2786	0.2188	0.2317	0.2811	0.2931	0.5757	0.5274	0.9615	0.9566	 | 0.4083 mean
                     	0.4119	0.3796	0.7131	0.7332	0.5773	0.5933	0.6783	 0.744	 1.537	 1.438	 2.557	 2.546	 | 1.422 quantile
                      	 1.785	   1.7	 1.909	 1.834	 1.344	   1.3	 2.537	 2.145	 2.817	 2.727	 4.442	 4.279	 | 4.442 max

train losses    298:	0.1797	0.1742	0.3108	0.2956	0.2271	0.2226	0.2563	0.2504	0.3525	0.3478	0.2771	0.2788	
val losses      298:	0.1489	0.1508	0.2764	 0.279	0.2168	0.2298	0.2831	0.2977	0.5765	 0.526	0.9618	0.9564	 | 0.4086 mean
                     	0.4091	 0.382	0.7098	0.7319	0.5694	0.5945	0.6874	0.7533	 1.543	 1.441	 2.565	  2.54	 | 1.421 quantile
                      	 1.749	 1.676	 1.878	 1.816	 1.303	 1.313	  2.46	 2.188	 2.783	 2.701	 4.466	 4.292	 | 4.466 max

