train losses      0:	 0.576	0.5878	0.3578	0.3638	0.7216	0.7521	0.4789	0.4914	 1.546	 1.565	 1.449	 1.437	
val losses        0:	 1.502	0.9003	 1.495	0.4464	 2.915	 1.468	 2.883	0.6295	 2.247	 4.521	 3.964	 2.331	 | 2.108 mean
                     	 2.522	 1.949	 2.329	 1.126	 4.812	 3.098	 4.035	  1.47	   6.6	 9.026	 8.527	 5.956	 | 5.864 quantile
                      	 7.522	 6.051	 3.668	 2.529	 8.737	 7.086	 5.155	 2.956	 12.66	 17.35	 11.18	 7.856	 | 17.35 max

train losses      2:	0.5015	0.5117	0.3684	0.3764	0.6946	0.7111	0.4846	0.4864	 1.478	 1.508	 1.408	 1.418	
val losses        2:	0.4638	0.7926	 0.413	0.4199	0.7897	0.8719	 0.566	0.5518	 2.019	 2.019	 2.037	 2.084	 | 1.086 mean
                     	 1.233	  1.69	  1.03	 1.057	 2.209	 2.252	 1.384	 1.409	 5.946	 6.095	  5.15	 4.947	 | 3.83 quantile
                      	 5.061	 4.591	 2.397	 2.605	 5.739	 5.561	 2.563	 2.692	 11.41	  11.7	 7.842	 8.761	 | 11.7 max

train losses      4:	 0.473	0.4812	 0.395	0.4058	0.6628	0.6722	   0.5	0.5123	 1.341	  1.38	 1.354	 1.387	
val losses        4:	0.4932	0.5543	0.4808	0.4722	0.7466	0.8068	0.5421	0.5753	  1.79	 1.791	 1.857	 1.998	 | 1.009 mean
                     	 1.277	 1.388	 1.195	 1.164	 1.996	 2.059	 1.343	 1.412	 5.217	 5.513	   4.7	 4.765	 | 3.557 quantile
                      	 5.442	 6.575	 2.891	  2.31	 5.787	 5.045	 3.144	 2.704	 9.467	 9.171	 7.587	 8.307	 | 9.467 max

train losses      6:	0.4648	 0.475	0.4187	0.4436	0.6347	 0.631	0.5136	0.5322	 1.163	   1.2	 1.284	 1.336	
val losses        6:	0.4191	0.4646	0.4194	0.4337	0.6941	0.6744	 0.495	0.5426	  1.64	 1.666	 1.738	 1.909	 | 0.9247 mean
                     	 1.145	 1.234	 1.058	 1.083	 1.804	 1.857	 1.258	 1.345	 4.691	  5.06	  4.44	 4.718	 | 3.345 quantile
                      	  7.33	 8.576	 3.439	 2.257	 5.188	  6.01	 3.209	 2.864	 11.36	 8.355	 7.346	 7.731	 | 11.36 max

train losses      8:	0.4557	 0.471	0.4364	0.4751	0.6105	0.5866	0.5274	0.5296	 1.013	 1.042	 1.221	 1.288	
val losses        8:	0.3989	0.4549	0.3813	0.4671	0.6643	0.6289	0.4914	0.4903	 1.592	 1.617	 1.613	 1.823	 | 0.8852 mean
                     	 1.065	 1.209	0.9759	  1.16	 1.657	 1.718	 1.235	  1.24	 4.386	 4.566	 4.222	 4.685	 | 3.158 quantile
                      	 8.623	 10.86	 3.487	 2.563	 6.326	 8.992	 3.106	 2.517	 13.38	 11.11	 6.878	 7.278	 | 13.38 max

train losses     10:	0.4516	0.4657	0.4375	0.4838	0.5844	0.5561	0.5344	0.5302	  0.95	0.9975	 1.204	 1.266	
val losses       10:	0.3891	0.4431	 0.364	0.4418	0.6119	0.5937	0.4861	0.4905	 1.416	 1.426	 1.468	 1.745	 | 0.8229 mean
                     	 1.016	 1.162	0.9473	 1.113	 1.572	 1.593	 1.225	 1.253	 3.787	 3.874	 3.933	 4.385	 | 2.829 quantile
                      	 9.944	 14.09	 3.214	 2.486	 8.465	 11.36	 3.356	 3.146	 15.22	  13.3	  6.86	 7.222	 | 15.22 max

train losses     12:	 0.445	0.4534	0.4346	0.4766	0.5543	 0.535	0.5288	0.5314	 0.878	0.9081	 1.166	 1.226	
val losses       12:	0.3951	0.4422	0.3547	0.4439	0.5906	0.5869	0.4857	0.4818	 1.425	 1.448	 1.483	  1.74	 | 0.8231 mean
                     	 1.009	  1.16	0.9187	 1.124	 1.536	 1.562	 1.223	 1.226	 3.744	 3.761	 3.824	 4.324	 | 2.747 quantile
                      	 10.34	  15.6	 3.161	 2.604	 10.34	 12.81	 3.795	 3.325	 16.07	  14.2	 7.022	 7.301	 | 16.07 max

train losses     14:	0.4252	 0.434	0.4329	0.4636	0.5252	0.5199	0.5233	0.5215	0.8177	0.8288	 1.147	 1.186	
val losses       14:	0.3884	0.4271	0.3555	0.3974	0.5708	0.6041	0.4853	 0.476	 1.215	 1.177	 1.345	 1.581	 | 0.7519 mean
                     	 1.001	 1.089	0.9138	 1.008	 1.521	 1.615	 1.219	 1.192	 3.228	 3.039	 3.532	 4.048	 | 2.441 quantile
                      	 11.36	 17.09	 2.854	 2.312	 11.29	 13.26	 4.189	 2.885	 16.33	 14.29	 6.858	 7.124	 | 17.09 max

train losses     16:	0.4155	 0.417	0.4259	0.4404	0.5048	0.5081	0.5148	0.5151	0.7457	0.7339	 1.099	 1.134	
val losses       16:	0.3883	 0.408	0.3604	0.3733	0.5618	0.6187	0.4745	0.4673	 1.116	 1.076	 1.314	 1.505	 | 0.7219 mean
                     	 0.981	 1.037	0.9221	0.9465	 1.446	 1.592	 1.188	 1.183	 2.786	 2.565	 3.444	 3.879	 | 2.259 quantile
                      	 12.39	 17.92	  2.91	 2.298	 11.84	 14.05	 4.081	 2.717	 16.32	 15.12	 6.597	 6.802	 | 17.92 max

train losses     18:	0.4016	0.4041	0.4196	0.4302	0.4931	0.4913	0.5055	0.5068	0.6945	0.6833	 1.093	 1.111	
val losses       18:	0.3746	0.3957	0.3557	0.3603	0.5448	0.5842	0.4706	0.4641	 1.063	 1.038	 1.313	 1.461	 | 0.7021 mean
                     	0.9323	0.9752	0.9108	0.9073	 1.385	 1.482	 1.176	 1.181	 2.625	 2.309	 3.527	 3.763	 | 2.136 quantile
                      	 13.69	 19.05	 3.131	 2.429	 12.63	 15.29	 3.932	 2.578	 16.65	 15.85	 6.166	 6.415	 | 19.05 max

train losses     20:	0.3895	 0.388	0.4142	0.4183	0.4777	0.4748	0.4926	0.4983	0.6709	0.6657	 1.037	 1.059	
val losses       20:	0.3596	0.3893	0.3495	0.3517	0.5236	0.5593	0.4689	0.4606	 1.062	 1.036	  1.25	 1.372	 | 0.6819 mean
                     	0.8879	0.9616	0.9085	0.8909	 1.326	  1.44	 1.175	 1.163	 2.596	 2.269	 3.451	 3.622	 | 2.08 quantile
                      	 15.32	 20.42	 3.207	 2.129	 13.49	 15.91	 4.329	 2.515	 16.61	 15.74	 6.083	 6.177	 | 20.42 max

train losses     22:	0.3782	0.3785	0.4057	0.4095	0.4644	0.4611	0.4833	0.4878	0.6556	0.6535	 1.004	 1.021	
val losses       22:	0.3601	0.3883	0.3492	0.3418	0.5045	0.5567	0.4638	0.4552	 1.073	 1.047	 1.228	 1.321	 | 0.6741 mean
                     	0.9065	0.9477	0.9024	0.8619	 1.259	 1.365	  1.16	 1.149	 2.532	 2.298	 3.417	  3.51	 | 2.106 quantile
                      	 15.93	 20.96	  3.07	  1.88	 13.87	 16.31	   4.4	 2.442	 16.88	 15.57	 5.989	 5.973	 | 20.96 max

train losses     24:	0.3725	  0.37	0.4002	0.4049	0.4523	0.4485	0.4747	0.4784	0.6437	0.6435	 0.969	0.9862	
val losses       24:	0.3509	0.3738	0.3475	0.3385	0.4928	 0.539	0.4571	0.4477	 1.042	 1.024	 1.193	 1.273	 | 0.6565 mean
                     	0.8512	0.9036	0.8953	0.8521	 1.206	 1.299	 1.151	 1.146	 2.591	 2.229	 3.366	 3.482	 | 2.034 quantile
                      	 16.66	 21.63	  2.91	 1.844	 14.36	 17.03	 4.392	 2.489	 16.96	 15.68	 5.819	 5.814	 | 21.63 max

train losses     26:	0.3659	0.3629	0.3956	0.3995	0.4422	 0.436	0.4662	 0.469	0.6296	0.6294	0.9402	0.9544	
val losses       26:	0.3476	0.3693	0.3437	0.3344	0.4885	0.5234	0.4525	0.4396	 1.034	 1.019	 1.202	 1.271	 | 0.6521 mean
                     	0.8503	 0.889	0.8854	0.8468	 1.177	 1.241	 1.144	 1.126	 2.617	 2.203	 3.428	 3.519	 | 1.996 quantile
                      	 17.48	 22.28	   2.8	 1.896	 15.03	 17.91	 4.319	 2.253	 17.29	 15.89	  6.26	 5.604	 | 22.28 max

train losses     28:	0.3611	0.3573	0.3916	0.3956	0.4359	0.4272	0.4578	0.4612	 0.618	0.6202	0.9076	0.9241	
val losses       28:	0.3492	0.3685	0.3417	  0.33	0.4933	0.5264	0.4478	0.4319	 1.034	 1.012	 1.214	  1.27	 | 0.6515 mean
                     	0.8453	0.8794	0.8737	0.8334	 1.197	 1.234	 1.131	 1.111	 2.538	 2.153	 3.431	 3.534	 | 1.998 quantile
                      	 18.03	  22.8	 2.882	  1.87	 15.56	 18.48	 4.316	 2.089	 17.74	 16.39	 6.692	 6.111	 | 22.8 max

train losses     30:	0.3564	0.3511	0.3873	0.3897	0.4272	0.4178	0.4491	0.4516	0.6089	0.6127	0.8758	0.8918	
val losses       30:	0.3504	0.3678	0.3405	0.3261	0.4963	0.5267	0.4431	0.4254	 1.031	 1.005	 1.223	 1.264	 | 0.65 mean
                     	0.8328	 0.883	0.8725	0.8292	  1.21	 1.231	 1.119	   1.1	 2.501	 2.134	 3.444	 3.519	 | 1.985 quantile
                      	 18.89	  23.6	 2.832	 1.879	 16.08	 19.07	 4.297	 2.118	 17.99	 16.61	 7.338	 6.824	 | 23.6 max

train losses     32:	0.3516	 0.348	0.3846	0.3849	0.4179	0.4084	0.4418	0.4425	0.6043	0.6057	 0.845	0.8601	
val losses       32:	0.3502	0.3676	0.3401	0.3234	0.4973	0.5245	 0.438	0.4197	 1.034	 1.006	 1.228	 1.265	 | 0.6495 mean
                     	0.8375	0.8814	0.8679	0.8263	 1.212	 1.212	 1.114	 1.088	 2.504	 2.113	 3.461	 3.577	 | 1.986 quantile
                      	 19.68	 24.24	 2.678	 1.855	  16.9	 19.96	 4.399	 2.214	 18.19	 16.81	 8.046	 7.543	 | 24.24 max

train losses     34:	0.3489	 0.345	0.3804	0.3804	 0.413	0.4015	0.4321	0.4349	0.5914	0.5962	0.8248	0.8382	
val losses       34:	0.3498	 0.367	0.3386	0.3244	0.5058	 0.515	0.4373	0.4188	 1.053	 1.017	 1.371	 1.392	 | 0.6741 mean
                     	0.8537	0.8933	 0.863	0.8283	 1.244	 1.186	 1.125	 1.112	 2.507	 2.128	 3.663	 3.722	 | 2.077 quantile
                      	 20.41	 24.95	 2.668	 1.816	 17.72	  21.1	 4.345	 2.522	 18.46	 17.03	 8.084	 7.589	 | 24.95 max

train losses     36:	0.3469	0.3443	0.3759	0.3766	  0.41	0.3994	0.4256	0.4286	0.5973	0.5999	0.8514	0.8557	
val losses       36:	0.3565	  0.38	0.3409	0.3195	0.5034	0.5476	0.4322	0.4149	 1.045	 1.009	 1.334	 1.341	 | 0.6686 mean
                     	0.8725	0.9077	0.8775	0.8061	 1.186	 1.208	 1.112	  1.09	 2.525	 2.076	 3.689	 3.721	 | 2.145 quantile
                      	 21.03	 25.22	 2.517	 1.899	 18.82	 21.62	 4.689	 2.445	 18.76	 17.61	 10.82	 10.82	 | 25.22 max

train losses     38:	0.3506	0.3511	0.3764	0.3784	0.4132	0.4078	 0.425	0.4271	0.6076	0.6103	0.9919	0.9862	
val losses       38:	0.3595	0.3863	 0.338	0.3191	  0.51	0.5374	0.4423	0.4269	 1.109	 1.057	 1.493	  1.49	 | 0.7057 mean
                     	0.8627	0.9273	0.8557	0.8101	 1.228	 1.189	 1.142	 1.139	 2.648	 2.325	  3.97	 3.982	 | 2.212 quantile
                      	  21.4	 25.59	 3.043	 1.858	 18.92	 22.38	 4.111	 2.905	 18.87	  17.6	 7.931	 8.182	 | 25.59 max

train losses     40:	0.3815	0.3757	0.3776	0.3843	0.4306	 0.427	0.4293	0.4347	0.6345	0.6394	 1.126	 1.099	
val losses       40:	0.3736	 0.429	 0.343	0.3394	0.5476	0.6023	0.4353	0.4203	 1.113	 1.057	 1.564	 1.561	 | 0.7321 mean
                     	0.9363	 1.018	0.8736	 0.849	 1.326	 1.355	 1.136	 1.111	 2.771	 2.272	 4.079	 4.094	 | 2.335 quantile
                      	 21.37	 25.78	 2.853	 1.925	 19.04	 21.78	 4.654	 2.719	 18.93	 17.85	 9.128	 9.001	 | 25.78 max

train losses     42:	0.3744	0.3837	0.3784	0.3873	0.4445	0.4608	0.4368	0.4506	0.6783	0.6919	 1.096	 1.093	
val losses       42:	0.4197	0.4652	0.3475	0.3523	0.6309	0.6452	0.4545	0.4486	  1.29	 1.189	 1.813	 1.787	 | 0.8202 mean
                     	 1.076	 1.133	0.8803	0.8734	 1.615	  1.62	 1.194	 1.191	 3.517	 2.974	 4.535	 4.549	 | 2.845 quantile
                      	 20.12	 23.89	 3.038	 1.926	 18.58	 19.91	 4.115	 2.783	 17.97	 17.66	 6.857	 6.582	 | 23.89 max

train losses     44:	0.3813	0.3887	0.3747	0.3789	0.4552	 0.459	0.4335	0.4442	 0.816	0.8233	 1.023	 1.029	
val losses       44:	0.4118	0.4919	0.3487	0.3398	 0.656	0.7266	0.4605	0.4453	  1.51	 1.451	 1.839	 1.846	 | 0.8772 mean
                     	 1.074	 1.255	0.8856	0.8573	 1.694	 1.831	 1.163	 1.149	 4.163	 3.811	 4.484	 4.504	 | 3.079 quantile
                      	 18.73	  22.4	 3.462	 1.986	 17.57	 18.51	 4.549	 2.567	 16.19	  15.2	 7.611	 7.275	 | 22.4 max

train losses     46:	0.3789	 0.387	0.3761	 0.379	0.4462	0.4561	0.4299	0.4358	0.8041	0.7987	 0.954	0.9559	
val losses       46:	 0.418	 0.465	0.3507	0.3464	0.6385	0.6805	0.4669	0.4417	 1.347	 1.235	 1.766	 1.751	 | 0.8256 mean
                     	 1.066	 1.156	0.8923	0.8607	 1.635	 1.692	 1.159	 1.131	 3.534	 2.961	 4.356	 4.332	 | 2.865 quantile
                      	 19.26	  23.2	 3.422	 1.882	 17.48	 18.87	 4.878	 2.472	 17.15	 15.93	 7.431	 7.209	 | 23.2 max

train losses     48:	0.3849	0.3772	0.3777	0.3808	0.4451	0.4338	0.4305	0.4417	0.7033	 0.707	0.8726	0.8838	
val losses       48:	0.3891	0.4068	0.3473	0.3388	0.5594	0.5885	0.4433	0.4346	  1.08	 1.006	 1.492	 1.471	 | 0.713 mean
                     	 0.988	 1.009	0.8805	0.8686	 1.325	 1.357	 1.118	 1.131	 2.615	 2.235	  4.05	 4.026	 | 2.265 quantile
                      	 20.48	 24.62	 3.499	 2.294	  18.3	 19.97	 5.027	 2.644	 17.44	 16.39	  7.38	 7.873	 | 24.62 max

train losses     50:	0.3601	0.3587	0.3691	0.3729	 0.417	0.4109	0.4178	 0.428	0.6511	0.6589	0.8308	0.8395	
val losses       50:	0.3792	0.4029	0.3437	 0.332	0.5319	0.5642	0.4645	0.4527	 1.113	 1.067	 1.393	 1.386	 | 0.7026 mean
                     	0.9539	   1.0	 0.874	0.8597	 1.249	 1.241	 1.138	 1.168	 2.901	 2.512	 3.887	 3.882	 | 2.189 quantile
                      	 20.15	 24.49	 3.568	 2.008	 18.25	 20.27	 5.526	 3.022	 16.46	 15.44	 8.135	  8.85	 | 24.49 max

train losses     52:	0.3489	0.3466	0.3648	0.3667	0.4088	0.4005	0.4085	0.4166	0.6193	0.6304	0.7844	0.7913	
val losses       52:	0.3744	0.3969	0.3433	 0.327	0.5334	 0.553	0.4447	0.4322	 1.032	0.9568	 1.323	 1.323	 | 0.67 mean
                     	0.9315	0.9807	0.8803	0.8439	   1.3	 1.229	  1.12	 1.124	 2.495	 2.233	 3.789	 3.784	 | 2.072 quantile
                      	 20.66	  24.6	 3.345	 1.879	 18.58	 20.45	 4.818	   2.8	 16.92	 16.04	 8.955	 9.525	 | 24.6 max

train losses     54:	0.3398	0.3357	 0.361	0.3631	 0.399	0.3897	0.4021	  0.41	0.5855	0.5981	0.7506	0.7577	
val losses       54:	0.3666	0.3813	0.3393	0.3243	0.5279	0.5257	0.4318	0.4219	 1.032	0.9539	 1.264	 1.259	 | 0.6523 mean
                     	0.9073	 0.922	0.8696	0.8394	 1.281	 1.161	  1.11	   1.1	 2.446	 2.114	 3.711	 3.723	 | 2.003 quantile
                      	 21.71	 25.07	 3.178	 1.852	 19.01	 21.27	 4.437	 2.913	 17.73	  16.8	  9.69	 10.57	 | 25.07 max

train losses     56:	0.3343	 0.331	0.3591	0.3588	0.3874	 0.379	0.3962	0.4038	0.5629	0.5754	0.7246	 0.732	
val losses       56:	0.3584	0.3781	0.3369	0.3204	0.5232	0.5211	0.4275	0.4154	  1.04	0.9871	 1.275	 1.273	 | 0.6546 mean
                     	0.8924	0.9353	0.8648	0.8279	  1.25	 1.144	  1.11	 1.091	 2.586	 2.181	  3.68	 3.718	 | 1.986 quantile
                      	 22.29	 25.26	 3.172	 1.831	  19.3	 21.94	 4.432	 2.966	 18.01	 16.94	 10.41	 11.27	 | 25.26 max

train losses     58:	0.3267	0.3247	0.3553	0.3542	0.3795	0.3719	0.3913	0.3963	0.5537	0.5651	0.7029	0.7098	
val losses       58:	0.3567	0.3723	0.3353	 0.319	0.5176	0.5205	0.4257	0.4109	 1.041	0.9798	 1.284	  1.28	 | 0.6535 mean
                     	0.8792	0.9117	0.8604	0.8231	  1.22	  1.13	 1.108	  1.09	 2.488	 2.081	 3.686	 3.727	 | 2.006 quantile
                      	 22.68	 25.69	  3.25	 1.793	 19.73	 22.54	 4.539	 2.862	 18.16	 17.27	 10.69	 11.42	 | 25.69 max

train losses     60:	0.3232	0.3194	0.3533	0.3517	0.3733	0.3655	0.3854	0.3907	0.5474	0.5544	  0.68	0.6883	
val losses       60:	0.3549	0.3696	0.3344	0.3184	0.5097	0.5238	0.4241	0.4067	 1.027	0.9823	 1.276	 1.271	 | 0.6498 mean
                     	0.8856	0.9051	0.8582	0.8264	 1.166	 1.126	 1.097	 1.085	 2.478	 2.099	 3.682	 3.714	 | 1.996 quantile
                      	 23.14	 26.19	 3.358	 1.789	 20.27	 23.09	 4.735	 2.852	 18.25	 17.37	 11.13	 11.93	 | 26.19 max

train losses     62:	0.3215	0.3187	0.3509	0.3506	0.3688	0.3614	0.3823	 0.387	0.5388	0.5478	0.6641	0.6725	
val losses       62:	0.3552	0.3654	0.3341	0.3163	0.5134	0.5224	0.4208	0.4028	 1.029	0.9849	  1.27	 1.265	 | 0.6483 mean
                     	0.8795	0.8842	0.8582	0.8213	 1.208	 1.126	 1.095	 1.081	 2.477	 2.081	 3.631	 3.677	 | 1.994 quantile
                      	 23.33	 26.38	 3.317	 1.817	  20.7	  23.5	 4.874	 2.975	 18.47	 17.74	 11.53	 12.32	 | 26.38 max

train losses     64:	0.3193	0.3148	0.3492	0.3479	0.3654	0.3553	 0.378	0.3833	0.5329	0.5409	 0.648	0.6568	
val losses       64:	0.3518	0.3619	0.3331	0.3151	 0.517	0.5289	0.4192	0.4014	 1.037	 0.984	 1.276	 1.271	 | 0.6496 mean
                     	0.8788	0.8874	0.8537	0.8138	 1.209	  1.15	 1.103	 1.083	 2.476	 2.064	 3.636	 3.672	 | 1.998 quantile
                      	 23.73	 26.78	  3.25	 1.828	 20.98	 23.83	 4.815	 2.976	 18.59	 18.02	 11.89	 12.68	 | 26.78 max

train losses     66:	0.3159	 0.314	0.3472	0.3459	0.3612	0.3506	0.3736	0.3775	0.5251	0.5372	0.6293	0.6386	
val losses       66:	 0.353	0.3631	0.3327	 0.315	0.5178	0.5237	0.4183	0.3993	 1.037	0.9875	 1.272	 1.271	 | 0.6492 mean
                     	0.8761	0.8903	 0.852	0.8159	 1.208	 1.125	 1.095	  1.08	 2.498	 2.092	 3.626	 3.683	 | 1.995 quantile
                      	 24.02	 27.05	 3.272	 1.848	 21.42	 24.37	 4.844	 3.056	 18.57	 18.17	 12.44	 13.24	 | 27.05 max

train losses     68:	0.3117	0.3112	0.3458	 0.344	0.3596	 0.349	0.3723	0.3762	0.5201	0.5303	0.6173	 0.625	
val losses       68:	0.3525	0.3634	0.3322	0.3149	0.5183	0.5269	0.4178	0.3992	 1.038	0.9946	 1.277	 1.276	 | 0.6508 mean
                     	0.8779	0.8795	0.8525	0.8116	  1.21	  1.14	 1.103	 1.082	  2.51	 2.099	  3.62	 3.682	 | 1.978 quantile
                      	 24.17	  27.3	 3.172	 1.851	 21.78	 24.71	 4.717	 3.082	 18.73	 18.42	 12.82	 13.62	 | 27.3 max

train losses     70:	0.3116	0.3102	0.3429	0.3426	0.3533	0.3467	0.3666	0.3708	0.5151	0.5264	0.6004	0.6098	
val losses       70:	0.3505	0.3614	0.3315	0.3144	0.5199	0.5283	0.4168	0.3969	 1.044	0.9987	 1.274	 1.274	 | 0.6508 mean
                     	0.8713	0.8768	0.8517	0.8116	 1.213	 1.133	 1.096	  1.08	 2.508	 2.084	 3.615	 3.659	 | 1.989 quantile
                      	 24.35	 27.49	 3.121	 1.852	 22.15	 25.06	 4.741	 3.184	 18.85	 18.59	 13.25	 14.07	 | 27.49 max

train losses     72:	0.3102	 0.309	0.3425	0.3415	0.3509	0.3425	0.3643	0.3689	0.5087	0.5193	0.5899	0.6007	
val losses       72:	0.3501	0.3607	0.3312	0.3141	0.5209	0.5303	0.4163	0.3958	  1.05	 1.005	 1.281	 1.279	 | 0.6528 mean
                     	0.8717	0.8775	 0.849	 0.808	 1.213	 1.143	 1.096	 1.081	 2.517	 2.096	 3.621	 3.658	 | 1.984 quantile
                      	 24.51	 27.72	 3.155	 1.864	 22.39	 25.36	 4.693	 3.258	 18.84	 18.67	  13.3	 14.18	 | 27.72 max

train losses     74:	0.3084	0.3057	 0.341	0.3393	0.3476	  0.34	0.3615	0.3661	0.5063	0.5154	0.5821	 0.591	
val losses       74:	0.3492	0.3596	 0.331	0.3137	0.5235	 0.531	0.4161	0.3952	 1.051	 1.004	 1.273	 1.272	 | 0.6516 mean
                     	0.8755	0.8774	0.8459	0.8065	 1.216	 1.139	 1.101	 1.081	 2.542	 2.096	 3.542	 3.622	 | 1.997 quantile
                      	 24.99	 28.23	 3.148	 1.873	 22.76	 25.77	  4.55	 3.335	 19.02	 18.93	 13.73	  14.6	 | 28.23 max

train losses     76:	0.3076	0.3033	0.3396	0.3384	0.3451	0.3371	0.3575	0.3618	0.4989	0.5125	0.5762	0.5837	
val losses       76:	  0.35	0.3594	0.3308	0.3139	0.5243	0.5291	0.4161	0.3949	 1.058	 1.014	 1.288	 1.286	 | 0.6554 mean
                     	0.8754	0.8717	0.8445	0.8072	 1.223	 1.127	   1.1	 1.082	 2.539	 2.108	 3.579	  3.62	 | 1.999 quantile
                      	 25.03	 28.31	 3.133	 1.855	 23.03	 26.05	 4.515	 3.359	 19.25	 19.13	 13.92	  14.8	 | 28.31 max

train losses     78:	0.3043	0.3031	0.3383	0.3366	0.3433	0.3359	0.3564	  0.36	0.4958	0.5061	0.5854	0.5938	
val losses       78:	0.3496	0.3579	0.3308	0.3138	0.5233	0.5317	0.4154	0.3943	 1.055	 1.013	 1.303	 1.302	 | 0.6574 mean
                     	  0.87	0.8653	0.8451	 0.806	 1.228	 1.135	 1.101	 1.083	 2.536	 2.127	 3.572	 3.635	 | 1.995 quantile
                      	 25.23	 28.58	 3.141	 1.849	 23.34	 26.39	 4.568	 3.487	 19.36	 19.25	 14.03	 14.92	 | 28.58 max

train losses     80:	0.3032	0.3027	0.3365	0.3349	0.3413	0.3343	 0.355	0.3587	0.4936	0.5011	 0.637	0.6408	
val losses       80:	0.3515	0.3606	0.3308	0.3133	0.5286	0.5365	0.4161	0.3933	  1.06	 1.015	 1.321	 1.321	 | 0.6622 mean
                     	0.8853	0.8746	0.8444	0.8056	 1.252	 1.138	 1.104	 1.081	 2.533	 2.122	 3.606	 3.656	 | 2.047 quantile
                      	 25.47	 28.86	 3.132	  1.86	 23.51	  26.5	 4.412	 3.522	 19.68	 19.53	 14.46	 15.41	 | 28.86 max

train losses     82:	0.3024	0.3014	0.3355	0.3335	0.3383	0.3312	0.3536	0.3569	0.4937	0.5004	0.6993	 0.702	
val losses       82:	0.3529	0.3641	0.3312	0.3137	0.5334	 0.539	0.4179	0.3952	 1.066	 1.019	 1.361	 1.352	 | 0.6705 mean
                     	0.8825	0.8814	0.8409	0.8037	 1.248	  1.14	 1.107	 1.099	 2.529	 2.099	 3.685	 3.721	 | 2.057 quantile
                      	 25.47	 28.74	 3.194	  1.86	  23.7	 26.74	 4.322	 3.505	 19.59	  19.5	 13.64	 14.63	 | 28.74 max

train losses     84:	0.3033	0.3027	0.3351	0.3331	0.3393	0.3365	0.3542	0.3591	0.4961	0.5061	0.8116	0.8109	
val losses       84:	0.3567	0.3764	0.3314	0.3141	0.5336	0.5454	0.4155	0.3913	 1.079	 1.025	 1.485	 1.481	 | 0.6945 mean
                     	0.8988	0.9142	0.8449	0.8063	 1.222	  1.15	 1.096	 1.073	 2.535	 2.145	 3.895	 3.846	 | 2.344 quantile
                      	 25.77	 29.02	 3.149	 1.867	 23.97	 26.93	 4.482	  3.62	 19.82	 19.87	 14.06	 15.07	 | 29.02 max

train losses     86:	0.3086	0.3074	0.3361	0.3339	0.3467	0.3438	0.3556	  0.36	0.5104	0.5172	0.7618	0.7697	
val losses       86:	0.3605	0.3803	0.3321	0.3154	0.5497	0.5522	 0.421	0.3957	 1.069	 1.027	 1.513	 1.497	 | 0.701 mean
                     	0.9072	0.9085	0.8455	0.8037	 1.288	 1.188	 1.117	 1.103	 2.531	 2.208	 4.007	 4.048	 | 2.2 quantile
                      	 25.69	 28.88	 3.334	 1.901	 24.22	 27.15	 4.493	  3.47	 19.63	 19.64	 11.85	 12.66	 | 28.88 max

train losses     88:	0.3075	0.3066	0.3348	0.3316	0.3458	0.3436	0.3535	0.3571	0.5047	0.5124	0.6419	0.6497	
val losses       88:	0.3534	0.3733	0.3325	0.3147	0.5425	0.5539	  0.42	0.3953	 1.044	 1.001	 1.436	 1.434	 | 0.6833 mean
                     	0.8885	0.8982	0.8481	 0.803	  1.23	 1.178	 1.087	 1.067	 2.479	 2.106	 3.855	 3.869	 | 2.196 quantile
                      	 26.08	 29.81	  3.18	 1.858	 24.27	 27.15	 4.466	 3.591	 19.65	 19.47	 12.83	 13.69	 | 29.81 max

train losses     90:	0.3055	0.3022	0.3337	0.3317	0.3403	0.3374	0.3482	0.3537	0.5044	0.5136	 0.601	0.6109	
val losses       90:	0.3535	0.3597	0.3312	0.3137	0.5307	0.5387	0.4187	0.3963	 1.061	 1.011	 1.317	 1.315	 | 0.6621 mean
                     	0.8721	0.8593	0.8447	0.8001	 1.175	  1.09	 1.098	 1.077	 2.554	 2.144	 3.651	 3.717	 | 2.089 quantile
                      	 26.18	 30.21	 3.154	 1.898	  24.5	 27.01	 4.316	 3.716	 19.57	 19.55	 13.68	 14.36	 | 30.21 max

train losses     92:	0.3023	0.2997	0.3326	0.3305	0.3376	 0.332	0.3469	0.3508	0.5194	0.5298	0.5875	0.5947	
val losses       92:	0.3567	0.3648	0.3306	0.3131	0.5609	0.5493	0.4199	0.3985	  1.13	 1.056	 1.296	 1.308	 | 0.6737 mean
                     	0.8978	0.8732	0.8414	0.8033	 1.278	 1.204	  1.11	 1.083	 2.712	 2.201	 3.645	 3.714	 | 2.115 quantile
                      	 26.16	 30.14	 3.094	 1.945	 24.88	 27.29	 4.317	 3.875	 19.59	 19.56	 14.96	 15.67	 | 30.14 max

train losses     94:	 0.301	0.2978	0.3316	0.3299	0.3319	 0.328	 0.345	0.3495	0.5014	0.5119	0.5891	0.5942	
val losses       94:	0.3571	0.3675	0.3308	0.3136	0.5429	0.5478	0.4241	 0.402	 1.143	 1.077	 1.381	 1.385	 | 0.6893 mean
                     	0.8968	0.8848	0.8408	0.7997	 1.271	 1.169	 1.126	 1.106	 2.703	 2.244	 3.756	 3.756	 | 2.122 quantile
                      	 26.38	 30.17	 3.141	 2.099	 24.77	 27.35	 4.164	 3.813	 19.79	 19.91	 14.18	 14.94	 | 30.17 max

train losses     96:	0.2963	0.2948	0.3307	0.3283	0.3288	0.3262	0.3411	0.3453	0.4948	0.5058	0.5594	0.5674	
val losses       96:	0.3538	0.3588	0.3308	0.3131	0.5309	0.5444	 0.419	0.3946	 1.083	 1.039	 1.319	 1.319	 | 0.6671 mean
                     	0.8863	0.8387	0.8403	0.8076	 1.173	 1.111	 1.112	 1.094	 2.601	 2.193	 3.579	 3.621	 | 2.042 quantile
                      	 26.49	 30.33	 3.244	 2.176	 25.09	 27.88	 4.339	 3.902	  20.1	 20.22	 14.42	 15.26	 | 30.33 max

train losses     98:	0.2969	0.2942	0.3297	0.3263	0.3276	0.3228	0.3398	0.3427	0.4952	 0.507	0.5582	0.5639	
val losses       98:	0.3532	0.3594	  0.33	0.3122	0.5363	0.5413	 0.417	0.3935	 1.114	 1.068	 1.314	 1.309	 | 0.6707 mean
                     	0.8795	0.8664	0.8364	0.8034	 1.219	 1.116	 1.103	 1.087	 2.601	 2.308	 3.538	 3.614	 | 2.092 quantile
                      	 26.54	 30.51	 3.256	 2.268	 25.05	  27.8	  4.09	 3.928	 19.91	 20.05	 13.92	 14.83	 | 30.51 max

train losses    100:	0.2942	0.2931	0.3285	0.3251	0.3255	0.3216	0.3364	0.3399	0.4898	0.5029	0.5573	0.5643	
val losses      100:	0.3524	0.3596	 0.331	0.3127	0.5411	0.5559	0.4188	0.3953	 1.117	 1.069	 1.317	 1.308	 | 0.6732 mean
                     	0.8802	0.8603	0.8384	0.8007	 1.235	 1.148	 1.105	 1.089	 2.622	 2.321	 3.552	 3.597	 | 2.126 quantile
                      	 26.81	 30.79	 3.221	  2.35	  25.3	 28.04	  4.04	 3.912	 19.87	 20.07	 14.32	 15.17	 | 30.79 max

train losses    102:	 0.292	0.2913	0.3281	0.3243	0.3248	0.3186	0.3345	0.3381	0.4834	0.4981	0.5143	0.5235	
val losses      102:	 0.351	0.3547	0.3311	0.3125	0.5353	0.5417	0.4173	0.3948	 1.094	 1.039	 1.287	 1.284	 | 0.6618 mean
                     	0.8641	0.8442	0.8364	0.8065	 1.188	 1.098	 1.099	 1.098	 2.582	 2.208	 3.514	 3.557	 | 2.064 quantile
                      	 26.94	 30.73	 3.273	 2.339	 25.56	 28.28	 4.055	 4.012	 20.32	 20.45	 14.68	 15.54	 | 30.73 max

train losses    104:	 0.293	0.2917	0.3265	0.3233	0.3206	0.3198	0.3308	0.3343	0.4763	0.4907	0.4911	0.4983	
val losses      104:	0.3516	0.3558	0.3308	0.3113	  0.54	0.5409	0.4177	0.3956	 1.102	  1.04	 1.279	 1.282	 | 0.6622 mean
                     	0.8772	0.8514	0.8399	0.8016	 1.211	 1.101	 1.096	 1.091	 2.645	 2.219	 3.512	 3.556	 | 2.08 quantile
                      	 27.03	 30.88	 3.291	 2.343	 25.62	 28.33	 3.984	 4.073	 20.52	  20.6	 14.89	 15.71	 | 30.88 max

train losses    106:	0.2913	0.2917	0.3265	0.3228	0.3179	0.3165	 0.329	0.3327	  0.46	0.4715	 0.477	0.4856	
val losses      106:	0.3486	 0.354	0.3308	0.3123	0.5363	0.5438	0.4187	0.3965	 1.081	 1.027	 1.277	 1.282	 | 0.659 mean
                     	0.8704	0.8334	0.8392	 0.803	 1.218	 1.104	 1.107	 1.094	 2.573	 2.177	 3.483	 3.544	 | 2.027 quantile
                      	 27.05	 30.95	  3.27	 2.426	 25.62	 28.38	 4.035	 4.162	 20.23	 20.32	 14.91	  15.7	 | 30.95 max

train losses    108:	0.2882	0.2895	0.3258	0.3222	0.3175	0.3148	0.3272	0.3301	0.4524	 0.464	0.4728	0.4818	
val losses      108:	0.3489	0.3541	0.3307	0.3115	0.5383	0.5434	0.4185	 0.396	 1.082	 1.029	  1.28	 1.283	 | 0.6596 mean
                     	0.8718	0.8321	0.8368	0.7994	 1.229	 1.109	 1.102	 1.089	 2.593	 2.226	 3.425	 3.518	 | 2.031 quantile
                      	 27.12	 31.02	 3.246	 2.481	 25.78	 28.42	 3.871	 4.146	 20.13	 20.21	 14.95	 15.74	 | 31.02 max

train losses    110:	0.2874	0.2881	0.3243	0.3202	 0.317	0.3119	0.3237	0.3269	0.4486	0.4601	0.4661	0.4743	
val losses      110:	0.3492	0.3518	0.3306	0.3113	0.5343	0.5412	0.4172	0.3948	  1.07	 1.022	 1.277	 1.281	 | 0.6566 mean
                     	 0.851	0.8206	0.8337	0.8016	 1.193	 1.105	 1.095	 1.096	 2.564	 2.239	 3.445	 3.501	 | 2.027 quantile
                      	 27.26	 31.13	 3.333	 2.519	 26.06	 28.76	 3.944	 4.216	 20.09	 20.14	  15.1	 15.88	 | 31.13 max

train losses    112:	0.2866	0.2857	0.3237	0.3198	0.3142	0.3109	0.3215	0.3247	0.4438	0.4533	0.4593	 0.468	
val losses      112:	0.3475	0.3514	0.3308	 0.311	0.5356	0.5403	0.4182	0.3964	 1.084	 1.031	 1.269	 1.271	 | 0.6572 mean
                     	0.8538	0.8298	0.8372	0.7991	 1.204	 1.104	 1.098	 1.086	 2.596	 2.196	 3.438	   3.5	 | 2.051 quantile
                      	 27.07	 30.99	 3.285	 2.535	 26.14	 28.77	 4.012	 4.267	 20.37	 20.41	 15.49	 16.25	 | 30.99 max

train losses    114:	0.2849	0.2852	0.3235	0.3189	0.3117	0.3096	0.3201	0.3236	0.4398	0.4484	 0.471	0.4805	
val losses      114:	0.3494	0.3545	0.3307	0.3116	0.5331	0.5412	0.4185	0.3964	 1.091	 1.041	 1.313	 1.314	 | 0.6662 mean
                     	0.8545	0.8251	0.8325	0.7951	 1.204	 1.099	   1.1	 1.086	 2.628	 2.279	 3.482	 3.543	 | 2.044 quantile
                      	 27.06	 31.08	 3.304	 2.632	 26.14	 28.76	 4.045	 4.287	 20.12	 20.09	 14.88	 15.63	 | 31.08 max

train losses    116:	0.2849	0.2842	0.3222	 0.318	0.3105	0.3076	0.3197	0.3224	0.4424	0.4502	0.4672	0.4762	
val losses      116:	0.3469	0.3514	 0.331	0.3111	0.5328	0.5421	0.4193	0.3977	 1.092	 1.036	 1.274	 1.276	 | 0.6592 mean
                     	  0.85	0.8179	0.8348	0.7979	 1.178	 1.094	 1.101	 1.085	 2.617	 2.192	  3.43	 3.478	 | 2.044 quantile
                      	 27.09	  31.2	 3.329	 2.642	 26.12	 28.74	 4.108	  4.36	 20.46	 20.48	  15.6	 16.34	 | 31.2 max

train losses    118:	0.2825	0.2842	0.3216	0.3177	0.3084	0.3053	0.3172	0.3204	0.4412	0.4476	0.4868	0.4956	
val losses      118:	 0.347	0.3524	 0.331	0.3114	0.5355	0.5408	0.4193	0.3987	 1.094	 1.037	 1.296	 1.303	 | 0.6639 mean
                     	0.8455	0.8228	0.8356	0.8004	 1.215	 1.099	   1.1	 1.097	   2.6	  2.23	 3.489	 3.546	 | 2.048 quantile
                      	 27.14	  31.2	 3.361	 2.612	 26.26	 28.94	 4.141	 4.404	 20.55	 20.51	 15.46	 16.19	 | 31.2 max

train losses    120:	0.2835	0.2805	0.3216	0.3168	0.3068	0.3046	 0.315	0.3167	0.4455	0.4507	0.4993	 0.506	
val losses      120:	0.3496	0.3551	0.3306	0.3113	0.5341	0.5419	0.4223	0.3992	 1.088	  1.03	 1.365	 1.367	 | 0.6745 mean
                     	0.8565	0.8384	0.8362	0.7945	 1.223	 1.129	 1.105	   1.1	 2.634	 2.286	 3.589	 3.613	 | 2.102 quantile
                      	 27.37	 31.36	  3.41	 2.759	 26.58	 29.29	 4.172	 4.403	 20.29	 20.25	 14.52	 15.21	 | 31.36 max

train losses    122:	0.2839	0.2817	0.3206	 0.316	0.3044	0.3031	0.3139	0.3164	0.4499	0.4559	0.4786	 0.486	
val losses      122:	0.3452	0.3502	0.3315	0.3107	 0.534	0.5461	 0.419	0.3974	 1.096	 1.035	 1.284	 1.288	 | 0.6615 mean
                     	0.8513	0.8162	0.8361	0.7981	 1.148	 1.087	 1.105	 1.091	  2.59	 2.238	 3.471	 3.552	 | 2.085 quantile
                      	 27.59	 31.63	 3.305	 2.669	 26.65	 29.31	 4.324	 4.574	 20.79	 20.71	 15.99	 16.71	 | 31.63 max

train losses    124:	0.2826	0.2831	0.3196	0.3153	0.3095	0.3081	0.3144	0.3168	0.4757	0.4789	0.5344	0.5433	
val losses      124:	0.3522	0.3605	0.3308	0.3114	0.5351	0.5466	0.4221	0.3985	 1.116	 1.055	 1.398	 1.405	 | 0.6859 mean
                     	0.8548	0.8402	0.8296	0.7956	  1.21	 1.152	 1.104	 1.092	 2.645	 2.427	 3.656	 3.717	 | 2.146 quantile
                      	 27.43	 31.49	 3.384	 2.807	 26.72	 29.42	  4.36	 4.604	 20.12	  20.1	 14.51	 15.19	 | 31.49 max

train losses    126:	0.2824	 0.284	0.3199	0.3149	 0.312	0.3089	0.3143	0.3163	0.4627	0.4685	0.5079	0.5156	
val losses      126:	 0.349	0.3563	0.3307	0.3109	0.5338	0.5449	0.4205	0.3967	 1.098	 1.037	 1.347	 1.353	 | 0.6731 mean
                     	0.8493	0.8323	0.8373	0.7976	 1.194	  1.12	   1.1	 1.087	 2.603	 2.331	  3.57	 3.638	 | 2.096 quantile
                      	 27.45	 31.65	 3.369	 2.779	 26.81	 29.43	 4.371	  4.63	  20.2	 20.12	 14.83	 15.53	 | 31.65 max

train losses    128:	0.2816	0.2833	0.3196	0.3142	0.3099	0.3091	 0.312	0.3144	0.4526	0.4537	0.4784	0.4867	
val losses      128:	0.3473	0.3557	0.3308	0.3102	0.5345	0.5477	0.4256	0.4043	 1.092	 1.031	 1.298	   1.3	 | 0.6648 mean
                     	0.8511	0.8372	0.8345	0.7983	 1.178	 1.112	 1.114	 1.101	 2.624	 2.278	 3.449	 3.509	 | 2.045 quantile
                      	 27.43	 31.72	 3.286	 2.833	 26.68	 29.31	 4.333	  4.56	 20.14	 20.08	 15.46	 16.17	 | 31.72 max

train losses    130:	0.2804	0.2807	0.3187	0.3133	0.3083	0.3113	0.3118	0.3136	 0.445	0.4477	0.4716	0.4782	
val losses      130:	  0.35	0.3572	0.3309	0.3109	0.5378	0.5393	0.4211	0.3989	 1.095	 1.037	  1.34	 1.342	 | 0.6716 mean
                     	0.8425	0.8346	 0.829	0.7971	 1.199	 1.101	 1.107	 1.082	 2.617	 2.247	 3.539	 3.584	 | 2.059 quantile
                      	 27.36	  31.7	  3.32	 2.895	 26.94	 29.38	 4.495	 4.741	 20.37	 20.31	 15.14	 15.75	 | 31.7 max

train losses    132:	0.2811	0.2812	0.3181	0.3136	0.3084	0.3068	  0.31	0.3123	0.4428	0.4443	0.4726	0.4823	
val losses      132:	0.3492	0.3567	0.3305	0.3104	0.5379	0.5452	0.4229	0.4008	 1.115	 1.051	 1.318	 1.322	 | 0.6717 mean
                     	0.8537	0.8422	0.8293	0.7967	 1.199	  1.13	 1.104	 1.095	 2.617	 2.293	 3.478	 3.562	 | 2.073 quantile
                      	 27.52	 31.92	 3.275	 2.945	 26.94	 29.38	 4.539	 4.784	 20.16	 20.13	 15.44	 16.03	 | 31.92 max

train losses    134:	 0.279	0.2809	0.3175	0.3124	0.3067	0.3043	0.3065	0.3092	0.4373	 0.439	 0.471	 0.479	
val losses      134:	0.3489	0.3558	0.3312	0.3111	0.5349	0.5453	0.4217	0.3987	 1.112	 1.052	 1.377	 1.383	 | 0.6809 mean
                     	0.8444	0.8166	0.8309	 0.798	 1.196	 1.136	 1.112	 1.085	 2.625	 2.342	 3.618	 3.684	 | 2.117 quantile
                      	 27.56	 32.02	  3.35	 3.009	 27.03	 29.52	  4.64	 4.894	 19.92	 19.89	 14.99	  15.6	 | 32.02 max

train losses    136:	0.2798	0.2797	0.3174	0.3114	 0.304	 0.303	0.3059	 0.308	0.4515	0.4552	 0.451	0.4601	
val losses      136:	0.3466	0.3521	 0.331	0.3101	0.5373	0.5449	 0.424	0.4016	 1.104	 1.038	 1.321	 1.322	 | 0.6694 mean
                     	 0.849	 0.814	0.8311	0.7911	 1.215	 1.119	 1.111	  1.09	 2.674	 2.285	 3.452	 3.538	 | 2.055 quantile
                      	 27.51	 32.12	 3.284	 3.042	 27.01	 29.48	 4.629	 4.856	 19.87	 19.87	 15.22	  15.8	 | 32.12 max

train losses    138:	0.2776	0.2802	0.3162	0.3113	0.3004	0.3025	0.3046	0.3075	0.4926	0.5011	0.4313	0.4378	
val losses      138:	0.3473	 0.355	 0.331	  0.31	0.5384	0.5467	0.4215	0.3991	 1.147	 1.073	 1.289	 1.288	 | 0.6706 mean
                     	0.8365	0.8397	0.8334	0.7973	 1.208	 1.111	 1.101	 1.077	 2.762	 2.267	 3.405	  3.48	 | 2.094 quantile
                      	 27.46	 32.06	 3.344	 3.016	 26.99	 29.44	 4.683	 4.947	 19.89	 19.89	 15.51	 16.09	 | 32.06 max

train losses    140:	0.2762	 0.279	0.3168	 0.312	0.3008	0.3009	0.3029	0.3063	0.5105	0.5202	0.4266	 0.434	
val losses      140:	0.3447	 0.353	0.3302	0.3091	0.5496	0.5519	0.4238	0.4023	 1.218	 1.149	 1.278	  1.28	 | 0.6825 mean
                     	0.8363	0.8348	0.8346	0.7919	  1.22	 1.107	 1.105	 1.082	 2.987	 2.488	 3.412	 3.471	 | 2.208 quantile
                      	 27.62	 32.33	 3.474	 3.044	 27.25	 29.81	 4.713	 4.973	 20.01	 20.01	 15.91	 16.42	 | 32.33 max

train losses    142:	0.2766	0.2803	 0.316	0.3109	0.3018	0.3041	0.3056	0.3079	0.4875	0.4962	0.4648	0.4725	
val losses      142:	0.3487	0.3543	0.3325	0.3115	0.5424	0.5491	0.4329	0.4124	 1.163	 1.092	 1.305	 1.307	 | 0.6792 mean
                     	0.8469	0.8325	 0.835	0.7928	 1.204	 1.083	 1.118	 1.107	 2.811	 2.366	 3.502	 3.552	 | 2.116 quantile
                      	 27.68	 32.36	 3.437	 3.185	  27.2	 29.62	 4.518	 4.817	  19.7	 19.73	 15.54	 16.09	 | 32.36 max

train losses    144:	0.2804	0.2822	0.3168	0.3109	0.3081	0.3093	0.3079	0.3103	0.4456	0.4551	0.5117	0.5195	
val losses      144:	0.3492	0.3572	0.3331	0.3124	 0.547	0.5512	0.4425	0.4208	 1.122	 1.052	 1.383	 1.387	 | 0.6881 mean
                     	0.8583	0.8448	0.8415	0.7869	 1.208	 1.097	  1.14	 1.124	 2.644	 2.259	 3.606	 3.662	 | 2.116 quantile
                      	 27.51	 32.26	 3.467	 3.245	 27.34	 29.71	 4.612	   5.0	 19.69	 19.82	 14.74	 15.23	 | 32.26 max

train losses    146:	0.2863	 0.285	0.3155	0.3105	0.3148	0.3152	0.3066	0.3079	0.4472	0.4601	0.5531	0.5597	
val losses      146:	0.3563	0.3667	0.3321	0.3126	0.5466	0.5587	0.4344	0.4117	 1.125	 1.063	 1.451	 1.455	 | 0.7011 mean
                     	0.8769	0.8808	0.8337	0.7908	  1.22	 1.144	 1.132	 1.103	 2.674	 2.344	 3.748	 3.784	 | 2.185 quantile
                      	 27.49	 32.17	 3.429	 3.234	 27.19	 29.53	 4.543	 4.937	 19.31	 19.41	 13.81	 14.27	 | 32.17 max

train losses    148:	0.2904	0.2986	0.3167	0.3122	  0.32	0.3235	 0.312	0.3149	0.4853	0.5059	0.6621	 0.669	
val losses      148:	0.3686	0.3998	0.3319	0.3134	0.5642	0.5862	0.4295	0.4043	 1.161	 1.093	 1.508	 1.502	 | 0.7218 mean
                     	0.8979	0.9646	0.8395	 0.791	 1.304	 1.211	 1.107	 1.071	 2.813	 2.351	  3.82	 3.842	 | 2.333 quantile
                      	 27.04	  31.7	 3.505	 3.142	 26.59	  28.8	 4.714	  4.96	 18.65	 18.71	  13.9	 14.36	 | 31.7 max

train losses    150:	0.3465	0.3518	0.3301	0.3293	0.3769	0.3829	0.3739	0.3744	0.6715	0.7723	 1.471	 1.476	
val losses      150:	0.4199	0.5089	0.3442	0.3342	 0.628	0.6641	 0.471	0.4543	  1.55	 1.506	 1.875	 1.861	 | 0.8847 mean
                     	 1.026	 1.201	0.8794	0.8242	 1.538	 1.632	 1.236	 1.178	 4.368	  3.82	 4.874	 4.851	 | 3.232 quantile
                      	 25.07	 28.89	 3.605	 2.747	 23.56	 25.39	 4.316	 4.683	 16.46	 16.64	 9.921	 10.39	 | 28.89 max

train losses    152:	0.4463	 0.453	0.3572	0.3575	0.4815	0.4998	 0.464	0.4846	  1.11	 1.174	 1.445	 1.454	
val losses      152:	0.5947	0.6712	0.3549	0.3389	0.7406	0.7659	0.5121	0.5123	 1.909	 1.687	 2.146	 2.138	 | 1.031 mean
                     	 1.491	 1.715	0.9169	0.8421	 2.027	 2.087	 1.334	 1.326	 5.413	 4.863	 5.437	 5.473	 | 3.687 quantile
                      	 17.42	  18.8	  2.88	 2.653	 17.02	 18.35	 3.241	 3.712	 11.19	 10.46	 8.325	 8.014	 | 18.8 max

train losses    154:	0.4634	0.4979	0.3425	0.3383	0.5726	0.5929	  0.45	 0.452	 1.171	 1.183	 1.324	 1.323	
val losses      154:	0.5093	0.5891	0.3351	0.3182	0.7795	0.8214	0.4853	0.4737	 2.138	 1.999	 2.155	 2.139	 | 1.062 mean
                     	 1.411	 1.615	0.8755	0.8114	 2.184	 2.316	 1.272	 1.211	 6.714	 6.252	  5.27	 5.345	 | 3.909 quantile
                      	 12.14	 13.26	 2.833	 1.838	 11.48	 13.11	 3.879	 3.024	 11.17	 10.93	 8.475	 8.103	 | 13.26 max

train losses    156:	0.4533	0.4817	0.3441	0.3379	0.5454	0.5715	0.4749	0.4763	 1.046	 1.052	 1.315	 1.313	
val losses      156:	0.4901	0.5384	0.3359	0.3178	0.7929	0.8404	0.4835	0.4804	 2.122	 2.035	 2.166	 2.144	 | 1.062 mean
                     	  1.41	 1.493	0.8779	0.8072	 2.215	  2.35	 1.281	 1.233	 6.582	 6.368	 5.228	 5.318	 | 3.951 quantile
                      	 10.42	 13.14	 2.551	 1.833	 10.75	 11.66	 3.238	 2.679	  11.1	 11.73	 8.504	 8.105	 | 13.14 max

train losses    158:	0.4499	0.4713	0.3443	0.3374	0.5307	0.5412	0.4629	0.4709	0.9579	0.9662	   1.3	 1.298	
val losses      158:	0.5054	0.5438	0.3385	0.3197	0.7608	0.8161	0.4959	0.5053	 1.938	 1.846	 2.185	 2.153	 | 1.034 mean
                     	  1.46	 1.506	0.8747	 0.817	 2.061	 2.249	 1.294	 1.248	 5.877	 5.692	 5.301	 5.285	 | 3.849 quantile
                      	 10.44	 12.87	 2.419	 1.758	 12.84	 13.29	 2.351	  3.09	 10.04	 14.08	 8.601	 8.154	 | 14.08 max

train losses    160:	0.4356	0.4554	0.3411	 0.334	0.5013	0.5176	 0.444	0.4537	0.8918	0.9052	 1.262	 1.257	
val losses      160:	0.4967	  0.54	0.3369	0.3186	0.7408	 0.799	0.4962	0.5085	 1.775	 1.687	 2.185	  2.15	 | 1.003 mean
                     	  1.41	 1.496	0.8719	 0.819	 1.959	 2.108	 1.278	 1.248	 5.284	  5.04	 5.302	 5.286	 | 3.745 quantile
                      	 11.54	 13.45	 2.322	 1.768	 13.53	 14.38	 2.394	 3.007	 10.18	 14.72	 8.541	 8.149	 | 14.72 max

train losses    162:	0.4195	0.4376	0.3396	0.3318	0.4804	 0.497	0.4326	0.4421	 0.833	0.8454	 1.208	 1.202	
val losses      162:	0.4923	0.5297	0.3355	0.3178	0.7172	0.7693	0.4926	0.5067	 1.618	  1.53	 2.174	 2.137	 | 0.9682 mean
                     	 1.362	 1.439	0.8747	0.8165	 1.874	 2.037	  1.26	 1.238	 4.841	 4.456	 5.287	 5.222	 | 3.632 quantile
                      	 12.61	 14.53	 2.312	 1.878	  14.2	 15.38	  2.21	 3.098	 10.87	 15.14	 8.687	  8.27	 | 15.38 max

train losses    164:	0.4014	0.4226	0.3378	0.3322	0.4643	0.4779	0.4289	0.4391	0.7979	0.8054	 1.152	 1.148	
val losses      164:	0.4836	0.5243	0.3351	0.3176	0.7037	0.7533	 0.488	0.4994	 1.501	 1.418	 2.158	 2.122	 | 0.942 mean
                     	 1.319	  1.42	0.8792	0.8165	 1.838	 1.978	 1.248	 1.216	 4.419	   4.1	 5.254	 5.228	 | 3.534 quantile
                      	 13.19	 15.33	 2.254	  1.97	  14.5	 15.71	 2.455	 2.945	 10.82	 13.99	 8.695	 8.286	 | 15.71 max

train losses    166:	0.3916	0.4096	 0.335	  0.33	0.4498	0.4621	0.4177	0.4279	0.7675	0.7663	 1.091	 1.086	
val losses      166:	0.4752	0.5169	0.3356	 0.318	0.6906	0.7394	0.4862	0.4961	 1.402	 1.325	 2.144	  2.11	 | 0.9199 mean
                     	 1.294	 1.381	0.8787	0.8166	 1.789	 1.933	 1.241	 1.217	 4.064	  3.71	 5.184	 5.185	 | 3.437 quantile
                      	 13.96	 16.22	 2.167	 1.816	 15.12	 16.23	 2.715	 2.985	 11.28	 14.02	 8.753	 8.345	 | 16.23 max

train losses    168:	 0.382	 0.398	0.3335	0.3283	 0.441	0.4528	0.4121	0.4215	0.7433	0.7437	 1.039	 1.036	
val losses      168:	0.4707	0.5112	0.3362	0.3188	0.6746	0.7205	 0.485	0.4929	 1.317	  1.24	 2.127	 2.095	 | 0.8992 mean
                     	 1.275	 1.355	 0.879	0.8162	 1.717	 1.873	 1.234	 1.211	 3.727	 3.327	 5.138	 5.124	 | 3.315 quantile
                      	 14.71	  17.1	   2.2	 1.802	  16.2	 17.17	 2.907	 3.001	 11.26	 14.46	  8.77	 8.378	 | 17.17 max

train losses    170:	0.3733	0.3896	0.3319	0.3277	0.4287	0.4413	0.4056	 0.414	0.7165	 0.718	0.9948	0.9943	
val losses      170:	0.4652	0.5082	0.3362	0.3188	 0.661	0.7076	0.4825	0.4871	 1.275	 1.189	 2.104	 2.078	 | 0.8843 mean
                     	 1.262	 1.345	0.8778	0.8166	 1.659	 1.835	 1.228	 1.204	 3.557	 3.104	 5.112	 5.152	 | 3.229 quantile
                      	 15.12	 17.77	 2.163	 1.817	 16.67	 17.51	 2.908	  3.01	  11.0	 13.95	 8.648	  8.27	 | 17.77 max

train losses    172:	0.3643	0.3782	0.3306	0.3265	0.4181	0.4287	0.4003	0.4071	0.6893	0.6924	 0.957	0.9581	
val losses      172:	 0.464	 0.508	0.3366	0.3189	0.6431	0.6885	0.4805	0.4848	 1.234	 1.144	 2.076	 2.054	 | 0.8694 mean
                     	 1.253	 1.331	0.8744	0.8151	 1.601	 1.776	 1.238	 1.205	  3.36	 2.916	 5.078	 5.101	 | 3.128 quantile
                      	 15.67	 18.52	 2.123	 1.825	  17.2	 18.02	 2.768	 3.122	 11.29	 13.68	 8.597	 8.214	 | 18.52 max

train losses    174:	0.3579	0.3718	0.3297	0.3259	0.4085	  0.42	0.3947	0.4028	0.6706	0.6759	0.9255	0.9265	
val losses      174:	0.4553	0.5035	0.3363	0.3182	0.6253	0.6699	0.4787	 0.481	 1.191	 1.101	 2.056	 2.036	 | 0.8544 mean
                     	 1.234	 1.299	0.8744	0.8129	 1.535	 1.716	 1.223	 1.195	 3.184	  2.78	  5.07	 5.077	 | 3.048 quantile
                      	 16.54	 19.49	 2.077	 1.833	 17.69	 18.69	 2.779	 3.085	 11.46	 13.33	 8.555	 8.199	 | 19.49 max

train losses    176:	0.3524	0.3653	0.3286	0.3239	 0.403	0.4123	0.3892	0.3956	0.6499	0.6621	0.8926	0.8936	
val losses      176:	0.4459	0.4979	0.3361	0.3179	0.6113	0.6577	0.4773	0.4776	 1.158	 1.073	 2.036	 2.017	 | 0.8421 mean
                     	 1.215	 1.282	0.8719	0.8103	 1.489	 1.676	 1.217	 1.184	 3.065	 2.708	 5.035	 5.023	 | 2.992 quantile
                      	 17.26	 20.43	 2.086	 1.828	 17.95	 19.04	 2.743	 3.056	 11.66	 12.96	 8.472	 8.133	 | 20.43 max

train losses    178:	 0.348	0.3601	0.3277	 0.323	0.3948	0.4061	0.3868	0.3933	0.6363	0.6456	0.8642	0.8648	
val losses      178:	0.4361	0.4888	0.3363	0.3176	0.5973	0.6453	0.4741	0.4723	  1.13	 1.055	 2.008	 1.989	 | 0.8292 mean
                     	 1.186	 1.239	0.8707	0.8121	 1.463	 1.626	 1.211	 1.176	 2.968	 2.648	 4.984	 4.975	 | 2.93 quantile
                      	 17.88	 21.25	 2.069	 1.816	 18.27	  19.4	 2.685	 3.029	 11.74	 12.66	 8.349	 8.059	 | 21.25 max

train losses    180:	0.3451	0.3553	0.3271	 0.323	0.3896	0.3996	0.3822	0.3888	0.6277	0.6323	0.8342	0.8349	
val losses      180:	0.4269	0.4766	0.3367	0.3173	0.5819	0.6284	0.4704	0.4663	 1.107	 1.041	 1.972	 1.953	 | 0.8148 mean
                     	 1.149	 1.212	0.8686	0.8112	 1.421	  1.58	 1.199	 1.156	 2.857	 2.566	 4.929	 4.897	 | 2.866 quantile
                      	 18.37	 21.92	 2.018	 1.826	 18.65	 19.79	 2.683	 3.094	 11.76	 12.39	 8.287	 8.032	 | 21.92 max

train losses    182:	0.3406	0.3476	0.3264	0.3218	0.3825	0.3936	0.3769	0.3816	0.6136	0.6205	0.8129	0.8143	
val losses      182:	0.4237	0.4726	0.3371	0.3177	0.5736	0.6216	0.4668	0.4612	 1.093	 1.034	 1.939	 1.918	 | 0.8048 mean
                     	 1.141	  1.19	0.8716	0.8111	 1.394	 1.545	 1.189	 1.148	 2.799	 2.515	 4.878	 4.825	 | 2.828 quantile
                      	 18.63	 22.31	 1.956	 1.836	 18.72	 19.85	 2.814	 3.199	 11.94	 12.15	 8.217	 7.985	 | 22.31 max

train losses    184:	0.3378	0.3444	0.3259	0.3213	0.3788	0.3894	0.3745	0.3802	0.6014	0.6094	0.7837	0.7849	
val losses      184:	0.4137	0.4625	0.3366	0.3173	0.5635	0.6098	0.4618	0.4546	 1.085	  1.03	 1.904	 1.881	 | 0.7933 mean
                     	  1.11	 1.161	0.8691	0.8101	  1.36	 1.493	 1.167	 1.131	 2.751	 2.497	 4.819	 4.752	 | 2.781 quantile
                      	 18.99	 22.75	 1.971	 1.838	 18.88	 20.11	 2.869	 3.223	 11.89	 11.98	 8.076	 7.876	 | 22.75 max

train losses    186:	0.3339	 0.339	0.3249	0.3203	0.3734	0.3835	0.3701	0.3747	0.5901	0.5979	0.7603	0.7623	
val losses      186:	 0.408	0.4586	0.3364	0.3171	  0.56	0.6065	0.4571	0.4483	 1.078	 1.026	 1.876	 1.852	 | 0.7853 mean
                     	 1.088	  1.15	0.8682	0.8077	 1.353	 1.446	 1.155	 1.117	 2.706	 2.469	 4.759	 4.659	 | 2.744 quantile
                      	 19.19	 23.03	 1.992	 1.835	 18.94	 20.27	 2.931	 3.258	 11.88	 11.78	 7.966	 7.781	 | 23.03 max

train losses    188:	0.3306	 0.336	0.3244	0.3199	0.3674	0.3762	0.3655	0.3715	0.5831	0.5932	0.7391	0.7408	
val losses      188:	0.4016	0.4525	0.3363	 0.317	0.5562	0.5999	0.4533	0.4436	 1.072	 1.024	  1.85	 1.825	 | 0.7776 mean
                     	 1.066	 1.137	0.8659	0.8083	 1.334	 1.408	 1.139	 1.103	 2.683	 2.448	 4.688	 4.596	 | 2.71 quantile
                      	 19.33	 23.28	 2.025	 1.853	 19.08	  20.5	 3.028	 3.337	 11.91	 11.72	 7.896	 7.707	 | 23.28 max

train losses    190:	0.3278	0.3321	0.3242	0.3195	0.3648	0.3741	0.3626	0.3683	0.5695	0.5801	0.7191	0.7216	
val losses      190:	0.3924	0.4417	0.3364	0.3167	0.5456	0.5861	0.4495	0.4391	 1.066	  1.02	 1.816	 1.789	 | 0.7666 mean
                     	 1.036	 1.113	0.8664	0.8069	 1.291	  1.37	 1.135	 1.094	 2.666	 2.455	 4.599	 4.533	 | 2.671 quantile
                      	 19.51	 23.54	 2.054	 1.906	 19.28	 20.74	 3.105	 3.403	 12.08	 11.74	 7.755	  7.56	 | 23.54 max

train losses    192:	0.3248	0.3268	0.3236	0.3181	0.3616	0.3708	0.3598	0.3646	0.5642	0.5741	0.7034	0.7048	
val losses      192:	0.3894	0.4386	0.3361	0.3164	0.5401	0.5808	0.4453	0.4345	 1.056	 1.017	 1.785	 1.757	 | 0.7581 mean
                     	  1.02	 1.108	 0.866	0.8039	 1.266	 1.339	 1.117	 1.088	 2.663	 2.431	 4.525	  4.45	 | 2.633 quantile
                      	  19.6	 23.74	 2.079	 1.948	 19.45	 20.95	 3.154	 3.446	 12.21	  11.7	 7.609	 7.399	 | 23.74 max

train losses    194:	0.3211	0.3243	0.3237	0.3182	 0.358	0.3678	0.3579	0.3618	0.5556	 0.566	0.6783	0.6807	
val losses      194:	0.3847	0.4326	 0.336	0.3162	0.5376	0.5762	0.4415	0.4303	 1.047	 1.015	 1.762	 1.733	 | 0.751 mean
                     	 1.006	 1.095	 0.867	0.8067	 1.261	 1.324	 1.105	 1.079	  2.65	 2.378	 4.454	 4.431	 | 2.601 quantile
                      	 19.75	 23.96	 2.117	 1.988	  19.6	 21.13	 3.196	 3.481	 12.21	 11.71	 7.533	 7.321	 | 23.96 max

train losses    196:	0.3201	0.3227	0.3224	0.3173	0.3515	0.3609	0.3531	0.3572	0.5497	0.5603	0.6682	0.6702	
val losses      196:	0.3818	0.4308	0.3357	 0.316	0.5349	0.5763	0.4389	0.4268	 1.039	  1.01	 1.728	 1.696	 | 0.7428 mean
                     	0.9864	 1.084	0.8665	0.8012	 1.254	   1.3	 1.104	 1.078	 2.604	  2.37	 4.395	 4.344	 | 2.558 quantile
                      	 19.75	 24.04	 2.139	 2.014	 19.61	 21.16	 3.262	 3.536	 12.49	 11.65	 7.388	 7.177	 | 24.04 max

train losses    198:	0.3158	 0.319	0.3224	0.3166	0.3502	0.3601	0.3498	0.3545	 0.543	0.5527	0.6493	0.6514	
val losses      198:	0.3791	 0.428	0.3351	0.3154	0.5337	0.5752	0.4355	 0.423	 1.037	 1.011	 1.703	  1.67	 | 0.7372 mean
                     	 0.979	 1.079	0.8642	0.7981	  1.24	 1.283	 1.087	 1.077	 2.571	 2.321	 4.357	 4.282	 | 2.523 quantile
                      	 19.85	 24.21	  2.13	 2.026	 19.69	 21.29	 3.265	 3.532	 12.65	 11.79	 7.343	 7.124	 | 24.21 max

train losses    200:	0.3155	0.3178	0.3221	0.3167	0.3454	0.3581	0.3495	0.3527	0.5368	0.5484	0.6352	0.6362	
val losses      200:	0.3754	0.4225	0.3345	0.3148	 0.525	0.5648	0.4313	0.4188	 1.032	 1.008	 1.668	 1.633	 | 0.7274 mean
                     	0.9594	 1.063	0.8649	0.7999	 1.215	 1.237	  1.08	 1.077	 2.527	  2.31	 4.289	 4.208	 | 2.478 quantile
                      	 19.99	 24.41	 2.159	 2.074	 19.95	 21.63	 3.308	 3.576	  12.7	 11.91	 7.237	 7.131	 | 24.41 max

train losses    202:	0.3129	0.3142	0.3213	0.3156	0.3429	0.3519	0.3468	0.3503	0.5306	0.5371	0.6144	 0.618	
val losses      202:	0.3757	0.4238	0.3346	0.3148	0.5264	0.5675	0.4279	0.4151	 1.024	 1.002	 1.641	 1.606	 | 0.7216 mean
                     	 0.961	 1.067	0.8662	0.7956	 1.221	 1.228	 1.074	 1.074	 2.494	 2.297	 4.183	 4.158	 | 2.44 quantile
                      	 19.96	 24.42	 2.193	 2.105	 19.92	 21.64	 3.337	 3.604	 12.73	 12.11	 7.173	 7.758	 | 24.42 max

train losses    204:	0.3115	0.3122	0.3208	0.3154	0.3389	0.3473	0.3443	 0.348	0.5203	0.5304	0.6055	0.6078	
val losses      204:	0.3737	0.4186	0.3344	0.3145	0.5217	0.5625	 0.425	0.4121	 1.018	0.9956	 1.608	 1.573	 | 0.7131 mean
                     	 0.957	 1.051	0.8646	0.7967	 1.209	 1.196	  1.07	 1.084	 2.472	 2.286	 4.124	 4.123	 | 2.407 quantile
                      	  20.0	 24.49	 2.219	 2.122	 19.92	 21.67	 3.387	 3.654	 12.84	 12.16	 7.137	 8.206	 | 24.49 max

train losses    206:	0.3097	0.3096	0.3205	 0.315	 0.336	0.3451	0.3401	0.3442	0.5163	0.5254	0.5934	0.5958	
val losses      206:	0.3718	0.4133	0.3344	0.3145	 0.518	0.5587	0.4228	0.4096	 1.016	0.9926	 1.575	 1.541	 | 0.7056 mean
                     	  0.95	 1.033	0.8632	0.7941	 1.201	 1.172	 1.067	 1.081	 2.494	 2.315	 4.075	  4.05	 | 2.38 quantile
                      	 20.18	 24.81	 2.233	 2.143	 19.99	 21.78	 3.433	 3.685	 13.02	 12.22	 7.261	 8.617	 | 24.81 max

train losses    208:	0.3063	0.3072	0.3201	0.3141	0.3324	0.3414	0.3393	0.3427	0.5114	0.5209	0.5805	0.5829	
val losses      208:	0.3716	0.4112	0.3342	0.3146	 0.516	0.5548	0.4213	0.4075	 1.012	0.9863	 1.554	 1.522	 | 0.7005 mean
                     	0.9537	 1.022	0.8619	0.7982	 1.182	 1.167	 1.069	 1.074	 2.484	 2.266	 4.039	 4.011	 | 2.361 quantile
                      	 20.31	 24.94	 2.255	 2.166	 20.15	 21.99	 3.489	 3.728	 13.08	 12.36	 7.765	 9.041	 | 24.94 max

train losses    210:	0.3053	0.3066	0.3201	0.3145	0.3299	0.3391	0.3363	0.3402	0.5062	0.5132	0.5694	0.5725	
val losses      210:	0.3709	0.4089	0.3337	0.3143	0.5113	0.5466	 0.419	0.4051	 1.016	0.9872	 1.541	 1.512	 | 0.6971 mean
                     	0.9414	 1.019	0.8586	0.7964	 1.163	 1.132	 1.061	 1.068	 2.491	 2.265	 4.014	 3.995	 | 2.347 quantile
                      	 20.48	 25.09	 2.263	 2.169	 20.35	 22.22	 3.517	 3.739	 13.17	  12.4	 8.023	 9.227	 | 25.09 max

train losses    212:	0.3038	0.3044	0.3199	0.3137	 0.326	0.3359	0.3324	0.3352	0.4988	0.5084	0.5596	0.5614	
val losses      212:	0.3696	0.4056	0.3338	0.3146	0.5041	0.5362	0.4182	0.4038	 1.022	0.9897	 1.525	 1.497	 | 0.6933 mean
                     	0.9366	0.9982	0.8571	0.7946	 1.138	 1.099	 1.054	 1.069	 2.501	 2.282	 3.982	 3.978	 | 2.332 quantile
                      	 20.67	 25.29	  2.28	  2.18	 20.61	 22.51	 3.545	 3.762	  13.3	 12.62	 8.503	 9.604	 | 25.29 max

train losses    214:	0.3006	0.3016	0.3192	0.3129	0.3255	0.3334	0.3303	 0.334	0.4961	0.5072	0.5492	0.5521	
val losses      214:	0.3683	0.4026	0.3337	0.3145	0.5042	0.5354	0.4173	0.4016	 1.016	 0.985	 1.506	 1.479	 | 0.6886 mean
                     	0.9305	0.9875	 0.857	0.7947	 1.117	 1.088	 1.052	 1.069	 2.505	 2.254	 3.948	 3.946	 | 2.299 quantile
                      	 20.75	 25.43	 2.316	 2.194	 20.73	 22.65	 3.626	 3.819	 13.27	  12.7	 8.829	 9.845	 | 25.43 max

train losses    216:	0.3004	0.3006	0.3196	0.3131	 0.321	0.3292	  0.33	0.3331	0.4897	0.4963	0.5379	0.5408	
val losses      216:	0.3662	 0.397	0.3339	0.3144	0.4998	0.5266	0.4171	0.4013	  1.01	 0.981	 1.488	 1.462	 | 0.6831 mean
                     	0.9183	0.9757	0.8543	0.7916	 1.106	 1.069	 1.055	 1.073	 2.499	 2.241	 3.925	 3.912	 | 2.275 quantile
                      	 20.89	 25.61	 2.359	 2.212	 20.81	 22.74	  3.64	 3.863	 13.25	 12.84	 9.255	 10.31	 | 25.61 max

train losses    218:	0.2997	0.2996	0.3186	0.3125	0.3195	 0.329	0.3267	0.3292	0.4851	0.4914	0.5326	0.5356	
val losses      218:	0.3683	0.3994	0.3337	0.3142	0.5037	0.5311	0.4157	0.3992	 1.017	0.9831	 1.485	  1.46	 | 0.6842 mean
                     	0.9235	0.9761	0.8539	0.7921	   1.1	 1.066	  1.05	 1.071	  2.52	 2.242	 3.925	 3.922	 | 2.281 quantile
                      	 20.88	 25.63	 2.387	 2.219	 20.82	 22.79	 3.655	 3.868	 13.25	 12.88	 9.642	 10.69	 | 25.63 max

train losses    220:	0.2979	0.2958	0.3182	 0.312	0.3194	0.3245	0.3248	0.3268	0.4814	0.4885	0.5252	0.5284	
val losses      220:	0.3661	0.3955	0.3338	 0.314	0.5024	0.5257	0.4158	0.3993	 1.026	0.9877	 1.475	  1.45	 | 0.6827 mean
                     	0.9181	0.9641	0.8537	0.7934	 1.099	 1.056	 1.054	 1.079	 2.533	 2.258	 3.911	 3.929	 | 2.264 quantile
                      	 20.95	 25.73	 2.392	 2.213	  21.0	 23.01	 3.663	 3.849	  13.2	 12.94	 9.766	 10.78	 | 25.73 max

train losses    222:	0.2964	0.2965	0.3183	 0.312	0.3154	0.3234	0.3239	 0.326	 0.477	0.4833	0.5133	0.5192	
val losses      222:	0.3641	0.3916	0.3338	0.3141	0.5019	0.5222	0.4151	0.3979	 1.024	0.9842	 1.456	 1.432	 | 0.678 mean
                     	0.9138	0.9585	0.8543	0.7908	 1.089	 1.048	 1.057	 1.074	 2.538	 2.275	 3.873	 3.878	 | 2.26 quantile
                      	 21.11	 26.01	 2.417	 2.226	 21.27	 23.35	 3.699	 3.888	 13.28	 13.06	 10.37	 11.27	 | 26.01 max

train losses    224:	0.2959	0.2941	0.3178	0.3115	0.3144	0.3209	 0.321	0.3241	0.4697	0.4774	0.5078	0.5134	
val losses      224:	0.3642	0.3892	0.3334	0.3135	0.5015	0.5183	0.4143	 0.396	 1.029	0.9866	  1.46	 1.437	 | 0.6785 mean
                     	 0.917	0.9505	0.8485	0.7913	 1.104	 1.038	 1.047	 1.064	 2.536	 2.258	 3.861	 3.892	 | 2.251 quantile
                      	 21.23	 26.19	 2.481	 2.229	 21.46	  23.6	 3.724	 3.927	 13.26	 13.09	 10.57	 11.41	 | 26.19 max

train losses    226:	0.2938	 0.292	0.3178	0.3114	0.3111	0.3192	0.3194	0.3227	0.4694	0.4749	0.5014	0.5051	
val losses      226:	0.3643	0.3892	0.3339	0.3139	 0.502	0.5206	0.4148	0.3969	  1.03	0.9852	 1.456	 1.434	 | 0.6784 mean
                     	0.9142	0.9516	 0.854	0.7926	 1.092	  1.04	 1.052	 1.075	 2.524	 2.256	 3.865	 3.909	 | 2.236 quantile
                      	 21.36	 26.33	 2.462	 2.235	 21.61	 23.77	 3.778	  3.96	 13.33	 13.16	  10.6	 11.42	 | 26.33 max

train losses    228:	0.2936	0.2918	0.3177	0.3108	0.3101	0.3175	0.3187	0.3207	0.4649	0.4735	0.4996	0.5025	
val losses      228:	0.3649	0.3902	 0.334	0.3141	0.5024	0.5214	0.4143	0.3961	 1.033	0.9887	 1.446	 1.424	 | 0.6775 mean
                     	0.9197	0.9449	0.8535	0.7932	 1.093	 1.034	 1.057	  1.07	 2.556	 2.273	 3.833	 3.873	 | 2.244 quantile
                      	 21.36	 26.34	 2.484	 2.246	 21.76	 23.94	 3.811	 4.005	 13.39	 13.21	 10.89	 11.72	 | 26.34 max

train losses    230:	0.2915	0.2905	0.3172	0.3104	 0.309	0.3157	0.3158	0.3184	0.4615	0.4683	0.4926	0.4948	
val losses      230:	0.3645	0.3892	0.3338	0.3139	0.5014	0.5154	0.4144	0.3955	 1.034	 0.991	 1.431	  1.41	 | 0.6745 mean
                     	0.9165	 0.946	0.8527	0.7924	 1.095	 1.032	 1.048	 1.069	 2.553	 2.279	 3.811	 3.844	 | 2.223 quantile
                      	 21.35	 26.38	  2.52	 2.245	 21.97	 24.19	  3.82	 4.036	 13.44	 13.36	 11.28	 12.09	 | 26.38 max

train losses    232:	0.2898	0.2886	0.3167	0.3097	0.3075	0.3135	0.3139	0.3166	0.4553	0.4658	0.4856	0.4892	
val losses      232:	0.3649	0.3888	0.3337	0.3136	0.5053	0.5198	0.4122	0.3932	 1.034	0.9901	 1.425	 1.404	 | 0.6737 mean
                     	0.9192	0.9401	0.8523	0.7919	 1.093	 1.032	 1.052	 1.067	 2.553	 2.308	 3.792	 3.821	 | 2.221 quantile
                      	 21.53	 26.58	 2.529	 2.266	 22.16	 24.42	 3.843	 4.083	 13.48	  13.4	 11.45	 12.26	 | 26.58 max

train losses    234:	0.2902	0.2891	0.3163	0.3098	0.3054	0.3105	0.3124	0.3152	0.4545	 0.462	0.4847	0.4865	
val losses      234:	0.3628	0.3836	0.3338	0.3137	0.5064	0.5181	0.4126	0.3934	 1.036	0.9914	 1.422	 1.402	 | 0.673 mean
                     	0.9184	0.9303	0.8544	0.7919	 1.101	 1.032	 1.054	 1.068	 2.564	 2.287	 3.772	 3.813	 | 2.22 quantile
                      	 21.66	 26.74	 2.589	 2.296	 22.31	 24.62	  3.87	 4.153	 13.68	 13.67	 11.77	 12.53	 | 26.74 max

train losses    236:	0.2872	0.2862	0.3164	0.3094	0.3035	 0.312	0.3111	0.3141	0.4492	0.4571	0.4767	0.4789	
val losses      236:	0.3616	0.3811	0.3336	0.3134	0.5069	0.5193	0.4118	0.3924	  1.04	0.9915	 1.414	 1.396	 | 0.6718 mean
                     	0.9109	 0.924	0.8533	0.7922	 1.093	  1.02	 1.053	 1.061	 2.567	 2.275	 3.769	 3.803	 | 2.205 quantile
                      	 21.68	 26.86	  2.61	 2.303	 22.45	 24.81	 3.925	 4.187	 13.61	 13.58	 11.66	 12.41	 | 26.86 max

train losses    238:	0.2878	0.2857	0.3163	0.3092	0.3027	0.3088	0.3087	0.3109	 0.448	 0.455	0.4737	0.4778	
val losses      238:	0.3604	 0.378	0.3342	0.3141	0.5061	0.5181	0.4133	0.3941	 1.037	0.9876	 1.398	  1.38	 | 0.6684 mean
                     	0.9136	0.9014	0.8539	0.7914	  1.09	 1.022	 1.048	 1.069	 2.539	 2.273	 3.732	 3.771	 | 2.182 quantile
                      	 21.66	 26.89	  2.65	  2.33	 22.53	  24.9	 3.976	 4.262	 13.81	 13.83	 11.87	  12.6	 | 26.89 max

train losses    240:	0.2872	0.2846	0.3157	0.3088	0.3021	0.3078	0.3081	0.3105	0.4451	0.4529	 0.466	0.4722	
val losses      240:	0.3611	  0.38	0.3337	0.3134	0.5088	0.5215	0.4122	0.3923	 1.043	0.9906	 1.402	 1.383	 | 0.6702 mean
                     	0.9171	0.9163	0.8527	0.7921	 1.101	 1.014	 1.047	 1.061	 2.551	 2.287	 3.733	 3.769	 | 2.186 quantile
                      	 21.75	 27.02	 2.667	 2.332	 22.63	 25.02	 3.998	 4.275	  13.8	  13.8	 12.21	 12.83	 | 27.02 max

train losses    242:	0.2863	0.2842	0.3156	0.3082	0.2991	 0.305	0.3058	0.3076	0.4439	  0.45	0.4617	0.4657	
val losses      242:	0.3601	0.3778	 0.334	0.3134	 0.511	0.5196	0.4123	0.3926	 1.046	 0.992	 1.403	 1.385	 | 0.6706 mean
                     	0.9173	0.9072	0.8541	0.7919	  1.11	 1.039	 1.049	  1.06	 2.565	 2.281	 3.741	 3.774	 | 2.182 quantile
                      	  21.8	 27.06	 2.717	 2.359	 22.75	 25.17	 4.049	 4.348	 13.84	 13.87	  12.3	 12.89	 | 27.06 max

train losses    244:	0.2838	0.2816	 0.315	0.3078	0.2993	0.3039	0.3042	0.3067	0.4362	 0.446	0.4589	0.4635	
val losses      244:	0.3606	0.3779	0.3337	0.3133	0.5126	0.5237	0.4118	 0.392	 1.053	0.9977	 1.404	 1.386	 | 0.6722 mean
                     	0.9218	0.9042	0.8528	0.7899	 1.119	 1.036	  1.05	 1.057	  2.59	 2.286	 3.722	 3.757	 | 2.198 quantile
                      	 21.91	 27.21	 2.765	 2.392	 22.89	 25.33	 4.107	 4.406	 13.96	 13.99	 12.33	 12.82	 | 27.21 max

train losses    246:	0.2838	0.2842	0.3154	0.3084	0.2984	0.3048	0.3038	 0.305	 0.437	0.4434	0.4565	 0.461	
val losses      246:	 0.359	0.3747	0.3337	 0.313	0.5119	0.5235	0.4112	0.3919	 1.045	0.9918	  1.39	 1.374	 | 0.6684 mean
                     	0.9105	0.8888	0.8539	0.7879	 1.111	 1.021	 1.047	 1.052	 2.552	 2.277	 3.717	 3.766	 | 2.175 quantile
                      	 22.03	  27.4	 2.787	 2.407	 22.97	 25.43	 4.153	 4.453	 14.04	 14.09	 12.42	 12.91	 | 27.4 max

train losses    248:	0.2825	 0.281	 0.315	0.3082	0.2948	0.3032	0.3021	0.3036	0.4335	0.4423	0.4526	0.4576	
val losses      248:	0.3589	0.3748	0.3334	0.3127	0.5159	 0.527	 0.412	0.3924	 1.051	 0.995	 1.394	 1.378	 | 0.6704 mean
                     	0.9127	0.9009	0.8514	0.7859	 1.122	 1.023	  1.05	 1.056	 2.573	 2.265	 3.725	 3.754	 | 2.182 quantile
                      	 22.09	 27.51	 2.819	 2.411	 23.06	 25.53	  4.21	 4.511	  14.1	 14.21	 12.47	 12.91	 | 27.51 max

train losses    250:	0.2833	0.2828	0.3147	0.3075	 0.296	0.3009	0.3007	0.3026	0.4318	0.4403	0.4475	0.4541	
val losses      250:	 0.357	0.3695	0.3335	0.3127	0.5161	0.5245	0.4121	0.3929	 1.052	0.9952	 1.375	  1.36	 | 0.6668 mean
                     	0.9133	0.8861	0.8526	0.7856	 1.126	 1.021	 1.049	 1.054	 2.576	 2.267	 3.673	  3.69	 | 2.168 quantile
                      	 22.24	 27.79	 2.858	  2.44	 23.19	 25.69	 4.297	 4.599	 14.09	 14.23	 12.74	 13.12	 | 27.79 max

train losses    252:	0.2803	0.2801	0.3148	0.3076	0.2948	0.3018	0.3013	0.3029	0.4309	0.4393	0.4488	0.4529	
val losses      252:	0.3575	0.3711	0.3336	0.3126	0.5177	0.5271	 0.413	0.3935	 1.064	 1.006	 1.387	 1.371	 | 0.6711 mean
                     	0.9126	0.8846	0.8524	0.7857	 1.134	 1.032	 1.053	 1.052	 2.609	 2.283	 3.692	 3.709	 | 2.192 quantile
                      	 22.31	 27.89	 2.877	 2.455	 23.27	 25.79	 4.329	 4.631	 14.14	 14.26	 12.77	  13.1	 | 27.89 max

train losses    254:	0.2812	0.2794	0.3144	0.3066	0.2929	0.2983	0.2993	0.3009	0.4288	0.4344	0.4441	0.4491	
val losses      254:	0.3562	0.3682	0.3337	0.3127	0.5183	0.5274	0.4137	0.3943	 1.062	 1.004	 1.389	 1.373	 | 0.671 mean
                     	0.9101	0.8773	0.8512	0.7841	 1.132	 1.029	 1.056	  1.06	 2.591	 2.269	 3.686	 3.723	 | 2.18 quantile
                      	 22.36	 27.96	 2.917	 2.482	 23.37	 25.93	 4.422	  4.72	 14.17	 14.29	 12.58	 12.84	 | 27.96 max

train losses    256:	0.2794	0.2789	0.3143	0.3067	0.2929	0.3007	0.2977	0.2985	0.4246	0.4335	0.4386	0.4448	
val losses      256:	0.3578	0.3712	0.3336	0.3124	0.5206	0.5304	0.4135	0.3942	  1.06	 1.001	 1.384	 1.368	 | 0.6706 mean
                     	0.9132	0.8903	0.8508	0.7853	 1.152	 1.034	 1.051	 1.052	  2.58	 2.275	 3.684	  3.72	 | 2.182 quantile
                      	 22.52	 28.17	 2.958	 2.508	 23.48	 26.04	 4.479	 4.778	  14.2	 14.32	 12.72	  13.0	 | 28.17 max

train losses    258:	0.2792	0.2777	 0.314	0.3065	0.2932	0.2981	0.2966	0.2984	 0.422	0.4322	0.4366	0.4412	
val losses      258:	0.3569	0.3694	0.3333	0.3119	0.5228	 0.532	0.4132	0.3941	 1.061	 1.002	 1.383	 1.368	 | 0.6706 mean
                     	0.9101	0.8806	0.8519	0.7845	 1.157	 1.048	 1.049	 1.054	 2.597	 2.272	 3.682	 3.696	 | 2.177 quantile
                      	 22.62	 28.37	 2.964	 2.501	 23.64	 26.21	 4.486	 4.783	 14.28	 14.38	 12.67	  12.9	 | 28.37 max

train losses    260:	0.2789	0.2773	0.3138	0.3059	0.2915	0.2972	0.2967	0.2976	0.4238	  0.43	0.4345	0.4392	
val losses      260:	0.3543	0.3654	0.3333	0.3117	0.5223	 0.531	0.4141	 0.395	 1.062	 1.002	 1.375	 1.363	 | 0.6691 mean
                     	0.8987	0.8692	0.8511	0.7852	 1.154	 1.035	 1.059	 1.051	 2.597	 2.266	 3.636	 3.684	 | 2.158 quantile
                      	  22.7	 28.55	 3.003	 2.527	 23.65	 26.23	 4.537	 4.837	 14.38	 14.49	  12.6	 12.83	 | 28.55 max

train losses    262:	0.2778	0.2766	 0.314	0.3063	0.2898	0.2958	0.2948	0.2963	0.4202	0.4252	 0.432	0.4387	
val losses      262:	 0.354	0.3647	0.3331	0.3116	 0.525	0.5322	0.4136	0.3946	 1.064	 1.003	 1.368	 1.356	 | 0.6683 mean
                     	0.9029	0.8788	 0.848	0.7809	 1.159	 1.049	 1.057	 1.052	 2.587	 2.281	 3.639	 3.667	 | 2.17 quantile
                      	 22.79	 28.64	 3.024	 2.548	 23.76	 26.34	 4.552	 4.858	 14.42	 14.52	 12.56	 12.79	 | 28.64 max

train losses    264:	0.2773	0.2749	0.3137	 0.306	0.2884	0.2953	0.2938	0.2952	0.4185	0.4246	 0.428	0.4345	
val losses      264:	0.3542	0.3657	0.3337	0.3122	0.5269	0.5382	 0.415	0.3958	 1.064	 1.002	 1.362	 1.349	 | 0.6682 mean
                     	0.9044	0.8741	 0.849	0.7828	  1.16	 1.028	 1.062	 1.053	 2.569	 2.259	 3.627	 3.663	 | 2.172 quantile
                      	 22.85	 28.78	  3.06	 2.569	 23.82	 26.44	 4.642	 4.948	 14.38	 14.46	 12.77	 12.96	 | 28.78 max

train losses    266:	0.2778	0.2754	0.3137	0.3057	0.2882	0.2941	0.2925	0.2944	 0.418	0.4252	  0.43	0.4337	
val losses      266:	0.3527	0.3628	0.3334	0.3117	0.5277	0.5361	0.4143	0.3955	 1.077	 1.014	  1.38	 1.366	 | 0.6726 mean
                     	 0.901	 0.878	0.8494	0.7834	 1.166	 1.056	 1.064	 1.059	 2.633	 2.283	  3.64	 3.683	 | 2.189 quantile
                      	 22.85	 28.83	 3.096	 2.592	 23.99	 26.63	 4.701	 5.008	 14.38	 14.47	 12.57	 12.73	 | 28.83 max

train losses    268:	0.2747	0.2743	0.3131	0.3054	0.2865	0.2942	0.2903	0.2919	0.4139	0.4222	0.4254	0.4295	
val losses      268:	0.3499	0.3612	0.3328	0.3112	0.5239	0.5339	0.4146	0.3955	 1.074	 1.012	 1.362	 1.351	 | 0.6685 mean
                     	0.8856	0.8624	0.8459	0.7827	 1.142	 1.016	 1.067	 1.057	 2.615	 2.272	 3.625	 3.675	 | 2.168 quantile
                      	 22.95	 29.05	 3.128	 2.626	 24.03	 26.68	 4.731	 5.041	 14.41	 14.49	 12.87	 13.02	 | 29.05 max

train losses    270:	0.2755	0.2744	0.3125	0.3044	0.2876	 0.293	0.2911	0.2918	0.4161	 0.421	0.4215	0.4265	
val losses      270:	0.3499	0.3601	0.3335	0.3117	0.5263	0.5344	0.4162	 0.397	 1.074	 1.012	 1.365	 1.355	 | 0.6695 mean
                     	0.8822	0.8728	0.8483	0.7834	 1.157	 1.034	 1.069	 1.061	 2.603	 2.278	 3.635	 3.685	 | 2.16 quantile
                      	 23.07	 29.19	 3.148	 2.647	 24.13	 26.78	 4.773	 5.089	 14.43	 14.53	 12.78	 12.93	 | 29.19 max

train losses    272:	0.2746	0.2734	0.3127	 0.305	0.2865	0.2893	0.2891	0.2907	0.4147	0.4196	0.4212	0.4255	
val losses      272:	0.3497	0.3597	0.3335	0.3116	0.5288	0.5378	0.4172	0.3979	 1.075	 1.012	 1.359	 1.348	 | 0.6692 mean
                     	0.8832	0.8806	0.8469	0.7844	 1.172	 1.043	 1.066	 1.067	 2.592	 2.271	  3.63	 3.656	 | 2.168 quantile
                      	 23.18	 29.35	 3.188	 2.675	 24.19	 26.86	 4.849	 5.171	  14.5	 14.58	 13.12	 13.25	 | 29.35 max

train losses    274:	0.2742	0.2729	0.3127	0.3051	0.2842	0.2897	0.2872	0.2885	0.4113	0.4164	0.4195	0.4246	
val losses      274:	  0.35	0.3599	0.3333	0.3112	0.5294	0.5401	 0.416	0.3971	 1.072	 1.009	  1.36	  1.35	 | 0.669 mean
                     	0.8838	0.8752	0.8478	0.7834	 1.166	 1.052	 1.068	 1.068	 2.586	 2.285	 3.616	 3.641	 | 2.169 quantile
                      	 23.21	 29.49	 3.255	 2.715	  24.3	  27.0	 4.961	 5.285	 14.56	 14.65	 13.11	 13.27	 | 29.49 max

train losses    276:	0.2743	0.2743	0.3118	0.3039	0.2843	 0.291	0.2871	0.2883	0.4094	0.4175	0.4178	0.4224	
val losses      276:	0.3495	0.3585	0.3336	0.3116	0.5308	  0.54	0.4183	0.4003	 1.077	 1.014	 1.358	 1.348	 | 0.6701 mean
                     	0.8811	0.8736	0.8465	0.7813	 1.173	 1.058	  1.07	 1.072	 2.627	 2.276	 3.611	 3.655	 | 2.171 quantile
                      	 23.36	 29.71	 3.276	 2.731	 24.37	 27.08	 4.989	 5.317	 14.64	 14.75	 13.04	 13.15	 | 29.71 max

train losses    278:	0.2726	0.2713	0.3121	0.3044	0.2832	0.2906	0.2864	0.2862	0.4064	0.4155	0.4162	0.4206	
val losses      278:	0.3492	0.3572	0.3329	0.3107	0.5301	0.5411	0.4162	 0.398	 1.076	  1.01	 1.361	 1.351	 | 0.6694 mean
                     	0.8804	0.8761	0.8464	0.7796	 1.178	 1.054	 1.064	 1.064	 2.583	 2.243	 3.604	 3.655	 | 2.159 quantile
                      	 23.29	 29.68	 3.272	 2.747	 24.36	 27.09	 5.043	 5.369	 14.62	 14.68	 12.84	 12.94	 | 29.68 max

train losses    280:	0.2711	0.2713	 0.312	0.3036	0.2838	0.2878	0.2852	0.2863	0.4074	0.4107	 0.412	0.4158	
val losses      280:	0.3479	0.3557	0.3333	0.3109	0.5277	0.5392	0.4169	0.3994	 1.074	  1.01	 1.353	 1.344	 | 0.6676 mean
                     	0.8726	0.8727	 0.846	0.7844	 1.151	 1.039	 1.068	 1.072	 2.601	 2.245	 3.594	 3.656	 | 2.152 quantile
                      	 23.35	 29.88	  3.28	 2.771	 24.45	 27.24	 5.076	 5.402	 14.69	 14.77	 12.97	 13.05	 | 29.88 max

train losses    282:	0.2709	0.2727	0.3115	0.3038	0.2823	0.2883	0.2845	0.2854	0.4068	0.4145	0.4099	0.4173	
val losses      282:	 0.348	0.3576	0.3336	0.3115	0.5319	0.5428	0.4184	0.4007	 1.082	 1.016	 1.365	 1.354	 | 0.6719 mean
                     	0.8742	0.8712	0.8444	0.7837	 1.182	 1.067	 1.077	 1.077	 2.644	 2.256	 3.605	 3.663	 | 2.179 quantile
                      	 23.36	  29.9	 3.324	  2.81	 24.51	 27.29	 5.133	 5.459	 14.74	 14.83	 12.98	 13.08	 | 29.9 max

train losses    284:	0.2721	0.2716	0.3117	 0.303	0.2825	0.2877	0.2829	0.2843	0.4069	 0.415	0.4119	0.4168	
val losses      284:	0.3493	0.3596	0.3338	0.3116	0.5304	0.5408	0.4194	0.4016	 1.076	 1.011	 1.361	 1.353	 | 0.6705 mean
                     	0.8676	 0.872	0.8456	0.7826	  1.16	 1.051	 1.076	 1.072	 2.598	 2.257	 3.609	 3.673	 | 2.159 quantile
                      	 23.28	 29.82	 3.372	 2.855	 24.57	 27.34	 5.218	 5.543	 14.84	 14.92	 13.01	  13.1	 | 29.82 max

train losses    286:	0.2709	0.2695	0.3109	0.3031	 0.283	0.2863	0.2814	0.2828	0.4075	0.4126	0.4114	0.4143	
val losses      286:	0.3455	0.3529	0.3335	0.3111	0.5319	0.5411	0.4185	0.4004	 1.079	 1.012	 1.358	 1.349	 | 0.6694 mean
                     	0.8666	0.8651	0.8458	0.7815	 1.185	  1.07	 1.071	 1.065	 2.612	  2.26	 3.592	 3.636	 | 2.156 quantile
                      	 23.47	 30.06	 3.395	 2.871	  24.6	 27.35	 5.269	 5.595	 14.82	 14.89	  13.0	 13.07	 | 30.06 max

train losses    288:	0.2711	 0.269	0.3109	0.3029	0.2812	0.2865	0.2813	0.2825	0.4046	0.4112	0.4066	0.4135	
val losses      288:	0.3456	0.3544	0.3336	0.3111	0.5301	0.5415	0.4199	0.4016	 1.082	 1.014	 1.346	 1.339	 | 0.6683 mean
                     	0.8626	0.8573	0.8456	0.7819	 1.163	 1.052	 1.074	 1.073	 2.637	 2.245	 3.574	 3.615	 | 2.147 quantile
                      	 23.63	 30.27	 3.433	   2.9	  24.6	 27.37	 5.329	 5.653	  14.9	 14.96	 13.18	 13.25	 | 30.27 max

train losses    290:	0.2699	0.2687	0.3105	0.3026	 0.282	0.2859	0.2807	0.2824	0.4038	0.4108	 0.406	0.4095	
val losses      290:	0.3463	0.3551	0.3338	0.3115	0.5299	0.5399	0.4202	0.4023	 1.083	 1.015	  1.34	 1.333	 | 0.6675 mean
                     	0.8645	 0.859	 0.845	0.7812	  1.15	 1.042	 1.077	 1.074	 2.644	 2.255	 3.575	 3.611	 | 2.162 quantile
                      	  23.7	 30.39	  3.44	  2.92	 24.71	 27.55	 5.339	 5.667	 14.98	 15.05	 13.26	 13.35	 | 30.39 max

train losses    292:	0.2702	0.2697	 0.311	0.3035	0.2808	0.2848	0.2803	0.2807	0.4048	0.4099	0.4033	0.4077	
val losses      292:	0.3462	0.3537	0.3337	0.3111	 0.532	0.5428	0.4206	0.4027	 1.084	 1.016	 1.353	 1.346	 | 0.6701 mean
                     	0.8681	0.8558	0.8444	0.7811	  1.18	 1.062	 1.073	  1.07	 2.649	 2.254	 3.568	 3.626	 | 2.157 quantile
                      	 23.69	 30.47	 3.469	 2.948	 24.69	 27.55	 5.391	 5.721	 14.77	 14.81	 13.09	 13.18	 | 30.47 max

train losses    294:	0.2679	0.2687	0.3106	0.3021	0.2803	0.2853	0.2799	0.2823	0.3984	0.4085	0.4027	0.4083	
val losses      294:	0.3442	0.3498	0.3339	0.3114	0.5345	0.5462	0.4226	0.4045	 1.081	 1.016	 1.352	 1.345	 | 0.6701 mean
                     	0.8599	0.8485	0.8456	0.7822	 1.187	 1.069	 1.088	 1.079	 2.646	  2.28	 3.551	 3.613	 | 2.154 quantile
                      	  23.8	 30.67	 3.522	 2.987	 24.78	 27.64	 5.482	 5.812	 15.02	 15.05	  13.1	 13.22	 | 30.67 max

train losses    296:	0.2676	0.2673	0.3103	0.3018	 0.277	0.2843	0.2783	0.2786	0.4027	0.4049	0.4029	0.4082	
val losses      296:	0.3462	0.3529	0.3343	0.3117	0.5352	 0.546	0.4225	0.4046	 1.089	 1.025	 1.347	 1.339	 | 0.6711 mean
                     	0.8663	0.8564	0.8434	0.7829	 1.183	 1.066	 1.087	 1.074	 2.636	 2.271	 3.584	 3.633	 | 2.156 quantile
                      	 23.68	 30.59	 3.552	 3.014	 24.82	 27.68	 5.514	 5.847	 15.13	 15.14	 13.02	 13.14	 | 30.59 max

train losses    298:	0.2672	0.2684	0.3096	0.3015	  0.28	0.2835	0.2768	0.2788	 0.397	0.4044	 0.402	0.4062	
val losses      298:	0.3433	0.3493	0.3337	0.3112	0.5325	0.5427	  0.42	 0.402	 1.083	 1.017	 1.337	 1.331	 | 0.6668 mean
                     	0.8552	0.8401	0.8448	0.7841	 1.165	 1.043	  1.08	 1.071	 2.635	  2.25	 3.561	 3.592	 | 2.157 quantile
                      	 23.81	 30.81	 3.572	 3.037	 24.97	 27.89	  5.56	 5.894	 14.98	 14.98	 13.35	 13.45	 | 30.81 max

