train losses      0:	0.6411	0.6382	0.4273	0.4267	0.7639	0.7845	0.5331	0.5475	 1.569	 1.586	 1.478	 1.461	
val losses        0:	0.6113	0.5264	0.6079	0.7086	0.8558	0.9303	0.5582	0.5811	 2.322	 2.189	 2.325	 2.169	 | 1.199 mean
                     	 1.521	  1.52	 1.319	 1.435	 2.427	 2.695	 1.402	 1.388	 6.701	 6.671	 5.952	 5.516	 | 4.084 quantile
                      	 5.826	 6.446	 2.634	 2.582	 5.905	 5.354	 2.412	 2.907	 13.29	 12.89	  7.79	 7.878	 | 13.29 max

train losses      2:	0.5639	0.5807	0.3825	0.3834	0.7251	0.7486	0.4962	0.5025	 1.536	 1.555	 1.443	 1.438	
val losses        2:	0.4695	0.5673	 0.364	  0.34	0.8394	0.8615	0.5292	0.4893	 2.229	 2.142	 2.137	 2.127	 | 1.091 mean
                     	  1.36	 1.573	 0.943	0.8472	 2.415	 2.393	 1.303	 1.215	 6.621	 6.506	 5.097	 5.231	 | 3.988 quantile
                      	 6.159	 6.041	 2.609	 1.842	 5.731	 5.578	  2.35	 2.182	  12.5	 12.52	 8.525	 8.247	 | 12.52 max

train losses      4:	0.5386	0.5576	0.3719	0.3701	0.7099	0.7331	 0.487	0.4949	 1.509	 1.526	 1.428	 1.431	
val losses        4:	0.4696	0.5303	0.3527	0.3232	0.8215	0.8465	0.4862	0.4798	 2.185	 2.111	  2.14	 2.131	 | 1.073 mean
                     	 1.362	 1.497	0.9141	0.8161	 2.381	 2.387	 1.245	 1.209	  6.52	 6.405	 5.166	 5.298	 | 3.946 quantile
                      	 5.958	 5.199	 2.738	 1.799	   5.5	 5.443	 2.044	 2.273	 12.26	 12.25	 8.419	 8.115	 | 12.26 max

train losses      6:	0.5339	0.5507	0.3824	0.3803	0.6996	0.7206	0.4952	0.5067	 1.456	 1.469	 1.411	  1.42	
val losses        6:	 0.458	0.5176	0.3538	0.3307	0.7944	0.8263	0.4869	0.4958	 2.102	 2.016	 2.107	 2.111	 | 1.05 mean
                     	 1.337	  1.46	 0.916	0.8412	 2.286	 2.321	 1.245	  1.27	 6.206	 6.099	 5.116	 5.248	 | 3.863 quantile
                      	 5.611	  4.67	  2.88	 1.811	 5.339	 5.347	   2.1	 2.362	 11.58	 11.36	 8.375	 8.091	 | 11.58 max

train losses      8:	0.5408	0.5565	0.4052	0.4044	0.6929	0.7114	0.5184	0.5308	 1.367	 1.378	 1.392	 1.407	
val losses        8:	0.4569	  0.52	0.3642	0.3429	0.7717	0.7978	 0.494	0.5127	 1.981	   1.9	 2.052	  2.08	 | 1.023 mean
                     	 1.307	 1.481	0.9434	0.8819	 2.206	 2.251	 1.254	 1.294	 5.784	  5.65	 5.096	 5.153	 | 3.751 quantile
                      	 5.207	 4.889	 3.014	 1.916	 5.169	 5.088	 2.375	  2.44	 10.55	 10.21	 8.249	 8.028	 | 10.55 max

train losses     10:	0.5612	0.5725	0.4278	0.4333	0.6922	0.7024	0.5444	0.5571	 1.244	  1.26	 1.366	 1.389	
val losses       10:	 0.463	0.5314	0.3695	0.3454	0.7473	0.7622	0.5055	0.5199	 1.792	 1.754	 1.982	 2.038	 | 0.9842 mean
                     	 1.325	 1.497	0.9513	 0.887	 2.081	 2.153	 1.284	 1.286	 5.188	 5.158	 4.946	 5.033	 | 3.599 quantile
                      	  4.91	 6.566	 2.722	 1.965	 5.068	  4.69	 2.644	 2.457	 9.003	 8.842	 8.012	 7.895	 | 9.003 max

train losses     12:	0.5792	0.5817	0.4504	 0.461	0.6972	0.6954	0.5677	0.5772	 1.116	 1.138	 1.343	 1.374	
val losses       12:	0.4631	0.5103	0.3563	0.3651	0.7282	0.7411	0.4977	0.5099	 1.617	 1.588	 1.883	 1.976	 | 0.9363 mean
                     	 1.306	 1.456	0.9205	0.9169	 1.947	 2.028	 1.275	 1.288	 4.668	 4.683	 4.622	 4.854	 | 3.354 quantile
                      	 5.947	 8.376	 2.607	 2.116	 5.022	 6.269	 2.797	 2.564	 7.421	 7.846	 7.955	 7.811	 | 8.376 max

train losses     14:	 0.581	0.5838	0.4631	0.4767	0.6987	0.6895	0.5777	0.5855	 1.035	 1.058	 1.316	 1.356	
val losses       14:	0.4281	0.4741	 0.362	0.3652	0.7356	0.7325	0.4812	0.4835	 1.499	 1.509	 1.801	 1.925	 | 0.8996 mean
                     	 1.207	 1.312	0.9379	0.9446	 1.923	  1.92	 1.216	 1.201	 4.163	 4.139	 4.434	 4.768	 | 3.188 quantile
                      	 7.396	 10.05	 2.403	 2.046	 5.046	 7.293	 2.503	 2.276	 8.002	 8.113	 7.642	 7.544	 | 10.05 max

train losses     16:	 0.588	0.5948	0.4756	0.4908	0.7012	0.6933	0.5863	0.5935	 1.075	 1.096	 1.308	  1.35	
val losses       16:	0.4239	0.4795	0.3584	0.3705	0.7036	0.7158	0.4806	0.4803	 1.518	  1.49	 1.772	 1.899	 | 0.8911 mean
                     	 1.196	 1.299	0.9413	0.9583	 1.864	 1.972	  1.23	 1.213	 4.433	 4.386	 4.347	 4.703	 | 3.169 quantile
                      	 8.315	  11.3	 2.359	 2.006	 5.867	  8.72	 2.585	 2.277	 8.492	 8.976	 7.582	 7.591	 | 11.3 max

train losses     18:	0.6058	0.6202	0.4935	0.5074	0.7273	0.7165	0.6022	 0.611	 1.159	 1.193	 1.321	 1.362	
val losses       18:	0.4321	0.4813	0.3475	0.3655	0.7053	0.7246	0.4823	0.4858	 1.694	 1.618	 1.788	 1.902	 | 0.9188 mean
                     	 1.212	 1.324	0.9168	0.9284	 1.899	 2.042	 1.245	 1.221	 5.123	 4.767	 4.375	  4.72	 | 3.292 quantile
                      	 8.622	 11.72	 2.011	 2.084	 6.165	  8.92	  2.56	 2.268	 9.025	 8.047	 7.398	 7.538	 | 11.72 max

train losses     20:	0.5799	0.5912	0.4566	0.4718	0.6962	0.6887	0.5656	0.5753	 1.115	 1.126	 1.294	 1.331	
val losses       20:	0.4493	0.5048	0.3451	0.3434	0.7245	0.7577	0.4779	0.4754	 1.832	 1.754	 1.854	 1.945	 | 0.9554 mean
                     	 1.271	 1.373	0.8999	0.8638	 1.968	  2.06	 1.238	 1.197	 5.279	 5.131	 4.578	 4.795	 | 3.416 quantile
                      	 8.618	 11.04	 2.191	 1.964	 5.693	 8.445	 2.685	  2.32	 10.17	 9.395	 8.012	  7.69	 | 11.04 max

train losses     22:	0.5485	0.5592	0.4294	0.4409	0.6577	0.6614	0.5415	0.5508	 1.075	 1.088	 1.273	 1.308	
val losses       22:	0.4384	0.4839	0.3462	 0.339	0.7291	0.7487	 0.476	0.4759	 1.665	 1.624	  1.83	  1.91	 | 0.9222 mean
                     	 1.227	 1.324	0.8977	0.8687	   2.0	 2.042	 1.225	 1.191	 4.741	 4.769	 4.482	 4.659	 | 3.278 quantile
                      	 8.955	 11.49	 2.119	 1.923	 6.224	 8.725	  2.75	 2.269	 8.774	 7.739	 7.865	 7.641	 | 11.49 max

train losses     24:	0.5509	 0.555	 0.436	0.4415	 0.656	0.6558	0.5457	 0.556	0.9836	 1.003	 1.235	 1.273	
val losses       24:	0.4285	0.4697	0.3529	0.3397	  0.71	0.7278	0.4768	 0.479	 1.359	 1.363	   1.7	 1.811	 | 0.8515 mean
                     	   1.2	 1.293	0.9188	0.8711	 1.885	 1.927	 1.218	 1.194	 3.792	 3.877	 4.233	 4.429	 | 2.929 quantile
                      	  10.2	 12.91	 2.112	 2.026	 7.132	 9.552	 3.127	 2.261	 8.665	  8.42	  7.54	 7.456	 | 12.91 max

train losses     26:	0.5525	0.5545	0.4399	0.4438	0.6535	0.6489	0.5471	0.5568	0.9033	0.9225	 1.213	 1.248	
val losses       26:	0.4225	0.4614	 0.352	0.3422	0.6975	0.7159	0.4779	0.4799	 1.165	 1.193	 1.586	 1.718	 | 0.801 mean
                     	 1.169	 1.261	0.9209	0.8777	 1.825	 1.881	 1.226	 1.185	 3.106	 3.148	  3.92	 4.175	 | 2.644 quantile
                      	 11.18	 13.77	 2.139	 1.957	 7.758	 10.41	 3.291	 2.165	  8.64	 9.074	  6.74	 7.008	 | 13.77 max

train losses     28:	 0.539	0.5428	0.4326	0.4347	0.6429	0.6384	0.5382	0.5482	0.8721	0.8881	 1.187	 1.225	
val losses       28:	 0.414	0.4554	0.3461	0.3448	0.6647	0.6867	 0.479	0.4807	 1.103	 1.115	 1.531	 1.659	 | 0.7733 mean
                     	 1.144	  1.24	0.9033	0.8859	 1.738	 1.795	 1.214	 1.185	 2.893	 2.838	 3.831	 4.067	 | 2.497 quantile
                      	 12.02	 14.74	 2.049	 2.038	 8.736	 11.37	 3.405	 2.238	 9.312	 10.07	 6.709	 6.948	 | 14.74 max

train losses     30:	0.5274	 0.533	0.4235	0.4265	  0.63	0.6289	0.5284	0.5386	0.8616	0.8759	  1.16	 1.195	
val losses       30:	0.4095	0.4526	0.3417	0.3388	0.6476	0.6692	0.4757	0.4759	 1.124	 1.125	 1.497	 1.619	 | 0.7646 mean
                     	  1.12	 1.212	0.8971	0.8721	 1.706	 1.737	 1.215	 1.181	 3.016	 2.868	 3.746	 3.991	 | 2.475 quantile
                      	 12.54	 15.24	 2.033	 1.956	 9.261	  11.8	 3.252	 2.211	 9.619	 10.29	 6.611	  6.88	 | 15.24 max

train losses     32:	0.5132	0.5214	0.4154	 0.418	0.6146	0.6179	0.5205	0.5295	0.8572	0.8685	 1.136	  1.17	
val losses       32:	0.3984	0.4383	0.3399	 0.335	0.6282	0.6485	0.4741	0.4736	 1.121	 1.113	 1.477	 1.592	 | 0.7533 mean
                     	 1.081	 1.167	0.8949	0.8682	 1.648	 1.697	 1.214	 1.172	  2.98	 2.818	 3.685	 3.912	 | 2.414 quantile
                      	  13.5	 16.23	 2.003	 2.027	 9.938	 12.52	 3.098	 2.185	 9.849	 10.52	 6.488	 6.732	 | 16.23 max

train losses     34:	 0.508	 0.512	0.4102	0.4121	0.6056	0.6077	0.5141	0.5243	0.8473	0.8548	 1.114	 1.149	
val losses       34:	0.4018	0.4391	0.3395	 0.329	0.6221	0.6493	0.4729	 0.469	 1.109	 1.089	 1.487	 1.587	 | 0.7495 mean
                     	 1.082	 1.172	0.8956	0.8393	 1.614	 1.678	 1.217	 1.158	 2.888	  2.68	 3.719	 3.906	 | 2.406 quantile
                      	 14.06	 16.77	 1.972	 1.982	 10.39	 12.87	 3.034	 2.187	 9.913	 10.66	 6.503	 6.711	 | 16.77 max

train losses     36:	0.5005	0.5076	0.4063	 0.407	0.5932	0.5974	0.5107	0.5207	0.8368	0.8433	 1.099	 1.131	
val losses       36:	 0.395	0.4321	0.3386	0.3258	0.6023	0.6281	 0.473	0.4668	 1.117	 1.091	 1.496	 1.587	 | 0.7461 mean
                     	 1.064	 1.149	0.8882	0.8362	 1.588	 1.613	 1.205	 1.151	 2.921	 2.648	 3.732	 3.864	 | 2.407 quantile
                      	 15.03	 17.72	 1.957	 1.974	  11.0	  13.5	 3.007	 2.194	  10.2	 11.07	 6.476	 6.631	 | 17.72 max

train losses     38:	0.4974	0.5017	0.3999	0.4021	0.5821	0.5879	0.5054	0.5149	0.8272	0.8345	 1.089	 1.117	
val losses       38:	0.3955	0.4313	0.3377	0.3239	0.6032	0.6319	0.4724	0.4636	 1.092	 1.065	 1.523	 1.602	 | 0.7451 mean
                     	 1.041	 1.146	0.8842	0.8314	 1.582	 1.587	 1.201	 1.158	 2.901	 2.558	 3.776	 3.904	 | 2.409 quantile
                      	  15.5	 18.15	 1.994	 1.998	 11.37	 13.86	 2.944	 2.173	 10.43	 11.43	 6.447	 6.603	 | 18.15 max

train losses     40:	 0.492	0.4997	0.3978	0.3996	0.5773	0.5858	 0.501	0.5094	0.8254	0.8368	 1.102	 1.123	
val losses       40:	0.3879	0.4247	0.3371	0.3231	0.6083	0.6347	0.4715	0.4634	 1.086	  1.05	 1.539	 1.613	 | 0.7449 mean
                     	 1.026	 1.127	0.8823	0.8238	 1.586	  1.64	 1.198	 1.155	 2.911	 2.528	 3.806	 3.894	 | 2.411 quantile
                      	 16.33	  18.9	 1.949	 2.036	 11.86	  14.4	 2.985	 2.158	 10.38	 11.72	 6.504	 6.591	 | 18.9 max

train losses     42:	0.4945	0.5042	0.3959	0.3978	0.5768	0.5838	0.5002	0.5093	0.8369	0.8451	 1.146	 1.155	
val losses       42:	0.3995	0.4445	0.3378	0.3222	0.6246	0.6471	0.4759	0.4643	 1.143	 1.079	 1.677	 1.724	 | 0.7783 mean
                     	 1.064	 1.165	0.8772	0.8235	 1.646	 1.683	 1.219	 1.164	 3.038	   2.6	 4.052	   4.1	 | 2.586 quantile
                      	 16.38	 18.73	 1.982	 2.017	 11.97	 14.55	 2.898	 2.187	 10.33	 12.12	  6.95	 6.893	 | 18.73 max

train losses     44:	0.5067	0.5214	 0.395	0.3987	 0.588	0.5949	0.5024	0.5128	0.8743	0.8784	 1.231	 1.224	
val losses       44:	0.4148	0.4651	0.3386	0.3225	0.6741	 0.694	0.4814	0.4687	 1.246	 1.135	 1.888	 1.901	 | 0.8359 mean
                     	 1.109	 1.202	0.8843	0.8116	 1.782	 1.851	  1.24	 1.169	 3.326	 2.837	  4.59	 4.602	 | 2.886 quantile
                      	 15.53	  17.4	 2.053	 2.011	 11.11	 13.53	 2.775	 2.207	 9.936	 11.79	 7.416	 7.198	 | 17.4 max

train losses     46:	0.5035	0.5133	0.3884	0.3934	0.5853	0.5945	0.4971	0.5076	0.8862	0.8943	 1.215	 1.223	
val losses       46:	0.4137	0.4679	0.3382	0.3278	0.6866	0.7232	0.4793	0.4643	 1.306	 1.208	 1.948	 1.945	 | 0.859 mean
                     	  1.14	 1.262	0.8833	0.8263	 1.815	 1.863	 1.229	  1.16	 3.383	  2.95	 4.692	 4.663	 | 3.006 quantile
                      	  15.4	 16.88	 1.986	 1.969	 11.33	 13.57	 3.167	  2.16	 9.367	 11.78	  8.05	 7.777	 | 16.88 max

train losses     48:	0.4915	0.5007	0.3833	0.3807	 0.565	0.5776	0.4893	0.4988	0.8585	0.8684	 1.146	 1.165	
val losses       48:	0.4064	 0.451	0.3365	0.3234	0.6185	0.6414	0.4756	0.4646	   1.2	 1.131	 1.809	 1.818	 | 0.8063 mean
                     	 1.113	  1.21	0.8827	0.8195	 1.626	 1.686	 1.209	 1.165	 3.083	 2.668	 4.453	 4.391	 | 2.731 quantile
                      	 15.72	 17.67	 1.976	 1.943	 11.78	 14.13	 3.095	 2.226	 9.785	 12.08	 7.752	 7.405	 | 17.67 max

train losses     50:	0.4794	 0.491	  0.38	0.3759	0.5491	0.5611	0.4829	0.4929	0.8211	0.8359	 1.113	 1.127	
val losses       50:	0.4217	0.4571	 0.336	0.3217	0.5904	0.6171	0.4727	0.4636	 1.168	 1.099	 1.691	 1.704	 | 0.7786 mean
                     	 1.136	 1.233	0.8849	0.8199	 1.534	 1.614	 1.197	 1.161	 3.047	 2.555	 4.189	 4.202	 | 2.583 quantile
                      	 15.73	 18.08	 1.982	 1.947	  12.3	 14.39	   3.1	  2.22	 9.963	 11.72	 7.258	 7.011	 | 18.08 max

train losses     52:	0.4724	0.4821	0.3751	0.3727	0.5395	0.5465	0.4782	0.4887	0.8128	0.8296	 1.064	 1.084	
val losses       52:	0.4182	0.4452	0.3365	0.3213	0.5573	 0.577	0.4709	0.4638	 1.107	  1.05	 1.594	 1.618	 | 0.7466 mean
                     	 1.109	 1.179	0.8811	0.8239	 1.456	 1.502	 1.201	 1.166	 2.936	 2.508	 3.968	 4.049	 | 2.449 quantile
                      	 16.46	 19.14	 1.949	 1.963	 12.85	  14.9	 3.028	 2.182	 10.74	 11.53	 6.655	 6.452	 | 19.14 max

train losses     54:	0.4647	0.4754	0.3743	0.3714	0.5328	 0.541	0.4758	0.4869	0.8033	0.8202	 1.025	 1.043	
val losses       54:	0.4042	0.4305	0.3362	0.3205	0.5643	 0.584	 0.471	0.4627	 1.091	 1.041	 1.483	 1.517	 | 0.7254 mean
                     	 1.081	 1.166	0.8793	0.8239	 1.456	 1.475	 1.195	 1.169	 2.847	 2.473	 3.844	 3.857	 | 2.363 quantile
                      	 17.55	 20.29	 1.924	 1.964	 13.14	 15.41	 2.896	 2.175	 10.78	 11.64	  6.55	 6.386	 | 20.29 max

train losses     56:	0.4618	0.4729	0.3716	0.3688	  0.53	0.5388	0.4723	0.4834	0.7907	0.8061	0.9988	 1.015	
val losses       56:	0.3949	0.4236	0.3351	0.3193	0.5598	0.5847	0.4709	0.4625	 1.057	 1.025	 1.442	 1.476	 | 0.7126 mean
                     	 1.051	 1.139	0.8764	0.8191	  1.47	 1.451	 1.195	 1.169	 2.662	  2.41	 3.779	  3.81	 | 2.3 quantile
                      	 18.71	  21.3	 1.916	 1.944	 13.34	 15.89	 2.736	 2.143	 10.55	 11.79	 6.321	 6.156	 | 21.3 max

train losses     58:	0.4526	0.4631	0.3686	0.3659	0.5236	0.5333	0.4704	0.4806	0.7778	0.7954	 0.981	0.9964	
val losses       58:	0.3883	0.4185	0.3347	0.3179	0.5668	0.5915	0.4703	0.4621	  1.04	 1.002	  1.48	  1.51	 | 0.7153 mean
                     	 1.041	 1.116	0.8757	0.8122	 1.475	 1.479	 1.199	 1.173	 2.621	 2.351	 3.832	  3.85	 | 2.288 quantile
                      	 19.63	 22.04	  1.97	 1.929	 13.61	 16.43	 2.678	 2.146	 10.95	 12.05	 6.287	 6.132	 | 22.04 max

train losses     60:	0.4529	0.4614	 0.367	0.3638	0.5158	0.5259	0.4682	0.4772	0.7684	0.7791	0.9666	 0.981	
val losses       60:	0.3848	0.4171	0.3345	0.3176	0.5613	0.5854	0.4704	0.4622	 1.054	  1.01	 1.486	 1.512	 | 0.7162 mean
                     	 1.021	 1.109	0.8773	0.8104	 1.461	  1.42	 1.197	 1.174	 2.688	 2.379	 3.863	 3.873	 | 2.296 quantile
                      	 20.56	 22.77	 1.923	  1.92	 14.21	 17.14	 2.753	 2.156	 11.31	 12.32	 6.238	 6.131	 | 22.77 max

train losses     62:	0.4471	0.4573	0.3639	0.3601	0.5108	0.5193	0.4652	0.4755	0.7612	0.7771	0.9466	0.9604	
val losses       62:	0.3779	0.4111	0.3344	0.3167	0.5564	0.5776	0.4708	0.4631	 1.089	 1.038	 1.487	 1.515	 | 0.7197 mean
                     	 0.997	 1.086	0.8809	0.8072	 1.446	 1.426	 1.192	 1.167	 2.812	 2.447	 3.859	 3.942	 | 2.325 quantile
                      	 21.29	 23.46	 1.927	 1.913	 14.46	 17.47	 2.764	 2.177	 11.09	 12.14	 6.142	 6.023	 | 23.46 max

train losses     64:	0.4476	0.4568	0.3617	 0.358	0.5041	0.5137	0.4642	0.4739	0.7686	0.7847	0.9394	0.9529	
val losses       64:	0.3818	0.4128	0.3347	0.3165	0.5452	0.5641	 0.471	 0.463	 1.077	 1.028	 1.463	 1.483	 | 0.7116 mean
                     	 1.002	 1.091	0.8776	0.8068	 1.426	 1.368	 1.192	 1.174	 2.781	 2.426	 3.841	 3.889	 | 2.307 quantile
                      	 21.73	 23.95	 1.931	 1.859	 14.92	  17.9	  2.85	 2.154	 11.26	 12.21	 6.793	 6.471	 | 23.95 max

train losses     66:	0.4417	0.4525	0.3595	0.3554	0.5016	0.5113	0.4617	 0.472	 0.771	0.7856	0.9299	0.9418	
val losses       66:	0.3821	0.4124	0.3342	0.3164	0.5437	 0.564	0.4707	0.4634	 1.091	 1.036	 1.464	  1.48	 | 0.7131 mean
                     	0.9874	 1.083	 0.876	0.8021	 1.437	 1.373	 1.194	 1.172	 2.849	  2.44	 3.813	 3.886	 | 2.329 quantile
                      	 21.88	 24.11	  1.92	 1.854	 15.21	 18.12	  2.88	 2.147	 11.32	 12.04	 6.861	 6.603	 | 24.11 max

train losses     68:	0.4388	0.4535	0.3573	 0.353	0.4995	  0.51	0.4605	0.4706	0.7757	0.7917	0.9273	0.9407	
val losses       68:	0.3842	0.4168	 0.334	0.3164	0.5565	0.5758	0.4715	0.4644	 1.091	 1.034	 1.491	 1.504	 | 0.72 mean
                     	 1.005	 1.092	0.8713	0.8056	 1.462	 1.432	 1.196	 1.177	 2.829	  2.43	  3.84	  3.94	 | 2.356 quantile
                      	 21.81	 23.97	 1.951	 1.876	 15.45	 18.34	 2.914	  2.15	 11.32	 12.06	 6.841	 6.558	 | 23.97 max

train losses     70:	0.4425	0.4559	0.3555	0.3514	0.5019	0.5128	0.4598	0.4703	0.8137	0.8263	0.9267	0.9382	
val losses       70:	0.3855	0.4222	0.3339	0.3166	0.5667	0.5894	0.4721	0.4648	 1.137	 1.076	 1.518	 1.531	 | 0.7345 mean
                     	 1.022	 1.118	0.8732	0.8029	 1.488	 1.455	 1.194	 1.176	 3.036	 2.613	 3.873	 3.965	 | 2.459 quantile
                      	 21.89	 23.88	 1.973	  1.86	 15.54	 18.41	 2.977	 2.164	  10.8	  11.8	 6.965	 6.691	 | 23.88 max

train losses     72:	0.4688	0.4861	0.3593	0.3527	0.5319	0.5439	0.4652	0.4749	 1.047	 1.056	 1.001	  1.01	
val losses       72:	 0.426	0.4693	 0.334	0.3187	0.5938	0.6244	0.4755	0.4688	  1.42	 1.338	 1.642	 1.669	 | 0.815 mean
                     	 1.114	 1.196	0.8689	0.8021	 1.541	 1.603	 1.223	 1.188	 4.113	 3.644	 4.108	 4.203	 | 2.867 quantile
                      	  20.3	 22.07	 2.026	 1.825	 14.83	 17.57	 2.776	 2.198	 10.12	 11.11	 6.162	 5.975	 | 22.07 max

train losses     74:	0.4961	0.5101	0.3556	0.3522	 0.593	0.6081	0.4667	0.4781	 1.117	 1.136	 1.134	 1.126	
val losses       74:	0.4754	0.5311	0.3334	0.3181	0.6725	0.7057	0.4762	0.4702	 1.808	 1.699	  1.85	 1.854	 | 0.9327 mean
                     	 1.244	 1.406	0.8713	0.8058	 1.794	 2.013	 1.227	 1.184	 5.358	 4.794	 4.424	 4.517	 | 3.429 quantile
                      	 17.01	 18.44	 2.045	 1.799	 13.25	 15.45	 2.566	 2.222	 10.02	 9.482	 6.867	 6.555	 | 18.44 max

train losses     76:	0.4789	0.4967	0.3494	0.3454	0.5775	0.5953	0.4611	0.4699	 1.079	   1.1	 1.136	 1.137	
val losses       76:	0.4552	0.5101	0.3331	0.3162	 0.725	  0.77	 0.476	0.4721	 1.871	 1.812	 1.954	 1.949	 | 0.9703 mean
                     	 1.247	 1.402	0.8781	0.8048	 2.004	 2.093	 1.233	 1.185	 5.343	 5.178	 4.696	 4.703	 | 3.608 quantile
                      	 15.68	 17.08	 2.058	 1.825	 10.96	  13.0	 2.208	 2.216	 8.548	 8.458	 6.895	  6.76	 | 17.08 max

train losses     78:	  0.47	0.4837	0.3477	0.3437	0.5445	0.5668	0.4572	0.4678	0.9916	 1.008	 1.081	 1.085	
val losses       78:	0.4429	0.4921	 0.334	0.3168	0.6895	0.7217	0.4741	0.4724	 1.551	 1.502	 1.847	 1.831	 | 0.8895 mean
                     	 1.193	  1.34	0.8748	0.8071	 1.823	 1.898	 1.221	 1.189	 4.169	 3.913	 4.521	 4.552	 | 3.159 quantile
                      	 16.79	  18.0	 2.002	 1.829	 11.42	 13.62	 2.162	 2.204	 8.623	 8.244	 6.027	 6.047	 | 18.0 max

train losses     80:	0.4658	0.4836	0.3513	0.3467	0.5324	0.5477	0.4594	0.4699	0.8862	0.8998	 1.034	 1.043	
val losses       80:	0.4328	0.4866	0.3349	0.3172	0.6311	0.6692	0.4739	0.4687	 1.061	0.9997	  1.62	 1.594	 | 0.7574 mean
                     	 1.191	 1.318	0.8725	0.8048	 1.656	 1.622	 1.202	 1.183	 2.724	  2.67	 3.989	 4.009	 | 2.479 quantile
                      	 17.68	 18.67	 2.016	 1.884	 12.56	 14.94	 2.461	 2.167	 9.439	 9.081	 6.122	 6.338	 | 18.67 max

train losses     82:	0.4571	0.4724	0.3491	0.3447	 0.516	0.5338	 0.458	0.4678	0.8262	0.8351	0.9832	0.9921	
val losses       82:	0.4268	0.4725	0.3344	0.3167	0.5963	0.6202	0.4737	0.4695	 1.051	 0.985	 1.588	 1.563	 | 0.7414 mean
                     	 1.151	  1.26	0.8695	0.8036	 1.548	 1.514	   1.2	 1.201	 2.528	 2.358	 3.993	 4.032	 | 2.357 quantile
                      	 17.95	 18.79	 2.007	 1.896	  13.1	 15.58	  2.37	  2.16	 9.577	 9.732	  5.88	 5.697	 | 18.79 max

train losses     84:	 0.447	0.4587	0.3477	0.3424	0.5031	0.5206	0.4557	0.4644	0.7943	0.8082	0.9407	 0.948	
val losses       84:	0.4035	0.4456	0.3338	0.3164	0.5723	0.5879	0.4736	 0.469	 1.108	 1.046	 1.547	 1.534	 | 0.7364 mean
                     	 1.081	 1.202	0.8716	0.8016	 1.497	 1.489	 1.194	 1.199	 2.772	 2.464	 4.014	 4.053	 | 2.376 quantile
                      	 18.54	 19.42	 2.027	 1.861	 13.91	 16.56	 2.418	 2.159	 9.373	 10.19	 5.934	 5.734	 | 19.42 max

train losses     86:	0.4428	0.4559	 0.346	0.3405	0.4934	0.5094	0.4547	0.4639	0.7738	0.7855	0.9135	0.9208	
val losses       86:	0.4055	0.4456	0.3336	0.3154	0.5715	0.5932	 0.473	0.4684	 1.113	 1.042	 1.552	 1.545	 | 0.7381 mean
                     	 1.072	   1.2	0.8683	0.8001	 1.511	 1.439	 1.203	 1.195	 2.873	 2.561	  3.95	 4.008	 | 2.439 quantile
                      	 19.01	 20.12	 2.014	 1.835	 14.36	 16.96	 2.463	 2.193	 9.003	 9.931	 6.283	  6.44	 | 20.12 max

train losses     88:	0.4382	0.4511	0.3442	0.3393	0.4896	0.5041	0.4531	0.4623	0.7597	0.7703	0.8853	0.8935	
val losses       88:	0.3903	0.4279	0.3336	0.3151	0.5421	 0.564	0.4727	0.4677	 1.061	 1.009	 1.473	 1.471	 | 0.7106 mean
                     	 1.028	 1.153	  0.87	0.8037	 1.409	 1.329	 1.196	 1.196	 2.715	 2.397	  3.87	 3.946	 | 2.3 quantile
                      	 19.68	 20.87	 2.014	 1.833	 14.89	 17.42	 2.559	 2.186	 9.363	 10.18	 6.642	 6.846	 | 20.87 max

train losses     90:	 0.434	0.4457	0.3431	0.3382	0.4856	0.5005	0.4522	0.4613	0.7521	0.7627	0.8675	0.8773	
val losses       90:	0.3779	0.4099	0.3337	0.3149	0.5409	 0.557	0.4727	0.4664	 1.056	0.9993	 1.425	 1.426	 | 0.6983 mean
                     	0.9897	 1.125	 0.872	0.8026	 1.418	 1.351	 1.193	 1.194	 2.662	 2.324	 3.851	 3.911	 | 2.236 quantile
                      	 20.04	  21.3	 2.017	 1.828	 15.43	 17.89	 2.618	  2.17	 9.399	 10.22	  6.73	 6.932	 | 21.3 max

train losses     92:	0.4319	0.4449	0.3421	0.3369	0.4813	0.4954	0.4515	0.4602	0.7374	0.7484	0.8455	0.8546	
val losses       92:	0.3833	0.4157	0.3337	 0.315	0.5496	0.5672	0.4727	0.4655	  1.07	 1.012	 1.452	 1.449	 | 0.7071 mean
                     	 1.011	 1.133	0.8714	0.8012	 1.427	 1.368	 1.192	 1.194	 2.702	 2.349	 3.796	 3.865	 | 2.283 quantile
                      	 20.33	  21.6	 2.015	 1.839	 15.85	 18.28	 2.647	 2.161	 9.461	 10.27	 6.934	 7.114	 | 21.6 max

train losses     94:	0.4306	0.4414	0.3409	 0.336	 0.477	0.4915	0.4493	0.4581	0.7332	0.7397	0.8383	0.8466	
val losses       94:	0.3869	0.4203	0.3336	0.3148	 0.545	0.5621	0.4725	0.4659	 1.055	0.9915	 1.477	 1.476	 | 0.7084 mean
                     	 1.022	 1.139	  0.87	0.7987	 1.412	 1.357	 1.197	 1.192	 2.645	 2.296	 3.866	 3.954	 | 2.283 quantile
                      	 20.38	  21.7	 2.023	 1.835	 16.17	 18.58	 2.607	 2.172	 9.516	 10.24	 6.729	 6.896	 | 21.7 max

train losses     96:	0.4281	0.4393	0.3397	0.3351	0.4738	0.4891	0.4498	0.4577	0.7258	0.7327	0.8268	0.8353	
val losses       96:	0.3749	0.4073	0.3336	0.3147	0.5332	0.5492	0.4723	0.4653	 1.022	0.9595	 1.431	 1.433	 | 0.6914 mean
                     	0.9849	 1.092	0.8719	0.7983	 1.367	   1.3	 1.195	 1.191	 2.528	 2.231	 3.844	 3.914	 | 2.209 quantile
                      	 20.95	 22.31	 2.003	 1.828	 16.69	  19.1	 2.585	 2.176	 9.601	 10.42	 7.348	 7.434	 | 22.31 max

train losses     98:	0.4274	0.4411	0.3393	0.3342	0.4734	0.4871	0.4493	0.4578	0.7182	0.7283	0.8125	0.8199	
val losses       98:	0.3742	0.4082	0.3335	0.3146	0.5538	0.5685	 0.472	0.4649	 1.063	0.9972	 1.439	 1.438	 | 0.7022 mean
                     	0.9826	 1.105	0.8703	0.8003	  1.43	 1.374	 1.193	 1.193	 2.703	 2.341	 3.849	 3.896	 | 2.26 quantile
                      	 20.84	 22.31	 2.014	 1.814	 16.51	 18.88	 2.598	 2.176	 9.602	 10.02	 7.186	 7.383	 | 22.31 max

train losses    100:	0.4261	0.4406	0.3389	0.3337	0.4697	0.4841	0.4479	0.4567	0.7172	0.7236	0.8047	0.8141	
val losses      100:	0.3752	0.4106	0.3336	0.3146	0.5532	0.5716	0.4722	0.4648	 1.053	0.9876	 1.441	 1.438	 | 0.7012 mean
                     	0.9866	 1.098	0.8697	0.7986	 1.437	 1.346	 1.193	 1.194	 2.701	 2.304	 3.843	 3.929	 | 2.252 quantile
                      	 20.73	 22.22	 2.011	  1.81	 16.44	 18.76	 2.603	 2.177	  9.55	 10.28	  7.63	 7.838	 | 22.22 max

train losses    102:	0.4228	0.4383	 0.338	0.3327	0.4681	0.4819	0.4478	0.4555	0.7061	 0.717	0.7951	0.8028	
val losses      102:	0.3729	0.4049	0.3336	0.3147	0.5474	0.5601	0.4724	0.4657	 1.031	0.9653	 1.434	 1.434	 | 0.6947 mean
                     	0.9781	 1.091	0.8725	0.7979	 1.408	 1.357	 1.197	 1.193	   2.6	 2.246	 3.891	 3.934	 | 2.212 quantile
                      	 20.84	 22.34	 2.012	 1.815	 16.69	 19.04	 2.571	 2.182	 9.834	 10.44	 7.577	 7.789	 | 22.34 max

train losses    104:	0.4231	0.4378	0.3376	0.3325	0.4655	0.4821	0.4474	0.4554	0.7027	0.7117	0.7909	0.7986	
val losses      104:	0.3736	0.4072	0.3337	0.3148	0.5477	0.5618	0.4722	0.4654	 1.055	0.9864	 1.442	 1.441	 | 0.7 mean
                     	0.9866	 1.097	0.8699	0.7988	 1.419	 1.341	 1.197	  1.19	 2.688	 2.298	 3.861	  3.92	 | 2.241 quantile
                      	 20.98	 22.46	 2.025	 1.815	 16.91	 19.26	 2.578	 2.178	 9.769	 10.32	  7.45	  7.68	 | 22.46 max

train losses    106:	0.4227	0.4363	0.3368	0.3319	0.4646	0.4767	0.4472	0.4548	0.7056	0.7122	0.7842	0.7929	
val losses      106:	0.3719	0.4045	0.3336	0.3148	0.5405	0.5515	0.4725	0.4656	  1.07	0.9997	 1.452	 1.451	 | 0.7022 mean
                     	0.9741	 1.081	0.8725	0.7993	   1.4	 1.324	 1.196	 1.188	 2.745	 2.332	 3.871	 3.904	 | 2.267 quantile
                      	 21.23	 22.72	 2.023	  1.81	 17.19	 19.53	 2.591	 2.183	 9.723	 10.28	 7.475	 7.719	 | 22.72 max

train losses    108:	  0.42	0.4356	0.3367	0.3312	0.4624	0.4774	0.4473	0.4549	0.6941	0.7043	0.7753	0.7803	
val losses      108:	 0.368	0.3992	0.3336	0.3148	0.5352	0.5453	0.4725	0.4649	 1.051	0.9829	 1.427	 1.421	 | 0.693 mean
                     	0.9711	 1.074	0.8724	0.7999	 1.376	 1.293	 1.192	 1.191	 2.673	 2.279	 3.761	 3.823	 | 2.217 quantile
                      	 21.49	 22.91	 2.026	 1.812	 17.37	 19.66	 2.661	 2.175	 9.825	  10.5	 7.967	 8.223	 | 22.91 max

train losses    110:	0.4177	0.4337	0.3366	0.3308	0.4603	0.4745	0.4461	0.4542	0.6939	0.7036	0.7709	0.7762	
val losses      110:	0.3705	 0.404	0.3336	0.3148	0.5415	0.5538	0.4722	0.4648	 1.061	0.9933	 1.441	 1.437	 | 0.699 mean
                     	0.9738	 1.093	0.8724	 0.801	 1.406	  1.31	 1.195	 1.191	 2.689	   2.3	 3.826	 3.885	 | 2.25 quantile
                      	 21.55	 22.98	 2.025	 1.812	 17.33	 19.58	 2.638	 2.177	 9.872	 10.48	 7.796	 8.025	 | 22.98 max

train losses    112:	0.4197	0.4353	0.3359	0.3306	 0.458	0.4742	 0.446	0.4536	0.6898	0.6991	0.7623	0.7669	
val losses      112:	0.3708	0.4011	0.3337	0.3149	0.5476	0.5605	0.4716	 0.464	 1.064	0.9931	 1.441	 1.436	 | 0.6999 mean
                     	0.9699	 1.094	0.8707	0.7999	 1.425	 1.345	 1.198	 1.189	 2.699	 2.331	 3.736	 3.797	 | 2.258 quantile
                      	 21.86	 23.35	 2.016	 1.808	 17.57	 19.81	 2.632	 2.166	 9.948	  10.7	 8.172	 8.412	 | 23.35 max

train losses    114:	0.4176	0.4335	0.3357	0.3302	0.4565	0.4703	0.4458	0.4534	 0.689	0.6964	0.7573	0.7638	
val losses      114:	0.3691	0.4027	0.3337	 0.315	 0.544	0.5558	0.4721	0.4643	 1.072	 1.001	 1.434	  1.43	 | 0.6995 mean
                     	 0.975	 1.091	0.8708	0.8009	 1.408	 1.316	 1.197	 1.186	 2.717	 2.315	 3.804	 3.848	 | 2.243 quantile
                      	  21.7	 23.26	 2.025	 1.807	 17.78	 20.01	 2.641	 2.172	  10.1	 10.65	 8.245	 8.476	 | 23.26 max

train losses    116:	0.4181	0.4302	0.3351	0.3297	0.4548	0.4675	0.4454	0.4531	0.6862	0.6923	0.7493	0.7547	
val losses      116:	0.3738	0.4073	0.3337	 0.315	0.5466	0.5586	0.4719	0.4641	 1.068	0.9943	 1.448	 1.443	 | 0.702 mean
                     	0.9894	 1.099	0.8707	0.8003	  1.42	 1.337	 1.196	 1.187	 2.719	 2.321	 3.775	 3.858	 | 2.251 quantile
                      	  21.7	 23.22	  2.03	 1.805	 17.79	 19.98	 2.647	 2.169	 9.967	 10.35	 7.933	 8.153	 | 23.22 max

train losses    118:	0.4164	0.4288	0.3348	 0.329	0.4545	0.4696	0.4447	0.4522	0.6819	0.6922	0.7518	0.7559	
val losses      118:	0.3689	0.4018	0.3338	0.3149	0.5349	0.5447	0.4719	0.4638	 1.053	0.9798	 1.429	 1.427	 | 0.6936 mean
                     	0.9671	 1.083	0.8698	0.7987	 1.382	 1.295	 1.193	 1.187	 2.655	 2.238	  3.79	 3.864	 | 2.21 quantile
                      	 21.85	 23.34	  2.02	 1.806	 18.04	 20.21	 2.737	 2.161	 10.12	 10.66	 8.318	  8.52	 | 23.34 max

train losses    120:	0.4165	0.4281	0.3348	0.3292	0.4554	0.4682	0.4449	0.4529	0.6873	0.6961	0.7579	0.7625	
val losses      120:	0.3724	0.4047	0.3337	0.3148	0.5465	0.5577	0.4724	0.4642	 1.085	 1.009	 1.425	  1.42	 | 0.7004 mean
                     	0.9832	 1.088	 0.871	0.8002	 1.408	 1.353	 1.192	 1.189	 2.725	 2.333	 3.723	 3.804	 | 2.245 quantile
                      	 21.96	 23.46	 2.032	 1.804	 18.13	 20.28	 2.768	 2.154	 10.08	 10.37	 7.977	 8.154	 | 23.46 max

train losses    122:	0.4173	0.4277	0.3349	 0.329	0.4531	0.4683	0.4458	0.4535	0.6831	0.6912	0.7765	0.7804	
val losses      122:	0.3677	0.4004	0.3338	0.3148	0.5366	0.5457	 0.473	0.4647	 1.069	0.9951	 1.438	 1.431	 | 0.6974 mean
                     	0.9743	 1.082	0.8707	0.8001	 1.374	 1.328	 1.194	 1.186	 2.676	 2.271	 3.748	 3.798	 | 2.237 quantile
                      	 22.18	 23.75	 2.031	 1.804	 18.33	 20.49	 2.781	  2.16	  10.3	 10.55	 7.834	 8.007	 | 23.75 max

train losses    124:	0.4162	 0.432	0.3343	0.3288	0.4596	0.4771	0.4447	0.4522	0.6812	0.6945	0.8269	0.8298	
val losses      124:	0.3703	0.4045	0.3338	0.3151	0.5505	 0.564	0.4731	0.4649	  1.07	 0.993	 1.499	  1.49	 | 0.7107 mean
                     	0.9785	 1.087	0.8699	 0.801	 1.405	 1.354	 1.199	 1.183	 2.683	 2.306	 3.819	 3.859	 | 2.306 quantile
                      	 22.04	 23.54	 2.051	 1.805	 18.24	 20.37	 2.791	 2.174	 10.19	 10.23	 7.621	 7.793	 | 23.54 max

train losses    126:	0.4294	0.4427	0.3347	0.3283	0.4764	0.4932	0.4472	0.4547	0.7055	0.7204	0.9633	0.9632	
val losses      126:	0.3841	0.4215	0.3339	0.3151	0.6044	0.6162	0.4752	0.4676	 1.173	  1.08	 1.734	 1.725	 | 0.7775 mean
                     	 1.047	 1.149	0.8702	0.7977	 1.557	 1.646	 1.207	 1.197	 3.082	 2.661	 4.199	 4.244	 | 2.66 quantile
                      	 20.84	 22.37	 2.045	 1.802	 17.89	 19.92	 2.778	 2.203	 10.03	 10.05	  6.57	 6.176	 | 22.37 max

train losses    128:	0.4636	0.4783	0.3349	0.3296	0.5145	0.5324	0.4527	0.4605	0.8298	0.8554	 1.281	  1.28	
val losses      128:	0.4447	0.4945	0.3336	0.3152	0.7231	0.7491	0.4807	0.4735	 1.614	 1.488	  2.04	 2.022	 | 0.9315 mean
                     	 1.223	 1.335	 0.871	0.8007	 1.853	 1.999	 1.236	 1.203	 4.493	 3.977	 5.023	 5.113	 | 3.422 quantile
                      	 18.27	 19.33	  2.08	 1.781	  15.8	  17.6	 2.756	 2.207	 9.127	 9.246	 7.535	 7.122	 | 19.33 max

train losses    130:	0.4955	0.5167	0.3345	0.3291	0.5525	0.5802	0.4516	 0.459	0.9367	0.9565	 1.269	 1.268	
val losses      130:	0.4525	0.5044	0.3337	0.3157	 0.762	0.7915	 0.484	0.4765	 1.882	 1.747	 2.118	 2.105	 | 0.9977 mean
                     	 1.257	 1.382	0.8717	0.8028	 2.079	 2.153	 1.251	 1.197	 5.435	 4.993	 5.244	 5.324	 | 3.723 quantile
                      	 15.46	 16.26	 2.077	 1.807	 13.25	 14.74	 2.624	 2.208	 9.673	 10.19	 8.361	 7.973	 | 16.26 max

train losses    132:	0.4656	0.4855	0.3346	0.3275	 0.546	0.5716	0.4525	0.4599	0.9298	0.9445	 1.186	 1.186	
val losses      132:	0.4725	0.5296	0.3331	0.3155	0.7756	0.8068	0.4826	0.4755	 1.884	 1.769	 2.149	 2.128	 | 1.01 mean
                     	 1.319	 1.478	0.8702	0.8051	 2.103	 2.179	 1.244	 1.194	 5.524	 5.146	 5.208	 5.302	 | 3.789 quantile
                      	 13.64	 14.16	  2.08	 1.785	 12.93	 14.33	  2.85	 2.206	  9.06	 9.695	  8.51	  8.11	 | 14.33 max

train losses    134:	0.4587	0.4772	0.3348	0.3276	0.5213	0.5434	0.4531	0.4603	0.8791	0.8864	 1.158	 1.159	
val losses      134:	0.4729	 0.531	0.3331	0.3157	0.7448	0.7752	0.4793	0.4732	 1.529	 1.428	 2.124	 2.102	 | 0.9424 mean
                     	 1.315	 1.464	  0.87	 0.804	 1.945	 2.028	 1.224	  1.19	  4.42	 3.978	 5.191	 5.263	 | 3.5 quantile
                      	 13.75	 14.56	 2.075	 1.772	 13.35	 14.74	 2.574	 2.205	 9.788	 10.85	 8.408	 8.029	 | 14.74 max

train losses    136:	0.4479	0.4661	0.3345	0.3277	0.5016	0.5185	0.4508	 0.458	0.8429	0.8564	 1.089	 1.091	
val losses      136:	0.4581	0.5142	0.3334	0.3156	0.7002	0.7289	 0.478	0.4722	 1.326	 1.226	 2.057	 2.039	 | 0.8874 mean
                     	 1.256	 1.387	0.8703	0.7996	 1.789	 1.896	 1.214	 1.193	 3.604	 3.229	 5.137	 5.176	 | 3.194 quantile
                      	  14.6	 15.69	 2.077	 1.773	 14.23	 15.71	 2.227	 2.204	 9.355	 10.09	 8.173	 7.779	 | 15.71 max

train losses    138:	0.4422	0.4594	0.3343	0.3277	0.4904	 0.508	0.4476	0.4547	 0.814	0.8295	  1.02	 1.021	
val losses      138:	0.4318	0.4819	0.3334	0.3155	0.6367	0.6604	0.4765	0.4702	 1.238	 1.132	 1.944	  1.93	 | 0.8375 mean
                     	 1.194	 1.299	0.8686	0.7991	 1.601	 1.706	 1.204	 1.191	 3.233	 2.932	 4.902	 4.872	 | 2.941 quantile
                      	 15.71	 16.92	 2.055	 1.775	  15.0	 16.55	 2.097	 2.181	 9.709	 9.616	 7.333	 6.947	 | 16.92 max

train losses    140:	0.4362	0.4542	0.3339	0.3278	0.4842	0.5073	0.4473	0.4544	0.7881	0.7988	0.9692	0.9723	
val losses      140:	 0.418	0.4596	0.3337	0.3154	0.6041	 0.621	0.4744	0.4679	 1.194	  1.09	 1.856	 1.835	 | 0.8057 mean
                     	 1.134	 1.243	 0.869	 0.802	 1.507	 1.596	  1.21	 1.188	 3.105	 2.795	 4.664	 4.544	 | 2.803 quantile
                      	 16.52	 17.65	 2.025	 1.775	 14.97	 16.53	 2.166	 2.141	 9.773	 9.518	 7.296	 6.905	 | 17.65 max

train losses    142:	 0.433	0.4469	0.3338	0.3274	0.4805	0.4981	0.4458	0.4533	0.7614	0.7733	0.9197	0.9227	
val losses      142:	0.4018	0.4392	0.3341	0.3154	0.5732	0.5883	0.4732	 0.466	 1.135	 1.043	 1.733	 1.709	 | 0.7677 mean
                     	  1.08	 1.202	0.8702	0.8011	 1.456	 1.575	 1.194	 1.186	 2.808	 2.515	 4.275	 4.213	 | 2.56 quantile
                      	 17.21	 18.36	 2.024	 1.776	 15.09	 16.67	 2.273	 2.125	 9.667	 9.345	 7.214	 6.848	 | 18.36 max

train losses    144:	0.4253	0.4396	0.3333	0.3272	0.4714	0.4909	0.4453	0.4524	 0.736	0.7493	0.8789	0.8814	
val losses      144:	0.3888	0.4213	0.3341	0.3152	0.5545	0.5708	0.4732	0.4655	 1.102	  1.02	 1.617	   1.6	 | 0.7386 mean
                     	 1.062	 1.161	0.8692	0.8017	 1.439	  1.49	 1.194	 1.195	 2.707	 2.374	 4.018	 4.027	 | 2.412 quantile
                      	 17.48	  18.7	 2.021	 1.778	 14.97	 16.56	 2.271	 2.119	 9.403	 9.097	 7.106	 6.704	 | 18.7 max

train losses    146:	0.4224	0.4335	0.3332	0.3269	 0.468	 0.484	 0.444	0.4513	0.7184	0.7375	0.8479	0.8513	
val losses      146:	0.3833	0.4154	 0.334	0.3151	0.5419	0.5623	0.4734	0.4658	 1.082	0.9981	 1.539	 1.529	 | 0.7199 mean
                     	 1.042	 1.162	0.8709	0.8025	 1.431	 1.436	 1.199	 1.193	 2.671	 2.405	  3.88	 3.953	 | 2.37 quantile
                      	 17.83	  19.2	  2.03	 1.784	 15.12	 16.71	 2.275	 2.111	 9.281	 8.974	 7.011	 6.595	 | 19.2 max

train losses    148:	0.4178	0.4323	0.3329	0.3268	0.4586	0.4797	0.4433	 0.451	 0.707	0.7215	0.8227	 0.824	
val losses      148:	0.3798	0.4094	0.3339	 0.315	0.5367	0.5557	0.4729	0.4649	 1.046	0.9632	 1.483	 1.476	 | 0.7031 mean
                     	 1.012	 1.123	 0.871	0.8024	 1.414	 1.422	 1.188	  1.19	 2.586	 2.314	 3.807	 3.878	 | 2.293 quantile
                      	 18.36	 19.78	 2.038	 1.785	 15.59	 17.22	 2.284	 2.117	 9.279	 8.972	 6.825	 6.395	 | 19.78 max

train losses    150:	 0.417	  0.43	0.3329	0.3268	0.4586	0.4779	0.4439	0.4513	0.6925	0.7046	0.8001	0.8024	
val losses      150:	0.3811	0.4124	0.3339	 0.315	 0.547	0.5688	0.4727	0.4647	 1.048	0.9701	 1.502	 1.494	 | 0.7091 mean
                     	 1.025	 1.133	0.8703	0.8008	 1.437	 1.462	 1.195	 1.192	 2.646	 2.345	 3.823	 3.898	 | 2.319 quantile
                      	 18.46	 19.98	 2.024	 1.784	 15.73	 17.35	 2.331	 2.147	 9.181	  8.96	 6.735	 6.313	 | 19.98 max

train losses    152:	0.4154	 0.429	0.3329	 0.327	0.4552	0.4739	0.4427	0.4507	0.6854	0.6959	0.7773	0.7793	
val losses      152:	0.3791	0.4101	0.3339	0.3151	 0.556	0.5767	0.4731	 0.465	 1.035	0.9594	 1.502	 1.494	 | 0.7083 mean
                     	 1.019	 1.134	0.8699	0.8004	 1.467	 1.488	 1.195	 1.189	 2.618	 2.325	 3.838	 3.922	 | 2.323 quantile
                      	 18.64	 20.15	 2.033	 1.783	 15.88	 17.51	  2.37	 2.155	 9.039	 8.989	 6.781	 6.378	 | 20.15 max

train losses    154:	0.4146	0.4263	0.3328	0.3267	0.4497	  0.47	0.4431	0.4505	0.6776	0.6883	 0.768	0.7694	
val losses      154:	0.3756	0.4078	0.3341	0.3153	0.5458	 0.563	0.4736	0.4657	 1.018	0.9454	 1.488	  1.48	 | 0.7011 mean
                     	 1.018	 1.132	0.8722	0.8024	 1.433	  1.43	 1.195	 1.189	 2.561	  2.26	 3.828	 3.915	 | 2.281 quantile
                      	 19.12	 20.67	 2.028	 1.787	 16.36	 18.03	 2.415	 2.157	 9.018	 9.012	 6.725	 6.492	 | 20.67 max

train losses    156:	0.4146	0.4293	0.3326	0.3265	0.4482	0.4669	 0.443	0.4501	0.6762	0.6856	0.7551	0.7556	
val losses      156:	0.3708	0.4035	0.3341	0.3153	0.5382	0.5534	0.4737	 0.466	 1.029	0.9588	 1.477	 1.469	 | 0.699 mean
                     	 1.004	 1.112	0.8727	0.8008	 1.387	  1.41	 1.202	 1.195	 2.652	 2.274	 3.802	 3.894	 | 2.285 quantile
                      	 19.54	 21.06	 2.042	  1.79	 16.65	 18.33	   2.4	 2.156	 8.861	 8.955	 6.991	 6.904	 | 21.06 max

train losses    158:	0.4117	 0.423	0.3324	0.3262	0.4466	0.4647	0.4434	0.4509	0.6757	0.6837	 0.745	0.7463	
val losses      158:	0.3699	0.4018	0.3341	0.3152	0.5417	 0.557	 0.474	0.4662	  1.03	0.9613	 1.462	 1.453	 | 0.6972 mean
                     	0.9979	 1.107	0.8713	0.8012	  1.39	 1.403	 1.201	 1.193	 2.595	 2.269	 3.773	 3.892	 | 2.246 quantile
                      	 20.02	 21.57	 2.017	 1.788	 16.89	 18.61	 2.407	 2.159	 8.881	 9.278	 7.188	 7.201	 | 21.57 max

train losses    160:	0.4127	 0.425	0.3323	0.3261	0.4467	0.4637	0.4433	0.4507	0.6687	0.6799	0.7362	 0.738	
val losses      160:	0.3765	 0.411	 0.334	0.3152	0.5478	0.5634	0.4738	0.4664	 1.045	0.9726	 1.481	 1.472	 | 0.7048 mean
                     	 1.019	 1.125	0.8719	0.8003	 1.432	  1.41	 1.208	 1.194	  2.65	 2.283	 3.796	 3.926	 | 2.27 quantile
                      	  20.1	 21.62	  2.03	  1.79	 16.91	 18.62	 2.416	 2.161	 8.946	 9.374	 7.324	 7.334	 | 21.62 max

train losses    162:	0.4118	0.4237	0.3324	0.3262	0.4453	0.4635	0.4419	0.4494	0.6644	0.6759	0.7302	0.7312	
val losses      162:	0.3746	0.4052	0.3339	0.3152	0.5468	 0.562	0.4742	0.4665	 1.035	0.9634	 1.481	 1.472	 | 0.7025 mean
                     	 1.009	 1.112	0.8706	0.8001	 1.417	  1.39	 1.202	 1.193	  2.62	 2.286	 3.769	 3.885	 | 2.285 quantile
                      	 20.45	 22.07	 2.013	 1.795	 17.09	 18.82	 2.459	 2.157	  8.83	 9.385	 7.378	 7.401	 | 22.07 max

train losses    164:	0.4105	0.4221	0.3324	0.3261	0.4444	 0.459	0.4433	0.4508	0.6616	0.6718	0.7188	0.7221	
val losses      164:	0.3705	0.4029	 0.334	0.3152	0.5471	0.5621	0.4744	0.4664	 1.048	0.9772	 1.462	 1.452	 | 0.701 mean
                     	0.9968	 1.102	0.8725	0.7999	 1.405	 1.371	 1.203	 1.194	 2.653	 2.259	  3.75	 3.843	 | 2.259 quantile
                      	 20.82	 22.49	 2.016	 1.794	 17.33	 19.12	 2.492	 2.151	 9.039	 9.608	 7.848	 7.904	 | 22.49 max

train losses    166:	0.4103	0.4234	0.3323	 0.326	0.4448	0.4635	0.4424	0.4501	0.6612	0.6696	0.7136	0.7166	
val losses      166:	0.3705	0.4013	 0.334	0.3152	0.5393	0.5509	0.4745	0.4664	 1.051	0.9772	 1.452	 1.442	 | 0.6979 mean
                     	0.9934	   1.1	0.8747	0.8009	  1.37	 1.336	 1.199	 1.196	 2.658	 2.265	 3.709	 3.821	 | 2.238 quantile
                      	 21.02	  22.7	 2.015	 1.793	 17.67	 19.51	 2.528	 2.155	  9.19	 9.388	 8.104	 8.176	 | 22.7 max

train losses    168:	0.4102	0.4223	0.3323	0.3259	0.4408	0.4571	0.4417	0.4495	0.6611	 0.672	0.7076	0.7081	
val losses      168:	0.3693	 0.401	 0.334	0.3151	0.5333	0.5453	0.4742	0.4663	 1.043	 0.969	 1.448	 1.439	 | 0.6948 mean
                     	0.9771	 1.103	0.8737	0.8002	 1.363	 1.321	 1.202	 1.194	 2.636	 2.284	 3.712	 3.816	 | 2.239 quantile
                      	 21.23	 22.91	 2.014	 1.792	 17.88	 19.74	 2.518	 2.156	 9.099	  9.06	 8.233	 8.307	 | 22.91 max

train losses    170:	0.4089	0.4223	0.3323	 0.326	0.4407	0.4577	0.4424	0.4499	0.6587	0.6673	   0.7	0.7008	
val losses      170:	0.3748	0.4076	 0.334	0.3153	0.5459	0.5607	0.4742	0.4663	 1.054	0.9792	 1.459	  1.45	 | 0.7017 mean
                     	0.9985	 1.101	0.8715	0.8016	  1.39	 1.342	 1.206	 1.194	 2.676	 2.268	 3.729	 3.818	 | 2.252 quantile
                      	 21.22	 22.93	 2.019	 1.792	 18.02	 19.87	 2.532	 2.166	 9.311	 9.163	 8.315	   8.4	 | 22.93 max

train losses    172:	0.4071	0.4205	 0.332	0.3256	0.4375	0.4557	0.4422	0.4498	0.6575	0.6664	0.6995	0.7008	
val losses      172:	0.3689	0.4003	0.3341	0.3152	0.5413	0.5546	0.4743	0.4664	 1.055	0.9781	  1.47	 1.459	 | 0.7014 mean
                     	0.9886	 1.082	0.8746	0.8024	 1.368	 1.332	 1.202	 1.195	 2.653	 2.283	 3.722	 3.809	 | 2.267 quantile
                      	 21.45	 23.17	 2.022	 1.792	  18.4	 20.27	 2.612	  2.16	 9.238	 9.157	 8.161	 8.238	 | 23.17 max

train losses    174:	0.4074	0.4191	0.3321	0.3257	0.4408	0.4571	0.4426	0.4506	0.6541	0.6617	0.6912	0.6914	
val losses      174:	0.3671	0.3972	0.3341	0.3152	0.5342	0.5468	0.4745	0.4661	 1.039	0.9677	 1.447	 1.435	 | 0.6937 mean
                     	0.9842	 1.085	0.8752	0.8026	 1.337	 1.289	   1.2	 1.189	  2.58	 2.243	 3.678	 3.736	 | 2.223 quantile
                      	 21.67	 23.45	 2.006	  1.79	 18.63	 20.48	  2.63	 2.153	 9.287	 9.376	 8.627	  8.71	 | 23.45 max

train losses    176:	0.4102	0.4213	0.3321	0.3254	0.4373	 0.455	0.4416	0.4494	0.6535	0.6617	0.6897	0.6907	
val losses      176:	0.3686	0.3982	0.3342	0.3152	0.5422	0.5558	0.4739	0.4658	 1.058	0.9837	 1.459	 1.449	 | 0.7003 mean
                     	0.9843	 1.087	0.8743	0.8036	 1.375	 1.339	   1.2	 1.192	 2.677	 2.292	 3.725	 3.803	 | 2.249 quantile
                      	 21.84	  23.6	 2.012	 1.792	 18.65	 20.47	 2.602	  2.16	 9.159	 9.119	 8.447	 8.518	 | 23.6 max

train losses    178:	0.4066	0.4184	0.3319	0.3254	0.4406	0.4561	 0.442	0.4494	0.6526	0.6615	0.6889	0.6892	
val losses      178:	0.3683	0.3986	0.3342	0.3153	0.5396	0.5534	0.4741	0.4658	 1.063	0.9883	 1.457	 1.445	 | 0.7002 mean
                     	0.9792	 1.084	0.8746	0.8025	 1.373	  1.32	 1.199	  1.19	 2.666	 2.275	 3.701	 3.756	 | 2.235 quantile
                      	 21.99	 23.73	 2.008	 1.795	 18.77	 20.58	 2.583	 2.158	 9.209	 9.364	 8.759	  8.83	 | 23.73 max

train losses    180:	0.4073	0.4198	 0.332	0.3256	0.4375	0.4549	0.4423	0.4496	0.6463	0.6536	 0.686	0.6875	
val losses      180:	0.3679	 0.397	0.3341	0.3152	 0.532	0.5437	0.4745	0.4663	 1.061	0.9848	 1.445	 1.434	 | 0.6962 mean
                     	0.9844	 1.085	0.8752	0.8028	 1.339	 1.296	   1.2	 1.195	 2.675	 2.272	 3.682	 3.765	 | 2.233 quantile
                      	 22.06	 23.78	 2.013	 1.796	 18.92	 20.74	 2.553	 2.159	 9.303	 9.241	 8.681	 8.764	 | 23.78 max

train losses    182:	0.4046	0.4153	 0.332	0.3255	 0.437	0.4522	0.4418	0.4493	0.6503	0.6587	0.6828	0.6832	
val losses      182:	0.3689	0.3977	0.3341	0.3152	0.5383	 0.551	0.4742	0.4663	 1.047	0.9708	 1.448	 1.438	 | 0.6957 mean
                     	0.9768	  1.08	0.8749	0.8009	 1.333	 1.312	 1.203	 1.195	  2.62	 2.254	 3.695	 3.807	 | 2.236 quantile
                      	  22.2	 23.96	 2.005	 1.794	 18.99	 20.84	  2.56	 2.164	 9.194	 9.199	 8.761	 8.853	 | 23.96 max

train losses    184:	0.4073	0.4173	0.3319	0.3254	0.4325	0.4489	0.4424	0.4501	0.6465	0.6531	0.6782	 0.679	
val losses      184:	  0.37	0.3993	 0.334	0.3152	0.5305	 0.541	0.4743	0.4664	 1.057	0.9815	 1.451	 1.441	 | 0.6968 mean
                     	0.9837	 1.085	0.8741	0.8009	 1.327	 1.292	   1.2	 1.193	 2.669	  2.28	 3.677	 3.745	 | 2.243 quantile
                      	 22.35	 24.19	 2.015	 1.792	 19.23	  21.1	 2.627	 2.164	 9.207	 9.235	 9.078	 9.185	 | 24.19 max

train losses    186:	 0.406	0.4175	0.3319	0.3254	0.4338	0.4515	0.4418	0.4494	0.6482	0.6528	0.6737	0.6749	
val losses      186:	0.3647	0.3938	0.3339	0.3152	0.5328	0.5448	0.4742	0.4659	 1.051	0.9786	  1.44	  1.43	 | 0.6937 mean
                     	0.9629	 1.064	0.8748	 0.802	 1.342	 1.287	 1.196	  1.19	 2.612	 2.258	 3.648	 3.714	 | 2.226 quantile
                      	 22.38	 24.16	 2.021	 1.795	 19.14	  21.0	  2.64	 2.166	 9.073	 9.359	 9.223	  9.29	 | 24.16 max

train losses    188:	0.4048	 0.418	0.3318	0.3252	0.4321	0.4496	 0.442	0.4494	0.6452	0.6532	0.6736	0.6741	
val losses      188:	0.3635	0.3934	0.3339	0.3152	0.5363	0.5479	0.4741	0.4658	 1.052	0.9812	 1.428	 1.417	 | 0.6923 mean
                     	0.9629	 1.072	0.8741	0.8028	 1.346	 1.296	   1.2	 1.194	 2.617	 2.259	  3.64	 3.712	 | 2.21 quantile
                      	 22.27	 24.08	 2.009	 1.795	 19.25	 21.11	 2.598	 2.165	 9.346	 9.496	 9.237	 9.316	 | 24.08 max

train losses    190:	 0.405	0.4181	0.3318	0.3254	0.4356	  0.45	0.4417	0.4492	0.6466	0.6514	0.6712	0.6714	
val losses      190:	0.3679	0.3996	0.3339	0.3153	0.5431	 0.556	0.4741	 0.466	 1.058	0.9851	 1.448	 1.439	 | 0.6989 mean
                     	0.9806	 1.093	0.8741	0.8012	 1.385	 1.323	 1.202	 1.195	 2.685	 2.292	 3.688	 3.753	 | 2.25 quantile
                      	 22.23	 23.98	 2.017	 1.793	 19.28	 21.12	 2.557	 2.169	 9.258	 9.068	 9.056	 9.161	 | 23.98 max

train losses    192:	0.4063	0.4173	0.3318	0.3251	0.4324	0.4507	0.4412	0.4486	0.6399	  0.65	0.6681	0.6687	
val losses      192:	0.3652	 0.395	 0.334	0.3152	0.5378	0.5489	0.4746	0.4664	 1.057	0.9833	 1.424	 1.415	 | 0.693 mean
                     	0.9723	 1.081	0.8743	0.8027	 1.353	 1.321	   1.2	  1.19	 2.659	 2.254	 3.649	 3.712	 | 2.21 quantile
                      	 22.35	 24.14	 2.003	 1.794	 19.44	 21.26	 2.597	 2.161	 9.359	 9.355	 9.388	 9.484	 | 24.14 max

train losses    194:	0.4055	 0.418	0.3316	 0.325	 0.434	0.4508	0.4413	0.4488	0.6407	0.6491	0.6665	0.6649	
val losses      194:	0.3619	0.3909	0.3341	0.3153	0.5305	0.5412	0.4747	0.4666	 1.061	0.9886	  1.43	  1.42	 | 0.6928 mean
                     	0.9685	 1.072	0.8747	0.8026	 1.319	 1.293	   1.2	 1.194	 2.663	 2.296	 3.661	 3.731	 | 2.222 quantile
                      	 22.39	 24.18	 2.009	 1.796	 19.48	  21.3	 2.666	 2.164	 9.222	  9.31	   9.1	 9.171	 | 24.18 max

train losses    196:	 0.405	0.4135	0.3316	0.3252	 0.434	0.4483	0.4414	0.4492	0.6434	0.6493	0.6637	0.6638	
val losses      196:	0.3643	0.3921	0.3341	0.3152	0.5298	0.5406	0.4749	0.4669	  1.07	0.9954	 1.444	 1.434	 | 0.6967 mean
                     	0.9664	 1.065	0.8753	0.8014	 1.343	 1.292	 1.204	 1.193	 2.718	 2.333	 3.691	 3.757	 | 2.243 quantile
                      	 22.32	 24.06	  2.01	 1.801	 19.45	 21.25	 2.638	 2.165	 9.405	 9.277	 9.009	 9.087	 | 24.06 max

train losses    198:	0.4068	0.4185	0.3318	 0.325	0.4307	0.4467	0.4416	0.4488	0.6389	0.6462	0.6641	0.6636	
val losses      198:	0.3637	0.3921	0.3341	0.3152	0.5265	0.5359	 0.475	0.4667	 1.068	0.9942	  1.43	 1.419	 | 0.6933 mean
                     	 0.965	 1.068	0.8761	0.8022	 1.326	  1.28	 1.202	 1.196	 2.695	 2.318	 3.687	 3.758	 | 2.231 quantile
                      	 22.49	 24.31	 2.019	 1.798	 19.64	 21.45	 2.577	 2.163	 9.529	 9.303	 9.203	 9.276	 | 24.31 max

train losses    200:	0.4038	0.4165	0.3317	 0.325	 0.429	 0.444	0.4417	0.4491	  0.64	0.6489	0.6603	0.6598	
val losses      200:	0.3642	0.3934	0.3339	0.3152	0.5292	0.5402	0.4746	0.4662	 1.066	  0.99	 1.433	 1.421	 | 0.6939 mean
                     	0.9654	 1.062	 0.873	0.8015	  1.32	 1.288	 1.204	 1.196	 2.672	 2.287	  3.66	 3.723	 | 2.243 quantile
                      	 22.48	  24.3	  2.01	 1.794	 19.63	 21.44	  2.47	 2.162	 9.207	 9.202	 9.063	 9.151	 | 24.3 max

train losses    202:	0.4046	0.4165	0.3316	 0.325	0.4304	 0.446	0.4416	 0.449	0.6426	0.6484	0.6591	0.6599	
val losses      202:	0.3645	0.3943	0.3339	0.3151	0.5363	0.5477	0.4744	 0.466	 1.067	0.9915	 1.426	 1.417	 | 0.6945 mean
                     	0.9685	 1.066	0.8726	0.8037	 1.347	  1.32	   1.2	 1.192	 2.702	 2.314	 3.638	 3.683	 | 2.231 quantile
                      	 22.49	 24.33	 2.012	 1.796	 19.72	 21.53	 2.505	 2.162	  9.09	 9.309	 9.188	  9.28	 | 24.33 max

train losses    204:	0.4035	0.4138	0.3316	0.3249	0.4305	0.4455	0.4416	0.4491	0.6382	0.6451	0.6571	0.6548	
val losses      204:	0.3626	0.3897	 0.334	0.3152	0.5338	0.5447	0.4744	0.4659	 1.065	0.9916	 1.432	 1.421	 | 0.6942 mean
                     	0.9576	 1.058	0.8735	0.8028	  1.34	 1.286	 1.201	 1.194	 2.662	 2.295	 3.664	 3.721	 | 2.234 quantile
                      	 22.62	 24.41	 2.001	 1.797	 19.88	  21.7	 2.563	 2.168	 9.348	   9.5	 9.071	 9.164	 | 24.41 max

train losses    206:	0.4028	0.4138	0.3319	0.3251	0.4264	 0.443	0.4416	0.4494	0.6352	0.6454	 0.655	0.6547	
val losses      206:	0.3644	0.3937	0.3339	0.3153	0.5384	0.5488	0.4748	0.4662	 1.078	 1.004	 1.432	 1.419	 | 0.6974 mean
                     	0.9757	 1.063	0.8728	0.8032	 1.355	 1.306	 1.196	 1.191	 2.738	 2.334	 3.648	 3.632	 | 2.248 quantile
                      	 22.39	 24.18	 1.999	 1.795	 19.78	  21.6	  2.61	  2.16	 9.375	 9.264	 9.457	 9.557	 | 24.18 max

train losses    208:	0.4028	0.4142	0.3317	 0.325	0.4282	0.4435	0.4409	0.4483	0.6323	0.6367	0.6505	0.6481	
val losses      208:	0.3579	0.3855	0.3341	0.3153	 0.522	0.5311	0.4746	0.4661	 1.057	0.9849	 1.419	  1.41	 | 0.6881 mean
                     	0.9538	 1.035	0.8733	 0.803	   1.3	 1.259	   1.2	 1.192	 2.649	  2.26	 3.629	 3.676	 | 2.211 quantile
                      	 22.74	 24.56	 2.007	 1.792	 20.06	  21.9	 2.609	 2.165	 9.435	 9.293	 9.293	 9.385	 | 24.56 max

train losses    210:	0.4029	0.4138	0.3315	 0.325	0.4299	0.4442	0.4413	0.4489	0.6363	 0.642	0.6522	0.6527	
val losses      210:	0.3602	 0.388	 0.334	0.3153	0.5388	0.5469	0.4745	 0.466	 1.069	0.9932	 1.434	 1.425	 | 0.6954 mean
                     	0.9628	 1.047	0.8733	 0.803	 1.367	  1.32	 1.204	 1.194	 2.695	 2.281	 3.654	 3.697	 | 2.228 quantile
                      	 22.72	 24.49	 1.993	 1.793	 19.94	 21.76	   2.6	 2.161	 9.223	 9.028	 9.274	 9.388	 | 24.49 max

train losses    212:	0.4012	0.4139	0.3317	 0.325	0.4279	0.4439	0.4413	0.4487	 0.635	0.6422	0.6502	0.6478	
val losses      212:	0.3574	0.3858	 0.334	0.3152	0.5372	0.5452	0.4746	 0.466	 1.069	0.9965	 1.417	 1.406	 | 0.6919 mean
                     	0.9557	 1.054	0.8727	0.8009	 1.349	 1.325	 1.202	 1.197	 2.655	 2.262	 3.641	 3.687	 | 2.211 quantile
                      	 22.68	 24.53	 2.013	 1.795	 20.07	 21.87	 2.563	 2.162	 9.447	 9.539	 9.395	 9.501	 | 24.53 max

train losses    214:	0.4006	0.4132	0.3316	0.3248	  0.43	0.4453	0.4413	0.4487	0.6337	0.6407	0.6491	0.6479	
val losses      214:	 0.355	0.3831	 0.334	0.3151	0.5289	 0.538	0.4742	0.4656	 1.058	0.9839	 1.422	 1.412	 | 0.6891 mean
                     	0.9471	 1.035	0.8737	0.8004	 1.332	 1.284	 1.202	 1.198	  2.58	 2.243	 3.653	 3.691	 | 2.205 quantile
                      	 23.01	 24.87	 1.982	 1.794	 20.39	 22.22	 2.577	 2.158	 9.245	  9.44	 9.564	 9.668	 | 24.87 max

train losses    216:	0.4033	0.4142	0.3315	0.3246	0.4267	0.4402	0.4398	0.4473	0.6336	0.6393	0.6459	0.6443	
val losses      216:	 0.363	0.3917	 0.334	0.3152	0.5373	0.5466	0.4741	0.4657	 1.082	 1.006	 1.434	 1.424	 | 0.6979 mean
                     	0.9738	 1.054	0.8744	0.8033	 1.354	 1.297	   1.2	 1.197	 2.729	 2.319	 3.664	 3.714	 | 2.242 quantile
                      	 22.78	 24.59	 2.013	 1.787	  20.3	 22.11	 2.612	  2.16	  9.31	 9.717	 9.596	 9.692	 | 24.59 max

train losses    218:	0.4015	0.4133	0.3316	0.3248	0.4267	0.4415	0.4406	0.4481	0.6321	0.6382	  0.65	0.6473	
val losses      218:	0.3622	0.3912	 0.334	0.3152	0.5369	0.5469	0.4743	0.4656	 1.077	 1.004	 1.433	 1.422	 | 0.6969 mean
                     	0.9584	 1.055	0.8735	 0.804	 1.353	 1.309	 1.199	 1.199	 2.663	   2.3	 3.649	 3.681	 | 2.243 quantile
                      	 22.65	 24.43	 2.003	 1.782	 20.21	 22.01	 2.631	 2.156	 9.246	 9.335	 9.532	  9.61	 | 24.43 max

train losses    220:	0.4011	0.4119	0.3316	 0.325	0.4273	0.4426	0.4419	0.4494	0.6331	0.6399	0.6453	0.6433	
val losses      220:	0.3609	0.3892	0.3341	0.3153	 0.536	0.5442	0.4742	0.4656	 1.056	 0.986	 1.422	 1.413	 | 0.6914 mean
                     	0.9663	 1.061	0.8747	0.8021	 1.336	 1.308	 1.204	 1.195	 2.606	 2.236	 3.663	 3.742	 | 2.211 quantile
                      	 22.74	 24.51	 2.011	 1.786	 20.27	 22.07	 2.613	 2.156	 9.281	 9.508	  9.52	 9.615	 | 24.51 max

train losses    222:	0.4005	0.4116	0.3315	0.3247	0.4278	0.4414	0.4406	0.4478	0.6289	0.6365	0.6438	0.6426	
val losses      222:	0.3586	0.3854	0.3341	0.3152	0.5295	0.5394	0.4743	0.4658	 1.058	0.9791	 1.426	 1.417	 | 0.6903 mean
                     	 0.962	 1.046	0.8759	 0.802	 1.315	  1.26	 1.205	 1.196	 2.642	  2.25	 3.625	   3.7	 | 2.219 quantile
                      	 22.88	 24.71	 2.001	 1.795	 20.48	 22.29	 2.619	 2.154	 9.185	 9.502	 9.756	 9.824	 | 24.71 max

train losses    224:	0.3995	0.4106	0.3316	0.3248	0.4259	0.4415	0.4412	0.4485	0.6252	 0.633	0.6463	 0.645	
val losses      224:	0.3585	0.3853	 0.334	0.3151	0.5405	0.5504	 0.474	0.4654	 1.068	0.9885	 1.427	 1.416	 | 0.6936 mean
                     	0.9643	  1.04	0.8749	0.8023	 1.349	 1.329	 1.207	 1.196	 2.674	 2.285	 3.632	 3.692	 | 2.22 quantile
                      	 22.75	 24.47	 2.008	 1.791	 20.18	 21.98	 2.587	 2.157	 9.217	 9.368	  9.62	  9.69	 | 24.47 max

train losses    226:	0.4012	0.4106	0.3315	0.3248	0.4254	0.4413	0.4402	0.4479	0.6307	0.6358	0.6391	0.6365	
val losses      226:	0.3539	0.3798	0.3342	0.3153	0.5285	0.5377	0.4741	0.4651	 1.048	0.9723	 1.399	 1.388	 | 0.683 mean
                     	0.9396	 1.027	0.8745	0.8023	 1.316	  1.25	 1.201	 1.195	 2.599	 2.228	 3.588	 3.631	 | 2.188 quantile
                      	 22.94	 24.69	 2.003	 1.785	 20.38	  22.2	 2.635	 2.155	 9.176	 9.211	 9.892	 9.971	 | 24.69 max

train losses    228:	0.4025	0.4096	0.3316	0.3248	0.4249	0.4428	0.4402	 0.448	0.6299	0.6397	0.6412	0.6395	
val losses      228:	0.3604	0.3887	0.3341	0.3153	0.5368	0.5458	0.4741	0.4654	  1.08	 1.005	 1.409	   1.4	 | 0.6929 mean
                     	0.9603	 1.052	 0.875	0.8024	 1.338	 1.313	 1.202	 1.196	 2.685	 2.319	 3.648	 3.672	 | 2.225 quantile
                      	 22.69	 24.47	 1.991	  1.79	 20.44	 22.23	 2.641	 2.163	 9.155	 9.216	 10.03	 10.12	 | 24.47 max

train losses    230:	0.4002	0.4111	0.3314	0.3247	0.4233	0.4394	0.4401	0.4479	0.6317	0.6394	0.6396	0.6362	
val losses      230:	0.3558	0.3846	0.3341	0.3153	0.5333	0.5426	 0.474	0.4653	 1.054	0.9812	 1.417	 1.407	 | 0.6888 mean
                     	0.9494	  1.03	0.8741	0.8026	 1.325	 1.307	   1.2	 1.195	 2.616	 2.261	  3.61	 3.691	 | 2.203 quantile
                      	 22.75	 24.55	 2.003	 1.796	 20.47	 22.24	 2.633	 2.162	 9.241	 9.159	 10.02	 10.13	 | 24.55 max

train losses    232:	0.4003	0.4105	0.3316	0.3247	0.4259	0.4405	0.4408	 0.448	0.6295	0.6363	0.6419	0.6393	
val losses      232:	0.3574	0.3868	0.3341	0.3153	0.5351	 0.545	0.4741	0.4654	 1.069	0.9916	 1.429	 1.418	 | 0.6934 mean
                     	0.9514	 1.038	0.8734	0.8021	 1.347	 1.303	 1.205	 1.197	 2.682	 2.334	 3.645	 3.707	 | 2.216 quantile
                      	 22.86	 24.63	 2.001	 1.789	 20.54	 22.33	  2.64	 2.165	 9.375	 9.228	 9.797	 9.907	 | 24.63 max

train losses    234:	0.3993	0.4106	0.3315	0.3247	0.4214	0.4375	0.4398	0.4475	0.6296	0.6375	0.6404	0.6382	
val losses      234:	 0.359	0.3866	0.3341	0.3153	0.5325	0.5426	0.4737	0.4651	  1.08	0.9999	  1.42	 1.408	 | 0.6931 mean
                     	0.9476	 1.055	0.8741	0.8019	 1.341	 1.279	 1.202	 1.195	 2.675	 2.297	 3.645	 3.693	 | 2.222 quantile
                      	 22.84	 24.61	 2.008	 1.788	 20.58	 22.39	  2.62	 2.163	 9.116	 9.265	 9.839	 9.948	 | 24.61 max

train losses    236:	0.3967	0.4081	0.3314	0.3246	0.4242	0.4374	0.4401	0.4476	0.6299	0.6345	0.6413	0.6397	
val losses      236:	0.3566	0.3841	0.3342	0.3153	 0.525	0.5335	0.4742	0.4652	  1.07	0.9944	 1.401	 1.392	 | 0.6871 mean
                     	0.9432	 1.039	0.8746	0.8031	 1.304	  1.25	 1.199	 1.193	 2.624	 2.264	 3.599	 3.623	 | 2.203 quantile
                      	 23.05	 24.85	 2.009	 1.785	 20.76	 22.56	 2.596	 2.168	 9.025	 8.984	 9.801	 9.879	 | 24.85 max

train losses    238:	0.4014	0.4116	0.3315	0.3248	0.4246	0.4399	0.4396	0.4464	0.6278	0.6332	0.6394	 0.638	
val losses      238:	0.3594	 0.388	 0.334	0.3152	  0.54	0.5504	0.4739	 0.465	 1.068	0.9915	 1.413	 1.402	 | 0.6917 mean
                     	0.9547	 1.038	0.8748	0.8021	 1.346	 1.312	 1.209	  1.19	 2.631	 2.259	 3.607	 3.661	 | 2.21 quantile
                      	 22.99	 24.71	 2.005	 1.786	 20.55	 22.31	 2.593	 2.182	 9.248	 9.042	 9.488	 9.554	 | 24.71 max

train losses    240:	0.3996	0.4104	0.3315	0.3248	0.4233	  0.44	0.4409	0.4485	0.6265	0.6346	0.6447	0.6424	
val losses      240:	0.3632	0.3919	 0.334	0.3152	0.5426	0.5496	0.4743	0.4652	   1.1	 1.022	 1.426	 1.414	 | 0.6999 mean
                     	0.9663	 1.049	0.8758	0.8014	 1.362	  1.34	 1.199	 1.191	 2.774	 2.395	 3.626	 3.634	 | 2.271 quantile
                      	  23.1	 24.85	 2.001	 1.787	 20.69	 22.46	 2.629	 2.169	 9.288	  9.08	 9.542	 9.647	 | 24.85 max

train losses    242:	0.4002	0.4101	0.3314	0.3247	0.4223	0.4357	  0.44	0.4477	0.6263	0.6331	0.6561	0.6543	
val losses      242:	0.3573	0.3855	0.3341	0.3153	0.5369	0.5446	0.4749	0.4659	 1.093	 1.012	 1.433	 1.421	 | 0.6978 mean
                     	0.9404	 1.028	0.8755	 0.802	 1.338	 1.304	 1.196	 1.192	 2.718	 2.341	 3.601	 3.596	 | 2.276 quantile
                      	 23.24	 25.04	 1.997	 1.787	 20.87	 22.65	   2.6	 2.165	  9.18	 8.938	 9.597	 9.697	 | 25.04 max

train losses    244:	0.3956	 0.407	0.3317	0.3247	0.4236	 0.437	0.4401	0.4474	0.6309	0.6362	0.6518	0.6506	
val losses      244:	0.3533	0.3799	 0.334	0.3153	0.5241	0.5333	 0.475	0.4655	 1.059	0.9876	 1.407	 1.396	 | 0.6859 mean
                     	0.9315	 1.025	0.8759	0.8031	 1.296	 1.244	 1.191	 1.192	 2.646	  2.25	  3.61	 3.559	 | 2.237 quantile
                      	 23.06	 24.88	 2.013	 1.786	 20.84	 22.61	 2.599	 2.148	 9.222	 9.065	 9.955	 10.06	 | 24.88 max

train losses    246:	0.3991	0.4103	0.3314	0.3246	0.4206	0.4367	  0.44	0.4475	0.6305	0.6373	0.6489	0.6476	
val losses      246:	0.3562	 0.385	0.3341	0.3152	0.5441	0.5534	0.4748	0.4657	 1.111	 1.035	 1.433	 1.421	 | 0.7023 mean
                     	0.9445	 1.033	 0.874	0.8031	 1.367	 1.336	 1.198	 1.188	 2.854	 2.424	 3.654	 3.641	 | 2.302 quantile
                      	 22.99	 24.84	 2.007	 1.786	 20.85	 22.64	 2.615	 2.152	 9.008	 9.216	 10.17	 10.28	 | 24.84 max

train losses    248:	0.4007	0.4104	0.3313	0.3246	0.4221	0.4389	0.4405	0.4476	0.6367	0.6416	0.6685	0.6673	
val losses      248:	0.3638	0.3944	0.3342	0.3154	0.5454	0.5567	 0.475	0.4664	 1.122	 1.041	 1.462	 1.452	 | 0.7107 mean
                     	0.9697	 1.065	0.8762	 0.803	 1.381	 1.327	  1.21	 1.195	 2.872	 2.432	  3.72	 3.788	 | 2.317 quantile
                      	 22.91	  24.8	 2.015	 1.787	 20.81	 22.59	 2.622	 2.165	 9.276	 9.213	 10.04	 10.12	 | 24.8 max

train losses    250:	0.3985	0.4095	0.3314	0.3246	0.4209	0.4361	0.4408	0.4477	0.6454	  0.65	0.6727	0.6734	
val losses      250:	0.3608	0.3911	0.3342	0.3154	0.5345	0.5424	0.4751	0.4667	 1.083	 1.001	  1.46	 1.454	 | 0.7015 mean
                     	0.9668	 1.053	0.8769	0.8029	 1.327	 1.302	 1.212	 1.198	  2.69	 2.306	 3.772	 3.869	 | 2.254 quantile
                      	  23.0	 24.82	 1.993	 1.789	 20.88	 22.69	 2.662	 2.169	 9.211	 9.188	 9.426	 9.482	 | 24.82 max

train losses    252:	0.3971	0.4078	0.3316	0.3246	0.4268	0.4387	0.4401	0.4473	0.6436	0.6465	0.6593	0.6573	
val losses      252:	0.3604	0.3884	0.3342	0.3155	 0.524	0.5322	 0.475	0.4661	 1.059	0.9823	 1.422	 1.416	 | 0.6897 mean
                     	0.9586	 1.039	0.8761	0.8031	 1.298	 1.232	 1.202	 1.194	 2.552	   2.2	 3.712	 3.793	 | 2.209 quantile
                      	 23.16	 25.01	 1.993	 1.791	 21.23	 23.06	 2.736	 2.196	 9.317	 9.297	 9.628	 9.717	 | 25.01 max

train losses    254:	0.3997	0.4092	0.3313	0.3247	0.4263	0.4409	0.4411	0.4485	0.6346	0.6389	0.6495	 0.648	
val losses      254:	0.3629	0.3921	0.3341	0.3154	0.5376	0.5481	0.4741	0.4647	 1.086	 1.007	 1.407	 1.393	 | 0.6935 mean
                     	0.9719	  1.06	0.8755	0.8034	 1.346	 1.285	 1.197	 1.193	 2.675	 2.311	 3.601	 3.644	 | 2.218 quantile
                      	 23.16	 24.97	 2.006	 1.787	  21.1	 22.92	 2.695	 2.189	 9.249	  9.35	 9.966	 10.05	 | 24.97 max

train losses    256:	0.4001	0.4083	0.3313	0.3246	0.4249	 0.438	0.4399	0.4473	0.6282	0.6316	0.6472	0.6448	
val losses      256:	0.3589	0.3881	0.3342	0.3154	0.5452	0.5556	0.4738	0.4644	 1.085	 1.008	 1.408	 1.395	 | 0.6944 mean
                     	0.9537	 1.048	0.8756	0.8037	 1.376	 1.335	 1.199	 1.196	  2.72	 2.303	 3.602	 3.639	 | 2.22 quantile
                      	 23.36	 25.21	 2.008	 1.789	 21.12	 22.92	 2.599	 2.171	 9.064	 9.244	 9.493	 9.556	 | 25.21 max

train losses    258:	0.3967	0.4072	0.3316	0.3247	0.4208	0.4349	0.4405	0.4479	0.6264	0.6336	0.6384	0.6363	
val losses      258:	 0.359	 0.387	0.3341	0.3153	0.5377	0.5485	0.4737	0.4646	 1.082	 1.003	 1.412	 1.402	 | 0.6932 mean
                     	0.9635	 1.043	0.8758	0.8018	 1.361	 1.302	 1.204	 1.192	 2.655	  2.27	  3.63	 3.685	 | 2.226 quantile
                      	 23.22	 25.03	 2.005	 1.795	 20.92	  22.7	 2.523	 2.171	 9.121	 9.131	  9.42	 9.472	 | 25.03 max

train losses    260:	0.3953	0.4078	0.3312	0.3244	0.4217	0.4366	0.4386	0.4461	0.6216	0.6305	0.6358	0.6336	
val losses      260:	0.3571	0.3837	0.3341	0.3152	0.5323	  0.54	0.4733	0.4641	 1.074	0.9955	 1.415	 1.406	 | 0.6908 mean
                     	0.9509	  1.04	0.8743	0.8037	 1.329	 1.298	 1.208	 1.194	 2.629	 2.259	 3.605	  3.64	 | 2.222 quantile
                      	 23.36	 25.15	 2.003	 1.791	 21.02	  22.8	  2.56	  2.17	 8.977	 9.141	 9.467	  9.52	 | 25.15 max

train losses    262:	0.3973	0.4079	0.3313	0.3245	0.4188	 0.434	0.4396	 0.447	0.6217	0.6282	0.6342	 0.631	
val losses      262:	0.3574	0.3841	0.3341	0.3153	 0.538	0.5468	0.4743	0.4648	 1.086	 1.008	 1.423	 1.412	 | 0.6953 mean
                     	0.9504	 1.037	0.8742	0.8029	 1.351	 1.323	 1.196	 1.194	 2.714	 2.324	 3.599	   3.6	 | 2.248 quantile
                      	 23.09	 24.91	 2.003	 1.787	  21.0	 22.79	 2.669	 2.166	 8.938	 8.816	  9.53	 9.586	 | 24.91 max

train losses    264:	0.3957	0.4071	0.3314	0.3245	0.4212	0.4358	0.4388	0.4465	0.6216	0.6245	0.6298	0.6267	
val losses      264:	0.3566	0.3833	0.3341	0.3154	0.5391	0.5483	0.4739	0.4645	 1.072	0.9959	 1.396	 1.384	 | 0.6886 mean
                     	0.9465	 1.034	 0.877	0.8015	 1.356	 1.287	 1.201	 1.198	 2.632	  2.26	 3.556	 3.573	 | 2.206 quantile
                      	 22.97	 24.78	  2.01	 1.793	 20.92	 22.71	 2.621	 2.159	 9.079	 8.873	 9.776	 9.835	 | 24.78 max

train losses    266:	0.3977	0.4087	0.3314	0.3245	0.4201	0.4382	0.4389	0.4465	0.6202	0.6248	 0.623	0.6208	
val losses      266:	0.3589	0.3851	0.3341	0.3153	0.5404	0.5482	 0.474	0.4645	  1.08	 1.004	 1.381	  1.37	 | 0.6879 mean
                     	0.9499	  1.03	 0.878	0.8016	  1.35	 1.321	 1.196	 1.194	 2.685	 2.294	 3.543	 3.544	 | 2.198 quantile
                      	 23.15	 24.97	 2.004	 1.788	 21.19	 22.97	 2.626	 2.154	 9.089	 8.892	 9.874	 9.935	 | 24.97 max

train losses    268:	0.3995	 0.409	0.3314	0.3246	0.4198	0.4337	0.4387	0.4467	0.6184	0.6232	0.6216	0.6201	
val losses      268:	0.3623	0.3907	0.3341	0.3153	0.5384	0.5467	0.4742	0.4649	 1.108	 1.027	 1.418	 1.409	 | 0.699 mean
                     	0.9748	 1.058	0.8747	0.8028	 1.341	 1.306	 1.201	 1.193	 2.787	  2.37	 3.602	 3.626	 | 2.276 quantile
                      	 22.95	 24.71	 2.022	  1.78	  21.1	 22.84	 2.654	 2.161	 9.057	 8.874	 9.428	 9.483	 | 24.71 max

train losses    270:	0.3965	0.4076	0.3312	0.3245	 0.417	0.4346	 0.438	0.4454	0.6165	0.6251	0.6209	0.6195	
val losses      270:	0.3578	0.3837	0.3341	0.3152	0.5242	0.5318	0.4735	 0.464	 1.075	0.9932	 1.404	 1.393	 | 0.6874 mean
                     	0.9444	 1.034	0.8733	0.8015	 1.294	 1.226	 1.196	 1.193	 2.654	  2.29	 3.606	 3.641	 | 2.207 quantile
                      	 23.07	 24.81	 2.019	 1.784	 21.12	 22.86	 2.647	 2.156	 8.851	 8.647	 9.699	 9.752	 | 24.81 max

train losses    272:	0.3956	0.4072	0.3313	0.3245	0.4202	0.4319	0.4396	0.4468	 0.618	 0.621	 0.621	0.6188	
val losses      272:	0.3579	0.3856	 0.334	 0.315	0.5322	0.5381	0.4731	0.4639	 1.092	 1.012	 1.411	 1.399	 | 0.6929 mean
                     	0.9646	 1.039	0.8722	0.8009	 1.323	 1.285	 1.202	 1.192	 2.716	 2.317	 3.636	 3.682	 | 2.247 quantile
                      	 23.01	 24.79	 2.003	 1.787	  21.1	 22.82	 2.583	 2.169	  8.99	 8.793	 9.525	 9.575	 | 24.79 max

train losses    274:	 0.396	0.4059	0.3312	0.3244	0.4206	0.4358	0.4383	0.4454	0.6178	0.6237	0.6238	0.6208	
val losses      274:	0.3568	0.3832	0.3339	0.3151	0.5353	0.5433	0.4728	0.4636	 1.089	 1.012	 1.421	 1.409	 | 0.6945 mean
                     	0.9611	 1.039	0.8749	0.8023	 1.351	 1.291	 1.201	  1.19	 2.744	  2.33	 3.642	 3.685	 | 2.244 quantile
                      	 23.08	 24.89	 1.999	 1.789	 21.16	 22.87	 2.561	 2.172	 9.031	 8.838	 9.635	 9.712	 | 24.89 max

train losses    276:	0.3958	0.4077	0.3314	0.3245	0.4184	0.4327	0.4386	0.4462	0.6175	0.6244	0.6253	0.6223	
val losses      276:	0.3565	0.3827	 0.334	0.3152	0.5343	0.5427	0.4726	0.4631	 1.075	0.9989	 1.403	 1.392	 | 0.6891 mean
                     	0.9571	 1.046	0.8764	0.8028	 1.353	 1.294	   1.2	 1.191	  2.64	 2.239	 3.624	 3.633	 | 2.201 quantile
                      	 23.13	 24.96	   2.0	 1.786	 21.21	 22.94	 2.625	 2.161	 9.118	 8.928	 9.636	 9.709	 | 24.96 max

train losses    278:	0.3969	0.4068	0.3314	0.3246	0.4181	0.4335	0.4387	0.4463	0.6112	0.6227	0.6186	0.6151	
val losses      278:	0.3583	0.3839	 0.334	0.3152	0.5404	0.5485	0.4732	0.4634	 1.074	0.9947	 1.398	 1.387	 | 0.6891 mean
                     	0.9529	 1.041	0.8759	0.8019	 1.353	 1.305	 1.194	 1.192	 2.658	 2.255	 3.581	 3.599	 | 2.193 quantile
                      	 23.07	 24.89	 2.015	 1.786	 21.24	 22.98	 2.674	 2.151	 9.022	 8.949	 9.921	 9.989	 | 24.89 max

train losses    280:	0.3943	0.4047	0.3313	0.3245	0.4189	0.4346	0.4379	0.4453	0.6159	0.6219	0.6163	0.6137	
val losses      280:	0.3574	0.3832	 0.334	0.3152	0.5253	0.5312	0.4734	0.4637	 1.065	 0.987	 1.388	 1.379	 | 0.6835 mean
                     	0.9535	 1.028	0.8754	0.8033	 1.307	  1.25	   1.2	 1.193	 2.623	 2.231	 3.591	 3.611	 | 2.198 quantile
                      	 23.31	 25.13	 2.006	 1.787	 21.47	 23.26	 2.718	 2.196	 9.074	 8.916	 9.757	 9.832	 | 25.13 max

train losses    282:	0.3946	0.4069	0.3316	0.3245	 0.417	0.4311	0.4387	0.4466	0.6151	0.6217	0.6175	0.6148	
val losses      282:	0.3605	0.3882	 0.334	0.3153	0.5357	0.5426	0.4734	 0.464	 1.099	  1.02	 1.402	 1.391	 | 0.6937 mean
                     	0.9733	 1.056	0.8758	0.8031	 1.352	 1.322	 1.199	 1.191	 2.762	 2.385	 3.606	 3.644	 | 2.258 quantile
                      	 22.99	 24.82	 2.014	 1.784	 21.35	 23.12	 2.643	 2.166	 9.053	 8.863	 9.931	 9.991	 | 24.82 max

train losses    284:	0.3985	0.4074	0.3313	0.3245	0.4195	0.4315	 0.439	0.4462	0.6196	0.6246	0.6142	0.6119	
val losses      284:	0.3531	0.3779	 0.334	0.3154	0.5207	0.5263	0.4727	0.4633	 1.073	 0.997	 1.398	 1.387	 | 0.6848 mean
                     	0.9429	 1.022	0.8755	0.8025	 1.294	 1.256	 1.197	 1.192	 2.607	  2.24	 3.609	 3.633	 | 2.21 quantile
                      	 23.11	 24.88	 2.016	  1.79	 21.41	 23.16	 2.622	 2.162	 9.081	 8.922	 9.914	 9.957	 | 24.88 max

train losses    286:	0.3946	0.4054	0.3312	0.3244	0.4212	0.4338	0.4377	0.4442	 0.616	0.6212	0.6165	0.6151	
val losses      286:	0.3532	0.3788	0.3341	0.3153	 0.529	0.5363	0.4725	0.4634	 1.093	 1.016	 1.409	 1.399	 | 0.6916 mean
                     	0.9563	 1.033	0.8781	 0.803	 1.323	 1.275	 1.201	 1.193	 2.701	 2.291	 3.618	 3.656	 | 2.243 quantile
                      	 23.06	 24.89	 2.005	 1.791	 21.25	 22.98	 2.641	 2.165	 8.986	 8.849	 9.902	 9.936	 | 24.89 max

train losses    288:	0.3943	0.4036	0.3312	0.3244	0.4174	0.4316	0.4384	0.4454	0.6203	0.6211	0.6231	0.6226	
val losses      288:	0.3556	0.3811	0.3341	0.3152	0.5349	0.5414	0.4726	0.4634	 1.091	  1.01	 1.416	 1.406	 | 0.6935 mean
                     	0.9535	 1.032	0.8766	0.8027	  1.34	 1.299	 1.202	 1.192	  2.71	 2.309	 3.646	 3.691	 | 2.238 quantile
                      	 23.25	 25.06	 1.996	 1.783	  21.4	 23.18	 2.663	 2.198	 9.055	 8.873	 9.669	 9.719	 | 25.06 max

train losses    290:	0.3931	0.4038	 0.331	0.3244	0.4179	0.4337	0.4378	0.4447	0.6182	0.6247	 0.624	0.6233	
val losses      290:	0.3543	0.3798	 0.334	0.3151	0.5319	0.5403	0.4721	0.4625	 1.066	 0.993	 1.403	 1.393	 | 0.6871 mean
                     	0.9533	 1.038	0.8742	0.8009	 1.326	 1.265	 1.197	 1.192	 2.612	 2.254	 3.608	 3.658	 | 2.206 quantile
                      	 23.18	 25.05	 2.007	 1.786	 21.45	 23.28	  2.65	   2.2	 9.047	 8.867	 9.856	 9.904	 | 25.05 max

train losses    292:	0.3945	0.4055	0.3312	0.3244	 0.417	0.4349	0.4376	0.4452	0.6154	  0.62	0.6264	0.6232	
val losses      292:	0.3577	 0.385	0.3341	0.3154	0.5416	0.5495	0.4723	0.4628	 1.067	0.9926	 1.426	 1.418	 | 0.6935 mean
                     	0.9493	 1.045	 0.875	 0.801	 1.352	 1.312	 1.204	 1.191	 2.625	 2.262	 3.682	 3.697	 | 2.206 quantile
                      	  23.0	 24.85	 2.004	 1.787	 21.32	 23.13	 2.651	 2.168	 9.046	 8.878	 9.326	 9.365	 | 24.85 max

train losses    294:	0.3936	0.4021	0.3314	0.3247	0.4176	0.4297	0.4378	0.4457	 0.619	0.6241	0.6236	0.6222	
val losses      294:	0.3566	0.3832	 0.334	0.3153	 0.532	0.5414	0.4721	0.4625	 1.084	 1.008	 1.414	 1.402	 | 0.6921 mean
                     	0.9539	  1.05	0.8743	0.8022	 1.326	 1.286	 1.204	 1.189	 2.641	 2.288	 3.632	 3.683	 | 2.214 quantile
                      	 23.17	 24.99	 2.009	 1.786	 21.58	 23.37	 2.713	 2.193	 9.045	 8.876	 9.188	 9.217	 | 24.99 max

train losses    296:	0.3967	0.4067	0.3315	0.3246	0.4155	0.4295	0.4379	 0.445	0.6161	0.6231	0.6408	0.6369	
val losses      296:	0.3607	0.3881	0.3339	0.3153	0.5378	0.5461	0.4725	0.4627	 1.101	 1.022	  1.42	 1.408	 | 0.6973 mean
                     	0.9672	 1.041	0.8739	 0.802	  1.34	 1.325	 1.206	  1.19	 2.748	 2.367	 3.604	 3.613	 | 2.26 quantile
                      	 23.04	 24.88	 2.013	 1.787	 21.66	 23.44	 2.668	  2.17	 9.148	 8.987	 8.795	 8.835	 | 24.88 max

train losses    298:	0.3945	0.4044	0.3311	0.3243	0.4162	0.4298	0.4375	 0.445	  0.61	0.6188	0.6528	0.6502	
val losses      298:	0.3529	0.3774	0.3339	0.3151	0.5346	0.5437	0.4723	 0.462	 1.088	 1.007	 1.416	 1.405	 | 0.6923 mean
                     	 0.942	 1.016	0.8743	0.8031	 1.337	 1.293	 1.199	 1.182	 2.709	 2.345	 3.582	 3.599	 | 2.259 quantile
                      	 23.31	 25.17	   2.0	 1.788	 21.76	 23.56	 2.621	 2.167	 8.945	  8.78	 8.896	 8.913	 | 25.17 max

