train losses      0:	0.6072	0.6075	0.3898	0.3924	0.7429	0.7685	 0.504	 0.512	 1.559	 1.575	 1.461	 1.446	
val losses        0:	 1.038	0.7231	0.7452	0.9983	 0.858	0.9716	0.8256	0.5536	 2.315	 2.319	 2.219	 2.169	 | 1.311 mean
                     	 2.018	 1.747	  1.49	 1.762	 2.428	 2.763	 1.849	 1.325	 6.762	 6.651	 5.636	 5.509	 | 4.123 quantile
                      	 5.302	 5.645	 2.595	 2.943	 5.842	 5.194	 2.668	 2.515	 13.38	 13.81	 8.197	 7.938	 | 13.81 max

train losses      2:	0.5362	0.5553	0.3681	 0.367	 0.714	0.7383	0.4836	0.4876	 1.522	 1.541	 1.431	 1.432	
val losses        2:	0.5003	0.5424	 0.403	0.3356	0.9517	0.8714	0.5026	0.5243	 2.198	 2.107	 2.117	 2.127	 | 1.098 mean
                     	 1.393	 1.504	 1.029	0.8654	 2.604	 2.484	 1.265	 1.316	 6.475	 6.339	 5.032	 5.122	 | 3.974 quantile
                      	 5.919	 4.771	 2.229	 1.998	 5.395	 5.656	 2.264	 2.652	 12.32	 12.38	 8.528	 8.396	 | 12.38 max

train losses      4:	0.5195	0.5371	0.3807	0.3791	0.7008	0.7204	0.4981	 0.506	 1.465	 1.483	 1.412	 1.421	
val losses        4:	0.4452	0.5019	0.3647	0.3346	0.7998	0.8303	0.5102	  0.52	 2.045	 1.996	 2.075	 2.096	 | 1.043 mean
                     	 1.251	 1.387	0.9462	0.8546	 2.277	 2.324	 1.286	 1.327	 6.168	 6.022	 5.075	 5.086	 | 3.822 quantile
                      	 5.258	 4.411	 2.668	 1.948	  5.66	 5.352	 2.263	 2.548	 11.17	 11.37	 8.204	 8.327	 | 11.37 max

train losses      6:	0.5246	0.5422	0.4146	0.4183	 0.697	0.7077	0.5277	0.5418	 1.368	 1.394	 1.388	 1.405	
val losses        6:	0.4375	0.4941	0.3608	 0.344	0.7784	0.7849	0.4976	0.5176	 1.915	 1.879	 2.024	  2.06	 | 1.008 mean
                     	 1.217	 1.352	0.9222	0.8801	 2.167	  2.22	 1.279	 1.322	  5.66	 5.633	 5.031	 5.099	 | 3.721 quantile
                      	 5.029	 5.484	 2.727	 1.974	 5.358	 5.244	 2.463	 2.528	 10.58	 10.39	 7.879	 7.955	 | 10.58 max

train losses      8:	0.5413	0.5426	0.4336	0.4441	0.6924	0.6938	0.5529	0.5616	 1.274	   1.3	 1.366	 1.394	
val losses        8:	0.4408	0.4866	0.3501	0.3509	0.7541	0.7614	0.4953	0.5157	 1.812	 1.787	 1.985	 2.043	 | 0.9818 mean
                     	 1.261	 1.355	0.9055	0.8999	 2.056	 2.168	 1.263	 1.291	 5.362	 5.389	 4.902	 5.056	 | 3.625 quantile
                      	 5.262	 6.828	 2.507	 2.034	 5.448	 4.984	 2.838	 2.539	 10.12	 9.486	 7.905	 7.959	 | 10.12 max

train losses     10:	0.5459	0.5487	0.4411	0.4594	0.6876	0.6774	 0.561	0.5704	 1.155	 1.194	 1.332	 1.368	
val losses       10:	0.4478	0.4868	0.3512	0.3601	0.7285	0.7259	0.4862	0.5017	 1.675	 1.671	 1.865	 1.967	 | 0.9388 mean
                     	 1.237	 1.351	0.9053	0.9199	 1.927	  2.05	  1.23	 1.265	 4.779	 4.953	 4.602	 4.849	 | 3.427 quantile
                      	   6.2	 8.481	 2.369	 2.083	 5.029	 5.897	 2.731	 2.464	 8.966	 8.461	 7.798	 7.744	 | 8.966 max

train losses     12:	0.5505	0.5528	0.4594	  0.48	0.6719	0.6653	0.5734	0.5804	 1.039	 1.073	 1.296	  1.34	
val losses       12:	0.4333	0.4662	0.3568	0.3761	0.6845	0.7035	0.4857	0.4962	 1.508	 1.515	 1.761	 1.898	 | 0.8903 mean
                     	 1.203	 1.268	0.9272	0.9468	 1.793	 1.939	 1.224	 1.269	 4.256	 4.471	 4.426	 4.639	 | 3.182 quantile
                      	 7.456	 9.982	 2.296	 2.115	 5.262	 7.436	 2.845	 2.545	 8.833	 8.213	 7.667	 7.716	 | 9.982 max

train losses     14:	0.5526	0.5534	0.4706	0.4918	0.6646	0.6584	0.5778	0.5818	0.9877	 1.015	 1.262	 1.314	
val losses       14:	0.4038	0.4488	0.3673	0.3871	 0.662	0.6866	0.4786	0.4865	 1.405	 1.403	 1.664	 1.832	 | 0.8521 mean
                     	  1.11	 1.188	0.9558	0.9947	 1.717	  1.86	  1.21	  1.22	 3.923	 4.053	 4.268	  4.48	 | 2.993 quantile
                      	 8.787	 12.21	 2.598	  2.14	 6.168	 8.434	 2.902	 2.359	 9.248	 9.091	 7.687	 7.747	 | 12.21 max

train losses     16:	 0.543	0.5465	0.4689	0.4877	0.6495	0.6528	0.5705	0.5783	0.9842	 1.006	 1.234	 1.289	
val losses       16:	0.3951	0.4471	 0.359	0.3858	0.6524	0.6833	0.4777	0.4812	 1.384	 1.382	 1.663	  1.82	 | 0.8442 mean
                     	 1.089	 1.204	0.9396	0.9921	 1.735	 1.812	 1.229	   1.2	 3.974	 4.048	 4.138	 4.449	 | 2.917 quantile
                      	 9.792	 13.56	 2.257	 2.174	 6.919	 9.567	 2.587	 2.313	 9.623	 8.833	 7.471	 7.603	 | 13.56 max

train losses     18:	0.5271	 0.533	0.4583	0.4738	0.6349	0.6392	0.5565	0.5658	 0.963	0.9818	 1.202	 1.254	
val losses       18:	0.3996	0.4555	 0.356	0.3683	0.6363	0.6838	0.4741	0.4849	 1.356	 1.357	 1.585	 1.763	 | 0.8266 mean
                     	 1.091	 1.233	0.9396	0.9397	 1.688	 1.847	 1.224	 1.196	 3.785	 3.858	 4.025	 4.307	 | 2.843 quantile
                      	  11.0	 15.01	 1.923	 2.193	 7.472	 10.11	 2.408	 2.251	  9.36	 8.836	 7.236	 7.377	 | 15.01 max

train losses     20:	0.5219	0.5304	0.4588	 0.472	0.6328	0.6345	0.5557	 0.567	0.9014	0.9187	 1.187	 1.236	
val losses       20:	0.3857	0.4316	0.3531	0.3666	0.6366	0.6745	0.4727	0.4801	 1.148	  1.18	 1.475	 1.667	 | 0.7727 mean
                     	 1.049	 1.147	0.9239	 0.945	  1.64	 1.774	 1.205	 1.186	 3.033	 3.185	 3.856	 4.168	 | 2.532 quantile
                      	 11.46	 15.09	 2.044	 2.149	 7.853	 10.88	 2.472	 2.295	 9.953	 9.706	 6.957	 7.225	 | 15.09 max

train losses     22:	0.5158	0.5134	0.4514	0.4642	0.6255	 0.621	0.5492	0.5588	 0.858	0.8763	 1.168	 1.217	
val losses       22:	0.3817	0.4244	0.3486	0.3521	0.6257	0.6618	0.4692	0.4781	 1.105	 1.123	 1.488	 1.653	 | 0.7591 mean
                     	 1.042	  1.11	0.9075	0.9171	 1.631	 1.745	 1.194	 1.187	 2.877	 2.901	  3.83	 4.129	 | 2.476 quantile
                      	 12.42	  16.0	 1.972	 2.064	  8.53	 11.34	 2.507	 2.293	 10.04	 10.04	 6.743	 6.961	 | 16.0 max

train losses     24:	0.5048	 0.502	0.4389	  0.45	 0.609	0.6061	0.5376	0.5472	0.8326	0.8571	 1.138	 1.185	
val losses       24:	 0.375	0.4128	0.3436	 0.342	0.6105	0.6471	0.4669	0.4746	 1.118	 1.112	  1.49	 1.637	 | 0.7525 mean
                     	 1.006	 1.096	0.9002	0.8799	 1.602	 1.711	 1.188	 1.178	 2.931	 2.896	 3.802	  4.08	 | 2.459 quantile
                      	 13.24	  16.4	 1.944	 2.049	 8.643	  11.9	 2.424	 2.275	  10.1	 10.03	 6.629	 6.865	 | 16.4 max

train losses     26:	 0.495	 0.494	0.4313	0.4432	0.5942	0.5902	0.5284	0.5406	0.8143	 0.832	 1.106	 1.154	
val losses       26:	0.3694	0.4135	0.3428	0.3387	 0.587	0.6235	 0.468	0.4678	 1.067	 1.074	 1.446	 1.593	 | 0.7325 mean
                     	0.9767	 1.095	0.8967	0.8635	 1.526	  1.61	 1.186	  1.16	  2.75	 2.722	 3.725	 4.016	 | 2.376 quantile
                      	 14.11	 17.33	 1.934	 2.032	 9.533	 12.51	 2.577	 2.262	 10.18	 9.992	 6.442	 6.728	 | 17.33 max

train losses     28:	0.4878	0.4883	0.4276	0.4374	0.5828	0.5783	0.5209	0.5317	0.7956	0.8163	 1.065	 1.114	
val losses       28:	0.3595	0.4041	0.3414	0.3356	0.5817	0.6129	0.4682	0.4646	 1.045	  1.06	 1.392	 1.524	 | 0.7157 mean
                     	0.9435	 1.062	0.8912	0.8576	 1.504	 1.534	 1.195	 1.147	 2.724	 2.623	 3.682	 3.887	 | 2.316 quantile
                      	 14.39	 17.72	 2.003	 1.973	 9.947	 12.76	 2.651	   2.2	 10.66	 10.41	 6.232	 6.574	 | 17.72 max

train losses     30:	0.4802	 0.482	 0.421	0.4311	0.5739	0.5692	0.5141	0.5267	 0.783	0.8035	 1.035	 1.081	
val losses       30:	0.3589	0.4026	0.3388	0.3318	0.5718	0.6053	 0.467	0.4593	 1.033	  1.05	 1.353	 1.477	 | 0.704 mean
                     	0.9433	 1.051	0.8873	0.8437	 1.471	 1.543	 1.195	 1.141	 2.727	 2.579	 3.672	 3.818	 | 2.291 quantile
                      	 15.01	 18.29	 1.913	 1.939	 10.41	 13.23	 2.639	  2.15	 10.63	 10.51	 6.288	 6.591	 | 18.29 max

train losses     32:	0.4715	 0.476	0.4155	0.4226	0.5637	0.5586	0.5064	0.5161	0.7788	0.7992	 1.008	 1.051	
val losses       32:	0.3606	0.4037	 0.338	0.3283	 0.575	0.6013	0.4639	 0.455	 1.062	 1.062	 1.385	 1.496	 | 0.711 mean
                     	 0.945	 1.036	0.8843	0.8355	 1.484	 1.536	 1.181	 1.138	 2.825	 2.613	 3.755	 3.857	 | 2.289 quantile
                      	 15.29	  18.5	 1.955	 1.921	 10.68	 13.55	 2.601	 2.151	 10.95	 10.65	 6.288	 6.557	 | 18.5 max

train losses     34:	0.4664	0.4708	0.4079	0.4158	0.5564	0.5488	0.4995	0.5111	0.7832	0.8004	0.9714	  1.02	
val losses       34:	0.3568	0.3985	0.3371	0.3274	0.5671	0.5876	0.4623	0.4548	 1.064	 1.058	 1.393	 1.495	 | 0.7084 mean
                     	0.9345	 1.027	 0.879	0.8323	 1.465	 1.481	 1.174	 1.141	 2.781	 2.594	 3.807	 3.868	 | 2.263 quantile
                      	 15.84	  19.0	 1.918	 1.932	 11.18	  14.1	 2.682	 2.145	 11.07	 10.79	 6.158	 6.365	 | 19.0 max

train losses     36:	0.4584	0.4675	 0.404	 0.409	 0.547	0.5392	0.4935	0.5045	0.8126	0.8258	0.9525	0.9967	
val losses       36:	0.3549	0.4001	0.3368	0.3244	0.5585	0.5792	0.4637	 0.454	 1.105	 1.085	 1.389	 1.481	 | 0.711 mean
                     	0.9264	 1.037	0.8808	0.8242	 1.468	 1.484	 1.174	 1.141	 2.901	 2.672	  3.83	 3.905	 | 2.335 quantile
                      	 16.49	 19.76	 1.879	 1.911	 11.73	 14.75	 2.794	 2.091	 11.15	 10.99	  6.72	 6.224	 | 19.76 max

train losses     38:	0.4593	0.4641	0.3986	 0.403	0.5427	0.5372	0.4889	0.4988	0.8605	0.8746	0.9416	 0.984	
val losses       38:	0.3598	0.4025	0.3361	 0.323	0.5519	0.5781	0.4641	0.4536	 1.182	 1.145	 1.402	 1.485	 | 0.7236 mean
                     	0.9353	 1.043	0.8825	0.8228	 1.454	 1.451	 1.179	 1.142	 2.989	 2.874	 3.886	 3.988	 | 2.407 quantile
                      	 16.48	 19.67	 1.922	  1.91	 12.27	 14.98	 2.908	 2.169	 11.16	 11.25	 7.174	 6.419	 | 19.67 max

train losses     40:	0.4686	0.4724	0.3975	0.4017	0.5494	0.5421	0.4871	0.4974	0.9254	0.9373	0.9546	0.9953	
val losses       40:	0.3776	 0.415	0.3374	0.3231	0.5699	0.5927	 0.465	0.4586	 1.253	   1.2	 1.488	 1.557	 | 0.753 mean
                     	0.9826	 1.084	0.8804	0.8242	 1.524	 1.498	 1.189	 1.153	 3.422	 3.174	  3.91	 4.016	 | 2.587 quantile
                      	 16.81	 19.83	 1.917	   1.9	 12.32	 15.46	   3.0	 2.193	 10.94	 10.86	 7.154	 6.465	 | 19.83 max

train losses     42:	0.4831	0.4942	0.3973	0.4051	0.5652	0.5611	0.4893	0.5018	0.9485	0.9586	 1.193	 1.172	
val losses       42:	0.4227	0.4591	0.3405	0.3214	0.6368	0.7013	0.4736	0.4654	 1.447	 1.405	 1.712	 1.715	 | 0.8416 mean
                     	 1.122	  1.19	0.8831	0.8166	 1.648	 1.792	 1.194	 1.145	 3.858	  3.78	 4.386	 4.282	 | 2.988 quantile
                      	 15.38	 18.02	 1.964	 1.893	 11.29	  14.1	 2.959	  2.01	 10.02	 10.15	 7.466	 7.323	 | 18.02 max

train losses     44:	 0.491	0.5006	0.3819	0.3859	0.5643	0.5708	0.4822	0.4936	0.9662	0.9639	 1.237	 1.226	
val losses       44:	0.4496	0.5009	0.3403	0.3262	0.6949	0.7094	 0.482	0.4753	 1.543	 1.389	 1.951	 1.949	 | 0.9009 mean
                     	 1.178	  1.27	0.8856	 0.822	 1.887	 1.958	 1.245	 1.199	 4.433	 3.875	 5.177	 5.224	 | 3.307 quantile
                      	 14.83	 16.49	 1.964	 1.928	  10.0	  13.4	 2.493	 2.265	  10.9	 9.914	 7.155	 6.887	 | 16.49 max

train losses     46:	0.4818	0.4911	0.3824	0.3796	0.5647	0.5674	0.4862	0.4988	0.9086	0.9009	 1.183	 1.202	
val losses       46:	0.4315	0.4848	 0.339	0.3352	0.7236	0.7538	0.4757	0.4773	 1.488	 1.351	  2.01	 2.002	 | 0.906 mean
                     	 1.186	 1.308	 0.882	0.8441	 1.933	 1.967	 1.229	 1.195	 4.151	 3.597	 5.061	 5.062	 | 3.31 quantile
                      	 15.59	 16.85	 1.947	 1.824	 11.09	 14.44	 2.969	 2.276	 9.922	 11.67	 7.705	 7.274	 | 16.85 max

train losses     48:	0.4735	 0.494	0.3878	 0.379	0.5603	0.5613	0.4879	0.4995	0.8613	0.8731	 1.127	 1.141	
val losses       48:	0.4225	0.4769	0.3382	0.3341	0.7205	0.7612	0.4695	0.4758	 1.275	 1.187	 1.975	 1.965	 | 0.8667 mean
                     	 1.166	 1.279	0.8849	0.8507	 1.915	 1.889	  1.21	 1.208	 3.359	 3.065	 4.909	 4.901	 | 3.055 quantile
                      	 15.21	 16.88	 1.904	 1.823	 11.53	 14.52	 3.127	 2.337	 10.25	 12.19	 7.731	 7.408	 | 16.88 max

train losses     50:	0.4594	0.4739	0.3813	0.3783	0.5466	0.5419	0.4795	0.4946	0.8191	 0.834	 1.052	 1.075	
val losses       50:	0.4099	 0.461	0.3377	0.3286	0.6583	0.6601	0.4695	0.4761	 1.162	 1.093	 1.878	 1.866	 | 0.8167 mean
                     	 1.108	 1.247	0.8888	0.8445	 1.675	 1.598	 1.188	 1.188	  3.03	 2.749	 4.717	 4.632	 | 2.814 quantile
                      	 16.18	 18.14	 1.902	  1.91	 12.72	 15.63	 3.173	 2.261	 11.19	 11.92	 7.159	 6.859	 | 18.14 max

train losses     52:	0.4523	0.4637	0.3771	0.3774	 0.534	0.5323	 0.473	0.4881	0.7891	 0.808	0.9819	 1.007	
val losses       52:	0.4033	0.4451	0.3402	 0.323	0.5978	 0.594	0.4707	0.4736	 1.091	 1.029	 1.741	 1.727	 | 0.7697 mean
                     	 1.082	 1.157	0.8826	0.8268	 1.454	 1.447	 1.168	 1.175	 2.754	 2.548	 4.363	 4.294	 | 2.581 quantile
                      	 16.35	 18.51	 1.899	  1.91	 13.61	 16.13	 3.323	 2.232	 11.66	 10.98	 6.691	 6.511	 | 18.51 max

train losses     54:	0.4431	 0.454	0.3744	0.3719	0.5206	0.5169	0.4672	0.4807	0.7708	0.7932	 0.927	0.9507	
val losses       54:	0.3986	0.4336	0.3383	0.3215	0.5485	0.5442	0.4692	 0.467	 1.069	0.9831	 1.626	 1.618	 | 0.7348 mean
                     	 1.084	 1.127	0.8829	0.8229	 1.402	 1.362	 1.162	 1.167	 2.645	 2.422	 4.183	 4.219	 | 2.385 quantile
                      	 16.92	 19.11	 1.991	 1.932	  14.4	 16.49	 3.217	 2.207	 11.04	 10.75	 6.278	 6.247	 | 19.11 max

train losses     56:	0.4389	0.4497	 0.372	0.3674	0.5119	0.5056	0.4619	0.4743	0.7443	0.7649	 0.884	0.9089	
val losses       56:	0.3872	0.4175	0.3367	0.3199	0.5489	0.5685	0.4669	0.4605	 1.035	0.9526	 1.508	 1.504	 | 0.7088 mean
                     	 1.019	 1.081	0.8805	0.8158	 1.394	 1.316	 1.156	 1.167	 2.504	 2.229	  4.08	 4.115	 | 2.239 quantile
                      	 16.91	 19.19	 1.954	 1.931	 14.39	 16.03	 3.003	 2.214	  10.9	 10.83	  6.92	 6.774	 | 19.19 max

train losses     58:	0.4255	0.4357	0.3677	0.3638	0.5025	0.4976	0.4595	  0.47	0.7317	0.7498	0.8556	 0.879	
val losses       58:	0.3752	0.3973	0.3352	0.3183	0.5441	0.5556	0.4678	0.4567	 1.015	0.9379	 1.411	  1.42	 | 0.6862 mean
                     	0.9792	  1.03	0.8796	0.8091	 1.398	 1.341	  1.16	 1.153	 2.483	 2.163	 4.005	 4.017	 | 2.185 quantile
                      	 17.69	  19.9	 1.899	 1.899	 14.64	 16.29	 2.977	 2.201	 10.73	 10.84	  7.71	 7.422	 | 19.9 max

train losses     60:	0.4255	0.4355	0.3658	0.3617	0.4951	0.4914	 0.456	0.4657	0.7187	 0.732	0.8276	0.8509	
val losses       60:	0.3674	0.3917	0.3347	0.3175	0.5361	0.5497	0.4678	0.4546	 1.012	0.9448	 1.394	 1.405	 | 0.6813 mean
                     	0.9529	 1.019	0.8818	0.8102	 1.379	 1.324	 1.165	 1.153	  2.49	 2.173	 3.995	 4.009	 | 2.165 quantile
                      	 18.39	  20.5	 1.894	 1.924	 14.73	 16.62	 2.983	 2.179	 10.78	 11.14	 8.211	 7.792	 | 20.5 max

train losses     62:	0.4204	0.4306	0.3618	0.3578	0.4862	0.4864	 0.453	0.4622	0.7082	0.7243	0.8036	0.8284	
val losses       62:	0.3666	0.3889	0.3347	0.3165	0.5299	0.5405	0.4666	0.4534	 1.002	0.9423	 1.394	 1.409	 | 0.6788 mean
                     	0.9401	 1.012	0.8793	 0.807	 1.374	 1.326	 1.167	 1.149	 2.475	 2.106	 3.991	 3.997	 | 2.16 quantile
                      	 18.83	 20.87	 1.889	 1.913	 14.95	 17.07	 2.935	  2.14	 10.87	 11.18	 8.399	 7.936	 | 20.87 max

train losses     64:	0.4192	0.4257	0.3591	0.3552	0.4808	0.4784	0.4517	0.4611	0.6987	 0.713	0.7893	0.8154	
val losses       64:	0.3704	0.3923	0.3348	0.3155	0.5247	0.5351	0.4648	0.4523	 1.006	0.9461	 1.385	 1.402	 | 0.6774 mean
                     	0.9495	 1.027	0.8751	0.8047	 1.356	 1.307	 1.161	 1.145	 2.485	 2.135	 3.956	 3.935	 | 2.163 quantile
                      	 19.05	 21.07	 1.892	  1.88	 15.42	 17.67	 2.886	 2.136	 11.08	  11.2	 8.382	 7.853	 | 21.07 max

train losses     66:	0.4118	0.4217	0.3565	0.3527	0.4734	0.4728	0.4494	0.4581	0.6923	 0.702	 0.772	0.7981	
val losses       66:	0.3627	0.3881	0.3345	0.3149	0.5165	0.5324	0.4643	0.4512	0.9948	 0.941	 1.353	 1.366	 | 0.6683 mean
                     	0.9253	 1.012	0.8743	0.8028	 1.323	 1.272	 1.157	  1.15	 2.477	 2.068	 3.927	 3.944	 | 2.111 quantile
                      	 19.39	 21.43	 1.892	 1.876	 15.76	 18.06	 2.869	 2.128	 11.31	 11.53	 8.841	 8.407	 | 21.43 max

train losses     68:	0.4104	0.4211	0.3541	0.3503	0.4705	0.4677	0.4478	0.4558	 0.686	0.6941	0.7627	0.7859	
val losses       68:	0.3637	0.3906	0.3341	0.3145	 0.518	0.5369	 0.462	0.4502	0.9974	0.9463	 1.364	 1.377	 | 0.6713 mean
                     	0.9306	 1.023	  0.87	0.8044	 1.338	 1.276	 1.159	 1.148	 2.482	 2.079	 3.902	 3.943	 | 2.077 quantile
                      	 19.51	 21.54	 1.892	 1.886	 15.98	 18.32	 2.851	 2.133	 11.31	 11.51	 8.723	  8.37	 | 21.54 max

train losses     70:	0.4088	  0.42	0.3511	0.3478	0.4654	0.4642	0.4458	0.4543	0.6849	0.6932	0.7679	0.7898	
val losses       70:	0.3638	0.3899	0.3337	0.3145	0.5137	0.5281	0.4629	  0.45	 1.001	0.9405	 1.375	 1.388	 | 0.6718 mean
                     	0.9296	 1.021	0.8711	0.7992	 1.315	 1.273	  1.16	 1.147	 2.466	 2.068	 3.928	 3.954	 | 2.139 quantile
                      	 19.77	 21.79	 1.896	  1.88	 16.44	 18.87	 2.876	 2.114	 11.53	 11.84	 8.997	  8.88	 | 21.79 max

train losses     72:	0.4051	0.4163	0.3499	0.3459	0.4614	0.4636	0.4438	0.4518	0.6762	0.6843	0.7892	0.8092	
val losses       72:	0.3641	  0.39	0.3333	0.3144	0.5143	0.5321	0.4624	0.4492	 1.002	0.9418	 1.388	 1.396	 | 0.674 mean
                     	0.9273	 1.022	0.8675	0.8017	 1.323	 1.273	 1.158	 1.145	 2.453	 2.054	 3.948	 3.951	 | 2.157 quantile
                      	 20.08	 22.06	 1.914	 1.875	 16.65	 19.17	 2.849	 2.137	 11.73	 12.04	 9.158	 8.895	 | 22.06 max

train losses     74:	0.4048	0.4136	 0.348	0.3434	0.4572	0.4588	0.4428	0.4507	0.6701	0.6815	0.7872	0.8076	
val losses       74:	0.3633	0.3879	0.3334	0.3141	0.5121	0.5297	0.4639	0.4497	 0.994	0.9377	  1.41	 1.412	 | 0.6756 mean
                     	0.9317	 1.019	0.8698	0.8003	 1.304	 1.259	  1.16	 1.157	 2.402	 2.044	 3.934	 3.935	 | 2.194 quantile
                      	 20.54	 22.52	 1.895	 1.858	 17.15	 19.72	  2.92	 2.148	 11.85	 12.22	 9.474	 9.581	 | 22.52 max

train losses     76:	0.4033	 0.414	0.3468	0.3428	0.4549	0.4563	0.4418	0.4499	0.6626	0.6749	0.7693	0.7908	
val losses       76:	0.3657	0.3923	0.3331	0.3139	0.5174	 0.537	0.4645	0.4498	 1.006	0.9436	 1.448	 1.448	 | 0.685 mean
                     	0.9402	 1.033	0.8709	0.7994	 1.334	 1.282	 1.164	 1.151	 2.453	 2.087	 4.058	 4.008	 | 2.25 quantile
                      	 20.61	 22.58	 1.935	 1.861	 17.29	 19.84	 2.938	 2.133	  12.1	 12.26	 9.719	 10.06	 | 22.58 max

train losses     78:	0.4046	0.4123	0.3459	0.3414	 0.452	0.4537	0.4403	0.4497	0.6601	0.6674	0.7601	0.7811	
val losses       78:	0.3666	0.3913	0.3334	0.3138	0.5179	0.5379	0.4599	0.4483	 1.032	0.9657	   1.4	 1.412	 | 0.6815 mean
                     	0.9353	 1.035	0.8712	0.7979	 1.335	 1.272	  1.16	 1.144	 2.517	 2.139	 4.041	 4.064	 | 2.187 quantile
                      	 20.91	 22.91	 1.922	 1.843	 17.52	 20.07	 2.955	 2.114	 12.19	 12.22	 9.607	 9.944	 | 22.91 max

train losses     80:	0.4037	0.4126	0.3445	0.3402	0.4496	0.4529	0.4396	0.4482	0.6678	0.6743	 0.836	0.8515	
val losses       80:	0.3664	0.3909	0.3334	0.3138	 0.531	0.5425	0.4583	0.4488	 1.053	0.9842	 1.512	 1.525	 | 0.7049 mean
                     	0.9357	 1.028	0.8686	0.7959	 1.362	 1.336	 1.171	  1.14	  2.58	  2.23	 4.187	 4.252	 | 2.242 quantile
                      	 20.96	 23.09	 1.912	 1.846	 17.67	 20.23	 2.935	 2.156	 12.03	 12.13	 9.272	 9.648	 | 23.09 max

train losses     82:	0.3991	0.4095	0.3428	0.3383	0.4486	0.4539	0.4389	0.4466	0.6626	0.6657	0.8214	0.8376	
val losses       82:	0.3629	0.3865	0.3334	0.3133	0.5095	0.5265	 0.456	0.4471	0.9959	0.9402	 1.576	 1.582	 | 0.7025 mean
                     	 0.918	 1.006	0.8655	 0.794	 1.273	 1.206	 1.169	 1.144	 2.387	 2.106	 4.249	 4.293	 | 2.234 quantile
                      	 21.34	  23.4	   1.9	 1.845	 18.19	 20.91	 2.958	 2.173	 12.36	 12.71	 8.786	 9.267	 | 23.4 max

train losses     84:	0.4003	0.4097	0.3427	0.3381	 0.443	0.4474	0.4366	0.4446	0.6488	0.6588	0.7482	0.7696	
val losses       84:	0.3624	0.3878	0.3331	0.3132	0.5172	0.5388	0.4571	0.4444	 0.998	0.9454	 1.426	 1.427	 | 0.6792 mean
                     	0.9125	0.9987	0.8682	0.7937	 1.267	 1.216	 1.159	 1.147	 2.439	 2.073	 4.107	 4.148	 | 2.142 quantile
                      	 21.39	 23.54	 1.955	 1.848	  18.4	 21.17	 3.095	 2.158	 12.48	  12.8	 10.06	  10.5	 | 23.54 max

train losses     86:	0.3951	0.4051	0.3415	0.3366	0.4386	0.4446	0.4358	 0.443	0.6575	0.6634	0.7362	 0.757	
val losses       86:	0.3618	0.3862	 0.333	0.3133	0.5137	0.5298	0.4586	0.4478	 1.045	0.9812	 1.392	   1.4	 | 0.6802 mean
                     	0.9213	 1.018	0.8651	0.7953	 1.296	  1.23	 1.155	 1.142	 2.528	 2.179	 4.022	 4.037	 | 2.176 quantile
                      	 21.45	 23.59	 1.932	 1.825	 18.45	 21.07	 3.031	 2.188	 12.16	 12.49	  9.35	 9.793	 | 23.59 max

train losses     88:	0.3974	0.4086	0.3412	0.3364	0.4401	0.4431	0.4335	0.4409	0.6461	0.6516	0.7014	0.7222	
val losses       88:	0.3585	0.3788	0.3331	0.3131	0.5118	0.5251	0.4574	0.4458	 1.004	 0.947	 1.336	 1.345	 | 0.663 mean
                     	 0.905	0.9957	0.8671	0.7976	 1.295	 1.217	 1.151	 1.142	 2.429	 2.095	 3.857	 3.944	 | 2.071 quantile
                      	 21.63	 23.86	 1.922	 1.854	 18.74	 21.33	 3.024	 2.236	 12.43	 12.69	 10.08	 10.48	 | 23.86 max

train losses     90:	0.3954	0.4047	0.3396	0.3351	0.4353	0.4418	0.4321	0.4399	 0.646	0.6505	0.6881	0.7087	
val losses       90:	0.3603	0.3823	 0.333	0.3132	 0.519	0.5347	 0.456	0.4449	 1.049	 0.984	 1.361	 1.369	 | 0.6755 mean
                     	0.9131	 1.003	0.8663	0.7954	 1.333	 1.262	 1.148	 1.131	 2.492	 2.129	 3.876	 3.916	 | 2.108 quantile
                      	 21.42	 23.62	 1.934	 1.843	 18.73	 21.32	 3.053	 2.282	 12.43	 12.51	 9.778	 10.22	 | 23.62 max

train losses     92:	0.3921	0.4032	0.3391	0.3344	0.4342	0.4404	0.4311	0.4384	 0.638	0.6441	0.6852	0.7028	
val losses       92:	0.3602	0.3845	0.3329	 0.313	0.5069	0.5221	0.4558	0.4441	 1.051	 0.988	  1.37	 1.376	 | 0.6754 mean
                     	0.9086	 1.014	0.8652	0.7935	 1.281	 1.211	 1.148	 1.141	 2.522	 2.174	  3.86	 3.908	 | 2.135 quantile
                      	 21.62	 23.73	  1.95	 1.841	 18.91	 21.57	 3.103	 2.304	 12.22	 12.61	 9.805	 10.27	 | 23.73 max

train losses     94:	0.3921	0.4012	0.3381	0.3333	0.4293	 0.436	0.4284	0.4354	0.6382	0.6464	0.7011	0.7179	
val losses       94:	0.3567	0.3787	 0.333	0.3127	0.5022	0.5181	0.4564	0.4435	 1.039	0.9831	 1.395	 1.396	 | 0.6761 mean
                     	0.8998	0.9899	0.8636	 0.794	 1.277	 1.191	 1.152	 1.138	 2.441	 2.138	 3.855	 3.884	 | 2.161 quantile
                      	 21.89	 23.94	 1.929	 1.845	 19.49	 22.25	 3.139	 2.285	 12.42	 12.79	  9.87	 10.31	 | 23.94 max

train losses     96:	0.3907	 0.401	0.3376	0.3326	0.4252	0.4306	0.4286	0.4353	0.6338	0.6398	0.6859	0.7041	
val losses       96:	0.3539	 0.374	0.3329	0.3124	 0.512	0.5294	0.4547	0.4418	 1.025	0.9709	 1.376	 1.375	 | 0.6715 mean
                     	0.8948	0.9831	 0.865	0.7954	 1.273	 1.189	 1.148	 1.134	 2.456	 2.143	 3.877	  3.87	 | 2.134 quantile
                      	 22.04	 24.15	 1.954	 1.842	 19.69	 22.39	 3.088	 2.338	 12.74	 13.02	 10.05	 10.51	 | 24.15 max

train losses     98:	0.3904	 0.401	 0.337	0.3319	 0.426	0.4324	0.4271	0.4349	0.6282	0.6409	0.6605	0.6767	
val losses       98:	0.3561	0.3764	 0.333	0.3125	0.5128	0.5242	0.4533	0.4415	 1.045	0.9849	 1.359	 1.362	 | 0.6717 mean
                     	0.9034	 0.991	0.8626	0.7959	 1.308	 1.209	 1.146	 1.127	 2.475	 2.162	 3.855	 3.874	 | 2.124 quantile
                      	 21.91	 23.98	 1.958	 1.833	 19.68	 22.36	 3.103	 2.328	 12.61	 12.94	 10.08	 10.56	 | 23.98 max

train losses    100:	0.3886	0.3979	0.3366	0.3317	0.4232	0.4284	0.4253	0.4326	0.6266	0.6354	0.6321	0.6515	
val losses      100:	 0.357	0.3778	0.3328	0.3122	0.5097	0.5208	0.4526	0.4412	 1.049	0.9865	 1.344	 1.351	 | 0.6696 mean
                     	0.9039	0.9919	0.8646	0.7953	 1.304	 1.202	 1.141	 1.135	 2.482	 2.161	 3.832	 3.868	 | 2.122 quantile
                      	 21.79	 23.96	 1.948	 1.832	 19.59	 22.22	 3.138	 2.327	 12.42	 12.79	 10.51	 11.02	 | 23.96 max

train losses    102:	0.3871	0.4001	 0.336	0.3307	0.4219	0.4292	0.4237	0.4308	0.6242	0.6348	0.6228	0.6393	
val losses      102:	0.3545	0.3734	0.3329	0.3125	0.5075	0.5194	0.4509	0.4399	 1.041	0.9767	 1.337	 1.345	 | 0.6659 mean
                     	0.8956	0.9801	0.8632	0.7948	 1.286	 1.193	 1.141	 1.126	 2.449	 2.168	  3.87	 3.899	 | 2.097 quantile
                      	 21.84	  24.0	 1.956	 1.829	  19.8	 22.44	 3.119	 2.376	 12.75	 12.95	  10.4	  10.9	 | 24.0 max

train losses    104:	0.3873	   0.4	0.3358	0.3306	0.4202	0.4304	0.4238	 0.431	0.6187	0.6283	0.6222	0.6394	
val losses      104:	0.3572	0.3795	0.3328	0.3125	 0.513	 0.525	0.4501	0.4381	 1.044	0.9839	 1.364	 1.371	 | 0.6726 mean
                     	0.9086	 1.015	0.8628	0.7917	 1.307	  1.22	 1.138	 1.125	  2.47	 2.175	 3.898	 3.928	 | 2.14 quantile
                      	 21.77	 23.86	 1.955	 1.828	 19.99	  22.6	 3.081	 2.381	 12.55	 12.81	  10.4	 10.94	 | 23.86 max

train losses    106:	0.3866	0.3976	 0.335	  0.33	0.4182	0.4242	0.4222	0.4292	0.6259	0.6318	0.6218	0.6395	
val losses      106:	0.3522	0.3756	0.3328	0.3124	0.5094	0.5231	0.4475	0.4363	 1.038	0.9817	 1.376	 1.381	 | 0.6722 mean
                     	0.8958	0.9889	0.8633	0.7936	 1.297	   1.2	 1.137	  1.12	 2.443	 2.207	 3.915	 3.966	 | 2.097 quantile
                      	 22.13	 24.21	 1.954	  1.83	 20.25	 22.89	 3.144	 2.399	  12.4	 12.65	  10.3	 10.86	 | 24.21 max

train losses    108:	0.3859	0.3969	0.3345	0.3294	0.4162	0.4243	0.4208	0.4276	0.6217	0.6302	0.6324	0.6485	
val losses      108:	0.3552	0.3788	0.3327	0.3123	0.5089	0.5236	0.4473	 0.436	 1.049	0.9898	 1.389	 1.395	 | 0.6764 mean
                     	 0.904	0.9922	 0.863	0.7936	 1.289	 1.194	 1.138	 1.117	 2.466	 2.181	 3.969	 4.024	 | 2.13 quantile
                      	 22.38	 24.42	 1.957	  1.82	  20.5	 23.12	 3.182	 2.354	 12.49	 12.71	 10.48	 10.96	 | 24.42 max

train losses    110:	0.3847	0.3972	0.3344	0.3287	0.4157	0.4258	0.4192	0.4267	0.6239	0.6313	0.6284	0.6449	
val losses      110:	0.3541	 0.377	0.3326	0.3122	0.5179	 0.535	0.4459	0.4349	 1.054	0.9964	 1.407	 1.413	 | 0.6817 mean
                     	0.9031	0.9829	0.8626	0.7923	 1.321	 1.233	 1.133	 1.109	 2.502	  2.26	 3.987	 4.021	 | 2.136 quantile
                      	 22.48	 24.53	 1.956	 1.822	 20.56	  23.2	 3.195	 2.394	 12.14	  12.5	  10.2	 10.71	 | 24.53 max

train losses    112:	0.3874	0.3971	0.3337	0.3287	0.4168	0.4258	0.4185	0.4256	 0.618	0.6233	0.6202	0.6363	
val losses      112:	0.3568	0.3804	0.3326	0.3121	0.5194	 0.534	 0.446	0.4346	 1.077	 1.014	 1.389	 1.391	 | 0.6823 mean
                     	0.9091	 1.011	0.8631	0.7906	 1.334	 1.231	 1.132	 1.112	 2.508	 2.267	 3.874	 3.904	 | 2.125 quantile
                      	 22.46	 24.53	 1.967	 1.824	 20.78	 23.35	 3.099	 2.391	 12.29	 12.59	 10.33	 10.83	 | 24.53 max

train losses    114:	0.3832	0.3923	0.3334	0.3278	0.4134	0.4209	0.4169	0.4239	0.6184	 0.622	0.6319	0.6467	
val losses      114:	0.3526	0.3774	0.3326	0.3122	0.5171	0.5319	0.4448	 0.433	 1.075	 1.008	 1.377	 1.379	 | 0.6784 mean
                     	0.9067	 1.013	 0.863	0.7882	 1.321	 1.227	 1.131	 1.105	 2.504	 2.246	 3.808	 3.869	 | 2.125 quantile
                      	 22.51	 24.58	 1.955	 1.822	 20.71	 23.27	 3.025	 2.495	  12.3	 12.79	 10.25	 10.72	 | 24.58 max

train losses    116:	0.3853	0.3949	 0.333	0.3275	 0.413	0.4204	0.4169	0.4238	0.6125	0.6181	0.6745	0.6865	
val losses      116:	0.3511	0.3741	0.3325	 0.312	0.5061	 0.524	0.4436	0.4314	 1.053	0.9937	 1.353	 1.354	 | 0.669 mean
                     	0.8924	0.9891	0.8635	 0.791	 1.296	 1.177	 1.131	  1.11	 2.464	 2.218	 3.838	 3.843	 | 2.111 quantile
                      	 22.61	 24.69	 1.957	 1.817	 20.85	 23.38	 3.032	 2.491	 12.44	 12.71	  10.2	 10.66	 | 24.69 max

train losses    118:	0.3841	0.3948	0.3324	0.3266	0.4119	0.4224	 0.415	0.4219	 0.604	0.6133	0.7232	0.7326	
val losses      118:	0.3557	0.3829	0.3325	0.3119	0.5081	0.5293	0.4458	0.4314	 1.046	0.9838	 1.452	 1.451	 | 0.6859 mean
                     	0.9065	 1.014	0.8625	0.7928	 1.294	 1.192	 1.128	 1.118	 2.438	 2.175	 3.931	 3.898	 | 2.285 quantile
                      	 22.68	 24.75	 1.963	 1.802	 20.98	 23.54	 3.179	 2.473	  12.6	 12.83	 10.31	 10.81	 | 24.75 max

train losses    120:	0.3828	 0.392	0.3326	0.3268	0.4142	0.4228	0.4129	0.4204	0.5988	0.6096	0.6891	0.7012	
val losses      120:	0.3554	0.3773	0.3325	0.3116	0.5028	0.5157	0.4462	0.4318	 1.042	0.9825	 1.424	 1.419	 | 0.6784 mean
                     	0.9154	 1.003	0.8626	0.7966	 1.252	 1.145	 1.126	 1.125	 2.506	 2.234	 3.909	 3.882	 | 2.215 quantile
                      	 23.06	 25.05	 1.981	   1.8	 21.32	 23.94	 3.228	 2.522	  13.0	 13.12	  10.1	 10.63	 | 25.05 max

train losses    122:	0.3819	0.3923	0.3325	0.3265	0.4111	0.4234	0.4127	0.4192	0.6005	0.6088	0.6453	0.6588	
val losses      122:	0.3545	0.3775	0.3322	0.3115	0.5265	0.5406	0.4423	0.4301	 1.073	 1.006	 1.368	 1.371	 | 0.6778 mean
                     	0.9113	0.9984	0.8612	0.7934	 1.334	 1.224	 1.126	 1.112	 2.572	 2.247	 3.859	 3.896	 | 2.165 quantile
                      	 22.85	 24.94	 1.957	 1.811	 21.13	 23.68	  3.05	 2.525	 12.62	 12.56	 10.21	 10.67	 | 24.94 max

train losses    124:	0.3826	0.3951	0.3321	0.3267	0.4095	  0.42	0.4111	0.4174	0.6034	0.6094	0.6196	0.6306	
val losses      124:	0.3551	0.3778	0.3321	0.3114	0.5227	0.5373	0.4404	0.4276	  1.07	 1.005	 1.348	 1.351	 | 0.6732 mean
                     	0.9088	 1.001	 0.863	0.7911	 1.332	 1.225	  1.12	 1.109	 2.525	 2.247	 3.853	 3.913	 | 2.12 quantile
                      	 22.93	 25.02	 1.958	 1.822	 21.28	 23.83	 3.029	 2.475	 12.47	 12.57	  10.4	 10.81	 | 25.02 max

train losses    126:	0.3842	0.3957	0.3318	0.3259	0.4107	0.4227	0.4101	0.4164	0.6006	0.6103	0.6318	0.6421	
val losses      126:	0.3585	0.3831	 0.332	0.3116	 0.533	0.5498	0.4393	0.4263	  1.08	 1.013	 1.389	 1.394	 | 0.6842 mean
                     	0.9265	 1.024	0.8625	  0.79	 1.366	 1.264	 1.114	 1.099	 2.536	 2.243	 3.923	 3.992	 | 2.184 quantile
                      	 22.87	 24.93	 2.001	 1.816	 21.38	 23.86	 3.101	 2.444	 12.48	 12.49	 10.43	 10.91	 | 24.93 max

train losses    128:	0.3827	0.3917	 0.331	0.3253	0.4083	0.4192	 0.408	0.4143	0.5963	0.6059	0.6461	0.6557	
val losses      128:	0.3488	0.3701	0.3321	0.3113	0.5107	0.5254	 0.436	0.4219	 1.053	0.9936	 1.414	 1.417	 | 0.6778 mean
                     	0.8849	0.9752	0.8606	0.7936	 1.298	  1.19	 1.116	 1.098	 2.451	 2.202	 3.974	 4.056	 | 2.163 quantile
                      	 22.93	 24.92	 1.957	 1.822	  21.6	 24.09	 3.243	 2.473	 12.51	  12.7	 10.52	 10.97	 | 24.92 max

train losses    130:	0.3833	0.3909	0.3309	 0.325	0.4045	0.4163	0.4075	0.4136	0.5941	0.6026	0.6387	0.6505	
val losses      130:	0.3506	 0.372	 0.332	0.3113	0.5094	0.5256	0.4355	0.4223	 1.064	 0.997	 1.432	 1.434	 | 0.6822 mean
                     	0.8965	0.9858	0.8617	0.7894	 1.299	 1.198	 1.117	 1.094	 2.466	 2.212	 3.991	 4.033	 | 2.211 quantile
                      	 23.04	 25.02	  1.97	 1.816	 21.85	 24.33	 3.233	 2.504	 12.64	 13.08	 10.42	 10.92	 | 25.02 max

train losses    132:	0.3813	0.3919	0.3308	0.3251	0.4047	0.4154	0.4055	0.4127	0.5921	0.6015	0.6194	0.6316	
val losses      132:	0.3521	0.3756	 0.332	0.3112	0.5134	0.5271	0.4354	0.4224	  1.07	 1.004	 1.404	 1.408	 | 0.6796 mean
                     	0.9087	0.9941	0.8622	0.7874	 1.304	 1.209	 1.111	 1.103	 2.534	 2.217	 3.923	 3.979	 | 2.195 quantile
                      	 22.94	 24.95	 1.963	 1.821	 21.83	 24.29	 3.135	 2.573	 12.44	 12.78	 10.24	 10.66	 | 24.95 max

train losses    134:	0.3799	0.3922	0.3305	0.3248	0.4034	0.4152	0.4048	0.4112	0.5949	0.6043	0.6029	0.6148	
val losses      134:	0.3494	0.3721	0.3318	0.3108	0.5074	0.5185	0.4359	 0.422	 1.069	 1.001	  1.36	 1.365	 | 0.6702 mean
                     	0.8927	0.9895	0.8627	0.7896	  1.28	 1.171	 1.107	 1.101	 2.497	  2.23	 3.887	 3.959	 | 2.161 quantile
                      	 23.03	 25.07	 1.974	 1.819	 22.06	 24.49	 3.099	 2.558	 12.44	 12.61	 10.67	 11.07	 | 25.07 max

train losses    136:	0.3792	0.3906	0.3302	0.3241	0.4021	0.4126	 0.403	0.4099	0.5961	 0.602	 0.595	0.6076	
val losses      136:	0.3526	0.3738	0.3317	0.3109	0.5178	0.5316	0.4335	0.4193	  1.07	 1.004	 1.362	 1.366	 | 0.6727 mean
                     	0.8942	0.9843	0.8602	0.7907	 1.328	  1.18	 1.102	 1.095	 2.488	 2.226	 3.866	 3.931	 | 2.138 quantile
                      	 23.11	 25.17	 1.987	 1.813	 22.02	 24.43	 3.105	 2.618	 12.58	  12.5	  10.5	 10.91	 | 25.17 max

train losses    138:	0.3767	0.3907	0.3303	0.3242	 0.402	 0.413	0.4028	0.4087	0.6001	0.6097	0.5866	0.5985	
val losses      138:	0.3491	0.3693	0.3317	0.3109	0.5155	0.5292	0.4318	0.4174	 1.063	0.9988	 1.372	 1.378	 | 0.6723 mean
                     	0.8892	0.9695	0.8607	0.7891	 1.303	 1.214	 1.104	  1.09	 2.475	 2.229	 3.842	 3.932	 | 2.15 quantile
                      	 23.19	 25.19	 1.979	  1.81	 22.12	 24.51	 3.028	 2.603	 12.46	 12.78	 10.35	 10.71	 | 25.19 max

train losses    140:	0.3809	0.3914	  0.33	0.3237	0.4019	 0.415	0.4007	0.4067	0.6122	0.6209	0.5777	0.5867	
val losses      140:	0.3526	0.3748	0.3315	0.3108	0.5141	0.5277	0.4303	0.4161	 1.069	 1.006	 1.372	 1.377	 | 0.6736 mean
                     	0.9006	0.9874	  0.86	0.7877	 1.297	 1.193	 1.106	 1.087	 2.478	 2.214	  3.81	 3.915	 | 2.145 quantile
                      	 23.15	 25.12	  1.97	 1.811	 22.28	 24.66	 3.049	 2.631	  12.5	 12.95	 10.45	  10.8	 | 25.12 max

train losses    142:	0.3781	0.3895	0.3297	0.3237	0.4013	0.4136	0.3989	0.4048	0.6391	0.6444	0.5719	0.5816	
val losses      142:	0.3551	0.3792	0.3318	0.3114	0.5191	0.5305	0.4329	0.4195	 1.126	 1.046	 1.398	 1.403	 | 0.6876 mean
                     	0.9042	 1.015	0.8632	0.7875	 1.308	 1.225	 1.112	 1.086	 2.634	 2.367	 3.854	 3.945	 | 2.246 quantile
                      	 22.81	 24.76	 1.973	 1.813	 22.25	 24.62	 3.112	 2.636	 12.58	 12.72	 10.01	 10.37	 | 24.76 max

train losses    144:	0.3931	0.4072	0.3303	0.3242	 0.417	0.4283	0.4035	  0.41	0.8551	0.8624	0.5928	0.5998	
val losses      144:	0.3657	0.3967	0.3325	 0.313	0.5548	0.5628	0.4435	0.4322	 1.533	 1.462	 1.455	 1.456	 | 0.7756 mean
                     	0.9585	 1.059	0.8597	0.7936	 1.398	 1.378	 1.131	 1.116	 4.096	 3.783	 3.928	 3.943	 | 2.724 quantile
                      	  22.7	 24.61	 2.001	 1.793	  22.2	 24.53	 3.133	 2.668	 13.91	  14.3	 10.06	 10.32	 | 24.61 max

train losses    146:	0.4544	0.4765	0.3351	0.3297	 0.493	 0.509	0.4349	 0.441	 1.345	 1.385	0.8707	0.8764	
val losses      146:	0.5067	0.5543	0.3334	0.3147	0.7046	0.7481	0.4703	0.4614	 1.912	 1.828	  1.91	 1.902	 | 0.9704 mean
                     	 1.351	 1.452	0.8657	 0.802	  1.84	 1.984	 1.193	 1.154	 5.384	  5.18	  4.57	 4.616	 | 3.545 quantile
                      	 19.42	 21.41	 2.085	 1.726	 18.94	 21.06	 3.786	 2.995	 11.91	 11.61	 7.979	 7.618	 | 21.41 max

train losses    148:	 0.447	0.4689	0.3324	0.3273	0.5451	 0.571	0.4472	0.4548	 1.215	 1.231	 1.043	 1.046	
val losses      148:	 0.467	0.5168	0.3341	0.3155	0.7288	0.7621	0.4844	0.4781	 2.152	 2.075	 2.009	 1.981	 | 1.025 mean
                     	 1.283	 1.414	0.8692	0.8061	 1.951	 2.113	 1.224	 1.204	 6.663	 6.439	 4.743	 4.691	 | 3.794 quantile
                      	 17.19	 18.91	 1.977	 1.746	 17.86	 20.01	  4.42	 3.552	 11.53	 11.34	 8.511	 8.116	 | 20.01 max

train losses    150:	0.4563	0.4752	0.3323	0.3273	0.5387	 0.561	0.4422	0.4495	 1.163	 1.172	 1.024	 1.023	
val losses      150:	0.5058	0.5562	0.3338	0.3157	0.7455	 0.779	0.4798	0.4757	 2.113	 2.026	 1.988	 1.952	 | 1.023 mean
                     	 1.387	 1.551	0.8777	0.8038	 1.993	 2.115	 1.225	   1.2	 6.542	 6.274	 4.735	 4.639	 | 3.746 quantile
                      	 16.76	 18.37	 2.033	 1.754	 17.95	 20.08	 4.114	  3.48	 10.99	 10.58	 8.109	 7.748	 | 20.08 max

train losses    152:	0.4639	0.4786	0.3332	0.3272	0.5341	0.5535	 0.444	 0.453	 1.045	 1.056	0.9746	0.9743	
val losses      152:	0.5521	0.6015	0.3339	0.3154	0.6689	0.6954	0.5065	0.5051	  1.88	 1.806	 1.779	 1.729	 | 0.9477 mean
                     	 1.439	 1.583	0.8721	 0.805	 1.704	 1.808	 1.271	 1.279	  5.58	 5.386	 4.455	 4.336	 | 3.414 quantile
                      	 19.17	  20.8	 1.974	 1.755	 18.56	 20.93	 4.167	  3.65	 11.19	 11.09	 8.664	 8.939	 | 20.93 max

train losses    154:	0.4535	0.4663	 0.333	0.3273	0.5163	0.5401	0.4403	 0.449	0.9476	0.9613	0.9334	0.9371	
val losses      154:	0.4927	0.5443	0.3345	0.3154	0.6225	 0.648	0.5133	0.5139	 1.607	 1.556	 1.644	  1.61	 | 0.8668 mean
                     	 1.261	  1.41	0.8732	0.8069	 1.549	 1.541	 1.284	 1.333	 4.553	  4.35	 4.219	 4.104	 | 3.067 quantile
                      	 20.31	 21.91	 1.999	 1.767	 18.28	 20.72	 3.386	  2.97	 10.83	 11.21	 9.692	 9.961	 | 21.91 max

train losses    156:	0.4419	0.4611	0.3326	0.3262	0.5076	0.5345	0.4389	0.4468	0.8922	0.9055	0.9155	 0.919	
val losses      156:	0.4332	0.4757	0.3346	0.3153	0.5974	0.6183	 0.497	0.4962	 1.449	 1.414	 1.584	  1.56	 | 0.8146 mean
                     	 1.119	 1.235	0.8761	0.8032	 1.481	 1.407	 1.256	 1.267	 3.998	 3.812	   4.0	 3.895	 | 2.83 quantile
                      	 20.84	 22.46	 2.027	 1.784	 18.89	 21.08	 2.324	 2.239	 10.15	 10.55	 9.991	 10.29	 | 22.46 max

train losses    158:	 0.429	 0.443	0.3318	0.3256	0.4891	0.5123	 0.437	0.4447	0.8496	0.8594	0.8683	0.8728	
val losses      158:	0.4323	0.4727	0.3346	0.3151	0.5553	0.5722	0.4857	0.4818	 1.398	  1.36	 1.562	 1.541	 | 0.7926 mean
                     	 1.119	 1.235	0.8708	0.8038	 1.323	 1.269	 1.215	 1.221	 3.911	 3.626	 4.046	 3.919	 | 2.701 quantile
                      	 20.97	  22.6	 2.038	  1.79	 19.39	 21.23	 1.946	 2.283	 10.23	 10.93	  9.33	 9.535	 | 22.6 max

train losses    160:	0.4267	0.4425	0.3322	0.3259	0.4781	 0.499	0.4402	0.4477	0.8004	0.8087	0.8051	0.8102	
val losses      160:	0.4196	0.4613	0.3365	0.3153	0.5428	 0.563	0.5109	0.5064	  1.11	 1.066	 1.428	 1.412	 | 0.7227 mean
                     	 1.075	 1.205	0.8778	0.8129	 1.292	 1.264	 1.267	 1.271	 2.771	 2.685	 3.734	 3.669	 | 2.263 quantile
                      	 20.97	 22.61	 2.024	 1.781	 19.62	 21.26	 2.001	 2.281	 10.33	 11.23	  11.1	 11.24	 | 22.61 max

train losses    162:	0.4188	 0.435	0.3315	0.3254	0.4681	 0.491	0.4317	0.4384	0.7711	0.7795	0.7662	0.7722	
val losses      162:	0.4241	0.4608	0.3339	0.3138	0.5459	0.5679	 0.489	0.4831	 1.095	 1.045	 1.418	 1.399	 | 0.7146 mean
                     	 1.088	 1.216	0.8662	0.8002	 1.287	 1.274	 1.204	 1.216	 2.707	 2.621	 3.777	 3.722	 | 2.233 quantile
                      	 20.28	 21.89	 2.034	 1.781	 19.19	 20.64	 1.901	 2.205	 9.936	 10.82	 10.24	 10.28	 | 21.89 max

train losses    164:	0.4102	 0.425	0.3312	0.3252	0.4626	0.4859	0.4306	0.4373	0.7512	0.7594	0.7668	0.7695	
val losses      164:	0.4054	0.4411	 0.334	0.3138	0.5351	0.5578	0.4866	 0.479	  1.08	  1.03	 1.395	 1.385	 | 0.7035 mean
                     	  1.05	 1.132	0.8658	   0.8	 1.245	  1.23	   1.2	   1.2	 2.646	 2.528	 3.764	 3.738	 | 2.212 quantile
                      	 20.15	 21.77	 2.009	 1.769	 19.15	 20.59	 2.033	 2.237	 9.434	 10.49	 10.02	 9.985	 | 21.77 max

train losses    166:	0.4061	0.4221	0.3312	0.3248	0.4552	0.4775	0.4284	0.4355	0.7433	0.7499	0.7628	0.7669	
val losses      166:	0.4067	0.4424	 0.334	0.3141	0.5356	0.5584	 0.479	0.4716	 1.084	 1.033	 1.457	 1.448	 | 0.7136 mean
                     	 1.049	 1.134	0.8629	 0.798	 1.269	 1.214	 1.181	 1.181	 2.593	 2.502	 3.901	 3.833	 | 2.233 quantile
                      	 19.86	 21.43	 2.026	 1.758	 18.68	 20.15	 2.118	 2.212	 9.572	  10.8	 8.717	 8.658	 | 21.43 max

train losses    168:	0.4064	0.4175	0.3311	0.3247	0.4489	0.4682	0.4269	0.4339	0.7196	0.7244	0.7104	0.7139	
val losses      168:	0.4069	 0.439	0.3337	0.3137	0.5542	0.5752	0.4799	0.4728	 1.001	0.9591	 1.361	 1.348	 | 0.687 mean
                     	 1.017	 1.098	0.8633	0.7984	 1.304	 1.266	 1.183	 1.188	 2.481	 2.294	  3.74	 3.712	 | 2.1 quantile
                      	 20.19	 21.81	 2.024	 1.761	 18.72	 20.26	 2.171	 2.299	 9.358	 10.55	 9.051	 8.997	 | 21.81 max

train losses    170:	0.3999	0.4147	 0.331	0.3247	0.4429	0.4605	0.4243	0.4314	0.7047	0.7101	  0.68	 0.688	
val losses      170:	0.3898	0.4209	0.3328	0.3133	0.5201	0.5444	 0.474	0.4661	  1.02	0.9675	 1.359	 1.352	 | 0.6799 mean
                     	0.9833	 1.076	0.8645	0.7978	 1.228	 1.203	 1.168	  1.17	 2.474	 2.339	 3.728	 3.702	 | 2.12 quantile
                      	 20.04	 21.79	 2.032	 1.758	 18.86	 20.48	 2.167	 2.365	 9.154	 10.24	 8.499	 8.438	 | 21.79 max

train losses    172:	0.3951	0.4084	0.3307	0.3243	0.4362	0.4564	0.4228	0.4292	0.7013	0.7039	0.6565	0.6611	
val losses      172:	  0.38	0.4104	0.3329	 0.313	0.5261	0.5487	0.4703	0.4618	  1.01	0.9579	 1.328	 1.322	 | 0.6717 mean
                     	0.9557	 1.045	0.8645	 0.797	 1.226	 1.199	 1.165	 1.166	 2.406	 2.262	 3.732	 3.716	 | 2.09 quantile
                      	 19.92	 21.65	 2.035	 1.752	 18.61	 20.23	 2.136	 2.328	 8.913	 9.918	 8.259	 8.202	 | 21.65 max

train losses    174:	0.3929	0.4044	0.3305	0.3244	0.4349	0.4529	0.4216	0.4293	0.6814	0.6849	 0.635	0.6385	
val losses      174:	0.3696	0.4011	0.3328	0.3128	0.5432	0.5645	 0.468	0.4586	 1.029	0.9718	 1.327	 1.319	 | 0.6748 mean
                     	0.9503	 1.035	 0.864	0.7976	 1.281	 1.243	 1.161	 1.155	 2.438	 2.276	 3.728	 3.722	 | 2.113 quantile
                      	 19.86	 21.53	 2.022	 1.755	 18.44	 20.07	 2.218	  2.31	 8.743	 9.506	  8.24	 8.142	 | 21.53 max

train losses    176:	0.3928	 0.404	0.3303	0.3237	0.4336	0.4501	0.4198	 0.426	0.6745	0.6755	0.6227	 0.626	
val losses      176:	0.3663	0.3981	0.3325	0.3126	0.5418	0.5637	0.4631	 0.454	 1.022	 0.958	 1.337	 1.331	 | 0.6734 mean
                     	0.9322	 1.038	0.8626	0.7986	 1.292	 1.232	 1.154	 1.147	 2.446	 2.263	 3.721	 3.714	 | 2.099 quantile
                      	 19.94	 21.56	 2.019	 1.762	 18.52	 20.18	 2.292	  2.33	 8.969	 9.395	 8.215	 8.082	 | 21.56 max

train losses    178:	0.3896	0.4014	0.3301	0.3236	0.4305	0.4468	0.4173	0.4239	0.6669	0.6719	0.6146	0.6188	
val losses      178:	0.3614	 0.393	0.3322	0.3122	0.5368	0.5576	0.4595	0.4499	 1.012	0.9467	 1.322	 1.315	 | 0.6666 mean
                     	0.9205	 1.019	0.8627	0.8002	 1.276	 1.208	 1.142	 1.137	 2.423	 2.268	 3.684	 3.706	 | 2.086 quantile
                      	 20.29	 21.91	 2.004	 1.772	 18.77	 20.48	 2.309	 2.328	  9.05	 9.475	 8.292	 8.258	 | 21.91 max

train losses    180:	0.3895	0.3995	0.3298	0.3236	0.4243	0.4418	 0.417	0.4229	0.6572	0.6601	0.6056	0.6091	
val losses      180:	0.3552	0.3872	 0.332	0.3121	0.5442	0.5645	0.4553	0.4452	 1.022	0.9542	 1.327	 1.316	 | 0.6679 mean
                     	0.9192	 1.017	0.8635	0.7965	 1.283	 1.211	  1.13	 1.127	  2.45	 2.241	 3.703	 3.694	 | 2.089 quantile
                      	 20.28	 21.88	 2.026	 1.778	 18.78	 20.52	 2.286	 2.352	 8.859	 9.162	 8.321	 8.343	 | 21.88 max

train losses    182:	0.3846	0.3952	  0.33	0.3235	0.4232	0.4391	0.4159	0.4217	 0.649	0.6535	0.5952	0.6001	
val losses      182:	0.3524	0.3847	0.3318	0.3119	0.5483	0.5685	0.4519	0.4408	 1.026	0.9557	 1.338	 1.328	 | 0.6699 mean
                     	0.9229	 1.023	0.8641	0.7953	 1.284	 1.213	 1.122	 1.128	  2.46	 2.277	 3.712	 3.719	 | 2.09 quantile
                      	 20.33	 21.92	 2.019	 1.775	 18.79	 20.54	 2.338	  2.38	 8.904	 9.072	 8.071	 8.083	 | 21.92 max

train losses    184:	0.3859	0.3958	0.3296	0.3231	0.4183	0.4346	0.4141	0.4207	0.6423	0.6463	0.5927	0.5965	
val losses      184:	0.3514	0.3806	0.3316	0.3117	0.5352	0.5554	0.4518	0.4398	 1.027	0.9513	 1.336	 1.329	 | 0.6668 mean
                     	 0.914	 1.015	0.8629	0.7942	  1.26	 1.191	 1.123	 1.121	 2.479	  2.26	 3.684	 3.658	 | 2.126 quantile
                      	 20.49	 22.11	 2.015	 1.781	 18.99	 20.77	 2.507	 2.393	 9.012	 9.168	 8.459	 8.506	 | 22.11 max

train losses    186:	0.3842	0.3936	0.3293	0.3227	0.4176	0.4334	0.4121	0.4181	 0.644	 0.644	0.5845	0.5877	
val losses      186:	0.3534	0.3843	0.3314	0.3117	0.5418	 0.561	0.4482	 0.436	 1.027	0.9487	 1.333	 1.325	 | 0.6668 mean
                     	0.9279	 1.018	0.8613	 0.792	 1.293	 1.208	 1.114	 1.119	 2.471	 2.234	 3.656	 3.666	 | 2.081 quantile
                      	  20.5	 22.08	 2.019	 1.782	 19.07	 20.83	 2.557	  2.41	 8.854	 9.029	  8.53	 8.549	 | 22.08 max

train losses    188:	0.3845	0.3935	 0.329	0.3224	0.4163	0.4324	0.4097	0.4166	0.6333	 0.635	0.5817	0.5852	
val losses      188:	0.3507	0.3794	0.3315	0.3116	0.5477	0.5652	0.4459	0.4332	 1.019	0.9427	 1.322	 1.313	 | 0.6635 mean
                     	0.9182	  1.02	0.8612	0.7907	 1.296	 1.223	 1.109	 1.107	 2.455	 2.196	 3.631	 3.656	 | 2.074 quantile
                      	  20.6	 22.21	 2.028	 1.784	 19.18	 20.94	 2.529	 2.459	 8.886	  9.06	 8.668	 8.692	 | 22.21 max

train losses    190:	0.3812	0.3928	 0.329	0.3223	0.4147	0.4307	0.4087	0.4147	0.6325	0.6347	0.5784	0.5805	
val losses      190:	0.3509	0.3801	0.3315	0.3115	0.5533	0.5709	0.4447	0.4315	 1.022	0.9448	 1.326	 1.316	 | 0.6653 mean
                     	0.9183	 1.008	0.8599	0.7898	 1.321	 1.237	 1.113	 1.105	 2.493	 2.225	 3.658	 3.674	 | 2.077 quantile
                      	 20.57	 22.15	 2.027	 1.787	 19.13	 20.87	 2.541	 2.528	 9.062	 9.109	 8.729	 8.743	 | 22.15 max

train losses    192:	0.3835	0.3906	0.3288	0.3219	0.4129	0.4282	0.4066	0.4126	0.6235	0.6275	0.5749	0.5783	
val losses      192:	0.3539	0.3829	0.3314	0.3114	0.5496	0.5684	0.4428	0.4292	 1.034	0.9555	 1.336	 1.327	 | 0.6685 mean
                     	 0.931	 1.018	0.8583	0.7891	 1.324	 1.231	 1.106	 1.108	 2.507	 2.244	 3.686	 3.708	 | 2.086 quantile
                      	 20.59	 22.18	 2.009	 1.786	 19.24	 20.96	 2.556	 2.569	 9.153	 9.109	 8.647	 8.664	 | 22.18 max

train losses    194:	0.3815	0.3914	0.3287	0.3219	0.4103	0.4265	0.4043	0.4098	0.6173	0.6224	0.5727	0.5738	
val losses      194:	0.3512	0.3792	0.3314	0.3114	 0.553	0.5703	0.4408	0.4265	 1.033	0.9549	 1.328	  1.32	 | 0.6666 mean
                     	0.9247	 1.004	0.8598	0.7873	 1.315	 1.236	 1.105	 1.103	 2.518	 2.236	  3.67	 3.688	 | 2.082 quantile
                      	 20.81	 22.42	 2.006	  1.79	 19.56	 21.28	 2.595	 2.579	 9.086	 9.265	 8.679	 8.737	 | 22.42 max

train losses    196:	0.3819	0.3904	0.3289	0.3222	0.4107	0.4264	0.4042	0.4101	 0.619	0.6192	0.5707	0.5735	
val losses      196:	0.3518	0.3787	0.3314	0.3112	0.5466	0.5658	0.4402	0.4251	 1.034	0.9541	 1.329	  1.32	 | 0.6656 mean
                     	0.9262	 1.004	0.8578	 0.787	 1.301	 1.202	 1.105	 1.097	 2.507	 2.201	 3.626	 3.665	 | 2.06 quantile
                      	 20.96	 22.52	 1.994	  1.79	 19.69	 21.41	 2.649	 2.661	 9.264	 9.455	 8.664	 8.708	 | 22.52 max

train losses    198:	0.3808	 0.391	0.3284	0.3215	0.4093	0.4244	0.4021	0.4078	0.6109	0.6144	0.5667	0.5689	
val losses      198:	0.3525	0.3806	0.3314	0.3112	0.5461	0.5656	0.4384	0.4237	  1.04	 0.961	 1.342	 1.334	 | 0.6689 mean
                     	0.9234	 1.003	0.8544	0.7873	 1.292	 1.209	 1.099	  1.09	 2.531	 2.236	 3.671	  3.71	 | 2.092 quantile
                      	 21.03	 22.65	 2.015	 1.796	 19.89	 21.64	 2.684	 2.676	   9.4	 9.622	 8.551	 8.567	 | 22.65 max

train losses    200:	0.3796	0.3896	0.3284	0.3212	0.4078	0.4214	0.4013	0.4062	0.6114	0.6148	0.5675	0.5688	
val losses      200:	0.3543	0.3826	0.3312	0.3111	0.5489	 0.568	0.4371	0.4218	 1.036	0.9586	 1.334	 1.326	 | 0.6674 mean
                     	  0.94	 1.003	 0.853	0.7877	 1.292	 1.195	 1.097	  1.09	 2.518	 2.207	 3.651	 3.685	 | 2.083 quantile
                      	 21.08	  22.7	 2.011	 1.796	 19.98	 21.71	 2.625	 2.697	 9.351	 9.516	 8.942	 8.962	 | 22.7 max

train losses    202:	0.3796	0.3889	0.3283	0.3213	 0.406	 0.418	0.3995	0.4051	0.6078	0.6096	 0.568	0.5716	
val losses      202:	0.3537	0.3822	0.3312	 0.311	0.5334	0.5539	0.4357	0.4202	 1.036	0.9583	 1.335	 1.329	 | 0.665 mean
                     	0.9322	 1.013	0.8527	0.7868	 1.267	 1.183	 1.093	 1.089	 2.518	 2.213	 3.637	 3.681	 | 2.082 quantile
                      	  21.2	  22.8	 2.031	 1.789	 20.08	  21.8	 2.592	 2.708	 9.424	 9.675	 8.888	 8.904	 | 22.8 max

train losses    204:	0.3787	0.3891	0.3278	0.3211	0.4035	0.4189	0.3988	0.4043	0.6054	0.6071	0.5621	0.5651	
val losses      204:	0.3544	0.3811	0.3312	0.3111	 0.537	0.5583	0.4348	0.4188	 1.051	0.9722	 1.343	 1.335	 | 0.669 mean
                     	0.9323	 1.004	0.8506	 0.786	 1.282	 1.193	 1.087	 1.083	 2.579	 2.241	 3.637	 3.715	 | 2.113 quantile
                      	 21.32	 22.93	 2.023	 1.783	 20.19	 21.91	 2.605	 2.706	 9.421	 9.638	 9.024	 9.034	 | 22.93 max

train losses    206:	0.3785	0.3878	0.3282	0.3215	0.4015	0.4182	0.3969	0.4028	0.5992	0.6015	0.5582	0.5597	
val losses      206:	0.3536	0.3814	0.3311	0.3111	0.5445	0.5642	0.4325	0.4164	 1.045	0.9682	 1.335	 1.328	 | 0.6676 mean
                     	  0.92	 1.003	0.8499	0.7861	 1.319	 1.215	 1.082	 1.082	 2.559	 2.221	 3.604	 3.666	 | 2.094 quantile
                      	  21.3	 22.91	 1.998	 1.793	 20.28	 22.02	 2.742	 2.743	 9.534	 9.725	 9.224	 9.239	 | 22.91 max

train losses    208:	0.3767	0.3859	0.3278	 0.321	0.3994	0.4157	0.3955	   0.4	0.5975	0.5986	0.5547	0.5553	
val losses      208:	0.3525	0.3784	0.3311	0.3108	0.5321	0.5513	0.4318	 0.415	 1.035	 0.958	 1.317	 1.312	 | 0.6605 mean
                     	0.9243	0.9989	0.8498	0.7857	 1.281	 1.184	 1.081	 1.078	 2.512	 2.173	 3.592	 3.639	 | 2.077 quantile
                      	 21.39	  23.0	 2.009	 1.798	 20.43	 22.19	 2.744	 2.742	 9.649	 9.916	 9.314	 9.331	 | 23.0 max

train losses    210:	0.3778	0.3859	0.3278	 0.321	0.3999	0.4156	0.3941	0.3998	0.5962	0.5951	0.5509	 0.554	
val losses      210:	0.3512	0.3766	0.3309	0.3106	0.5318	0.5515	0.4297	0.4124	 1.038	0.9613	 1.319	 1.314	 | 0.6606 mean
                     	 0.919	0.9933	0.8474	0.7836	 1.277	 1.179	 1.082	 1.068	 2.535	  2.18	 3.592	 3.665	 | 2.091 quantile
                      	 21.46	 23.08	 2.013	 1.793	 20.44	  22.2	 2.673	 2.748	 9.677	 9.962	 9.282	 9.306	 | 23.08 max

train losses    212:	0.3758	0.3855	0.3278	0.3208	0.3984	0.4139	0.3933	0.3986	0.5945	0.5964	0.5488	  0.55	
val losses      212:	0.3506	0.3768	0.3308	0.3105	0.5345	0.5558	0.4281	0.4103	 1.043	0.9691	 1.317	 1.311	 | 0.6615 mean
                     	0.9181	 1.006	0.8474	 0.785	   1.3	 1.184	 1.081	  1.07	 2.519	 2.177	 3.586	 3.664	 | 2.091 quantile
                      	 21.49	 23.13	  2.01	 1.789	 20.52	 22.28	 2.669	 2.768	 9.683	 9.911	 9.381	 9.412	 | 23.13 max

train losses    214:	0.3755	0.3835	0.3276	0.3206	0.4009	0.4133	0.3913	0.3964	0.5937	 0.596	0.5463	0.5479	
val losses      214:	0.3496	0.3756	0.3306	0.3103	0.5328	0.5543	 0.426	0.4078	 1.033	0.9575	  1.31	 1.303	 | 0.6575 mean
                     	0.9057	0.9839	0.8479	0.7825	  1.29	 1.177	 1.082	 1.064	 2.507	 2.165	 3.587	 3.651	 | 2.07 quantile
                      	 21.76	 23.42	 2.001	 1.796	 20.92	 22.69	 2.705	 2.804	 9.785	 10.11	 9.543	 9.578	 | 23.42 max

train losses    216:	0.3758	0.3848	0.3273	0.3202	0.3972	0.4119	0.3897	0.3946	0.5882	0.5912	0.5467	0.5472	
val losses      216:	0.3537	0.3801	0.3306	0.3103	0.5324	0.5549	0.4259	0.4075	 1.044	0.9662	 1.313	 1.309	 | 0.6606 mean
                     	0.9247	 1.009	0.8471	0.7832	 1.284	 1.178	 1.076	 1.068	  2.54	 2.159	 3.589	 3.626	 | 2.089 quantile
                      	 21.63	 23.28	 2.015	 1.788	 20.99	 22.73	 2.695	 2.776	 9.817	 10.15	 9.724	 9.766	 | 23.28 max

train losses    218:	0.3758	0.3861	0.3274	0.3203	0.3972	0.4118	0.3887	0.3938	0.5866	0.5874	0.5452	0.5453	
val losses      218:	0.3524	0.3793	0.3306	0.3104	0.5414	0.5618	 0.425	0.4066	  1.05	 0.976	 1.314	  1.31	 | 0.6631 mean
                     	0.9218	 1.005	0.8486	0.7832	 1.312	 1.195	 1.073	  1.06	 2.543	  2.18	 3.622	 3.669	 | 2.094 quantile
                      	 21.72	 23.36	  2.01	 1.782	 21.02	 22.75	 2.692	  2.78	 9.944	 10.31	 9.745	 9.786	 | 23.36 max

train losses    220:	0.3756	0.3841	0.3274	0.3203	0.3966	0.4119	0.3894	0.3947	0.5837	0.5881	0.5434	0.5438	
val losses      220:	0.3509	0.3761	0.3308	0.3105	 0.535	0.5555	0.4255	0.4066	 1.053	0.9784	 1.327	 1.323	 | 0.6643 mean
                     	0.9142	 1.011	0.8482	0.7824	 1.294	 1.181	 1.077	 1.063	 2.542	 2.185	 3.663	 3.687	 | 2.102 quantile
                      	 21.82	 23.44	 2.027	 1.779	 21.13	 22.85	 2.732	 2.824	 10.06	 10.46	 9.731	  9.77	 | 23.44 max

train losses    222:	0.3726	0.3817	0.3269	  0.32	0.3943	0.4094	0.3874	0.3918	0.5824	0.5852	0.5447	0.5452	
val losses      222:	0.3523	0.3764	0.3307	0.3104	0.5314	 0.553	0.4247	0.4055	  1.05	0.9735	 1.317	 1.312	 | 0.6614 mean
                     	0.9119	 1.006	0.8466	0.7817	 1.269	 1.178	 1.073	 1.063	 2.538	 2.168	 3.582	 3.636	 | 2.108 quantile
                      	 21.89	 23.51	 2.029	 1.786	 21.31	 23.01	 2.738	 2.838	 10.21	 10.58	 10.06	 10.11	 | 23.51 max

train losses    224:	0.3749	0.3833	0.3269	  0.32	0.3953	0.4075	0.3864	0.3917	  0.58	0.5825	 0.545	0.5466	
val losses      224:	0.3494	0.3745	0.3307	0.3103	0.5266	0.5475	0.4239	0.4045	 1.046	0.9696	 1.323	 1.318	 | 0.6604 mean
                     	0.9035	0.9946	0.8471	0.7826	 1.257	 1.174	 1.071	  1.06	 2.531	 2.165	  3.57	 3.604	 | 2.098 quantile
                      	 22.13	 23.77	 2.032	 1.789	 21.44	 23.15	 2.759	 2.866	 10.34	 10.74	 9.898	  9.94	 | 23.77 max

train losses    226:	0.3731	0.3817	 0.327	0.3202	0.3941	0.4084	0.3839	0.3891	0.5836	0.5846	0.5457	0.5461	
val losses      226:	0.3496	0.3744	0.3308	0.3104	0.5203	0.5407	0.4226	0.4025	 1.039	 0.962	 1.304	 1.301	 | 0.6548 mean
                     	0.9048	0.9973	0.8459	0.7805	 1.248	 1.151	 1.073	 1.052	 2.511	 2.162	  3.57	 3.622	 | 2.081 quantile
                      	 22.23	 23.88	 1.999	 1.794	 21.57	  23.3	 2.763	 2.861	 10.45	 10.88	 10.22	 10.27	 | 23.88 max

train losses    228:	0.3758	0.3826	0.3269	0.3201	 0.394	0.4099	0.3854	0.3909	0.5762	0.5829	0.5455	0.5444	
val losses      228:	0.3528	0.3786	0.3308	0.3106	0.5244	0.5457	0.4226	0.4022	 1.061	0.9847	 1.316	 1.311	 | 0.6618 mean
                     	0.9093	 1.009	0.8468	0.7816	 1.264	 1.177	 1.072	 1.053	  2.55	 2.207	 3.567	 3.625	 | 2.115 quantile
                      	 22.11	 23.77	 2.002	 1.792	 21.63	 23.35	 2.736	 2.824	  10.5	 10.93	 10.42	 10.47	 | 23.77 max

train losses    230:	0.3741	0.3835	0.3264	0.3198	0.3912	0.4054	0.3833	0.3881	0.5799	0.5803	0.5452	0.5448	
val losses      230:	0.3503	0.3756	0.3306	0.3104	0.5256	0.5467	0.4213	0.4006	 1.071	  0.99	 1.322	 1.316	 | 0.6633 mean
                     	0.9123	  1.01	0.8479	0.7808	 1.248	 1.157	 1.073	 1.049	  2.58	 2.202	  3.59	 3.626	 | 2.116 quantile
                      	 22.11	 23.79	 2.005	 1.792	 21.63	 23.38	 2.719	 2.806	 10.27	  10.7	 10.37	 10.44	 | 23.79 max

train losses    232:	0.3744	 0.383	0.3267	0.3195	0.3935	0.4076	0.3827	 0.388	0.5754	0.5773	0.5444	 0.543	
val losses      232:	0.3495	0.3735	0.3306	0.3102	0.5211	0.5407	0.4207	0.4003	 1.056	 0.974	 1.308	 1.303	 | 0.6573 mean
                     	0.9042	 1.001	 0.848	0.7811	 1.248	 1.167	 1.067	 1.051	 2.534	  2.17	  3.56	 3.576	 | 2.095 quantile
                      	 22.41	  24.1	 1.986	 1.787	 21.94	 23.71	 2.721	 2.806	 10.29	 10.71	 10.36	 10.46	 | 24.1 max

train losses    234:	0.3724	0.3821	0.3265	0.3195	0.3886	 0.405	0.3806	0.3851	0.5743	0.5773	0.5458	0.5448	
val losses      234:	0.3507	0.3754	0.3306	0.3104	0.5224	0.5415	0.4199	0.3999	  1.06	0.9797	 1.308	 1.304	 | 0.6585 mean
                     	0.9093	 1.003	0.8467	0.7812	 1.248	 1.159	 1.071	 1.053	 2.513	 2.162	 3.571	 3.612	 | 2.101 quantile
                      	 22.32	 23.99	 2.022	 1.786	 21.91	 23.66	  2.76	 2.843	  10.4	 10.84	 10.43	 10.53	 | 23.99 max

train losses    236:	0.3732	0.3811	0.3259	0.3192	 0.391	0.4055	  0.38	 0.385	0.5735	0.5754	0.5453	 0.546	
val losses      236:	0.3512	0.3747	0.3306	0.3104	0.5266	0.5456	0.4181	0.3976	 1.059	0.9815	 1.312	 1.308	 | 0.6596 mean
                     	0.9008	0.9961	0.8476	 0.781	 1.261	 1.165	 1.071	 1.051	 2.535	 2.193	 3.568	 3.609	 | 2.116 quantile
                      	  22.3	 23.96	 2.023	 1.795	 21.85	 23.56	 2.763	 2.845	 10.23	 10.65	 10.28	 10.33	 | 23.96 max

train losses    238:	0.3735	0.3825	0.3266	0.3197	0.3891	0.4051	0.3791	0.3836	0.5712	0.5748	 0.546	0.5463	
val losses      238:	0.3479	0.3709	0.3306	0.3101	0.5267	0.5453	0.4186	0.3979	 1.059	0.9819	 1.309	 1.306	 | 0.6587 mean
                     	0.8972	0.9869	0.8475	0.7834	 1.282	 1.189	 1.068	  1.05	 2.514	 2.185	 3.524	 3.582	 | 2.12 quantile
                      	 22.33	 23.98	 1.987	 1.803	 21.87	 23.54	 2.769	 2.848	 10.32	 10.75	 10.41	  10.5	 | 23.98 max

train losses    240:	0.3712	 0.381	 0.326	0.3194	0.3906	0.4062	0.3799	0.3845	0.5725	 0.577	0.5499	0.5485	
val losses      240:	0.3507	0.3736	0.3305	0.3101	0.5309	0.5512	0.4196	0.3997	 1.074	0.9934	 1.331	 1.326	 | 0.6659 mean
                     	0.9093	 1.005	0.8471	0.7841	 1.291	 1.211	  1.07	  1.05	 2.573	 2.209	 3.534	 3.603	 | 2.142 quantile
                      	 22.44	 24.08	 1.979	 1.795	 22.04	 23.72	  2.73	 2.811	 10.34	 10.75	 10.22	 10.27	 | 24.08 max

train losses    242:	0.3756	0.3826	0.3262	0.3188	0.3925	0.4045	0.3782	0.3836	0.5681	0.5709	0.5561	0.5552	
val losses      242:	0.3515	0.3748	0.3303	0.3099	0.5299	  0.55	 0.419	0.3986	 1.074	0.9955	 1.329	 1.324	 | 0.6656 mean
                     	0.9093	 1.011	0.8466	0.7834	 1.281	   1.2	 1.076	 1.046	 2.542	 2.219	 3.551	 3.583	 | 2.161 quantile
                      	 22.53	 24.18	 2.008	 1.788	 22.21	 23.92	 2.626	 2.711	 10.48	 10.91	 10.15	 10.21	 | 24.18 max

train losses    244:	  0.37	0.3791	0.3265	0.3187	0.3892	0.4036	0.3777	 0.382	0.5693	0.5722	0.5565	0.5548	
val losses      244:	0.3472	0.3686	0.3305	  0.31	0.5192	0.5385	0.4175	0.3963	 1.046	0.9704	 1.304	   1.3	 | 0.654 mean
                     	0.9017	0.9837	0.8461	0.7815	 1.248	 1.153	 1.062	 1.048	 2.495	 2.174	 3.516	 3.576	 | 2.109 quantile
                      	 22.56	 24.23	 2.001	 1.795	 22.37	 24.08	 2.686	 2.777	  10.8	 11.25	 10.46	 10.52	 | 24.23 max

train losses    246:	0.3716	0.3811	0.3256	0.3185	0.3883	0.4028	 0.376	0.3801	0.5671	0.5727	0.5586	0.5566	
val losses      246:	0.3474	0.3694	0.3305	0.3101	0.5225	0.5405	0.4171	0.3961	 1.064	0.9874	 1.314	 1.311	 | 0.6591 mean
                     	0.8939	 0.982	0.8445	 0.781	 1.246	 1.166	 1.068	  1.05	 2.541	 2.176	 3.565	 3.575	 | 2.133 quantile
                      	 22.55	 24.23	 2.019	 1.798	 22.41	 24.09	 2.705	 2.795	 10.73	  11.2	 10.56	 10.62	 | 24.23 max

train losses    248:	0.3727	0.3808	0.3257	0.3185	0.3879	0.4034	0.3755	0.3794	0.5665	 0.569	0.5494	0.5477	
val losses      248:	0.3489	 0.372	0.3307	0.3101	0.5268	0.5444	0.4176	0.3964	 1.075	0.9974	 1.319	 1.316	 | 0.6629 mean
                     	0.9119	 1.007	0.8451	0.7813	 1.264	 1.167	 1.066	  1.05	  2.55	 2.189	 3.579	 3.557	 | 2.156 quantile
                      	 22.39	 24.07	 2.003	 1.791	 22.39	 24.06	 2.703	 2.797	 10.72	 11.18	  10.7	 10.76	 | 24.07 max

train losses    250:	0.3725	0.3796	0.3256	0.3185	0.3887	0.4029	0.3736	0.3783	 0.569	0.5739	0.5452	0.5438	
val losses      250:	0.3482	0.3718	0.3306	0.3101	0.5292	0.5478	0.4181	0.3971	 1.076	 0.995	 1.321	 1.319	 | 0.6636 mean
                     	0.9041	 1.001	0.8448	  0.78	  1.29	 1.186	 1.072	 1.047	 2.586	 2.225	 3.572	 3.624	 | 2.163 quantile
                      	 22.46	 24.16	 1.955	  1.79	 22.41	 24.09	 2.724	 2.811	 10.47	 10.96	 10.52	 10.58	 | 24.16 max

train losses    252:	 0.372	0.3813	0.3258	0.3186	0.3894	 0.403	0.3731	0.3783	 0.566	0.5734	0.5534	0.5524	
val losses      252:	0.3475	0.3703	0.3308	0.3102	0.5246	0.5412	0.4182	0.3973	 1.066	0.9849	 1.317	 1.316	 | 0.6603 mean
                     	0.8974	0.9949	0.8474	0.7803	 1.276	 1.192	 1.071	 1.045	  2.52	 2.188	 3.588	 3.656	 | 2.143 quantile
                      	 22.68	 24.39	 1.985	 1.798	 22.65	 24.36	 2.762	 2.838	 10.45	 10.91	 10.68	 10.74	 | 24.39 max

train losses    254:	0.3739	0.3812	0.3252	0.3186	  0.39	0.4034	0.3735	0.3784	0.5673	 0.575	0.5808	0.5817	
val losses      254:	0.3544	0.3805	0.3306	0.3101	0.5426	0.5633	0.4184	0.3979	 1.089	 1.009	  1.37	 1.365	 | 0.6775 mean
                     	0.9254	 1.009	0.8439	0.7814	 1.332	 1.226	 1.076	 1.044	 2.606	 2.253	 3.708	  3.75	 | 2.186 quantile
                      	 22.49	 24.17	 1.983	 1.788	 22.53	 24.27	 2.742	 2.816	  10.6	 11.08	 10.52	 10.58	 | 24.27 max

train losses    256:	0.3714	0.3795	0.3258	0.3184	0.3904	0.4031	0.3716	0.3762	0.5682	 0.573	0.6089	0.6076	
val losses      256:	0.3511	0.3764	0.3307	0.3102	0.5358	0.5568	0.4167	0.3954	  1.07	0.9893	 1.388	  1.38	 | 0.675 mean
                     	0.9105	 1.006	0.8458	0.7811	 1.287	 1.211	 1.068	 1.043	 2.529	 2.181	 3.795	  3.81	 | 2.162 quantile
                      	 22.79	 24.45	 1.985	 1.788	  22.7	 24.41	  2.77	 2.841	 10.76	 11.25	 10.56	 10.61	 | 24.45 max

train losses    258:	0.3706	0.3795	0.3256	0.3183	0.3895	0.4024	0.3735	0.3775	0.5688	0.5757	   0.6	0.5998	
val losses      258:	0.3482	0.3724	0.3308	0.3101	0.5322	0.5524	0.4163	0.3949	 1.064	0.9806	 1.417	 1.412	 | 0.6776 mean
                     	0.8994	0.9993	0.8456	 0.779	 1.264	 1.204	  1.07	  1.04	   2.5	 2.189	 3.853	 3.866	 | 2.189 quantile
                      	 22.93	 24.58	 1.987	 1.795	  22.8	 24.56	 2.799	 2.869	  10.9	 11.44	 10.13	 10.19	 | 24.58 max

train losses    260:	0.3702	0.3801	0.3253	 0.318	0.3881	0.4023	0.3696	 0.374	 0.566	0.5718	0.5694	 0.569	
val losses      260:	0.3479	0.3725	0.3304	0.3096	 0.529	0.5477	0.4155	0.3944	 1.069	0.9903	 1.357	 1.353	 | 0.6679 mean
                     	0.9008	0.9819	0.8464	 0.783	 1.274	  1.18	 1.065	 1.047	 2.546	 2.211	 3.675	 3.744	 | 2.173 quantile
                      	 22.99	 24.64	   2.0	 1.797	 22.92	 24.65	 2.773	  2.85	 10.85	  11.4	 10.49	 10.56	 | 24.65 max

train losses    262:	0.3705	0.3798	0.3251	0.3179	0.3852	0.3994	0.3699	0.3743	0.5674	0.5719	0.5529	0.5531	
val losses      262:	0.3465	0.3684	0.3305	0.3097	0.5265	0.5427	0.4175	0.3968	 1.078	0.9978	 1.337	 1.333	 | 0.6653 mean
                     	0.8917	0.9857	0.8454	0.7824	 1.282	 1.196	 1.065	  1.05	 2.586	 2.241	 3.618	 3.649	 | 2.178 quantile
                      	  22.9	 24.59	  2.02	 1.792	 22.92	 24.64	 2.691	 2.772	 10.68	 11.23	 10.56	 10.62	 | 24.64 max

train losses    264:	0.3727	0.3802	0.3253	0.3177	0.3875	0.4016	0.3688	0.3735	0.5644	0.5687	0.5506	0.5499	
val losses      264:	0.3466	0.3695	0.3304	0.3099	0.5292	0.5464	0.4159	0.3949	  1.07	0.9923	 1.317	 1.314	 | 0.6614 mean
                     	0.8958	0.9782	0.8472	0.7814	 1.285	 1.192	  1.07	 1.047	 2.552	 2.199	 3.581	 3.657	 | 2.161 quantile
                      	 22.86	 24.59	 1.995	 1.807	 23.05	 24.74	 2.739	 2.814	 10.71	 11.25	 10.71	 10.77	 | 24.74 max

train losses    266:	0.3709	0.3795	0.3251	0.3177	 0.388	 0.404	0.3692	0.3735	0.5673	0.5687	0.5574	0.5563	
val losses      266:	0.3447	 0.369	0.3305	0.3099	0.5265	0.5443	0.4164	0.3946	 1.068	0.9898	 1.315	 1.311	 | 0.66 mean
                     	0.8875	0.9756	0.8463	0.7815	 1.278	  1.19	 1.071	 1.049	 2.529	 2.187	 3.602	 3.661	 | 2.144 quantile
                      	 22.93	 24.65	 1.992	 1.798	 23.25	 24.93	 2.722	 2.797	 10.74	 11.22	 10.34	  10.4	 | 24.93 max

train losses    268:	0.3701	0.3785	0.3254	0.3184	0.3869	0.3996	0.3687	0.3734	0.5634	0.5692	0.5631	0.5613	
val losses      268:	0.3498	0.3755	0.3305	  0.31	0.5306	0.5503	0.4173	0.3956	 1.097	 1.016	 1.364	  1.36	 | 0.6747 mean
                     	0.9026	 0.998	0.8462	0.7819	 1.289	 1.211	 1.073	 1.048	 2.609	  2.26	  3.68	 3.737	 | 2.197 quantile
                      	 22.69	 24.38	 1.988	 1.791	 22.96	 24.68	 2.745	 2.825	 10.86	  11.4	 9.868	  9.92	 | 24.68 max

train losses    270:	0.3713	0.3781	0.3249	0.3177	0.3856	0.4015	0.3664	 0.371	0.5648	0.5668	0.5558	0.5545	
val losses      270:	0.3491	0.3739	0.3305	  0.31	0.5325	0.5526	0.4159	0.3938	 1.075	0.9943	 1.337	 1.331	 | 0.6664 mean
                     	0.9018	0.9947	0.8451	0.7786	 1.288	 1.188	 1.077	 1.036	 2.537	 2.219	 3.628	 3.697	 | 2.17 quantile
                      	 22.84	 24.55	  2.02	 1.807	  23.1	 24.76	 2.708	 2.799	 10.69	 11.21	 10.44	  10.5	 | 24.76 max

train losses    272:	0.3689	0.3779	 0.325	0.3176	0.3858	0.3987	0.3671	0.3717	0.5653	0.5692	0.5385	0.5367	
val losses      272:	0.3466	0.3694	0.3304	0.3098	0.5275	0.5462	0.4164	0.3944	 1.083	 1.004	 1.351	 1.343	 | 0.6685 mean
                     	0.8888	0.9776	0.8462	0.7814	 1.273	 1.208	 1.073	 1.047	 2.576	 2.229	 3.676	 3.701	 | 2.161 quantile
                      	 22.73	 24.44	 2.022	 1.789	 23.15	 24.77	 2.634	  2.72	 10.74	  11.3	  10.1	 10.15	 | 24.77 max

train losses    274:	0.3704	0.3779	0.3248	0.3179	0.3855	0.4006	0.3659	0.3692	0.5625	0.5665	0.5325	0.5314	
val losses      274:	0.3457	0.3671	0.3301	0.3095	0.5274	0.5446	0.4148	0.3933	 1.072	 0.994	 1.322	 1.317	 | 0.6614 mean
                     	0.8837	0.9677	0.8438	0.7818	 1.273	 1.187	 1.067	 1.046	 2.525	  2.21	 3.615	 3.659	 | 2.147 quantile
                      	 22.79	  24.5	 1.979	   1.8	 23.24	 24.83	 2.674	 2.763	 10.74	 11.28	 10.47	 10.53	 | 24.83 max

train losses    276:	0.3707	0.3799	0.3246	0.3173	 0.384	0.3989	0.3645	0.3689	0.5636	0.5678	0.5305	0.5282	
val losses      276:	0.3466	0.3696	0.3304	0.3098	0.5314	0.5486	0.4151	0.3937	  1.08	 1.002	 1.327	 1.322	 | 0.6647 mean
                     	0.8911	0.9845	0.8454	0.7802	 1.288	 1.213	 1.067	 1.048	  2.54	 2.225	 3.616	 3.657	 | 2.156 quantile
                      	 22.84	 24.55	  1.99	 1.798	 23.14	 24.72	 2.694	 2.776	 10.88	  11.4	 10.23	 10.29	 | 24.72 max

train losses    278:	0.3686	 0.378	0.3249	0.3174	0.3862	0.3992	0.3646	0.3692	0.5605	0.5668	0.5243	0.5244	
val losses      278:	0.3459	0.3695	0.3305	0.3101	0.5278	0.5462	0.4148	0.3927	 1.081	 1.002	 1.326	  1.32	 | 0.6639 mean
                     	0.8918	 0.975	0.8481	0.7815	 1.268	 1.201	 1.066	  1.05	 2.546	 2.241	 3.621	 3.668	 | 2.165 quantile
                      	 22.77	 24.45	 2.005	 1.804	 23.09	 24.74	 2.711	 2.796	 10.83	 11.36	 10.26	 10.31	 | 24.74 max

train losses    280:	0.3693	0.3778	0.3245	0.3173	0.3853	0.3986	0.3636	0.3681	0.5587	0.5636	0.5258	0.5236	
val losses      280:	0.3429	0.3651	0.3306	  0.31	0.5218	0.5392	 0.415	0.3927	 1.065	0.9862	 1.315	 1.309	 | 0.6577 mean
                     	0.8834	 0.963	0.8465	0.7825	  1.26	 1.179	 1.069	 1.048	 2.513	 2.218	 3.637	 3.668	 | 2.131 quantile
                      	 22.85	 24.52	 1.998	 1.798	 23.27	 24.93	 2.731	 2.805	 10.82	 11.38	 10.43	 10.48	 | 24.93 max

train losses    282:	0.3678	0.3774	0.3247	0.3172	0.3817	0.3942	 0.362	0.3675	0.5619	0.5663	0.5219	0.5213	
val losses      282:	0.3452	0.3683	0.3305	  0.31	0.5263	0.5457	0.4156	0.3936	 1.081	0.9993	 1.337	 1.332	 | 0.6654 mean
                     	0.9034	0.9836	0.8461	0.7779	 1.287	 1.201	 1.075	 1.051	 2.589	 2.274	 3.631	  3.67	 | 2.186 quantile
                      	  22.8	 24.49	 2.019	 1.794	  23.3	 24.96	 2.697	 2.777	 10.56	 10.99	 10.43	 10.48	 | 24.96 max

train losses    284:	0.3711	0.3779	0.3244	0.3172	0.3853	0.3974	0.3634	0.3671	0.5597	0.5624	0.5246	0.5236	
val losses      284:	0.3449	0.3669	0.3305	0.3099	0.5234	0.5411	0.4146	0.3922	 1.074	0.9925	  1.33	 1.324	 | 0.662 mean
                     	0.8863	0.9738	0.8448	0.7789	 1.272	 1.179	 1.072	 1.045	 2.532	 2.231	 3.624	 3.674	 | 2.156 quantile
                      	 22.76	 24.45	 2.015	 1.798	 23.34	 25.03	 2.704	 2.775	 10.61	 11.19	 10.37	 10.43	 | 25.03 max

train losses    286:	0.3671	0.3766	 0.324	 0.317	0.3855	0.3975	0.3627	0.3663	0.5611	0.5629	 0.525	0.5246	
val losses      286:	0.3455	0.3686	0.3305	0.3099	0.5244	0.5437	0.4144	0.3917	 1.078	0.9954	 1.341	 1.336	 | 0.665 mean
                     	0.8935	0.9719	0.8452	0.7785	 1.288	 1.189	 1.074	  1.05	 2.555	 2.214	 3.637	 3.652	 | 2.163 quantile
                      	 22.87	 24.57	 1.986	 1.798	 23.38	 25.02	 2.679	 2.762	 10.83	 11.42	 10.33	 10.39	 | 25.02 max

train losses    288:	0.3685	 0.377	 0.324	0.3169	0.3831	0.3967	0.3611	0.3655	0.5603	0.5623	0.5231	0.5224	
val losses      288:	0.3424	0.3643	0.3306	0.3098	0.5218	0.5407	0.4142	0.3914	 1.073	0.9914	 1.328	 1.323	 | 0.661 mean
                     	0.8801	0.9589	0.8441	0.7785	 1.269	 1.192	 1.063	 1.045	 2.556	  2.22	 3.615	 3.648	 | 2.157 quantile
                      	 22.93	 24.63	 2.003	 1.796	 23.32	 24.96	 2.634	 2.705	 10.76	 11.33	 10.43	 10.48	 | 24.96 max

train losses    290:	 0.367	0.3741	 0.324	 0.317	 0.384	0.3984	0.3602	0.3642	 0.563	0.5658	0.5235	 0.522	
val losses      290:	0.3444	0.3667	0.3306	0.3099	0.5218	0.5395	0.4127	0.3902	 1.076	0.9951	 1.312	 1.308	 | 0.6589 mean
                     	 0.889	0.9727	 0.846	0.7796	 1.278	 1.184	 1.062	 1.047	 2.547	 2.209	 3.556	 3.626	 | 2.146 quantile
                      	  22.8	 24.48	 1.979	 1.808	  23.3	 24.92	 2.683	 2.745	 10.86	 11.41	 10.81	 10.87	 | 24.92 max

train losses    292:	0.3685	0.3792	0.3237	0.3167	0.3839	0.3989	0.3602	0.3647	0.5598	0.5621	0.5258	0.5238	
val losses      292:	 0.348	  0.37	0.3305	0.3099	 0.525	0.5423	0.4136	0.3909	 1.068	0.9899	 1.322	 1.318	 | 0.6606 mean
                     	0.8936	0.9719	0.8444	0.7796	 1.275	  1.19	 1.068	  1.05	 2.523	 2.197	 3.597	 3.644	 | 2.139 quantile
                      	 22.83	  24.5	 1.997	 1.799	 23.33	 24.96	 2.643	 2.701	 10.88	 11.44	  10.6	 10.66	 | 24.96 max

train losses    294:	0.3667	0.3765	0.3239	 0.317	0.3835	0.3952	0.3593	0.3642	0.5571	0.5635	0.5273	0.5246	
val losses      294:	0.3479	0.3724	0.3304	0.3098	0.5265	0.5464	0.4144	0.3917	 1.067	0.9876	 1.328	 1.323	 | 0.6621 mean
                     	0.9061	0.9794	0.8438	0.7798	 1.275	 1.183	 1.061	 1.054	 2.513	 2.192	  3.65	 3.657	 | 2.146 quantile
                      	 22.73	  24.4	 1.987	   1.8	 23.26	 24.88	 2.659	 2.718	 10.75	 11.27	 10.53	  10.6	 | 24.88 max

train losses    296:	  0.37	0.3771	0.3238	0.3165	0.3827	0.3954	0.3595	0.3631	0.5588	0.5608	0.5257	0.5231	
val losses      296:	0.3456	0.3693	0.3305	0.3101	0.5254	0.5454	0.4153	0.3925	 1.083	0.9994	 1.344	 1.339	 | 0.6667 mean
                     	0.8936	0.9788	0.8463	 0.779	  1.28	 1.191	 1.083	 1.046	 2.587	 2.248	 3.662	 3.663	 | 2.188 quantile
                      	 22.82	 24.48	 1.998	 1.811	 23.44	 25.04	 2.645	 2.711	 10.88	 11.43	 10.14	  10.2	 | 25.04 max

train losses    298:	 0.368	0.3773	0.3235	0.3163	0.3832	0.3978	0.3571	0.3618	0.5543	0.5612	0.5231	 0.522	
val losses      298:	0.3448	0.3684	0.3304	0.3099	0.5196	0.5376	0.4133	0.3912	 1.078	0.9941	 1.327	 1.322	 | 0.6613 mean
                     	 0.889	0.9661	0.8423	0.7817	  1.26	 1.177	 1.072	 1.047	 2.568	 2.266	 3.614	 3.648	 | 2.181 quantile
                      	 22.77	 24.43	 2.004	 1.806	 23.47	 25.07	  2.58	 2.672	 10.74	 11.22	 10.37	 10.43	 | 25.07 max

