train losses      0:	  23.1	 18.02	  14.0	 26.23	 5.533	 1.204	 10.73	 28.09	 6.429	 7.523	 4.638	 17.34	
val losses        0:	0.4854	0.5347	0.3374	0.3264	 1.031	 1.057	 0.473	0.4767	 2.539	  2.59	 1.399	 1.394	 | 1.054 mean
                     	 1.428	 1.586	0.8574	0.8539	 3.106	 3.046	 1.216	 1.266	 6.933	 6.915	 3.434	 3.396	 | 3.762 quantile
                      	 6.012	 6.819	 2.234	 2.892	 7.999	 7.215	 2.346	 2.535	 12.29	 12.15	 6.261	 5.872	 | 12.29 max

train losses      2:	 0.565	0.5831	0.3329	0.3346	0.6952	0.7374	0.4553	0.4651	 1.533	 1.544	 1.478	 1.474	
val losses        2:	0.4886	0.5346	0.3377	 0.328	 1.031	 1.057	0.4732	0.4769	 2.539	  2.59	 1.398	 1.395	 | 1.054 mean
                     	 1.439	 1.586	0.8552	0.8583	 3.112	 3.046	 1.222	 1.273	 6.921	 6.916	 3.433	 3.393	 | 3.761 quantile
                      	 5.991	 6.816	 2.235	 2.878	 7.994	 7.216	 2.363	 2.553	  12.3	 12.15	 6.243	 5.895	 | 12.3 max

train losses      4:	0.5666	0.5832	0.3323	0.3311	0.6948	0.7363	0.4554	0.4625	 1.533	 1.544	 1.477	 1.474	
val losses        4:	0.4878	0.5353	0.3369	0.3217	  1.03	 1.056	 0.473	0.4751	 2.539	 2.589	 1.397	 1.392	 | 1.053 mean
                     	 1.435	 1.589	0.8554	0.8398	 3.113	 3.056	 1.215	 1.263	 6.934	  6.93	  3.44	 3.395	 | 3.77 quantile
                      	 5.995	 6.769	 2.195	  2.92	 8.016	 7.243	 2.355	 2.503	 12.29	 12.13	  6.22	 5.865	 | 12.29 max

train losses      6:	0.5598	 0.589	0.3329	0.3256	0.6939	0.7343	0.4541	0.4626	 1.533	 1.544	 1.477	 1.473	
val losses        6:	 0.481	0.5392	0.3368	0.3196	  1.03	 1.056	0.4731	0.4766	 2.538	 2.589	 1.397	  1.39	 | 1.052 mean
                     	 1.421	 1.585	0.8551	0.8401	 3.097	 3.076	  1.21	  1.26	 6.943	 6.926	 3.434	 3.418	 | 3.766 quantile
                      	 6.051	 6.725	 2.205	   3.0	 8.048	 7.284	  2.32	  2.45	 12.27	 12.13	 6.226	 5.812	 | 12.27 max

train losses      8:	0.5574	0.5846	0.3326	0.3253	0.6941	0.7346	 0.454	0.4613	 1.533	 1.544	 1.477	 1.473	
val losses        8:	0.4806	 0.535	0.3375	0.3191	  1.03	 1.056	0.4732	0.4751	 2.539	  2.59	 1.398	 1.391	 | 1.052 mean
                     	 1.423	 1.584	0.8589	0.8372	  3.11	 3.074	 1.209	 1.266	 6.934	 6.922	 3.431	 3.398	 | 3.766 quantile
                      	 6.057	 6.776	 2.231	 2.957	  8.02	 7.264	 2.319	 2.506	 12.29	 12.15	 6.239	 5.841	 | 12.29 max

train losses     10:	 0.557	0.5835	0.3324	0.3256	0.6941	0.7345	 0.454	0.4618	 1.533	 1.544	 1.477	 1.473	
val losses       10:	0.4799	0.5349	0.3369	0.3191	  1.03	 1.056	0.4736	0.4752	 2.538	 2.589	 1.398	 1.391	 | 1.052 mean
                     	 1.412	 1.581	0.8546	0.8376	 3.105	 3.076	 1.202	 1.268	 6.942	 6.927	 3.432	 3.403	 | 3.767 quantile
                      	 6.068	 6.779	 2.215	 2.958	 8.025	 7.273	 2.307	 2.512	 12.28	 12.13	 6.233	 5.834	 | 12.28 max

train losses     12:	 0.556	0.5842	0.3323	0.3252	0.6939	0.7344	0.4541	0.4614	 1.533	 1.544	 1.477	 1.473	
val losses       12:	0.4795	0.5356	0.3368	0.3189	  1.03	 1.056	0.4734	0.4751	 2.538	 2.589	 1.397	  1.39	 | 1.052 mean
                     	  1.41	 1.584	0.8588	0.8372	 3.108	 3.076	 1.202	 1.264	 6.939	 6.921	 3.435	  3.41	 | 3.77 quantile
                      	  6.08	 6.764	 2.201	 2.977	 8.032	 7.274	 2.312	 2.496	 12.28	 12.12	 6.225	  5.82	 | 12.28 max

train losses     14:	0.5566	0.5846	0.3323	0.3252	 0.694	0.7347	 0.454	0.4613	 1.533	 1.544	 1.477	 1.473	
val losses       14:	0.4802	0.5357	0.3368	0.3189	  1.03	 1.056	0.4729	0.4751	 2.538	  2.59	 1.397	 1.391	 | 1.052 mean
                     	 1.418	 1.582	0.8508	0.8381	 3.108	 3.073	 1.209	 1.263	 6.937	 6.927	 3.432	 3.401	 | 3.768 quantile
                      	 6.062	 6.762	 2.209	 2.968	 8.028	 7.263	 2.329	 2.493	 12.28	 12.13	 6.228	 5.831	 | 12.28 max

train losses     16:	0.5578	0.5847	0.3323	0.3253	0.6939	0.7346	 0.454	0.4612	 1.533	 1.544	 1.477	 1.473	
val losses       16:	 0.481	 0.536	0.3369	0.3189	  1.03	 1.056	 0.473	0.4752	 2.538	  2.59	 1.398	 1.391	 | 1.052 mean
                     	 1.421	 1.582	0.8526	0.8366	 3.107	 3.078	 1.206	 1.264	 6.942	  6.93	 3.433	 3.401	 | 3.767 quantile
                      	 6.051	 6.758	 2.213	 2.967	 8.033	  7.27	 2.324	 2.486	 12.28	 12.13	 6.234	 5.832	 | 12.28 max

train losses     18:	0.5578	0.5851	0.3323	0.3252	0.6939	0.7345	 0.454	0.4613	 1.533	 1.544	 1.477	 1.473	
val losses       18:	0.4808	0.5362	0.3368	0.3188	  1.03	 1.056	0.4732	0.4752	 2.538	 2.589	 1.398	  1.39	 | 1.052 mean
                     	 1.424	 1.585	0.8509	0.8376	  3.11	 3.077	 1.208	 1.267	 6.939	  6.93	 3.431	 3.401	 | 3.769 quantile
                      	 6.054	 6.755	 2.211	 2.972	  8.03	 7.272	 2.318	 2.483	 12.28	 12.13	 6.231	 5.829	 | 12.28 max

train losses     20:	0.5574	0.5849	0.3322	0.3252	 0.694	0.7346	 0.454	0.4612	 1.533	 1.544	 1.477	 1.473	
val losses       20:	0.4804	0.5358	0.3368	0.3188	  1.03	 1.056	0.4731	0.4751	 2.538	  2.59	 1.397	 1.391	 | 1.052 mean
                     	 1.422	  1.58	0.8505	0.8394	 3.106	 3.077	  1.21	  1.26	 6.939	 6.928	 3.433	 3.401	 | 3.768 quantile
                      	 6.058	  6.76	 2.209	 2.969	 8.026	 7.268	  2.32	  2.49	 12.28	 12.13	 6.227	 5.832	 | 12.28 max

train losses     22:	0.5571	0.5846	0.3323	0.3252	 0.694	0.7345	 0.454	0.4613	 1.533	 1.544	 1.477	 1.473	
val losses       22:	0.4802	0.5357	0.3368	0.3188	  1.03	 1.056	0.4732	0.4751	 2.538	 2.589	 1.398	 1.391	 | 1.052 mean
                     	 1.418	 1.581	 0.851	0.8396	 3.109	 3.078	 1.209	 1.263	 6.941	 6.928	  3.43	   3.4	 | 3.769 quantile
                      	 6.062	 6.761	 2.209	  2.97	 8.031	  7.27	 2.319	 2.493	 12.28	 12.13	  6.23	  5.83	 | 12.28 max

train losses     24:	 0.557	0.5846	0.3322	0.3252	0.6939	0.7345	 0.454	0.4613	 1.533	 1.544	 1.477	 1.473	
val losses       24:	0.4802	0.5358	0.3368	0.3188	  1.03	 1.056	0.4731	0.4751	 2.538	 2.589	 1.398	  1.39	 | 1.052 mean
                     	 1.417	 1.581	0.8507	0.8394	 3.109	 3.078	 1.209	 1.262	 6.938	 6.928	 3.431	 3.401	 | 3.769 quantile
                      	 6.063	 6.761	 2.211	 2.971	 8.031	  7.27	 2.321	 2.492	 12.28	 12.13	 6.231	 5.829	 | 12.28 max

train losses     26:	0.5571	0.5846	0.3323	0.3252	 0.694	0.7345	 0.454	0.4612	 1.533	 1.544	 1.477	 1.473	
val losses       26:	0.4803	0.5358	0.3368	0.3188	  1.03	 1.056	0.4731	0.4751	 2.538	  2.59	 1.398	  1.39	 | 1.052 mean
                     	 1.419	 1.581	0.8504	0.8395	 3.109	 3.078	 1.209	 1.261	  6.94	  6.93	  3.43	   3.4	 | 3.77 quantile
                      	 6.061	 6.761	  2.21	  2.97	 8.029	 7.269	 2.321	 2.491	 12.28	 12.13	  6.23	  5.83	 | 12.28 max

train losses     28:	0.5572	0.5847	0.3323	0.3252	 0.694	0.7345	 0.454	0.4612	 1.533	 1.544	 1.477	 1.473	
val losses       28:	0.4804	0.5359	0.3368	0.3188	  1.03	 1.056	0.4732	0.4751	 2.538	 2.589	 1.397	  1.39	 | 1.052 mean
                     	 1.421	 1.581	0.8505	0.8399	  3.11	 3.078	  1.21	 1.261	  6.94	  6.93	  3.43	   3.4	 | 3.77 quantile
                      	 6.059	 6.759	 2.209	  2.97	  8.03	  7.27	  2.32	 2.489	 12.28	 12.13	  6.23	  5.83	 | 12.28 max

train losses     30:	0.5573	0.5848	0.3322	0.3252	 0.694	0.7345	 0.454	0.4612	 1.533	 1.544	 1.477	 1.473	
val losses       30:	0.4804	0.5359	0.3368	0.3188	  1.03	 1.056	0.4731	0.4751	 2.538	 2.589	 1.398	 1.391	 | 1.052 mean
                     	 1.421	 1.581	0.8501	0.8399	  3.11	 3.078	  1.21	 1.261	 6.939	  6.93	  3.43	   3.4	 | 3.77 quantile
                      	 6.059	 6.759	  2.21	  2.97	  8.03	 7.269	  2.32	 2.489	 12.28	 12.13	  6.23	  5.83	 | 12.28 max

train losses     32:	0.5572	0.5847	0.3322	0.3252	 0.694	0.7345	 0.454	0.4612	 1.533	 1.544	 1.477	 1.473	
val losses       32:	0.4803	0.5358	0.3368	0.3188	  1.03	 1.056	0.4731	0.4751	 2.538	 2.589	 1.398	 1.391	 | 1.052 mean
                     	  1.42	  1.58	0.8501	0.8398	  3.11	 3.078	 1.209	  1.26	  6.94	  6.93	  3.43	   3.4	 | 3.77 quantile
                      	  6.06	  6.76	  2.21	  2.97	  8.03	  7.27	 2.321	  2.49	 12.28	 12.13	  6.23	  5.83	 | 12.28 max

train losses     34:	0.5571	0.5847	0.3322	0.3252	 0.694	0.7345	 0.454	0.4612	 1.533	 1.544	 1.477	 1.473	
val losses       34:	0.4803	0.5358	0.3368	0.3188	  1.03	 1.056	0.4731	0.4751	 2.538	 2.589	 1.398	  1.39	 | 1.052 mean
                     	 1.419	  1.58	  0.85	0.8399	  3.11	 3.078	  1.21	 1.261	  6.94	 6.929	  3.43	   3.4	 | 3.77 quantile
                      	 6.061	  6.76	  2.21	  2.97	  8.03	  7.27	  2.32	 2.491	 12.28	 12.13	  6.23	  5.83	 | 12.28 max

train losses     36:	0.5571	0.5847	0.3322	0.3252	 0.694	0.7345	 0.454	0.4612	 1.533	 1.544	 1.477	 1.473	
val losses       36:	0.4803	0.5358	0.3368	0.3188	  1.03	 1.056	0.4731	0.4751	 2.538	 2.589	 1.398	  1.39	 | 1.052 mean
                     	  1.42	  1.58	0.8501	0.8398	  3.11	 3.078	  1.21	  1.26	  6.94	  6.93	  3.43	   3.4	 | 3.77 quantile
                      	  6.06	  6.76	  2.21	  2.97	  8.03	  7.27	  2.32	  2.49	 12.28	 12.13	  6.23	  5.83	 | 12.28 max

train losses     38:	0.5572	0.5847	0.3322	0.3252	 0.694	0.7345	 0.454	0.4612	 1.533	 1.544	 1.477	 1.473	
val losses       38:	0.4803	0.5358	0.3368	0.3188	  1.03	 1.056	0.4731	0.4751	 2.538	 2.589	 1.398	  1.39	 | 1.052 mean
                     	  1.42	  1.58	  0.85	  0.84	  3.11	 3.078	  1.21	  1.26	  6.94	  6.93	  3.43	   3.4	 | 3.77 quantile
                      	  6.06	  6.76	  2.21	  2.97	  8.03	  7.27	  2.32	  2.49	 12.28	 12.13	  6.23	  5.83	 | 12.28 max

train losses     40:	0.5572	0.5847	0.3322	0.3252	 0.694	0.7345	 0.454	0.4612	 1.533	 1.544	 1.477	 1.473	
val losses       40:	0.4803	0.5358	0.3368	0.3188	  1.03	 1.056	0.4731	0.4751	 2.538	 2.589	 1.398	 1.391	 | 1.052 mean
                     	  1.42	  1.58	0.8501	  0.84	  3.11	 3.078	  1.21	  1.26	  6.94	  6.93	  3.43	   3.4	 | 3.77 quantile
                      	  6.06	  6.76	  2.21	  2.97	  8.03	  7.27	  2.32	  2.49	 12.28	 12.13	  6.23	  5.83	 | 12.28 max

train losses     42:	0.5572	0.5847	0.3322	0.3252	 0.694	0.7345	 0.454	0.4612	 1.533	 1.544	 1.477	 1.473	
val losses       42:	0.4803	0.5358	0.3368	0.3188	  1.03	 1.056	0.4731	0.4751	 2.538	 2.589	 1.398	 1.391	 | 1.052 mean
                     	  1.42	  1.58	0.8501	  0.84	  3.11	 3.078	  1.21	  1.26	  6.94	  6.93	  3.43	   3.4	 | 3.77 quantile
                      	  6.06	  6.76	  2.21	  2.97	  8.03	  7.27	  2.32	  2.49	 12.28	 12.13	  6.23	  5.83	 | 12.28 max

train losses     44:	0.5572	0.5847	0.3322	0.3252	 0.694	0.7345	 0.454	0.4612	 1.533	 1.544	 1.477	 1.473	
val losses       44:	0.4803	0.5358	0.3368	0.3188	  1.03	 1.056	0.4731	0.4751	 2.538	 2.589	 1.398	  1.39	 | 1.052 mean
                     	  1.42	  1.58	  0.85	  0.84	  3.11	 3.078	  1.21	  1.26	  6.94	  6.93	  3.43	   3.4	 | 3.77 quantile
                      	  6.06	  6.76	  2.21	  2.97	  8.03	  7.27	  2.32	  2.49	 12.28	 12.13	  6.23	  5.83	 | 12.28 max

train losses     46:	0.5572	0.5847	0.3322	0.3252	 0.694	0.7345	 0.454	0.4612	 1.533	 1.544	 1.477	 1.473	
val losses       46:	0.4803	0.5358	0.3368	0.3188	  1.03	 1.056	0.4731	0.4751	 2.538	 2.589	 1.398	  1.39	 | 1.052 mean
                     	  1.42	  1.58	  0.85	  0.84	  3.11	 3.078	  1.21	  1.26	  6.94	  6.93	  3.43	   3.4	 | 3.77 quantile
                      	  6.06	  6.76	  2.21	  2.97	  8.03	  7.27	  2.32	  2.49	 12.28	 12.13	  6.23	  5.83	 | 12.28 max

train losses     48:	0.5572	0.5847	0.3322	0.3252	 0.694	0.7345	 0.454	0.4612	 1.533	 1.544	 1.477	 1.473	
val losses       48:	0.4803	0.5358	0.3368	0.3188	  1.03	 1.056	0.4731	0.4751	 2.538	 2.589	 1.398	  1.39	 | 1.052 mean
                     	  1.42	  1.58	  0.85	  0.84	  3.11	 3.078	  1.21	  1.26	  6.94	  6.93	  3.43	   3.4	 | 3.77 quantile
                      	  6.06	  6.76	  2.21	  2.97	  8.03	  7.27	  2.32	  2.49	 12.28	 12.13	  6.23	  5.83	 | 12.28 max

train losses     50:	0.5572	0.5847	0.3322	0.3252	 0.694	0.7345	 0.454	0.4612	 1.533	 1.544	 1.477	 1.473	
val losses       50:	0.4803	0.5358	0.3368	0.3188	  1.03	 1.056	0.4731	0.4751	 2.538	 2.589	 1.398	  1.39	 | 1.052 mean
                     	  1.42	  1.58	  0.85	  0.84	  3.11	 3.078	  1.21	  1.26	  6.94	  6.93	  3.43	   3.4	 | 3.77 quantile
                      	  6.06	  6.76	  2.21	  2.97	  8.03	  7.27	  2.32	  2.49	 12.28	 12.13	  6.23	  5.83	 | 12.28 max

train losses     52:	0.5572	0.5847	0.3322	0.3252	 0.694	0.7345	 0.454	0.4612	 1.533	 1.544	 1.477	 1.473	
val losses       52:	0.4803	0.5358	0.3368	0.3188	  1.03	 1.056	0.4731	0.4751	 2.538	 2.589	 1.398	 1.391	 | 1.052 mean
                     	  1.42	  1.58	  0.85	  0.84	  3.11	 3.078	  1.21	  1.26	  6.94	  6.93	  3.43	   3.4	 | 3.77 quantile
                      	  6.06	  6.76	  2.21	  2.97	  8.03	  7.27	  2.32	  2.49	 12.28	 12.13	  6.23	  5.83	 | 12.28 max

train losses     54:	0.5572	0.5847	0.3322	0.3252	 0.694	0.7345	 0.454	0.4612	 1.533	 1.544	 1.477	 1.473	
val losses       54:	0.4803	0.5358	0.3368	0.3188	  1.03	 1.056	0.4731	0.4751	 2.538	 2.589	 1.398	  1.39	 | 1.052 mean
                     	  1.42	  1.58	  0.85	  0.84	  3.11	 3.078	  1.21	  1.26	  6.94	  6.93	  3.43	   3.4	 | 3.77 quantile
                      	  6.06	  6.76	  2.21	  2.97	  8.03	  7.27	  2.32	  2.49	 12.28	 12.13	  6.23	  5.83	 | 12.28 max

train losses     56:	0.5572	0.5847	0.3322	0.3252	 0.694	0.7345	 0.454	0.4612	 1.533	 1.544	 1.477	 1.473	
val losses       56:	0.4803	0.5358	0.3368	0.3188	  1.03	 1.056	0.4731	0.4751	 2.538	 2.589	 1.398	  1.39	 | 1.052 mean
                     	  1.42	  1.58	  0.85	  0.84	  3.11	 3.078	  1.21	  1.26	  6.94	  6.93	  3.43	   3.4	 | 3.77 quantile
                      	  6.06	  6.76	  2.21	  2.97	  8.03	  7.27	  2.32	  2.49	 12.28	 12.13	  6.23	  5.83	 | 12.28 max

train losses     58:	0.5572	0.5847	0.3322	0.3252	 0.694	0.7345	 0.454	0.4612	 1.533	 1.544	 1.477	 1.473	
val losses       58:	0.4803	0.5358	0.3368	0.3188	  1.03	 1.056	0.4731	0.4751	 2.538	 2.589	 1.398	  1.39	 | 1.052 mean
                     	  1.42	  1.58	  0.85	  0.84	  3.11	 3.078	  1.21	  1.26	  6.94	  6.93	  3.43	   3.4	 | 3.77 quantile
                      	  6.06	  6.76	  2.21	  2.97	  8.03	  7.27	  2.32	  2.49	 12.28	 12.13	  6.23	  5.83	 | 12.28 max

train losses     60:	0.5572	0.5847	0.3322	0.3252	 0.694	0.7345	 0.454	0.4612	 1.533	 1.544	 1.477	 1.473	
val losses       60:	0.4803	0.5358	0.3368	0.3188	  1.03	 1.056	0.4731	0.4751	 2.538	 2.589	 1.398	  1.39	 | 1.052 mean
                     	  1.42	  1.58	  0.85	  0.84	  3.11	 3.078	  1.21	  1.26	  6.94	  6.93	  3.43	   3.4	 | 3.77 quantile
                      	  6.06	  6.76	  2.21	  2.97	  8.03	  7.27	  2.32	  2.49	 12.28	 12.13	  6.23	  5.83	 | 12.28 max

train losses     62:	0.5572	0.5847	0.3322	0.3252	 0.694	0.7345	 0.454	0.4612	 1.533	 1.544	 1.477	 1.473	
val losses       62:	0.4803	0.5358	0.3368	0.3188	  1.03	 1.056	0.4731	0.4751	 2.538	 2.589	 1.398	  1.39	 | 1.052 mean
                     	  1.42	  1.58	  0.85	  0.84	  3.11	 3.078	  1.21	  1.26	  6.94	  6.93	  3.43	   3.4	 | 3.77 quantile
                      	  6.06	  6.76	  2.21	  2.97	  8.03	  7.27	  2.32	  2.49	 12.28	 12.13	  6.23	  5.83	 | 12.28 max

train losses     64:	0.5572	0.5847	0.3322	0.3252	 0.694	0.7345	 0.454	0.4612	 1.533	 1.544	 1.477	 1.473	
val losses       64:	0.4803	0.5358	0.3368	0.3188	  1.03	 1.056	0.4731	0.4751	 2.538	 2.589	 1.398	  1.39	 | 1.052 mean
                     	  1.42	  1.58	  0.85	  0.84	  3.11	 3.078	  1.21	  1.26	  6.94	  6.93	  3.43	   3.4	 | 3.77 quantile
                      	  6.06	  6.76	  2.21	  2.97	  8.03	  7.27	  2.32	  2.49	 12.28	 12.13	  6.23	  5.83	 | 12.28 max

train losses     66:	0.5572	0.5847	0.3322	0.3252	 0.694	0.7345	 0.454	0.4612	 1.533	 1.544	 1.477	 1.473	
val losses       66:	0.4803	0.5358	0.3368	0.3188	  1.03	 1.056	0.4731	0.4751	 2.538	 2.589	 1.398	  1.39	 | 1.052 mean
                     	  1.42	  1.58	  0.85	  0.84	  3.11	 3.078	  1.21	  1.26	  6.94	  6.93	  3.43	   3.4	 | 3.77 quantile
                      	  6.06	  6.76	  2.21	  2.97	  8.03	  7.27	  2.32	  2.49	 12.28	 12.13	  6.23	  5.83	 | 12.28 max

train losses     68:	0.5572	0.5847	0.3322	0.3252	 0.694	0.7345	 0.454	0.4612	 1.533	 1.544	 1.477	 1.473	
val losses       68:	0.4803	0.5358	0.3368	0.3188	  1.03	 1.056	0.4731	0.4751	 2.538	 2.589	 1.398	  1.39	 | 1.052 mean
                     	  1.42	  1.58	  0.85	  0.84	  3.11	 3.078	  1.21	  1.26	  6.94	  6.93	  3.43	   3.4	 | 3.77 quantile
                      	  6.06	  6.76	  2.21	  2.97	  8.03	  7.27	  2.32	  2.49	 12.28	 12.13	  6.23	  5.83	 | 12.28 max

train losses     70:	0.5572	0.5847	0.3322	0.3252	 0.694	0.7345	 0.454	0.4612	 1.533	 1.544	 1.477	 1.473	
val losses       70:	0.4803	0.5358	0.3368	0.3188	  1.03	 1.056	0.4731	0.4751	 2.538	 2.589	 1.398	  1.39	 | 1.052 mean
                     	  1.42	  1.58	  0.85	  0.84	  3.11	 3.078	  1.21	  1.26	  6.94	  6.93	  3.43	   3.4	 | 3.77 quantile
                      	  6.06	  6.76	  2.21	  2.97	  8.03	  7.27	  2.32	  2.49	 12.28	 12.13	  6.23	  5.83	 | 12.28 max

train losses     72:	0.5572	0.5847	0.3322	0.3252	 0.694	0.7345	 0.454	0.4612	 1.533	 1.544	 1.477	 1.473	
val losses       72:	0.4803	0.5358	0.3368	0.3188	  1.03	 1.056	0.4731	0.4751	 2.538	 2.589	 1.398	  1.39	 | 1.052 mean
                     	  1.42	  1.58	  0.85	  0.84	  3.11	 3.078	  1.21	  1.26	  6.94	  6.93	  3.43	   3.4	 | 3.77 quantile
                      	  6.06	  6.76	  2.21	  2.97	  8.03	  7.27	  2.32	  2.49	 12.28	 12.13	  6.23	  5.83	 | 12.28 max

train losses     74:	0.5572	0.5847	0.3322	0.3252	 0.694	0.7345	 0.454	0.4612	 1.533	 1.544	 1.477	 1.473	
val losses       74:	0.4803	0.5358	0.3368	0.3188	  1.03	 1.056	0.4731	0.4751	 2.538	 2.589	 1.398	  1.39	 | 1.052 mean
                     	  1.42	  1.58	  0.85	  0.84	  3.11	 3.078	  1.21	  1.26	  6.94	  6.93	  3.43	   3.4	 | 3.77 quantile
                      	  6.06	  6.76	  2.21	  2.97	  8.03	  7.27	  2.32	  2.49	 12.28	 12.13	  6.23	  5.83	 | 12.28 max

train losses     76:	0.5572	0.5847	0.3322	0.3252	 0.694	0.7345	 0.454	0.4612	 1.533	 1.544	 1.477	 1.473	
val losses       76:	0.4803	0.5358	0.3368	0.3188	  1.03	 1.056	0.4731	0.4751	 2.538	 2.589	 1.398	  1.39	 | 1.052 mean
                     	  1.42	  1.58	  0.85	  0.84	  3.11	 3.078	  1.21	  1.26	  6.94	  6.93	  3.43	   3.4	 | 3.77 quantile
                      	  6.06	  6.76	  2.21	  2.97	  8.03	  7.27	  2.32	  2.49	 12.28	 12.13	  6.23	  5.83	 | 12.28 max

train losses     78:	0.5572	0.5847	0.3322	0.3252	 0.694	0.7345	 0.454	0.4612	 1.533	 1.544	 1.477	 1.473	
val losses       78:	0.4803	0.5358	0.3368	0.3188	  1.03	 1.056	0.4731	0.4751	 2.538	 2.589	 1.398	  1.39	 | 1.052 mean
                     	  1.42	  1.58	  0.85	  0.84	  3.11	 3.078	  1.21	  1.26	  6.94	  6.93	  3.43	   3.4	 | 3.77 quantile
                      	  6.06	  6.76	  2.21	  2.97	  8.03	  7.27	  2.32	  2.49	 12.28	 12.13	  6.23	  5.83	 | 12.28 max

train losses     80:	0.5572	0.5847	0.3322	0.3252	 0.694	0.7345	 0.454	0.4612	 1.533	 1.544	 1.477	 1.473	
val losses       80:	0.4803	0.5358	0.3368	0.3188	  1.03	 1.056	0.4731	0.4751	 2.538	 2.589	 1.398	  1.39	 | 1.052 mean
                     	  1.42	  1.58	  0.85	  0.84	  3.11	 3.078	  1.21	  1.26	  6.94	  6.93	  3.43	   3.4	 | 3.77 quantile
                      	  6.06	  6.76	  2.21	  2.97	  8.03	  7.27	  2.32	  2.49	 12.28	 12.13	  6.23	  5.83	 | 12.28 max

train losses     82:	0.5572	0.5847	0.3322	0.3252	 0.694	0.7345	 0.454	0.4612	 1.533	 1.544	 1.477	 1.473	
val losses       82:	0.4803	0.5358	0.3368	0.3188	  1.03	 1.056	0.4731	0.4751	 2.538	 2.589	 1.398	  1.39	 | 1.052 mean
                     	  1.42	  1.58	  0.85	  0.84	  3.11	 3.078	  1.21	  1.26	  6.94	  6.93	  3.43	   3.4	 | 3.77 quantile
                      	  6.06	  6.76	  2.21	  2.97	  8.03	  7.27	  2.32	  2.49	 12.28	 12.13	  6.23	  5.83	 | 12.28 max

train losses     84:	0.5572	0.5847	0.3322	0.3252	 0.694	0.7345	 0.454	0.4612	 1.533	 1.544	 1.477	 1.473	
val losses       84:	0.4803	0.5358	0.3368	0.3188	  1.03	 1.056	0.4731	0.4751	 2.538	 2.589	 1.398	  1.39	 | 1.052 mean
                     	  1.42	  1.58	  0.85	  0.84	  3.11	 3.078	  1.21	  1.26	  6.94	  6.93	  3.43	   3.4	 | 3.77 quantile
                      	  6.06	  6.76	  2.21	  2.97	  8.03	  7.27	  2.32	  2.49	 12.28	 12.13	  6.23	  5.83	 | 12.28 max

train losses     86:	0.5572	0.5847	0.3322	0.3252	 0.694	0.7345	 0.454	0.4612	 1.533	 1.544	 1.477	 1.473	
val losses       86:	0.4803	0.5358	0.3368	0.3188	  1.03	 1.056	0.4731	0.4751	 2.538	 2.589	 1.398	  1.39	 | 1.052 mean
                     	  1.42	  1.58	  0.85	  0.84	  3.11	 3.078	  1.21	  1.26	  6.94	  6.93	  3.43	   3.4	 | 3.77 quantile
                      	  6.06	  6.76	  2.21	  2.97	  8.03	  7.27	  2.32	  2.49	 12.28	 12.13	  6.23	  5.83	 | 12.28 max

train losses     88:	0.5572	0.5847	0.3322	0.3252	 0.694	0.7345	 0.454	0.4612	 1.533	 1.544	 1.477	 1.473	
val losses       88:	0.4803	0.5358	0.3368	0.3188	  1.03	 1.056	0.4731	0.4751	 2.538	 2.589	 1.398	  1.39	 | 1.052 mean
                     	  1.42	  1.58	  0.85	  0.84	  3.11	 3.078	  1.21	  1.26	  6.94	  6.93	  3.43	   3.4	 | 3.77 quantile
                      	  6.06	  6.76	  2.21	  2.97	  8.03	  7.27	  2.32	  2.49	 12.28	 12.13	  6.23	  5.83	 | 12.28 max

train losses     90:	0.5572	0.5847	0.3322	0.3252	 0.694	0.7345	 0.454	0.4612	 1.533	 1.544	 1.477	 1.473	
val losses       90:	0.4803	0.5358	0.3368	0.3188	  1.03	 1.056	0.4731	0.4751	 2.538	 2.589	 1.398	  1.39	 | 1.052 mean
                     	  1.42	  1.58	  0.85	  0.84	  3.11	 3.078	  1.21	  1.26	  6.94	  6.93	  3.43	   3.4	 | 3.77 quantile
                      	  6.06	  6.76	  2.21	  2.97	  8.03	  7.27	  2.32	  2.49	 12.28	 12.13	  6.23	  5.83	 | 12.28 max

train losses     92:	0.5572	0.5847	0.3322	0.3252	 0.694	0.7345	 0.454	0.4612	 1.533	 1.544	 1.477	 1.473	
val losses       92:	0.4803	0.5358	0.3368	0.3188	  1.03	 1.056	0.4731	0.4751	 2.538	 2.589	 1.398	  1.39	 | 1.052 mean
                     	  1.42	  1.58	  0.85	  0.84	  3.11	 3.078	  1.21	  1.26	  6.94	  6.93	  3.43	   3.4	 | 3.77 quantile
                      	  6.06	  6.76	  2.21	  2.97	  8.03	  7.27	  2.32	  2.49	 12.28	 12.13	  6.23	  5.83	 | 12.28 max

train losses     94:	0.5572	0.5847	0.3322	0.3252	 0.694	0.7345	 0.454	0.4612	 1.533	 1.544	 1.477	 1.473	
val losses       94:	0.4803	0.5358	0.3368	0.3188	  1.03	 1.056	0.4731	0.4751	 2.538	 2.589	 1.398	  1.39	 | 1.052 mean
                     	  1.42	  1.58	  0.85	  0.84	  3.11	 3.078	  1.21	  1.26	  6.94	  6.93	  3.43	   3.4	 | 3.77 quantile
                      	  6.06	  6.76	  2.21	  2.97	  8.03	  7.27	  2.32	  2.49	 12.28	 12.13	  6.23	  5.83	 | 12.28 max

train losses     96:	0.5572	0.5847	0.3322	0.3252	 0.694	0.7345	 0.454	0.4612	 1.533	 1.544	 1.477	 1.473	
val losses       96:	0.4803	0.5358	0.3368	0.3188	  1.03	 1.056	0.4731	0.4751	 2.538	 2.589	 1.398	  1.39	 | 1.052 mean
                     	  1.42	  1.58	  0.85	  0.84	  3.11	 3.078	  1.21	  1.26	  6.94	  6.93	  3.43	   3.4	 | 3.77 quantile
                      	  6.06	  6.76	  2.21	  2.97	  8.03	  7.27	  2.32	  2.49	 12.28	 12.13	  6.23	  5.83	 | 12.28 max

train losses     98:	0.5572	0.5847	0.3322	0.3252	 0.694	0.7345	 0.454	0.4612	 1.533	 1.544	 1.477	 1.473	
val losses       98:	0.4803	0.5358	0.3368	0.3188	  1.03	 1.056	0.4731	0.4751	 2.538	 2.589	 1.398	  1.39	 | 1.052 mean
                     	  1.42	  1.58	  0.85	  0.84	  3.11	 3.078	  1.21	  1.26	  6.94	  6.93	  3.43	   3.4	 | 3.77 quantile
                      	  6.06	  6.76	  2.21	  2.97	  8.03	  7.27	  2.32	  2.49	 12.28	 12.13	  6.23	  5.83	 | 12.28 max

train losses    100:	0.5572	0.5847	0.3322	0.3252	 0.694	0.7345	 0.454	0.4612	 1.533	 1.544	 1.477	 1.473	
val losses      100:	0.4803	0.5358	0.3368	0.3188	  1.03	 1.056	0.4731	0.4751	 2.538	 2.589	 1.398	  1.39	 | 1.052 mean
                     	  1.42	  1.58	  0.85	  0.84	  3.11	 3.078	  1.21	  1.26	  6.94	  6.93	  3.43	   3.4	 | 3.77 quantile
                      	  6.06	  6.76	  2.21	  2.97	  8.03	  7.27	  2.32	  2.49	 12.28	 12.13	  6.23	  5.83	 | 12.28 max

train losses    102:	0.5572	0.5847	0.3322	0.3252	 0.694	0.7345	 0.454	0.4612	 1.533	 1.544	 1.477	 1.473	
val losses      102:	0.4803	0.5358	0.3368	0.3188	  1.03	 1.056	0.4731	0.4751	 2.538	 2.589	 1.398	  1.39	 | 1.052 mean
                     	  1.42	  1.58	  0.85	  0.84	  3.11	 3.078	  1.21	  1.26	  6.94	  6.93	  3.43	   3.4	 | 3.77 quantile
                      	  6.06	  6.76	  2.21	  2.97	  8.03	  7.27	  2.32	  2.49	 12.28	 12.13	  6.23	  5.83	 | 12.28 max

train losses    104:	0.5572	0.5847	0.3322	0.3252	 0.694	0.7345	 0.454	0.4612	 1.533	 1.544	 1.477	 1.473	
val losses      104:	0.4803	0.5358	0.3368	0.3188	  1.03	 1.056	0.4731	0.4751	 2.538	 2.589	 1.398	  1.39	 | 1.052 mean
                     	  1.42	  1.58	  0.85	  0.84	  3.11	 3.078	  1.21	  1.26	  6.94	  6.93	  3.43	   3.4	 | 3.77 quantile
                      	  6.06	  6.76	  2.21	  2.97	  8.03	  7.27	  2.32	  2.49	 12.28	 12.13	  6.23	  5.83	 | 12.28 max

train losses    106:	0.5572	0.5847	0.3322	0.3252	 0.694	0.7345	 0.454	0.4612	 1.533	 1.544	 1.477	 1.473	
val losses      106:	0.4803	0.5358	0.3368	0.3188	  1.03	 1.056	0.4731	0.4751	 2.538	 2.589	 1.398	  1.39	 | 1.052 mean
                     	  1.42	  1.58	  0.85	  0.84	  3.11	 3.078	  1.21	  1.26	  6.94	  6.93	  3.43	   3.4	 | 3.77 quantile
                      	  6.06	  6.76	  2.21	  2.97	  8.03	  7.27	  2.32	  2.49	 12.28	 12.13	  6.23	  5.83	 | 12.28 max

train losses    108:	0.5572	0.5847	0.3322	0.3252	 0.694	0.7345	 0.454	0.4612	 1.533	 1.544	 1.477	 1.473	
val losses      108:	0.4803	0.5358	0.3368	0.3188	  1.03	 1.056	0.4731	0.4751	 2.538	 2.589	 1.398	  1.39	 | 1.052 mean
                     	  1.42	  1.58	  0.85	  0.84	  3.11	 3.078	  1.21	  1.26	  6.94	  6.93	  3.43	   3.4	 | 3.77 quantile
                      	  6.06	  6.76	  2.21	  2.97	  8.03	  7.27	  2.32	  2.49	 12.28	 12.13	  6.23	  5.83	 | 12.28 max

train losses    110:	0.5572	0.5847	0.3322	0.3252	 0.694	0.7345	 0.454	0.4612	 1.533	 1.544	 1.477	 1.473	
val losses      110:	0.4803	0.5358	0.3368	0.3188	  1.03	 1.056	0.4731	0.4751	 2.538	 2.589	 1.398	  1.39	 | 1.052 mean
                     	  1.42	  1.58	  0.85	  0.84	  3.11	 3.078	  1.21	  1.26	  6.94	  6.93	  3.43	   3.4	 | 3.77 quantile
                      	  6.06	  6.76	  2.21	  2.97	  8.03	  7.27	  2.32	  2.49	 12.28	 12.13	  6.23	  5.83	 | 12.28 max

train losses    112:	0.5572	0.5847	0.3322	0.3252	 0.694	0.7345	 0.454	0.4612	 1.533	 1.544	 1.477	 1.473	
val losses      112:	0.4803	0.5358	0.3368	0.3188	  1.03	 1.056	0.4731	0.4751	 2.538	 2.589	 1.398	  1.39	 | 1.052 mean
                     	  1.42	  1.58	  0.85	  0.84	  3.11	 3.078	  1.21	  1.26	  6.94	  6.93	  3.43	   3.4	 | 3.77 quantile
                      	  6.06	  6.76	  2.21	  2.97	  8.03	  7.27	  2.32	  2.49	 12.28	 12.13	  6.23	  5.83	 | 12.28 max

train losses    114:	0.5572	0.5847	0.3322	0.3252	 0.694	0.7345	 0.454	0.4612	 1.533	 1.544	 1.477	 1.473	
val losses      114:	0.4803	0.5358	0.3368	0.3188	  1.03	 1.056	0.4731	0.4751	 2.538	 2.589	 1.398	  1.39	 | 1.052 mean
                     	  1.42	  1.58	  0.85	  0.84	  3.11	 3.078	  1.21	  1.26	  6.94	  6.93	  3.43	   3.4	 | 3.77 quantile
                      	  6.06	  6.76	  2.21	  2.97	  8.03	  7.27	  2.32	  2.49	 12.28	 12.13	  6.23	  5.83	 | 12.28 max

train losses    116:	0.5572	0.5847	0.3322	0.3252	 0.694	0.7345	 0.454	0.4612	 1.533	 1.544	 1.477	 1.473	
val losses      116:	0.4803	0.5358	0.3368	0.3188	  1.03	 1.056	0.4731	0.4751	 2.538	 2.589	 1.398	  1.39	 | 1.052 mean
                     	  1.42	  1.58	  0.85	  0.84	  3.11	 3.078	  1.21	  1.26	  6.94	  6.93	  3.43	   3.4	 | 3.77 quantile
                      	  6.06	  6.76	  2.21	  2.97	  8.03	  7.27	  2.32	  2.49	 12.28	 12.13	  6.23	  5.83	 | 12.28 max

train losses    118:	0.5572	0.5847	0.3322	0.3252	 0.694	0.7345	 0.454	0.4612	 1.533	 1.544	 1.477	 1.473	
val losses      118:	0.4803	0.5358	0.3368	0.3188	  1.03	 1.056	0.4731	0.4751	 2.538	 2.589	 1.398	  1.39	 | 1.052 mean
                     	  1.42	  1.58	  0.85	  0.84	  3.11	 3.078	  1.21	  1.26	  6.94	  6.93	  3.43	   3.4	 | 3.77 quantile
                      	  6.06	  6.76	  2.21	  2.97	  8.03	  7.27	  2.32	  2.49	 12.28	 12.13	  6.23	  5.83	 | 12.28 max

train losses    120:	0.5572	0.5847	0.3322	0.3252	 0.694	0.7345	 0.454	0.4612	 1.533	 1.544	 1.477	 1.473	
val losses      120:	0.4803	0.5358	0.3368	0.3188	  1.03	 1.056	0.4731	0.4751	 2.538	 2.589	 1.398	  1.39	 | 1.052 mean
                     	  1.42	  1.58	  0.85	  0.84	  3.11	 3.078	  1.21	  1.26	  6.94	  6.93	  3.43	   3.4	 | 3.77 quantile
                      	  6.06	  6.76	  2.21	  2.97	  8.03	  7.27	  2.32	  2.49	 12.28	 12.13	  6.23	  5.83	 | 12.28 max

train losses    122:	0.5572	0.5847	0.3322	0.3252	 0.694	0.7345	 0.454	0.4612	 1.533	 1.544	 1.477	 1.473	
val losses      122:	0.4803	0.5358	0.3368	0.3188	  1.03	 1.056	0.4731	0.4751	 2.538	 2.589	 1.398	  1.39	 | 1.052 mean
                     	  1.42	  1.58	  0.85	  0.84	  3.11	 3.078	  1.21	  1.26	  6.94	  6.93	  3.43	   3.4	 | 3.77 quantile
                      	  6.06	  6.76	  2.21	  2.97	  8.03	  7.27	  2.32	  2.49	 12.28	 12.13	  6.23	  5.83	 | 12.28 max

train losses    124:	0.5572	0.5847	0.3322	0.3252	 0.694	0.7345	 0.454	0.4612	 1.533	 1.544	 1.477	 1.473	
val losses      124:	0.4803	0.5358	0.3368	0.3188	  1.03	 1.056	0.4731	0.4751	 2.538	 2.589	 1.398	  1.39	 | 1.052 mean
                     	  1.42	  1.58	  0.85	  0.84	  3.11	 3.078	  1.21	  1.26	  6.94	  6.93	  3.43	   3.4	 | 3.77 quantile
                      	  6.06	  6.76	  2.21	  2.97	  8.03	  7.27	  2.32	  2.49	 12.28	 12.13	  6.23	  5.83	 | 12.28 max

train losses    126:	0.5572	0.5847	0.3322	0.3252	 0.694	0.7345	 0.454	0.4612	 1.533	 1.544	 1.477	 1.473	
val losses      126:	0.4803	0.5358	0.3368	0.3188	  1.03	 1.056	0.4731	0.4751	 2.538	 2.589	 1.398	  1.39	 | 1.052 mean
                     	  1.42	  1.58	  0.85	  0.84	  3.11	 3.078	  1.21	  1.26	  6.94	  6.93	  3.43	   3.4	 | 3.77 quantile
                      	  6.06	  6.76	  2.21	  2.97	  8.03	  7.27	  2.32	  2.49	 12.28	 12.13	  6.23	  5.83	 | 12.28 max

train losses    128:	0.5572	0.5847	0.3322	0.3252	 0.694	0.7345	 0.454	0.4612	 1.533	 1.544	 1.477	 1.473	
val losses      128:	0.4803	0.5358	0.3368	0.3188	  1.03	 1.056	0.4731	0.4751	 2.538	 2.589	 1.398	  1.39	 | 1.052 mean
                     	  1.42	  1.58	  0.85	  0.84	  3.11	 3.078	  1.21	  1.26	  6.94	  6.93	  3.43	   3.4	 | 3.77 quantile
                      	  6.06	  6.76	  2.21	  2.97	  8.03	  7.27	  2.32	  2.49	 12.28	 12.13	  6.23	  5.83	 | 12.28 max

train losses    130:	0.5572	0.5847	0.3322	0.3252	 0.694	0.7345	 0.454	0.4612	 1.533	 1.544	 1.477	 1.473	
val losses      130:	0.4803	0.5358	0.3368	0.3188	  1.03	 1.056	0.4731	0.4751	 2.538	 2.589	 1.398	  1.39	 | 1.052 mean
                     	  1.42	  1.58	  0.85	  0.84	  3.11	 3.078	  1.21	  1.26	  6.94	  6.93	  3.43	   3.4	 | 3.77 quantile
                      	  6.06	  6.76	  2.21	  2.97	  8.03	  7.27	  2.32	  2.49	 12.28	 12.13	  6.23	  5.83	 | 12.28 max

train losses    132:	0.5572	0.5847	0.3322	0.3252	 0.694	0.7345	 0.454	0.4612	 1.533	 1.544	 1.477	 1.473	
val losses      132:	0.4803	0.5358	0.3368	0.3188	  1.03	 1.056	0.4731	0.4751	 2.538	 2.589	 1.398	  1.39	 | 1.052 mean
                     	  1.42	  1.58	  0.85	  0.84	  3.11	 3.078	  1.21	  1.26	  6.94	  6.93	  3.43	   3.4	 | 3.77 quantile
                      	  6.06	  6.76	  2.21	  2.97	  8.03	  7.27	  2.32	  2.49	 12.28	 12.13	  6.23	  5.83	 | 12.28 max

train losses    134:	0.5572	0.5847	0.3322	0.3252	 0.694	0.7345	 0.454	0.4612	 1.533	 1.544	 1.477	 1.473	
val losses      134:	0.4803	0.5358	0.3368	0.3188	  1.03	 1.056	0.4731	0.4751	 2.538	 2.589	 1.398	  1.39	 | 1.052 mean
                     	  1.42	  1.58	  0.85	  0.84	  3.11	 3.078	  1.21	  1.26	  6.94	  6.93	  3.43	   3.4	 | 3.77 quantile
                      	  6.06	  6.76	  2.21	  2.97	  8.03	  7.27	  2.32	  2.49	 12.28	 12.13	  6.23	  5.83	 | 12.28 max

train losses    136:	0.5572	0.5847	0.3322	0.3252	 0.694	0.7345	 0.454	0.4612	 1.533	 1.544	 1.477	 1.473	
val losses      136:	0.4803	0.5358	0.3368	0.3188	  1.03	 1.056	0.4731	0.4751	 2.538	 2.589	 1.398	  1.39	 | 1.052 mean
                     	  1.42	  1.58	  0.85	  0.84	  3.11	 3.078	  1.21	  1.26	  6.94	  6.93	  3.43	   3.4	 | 3.77 quantile
                      	  6.06	  6.76	  2.21	  2.97	  8.03	  7.27	  2.32	  2.49	 12.28	 12.13	  6.23	  5.83	 | 12.28 max

train losses    138:	0.5572	0.5847	0.3322	0.3252	 0.694	0.7345	 0.454	0.4612	 1.533	 1.544	 1.477	 1.473	
val losses      138:	0.4803	0.5358	0.3368	0.3188	  1.03	 1.056	0.4731	0.4751	 2.538	 2.589	 1.398	  1.39	 | 1.052 mean
                     	  1.42	  1.58	  0.85	  0.84	  3.11	 3.078	  1.21	  1.26	  6.94	  6.93	  3.43	   3.4	 | 3.77 quantile
                      	  6.06	  6.76	  2.21	  2.97	  8.03	  7.27	  2.32	  2.49	 12.28	 12.13	  6.23	  5.83	 | 12.28 max

train losses    140:	0.5572	0.5847	0.3322	0.3252	 0.694	0.7345	 0.454	0.4612	 1.533	 1.544	 1.477	 1.473	
val losses      140:	0.4803	0.5358	0.3368	0.3188	  1.03	 1.056	0.4731	0.4751	 2.538	 2.589	 1.398	  1.39	 | 1.052 mean
                     	  1.42	  1.58	  0.85	  0.84	  3.11	 3.078	  1.21	  1.26	  6.94	  6.93	  3.43	   3.4	 | 3.77 quantile
                      	  6.06	  6.76	  2.21	  2.97	  8.03	  7.27	  2.32	  2.49	 12.28	 12.13	  6.23	  5.83	 | 12.28 max

train losses    142:	0.5572	0.5847	0.3322	0.3252	 0.694	0.7345	 0.454	0.4612	 1.533	 1.544	 1.477	 1.473	
val losses      142:	0.4803	0.5358	0.3368	0.3188	  1.03	 1.056	0.4731	0.4751	 2.538	 2.589	 1.398	  1.39	 | 1.052 mean
                     	  1.42	  1.58	  0.85	  0.84	  3.11	 3.078	  1.21	  1.26	  6.94	  6.93	  3.43	   3.4	 | 3.77 quantile
                      	  6.06	  6.76	  2.21	  2.97	  8.03	  7.27	  2.32	  2.49	 12.28	 12.13	  6.23	  5.83	 | 12.28 max

train losses    144:	0.5572	0.5847	0.3322	0.3252	 0.694	0.7345	 0.454	0.4612	 1.533	 1.544	 1.477	 1.473	
val losses      144:	0.4803	0.5358	0.3368	0.3188	  1.03	 1.056	0.4731	0.4751	 2.538	 2.589	 1.398	  1.39	 | 1.052 mean
                     	  1.42	  1.58	  0.85	  0.84	  3.11	 3.078	  1.21	  1.26	  6.94	  6.93	  3.43	   3.4	 | 3.77 quantile
                      	  6.06	  6.76	  2.21	  2.97	  8.03	  7.27	  2.32	  2.49	 12.28	 12.13	  6.23	  5.83	 | 12.28 max

train losses    146:	0.5572	0.5847	0.3322	0.3252	 0.694	0.7345	 0.454	0.4612	 1.533	 1.544	 1.477	 1.473	
val losses      146:	0.4803	0.5358	0.3368	0.3188	  1.03	 1.056	0.4731	0.4751	 2.538	 2.589	 1.398	  1.39	 | 1.052 mean
                     	  1.42	  1.58	  0.85	  0.84	  3.11	 3.078	  1.21	  1.26	  6.94	  6.93	  3.43	   3.4	 | 3.77 quantile
                      	  6.06	  6.76	  2.21	  2.97	  8.03	  7.27	  2.32	  2.49	 12.28	 12.13	  6.23	  5.83	 | 12.28 max

train losses    148:	0.5572	0.5847	0.3322	0.3252	 0.694	0.7345	 0.454	0.4612	 1.533	 1.544	 1.477	 1.473	
val losses      148:	0.4803	0.5358	0.3368	0.3188	  1.03	 1.056	0.4731	0.4751	 2.538	 2.589	 1.398	  1.39	 | 1.052 mean
                     	  1.42	  1.58	  0.85	  0.84	  3.11	 3.078	  1.21	  1.26	  6.94	  6.93	  3.43	   3.4	 | 3.77 quantile
                      	  6.06	  6.76	  2.21	  2.97	  8.03	  7.27	  2.32	  2.49	 12.28	 12.13	  6.23	  5.83	 | 12.28 max

train losses    150:	0.5572	0.5847	0.3322	0.3252	 0.694	0.7345	 0.454	0.4612	 1.533	 1.544	 1.477	 1.473	
val losses      150:	0.4803	0.5358	0.3368	0.3188	  1.03	 1.056	0.4731	0.4751	 2.538	 2.589	 1.398	  1.39	 | 1.052 mean
                     	  1.42	  1.58	  0.85	  0.84	  3.11	 3.078	  1.21	  1.26	  6.94	  6.93	  3.43	   3.4	 | 3.77 quantile
                      	  6.06	  6.76	  2.21	  2.97	  8.03	  7.27	  2.32	  2.49	 12.28	 12.13	  6.23	  5.83	 | 12.28 max

train losses    152:	0.5572	0.5847	0.3322	0.3252	 0.694	0.7345	 0.454	0.4612	 1.533	 1.544	 1.477	 1.473	
val losses      152:	0.4803	0.5358	0.3368	0.3188	  1.03	 1.056	0.4731	0.4751	 2.538	 2.589	 1.398	  1.39	 | 1.052 mean
                     	  1.42	  1.58	  0.85	  0.84	  3.11	 3.078	  1.21	  1.26	  6.94	  6.93	  3.43	   3.4	 | 3.77 quantile
                      	  6.06	  6.76	  2.21	  2.97	  8.03	  7.27	  2.32	  2.49	 12.28	 12.13	  6.23	  5.83	 | 12.28 max

train losses    154:	0.5572	0.5847	0.3322	0.3252	 0.694	0.7345	 0.454	0.4612	 1.533	 1.544	 1.477	 1.473	
val losses      154:	0.4803	0.5358	0.3368	0.3188	  1.03	 1.056	0.4731	0.4751	 2.538	 2.589	 1.398	  1.39	 | 1.052 mean
                     	  1.42	  1.58	  0.85	  0.84	  3.11	 3.078	  1.21	  1.26	  6.94	  6.93	  3.43	   3.4	 | 3.77 quantile
                      	  6.06	  6.76	  2.21	  2.97	  8.03	  7.27	  2.32	  2.49	 12.28	 12.13	  6.23	  5.83	 | 12.28 max

train losses    156:	0.5572	0.5847	0.3322	0.3252	 0.694	0.7345	 0.454	0.4612	 1.533	 1.544	 1.477	 1.473	
val losses      156:	0.4803	0.5358	0.3368	0.3188	  1.03	 1.056	0.4731	0.4751	 2.538	 2.589	 1.398	  1.39	 | 1.052 mean
                     	  1.42	  1.58	  0.85	  0.84	  3.11	 3.078	  1.21	  1.26	  6.94	  6.93	  3.43	   3.4	 | 3.77 quantile
                      	  6.06	  6.76	  2.21	  2.97	  8.03	  7.27	  2.32	  2.49	 12.28	 12.13	  6.23	  5.83	 | 12.28 max

train losses    158:	0.5572	0.5847	0.3322	0.3252	 0.694	0.7345	 0.454	0.4612	 1.533	 1.544	 1.477	 1.473	
val losses      158:	0.4803	0.5358	0.3368	0.3188	  1.03	 1.056	0.4731	0.4751	 2.538	 2.589	 1.398	  1.39	 | 1.052 mean
                     	  1.42	  1.58	  0.85	  0.84	  3.11	 3.078	  1.21	  1.26	  6.94	  6.93	  3.43	   3.4	 | 3.77 quantile
                      	  6.06	  6.76	  2.21	  2.97	  8.03	  7.27	  2.32	  2.49	 12.28	 12.13	  6.23	  5.83	 | 12.28 max

train losses    160:	0.5572	0.5847	0.3322	0.3252	 0.694	0.7345	 0.454	0.4612	 1.533	 1.544	 1.477	 1.473	
val losses      160:	0.4803	0.5358	0.3368	0.3188	  1.03	 1.056	0.4731	0.4751	 2.538	 2.589	 1.398	  1.39	 | 1.052 mean
                     	  1.42	  1.58	  0.85	  0.84	  3.11	 3.078	  1.21	  1.26	  6.94	  6.93	  3.43	   3.4	 | 3.77 quantile
                      	  6.06	  6.76	  2.21	  2.97	  8.03	  7.27	  2.32	  2.49	 12.28	 12.13	  6.23	  5.83	 | 12.28 max

train losses    162:	0.5572	0.5847	0.3322	0.3252	 0.694	0.7345	 0.454	0.4612	 1.533	 1.544	 1.477	 1.473	
val losses      162:	0.4803	0.5358	0.3368	0.3188	  1.03	 1.056	0.4731	0.4751	 2.538	 2.589	 1.398	  1.39	 | 1.052 mean
                     	  1.42	  1.58	  0.85	  0.84	  3.11	 3.078	  1.21	  1.26	  6.94	  6.93	  3.43	   3.4	 | 3.77 quantile
                      	  6.06	  6.76	  2.21	  2.97	  8.03	  7.27	  2.32	  2.49	 12.28	 12.13	  6.23	  5.83	 | 12.28 max

train losses    164:	0.5572	0.5847	0.3322	0.3252	 0.694	0.7345	 0.454	0.4612	 1.533	 1.544	 1.477	 1.473	
val losses      164:	0.4803	0.5358	0.3368	0.3188	  1.03	 1.056	0.4731	0.4751	 2.538	 2.589	 1.398	  1.39	 | 1.052 mean
                     	  1.42	  1.58	  0.85	  0.84	  3.11	 3.078	  1.21	  1.26	  6.94	  6.93	  3.43	   3.4	 | 3.77 quantile
                      	  6.06	  6.76	  2.21	  2.97	  8.03	  7.27	  2.32	  2.49	 12.28	 12.13	  6.23	  5.83	 | 12.28 max

train losses    166:	0.5572	0.5847	0.3322	0.3252	 0.694	0.7345	 0.454	0.4612	 1.533	 1.544	 1.477	 1.473	
val losses      166:	0.4803	0.5358	0.3368	0.3188	  1.03	 1.056	0.4731	0.4751	 2.538	 2.589	 1.398	  1.39	 | 1.052 mean
                     	  1.42	  1.58	  0.85	  0.84	  3.11	 3.078	  1.21	  1.26	  6.94	  6.93	  3.43	   3.4	 | 3.77 quantile
                      	  6.06	  6.76	  2.21	  2.97	  8.03	  7.27	  2.32	  2.49	 12.28	 12.13	  6.23	  5.83	 | 12.28 max

train losses    168:	0.5572	0.5847	0.3322	0.3252	 0.694	0.7345	 0.454	0.4612	 1.533	 1.544	 1.477	 1.473	
val losses      168:	0.4803	0.5358	0.3368	0.3188	  1.03	 1.056	0.4731	0.4751	 2.538	 2.589	 1.398	  1.39	 | 1.052 mean
                     	  1.42	  1.58	  0.85	  0.84	  3.11	 3.078	  1.21	  1.26	  6.94	  6.93	  3.43	   3.4	 | 3.77 quantile
                      	  6.06	  6.76	  2.21	  2.97	  8.03	  7.27	  2.32	  2.49	 12.28	 12.13	  6.23	  5.83	 | 12.28 max

train losses    170:	0.5572	0.5847	0.3322	0.3252	 0.694	0.7345	 0.454	0.4612	 1.533	 1.544	 1.477	 1.473	
val losses      170:	0.4803	0.5358	0.3368	0.3188	  1.03	 1.056	0.4731	0.4751	 2.538	 2.589	 1.398	  1.39	 | 1.052 mean
                     	  1.42	  1.58	  0.85	  0.84	  3.11	 3.078	  1.21	  1.26	  6.94	  6.93	  3.43	   3.4	 | 3.77 quantile
                      	  6.06	  6.76	  2.21	  2.97	  8.03	  7.27	  2.32	  2.49	 12.28	 12.13	  6.23	  5.83	 | 12.28 max

train losses    172:	0.5572	0.5847	0.3322	0.3252	 0.694	0.7345	 0.454	0.4612	 1.533	 1.544	 1.477	 1.473	
val losses      172:	0.4803	0.5358	0.3368	0.3188	  1.03	 1.056	0.4731	0.4751	 2.538	 2.589	 1.398	  1.39	 | 1.052 mean
                     	  1.42	  1.58	  0.85	  0.84	  3.11	 3.078	  1.21	  1.26	  6.94	  6.93	  3.43	   3.4	 | 3.77 quantile
                      	  6.06	  6.76	  2.21	  2.97	  8.03	  7.27	  2.32	  2.49	 12.28	 12.13	  6.23	  5.83	 | 12.28 max

train losses    174:	0.5572	0.5847	0.3322	0.3252	 0.694	0.7345	 0.454	0.4612	 1.533	 1.544	 1.477	 1.473	
val losses      174:	0.4803	0.5358	0.3368	0.3188	  1.03	 1.056	0.4731	0.4751	 2.538	 2.589	 1.398	  1.39	 | 1.052 mean
                     	  1.42	  1.58	  0.85	  0.84	  3.11	 3.078	  1.21	  1.26	  6.94	  6.93	  3.43	   3.4	 | 3.77 quantile
                      	  6.06	  6.76	  2.21	  2.97	  8.03	  7.27	  2.32	  2.49	 12.28	 12.13	  6.23	  5.83	 | 12.28 max

train losses    176:	0.5572	0.5847	0.3322	0.3252	 0.694	0.7345	 0.454	0.4612	 1.533	 1.544	 1.477	 1.473	
val losses      176:	0.4803	0.5358	0.3368	0.3188	  1.03	 1.056	0.4731	0.4751	 2.538	 2.589	 1.398	  1.39	 | 1.052 mean
                     	  1.42	  1.58	  0.85	  0.84	  3.11	 3.078	  1.21	  1.26	  6.94	  6.93	  3.43	   3.4	 | 3.77 quantile
                      	  6.06	  6.76	  2.21	  2.97	  8.03	  7.27	  2.32	  2.49	 12.28	 12.13	  6.23	  5.83	 | 12.28 max

train losses    178:	0.5572	0.5847	0.3322	0.3252	 0.694	0.7345	 0.454	0.4612	 1.533	 1.544	 1.477	 1.473	
val losses      178:	0.4803	0.5358	0.3368	0.3188	  1.03	 1.056	0.4731	0.4751	 2.538	 2.589	 1.398	  1.39	 | 1.052 mean
                     	  1.42	  1.58	  0.85	  0.84	  3.11	 3.078	  1.21	  1.26	  6.94	  6.93	  3.43	   3.4	 | 3.77 quantile
                      	  6.06	  6.76	  2.21	  2.97	  8.03	  7.27	  2.32	  2.49	 12.28	 12.13	  6.23	  5.83	 | 12.28 max

train losses    180:	0.5572	0.5847	0.3322	0.3252	 0.694	0.7345	 0.454	0.4612	 1.533	 1.544	 1.477	 1.473	
val losses      180:	0.4803	0.5358	0.3368	0.3188	  1.03	 1.056	0.4731	0.4751	 2.538	 2.589	 1.398	  1.39	 | 1.052 mean
                     	  1.42	  1.58	  0.85	  0.84	  3.11	 3.078	  1.21	  1.26	  6.94	  6.93	  3.43	   3.4	 | 3.77 quantile
                      	  6.06	  6.76	  2.21	  2.97	  8.03	  7.27	  2.32	  2.49	 12.28	 12.13	  6.23	  5.83	 | 12.28 max

train losses    182:	0.5572	0.5847	0.3322	0.3252	 0.694	0.7345	 0.454	0.4612	 1.533	 1.544	 1.477	 1.473	
val losses      182:	0.4803	0.5358	0.3368	0.3188	  1.03	 1.056	0.4731	0.4751	 2.538	 2.589	 1.398	  1.39	 | 1.052 mean
                     	  1.42	  1.58	  0.85	  0.84	  3.11	 3.078	  1.21	  1.26	  6.94	  6.93	  3.43	   3.4	 | 3.77 quantile
                      	  6.06	  6.76	  2.21	  2.97	  8.03	  7.27	  2.32	  2.49	 12.28	 12.13	  6.23	  5.83	 | 12.28 max

train losses    184:	0.5572	0.5847	0.3322	0.3252	 0.694	0.7345	 0.454	0.4612	 1.533	 1.544	 1.477	 1.473	
val losses      184:	0.4803	0.5358	0.3368	0.3188	  1.03	 1.056	0.4731	0.4751	 2.538	 2.589	 1.398	  1.39	 | 1.052 mean
                     	  1.42	  1.58	  0.85	  0.84	  3.11	 3.078	  1.21	  1.26	  6.94	  6.93	  3.43	   3.4	 | 3.77 quantile
                      	  6.06	  6.76	  2.21	  2.97	  8.03	  7.27	  2.32	  2.49	 12.28	 12.13	  6.23	  5.83	 | 12.28 max

train losses    186:	0.5572	0.5847	0.3322	0.3252	 0.694	0.7345	 0.454	0.4612	 1.533	 1.544	 1.477	 1.473	
val losses      186:	0.4803	0.5358	0.3368	0.3188	  1.03	 1.056	0.4731	0.4751	 2.538	 2.589	 1.398	  1.39	 | 1.052 mean
                     	  1.42	  1.58	  0.85	  0.84	  3.11	 3.078	  1.21	  1.26	  6.94	  6.93	  3.43	   3.4	 | 3.77 quantile
                      	  6.06	  6.76	  2.21	  2.97	  8.03	  7.27	  2.32	  2.49	 12.28	 12.13	  6.23	  5.83	 | 12.28 max

train losses    188:	0.5572	0.5847	0.3322	0.3252	 0.694	0.7345	 0.454	0.4612	 1.533	 1.544	 1.477	 1.473	
val losses      188:	0.4803	0.5358	0.3368	0.3188	  1.03	 1.056	0.4731	0.4751	 2.538	 2.589	 1.398	  1.39	 | 1.052 mean
                     	  1.42	  1.58	  0.85	  0.84	  3.11	 3.078	  1.21	  1.26	  6.94	  6.93	  3.43	   3.4	 | 3.77 quantile
                      	  6.06	  6.76	  2.21	  2.97	  8.03	  7.27	  2.32	  2.49	 12.28	 12.13	  6.23	  5.83	 | 12.28 max

train losses    190:	0.5572	0.5847	0.3322	0.3252	 0.694	0.7345	 0.454	0.4612	 1.533	 1.544	 1.477	 1.473	
val losses      190:	0.4803	0.5358	0.3368	0.3188	  1.03	 1.056	0.4731	0.4751	 2.538	 2.589	 1.398	  1.39	 | 1.052 mean
                     	  1.42	  1.58	  0.85	  0.84	  3.11	 3.078	  1.21	  1.26	  6.94	  6.93	  3.43	   3.4	 | 3.77 quantile
                      	  6.06	  6.76	  2.21	  2.97	  8.03	  7.27	  2.32	  2.49	 12.28	 12.13	  6.23	  5.83	 | 12.28 max

train losses    192:	0.5572	0.5847	0.3322	0.3252	 0.694	0.7345	 0.454	0.4612	 1.533	 1.544	 1.477	 1.473	
val losses      192:	0.4803	0.5358	0.3368	0.3188	  1.03	 1.056	0.4731	0.4751	 2.538	 2.589	 1.398	  1.39	 | 1.052 mean
                     	  1.42	  1.58	  0.85	  0.84	  3.11	 3.078	  1.21	  1.26	  6.94	  6.93	  3.43	   3.4	 | 3.77 quantile
                      	  6.06	  6.76	  2.21	  2.97	  8.03	  7.27	  2.32	  2.49	 12.28	 12.13	  6.23	  5.83	 | 12.28 max

train losses    194:	0.5572	0.5847	0.3322	0.3252	 0.694	0.7345	 0.454	0.4612	 1.533	 1.544	 1.477	 1.473	
val losses      194:	0.4803	0.5358	0.3368	0.3188	  1.03	 1.056	0.4731	0.4751	 2.538	 2.589	 1.398	  1.39	 | 1.052 mean
                     	  1.42	  1.58	  0.85	  0.84	  3.11	 3.078	  1.21	  1.26	  6.94	  6.93	  3.43	   3.4	 | 3.77 quantile
                      	  6.06	  6.76	  2.21	  2.97	  8.03	  7.27	  2.32	  2.49	 12.28	 12.13	  6.23	  5.83	 | 12.28 max

train losses    196:	0.5572	0.5847	0.3322	0.3252	 0.694	0.7345	 0.454	0.4612	 1.533	 1.544	 1.477	 1.473	
val losses      196:	0.4803	0.5358	0.3368	0.3188	  1.03	 1.056	0.4731	0.4751	 2.538	 2.589	 1.398	  1.39	 | 1.052 mean
                     	  1.42	  1.58	  0.85	  0.84	  3.11	 3.078	  1.21	  1.26	  6.94	  6.93	  3.43	   3.4	 | 3.77 quantile
                      	  6.06	  6.76	  2.21	  2.97	  8.03	  7.27	  2.32	  2.49	 12.28	 12.13	  6.23	  5.83	 | 12.28 max

train losses    198:	0.5572	0.5847	0.3322	0.3252	 0.694	0.7345	 0.454	0.4612	 1.533	 1.544	 1.477	 1.473	
val losses      198:	0.4803	0.5358	0.3368	0.3188	  1.03	 1.056	0.4731	0.4751	 2.538	 2.589	 1.398	  1.39	 | 1.052 mean
                     	  1.42	  1.58	  0.85	  0.84	  3.11	 3.078	  1.21	  1.26	  6.94	  6.93	  3.43	   3.4	 | 3.77 quantile
                      	  6.06	  6.76	  2.21	  2.97	  8.03	  7.27	  2.32	  2.49	 12.28	 12.13	  6.23	  5.83	 | 12.28 max

train losses    200:	0.5572	0.5847	0.3322	0.3252	 0.694	0.7345	 0.454	0.4612	 1.533	 1.544	 1.477	 1.473	
val losses      200:	0.4803	0.5358	0.3368	0.3188	  1.03	 1.056	0.4731	0.4751	 2.538	 2.589	 1.398	  1.39	 | 1.052 mean
                     	  1.42	  1.58	  0.85	  0.84	  3.11	 3.078	  1.21	  1.26	  6.94	  6.93	  3.43	   3.4	 | 3.77 quantile
                      	  6.06	  6.76	  2.21	  2.97	  8.03	  7.27	  2.32	  2.49	 12.28	 12.13	  6.23	  5.83	 | 12.28 max

train losses    202:	0.5572	0.5847	0.3322	0.3252	 0.694	0.7345	 0.454	0.4612	 1.533	 1.544	 1.477	 1.473	
val losses      202:	0.4803	0.5358	0.3368	0.3188	  1.03	 1.056	0.4731	0.4751	 2.538	 2.589	 1.398	  1.39	 | 1.052 mean
                     	  1.42	  1.58	  0.85	  0.84	  3.11	 3.078	  1.21	  1.26	  6.94	  6.93	  3.43	   3.4	 | 3.77 quantile
                      	  6.06	  6.76	  2.21	  2.97	  8.03	  7.27	  2.32	  2.49	 12.28	 12.13	  6.23	  5.83	 | 12.28 max

train losses    204:	0.5572	0.5847	0.3322	0.3252	 0.694	0.7345	 0.454	0.4612	 1.533	 1.544	 1.477	 1.473	
val losses      204:	0.4803	0.5358	0.3368	0.3188	  1.03	 1.056	0.4731	0.4751	 2.538	 2.589	 1.398	  1.39	 | 1.052 mean
                     	  1.42	  1.58	  0.85	  0.84	  3.11	 3.078	  1.21	  1.26	  6.94	  6.93	  3.43	   3.4	 | 3.77 quantile
                      	  6.06	  6.76	  2.21	  2.97	  8.03	  7.27	  2.32	  2.49	 12.28	 12.13	  6.23	  5.83	 | 12.28 max

train losses    206:	0.5572	0.5847	0.3322	0.3252	 0.694	0.7345	 0.454	0.4612	 1.533	 1.544	 1.477	 1.473	
val losses      206:	0.4803	0.5358	0.3368	0.3188	  1.03	 1.056	0.4731	0.4751	 2.538	 2.589	 1.398	  1.39	 | 1.052 mean
                     	  1.42	  1.58	  0.85	  0.84	  3.11	 3.078	  1.21	  1.26	  6.94	  6.93	  3.43	   3.4	 | 3.77 quantile
                      	  6.06	  6.76	  2.21	  2.97	  8.03	  7.27	  2.32	  2.49	 12.28	 12.13	  6.23	  5.83	 | 12.28 max

train losses    208:	0.5572	0.5847	0.3322	0.3252	 0.694	0.7345	 0.454	0.4612	 1.533	 1.544	 1.477	 1.473	
val losses      208:	0.4803	0.5358	0.3368	0.3188	  1.03	 1.056	0.4731	0.4751	 2.538	 2.589	 1.398	  1.39	 | 1.052 mean
                     	  1.42	  1.58	  0.85	  0.84	  3.11	 3.078	  1.21	  1.26	  6.94	  6.93	  3.43	   3.4	 | 3.77 quantile
                      	  6.06	  6.76	  2.21	  2.97	  8.03	  7.27	  2.32	  2.49	 12.28	 12.13	  6.23	  5.83	 | 12.28 max

train losses    210:	0.5572	0.5847	0.3322	0.3252	 0.694	0.7345	 0.454	0.4612	 1.533	 1.544	 1.477	 1.473	
val losses      210:	0.4803	0.5358	0.3368	0.3188	  1.03	 1.056	0.4731	0.4751	 2.538	 2.589	 1.398	  1.39	 | 1.052 mean
                     	  1.42	  1.58	  0.85	  0.84	  3.11	 3.078	  1.21	  1.26	  6.94	  6.93	  3.43	   3.4	 | 3.77 quantile
                      	  6.06	  6.76	  2.21	  2.97	  8.03	  7.27	  2.32	  2.49	 12.28	 12.13	  6.23	  5.83	 | 12.28 max

train losses    212:	0.5572	0.5847	0.3322	0.3252	 0.694	0.7345	 0.454	0.4612	 1.533	 1.544	 1.477	 1.473	
val losses      212:	0.4803	0.5358	0.3368	0.3188	  1.03	 1.056	0.4731	0.4751	 2.538	 2.589	 1.398	  1.39	 | 1.052 mean
                     	  1.42	  1.58	  0.85	  0.84	  3.11	 3.078	  1.21	  1.26	  6.94	  6.93	  3.43	   3.4	 | 3.77 quantile
                      	  6.06	  6.76	  2.21	  2.97	  8.03	  7.27	  2.32	  2.49	 12.28	 12.13	  6.23	  5.83	 | 12.28 max

train losses    214:	0.5572	0.5847	0.3322	0.3252	 0.694	0.7345	 0.454	0.4612	 1.533	 1.544	 1.477	 1.473	
val losses      214:	0.4803	0.5358	0.3368	0.3188	  1.03	 1.056	0.4731	0.4751	 2.538	 2.589	 1.398	  1.39	 | 1.052 mean
                     	  1.42	  1.58	  0.85	  0.84	  3.11	 3.078	  1.21	  1.26	  6.94	  6.93	  3.43	   3.4	 | 3.77 quantile
                      	  6.06	  6.76	  2.21	  2.97	  8.03	  7.27	  2.32	  2.49	 12.28	 12.13	  6.23	  5.83	 | 12.28 max

train losses    216:	0.5572	0.5847	0.3322	0.3252	 0.694	0.7345	 0.454	0.4612	 1.533	 1.544	 1.477	 1.473	
val losses      216:	0.4803	0.5358	0.3368	0.3188	  1.03	 1.056	0.4731	0.4751	 2.538	 2.589	 1.398	  1.39	 | 1.052 mean
                     	  1.42	  1.58	  0.85	  0.84	  3.11	 3.078	  1.21	  1.26	  6.94	  6.93	  3.43	   3.4	 | 3.77 quantile
                      	  6.06	  6.76	  2.21	  2.97	  8.03	  7.27	  2.32	  2.49	 12.28	 12.13	  6.23	  5.83	 | 12.28 max

train losses    218:	0.5572	0.5847	0.3322	0.3252	 0.694	0.7345	 0.454	0.4612	 1.533	 1.544	 1.477	 1.473	
val losses      218:	0.4803	0.5358	0.3368	0.3188	  1.03	 1.056	0.4731	0.4751	 2.538	 2.589	 1.398	  1.39	 | 1.052 mean
                     	  1.42	  1.58	  0.85	  0.84	  3.11	 3.078	  1.21	  1.26	  6.94	  6.93	  3.43	   3.4	 | 3.77 quantile
                      	  6.06	  6.76	  2.21	  2.97	  8.03	  7.27	  2.32	  2.49	 12.28	 12.13	  6.23	  5.83	 | 12.28 max

train losses    220:	0.5572	0.5847	0.3322	0.3252	 0.694	0.7345	 0.454	0.4612	 1.533	 1.544	 1.477	 1.473	
val losses      220:	0.4803	0.5358	0.3368	0.3188	  1.03	 1.056	0.4731	0.4751	 2.538	 2.589	 1.398	  1.39	 | 1.052 mean
                     	  1.42	  1.58	  0.85	  0.84	  3.11	 3.078	  1.21	  1.26	  6.94	  6.93	  3.43	   3.4	 | 3.77 quantile
                      	  6.06	  6.76	  2.21	  2.97	  8.03	  7.27	  2.32	  2.49	 12.28	 12.13	  6.23	  5.83	 | 12.28 max

train losses    222:	0.5572	0.5847	0.3322	0.3252	 0.694	0.7345	 0.454	0.4612	 1.533	 1.544	 1.477	 1.473	
val losses      222:	0.4803	0.5358	0.3368	0.3188	  1.03	 1.056	0.4731	0.4751	 2.538	 2.589	 1.398	  1.39	 | 1.052 mean
                     	  1.42	  1.58	  0.85	  0.84	  3.11	 3.078	  1.21	  1.26	  6.94	  6.93	  3.43	   3.4	 | 3.77 quantile
                      	  6.06	  6.76	  2.21	  2.97	  8.03	  7.27	  2.32	  2.49	 12.28	 12.13	  6.23	  5.83	 | 12.28 max

train losses    224:	0.5572	0.5847	0.3322	0.3252	 0.694	0.7345	 0.454	0.4612	 1.533	 1.544	 1.477	 1.473	
val losses      224:	0.4803	0.5358	0.3368	0.3188	  1.03	 1.056	0.4731	0.4751	 2.538	 2.589	 1.398	  1.39	 | 1.052 mean
                     	  1.42	  1.58	  0.85	  0.84	  3.11	 3.078	  1.21	  1.26	  6.94	  6.93	  3.43	   3.4	 | 3.77 quantile
                      	  6.06	  6.76	  2.21	  2.97	  8.03	  7.27	  2.32	  2.49	 12.28	 12.13	  6.23	  5.83	 | 12.28 max

train losses    226:	0.5572	0.5847	0.3322	0.3252	 0.694	0.7345	 0.454	0.4612	 1.533	 1.544	 1.477	 1.473	
val losses      226:	0.4803	0.5358	0.3368	0.3188	  1.03	 1.056	0.4731	0.4751	 2.538	 2.589	 1.398	  1.39	 | 1.052 mean
                     	  1.42	  1.58	  0.85	  0.84	  3.11	 3.078	  1.21	  1.26	  6.94	  6.93	  3.43	   3.4	 | 3.77 quantile
                      	  6.06	  6.76	  2.21	  2.97	  8.03	  7.27	  2.32	  2.49	 12.28	 12.13	  6.23	  5.83	 | 12.28 max

train losses    228:	0.5572	0.5847	0.3322	0.3252	 0.694	0.7345	 0.454	0.4612	 1.533	 1.544	 1.477	 1.473	
val losses      228:	0.4803	0.5358	0.3368	0.3188	  1.03	 1.056	0.4731	0.4751	 2.538	 2.589	 1.398	  1.39	 | 1.052 mean
                     	  1.42	  1.58	  0.85	  0.84	  3.11	 3.078	  1.21	  1.26	  6.94	  6.93	  3.43	   3.4	 | 3.77 quantile
                      	  6.06	  6.76	  2.21	  2.97	  8.03	  7.27	  2.32	  2.49	 12.28	 12.13	  6.23	  5.83	 | 12.28 max

train losses    230:	0.5572	0.5847	0.3322	0.3252	 0.694	0.7345	 0.454	0.4612	 1.533	 1.544	 1.477	 1.473	
val losses      230:	0.4803	0.5358	0.3368	0.3188	  1.03	 1.056	0.4731	0.4751	 2.538	 2.589	 1.398	  1.39	 | 1.052 mean
                     	  1.42	  1.58	  0.85	  0.84	  3.11	 3.078	  1.21	  1.26	  6.94	  6.93	  3.43	   3.4	 | 3.77 quantile
                      	  6.06	  6.76	  2.21	  2.97	  8.03	  7.27	  2.32	  2.49	 12.28	 12.13	  6.23	  5.83	 | 12.28 max

train losses    232:	0.5572	0.5847	0.3322	0.3252	 0.694	0.7345	 0.454	0.4612	 1.533	 1.544	 1.477	 1.473	
val losses      232:	0.4803	0.5358	0.3368	0.3188	  1.03	 1.056	0.4731	0.4751	 2.538	 2.589	 1.398	  1.39	 | 1.052 mean
                     	  1.42	  1.58	  0.85	  0.84	  3.11	 3.078	  1.21	  1.26	  6.94	  6.93	  3.43	   3.4	 | 3.77 quantile
                      	  6.06	  6.76	  2.21	  2.97	  8.03	  7.27	  2.32	  2.49	 12.28	 12.13	  6.23	  5.83	 | 12.28 max

train losses    234:	0.5572	0.5847	0.3322	0.3252	 0.694	0.7345	 0.454	0.4612	 1.533	 1.544	 1.477	 1.473	
val losses      234:	0.4803	0.5358	0.3368	0.3188	  1.03	 1.056	0.4731	0.4751	 2.538	 2.589	 1.398	  1.39	 | 1.052 mean
                     	  1.42	  1.58	  0.85	  0.84	  3.11	 3.078	  1.21	  1.26	  6.94	  6.93	  3.43	   3.4	 | 3.77 quantile
                      	  6.06	  6.76	  2.21	  2.97	  8.03	  7.27	  2.32	  2.49	 12.28	 12.13	  6.23	  5.83	 | 12.28 max

train losses    236:	0.5572	0.5847	0.3322	0.3252	 0.694	0.7345	 0.454	0.4612	 1.533	 1.544	 1.477	 1.473	
val losses      236:	0.4803	0.5358	0.3368	0.3188	  1.03	 1.056	0.4731	0.4751	 2.538	 2.589	 1.398	  1.39	 | 1.052 mean
                     	  1.42	  1.58	  0.85	  0.84	  3.11	 3.078	  1.21	  1.26	  6.94	  6.93	  3.43	   3.4	 | 3.77 quantile
                      	  6.06	  6.76	  2.21	  2.97	  8.03	  7.27	  2.32	  2.49	 12.28	 12.13	  6.23	  5.83	 | 12.28 max

train losses    238:	0.5572	0.5847	0.3322	0.3252	 0.694	0.7345	 0.454	0.4612	 1.533	 1.544	 1.477	 1.473	
val losses      238:	0.4803	0.5358	0.3368	0.3188	  1.03	 1.056	0.4731	0.4751	 2.538	 2.589	 1.398	  1.39	 | 1.052 mean
                     	  1.42	  1.58	  0.85	  0.84	  3.11	 3.078	  1.21	  1.26	  6.94	  6.93	  3.43	   3.4	 | 3.77 quantile
                      	  6.06	  6.76	  2.21	  2.97	  8.03	  7.27	  2.32	  2.49	 12.28	 12.13	  6.23	  5.83	 | 12.28 max

train losses    240:	0.5572	0.5847	0.3322	0.3252	 0.694	0.7345	 0.454	0.4612	 1.533	 1.544	 1.477	 1.473	
val losses      240:	0.4803	0.5358	0.3368	0.3188	  1.03	 1.056	0.4731	0.4751	 2.538	 2.589	 1.398	  1.39	 | 1.052 mean
                     	  1.42	  1.58	  0.85	  0.84	  3.11	 3.078	  1.21	  1.26	  6.94	  6.93	  3.43	   3.4	 | 3.77 quantile
                      	  6.06	  6.76	  2.21	  2.97	  8.03	  7.27	  2.32	  2.49	 12.28	 12.13	  6.23	  5.83	 | 12.28 max

train losses    242:	0.5572	0.5847	0.3322	0.3252	 0.694	0.7345	 0.454	0.4612	 1.533	 1.544	 1.477	 1.473	
val losses      242:	0.4803	0.5358	0.3368	0.3188	  1.03	 1.056	0.4731	0.4751	 2.538	 2.589	 1.398	  1.39	 | 1.052 mean
                     	  1.42	  1.58	  0.85	  0.84	  3.11	 3.078	  1.21	  1.26	  6.94	  6.93	  3.43	   3.4	 | 3.77 quantile
                      	  6.06	  6.76	  2.21	  2.97	  8.03	  7.27	  2.32	  2.49	 12.28	 12.13	  6.23	  5.83	 | 12.28 max

train losses    244:	0.5572	0.5847	0.3322	0.3252	 0.694	0.7345	 0.454	0.4612	 1.533	 1.544	 1.477	 1.473	
val losses      244:	0.4803	0.5358	0.3368	0.3188	  1.03	 1.056	0.4731	0.4751	 2.538	 2.589	 1.398	  1.39	 | 1.052 mean
                     	  1.42	  1.58	  0.85	  0.84	  3.11	 3.078	  1.21	  1.26	  6.94	  6.93	  3.43	   3.4	 | 3.77 quantile
                      	  6.06	  6.76	  2.21	  2.97	  8.03	  7.27	  2.32	  2.49	 12.28	 12.13	  6.23	  5.83	 | 12.28 max

train losses    246:	0.5572	0.5847	0.3322	0.3252	 0.694	0.7345	 0.454	0.4612	 1.533	 1.544	 1.477	 1.473	
val losses      246:	0.4803	0.5358	0.3368	0.3188	  1.03	 1.056	0.4731	0.4751	 2.538	 2.589	 1.398	  1.39	 | 1.052 mean
                     	  1.42	  1.58	  0.85	  0.84	  3.11	 3.078	  1.21	  1.26	  6.94	  6.93	  3.43	   3.4	 | 3.77 quantile
                      	  6.06	  6.76	  2.21	  2.97	  8.03	  7.27	  2.32	  2.49	 12.28	 12.13	  6.23	  5.83	 | 12.28 max

train losses    248:	0.5572	0.5847	0.3322	0.3252	 0.694	0.7345	 0.454	0.4612	 1.533	 1.544	 1.477	 1.473	
val losses      248:	0.4803	0.5358	0.3368	0.3188	  1.03	 1.056	0.4731	0.4751	 2.538	 2.589	 1.398	  1.39	 | 1.052 mean
                     	  1.42	  1.58	  0.85	  0.84	  3.11	 3.078	  1.21	  1.26	  6.94	  6.93	  3.43	   3.4	 | 3.77 quantile
                      	  6.06	  6.76	  2.21	  2.97	  8.03	  7.27	  2.32	  2.49	 12.28	 12.13	  6.23	  5.83	 | 12.28 max

train losses    250:	0.5572	0.5847	0.3322	0.3252	 0.694	0.7345	 0.454	0.4612	 1.533	 1.544	 1.477	 1.473	
val losses      250:	0.4803	0.5358	0.3368	0.3188	  1.03	 1.056	0.4731	0.4751	 2.538	 2.589	 1.398	  1.39	 | 1.052 mean
                     	  1.42	  1.58	  0.85	  0.84	  3.11	 3.078	  1.21	  1.26	  6.94	  6.93	  3.43	   3.4	 | 3.77 quantile
                      	  6.06	  6.76	  2.21	  2.97	  8.03	  7.27	  2.32	  2.49	 12.28	 12.13	  6.23	  5.83	 | 12.28 max

train losses    252:	0.5572	0.5847	0.3322	0.3252	 0.694	0.7345	 0.454	0.4612	 1.533	 1.544	 1.477	 1.473	
val losses      252:	0.4803	0.5358	0.3368	0.3188	  1.03	 1.056	0.4731	0.4751	 2.538	 2.589	 1.398	  1.39	 | 1.052 mean
                     	  1.42	  1.58	  0.85	  0.84	  3.11	 3.078	  1.21	  1.26	  6.94	  6.93	  3.43	   3.4	 | 3.77 quantile
                      	  6.06	  6.76	  2.21	  2.97	  8.03	  7.27	  2.32	  2.49	 12.28	 12.13	  6.23	  5.83	 | 12.28 max

train losses    254:	0.5572	0.5847	0.3322	0.3252	 0.694	0.7345	 0.454	0.4612	 1.533	 1.544	 1.477	 1.473	
val losses      254:	0.4803	0.5358	0.3368	0.3188	  1.03	 1.056	0.4731	0.4751	 2.538	 2.589	 1.398	  1.39	 | 1.052 mean
                     	  1.42	  1.58	  0.85	  0.84	  3.11	 3.078	  1.21	  1.26	  6.94	  6.93	  3.43	   3.4	 | 3.77 quantile
                      	  6.06	  6.76	  2.21	  2.97	  8.03	  7.27	  2.32	  2.49	 12.28	 12.13	  6.23	  5.83	 | 12.28 max

train losses    256:	0.5572	0.5847	0.3322	0.3252	 0.694	0.7345	 0.454	0.4612	 1.533	 1.544	 1.477	 1.473	
val losses      256:	0.4803	0.5358	0.3368	0.3188	  1.03	 1.056	0.4731	0.4751	 2.538	 2.589	 1.398	  1.39	 | 1.052 mean
                     	  1.42	  1.58	  0.85	  0.84	  3.11	 3.078	  1.21	  1.26	  6.94	  6.93	  3.43	   3.4	 | 3.77 quantile
                      	  6.06	  6.76	  2.21	  2.97	  8.03	  7.27	  2.32	  2.49	 12.28	 12.13	  6.23	  5.83	 | 12.28 max

train losses    258:	0.5572	0.5847	0.3322	0.3252	 0.694	0.7345	 0.454	0.4612	 1.533	 1.544	 1.477	 1.473	
val losses      258:	0.4803	0.5358	0.3368	0.3188	  1.03	 1.056	0.4731	0.4751	 2.538	 2.589	 1.398	  1.39	 | 1.052 mean
                     	  1.42	  1.58	  0.85	  0.84	  3.11	 3.078	  1.21	  1.26	  6.94	  6.93	  3.43	   3.4	 | 3.77 quantile
                      	  6.06	  6.76	  2.21	  2.97	  8.03	  7.27	  2.32	  2.49	 12.28	 12.13	  6.23	  5.83	 | 12.28 max

train losses    260:	0.5572	0.5847	0.3322	0.3252	 0.694	0.7345	 0.454	0.4612	 1.533	 1.544	 1.477	 1.473	
val losses      260:	0.4803	0.5358	0.3368	0.3188	  1.03	 1.056	0.4731	0.4751	 2.538	 2.589	 1.398	  1.39	 | 1.052 mean
                     	  1.42	  1.58	  0.85	  0.84	  3.11	 3.078	  1.21	  1.26	  6.94	  6.93	  3.43	   3.4	 | 3.77 quantile
                      	  6.06	  6.76	  2.21	  2.97	  8.03	  7.27	  2.32	  2.49	 12.28	 12.13	  6.23	  5.83	 | 12.28 max

train losses    262:	0.5572	0.5847	0.3322	0.3252	 0.694	0.7345	 0.454	0.4612	 1.533	 1.544	 1.477	 1.473	
val losses      262:	0.4803	0.5358	0.3368	0.3188	  1.03	 1.056	0.4731	0.4751	 2.538	 2.589	 1.398	  1.39	 | 1.052 mean
                     	  1.42	  1.58	  0.85	  0.84	  3.11	 3.078	  1.21	  1.26	  6.94	  6.93	  3.43	   3.4	 | 3.77 quantile
                      	  6.06	  6.76	  2.21	  2.97	  8.03	  7.27	  2.32	  2.49	 12.28	 12.13	  6.23	  5.83	 | 12.28 max

train losses    264:	0.5572	0.5847	0.3322	0.3252	 0.694	0.7345	 0.454	0.4612	 1.533	 1.544	 1.477	 1.473	
val losses      264:	0.4803	0.5358	0.3368	0.3188	  1.03	 1.056	0.4731	0.4751	 2.538	 2.589	 1.398	  1.39	 | 1.052 mean
                     	  1.42	  1.58	  0.85	  0.84	  3.11	 3.078	  1.21	  1.26	  6.94	  6.93	  3.43	   3.4	 | 3.77 quantile
                      	  6.06	  6.76	  2.21	  2.97	  8.03	  7.27	  2.32	  2.49	 12.28	 12.13	  6.23	  5.83	 | 12.28 max

train losses    266:	0.5572	0.5847	0.3322	0.3252	 0.694	0.7345	 0.454	0.4612	 1.533	 1.544	 1.477	 1.473	
val losses      266:	0.4803	0.5358	0.3368	0.3188	  1.03	 1.056	0.4731	0.4751	 2.538	 2.589	 1.398	  1.39	 | 1.052 mean
                     	  1.42	  1.58	  0.85	  0.84	  3.11	 3.078	  1.21	  1.26	  6.94	  6.93	  3.43	   3.4	 | 3.77 quantile
                      	  6.06	  6.76	  2.21	  2.97	  8.03	  7.27	  2.32	  2.49	 12.28	 12.13	  6.23	  5.83	 | 12.28 max

train losses    268:	0.5572	0.5847	0.3322	0.3252	 0.694	0.7345	 0.454	0.4612	 1.533	 1.544	 1.477	 1.473	
val losses      268:	0.4803	0.5358	0.3368	0.3188	  1.03	 1.056	0.4731	0.4751	 2.538	 2.589	 1.398	  1.39	 | 1.052 mean
                     	  1.42	  1.58	  0.85	  0.84	  3.11	 3.078	  1.21	  1.26	  6.94	  6.93	  3.43	   3.4	 | 3.77 quantile
                      	  6.06	  6.76	  2.21	  2.97	  8.03	  7.27	  2.32	  2.49	 12.28	 12.13	  6.23	  5.83	 | 12.28 max

train losses    270:	0.5572	0.5847	0.3322	0.3252	 0.694	0.7345	 0.454	0.4612	 1.533	 1.544	 1.477	 1.473	
val losses      270:	0.4803	0.5358	0.3368	0.3188	  1.03	 1.056	0.4731	0.4751	 2.538	 2.589	 1.398	  1.39	 | 1.052 mean
                     	  1.42	  1.58	  0.85	  0.84	  3.11	 3.078	  1.21	  1.26	  6.94	  6.93	  3.43	   3.4	 | 3.77 quantile
                      	  6.06	  6.76	  2.21	  2.97	  8.03	  7.27	  2.32	  2.49	 12.28	 12.13	  6.23	  5.83	 | 12.28 max

train losses    272:	0.5572	0.5847	0.3322	0.3252	 0.694	0.7345	 0.454	0.4612	 1.533	 1.544	 1.477	 1.473	
val losses      272:	0.4803	0.5358	0.3368	0.3188	  1.03	 1.056	0.4731	0.4751	 2.538	 2.589	 1.398	  1.39	 | 1.052 mean
                     	  1.42	  1.58	  0.85	  0.84	  3.11	 3.078	  1.21	  1.26	  6.94	  6.93	  3.43	   3.4	 | 3.77 quantile
                      	  6.06	  6.76	  2.21	  2.97	  8.03	  7.27	  2.32	  2.49	 12.28	 12.13	  6.23	  5.83	 | 12.28 max

train losses    274:	0.5572	0.5847	0.3322	0.3252	 0.694	0.7345	 0.454	0.4612	 1.533	 1.544	 1.477	 1.473	
val losses      274:	0.4803	0.5358	0.3368	0.3188	  1.03	 1.056	0.4731	0.4751	 2.538	 2.589	 1.398	  1.39	 | 1.052 mean
                     	  1.42	  1.58	  0.85	  0.84	  3.11	 3.078	  1.21	  1.26	  6.94	  6.93	  3.43	   3.4	 | 3.77 quantile
                      	  6.06	  6.76	  2.21	  2.97	  8.03	  7.27	  2.32	  2.49	 12.28	 12.13	  6.23	  5.83	 | 12.28 max

train losses    276:	0.5572	0.5847	0.3322	0.3252	 0.694	0.7345	 0.454	0.4612	 1.533	 1.544	 1.477	 1.473	
val losses      276:	0.4803	0.5358	0.3368	0.3188	  1.03	 1.056	0.4731	0.4751	 2.538	 2.589	 1.398	  1.39	 | 1.052 mean
                     	  1.42	  1.58	  0.85	  0.84	  3.11	 3.078	  1.21	  1.26	  6.94	  6.93	  3.43	   3.4	 | 3.77 quantile
                      	  6.06	  6.76	  2.21	  2.97	  8.03	  7.27	  2.32	  2.49	 12.28	 12.13	  6.23	  5.83	 | 12.28 max

train losses    278:	0.5572	0.5847	0.3322	0.3252	 0.694	0.7345	 0.454	0.4612	 1.533	 1.544	 1.477	 1.473	
val losses      278:	0.4803	0.5358	0.3368	0.3188	  1.03	 1.056	0.4731	0.4751	 2.538	 2.589	 1.398	  1.39	 | 1.052 mean
                     	  1.42	  1.58	  0.85	  0.84	  3.11	 3.078	  1.21	  1.26	  6.94	  6.93	  3.43	   3.4	 | 3.77 quantile
                      	  6.06	  6.76	  2.21	  2.97	  8.03	  7.27	  2.32	  2.49	 12.28	 12.13	  6.23	  5.83	 | 12.28 max

train losses    280:	0.5572	0.5847	0.3322	0.3252	 0.694	0.7345	 0.454	0.4612	 1.533	 1.544	 1.477	 1.473	
val losses      280:	0.4803	0.5358	0.3368	0.3188	  1.03	 1.056	0.4731	0.4751	 2.538	 2.589	 1.398	  1.39	 | 1.052 mean
                     	  1.42	  1.58	  0.85	  0.84	  3.11	 3.078	  1.21	  1.26	  6.94	  6.93	  3.43	   3.4	 | 3.77 quantile
                      	  6.06	  6.76	  2.21	  2.97	  8.03	  7.27	  2.32	  2.49	 12.28	 12.13	  6.23	  5.83	 | 12.28 max

train losses    282:	0.5572	0.5847	0.3322	0.3252	 0.694	0.7345	 0.454	0.4612	 1.533	 1.544	 1.477	 1.473	
val losses      282:	0.4803	0.5358	0.3368	0.3188	  1.03	 1.056	0.4731	0.4751	 2.538	 2.589	 1.398	  1.39	 | 1.052 mean
                     	  1.42	  1.58	  0.85	  0.84	  3.11	 3.078	  1.21	  1.26	  6.94	  6.93	  3.43	   3.4	 | 3.77 quantile
                      	  6.06	  6.76	  2.21	  2.97	  8.03	  7.27	  2.32	  2.49	 12.28	 12.13	  6.23	  5.83	 | 12.28 max

train losses    284:	0.5572	0.5847	0.3322	0.3252	 0.694	0.7345	 0.454	0.4612	 1.533	 1.544	 1.477	 1.473	
val losses      284:	0.4803	0.5358	0.3368	0.3188	  1.03	 1.056	0.4731	0.4751	 2.538	 2.589	 1.398	  1.39	 | 1.052 mean
                     	  1.42	  1.58	  0.85	  0.84	  3.11	 3.078	  1.21	  1.26	  6.94	  6.93	  3.43	   3.4	 | 3.77 quantile
                      	  6.06	  6.76	  2.21	  2.97	  8.03	  7.27	  2.32	  2.49	 12.28	 12.13	  6.23	  5.83	 | 12.28 max

train losses    286:	0.5572	0.5847	0.3322	0.3252	 0.694	0.7345	 0.454	0.4612	 1.533	 1.544	 1.477	 1.473	
val losses      286:	0.4803	0.5358	0.3368	0.3188	  1.03	 1.056	0.4731	0.4751	 2.538	 2.589	 1.398	  1.39	 | 1.052 mean
                     	  1.42	  1.58	  0.85	  0.84	  3.11	 3.078	  1.21	  1.26	  6.94	  6.93	  3.43	   3.4	 | 3.77 quantile
                      	  6.06	  6.76	  2.21	  2.97	  8.03	  7.27	  2.32	  2.49	 12.28	 12.13	  6.23	  5.83	 | 12.28 max

train losses    288:	0.5572	0.5847	0.3322	0.3252	 0.694	0.7345	 0.454	0.4612	 1.533	 1.544	 1.477	 1.473	
val losses      288:	0.4803	0.5358	0.3368	0.3188	  1.03	 1.056	0.4731	0.4751	 2.538	 2.589	 1.398	  1.39	 | 1.052 mean
                     	  1.42	  1.58	  0.85	  0.84	  3.11	 3.078	  1.21	  1.26	  6.94	  6.93	  3.43	   3.4	 | 3.77 quantile
                      	  6.06	  6.76	  2.21	  2.97	  8.03	  7.27	  2.32	  2.49	 12.28	 12.13	  6.23	  5.83	 | 12.28 max

train losses    290:	0.5572	0.5847	0.3322	0.3252	 0.694	0.7345	 0.454	0.4612	 1.533	 1.544	 1.477	 1.473	
val losses      290:	0.4803	0.5358	0.3368	0.3188	  1.03	 1.056	0.4731	0.4751	 2.538	 2.589	 1.398	  1.39	 | 1.052 mean
                     	  1.42	  1.58	  0.85	  0.84	  3.11	 3.078	  1.21	  1.26	  6.94	  6.93	  3.43	   3.4	 | 3.77 quantile
                      	  6.06	  6.76	  2.21	  2.97	  8.03	  7.27	  2.32	  2.49	 12.28	 12.13	  6.23	  5.83	 | 12.28 max

train losses    292:	0.5572	0.5847	0.3322	0.3252	 0.694	0.7345	 0.454	0.4612	 1.533	 1.544	 1.477	 1.473	
val losses      292:	0.4803	0.5358	0.3368	0.3188	  1.03	 1.056	0.4731	0.4751	 2.538	 2.589	 1.398	  1.39	 | 1.052 mean
                     	  1.42	  1.58	  0.85	  0.84	  3.11	 3.078	  1.21	  1.26	  6.94	  6.93	  3.43	   3.4	 | 3.77 quantile
                      	  6.06	  6.76	  2.21	  2.97	  8.03	  7.27	  2.32	  2.49	 12.28	 12.13	  6.23	  5.83	 | 12.28 max

train losses    294:	0.5572	0.5847	0.3322	0.3252	 0.694	0.7345	 0.454	0.4612	 1.533	 1.544	 1.477	 1.473	
val losses      294:	0.4803	0.5358	0.3368	0.3188	  1.03	 1.056	0.4731	0.4751	 2.538	 2.589	 1.398	  1.39	 | 1.052 mean
                     	  1.42	  1.58	  0.85	  0.84	  3.11	 3.078	  1.21	  1.26	  6.94	  6.93	  3.43	   3.4	 | 3.77 quantile
                      	  6.06	  6.76	  2.21	  2.97	  8.03	  7.27	  2.32	  2.49	 12.28	 12.13	  6.23	  5.83	 | 12.28 max

train losses    296:	0.5572	0.5847	0.3322	0.3252	 0.694	0.7345	 0.454	0.4612	 1.533	 1.544	 1.477	 1.473	
val losses      296:	0.4803	0.5358	0.3368	0.3188	  1.03	 1.056	0.4731	0.4751	 2.538	 2.589	 1.398	  1.39	 | 1.052 mean
                     	  1.42	  1.58	  0.85	  0.84	  3.11	 3.078	  1.21	  1.26	  6.94	  6.93	  3.43	   3.4	 | 3.77 quantile
                      	  6.06	  6.76	  2.21	  2.97	  8.03	  7.27	  2.32	  2.49	 12.28	 12.13	  6.23	  5.83	 | 12.28 max

train losses    298:	0.5572	0.5847	0.3322	0.3252	 0.694	0.7345	 0.454	0.4612	 1.533	 1.544	 1.477	 1.473	
val losses      298:	0.4803	0.5358	0.3368	0.3188	  1.03	 1.056	0.4731	0.4751	 2.538	 2.589	 1.398	  1.39	 | 1.052 mean
                     	  1.42	  1.58	  0.85	  0.84	  3.11	 3.078	  1.21	  1.26	  6.94	  6.93	  3.43	   3.4	 | 3.77 quantile
                      	  6.06	  6.76	  2.21	  2.97	  8.03	  7.27	  2.32	  2.49	 12.28	 12.13	  6.23	  5.83	 | 12.28 max

