train losses      0:	0.5465	0.5909	0.3399	0.3362	0.7093	0.7499	0.4584	0.4653	 1.584	 1.598	 1.481	 1.478	
val losses        0:	0.6627	0.6748	0.3066	0.3094	0.7398	0.7757	0.4191	 0.418	 1.508	 1.508	 1.323	 1.316	 | 0.83 mean
                     	 2.188	 2.152	0.7838	0.8061	  2.03	 2.221	 1.147	 1.114	 4.168	 4.315	 3.063	 3.062	 | 2.676 quantile
                      	 6.186	 7.071	 2.142	 1.701	 5.694	 6.082	 2.099	 2.115	 7.888	 6.968	 4.327	 4.634	 | 7.888 max

train losses      2:	0.5454	0.5823	0.3373	0.3312	0.7085	0.7481	0.4582	0.4654	 1.582	 1.595	  1.48	 1.477	
val losses        2:	0.6604	0.6719	0.2998	0.3131	0.7416	0.7787	0.4218	0.4181	 1.504	 1.501	 1.323	 1.314	 | 0.829 mean
                     	 2.189	 2.147	0.7795	0.8008	 2.043	 2.227	  1.15	 1.116	 4.174	 4.314	 3.061	 3.063	 | 2.676 quantile
                      	 6.126	 7.073	 2.173	 1.732	 5.712	 6.096	 2.063	  2.11	  7.84	 6.814	 4.329	 4.654	 | 7.84 max

train losses      4:	0.5439	0.5754	0.3363	0.3287	0.7074	0.7454	0.4582	0.4657	 1.577	  1.59	 1.478	 1.475	
val losses        4:	 0.655	0.6635	0.3002	0.3141	0.7358	0.7833	 0.403	0.4213	 1.498	 1.493	 1.322	 1.314	 | 0.8253 mean
                     	 2.171	 2.115	0.7839	0.8044	 2.033	 2.235	 1.122	 1.128	 4.175	 4.313	 3.063	 3.062	 | 2.669 quantile
                      	 6.045	 7.019	 2.224	 1.764	 5.673	 6.098	 1.984	 2.085	 7.792	 6.849	 4.344	 4.613	 | 7.792 max

train losses      6:	0.5412	0.5683	0.3359	0.3273	0.7051	0.7437	0.4581	0.4662	 1.568	 1.581	 1.475	 1.471	
val losses        6:	 0.648	0.6523	0.3014	0.3153	0.7317	0.7904	 0.393	0.4223	 1.487	 1.479	 1.319	 1.314	 | 0.8211 mean
                     	  2.13	  2.07	0.7857	0.8071	 2.028	 2.227	 1.109	 1.136	 4.162	 4.275	 3.061	 3.082	 | 2.656 quantile
                      	 5.976	 6.901	 2.247	 1.755	 5.656	 6.132	 1.943	 2.098	 7.763	 7.006	 4.373	 4.577	 | 7.763 max

train losses      8:	0.5374	0.5606	0.3362	0.3271	0.7019	0.7439	 0.458	0.4669	 1.552	 1.564	 1.471	 1.465	
val losses        8:	0.6393	0.6379	0.3035	0.3142	0.7284	0.7929	0.3908	0.4239	 1.469	 1.458	 1.313	 1.312	 | 0.8152 mean
                     	 2.091	 2.016	0.7901	0.8051	 2.013	 2.207	   1.1	 1.141	 4.136	 4.229	 3.052	 3.087	 | 2.63 quantile
                      	 5.931	 6.674	 2.284	 1.726	  5.64	 6.138	 1.889	 2.086	 7.707	 7.132	 4.371	 4.499	 | 7.707 max

train losses     10:	0.5323	0.5524	0.3374	0.3276	0.6971	0.7455	0.4581	0.4686	 1.527	 1.539	 1.463	 1.458	
val losses       10:	0.6297	0.6227	0.3074	0.3129	0.7228	0.7948	0.3906	 0.427	 1.439	 1.427	 1.304	 1.308	 | 0.8071 mean
                     	  2.05	 1.965	0.7973	0.8024	 1.985	 2.197	 1.099	 1.146	 4.116	 4.164	 3.029	 3.093	 | 2.593 quantile
                      	 5.854	 6.465	 2.298	 1.743	 5.641	 6.093	 1.895	 2.051	 7.635	 7.218	 4.312	 4.529	 | 7.635 max

train losses     12:	0.5253	0.5436	0.3405	0.3287	0.6899	0.7488	0.4582	0.4711	 1.487	   1.5	  1.45	 1.446	
val losses       12:	0.6165	0.6088	0.3141	 0.314	0.7112	0.8023	0.3913	0.4289	 1.396	 1.381	 1.293	 1.301	 | 0.7965 mean
                     	 2.001	  1.91	0.8084	0.8088	 1.956	  2.21	 1.097	 1.156	  4.01	 4.077	   3.0	 3.106	 | 2.548 quantile
                      	 5.695	 6.295	 2.302	 1.812	 5.599	 6.089	 1.911	 2.038	 7.497	 7.222	 4.218	 4.502	 | 7.497 max

train losses     14:	 0.517	0.5361	0.3465	 0.331	0.6802	0.7538	0.4585	 0.474	 1.428	 1.443	 1.431	 1.429	
val losses       14:	0.6012	0.5995	0.3262	0.3173	0.6971	0.8105	 0.392	0.4325	 1.331	 1.312	 1.278	 1.293	 | 0.7826 mean
                     	 1.922	 1.874	0.8221	0.8199	 1.924	 2.207	 1.099	 1.163	 3.851	 3.897	 2.935	 3.103	 | 2.486 quantile
                      	 5.487	 6.152	 2.327	 1.839	 5.482	 6.098	 1.943	 2.169	  7.24	 7.087	 4.068	 4.425	 | 7.24 max

train losses     16:	0.5081	0.5304	0.3581	0.3346	0.6695	 0.762	0.4589	0.4778	 1.347	 1.362	 1.404	 1.405	
val losses       16:	0.5834	0.5912	0.3467	 0.322	0.6804	0.8234	0.3924	0.4375	 1.239	 1.217	 1.262	 1.281	 | 0.7647 mean
                     	 1.844	 1.829	0.8771	 0.839	 1.913	 2.218	 1.093	 1.179	 3.586	 3.636	 2.911	 3.106	 | 2.416 quantile
                      	 5.253	  5.97	 2.355	 1.888	 5.298	  6.09	 1.978	 2.316	 6.774	 6.678	  4.12	 4.292	 | 6.774 max

train losses     18:	0.4992	0.5253	0.3783	0.3387	0.6607	0.7723	0.4601	0.4799	 1.242	 1.256	 1.369	 1.371	
val losses       18:	0.5665	0.5831	0.3751	0.3277	0.6656	0.8318	0.3945	 0.435	 1.129	 1.105	 1.247	 1.263	 | 0.7437 mean
                     	 1.741	 1.783	0.9514	0.8553	 1.875	 2.237	 1.095	 1.171	 3.193	   3.3	 2.919	 3.118	 | 2.333 quantile
                      	 5.054	 5.862	 2.473	 1.946	 4.958	 6.068	 2.033	 2.329	  6.47	 6.106	 4.278	 4.104	 | 6.47 max

train losses     20:	0.4924	0.5188	 0.405	0.3435	0.6585	0.7747	0.4617	0.4781	 1.123	 1.136	 1.328	 1.325	
val losses       20:	0.5539	0.5693	0.4064	0.3329	0.6617	0.8109	0.3956	0.4315	 1.018	0.9897	 1.238	 1.244	 | 0.721 mean
                     	 1.676	 1.732	 1.022	0.8731	 1.829	 2.209	 1.092	 1.155	 2.812	 2.917	  2.91	 3.099	 | 2.239 quantile
                      	 4.803	 5.758	 2.622	 2.042	  4.57	 5.992	 2.111	 2.258	 6.024	 5.639	 4.361	 4.168	 | 6.024 max

train losses     22:	0.4872	0.5076	0.4226	 0.347	0.6609	0.7641	0.4631	0.4781	   1.0	 1.015	 1.281	  1.27	
val losses       22:	0.5448	0.5509	 0.407	0.3358	0.6637	0.7757	0.3962	0.4332	0.9197	0.8881	 1.228	 1.224	 | 0.6973 mean
                     	  1.64	 1.693	  1.02	0.8779	 1.806	 2.163	  1.09	 1.152	 2.436	 2.523	  2.86	 3.062	 | 2.137 quantile
                      	 4.502	 5.577	 2.639	 2.058	 4.359	  5.89	  2.26	 2.207	 5.255	 4.978	 4.569	 4.434	 | 5.89 max

train losses     24:	0.4808	0.4919	0.4208	0.3487	0.6585	0.7468	0.4641	0.4809	0.8919	0.9104	 1.228	 1.209	
val losses       24:	0.5316	0.5282	0.3984	0.3363	0.6515	  0.74	0.3972	0.4374	0.8282	0.8003	 1.201	 1.198	 | 0.6706 mean
                     	 1.591	 1.632	 1.011	0.8743	 1.776	 2.085	 1.099	 1.162	  2.13	 2.229	  2.82	  3.01	 | 2.038 quantile
                      	 4.254	  5.28	 2.607	 2.043	 4.202	 5.799	 2.273	  2.25	  4.22	 4.074	 4.657	 4.708	 | 5.799 max

train losses     26:	0.4731	0.4759	0.4147	0.3478	0.6511	0.7287	0.4649	0.4827	0.8369	0.8468	  1.18	 1.155	
val losses       26:	0.5217	0.5114	0.3887	0.3341	0.6387	0.7195	0.3979	0.4394	0.7856	0.7717	 1.167	 1.171	 | 0.654 mean
                     	 1.535	 1.575	0.9877	0.8679	 1.763	 2.014	 1.103	 1.163	 1.997	 2.024	 2.761	 2.964	 | 1.995 quantile
                      	 3.938	  4.97	 2.588	 2.005	 4.212	 5.745	 2.288	 2.331	 3.497	 3.721	 4.582	 5.056	 | 5.745 max

train losses     28:	0.4655	 0.462	0.4028	 0.346	0.6349	0.7085	0.4647	0.4817	0.7773	0.7846	 1.138	 1.117	
val losses       28:	0.5071	0.4986	0.3802	0.3316	0.6269	0.7055	0.3979	0.4393	0.7932	0.7778	 1.132	  1.15	 | 0.6451 mean
                     	 1.482	 1.544	0.9622	 0.859	 1.729	 1.976	 1.098	 1.155	 2.007	 2.054	 2.772	 2.909	 | 1.983 quantile
                      	 3.764	 4.799	 2.505	 1.957	 4.214	 5.643	 2.375	 2.404	 3.777	 3.645	 4.504	 5.357	 | 5.643 max

train losses     30:	0.4583	0.4533	0.3986	0.3446	 0.619	0.6916	0.4644	0.4788	0.7812	0.7889	 1.108	 1.089	
val losses       30:	0.4983	0.4894	 0.372	 0.329	0.6146	 0.693	 0.397	0.4381	0.8436	 0.833	 1.117	  1.14	 | 0.6471 mean
                     	 1.456	 1.521	0.9517	0.8489	 1.694	  1.94	 1.098	 1.156	 2.115	 2.048	 2.783	 2.884	 | 1.996 quantile
                      	 3.567	 4.613	 2.486	 1.908	 4.289	 5.501	 2.274	 2.462	 3.844	 3.685	 4.541	  5.52	 | 5.52 max

train losses     32:	0.4505	0.4466	0.3916	0.3418	 0.601	0.6671	0.4637	 0.476	 0.748	0.7436	 1.082	 1.069	
val losses       32:	0.4907	0.4811	0.3619	0.3253	0.6026	 0.666	0.3963	 0.437	0.7252	0.7122	 1.105	  1.13	 | 0.6195 mean
                     	 1.416	 1.478	0.9262	0.8437	 1.646	 1.858	 1.092	 1.148	 1.791	 1.738	 2.755	 2.864	 | 1.883 quantile
                      	 3.386	 4.466	 2.451	 1.828	 4.295	 5.326	 2.291	 2.503	 3.286	  3.34	 4.778	 5.707	 | 5.707 max

train losses     34:	0.4445	0.4416	0.3869	0.3404	0.5795	0.6501	0.4626	0.4729	0.6801	0.6863	 1.059	 1.049	
val losses       34:	0.4866	0.4748	0.3585	0.3232	0.5864	0.6474	0.3957	0.4348	0.7297	 0.722	 1.095	 1.121	 | 0.6145 mean
                     	 1.391	 1.457	0.9119	0.8379	 1.603	 1.803	 1.092	 1.142	 1.756	 1.744	 2.741	 2.826	 | 1.859 quantile
                      	 3.233	 4.273	 2.472	 1.809	 4.238	 5.071	 2.304	 2.581	 2.931	 3.051	 4.873	  5.79	 | 5.79 max

train losses     36:	0.4392	0.4347	0.3852	0.3394	0.5625	0.6287	0.4607	0.4702	0.6399	0.6487	  1.04	 1.031	
val losses       36:	0.4835	0.4674	0.3548	 0.325	0.5687	0.6304	0.3942	0.4332	0.7179	0.7167	 1.094	 1.119	 | 0.6087 mean
                     	  1.37	 1.411	   0.9	0.8409	 1.553	 1.746	 1.084	 1.136	 1.756	 1.751	  2.73	 2.822	 | 1.839 quantile
                      	 3.231	 4.167	  2.48	  1.79	 4.152	 4.885	 2.277	 2.558	 2.967	 3.223	 5.015	 5.965	 | 5.965 max

train losses     38:	0.4354	 0.428	 0.383	0.3388	 0.545	0.6082	0.4592	 0.468	0.6271	0.6304	 1.023	 1.015	
val losses       38:	0.4783	0.4605	0.3528	 0.323	0.5545	0.6105	 0.393	0.4312	 0.752	0.7367	 1.088	 1.111	 | 0.6077 mean
                     	 1.347	  1.39	0.8954	0.8377	 1.501	 1.683	 1.083	 1.137	 1.812	  1.75	 2.717	 2.782	 | 1.833 quantile
                      	 3.202	 4.025	 2.453	  1.77	 4.024	 4.694	 2.231	 2.602	 2.765	 3.025	  5.12	 6.086	 | 6.086 max

train losses     40:	0.4326	0.4214	0.3812	0.3384	0.5275	0.5888	 0.458	0.4661	0.6072	0.6122	 1.007	0.9976	
val losses       40:	0.4756	0.4539	0.3512	0.3241	0.5379	0.5883	0.3918	0.4302	0.7268	0.7134	  1.08	 1.105	 | 0.5982 mean
                     	 1.327	  1.36	0.8908	 0.843	 1.451	  1.61	  1.08	 1.134	 1.755	  1.69	 2.716	 2.763	 | 1.795 quantile
                      	  3.18	 3.917	 2.463	 1.754	 3.911	 4.513	  2.18	 2.592	 2.794	  3.12	  5.18	 6.173	 | 6.173 max

train losses     42:	0.4305	0.4151	0.3804	0.3381	0.5117	0.5682	0.4569	0.4646	0.5998	0.6023	0.9915	0.9828	
val losses       42:	 0.473	0.4477	0.3497	0.3246	0.5237	0.5698	0.3909	0.4286	  0.73	0.7178	 1.081	 1.104	 | 0.5951 mean
                     	 1.313	 1.328	0.8923	0.8421	 1.402	 1.548	 1.078	 1.133	 1.767	 1.714	 2.714	 2.751	 | 1.785 quantile
                      	 3.136	 3.822	 2.453	 1.745	 3.785	 4.318	 2.149	 2.593	 2.712	 3.071	 5.303	 6.294	 | 6.294 max

train losses     44:	0.4289	0.4092	0.3787	0.3378	0.4963	0.5483	0.4559	0.4629	 0.587	0.5891	0.9766	0.9685	
val losses       44:	0.4704	0.4418	0.3487	0.3252	0.5101	 0.552	0.3901	0.4269	0.7397	0.7242	 1.078	   1.1	 | 0.5923 mean
                     	 1.301	 1.306	0.8922	0.8411	 1.364	 1.476	 1.076	 1.128	  1.79	 1.729	 2.694	 2.735	 | 1.777 quantile
                      	 3.075	 3.724	 2.442	 1.755	 3.666	 4.138	 2.113	 2.593	 2.608	 3.025	 5.413	 6.377	 | 6.377 max

train losses     46:	 0.427	0.4032	0.3777	0.3374	0.4821	0.5296	0.4548	0.4614	0.5773	0.5787	 0.962	0.9539	
val losses       46:	0.4684	0.4357	0.3481	0.3262	0.4973	0.5348	0.3892	0.4256	0.7314	0.7145	 1.076	 1.098	 | 0.5871 mean
                     	 1.288	 1.287	0.8925	0.8423	 1.341	 1.424	 1.072	 1.124	 1.779	 1.703	 2.679	 2.716	 | 1.764 quantile
                      	 3.029	 3.627	 2.439	 1.757	 3.554	 3.974	 2.071	 2.565	 2.622	 3.013	 5.551	  6.49	 | 6.49 max

train losses     48:	0.4247	0.3973	0.3772	 0.337	0.4693	0.5122	0.4538	0.4599	0.5713	0.5724	0.9479	0.9402	
val losses       48:	0.4648	0.4291	0.3477	0.3262	0.4867	0.5199	0.3886	0.4242	0.7433	0.7214	  1.08	 1.099	 | 0.5859 mean
                     	  1.28	 1.259	0.8933	0.8381	 1.319	 1.387	 1.069	  1.12	 1.807	  1.72	 2.672	 2.717	 | 1.759 quantile
                      	 2.975	 3.527	 2.438	 1.745	 3.435	 3.812	 2.021	 2.541	 2.622	 2.901	  5.71	 6.614	 | 6.614 max

train losses     50:	0.4217	0.3914	0.3763	0.3367	0.4578	0.4966	0.4528	0.4583	0.5651	0.5665	0.9343	0.9269	
val losses       50:	0.4598	0.4224	0.3469	0.3271	0.4773	0.5077	0.3882	0.4228	0.7533	0.7289	 1.083	   1.1	 | 0.5848 mean
                     	 1.265	 1.239	0.8909	0.8348	 1.291	  1.35	 1.066	 1.114	 1.834	 1.735	  2.67	 2.706	 | 1.76 quantile
                      	 2.918	  3.43	 2.442	 1.747	 3.317	 3.659	 1.973	 2.507	 2.668	 2.911	 5.843	  6.72	 | 6.72 max

train losses     52:	0.4177	0.3854	0.3752	0.3364	0.4475	 0.483	0.4518	0.4569	0.5589	0.5596	0.9206	0.9136	
val losses       52:	0.4545	0.4154	0.3457	0.3275	0.4679	0.4972	0.3878	0.4213	0.7505	0.7254	 1.081	 1.097	 | 0.581 mean
                     	 1.251	 1.214	0.8893	0.8365	 1.278	 1.306	 1.067	  1.11	 1.837	 1.732	 2.659	 2.687	 | 1.748 quantile
                      	 2.871	 3.338	 2.453	 1.748	 3.208	 3.517	 1.981	 2.473	 2.666	  2.91	 5.936	 6.775	 | 6.775 max

train losses     54:	 0.413	0.3792	 0.374	0.3362	0.4384	0.4708	0.4509	0.4555	0.5518	0.5517	0.9073	0.9005	
val losses       54:	0.4482	0.4081	0.3443	0.3275	 0.459	0.4877	0.3876	0.4199	0.7457	0.7209	 1.081	 1.095	 | 0.5771 mean
                     	 1.238	 1.182	0.8875	0.8367	  1.26	 1.283	 1.066	 1.102	 1.831	 1.733	 2.656	 2.694	 | 1.736 quantile
                      	 2.826	 3.249	 2.458	  1.75	 3.116	 3.402	 2.001	 2.448	  2.72	  2.89	 6.024	 6.818	 | 6.818 max

train losses     56:	0.4076	 0.373	0.3725	0.3361	0.4301	0.4598	0.4502	0.4543	0.5435	 0.543	0.8949	0.8877	
val losses       56:	0.4405	0.4005	0.3425	0.3272	0.4508	 0.479	0.3874	0.4188	0.7401	0.7159	 1.087	 1.099	 | 0.5741 mean
                     	 1.212	 1.157	0.8848	0.8369	 1.231	 1.257	 1.071	 1.097	 1.816	 1.729	 2.649	 2.676	 | 1.726 quantile
                      	 2.775	 3.169	 2.471	  1.75	  3.05	 3.297	 2.019	 2.425	 2.771	 2.871	 6.154	 6.921	 | 6.921 max

train losses     58:	0.4019	0.3668	0.3709	0.3359	0.4229	  0.45	0.4495	0.4532	0.5342	0.5336	0.8823	0.8749	
val losses       58:	0.4323	 0.393	0.3409	0.3271	0.4431	0.4709	0.3872	0.4178	0.7309	0.7077	 1.092	 1.102	 | 0.5704 mean
                     	 1.189	  1.13	0.8805	 0.835	 1.211	 1.241	  1.07	 1.095	 1.791	 1.714	 2.644	 2.658	 | 1.717 quantile
                      	 2.729	 3.092	 2.484	 1.755	 3.028	 3.203	 2.031	 2.403	 2.825	  2.83	 6.277	  7.02	 | 7.02 max

train losses     60:	 0.396	0.3607	0.3693	0.3357	0.4162	0.4411	0.4488	0.4522	0.5255	 0.525	0.8687	0.8619	
val losses       60:	0.4243	0.3855	0.3394	0.3263	0.4363	0.4639	0.3869	0.4167	0.7213	0.6991	 1.088	 1.096	 | 0.5653 mean
                     	 1.166	 1.108	0.8783	0.8339	  1.19	  1.23	 1.067	 1.098	 1.765	 1.705	  2.64	 2.653	 | 1.696 quantile
                      	 2.687	 3.014	 2.496	 1.759	 3.014	 3.115	 2.041	 2.393	 2.898	 2.843	 6.333	 7.038	 | 7.038 max

train losses     62:	0.3898	0.3545	0.3677	0.3355	0.4102	0.4333	0.4483	0.4514	0.5197	0.5197	0.8565	0.8487	
val losses       62:	0.4156	0.3779	0.3382	0.3263	0.4306	0.4574	0.3867	0.4158	0.7171	0.6948	 1.095	   1.1	 | 0.5629 mean
                     	 1.143	 1.079	0.8771	0.8306	 1.166	 1.216	 1.069	   1.1	 1.751	 1.699	 2.631	 2.624	 | 1.695 quantile
                      	 2.663	 2.959	  2.51	 1.763	 2.992	 3.027	  2.04	 2.375	 2.945	 2.872	 6.471	 7.165	 | 7.165 max

train losses     64:	0.3837	0.3483	0.3661	0.3353	0.4049	0.4262	0.4477	0.4505	0.5156	0.5162	0.8431	0.8361	
val losses       64:	0.4087	0.3702	0.3371	0.3257	0.4255	0.4519	0.3864	0.4153	0.7156	0.6925	 1.091	 1.093	 | 0.5594 mean
                     	 1.126	 1.055	0.8742	  0.83	 1.145	  1.21	 1.069	 1.101	 1.749	  1.71	 2.649	 2.664	 | 1.68 quantile
                      	 2.629	  2.87	 2.517	 1.771	 2.976	 2.952	 2.054	 2.374	 2.983	 2.866	  6.52	 7.179	 | 7.179 max

train losses     66:	 0.378	0.3423	0.3647	 0.335	0.4002	0.4199	0.4472	0.4498	 0.511	0.5123	0.8335	0.8262	
val losses       66:	0.4021	0.3625	0.3353	 0.327	0.4203	0.4449	0.3864	0.4143	0.7176	0.6913	 1.106	 1.107	 | 0.5596 mean
                     	 1.106	 1.034	0.8718	 0.831	 1.125	 1.197	 1.063	 1.101	 1.757	  1.69	 2.629	 2.612	 | 1.698 quantile
                      	 2.586	 2.841	 2.516	 1.788	 2.934	 2.848	 2.048	 2.351	 2.941	 2.777	 6.698	 7.355	 | 7.355 max

train losses     68:	0.3722	0.3364	0.3633	0.3351	0.3961	0.4142	0.4471	0.4494	0.5078	0.5088	0.8429	0.8358	
val losses       68:	 0.397	 0.356	0.3339	0.3267	 0.416	0.4399	0.3861	 0.414	0.7205	0.6925	 1.099	 1.096	 | 0.5565 mean
                     	 1.092	 1.011	0.8674	0.8295	 1.115	 1.184	 1.064	 1.103	 1.767	 1.701	 2.662	 2.645	 | 1.672 quantile
                      	 2.558	 2.715	 2.516	 1.791	  2.91	 2.793	 2.064	 2.351	 2.959	 2.757	 6.745	 7.378	 | 7.378 max

train losses     70:	 0.369	0.3316	 0.362	0.3346	0.3942	0.4099	0.4467	0.4489	0.5028	0.5031	0.8455	0.8524	
val losses       70:	0.3903	0.3501	0.3316	0.3218	0.4128	0.4343	0.3862	 0.414	0.7176	0.6915	 1.118	 1.122	 | 0.5575 mean
                     	 1.071	0.9915	0.8562	0.8222	 1.105	  1.17	 1.057	 1.103	 1.756	 1.704	 2.832	 2.843	 | 1.667 quantile
                      	 2.522	 2.647	 2.493	 1.768	  2.86	 2.693	 2.102	 2.353	 3.052	 2.754	 6.443	 7.013	 | 7.013 max

train losses     72:	0.3637	0.3266	0.3606	0.3344	0.3894	0.4061	0.4461	 0.448	0.5003	0.5019	0.8187	0.8103	
val losses       72:	 0.377	0.3434	0.3297	0.3201	0.4098	0.4303	0.3857	0.4127	0.7294	0.7031	 1.103	 1.098	 | 0.5535 mean
                     	 1.039	0.9747	0.8484	0.8192	  1.09	 1.166	 1.058	 1.102	 1.797	 1.722	 2.799	 2.792	 | 1.661 quantile
                      	 2.531	 2.572	 2.472	 1.747	  2.78	 2.589	 2.106	 2.335	 3.026	 2.836	 6.566	 7.155	 | 7.155 max

train losses     74:	 0.357	0.3222	0.3593	 0.334	0.3852	0.4023	0.4457	0.4469	0.4973	0.4999	0.8098	0.8013	
val losses       74:	 0.369	0.3362	0.3286	0.3195	0.4103	0.4301	0.3855	0.4129	0.7307	0.7039	 1.124	 1.119	 | 0.5557 mean
                     	 1.022	0.9536	0.8373	0.8172	 1.088	  1.16	 1.063	 1.099	 1.802	 1.724	  2.82	 2.783	 | 1.679 quantile
                      	 2.525	 2.539	 2.445	 1.747	 2.728	 2.489	 2.115	  2.32	 2.982	 2.857	 6.744	 7.349	 | 7.349 max

train losses     76:	0.3519	0.3177	0.3585	0.3337	0.3839	0.4006	0.4452	0.4465	0.5051	0.5084	0.7845	0.7758	
val losses       76:	0.3633	0.3307	0.3274	0.3202	0.4086	0.4292	0.3852	0.4126	0.7467	0.7156	  1.12	 1.116	 | 0.5563 mean
                     	 1.008	0.9332	0.8323	0.8193	 1.082	 1.159	 1.062	 1.098	 1.828	 1.739	 2.774	 2.737	 | 1.683 quantile
                      	 2.486	 2.515	 2.445	 1.763	 2.703	 2.428	 2.112	 2.315	 2.915	 2.899	 6.903	 7.504	 | 7.504 max

train losses     78:	0.3475	0.3136	0.3573	0.3334	0.3819	 0.398	0.4448	0.4462	0.5199	0.5199	0.7763	0.7674	
val losses       78:	0.3592	0.3253	0.3262	0.3217	0.4049	0.4226	0.3846	0.4113	0.7567	0.7221	   1.1	 1.093	 | 0.5523 mean
                     	0.9905	0.9208	0.8329	0.8159	 1.074	 1.143	 1.059	 1.093	 1.852	 1.746	 2.663	 2.631	 | 1.678 quantile
                      	 2.438	  2.49	 2.449	 1.781	 2.688	  2.39	 2.092	 2.304	 2.888	 2.918	 6.992	 7.594	 | 7.594 max

train losses     80:	 0.343	0.3091	0.3561	0.3331	0.3786	0.3934	0.4442	0.4451	0.5211	0.5208	0.7604	0.7535	
val losses       80:	0.3552	0.3208	0.3254	0.3202	0.4015	0.4187	0.3841	0.4102	  0.76	0.7277	 1.087	 1.076	 | 0.5489 mean
                     	 0.979	0.9142	0.8312	0.8154	 1.066	 1.132	 1.054	 1.093	 1.863	 1.765	 2.625	 2.613	 | 1.667 quantile
                      	 2.389	 2.442	 2.451	 1.771	 2.671	 2.356	 2.091	 2.294	 2.949	 2.931	 6.978	 7.549	 | 7.549 max

train losses     82:	0.3388	0.3047	0.3551	0.3328	 0.375	0.3893	0.4438	0.4446	0.4922	0.4945	0.7578	0.7532	
val losses       82:	0.3482	0.3163	0.3246	0.3183	 0.398	0.4155	0.3838	  0.41	0.7445	0.7167	 1.092	 1.079	 | 0.5456 mean
                     	0.9576	0.8989	0.8286	0.8104	  1.06	 1.125	 1.054	 1.099	 1.859	 1.755	 2.731	  2.69	 | 1.65 quantile
                      	  2.38	 2.371	 2.442	 1.754	 2.659	 2.327	 2.106	 2.303	 3.038	 2.893	 6.895	  7.47	 | 7.47 max

train losses     84:	0.3349	 0.301	0.3542	0.3327	0.3722	 0.386	0.4436	0.4441	0.4859	0.4895	0.7717	0.7671	
val losses       84:	0.3414	0.3113	0.3239	0.3174	0.3938	 0.411	0.3841	0.4105	0.7188	0.6924	  1.13	 1.118	 | 0.546 mean
                     	0.9404	0.8847	0.8267	0.8125	 1.053	 1.112	 1.054	 1.099	 1.777	  1.73	 2.916	 2.844	 | 1.661 quantile
                      	  2.37	  2.32	 2.434	 1.746	 2.666	 2.307	 2.119	 2.316	   3.1	 2.757	 6.894	 7.457	 | 7.457 max

train losses     86:	 0.331	0.2972	0.3535	0.3325	0.3698	0.3833	0.4434	0.4434	0.4806	 0.485	0.7625	0.7567	
val losses       86:	0.3365	0.3065	0.3232	0.3172	 0.391	0.4077	0.3844	0.4106	0.7155	0.6873	 1.155	 1.145	 | 0.5484 mean
                     	0.9284	0.8661	0.8255	0.8096	 1.045	 1.104	 1.063	   1.1	 1.764	 1.702	 2.996	 2.934	 | 1.677 quantile
                      	 2.341	 2.284	 2.426	 1.754	 2.664	 2.281	 2.131	 2.321	 3.053	 2.743	 6.976	 7.548	 | 7.548 max

train losses     88:	0.3272	0.2939	 0.353	0.3322	0.3687	0.3825	0.4429	0.4429	0.4866	0.4912	0.7428	0.7366	
val losses       88:	0.3335	0.3024	0.3224	0.3175	0.3901	0.4067	 0.384	0.4102	0.7314	0.7013	 1.145	 1.136	 | 0.5484 mean
                     	0.9209	0.8526	0.8233	0.8094	 1.045	 1.101	 1.061	 1.096	 1.793	 1.711	 2.949	 2.893	 | 1.677 quantile
                      	  2.29	 2.253	 2.415	 1.767	 2.642	 2.238	 2.132	 2.318	 2.944	 2.866	 7.073	  7.64	 | 7.64 max

train losses     90:	0.3235	0.2906	0.3523	0.3319	0.3674	0.3815	0.4424	0.4422	0.5042	0.5068	0.7258	0.7203	
val losses       90:	0.3307	0.2988	0.3216	0.3175	0.3915	0.4074	0.3834	0.4091	0.7721	0.7389	 1.116	 1.104	 | 0.5493 mean
                     	0.9092	0.8419	 0.821	0.8035	 1.046	 1.094	 1.053	 1.093	 1.882	 1.772	 2.833	 2.786	 | 1.674 quantile
                      	 2.244	 2.228	 2.402	 1.772	 2.599	 2.229	 2.129	   2.3	 2.869	 3.026	 7.131	 7.698	 | 7.698 max

train losses     92:	0.3203	0.2873	0.3517	0.3317	0.3657	0.3795	0.4419	0.4415	0.5117	0.5146	0.7181	0.7146	
val losses       92:	0.3261	0.2953	0.3208	0.3169	0.3923	0.4072	 0.383	0.4083	0.7899	0.7566	 1.103	 1.089	 | 0.5491 mean
                     	0.8961	0.8348	0.8182	0.8055	 1.041	 1.094	 1.051	 1.091	 1.918	 1.807	 2.788	 2.736	 | 1.675 quantile
                      	 2.216	 2.209	 2.392	 1.768	 2.562	 2.227	 2.129	 2.288	  2.86	 3.087	 7.149	 7.712	 | 7.712 max

train losses     94:	0.3171	0.2843	0.3512	0.3316	0.3642	0.3778	0.4416	 0.441	0.5125	0.5166	0.7211	0.7195	
val losses       94:	0.3205	0.2918	0.3202	0.3164	0.3894	0.4037	0.3827	 0.408	0.7622	0.7303	 1.105	  1.09	 | 0.5433 mean
                     	0.8818	0.8206	0.8149	0.8043	  1.04	 1.086	 1.051	 1.089	 1.885	  1.76	 2.808	 2.756	 | 1.653 quantile
                      	   2.2	 2.205	 2.391	 1.766	 2.551	 2.203	 2.127	 2.287	 2.895	 3.019	  7.17	 7.735	 | 7.735 max

train losses     96:	0.3138	0.2814	0.3505	0.3315	0.3627	0.3762	0.4413	0.4404	  0.51	0.5143	0.7158	 0.714	
val losses       96:	0.3157	0.2883	0.3197	0.3165	0.3836	0.3969	0.3821	0.4078	0.7262	0.6963	 1.105	  1.09	 | 0.5356 mean
                     	0.8687	0.8123	0.8109	0.8063	 1.029	 1.069	 1.051	 1.093	 1.801	 1.715	 2.789	 2.733	 | 1.629 quantile
                      	 2.182	   2.2	 2.402	 1.771	 2.565	  2.15	 2.121	 2.291	 2.948	 2.874	 7.243	 7.816	 | 7.816 max

train losses     98:	0.3107	0.2786	0.3496	0.3313	0.3603	0.3727	0.4407	0.4399	0.4955	0.4998	0.6959	0.6917	
val losses       98:	0.3116	0.2852	0.3198	0.3165	0.3795	 0.392	0.3816	0.4074	0.7117	0.6825	 1.099	 1.085	 | 0.5309 mean
                     	0.8588	 0.801	0.8137	0.8076	 1.015	 1.054	 1.049	 1.092	 1.776	 1.724	 2.727	 2.664	 | 1.624 quantile
                      	 2.158	 2.182	 2.413	 1.774	 2.585	 2.175	 2.112	 2.291	 2.984	 2.734	 7.349	 7.934	 | 7.934 max

train losses    100:	0.3078	0.2759	0.3488	0.3311	0.3575	0.3688	0.4401	0.4393	 0.474	0.4796	0.6794	0.6722	
val losses      100:	0.3077	0.2825	0.3197	0.3164	0.3775	0.3897	0.3815	0.4068	0.7119	0.6814	 1.097	 1.084	 | 0.5297 mean
                     	0.8479	0.7924	0.8136	0.8072	 1.002	 1.046	 1.047	 1.089	 1.785	 1.738	 2.651	 2.615	 | 1.638 quantile
                      	 2.133	 2.165	 2.415	 1.773	 2.585	 2.179	 2.106	 2.279	 2.985	 2.674	  7.44	 8.041	 | 8.041 max

train losses    102:	0.3049	0.2735	0.3483	 0.331	0.3554	0.3665	0.4397	0.4388	0.4598	0.4666	0.6724	 0.664	
val losses      102:	0.3039	0.2798	0.3191	0.3163	0.3762	0.3874	0.3813	0.4061	0.7118	 0.681	   1.1	 1.087	 | 0.5292 mean
                     	0.8373	0.7833	0.8133	0.8073	 1.005	  1.04	 1.046	 1.085	 1.782	  1.73	 2.637	 2.611	 | 1.641 quantile
                      	 2.111	 2.161	 2.411	 1.772	 2.562	 2.155	 2.107	 2.268	 2.971	 2.693	 7.504	 8.115	 | 8.115 max

train losses    104:	0.3021	0.2712	0.3478	0.3309	0.3539	0.3649	0.4393	0.4382	 0.455	0.4621	0.6661	0.6577	
val losses      104:	0.3003	0.2771	0.3186	0.3162	0.3752	0.3856	0.3811	0.4057	0.7124	0.6821	   1.1	 1.087	 | 0.5284 mean
                     	0.8266	0.7762	0.8115	0.8062	 1.006	 1.035	 1.043	 1.084	 1.777	 1.724	 2.638	 2.617	 | 1.637 quantile
                      	 2.087	 2.175	 2.406	 1.775	 2.533	 2.122	 2.114	 2.264	 2.968	 2.742	 7.545	 8.154	 | 8.154 max

train losses    106:	0.2993	0.2688	0.3473	0.3307	0.3523	0.3632	0.4388	0.4376	0.4537	 0.461	0.6568	0.6486	
val losses      106:	 0.297	0.2748	 0.318	0.3159	0.3741	 0.384	0.3807	0.4053	0.7138	0.6837	 1.097	 1.083	 | 0.5273 mean
                     	0.8156	0.7686	0.8095	0.8056	 1.001	  1.03	 1.043	 1.084	 1.777	 1.727	 2.643	 2.618	 | 1.629 quantile
                      	  2.06	 2.184	 2.401	 1.775	 2.509	 2.094	 2.123	 2.263	 2.984	 2.773	 7.562	 8.167	 | 8.167 max

train losses    108:	0.2967	0.2664	0.3468	0.3306	0.3507	0.3613	0.4383	 0.437	0.4515	0.4594	0.6478	0.6398	
val losses      108:	0.2938	0.2725	0.3174	0.3155	0.3727	0.3822	0.3803	0.4049	0.7141	0.6841	 1.095	  1.08	 | 0.5261 mean
                     	0.8024	  0.76	0.8081	0.8046	0.9967	 1.026	  1.04	 1.086	  1.78	 1.736	 2.659	 2.617	 | 1.624 quantile
                      	 2.034	 2.189	 2.396	 1.773	 2.491	 2.073	 2.132	 2.264	 3.004	 2.778	 7.569	 8.171	 | 8.171 max

train losses    110:	0.2941	0.2642	0.3463	0.3305	0.3491	0.3594	0.4378	0.4364	0.4486	0.4571	0.6416	0.6339	
val losses      110:	0.2906	0.2703	0.3168	0.3153	0.3713	0.3801	0.3801	0.4045	0.7139	0.6834	 1.096	  1.08	 | 0.5252 mean
                     	0.7965	0.7518	0.8069	0.8048	0.9932	 1.023	 1.039	 1.086	 1.782	 1.736	 2.656	 2.615	 | 1.621 quantile
                      	 2.006	 2.192	 2.391	 1.773	 2.473	 2.054	 2.139	 2.261	 3.005	 2.783	   7.6	 8.204	 | 8.204 max

train losses    112:	0.2916	0.2621	0.3458	0.3304	0.3475	0.3575	0.4373	0.4358	0.4456	0.4547	0.6364	0.6288	
val losses      112:	0.2876	0.2681	0.3162	0.3152	  0.37	0.3779	0.3799	 0.404	 0.714	 0.683	 1.101	 1.086	 | 0.5252 mean
                     	0.7899	0.7478	0.8054	0.8033	0.9897	 1.016	 1.037	 1.084	 1.782	 1.731	  2.64	 2.623	 | 1.625 quantile
                      	 1.975	 2.195	 2.385	 1.774	 2.454	 2.036	 2.143	 2.253	 2.974	 2.807	 7.684	 8.293	 | 8.293 max

train losses    114:	0.2891	  0.26	0.3453	0.3302	0.3459	0.3558	0.4368	0.4351	0.4423	0.4518	0.6297	 0.622	
val losses      114:	0.2848	 0.266	0.3155	0.3152	 0.369	0.3758	  0.38	0.4036	0.7157	0.6842	 1.114	 1.099	 | 0.5269 mean
                     	0.7793	0.7416	0.8047	0.8029	0.9857	  1.01	 1.038	 1.081	 1.775	 1.713	 2.624	 2.626	 | 1.64 quantile
                      	 1.941	 2.197	 2.378	 1.778	 2.436	 2.018	 2.146	 2.243	 2.926	 2.845	 7.805	  8.42	 | 8.42 max

train losses    116:	0.2867	0.2581	0.3448	0.3301	0.3444	0.3541	0.4363	0.4344	0.4398	0.4496	0.6229	0.6156	
val losses      116:	0.2821	0.2641	 0.315	0.3152	0.3678	0.3739	  0.38	0.4033	0.7177	0.6858	 1.129	 1.114	 | 0.5289 mean
                     	0.7681	0.7368	0.8042	0.8011	0.9812	 1.006	 1.038	 1.079	 1.781	 1.703	 2.642	 2.637	 | 1.651 quantile
                      	 1.908	   2.2	 2.373	  1.78	 2.421	 2.003	 2.152	 2.237	 2.894	 2.871	 7.909	 8.533	 | 8.533 max

train losses    118:	0.2844	0.2562	0.3444	  0.33	 0.343	0.3525	0.4358	0.4336	0.4374	0.4475	0.6164	0.6102	
val losses      118:	0.2792	0.2622	0.3145	0.3149	0.3664	0.3719	0.3798	 0.403	0.7171	0.6853	 1.135	  1.12	 | 0.5291 mean
                     	0.7599	0.7297	0.8036	0.8008	0.9802	 1.001	 1.038	 1.077	 1.778	 1.705	 2.647	 2.643	 | 1.657 quantile
                      	 1.909	 2.203	  2.37	 1.778	 2.407	 1.991	 2.156	 2.237	 2.887	 2.876	 7.968	 8.598	 | 8.598 max

train losses    120:	0.2822	0.2545	0.3439	0.3299	0.3415	0.3508	0.4352	0.4329	0.4357	0.4461	0.6135	0.6083	
val losses      120:	0.2765	0.2605	 0.314	0.3146	0.3651	  0.37	0.3797	0.4026	0.7169	 0.685	 1.142	 1.127	 | 0.5295 mean
                     	0.7523	0.7242	0.8036	0.8005	0.9745	0.9982	 1.036	 1.076	 1.783	 1.705	 2.649	 2.639	 | 1.664 quantile
                      	 1.915	 2.205	 2.366	 1.776	 2.389	 1.973	 2.157	 2.232	 2.874	 2.883	  8.03	 8.672	 | 8.672 max

train losses    122:	0.2801	0.2528	0.3434	0.3298	0.3402	0.3492	0.4348	0.4324	0.4367	0.4472	 0.619	0.6143	
val losses      122:	 0.274	 0.259	0.3135	0.3146	0.3643	0.3682	0.3799	0.4023	0.7201	0.6878	 1.163	 1.151	 | 0.5331 mean
                     	0.7481	0.7178	0.8031	0.8012	0.9716	0.9949	 1.039	 1.075	 1.788	 1.697	 2.667	 2.644	 | 1.68 quantile
                      	 1.924	 2.205	  2.36	 1.776	 2.368	 1.956	 2.155	 2.216	 2.822	 2.914	 8.151	 8.814	 | 8.814 max

train losses    124:	0.2781	0.2512	 0.343	0.3297	0.3388	0.3478	0.4344	0.4318	0.4371	0.4477	0.6331	0.6295	
val losses      124:	 0.272	0.2575	0.3129	0.3147	0.3632	0.3662	0.3801	0.4021	0.7232	0.6904	 1.185	 1.174	 | 0.5368 mean
                     	0.7419	0.7127	0.8019	0.8031	0.9664	 0.992	 1.039	 1.073	 1.784	 1.694	   2.7	 2.682	 | 1.697 quantile
                      	 1.939	 2.202	 2.354	 1.777	 2.352	 1.945	 2.159	 2.204	 2.776	 2.932	  8.25	 8.929	 | 8.929 max

train losses    126:	0.2762	0.2497	0.3425	0.3295	0.3375	0.3463	 0.434	0.4312	0.4355	0.4461	0.6419	 0.639	
val losses      126:	0.2704	0.2561	0.3124	0.3145	0.3616	0.3643	0.3792	0.4014	0.7224	0.6895	 1.167	 1.153	 | 0.5327 mean
                     	0.7345	0.7052	0.7995	0.8031	0.9625	0.9869	 1.035	 1.073	 1.782	 1.687	 2.672	 2.643	 | 1.679 quantile
                      	 1.956	 2.196	 2.348	 1.776	 2.339	 1.933	 2.169	  2.21	 2.777	 2.939	 8.204	 8.885	 | 8.885 max

train losses    128:	0.2743	0.2482	0.3421	0.3294	0.3363	0.3449	0.4333	0.4302	0.4323	0.4429	0.6214	0.6167	
val losses      128:	0.2693	0.2549	 0.312	0.3143	0.3601	0.3629	0.3778	0.4006	0.7183	0.6862	 1.125	 1.106	 | 0.524 mean
                     	0.7277	0.6988	0.7967	0.8027	 0.957	0.9829	 1.033	 1.071	 1.789	 1.696	 2.656	 2.655	 | 1.636 quantile
                      	 1.968	 2.191	 2.343	 1.774	 2.324	 1.926	 2.181	 2.213	 2.834	 2.931	 8.027	 8.709	 | 8.709 max

train losses    130:	0.2726	0.2468	0.3416	0.3292	0.3351	0.3437	0.4325	0.4293	0.4286	0.4397	0.5938	0.5887	
val losses      130:	0.2672	 0.254	0.3117	0.3137	0.3584	0.3621	0.3769	0.4003	0.7124	0.6825	 1.089	  1.07	 | 0.5165 mean
                     	0.7221	0.6937	0.7968	0.7974	0.9572	0.9794	 1.032	 1.069	 1.789	 1.733	 2.707	 2.683	 | 1.593 quantile
                      	 1.964	 2.192	 2.341	 1.762	 2.313	 1.919	 2.189	 2.211	 2.966	 2.868	 7.792	 8.476	 | 8.476 max

train losses    132:	 0.271	0.2456	0.3412	0.3291	0.3338	0.3424	0.4318	0.4286	0.4276	0.4385	0.5774	0.5725	
val losses      132:	0.2644	0.2528	0.3114	0.3132	0.3571	 0.361	0.3766	0.4001	0.7151	0.6845	 1.087	 1.067	 | 0.5159 mean
                     	0.7187	0.6884	0.7964	0.7991	0.9556	0.9737	  1.03	  1.07	 1.806	 1.762	 2.746	 2.704	 | 1.588 quantile
                      	 1.946	 2.196	 2.338	 1.749	 2.298	 1.904	 2.194	 2.206	 3.067	 2.805	 7.661	 8.359	 | 8.359 max

train losses    134:	0.2695	0.2444	0.3409	0.3289	0.3323	0.3409	0.4313	0.4281	 0.434	0.4438	0.5854	0.5795	
val losses      134:	0.2624	0.2516	0.3106	0.3131	0.3563	0.3588	0.3762	0.3989	0.7122	0.6813	 1.081	 1.064	 | 0.5139 mean
                     	0.7162	0.6858	0.7933	0.7968	0.9516	 0.974	 1.029	 1.065	 1.791	 1.742	 2.652	 2.631	 | 1.587 quantile
                      	  1.94	 2.196	 2.328	  1.75	 2.273	 1.876	 2.194	 2.189	 2.983	  2.85	 7.829	 8.549	 | 8.549 max

train losses    136:	0.2677	0.2431	0.3405	0.3287	0.3308	0.3394	0.4307	0.4272	0.4265	0.4375	0.5704	0.5625	
val losses      136:	0.2611	0.2506	0.3099	0.3136	 0.357	0.3574	0.3764	0.3984	0.7198	0.6866	 1.124	 1.106	 | 0.5218 mean
                     	 0.708	0.6806	0.7927	0.7993	0.9461	0.9699	 1.027	 1.065	 1.785	 1.698	 2.642	 2.632	 | 1.635 quantile
                      	 1.957	 2.192	 2.316	 1.764	  2.26	 1.865	 2.196	 2.174	 2.809	 2.945	  8.18	 8.906	 | 8.906 max

train losses    138:	0.2661	 0.242	0.3402	0.3287	0.3302	0.3388	0.4302	0.4264	0.4348	0.4439	0.5751	 0.568	
val losses      138:	0.2603	0.2497	0.3095	0.3141	 0.356	0.3562	0.3764	0.3984	0.7242	0.6899	 1.145	 1.126	 | 0.5255 mean
                     	0.7079	 0.679	0.7899	0.8027	0.9414	 0.968	 1.029	 1.064	 1.786	 1.688	 2.683	  2.69	 | 1.654 quantile
                      	 1.972	 2.188	 2.313	 1.773	 2.259	  1.87	 2.211	 2.185	 2.768	 2.969	 8.308	 9.026	 | 9.026 max

train losses    140:	0.2647	 0.241	0.3397	0.3286	0.3291	0.3376	0.4296	0.4255	0.4351	0.4452	0.5769	0.5733	
val losses      140:	0.2584	0.2489	0.3095	0.3134	0.3535	0.3553	0.3755	0.3981	0.7161	0.6851	 1.119	 1.099	 | 0.5193 mean
                     	0.7011	0.6753	0.7893	0.7983	0.9399	0.9682	 1.029	 1.063	 1.785	 1.717	 2.741	 2.704	 | 1.613 quantile
                      	 1.962	 2.188	 2.317	 1.765	 2.248	 1.865	 2.227	 2.202	  2.88	 2.935	 8.102	 8.833	 | 8.833 max

train losses    142:	0.2634	0.2399	0.3393	0.3283	0.3275	0.3357	0.4286	0.4246	 0.422	0.4325	0.5599	0.5574	
val losses      142:	0.2565	0.2481	0.3095	0.3125	0.3516	 0.354	0.3749	 0.398	0.7136	0.6836	 1.106	 1.086	 | 0.5162 mean
                     	0.7017	0.6704	0.7893	 0.796	 0.939	0.9617	 1.022	 1.064	 1.794	 1.755	 2.776	 2.727	 | 1.589 quantile
                      	 1.935	 2.177	  2.32	 1.746	 2.237	 1.854	  2.23	 2.206	 2.989	 2.866	 7.884	 8.638	 | 8.638 max

train losses    144:	0.2625	 0.239	 0.339	0.3283	0.3269	0.3352	0.4284	0.4245	0.4499	0.4564	0.6092	0.6062	
val losses      144:	0.2552	0.2469	 0.309	0.3123	0.3499	0.3513	0.3744	 0.397	0.7142	0.6794	 1.097	 1.078	 | 0.5137 mean
                     	0.6974	0.6669	0.7865	0.7966	 0.935	0.9562	 1.021	 1.062	 1.805	 1.753	 2.708	 2.673	 | 1.59 quantile
                      	 1.928	 2.151	 2.314	 1.737	 2.236	 1.853	 2.227	 2.205	 2.973	 2.787	 7.928	 8.693	 | 8.693 max

train losses    146:	0.2612	0.2381	0.3387	 0.328	0.3255	0.3337	0.4278	0.4236	 0.437	0.4448	 0.601	0.5953	
val losses      146:	0.2537	0.2459	0.3083	0.3124	0.3492	0.3491	0.3744	0.3964	0.7166	0.6792	 1.122	 1.104	 | 0.5176 mean
                     	0.6946	0.6644	 0.784	0.7948	0.9344	0.9535	 1.024	 1.057	   1.8	 1.738	 2.691	 2.654	 | 1.621 quantile
                      	 1.951	 2.143	 2.304	 1.749	 2.242	 1.864	 2.233	 2.206	 2.866	 2.778	 8.175	 8.948	 | 8.948 max

train losses    148:	0.2598	0.2374	0.3384	0.3278	0.3249	0.3334	 0.427	0.4224	0.4369	0.4454	0.5657	0.5573	
val losses      148:	0.2542	0.2456	0.3079	0.3139	0.3508	0.3496	0.3749	0.3961	0.7241	0.6883	 1.171	 1.152	 | 0.5273 mean
                     	0.6894	 0.666	0.7827	0.7983	0.9269	0.9532	 1.024	 1.055	 1.781	 1.676	 2.713	 2.703	 | 1.67 quantile
                      	 1.968	  2.14	 2.297	 1.774	 2.214	 1.838	 2.227	 2.186	 2.759	 2.974	 8.494	 9.254	 | 9.254 max

train losses    150:	0.2588	0.2367	0.3381	0.3281	0.3244	0.3329	0.4276	0.4227	0.4559	0.4584	 0.677	0.6706	
val losses      150:	0.2545	0.2455	0.3077	0.3159	0.3545	0.3521	0.3756	0.3954	0.7893	0.7432	 1.224	 1.211	 | 0.5474 mean
                     	0.6845	0.6654	0.7835	0.8005	0.9313	0.9585	  1.02	 1.047	 1.922	 1.769	 2.725	 2.711	 | 1.764 quantile
                      	 1.959	 2.115	 2.296	 1.789	 2.153	 1.821	 2.192	  2.13	 3.019	 3.205	 8.666	 9.445	 | 9.445 max

train losses    152:	0.2581	0.2358	0.3377	0.3279	0.3228	0.3312	 0.427	0.4219	0.4418	0.4435	0.6905	0.6877	
val losses      152:	0.2526	0.2447	0.3073	0.3148	 0.353	0.3506	0.3772	0.3958	0.7901	0.7446	 1.328	 1.333	 | 0.566 mean
                     	0.6844	0.6608	0.7829	0.7975	0.9307	0.9616	 1.014	  1.04	 1.921	 1.772	 2.969	 2.978	 | 1.863 quantile
                      	 1.934	 2.102	 2.293	 1.774	 2.124	 1.811	 2.135	 2.053	 3.023	 3.211	 8.633	 9.444	 | 9.444 max

train losses    154:	0.2571	0.2354	0.3375	0.3274	0.3215	0.3301	 0.426	0.4212	0.4364	0.4397	0.6585	0.6545	
val losses      154:	0.2506	0.2441	0.3068	0.3144	0.3506	0.3475	 0.376	0.3955	0.7378	0.6986	 1.301	 1.304	 | 0.5523 mean
                     	  0.68	0.6614	0.7824	0.7965	0.9232	0.9507	 1.014	 1.037	 1.809	 1.693	 2.935	 2.949	 | 1.803 quantile
                      	 1.921	 2.084	 2.282	  1.77	 2.143	 1.782	 2.139	 2.052	 2.856	 3.038	 8.537	 9.342	 | 9.342 max

train losses    156:	 0.256	0.2352	0.3375	0.3274	0.3222	0.3314	0.4253	0.4208	0.4658	0.4655	0.6662	0.6595	
val losses      156:	0.2491	0.2448	0.3068	0.3152	 0.352	0.3481	0.3743	0.3941	0.7475	0.7065	 1.214	 1.206	 | 0.5382 mean
                     	0.6758	0.6634	0.7829	0.7969	0.9224	0.9502	 1.009	 1.037	 1.813	 1.709	 2.728	 2.722	 | 1.723 quantile
                      	 1.902	   2.1	 2.283	  1.78	 2.155	 1.789	 2.175	 2.095	 2.901	 3.083	 8.537	 9.332	 | 9.332 max

train losses    158:	 0.255	 0.235	0.3371	0.3277	0.3216	0.3307	0.4252	0.4204	0.4592	 0.456	0.7185	0.7115	
val losses      158:	0.2482	0.2428	0.3069	0.3139	0.3485	0.3448	0.3731	0.3928	0.7426	0.7042	 1.175	 1.164	 | 0.5297 mean
                     	0.6729	0.6576	0.7817	0.7943	 0.913	0.9418	 1.012	 1.042	 1.807	 1.707	 2.666	 2.631	 | 1.694 quantile
                      	 1.891	 2.059	  2.29	 1.771	 2.167	 1.819	 2.202	 2.135	 2.909	 3.085	 8.512	 9.328	 | 9.328 max

train losses    160:	0.2542	0.2333	0.3368	 0.327	0.3192	0.3279	0.4239	0.4185	0.4373	0.4375	0.6604	0.6534	
val losses      160:	0.2472	 0.242	0.3069	0.3119	0.3424	0.3436	0.3714	0.3921	0.7092	 0.674	 1.101	 1.084	 | 0.5104 mean
                     	0.6733	0.6509	0.7833	0.7915	0.9144	0.9286	  1.01	 1.049	 1.778	 1.749	 2.618	 2.589	 | 1.609 quantile
                      	  1.89	 2.038	 2.295	 1.743	 2.211	 1.864	 2.218	 2.177	  2.87	 2.792	 8.275	 9.093	 | 9.093 max

train losses    162:	0.2536	0.2329	0.3365	0.3267	0.3179	0.3268	0.4225	0.4169	0.4138	0.4207	0.5431	0.5355	
val losses      162:	0.2459	0.2411	0.3071	0.3117	 0.342	0.3437	0.3707	0.3931	0.7293	  0.69	 1.111	 1.093	 | 0.5149 mean
                     	0.6716	0.6529	0.7822	0.7909	0.9141	0.9272	  1.01	 1.052	 1.849	 1.809	 2.764	  2.72	 | 1.623 quantile
                      	 1.872	 2.057	 2.301	 1.741	 2.221	 1.867	 2.257	 2.214	 2.993	 2.747	 8.074	 8.889	 | 8.889 max

train losses    164:	 0.253	0.2321	0.3363	0.3266	0.3175	0.3261	0.4216	0.4159	0.4193	0.4261	0.5125	0.5069	
val losses      164:	0.2455	0.2407	0.3067	0.3116	0.3414	0.3419	0.3705	0.3925	0.7092	0.6755	 1.122	 1.102	 | 0.5133 mean
                     	0.6681	0.6513	0.7799	0.7898	0.9058	0.9272	 1.009	 1.049	 1.787	 1.763	 2.775	 2.735	 | 1.604 quantile
                      	 1.861	  2.04	 2.295	 1.742	 2.187	 1.843	 2.271	 2.219	  2.88	 2.815	 8.129	 8.943	 | 8.943 max

train losses    166:	0.2523	0.2317	0.3361	0.3267	0.3168	0.3252	 0.421	0.4152	0.4192	0.4235	0.5094	0.5045	
val losses      166:	0.2456	0.2403	 0.306	0.3118	0.3419	0.3407	0.3701	 0.391	 0.709	0.6765	 1.103	 1.083	 | 0.5099 mean
                     	 0.669	0.6505	0.7774	0.7917	0.9037	0.9301	 1.007	 1.045	 1.776	 1.706	  2.65	 2.656	 | 1.589 quantile
                      	 1.879	 2.027	 2.285	 1.749	 2.166	 1.823	 2.263	 2.196	 2.748	 2.931	 8.256	 9.073	 | 9.073 max

train losses    168:	0.2514	0.2312	0.3359	0.3264	0.3153	0.3236	0.4203	0.4143	0.4028	 0.408	0.4967	0.4922	
val losses      168:	0.2451	0.2403	0.3056	0.3122	0.3419	0.3401	0.3697	0.3902	0.7113	0.6779	 1.095	 1.076	 | 0.5088 mean
                     	0.6672	0.6505	0.7769	0.7924	0.8985	0.9275	 1.002	 1.043	 1.776	 1.695	 2.604	 2.617	 | 1.587 quantile
                      	 1.874	 2.045	 2.281	 1.759	 2.151	 1.806	 2.254	 2.174	 2.756	 2.952	 8.325	 9.144	 | 9.144 max

train losses    170:	0.2508	0.2306	0.3358	0.3262	0.3142	0.3225	0.4197	0.4136	0.3992	0.4047	0.4893	0.4842	
val losses      170:	0.2445	0.2403	0.3054	 0.312	0.3421	0.3398	0.3693	0.3897	 0.714	0.6807	 1.094	 1.075	 | 0.5089 mean
                     	0.6657	0.6492	0.7765	0.7915	0.8983	0.9308	 1.001	  1.04	 1.779	 1.695	 2.606	 2.614	 | 1.589 quantile
                      	 1.868	 2.048	 2.278	 1.761	 2.137	 1.792	 2.258	 2.165	 2.778	 2.975	 8.354	 9.174	 | 9.174 max

train losses    172:	0.2501	  0.23	0.3357	0.3261	0.3135	0.3216	 0.419	0.4129	0.3986	0.4037	0.4854	0.4797	
val losses      172:	0.2441	0.2397	0.3052	0.3119	0.3409	0.3384	 0.369	0.3893	0.7127	0.6792	 1.097	 1.077	 | 0.5087 mean
                     	0.6634	 0.647	0.7757	0.7929	0.8962	0.9269	 1.002	 1.038	  1.78	 1.697	 2.612	 2.622	 | 1.587 quantile
                      	 1.876	 2.034	 2.278	 1.763	 2.138	 1.796	 2.269	 2.177	 2.769	 2.965	 8.373	  9.19	 | 9.19 max

train losses    174:	0.2495	0.2295	0.3356	 0.326	0.3126	0.3206	0.4184	0.4121	0.3967	0.4018	0.4812	0.4755	
val losses      174:	0.2437	0.2392	0.3053	0.3118	0.3394	0.3368	0.3686	 0.389	0.7091	0.6748	   1.1	 1.079	 | 0.5081 mean
                     	0.6578	0.6438	0.7764	 0.793	0.8916	0.9182	 1.002	 1.036	 1.767	 1.702	 2.627	 2.648	 | 1.587 quantile
                      	 1.885	 2.025	  2.28	 1.766	 2.143	 1.803	 2.278	 2.186	 2.731	 2.926	 8.387	 9.201	 | 9.201 max

train losses    176:	0.2489	 0.229	0.3354	0.3259	0.3118	0.3196	0.4177	0.4112	0.3942	0.3996	0.4767	0.4713	
val losses      176:	0.2431	0.2388	0.3051	0.3116	0.3385	0.3358	0.3683	0.3886	0.7078	0.6731	   1.1	 1.079	 | 0.5074 mean
                     	0.6574	0.6407	 0.776	0.7916	0.8887	0.9156	 1.001	 1.034	 1.767	  1.71	 2.633	 2.649	 | 1.585 quantile
                      	 1.884	 2.024	 2.278	 1.766	 2.141	 1.801	 2.281	 2.185	 2.709	 2.904	 8.402	 9.217	 | 9.217 max

train losses    178:	0.2483	0.2286	0.3353	0.3257	 0.311	0.3187	 0.417	0.4104	0.3919	0.3975	0.4727	0.4678	
val losses      178:	0.2425	0.2386	 0.305	0.3115	0.3379	0.3351	0.3679	0.3882	0.7077	0.6729	 1.099	 1.079	 | 0.5071 mean
                     	0.6557	0.6392	0.7751	0.7901	0.8884	0.9138	0.9994	 1.033	 1.767	 1.709	 2.631	  2.65	 | 1.585 quantile
                      	 1.884	 2.023	 2.278	 1.769	 2.135	 1.796	 2.284	 2.182	 2.709	 2.902	 8.423	 9.238	 | 9.238 max

train losses    180:	0.2476	0.2281	0.3351	0.3256	0.3102	0.3179	0.4162	0.4096	0.3902	0.3959	0.4691	0.4643	
val losses      180:	0.2421	0.2384	0.3049	0.3114	0.3374	0.3343	0.3675	0.3877	0.7078	0.6729	   1.1	  1.08	 | 0.507 mean
                     	 0.653	0.6392	0.7747	0.7912	0.8869	0.9126	0.9962	 1.031	 1.767	 1.706	 2.632	 2.658	 | 1.584 quantile
                      	 1.886	 2.018	 2.278	 1.773	 2.129	 1.792	 2.287	  2.18	 2.715	 2.903	 8.448	 9.264	 | 9.264 max

train losses    182:	 0.247	0.2277	0.3349	0.3255	0.3095	 0.317	0.4155	0.4087	0.3888	0.3945	0.4652	0.4605	
val losses      182:	0.2417	0.2381	0.3048	0.3114	0.3369	0.3335	0.3671	0.3873	 0.708	 0.673	 1.101	  1.08	 | 0.5069 mean
                     	0.6509	0.6378	0.7736	0.7908	0.8852	0.9104	0.9908	 1.028	 1.767	 1.703	 2.632	 2.656	 | 1.583 quantile
                      	 1.888	 2.014	 2.277	 1.776	 2.123	 1.789	  2.29	 2.176	 2.725	 2.907	 8.474	 9.293	 | 9.293 max

train losses    184:	0.2465	0.2274	0.3348	0.3253	0.3088	0.3162	0.4147	0.4078	0.3875	0.3932	0.4613	0.4567	
val losses      184:	0.2413	0.2379	0.3047	0.3114	0.3364	0.3327	0.3668	0.3868	0.7083	 0.673	 1.101	  1.08	 | 0.5067 mean
                     	0.6472	0.6362	0.7732	0.7909	0.8826	0.9098	0.9884	 1.027	 1.765	 1.705	  2.63	  2.65	 | 1.583 quantile
                      	 1.887	 2.013	 2.276	 1.779	 2.116	 1.785	 2.292	 2.173	 2.732	 2.913	   8.5	 9.321	 | 9.321 max

train losses    186:	0.2459	 0.227	0.3346	0.3252	 0.308	0.3153	0.4139	 0.407	0.3862	0.3918	0.4575	 0.453	
val losses      186:	0.2408	0.2377	0.3046	0.3114	0.3359	0.3319	0.3664	0.3863	0.7085	 0.673	 1.101	  1.08	 | 0.5065 mean
                     	0.6452	0.6351	0.7736	0.7927	0.8807	0.9074	0.9862	 1.021	 1.766	 1.704	 2.626	 2.646	 | 1.581 quantile
                      	 1.885	 2.013	 2.275	 1.783	  2.11	 1.782	 2.293	  2.17	 2.743	 2.916	 8.523	 9.346	 | 9.346 max

train losses    188:	0.2453	0.2266	0.3345	 0.325	0.3073	0.3145	0.4131	 0.406	0.3849	0.3906	0.4538	0.4493	
val losses      188:	0.2404	0.2375	0.3045	0.3114	0.3354	0.3311	 0.366	0.3858	0.7085	0.6729	 1.102	  1.08	 | 0.5063 mean
                     	0.6428	0.6336	0.7727	0.7914	0.8785	0.9042	0.9848	 1.019	 1.764	 1.705	 2.629	 2.645	 | 1.58 quantile
                      	 1.883	 2.013	 2.275	 1.787	 2.104	  1.78	 2.295	 2.167	 2.756	 2.918	 8.544	 9.369	 | 9.369 max

train losses    190:	0.2448	0.2262	0.3344	0.3248	0.3066	0.3137	0.4123	0.4051	0.3837	0.3893	0.4501	0.4456	
val losses      190:	0.2399	0.2374	0.3044	0.3114	 0.335	0.3304	0.3655	0.3853	0.7087	0.6729	 1.102	 1.081	 | 0.5061 mean
                     	0.6402	0.6336	0.7721	0.7916	0.8771	0.9024	0.9819	 1.018	 1.765	 1.707	 2.625	 2.642	 | 1.578 quantile
                      	 1.879	 2.014	 2.276	 1.791	 2.098	 1.778	 2.296	 2.163	 2.764	  2.92	 8.565	 9.392	 | 9.392 max

train losses    192:	0.2442	0.2259	0.3342	0.3246	0.3059	0.3128	0.4114	0.4041	0.3825	 0.388	0.4464	0.4421	
val losses      192:	0.2394	0.2373	0.3043	0.3114	0.3347	0.3297	0.3651	0.3847	 0.709	0.6731	 1.102	 1.081	 | 0.506 mean
                     	0.6397	0.6313	0.7722	0.7917	0.8753	0.9016	0.9788	 1.015	 1.768	 1.704	 2.626	  2.64	 | 1.577 quantile
                      	 1.874	 2.016	 2.276	 1.794	 2.091	 1.775	 2.297	 2.159	 2.769	 2.925	 8.589	 9.414	 | 9.414 max

train losses    194:	0.2437	0.2256	0.3341	0.3244	0.3052	0.3121	0.4105	0.4031	0.3813	0.3868	0.4428	0.4386	
val losses      194:	 0.239	0.2373	0.3042	0.3114	0.3343	0.3291	0.3646	0.3842	0.7093	0.6733	 1.103	 1.081	 | 0.5059 mean
                     	0.6373	0.6304	0.7727	0.7911	 0.874	0.8969	 0.977	  1.01	 1.769	 1.697	 2.625	 2.642	 | 1.577 quantile
                      	 1.866	  2.02	 2.273	 1.795	 2.083	 1.772	 2.297	 2.154	 2.773	 2.931	 8.612	 9.436	 | 9.436 max

train losses    196:	0.2432	0.2253	 0.334	0.3242	0.3046	0.3113	0.4095	0.4021	0.3801	0.3856	0.4394	0.4352	
val losses      196:	0.2385	0.2373	0.3041	0.3113	 0.334	0.3285	0.3641	0.3837	0.7097	0.6735	 1.103	 1.081	 | 0.5058 mean
                     	0.6349	0.6285	0.7736	0.7907	0.8738	0.8958	0.9738	 1.009	 1.769	 1.701	 2.621	 2.649	 | 1.577 quantile
                      	 1.859	 2.024	  2.27	 1.796	 2.076	 1.768	 2.297	  2.15	 2.777	 2.937	 8.632	 9.455	 | 9.455 max

train losses    198:	0.2427	 0.225	0.3339	 0.324	0.3039	0.3105	0.4086	0.4011	 0.379	0.3844	0.4359	0.4318	
val losses      198:	0.2381	0.2374	 0.304	0.3114	0.3339	0.3279	0.3636	0.3832	0.7102	0.6739	 1.103	 1.082	 | 0.5057 mean
                     	0.6325	0.6276	0.7731	0.7908	0.8725	0.8931	0.9722	 1.005	 1.773	 1.701	 2.626	 2.655	 | 1.576 quantile
                      	 1.852	 2.027	 2.267	 1.797	 2.068	 1.765	 2.298	 2.145	  2.78	 2.943	 8.652	 9.473	 | 9.473 max

train losses    200:	0.2422	0.2247	0.3338	0.3238	0.3032	0.3098	0.4076	   0.4	 0.378	0.3832	0.4326	0.4285	
val losses      200:	0.2377	0.2375	0.3039	0.3114	0.3337	0.3274	0.3632	0.3826	0.7108	0.6742	 1.103	 1.081	 | 0.5056 mean
                     	0.6291	0.6275	0.7741	0.7899	0.8719	0.8929	0.9681	 1.003	 1.772	 1.697	 2.626	 2.649	 | 1.575 quantile
                      	 1.845	  2.03	 2.263	 1.799	  2.06	 1.762	 2.297	 2.141	 2.783	 2.948	 8.672	 9.491	 | 9.491 max

train losses    202:	0.2417	0.2245	0.3337	0.3236	0.3026	 0.309	0.4066	 0.399	0.3769	 0.382	0.4292	0.4252	
val losses      202:	0.2373	0.2376	0.3038	0.3114	0.3335	0.3269	0.3627	0.3821	0.7113	0.6745	 1.102	 1.081	 | 0.5054 mean
                     	0.6257	0.6275	0.7724	  0.79	0.8702	0.8916	0.9669	0.9995	 1.769	 1.693	  2.63	  2.65	 | 1.574 quantile
                      	 1.837	 2.032	 2.258	 1.797	 2.052	 1.758	 2.298	 2.138	 2.786	 2.953	  8.69	 9.507	 | 9.507 max

train losses    204:	0.2412	0.2241	0.3335	0.3234	0.3019	0.3083	0.4055	0.3979	0.3758	0.3808	0.4259	0.4218	
val losses      204:	0.2369	0.2375	0.3038	0.3115	0.3332	0.3262	0.3622	0.3815	0.7118	0.6749	 1.101	  1.08	 | 0.5051 mean
                     	0.6248	0.6261	0.7725	0.7898	0.8718	0.8886	0.9637	0.9979	  1.77	 1.691	 2.637	 2.659	 | 1.572 quantile
                      	 1.831	 2.032	 2.254	 1.794	 2.044	 1.756	 2.298	 2.134	 2.792	 2.957	 8.707	 9.521	 | 9.521 max

train losses    206:	0.2407	0.2238	0.3334	0.3232	0.3011	0.3074	0.4045	0.3968	0.3747	0.3795	0.4226	0.4183	
val losses      206:	0.2366	0.2372	0.3037	0.3115	0.3328	0.3255	0.3617	 0.381	0.7124	0.6751	   1.1	 1.079	 | 0.5047 mean
                     	 0.624	0.6255	0.7726	0.7878	 0.866	0.8866	0.9595	0.9955	  1.77	 1.685	 2.647	 2.665	 | 1.57 quantile
                      	 1.825	  2.03	 2.253	 1.792	 2.037	 1.756	 2.298	 2.131	 2.799	 2.961	 8.721	 9.533	 | 9.533 max

train losses    208:	0.2401	0.2233	0.3333	0.3229	0.3002	0.3065	0.4034	0.3957	0.3735	0.3782	0.4198	0.4151	
val losses      208:	0.2362	0.2368	0.3037	0.3114	0.3321	0.3246	0.3612	0.3805	 0.713	0.6755	 1.097	 1.077	 | 0.5041 mean
                     	0.6238	0.6219	0.7731	0.7885	0.8656	0.8837	0.9567	0.9912	 1.764	 1.679	  2.65	 2.666	 | 1.565 quantile
                      	 1.819	 2.027	 2.253	 1.788	 2.028	 1.756	 2.297	 2.128	 2.805	 2.964	 8.733	 9.544	 | 9.544 max

train losses    210:	0.2396	0.2229	0.3332	0.3227	0.2994	0.3056	0.4023	0.3946	0.3728	0.3773	0.4185	0.4134	
val losses      210:	0.2358	0.2363	0.3037	0.3113	0.3313	0.3236	0.3608	0.3801	0.7141	0.6762	 1.094	 1.074	 | 0.5035 mean
                     	0.6223	0.6173	 0.772	0.7895	0.8659	0.8803	0.9547	0.9895	 1.759	 1.677	 2.653	 2.669	 | 1.562 quantile
                      	 1.814	 2.023	 2.253	 1.786	 2.019	 1.755	 2.297	 2.126	 2.808	 2.968	 8.736	 9.548	 | 9.548 max

train losses    212:	0.2391	0.2224	0.3331	0.3225	0.2985	0.3047	0.4012	0.3935	 0.373	0.3774	0.4207	0.4151	
val losses      212:	0.2354	0.2358	0.3036	0.3111	0.3306	0.3227	0.3602	0.3797	 0.716	 0.678	 1.091	 1.071	 | 0.5029 mean
                     	0.6216	0.6161	0.7719	0.7897	0.8641	0.8793	0.9514	0.9885	 1.756	  1.68	 2.664	 2.672	 | 1.555 quantile
                      	 1.808	  2.02	 2.253	 1.783	 2.008	 1.754	 2.295	 2.123	 2.806	 2.978	 8.729	 9.542	 | 9.542 max

train losses    214:	0.2386	0.2221	 0.333	0.3222	0.2978	 0.304	0.4001	0.3924	0.3746	 0.379	0.4284	0.4225	
val losses      214:	0.2351	0.2356	0.3036	 0.311	0.3306	0.3221	0.3597	0.3793	0.7194	0.6813	 1.087	 1.068	 | 0.5027 mean
                     	0.6206	0.6178	0.7716	0.7892	0.8643	 0.879	0.9465	0.9894	 1.755	 1.684	 2.685	 2.687	 | 1.551 quantile
                      	   1.8	 2.023	 2.253	 1.784	 1.993	 1.749	 2.291	 2.116	 2.807	 2.993	  8.71	 9.522	 | 9.522 max

train losses    216:	0.2381	 0.222	0.3329	0.3221	0.2974	0.3035	0.3991	0.3914	0.3768	0.3814	0.4413	0.4351	
val losses      216:	0.2348	0.2363	0.3035	0.3113	 0.332	0.3224	0.3592	0.3788	0.7235	0.6857	 1.083	 1.064	 | 0.5028 mean
                     	 0.621	0.6181	 0.771	0.7917	0.8611	0.8757	0.9458	0.9862	 1.759	 1.681	 2.703	 2.688	 | 1.549 quantile
                      	  1.79	 2.037	 2.253	  1.79	 1.975	 1.735	 2.282	 2.102	 2.824	 3.013	 8.685	 9.494	 | 9.494 max

train losses    218:	0.2377	0.2224	0.3328	0.3219	0.2973	0.3036	0.3981	0.3905	0.3778	0.3827	0.4516	0.4454	
val losses      218:	0.2346	0.2389	0.3033	0.3119	0.3354	0.3242	0.3588	0.3783	0.7271	0.6894	 1.077	 1.058	 | 0.5031 mean
                     	0.6226	0.6243	0.7709	0.7909	0.8621	0.8753	0.9434	 0.986	 1.757	 1.679	 2.701	  2.69	 | 1.547 quantile
                      	 1.785	 2.062	  2.25	 1.799	  1.95	 1.712	 2.267	 2.077	 2.836	 3.037	 8.668	 9.472	 | 9.472 max

train losses    220:	0.2376	 0.224	0.3327	0.3219	0.2984	0.3052	0.3969	0.3896	0.3812	0.3857	 0.447	0.4416	
val losses      220:	0.2348	0.2427	 0.303	0.3123	0.3397	0.3282	0.3583	0.3779	0.7303	0.6928	 1.072	 1.054	 | 0.5038 mean
                     	0.6247	0.6328	0.7687	0.7942	0.8668	0.8776	0.9387	0.9868	 1.766	 1.688	 2.669	 2.662	 | 1.55 quantile
                      	 1.775	 2.088	 2.245	 1.805	 1.919	 1.679	 2.253	 2.048	 2.855	 3.071	 8.674	 9.476	 | 9.476 max

train losses    222:	0.2378	0.2258	0.3327	0.3217	0.3004	0.3083	0.3956	0.3885	0.3928	0.3973	0.4306	0.4267	
val losses      222:	0.2352	0.2439	0.3028	0.3117	0.3423	0.3315	0.3577	0.3776	0.7372	0.6997	 1.073	 1.054	 | 0.5055 mean
                     	0.6266	 0.637	0.7685	0.7917	0.8702	0.8813	0.9362	0.9852	 1.779	  1.69	  2.63	 2.641	 | 1.556 quantile
                      	 1.765	 2.096	 2.239	   1.8	 1.892	  1.65	 2.251	  2.03	 2.891	 3.123	 8.706	 9.509	 | 9.509 max

train losses    224:	 0.238	0.2256	0.3326	0.3213	0.3011	0.3095	0.3943	0.3872	0.4046	0.4101	 0.424	0.4213	
val losses      224:	0.2346	0.2415	0.3027	0.3109	0.3401	0.3308	0.3569	 0.377	0.7479	0.7109	 1.083	 1.063	 | 0.5083 mean
                     	0.6253	0.6302	0.7677	0.7872	0.8729	0.8867	0.9328	0.9833	 1.813	  1.71	 2.628	  2.63	 | 1.569 quantile
                      	 1.769	 2.082	 2.237	 1.795	 1.879	  1.64	 2.257	 2.029	  2.93	 3.169	 8.765	 9.569	 | 9.569 max

train losses    226:	 0.237	0.2233	0.3325	 0.321	0.2986	0.3066	0.3931	0.3858	 0.405	0.4109	0.4226	0.4199	
val losses      226:	0.2338	0.2383	0.3027	0.3105	0.3343	0.3271	0.3563	0.3764	0.7557	0.7199	 1.106	 1.084	 | 0.5121 mean
                     	0.6184	0.6222	0.7684	0.7857	0.8609	0.8856	 0.933	 0.981	 1.838	 1.734	 2.646	 2.649	 | 1.596 quantile
                      	 1.783	 2.056	  2.24	 1.795	 1.885	 1.651	 2.267	 2.042	 2.954	 3.187	  8.85	 9.654	 | 9.654 max

train losses    228:	0.2356	0.2211	0.3323	0.3208	0.2953	0.3026	 0.392	0.3846	0.3987	0.4041	0.4115	0.4082	
val losses      228:	0.2337	 0.236	0.3027	0.3101	0.3295	0.3233	0.3559	0.3761	 0.753	 0.717	 1.129	 1.106	 | 0.5144 mean
                     	0.6177	0.6141	0.7689	0.7867	0.8504	0.8815	0.9312	0.9789	 1.835	 1.734	 2.685	 2.683	 | 1.608 quantile
                      	 1.795	 2.029	 2.243	 1.796	 1.898	 1.671	 2.274	 2.055	 2.953	 3.174	 8.941	 9.745	 | 9.745 max

train losses    230:	0.2349	  0.22	0.3323	0.3206	0.2934	0.3003	0.3909	0.3834	0.3977	0.4021	0.4002	0.3951	
val losses      230:	0.2335	0.2349	0.3027	0.3099	0.3274	0.3208	0.3556	0.3758	0.7471	0.7087	 1.136	 1.113	 | 0.5138 mean
                     	0.6159	0.6128	0.7677	0.7879	 0.843	0.8764	0.9298	0.9782	 1.812	 1.714	 2.683	 2.677	 | 1.611 quantile
                      	 1.802	 2.013	 2.243	 1.798	 1.905	 1.684	 2.272	 2.053	 2.941	 3.156	 9.021	 9.826	 | 9.826 max

train losses    232:	0.2347	0.2197	0.3323	0.3205	0.2928	0.2996	0.3899	0.3825	0.4109	0.4124	 0.406	0.3987	
val losses      232:	0.2332	0.2347	0.3026	0.3102	0.3283	0.3206	0.3552	0.3753	0.7549	0.7138	 1.129	 1.107	 | 0.5137 mean
                     	0.6161	0.6134	0.7675	  0.79	0.8435	0.8699	0.9245	0.9792	 1.816	 1.715	 2.645	  2.66	 | 1.616 quantile
                      	 1.807	 2.008	 2.242	 1.804	 1.899	  1.68	 2.259	 2.035	 2.961	 3.176	  9.09	 9.895	 | 9.895 max

train losses    234:	0.2344	0.2196	0.3323	0.3204	0.2933	0.3003	0.3891	0.3819	0.4352	0.4325	0.4295	0.4213	
val losses      234:	0.2328	 0.235	0.3026	0.3106	0.3313	0.3223	0.3549	0.3749	0.7802	0.7363	 1.121	   1.1	 | 0.5169 mean
                     	0.6157	0.6139	0.7688	0.7918	 0.848	  0.87	0.9217	0.9751	  1.87	 1.743	 2.631	 2.617	 | 1.632 quantile
                      	 1.809	 2.005	 2.241	  1.81	 1.876	 1.658	 2.239	 2.006	  3.03	 3.246	 9.147	 9.952	 | 9.952 max

train losses    236:	0.2339	0.2197	0.3322	0.3204	0.2942	0.3016	0.3882	0.3814	0.4545	0.4489	0.4524	0.4449	
val losses      236:	0.2323	0.2351	0.3026	0.3106	 0.334	0.3238	0.3547	0.3747	0.8075	0.7616	 1.121	 1.103	 | 0.5217 mean
                     	0.6134	0.6125	0.7684	0.7899	0.8519	0.8686	 0.917	0.9749	 1.928	 1.791	  2.61	 2.578	 | 1.658 quantile
                      	 1.808	 1.996	 2.241	 1.811	 1.848	 1.633	 2.216	 1.978	 3.105	 3.316	 9.182	  9.99	 | 9.99 max

train losses    238:	0.2335	0.2198	0.3321	0.3202	0.2949	0.3028	0.3871	0.3805	0.4645	0.4589	0.4502	0.4433	
val losses      238:	0.2318	0.2344	0.3026	0.3103	0.3316	0.3217	0.3545	0.3745	0.8006	 0.755	 1.125	 1.111	 | 0.5211 mean
                     	0.6121	0.6103	0.7682	0.7896	0.8476	0.8648	0.9144	0.9742	 1.918	 1.782	 2.591	 2.561	 | 1.656 quantile
                      	 1.806	  1.98	 2.242	 1.807	 1.839	 1.625	 2.196	  1.97	 3.099	   3.3	 9.182	 9.994	 | 9.994 max

train losses    240:	0.2331	0.2197	 0.332	  0.32	0.2951	0.3033	0.3858	0.3793	 0.469	0.4649	0.4232	 0.417	
val losses      240:	0.2312	0.2332	0.3026	0.3098	0.3248	0.3167	0.3538	0.3739	0.7535	0.7108	 1.119	 1.106	 | 0.5113 mean
                     	0.6116	0.6084	0.7664	0.7878	 0.837	0.8593	0.9119	0.9713	 1.821	 1.709	  2.57	 2.558	 | 1.62 quantile
                      	 1.802	 1.965	 2.245	 1.802	 1.855	 1.642	 2.188	 1.978	  2.98	 3.171	 9.147	 9.961	 | 9.961 max

train losses    242:	0.2328	0.2194	0.3319	0.3197	 0.294	0.3021	0.3846	 0.378	0.4572	0.4552	0.3977	0.3935	
val losses      242:	0.2306	0.2322	0.3027	0.3092	0.3188	0.3132	0.3529	0.3733	0.7138	0.6747	   1.1	 1.086	 | 0.5006 mean
                     	0.6106	0.6053	0.7661	0.7864	0.8287	0.8481	0.9087	0.9659	 1.745	  1.68	  2.56	 2.542	 | 1.578 quantile
                      	  1.79	 1.955	 2.249	 1.797	 1.885	 1.667	 2.193	 1.994	 2.861	 3.006	 9.098	 9.914	 | 9.914 max

train losses    244:	0.2324	0.2188	0.3317	0.3194	0.2911	0.2987	0.3835	0.3768	0.4213	0.4229	0.3867	0.3842	
val losses      244:	0.2301	0.2316	0.3028	0.3086	0.3157	0.3118	 0.352	0.3729	0.7021	0.6634	 1.087	 1.069	 | 0.4956 mean
                     	0.6096	0.6033	0.7673	0.7829	0.8289	0.8381	 0.908	0.9639	 1.741	 1.687	 2.571	 2.539	 | 1.557 quantile
                      	 1.776	 1.956	 2.254	 1.793	 1.904	 1.685	 2.206	 2.015	 2.983	 2.894	 9.058	 9.877	 | 9.877 max

train losses    246:	0.2321	 0.218	0.3316	0.3192	0.2877	0.2944	0.3824	0.3756	0.3791	0.3837	0.3796	0.3776	
val losses      246:	0.2298	0.2312	 0.303	0.3082	0.3141	0.3111	0.3513	0.3729	0.7018	0.6615	 1.092	 1.071	 | 0.4957 mean
                     	 0.611	 0.604	0.7686	0.7806	 0.828	0.8396	0.9102	0.9631	 1.759	 1.695	 2.609	 2.584	 | 1.555 quantile
                      	 1.769	  1.96	  2.26	 1.791	 1.914	 1.694	 2.221	 2.034	 3.035	 2.845	 9.036	 9.857	 | 9.857 max

train losses    248:	0.2317	0.2174	0.3315	 0.319	0.2856	0.2917	0.3814	0.3746	 0.358	0.3629	0.3717	0.3694	
val losses      248:	0.2295	0.2309	 0.303	 0.308	0.3132	0.3106	 0.351	 0.373	0.7032	0.6616	 1.104	 1.082	 | 0.4975 mean
                     	0.6099	0.6017	0.7684	0.7798	0.8275	0.8375	0.9091	 0.958	 1.759	 1.693	 2.657	 2.633	 | 1.56 quantile
                      	 1.769	 1.963	 2.263	  1.79	 1.917	 1.695	 2.231	 2.046	 3.059	 2.828	 9.031	 9.851	 | 9.851 max

train losses    250:	0.2313	0.2171	0.3315	0.3188	0.2848	0.2906	0.3804	0.3736	0.3535	0.3581	0.3649	0.3619	
val losses      250:	0.2294	0.2308	 0.303	0.3079	0.3126	0.3101	0.3506	 0.373	0.7033	 0.662	 1.111	 1.088	 | 0.4984 mean
                     	 0.611	0.6011	0.7677	0.7806	0.8261	0.8355	 0.907	0.9551	 1.759	 1.692	 2.685	 2.662	 | 1.561 quantile
                      	  1.77	 1.964	 2.264	  1.79	  1.91	 1.685	 2.232	 2.051	 3.055	 2.836	 9.041	 9.859	 | 9.859 max

train losses    252:	 0.231	0.2169	0.3315	0.3187	0.2843	  0.29	0.3795	0.3727	0.3525	 0.357	0.3606	0.3569	
val losses      252:	0.2293	0.2308	0.3029	0.3078	0.3121	0.3097	0.3503	0.3727	0.7025	0.6627	 1.109	 1.087	 | 0.4981 mean
                     	0.6109	0.6007	0.7673	0.7805	0.8228	0.8343	0.9061	0.9542	 1.754	 1.693	 2.676	 2.653	 | 1.56 quantile
                      	 1.772	 1.965	 2.264	 1.791	 1.898	 1.669	 2.227	 2.052	 3.031	 2.861	 9.061	 9.879	 | 9.879 max

train losses    254:	0.2306	0.2167	0.3315	0.3185	0.2838	0.2894	0.3785	0.3718	0.3515	 0.356	0.3573	0.3532	
val losses      254:	0.2292	0.2308	0.3029	0.3078	0.3117	0.3092	0.3499	0.3723	0.7026	0.6636	 1.105	 1.083	 | 0.4973 mean
                     	 0.611	0.6003	0.7673	0.7816	0.8204	0.8302	0.9029	0.9557	 1.751	 1.686	 2.653	  2.64	 | 1.559 quantile
                      	 1.773	 1.967	 2.263	 1.792	 1.888	 1.655	 2.219	 2.052	 3.011	  2.88	 9.088	 9.905	 | 9.905 max

train losses    256:	0.2303	0.2165	0.3315	0.3184	0.2831	0.2887	0.3775	0.3709	  0.35	0.3545	0.3547	0.3504	
val losses      256:	0.2291	0.2306	0.3028	0.3077	0.3112	0.3087	0.3496	0.3719	0.7028	0.6637	 1.101	 1.079	 | 0.4966 mean
                     	0.6101	0.6007	0.7675	0.7823	0.8191	0.8275	0.9004	0.9549	 1.747	 1.685	  2.63	 2.625	 | 1.556 quantile
                      	 1.774	  1.97	 2.263	 1.793	 1.882	 1.646	 2.211	 2.052	  3.01	 2.884	 9.115	 9.931	 | 9.931 max

train losses    258:	  0.23	0.2162	0.3314	0.3182	0.2825	 0.288	0.3765	  0.37	0.3481	0.3528	0.3531	0.3487	
val losses      258:	0.2289	0.2305	0.3028	0.3076	0.3106	0.3081	0.3493	0.3716	0.7028	0.6634	 1.099	 1.077	 | 0.4959 mean
                     	 0.608	0.6007	0.7676	0.7816	 0.817	0.8261	0.9001	0.9536	 1.748	 1.684	 2.624	 2.605	 | 1.554 quantile
                      	 1.775	 1.974	 2.263	 1.793	 1.878	  1.64	 2.203	 2.053	 3.016	 2.884	 9.138	 9.955	 | 9.955 max

train losses    260:	0.2296	0.2159	0.3314	0.3181	0.2819	0.2873	0.3755	0.3692	0.3465	0.3513	0.3523	 0.348	
val losses      260:	0.2288	0.2303	0.3028	0.3076	0.3101	0.3075	 0.349	0.3713	0.7028	0.6631	 1.096	 1.075	 | 0.4954 mean
                     	0.6068	0.6002	0.7673	 0.782	0.8146	0.8249	0.8975	0.9501	 1.747	 1.683	 2.618	 2.606	 | 1.554 quantile
                      	 1.775	 1.977	 2.264	 1.794	 1.874	 1.634	 2.196	 2.055	 3.022	 2.885	 9.157	 9.974	 | 9.974 max

train losses    262:	0.2293	0.2157	0.3313	0.3179	0.2813	0.2866	0.3746	0.3683	0.3454	0.3502	0.3516	0.3474	
val losses      262:	0.2286	0.2302	0.3028	0.3075	0.3095	 0.307	0.3487	 0.371	0.7028	0.6629	 1.094	 1.073	 | 0.4949 mean
                     	0.6052	0.6003	0.7676	0.7828	0.8127	 0.823	0.8969	0.9495	 1.747	 1.682	 2.612	 2.601	 | 1.553 quantile
                      	 1.775	 1.979	 2.264	 1.795	 1.869	 1.627	 2.189	 2.058	 3.027	 2.886	 9.169	 9.986	 | 9.986 max

train losses    264:	 0.229	0.2155	0.3313	0.3178	0.2807	0.2859	0.3736	0.3674	0.3444	0.3492	0.3496	0.3458	
val losses      264:	0.2284	  0.23	0.3028	0.3074	0.3091	0.3064	0.3484	0.3708	0.7028	0.6627	 1.092	 1.071	 | 0.4943 mean
                     	0.6055	0.5993	0.7675	0.7834	0.8115	0.8223	0.8952	 0.949	 1.746	 1.681	 2.607	 2.601	 | 1.55 quantile
                      	 1.775	  1.98	 2.264	 1.795	 1.863	  1.62	 2.183	 2.061	 3.032	 2.887	 9.172	 9.988	 | 9.988 max

train losses    266:	0.2287	0.2152	0.3312	0.3176	0.2802	0.2852	0.3726	0.3666	0.3433	0.3482	0.3456	0.3422	
val losses      266:	0.2282	0.2299	0.3027	0.3074	0.3087	0.3058	0.3481	0.3706	0.7029	0.6628	  1.09	 1.068	 | 0.4938 mean
                     	0.6035	0.5982	0.7678	 0.784	0.8106	0.8201	0.8932	0.9457	 1.745	 1.679	  2.61	 2.605	 | 1.546 quantile
                      	 1.773	 1.978	 2.264	 1.796	 1.856	 1.611	 2.178	 2.065	 3.036	 2.891	 9.164	 9.981	 | 9.981 max

train losses    268:	0.2284	 0.215	0.3312	0.3175	0.2796	0.2846	0.3716	0.3657	0.3423	0.3472	0.3403	0.3374	
val losses      268:	0.2281	0.2299	0.3027	0.3073	0.3085	0.3052	0.3478	0.3704	0.7032	 0.663	 1.088	 1.066	 | 0.4933 mean
                     	0.6038	0.5981	0.7674	 0.784	0.8087	0.8177	0.8902	0.9427	 1.743	 1.678	  2.62	 2.605	 | 1.541 quantile
                      	  1.77	 1.974	 2.263	 1.796	 1.847	 1.601	 2.175	 2.069	 3.039	 2.898	 9.149	 9.966	 | 9.966 max

train losses    270:	0.2281	0.2148	0.3311	0.3173	0.2791	 0.284	0.3706	0.3649	0.3413	0.3462	 0.337	0.3349	
val losses      270:	0.2279	  0.23	0.3026	0.3072	0.3085	0.3048	0.3476	0.3702	0.7035	0.6636	 1.087	 1.065	 | 0.4931 mean
                     	0.6042	0.5987	0.7674	0.7833	0.8071	0.8138	0.8892	0.9431	 1.738	 1.681	 2.638	 2.609	 | 1.539 quantile
                      	 1.766	 1.969	 2.262	 1.797	 1.838	 1.588	 2.172	 2.073	  3.04	 2.907	 9.131	 9.946	 | 9.946 max

train losses    272:	0.2278	0.2146	0.3311	0.3172	0.2786	0.2835	0.3697	0.3641	0.3405	0.3453	0.3412	  0.34	
val losses      272:	0.2278	0.2301	0.3026	0.3071	0.3085	0.3045	0.3473	  0.37	0.7037	0.6642	 1.087	 1.066	 | 0.4932 mean
                     	0.6033	0.5989	0.7665	0.7828	0.8054	0.8121	 0.888	 0.943	 1.736	 1.682	 2.646	 2.618	 | 1.537 quantile
                      	 1.762	 1.963	 2.261	 1.798	 1.829	 1.575	 2.169	 2.077	 3.042	 2.913	 9.116	 9.931	 | 9.931 max

train losses    274:	0.2275	0.2145	 0.331	0.3171	0.2781	 0.283	0.3687	0.3633	0.3398	0.3447	0.3542	0.3532	
val losses      274:	0.2277	0.2301	0.3025	0.3071	0.3083	0.3041	 0.347	0.3697	0.7038	0.6645	 1.088	 1.066	 | 0.4933 mean
                     	0.6034	0.5983	0.7648	0.7817	0.8044	0.8121	0.8852	0.9409	 1.734	 1.684	 2.644	 2.611	 | 1.536 quantile
                      	 1.759	 1.958	  2.26	 1.798	 1.821	 1.563	 2.165	 2.079	 3.046	 2.916	 9.117	 9.932	 | 9.932 max

train losses    276:	0.2273	0.2143	 0.331	0.3169	0.2777	0.2825	0.3679	0.3626	 0.339	0.3441	0.3698	0.3683	
val losses      276:	0.2275	0.2301	0.3025	 0.307	0.3077	0.3037	0.3468	0.3694	0.7036	0.6643	 1.089	 1.067	 | 0.4932 mean
                     	0.6024	0.5983	0.7639	0.7816	0.8027	0.8116	0.8844	  0.94	 1.735	 1.682	  2.63	 2.597	 | 1.538 quantile
                      	 1.757	 1.957	  2.26	 1.799	 1.815	 1.553	 2.158	  2.08	 3.053	 2.912	 9.143	 9.958	 | 9.958 max

train losses    278:	 0.227	0.2141	0.3309	0.3168	0.2771	0.2818	 0.367	0.3619	0.3381	0.3432	 0.378	0.3757	
val losses      278:	0.2272	0.2298	0.3025	0.3069	0.3066	0.3031	0.3466	0.3691	0.7032	0.6636	 1.092	  1.07	 | 0.4934 mean
                     	0.6013	0.5986	0.7633	0.7803	0.7995	0.8081	0.8827	0.9416	 1.738	 1.681	 2.606	 2.572	 | 1.542 quantile
                      	 1.757	 1.958	  2.26	 1.799	 1.812	 1.547	 2.152	 2.082	 3.063	 2.903	 9.194	 10.01	 | 10.01 max

train losses    280:	0.2266	0.2138	0.3309	0.3166	0.2765	 0.281	 0.366	0.3611	 0.337	0.3421	0.3712	0.3683	
val losses      280:	0.2269	0.2295	0.3026	0.3069	0.3053	0.3026	0.3464	0.3689	0.7026	0.6625	 1.099	 1.077	 | 0.4942 mean
                     	0.6006	 0.598	0.7634	0.7801	0.7993	0.8082	 0.881	0.9418	 1.746	 1.683	 2.585	 2.567	 | 1.55 quantile
                      	 1.759	 1.963	 2.262	 1.799	 1.814	 1.546	 2.147	 2.083	 3.076	 2.888	 9.266	 10.08	 | 10.08 max

train losses    282:	0.2262	0.2135	0.3308	0.3165	0.2759	0.2802	 0.365	0.3601	 0.336	0.3411	0.3496	0.3461	
val losses      282:	0.2266	0.2291	0.3027	0.3068	0.3038	0.3024	0.3463	0.3687	 0.702	0.6611	 1.109	 1.089	 | 0.4956 mean
                     	 0.599	0.5978	 0.764	0.7806	0.7966	0.8037	0.8799	0.9408	 1.749	 1.686	 2.582	 2.556	 | 1.564 quantile
                      	 1.762	 1.971	 2.265	 1.799	 1.821	 1.552	 2.142	 2.086	 3.095	 2.867	  9.35	 10.17	 | 10.17 max

train losses    284:	0.2258	0.2133	0.3307	0.3164	0.2754	0.2797	0.3641	0.3592	0.3355	0.3409	0.3332	0.3283	
val losses      284:	0.2264	0.2288	0.3028	0.3068	0.3026	0.3028	0.3462	0.3686	0.7016	0.6596	 1.121	 1.102	 | 0.4974 mean
                     	0.5979	 0.597	0.7653	0.7814	0.7943	0.8028	0.8771	0.9426	 1.754	 1.688	 2.598	  2.57	 | 1.584 quantile
                      	 1.767	  1.98	 2.268	 1.798	 1.832	 1.561	 2.136	 2.088	 3.118	 2.842	 9.434	 10.26	 | 10.26 max

train losses    286:	0.2256	0.2132	0.3307	0.3162	0.2752	0.2796	0.3634	0.3584	0.3355	0.3418	0.3615	0.3565	
val losses      286:	0.2262	0.2288	0.3029	0.3067	0.3019	0.3036	0.3461	0.3685	0.7014	0.6586	 1.128	 1.111	 | 0.4987 mean
                     	0.5995	0.5975	0.7669	 0.781	0.7933	0.8052	0.8777	0.9415	 1.752	 1.693	 2.625	 2.587	 | 1.594 quantile
                      	 1.773	  1.99	 2.271	 1.798	 1.841	 1.569	 2.132	 2.092	 3.137	 2.822	  9.49	 10.31	 | 10.31 max

train losses    288:	0.2254	0.2132	0.3306	0.3161	0.2752	0.2797	0.3629	0.3578	0.3356	0.3428	0.4298	0.4279	
val losses      288:	0.2262	0.2287	 0.303	0.3067	0.3015	 0.304	0.3459	0.3686	0.7017	0.6582	 1.126	 1.109	 | 0.4983 mean
                     	0.6003	0.5953	0.7678	0.7807	 0.792	0.8023	0.8762	0.9427	 1.749	 1.697	 2.649	 2.609	 | 1.595 quantile
                      	  1.78	 1.999	 2.274	 1.798	 1.845	 1.572	 2.128	 2.098	 3.146	 2.813	 9.492	 10.31	 | 10.31 max

train losses    290:	0.2253	0.2131	0.3306	 0.316	 0.275	0.2794	0.3626	0.3575	0.3349	0.3423	0.4933	0.4946	
val losses      290:	 0.226	0.2284	 0.303	0.3067	0.3011	0.3034	0.3456	0.3684	0.7028	0.6586	 1.112	 1.096	 | 0.496 mean
                     	0.6019	0.5936	0.7675	  0.78	  0.79	0.8002	0.8726	0.9422	 1.749	 1.697	 2.633	 2.593	 | 1.588 quantile
                      	 1.788	 2.006	 2.274	 1.798	 1.841	 1.564	 2.116	   2.1	 3.152	 2.811	 9.445	 10.27	 | 10.27 max

train losses    292:	 0.225	0.2128	0.3305	0.3159	0.2743	0.2784	0.3619	0.3569	0.3336	0.3402	0.4972	0.5002	
val losses      292:	0.2257	0.2279	0.3029	0.3068	0.3009	0.3019	0.3455	0.3678	0.7043	0.6599	 1.104	 1.094	 | 0.4951 mean
                     	0.6013	0.5944	0.7678	0.7802	0.7887	0.7987	0.8703	0.9392	 1.745	 1.688	 2.587	 2.543	 | 1.582 quantile
                      	 1.795	 2.007	 2.272	   1.8	 1.829	 1.546	 2.089	 2.091	  3.15	 2.814	 9.383	  10.2	 | 10.2 max

train losses    294:	0.2245	0.2123	0.3304	0.3158	0.2734	0.2771	0.3606	 0.356	0.3323	 0.338	0.4188	0.4213	
val losses      294:	0.2251	0.2276	0.3026	0.3068	0.3008	0.2996	0.3456	0.3674	0.7044	0.6608	 1.105	 1.099	 | 0.4954 mean
                     	0.5996	0.5928	0.7657	0.7814	0.7882	0.7952	0.8664	0.9371	 1.745	 1.685	 2.554	 2.525	 | 1.573 quantile
                      	  1.79	 1.996	 2.267	   1.8	 1.809	 1.521	 2.064	  2.08	 3.129	 2.834	 9.313	 10.13	 | 10.13 max

train losses    296:	0.2241	0.2119	0.3303	0.3156	0.2725	0.2763	0.3596	0.3554	0.3313	0.3358	0.4056	  0.41	
val losses      296:	 0.225	 0.228	0.3024	0.3067	0.3014	0.2985	0.3453	0.3672	0.7041	0.6624	 1.071	 1.062	 | 0.4895 mean
                     	0.5927	0.5952	0.7644	0.7816	0.7866	0.7939	0.8662	0.9351	 1.739	  1.68	 2.532	  2.51	 | 1.54 quantile
                      	 1.768	 1.971	 2.262	   1.8	 1.785	 1.491	 2.066	 2.083	 3.098	 2.869	 9.218	 10.03	 | 10.03 max

train losses    298:	0.2241	 0.212	0.3302	0.3155	0.2721	0.2761	0.3589	0.3549	0.3347	0.3367	0.4371	 0.438	
val losses      298:	0.2257	0.2292	0.3022	0.3065	 0.303	0.2997	0.3447	0.3673	0.7036	0.6638	 1.073	 1.053	 | 0.4893 mean
                     	0.5982	0.5948	0.7643	0.7814	0.7857	0.7997	0.8687	0.9361	 1.739	 1.675	 2.635	 2.594	 | 1.526 quantile
                      	 1.741	 1.944	 2.258	 1.801	 1.794	 1.501	 2.096	 2.104	 3.093	 2.885	   9.1	 9.914	 | 9.914 max

