train losses      0:	0.5467	0.5922	0.3403	0.3371	0.7094	  0.75	0.4584	0.4654	 1.584	 1.598	 1.481	 1.478	
val losses        0:	0.6648	0.6869	0.3256	0.3261	0.7388	0.7653	0.3907	0.4169	 1.507	 1.506	 1.323	 1.317	 | 0.8307 mean
                     	 2.206	 2.167	0.8196	0.8446	 2.027	 2.187	 1.106	 1.105	 4.163	 4.322	 3.055	  3.07	 | 2.678 quantile
                      	  6.24	 6.983	  2.07	  1.81	 5.657	 5.961	  1.95	 2.169	 7.835	 6.863	 4.334	   4.6	 | 7.835 max

train losses      2:	0.5463	0.5895	0.3394	0.3353	0.7091	0.7497	0.4583	0.4653	 1.584	 1.597	 1.481	 1.478	
val losses        2:	 0.663	0.6848	0.3064	0.3149	0.7388	0.7624	0.3882	0.4162	 1.507	 1.506	 1.325	 1.317	 | 0.8275 mean
                     	 2.194	 2.167	0.7854	 0.825	 2.031	  2.16	 1.104	 1.101	  4.17	 4.315	 3.062	 3.068	 | 2.68 quantile
                      	 6.189	 6.989	 2.119	 1.749	 5.662	 6.033	 1.902	 2.136	 7.854	 6.886	 4.363	 4.613	 | 7.854 max

train losses      4:	 0.546	0.5872	0.3388	0.3339	0.7089	0.7493	0.4582	0.4653	 1.583	 1.597	  1.48	 1.478	
val losses        4:	0.6627	0.6842	0.3038	 0.314	 0.739	0.7624	0.3873	0.4162	 1.507	 1.505	 1.326	 1.316	 | 0.827 mean
                     	 2.187	 2.162	0.7812	0.8218	 2.031	 2.145	 1.095	 1.103	 4.171	 4.321	 3.059	 3.066	 | 2.681 quantile
                      	  6.18	 6.966	 2.128	 1.746	 5.665	 6.046	 1.882	 2.133	 7.864	 6.869	 4.371	  4.61	 | 7.864 max

train losses      6:	0.5457	0.5852	0.3382	0.3328	0.7086	0.7488	0.4582	0.4654	 1.583	 1.596	  1.48	 1.477	
val losses        6:	0.6623	0.6835	0.3033	0.3137	0.7388	0.7621	0.3869	0.4163	 1.507	 1.504	 1.326	 1.316	 | 0.8266 mean
                     	 2.184	 2.157	0.7818	0.8193	 2.033	 2.144	 1.089	 1.102	 4.171	 4.323	 3.059	 3.066	 | 2.679 quantile
                      	 6.174	 6.956	 2.135	 1.755	 5.668	 6.048	 1.871	  2.13	 7.851	 6.862	 4.369	 4.612	 | 7.851 max

train losses      8:	0.5454	0.5833	0.3378	0.3319	0.7084	0.7481	0.4581	0.4654	 1.582	 1.595	  1.48	 1.477	
val losses        8:	 0.662	0.6819	0.3031	0.3131	0.7385	0.7615	0.3868	0.4163	 1.506	 1.503	 1.325	 1.316	 | 0.8261 mean
                     	 2.182	 2.153	0.7811	0.8184	 2.033	 2.147	 1.088	 1.103	 4.173	 4.321	 3.056	 3.068	 | 2.677 quantile
                      	  6.17	 6.949	 2.131	 1.756	 5.661	 6.042	 1.865	 2.132	 7.841	 6.846	 4.366	 4.612	 | 7.841 max

train losses     10:	0.5451	0.5815	0.3375	0.3312	 0.708	0.7474	0.4581	0.4655	  1.58	 1.594	 1.479	 1.476	
val losses       10:	0.6614	0.6799	 0.303	0.3125	0.7382	0.7606	0.3868	0.4164	 1.505	 1.502	 1.325	 1.315	 | 0.8255 mean
                     	 2.181	 2.145	0.7788	0.8175	 2.034	 2.145	 1.089	 1.103	 4.176	 4.321	 3.055	 3.063	 | 2.676 quantile
                      	 6.161	 6.945	 2.127	 1.755	  5.66	 6.029	 1.859	 2.133	 7.833	 6.832	 4.363	 4.613	 | 7.833 max

train losses     12:	0.5447	0.5796	0.3373	0.3306	0.7076	0.7466	 0.458	0.4656	 1.579	 1.592	 1.479	 1.476	
val losses       12:	0.6605	0.6775	0.3029	0.3119	0.7379	0.7596	0.3868	0.4164	 1.503	 1.501	 1.324	 1.315	 | 0.8247 mean
                     	 2.182	 2.136	0.7784	0.8162	 2.035	 2.149	 1.091	 1.104	 4.176	 4.311	 3.057	  3.06	 | 2.672 quantile
                      	 6.151	 6.937	 2.127	 1.751	 5.661	 6.008	 1.855	 2.136	 7.821	 6.821	 4.367	 4.613	 | 7.821 max

train losses     14:	0.5441	0.5776	0.3372	0.3301	0.7072	0.7458	 0.458	0.4657	 1.577	  1.59	 1.478	 1.475	
val losses       14:	0.6594	0.6746	 0.303	0.3113	0.7376	0.7587	0.3868	0.4165	 1.501	 1.499	 1.323	 1.315	 | 0.8238 mean
                     	 2.173	 2.124	0.7776	0.8112	 2.035	 2.158	 1.092	 1.106	 4.178	 4.303	 3.058	  3.06	 | 2.668 quantile
                      	 6.137	 6.928	  2.13	 1.747	 5.664	  5.98	 1.852	 2.135	 7.812	 6.832	 4.373	 4.615	 | 7.812 max

train losses     16:	0.5435	0.5754	 0.337	0.3296	0.7066	 0.745	 0.458	0.4659	 1.574	 1.588	 1.477	 1.474	
val losses       16:	 0.658	0.6713	 0.303	0.3107	0.7372	0.7581	0.3869	0.4167	 1.499	 1.496	 1.322	 1.314	 | 0.8227 mean
                     	 2.168	 2.122	0.7812	0.8089	 2.032	 2.163	  1.09	 1.107	 4.183	 4.303	  3.06	 3.055	 | 2.665 quantile
                      	 6.123	 6.915	 2.135	 1.743	 5.667	 5.944	 1.846	 2.135	 7.802	 6.854	  4.38	 4.617	 | 7.802 max

train losses     18:	0.5427	0.5731	0.3369	0.3291	 0.706	0.7443	0.4579	0.4661	 1.571	 1.585	 1.476	 1.472	
val losses       18:	0.6564	0.6675	0.3031	0.3102	0.7368	0.7579	0.3869	0.4169	 1.496	 1.492	 1.321	 1.313	 | 0.8215 mean
                     	 2.162	 2.117	0.7816	0.8064	 2.032	 2.172	  1.09	 1.107	 4.181	 4.299	 3.057	 3.056	 | 2.66 quantile
                      	 6.108	 6.898	 2.141	 1.742	  5.67	 5.913	 1.845	 2.131	 7.791	 6.881	 4.385	 4.617	 | 7.791 max

train losses     20:	0.5418	0.5706	0.3369	0.3288	0.7053	0.7438	0.4579	0.4663	 1.567	 1.581	 1.475	 1.471	
val losses       20:	0.6545	0.6634	0.3032	0.3099	0.7363	0.7583	 0.387	0.4171	 1.492	 1.488	  1.32	 1.312	 | 0.8202 mean
                     	 2.158	 2.111	 0.782	0.8049	 2.031	 2.177	 1.091	 1.105	 4.175	 4.299	 3.054	 3.057	 | 2.654 quantile
                      	 6.091	 6.872	 2.149	 1.743	 5.671	 5.938	 1.847	 2.128	 7.778	 6.911	 4.382	 4.613	 | 7.778 max

train losses     22:	0.5408	 0.568	0.3368	0.3285	0.7045	0.7436	0.4578	0.4666	 1.562	 1.576	 1.474	 1.469	
val losses       22:	0.6523	0.6591	0.3032	0.3098	0.7356	0.7595	 0.387	0.4174	 1.488	 1.483	 1.318	 1.311	 | 0.8187 mean
                     	 2.146	 2.104	0.7811	0.8066	 2.028	  2.18	 1.094	 1.105	 4.165	   4.3	 3.055	 3.061	 | 2.646 quantile
                      	 6.071	 6.832	 2.157	 1.745	 5.672	 5.963	 1.849	 2.126	 7.761	 6.941	  4.37	 4.606	 | 7.761 max

train losses     24:	0.5396	0.5653	0.3368	0.3283	0.7036	0.7435	0.4578	0.4669	 1.556	  1.57	 1.472	 1.467	
val losses       24:	0.6499	0.6545	0.3033	0.3098	0.7347	0.7611	0.3872	0.4178	 1.482	 1.477	 1.316	  1.31	 | 0.817 mean
                     	 2.134	 2.077	0.7838	0.8095	 2.026	 2.185	 1.094	 1.109	 4.157	 4.283	 3.054	 3.063	 | 2.638 quantile
                      	  6.05	 6.787	 2.169	 1.749	 5.675	 5.982	 1.853	 2.124	 7.743	 6.972	 4.369	 4.597	 | 7.743 max

train losses     26:	0.5382	0.5626	0.3368	0.3282	0.7024	0.7435	0.4578	0.4674	 1.549	 1.563	  1.47	 1.465	
val losses       26:	0.6472	0.6496	0.3036	  0.31	0.7336	0.7632	0.3875	0.4183	 1.475	 1.469	 1.314	 1.309	 | 0.815 mean
                     	 2.119	 2.055	0.7793	0.8084	 2.022	 2.185	 1.094	 1.113	 4.157	 4.278	 3.054	  3.07	 | 2.629 quantile
                      	 6.024	 6.734	 2.176	 1.754	 5.675	 5.992	  1.86	 2.121	 7.723	 7.003	 4.362	 4.585	 | 7.723 max

train losses     28:	0.5367	0.5598	 0.337	0.3282	 0.701	0.7438	0.4578	0.4679	 1.541	 1.554	 1.467	 1.462	
val losses       28:	 0.644	0.6445	0.3042	0.3102	0.7322	0.7658	0.3879	0.4189	 1.466	 1.459	 1.311	 1.308	 | 0.8127 mean
                     	 2.107	 2.038	0.7792	0.8081	 2.013	 2.184	 1.096	 1.111	  4.15	 4.256	 3.048	 3.068	 | 2.619 quantile
                      	 5.994	 6.677	 2.181	 1.762	 5.674	 6.001	 1.871	 2.115	 7.696	 7.029	 4.343	 4.568	 | 7.696 max

train losses     30:	0.5349	 0.557	0.3373	0.3283	0.6994	0.7443	0.4578	0.4684	 1.531	 1.545	 1.464	 1.459	
val losses       30:	0.6403	0.6391	 0.305	0.3105	0.7304	0.7688	0.3882	0.4196	 1.456	 1.448	 1.308	 1.306	 | 0.81 mean
                     	 2.086	 2.017	0.7818	0.8074	 2.003	 2.177	 1.096	 1.117	 4.153	 4.228	 3.043	 3.059	 | 2.607 quantile
                      	 5.957	 6.622	 2.184	 1.775	 5.672	 6.012	 1.881	 2.109	 7.667	 7.048	  4.31	 4.551	 | 7.667 max

train losses     32:	0.5329	 0.554	0.3378	0.3285	0.6974	 0.745	0.4578	 0.469	 1.519	 1.533	  1.46	 1.455	
val losses       32:	0.6362	0.6334	 0.306	0.3109	 0.728	0.7725	0.3884	0.4204	 1.443	 1.435	 1.305	 1.304	 | 0.8069 mean
                     	 2.066	 1.997	0.7827	0.8083	 1.987	 2.175	 1.095	 1.122	 4.131	 4.197	 3.028	 3.059	 | 2.595 quantile
                      	 5.912	 6.564	 2.192	 1.788	  5.67	 6.034	   1.9	 2.102	 7.631	 7.055	 4.269	 4.536	 | 7.631 max

train losses     34:	0.5306	0.5509	0.3385	0.3288	0.6952	0.7459	0.4577	0.4696	 1.505	  1.52	 1.455	 1.451	
val losses       34:	0.6315	0.6276	0.3072	0.3114	 0.725	0.7769	0.3885	0.4212	 1.429	 1.419	 1.301	 1.302	 | 0.8033 mean
                     	 2.056	 1.981	0.7857	0.8077	 1.974	 2.178	 1.095	 1.126	 4.085	  4.16	 3.009	 3.056	 | 2.579 quantile
                      	 5.858	 6.512	 2.201	 1.801	 5.663	  6.05	 1.915	 2.093	 7.585	 7.053	 4.224	 4.514	 | 7.585 max

train losses     36:	0.5282	 0.548	0.3394	0.3292	0.6926	0.7473	0.4577	0.4703	 1.489	 1.504	 1.449	 1.446	
val losses       36:	0.6265	 0.622	0.3087	 0.312	0.7215	 0.782	0.3887	0.4222	 1.411	   1.4	 1.296	   1.3	 | 0.7992 mean
                     	  2.04	 1.954	0.7912	 0.812	 1.972	 2.181	 1.094	 1.129	 4.034	  4.12	 2.993	  3.06	 | 2.56 quantile
                      	 5.799	  6.46	  2.21	 1.811	 5.649	 6.061	 1.938	 2.085	 7.529	 7.038	 4.172	 4.491	 | 7.529 max

train losses     38:	0.5256	0.5451	0.3407	0.3296	0.6899	0.7491	0.4577	0.4711	 1.471	 1.486	 1.443	 1.441	
val losses       38:	0.6213	0.6165	0.3106	0.3128	0.7177	0.7879	0.3887	0.4234	 1.391	 1.378	 1.291	 1.298	 | 0.7948 mean
                     	 2.024	 1.944	0.7921	0.8134	 1.955	 2.183	 1.093	 1.138	 4.002	 4.067	  2.98	 3.062	 | 2.539 quantile
                      	 5.741	 6.404	  2.22	 1.823	 5.628	 6.067	 1.956	 2.074	 7.451	 7.003	 4.117	  4.46	 | 7.451 max

train losses     40:	0.5231	0.5424	0.3424	  0.33	0.6871	0.7514	0.4577	0.4721	 1.451	 1.465	 1.436	 1.434	
val losses       40:	0.6161	0.6114	0.3132	0.3137	0.7136	0.7946	0.3887	0.4249	 1.369	 1.353	 1.286	 1.295	 | 0.7899 mean
                     	 2.006	 1.919	0.8012	0.8107	 1.947	 2.196	 1.091	 1.142	 3.945	 4.016	 2.962	  3.06	 | 2.516 quantile
                      	 5.681	 6.353	 2.234	  1.83	 5.603	 6.071	  1.97	 2.059	 7.346	 6.944	 4.067	  4.42	 | 7.346 max

train losses     42:	0.5205	0.5398	0.3448	0.3305	0.6842	0.7542	0.4577	0.4731	 1.428	 1.441	 1.428	 1.427	
val losses       42:	0.6107	0.6067	0.3168	0.3147	0.7089	 0.802	 0.389	0.4262	 1.342	 1.325	 1.281	 1.291	 | 0.7845 mean
                     	 1.984	 1.898	0.8114	0.8111	 1.941	 2.207	 1.093	 1.147	  3.88	 3.933	 2.939	 3.064	 | 2.495 quantile
                      	 5.614	 6.306	 2.258	 1.835	 5.572	 6.077	 1.976	 2.046	 7.215	 6.861	 4.023	  4.37	 | 7.215 max

train losses     44:	0.5179	0.5374	0.3479	0.3311	0.6813	0.7576	0.4579	0.4741	 1.402	 1.415	 1.419	 1.419	
val losses       44:	0.6052	0.6021	0.3215	0.3157	0.7038	0.8097	0.3894	0.4275	 1.313	 1.294	 1.275	 1.288	 | 0.7788 mean
                     	  1.95	 1.877	0.8226	0.8144	 1.938	 2.214	 1.094	  1.15	 3.823	 3.852	 2.927	 3.071	 | 2.47 quantile
                      	 5.546	 6.249	 2.287	 1.841	 5.527	 6.081	 1.978	 2.068	 7.074	 6.755	  3.98	 4.309	 | 7.074 max

train losses     46:	0.5152	0.5352	0.3518	0.3319	0.6783	0.7612	0.4581	 0.475	 1.374	 1.387	  1.41	 1.411	
val losses       46:	0.5998	0.5979	0.3273	0.3169	0.6982	0.8172	  0.39	0.4287	 1.281	 1.262	  1.27	 1.284	 | 0.7727 mean
                     	 1.918	 1.871	0.8403	0.8203	 1.927	 2.224	 1.094	 1.153	 3.732	 3.778	 2.931	 3.081	 | 2.445 quantile
                      	 5.474	 6.189	 2.322	 1.848	 5.474	 6.084	 1.982	  2.09	 6.901	 6.627	 3.979	 4.238	 | 6.901 max

train losses     48:	0.5127	0.5332	0.3567	0.3328	0.6754	0.7647	0.4584	0.4759	 1.344	 1.356	 1.399	 1.401	
val losses       48:	0.5945	0.5942	0.3347	0.3182	 0.692	0.8237	0.3907	0.4296	 1.247	 1.226	 1.264	  1.28	 | 0.7662 mean
                     	 1.887	 1.854	0.8546	0.8271	  1.92	 2.228	 1.093	 1.158	 3.634	 3.669	 2.923	 3.093	 | 2.416 quantile
                      	 5.424	 6.135	 2.354	 1.864	 5.411	 6.089	 1.988	 2.104	 6.694	 6.467	 4.024	 4.168	 | 6.694 max

train losses     50:	0.5101	0.5313	0.3623	0.3338	0.6728	0.7678	0.4588	0.4767	 1.312	 1.323	 1.388	  1.39	
val losses       50:	0.5893	0.5909	 0.343	0.3197	 0.686	0.8283	0.3913	0.4303	  1.21	 1.189	 1.259	 1.275	 | 0.7593 mean
                     	 1.866	 1.846	0.8758	0.8319	 1.909	 2.236	 1.098	 1.161	 3.513	 3.564	  2.92	 3.098	 | 2.395 quantile
                      	 5.362	 6.088	 2.386	 1.883	 5.342	 6.089	 1.997	 2.121	 6.576	 6.281	 4.067	 4.106	 | 6.576 max

train losses     52:	0.5076	0.5296	0.3686	 0.335	0.6709	0.7702	0.4591	0.4772	 1.278	 1.288	 1.377	 1.377	
val losses       52:	0.5845	0.5879	0.3514	0.3215	0.6809	0.8302	 0.392	0.4309	 1.171	 1.149	 1.255	  1.27	 | 0.752 mean
                     	 1.835	 1.833	0.8937	0.8357	 1.895	 2.234	 1.098	 1.168	 3.386	 3.466	 2.915	 3.092	 | 2.362 quantile
                      	 5.281	 6.039	  2.43	 1.911	  5.26	 6.083	   2.0	 2.142	 6.466	  6.11	 4.112	 4.054	 | 6.466 max

train losses     54:	0.5052	0.5281	0.3747	0.3364	  0.67	0.7717	0.4596	0.4777	 1.242	 1.251	 1.364	 1.364	
val losses       54:	0.5802	0.5851	0.3587	0.3236	0.6776	0.8283	0.3927	0.4319	 1.132	 1.107	 1.251	 1.264	 | 0.7444 mean
                     	 1.802	 1.825	0.9083	0.8413	 1.896	 2.239	 1.096	 1.173	 3.258	 3.362	 2.919	 3.092	 | 2.339 quantile
                      	 5.192	 6.018	 2.468	 1.938	 5.174	 6.049	 2.008	 2.186	 6.326	   6.0	  4.15	 4.017	 | 6.326 max

train losses     56:	0.5031	0.5265	0.3794	 0.338	0.6706	0.7711	0.4601	0.4783	 1.205	 1.213	 1.352	 1.348	
val losses       56:	0.5765	0.5811	0.3623	0.3258	 0.676	0.8197	0.3935	0.4327	 1.094	 1.066	 1.249	 1.256	 | 0.736 mean
                     	 1.772	 1.812	0.9183	0.8487	 1.895	 2.224	 1.098	 1.169	  3.13	 3.259	 2.925	 3.062	 | 2.303 quantile
                      	 5.119	 6.001	 2.492	 1.949	 5.084	 5.994	 2.011	 2.211	 6.169	 5.863	 4.179	 4.082	 | 6.169 max

train losses     58:	0.5012	0.5248	0.3824	0.3394	0.6708	0.7673	0.4606	 0.478	 1.167	 1.175	 1.338	 1.332	
val losses       58:	0.5725	0.5767	0.3642	0.3275	0.6727	 0.806	 0.394	0.4317	 1.057	 1.026	 1.247	 1.247	 | 0.7269 mean
                     	 1.751	 1.798	0.9226	0.8525	 1.892	 2.205	 1.099	 1.165	 3.003	 3.147	 2.919	  3.04	 | 2.263 quantile
                      	 5.053	 5.998	 2.491	 1.962	 4.978	 5.927	 2.007	 2.211	 5.997	 5.727	 4.216	 4.144	 | 5.998 max

train losses     60:	0.4994	0.5224	 0.386	0.3403	0.6698	0.7621	0.4611	 0.477	 1.129	 1.136	 1.325	 1.315	
val losses       60:	0.5683	0.5726	0.3683	0.3287	0.6687	0.7922	0.3944	0.4302	  1.02	0.9865	 1.245	 1.239	 | 0.7178 mean
                     	 1.733	  1.79	0.9313	0.8528	 1.871	 2.176	   1.1	 1.157	 2.859	 3.015	 2.902	 3.008	 | 2.227 quantile
                      	  4.98	 5.983	 2.503	 1.989	 4.863	 5.852	 2.053	 2.211	 5.822	 5.598	 4.228	 4.205	 | 5.983 max

train losses     62:	0.4975	0.5196	0.3903	0.3411	0.6688	0.7567	0.4616	0.4765	  1.09	 1.097	 1.311	 1.297	
val losses       62:	0.5644	0.5677	0.3732	0.3298	0.6654	0.7795	0.3946	0.4301	0.9844	0.9486	 1.242	 1.231	 | 0.7092 mean
                     	 1.713	  1.77	0.9429	0.8619	 1.856	 2.151	 1.099	  1.15	  2.74	 2.883	 2.897	 2.989	 | 2.19 quantile
                      	 4.888	 5.911	  2.52	 2.017	  4.79	 5.779	 2.099	  2.22	 5.646	  5.44	 4.228	  4.27	 | 5.911 max

train losses     64:	0.4955	0.5164	0.3936	0.3418	0.6675	0.7517	 0.462	0.4764	 1.052	 1.058	 1.296	 1.279	
val losses       64:	0.5609	0.5627	0.3764	0.3305	0.6626	0.7684	0.3948	0.4303	0.9499	0.9124	 1.237	 1.223	 | 0.7007 mean
                     	 1.697	 1.751	0.9536	0.8643	 1.838	 2.137	 1.097	 1.149	 2.621	 2.749	 2.861	 2.975	 | 2.157 quantile
                      	 4.785	 5.839	 2.526	 2.021	 4.722	  5.71	 2.147	 2.218	 5.453	 5.254	 4.252	 4.322	 | 5.839 max

train losses     66:	0.4936	0.5129	0.3959	0.3424	0.6661	0.7466	0.4624	0.4763	 1.014	  1.02	 1.281	 1.259	
val losses       66:	0.5577	0.5579	0.3786	0.3312	0.6602	0.7573	0.3951	0.4307	0.9168	0.8786	 1.232	 1.213	 | 0.6924 mean
                     	 1.679	 1.734	0.9561	0.8681	 1.826	 2.121	   1.1	 1.147	 2.501	 2.617	 2.833	 2.953	 | 2.127 quantile
                      	  4.68	 5.775	  2.53	 2.034	 4.663	 5.642	  2.19	  2.22	 5.245	 5.053	 4.296	 4.366	 | 5.775 max

train losses     68:	0.4917	 0.509	0.3973	0.3427	0.6645	0.7416	0.4627	0.4765	0.9767	0.9828	 1.266	  1.24	
val losses       68:	0.5543	0.5526	0.3795	0.3313	0.6582	0.7478	0.3956	0.4313	0.8855	0.8475	 1.226	 1.204	 | 0.6845 mean
                     	 1.667	 1.711	0.9576	0.8697	 1.823	 2.106	 1.101	 1.143	 2.372	 2.492	 2.815	  2.92	 | 2.096 quantile
                      	 4.585	 5.703	 2.528	 2.042	 4.616	 5.573	 2.221	 2.232	 5.022	 4.862	 4.333	 4.423	 | 5.703 max

train losses     70:	0.4897	0.5048	 0.398	0.3426	0.6626	0.7369	 0.463	0.4765	0.9403	0.9471	  1.25	 1.221	
val losses       70:	0.5506	0.5469	0.3796	0.3312	0.6559	0.7397	0.3962	0.4319	0.8563	0.8194	 1.219	 1.196	 | 0.6769 mean
                     	 1.651	 1.696	0.9582	0.8702	 1.816	 2.085	 1.106	  1.14	 2.261	 2.377	 2.801	 2.899	 | 2.071 quantile
                      	 4.497	 5.629	 2.526	  2.03	 4.577	 5.508	 2.245	 2.243	 4.789	 4.671	 4.341	  4.55	 | 5.629 max

train losses     72:	0.4873	   0.5	 0.398	0.3424	0.6602	0.7324	0.4633	0.4767	0.9055	0.9128	 1.234	 1.202	
val losses       72:	0.5468	0.5411	0.3792	0.3308	0.6534	0.7331	0.3965	0.4325	0.8294	 0.795	  1.21	 1.187	 | 0.6696 mean
                     	 1.639	 1.683	 0.952	0.8641	 1.806	 2.064	 1.102	  1.14	 2.173	 2.288	 2.791	 2.874	 | 2.044 quantile
                      	  4.41	 5.551	 2.523	 2.019	 4.541	 5.449	 2.268	  2.26	 4.551	 4.465	 4.329	 4.683	 | 5.551 max

train losses     74:	0.4847	0.4951	0.3975	0.3421	0.6571	0.7281	0.4634	0.4767	0.8724	0.8803	 1.217	 1.184	
val losses       74:	0.5427	0.5351	0.3782	0.3301	0.6505	0.7277	0.3968	 0.433	0.8055	0.7742	 1.201	 1.178	 | 0.6627 mean
                     	 1.618	 1.659	0.9518	0.8628	 1.794	 2.043	 1.103	 1.144	 2.086	 2.194	 2.783	 2.872	 | 2.02 quantile
                      	 4.321	  5.47	 2.516	 2.003	 4.514	 5.388	 2.287	 2.275	 4.315	 4.261	 4.317	 4.817	 | 5.47 max

train losses     76:	0.4817	0.4901	0.3965	0.3417	0.6534	0.7236	0.4634	0.4766	0.8413	0.8496	   1.2	 1.166	
val losses       76:	0.5382	0.5292	0.3767	0.3294	0.6472	0.7228	0.3969	0.4333	0.7851	0.7567	  1.19	 1.169	 | 0.6562 mean
                     	 1.603	  1.64	0.9511	0.8604	 1.785	 2.019	 1.105	 1.144	 2.024	 2.101	 2.772	 2.863	 | 2.001 quantile
                      	 4.233	 5.393	 2.507	 1.982	 4.496	 5.325	 2.296	  2.29	 4.081	 4.052	 4.299	 4.943	 | 5.393 max

train losses     78:	0.4784	 0.485	 0.395	0.3414	 0.649	0.7188	0.4634	0.4763	0.8123	 0.821	 1.183	 1.149	
val losses       78:	0.5336	0.5234	0.3747	0.3286	0.6434	 0.718	 0.397	0.4334	0.7677	0.7422	 1.178	  1.16	 | 0.65 mean
                     	 1.598	 1.613	 0.945	0.8591	 1.765	 2.007	 1.105	 1.145	 1.976	 2.018	 2.763	  2.86	 | 1.977 quantile
                      	 4.147	 5.322	 2.498	 1.963	 4.483	 5.264	 2.294	 2.308	 3.867	  3.88	 4.277	 5.066	 | 5.322 max

train losses     80:	0.4748	0.4801	0.3931	 0.341	0.6439	0.7135	0.4633	0.4759	0.7856	0.7947	 1.167	 1.133	
val losses       80:	0.5288	0.5176	0.3723	0.3278	0.6389	0.7125	0.3971	0.4333	 0.753	0.7301	 1.166	 1.152	 | 0.6441 mean
                     	 1.577	 1.599	0.9402	0.8559	 1.751	 1.985	 1.107	 1.142	  1.92	 1.966	 2.746	 2.849	 | 1.956 quantile
                      	 4.073	 5.257	 2.508	 1.944	 4.473	 5.198	 2.291	 2.325	 3.704	 3.702	 4.384	 5.183	 | 5.257 max

train losses     82:	0.4711	0.4752	0.3908	0.3406	0.6378	0.7076	0.4632	0.4752	0.7611	0.7707	 1.151	 1.117	
val losses       82:	0.5239	0.5117	0.3695	 0.327	0.6337	0.7059	0.3973	0.4329	0.7408	0.7201	 1.154	 1.144	 | 0.6385 mean
                     	 1.556	 1.578	0.9342	0.8574	 1.729	 1.959	 1.107	 1.136	 1.877	 1.922	 2.729	 2.833	 | 1.932 quantile
                      	 4.017	 5.187	 2.538	 1.926	 4.464	 5.125	 2.286	 2.339	 3.554	 3.527	 4.491	 5.295	 | 5.295 max

train losses     84:	0.4673	0.4703	0.3884	0.3403	0.6309	0.7009	 0.463	0.4743	0.7387	0.7491	 1.135	 1.103	
val losses       84:	 0.519	0.5061	0.3665	0.3262	0.6278	0.6983	0.3973	0.4323	0.7314	 0.713	 1.143	 1.138	 | 0.6333 mean
                     	 1.536	 1.553	0.9268	0.8564	 1.717	 1.934	   1.1	 1.138	 1.841	 1.878	 2.727	  2.82	 | 1.913 quantile
                      	 3.957	 5.108	 2.558	 1.907	  4.45	 5.066	 2.273	 2.351	 3.416	 3.364	 4.599	 5.441	 | 5.441 max

train losses     86:	0.4634	0.4655	 0.386	0.3401	0.6235	0.6936	0.4627	0.4733	0.7187	0.7301	 1.119	 1.089	
val losses       86:	 0.514	0.5008	0.3635	0.3256	0.6216	0.6902	0.3971	0.4316	0.7251	0.7091	 1.134	 1.133	 | 0.6288 mean
                     	 1.515	  1.53	0.9202	0.8519	 1.696	   1.9	 1.099	  1.14	 1.812	 1.826	 2.721	 2.807	 | 1.896 quantile
                      	 3.894	 5.023	  2.55	  1.89	 4.422	 5.005	 2.253	 2.363	 3.293	 3.222	 4.724	 5.589	 | 5.589 max

train losses     88:	0.4595	0.4609	0.3837	0.3401	0.6159	0.6859	0.4623	0.4722	0.7007	0.7135	 1.105	 1.076	
val losses       88:	0.5092	0.4958	0.3608	0.3254	0.6149	0.6821	0.3968	0.4307	0.7181	0.7061	 1.125	 1.129	 | 0.6244 mean
                     	 1.492	 1.516	 0.915	0.8516	 1.666	 1.876	 1.096	 1.137	 1.785	 1.788	 2.708	 2.806	 | 1.877 quantile
                      	 3.829	 4.934	 2.542	  1.88	  4.38	 4.936	  2.23	 2.372	 3.193	 3.092	 4.841	 5.723	 | 5.723 max

train losses     90:	0.4558	0.4565	0.3815	0.3402	0.6084	0.6778	0.4617	0.4711	0.6837	0.6964	  1.09	 1.064	
val losses       90:	0.5047	0.4909	0.3583	0.3256	0.6072	0.6743	0.3963	0.4299	 0.709	0.7027	 1.114	 1.124	 | 0.6198 mean
                     	 1.474	 1.489	0.9068	0.8471	  1.64	 1.859	 1.093	 1.132	 1.759	 1.754	 2.707	  2.79	 | 1.866 quantile
                      	 3.765	 4.848	 2.542	 1.878	 4.345	 4.922	 2.213	 2.368	 3.144	 3.065	  4.94	 5.839	 | 5.839 max

train losses     92:	0.4523	0.4522	0.3793	0.3405	0.6008	0.6695	 0.461	  0.47	0.6682	0.6796	 1.077	 1.053	
val losses       92:	0.5005	 0.486	 0.356	0.3259	0.5993	0.6666	0.3956	0.4289	0.7022	0.7009	 1.103	 1.118	 | 0.6153 mean
                     	  1.46	 1.474	0.8976	0.8448	 1.612	 1.838	  1.09	 1.128	  1.75	  1.74	 2.691	 2.778	 | 1.852 quantile
                      	 3.702	 4.764	 2.542	 1.875	 4.305	 4.904	 2.195	 2.363	 3.181	 3.155	 5.022	 5.943	 | 5.943 max

train losses     94:	0.4491	 0.448	0.3772	0.3408	 0.593	0.6611	0.4603	0.4689	0.6553	 0.666	 1.064	 1.042	
val losses       94:	0.4964	0.4817	0.3538	 0.326	0.5917	0.6583	0.3948	0.4278	0.6976	0.6977	 1.096	 1.113	 | 0.6112 mean
                     	 1.441	 1.465	0.8931	0.8446	 1.592	 1.813	 1.085	 1.124	 1.733	 1.729	 2.682	 2.772	 | 1.843 quantile
                      	 3.633	  4.67	 2.535	 1.871	 4.271	 4.855	 2.169	 2.362	 3.224	 3.178	 5.107	 6.057	 | 6.057 max

train losses     96:	0.4461	0.4442	0.3752	0.3409	 0.585	0.6524	0.4596	 0.468	0.6427	0.6545	 1.052	 1.032	
val losses       96:	0.4926	0.4779	0.3514	0.3261	0.5846	0.6495	 0.394	 0.427	0.6964	0.6948	 1.092	 1.111	 | 0.6081 mean
                     	 1.421	 1.449	0.8876	0.8434	 1.573	  1.79	 1.083	 1.123	  1.71	 1.697	 2.682	 2.767	 | 1.832 quantile
                      	 3.562	 4.566	 2.532	 1.864	 4.238	   4.8	 2.142	 2.362	 3.195	 3.102	 5.215	 6.179	 | 6.179 max

train losses     98:	0.4433	0.4408	0.3734	 0.341	0.5769	0.6433	0.4588	0.4671	0.6294	0.6432	 1.041	 1.022	
val losses       98:	0.4891	0.4747	0.3491	0.3259	0.5775	0.6407	0.3934	0.4262	0.6984	0.6957	 1.089	 1.111	 | 0.6058 mean
                     	 1.409	  1.43	0.8792	0.8442	  1.56	 1.764	  1.08	 1.125	 1.699	 1.677	 2.684	 2.754	 | 1.819 quantile
                      	 3.486	  4.47	 2.531	 1.858	 4.196	 4.752	 2.125	 2.361	 3.128	 3.012	 5.322	 6.294	 | 6.294 max

train losses    100:	0.4407	0.4377	0.3718	 0.341	0.5689	 0.634	0.4582	0.4663	0.6182	0.6327	  1.03	 1.013	
val losses      100:	 0.486	0.4718	0.3468	0.3257	0.5703	0.6322	0.3927	0.4256	0.7007	 0.699	 1.085	 1.109	 | 0.6038 mean
                     	 1.389	 1.415	0.8743	0.8426	  1.54	 1.743	 1.077	 1.124	 1.704	 1.681	 2.676	 2.741	 | 1.811 quantile
                      	 3.411	 4.383	 2.526	 1.863	 4.145	 4.702	 2.112	 2.364	 3.072	 2.981	 5.413	 6.389	 | 6.389 max

train losses    102:	0.4384	0.4348	0.3703	0.3409	 0.561	0.6247	0.4575	0.4655	0.6086	0.6224	 1.019	 1.003	
val losses      102:	0.4833	0.4691	0.3449	0.3254	0.5625	0.6238	0.3922	 0.425	0.6987	0.6993	  1.08	 1.105	 | 0.6007 mean
                     	 1.376	 1.403	0.8707	0.8407	 1.513	 1.721	 1.075	 1.124	   1.7	 1.683	 2.674	 2.731	 | 1.802 quantile
                      	  3.34	 4.294	  2.53	 1.871	 4.098	 4.645	 2.093	 2.368	 3.076	 3.006	 5.486	 6.459	 | 6.459 max

train losses    104:	0.4365	 0.432	 0.369	0.3407	 0.553	0.6154	0.4569	0.4647	0.5995	0.6128	 1.009	0.9939	
val losses      104:	0.4807	0.4664	0.3433	0.3251	0.5547	0.6153	0.3916	0.4244	0.6951	0.6964	 1.075	 1.099	 | 0.5973 mean
                     	 1.365	  1.39	0.8728	0.8372	 1.498	 1.696	 1.077	 1.121	 1.705	 1.677	 2.679	 2.725	 | 1.788 quantile
                      	 3.299	 4.203	 2.538	 1.879	 4.052	 4.628	 2.071	 2.378	 3.107	  3.03	 5.552	 6.516	 | 6.516 max

train losses    106:	0.4347	0.4293	0.3678	0.3405	0.5451	0.6062	0.4564	 0.464	0.5912	0.6048	0.9995	0.9852	
val losses      106:	0.4784	0.4637	0.3421	0.3248	0.5474	 0.607	0.3911	0.4238	0.6943	0.6938	 1.072	 1.096	 | 0.5945 mean
                     	 1.356	 1.383	0.8705	 0.837	 1.483	 1.675	 1.078	 1.122	 1.702	 1.677	 2.685	 2.729	 | 1.778 quantile
                      	 3.289	 4.115	 2.545	 1.885	 4.002	 4.612	 2.052	 2.388	  3.11	 3.014	  5.62	 6.579	 | 6.579 max

train losses    108:	0.4332	0.4267	0.3668	0.3403	0.5371	0.5971	0.4559	0.4633	 0.583	0.5977	0.9904	0.9767	
val losses      108:	0.4763	0.4611	0.3409	0.3246	0.5407	0.5987	0.3907	0.4233	0.6962	0.6936	 1.071	 1.095	 | 0.5926 mean
                     	 1.341	 1.373	0.8672	0.8358	 1.466	 1.649	 1.078	 1.123	 1.697	 1.671	 2.682	 2.725	 | 1.774 quantile
                      	 3.274	 4.033	 2.545	 1.891	 3.946	 4.581	 2.057	 2.394	 3.072	 2.959	 5.698	 6.649	 | 6.649 max

train losses    110:	0.4318	0.4243	 0.366	0.3401	0.5292	0.5882	0.4554	0.4627	0.5748	0.5906	0.9815	0.9685	
val losses      110:	0.4744	0.4587	0.3398	0.3244	0.5344	0.5908	0.3903	0.4229	0.6999	0.6957	  1.07	 1.094	 | 0.5913 mean
                     	 1.334	 1.358	0.8651	0.8333	 1.451	 1.626	 1.076	 1.122	 1.702	 1.668	 2.686	 2.713	 | 1.769 quantile
                      	 3.257	 3.957	 2.545	 1.894	 3.883	 4.537	 2.062	 2.395	  3.01	 2.906	  5.78	 6.721	 | 6.721 max

train losses    112:	0.4304	0.4219	0.3654	0.3398	0.5217	0.5794	0.4549	 0.462	0.5676	0.5837	0.9729	0.9605	
val losses      112:	0.4727	0.4565	0.3389	0.3241	0.5284	0.5834	0.3899	0.4224	0.7022	0.6975	  1.07	 1.093	 | 0.5899 mean
                     	 1.326	 1.354	0.8623	0.8332	 1.434	 1.605	 1.074	 1.122	 1.706	 1.675	 2.681	 2.713	 | 1.765 quantile
                      	 3.239	 3.884	 2.546	 1.897	 3.819	 4.491	 2.062	 2.394	 2.972	   2.9	 5.852	 6.781	 | 6.781 max

train losses    114:	0.4292	0.4197	0.3648	0.3395	0.5143	0.5708	0.4544	0.4613	0.5613	0.5768	0.9643	0.9525	
val losses      114:	 0.471	0.4542	0.3382	 0.324	0.5219	 0.576	0.3895	0.4218	 0.701	0.6964	 1.068	  1.09	 | 0.5877 mean
                     	 1.319	 1.339	0.8605	0.8335	 1.416	 1.581	 1.072	 1.121	 1.704	 1.679	 2.675	 2.709	 | 1.756 quantile
                      	 3.218	 3.808	 2.554	 1.901	 3.759	 4.449	 2.061	 2.395	 2.975	 2.944	  5.91	 6.828	 | 6.828 max

train losses    116:	 0.428	0.4174	0.3643	0.3392	0.5071	0.5624	 0.454	0.4607	0.5557	0.5705	 0.956	0.9446	
val losses      116:	0.4693	0.4519	0.3377	0.3238	0.5154	0.5686	0.3891	0.4211	0.6992	0.6943	 1.066	 1.087	 | 0.5852 mean
                     	 1.311	 1.327	 0.863	0.8339	 1.406	 1.553	  1.07	 1.123	   1.7	 1.679	 2.681	 2.714	 | 1.747 quantile
                      	 3.195	 3.731	 2.564	 1.905	 3.701	 4.412	 2.061	 2.399	 2.999	 2.983	  5.96	 6.868	 | 6.868 max

train losses    118:	0.4268	0.4151	0.3638	0.3389	0.5001	0.5542	0.4536	  0.46	0.5508	0.5656	0.9482	 0.937	
val losses      118:	0.4675	0.4495	0.3372	0.3236	0.5093	0.5613	0.3887	0.4205	0.6994	0.6927	 1.066	 1.086	 | 0.5834 mean
                     	 1.302	 1.313	0.8648	0.8324	 1.392	 1.528	 1.071	 1.121	 1.701	 1.677	  2.68	 2.714	 | 1.742 quantile
                      	 3.168	 3.661	  2.57	 1.907	  3.64	 4.369	  2.06	 2.402	 2.995	 2.964	 6.023	 6.922	 | 6.922 max

train losses    120:	0.4256	0.4128	0.3633	0.3386	0.4933	0.5462	0.4532	0.4594	0.5451	0.5607	0.9406	0.9296	
val losses      120:	0.4658	0.4469	0.3366	0.3234	 0.504	0.5545	0.3884	  0.42	0.7024	0.6935	 1.068	 1.088	 | 0.5826 mean
                     	 1.297	 1.304	 0.863	0.8332	 1.379	 1.506	 1.071	 1.118	 1.707	 1.658	 2.677	   2.7	 | 1.736 quantile
                      	 3.138	 3.602	  2.57	 1.908	 3.576	 4.316	 2.059	 2.398	 2.946	 2.889	 6.105	 6.995	 | 6.995 max

train losses    122:	0.4243	0.4106	 0.363	0.3383	0.4868	0.5387	0.4528	0.4587	0.5392	0.5556	0.9331	0.9225	
val losses      122:	0.4639	0.4444	0.3361	0.3232	0.4993	0.5483	0.3881	0.4195	0.7061	0.6957	  1.07	  1.09	 | 0.582 mean
                     	 1.289	  1.29	0.8654	0.8306	 1.362	  1.48	 1.065	 1.118	  1.71	 1.663	 2.671	 2.685	 | 1.735 quantile
                      	 3.105	 3.549	  2.57	 1.906	 3.511	 4.259	 2.059	 2.392	 2.899	 2.838	 6.183	 7.063	 | 7.063 max

train losses    124:	 0.423	0.4084	0.3627	 0.338	0.4807	0.5314	0.4524	0.4581	0.5344	0.5507	0.9255	0.9153	
val losses      124:	 0.462	0.4419	0.3357	 0.323	0.4936	0.5422	0.3878	0.4189	0.7047	0.6943	 1.069	 1.088	 | 0.5801 mean
                     	 1.284	 1.286	0.8656	0.8293	 1.348	 1.459	 1.065	 1.118	 1.705	 1.664	 2.665	 2.682	 | 1.728 quantile
                      	 3.072	 3.493	 2.576	 1.904	 3.453	 4.208	  2.06	  2.39	  2.91	 2.877	 6.235	 7.106	 | 7.106 max

train losses    126:	0.4216	0.4061	0.3624	0.3377	0.4748	0.5243	 0.452	0.4575	0.5306	0.5458	0.9178	0.9079	
val losses      126:	0.4599	0.4393	0.3356	0.3228	0.4876	0.5361	0.3875	0.4182	0.7026	0.6926	 1.068	 1.084	 | 0.5778 mean
                     	 1.279	 1.278	0.8663	0.8304	  1.34	 1.435	 1.064	 1.118	   1.7	 1.676	 2.667	 2.688	 | 1.72 quantile
                      	 3.039	 3.433	 2.587	 1.899	 3.401	 4.164	 2.063	 2.391	 2.957	 2.952	 6.277	 7.137	 | 7.137 max

train losses    128:	0.4202	0.4037	 0.362	0.3373	 0.469	0.5175	0.4517	0.4569	0.5293	0.5438	0.9108	0.9007	
val losses      128:	0.4577	0.4365	0.3355	0.3226	0.4823	0.5301	0.3872	0.4176	0.7025	0.6912	 1.069	 1.085	 | 0.5765 mean
                     	 1.273	 1.269	0.8709	 0.831	 1.326	 1.418	 1.063	 1.117	 1.699	 1.673	 2.675	 2.678	 | 1.714 quantile
                      	 3.002	 3.381	 2.592	 1.894	 3.348	 4.119	 2.063	 2.385	 2.963	 2.943	 6.344	 7.195	 | 7.195 max

train losses    130:	0.4187	0.4014	0.3617	 0.337	0.4635	 0.511	0.4514	0.4563	 0.526	 0.541	0.9045	0.8944	
val losses      130:	0.4554	0.4333	 0.335	0.3225	0.4788	0.5248	0.3872	0.4171	 0.705	0.6916	 1.075	 1.092	 | 0.5765 mean
                     	 1.269	 1.259	0.8681	0.8318	 1.316	 1.395	 1.059	 1.114	 1.696	 1.659	 2.673	 2.665	 | 1.716 quantile
                      	 2.994	 3.342	  2.59	 1.889	 3.289	 4.069	  2.06	 2.375	 2.916	 2.844	 6.442	 7.286	 | 7.286 max

train losses    132:	0.4171	 0.399	0.3614	0.3368	0.4585	0.5049	0.4511	0.4558	0.5202	0.5364	0.8991	0.8894	
val losses      132:	 0.453	0.4304	0.3346	0.3223	0.4758	0.5202	0.3872	0.4166	0.7081	0.6934	 1.082	 1.101	 | 0.577 mean
                     	  1.26	 1.246	0.8683	0.8306	   1.3	 1.384	 1.061	 1.112	 1.696	 1.656	  2.67	 2.664	 | 1.721 quantile
                      	 2.988	 3.309	 2.588	 1.884	  3.23	 4.017	 2.057	 2.365	 2.883	 2.784	 6.531	 7.369	 | 7.369 max

train losses    134:	0.4154	0.3967	0.3612	0.3365	0.4539	0.4993	0.4508	0.4553	0.5153	0.5319	0.8943	0.8848	
val losses      134:	0.4506	0.4277	0.3343	0.3223	0.4715	0.5157	0.3869	0.4161	0.7079	0.6932	 1.083	 1.101	 | 0.5758 mean
                     	 1.254	  1.24	0.8672	0.8297	 1.287	  1.37	  1.06	 1.109	 1.702	 1.662	 2.672	 2.665	 | 1.719 quantile
                      	 2.974	 3.274	 2.592	  1.88	  3.18	 3.966	 2.057	 2.358	 2.882	 2.819	 6.578	 7.404	 | 7.404 max

train losses    136:	0.4137	0.3945	 0.361	0.3362	0.4495	 0.494	0.4506	0.4549	0.5129	0.5287	0.8885	0.8787	
val losses      136:	0.4481	0.4249	0.3341	0.3223	0.4665	0.5115	0.3864	0.4157	0.7089	0.6942	 1.078	 1.091	 | 0.5735 mean
                     	 1.248	 1.229	0.8666	0.8284	 1.278	 1.354	  1.06	 1.106	 1.706	 1.673	  2.66	  2.65	 | 1.708 quantile
                      	 2.957	 3.231	 2.597	 1.878	  3.14	 3.917	 2.063	 2.354	 2.886	 2.861	 6.591	 7.399	 | 7.399 max

train losses    138:	0.4121	0.3922	0.3607	 0.336	0.4455	0.4889	0.4503	0.4544	0.5112	0.5263	0.8805	0.8702	
val losses      138:	0.4456	 0.422	0.3337	 0.322	0.4626	0.5076	0.3857	0.4153	0.7103	0.6951	 1.073	 1.083	 | 0.5713 mean
                     	 1.241	 1.219	0.8649	 0.829	 1.264	 1.338	 1.057	 1.106	 1.711	 1.673	 2.673	 2.666	 | 1.694 quantile
                      	 2.949	 3.185	 2.594	 1.873	 3.103	 3.866	 2.077	 2.348	 2.868	 2.824	 6.604	 7.385	 | 7.385 max

train losses    140:	0.4104	0.3899	0.3604	0.3358	0.4415	0.4837	  0.45	 0.454	0.5066	0.5218	0.8723	0.8623	
val losses      140:	0.4429	0.4189	0.3333	0.3217	0.4595	0.5041	0.3854	 0.415	0.7114	0.6954	 1.073	 1.081	 | 0.5701 mean
                     	 1.233	 1.209	0.8639	 0.829	 1.253	 1.329	 1.057	 1.102	 1.711	 1.676	 2.681	 2.676	 | 1.686 quantile
                      	 2.943	 3.142	  2.59	 1.867	 3.063	 3.815	 2.088	 2.342	 2.854	 2.769	 6.636	 7.397	 | 7.397 max

train losses    142:	0.4087	0.3875	  0.36	0.3356	0.4377	0.4788	0.4497	0.4536	0.5024	0.5182	0.8661	0.8568	
val losses      142:	0.4403	0.4159	0.3332	0.3216	0.4557	0.4998	0.3852	0.4147	0.7101	0.6938	 1.074	 1.081	 | 0.5688 mean
                     	 1.225	 1.202	0.8637	0.8272	 1.245	  1.32	 1.056	 1.105	 1.704	 1.671	 2.682	 2.671	 | 1.681 quantile
                      	 2.932	 3.103	 2.594	 1.865	 3.043	 3.775	 2.091	 2.338	  2.87	 2.777	  6.69	 7.436	 | 7.436 max

train losses    144:	0.4069	0.3851	0.3598	0.3354	 0.434	0.4742	0.4494	0.4533	   0.5	0.5159	0.8603	0.8512	
val losses      144:	0.4376	0.4129	0.3332	0.3215	0.4517	0.4954	0.3852	0.4144	0.7078	0.6912	 1.074	 1.082	 | 0.5672 mean
                     	  1.22	 1.192	0.8613	0.8255	 1.232	 1.306	 1.056	 1.105	   1.7	 1.672	 2.673	 2.662	 | 1.677 quantile
                      	 2.921	 3.065	 2.599	 1.863	  3.03	  3.74	  2.09	 2.335	 2.904	 2.819	 6.751	 7.482	 | 7.482 max

train losses    146:	 0.405	0.3828	0.3596	0.3352	0.4305	0.4698	0.4492	0.4529	0.4982	0.5139	0.8543	 0.845	
val losses      146:	0.4349	0.4098	0.3331	0.3214	0.4482	0.4914	0.3851	0.4141	0.7067	0.6895	 1.075	 1.082	 | 0.566 mean
                     	 1.211	 1.184	0.8593	0.8248	  1.22	 1.297	 1.055	 1.102	 1.698	  1.68	 2.674	 2.657	 | 1.677 quantile
                      	 2.912	 3.029	 2.601	 1.861	 3.014	 3.701	 2.091	 2.331	 2.934	 2.844	 6.814	  7.53	 | 7.53 max

train losses    148:	0.4032	0.3804	0.3594	0.3351	0.4271	0.4656	 0.449	0.4526	0.4959	0.5118	0.8485	 0.839	
val losses      148:	0.4322	0.4068	 0.333	0.3213	0.4452	0.4878	 0.385	0.4138	0.7066	0.6888	 1.077	 1.083	 | 0.5651 mean
                     	 1.201	 1.175	0.8595	 0.824	 1.212	 1.289	 1.053	 1.103	 1.696	 1.685	 2.679	 2.655	 | 1.675 quantile
                      	 2.902	 2.993	 2.601	  1.86	 2.996	 3.656	 2.094	 2.327	  2.94	 2.836	 6.875	 7.577	 | 7.577 max

train losses    150:	0.4013	 0.378	0.3592	0.3349	0.4239	0.4615	0.4488	0.4523	0.4929	0.5091	0.8429	0.8332	
val losses      150:	0.4294	0.4037	0.3327	0.3212	0.4425	0.4844	0.3849	0.4136	0.7073	0.6891	 1.078	 1.084	 | 0.5643 mean
                     	 1.195	 1.164	 0.859	0.8242	 1.206	 1.285	 1.053	 1.104	 1.702	 1.683	 2.678	  2.65	 | 1.671 quantile
                      	 2.891	  2.96	 2.598	  1.86	 2.976	 3.608	 2.097	 2.323	 2.925	 2.813	 6.933	  7.62	 | 7.62 max

train losses    152:	0.3994	0.3756	 0.359	0.3348	0.4208	0.4576	0.4486	0.4519	0.4898	0.5063	0.8372	0.8275	
val losses      152:	0.4266	0.4006	0.3324	0.3211	0.4401	0.4813	0.3848	0.4134	0.7086	0.6901	 1.079	 1.084	 | 0.5636 mean
                     	 1.191	 1.156	0.8569	 0.823	   1.2	 1.276	 1.054	 1.105	 1.704	 1.686	 2.675	 2.647	 | 1.668 quantile
                      	 2.879	 2.929	 2.595	  1.86	 2.955	 3.558	   2.1	 2.317	 2.903	 2.794	 6.989	 7.661	 | 7.661 max

train losses    154:	0.3975	0.3732	0.3588	0.3347	0.4178	0.4538	0.4484	0.4516	0.4873	 0.504	0.8313	0.8217	
val losses      154:	0.4238	0.3976	0.3321	0.3209	0.4377	0.4783	0.3846	0.4131	0.7098	0.6911	  1.08	 1.084	 | 0.5628 mean
                     	 1.181	 1.149	0.8542	0.8232	 1.195	 1.266	 1.054	 1.102	 1.708	 1.684	 2.674	 2.646	 | 1.666 quantile
                      	 2.868	 2.903	 2.593	  1.86	 2.933	 3.509	 2.103	 2.309	 2.888	 2.786	 7.041	 7.698	 | 7.698 max

train losses    156:	0.3955	0.3708	0.3586	0.3345	0.4149	0.4501	0.4482	0.4513	0.4852	0.5019	0.8253	0.8158	
val losses      156:	0.4209	0.3945	0.3319	0.3208	 0.435	0.4751	0.3845	0.4129	0.7101	0.6912	  1.08	 1.084	 | 0.5618 mean
                     	 1.175	  1.14	0.8534	0.8233	 1.186	 1.262	 1.055	 1.102	 1.708	 1.684	 2.676	 2.646	 | 1.664 quantile
                      	 2.858	 2.881	 2.591	  1.86	 2.913	 3.464	 2.107	 2.304	 2.888	 2.791	 7.087	 7.731	 | 7.731 max

train losses    158:	0.3935	0.3684	0.3583	0.3344	0.4121	0.4465	 0.448	 0.451	 0.483	0.4996	0.8193	0.8099	
val losses      158:	0.4181	0.3914	0.3318	0.3206	 0.432	0.4717	0.3843	0.4128	0.7095	0.6905	 1.081	 1.083	 | 0.5606 mean
                     	  1.17	  1.13	0.8524	0.8217	 1.175	 1.254	 1.056	 1.102	 1.711	 1.687	 2.686	 2.653	 | 1.66 quantile
                      	 2.846	 2.859	 2.592	 1.861	 2.905	 3.423	 2.111	   2.3	   2.9	 2.806	 7.128	 7.762	 | 7.762 max

train losses    160:	0.3915	 0.366	0.3581	0.3343	0.4093	0.4429	0.4477	0.4508	 0.481	0.4975	0.8134	0.8041	
val losses      160:	0.4151	0.3883	0.3318	0.3205	0.4291	0.4683	0.3842	0.4126	0.7087	0.6895	 1.082	 1.083	 | 0.5594 mean
                     	  1.16	 1.119	0.8526	0.8219	 1.164	 1.246	 1.053	 1.103	 1.709	  1.69	 2.692	 2.658	 | 1.656 quantile
                      	 2.835	 2.836	 2.592	 1.861	 2.904	 3.384	 2.115	 2.298	 2.916	 2.823	 7.168	 7.794	 | 7.794 max

train losses    162:	0.3895	0.3635	0.3579	0.3342	0.4066	0.4395	0.4475	0.4505	0.4796	0.4961	0.8077	0.7983	
val losses      162:	0.4122	0.3851	0.3317	0.3203	0.4265	0.4651	0.3841	0.4125	0.7083	0.6889	 1.083	 1.084	 | 0.5585 mean
                     	 1.149	 1.109	0.8506	 0.821	 1.157	 1.239	 1.051	 1.104	 1.719	 1.695	 2.699	 2.662	 | 1.653 quantile
                      	 2.823	 2.815	 2.592	 1.861	 2.903	 3.344	 2.119	 2.294	 2.924	 2.827	 7.215	 7.834	 | 7.834 max

train losses    164:	0.3874	 0.361	0.3577	0.3341	 0.404	0.4362	0.4473	0.4502	 0.478	0.4949	0.8021	0.7925	
val losses      164:	0.4093	0.3819	0.3314	0.3201	0.4244	0.4622	0.3841	0.4123	0.7088	0.6892	 1.085	 1.085	 | 0.5578 mean
                     	 1.141	 1.099	0.8518	 0.821	  1.15	 1.231	 1.051	 1.104	 1.725	 1.691	 2.698	 2.659	 | 1.652 quantile
                      	 2.811	 2.794	 2.589	 1.861	 2.897	 3.302	 2.122	 2.288	 2.914	 2.809	 7.272	 7.882	 | 7.882 max

train losses    166:	0.3854	0.3585	0.3575	 0.334	0.4015	 0.433	0.4471	0.4499	0.4753	0.4927	0.7964	0.7867	
val losses      166:	0.4064	0.3788	 0.331	  0.32	0.4228	0.4598	 0.384	0.4122	0.7102	0.6903	 1.086	 1.087	 | 0.5574 mean
                     	 1.135	 1.091	 0.853	0.8211	 1.148	 1.225	 1.049	 1.104	 1.722	 1.682	 2.681	 2.661	 | 1.649 quantile
                      	 2.798	 2.776	 2.584	 1.861	 2.889	 3.259	 2.123	  2.28	 2.895	 2.785	 7.333	 7.932	 | 7.932 max

train losses    168:	0.3833	0.3562	0.3573	0.3339	0.3992	0.4301	 0.447	0.4497	0.4729	0.4908	0.7907	0.7811	
val losses      168:	0.4035	0.3758	0.3307	0.3199	0.4209	0.4573	0.3839	 0.412	0.7114	0.6913	 1.087	 1.087	 | 0.5567 mean
                     	 1.126	 1.082	0.8518	0.8202	 1.141	 1.219	 1.049	 1.105	 1.724	 1.693	 2.672	 2.654	 | 1.647 quantile
                      	 2.784	 2.758	 2.579	 1.862	 2.881	 3.217	 2.124	 2.272	 2.882	 2.783	 7.386	 7.974	 | 7.974 max

train losses    170:	0.3813	0.3538	0.3571	0.3338	 0.397	0.4273	0.4468	0.4494	0.4716	0.4895	0.7848	0.7754	
val losses      170:	0.4006	0.3729	0.3306	0.3198	0.4181	0.4544	0.3837	0.4119	0.7111	0.6911	 1.086	 1.085	 | 0.5555 mean
                     	 1.119	 1.074	0.8506	0.8196	 1.133	 1.215	 1.049	 1.104	 1.722	   1.7	 2.676	 2.657	 | 1.646 quantile
                      	 2.769	 2.739	 2.577	 1.861	 2.877	 3.179	 2.128	 2.267	 2.894	 2.819	 7.421	 7.998	 | 7.998 max

train losses    172:	0.3792	0.3514	0.3569	0.3337	0.3948	0.4244	0.4465	0.4491	0.4698	0.4875	0.7786	0.7694	
val losses      172:	0.3977	  0.37	0.3307	0.3196	 0.415	0.4512	0.3835	0.4118	0.7098	0.6901	 1.085	 1.083	 | 0.554 mean
                     	  1.11	 1.064	0.8483	 0.819	 1.124	 1.208	 1.047	 1.103	 1.728	 1.706	 2.693	  2.66	 | 1.643 quantile
                      	 2.754	 2.717	 2.578	  1.86	 2.877	 3.145	 2.132	 2.267	 2.923	 2.873	 7.443	 8.011	 | 8.011 max

train losses    174:	0.3771	 0.349	0.3567	0.3336	0.3925	0.4215	0.4463	0.4488	0.4684	0.4856	0.7729	0.7637	
val losses      174:	0.3947	 0.367	0.3308	0.3193	0.4121	0.4481	0.3834	0.4118	0.7083	0.6887	 1.087	 1.083	 | 0.5529 mean
                     	 1.103	 1.052	 0.847	0.8192	 1.121	 1.203	 1.046	 1.104	 1.737	 1.715	 2.716	 2.668	 | 1.642 quantile
                      	 2.741	 2.693	 2.578	 1.858	 2.878	 3.112	  2.14	 2.271	 2.952	 2.902	 7.471	 8.035	 | 8.035 max

train losses    176:	0.3751	0.3466	0.3565	0.3335	0.3904	0.4186	0.4461	0.4486	0.4696	0.4867	 0.768	0.7586	
val losses      176:	0.3918	0.3638	0.3307	0.3191	0.4101	0.4453	0.3834	0.4118	0.7075	0.6876	  1.09	 1.086	 | 0.5523 mean
                     	 1.096	 1.046	0.8465	 0.818	 1.114	 1.194	 1.048	 1.104	  1.74	 1.705	 2.724	 2.679	 | 1.641 quantile
                      	 2.728	 2.671	 2.575	 1.856	 2.877	 3.079	 2.146	 2.272	 2.959	 2.879	 7.521	 8.086	 | 8.086 max

train losses    178:	 0.373	0.3441	0.3563	0.3334	0.3883	 0.416	0.4459	0.4483	0.4691	0.4867	0.7626	 0.753	
val losses      178:	0.3889	0.3606	0.3303	 0.319	0.4089	0.4431	0.3834	0.4117	0.7082	0.6879	 1.093	 1.089	 | 0.552 mean
                     	 1.086	 1.035	0.8444	0.8177	 1.113	 1.187	 1.049	 1.104	 1.737	   1.7	 2.717	 2.674	 | 1.636 quantile
                      	 2.713	 2.651	 2.569	 1.856	 2.872	 3.044	 2.149	 2.268	 2.947	  2.83	 7.589	 8.151	 | 8.151 max

train losses    180:	0.3709	0.3418	0.3561	0.3334	0.3863	0.4136	0.4457	0.4481	0.4644	0.4831	0.7567	0.7468	
val losses      180:	0.3861	0.3577	0.3297	0.3189	0.4079	0.4413	0.3834	0.4114	0.7095	0.6891	 1.093	  1.09	 | 0.5515 mean
                     	 1.078	 1.025	0.8432	0.8175	 1.109	 1.179	 1.048	 1.104	 1.741	 1.697	 2.695	 2.665	 | 1.634 quantile
                      	 2.694	 2.636	 2.562	 1.857	 2.858	 3.005	 2.148	 2.256	 2.917	 2.801	 7.655	 8.209	 | 8.209 max

train losses    182:	0.3688	0.3396	0.3559	0.3333	0.3846	0.4115	0.4456	0.4479	0.4628	0.4821	0.7515	0.7417	
val losses      182:	0.3835	0.3551	0.3293	0.3189	0.4071	  0.44	0.3833	0.4111	0.7135	0.6929	 1.093	 1.088	 | 0.5513 mean
                     	 1.069	 1.021	0.8436	0.8175	 1.101	 1.169	 1.048	 1.106	 1.744	 1.693	 2.672	 2.655	 | 1.634 quantile
                      	 2.673	 2.623	 2.555	 1.858	 2.835	  2.96	 2.148	 2.241	 2.867	 2.796	 7.709	 8.254	 | 8.254 max

train losses    184:	0.3668	0.3374	0.3557	0.3332	0.3831	0.4095	0.4454	0.4476	0.4649	0.4837	0.7464	0.7369	
val losses      184:	0.3809	0.3525	0.3289	0.3188	0.4065	0.4389	0.3832	0.4109	0.7203	0.6994	 1.092	 1.087	 | 0.5516 mean
                     	 1.062	 1.012	0.8436	0.8177	 1.093	 1.162	 1.049	 1.102	 1.763	 1.706	 2.666	 2.645	 | 1.634 quantile
                      	 2.655	 2.609	 2.549	 1.858	 2.813	 2.914	 2.149	  2.23	 2.818	 2.792	 7.749	 8.289	 | 8.289 max

train losses    186:	0.3648	0.3353	0.3555	0.3331	0.3813	0.4071	0.4451	0.4474	0.4617	0.4798	0.7403	0.7312	
val losses      186:	0.3781	0.3497	0.3287	0.3186	0.4059	0.4376	0.3831	0.4107	0.7244	0.7035	 1.092	 1.087	 | 0.5516 mean
                     	 1.052	 1.004	0.8437	0.8171	 1.088	 1.159	  1.05	 1.103	 1.776	 1.707	 2.666	  2.65	 | 1.634 quantile
                      	 2.642	 2.593	 2.543	 1.857	 2.799	 2.876	 2.153	 2.227	 2.791	 2.768	 7.787	 8.329	 | 8.329 max

train losses    188:	0.3628	 0.333	0.3553	 0.333	0.3793	0.4047	0.4449	0.4471	0.4573	0.4753	0.7344	0.7254	
val losses      188:	0.3753	0.3467	0.3285	0.3184	0.4039	0.4352	 0.383	0.4107	0.7209	0.7004	 1.094	 1.088	 | 0.5505 mean
                     	 1.045	0.9962	0.8418	0.8163	 1.084	 1.148	 1.049	 1.104	 1.769	 1.695	 2.686	 2.656	 | 1.629 quantile
                      	 2.627	 2.572	 2.539	 1.856	 2.799	  2.85	 2.159	 2.229	 2.811	 2.753	 7.823	 8.367	 | 8.367 max

train losses    190:	0.3608	0.3307	0.3551	0.3329	0.3776	0.4026	0.4447	0.4468	0.4558	0.4744	0.7289	0.7198	
val losses      190:	0.3727	0.3439	0.3284	0.3182	0.4015	0.4326	0.3829	0.4106	0.7174	 0.697	 1.096	 1.088	 | 0.5491 mean
                     	 1.038	0.9857	0.8418	0.8164	  1.08	 1.142	 1.049	 1.103	 1.757	 1.695	 2.702	 2.659	 | 1.626 quantile
                      	  2.61	 2.551	 2.536	 1.855	 2.797	 2.825	 2.164	 2.229	 2.835	 2.768	 7.855	 8.397	 | 8.397 max

train losses    192:	0.3588	0.3285	0.3549	0.3329	0.3761	0.4007	0.4445	0.4466	0.4562	0.4751	0.7236	0.7144	
val losses      192:	0.3701	0.3414	0.3282	0.3181	0.3996	0.4305	0.3828	0.4105	0.7181	0.6975	 1.095	 1.086	 | 0.5482 mean
                     	 1.033	0.9775	0.8402	0.8162	 1.074	 1.141	 1.047	 1.103	 1.763	 1.698	 2.701	 2.655	 | 1.625 quantile
                      	 2.589	 2.533	 2.533	 1.854	 2.785	 2.793	 2.167	 2.227	  2.83	 2.786	 7.885	 8.424	 | 8.424 max

train losses    194:	0.3569	0.3264	0.3547	0.3328	0.3746	0.3988	0.4443	0.4463	0.4563	 0.475	0.7184	0.7094	
val losses      194:	0.3676	0.3388	 0.328	 0.318	0.3983	0.4287	0.3827	0.4103	0.7199	0.6992	 1.094	 1.085	 | 0.5476 mean
                     	 1.024	0.9707	0.8403	0.8152	 1.068	 1.137	 1.048	 1.102	 1.771	   1.7	 2.696	 2.647	 | 1.622 quantile
                      	 2.571	 2.515	  2.53	 1.853	 2.771	 2.763	  2.17	 2.224	 2.817	 2.788	 7.921	 8.459	 | 8.459 max

train losses    196:	 0.355	0.3243	0.3545	0.3327	0.3731	0.3968	0.4441	 0.446	0.4547	0.4733	0.7134	0.7045	
val losses      196:	 0.365	0.3362	0.3279	0.3178	0.3968	0.4265	0.3826	0.4102	0.7187	 0.698	 1.095	 1.086	 | 0.5467 mean
                     	 1.015	0.9638	0.8385	0.8127	 1.065	 1.127	 1.048	   1.1	  1.77	 1.699	 2.695	 2.651	 | 1.621 quantile
                      	 2.555	 2.496	 2.528	 1.852	 2.763	 2.738	 2.173	 2.221	 2.827	 2.789	 7.967	 8.506	 | 8.506 max

train losses    198:	0.3531	0.3223	0.3543	0.3326	0.3716	0.3949	0.4439	0.4458	0.4523	 0.471	0.7084	0.6994	
val losses      198:	0.3625	0.3336	0.3279	0.3177	0.3948	 0.424	0.3826	0.4101	0.7153	0.6948	 1.097	 1.088	 | 0.5457 mean
                     	 1.007	0.9568	0.8376	0.8127	 1.063	 1.122	 1.047	 1.098	  1.76	 1.697	 2.688	 2.654	 | 1.619 quantile
                      	 2.543	 2.476	 2.526	 1.851	 2.758	 2.717	 2.175	 2.219	 2.853	 2.805	 8.019	 8.559	 | 8.559 max

train losses    200:	0.3512	0.3203	0.3541	0.3325	0.3701	 0.393	0.4437	0.4455	0.4495	0.4685	0.7036	0.6944	
val losses      200:	0.3601	0.3311	0.3279	0.3176	0.3928	0.4215	0.3826	  0.41	0.7132	0.6926	 1.099	  1.09	 | 0.5448 mean
                     	 1.001	0.9488	0.8389	0.8112	 1.059	 1.116	 1.047	 1.098	  1.76	 1.702	 2.679	 2.653	 | 1.621 quantile
                      	 2.528	 2.456	 2.525	  1.85	 2.752	 2.696	 2.176	 2.217	 2.874	 2.828	 8.068	 8.607	 | 8.607 max

train losses    202:	0.3493	0.3183	0.3539	0.3325	0.3687	0.3912	0.4435	0.4453	0.4468	0.4659	0.6994	  0.69	
val losses      202:	0.3577	0.3286	0.3278	0.3176	0.3913	0.4196	0.3826	0.4098	0.7127	0.6922	 1.099	 1.091	 | 0.5442 mean
                     	0.9943	 0.942	0.8374	 0.811	 1.056	 1.113	 1.047	 1.097	 1.758	 1.704	 2.667	 2.643	 | 1.621 quantile
                      	 2.514	 2.437	 2.523	 1.849	 2.742	 2.672	 2.177	 2.213	  2.88	 2.839	 8.113	  8.65	 | 8.65 max

train losses    204:	0.3475	0.3164	0.3537	0.3324	0.3673	0.3896	0.4433	 0.445	0.4447	0.4638	0.6956	0.6862	
val losses      204:	0.3553	0.3262	0.3277	0.3175	0.3903	0.4179	0.3826	0.4096	0.7133	0.6927	 1.101	 1.093	 | 0.5439 mean
                     	0.9889	0.9352	0.8381	0.8105	 1.051	  1.11	 1.047	 1.098	 1.759	 1.704	 2.663	 2.644	 | 1.622 quantile
                      	 2.501	  2.42	 2.519	 1.848	  2.73	 2.646	 2.178	 2.208	 2.876	 2.838	  8.16	 8.694	 | 8.694 max

train losses    206:	0.3456	0.3145	0.3535	0.3323	0.3661	 0.388	0.4431	0.4448	0.4432	0.4625	0.6922	0.6827	
val losses      206:	0.3529	0.3239	0.3274	0.3174	0.3896	0.4165	0.3826	0.4094	0.7148	 0.694	 1.103	 1.095	 | 0.5439 mean
                     	0.9792	 0.928	0.8374	0.8087	 1.045	 1.105	 1.046	 1.097	 1.764	 1.704	 2.664	 2.641	 | 1.624 quantile
                      	 2.488	 2.403	 2.515	 1.847	 2.717	 2.619	  2.18	 2.204	 2.865	 2.829	 8.209	 8.742	 | 8.742 max

train losses    208:	0.3438	0.3126	0.3533	0.3322	0.3649	0.3865	0.4429	0.4446	0.4425	0.4618	0.6895	  0.68	
val losses      208:	0.3506	0.3216	0.3272	0.3173	0.3891	0.4153	0.3826	0.4092	0.7174	0.6964	 1.106	 1.099	 | 0.5443 mean
                     	0.9712	0.9219	0.8362	0.8091	 1.036	 1.102	 1.046	 1.096	 1.776	 1.706	 2.658	 2.639	 | 1.628 quantile
                      	 2.474	 2.387	  2.51	 1.847	 2.702	 2.593	 2.182	 2.199	 2.845	  2.81	 8.259	  8.79	 | 8.79 max

train losses    210:	 0.342	0.3108	0.3531	0.3322	0.3637	 0.385	0.4427	0.4443	0.4425	0.4618	 0.688	0.6784	
val losses      210:	0.3484	0.3194	0.3268	0.3173	0.3891	0.4144	0.3826	 0.409	0.7215	0.7002	  1.11	 1.102	 | 0.5451 mean
                     	0.9652	 0.914	0.8356	0.8101	 1.035	 1.098	 1.046	 1.097	 1.777	 1.712	  2.66	 2.646	 | 1.633 quantile
                      	 2.461	 2.373	 2.504	 1.847	 2.685	 2.565	 2.184	 2.193	 2.817	 2.784	 8.305	 8.833	 | 8.833 max

train losses    212:	0.3403	 0.309	0.3529	0.3321	0.3627	0.3836	0.4426	0.4441	 0.444	 0.463	0.6879	0.6782	
val losses      212:	0.3462	0.3173	0.3265	0.3172	0.3891	0.4137	0.3825	0.4088	0.7255	 0.704	 1.111	 1.103	 | 0.5454 mean
                     	0.9591	0.9083	0.8352	0.8101	 1.034	 1.094	 1.045	 1.096	 1.775	 1.716	 2.664	  2.65	 | 1.637 quantile
                      	 2.448	 2.361	 2.499	 1.847	  2.67	 2.538	 2.186	 2.189	 2.791	 2.762	 8.338	 8.864	 | 8.864 max

train losses    214:	0.3386	0.3073	0.3528	 0.332	0.3618	0.3823	0.4424	0.4439	0.4469	0.4656	 0.687	 0.677	
val losses      214:	0.3441	0.3152	0.3263	0.3171	0.3875	0.4122	0.3823	0.4087	0.7242	0.7028	 1.106	 1.097	 | 0.5436 mean
                     	0.9504	0.9017	0.8345	0.8084	  1.03	  1.09	 1.043	 1.095	 1.777	 1.718	 2.659	 2.638	 | 1.626 quantile
                      	 2.436	 2.345	 2.495	 1.846	 2.663	 2.518	 2.193	  2.19	 2.798	  2.77	 8.336	 8.863	 | 8.863 max

train losses    216:	 0.337	0.3056	0.3525	 0.332	0.3608	0.3809	0.4422	0.4436	0.4476	0.4663	0.6794	0.6689	
val losses      216:	0.3419	 0.313	0.3264	0.3167	0.3836	0.4092	0.3818	0.4089	0.7149	0.6941	 1.098	 1.087	 | 0.5396 mean
                     	0.9443	0.8934	0.8336	0.8065	 1.023	 1.084	 1.041	 1.094	 1.771	 1.711	 2.696	 2.652	 | 1.61 quantile
                      	 2.425	 2.321	 2.494	 1.842	 2.671	  2.51	 2.206	 2.199	 2.865	 2.834	 8.295	 8.825	 | 8.825 max

train losses    218:	0.3354	0.3039	0.3523	0.3319	0.3594	0.3793	0.4419	0.4433	0.4419	0.4612	0.6663	0.6559	
val losses      218:	0.3399	0.3109	0.3266	0.3163	0.3802	0.4062	0.3815	0.4092	0.7082	0.6877	 1.099	 1.086	 | 0.5376 mean
                     	0.9371	0.8893	 0.836	0.8041	 1.029	 1.083	 1.037	 1.097	 1.759	 1.723	 2.762	 2.683	 | 1.602 quantile
                      	 2.415	 2.294	 2.495	 1.837	 2.683	 2.506	 2.217	 2.209	 2.949	 2.911	 8.261	 8.797	 | 8.797 max

train losses    220:	0.3339	0.3023	0.3521	0.3318	0.3581	0.3778	0.4416	0.4429	0.4363	0.4559	 0.658	0.6484	
val losses      220:	0.3379	0.3089	0.3267	0.3162	0.3786	0.4043	0.3814	0.4093	0.7073	0.6868	   1.1	 1.086	 | 0.5369 mean
                     	 0.932	0.8849	 0.836	0.8029	 1.027	 1.077	 1.039	 1.096	 1.768	 1.735	 2.773	 2.694	 | 1.598 quantile
                      	 2.405	 2.275	 2.493	 1.835	 2.682	 2.495	 2.221	 2.212	 2.982	 2.941	 8.273	 8.813	 | 8.813 max

train losses    222:	0.3324	0.3008	0.3519	0.3318	0.3572	0.3767	0.4414	0.4426	0.4345	0.4538	 0.654	0.6449	
val losses      222:	0.3359	 0.307	0.3264	0.3161	 0.378	0.4032	0.3813	 0.409	0.7077	0.6872	 1.098	 1.084	 | 0.5361 mean
                     	0.9266	0.8788	0.8361	0.8028	 1.023	 1.074	 1.038	 1.095	 1.768	 1.728	 2.745	  2.67	 | 1.6 quantile
                      	 2.393	 2.261	 2.489	 1.835	 2.668	 2.474	  2.22	 2.205	 2.961	 2.927	 8.316	 8.855	 | 8.855 max

train losses    224:	0.3309	0.2994	0.3517	0.3317	0.3562	0.3755	0.4412	0.4424	0.4331	0.4521	0.6499	0.6409	
val losses      224:	 0.334	0.3053	0.3261	0.3161	0.3778	0.4025	0.3813	0.4086	0.7093	0.6888	 1.096	 1.083	 | 0.5358 mean
                     	 0.923	0.8735	0.8354	0.8023	 1.016	 1.069	 1.039	 1.094	 1.766	  1.72	 2.719	 2.653	 | 1.602 quantile
                      	  2.38	 2.249	 2.483	 1.835	 2.649	 2.448	 2.219	 2.198	 2.926	 2.902	 8.362	 8.899	 | 8.899 max

train losses    226:	0.3293	0.2979	0.3515	0.3316	0.3551	0.3743	 0.441	0.4422	0.4313	0.4503	0.6455	0.6364	
val losses      226:	0.3321	0.3036	0.3257	0.3161	0.3775	0.4016	0.3812	0.4084	0.7108	0.6903	 1.096	 1.083	 | 0.5356 mean
                     	0.9167	0.8687	 0.835	0.8017	 1.013	 1.065	 1.039	 1.092	 1.768	 1.721	 2.712	 2.651	 | 1.601 quantile
                      	 2.368	 2.236	 2.478	 1.835	 2.634	 2.426	  2.22	 2.194	 2.904	 2.884	   8.4	 8.935	 | 8.935 max

train losses    228:	0.3278	0.2963	0.3513	0.3316	0.3541	 0.373	0.4408	0.4419	0.4301	 0.449	0.6416	0.6323	
val losses      228:	0.3302	0.3018	0.3255	 0.316	0.3768	0.4005	0.3811	0.4083	0.7112	0.6906	 1.097	 1.084	 | 0.5352 mean
                     	0.9099	0.8629	0.8331	0.8017	 1.009	 1.061	 1.038	 1.092	 1.769	  1.72	 2.712	 2.652	 | 1.601 quantile
                      	 2.358	  2.22	 2.474	 1.834	 2.624	 2.413	 2.223	 2.191	 2.899	 2.876	 8.429	 8.963	 | 8.963 max

train losses    230:	0.3263	0.2949	0.3511	0.3315	0.3531	0.3718	0.4406	0.4417	0.4292	0.4481	0.6377	0.6284	
val losses      230:	0.3283	   0.3	0.3253	0.3158	0.3757	0.3991	 0.381	0.4081	0.7107	0.6901	 1.097	 1.084	 | 0.5346 mean
                     	0.9042	0.8598	0.8326	0.8014	 1.007	 1.059	 1.036	 1.092	 1.773	  1.72	 2.713	 2.655	 | 1.6 quantile
                      	 2.353	 2.203	  2.47	 1.832	 2.616	 2.401	 2.226	  2.19	 2.906	 2.878	 8.455	 8.989	 | 8.989 max

train losses    232:	0.3248	0.2934	0.3508	0.3314	0.3522	0.3706	0.4404	0.4414	0.4283	0.4471	0.6337	0.6244	
val losses      232:	0.3264	0.2983	0.3252	0.3157	0.3746	0.3977	0.3809	 0.408	  0.71	0.6895	 1.097	 1.084	 | 0.5339 mean
                     	0.8974	0.8552	0.8336	0.8006	 1.004	 1.056	 1.036	 1.091	  1.77	 1.719	 2.716	 2.658	 | 1.596 quantile
                      	 2.347	 2.186	 2.467	  1.83	 2.609	 2.388	  2.23	 2.189	 2.914	 2.885	 8.479	 9.014	 | 9.014 max

train losses    234:	0.3234	0.2919	0.3506	0.3314	0.3513	0.3694	0.4402	0.4411	0.4272	0.4459	0.6296	0.6204	
val losses      234:	0.3246	0.2965	 0.325	0.3156	0.3736	0.3964	0.3808	0.4079	0.7096	0.6891	 1.097	 1.084	 | 0.5333 mean
                     	0.8924	0.8498	0.8339	0.7997	 1.002	 1.051	 1.036	 1.091	 1.769	 1.717	 2.717	 2.659	 | 1.594 quantile
                      	 2.342	  2.17	 2.463	 1.829	   2.6	 2.376	 2.233	 2.189	 2.919	 2.889	 8.504	 9.039	 | 9.039 max

train losses    236:	0.3219	0.2905	0.3504	0.3313	0.3504	0.3683	0.4399	0.4409	0.4261	0.4448	0.6255	0.6164	
val losses      236:	0.3228	0.2949	0.3248	0.3155	0.3727	0.3952	0.3807	0.4078	0.7095	0.6891	 1.097	 1.083	 | 0.5328 mean
                     	0.8858	0.8442	0.8323	0.7992	0.9981	 1.048	 1.037	  1.09	 1.769	 1.718	 2.717	 2.658	 | 1.592 quantile
                      	 2.336	 2.154	 2.459	 1.827	 2.591	 2.366	 2.236	 2.189	 2.918	  2.89	 8.529	 9.065	 | 9.065 max

train losses    238:	0.3204	0.2891	0.3502	0.3313	0.3495	0.3672	0.4397	0.4406	 0.425	0.4436	0.6215	0.6125	
val losses      238:	0.3209	0.2932	0.3245	0.3154	0.3719	0.3941	0.3806	0.4076	0.7096	0.6892	 1.097	 1.083	 | 0.5323 mean
                     	  0.88	0.8402	0.8322	0.7989	0.9952	 1.047	 1.037	 1.089	  1.77	 1.719	 2.719	 2.661	 | 1.59 quantile
                      	 2.329	 2.139	 2.455	 1.826	 2.581	 2.357	 2.239	 2.188	 2.915	 2.888	 8.555	 9.092	 | 9.092 max

train losses    240:	 0.319	0.2877	  0.35	0.3312	0.3486	0.3661	0.4395	0.4403	 0.424	0.4425	0.6176	0.6086	
val losses      240:	0.3191	0.2916	0.3243	0.3153	0.3712	 0.393	0.3805	0.4075	0.7097	0.6893	 1.097	 1.083	 | 0.5318 mean
                     	0.8732	0.8369	0.8306	0.7987	0.9938	 1.046	 1.037	 1.088	 1.773	 1.718	  2.72	 2.661	 | 1.59 quantile
                      	 2.323	 2.125	 2.451	 1.824	  2.57	 2.348	 2.242	 2.187	 2.914	 2.886	 8.583	  9.12	 | 9.12 max

train losses    242:	0.3175	0.2864	0.3498	0.3311	0.3477	 0.365	0.4393	  0.44	0.4229	0.4414	0.6136	0.6047	
val losses      242:	0.3173	  0.29	 0.324	0.3152	0.3704	0.3919	0.3804	0.4073	0.7098	0.6894	 1.097	 1.083	 | 0.5313 mean
                     	0.8666	0.8296	0.8308	0.7981	0.9923	 1.041	 1.036	 1.087	 1.775	 1.719	 2.717	 2.661	 | 1.59 quantile
                      	 2.316	  2.11	 2.446	 1.823	  2.56	 2.338	 2.244	 2.186	 2.915	 2.884	  8.61	 9.148	 | 9.148 max

train losses    244:	0.3161	 0.285	0.3496	0.3311	0.3468	0.3639	0.4391	0.4397	0.4219	0.4403	0.6097	0.6009	
val losses      244:	0.3155	0.2885	0.3238	0.3151	0.3696	0.3908	0.3803	0.4071	0.7099	0.6894	 1.097	 1.083	 | 0.5308 mean
                     	 0.862	0.8242	  0.83	0.7977	0.9899	 1.038	 1.035	 1.088	 1.776	 1.719	 2.715	 2.661	 | 1.589 quantile
                      	  2.31	 2.096	 2.442	 1.822	  2.55	 2.328	 2.247	 2.184	 2.916	 2.883	 8.637	 9.176	 | 9.176 max

train losses    246:	0.3147	0.2837	0.3493	 0.331	0.3459	0.3628	0.4388	0.4394	0.4209	0.4393	0.6057	 0.597	
val losses      246:	0.3137	0.2869	0.3236	0.3151	0.3688	0.3897	0.3802	 0.407	  0.71	0.6895	 1.097	 1.083	 | 0.5303 mean
                     	0.8543	0.8163	0.8292	0.7976	 0.988	 1.034	 1.036	 1.087	 1.776	 1.719	 2.714	 2.663	 | 1.588 quantile
                      	 2.303	  2.08	 2.438	  1.82	 2.539	 2.319	 2.249	 2.183	 2.917	 2.882	 8.664	 9.205	 | 9.205 max

train losses    248:	0.3133	0.2823	0.3491	 0.331	 0.345	0.3618	0.4386	0.4392	0.4199	0.4382	0.6018	0.5931	
val losses      248:	 0.312	0.2854	0.3233	 0.315	 0.368	0.3886	  0.38	0.4068	  0.71	0.6894	 1.097	 1.083	 | 0.5298 mean
                     	 0.849	0.8086	0.8278	0.7974	0.9857	 1.031	 1.036	 1.085	 1.777	  1.72	 2.713	 2.663	 | 1.587 quantile
                      	 2.296	 2.077	 2.433	 1.819	 2.529	 2.309	 2.251	 2.182	 2.919	 2.881	  8.69	 9.233	 | 9.233 max

train losses    250:	0.3119	 0.281	0.3489	0.3309	0.3442	0.3607	0.4384	0.4389	0.4189	0.4371	0.5979	0.5893	
val losses      250:	0.3103	0.2839	0.3231	0.3149	0.3672	0.3875	0.3799	0.4066	  0.71	0.6894	 1.097	 1.083	 | 0.5294 mean
                     	0.8444	0.8063	0.8267	0.7973	0.9836	 1.029	 1.036	 1.085	 1.778	  1.72	 2.717	 2.665	 | 1.587 quantile
                      	 2.289	 2.076	 2.429	 1.818	 2.519	 2.299	 2.253	  2.18	  2.92	 2.879	 8.717	 9.261	 | 9.261 max

train losses    252:	0.3105	0.2797	0.3487	0.3309	0.3433	0.3597	0.4381	0.4386	0.4179	0.4361	 0.594	0.5854	
val losses      252:	0.3086	0.2825	0.3228	0.3148	0.3665	0.3865	0.3798	0.4064	0.7099	0.6894	 1.097	 1.083	 | 0.5289 mean
                     	0.8409	0.8012	0.8268	0.7976	0.9802	 1.028	 1.036	 1.085	 1.777	 1.722	 2.716	 2.667	 | 1.586 quantile
                      	 2.282	 2.076	 2.425	 1.816	  2.51	  2.29	 2.255	 2.178	 2.922	 2.878	 8.742	 9.289	 | 9.289 max

train losses    254:	0.3091	0.2785	0.3484	0.3308	0.3425	0.3587	0.4379	0.4383	0.4169	 0.435	  0.59	0.5816	
val losses      254:	0.3069	0.2811	0.3226	0.3147	0.3657	0.3854	0.3797	0.4062	0.7099	0.6894	 1.097	 1.082	 | 0.5284 mean
                     	0.8357	0.7967	 0.826	0.7973	0.9756	 1.024	 1.037	 1.084	 1.778	 1.722	 2.716	 2.667	 | 1.585 quantile
                      	 2.274	 2.075	  2.42	 1.815	 2.501	  2.28	 2.258	 2.177	 2.923	 2.876	 8.768	 9.316	 | 9.316 max

train losses    256:	0.3077	0.2772	0.3482	0.3307	0.3416	0.3577	0.4376	0.4379	0.4159	0.4339	0.5862	0.5778	
val losses      256:	0.3052	0.2798	0.3223	0.3146	 0.365	0.3844	0.3796	 0.406	0.7099	0.6894	 1.097	 1.082	 | 0.5279 mean
                     	 0.831	0.7904	0.8247	0.7968	0.9724	 1.022	 1.036	 1.084	 1.777	 1.723	 2.718	 2.667	 | 1.585 quantile
                      	 2.267	 2.074	 2.416	 1.814	 2.491	 2.271	  2.26	 2.175	 2.925	 2.874	 8.793	 9.344	 | 9.344 max

train losses    258:	0.3064	 0.276	 0.348	0.3307	0.3408	0.3567	0.4374	0.4376	0.4149	0.4329	0.5823	 0.574	
val losses      258:	0.3036	0.2784	0.3221	0.3145	0.3642	0.3833	0.3795	0.4059	0.7099	0.6894	 1.097	 1.082	 | 0.5275 mean
                     	0.8259	0.7857	0.8242	0.7969	0.9685	  1.02	 1.036	 1.083	 1.778	 1.724	 2.718	 2.668	 | 1.584 quantile
                      	 2.258	 2.073	 2.412	 1.813	 2.482	 2.262	 2.262	 2.173	 2.925	 2.872	 8.818	 9.371	 | 9.371 max

train losses    260:	 0.305	0.2747	0.3478	0.3306	  0.34	0.3557	0.4371	0.4373	0.4139	0.4318	0.5784	0.5702	
val losses      260:	 0.302	0.2771	0.3218	0.3145	0.3635	0.3823	0.3793	0.4057	0.7099	0.6894	 1.097	 1.082	 | 0.527 mean
                     	0.8191	0.7799	0.8232	0.7967	 0.967	 1.015	 1.036	 1.083	 1.779	 1.723	 2.721	 2.671	 | 1.583 quantile
                      	  2.25	 2.071	 2.408	 1.811	 2.472	 2.253	 2.264	 2.172	 2.926	  2.87	 8.844	 9.399	 | 9.399 max

train losses    262:	0.3037	0.2735	0.3475	0.3306	0.3391	0.3547	0.4369	 0.437	0.4129	0.4308	0.5746	0.5665	
val losses      262:	0.3004	0.2759	0.3216	0.3144	0.3628	0.3813	0.3792	0.4055	  0.71	0.6894	 1.097	 1.082	 | 0.5266 mean
                     	0.8158	0.7736	0.8224	0.7966	0.9659	 1.009	 1.036	 1.082	 1.779	 1.722	  2.72	  2.67	 | 1.583 quantile
                      	 2.242	  2.07	 2.403	  1.81	 2.463	 2.244	 2.266	  2.17	 2.927	 2.868	 8.869	 9.427	 | 9.427 max

train losses    264:	0.3024	0.2723	0.3473	0.3305	0.3383	0.3537	0.4366	0.4367	0.4119	0.4297	0.5707	0.5627	
val losses      264:	0.2988	0.2746	0.3213	0.3143	0.3621	0.3803	0.3791	0.4053	0.7101	0.6895	 1.097	 1.082	 | 0.5261 mean
                     	0.8119	0.7681	0.8218	0.7965	0.9632	 1.006	 1.036	 1.081	  1.78	 1.721	 2.722	 2.669	 | 1.582 quantile
                      	 2.234	 2.069	 2.399	 1.808	 2.454	 2.235	 2.268	 2.168	 2.927	 2.867	 8.894	 9.453	 | 9.453 max

train losses    266:	0.3011	0.2712	0.3471	0.3305	0.3375	0.3528	0.4364	0.4363	0.4109	0.4286	0.5669	 0.559	
val losses      266:	0.2972	0.2734	 0.321	0.3143	0.3614	0.3793	 0.379	0.4051	0.7101	0.6895	 1.097	 1.082	 | 0.5257 mean
                     	0.8073	0.7642	0.8208	0.7962	0.9619	 1.002	 1.035	 1.081	  1.78	 1.721	 2.725	 2.674	 | 1.58 quantile
                      	 2.226	 2.067	 2.394	 1.807	 2.445	 2.225	  2.27	 2.166	 2.927	 2.865	 8.919	 9.481	 | 9.481 max

train losses    268:	0.2998	  0.27	0.3468	0.3304	0.3367	0.3518	0.4361	 0.436	  0.41	0.4276	0.5631	0.5553	
val losses      268:	0.2957	0.2722	0.3208	0.3142	0.3607	0.3783	0.3788	0.4049	0.7101	0.6896	 1.097	 1.082	 | 0.5253 mean
                     	0.8039	0.7611	0.8203	0.7956	0.9592	0.9991	 1.035	  1.08	  1.78	 1.724	 2.728	 2.673	 | 1.579 quantile
                      	 2.218	 2.065	  2.39	 1.805	 2.436	 2.217	 2.272	 2.164	 2.929	 2.864	 8.943	 9.508	 | 9.508 max

train losses    270:	0.2985	0.2689	0.3466	0.3303	0.3359	0.3509	0.4358	0.4356	 0.409	0.4266	0.5593	0.5516	
val losses      270:	0.2941	 0.271	0.3205	0.3141	  0.36	0.3773	0.3787	0.4046	0.7101	0.6896	 1.097	 1.081	 | 0.5248 mean
                     	0.7985	0.7557	0.8202	0.7952	0.9551	0.9951	 1.035	 1.081	 1.782	 1.727	 2.731	 2.671	 | 1.579 quantile
                      	  2.21	 2.063	 2.385	 1.804	 2.427	 2.208	 2.274	 2.162	  2.93	 2.863	 8.967	 9.534	 | 9.534 max

train losses    272:	0.2973	0.2678	0.3464	0.3303	0.3351	  0.35	0.4355	0.4353	 0.408	0.4255	0.5555	0.5479	
val losses      272:	0.2926	0.2699	0.3202	 0.314	0.3593	0.3764	0.3786	0.4044	0.7101	0.6896	 1.096	 1.081	 | 0.5244 mean
                     	0.7942	0.7518	 0.819	0.7948	0.9538	0.9936	 1.034	  1.08	 1.783	 1.727	 2.734	 2.671	 | 1.579 quantile
                      	 2.202	 2.062	 2.381	 1.802	 2.418	 2.199	 2.276	 2.161	 2.931	 2.861	 8.991	  9.56	 | 9.56 max

train losses    274:	 0.296	0.2667	0.3461	0.3302	0.3343	 0.349	0.4353	0.4349	0.4071	0.4245	0.5518	0.5442	
val losses      274:	0.2912	0.2687	  0.32	 0.314	0.3586	0.3755	0.3784	0.4042	0.7102	0.6896	 1.096	 1.081	 | 0.524 mean
                     	0.7897	0.7501	0.8176	0.7945	0.9509	0.9908	 1.033	  1.08	 1.785	 1.727	 2.737	 2.671	 | 1.579 quantile
                      	 2.195	  2.06	 2.376	 1.801	 2.408	 2.191	 2.278	 2.159	 2.933	  2.86	 9.015	 9.586	 | 9.586 max

train losses    276:	0.2948	0.2656	0.3459	0.3302	0.3335	0.3481	 0.435	0.4346	0.4061	0.4235	0.5481	0.5407	
val losses      276:	0.2897	0.2677	0.3197	0.3139	0.3579	0.3746	0.3783	 0.404	0.7102	0.6897	 1.097	 1.081	 | 0.5236 mean
                     	0.7836	0.7472	0.8163	0.7947	0.9485	0.9884	 1.033	  1.08	 1.786	 1.729	  2.74	 2.673	 | 1.578 quantile
                      	 2.187	 2.058	 2.372	 1.799	 2.398	 2.183	  2.28	 2.157	 2.934	 2.858	 9.038	 9.613	 | 9.613 max

train losses    278:	0.2936	0.2645	0.3457	0.3301	0.3328	0.3472	0.4347	0.4342	0.4051	0.4224	0.5445	0.5372	
val losses      278:	0.2883	0.2666	0.3194	0.3138	0.3572	0.3737	0.3782	0.4038	0.7102	0.6897	 1.097	 1.081	 | 0.5232 mean
                     	 0.779	0.7449	0.8146	0.7952	0.9475	0.9853	 1.031	 1.079	 1.788	  1.73	 2.743	 2.675	 | 1.577 quantile
                      	  2.18	 2.057	 2.368	 1.798	 2.389	 2.174	 2.282	 2.156	 2.936	 2.857	 9.061	 9.641	 | 9.641 max

train losses    280:	0.2924	0.2635	0.3455	0.3301	 0.332	0.3464	0.4344	0.4338	0.4042	0.4214	0.5411	 0.534	
val losses      280:	0.2869	0.2656	0.3191	0.3137	0.3566	0.3728	 0.378	0.4035	0.7102	0.6898	 1.097	 1.082	 | 0.5229 mean
                     	0.7735	0.7419	0.8151	0.7952	0.9473	0.9834	 1.031	 1.078	 1.789	 1.732	 2.744	 2.675	 | 1.577 quantile
                      	 2.171	 2.055	 2.364	 1.796	 2.379	 2.166	 2.284	 2.154	 2.938	 2.855	 9.083	 9.668	 | 9.668 max

train losses    282:	0.2912	0.2625	0.3452	  0.33	0.3312	0.3455	0.4341	0.4335	0.4032	0.4204	 0.538	 0.531	
val losses      282:	0.2855	0.2647	0.3188	0.3136	0.3559	 0.372	0.3779	0.4033	0.7103	0.6898	 1.097	 1.082	 | 0.5226 mean
                     	0.7689	0.7398	0.8141	0.7957	 0.946	0.9828	 1.031	 1.078	 1.789	 1.735	 2.744	 2.678	 | 1.577 quantile
                      	 2.163	 2.053	  2.36	 1.795	  2.37	 2.158	 2.287	 2.153	 2.939	 2.852	 9.106	 9.695	 | 9.695 max

train losses    284:	  0.29	0.2615	 0.345	  0.33	0.3305	0.3446	0.4338	0.4331	0.4023	0.4194	0.5355	0.5288	
val losses      284:	0.2841	0.2637	0.3185	0.3135	0.3553	0.3712	0.3778	0.4031	0.7104	  0.69	 1.098	 1.083	 | 0.5224 mean
                     	0.7648	0.7377	0.8126	0.7957	0.9444	0.9828	 1.029	 1.078	 1.791	 1.737	 2.744	 2.676	 | 1.578 quantile
                      	 2.154	 2.052	 2.355	 1.793	  2.36	  2.15	 2.289	 2.151	  2.94	 2.848	 9.128	 9.724	 | 9.724 max

train losses    286:	0.2889	0.2605	0.3448	0.3299	0.3297	0.3438	0.4335	0.4327	0.4014	0.4184	0.5339	0.5275	
val losses      286:	0.2828	0.2628	0.3181	0.3135	0.3547	0.3704	0.3776	0.4029	0.7107	0.6902	   1.1	 1.085	 | 0.5224 mean
                     	0.7607	0.7341	0.8105	 0.796	0.9435	0.9805	 1.031	 1.078	 1.789	 1.736	 2.751	  2.68	 | 1.578 quantile
                      	 2.146	  2.05	 2.351	 1.792	 2.351	 2.143	 2.293	 2.151	  2.94	 2.843	 9.153	 9.755	 | 9.755 max

train losses    288:	0.2878	0.2595	0.3445	0.3299	 0.329	0.3429	0.4332	0.4323	0.4005	0.4174	0.5334	0.5273	
val losses      288:	0.2815	0.2619	0.3178	0.3134	0.3541	0.3696	0.3776	0.4027	 0.711	0.6905	 1.105	  1.09	 | 0.5229 mean
                     	  0.76	0.7316	0.8088	0.7953	0.9434	0.9765	 1.031	 1.077	 1.786	 1.735	 2.767	 2.704	 | 1.582 quantile
                      	 2.137	 2.048	 2.347	  1.79	 2.341	 2.135	 2.298	 2.152	 2.939	 2.837	  9.18	 9.789	 | 9.789 max

train losses    290:	0.2867	0.2585	0.3443	0.3298	0.3282	0.3421	0.4329	0.4319	0.3998	0.4165	0.5326	0.5266	
val losses      290:	0.2802	0.2611	0.3176	0.3133	0.3535	0.3688	0.3776	0.4026	0.7111	0.6905	 1.113	 1.098	 | 0.5239 mean
                     	0.7557	0.7276	0.8084	0.7946	0.9402	0.9739	 1.032	 1.078	 1.788	 1.731	 2.792	 2.739	 | 1.588 quantile
                      	 2.129	 2.046	 2.344	 1.789	 2.333	 2.127	 2.304	 2.155	 2.939	 2.829	 9.206	 9.822	 | 9.822 max

train losses    292:	0.2856	0.2576	0.3441	0.3297	0.3275	0.3413	0.4326	0.4315	0.3992	0.4158	 0.529	0.5227	
val losses      292:	 0.279	0.2602	0.3173	0.3132	0.3528	 0.368	0.3776	0.4026	0.7106	  0.69	  1.12	 1.105	 | 0.5247 mean
                     	0.7524	0.7243	0.8075	0.7939	0.9385	0.9706	  1.03	 1.077	 1.786	  1.73	 2.814	  2.78	 | 1.592 quantile
                      	 2.121	 2.045	 2.341	 1.789	 2.327	 2.116	 2.309	 2.158	 2.945	  2.82	 9.225	 9.848	 | 9.848 max

train losses    294:	0.2845	0.2567	0.3438	0.3297	0.3269	0.3405	0.4323	0.4311	0.3985	0.4151	0.5233	0.5168	
val losses      294:	0.2777	0.2594	0.3171	0.3132	0.3522	 0.367	0.3774	0.4024	0.7102	0.6894	 1.119	 1.104	 | 0.5241 mean
                     	0.7492	 0.721	0.8067	0.7936	0.9378	0.9692	 1.029	 1.077	 1.785	 1.729	 2.824	 2.781	 | 1.587 quantile
                      	 2.113	 2.044	 2.338	 1.789	 2.322	 2.106	  2.31	 2.157	 2.952	 2.813	 9.233	 9.861	 | 9.861 max

train losses    296:	0.2835	0.2558	0.3436	0.3296	0.3262	0.3397	 0.432	0.4307	0.3975	0.4143	0.5181	0.5115	
val losses      296:	0.2765	0.2586	0.3168	0.3131	0.3515	0.3662	 0.377	 0.402	0.7101	0.6894	 1.111	 1.095	 | 0.5223 mean
                     	0.7452	0.7168	0.8051	0.7941	0.9351	0.9677	 1.029	 1.076	 1.784	  1.73	   2.8	 2.759	 | 1.581 quantile
                      	 2.104	 2.042	 2.334	 1.788	 2.313	 2.098	 2.308	 2.152	 2.954	 2.816	  9.23	 9.862	 | 9.862 max

train losses    298:	0.2824	 0.255	0.3434	0.3296	0.3255	 0.339	0.4317	0.4304	0.3964	0.4132	0.5145	0.5083	
val losses      298:	0.2754	0.2579	0.3165	 0.313	0.3509	0.3654	0.3766	0.4017	0.7101	0.6895	 1.103	 1.087	 | 0.5206 mean
                     	0.7426	0.7147	0.8054	0.7938	0.9327	 0.966	 1.029	 1.073	  1.79	 1.734	 2.792	 2.736	 | 1.568 quantile
                      	 2.096	 2.041	 2.331	 1.786	 2.303	 2.093	 2.305	 2.146	 2.952	 2.828	 9.221	 9.858	 | 9.858 max

