train losses      0:	0.5936	0.5956	0.3821	0.3807	0.7372	 0.767	0.4978	0.5152	 1.592	 1.608	 1.497	 1.486	
val losses        0:	 0.609	0.6425	0.9956	0.3598	0.7508	0.8576	0.5592	0.5805	 1.504	  1.75	 1.351	  1.26	 | 0.935 mean
                     	 1.843	 1.963	 1.721	 0.903	 2.068	 2.312	 1.372	 1.356	 4.229	 4.865	 3.225	  2.88	 | 2.726 quantile
                      	 4.454	 6.504	  3.08	 2.238	 5.669	 6.119	 2.753	 2.923	 8.439	 8.195	 4.826	 4.196	 | 8.439 max

train losses      2:	0.5304	0.5441	 0.382	0.3841	0.7183	0.7412	 0.496	 0.499	 1.548	 1.568	 1.462	 1.469	
val losses        2:	0.6426	0.6515	0.3901	0.5509	0.7229	0.7225	0.8565	0.4678	 1.367	 1.517	 1.282	 1.233	 | 0.8671 mean
                     	  1.78	 1.776	0.9734	 1.225	 1.975	 2.053	 1.719	 1.179	 3.895	 4.285	  2.97	 2.777	 | 2.497 quantile
                      	 4.342	 4.384	 2.469	 2.174	 5.541	 5.885	 2.983	 2.376	 7.345	 7.268	 4.785	 3.979	 | 7.345 max

train losses      4:	0.5095	0.5207	0.3909	0.3928	0.6963	0.7147	0.5036	0.5087	 1.461	 1.485	 1.426	 1.448	
val losses        4:	0.5366	0.5314	0.3702	0.3683	0.6758	0.7913	0.7163	0.5022	 1.277	 1.185	 1.214	 1.217	 | 0.782 mean
                     	 1.602	  1.57	0.9526	0.9241	 1.874	 2.085	 1.589	 1.245	 3.223	 3.506	   2.8	 2.775	 | 2.342 quantile
                      	 3.998	 3.938	 2.347	 2.052	 5.226	  5.68	 2.646	 2.619	 7.553	  6.38	 4.245	 4.208	 | 7.553 max

train losses      6:	0.5052	0.5149	0.4149	0.4218	0.6768	0.6895	0.5215	0.5348	 1.329	 1.355	 1.379	 1.417	
val losses        6:	0.4986	 0.525	0.4073	 0.346	0.6233	0.6637	0.4178	0.4738	 1.151	 1.097	 1.197	 1.212	 | 0.7177 mean
                     	 1.475	 1.428	 1.033	0.8777	 1.752	 1.842	 1.182	 1.195	 2.856	 3.214	 2.792	 2.778	 | 2.237 quantile
                      	 3.675	 3.694	 2.604	 1.775	 4.869	  5.35	  2.37	 2.607	 6.505	 5.516	 4.217	 4.264	 | 6.505 max

train losses      8:	0.5148	0.5258	0.4406	0.4598	 0.666	0.6664	0.5455	0.5593	 1.155	 1.187	 1.322	 1.378	
val losses        8:	0.4871	0.4761	0.3273	 0.342	0.5928	0.6042	0.3893	 0.455	0.9869	0.9739	 1.152	 1.184	 | 0.6642 mean
                     	 1.441	 1.375	0.8467	0.8612	 1.635	 1.713	 1.102	 1.169	 2.599	 2.886	 2.629	 2.667	 | 2.057 quantile
                      	 3.673	 3.979	 2.181	  1.85	 4.428	 5.043	 2.163	 2.555	 5.474	 5.149	 3.975	  3.98	 | 5.474 max

train losses     10:	 0.526	0.5366	0.4648	0.4966	0.6616	 0.646	0.5649	0.5721	 1.021	 1.059	 1.274	 1.344	
val losses       10:	 0.453	0.4571	0.3145	  0.36	0.5497	0.5509	0.3838	0.4444	0.9863	0.9469	  1.14	 1.165	 | 0.646 mean
                     	 1.327	 1.302	0.8096	0.9207	 1.535	 1.536	 1.079	 1.154	 2.458	 2.578	 2.464	 2.553	 | 1.936 quantile
                      	 3.338	  3.84	 2.146	 2.003	 3.797	  4.49	 2.046	 2.466	 4.491	 5.296	 4.186	 3.984	 | 5.296 max

train losses     12:	0.5224	0.5411	0.4753	0.5121	0.6511	0.6298	0.5785	0.5783	 0.965	0.9996	 1.253	 1.319	
val losses       12:	 0.426	0.4403	0.3206	0.3584	0.5111	0.5263	0.3869	0.4216	0.9592	0.9043	 1.088	 1.134	 | 0.623 mean
                     	 1.251	 1.213	0.8256	0.9117	 1.434	 1.419	 1.068	 1.106	 2.153	 2.216	 2.498	 2.507	 | 1.864 quantile
                      	  3.22	 3.612	 2.291	 1.699	 3.624	 4.142	 2.068	 2.209	  4.01	 4.738	 3.949	 3.808	 | 4.738 max

train losses     14:	0.5313	 0.549	0.4793	0.5118	0.6453	0.6252	0.5869	0.5876	0.9984	  1.02	 1.231	 1.292	
val losses       14:	0.4207	0.4025	  0.32	0.3545	0.4875	0.5212	 0.385	0.4362	0.7291	 0.729	  1.06	 1.086	 | 0.5776 mean
                     	 1.242	 1.143	0.8036	0.9048	 1.373	 1.405	 1.078	 1.114	 1.737	 1.931	 2.628	 2.529	 | 1.741 quantile
                      	 3.232	 3.501	 2.252	 1.843	 3.842	 4.249	 2.346	  2.36	 3.105	 3.698	 4.186	 3.986	 | 4.249 max

train losses     16:	0.5032	0.5224	0.4638	0.4794	 0.618	 0.605	0.5614	0.5641	0.9019	0.8994	  1.19	 1.251	
val losses       16:	  0.42	0.4154	0.3133	0.3387	0.4867	0.5117	0.3816	0.4254	  0.75	0.7309	 1.045	 1.085	 | 0.5753 mean
                     	 1.243	 1.162	0.7901	0.8747	 1.351	  1.37	 1.052	   1.1	 1.953	 2.006	 2.454	 2.494	 | 1.742 quantile
                      	 2.978	 3.464	 2.319	 1.782	 3.969	 4.294	  2.55	 2.309	 3.185	 3.532	 3.719	 3.786	 | 4.294 max

train losses     18:	0.4852	0.5015	0.4495	0.4617	0.5891	  0.59	 0.549	0.5504	0.8644	0.8566	 1.154	 1.212	
val losses       18:	   0.4	0.3918	0.3092	0.3305	0.4703	0.4939	0.3813	0.4179	0.7355	0.7147	 1.056	 1.084	 | 0.5654 mean
                     	 1.194	 1.098	0.7937	0.8383	 1.301	 1.342	 1.067	 1.095	 1.853	 1.973	 2.438	  2.43	 | 1.717 quantile
                      	 2.773	 3.101	 2.304	 1.926	 3.702	 4.129	  2.54	 2.126	 3.261	 3.251	 3.855	 3.613	 | 4.129 max

train losses     20:	0.4743	0.4862	0.4468	0.4535	0.5708	0.5688	0.5414	0.5461	0.8018	0.8007	  1.13	 1.173	
val losses       20:	0.4007	  0.38	0.3065	0.3233	0.4789	0.5026	0.3784	0.4142	0.7173	0.6935	 1.051	 1.064	 | 0.5592 mean
                     	 1.173	 1.088	0.7869	0.8144	 1.289	 1.363	 1.059	 1.082	 1.787	 1.855	 2.506	 2.466	 | 1.691 quantile
                      	 2.869	   3.2	 2.237	 1.824	 3.409	  3.75	 2.524	 2.114	 3.426	 3.222	 3.752	 3.653	 | 3.752 max

train losses     22:	 0.461	0.4697	0.4361	0.4429	 0.552	0.5495	0.5341	 0.537	0.7657	0.7704	 1.107	 1.143	
val losses       22:	0.3828	0.3637	0.3052	0.3229	0.4537	0.4743	0.3764	0.4133	0.7009	0.6764	 1.042	 1.044	 | 0.5463 mean
                     	 1.117	 1.046	0.7797	0.8109	  1.24	 1.281	 1.057	 1.086	 1.708	 1.785	 2.479	 2.455	 | 1.658 quantile
                      	 2.699	 3.127	 2.294	 1.811	 3.149	  3.43	 2.499	 2.114	  3.24	 3.075	 3.604	 3.584	 | 3.604 max

train losses     24:	0.4493	0.4577	0.4299	 0.433	0.5334	0.5328	0.5234	0.5288	0.7515	0.7558	 1.072	 1.107	
val losses       24:	0.3734	0.3577	0.3041	0.3211	0.4439	0.4629	0.3745	0.4126	0.6917	0.6678	 1.039	 1.037	 | 0.5405 mean
                     	 1.106	 1.008	0.7803	0.8081	 1.179	 1.234	 1.044	 1.077	 1.698	 1.743	 2.481	  2.45	 | 1.645 quantile
                      	 2.595	 2.939	 2.321	 1.753	  2.86	 3.183	 2.442	 2.081	  2.98	 2.997	 3.707	 3.736	 | 3.736 max

train losses     26:	0.4424	0.4468	0.4244	0.4251	0.5209	 0.516	0.5163	0.5192	0.7424	0.7422	 1.049	 1.082	
val losses       26:	0.3668	  0.35	0.3034	0.3186	0.4366	0.4561	 0.373	0.4078	0.6817	0.6546	 1.047	 1.038	 | 0.5362 mean
                     	 1.084	 1.007	0.7749	0.8034	 1.162	 1.221	 1.037	 1.065	 1.651	 1.706	 2.511	 2.489	 | 1.638 quantile
                      	 2.623	 2.981	  2.35	 1.743	 2.864	 3.012	 2.525	 2.089	 3.051	 3.007	 3.469	 3.469	 | 3.469 max

train losses     28:	0.4331	0.4371	0.4172	0.4183	0.5123	0.5069	0.5068	0.5136	  0.73	0.7314	 1.026	 1.055	
val losses       28:	0.3607	0.3411	0.3024	0.3163	0.4303	0.4422	0.3704	0.4056	0.6826	0.6533	 1.048	 1.039	 | 0.5327 mean
                     	 1.058	0.9744	0.7771	0.7938	 1.141	 1.164	 1.036	 1.073	  1.67	 1.698	 2.455	 2.463	 | 1.646 quantile
                      	 2.674	 2.729	 2.338	 1.704	 2.695	 2.872	 2.539	 2.137	 3.033	  3.16	 3.667	 3.335	 | 3.667 max

train losses     30:	0.4304	0.4316	0.4125	0.4127	0.5011	0.4985	0.5006	0.5062	0.7167	0.7219	 1.003	 1.028	
val losses       30:	0.3532	0.3267	0.3018	0.3148	0.4261	0.4316	0.3699	0.4043	0.6815	0.6551	 1.046	 1.033	 | 0.5286 mean
                     	 1.035	0.9151	0.7778	0.7885	 1.113	 1.139	 1.028	 1.058	 1.654	 1.666	 2.471	 2.464	 | 1.633 quantile
                      	 2.501	 2.525	 2.301	 1.701	 2.617	 2.654	 2.532	 2.149	 3.145	  3.06	 3.664	 3.297	 | 3.664 max

train losses     32:	0.4215	0.4237	0.4072	0.4058	0.4926	0.4879	0.4934	0.4991	0.7097	0.7152	0.9769	   1.0	
val losses       32:	0.3449	0.3196	0.3008	0.3139	0.4146	0.4145	0.3712	 0.403	 0.684	0.6552	  1.06	 1.044	 | 0.5272 mean
                     	 1.012	0.9173	0.7707	  0.79	 1.094	 1.099	 1.028	 1.056	 1.697	 1.687	 2.447	 2.407	 | 1.645 quantile
                      	 2.522	 2.528	 2.291	 1.649	 2.598	 2.545	 2.489	 2.151	 3.115	 3.025	 3.595	 3.375	 | 3.595 max

train losses     34:	 0.419	0.4176	0.4034	 0.401	0.4886	 0.481	0.4887	0.4945	0.7016	0.7119	0.9654	0.9834	
val losses       34:	0.3446	0.3142	0.3001	0.3127	0.4087	0.4083	0.3698	0.4026	0.6883	0.6611	 1.075	 1.053	 | 0.5282 mean
                     	 1.001	0.9025	0.7679	0.7874	 1.072	 1.076	 1.021	  1.05	 1.688	 1.666	 2.474	 2.435	 | 1.657 quantile
                      	 2.611	 2.543	 2.282	 1.687	 2.582	 2.497	 2.446	 2.168	 3.012	 3.071	 3.534	 3.392	 | 3.534 max

train losses     36:	0.4145	0.4155	0.3972	0.3964	0.4793	0.4713	0.4817	0.4889	0.6987	0.7073	0.9462	0.9627	
val losses       36:	0.3377	0.3047	0.2987	0.3119	0.4015	0.3947	0.3698	0.4005	0.6889	0.6639	 1.096	 1.071	 | 0.5283 mean
                     	0.9854	0.8572	0.7636	0.7851	 1.041	  1.04	 1.025	 1.055	 1.686	 1.651	 2.482	 2.431	 | 1.665 quantile
                      	 2.437	 2.535	 2.265	 1.663	 2.588	 2.463	 2.424	 2.146	 2.781	 3.037	 3.512	 3.538	 | 3.538 max

train losses     38:	0.4085	0.4104	0.3932	0.3912	0.4747	0.4661	 0.478	 0.482	0.6867	0.6979	0.9361	0.9521	
val losses       38:	0.3391	 0.304	0.2975	0.3119	0.4042	0.3965	0.3703	0.4001	0.6912	0.6702	 1.186	 1.139	 | 0.5425 mean
                     	0.9705	0.8508	0.7639	0.7886	 1.049	 1.047	 1.016	 1.049	 1.704	 1.662	 2.655	  2.56	 | 1.721 quantile
                      	 2.525	 2.593	  2.24	  1.71	 2.527	 2.315	 2.349	 2.113	 2.896	 3.041	 3.743	  3.74	 | 3.743 max

train losses     40:	0.4077	0.4105	0.3902	0.3871	0.4705	0.4653	0.4734	0.4793	0.6948	0.7028	0.9985	 1.004	
val losses       40:	0.3489	 0.309	0.2975	0.3128	0.3982	0.3719	0.3806	0.4085	0.6968	0.6739	 1.459	 1.388	 | 0.5871 mean
                     	 1.014	0.8699	0.7631	0.7853	 1.015	0.9766	 1.042	 1.064	 1.763	 1.732	 3.114	 3.039	 | 1.98 quantile
                      	 2.633	 2.668	 2.242	  1.69	 2.383	 2.107	 2.299	 2.137	 3.061	   3.1	 4.163	 3.994	 | 4.163 max

train losses     42:	0.4327	 0.431	0.3973	0.3938	 0.496	0.4925	0.4833	 0.488	0.7305	0.7401	 1.273	 1.258	
val losses       42:	0.3484	 0.304	0.3006	0.3097	0.3958	0.3807	0.3682	0.3955	0.6914	0.6789	 1.195	  1.17	 | 0.5449 mean
                     	 1.009	0.8376	0.7746	0.7808	 1.056	 1.006	  1.01	 1.026	 1.713	 1.682	 2.648	 2.584	 | 1.738 quantile
                      	 2.861	 2.123	 2.267	 1.677	 2.507	 2.175	  2.44	 2.136	 2.739	  3.26	 3.649	 3.634	 | 3.649 max

train losses     44:	0.5017	0.5145	0.4147	0.4162	0.5575	0.5571	0.5085	0.5202	0.8248	0.8378	 1.582	 1.556	
val losses       44:	0.3611	0.3385	0.3086	0.3202	0.3706	0.3759	0.3749	0.3951	0.7374	 0.703	 1.143	 1.134	 | 0.5469 mean
                     	0.9954	0.9133	0.7887	0.8274	0.9451	0.9656	 1.013	 1.034	 1.772	 1.781	 2.908	 2.877	 | 1.705 quantile
                      	 2.452	 2.398	 2.165	 1.705	  2.41	 2.241	 2.727	 2.191	 3.029	 3.331	 4.466	 4.232	 | 4.466 max

train losses     46:	0.4805	0.4963	0.4051	0.4006	0.5539	0.5511	0.4946	0.5015	0.8909	 0.899	 1.288	 1.286	
val losses       46:	0.3563	0.3504	 0.308	0.3143	0.3851	0.3877	0.3688	0.3985	0.6918	0.6832	 1.153	 1.136	 | 0.5444 mean
                     	 1.029	 1.004	0.7842	0.8088	0.9929	 1.054	 1.035	 1.028	 1.693	 1.776	 2.636	 2.631	 | 1.713 quantile
                      	 2.669	 2.795	 2.212	 1.679	 2.363	 2.962	 2.765	 2.128	 2.859	 3.268	 3.907	 3.698	 | 3.907 max

train losses     48:	0.4431	0.4574	0.3839	0.3769	 0.518	0.5224	0.4795	0.4848	0.8459	 0.847	 1.199	 1.199	
val losses       48:	0.3755	0.3689	0.3069	0.3141	0.3975	0.4099	0.3705	0.4005	0.7146	0.7127	 1.034	 1.037	 | 0.5369 mean
                     	 1.101	 1.056	0.7816	0.8078	 1.049	  1.09	 1.029	 1.035	  1.75	 1.754	 2.559	 2.532	 | 1.64 quantile
                      	 2.947	 2.859	 2.169	 1.755	 2.351	 2.605	 2.693	 2.108	 3.176	 3.355	 3.519	 3.455	 | 3.519 max

train losses     50:	0.4275	0.4391	0.3804	0.3725	0.4923	0.4963	0.4747	0.4816	0.7738	0.7855	 1.146	 1.153	
val losses       50:	 0.371	0.3585	 0.304	0.3127	0.4085	0.4096	0.3728	0.4014	0.7025	0.6868	 1.031	 1.037	 | 0.5329 mean
                     	 1.089	 1.006	0.7736	0.8067	 1.061	 1.071	 1.038	 1.054	   1.7	  1.66	 2.509	 2.543	 | 1.611 quantile
                      	 2.889	 2.914	  2.15	 1.673	 2.372	 2.326	 2.857	 2.446	 3.055	 3.233	 3.385	 3.424	 | 3.424 max

train losses     52:	 0.422	 0.427	  0.38	 0.371	0.4752	0.4755	0.4706	0.4786	0.7309	0.7369	 1.092	 1.099	
val losses       52:	 0.363	0.3474	0.3042	0.3121	0.4093	 0.413	0.3701	0.3999	0.6827	0.6651	 1.011	 1.018	 | 0.5247 mean
                     	 1.054	0.9715	0.7778	0.7956	 1.062	 1.076	 1.043	 1.042	 1.664	 1.611	 2.497	 2.492	 | 1.568 quantile
                      	 3.012	 2.837	 2.115	 1.634	   2.4	 2.303	 2.803	  2.37	 2.673	 2.896	 3.653	 3.437	 | 3.653 max

train losses     54:	0.4106	0.4158	0.3754	 0.368	0.4627	0.4628	0.4644	0.4709	0.7152	0.7215	 1.025	 1.037	
val losses       54:	0.3602	0.3272	0.3017	0.3113	   0.4	0.3933	0.3681	0.3958	0.6904	0.6629	 1.024	 1.024	 | 0.5216 mean
                     	  1.03	0.9177	0.7678	 0.791	 1.021	 1.019	 1.028	 1.024	 1.672	 1.588	 2.395	 2.406	 | 1.584 quantile
                      	 2.766	 2.763	 2.153	 1.638	  2.36	 2.202	 2.741	 2.122	 3.017	 3.033	 3.481	   3.4	 | 3.481 max

train losses     56:	0.4044	0.4068	 0.373	0.3664	 0.455	0.4545	0.4583	0.4652	0.6993	0.7049	0.9755	0.9876	
val losses       56:	0.3536	0.3238	   0.3	0.3102	0.3921	0.3801	0.3664	0.3933	0.6912	0.6661	 1.019	 1.021	 | 0.5181 mean
                     	 1.009	0.8933	0.7657	0.7881	0.9895	0.9988	 1.008	 1.029	 1.685	 1.598	 2.449	 2.429	 | 1.584 quantile
                      	 2.706	 2.641	 2.148	 1.606	 2.418	  2.08	 2.694	 2.156	 2.884	  3.24	  3.71	 3.502	 | 3.71 max

train losses     58:	0.3959	0.3996	0.3708	0.3653	0.4515	0.4487	0.4552	 0.463	0.6856	0.6895	0.9313	0.9453	
val losses       58:	0.3446	0.3139	0.2989	0.3103	0.3933	0.3809	0.3646	0.3932	0.6844	0.6497	 1.009	  1.01	 | 0.5128 mean
                     	0.9824	0.8783	0.7616	0.7893	 1.003	0.9942	0.9946	  1.03	 1.634	 1.626	 2.477	 2.446	 | 1.566 quantile
                      	 2.575	 2.412	 2.172	 1.628	 2.585	 2.074	 2.602	 2.162	 3.015	 3.184	 4.027	 3.687	 | 4.027 max

train losses     60:	0.3905	0.3934	0.3682	0.3623	0.4444	0.4439	0.4525	0.4587	 0.675	0.6792	 0.906	0.9179	
val losses       60:	 0.341	0.3114	0.2975	 0.309	0.3845	0.3727	0.3647	0.3933	0.6806	 0.643	 1.009	 1.009	 | 0.5096 mean
                     	0.9908	0.8825	0.7619	0.7815	0.9827	0.9639	0.9986	 1.022	 1.637	 1.627	 2.479	 2.457	 | 1.574 quantile
                      	 2.543	 2.403	 2.201	 1.602	 2.379	 1.962	 2.469	 2.117	 2.947	 3.102	 3.942	 3.589	 | 3.942 max

train losses     62:	0.3861	0.3893	0.3659	0.3601	0.4395	 0.438	0.4471	0.4554	0.6633	0.6642	0.8811	0.8929	
val losses       62:	0.3325	0.3042	0.2969	0.3081	0.3739	0.3597	0.3621	0.3906	0.6837	0.6487	 1.012	 1.011	 | 0.507 mean
                     	 0.957	0.8563	 0.765	0.7836	0.9763	0.9604	0.9889	 1.017	 1.635	 1.626	 2.455	 2.426	 | 1.583 quantile
                      	 2.311	 2.321	 2.184	 1.584	 2.364	 1.843	 2.554	 2.213	 3.079	 3.051	 3.909	 3.557	 | 3.909 max

train losses     64:	0.3848	 0.385	0.3627	0.3584	0.4363	0.4313	0.4445	0.4514	0.6596	0.6646	0.8639	0.8772	
val losses       64:	0.3346	0.3061	0.2968	0.3074	0.3772	0.3638	0.3597	0.3887	0.6866	0.6507	  1.01	 1.006	 | 0.5074 mean
                     	0.9642	0.8583	0.7647	0.7849	0.9781	0.9476	0.9847	 1.014	 1.669	 1.633	  2.42	 2.401	 | 1.594 quantile
                      	 2.389	 2.267	 2.173	 1.625	 2.273	 1.914	  2.37	   2.1	 2.887	 2.961	 3.824	 3.521	 | 3.824 max

train losses     66:	0.3788	0.3838	0.3615	0.3557	0.4299	0.4272	0.4414	0.4475	0.6536	 0.651	 0.846	0.8607	
val losses       66:	0.3327	0.3052	0.2965	0.3071	0.3789	0.3681	0.3573	0.3861	0.6835	0.6481	 1.007	 1.001	 | 0.506 mean
                     	0.9587	0.8589	0.7649	0.7774	0.9769	0.9638	0.9716	 1.005	 1.638	 1.633	 2.395	 2.399	 | 1.588 quantile
                      	 2.467	 2.219	 2.183	 1.599	 2.363	 1.889	 2.354	 2.022	 2.901	 3.211	 3.803	 3.514	 | 3.803 max

train losses     68:	0.3758	0.3811	  0.36	0.3539	0.4265	0.4235	0.4384	 0.445	0.6442	0.6492	 0.831	0.8464	
val losses       68:	0.3261	0.2963	0.2964	0.3067	0.3775	0.3665	0.3554	0.3833	0.6837	0.6485	 1.005	   1.0	 | 0.5038 mean
                     	 0.942	0.8252	0.7622	  0.78	0.9708	0.9533	0.9636	0.9977	 1.627	 1.606	 2.439	 2.413	 | 1.582 quantile
                      	 2.354	 2.265	 2.178	  1.59	  2.37	 1.865	 2.353	 2.029	  2.93	 3.081	 3.848	 3.502	 | 3.848 max

train losses     70:	0.3735	0.3767	0.3572	0.3522	 0.425	0.4215	0.4337	0.4401	0.6404	0.6438	0.8212	0.8348	
val losses       70:	0.3224	0.2925	0.2959	0.3063	0.3707	0.3581	0.3545	0.3827	0.6881	0.6502	0.9974	 0.992	 | 0.5009 mean
                     	0.9316	0.8139	0.7601	0.7758	0.9533	0.9313	 0.958	0.9928	 1.643	 1.618	 2.438	 2.417	 | 1.575 quantile
                      	 2.417	 2.156	 2.206	 1.605	 2.248	 1.897	  2.24	 1.981	 2.811	 2.986	 3.852	  3.54	 | 3.852 max

train losses     72:	0.3719	0.3764	0.3551	0.3501	 0.419	0.4182	0.4306	0.4362	0.6357	0.6393	 0.808	0.8214	
val losses       72:	0.3246	 0.296	0.2958	0.3061	0.3693	0.3585	0.3534	0.3822	0.6912	0.6542	0.9953	0.9876	 | 0.5012 mean
                     	0.9376	0.8298	0.7588	 0.774	0.9532	0.9333	0.9604	0.9958	 1.607	 1.596	 2.402	 2.374	 | 1.562 quantile
                      	  2.41	 2.412	 2.202	 1.603	  2.16	 1.893	 2.272	 1.945	 2.767	 2.996	 3.816	 3.496	 | 3.816 max

train losses     74:	0.3703	0.3766	0.3536	0.3487	0.4166	0.4138	0.4293	0.4368	0.6333	 0.636	0.7933	0.8067	
val losses       74:	0.3228	 0.297	0.2954	0.3057	0.3643	0.3548	0.3519	0.3801	0.6895	0.6503	0.9943	0.9855	 | 0.4993 mean
                     	0.9265	0.8286	0.7583	0.7756	0.9447	0.9286	 0.951	0.9908	 1.621	 1.589	 2.408	 2.384	 | 1.568 quantile
                      	 2.303	 2.405	 2.218	 1.605	 2.205	 1.907	 2.312	 2.008	 2.921	 3.007	 3.882	 3.554	 | 3.882 max

train losses     76:	0.3704	0.3735	0.3524	0.3466	 0.414	0.4116	0.4255	0.4316	0.6269	0.6312	0.7823	0.7939	
val losses       76:	0.3197	0.2923	0.2951	0.3053	0.3537	0.3438	0.3498	0.3771	0.6898	0.6541	0.9922	0.9852	 | 0.4965 mean
                     	0.9201	0.8308	0.7573	0.7736	0.9087	0.8923	0.9425	0.9793	  1.61	 1.605	 2.401	   2.4	 | 1.567 quantile
                      	 2.362	 2.441	 2.208	  1.58	 2.098	  1.82	 2.234	 1.946	  2.64	 2.969	 3.941	 3.611	 | 3.941 max

train losses     78:	0.3673	0.3724	 0.352	0.3454	0.4104	0.4087	0.4222	0.4282	0.6216	0.6255	0.7676	0.7825	
val losses       78:	0.3205	0.2906	0.2952	0.3054	0.3648	0.3538	0.3497	0.3768	0.6777	0.6426	0.9933	0.9852	 | 0.4963 mean
                     	0.9264	0.8143	0.7554	0.7759	 0.935	0.9075	0.9379	0.9777	 1.642	 1.634	 2.381	 2.367	 | 1.576 quantile
                      	 2.299	 2.333	 2.214	 1.599	 2.227	  1.84	 2.312	 1.998	 2.599	 3.087	  3.84	 3.619	 | 3.84 max

train losses     80:	0.3657	0.3728	0.3508	0.3445	  0.41	 0.407	0.4194	0.4257	0.6197	0.6207	0.7599	0.7723	
val losses       80:	0.3197	0.2928	 0.295	0.3053	0.3553	0.3449	0.3501	 0.377	0.6749	 0.643	0.9937	0.9843	 | 0.4947 mean
                     	0.9265	0.8208	 0.755	0.7742	0.9167	0.8873	0.9378	0.9756	 1.651	 1.624	  2.36	 2.345	 | 1.572 quantile
                      	 2.336	 2.413	 2.207	 1.605	  2.14	 1.876	  2.25	 1.982	 2.683	  2.91	  3.83	 3.598	 | 3.83 max

train losses     82:	0.3644	0.3697	0.3485	0.3425	0.4046	0.4049	0.4166	 0.422	 0.614	0.6176	0.7516	0.7637	
val losses       82:	 0.321	0.2915	0.2947	0.3048	0.3555	0.3443	0.3479	0.3737	0.6755	0.6412	 0.986	0.9787	 | 0.4929 mean
                     	 0.927	0.8151	0.7517	0.7746	0.9194	0.8974	0.9267	0.9686	 1.656	 1.653	 2.349	 2.339	 | 1.573 quantile
                      	 2.426	 2.271	 2.212	 1.618	  2.15	 1.789	 2.174	 1.919	 2.575	 2.808	 3.768	  3.56	 | 3.768 max

train losses     84:	0.3646	0.3698	0.3477	0.3415	0.4049	0.4039	0.4137	0.4194	0.6133	0.6171	0.7414	0.7523	
val losses       84:	0.3155	0.2846	0.2945	0.3042	0.3539	0.3465	0.3449	0.3704	0.6784	0.6429	0.9834	0.9761	 | 0.4913 mean
                     	 0.913	 0.792	0.7538	0.7713	0.9058	0.9004	0.9221	0.9548	 1.656	 1.641	 2.352	 2.349	 | 1.564 quantile
                      	 2.412	 2.178	 2.221	 1.606	 2.237	 1.783	 2.169	  1.91	  2.67	 2.976	 3.761	 3.505	 | 3.761 max

train losses     86:	0.3639	0.3699	0.3466	0.3402	0.4003	 0.401	0.4107	0.4156	0.6176	  0.62	0.7333	0.7462	
val losses       86:	  0.32	0.2928	0.2948	0.3047	0.3593	0.3491	0.3465	0.3713	0.6937	0.6644	0.9879	  0.98	 | 0.497 mean
                     	0.9191	0.8189	0.7562	 0.773	0.9156	0.8947	0.9169	 0.966	 1.761	 1.747	  2.33	  2.33	 | 1.606 quantile
                      	 2.495	 2.317	 2.226	  1.61	 2.116	 1.894	 2.112	 1.873	 2.742	  2.92	  3.62	 3.364	 | 3.62 max

train losses     88:	0.3607	0.3666	0.3454	0.3387	0.3999	0.4011	0.4073	0.4115	0.6397	0.6423	0.7218	0.7364	
val losses       88:	0.3244	 0.293	0.2942	0.3042	0.3604	0.3474	0.3449	0.3699	0.7136	0.6878	 0.982	0.9762	 | 0.4998 mean
                     	0.9407	0.8182	0.7544	0.7747	0.9227	 0.902	0.9112	0.9524	 1.818	  1.82	 2.324	 2.306	 | 1.62 quantile
                      	 2.477	 2.337	 2.249	 1.627	  2.28	  1.81	 2.111	 1.879	 2.897	 3.079	 3.791	 3.543	 | 3.791 max

train losses     90:	0.3654	 0.371	0.3444	0.3378	0.3977	0.3999	0.4067	0.4127	0.6614	0.6661	0.7212	 0.735	
val losses       90:	0.3222	0.2908	0.2946	0.3045	0.3666	0.3543	 0.349	0.3735	0.7813	0.7751	0.9959	 0.986	 | 0.5162 mean
                     	0.9353	0.8111	0.7592	0.7732	0.9433	0.9081	0.9183	 0.959	 1.979	 1.936	 2.294	 2.269	 | 1.674 quantile
                      	 2.517	 2.279	 2.248	 1.664	 2.232	 1.774	 2.118	  1.86	 3.097	 3.381	 3.557	 3.402	 | 3.557 max

train losses     92:	0.3683	0.3793	0.3457	0.3384	0.4199	0.4242	0.4098	0.4156	0.8203	0.8266	0.7306	0.7411	
val losses       92:	0.3127	0.2784	0.2946	0.3044	0.3675	 0.348	0.3434	0.3687	 1.045	 1.053	 0.991	0.9822	 | 0.5575 mean
                     	0.8965	0.7674	0.7504	0.7729	0.9276	0.9028	0.8898	0.9259	 2.439	 2.405	 2.286	 2.276	 | 1.845 quantile
                      	 2.346	 2.196	 2.267	 1.629	  2.18	 1.758	 2.106	 1.947	 3.527	 3.854	 3.643	 3.512	 | 3.854 max

train losses     94:	0.4421	0.4546	0.3556	0.3486	0.5021	0.4979	0.4401	0.4464	 1.356	 1.355	 0.816	0.8262	
val losses       94:	 0.317	0.2765	0.2937	0.3039	0.3453	0.3215	0.3415	0.3583	0.9025	0.8809	 1.061	 1.047	 | 0.5374 mean
                     	0.8917	0.7436	0.7478	0.7743	0.8697	0.8291	  0.89	0.9172	 2.392	 2.139	 2.738	 2.674	 | 1.799 quantile
                      	  2.48	 2.068	  2.24	 1.629	 2.091	 1.714	 2.593	 2.137	   3.4	 3.984	 4.531	 4.351	 | 4.531 max

train losses     96:	0.4343	0.4461	0.3483	0.3452	0.5036	0.5069	0.4384	 0.446	 1.013	 1.006	0.9477	0.9554	
val losses       96:	0.3572	0.3091	0.2947	0.3037	0.3859	0.3763	0.3639	0.3923	0.8769	0.8958	 1.008	0.9863	 | 0.5459 mean
                     	0.9958	0.8449	0.7488	0.7717	0.9824	0.9723	 0.931	0.9733	 2.062	 2.218	 2.524	 2.395	 | 1.712 quantile
                      	 2.721	 2.197	  2.22	 1.635	 2.499	 2.435	 2.305	 2.034	 3.541	 4.159	 4.104	 3.839	 | 4.159 max

train losses     98:	0.4177	0.4365	0.3487	 0.344	0.4744	  0.49	0.4414	0.4457	0.9784	0.9785	0.9275	0.9301	
val losses       98:	0.3661	0.3383	0.2965	0.3061	0.3584	0.3648	0.3745	0.4021	0.7643	0.7099	0.9931	0.9977	 | 0.5227 mean
                     	 1.047	  0.92	0.7627	 0.778	0.9186	0.9378	0.9479	0.9992	 1.944	 1.909	 2.372	 2.362	 | 1.638 quantile
                      	   2.8	  2.36	 2.274	 1.652	 1.994	 2.499	 2.228	 2.064	 3.128	  3.61	 3.527	 3.433	 | 3.61 max

train losses    100:	0.4053	0.4208	0.3486	 0.343	0.4557	0.4664	0.4367	0.4474	0.8831	0.8847	0.8786	0.8862	
val losses      100:	0.3518	0.3161	0.2963	0.3069	0.3557	0.3579	0.3625	0.3871	0.6962	0.6636	0.9722	0.9781	 | 0.5037 mean
                     	 1.018	0.9017	0.7684	0.7801	0.9396	 0.942	0.9488	0.9834	 1.661	 1.661	 2.442	 2.405	 | 1.568 quantile
                      	 2.604	 2.709	  2.29	 1.678	 2.288	 2.196	 2.112	 2.031	 2.802	 3.376	  3.75	 3.695	 | 3.75 max

train losses    102:	0.3949	0.4051	0.3459	0.3405	0.4404	0.4465	0.4284	0.4359	0.7823	0.7872	0.8317	0.8388	
val losses      102:	0.3521	0.3298	0.2966	0.3066	0.3747	0.3807	0.3549	 0.379	0.6878	0.7059	0.9747	0.9817	 | 0.5104 mean
                     	 1.011	0.9276	0.7643	0.7765	0.9766	0.9903	  0.94	0.9776	 1.708	 1.712	 2.499	 2.442	 | 1.587 quantile
                      	 2.701	 2.636	 2.272	 1.726	  2.04	 2.092	 1.978	 1.913	 2.495	 2.978	 4.273	  3.84	 | 4.273 max

train losses    104:	0.3812	0.3908	0.3449	0.3381	0.4327	0.4398	 0.425	0.4329	0.7362	0.7394	 0.806	0.8121	
val losses      104:	0.3513	0.3303	0.2952	0.3062	 0.371	0.3744	0.3542	0.3803	0.6685	0.6758	0.9749	0.9785	 | 0.505 mean
                     	 1.019	  0.92	0.7632	0.7785	0.9663	0.9853	0.9401	0.9847	 1.573	 1.605	 2.366	 2.348	 | 1.543 quantile
                      	 2.663	 2.627	 2.251	 1.674	 2.367	 2.114	 2.016	 1.878	  2.58	 2.682	  3.84	 3.573	 | 3.84 max

train losses    106:	0.3773	0.3841	0.3428	0.3355	0.4185	0.4208	0.4191	0.4263	0.6936	0.6994	0.7712	0.7783	
val losses      106:	0.3507	0.3327	0.2954	 0.306	 0.362	0.3599	0.3529	0.3786	0.6622	0.6632	0.9736	0.9749	 | 0.501 mean
                     	 1.019	0.9405	0.7576	0.7815	 0.919	 0.929	0.9464	0.9832	 1.602	 1.598	 2.361	 2.345	 | 1.552 quantile
                      	 2.637	 2.754	 2.261	 1.651	  2.31	  2.07	 2.041	 1.852	 2.529	 2.744	 3.869	  3.53	 | 3.869 max

train losses    108:	0.3672	0.3744	0.3412	0.3344	0.4123	0.4174	0.4138	0.4201	0.6714	0.6769	 0.748	0.7568	
val losses      108:	0.3373	0.3217	0.2952	0.3053	0.3717	0.3686	0.3509	0.3753	0.6691	 0.659	 0.977	0.9759	 | 0.5006 mean
                     	0.9699	0.9159	0.7557	0.7816	0.9351	0.9392	 0.939	0.9804	 1.628	 1.646	 2.359	 2.335	 | 1.565 quantile
                      	 2.703	 2.639	 2.265	 1.645	 2.485	 2.054	 2.017	 1.837	 2.616	 2.968	 3.998	  3.65	 | 3.998 max

train losses    110:	0.3613	 0.369	0.3401	0.3327	0.4039	 0.411	0.4104	0.4161	0.6557	0.6624	0.7297	0.7364	
val losses      110:	0.3316	 0.314	0.2946	0.3045	0.3591	0.3544	0.3476	0.3716	0.6725	0.6563	0.9666	0.9665	 | 0.4949 mean
                     	0.9428	0.8834	 0.759	0.7785	 0.914	0.9199	0.9164	0.9702	 1.595	 1.599	 2.348	 2.343	 | 1.54 quantile
                      	 2.592	 2.552	 2.253	 1.654	 2.311	 1.951	 2.109	 1.868	 2.584	 2.775	 3.955	 3.582	 | 3.955 max

train losses    112:	 0.359	0.3667	0.3387	0.3318	0.4001	0.4051	0.4072	0.4124	0.6422	0.6455	0.7064	0.7156	
val losses      112:	0.3323	0.3102	0.2941	0.3042	0.3577	0.3485	0.3448	0.3683	0.6723	0.6529	0.9601	0.9579	 | 0.4919 mean
                     	0.9436	0.8722	0.7589	0.7765	0.9131	0.9157	0.9138	0.9647	 1.634	 1.615	 2.315	 2.315	 | 1.537 quantile
                      	 2.589	 2.521	 2.247	 1.658	 2.229	 1.855	 2.041	 1.819	 2.646	 2.811	 3.878	 3.615	 | 3.878 max

train losses    114:	0.3562	0.3645	0.3372	0.3303	0.3931	0.4003	 0.403	0.4093	0.6299	0.6337	0.6947	0.7039	
val losses      114:	0.3246	0.3021	0.2938	 0.304	0.3605	0.3532	0.3433	0.3668	0.6709	0.6478	0.9674	0.9642	 | 0.4916 mean
                     	0.9251	0.8446	 0.758	0.7735	0.9214	0.9246	0.9035	0.9532	 1.625	 1.624	 2.292	 2.293	 | 1.546 quantile
                      	 2.456	  2.36	 2.252	 1.653	 2.267	 1.969	 2.028	 1.845	 2.809	 2.866	 3.994	 3.672	 | 3.994 max

train losses    116:	0.3545	0.3618	0.3363	0.3298	0.3923	0.3985	0.4018	0.4072	0.6155	 0.621	0.6888	0.6987	
val losses      116:	  0.33	0.3024	0.2937	0.3037	0.3569	 0.348	0.3419	0.3656	0.6706	 0.648	0.9672	0.9643	 | 0.491 mean
                     	0.9434	 0.856	0.7573	 0.776	0.9197	0.9043	 0.892	0.9461	 1.659	  1.64	 2.291	 2.294	 | 1.549 quantile
                      	 2.696	 2.424	 2.243	 1.667	 2.194	 1.952	 1.941	 1.834	 2.625	 2.868	 3.802	 3.593	 | 3.802 max

train losses    118:	0.3544	0.3611	0.3362	0.3286	0.3907	0.3957	0.3976	0.4031	0.6113	0.6201	0.6798	0.6885	
val losses      118:	  0.32	0.2926	0.2935	0.3035	 0.344	0.3398	0.3382	0.3613	0.6761	0.6521	0.9684	0.9643	 | 0.4878 mean
                     	0.9159	0.8275	0.7551	0.7736	0.8754	0.8717	0.8893	0.9299	 1.655	 1.624	 2.295	 2.302	 | 1.548 quantile
                      	 2.421	 2.139	 2.243	 1.657	 2.164	 1.883	  2.01	  1.85	 2.491	 2.821	 3.692	 3.551	 | 3.692 max

train losses    120:	0.3546	0.3597	0.3356	0.3278	0.3848	0.3933	0.3954	0.4001	0.6105	0.6139	0.6722	0.6837	
val losses      120:	0.3242	0.2978	0.2934	0.3033	0.3441	0.3396	 0.337	0.3609	0.6779	0.6488	0.9689	0.9655	 | 0.4884 mean
                     	0.9289	0.8422	0.7586	0.7733	 0.883	0.8846	0.8806	0.9325	 1.675	 1.628	 2.306	   2.3	 | 1.555 quantile
                      	 2.485	 2.348	 2.241	 1.654	 2.106	 1.958	 1.965	 1.864	 2.598	  2.88	 3.853	 3.559	 | 3.853 max

train losses    122:	0.3544	0.3602	0.3352	0.3281	0.3832	0.3889	 0.393	0.3979	0.6014	0.6069	0.6663	0.6747	
val losses      122:	0.3268	0.2979	0.2933	0.3031	0.3462	  0.34	0.3366	0.3591	0.6758	  0.65	0.9637	0.9606	 | 0.4878 mean
                     	0.9364	0.8413	0.7594	 0.771	0.8876	0.8894	0.8766	 0.929	 1.671	 1.626	 2.285	 2.286	 | 1.552 quantile
                      	 2.567	 2.299	 2.234	 1.669	 2.119	 2.021	 1.976	 1.851	 2.708	 2.848	 3.829	  3.57	 | 3.829 max

train losses    124:	0.3528	0.3584	0.3344	0.3274	0.3825	0.3895	0.3934	0.3979	 0.595	0.6021	0.6611	 0.672	
val losses      124:	0.3208	0.2926	0.2934	0.3033	0.3403	0.3353	0.3353	0.3579	0.6789	0.6485	 0.961	0.9569	 | 0.4854 mean
                     	 0.918	0.8269	 0.756	0.7709	0.8817	0.8734	0.8746	0.9264	 1.672	 1.633	 2.316	 2.286	 | 1.545 quantile
                      	 2.397	 2.243	 2.228	 1.668	 2.139	 1.922	 1.966	 1.834	 2.477	 2.891	 3.788	 3.609	 | 3.788 max

train losses    126:	0.3527	0.3598	0.3341	0.3269	0.3796	0.3852	0.3905	0.3934	 0.591	0.5952	0.6575	0.6676	
val losses      126:	0.3171	  0.29	0.2929	0.3031	0.3399	0.3327	0.3334	0.3562	0.6811	0.6559	0.9533	0.9495	 | 0.4838 mean
                     	0.9008	0.8217	0.7571	0.7734	0.8684	0.8744	0.8696	0.9181	 1.666	 1.627	 2.315	 2.292	 | 1.535 quantile
                      	 2.528	 2.259	 2.225	  1.68	   2.1	 1.955	 1.932	 1.843	 2.389	 2.881	 3.941	 3.748	 | 3.941 max

train losses    128:	0.3515	0.3569	0.3331	0.3262	0.3807	0.3875	0.3887	0.3929	0.5907	0.5958	0.6499	 0.659	
val losses      128:	0.3175	0.2914	0.2929	0.3029	0.3356	0.3318	0.3335	0.3564	0.6771	0.6455	0.9492	 0.944	 | 0.4815 mean
                     	0.9019	0.8287	0.7563	0.7702	0.8589	0.8719	0.8739	0.9177	 1.646	 1.611	 2.273	 2.271	 | 1.525 quantile
                      	 2.498	 2.293	 2.229	 1.658	 2.083	 1.942	 1.893	 1.857	 2.482	 2.849	 3.842	 3.619	 | 3.842 max

train losses    130:	0.3496	0.3562	0.3332	 0.326	0.3758	0.3817	0.3872	 0.391	0.5809	0.5888	 0.645	0.6538	
val losses      130:	0.3164	0.2897	0.2929	0.3029	0.3346	0.3265	0.3333	0.3551	0.6777	 0.652	 0.955	0.9487	 | 0.4821 mean
                     	0.9105	0.8177	0.7581	0.7734	0.8601	0.8714	0.8623	0.9127	 1.671	 1.629	 2.259	 2.238	 | 1.533 quantile
                      	 2.471	  2.27	 2.232	 1.672	 2.157	 1.868	 1.876	 1.882	 2.488	 2.843	 3.837	 3.609	 | 3.837 max

train losses    132:	0.3493	0.3568	0.3329	0.3255	0.3743	0.3826	0.3847	0.3887	0.5806	0.5877	 0.641	0.6498	
val losses      132:	0.3183	0.2904	0.2928	0.3027	0.3407	0.3345	0.3331	0.3551	0.6741	0.6538	0.9673	0.9631	 | 0.4855 mean
                     	  0.92	0.8209	0.7547	0.7717	0.8657	0.8719	  0.87	0.9206	 1.659	 1.634	 2.248	 2.221	 | 1.538 quantile
                      	 2.492	 2.414	 2.229	 1.671	 2.152	 1.902	 1.865	  1.82	 2.504	 2.844	 3.639	 3.423	 | 3.639 max

train losses    134:	0.3483	0.3544	0.3325	 0.325	0.3749	0.3837	0.3842	0.3872	0.5777	0.5854	0.6464	0.6555	
val losses      134:	0.3139	 0.288	0.2926	0.3025	0.3366	0.3278	0.3324	0.3545	0.6774	0.6517	0.9842	 0.981	 | 0.4869 mean
                     	0.9112	 0.812	 0.757	0.7672	0.8629	 0.854	0.8722	0.9119	 1.655	 1.636	 2.282	 2.272	 | 1.551 quantile
                      	 2.435	 2.296	 2.232	 1.681	  2.08	 1.798	 1.861	 1.844	 2.581	 2.792	 3.677	 3.449	 | 3.677 max

train losses    136:	 0.349	0.3541	0.3317	0.3241	0.3727	0.3813	0.3826	0.3861	 0.579	0.5813	0.6477	0.6567	
val losses      136:	0.3154	0.2891	0.2928	0.3026	0.3303	0.3215	0.3308	0.3521	0.6769	0.6536	0.9886	0.9843	 | 0.4865 mean
                     	0.9147	0.8145	 0.757	0.7664	0.8467	0.8373	0.8637	0.9066	 1.669	 1.632	 2.286	  2.26	 | 1.559 quantile
                      	 2.465	 2.323	 2.227	 1.663	 2.028	 1.895	  1.82	 1.817	 2.483	 2.795	 3.628	 3.525	 | 3.628 max

train losses    138:	0.3468	0.3549	0.3312	0.3246	0.3702	0.3797	0.3811	0.3852	0.5737	0.5813	0.6404	0.6494	
val losses      138:	 0.318	0.2923	0.2926	0.3027	0.3297	0.3239	0.3313	0.3522	 0.675	0.6549	0.9738	0.9699	 | 0.4847 mean
                     	0.9049	0.8232	0.7558	  0.77	0.8377	0.8473	0.8642	0.9015	 1.641	 1.605	 2.269	  2.25	 | 1.545 quantile
                      	 2.432	 2.287	 2.222	 1.669	 2.001	 1.831	 1.881	 1.876	 2.506	  2.73	  3.52	 3.521	 | 3.521 max

train losses    140:	0.3473	0.3532	0.3312	0.3237	0.3695	0.3774	0.3808	0.3835	 0.574	0.5775	0.6297	 0.639	
val losses      140:	0.3079	 0.283	0.2927	0.3026	0.3269	0.3207	0.3286	0.3493	0.6823	0.6557	 0.947	0.9425	 | 0.4783 mean
                     	0.8808	0.8009	0.7538	0.7672	0.8301	0.8407	0.8519	 0.899	 1.656	 1.653	 2.354	 2.314	 | 1.52 quantile
                      	 2.369	 2.276	 2.228	 1.672	 2.064	 1.801	 1.856	 1.875	 2.384	 2.942	 4.055	 3.804	 | 4.055 max

train losses    142:	0.3476	0.3533	0.3309	0.3232	0.3713	  0.38	0.3803	0.3839	0.5721	0.5757	0.6378	0.6459	
val losses      142:	0.3082	0.2861	0.2928	0.3025	0.3264	0.3233	0.3306	0.3515	 0.683	0.6524	0.9432	0.9372	 | 0.4781 mean
                     	0.8838	0.8116	 0.755	0.7678	0.8423	0.8475	0.8631	0.8986	 1.632	 1.625	 2.392	 2.336	 | 1.507 quantile
                      	 2.362	 2.272	 2.227	 1.677	 2.082	 2.126	 1.884	 1.908	 2.263	 2.671	 4.194	 3.888	 | 4.194 max

train losses    144:	0.3463	 0.351	0.3307	0.3234	0.3689	0.3773	0.3791	0.3829	0.5688	0.5748	0.6443	 0.651	
val losses      144:	0.3065	0.2821	0.2925	0.3026	0.3248	0.3179	0.3299	0.3497	0.6847	0.6526	0.9455	0.9364	 | 0.4771 mean
                     	0.8747	0.8003	0.7529	0.7655	0.8339	0.8386	0.8538	0.9048	 1.678	 1.648	 2.332	 2.297	 | 1.513 quantile
                      	  2.35	 2.262	 2.222	 1.655	  2.04	 1.833	 1.826	 1.854	 2.363	 2.726	 3.912	 3.693	 | 3.912 max

train losses    146:	0.3488	0.3528	0.3304	 0.323	0.3687	0.3779	0.3779	0.3815	0.5646	0.5717	0.6355	0.6436	
val losses      146:	0.3084	0.2833	0.2924	0.3027	0.3281	 0.324	0.3309	0.3511	0.6762	0.6492	0.9362	0.9315	 | 0.4762 mean
                     	0.8914	0.7976	0.7549	0.7663	0.8417	0.8418	0.8583	 0.904	 1.625	 1.604	 2.296	 2.282	 | 1.497 quantile
                      	 2.325	 2.169	 2.223	 1.676	 2.093	 1.844	  1.85	 1.893	  2.44	 2.773	  3.83	 3.567	 | 3.83 max

train losses    148:	0.3444	0.3515	0.3301	0.3231	0.3677	0.3751	0.3776	0.3812	0.5643	0.5723	0.6237	0.6325	
val losses      148:	0.3105	0.2864	0.2926	0.3024	0.3277	0.3238	0.3303	0.3526	0.6759	0.6482	0.9644	0.9591	 | 0.4811 mean
                     	0.8913	0.8156	0.7542	0.7671	0.8369	0.8422	0.8653	0.9107	 1.635	 1.604	 2.254	 2.218	 | 1.519 quantile
                      	 2.514	 2.396	 2.228	 1.685	 2.142	 1.847	  1.85	 1.843	 2.401	  2.77	 3.653	 3.475	 | 3.653 max

train losses    150:	0.3454	0.3504	  0.33	0.3224	0.3646	0.3754	0.3734	0.3771	0.5631	 0.567	0.6172	0.6267	
val losses      150:	0.3115	0.2853	0.2925	0.3023	0.3256	 0.318	0.3309	0.3518	0.6721	0.6506	0.9863	0.9796	 | 0.4839 mean
                     	0.8959	0.8015	 0.754	0.7686	0.8302	0.8287	0.8577	0.9174	 1.656	  1.61	 2.271	 2.258	 | 1.543 quantile
                      	 2.353	 2.312	  2.23	 1.662	 2.114	 1.849	 1.835	 1.842	 2.509	 2.729	 3.469	 3.263	 | 3.469 max

train losses    152:	0.3464	0.3508	0.3296	0.3223	0.3663	0.3747	0.3751	0.3776	 0.556	0.5633	 0.617	0.6242	
val losses      152:	0.3136	0.2848	0.2924	0.3026	 0.327	0.3158	0.3304	0.3509	0.6782	0.6533	0.9751	0.9709	 | 0.4829 mean
                     	0.9025	0.8084	0.7559	0.7675	 0.834	0.8354	0.8607	0.9068	 1.646	 1.614	 2.268	  2.24	 | 1.543 quantile
                      	 2.501	 2.431	 2.229	 1.656	 2.027	 1.731	 1.828	 1.822	 2.405	 2.739	 3.534	 3.345	 | 3.534 max

train losses    154:	 0.346	0.3525	0.3295	0.3222	0.3616	0.3732	0.3714	0.3745	0.5588	0.5619	0.6078	0.6158	
val losses      154:	0.3103	0.2843	0.2925	0.3025	0.3215	0.3113	0.3284	0.3474	0.6808	0.6543	0.9502	 0.946	 | 0.4775 mean
                     	0.8972	0.8068	0.7549	0.7683	0.8047	0.8204	 0.855	0.8998	 1.636	 1.606	 2.254	 2.242	 | 1.513 quantile
                      	 2.367	 2.295	 2.227	 1.663	 1.954	 1.862	 1.853	 1.887	 2.327	  2.72	 3.711	 3.458	 | 3.711 max

train losses    156:	0.3428	0.3501	0.3289	0.3213	0.3622	0.3717	0.3702	0.3733	 0.556	0.5625	0.6011	0.6114	
val losses      156:	0.3074	0.2822	0.2923	0.3025	0.3234	0.3155	0.3287	0.3492	0.6759	  0.65	0.9312	0.9282	 | 0.4739 mean
                     	0.8887	0.7998	0.7528	0.7669	0.8153	0.8354	0.8504	0.9032	  1.65	 1.633	 2.254	 2.238	 | 1.501 quantile
                      	 2.364	 2.418	 2.226	 1.661	 2.004	 1.783	 1.865	 1.916	 2.422	 2.821	 3.797	 3.589	 | 3.797 max

train losses    158:	0.3452	0.3491	0.3294	0.3214	0.3628	0.3749	0.3713	0.3743	0.5559	0.5645	0.5984	0.6069	
val losses      158:	0.3057	0.2828	0.2923	0.3025	0.3186	0.3132	0.3287	0.3478	0.6846	0.6515	 0.933	0.9291	 | 0.4741 mean
                     	0.8767	0.8029	0.7535	0.7674	0.8125	0.8344	0.8445	0.9013	 1.628	  1.64	 2.301	 2.288	 | 1.5 quantile
                      	 2.286	  2.36	 2.229	 1.654	 1.995	 1.884	 1.811	 1.837	 2.271	 2.666	 3.956	 3.747	 | 3.956 max

train losses    160:	0.3458	0.3493	0.3285	 0.321	0.3642	0.3717	0.3725	 0.375	0.5527	0.5597	0.5958	0.6042	
val losses      160:	0.3065	0.2845	0.2924	0.3024	0.3152	0.3063	0.3292	 0.348	0.6858	0.6572	0.9414	0.9362	 | 0.4754 mean
                     	0.8859	0.8002	0.7533	0.7658	0.8003	0.8174	0.8466	0.8946	 1.635	 1.614	 2.236	 2.237	 | 1.503 quantile
                      	 2.511	 2.304	 2.228	 1.647	 2.004	 1.811	  1.86	 1.864	 2.305	 2.645	 3.761	 3.533	 | 3.761 max

train losses    162:	0.3448	0.3511	0.3288	0.3208	0.3589	0.3693	0.3695	0.3715	0.5481	0.5577	0.5891	0.5977	
val losses      162:	0.3114	0.2836	0.2924	0.3023	0.3203	0.3109	 0.328	0.3475	0.6865	0.6609	0.9475	0.9442	 | 0.4779 mean
                     	0.8985	0.8073	0.7541	0.7659	0.8166	0.8137	0.8516	0.9044	 1.601	 1.595	 2.238	 2.215	 | 1.506 quantile
                      	 2.401	 2.301	 2.229	 1.675	 1.985	 1.852	 1.813	 1.843	 2.235	  2.65	 3.775	 3.554	 | 3.775 max

train losses    164:	0.3432	0.3494	0.3288	0.3213	0.3593	0.3695	0.3701	0.3735	0.5494	0.5554	0.5844	0.5947	
val losses      164:	0.3096	0.2822	0.2923	0.3024	0.3163	0.3095	0.3277	0.3471	0.6768	0.6466	0.9348	 0.931	 | 0.473 mean
                     	0.8915	0.8086	0.7549	0.7651	 0.816	0.8158	0.8476	0.9024	 1.633	 1.602	 2.261	 2.249	 | 1.494 quantile
                      	 2.436	 2.284	 2.229	 1.659	  1.94	 1.808	  1.83	 1.896	 2.319	 2.667	 3.774	 3.559	 | 3.774 max

train losses    166:	0.3443	0.3501	0.3281	0.3203	0.3584	0.3691	0.3674	0.3697	0.5495	0.5543	0.5852	0.5917	
val losses      166:	0.3025	0.2791	 0.292	0.3021	0.3153	0.3076	0.3277	0.3464	0.6838	0.6528	0.9317	0.9273	 | 0.4724 mean
                     	0.8614	  0.79	0.7544	0.7652	0.8084	0.8275	0.8389	0.8949	 1.618	 1.614	 2.289	 2.284	 | 1.495 quantile
                      	 2.457	 2.355	 2.224	 1.654	 1.965	 1.656	 1.823	 1.886	 2.242	 2.735	 3.857	 3.575	 | 3.857 max

train losses    168:	0.3435	0.3448	0.3279	0.3202	0.3607	  0.37	0.3673	 0.369	0.5474	0.5562	0.5834	0.5916	
val losses      168:	0.3028	0.2806	0.2922	0.3022	0.3101	0.3023	0.3267	 0.345	0.6844	0.6521	0.9326	 0.927	 | 0.4715 mean
                     	0.8699	 0.789	0.7531	0.7675	0.7858	  0.82	0.8438	 0.887	 1.629	 1.616	 2.318	 2.308	 | 1.493 quantile
                      	 2.309	 2.377	  2.23	 1.668	 1.995	  1.75	 1.822	 1.858	 2.266	 2.779	 3.878	  3.63	 | 3.878 max

train losses    170:	 0.343	0.3492	0.3282	0.3206	0.3605	0.3679	0.3667	 0.369	0.5431	0.5503	0.5883	0.5964	
val losses      170:	0.3033	0.2809	0.2926	0.3023	0.3189	0.3095	 0.328	0.3467	0.6861	0.6546	0.9402	0.9355	 | 0.4749 mean
                     	0.8701	0.7971	0.7501	0.7663	0.8062	0.8334	0.8417	0.8948	 1.638	 1.599	 2.369	 2.346	 | 1.493 quantile
                      	 2.323	 2.345	 2.226	 1.654	 2.054	 1.788	 1.787	 1.824	 2.231	 2.538	 3.958	 3.738	 | 3.958 max

train losses    172:	0.3429	0.3486	0.3277	0.3198	0.3571	0.3661	0.3659	0.3678	0.5463	0.5479	0.5994	0.6052	
val losses      172:	0.2985	0.2722	0.2921	0.3023	0.3074	0.3011	0.3256	0.3437	0.6894	0.6667	0.9516	0.9458	 | 0.4747 mean
                     	 0.855	0.7759	0.7535	 0.765	0.7799	0.8189	0.8342	 0.884	 1.648	  1.61	 2.465	 2.445	 | 1.495 quantile
                      	 2.278	 2.273	 2.228	  1.66	 2.007	 1.712	 1.862	 1.917	 2.338	 2.531	 4.173	 3.962	 | 4.173 max

train losses    174:	0.3419	0.3461	0.3275	0.3196	0.3575	0.3662	0.3647	0.3671	0.5463	0.5491	0.6271	0.6342	
val losses      174:	0.3026	0.2795	0.2926	0.3022	0.3125	0.3076	0.3264	0.3443	0.6846	0.6554	0.9814	0.9729	 | 0.4802 mean
                     	0.8671	0.7864	0.7527	0.7645	0.8168	0.8194	0.8293	0.8889	 1.636	 1.596	  2.55	 2.524	 | 1.512 quantile
                      	 2.296	 2.353	 2.224	 1.648	  2.01	   1.8	 1.863	 1.867	 2.418	 2.595	  4.14	 3.903	 | 4.14 max

train losses    176:	0.3442	0.3475	0.3277	0.3201	0.3584	0.3679	0.3646	0.3682	0.5485	0.5541	 0.662	0.6671	
val losses      176:	0.3021	0.2795	0.2923	0.3021	0.3043	0.2992	0.3248	0.3426	 0.693	 0.662	  1.01	 1.001	 | 0.4844 mean
                     	0.8676	 0.798	0.7549	0.7642	0.7682	0.8036	 0.831	0.8855	 1.622	 1.605	 2.641	 2.597	 | 1.525 quantile
                      	 2.356	 2.235	  2.22	 1.665	 1.989	 1.766	 1.886	 1.934	 2.304	 2.572	 4.501	 4.276	 | 4.501 max

train losses    178:	0.3468	0.3491	0.3271	0.3197	0.3628	 0.369	0.3677	0.3705	0.5513	0.5554	0.7015	0.7074	
val losses      178:	 0.301	 0.277	0.2928	0.3025	0.3011	0.2973	0.3277	0.3455	0.6925	0.6664	 0.971	 0.965	 | 0.4783 mean
                     	0.8373	0.7657	 0.753	0.7672	 0.777	0.7944	0.8273	0.8886	 1.619	 1.627	 2.467	 2.444	 | 1.494 quantile
                      	 2.156	 2.328	 2.223	 1.664	 2.015	 1.826	 1.831	  1.89	 2.437	  2.66	  4.39	 4.092	 | 4.39 max

train losses    180:	0.3505	0.3573	0.3277	0.3195	0.3631	 0.374	0.3688	0.3709	 0.565	0.5638	0.7531	0.7607	
val losses      180:	0.3026	 0.278	0.2925	0.3028	0.3107	0.3023	0.3254	0.3428	0.6837	 0.661	 1.247	 1.243	 | 0.5243 mean
                     	0.8532	0.7825	0.7501	0.7674	0.8021	0.8045	0.8368	0.8826	 1.665	 1.594	 3.209	  3.11	 | 1.742 quantile
                      	 2.264	 2.148	 2.218	 1.697	 1.982	 1.851	  1.85	 1.844	 2.392	 2.632	 4.973	 4.865	 | 4.973 max

train losses    182:	0.3761	0.3777	0.3304	0.3227	0.4007	 0.411	 0.385	0.3888	0.6258	0.6125	 1.346	 1.352	
val losses      182:	 0.313	0.2889	0.2942	0.3044	0.3189	  0.31	0.3604	0.3699	0.7326	0.6896	 2.207	 2.219	 | 0.7007 mean
                     	0.8875	0.7804	0.7516	 0.771	0.8371	0.8049	0.8796	0.9261	  1.81	 1.743	 4.934	 4.911	 | 2.759 quantile
                      	 2.454	 2.441	 2.236	 1.675	 1.783	 1.752	  2.01	 2.047	 2.602	 2.903	 6.594	 6.779	 | 6.779 max

train losses    184:	0.4824	0.4887	0.3371	0.3301	0.5253	0.5413	 0.448	0.4535	0.8802	0.8775	 1.553	 1.561	
val losses      184:	0.4015	0.3713	0.2962	0.3056	 0.415	0.4175	0.3801	 0.397	0.7771	0.7687	  2.41	 2.388	 | 0.7774 mean
                     	  1.06	0.9654	0.7584	0.7785	 1.112	 1.099	0.9679	  1.04	  1.92	 1.905	 4.578	 4.555	 | 2.996 quantile
                      	 2.891	  2.36	 2.237	 1.773	 2.155	 2.299	 1.979	 1.919	 2.943	 2.952	 6.266	 6.008	 | 6.266 max

train losses    186:	0.4651	 0.483	 0.335	0.3277	0.5465	0.5724	0.4529	0.4586	0.9765	0.9757	 1.247	 1.243	
val losses      186:	0.4489	0.4564	0.2969	0.3073	0.5064	0.5273	0.3751	0.4015	0.7528	0.7272	 1.101	 1.095	 | 0.583 mean
                     	 1.332	  1.34	0.7608	0.7895	 1.336	 1.383	0.9729	 1.024	 1.875	 1.926	 2.625	 2.554	 | 1.783 quantile
                      	 3.183	 3.376	 2.227	 1.667	 2.678	 2.805	  2.14	 2.122	 3.127	 3.476	 3.635	 3.789	 | 3.789 max

train losses    188:	0.4407	0.4641	0.3354	0.3285	0.5234	0.5497	0.4503	0.4543	0.9207	 0.929	 1.281	 1.283	
val losses      188:	0.4408	0.4523	0.2958	0.3069	0.4585	0.4758	0.3631	 0.391	 0.694	 0.655	 1.118	 1.118	 | 0.5641 mean
                     	 1.277	 1.333	 0.762	0.7928	 1.218	 1.267	0.9536	0.9982	 1.734	 1.636	  2.68	 2.641	 | 1.74 quantile
                      	 2.849	  3.57	 2.237	 1.672	 2.329	  2.64	 2.075	 2.093	 3.066	 3.024	 3.742	 4.301	 | 4.301 max

train losses    190:	0.4252	0.4476	0.3337	0.3263	0.4939	0.5173	0.4406	 0.445	0.8709	0.8762	 1.232	 1.235	
val losses      190:	0.4488	0.4593	0.2965	0.3066	0.4354	0.4508	0.3671	0.3976	0.7207	0.7025	 1.109	 1.103	 | 0.5665 mean
                     	 1.318	  1.34	0.7666	0.7897	 1.139	 1.204	0.9693	 1.017	 1.751	 1.784	 2.598	 2.587	 | 1.731 quantile
                      	 3.022	 3.515	 2.224	 1.728	 2.015	 2.305	 1.951	 2.155	 3.101	  3.18	 3.953	 4.397	 | 4.397 max

train losses    192:	0.4189	0.4355	0.3339	0.3257	0.4729	0.4926	0.4349	0.4395	0.8372	 0.836	  1.17	  1.17	
val losses      192:	0.4202	0.4272	0.2964	0.3067	0.4139	0.4228	0.3618	0.3911	0.7039	0.6744	 1.058	 1.054	 | 0.5442 mean
                     	 1.209	 1.239	0.7659	0.7885	 1.042	 1.105	0.9579	 1.007	 1.774	 1.747	  2.49	 2.504	 | 1.684 quantile
                      	 2.849	 2.959	 2.216	 1.736	  1.92	 2.217	 1.932	 2.091	 3.208	  3.71	  3.61	 3.845	 | 3.845 max

train losses    194:	0.4037	0.4189	0.3335	0.3252	0.4633	 0.478	0.4293	0.4344	0.7985	0.7984	 1.111	 1.114	
val losses      194:	0.3968	   0.4	0.2954	 0.306	0.4044	0.4066	0.3583	0.3854	0.6925	0.6614	  1.03	 1.029	 | 0.5305 mean
                     	 1.145	 1.156	0.7673	0.7845	 1.027	 1.058	0.9561	0.9953	 1.714	  1.69	 2.433	 2.461	 | 1.632 quantile
                      	 2.881	 2.698	 2.213	  1.69	 1.997	 2.125	 1.899	 1.997	 3.164	 3.662	 3.705	 3.945	 | 3.945 max

train losses    196:	0.3969	0.4104	0.3328	0.3249	0.4478	0.4656	0.4242	0.4295	0.7635	0.7661	  1.05	 1.054	
val losses      196:	0.3858	0.3868	0.2952	0.3057	0.3986	0.3992	0.3554	0.3816	0.6876	0.6594	 1.011	 1.017	 | 0.5236 mean
                     	 1.122	 1.108	0.7654	0.7849	 1.013	 1.053	0.9509	0.9842	 1.701	  1.67	 2.459	 2.446	 | 1.605 quantile
                      	 2.933	 2.617	 2.216	 1.644	 2.132	 2.096	 1.842	 2.011	   3.0	 3.429	 3.623	 3.858	 | 3.858 max

train losses    198:	0.3899	0.4014	0.3321	0.3243	0.4353	0.4538	0.4186	0.4231	0.7388	0.7384	 1.004	 1.009	
val losses      198:	0.3656	0.3597	0.2946	0.3053	0.3851	0.3862	0.3538	0.3794	 0.684	0.6471	 1.022	 1.032	 | 0.5179 mean
                     	 1.039	 1.037	0.7608	0.7841	0.9944	  1.03	0.9379	0.9716	 1.668	 1.626	 2.447	 2.416	 | 1.593 quantile
                      	 2.697	 2.395	 2.217	 1.649	 2.198	 2.081	 1.785	 1.993	 3.072	 3.547	  3.54	  3.69	 | 3.69 max

train losses    200:	0.3824	0.3941	0.3313	0.3237	0.4262	0.4407	 0.415	0.4197	 0.709	0.7138	 0.959	0.9663	
val losses      200:	0.3605	0.3478	0.2944	 0.305	0.3832	 0.383	0.3507	0.3761	 0.674	 0.638	 1.002	 1.011	 | 0.5105 mean
                     	  1.02	   1.0	0.7601	0.7805	0.9828	  1.01	0.9317	0.9615	 1.639	 1.567	 2.448	 2.418	 | 1.566 quantile
                      	 2.585	 2.195	 2.216	 1.651	 2.229	 2.005	 1.739	 1.937	 2.782	 3.218	 3.447	 3.604	 | 3.604 max

train losses    202:	0.3798	0.3862	0.3314	0.3234	0.4157	0.4315	0.4099	 0.414	0.6895	0.6897	0.9204	0.9271	
val losses      202:	0.3491	0.3311	0.2942	0.3049	0.3755	0.3759	0.3489	0.3738	0.6764	0.6381	 1.006	 1.014	 | 0.5073 mean
                     	0.9881	0.9416	 0.759	0.7797	0.9645	 1.009	0.9223	0.9539	 1.639	 1.544	 2.432	 2.411	 | 1.567 quantile
                      	 2.623	 2.153	 2.215	 1.657	 2.243	  1.97	 1.749	 1.919	 3.033	 3.188	 3.474	 3.462	 | 3.474 max

train losses    204:	0.3753	  0.38	0.3309	0.3231	0.4113	0.4241	0.4046	0.4093	0.6703	 0.674	0.8905	0.8976	
val losses      204:	0.3421	0.3202	0.2942	0.3045	0.3695	0.3697	0.3466	 0.371	 0.684	0.6449	0.9916	0.9971	 | 0.5029 mean
                     	0.9794	0.9169	0.7598	0.7773	0.9478	 1.001	0.9094	0.9546	  1.62	 1.519	 2.427	 2.394	 | 1.546 quantile
                      	  2.53	 2.145	 2.215	 1.664	 2.197	  1.95	 1.786	 1.917	 2.934	 3.099	 3.574	  3.44	 | 3.574 max

train losses    206:	0.3708	0.3751	0.3302	0.3223	0.4074	0.4185	0.4013	0.4057	0.6569	0.6562	0.8585	0.8657	
val losses      206:	0.3302	0.3061	 0.294	0.3042	0.3645	0.3629	0.3452	0.3691	0.6705	 0.636	0.9875	0.9913	 | 0.4968 mean
                     	0.9503	0.8704	0.7602	0.7763	0.9291	0.9736	0.9109	0.9486	 1.619	 1.519	 2.386	 2.356	 | 1.535 quantile
                      	 2.479	 2.013	 2.211	 1.687	 2.206	 1.935	 1.806	 1.889	 2.512	 2.872	 3.526	 3.374	 | 3.526 max

train losses    208:	0.3663	0.3746	0.3295	0.3218	0.4003	 0.415	0.3978	0.4021	0.6402	0.6413	0.8256	0.8341	
val losses      208:	0.3227	0.2993	0.2938	0.3039	 0.358	0.3524	0.3418	0.3645	0.6744	0.6381	0.9936	0.9979	 | 0.495 mean
                     	0.9166	 0.846	 0.759	0.7766	0.9097	0.9453	0.8995	0.9463	 1.639	 1.536	 2.386	 2.344	 | 1.545 quantile
                      	 2.368	 2.117	 2.207	 1.704	 2.174	 1.923	 1.828	  1.86	 2.526	  2.95	 3.736	 3.499	 | 3.736 max

train losses    210:	 0.365	0.3684	0.3295	0.3219	0.3953	0.4083	0.3941	0.3971	0.6314	 0.633	0.7981	 0.806	
val losses      210:	0.3209	0.2948	0.2937	0.3038	0.3503	0.3429	0.3399	0.3614	0.6752	0.6356	0.9879	0.9894	 | 0.4913 mean
                     	 0.912	0.8283	0.7583	 0.775	0.8981	0.9119	0.8883	0.9344	 1.644	 1.554	 2.363	  2.32	 | 1.546 quantile
                      	  2.49	 2.125	 2.204	 1.713	 2.212	 1.929	 1.805	 1.831	 2.556	 3.049	 3.801	 3.658	 | 3.801 max

train losses    212:	0.3633	0.3678	0.3287	0.3214	0.3934	0.4082	0.3915	0.3961	0.6195	0.6246	0.7745	0.7824	
val losses      212:	0.3196	0.2944	0.2932	0.3035	0.3491	0.3417	0.3384	0.3599	0.6772	0.6351	0.9933	 0.993	 | 0.4915 mean
                     	0.9094	0.8268	0.7567	 0.774	0.8982	0.9071	0.8845	0.9335	 1.667	 1.575	 2.363	 2.329	 | 1.557 quantile
                      	 2.682	 2.263	 2.206	 1.705	 2.135	 1.944	 1.799	 1.823	 2.676	  2.95	 3.774	 3.657	 | 3.774 max

train losses    214:	0.3604	0.3647	0.3289	0.3209	0.3864	0.4003	0.3874	0.3912	0.6102	0.6151	0.7543	0.7619	
val losses      214:	0.3188	0.2946	0.2927	0.3028	0.3467	0.3407	 0.335	0.3564	0.6801	0.6393	0.9922	0.9918	 | 0.4909 mean
                     	0.8988	0.8322	0.7522	0.7706	0.8922	0.9047	 0.884	0.9287	 1.661	 1.584	 2.357	 2.319	 | 1.559 quantile
                      	 2.435	 2.232	 2.209	 1.684	 2.094	 1.924	 1.797	  1.82	 2.493	 2.974	 3.928	 3.744	 | 3.928 max

train losses    216:	0.3576	0.3636	0.3284	 0.321	 0.381	0.3946	0.3847	0.3889	0.6054	0.6052	0.7335	 0.742	
val losses      216:	0.3158	0.2919	0.2925	0.3027	0.3469	 0.338	 0.332	0.3533	0.6819	0.6443	0.9915	0.9892	 | 0.49 mean
                     	0.8972	0.8259	0.7543	0.7696	0.8823	0.8898	0.8696	 0.915	 1.658	   1.6	 2.333	 2.307	 | 1.557 quantile
                      	  2.57	 2.238	  2.21	  1.67	  2.13	 1.921	 1.788	 1.819	 2.373	 2.857	  4.02	 3.773	 | 4.02 max

train losses    218:	0.3547	0.3618	0.3283	0.3207	0.3798	0.3924	0.3835	0.3867	0.6021	0.6018	0.7144	0.7203	
val losses      218:	 0.316	0.2922	0.2924	0.3027	0.3455	0.3385	0.3309	0.3522	0.6815	0.6429	 0.985	0.9826	 | 0.4885 mean
                     	0.8983	0.8214	0.7518	0.7703	0.8863	0.8941	0.8711	0.9194	 1.658	 1.599	 2.332	 2.311	 | 1.549 quantile
                      	 2.491	 2.216	 2.213	 1.682	 2.104	 1.931	 1.836	 1.856	 2.415	 2.836	 3.988	 3.797	 | 3.988 max

train losses    220:	0.3523	0.3579	0.3278	0.3201	0.3761	 0.389	0.3806	 0.384	0.5952	0.5947	0.7037	0.7117	
val losses      220:	 0.321	0.2975	0.2925	0.3024	0.3394	0.3315	0.3297	0.3506	0.6803	0.6426	0.9816	0.9791	 | 0.4873 mean
                     	0.9025	0.8245	0.7521	0.7697	0.8772	0.8823	0.8684	0.9121	 1.678	 1.611	  2.31	 2.286	 | 1.547 quantile
                      	 2.555	  2.35	 2.213	 1.674	 1.993	 1.902	 1.859	 1.882	  2.46	 2.914	  4.02	  3.82	 | 4.02 max

train losses    222:	0.3521	0.3574	0.3272	0.3195	0.3766	0.3853	0.3771	0.3797	0.5858	0.5865	0.6864	0.6934	
val losses      222:	  0.32	0.2934	0.2922	0.3023	0.3358	0.3274	0.3285	0.3493	0.6806	0.6438	0.9761	0.9756	 | 0.4854 mean
                     	0.9082	0.8108	0.7553	0.7672	0.8713	 0.876	0.8651	0.9137	 1.657	 1.602	 2.308	 2.283	 | 1.541 quantile
                      	  2.45	 2.225	 2.205	 1.656	 1.985	  1.91	 1.853	 1.888	 2.472	 2.899	 4.076	  3.88	 | 4.076 max

train losses    224:	0.3505	0.3553	0.3274	0.3195	0.3723	0.3856	 0.377	  0.38	0.5824	0.5836	 0.673	0.6801	
val losses      224:	0.3149	 0.291	0.2918	0.3022	0.3348	0.3278	0.3269	0.3486	 0.685	0.6448	0.9739	0.9728	 | 0.4845 mean
                     	 0.896	0.8098	0.7515	0.7675	0.8686	0.8697	0.8564	0.9035	 1.681	 1.632	 2.287	 2.288	 | 1.546 quantile
                      	 2.416	 2.248	   2.2	 1.669	 2.076	 1.945	 1.835	 1.889	 2.303	 2.771	 3.979	 3.788	 | 3.979 max

train losses    226:	0.3497	0.3547	0.3269	0.3191	0.3694	0.3823	0.3738	0.3766	0.5806	0.5764	0.6566	0.6636	
val losses      226:	0.3182	0.2932	 0.292	0.3023	 0.331	0.3241	0.3271	0.3485	0.6854	0.6461	0.9711	0.9699	 | 0.4841 mean
                     	0.8953	0.8211	0.7496	0.7672	0.8626	0.8644	 0.857	0.8985	 1.684	 1.626	 2.284	 2.278	 | 1.538 quantile
                      	 2.347	   2.2	 2.201	 1.666	 2.013	 1.928	 1.844	 1.889	 2.447	  3.02	 4.093	 3.901	 | 4.093 max

train losses    228:	0.3489	0.3537	0.3268	0.3185	0.3672	0.3796	0.3718	0.3744	0.5764	 0.578	0.6486	0.6564	
val losses      228:	0.3163	0.2908	 0.292	0.3022	0.3323	0.3263	0.3266	0.3478	0.6806	0.6441	0.9665	0.9647	 | 0.4825 mean
                     	0.8918	0.8125	0.7517	 0.764	  0.86	0.8513	0.8538	0.9029	 1.697	 1.626	 2.272	 2.259	 | 1.539 quantile
                      	 2.486	 2.222	   2.2	 1.667	  1.99	 1.919	 1.836	 1.851	 2.384	 2.778	 3.979	 3.779	 | 3.979 max

train losses    230:	0.3452	 0.351	0.3269	0.3191	0.3671	  0.38	0.3682	0.3717	0.5708	0.5717	0.6386	0.6446	
val losses      230:	0.3114	0.2886	 0.292	0.3021	0.3281	 0.323	0.3251	 0.346	0.6886	0.6485	0.9656	0.9628	 | 0.4818 mean
                     	 0.876	0.8092	0.7521	0.7626	0.8578	0.8598	0.8488	0.8949	  1.69	 1.634	 2.297	 2.274	 | 1.535 quantile
                      	  2.43	 2.207	 2.201	 1.681	  1.98	  1.91	 1.844	 1.867	 2.394	 2.818	  4.04	 3.831	 | 4.04 max

train losses    232:	0.3438	0.3508	 0.327	0.3192	0.3628	 0.375	0.3686	0.3714	0.5645	0.5653	0.6326	0.6378	
val losses      232:	0.3117	0.2878	0.2921	0.3022	0.3225	 0.316	0.3261	0.3466	0.6851	0.6526	 0.965	0.9626	 | 0.4809 mean
                     	0.8833	0.8105	0.7499	0.7631	0.8505	0.8472	0.8442	0.8876	  1.69	 1.637	 2.273	  2.26	 | 1.535 quantile
                      	 2.436	  2.27	 2.199	 1.677	 1.896	 1.857	 1.854	 1.872	 2.435	 2.742	 4.044	 3.808	 | 4.044 max

train losses    234:	0.3455	0.3514	0.3267	0.3187	0.3618	0.3739	0.3684	0.3713	0.5623	0.5627	0.6216	0.6279	
val losses      234:	0.3107	0.2885	 0.292	0.3022	0.3188	0.3145	0.3267	0.3476	0.6873	0.6515	0.9632	0.9609	 | 0.4803 mean
                     	0.8825	0.8075	0.7496	0.7675	0.8281	0.8345	0.8436	0.8954	 1.679	 1.617	 2.257	 2.252	 | 1.527 quantile
                      	 2.259	 2.162	 2.197	 1.675	 1.858	 1.819	 1.881	 1.906	 2.512	 2.896	   4.1	  3.89	 | 4.1 max

train losses    236:	0.3439	0.3494	0.3261	 0.318	0.3619	0.3741	0.3676	0.3688	0.5583	0.5585	0.6136	0.6194	
val losses      236:	0.3093	0.2857	0.2919	 0.302	 0.325	0.3203	0.3252	0.3455	0.6835	0.6463	0.9581	0.9564	 | 0.4791 mean
                     	  0.88	0.8003	0.7513	0.7665	0.8521	0.8454	 0.845	0.8931	 1.681	 1.632	 2.292	 2.264	 | 1.525 quantile
                      	 2.392	 2.224	 2.199	 1.661	 1.979	 1.858	  1.88	 1.906	 2.444	 2.859	 4.338	 4.123	 | 4.338 max

train losses    238:	0.3439	0.3513	0.3262	0.3181	0.3589	0.3712	0.3656	0.3689	0.5571	0.5566	0.6075	 0.613	
val losses      238:	0.3089	0.2853	0.2918	0.3017	0.3281	0.3217	0.3238	0.3437	0.6818	0.6485	0.9561	0.9536	 | 0.4788 mean
                     	0.8809	0.8099	  0.75	0.7667	0.8517	0.8504	0.8399	0.8805	 1.655	 1.616	 2.293	 2.268	 | 1.523 quantile
                      	 2.578	 2.339	 2.209	 1.666	 1.969	 1.894	 1.867	  1.92	 2.337	 2.814	 4.126	  3.92	 | 4.126 max

train losses    240:	0.3423	0.3473	0.3261	0.3182	  0.36	0.3704	0.3628	0.3654	0.5505	0.5543	0.6001	0.6078	
val losses      240:	0.3087	0.2851	 0.292	0.3016	0.3206	0.3127	0.3251	0.3433	0.6849	0.6524	0.9542	0.9524	 | 0.4777 mean
                     	0.8776	0.8116	0.7487	 0.765	0.8368	 0.832	0.8359	 0.881	 1.682	 1.635	 2.286	 2.264	 | 1.524 quantile
                      	 2.346	 2.183	 2.208	 1.684	 1.875	 1.806	 1.832	  1.87	  2.38	 2.814	 4.184	 3.971	 | 4.184 max

train losses    242:	0.3426	0.3481	0.3261	0.3178	0.3561	0.3683	0.3632	0.3655	0.5511	 0.554	0.5969	0.6006	
val losses      242:	0.3083	0.2854	0.2917	0.3018	0.3193	0.3103	0.3264	0.3449	0.6853	0.6495	0.9558	0.9531	 | 0.4777 mean
                     	0.8816	0.8061	0.7468	0.7653	0.8248	 0.826	0.8389	0.8901	 1.682	 1.639	  2.26	 2.254	 | 1.528 quantile
                      	 2.416	 2.184	 2.204	 1.692	 1.907	 1.895	 1.804	 1.862	  2.47	 2.867	   4.1	 3.889	 | 4.1 max

train losses    244:	0.3411	0.3449	0.3263	0.3176	 0.356	0.3682	0.3631	0.3654	0.5492	0.5499	0.5914	0.5956	
val losses      244:	0.3111	0.2868	0.2916	0.3014	0.3223	0.3139	0.3256	0.3447	0.6849	0.6504	0.9536	0.9506	 | 0.4781 mean
                     	0.8877	0.8096	0.7484	0.7627	0.8356	0.8277	0.8354	0.8866	 1.681	 1.641	 2.254	 2.229	 | 1.524 quantile
                      	 2.491	 2.231	 2.201	 1.669	 1.873	 1.826	 1.794	 1.854	  2.46	 2.906	 4.109	 3.897	 | 4.109 max

train losses    246:	0.3431	0.3459	0.3258	0.3179	0.3549	0.3684	0.3599	0.3634	0.5496	0.5512	0.5857	 0.591	
val losses      246:	0.3113	0.2903	 0.292	0.3018	0.3159	 0.311	0.3261	0.3449	0.6834	0.6483	 0.948	0.9466	 | 0.4766 mean
                     	0.8913	0.8277	0.7512	0.7625	0.8249	0.8309	0.8332	0.8878	 1.667	  1.62	 2.263	 2.235	 | 1.519 quantile
                      	 2.436	 2.272	 2.204	 1.675	 1.917	  1.81	 1.829	 1.887	 2.355	 2.739	 4.163	 3.959	 | 4.163 max

train losses    248:	0.3398	0.3458	0.3256	0.3174	0.3551	0.3662	0.3597	0.3617	0.5442	0.5485	  0.58	0.5859	
val losses      248:	 0.307	0.2857	0.2914	0.3015	0.3183	0.3105	 0.325	0.3436	0.6833	 0.645	0.9497	 0.947	 | 0.4757 mean
                     	0.8782	0.8057	 0.748	0.7634	0.8217	0.8227	0.8346	0.8766	 1.653	 1.618	 2.255	 2.234	 | 1.515 quantile
                      	 2.259	 2.179	 2.203	 1.666	 1.897	  1.84	 1.813	 1.842	  2.29	 2.762	  4.19	 4.007	 | 4.19 max

train losses    250:	0.3415	0.3458	0.3261	 0.318	0.3536	0.3637	0.3589	0.3608	0.5427	0.5434	 0.577	0.5816	
val losses      250:	0.3111	0.2886	0.2916	0.3016	0.3136	0.3086	0.3247	0.3435	 0.679	 0.641	0.9514	0.9481	 | 0.4753 mean
                     	0.8866	0.8106	  0.75	 0.763	 0.816	0.8195	0.8324	0.8881	 1.664	 1.622	 2.228	 2.212	 | 1.515 quantile
                      	  2.47	 2.304	 2.195	 1.651	 1.891	  1.91	 1.857	 1.913	  2.36	  2.74	 4.074	  3.87	 | 4.074 max

train losses    252:	0.3393	0.3468	0.3255	0.3175	0.3557	0.3645	0.3583	0.3601	0.5408	 0.543	0.5683	0.5731	
val losses      252:	0.3069	0.2863	0.2918	0.3017	0.3187	0.3112	0.3259	0.3452	0.6823	0.6462	0.9504	0.9463	 | 0.4761 mean
                     	0.8816	0.8085	0.7472	0.7656	0.8207	0.8264	0.8362	0.8859	 1.672	  1.62	 2.249	 2.212	 | 1.519 quantile
                      	 2.362	 2.308	 2.193	 1.664	 1.902	 1.806	 1.817	 1.871	 2.347	 2.767	 4.023	 3.815	 | 4.023 max

train losses    254:	0.3376	0.3426	0.3254	0.3171	0.3522	0.3626	0.3576	0.3599	0.5431	0.5457	0.5707	0.5751	
val losses      254:	0.3048	0.2834	0.2918	0.3018	0.3129	0.3052	0.3252	0.3438	0.6861	0.6509	0.9445	0.9419	 | 0.4744 mean
                     	0.8661	0.8025	 0.749	0.7607	0.8015	0.8144	0.8291	0.8839	 1.667	 1.606	 2.237	 2.213	 | 1.512 quantile
                      	 2.405	 2.304	 2.194	 1.662	 1.802	  1.74	 1.788	 1.847	 2.265	 2.708	 4.078	 3.822	 | 4.078 max

train losses    256:	0.3412	0.3448	0.3252	0.3173	0.3513	0.3629	0.3548	0.3574	0.5351	0.5396	0.5655	0.5713	
val losses      256:	0.3115	0.2891	0.2916	0.3018	0.3166	0.3093	0.3242	0.3434	0.6826	0.6449	0.9472	0.9441	 | 0.4755 mean
                     	 0.885	0.8133	0.7481	0.7625	0.8128	0.8153	0.8368	 0.889	 1.655	 1.616	 2.275	 2.234	 | 1.511 quantile
                      	 2.462	 2.277	 2.195	 1.658	 1.832	 1.837	 1.853	 1.895	 2.302	 2.687	 4.027	 3.772	 | 4.027 max

train losses    258:	0.3394	0.3441	0.3254	0.3173	0.3534	0.3622	0.3556	0.3582	0.5359	0.5369	0.5634	0.5661	
val losses      258:	0.3045	0.2842	0.2917	0.3016	0.3135	0.3068	0.3237	0.3426	0.6831	0.6443	0.9507	0.9475	 | 0.4745 mean
                     	0.8621	0.7997	0.7484	0.7612	 0.806	 0.806	0.8334	0.8846	  1.64	 1.612	 2.247	 2.217	 | 1.508 quantile
                      	 2.491	 2.314	 2.195	 1.664	 1.802	 1.796	 1.871	 1.928	 2.293	 2.731	 4.029	 3.816	 | 4.029 max

train losses    260:	0.3364	0.3425	0.3249	0.3167	0.3505	0.3607	0.3563	0.3576	 0.537	0.5379	0.5582	0.5646	
val losses      260:	0.3059	0.2841	0.2916	0.3018	0.3143	0.3066	 0.323	0.3423	0.6831	0.6504	0.9444	 0.941	 | 0.4741 mean
                     	0.8745	0.8031	0.7484	0.7642	0.8086	0.8074	0.8284	0.8909	 1.667	 1.614	 2.252	 2.217	 | 1.505 quantile
                      	 2.398	 2.224	 2.199	 1.663	 1.777	 1.796	 1.833	 1.872	 2.228	 2.741	 4.168	 3.978	 | 4.168 max

train losses    262:	0.3383	 0.344	 0.325	 0.317	0.3482	0.3613	0.3524	0.3553	 0.535	0.5351	0.5546	0.5615	
val losses      262:	  0.31	0.2879	0.2916	0.3018	0.3129	0.3041	 0.324	0.3426	0.6837	0.6486	0.9425	  0.94	 | 0.4741 mean
                     	  0.88	0.8217	0.7485	0.7633	0.8139	0.8015	0.8286	0.8897	 1.663	 1.619	 2.256	 2.207	 | 1.507 quantile
                      	 2.375	 2.371	 2.199	 1.651	 1.781	 1.769	 1.793	 1.851	   2.3	 2.797	 3.869	 3.658	 | 3.869 max

train losses    264:	0.3371	0.3419	0.3257	0.3169	0.3479	0.3603	0.3538	0.3559	 0.536	0.5377	0.5548	 0.559	
val losses      264:	0.3043	0.2834	0.2913	0.3014	0.3146	0.3067	0.3234	 0.342	0.6824	0.6412	0.9393	 0.937	 | 0.4723 mean
                     	0.8662	0.8043	0.7453	0.7618	0.8106	0.8065	0.8293	0.8857	 1.665	  1.66	 2.242	 2.219	 | 1.512 quantile
                      	 2.286	 2.275	 2.195	 1.666	  1.88	 1.794	  1.84	 1.881	 2.341	 2.716	 3.928	 3.716	 | 3.928 max

train losses    266:	0.3396	0.3422	0.3254	0.3173	 0.352	0.3608	0.3547	0.3562	0.5332	0.5344	 0.552	0.5567	
val losses      266:	0.3073	0.2859	0.2914	0.3016	0.3122	0.3056	0.3229	0.3408	0.6857	0.6462	0.9381	0.9373	 | 0.4729 mean
                     	0.8744	 0.811	0.7464	0.7647	 0.817	0.8068	0.8318	0.8883	 1.658	 1.636	 2.261	 2.225	 | 1.507 quantile
                      	 2.307	 2.239	 2.205	 1.669	 1.809	 1.797	 1.803	 1.833	 2.349	 2.754	  4.05	 3.842	 | 4.05 max

train losses    268:	 0.339	0.3425	0.3248	0.3163	0.3482	0.3607	0.3519	0.3539	0.5328	0.5345	0.5516	0.5543	
val losses      268:	0.3052	0.2834	0.2913	0.3011	0.3076	0.2984	0.3219	0.3399	0.6889	0.6534	 0.937	0.9354	 | 0.472 mean
                     	0.8816	0.8045	0.7434	0.7611	0.7993	0.7892	0.8218	0.8799	 1.662	 1.651	 2.231	 2.196	 | 1.509 quantile
                      	 2.384	 2.262	 2.203	 1.663	 1.806	 1.691	 1.846	 1.879	 2.465	 2.833	 4.011	 3.801	 | 4.011 max

train losses    270:	 0.338	0.3409	0.3249	0.3162	0.3486	0.3604	0.3523	0.3543	0.5312	0.5323	0.5448	0.5511	
val losses      270:	0.3078	0.2855	0.2916	0.3017	0.3085	0.3048	0.3237	0.3423	0.6815	0.6487	0.9409	0.9393	 | 0.473 mean
                     	0.8865	0.8141	 0.744	0.7612	0.8034	0.8019	0.8322	0.8886	 1.664	 1.633	 2.222	 2.198	 | 1.508 quantile
                      	   2.3	 2.315	 2.198	  1.68	 1.799	 1.762	 1.828	 1.882	 2.354	 2.662	 3.895	 3.694	 | 3.895 max

train losses    272:	0.3392	0.3418	 0.325	0.3166	0.3485	0.3584	0.3503	 0.353	0.5283	0.5309	0.5421	0.5451	
val losses      272:	 0.308	0.2874	0.2917	0.3017	0.3115	 0.307	0.3233	0.3425	0.6829	0.6443	0.9357	0.9344	 | 0.4725 mean
                     	0.8737	0.8213	0.7455	 0.764	0.8036	0.8081	0.8299	0.8873	 1.648	 1.627	 2.249	   2.2	 | 1.499 quantile
                      	 2.368	 2.337	 2.203	 1.687	 1.822	 1.771	 1.795	 1.852	 2.376	 2.726	 3.957	 3.714	 | 3.957 max

train losses    274:	 0.338	0.3428	0.3247	0.3165	0.3464	0.3583	0.3513	0.3543	0.5284	0.5292	0.5479	0.5516	
val losses      274:	0.3113	0.2855	0.2915	0.3015	  0.31	 0.301	0.3234	0.3422	0.6806	0.6461	0.9378	0.9346	 | 0.4721 mean
                     	0.8958	0.8189	 0.745	0.7609	0.7944	0.7922	0.8248	0.8881	 1.643	 1.643	  2.21	 2.187	 | 1.5 quantile
                      	 2.345	 2.157	 2.205	 1.663	 1.797	 1.638	 1.821	 1.848	 2.377	 2.707	 3.801	 3.585	 | 3.801 max

train losses    276:	0.3372	0.3425	0.3248	0.3162	0.3458	0.3572	0.3498	0.3523	0.5296	0.5333	0.5378	0.5427	
val losses      276:	0.3043	0.2812	0.2914	0.3013	0.3064	0.2989	0.3227	0.3399	0.6888	0.6526	0.9351	0.9333	 | 0.4713 mean
                     	0.8667	0.7895	0.7422	0.7605	0.7924	0.7843	0.8234	0.8785	 1.643	 1.641	 2.256	 2.212	 | 1.501 quantile
                      	 2.351	 2.219	   2.2	 1.669	  1.77	 1.684	 1.783	 1.819	 2.456	 2.628	   4.1	 3.901	 | 4.1 max

train losses    278:	0.3365	0.3393	0.3251	0.3167	0.3485	 0.358	0.3504	0.3508	0.5261	0.5251	0.5387	0.5433	
val losses      278:	0.3067	0.2866	0.2915	0.3016	0.3099	0.3041	0.3226	0.3401	0.6845	0.6434	0.9291	0.9277	 | 0.4706 mean
                     	0.8733	0.8194	0.7452	0.7629	0.7946	0.7947	0.8237	  0.88	 1.625	 1.625	 2.241	 2.212	 | 1.495 quantile
                      	 2.405	 2.178	 2.203	 1.682	 1.789	 1.784	 1.773	 1.817	 2.406	 2.842	 3.928	 3.726	 | 3.928 max

train losses    280:	0.3357	0.3402	0.3247	0.3164	0.3471	0.3563	0.3491	0.3513	0.5238	0.5247	0.5364	0.5407	
val losses      280:	0.3053	 0.283	0.2914	0.3016	0.3078	0.3005	0.3226	0.3403	0.6799	 0.646	0.9332	0.9305	 | 0.4702 mean
                     	 0.867	0.8032	0.7457	 0.763	0.7904	0.7965	0.8223	 0.886	 1.652	 1.621	 2.243	 2.213	 | 1.497 quantile
                      	  2.43	 2.313	 2.195	 1.676	 1.773	 1.755	 1.841	 1.875	 2.391	 2.629	 3.967	 3.773	 | 3.967 max

train losses    282:	 0.335	0.3411	0.3246	0.3164	0.3459	0.3562	0.3488	0.3502	0.5237	0.5264	0.5351	0.5387	
val losses      282:	0.3074	0.2819	0.2914	0.3012	0.3063	0.2982	0.3233	0.3412	0.6852	 0.654	0.9338	0.9321	 | 0.4713 mean
                     	0.8802	0.7971	0.7446	0.7605	0.7889	0.7871	0.8266	0.8891	 1.651	 1.631	 2.248	 2.201	 | 1.491 quantile
                      	 2.339	 2.174	 2.198	 1.668	 1.758	 1.789	 1.835	 1.869	 2.348	 2.634	 3.995	 3.791	 | 3.995 max

train losses    284:	0.3355	0.3418	0.3246	 0.316	0.3449	 0.357	0.3462	0.3477	0.5226	0.5267	0.5334	0.5372	
val losses      284:	0.3128	0.2927	0.2916	0.3017	0.3104	0.3009	0.3236	0.3422	0.6787	0.6444	0.9351	0.9341	 | 0.4723 mean
                     	0.9011	 0.835	0.7447	0.7635	0.7921	0.7981	0.8335	0.8867	 1.656	 1.629	 2.204	 2.183	 | 1.498 quantile
                      	 2.501	 2.328	 2.201	 1.665	 1.801	 1.676	 1.837	 1.878	 2.225	 2.666	 3.861	 3.659	 | 3.861 max

train losses    286:	0.3342	0.3386	0.3244	0.3158	0.3441	0.3579	0.3483	0.3506	0.5246	0.5268	0.5312	0.5345	
val losses      286:	0.3053	0.2857	0.2917	0.3016	0.3024	0.2954	0.3232	0.3407	0.6848	 0.649	0.9323	0.9299	 | 0.4702 mean
                     	0.8629	0.8152	0.7475	0.7645	0.7739	0.7781	0.8315	0.8861	 1.661	 1.643	 2.209	 2.191	 | 1.503 quantile
                      	 2.436	 2.307	   2.2	 1.672	 1.751	 1.742	 1.808	 1.863	 2.271	 2.722	 3.887	 3.655	 | 3.887 max

train losses    288:	0.3352	0.3396	0.3243	0.3158	0.3454	0.3553	0.3454	0.3488	0.5199	0.5237	0.5268	0.5305	
val losses      288:	0.3033	0.2827	0.2915	0.3013	 0.307	0.2988	0.3231	0.3412	0.6791	0.6461	0.9301	 0.926	 | 0.4692 mean
                     	0.8732	0.8106	0.7431	0.7638	 0.786	 0.784	0.8316	0.8871	  1.64	  1.62	 2.217	 2.191	 | 1.487 quantile
                      	 2.401	 2.248	   2.2	 1.658	 1.794	 1.727	 1.821	 1.875	  2.33	 2.685	 3.835	 3.596	 | 3.835 max

train losses    290:	 0.334	0.3399	0.3245	0.3166	0.3418	0.3557	0.3472	 0.349	0.5189	0.5246	0.5313	0.5343	
val losses      290:	0.3056	0.2825	0.2914	0.3013	0.3056	0.2983	0.3218	0.3398	0.6781	0.6407	0.9304	0.9271	 | 0.4686 mean
                     	0.8768	0.8084	0.7411	0.7642	0.7901	0.7869	0.8243	0.8896	 1.644	  1.62	 2.204	 2.177	 | 1.485 quantile
                      	 2.417	 2.349	 2.198	 1.672	 1.729	 1.673	 1.809	 1.865	 2.241	 2.636	 4.031	 3.771	 | 4.031 max

train losses    292:	0.3346	 0.339	0.3247	0.3162	0.3457	0.3561	0.3461	0.3472	0.5196	0.5209	0.5255	0.5312	
val losses      292:	0.3034	 0.283	0.2912	0.3014	0.3048	0.2992	 0.323	0.3416	0.6811	0.6459	0.9369	0.9332	 | 0.4704 mean
                     	0.8647	0.8133	0.7444	0.7631	0.7882	0.7927	0.8266	0.8874	 1.652	 1.643	 2.182	 2.173	 | 1.497 quantile
                      	 2.441	 2.287	   2.2	  1.69	 1.746	 1.728	 1.805	 1.862	 2.268	 2.685	 3.903	 3.693	 | 3.903 max

train losses    294:	0.3344	0.3386	0.3242	0.3158	0.3456	0.3539	0.3451	0.3461	0.5186	0.5198	0.5242	0.5309	
val losses      294:	0.3043	0.2825	0.2914	0.3015	0.3078	 0.299	0.3218	  0.34	0.6824	0.6494	0.9339	0.9308	 | 0.4704 mean
                     	0.8582	0.8004	0.7431	0.7622	  0.79	0.7845	0.8246	0.8836	 1.654	 1.629	 2.246	 2.211	 | 1.487 quantile
                      	 2.393	 2.214	 2.203	 1.668	 1.736	 1.666	 1.807	 1.841	 2.311	 2.853	 4.037	 3.813	 | 4.037 max

train losses    296:	0.3368	0.3406	 0.324	0.3158	0.3432	0.3559	0.3448	0.3471	0.5204	0.5233	0.5264	0.5303	
val losses      296:	0.3057	0.2833	0.2914	0.3014	0.3039	0.2953	0.3232	0.3415	0.6793	0.6435	0.9313	0.9284	 | 0.469 mean
                     	 0.869	0.8028	0.7422	0.7615	0.7812	0.7906	0.8263	0.8888	 1.619	 1.608	 2.207	 2.192	 | 1.486 quantile
                      	 2.402	 2.359	 2.191	 1.688	 1.742	  1.68	 1.827	 1.835	  2.32	 2.701	 3.889	 3.648	 | 3.889 max

train losses    298:	0.3357	 0.338	0.3236	0.3152	0.3434	 0.353	0.3423	0.3455	0.5171	0.5202	0.5244	0.5258	
val losses      298:	0.3031	0.2813	0.2917	0.3017	0.3048	0.2996	0.3239	0.3415	0.6799	0.6481	0.9306	0.9279	 | 0.4695 mean
                     	0.8711	 0.799	0.7434	0.7609	0.7922	0.7924	0.8275	 0.894	 1.631	 1.606	 2.206	 2.173	 | 1.492 quantile
                      	 2.492	 2.342	 2.189	 1.678	 1.733	 1.622	 1.812	 1.866	  2.48	 2.705	 3.979	 3.748	 | 3.979 max

